                                                          SURVEY OF INDIA
                                                    MARINE GEODESY WING (G&RB)
                                                     HOURLY HEIGHTS IN METRES
  NAME OF PORT:- NAGAPATTINAM                                                                       MONTH JANUARY   YEAR 2017
 ----------------------------------------------------------------------------------------------------------------------------
 DAYS 0000 0001 0002 0003 0004 0005 0006 0007 0008 0009 0010 0011 0012 0013 0014 0015 0016 0017 0018 0019 0020 0021 0022 0023
 ----------------------------------------------------------------------------------------------------------------------------
  1   0.57 0.54 0.39 0.18 0.10 0.12 0.20 0.33 0.48 0.60 0.67 0.67 0.60 0.45 0.30 0.16 0.05 0.01 0.07 0.24 0.44 0.62 0.77 0.83
  2   0.78 0.62 0.46 0.28 0.15 0.08 0.12 0.22 0.36 0.50 0.63 0.67 0.59 0.44 0.29 0.14 0.06 0.05 0.14 0.31 0.48 0.64 0.78 0.84
  3   0.82 0.70 0.53 0.35 0.20 0.12 0.10 0.17 0.30 0.45 0.58 0.65 0.65 0.58 0.44 0.30 0.18 0.12 0.16 0.28 0.42 0.57 0.72 0.83
  4   0.88 0.83 0.71 0.54 0.38 0.25 0.17 0.18 0.27 0.41 0.56 0.68 0.76 0.77 0.68 0.54 0.41 0.31 0.25 0.27 0.37 0.50 0.65 0.79
  5   0.88 0.90 0.84 0.72 0.56 0.42 0.29 0.22 0.24 0.36 0.52 0.67 0.78 0.84 0.84 0.78 0.68 0.57 0.48 0.42 0.41 0.48 0.59 0.73
  6   0.86 0.92 0.92 0.85 0.72 0.58 0.43 0.32 0.27 0.30 0.38 0.49 0.61 0.73 0.82 0.84 0.80 0.72 0.63 0.54 0.47 0.45 0.50 0.60
  7   0.72 0.82 0.88 0.88 0.82 0.72 0.58 0.45 0.34 0.28 0.28 0.34 0.47 0.61 0.73 0.82 0.86 0.85 0.79 0.69 0.59 0.50 0.44 0.44
  8   0.52 0.65 0.76 0.83 0.86 0.84 0.75 0.61 0.47 0.36 0.27 0.24 0.28 0.40 0.58 0.74 0.87 0.93 0.93 0.87 0.76 0.63 0.51 0.42
  9   0.40 0.46 0.57 0.69 0.80 0.85 0.82 0.72 0.59 0.44 0.30 0.21 0.20 0.28 0.43 0.60 0.77 0.90 0.96 0.93 0.82 0.68 0.54 0.42
 10   0.35 0.35 0.42 0.55 0.68 0.78 0.83 0.80 0.69 0.55 0.39 0.24 0.14 0.14 0.25 0.44 0.66 0.85 0.98 1.03 0.98 0.85 0.67 0.47
 11   0.31 0.22 0.22 0.34 0.51 0.67 0.80 0.86 0.82 0.69 0.51 0.33 0.16 0.09 0.12 0.25 0.45 0.67 0.86 1.00 1.05 0.98 0.83 0.63
 12   0.40 0.25 0.17 0.22 0.35 0.51 0.67 0.80 0.86 0.82 0.68 0.50 0.31 0.16 0.09 0.14 0.32 0.52 0.74 0.91 1.02 1.05 0.96 0.79
 13   0.56 0.33 0.18 0.14 0.21 0.36 0.54 0.71 0.83 0.86 0.72 0.34 0.12 0.06 0.11 0.25 0.47 0.70 0.88 1.00 1.04 0.95 0.76 0.54
 14
 15
 16
 17
 18   1.04 0.96 0.83 0.69 0.54 0.40 0.30 0.30 0.39 0.52 0.64 0.73 0.76 0.72 0.62 0.50 0.39 0.30 0.26 0.30 0.40 0.53 0.65 0.75
 19   0.80 0.79 0.73 0.62 0.49 0.37 0.28 0.25 0.29 0.38 0.48 0.58 0.67 0.72 0.72 0.68 0.61 0.52 0.44 0.39 0.39 0.45 0.55 0.65
 20   0.73 0.76 0.75 0.70 0.61 0.50 0.40 0.31 0.26 0.28 0.36 0.47 0.58 0.67 0.72 0.73 0.71 0.65 0.58 0.52 0.48 0.48 0.52 0.59
 21   0.66 0.72 0.75 0.74 0.70 0.63 0.54 0.46 0.40 0.38 0.41 0.47 0.55 0.65 0.74 0.81 0.84 0.83 0.78 0.71 0.63 0.56 0.52 0.52
 22   0.56 0.62 0.68 0.73 0.74 0.71 0.65 0.57 0.49 0.42 0.37 0.36 0.40 0.48 0.58 0.69 0.79 0.86 0.87 0.83 0.76 0.68 0.60 0.53
 23   0.50 0.53 0.59 0.66 0.73 0.76 0.74 0.67 0.58 0.48 0.39 0.33 0.34 0.43 0.55 0.67 0.77 0.84 0.88 0.88 0.84 0.75 0.64 0.55
 24   0.50 0.51 0.56 0.62 0.69 0.75 0.78 0.77 0.71 0.61 0.51 0.42 0.37 0.38 0.45 0.56 0.68 0.80 0.89 0.92 0.89 0.81 0.70 0.57
 25   0.46 0.41 0.43 0.51 0.62 0.72 0.77 0.77 0.72 0.63 0.51 0.40 0.32 0.30 0.36 0.47 0.62 0.77 0.89 0.96 0.97 0.91 0.79 0.62
 26   0.46 0.37 0.36 0.42 0.53 0.66 0.75 0.80 0.79 0.72 0.60 0.46 0.33 0.26 0.27 0.36 0.50 0.66 0.82 0.94 0.99 0.97 0.86 0.68
 27   0.52 0.38 0.30 0.31 0.41 0.55 0.69 0.80 0.84 0.79 0.67 0.53 0.40 0.28 0.22 0.25 0.38 0.55 0.73 0.90 1.01 1.02 0.92 0.76
 28   0.56 0.36 0.22 0.19 0.28 0.43 0.58 0.72 0.80 0.82 0.76 0.60 0.43 0.28 0.18 0.17 0.25 0.42 0.61 0.79 0.94 1.04 1.04 0.90
 29   0.68 0.48 0.31 0.21 0.20 0.31 0.47 0.63 0.77 0.86 0.87 0.76 0.58 0.40 0.23 0.15 0.17 0.30 0.49 0.70 0.88 1.01 1.06 0.99
 30   0.80 0.59 0.40 0.25 0.18 0.22 0.36 0.52 0.68 0.81 0.87 0.82 0.69 0.52 0.34 0.22 0.18 0.27 0.44 0.65 0.83 0.97 1.03 0.98
 31   0.83 0.63 0.42 0.24 0.15 0.18 0.30 0.46 0.62 0.77 0.86 0.84 0.74 0.59 0.42 0.28 0.20 0.23 0.34 0.50 0.68 0.84 0.94 0.95
 ----------------------------------------------------------------------------------------------------------------------------
                                                                                               
 ----------------------------------------------------------------------------------------------------------------------------
 ----------------------------------------------------------------------------------------------------------------------------
                                                          SURVEY OF INDIA
                                                    MARINE GEODESY WING (G&RB)
                                                     HOURLY HEIGHTS IN METRES
  NAME OF PORT:- NAGAPATTINAM                                                                       MONTH FEBRUARY  YEAR 2017
 ----------------------------------------------------------------------------------------------------------------------------
 DAYS 0000 0001 0002 0003 0004 0005 0006 0007 0008 0009 0010 0011 0012 0013 0014 0015 0016 0017 0018 0019 0020 0021 0022 0023
 ----------------------------------------------------------------------------------------------------------------------------
  1   0.88 0.72 0.52 0.31 0.16 0.10 0.16 0.30 0.46 0.62 0.76 0.81 0.76 0.63 0.48 0.34 0.21 0.14 0.18 0.31 0.47 0.63 0.77 0.85
  2   0.86 0.77 0.60 0.40 0.23 0.11 0.07 0.13 0.26 0.42 0.58 0.71 0.76 0.72 0.60 0.45 0.32 0.22 0.17 0.22 0.33 0.48 0.62 0.74
  3   0.80 0.79 0.68 0.52 0.35 0.20 0.10 0.07 0.14 0.26 0.41 0.56 0.69 0.75 0.72 0.63 0.51 0.39 0.29 0.23 0.26 0.37 0.51 0.64
  4   0.76 0.80 0.76 0.65 0.51 0.37 0.24 0.15 0.13 0.19 0.31 0.44 0.57 0.68 0.74 0.74 0.66 0.54 0.41 0.31 0.26 0.29 0.36 0.46
  5   0.57 0.66 0.70 0.66 0.56 0.45 0.34 0.23 0.15 0.12 0.17 0.29 0.42 0.55 0.66 0.74 0.74 0.67 0.55 0.43 0.33 0.25 0.21 0.26
  6   0.37 0.48 0.57 0.62 0.62 0.57 0.47 0.34 0.22 0.14 0.10 0.13 0.23 0.36 0.49 0.61 0.71 0.74 0.72 0.64 0.52 0.40 0.29 0.25
  7   0.28 0.36 0.45 0.54 0.61 0.64 0.60 0.50 0.38 0.25 0.13 0.07 0.09 0.19 0.35 0.51 0.67 0.78 0.82 0.77 0.67 0.54 0.40 0.26
  8   0.17 0.17 0.26 0.39 0.52 0.63 0.68 0.65 0.56 0.42 0.27 0.13 0.06 0.07 0.18 0.36 0.56 0.74 0.83 0.83 0.75 0.63 0.48 0.32
  9   0.19 0.14 0.18 0.28 0.42 0.56 0.67 0.72 0.66 0.54 0.39 0.23 0.10 0.04 0.09 0.25 0.45 0.64 0.82 0.93 0.94 0.82 0.65 0.45
 10   0.24 0.11 0.07 0.14 0.28 0.45 0.61 0.72 0.75 0.67 0.52 0.32 0.11-0.02 0.00 0.10 0.26 0.46 0.66 0.82 0.91 0.90 0.76 0.54
 11   0.32 0.15 0.04 0.03 0.14 0.31 0.49 0.65 0.74 0.74 0.63 0.46 0.27 0.11-0.01-0.02 0.12 0.31 0.53 0.74 0.90 0.97 0.90 0.74
 12   0.52 0.30 0.12 0.01 0.03 0.16 0.35 0.53 0.68 0.75 0.73 0.62 0.43 0.24 0.07-0.02 0.02 0.16 0.38 0.59 0.79 0.91 0.93 0.83
 13   0.63 0.42 0.20 0.05 0.00 0.09 0.26 0.45 0.62 0.74 0.79 0.72 0.59 0.40 0.20 0.06 0.01 0.10 0.28 0.48 0.69 0.86 0.92 0.86
 14   0.72 0.55 0.37 0.20 0.10 0.12 0.22 0.38 0.55 0.69 0.79 0.82 0.72 0.56 0.39 0.23 0.11 0.09 0.15 0.28 0.46 0.64 0.81 0.88
 15   0.81 0.65 0.47 0.29 0.15 0.09 0.14 0.26 0.41 0.58 0.74 0.80 0.75 0.63 0.48 0.33 0.21 0.17 0.22 0.33 0.46 0.58 0.70 0.78
 16   0.77 0.68 0.53 0.37 0.22 0.14 0.13 0.21 0.34 0.48 0.62 0.72 0.76 0.72 0.61 0.47 0.32 0.22 0.20 0.28 0.40 0.53 0.66 0.76
 17   0.77 0.68 0.53 0.37 0.22 0.14 0.13 0.21 0.34 0.48 0.62 0.72 0.76 0.72 0.61 0.47 0.32 0.22 0.20 0.28 0.40 0.53 0.65 0.75
 18   0.78 0.73 0.64 0.53 0.42 0.31 0.22 0.17 0.20 0.30 0.42 0.54 0.64 0.70 0.70 0.65 0.57 0.49 0.42 0.38 0.38 0.43 0.50 0.58
 19   0.64 0.66 0.64 0.58 0.50 0.41 0.33 0.28 0.27 0.31 0.38 0.46 0.54 0.62 0.69 0.71 0.67 0.60 0.52 0.44 0.39 0.39 0.43 0.49
 20   0.56 0.63 0.67 0.65 0.59 0.50 0.41 0.34 0.30 0.29 0.32 0.38 0.46 0.56 0.64 0.68 0.67 0.63 0.57 0.51 0.45 0.40 0.38 0.39
 21   0.43 0.48 0.53 0.57 0.58 0.55 0.49 0.41 0.34 0.29 0.26 0.26 0.31 0.39 0.49 0.59 0.68 0.72 0.71 0.66 0.58 0.49 0.41 0.35
 22   0.33 0.35 0.41 0.48 0.54 0.57 0.57 0.53 0.46 0.38 0.31 0.27 0.27 0.32 0.42 0.53 0.63 0.71 0.74 0.72 0.66 0.57 0.47 0.37
 23   0.30 0.28 0.31 0.39 0.48 0.56 0.60 0.58 0.52 0.44 0.35 0.26 0.20 0.21 0.29 0.40 0.53 0.66 0.77 0.80 0.76 0.66 0.54 0.42
 24   0.30 0.23 0.24 0.32 0.43 0.54 0.64 0.68 0.64 0.54 0.41 0.28 0.17 0.12 0.17 0.29 0.44 0.62 0.77 0.87 0.89 0.82 0.67 0.51
 25   0.34 0.23 0.19 0.24 0.36 0.51 0.64 0.74 0.76 0.69 0.55 0.40 0.26 0.15 0.12 0.19 0.32 0.46 0.61 0.75 0.82 0.80 0.67 0.48
 26   0.28 0.11 0.02 0.04 0.15 0.31 0.48 0.62 0.70 0.68 0.58 0.42 0.22 0.05-0.04 0.01 0.14 0.32 0.52 0.68 0.80 0.85 0.78 0.59
 27   0.36 0.14-0.01-0.06 0.02 0.18 0.38 0.56 0.70 0.75 0.68 0.52 0.33 0.14 0.00-0.04 0.04 0.22 0.42 0.62 0.80 0.89 0.87 0.72
 28   0.48 0.25 0.04-0.06-0.02 0.13 0.33 0.54 0.70 0.79 0.79 0.65 0.44 0.24 0.06-0.06-0.04 0.08 0.26 0.46 0.64 0.76 0.81 0.74
 ----------------------------------------------------------------------------------------------------------------------------
                                                                                               
 ----------------------------------------------------------------------------------------------------------------------------
 ----------------------------------------------------------------------------------------------------------------------------
                                                          SURVEY OF INDIA
                                                    MARINE GEODESY WING (G&RB)
                                                     HOURLY HEIGHTS IN METRES
  NAME OF PORT:- NAGAPATTINAM                                                                       MONTH MARCH     YEAR 2017
 ----------------------------------------------------------------------------------------------------------------------------
 DAYS 0000 0001 0002 0003 0004 0005 0006 0007 0008 0009 0010 0011 0012 0013 0014 0015 0016 0017 0018 0019 0020 0021 0022 0023
 ----------------------------------------------------------------------------------------------------------------------------
  1   0.57 0.32 0.08-0.07-0.11-0.03 0.11 0.27 0.46 0.63 0.71 0.68 0.53 0.34 0.14-0.02-0.10-0.06 0.10 0.30 0.49 0.67 0.76 0.74
  2   0.59 0.40 0.19-0.01-0.14-0.16-0.05 0.13 0.32 0.50 0.64 0.69 0.64 0.50 0.32 0.14-0.02-0.08-0.01 0.13 0.30 0.48 0.62 0.68
  3   0.66 0.52 0.34 0.14-0.02-0.11-0.10 0.00 0.18 0.36 0.53 0.66 0.70 0.64 0.49 0.32 0.16 0.04 0.00 0.04 0.15 0.31 0.47 0.60
  4   0.66 0.60 0.47 0.31 0.14 0.01-0.06-0.05 0.04 0.19 0.37 0.52 0.63 0.66 0.58 0.44 0.29 0.16 0.06 0.01 0.05 0.15 0.28 0.41
  5   0.53 0.57 0.51 0.39 0.26 0.13 0.02-0.06-0.07 0.02 0.17 0.32 0.45 0.55 0.59 0.56 0.46 0.34 0.21 0.10 0.03 0.04 0.12 0.24
  6   0.35 0.44 0.48 0.45 0.34 0.22 0.09-0.02-0.09-0.07 0.02 0.14 0.26 0.38 0.48 0.53 0.52 0.44 0.34 0.24 0.14 0.06 0.03 0.08
  7   0.18 0.29 0.38 0.42 0.41 0.35 0.26 0.17 0.08 0.00-0.03-0.01 0.09 0.21 0.32 0.43 0.50 0.51 0.46 0.37 0.27 0.17 0.08 0.01
  8   0.00 0.07 0.17 0.27 0.36 0.40 0.38 0.31 0.22 0.11 0.00-0.06-0.06 0.03 0.14 0.26 0.38 0.47 0.52 0.49 0.40 0.27 0.14 0.02
  9  -0.06-0.08-0.02 0.09 0.21 0.32 0.40 0.41 0.36 0.27 0.17 0.10 0.08 0.12 0.22 0.36 0.51 0.64 0.74 0.78 0.76 0.65 0.49 0.32
 10   0.18 0.10 0.12 0.21 0.33 0.46 0.58 0.66 0.65 0.56 0.42 0.28 0.15 0.06 0.05 0.17 0.34 0.51 0.66 0.78 0.80 0.72 0.57 0.40
 11   0.23 0.09 0.02 0.05 0.16 0.32 0.49 0.64 0.71 0.67 0.53 0.38 0.23 0.09 0.03 0.07 0.20 0.36 0.54 0.70 0.78 0.77 0.67 0.49
 12   0.28 0.10 0.00-0.02 0.07 0.23 0.41 0.58 0.69 0.71 0.64 0.50 0.32 0.15 0.02-0.02 0.06 0.23 0.44 0.62 0.76 0.82 0.76 0.61
 13   0.39 0.19 0.04-0.02 0.03 0.16 0.32 0.52 0.68 0.76 0.72 0.58 0.40 0.21 0.07 0.02 0.07 0.19 0.36 0.54 0.70 0.79 0.79 0.65
 14   0.43 0.23 0.06-0.02 0.00 0.11 0.26 0.44 0.60 0.71 0.74 0.67 0.52 0.34 0.18 0.05 0.00 0.09 0.26 0.44 0.61 0.74 0.79 0.72
 15   0.54 0.35 0.16 0.02-0.03 0.04 0.18 0.34 0.53 0.69 0.76 0.74 0.62 0.43 0.25 0.11 0.07 0.14 0.28 0.42 0.58 0.71 0.77 0.72
 16   0.58 0.42 0.23 0.06-0.02 0.03 0.16 0.31 0.48 0.62 0.73 0.76 0.67 0.52 0.37 0.22 0.11 0.08 0.17 0.32 0.47 0.61 0.71 0.74
 17   0.67 0.52 0.36 0.19 0.08 0.04 0.10 0.23 0.40 0.57 0.70 0.77 0.74 0.63 0.49 0.35 0.23 0.17 0.20 0.30 0.42 0.56 0.68 0.73
 18   0.68 0.55 0.41 0.28 0.17 0.10 0.09 0.16 0.29 0.44 0.58 0.67 0.69 0.65 0.56 0.44 0.32 0.23 0.19 0.22 0.32 0.45 0.56 0.64
 19   0.66 0.60 0.48 0.36 0.24 0.14 0.09 0.13 0.24 0.36 0.48 0.59 0.66 0.67 0.61 0.51 0.41 0.32 0.26 0.24 0.28 0.37 0.46 0.54
 20   0.59 0.59 0.54 0.44 0.33 0.22 0.14 0.11 0.14 0.24 0.36 0.48 0.56 0.60 0.59 0.54 0.47 0.40 0.33 0.27 0.25 0.27 0.33 0.41
 21   0.48 0.51 0.49 0.43 0.35 0.28 0.22 0.18 0.17 0.20 0.26 0.33 0.40 0.47 0.53 0.57 0.56 0.51 0.44 0.36 0.28 0.24 0.25 0.31
 22   0.38 0.44 0.47 0.47 0.43 0.37 0.30 0.23 0.17 0.14 0.16 0.23 0.31 0.39 0.47 0.53 0.57 0.57 0.53 0.46 0.38 0.31 0.26 0.24
 23   0.26 0.31 0.38 0.44 0.47 0.46 0.42 0.36 0.28 0.20 0.13 0.11 0.14 0.23 0.34 0.44 0.52 0.56 0.54 0.47 0.36 0.24 0.12 0.06
 24   0.07 0.12 0.20 0.29 0.37 0.43 0.45 0.40 0.31 0.20 0.09 0.00-0.02 0.04 0.17 0.29 0.41 0.51 0.55 0.51 0.40 0.27 0.13 0.00
 25  -0.08-0.10-0.04 0.08 0.20 0.32 0.40 0.43 0.36 0.24 0.12 0.00-0.09-0.12-0.04 0.09 0.24 0.38 0.49 0.54 0.48 0.34 0.18 0.01
 26  -0.14-0.21-0.18-0.07 0.07 0.21 0.34 0.43 0.46 0.37 0.21 0.04-0.10-0.18-0.15-0.04 0.11 0.28 0.44 0.52 0.50 0.39 0.23 0.04
 27  -0.16-0.31-0.36-0.30-0.16 0.03 0.20 0.34 0.40 0.34 0.18-0.02-0.20-0.33-0.37-0.28-0.11 0.09 0.28 0.42 0.48 0.39 0.22 0.00
 28  -0.23-0.42-0.52-0.47-0.33-0.14 0.08 0.27 0.39 0.38 0.28 0.14-0.01-0.14-0.23-0.24-0.11 0.07 0.27 0.45 0.55 0.52 0.38 0.16
 29  -0.06-0.26-0.41-0.48-0.41-0.23 0.00 0.23 0.42 0.51 0.48 0.32 0.09-0.12-0.30-0.38-0.33-0.20-0.02 0.18 0.39 0.50 0.47 0.31
 30   0.10-0.14-0.35-0.47-0.44-0.32-0.14 0.07 0.28 0.45 0.52 0.45 0.27 0.05-0.15-0.30-0.38-0.31-0.14 0.07 0.26 0.41 0.48 0.41
 31   0.24 0.02-0.20-0.38-0.48-0.43-0.30-0.11 0.12 0.36 0.60 0.71 0.67 0.51 0.32 0.14 0.02-0.01 0.07 0.21 0.39 0.56 0.68 0.73
 ----------------------------------------------------------------------------------------------------------------------------
                                                                                               
 ----------------------------------------------------------------------------------------------------------------------------
 ----------------------------------------------------------------------------------------------------------------------------
                                                          SURVEY OF INDIA
                                                    MARINE GEODESY WING (G&RB)
                                                     HOURLY HEIGHTS IN METRES
  NAME OF PORT:- NAGAPATTINAM                                                                       MONTH APRIL     YEAR 2017
 ----------------------------------------------------------------------------------------------------------------------------
 DAYS 0000 0001 0002 0003 0004 0005 0006 0007 0008 0009 0010 0011 0012 0013 0014 0015 0016 0017 0018 0019 0020 0021 0022 0023
 ----------------------------------------------------------------------------------------------------------------------------
  1   0.69 0.57 0.40 0.22 0.07-0.01 0.02 0.12 0.27 0.45 0.63 0.76 0.79 0.69 0.50 0.29 0.12 0.03 0.06 0.16 0.28 0.40 0.52 0.62
  2   0.64 0.55 0.39 0.23 0.07-0.04-0.08 0.00 0.14 0.30 0.46 0.61 0.72 0.74 0.64 0.47 0.30 0.16 0.07 0.04 0.09 0.20 0.32 0.44
  3   0.52 0.54 0.47 0.34 0.20 0.08 0.00-0.03 0.03 0.15 0.30 0.44 0.56 0.62 0.61 0.53 0.43 0.32 0.20 0.10 0.05 0.09 0.18 0.29
  4   0.40 0.48 0.51 0.48 0.39 0.27 0.13 0.02-0.02 0.04 0.17 0.30 0.42 0.53 0.61 0.64 0.59 0.50 0.39 0.28 0.19 0.13 0.12 0.17
  5   0.25 0.35 0.44 0.50 0.51 0.46 0.36 0.25 0.16 0.11 0.13 0.20 0.30 0.41 0.52 0.62 0.67 0.65 0.57 0.47 0.37 0.27 0.18 0.14
  6   0.16 0.23 0.31 0.39 0.47 0.51 0.50 0.44 0.35 0.26 0.19 0.16 0.20 0.29 0.40 0.52 0.64 0.70 0.69 0.62 0.52 0.39 0.26 0.15
  7   0.10 0.13 0.21 0.31 0.42 0.53 0.59 0.57 0.50 0.40 0.29 0.19 0.14 0.18 0.28 0.42 0.56 0.69 0.77 0.75 0.66 0.52 0.36 0.22
  8   0.12 0.08 0.13 0.24 0.39 0.53 0.64 0.69 0.65 0.55 0.41 0.26 0.14 0.09 0.15 0.28 0.43 0.58 0.70 0.76 0.70 0.58 0.43 0.26
  9   0.12 0.02 0.00 0.10 0.27 0.44 0.60 0.71 0.74 0.66 0.51 0.34 0.19 0.10 0.08 0.17 0.32 0.49 0.64 0.75 0.79 0.72 0.57 0.36
 10   0.17 0.03-0.02 0.04 0.18 0.38 0.58 0.73 0.81 0.77 0.66 0.49 0.29 0.14 0.08 0.14 0.27 0.44 0.61 0.75 0.81 0.77 0.66 0.47
 11   0.25 0.10 0.02 0.06 0.18 0.35 0.54 0.69 0.80 0.84 0.75 0.58 0.39 0.23 0.13 0.10 0.19 0.35 0.52 0.67 0.78 0.82 0.72 0.55
 12   0.36 0.18 0.06 0.02 0.10 0.25 0.44 0.62 0.78 0.86 0.80 0.66 0.48 0.30 0.14 0.06 0.12 0.25 0.41 0.58 0.71 0.78 0.73 0.59
 13   0.39 0.20 0.07 0.00 0.04 0.16 0.33 0.51 0.67 0.78 0.81 0.72 0.57 0.39 0.23 0.11 0.07 0.15 0.30 0.46 0.61 0.72 0.75 0.67
 14   0.49 0.30 0.15 0.04 0.01 0.08 0.22 0.41 0.59 0.74 0.81 0.78 0.68 0.53 0.35 0.21 0.14 0.17 0.26 0.38 0.52 0.65 0.73 0.68
 15   0.56 0.40 0.25 0.12 0.05 0.09 0.20 0.36 0.54 0.70 0.80 0.84 0.78 0.65 0.49 0.34 0.23 0.18 0.22 0.33 0.47 0.61 0.70 0.73
 16   0.66 0.53 0.38 0.24 0.14 0.10 0.16 0.28 0.43 0.60 0.72 0.80 0.83 0.75 0.62 0.46 0.32 0.22 0.18 0.24 0.37 0.50 0.61 0.67
 17   0.64 0.56 0.45 0.33 0.22 0.14 0.12 0.20 0.33 0.46 0.58 0.68 0.73 0.70 0.62 0.51 0.38 0.27 0.21 0.23 0.30 0.39 0.48 0.54
 18   0.56 0.53 0.45 0.35 0.26 0.19 0.15 0.18 0.27 0.38 0.49 0.61 0.71 0.75 0.71 0.61 0.49 0.37 0.26 0.22 0.23 0.29 0.37 0.44
 19   0.50 0.53 0.50 0.43 0.34 0.25 0.18 0.15 0.18 0.26 0.36 0.48 0.58 0.65 0.67 0.64 0.57 0.49 0.41 0.33 0.27 0.24 0.27 0.33
 20   0.41 0.48 0.53 0.54 0.49 0.40 0.31 0.24 0.20 0.22 0.27 0.34 0.42 0.50 0.58 0.62 0.60 0.54 0.46 0.37 0.28 0.20 0.17 0.19
 21   0.24 0.32 0.40 0.46 0.48 0.45 0.39 0.33 0.27 0.22 0.19 0.22 0.29 0.38 0.47 0.56 0.63 0.65 0.61 0.52 0.42 0.32 0.22 0.15
 22   0.13 0.20 0.30 0.40 0.48 0.54 0.56 0.51 0.42 0.33 0.25 0.22 0.26 0.35 0.46 0.58 0.68 0.73 0.72 0.65 0.53 0.39 0.25 0.15
 23   0.12 0.18 0.29 0.43 0.57 0.67 0.71 0.66 0.57 0.46 0.35 0.26 0.21 0.26 0.36 0.49 0.63 0.74 0.78 0.74 0.64 0.48 0.32 0.16
 24   0.08 0.10 0.18 0.32 0.50 0.66 0.76 0.79 0.73 0.60 0.45 0.30 0.19 0.15 0.22 0.37 0.53 0.69 0.79 0.83 0.76 0.62 0.42 0.24
 25   0.09 0.03 0.08 0.22 0.41 0.61 0.77 0.88 0.92 0.83 0.66 0.48 0.31 0.19 0.15 0.23 0.38 0.56 0.73 0.81 0.78 0.68 0.50 0.26
 26   0.04-0.08-0.12-0.04 0.13 0.36 0.58 0.74 0.82 0.78 0.66 0.45 0.22 0.05-0.03 0.02 0.16 0.34 0.52 0.69 0.77 0.72 0.58 0.36
 27   0.12-0.09-0.19-0.15-0.02 0.18 0.42 0.63 0.79 0.85 0.78 0.63 0.42 0.21 0.06-0.01 0.06 0.20 0.38 0.56 0.70 0.76 0.69 0.53
 28   0.33 0.11-0.07-0.14-0.08 0.07 0.26 0.50 0.69 0.82 0.87 0.79 0.62 0.40 0.19 0.05 0.00 0.08 0.24 0.42 0.60 0.72 0.76 0.67
 29   0.50 0.30 0.09-0.05-0.10-0.01 0.16 0.35 0.56 0.73 0.86 0.90 0.80 0.58 0.35 0.17 0.04 0.00 0.10 0.26 0.45 0.63 0.74 0.77
 30   0.65 0.46 0.26 0.08-0.04-0.06 0.05 0.23 0.43 0.62 0.78 0.85 0.82 0.71 0.53 0.32 0.16 0.06 0.04 0.14 0.31 0.48 0.61 0.69
 ----------------------------------------------------------------------------------------------------------------------------
                                                                                               
 ----------------------------------------------------------------------------------------------------------------------------
 ----------------------------------------------------------------------------------------------------------------------------
                                                          SURVEY OF INDIA
                                                    MARINE GEODESY WING (G&RB)
                                                     HOURLY HEIGHTS IN METRES
  NAME OF PORT:- NAGAPATTINAM                                                                       MONTH MAY       YEAR 2017
 ----------------------------------------------------------------------------------------------------------------------------
 DAYS 0000 0001 0002 0003 0004 0005 0006 0007 0008 0009 0010 0011 0012 0013 0014 0015 0016 0017 0018 0019 0020 0021 0022 0023
 ----------------------------------------------------------------------------------------------------------------------------
  1   0.70 0.60 0.42 0.24 0.09 0.01 0.04 0.13 0.26 0.44 0.62 0.80 0.88 0.84 0.71 0.55 0.38 0.23 0.12 0.08 0.15 0.29 0.45 0.60
  2   0.67 0.64 0.55 0.43 0.31 0.20 0.13 0.11 0.18 0.31 0.48 0.63 0.76 0.82 0.79 0.70 0.57 0.44 0.30 0.20 0.16 0.21 0.31 0.42
  3   0.51 0.58 0.60 0.55 0.44 0.33 0.24 0.18 0.17 0.23 0.35 0.49 0.63 0.74 0.79 0.75 0.65 0.53 0.41 0.30 0.21 0.17 0.20 0.28
  4   0.37 0.46 0.54 0.59 0.60 0.54 0.45 0.35 0.27 0.24 0.27 0.35 0.45 0.57 0.68 0.73 0.72 0.65 0.55 0.44 0.32 0.22 0.16 0.16
  5   0.23 0.33 0.44 0.54 0.60 0.62 0.58 0.50 0.40 0.31 0.25 0.24 0.31 0.43 0.55 0.64 0.70 0.71 0.66 0.56 0.43 0.30 0.19 0.14
  6   0.16 0.23 0.34 0.47 0.59 0.65 0.64 0.58 0.49 0.38 0.28 0.24 0.27 0.34 0.44 0.56 0.67 0.75 0.77 0.70 0.57 0.43 0.28 0.15
  7   0.09 0.12 0.21 0.34 0.47 0.59 0.67 0.70 0.65 0.53 0.38 0.26 0.20 0.22 0.30 0.43 0.57 0.70 0.77 0.74 0.64 0.49 0.33 0.17
  8   0.06 0.04 0.11 0.25 0.41 0.57 0.71 0.77 0.74 0.64 0.50 0.37 0.26 0.20 0.23 0.33 0.46 0.60 0.73 0.79 0.75 0.64 0.48 0.29
  9   0.11 0.03 0.05 0.15 0.30 0.48 0.65 0.77 0.81 0.74 0.59 0.42 0.27 0.16 0.12 0.19 0.33 0.47 0.60 0.71 0.76 0.69 0.53 0.36
 10   0.19 0.07 0.03 0.08 0.21 0.39 0.55 0.69 0.79 0.83 0.77 0.62 0.44 0.27 0.18 0.21 0.32 0.46 0.61 0.74 0.79 0.74 0.62 0.45
 11   0.27 0.13 0.05 0.04 0.15 0.33 0.53 0.72 0.85 0.89 0.84 0.70 0.53 0.36 0.23 0.17 0.22 0.34 0.50 0.65 0.77 0.81 0.74 0.57
 12   0.37 0.21 0.10 0.06 0.12 0.26 0.44 0.63 0.79 0.89 0.91 0.82 0.64 0.45 0.29 0.19 0.17 0.25 0.39 0.54 0.68 0.75 0.73 0.61
 13   0.45 0.27 0.12 0.05 0.07 0.17 0.33 0.51 0.68 0.80 0.86 0.82 0.69 0.53 0.37 0.24 0.18 0.20 0.29 0.43 0.56 0.65 0.69 0.64
 14   0.52 0.37 0.22 0.11 0.06 0.10 0.23 0.39 0.56 0.70 0.79 0.81 0.74 0.60 0.45 0.31 0.21 0.17 0.22 0.33 0.45 0.56 0.63 0.64
 15   0.57 0.43 0.28 0.16 0.09 0.08 0.16 0.30 0.46 0.62 0.75 0.80 0.76 0.66 0.52 0.36 0.22 0.15 0.17 0.25 0.37 0.49 0.58 0.61
 16   0.57 0.47 0.33 0.19 0.09 0.05 0.10 0.21 0.36 0.51 0.67 0.78 0.80 0.74 0.61 0.46 0.32 0.21 0.16 0.18 0.25 0.34 0.44 0.52
 17   0.55 0.49 0.38 0.25 0.15 0.08 0.07 0.13 0.25 0.39 0.52 0.64 0.72 0.75 0.69 0.55 0.41 0.28 0.18 0.14 0.17 0.24 0.33 0.43
 18   0.51 0.53 0.47 0.35 0.24 0.14 0.08 0.07 0.13 0.23 0.35 0.49 0.61 0.68 0.69 0.61 0.47 0.33 0.20 0.08 0.03 0.06 0.14 0.24
 19   0.34 0.42 0.45 0.42 0.36 0.29 0.21 0.14 0.12 0.17 0.26 0.37 0.48 0.58 0.65 0.66 0.59 0.47 0.34 0.21 0.10 0.04 0.06 0.14
 20   0.25 0.35 0.43 0.47 0.45 0.39 0.31 0.23 0.16 0.14 0.17 0.27 0.38 0.48 0.57 0.64 0.66 0.61 0.51 0.38 0.24 0.12 0.06 0.08
 21   0.15 0.24 0.34 0.45 0.54 0.58 0.54 0.45 0.35 0.26 0.19 0.17 0.23 0.33 0.44 0.55 0.64 0.67 0.62 0.49 0.35 0.22 0.10 0.02
 22   0.00 0.07 0.20 0.34 0.47 0.57 0.62 0.60 0.51 0.39 0.28 0.19 0.15 0.21 0.33 0.45 0.57 0.67 0.70 0.64 0.50 0.34 0.18 0.05
 23  -0.02 0.01 0.10 0.25 0.43 0.60 0.71 0.74 0.68 0.56 0.42 0.27 0.16 0.11 0.16 0.29 0.45 0.58 0.67 0.69 0.61 0.46 0.29 0.11
 24  -0.03-0.08-0.02 0.11 0.30 0.50 0.67 0.78 0.82 0.75 0.59 0.41 0.24 0.12 0.08 0.15 0.28 0.45 0.61 0.72 0.75 0.65 0.45 0.22
 25   0.02-0.13-0.20-0.12 0.06 0.29 0.53 0.72 0.84 0.87 0.76 0.55 0.31 0.11 0.01 0.03 0.12 0.27 0.46 0.65 0.75 0.71 0.57 0.36
 26   0.11-0.08-0.18-0.13 0.00 0.19 0.43 0.66 0.82 0.90 0.85 0.70 0.49 0.26 0.06-0.04 0.00 0.11 0.27 0.45 0.61 0.70 0.67 0.53
 27   0.29 0.06-0.11-0.20-0.14 0.00 0.20 0.44 0.67 0.83 0.90 0.82 0.65 0.43 0.21 0.03-0.06-0.02 0.10 0.27 0.45 0.61 0.68 0.62
 28   0.45 0.26 0.07-0.10-0.16-0.09 0.07 0.29 0.50 0.69 0.82 0.86 0.77 0.59 0.38 0.18 0.03-0.03 0.02 0.15 0.31 0.47 0.60 0.67
 29   0.61 0.45 0.26 0.08-0.04-0.09-0.02 0.15 0.34 0.53 0.71 0.83 0.86 0.75 0.56 0.37 0.19 0.05-0.01 0.04 0.16 0.32 0.47 0.58
 30   0.61 0.54 0.40 0.25 0.11 0.01-0.02 0.04 0.19 0.37 0.56 0.73 0.81 0.76 0.64 0.47 0.30 0.15 0.04 0.00 0.06 0.18 0.32 0.47
 31   0.57 0.56 0.47 0.34 0.19 0.06 0.00 0.03 0.13 0.27 0.42 0.58 0.71 0.77 0.73 0.61 0.46 0.29 0.14 0.04 0.00 0.05 0.16 0.29
 ----------------------------------------------------------------------------------------------------------------------------
                                                                                              
 ----------------------------------------------------------------------------------------------------------------------------
 ----------------------------------------------------------------------------------------------------------------------------
                                                          SURVEY OF INDIA
                                                    MARINE GEODESY WING (G&RB)
                                                     HOURLY HEIGHTS IN METRES
  NAME OF PORT:- NAGAPATTINAM                                                                       MONTH JUNE      YEAR 2017
 ----------------------------------------------------------------------------------------------------------------------------
 DAYS 0000 0001 0002 0003 0004 0005 0006 0007 0008 0009 0010 0011 0012 0013 0014 0015 0016 0017 0018 0019 0020 0021 0022 0023
 ----------------------------------------------------------------------------------------------------------------------------
  1   0.42 0.51 0.54 0.50 0.40 0.28 0.17 0.10 0.08 0.15 0.28 0.44 0.58 0.69 0.73 0.69 0.59 0.45 0.31 0.17 0.07 0.04 0.10 0.22
  2   0.35 0.46 0.54 0.56 0.51 0.42 0.33 0.25 0.20 0.19 0.24 0.33 0.44 0.56 0.66 0.70 0.66 0.56 0.41 0.27 0.15 0.06 0.03 0.08
  3   0.18 0.29 0.40 0.50 0.55 0.52 0.45 0.36 0.27 0.19 0.16 0.21 0.30 0.41 0.51 0.60 0.64 0.62 0.53 0.41 0.27 0.14 0.06 0.04
  4   0.10 0.21 0.34 0.47 0.57 0.62 0.61 0.54 0.44 0.35 0.29 0.25 0.25 0.31 0.41 0.51 0.60 0.64 0.63 0.55 0.43 0.31 0.19 0.11
  5   0.09 0.15 0.27 0.40 0.53 0.65 0.69 0.67 0.59 0.48 0.37 0.29 0.26 0.30 0.38 0.48 0.58 0.66 0.69 0.65 0.55 0.40 0.21 0.08
  6   0.03 0.06 0.15 0.29 0.43 0.57 0.67 0.70 0.65 0.53 0.38 0.26 0.18 0.15 0.20 0.29 0.40 0.51 0.60 0.63 0.58 0.44 0.29 0.15
  7   0.03-0.02 0.02 0.13 0.27 0.43 0.58 0.69 0.72 0.65 0.51 0.32 0.18 0.10 0.08 0.14 0.26 0.40 0.52 0.58 0.55 0.46 0.31 0.16
  8   0.04-0.01 0.03 0.13 0.26 0.42 0.58 0.70 0.74 0.69 0.56 0.41 0.26 0.14 0.08 0.11 0.19 0.31 0.45 0.58 0.64 0.60 0.48 0.28
  9   0.10 0.00-0.03 0.03 0.18 0.35 0.53 0.67 0.77 0.80 0.71 0.56 0.39 0.23 0.12 0.09 0.15 0.26 0.39 0.52 0.61 0.63 0.55 0.41
 10   0.25 0.11 0.02 0.00 0.08 0.24 0.43 0.61 0.74 0.80 0.77 0.66 0.49 0.32 0.17 0.08 0.07 0.15 0.28 0.42 0.55 0.62 0.59 0.46
 11   0.29 0.13 0.02-0.03 0.01 0.12 0.28 0.48 0.65 0.77 0.81 0.76 0.64 0.47 0.31 0.16 0.09 0.13 0.23 0.36 0.51 0.64 0.69 0.62
 12   0.46 0.29 0.14 0.04 0.01 0.06 0.20 0.38 0.55 0.67 0.73 0.69 0.57 0.42 0.26 0.14 0.05 0.02 0.07 0.18 0.31 0.43 0.52 0.54
 13   0.47 0.33 0.19 0.09 0.03 0.02 0.08 0.22 0.38 0.56 0.70 0.74 0.70 0.58 0.41 0.26 0.13 0.06 0.05 0.12 0.23 0.36 0.47 0.52
 14   0.47 0.36 0.23 0.10 0.01-0.03 0.02 0.14 0.32 0.54 0.74 0.86 0.89 0.82 0.71 0.60 0.51 0.45 0.44 0.49 0.59 0.71 0.83 0.93
 15   0.96 0.88 0.76 0.63 0.51 0.42 0.40 0.48 0.62 0.77 0.91 1.03 1.08 1.05 0.96 0.84 0.70 0.57 0.47 0.44 0.50 0.62 0.75 0.87
 16   0.93 0.91 0.83 0.73 0.62 0.53 0.48 0.48 0.54 0.67 0.82 0.96 1.04 1.05 0.99 0.87 0.73 0.60 0.49 0.41 0.39 0.43 0.53 0.66
 17   0.79 0.89 0.92 0.85 0.72 0.59 0.48 0.43 0.47 0.56 0.68 0.81 0.92 1.00 1.03 0.97 0.85 0.70 0.55 0.45 0.42 0.45 0.53 0.63
 18   0.74 0.84 0.89 0.88 0.82 0.74 0.65 0.56 0.50 0.49 0.56 0.69 0.82 0.93 1.01 1.04 0.99 0.87 0.72 0.59 0.48 0.41 0.40 0.46
 19   0.56 0.69 0.81 0.91 0.95 0.93 0.86 0.75 0.62 0.50 0.42 0.39 0.45 0.57 0.71 0.81 0.85 0.79 0.68 0.52 0.36 0.22 0.13 0.12
 20   0.22 0.40 0.57 0.71 0.80 0.83 0.77 0.67 0.54 0.40 0.28 0.23 0.28 0.40 0.54 0.67 0.77 0.81 0.78 0.67 0.51 0.35 0.22 0.14
 21   0.13 0.22 0.40 0.58 0.73 0.84 0.88 0.82 0.70 0.55 0.38 0.26 0.22 0.28 0.41 0.55 0.67 0.76 0.79 0.72 0.55 0.37 0.21 0.08
 22   0.02 0.07 0.20 0.38 0.55 0.73 0.85 0.89 0.82 0.67 0.49 0.32 0.21 0.17 0.24 0.37 0.52 0.67 0.79 0.84 0.77 0.61 0.40 0.21
 23   0.07 0.02 0.09 0.24 0.44 0.65 0.81 0.91 0.94 0.84 0.66 0.47 0.29 0.15 0.10 0.17 0.31 0.47 0.62 0.74 0.79 0.71 0.53 0.33
 24   0.14 0.02-0.02 0.06 0.23 0.44 0.64 0.80 0.87 0.80 0.64 0.44 0.24 0.08-0.03-0.07 0.01 0.16 0.35 0.54 0.64 0.61 0.49 0.29
 25   0.08-0.08-0.15-0.11 0.00 0.18 0.41 0.61 0.73 0.76 0.67 0.50 0.32 0.15 0.02-0.07-0.09 0.00 0.16 0.35 0.53 0.62 0.58 0.44
 26   0.26 0.08-0.07-0.16-0.12 0.01 0.18 0.39 0.59 0.71 0.76 0.72 0.58 0.35 0.12-0.04-0.13-0.11 0.00 0.16 0.33 0.48 0.58 0.60
 27   0.46 0.22 0.00-0.13-0.17-0.11 0.01 0.17 0.37 0.55 0.67 0.70 0.61 0.45 0.25 0.06-0.11-0.19-0.14-0.01 0.14 0.29 0.42 0.48
 28   0.43 0.29 0.12-0.03-0.13-0.17-0.09 0.06 0.25 0.44 0.59 0.69 0.72 0.62 0.43 0.23 0.06-0.07-0.13-0.09 0.02 0.17 0.31 0.43
 29   0.49 0.44 0.31 0.17 0.05-0.04-0.08-0.02 0.10 0.26 0.41 0.52 0.57 0.52 0.41 0.26 0.09-0.08-0.19-0.23-0.20-0.11 0.00 0.12
 30   0.23 0.28 0.25 0.15 0.02-0.09-0.16-0.17-0.11-0.01 0.11 0.24 0.36 0.45 0.47 0.37 0.20 0.03-0.12-0.22-0.25-0.21-0.13-0.03
 ----------------------------------------------------------------------------------------------------------------------------
                                                                                               
 ----------------------------------------------------------------------------------------------------------------------------
 ----------------------------------------------------------------------------------------------------------------------------
                                                          SURVEY OF INDIA
                                                    MARINE GEODESY WING (G&RB)
                                                     HOURLY HEIGHTS IN METRES
  NAME OF PORT:- NAGAPATTINAM                                                                       MONTH JULY      YEAR 2017
 ----------------------------------------------------------------------------------------------------------------------------
 DAYS 0000 0001 0002 0003 0004 0005 0006 0007 0008 0009 0010 0011 0012 0013 0014 0015 0016 0017 0018 0019 0020 0021 0022 0023
 ----------------------------------------------------------------------------------------------------------------------------
  1   0.08 0.19 0.25 0.23 0.13 0.04 0.02 0.05 0.12 0.23 0.35 0.48 0.59 0.68 0.73 0.73 0.65 0.48 0.30 0.14 0.04 0.03 0.07 0.15
  2   0.27 0.38 0.48 0.54 0.53 0.45 0.33 0.23 0.16 0.13 0.16 0.24 0.34 0.44 0.53 0.59 0.60 0.53 0.40 0.24 0.12 0.03 0.00 0.03
  3   0.14 0.27 0.39 0.49 0.53 0.50 0.41 0.32 0.23 0.17 0.15 0.17 0.24 0.33 0.42 0.49 0.52 0.49 0.41 0.28 0.16 0.07 0.01 0.00
  4   0.06 0.16 0.27 0.38 0.48 0.53 0.52 0.45 0.35 0.25 0.17 0.14 0.15 0.20 0.27 0.35 0.42 0.46 0.45 0.38 0.25 0.11-0.01-0.11
  5  -0.15-0.14-0.05 0.09 0.26 0.46 0.51 0.48 0.37 0.24 0.14 0.07 0.05 0.07 0.14 0.22 0.29 0.35 0.38 0.37 0.28 0.14 0.01-0.04
  6   0.02 0.16 0.30 0.43 0.55 0.65 0.73 0.78 0.76 0.66 0.52 0.38 0.28 0.24 0.26 0.32 0.40 0.50 0.58 0.61 0.58 0.47 0.31 0.15
  7   0.04-0.01 0.01 0.09 0.20 0.33 0.48 0.60 0.66 0.67 0.63 0.53 0.40 0.29 0.25 0.27 0.35 0.46 0.57 0.66 0.69 0.66 0.55 0.40
  8   0.26 0.16 0.12 0.17 0.27 0.40 0.54 0.68 0.78 0.83 0.81 0.71 0.57 0.44 0.34 0.31 0.36 0.48 0.63 0.75 0.81 0.80 0.71 0.53
  9   0.27 0.14 0.12 0.17 0.28 0.41 0.55 0.69 0.78 0.82 0.80 0.71 0.57 0.43 0.34 0.33 0.39 0.50 0.62 0.73 0.80 0.80 0.73 0.60
 10   0.44 0.29 0.22 0.23 0.33 0.47 0.63 0.78 0.89 0.95 0.96 0.91 0.78 0.62 0.47 0.40 0.42 0.52 0.66 0.79 0.89 0.94 0.92 0.80
 11   0.55 0.27 0.09 0.00 0.01 0.12 0.31 0.50 0.65 0.75 0.78 0.72 0.59 0.42 0.25 0.11 0.07 0.13 0.25 0.39 0.53 0.62 0.63 0.55
 12   0.41 0.24 0.10 0.03 0.03 0.11 0.27 0.44 0.60 0.74 0.82 0.82 0.72 0.53 0.33 0.18 0.08 0.06 0.13 0.26 0.40 0.52 0.59 0.60
 13   0.51 0.36 0.19 0.06 0.01 0.04 0.16 0.33 0.50 0.65 0.75 0.79 0.75 0.63 0.47 0.29 0.12 0.05 0.07 0.17 0.31 0.45 0.56 0.61
 14   0.58 0.49 0.34 0.19 0.07 0.02 0.05 0.15 0.30 0.47 0.63 0.73 0.75 0.69 0.55 0.38 0.21 0.08 0.02 0.04 0.14 0.27 0.41 0.53
 15   0.57 0.53 0.43 0.29 0.15 0.05 0.03 0.08 0.20 0.34 0.49 0.63 0.70 0.69 0.61 0.46 0.29 0.14 0.02-0.01 0.05 0.17 0.30 0.44
 16   0.54 0.57 0.51 0.39 0.26 0.14 0.06 0.05 0.12 0.24 0.37 0.49 0.59 0.65 0.65 0.56 0.40 0.23 0.07-0.04-0.06 0.01 0.14 0.28
 17   0.41 0.51 0.56 0.53 0.44 0.32 0.21 0.12 0.09 0.14 0.24 0.36 0.48 0.57 0.60 0.56 0.47 0.36 0.25 0.14 0.06 0.03 0.06 0.16
 18   0.29 0.41 0.50 0.55 0.53 0.44 0.33 0.22 0.13 0.08 0.10 0.20 0.31 0.41 0.50 0.55 0.53 0.44 0.30 0.15 0.02-0.07-0.08 0.02
 19   0.24 0.48 0.67 0.78 0.82 0.79 0.70 0.58 0.47 0.38 0.33 0.34 0.40 0.49 0.60 0.70 0.76 0.75 0.67 0.53 0.38 0.23 0.13 0.12
 20   0.18 0.30 0.45 0.61 0.76 0.84 0.84 0.76 0.63 0.47 0.30 0.21 0.22 0.29 0.40 0.51 0.62 0.70 0.72 0.64 0.48 0.31 0.16 0.06
 21   0.03 0.08 0.22 0.42 0.60 0.77 0.87 0.88 0.79 0.65 0.48 0.32 0.21 0.18 0.24 0.37 0.51 0.64 0.74 0.76 0.69 0.54 0.33 0.15
 22   0.05 0.03 0.10 0.26 0.46 0.67 0.83 0.92 0.93 0.84 0.66 0.47 0.29 0.17 0.14 0.22 0.37 0.55 0.71 0.80 0.81 0.71 0.53 0.31
 23   0.13 0.03 0.05 0.17 0.36 0.57 0.77 0.92 0.98 0.92 0.76 0.57 0.36 0.17 0.07 0.07 0.17 0.33 0.51 0.67 0.76 0.74 0.62 0.42
 24   0.20 0.02-0.06-0.04 0.08 0.28 0.51 0.71 0.85 0.90 0.85 0.70 0.49 0.27 0.08-0.03-0.03 0.08 0.26 0.46 0.63 0.71 0.69 0.56
 25   0.36 0.16 0.00-0.06-0.02 0.11 0.32 0.60 0.79 0.90 0.93 0.85 0.69 0.49 0.30 0.15 0.08 0.11 0.24 0.43 0.61 0.75 0.80 0.73
 26   0.58 0.40 0.23 0.10 0.05 0.09 0.23 0.49 0.72 0.89 0.98 0.99 0.87 0.68 0.49 0.32 0.20 0.18 0.27 0.43 0.60 0.75 0.86 0.87
 27   0.75 0.52 0.26 0.04-0.08-0.06 0.06 0.23 0.41 0.58 0.71 0.75 0.70 0.54 0.35 0.16 0.00-0.09-0.07 0.03 0.17 0.33 0.46 0.53
 28   0.51 0.41 0.26 0.10-0.03-0.07-0.02 0.11 0.26 0.42 0.57 0.68 0.70 0.63 0.47 0.30 0.12-0.03-0.09-0.06 0.05 0.18 0.34 0.48
 29   0.55 0.53 0.42 0.28 0.14 0.02-0.03 0.01 0.11 0.24 0.38 0.51 0.60 0.61 0.53 0.39 0.23 0.09 0.00-0.03 0.00 0.11 0.25 0.38
 30   0.46 0.48 0.45 0.38 0.28 0.17 0.09 0.06 0.09 0.18 0.29 0.41 0.52 0.59 0.60 0.53 0.40 0.27 0.15 0.04 0.00 0.03 0.13 0.25
 31   0.37 0.46 0.50 0.49 0.43 0.34 0.24 0.17 0.14 0.16 0.22 0.31 0.41 0.50 0.54 0.53 0.46 0.36 0.25 0.14 0.06 0.03 0.06 0.15
 ----------------------------------------------------------------------------------------------------------------------------
                                                                                               
 ----------------------------------------------------------------------------------------------------------------------------
 ----------------------------------------------------------------------------------------------------------------------------
                                                          SURVEY OF INDIA
                                                    MARINE GEODESY WING (G&RB)
                                                     HOURLY HEIGHTS IN METRES
  NAME OF PORT:- NAGAPATTINAM                                                                       MONTH AUGUST    YEAR 2017
 ----------------------------------------------------------------------------------------------------------------------------
 DAYS 0000 0001 0002 0003 0004 0005 0006 0007 0008 0009 0010 0011 0012 0013 0014 0015 0016 0017 0018 0019 0020 0021 0022 0023
 ----------------------------------------------------------------------------------------------------------------------------
  1   0.25 0.36 0.46 0.52 0.53 0.49 0.41 0.32 0.25 0.21 0.21 0.26 0.35 0.45 0.53 0.57 0.57 0.52 0.44 0.35 0.25 0.16 0.09 0.08
  2   0.14 0.26 0.39 0.51 0.57 0.58 0.53 0.44 0.34 0.26 0.21 0.21 0.26 0.34 0.43 0.51 0.55 0.55 0.50 0.41 0.31 0.21 0.14 0.11
  3   0.13 0.21 0.32 0.45 0.55 0.60 0.61 0.56 0.46 0.34 0.24 0.19 0.18 0.23 0.32 0.43 0.52 0.55 0.52 0.45 0.35 0.25 0.15 0.08
  4   0.07 0.12 0.22 0.34 0.47 0.58 0.63 0.61 0.53 0.42 0.30 0.20 0.13 0.12 0.18 0.30 0.42 0.52 0.55 0.51 0.42 0.29 0.15 0.06
  5   0.02 0.05 0.13 0.24 0.37 0.50 0.61 0.65 0.61 0.51 0.39 0.26 0.14 0.08 0.08 0.14 0.27 0.41 0.51 0.55 0.51 0.41 0.27 0.11
  6   0.00-0.03 0.01 0.11 0.24 0.40 0.55 0.65 0.68 0.62 0.50 0.35 0.19 0.08 0.04 0.09 0.21 0.35 0.47 0.54 0.56 0.50 0.38 0.21
  7   0.05-0.04-0.05 0.03 0.17 0.33 0.50 0.65 0.71 0.70 0.59 0.43 0.24 0.09 0.01 0.03 0.13 0.26 0.41 0.53 0.59 0.56 0.44 0.27
  8   0.07-0.08-0.14-0.09 0.07 0.25 0.43 0.58 0.69 0.72 0.65 0.51 0.34 0.17 0.03-0.02 0.03 0.15 0.31 0.47 0.59 0.63 0.57 0.43
  9   0.23 0.03-0.08-0.09 0.01 0.18 0.38 0.58 0.74 0.81 0.79 0.68 0.51 0.31 0.11-0.01-0.03 0.06 0.21 0.38 0.53 0.61 0.62 0.52
 10   0.31 0.11-0.03-0.09-0.07 0.02 0.21 0.41 0.59 0.73 0.79 0.75 0.60 0.40 0.19 0.01-0.07-0.03 0.10 0.27 0.45 0.62 0.70 0.65
 11   0.50 0.33 0.15-0.03-0.11-0.08 0.07 0.28 0.48 0.65 0.75 0.76 0.68 0.51 0.29 0.10-0.05-0.10-0.03 0.14 0.33 0.51 0.63 0.65
 12   0.54 0.37 0.19 0.03-0.09-0.13-0.07 0.09 0.29 0.49 0.65 0.72 0.70 0.60 0.42 0.23 0.04-0.07-0.09 0.00 0.16 0.35 0.53 0.63
 13   0.64 0.54 0.37 0.19 0.05-0.04-0.05 0.05 0.21 0.38 0.55 0.67 0.70 0.64 0.45 0.25 0.08-0.06-0.11-0.07 0.05 0.21 0.38 0.52
 14   0.59 0.57 0.48 0.33 0.18 0.05-0.02 0.00 0.10 0.24 0.40 0.54 0.60 0.58 0.50 0.36 0.18 0.02-0.09-0.12-0.06 0.08 0.25 0.40
 15   0.51 0.55 0.52 0.44 0.33 0.20 0.08 0.02 0.02 0.10 0.23 0.36 0.48 0.55 0.56 0.47 0.30 0.14 0.00-0.07-0.08-0.03 0.08 0.22
 16   0.35 0.44 0.49 0.50 0.45 0.34 0.22 0.11 0.04 0.03 0.10 0.22 0.33 0.42 0.47 0.48 0.42 0.30 0.17 0.04-0.07-0.11-0.09 0.01
 17   0.16 0.30 0.42 0.51 0.54 0.49 0.39 0.28 0.16 0.06 0.02 0.05 0.15 0.26 0.37 0.46 0.50 0.46 0.35 0.22 0.08-0.04-0.10-0.09
 18  -0.01 0.13 0.28 0.42 0.53 0.56 0.52 0.41 0.29 0.17 0.08 0.03 0.03 0.11 0.24 0.36 0.46 0.51 0.49 0.41 0.28 0.14 0.01-0.04
 19   0.02 0.17 0.35 0.52 0.68 0.81 0.86 0.81 0.70 0.55 0.40 0.28 0.23 0.25 0.33 0.44 0.57 0.69 0.77 0.78 0.71 0.57 0.42 0.27
 20   0.17 0.14 0.20 0.34 0.50 0.68 0.83 0.89 0.84 0.71 0.55 0.37 0.20 0.08 0.04 0.10 0.24 0.40 0.54 0.64 0.67 0.62 0.47 0.29
 21   0.10 0.01 0.01 0.10 0.26 0.43 0.61 0.74 0.80 0.76 0.64 0.46 0.25 0.06-0.05-0.04 0.06 0.22 0.39 0.54 0.62 0.61 0.48 0.30
 22   0.11-0.05-0.12-0.07 0.05 0.22 0.42 0.59 0.73 0.78 0.70 0.53 0.33 0.12-0.04-0.12-0.11 0.01 0.20 0.39 0.54 0.62 0.57 0.44
 23   0.27 0.07-0.10-0.16-0.10 0.04 0.24 0.43 0.60 0.70 0.72 0.62 0.42 0.21 0.02-0.10-0.13-0.03 0.14 0.32 0.50 0.62 0.66 0.60
 24   0.42 0.21 0.04-0.05-0.07 0.01 0.16 0.34 0.53 0.69 0.77 0.74 0.60 0.39 0.18 0.00-0.09-0.07 0.04 0.21 0.39 0.55 0.65 0.66
 25   0.55 0.38 0.21 0.06-0.04-0.05 0.04 0.23 0.43 0.59 0.71 0.76 0.73 0.62 0.45 0.29 0.18 0.14 0.21 0.35 0.52 0.70 0.78 0.76
 26   0.63 0.43 0.23 0.08-0.02-0.04 0.03 0.17 0.32 0.47 0.60 0.65 0.63 0.52 0.36 0.20 0.04-0.04-0.02 0.06 0.20 0.35 0.49 0.56
 27   0.56 0.50 0.38 0.23 0.10 0.02 0.00 0.06 0.19 0.33 0.46 0.54 0.55 0.50 0.38 0.24 0.10-0.01-0.05-0.03 0.05 0.18 0.33 0.46
 28   0.52 0.49 0.40 0.28 0.16 0.06 0.02 0.04 0.11 0.22 0.32 0.40 0.44 0.42 0.35 0.25 0.14 0.03-0.05-0.07-0.02 0.07 0.18 0.29
 29   0.38 0.42 0.39 0.32 0.23 0.13 0.05 0.00 0.00 0.05 0.14 0.23 0.30 0.35 0.36 0.31 0.21 0.08-0.02-0.08-0.09-0.04 0.04 0.14
 30   0.24 0.32 0.36 0.36 0.31 0.21 0.11 0.03-0.01 0.00 0.06 0.15 0.23 0.29 0.31 0.29 0.23 0.16 0.09 0.02-0.03-0.05-0.02 0.06
 31   0.16 0.26 0.35 0.38 0.37 0.32 0.25 0.18 0.11 0.07 0.06 0.08 0.13 0.19 0.25 0.30 0.32 0.30 0.24 0.17 0.10 0.05 0.02 0.02
 ----------------------------------------------------------------------------------------------------------------------------
                                                                                               
 ----------------------------------------------------------------------------------------------------------------------------
 ----------------------------------------------------------------------------------------------------------------------------
                                                          SURVEY OF INDIA
                                                    MARINE GEODESY WING (G&RB)
                                                     HOURLY HEIGHTS IN METRES
  NAME OF PORT:- NAGAPATTINAM                                                                       MONTH SEPT      YEAR 2017
 ----------------------------------------------------------------------------------------------------------------------------
 DAYS 0000 0001 0002 0003 0004 0005 0006 0007 0008 0009 0010 0011 0012 0013 0014 0015 0016 0017 0018 0019 0020 0021 0022 0023
 ----------------------------------------------------------------------------------------------------------------------------
  1   0.06 0.16 0.28 0.37 0.41 0.42 0.39 0.32 0.22 0.11 0.05 0.04 0.07 0.13 0.20 0.27 0.33 0.36 0.35 0.30 0.21 0.11 0.04 0.03
  2   0.11 0.26 0.40 0.52 0.62 0.69 0.72 0.70 0.63 0.52 0.42 0.36 0.35 0.40 0.49 0.58 0.66 0.72 0.74 0.70 0.62 0.51 0.39 0.32
  3   0.30 0.33 0.41 0.52 0.64 0.74 0.79 0.79 0.74 0.65 0.54 0.43 0.36 0.35 0.41 0.51 0.63 0.75 0.82 0.82 0.76 0.64 0.50 0.39
  4   0.33 0.32 0.37 0.48 0.61 0.75 0.85 0.89 0.86 0.76 0.63 0.50 0.38 0.33 0.35 0.44 0.58 0.73 0.85 0.91 0.90 0.80 0.66 0.48
  5   0.32 0.24 0.23 0.32 0.51 0.70 0.86 0.97 1.00 0.94 0.80 0.60 0.40 0.27 0.23 0.28 0.39 0.52 0.67 0.80 0.86 0.82 0.68 0.47
  6   0.24 0.12 0.10 0.18 0.34 0.52 0.72 0.88 0.96 0.94 0.84 0.68 0.46 0.24 0.14 0.12 0.21 0.39 0.57 0.72 0.82 0.85 0.77 0.58
  7   0.33 0.15 0.05 0.03 0.13 0.35 0.56 0.74 0.87 0.92 0.88 0.72 0.50 0.27 0.10 0.04 0.09 0.24 0.44 0.64 0.79 0.86 0.83 0.69
  8   0.46 0.25 0.11 0.05 0.10 0.22 0.42 0.62 0.78 0.88 0.90 0.81 0.62 0.38 0.18 0.06 0.03 0.10 0.27 0.48 0.68 0.82 0.86 0.79
  9   0.62 0.40 0.20 0.08 0.05 0.12 0.28 0.48 0.68 0.82 0.88 0.84 0.70 0.47 0.25 0.07-0.01 0.03 0.17 0.36 0.57 0.78 0.88 0.86
 10   0.74 0.54 0.33 0.16 0.08 0.10 0.20 0.36 0.55 0.71 0.80 0.82 0.75 0.60 0.40 0.19 0.06 0.02 0.08 0.23 0.43 0.63 0.79 0.86
 11   0.83 0.71 0.54 0.35 0.19 0.12 0.14 0.25 0.42 0.58 0.72 0.80 0.82 0.75 0.57 0.37 0.19 0.08 0.05 0.12 0.27 0.44 0.61 0.76
 12   0.82 0.79 0.67 0.52 0.35 0.19 0.12 0.11 0.19 0.35 0.51 0.65 0.74 0.75 0.68 0.52 0.35 0.19 0.11 0.10 0.16 0.29 0.46 0.63
 13   0.77 0.83 0.81 0.72 0.57 0.40 0.24 0.17 0.17 0.24 0.39 0.54 0.66 0.71 0.69 0.61 0.48 0.33 0.19 0.09 0.06 0.10 0.21 0.36
 14   0.52 0.65 0.72 0.73 0.67 0.54 0.40 0.29 0.22 0.19 0.22 0.29 0.38 0.47 0.53 0.54 0.49 0.39 0.28 0.18 0.10 0.05 0.05 0.11
 15   0.22 0.36 0.49 0.57 0.59 0.56 0.47 0.37 0.26 0.16 0.09 0.10 0.17 0.26 0.36 0.45 0.51 0.51 0.45 0.35 0.23 0.11 0.02-0.01
 16   0.06 0.18 0.32 0.45 0.56 0.62 0.63 0.56 0.43 0.28 0.15 0.09 0.13 0.26 0.47 0.67 0.81 0.89 0.91 0.85 0.71 0.56 0.43 0.35
 17   0.34 0.41 0.52 0.65 0.80 0.92 0.99 1.00 0.92 0.75 0.57 0.40 0.29 0.26 0.32 0.45 0.60 0.75 0.85 0.87 0.80 0.66 0.50 0.34
 18   0.23 0.20 0.28 0.43 0.60 0.77 0.93 1.01 0.98 0.85 0.67 0.48 0.32 0.22 0.20 0.31 0.47 0.65 0.80 0.91 0.93 0.83 0.65 0.45
 19   0.29 0.20 0.19 0.30 0.49 0.69 0.85 0.97 1.02 0.95 0.79 0.59 0.39 0.23 0.16 0.20 0.35 0.55 0.74 0.87 0.94 0.94 0.84 0.65
 20   0.43 0.26 0.15 0.14 0.26 0.50 0.74 0.91 1.00 1.01 0.91 0.73 0.50 0.31 0.20 0.18 0.26 0.41 0.59 0.77 0.91 0.95 0.89 0.66
 21   0.28 0.01-0.12-0.14-0.06 0.11 0.30 0.49 0.63 0.71 0.69 0.56 0.34 0.13-0.04-0.13-0.10 0.02 0.20 0.40 0.59 0.67 0.65 0.52
 22   0.32 0.12-0.05-0.14-0.12 0.00 0.19 0.40 0.56 0.67 0.69 0.62 0.43 0.18-0.02-0.12-0.12-0.03 0.13 0.33 0.53 0.66 0.70 0.65
 23   0.54 0.37 0.17 0.00-0.05 0.00 0.15 0.33 0.50 0.63 0.69 0.67 0.57 0.40 0.21 0.04-0.05-0.06 0.04 0.23 0.44 0.61 0.70 0.71
 24   0.62 0.47 0.29 0.13 0.02-0.01 0.06 0.22 0.39 0.55 0.66 0.69 0.63 0.50 0.31 0.14 0.03 0.00 0.05 0.16 0.33 0.49 0.62 0.68
 25   0.65 0.55 0.41 0.26 0.13 0.06 0.07 0.15 0.28 0.43 0.56 0.64 0.65 0.58 0.44 0.30 0.18 0.09 0.07 0.15 0.29 0.44 0.57 0.68
 26   0.72 0.68 0.57 0.44 0.32 0.23 0.19 0.23 0.33 0.46 0.58 0.66 0.69 0.64 0.53 0.40 0.28 0.19 0.15 0.18 0.27 0.38 0.50 0.60
 27   0.67 0.68 0.62 0.51 0.40 0.30 0.23 0.21 0.26 0.39 0.52 0.61 0.65 0.64 0.59 0.50 0.39 0.29 0.22 0.20 0.25 0.36 0.48 0.59
 28   0.67 0.70 0.68 0.62 0.53 0.44 0.35 0.27 0.23 0.26 0.35 0.44 0.51 0.54 0.53 0.48 0.41 0.33 0.27 0.24 0.25 0.30 0.37 0.44
 29   0.51 0.57 0.60 0.59 0.54 0.47 0.39 0.32 0.28 0.27 0.30 0.35 0.41 0.47 0.52 0.55 0.53 0.47 0.40 0.33 0.27 0.25 0.27 0.32
 30   0.39 0.46 0.53 0.59 0.61 0.59 0.53 0.46 0.39 0.33 0.30 0.30 0.34 0.40 0.46 0.52 0.55 0.54 0.50 0.44 0.37 0.31 0.26 0.24
 ----------------------------------------------------------------------------------------------------------------------------
                                                                                               
 ----------------------------------------------------------------------------------------------------------------------------
 ----------------------------------------------------------------------------------------------------------------------------
                                                          SURVEY OF INDIA
                                                    MARINE GEODESY WING (G&RB)
                                                     HOURLY HEIGHTS IN METRES
  NAME OF PORT:- NAGAPATTINAM                                                                       MONTH OCTOBER   YEAR 2017
 ----------------------------------------------------------------------------------------------------------------------------
 DAYS 0000 0001 0002 0003 0004 0005 0006 0007 0008 0009 0010 0011 0012 0013 0014 0015 0016 0017 0018 0019 0020 0021 0022 0023
 ----------------------------------------------------------------------------------------------------------------------------
  1   0.26 0.34 0.43 0.52 0.60 0.64 0.63 0.57 0.49 0.40 0.31 0.25 0.24 0.27 0.34 0.42 0.50 0.56 0.59 0.56 0.49 0.40 0.31 0.24
  2   0.22 0.27 0.36 0.45 0.54 0.61 0.66 0.66 0.61 0.51 0.39 0.29 0.22 0.20 0.25 0.35 0.47 0.58 0.66 0.69 0.63 0.51 0.36 0.23
  3   0.16 0.17 0.24 0.39 0.54 0.67 0.77 0.80 0.75 0.63 0.48 0.32 0.22 0.20 0.23 0.32 0.44 0.57 0.68 0.72 0.69 0.59 0.43 0.29
  4   0.19 0.15 0.19 0.31 0.48 0.64 0.75 0.80 0.79 0.70 0.55 0.38 0.23 0.16 0.17 0.26 0.40 0.55 0.69 0.78 0.78 0.70 0.54 0.35
  5   0.20 0.11 0.10 0.20 0.37 0.54 0.71 0.82 0.84 0.78 0.64 0.47 0.30 0.15 0.10 0.15 0.29 0.47 0.65 0.80 0.87 0.84 0.70 0.50
  6   0.28 0.11 0.04 0.08 0.24 0.44 0.64 0.81 0.90 0.88 0.76 0.54 0.30 0.08 0.00 0.02 0.14 0.36 0.58 0.77 0.88 0.90 0.80 0.60
  7   0.38 0.19 0.08 0.05 0.12 0.28 0.52 0.72 0.86 0.90 0.82 0.64 0.40 0.16-0.03-0.08-0.02 0.16 0.39 0.61 0.78 0.88 0.89 0.77
  8   0.55 0.31 0.08-0.02 0.00 0.11 0.28 0.48 0.66 0.78 0.80 0.70 0.52 0.30 0.09-0.02-0.04 0.06 0.26 0.48 0.68 0.82 0.88 0.84
  9   0.70 0.49 0.28 0.11 0.00-0.01 0.09 0.32 0.54 0.69 0.77 0.78 0.69 0.51 0.28 0.06-0.03 0.00 0.11 0.28 0.46 0.64 0.78 0.83
 10   0.78 0.63 0.43 0.24 0.10 0.04 0.08 0.22 0.38 0.54 0.66 0.72 0.69 0.58 0.43 0.26 0.11 0.04 0.07 0.17 0.32 0.49 0.66 0.76
 11   0.79 0.74 0.61 0.44 0.28 0.16 0.10 0.13 0.22 0.34 0.48 0.59 0.63 0.61 0.53 0.40 0.26 0.14 0.08 0.08 0.15 0.30 0.46 0.62
 12   0.73 0.75 0.70 0.58 0.44 0.30 0.18 0.13 0.14 0.20 0.30 0.42 0.53 0.58 0.56 0.49 0.38 0.27 0.17 0.11 0.10 0.16 0.28 0.42
 13   0.54 0.62 0.65 0.64 0.58 0.47 0.35 0.24 0.16 0.13 0.17 0.25 0.35 0.44 0.51 0.54 0.51 0.43 0.32 0.21 0.13 0.10 0.14 0.24
 14   0.36 0.48 0.58 0.65 0.67 0.62 0.50 0.37 0.25 0.17 0.13 0.16 0.24 0.35 0.46 0.55 0.59 0.58 0.52 0.42 0.32 0.23 0.19 0.21
 15   0.27 0.36 0.48 0.60 0.68 0.71 0.67 0.55 0.41 0.28 0.18 0.12 0.13 0.20 0.31 0.43 0.55 0.64 0.67 0.62 0.51 0.37 0.25 0.19
 16   0.19 0.25 0.36 0.48 0.60 0.69 0.72 0.69 0.59 0.43 0.27 0.14 0.08 0.11 0.21 0.35 0.50 0.63 0.70 0.69 0.61 0.48 0.34 0.21
 17   0.14 0.16 0.25 0.37 0.52 0.66 0.75 0.78 0.73 0.60 0.43 0.25 0.11 0.06 0.11 0.23 0.39 0.57 0.71 0.77 0.74 0.63 0.48 0.31
 18   0.17 0.12 0.17 0.28 0.42 0.57 0.71 0.79 0.78 0.69 0.51 0.32 0.17 0.08 0.06 0.14 0.30 0.47 0.64 0.77 0.82 0.77 0.61 0.42
 19   0.25 0.14 0.11 0.17 0.31 0.47 0.62 0.76 0.82 0.79 0.66 0.49 0.29 0.15 0.09 0.12 0.26 0.45 0.63 0.78 0.87 0.88 0.77 0.57
 20
 21
 22
 23
 24
 25
 26   0.66 0.61 0.51 0.41 0.31 0.23 0.20 0.23 0.30 0.39 0.48 0.54 0.56 0.53 0.45 0.35 0.27 0.21 0.19 0.22 0.30 0.41 0.52 0.62
 27   0.67 0.66 0.61 0.53 0.43 0.33 0.26 0.23 0.26 0.34 0.43 0.51 0.56 0.57 0.54 0.48 0.40 0.32 0.26 0.25 0.29 0.38 0.48 0.57
 28   0.64 0.68 0.68 0.64 0.55 0.46 0.38 0.32 0.29 0.30 0.34 0.41 0.48 0.54 0.58 0.58 0.54 0.47 0.39 0.32 0.29 0.31 0.37 0.46
 29   0.55 0.62 0.67 0.68 0.65 0.59 0.51 0.43 0.36 0.31 0.29 0.32 0.39 0.47 0.55 0.61 0.63 0.61 0.55 0.48 0.41 0.36 0.35 0.39
 30   0.47 0.56 0.64 0.70 0.73 0.71 0.66 0.58 0.50 0.42 0.36 0.34 0.37 0.45 0.55 0.65 0.73 0.77 0.75 0.69 0.61 0.52 0.45 0.42
 31   0.45 0.52 0.61 0.72 0.80 0.83 0.81 0.74 0.64 0.53 0.42 0.34 0.30 0.32 0.42 0.57 0.71 0.81 0.87 0.86 0.79 0.68 0.54 0.42
 ----------------------------------------------------------------------------------------------------------------------------
                                                                                               
 ----------------------------------------------------------------------------------------------------------------------------
 ----------------------------------------------------------------------------------------------------------------------------
                                                          SURVEY OF INDIA
                                                    MARINE GEODESY WING (G&RB)
                                                     HOURLY HEIGHTS IN METRES
  NAME OF PORT:- NAGAPATTINAM                                                                       MONTH NOVEMBER  YEAR 2017
 ----------------------------------------------------------------------------------------------------------------------------
 DAYS 0000 0001 0002 0003 0004 0005 0006 0007 0008 0009 0010 0011 0012 0013 0014 0015 0016 0017 0018 0019 0020 0021 0022 0023
 ----------------------------------------------------------------------------------------------------------------------------
  1   0.38 0.42 0.52 0.66 0.78 0.87 0.92 0.91 0.82 0.68 0.53 0.40 0.33 0.32 0.39 0.54 0.70 0.83 0.91 0.92 0.84 0.70 0.53 0.40
  2   0.35 0.38 0.47 0.60 0.74 0.86 0.93 0.95 0.90 0.76 0.58 0.41 0.29 0.26 0.34 0.50 0.68 0.85 0.98 1.03 0.98 0.84 0.68 0.53
  3   0.40 0.34 0.37 0.50 0.66 0.82 0.94 1.00 0.98 0.88 0.71 0.51 0.33 0.25 0.28 0.41 0.59 0.80 1.00 1.11 1.14 1.07 0.92 0.72
  4   0.53 0.40 0.35 0.41 0.55 0.72 0.90 1.02 1.05 0.97 0.81 0.61 0.41 0.25 0.18 0.23 0.39 0.62 0.85 1.04 1.14 1.12 1.00 0.81
  5   0.60 0.41 0.32 0.31 0.39 0.56 0.75 0.91 1.00 1.02 0.93 0.76 0.54 0.34 0.21 0.17 0.25 0.45 0.71 0.93 1.09 1.16 1.11 0.97
  6   0.76 0.54 0.36 0.25 0.26 0.37 0.55 0.73 0.86 0.94 0.95 0.86 0.64 0.42 0.25 0.14 0.13 0.24 0.48 0.72 0.93 1.07 1.11 1.03
  7   0.82 0.61 0.43 0.30 0.24 0.27 0.41 0.58 0.74 0.87 0.92 0.89 0.77 0.60 0.43 0.30 0.21 0.19 0.29 0.49 0.67 0.78 0.84 0.85
  8   0.79 0.66 0.46 0.27 0.14 0.08 0.11 0.21 0.36 0.53 0.63 0.65 0.59 0.46 0.31 0.17 0.08 0.05 0.08 0.18 0.34 0.48 0.57 0.59
  9   0.55 0.46 0.33 0.18 0.03-0.09-0.14-0.12-0.02 0.16 0.40 0.77 0.87 0.85 0.75 0.63 0.51 0.43 0.40 0.44 0.54 0.67 0.81 0.95
 10   1.03 1.04 0.98 0.87 0.72 0.58 0.48 0.44 0.45 0.51 0.61 0.71 0.81 0.87 0.88 0.82 0.70 0.57 0.46 0.41 0.44 0.55 0.68 0.81
 11   0.93 1.00 1.02 0.97 0.87 0.75 0.64 0.54 0.47 0.45 0.49 0.58 0.68 0.78 0.86 0.92 0.94 0.89 0.78 0.65 0.56 0.54 0.59 0.69
 12   0.79 0.88 0.94 0.96 0.94 0.87 0.77 0.67 0.58 0.50 0.46 0.49 0.60 0.72 0.81 0.87 0.89 0.86 0.79 0.72 0.65 0.59 0.57 0.60
 13   0.67 0.75 0.83 0.89 0.92 0.91 0.85 0.76 0.66 0.55 0.45 0.39 0.41 0.51 0.64 0.75 0.83 0.88 0.88 0.82 0.74 0.65 0.57 0.52
 14   0.54 0.61 0.70 0.80 0.89 0.94 0.95 0.89 0.76 0.61 0.47 0.36 0.33 0.38 0.50 0.64 0.78 0.87 0.91 0.88 0.80 0.69 0.57 0.48
 15   0.44 0.47 0.56 0.67 0.78 0.87 0.91 0.88 0.79 0.65 0.48 0.33 0.25 0.27 0.37 0.51 0.66 0.81 0.91 0.94 0.89 0.78 0.64 0.49
 16   0.39 0.36 0.41 0.51 0.63 0.75 0.85 0.88 0.83 0.70 0.54 0.37 0.22 0.16 0.20 0.33 0.50 0.66 0.80 0.88 0.89 0.80 0.65 0.48
 17   0.31 0.22 0.20 0.27 0.42 0.57 0.70 0.78 0.80 0.72 0.55 0.36 0.19 0.11 0.10 0.18 0.34 0.52 0.70 0.85 0.90 0.87 0.75 0.58
 18   0.39 0.24 0.18 0.20 0.31 0.46 0.60 0.72 0.77 0.74 0.61 0.43 0.25 0.13 0.09 0.14 0.28 0.45 0.64 0.79 0.88 0.89 0.81 0.67
 19   0.48 0.31 0.22 0.19 0.25 0.37 0.52 0.64 0.70 0.71 0.64 0.49 0.33 0.17 0.07 0.05 0.13 0.31 0.53 0.69 0.80 0.86 0.84 0.73
 20   0.53 0.35 0.21 0.16 0.19 0.29 0.42 0.56 0.67 0.73 0.72 0.65 0.51 0.33 0.19 0.15 0.20 0.35 0.52 0.69 0.83 0.92 0.93 0.85
 21   0.69 0.52 0.34 0.21 0.17 0.24 0.37 0.51 0.63 0.73 0.79 0.80 0.74 0.61 0.44 0.27 0.17 0.15 0.31 0.68 0.92 1.03 1.06 1.01
 22   0.82 0.54 0.25-0.02-0.14-0.12-0.01 0.14 0.31 0.48 0.63 0.68 0.62 0.50 0.38 0.27 0.19 0.16 0.24 0.42 0.61 0.75 0.83 0.85
 23   0.78 0.67 0.54 0.41 0.31 0.27 0.30 0.38 0.50 0.61 0.69 0.71 0.65 0.55 0.44 0.33 0.25 0.22 0.27 0.39 0.53 0.68 0.79 0.84
 24   0.82 0.73 0.61 0.49 0.38 0.30 0.27 0.30 0.38 0.48 0.58 0.65 0.67 0.61 0.51 0.40 0.30 0.24 0.23 0.30 0.42 0.56 0.69 0.79
 25   0.83 0.80 0.71 0.60 0.50 0.41 0.34 0.30 0.30 0.36 0.44 0.51 0.56 0.57 0.53 0.44 0.34 0.27 0.24 0.25 0.31 0.41 0.53 0.64
 26   0.71 0.72 0.68 0.60 0.50 0.40 0.32 0.27 0.26 0.29 0.36 0.44 0.51 0.55 0.56 0.53 0.46 0.38 0.30 0.26 0.28 0.35 0.45 0.56
 27   0.65 0.70 0.71 0.67 0.60 0.51 0.42 0.33 0.26 0.24 0.27 0.35 0.46 0.55 0.61 0.63 0.61 0.55 0.47 0.40 0.35 0.34 0.38 0.46
 28   0.56 0.65 0.72 0.75 0.72 0.65 0.55 0.45 0.36 0.29 0.27 0.32 0.43 0.56 0.67 0.74 0.76 0.73 0.66 0.56 0.45 0.36 0.33 0.37
 29   0.45 0.54 0.62 0.68 0.70 0.66 0.59 0.50 0.41 0.34 0.31 0.34 0.41 0.52 0.65 0.78 0.86 0.88 0.84 0.76 0.64 0.50 0.38 0.33
 30   0.36 0.43 0.52 0.60 0.66 0.67 0.62 0.54 0.45 0.36 0.31 0.33 0.40 0.50 0.61 0.73 0.85 0.94 0.99 0.98 0.90 0.77 0.62 0.50
 ----------------------------------------------------------------------------------------------------------------------------
                                                                                               
 ----------------------------------------------------------------------------------------------------------------------------
 ----------------------------------------------------------------------------------------------------------------------------
                                                          SURVEY OF INDIA
                                                    MARINE GEODESY WING (G&RB)
                                                     HOURLY HEIGHTS IN METRES
  NAME OF PORT:- NAGAPATTINAM                                                                       MONTH DECEMBER  YEAR 2017
 ----------------------------------------------------------------------------------------------------------------------------
 DAYS 0000 0001 0002 0003 0004 0005 0006 0007 0008 0009 0010 0011 0012 0013 0014 0015 0016 0017 0018 0019 0020 0021 0022 0023
 ----------------------------------------------------------------------------------------------------------------------------
  1
  2
  3
  4
  5
  6
  7
  8
  9
 10
 11
 12
 13
 14
 15
 16
 17
 18
 19
 20
 21
 22
 23
 24
 25
 26
 27
 28
 29
 30
 31
 ----------------------------------------------------------------------------------------------------------------------------
