                                                          SURVEY OF INDIA
                                                    MARINE GEODESY WING (G&RB)
                                                     HOURLY HEIGHTS IN METRES
  NAME OF PORT:- VADINAR                                                                            MONTH JANUARY   YEAR 2016
 ----------------------------------------------------------------------------------------------------------------------------
 DAYS 0000 0001 0002 0003 0004 0005 0006 0007 0008 0009 0010 0011 0012 0013 0014 0015 0016 0017 0018 0019 0020 0021 0022 0023
 ----------------------------------------------------------------------------------------------------------------------------
  1   1.63 1.85 2.47 3.24 3.99 4.66 5.03 4.98 4.49 3.81 3.02 2.17 1.60 1.46 1.79 2.40 3.06 3.66 4.12 4.27 4.08 3.66 3.11 2.53
  2   2.09 1.96 2.21 2.77 3.43 4.11 4.63 4.86 4.69 4.17 3.52 2.73 2.01 1.56 1.50 1.86 2.45 3.08 3.65 4.10 4.27 4.15 3.79 3.31
  3   2.80 2.41 2.24 2.41 2.89 3.45 3.99 4.41 4.57 4.39 3.91 3.27 2.53 1.91 1.49 1.47 1.83 2.42 3.07 3.65 4.13 4.39 4.33 4.02
  4   3.62 3.19 2.73 2.49 2.57 2.96 3.41 3.89 4.28 4.45 4.29 3.81 3.21 2.51 1.86 1.45 1.40 1.79 2.39 3.07 3.71 4.29 4.58 4.55
  5   4.28 3.85 3.35 2.81 2.47 2.46 2.78 3.23 3.69 4.07 4.24 4.11 3.67 3.08 2.36 1.71 1.28 1.24 1.71 2.39 3.14 3.85 4.49 4.82
  6   4.80 4.48 3.96 3.37 2.78 2.40 2.36 2.68 3.16 3.68 4.11 4.33 4.21 3.75 3.11 2.33 1.65 1.19 1.20 1.76 2.55 3.38 4.21 4.87
  7   5.15 5.06 4.63 4.03 3.36 2.69 2.30 2.30 2.70 3.24 3.79 4.27 4.43 4.18 3.60 2.85 1.99 1.31 0.93 1.14 1.88 2.79 3.71 4.57
  8   5.15 5.26 5.01 4.43 3.72 2.95 2.27 1.99 2.16 2.70 3.33 3.93 4.37 4.46 4.05 3.37 2.48 1.62 0.91 0.67 1.17 2.07 3.10 4.04
  9   4.94 5.33 5.37 4.93 4.23 3.43 2.61 2.01 1.84 2.23 2.91 3.59 4.23 4.59 4.48 3.91 3.11 2.13 1.26 0.65 0.63 1.41 2.49 3.51
 10   4.53 5.17 5.49 5.32 4.69 3.91 3.03 2.19 1.72 1.78 2.38 3.15 3.89 4.49 4.72 4.40 3.70 2.79 1.78 0.94 0.49 0.79 1.81 2.88
 11   3.96 4.80 5.44 5.59 5.16 4.40 3.53 2.60 1.83 1.50 1.82 2.59 3.43 4.19 4.72 4.78 4.28 3.48 2.46 1.45 0.67 0.49 1.14 2.21
 12   3.31 4.22 5.15 5.63 5.57 4.96 4.11 3.17 2.17 1.50 1.36 1.95 2.83 3.65 4.40 4.83 4.74 4.09 3.23 2.19 1.27 0.63 0.62 1.51
 13   2.63 3.59 4.59 5.39 5.68 5.38 4.63 3.72 2.72 1.79 1.24 1.37 2.13 3.01 3.84 4.55 4.85 4.61 3.91 3.05 2.05 1.20 0.74 1.02
 14   2.01 2.93 3.93 4.89 5.49 5.60 5.11 4.30 3.33 2.31 1.49 1.13 1.47 2.27 3.17 3.96 4.59 4.81 4.49 3.80 2.97 2.03 1.27 0.98
 15   1.42 2.25 3.23 4.19 5.05 5.51 5.47 4.85 3.99 3.03 2.01 1.28 1.08 1.60 2.44 3.31 4.07 4.67 4.81 4.47 3.81 3.04 2.15 1.53
 16   1.38 1.81 2.64 3.56 4.45 5.15 5.45 5.25 4.57 3.72 2.73 1.79 1.17 1.09 1.64 2.47 3.30 4.05 4.63 4.81 4.54 3.97 3.25 2.49
 17   1.89 1.72 2.05 2.79 3.59 4.39 4.99 5.23 4.99 4.33 3.53 2.55 1.67 1.11 1.05 1.59 2.39 3.21 3.96 4.57 4.82 4.68 4.19 3.59
 18   2.93 2.39 2.07 2.24 2.83 3.53 4.21 4.75 4.97 4.75 4.16 3.39 2.49 1.68 1.11 0.99 1.45 2.21 3.05 3.81 4.50 4.88 4.87 4.50
 19   3.93 3.39 2.73 2.28 2.26 2.67 3.25 3.87 4.40 4.67 4.59 4.09 3.40 2.54 1.71 1.07 0.83 1.18 1.95 2.79 3.60 4.37 4.87 4.93
 20   4.64 4.17 3.53 2.80 2.25 2.07 2.36 2.89 3.51 4.05 4.42 4.46 4.03 3.39 2.55 1.68 0.97 0.67 0.95 1.73 2.67 3.59 4.46 5.03
 21   5.17 4.93 4.33 3.61 2.84 2.17 1.89 2.12 2.69 3.32 3.93 4.39 4.47 4.08 3.40 2.51 1.59 0.83 0.53 0.86 1.77 2.78 3.78 4.71
 22   5.27 5.39 5.05 4.37 3.59 2.75 2.04 1.73 1.99 2.63 3.33 3.99 4.50 4.61 4.19 3.47 2.53 1.59 0.80 0.54 1.01 1.99 3.07 4.07
 23   5.01 5.44 5.49 5.01 4.27 3.41 2.49 1.79 1.57 1.95 2.70 3.46 4.15 4.61 4.63 4.09 3.27 2.28 1.35 0.63 0.53 1.23 2.31 3.39
 24   4.39 5.13 5.52 5.41 4.79 3.97 3.03 2.12 1.53 1.51 2.11 2.93 3.73 4.42 4.79 4.63 3.97 3.13 2.09 1.20 0.63 0.77 1.69 2.75
 25   3.77 4.69 5.38 5.62 5.29 4.56 3.65 2.68 1.83 1.40 1.66 2.42 3.27 4.04 4.69 4.87 4.46 3.69 2.77 1.77 0.99 0.72 1.21 2.23
 26   3.29 4.15 5.05 5.55 5.52 4.93 4.09 3.18 2.23 1.55 1.40 1.95 2.77 3.59 4.34 4.79 4.72 4.11 3.31 2.35 1.47 0.90 0.96 1.75
 27   2.80 3.68 4.60 5.32 5.53 5.24 4.52 3.64 2.68 1.84 1.35 1.52 2.24 3.10 3.89 4.56 4.81 4.54 3.86 3.06 2.12 1.40 1.06 1.42
 28   2.28 3.13 4.05 4.90 5.36 5.34 4.78 3.98 3.08 2.13 1.44 1.26 1.75 2.56 3.37 4.09 4.58 4.63 4.16 3.50 2.68 1.90 1.36 1.32
 29   1.94 2.68 3.56 4.42 5.05 5.27 4.98 4.30 3.49 2.54 1.73 1.27 1.40 2.05 2.86 3.60 4.24 4.56 4.43 3.92 3.26 2.50 1.84 1.50
 30   1.69 2.26 3.03 3.84 4.56 4.98 4.98 4.50 3.80 2.96 2.08 1.44 1.23 1.58 2.27 3.00 3.68 4.22 4.42 4.22 3.73 3.14 2.46 1.96
 31   1.76 2.02 2.64 3.36 4.04 4.60 4.84 4.64 4.09 3.38 2.52 1.76 1.28 1.24 1.72 2.40 3.12 3.74 4.20 4.32 4.09 3.66 3.12 2.55
 ----------------------------------------------------------------------------------------------------------------------------
                                                                                               
 ----------------------------------------------------------------------------------------------------------------------------
 ----------------------------------------------------------------------------------------------------------------------------
                                                          SURVEY OF INDIA
                                                    MARINE GEODESY WING (G&RB)
                                                     HOURLY HEIGHTS IN METRES
  NAME OF PORT:- VADINAR                                                                            MONTH FEBRUARY  YEAR 2016
 ----------------------------------------------------------------------------------------------------------------------------
 DAYS 0000 0001 0002 0003 0004 0005 0006 0007 0008 0009 0010 0011 0012 0013 0014 0015 0016 0017 0018 0019 0020 0021 0022 0023
 ----------------------------------------------------------------------------------------------------------------------------
  1   2.12 2.06 2.36 2.92 3.52 4.09 4.49 4.60 4.30 3.77 3.08 2.28 1.64 1.30 1.37 1.86 2.52 3.18 3.75 4.16 4.29 4.12 3.75 3.29
  2   2.76 2.41 2.28 2.48 2.93 3.45 3.93 4.25 4.33 4.06 3.56 2.93 2.22 1.66 1.34 1.41 1.88 2.50 3.16 3.76 4.24 4.44 4.36 4.02
  3   3.56 3.12 2.67 2.41 2.47 2.80 3.22 3.65 3.97 4.08 3.88 3.47 2.90 2.25 1.66 1.29 1.28 1.70 2.34 3.04 3.70 4.28 4.58 4.56
  4   4.24 3.82 3.28 2.74 2.37 2.32 2.57 2.98 3.46 3.86 4.12 4.08 3.70 3.16 2.48 1.80 1.33 1.22 1.63 2.32 3.10 3.82 4.54 4.91
  5   4.92 4.62 4.10 3.48 2.82 2.36 2.21 2.45 2.91 3.44 3.91 4.20 4.17 3.78 3.15 2.38 1.64 1.10 1.00 1.53 2.36 3.22 4.08 4.81
  6   5.16 5.10 4.69 4.06 3.34 2.58 2.10 1.99 2.34 2.94 3.54 4.09 4.39 4.30 3.80 3.08 2.20 1.42 0.89 0.89 1.60 2.52 3.50 4.41
  7   5.12 5.36 5.18 4.58 3.82 2.98 2.18 1.75 1.81 2.38 3.12 3.81 4.41 4.66 4.40 3.76 2.90 1.92 1.08 0.59 0.82 1.74 2.81 3.83
  8   4.82 5.38 5.50 5.08 4.34 3.48 2.54 1.80 1.48 1.80 2.54 3.36 4.12 4.68 4.81 4.40 3.63 2.68 1.66 0.82 0.51 1.02 2.10 3.20
  9   4.30 5.11 5.58 5.53 4.90 4.04 3.09 2.10 1.41 1.28 1.86 2.78 3.67 4.47 4.96 4.94 4.30 3.45 2.38 1.40 0.62 0.56 1.38 2.52
 10   3.60 4.55 5.36 5.69 5.40 4.61 3.66 2.63 1.69 1.12 1.25 2.08 3.07 3.96 4.76 5.12 4.88 4.14 3.22 2.13 1.20 0.58 0.79 1.80
 11   2.92 3.93 4.96 5.62 5.72 5.16 4.28 3.28 2.20 1.34 0.94 1.38 2.34 3.33 4.22 4.94 5.20 4.81 4.01 3.06 2.00 1.15 0.77 1.26
 12   2.28 3.29 4.32 5.22 5.68 5.52 4.78 3.85 2.81 1.72 0.92 0.78 1.48 2.47 3.46 4.34 4.98 5.10 4.60 3.81 2.90 1.92 1.16 0.97
 13   1.62 2.54 3.56 4.52 5.27 5.53 5.18 4.38 3.40 2.28 1.34 0.72 0.82 1.62 2.63 3.56 4.38 4.93 4.98 4.50 3.79 2.95 2.04 1.40
 14   1.30 1.88 2.76 3.68 4.53 5.09 5.21 4.76 3.96 3.00 1.94 1.10 0.65 0.89 1.68 2.62 3.52 4.28 4.79 4.83 4.40 3.78 3.00 2.21
 15   1.68 1.60 2.10 2.86 3.65 4.38 4.82 4.86 4.36 3.63 2.73 1.78 1.04 0.72 1.00 1.74 2.62 3.44 4.14 4.63 4.72 4.38 3.83 3.17
 16   2.43 1.96 1.84 2.25 2.88 3.52 4.10 4.48 4.50 4.09 3.46 2.64 1.81 1.16 0.83 1.01 1.66 2.43 3.24 3.94 4.54 4.76 4.58 4.14
 17   3.56 2.92 2.30 2.00 2.14 2.62 3.18 3.70 4.15 4.30 4.08 3.58 2.90 2.17 1.48 1.01 1.00 1.50 2.26 3.06 3.83 4.52 4.90 4.89
 18   4.52 4.00 3.34 2.61 2.13 2.03 2.38 2.92 3.48 3.98 4.31 4.28 3.90 3.32 2.56 1.80 1.20 0.98 1.34 2.10 2.96 3.80 4.62 5.12
 19   5.18 4.87 4.28 3.56 2.78 2.15 1.89 2.12 2.70 3.32 3.92 4.36 4.46 4.12 3.52 2.71 1.88 1.20 0.89 1.22 2.03 2.94 3.84 4.68
 20   5.13 5.20 4.82 4.15 3.36 2.49 1.82 1.58 1.92 2.56 3.26 3.99 4.43 4.47 4.00 3.31 2.42 1.56 0.88 0.72 1.32 2.24 3.24 4.16
 21   4.98 5.26 5.15 4.56 3.81 2.93 2.06 1.51 1.49 2.06 2.82 3.58 4.27 4.65 4.52 3.94 3.16 2.20 1.34 0.77 0.84 1.62 2.64 3.62
 22   4.58 5.13 5.35 5.04 4.34 3.50 2.54 1.74 1.32 1.56 2.29 3.12 3.92 4.56 4.79 4.48 3.77 2.92 1.94 1.14 0.77 1.14 2.08 3.10
 23   4.10 4.84 5.34 5.33 4.77 3.96 3.04 2.08 1.40 1.27 1.83 2.68 3.54 4.29 4.78 4.79 4.25 3.50 2.56 1.64 1.00 0.92 1.64 2.61
 24   3.66 4.46 5.14 5.37 5.04 4.30 3.42 2.43 1.58 1.16 1.40 2.18 3.09 3.94 4.65 4.94 4.68 4.00 3.17 2.22 1.41 1.02 1.34 2.21
 25   3.24 4.06 4.88 5.35 5.30 4.70 3.88 2.95 1.98 1.33 1.21 1.80 2.68 3.60 4.42 4.94 5.00 4.48 3.74 2.86 1.97 1.34 1.21 1.82
 26   2.78 3.58 4.46 5.13 5.36 5.05 4.32 3.45 2.44 1.59 1.12 1.33 2.10 2.98 3.84 4.58 4.93 4.78 4.17 3.42 2.54 1.76 1.36 1.57
 27   2.36 3.12 3.96 4.76 5.18 5.13 4.56 3.76 2.82 1.90 1.22 1.11 1.65 2.49 3.36 4.14 4.73 4.89 4.52 3.89 3.14 2.32 1.72 1.56
 28   2.04 2.71 3.50 4.28 4.85 5.07 4.76 4.10 3.28 2.34 1.58 1.16 1.34 2.03 2.86 3.68 4.38 4.78 4.75 4.29 3.68 2.96 2.24 1.86
 29   1.92 2.41 3.09 3.82 4.46 4.85 4.85 4.38 3.70 2.90 2.02 1.40 1.21 1.60 2.32 3.10 3.84 4.46 4.72 4.58 4.13 3.56 2.88 2.29
 ----------------------------------------------------------------------------------------------------------------------------
                                                                                              
 ----------------------------------------------------------------------------------------------------------------------------
 ----------------------------------------------------------------------------------------------------------------------------
                                                          SURVEY OF INDIA
                                                    MARINE GEODESY WING (G&RB)
                                                     HOURLY HEIGHTS IN METRES
  NAME OF PORT:- VADINAR                                                                            MONTH MARCH     YEAR 2016
 ----------------------------------------------------------------------------------------------------------------------------
 DAYS 0000 0001 0002 0003 0004 0005 0006 0007 0008 0009 0010 0011 0012 0013 0014 0015 0016 0017 0018 0019 0020 0021 0022 0023
 ----------------------------------------------------------------------------------------------------------------------------
  1   2.05 2.18 2.68 3.29 3.89 4.41 4.65 4.51 4.00 3.32 2.53 1.80 1.32 1.36 1.88 2.60 3.34 4.00 4.49 4.64 4.43 4.02 3.48 2.90
  2   2.46 2.27 2.41 2.85 3.37 3.86 4.28 4.40 4.18 3.71 3.10 2.38 1.79 1.47 1.53 2.02 2.70 3.37 3.98 4.46 4.65 4.53 4.16 3.68
  3   3.16 2.72 2.45 2.51 2.84 3.27 3.71 4.08 4.21 4.10 3.71 3.17 2.54 1.96 1.58 1.56 1.96 2.58 3.25 3.87 4.44 4.72 4.70 4.42
  4   3.98 3.50 2.98 2.56 2.43 2.60 2.98 3.41 3.80 4.08 4.12 3.86 3.36 2.76 2.12 1.61 1.44 1.73 2.32 3.03 3.74 4.40 4.84 4.94
  5   4.70 4.25 3.64 3.02 2.42 2.15 2.25 2.66 3.17 3.69 4.09 4.22 4.02 3.54 2.86 2.12 1.53 1.24 1.48 2.16 2.96 3.76 4.54 5.02
  6   5.12 4.83 4.25 3.54 2.76 2.12 1.84 2.02 2.56 3.21 3.82 4.32 4.50 4.22 3.62 2.85 2.00 1.32 1.03 1.40 2.22 3.15 4.07 4.88
  7   5.34 5.33 4.88 4.18 3.36 2.46 1.80 1.58 1.94 2.66 3.44 4.15 4.68 4.79 4.36 3.66 2.74 1.80 1.06 0.87 1.43 2.40 3.46 4.41
  8   5.27 5.55 5.36 4.70 3.83 2.87 1.92 1.33 1.31 2.00 2.90 3.78 4.58 5.05 5.03 4.43 3.60 2.60 1.60 0.88 0.82 1.63 2.76 3.82
  9   4.87 5.49 5.67 5.29 4.47 3.59 2.45 1.55 1.05 1.31 2.16 3.17 4.11 4.91 5.29 5.11 4.38 3.47 2.37 1.39 0.79 1.01 2.02 3.16
 10   4.24 5.12 5.70 5.76 5.04 4.09 3.04 1.93 1.09 0.77 1.33 2.37 3.45 4.41 5.19 5.41 5.03 4.18 3.19 2.09 1.19 0.79 1.33 2.45
 11   3.55 4.51 5.35 5.73 5.48 4.61 3.61 2.47 1.40 0.69 0.71 1.58 2.68 3.75 4.74 5.37 5.49 4.95 4.07 3.08 2.01 1.21 1.04 1.81
 12   2.88 3.84 4.85 5.51 5.67 5.13 4.23 3.19 2.01 1.07 0.52 0.79 1.79 2.89 3.94 4.89 5.43 5.44 4.81 3.94 2.97 1.99 1.31 1.38
 13   2.23 3.12 4.08 4.99 5.47 5.46 4.81 3.89 2.85 1.77 0.99 0.62 1.05 2.06 3.12 4.10 4.98 5.39 5.25 4.63 3.81 2.89 1.98 1.49
 14   1.61 2.38 3.25 4.13 4.89 5.27 5.13 4.45 3.57 2.55 1.58 0.86 0.66 1.21 2.04 3.10 4.05 4.82 5.20 5.08 4.54 3.84 3.01 2.23
 15   1.75 1.83 2.43 3.20 3.94 4.58 4.89 4.75 4.17 3.39 2.43 1.56 0.93 0.81 1.37 2.21 3.11 3.94 4.66 5.01 4.92 4.50 3.88 3.16
 16   2.43 2.00 1.93 2.36 2.97 3.61 4.17 4.48 4.41 3.97 3.31 2.49 1.72 1.17 0.98 1.37 2.09 2.91 3.67 4.37 4.81 4.86 4.59 4.06
 17   3.43 2.76 2.21 1.99 2.17 2.69 3.25 3.77 4.17 4.29 4.05 3.55 2.89 2.17 1.57 1.25 1.39 1.95 2.70 3.45 4.19 4.75 4.95 4.81
 18   4.33 3.76 3.07 2.39 1.98 1.96 2.35 2.91 3.50 3.99 4.29 4.25 3.85 3.27 2.56 1.88 1.40 1.31 1.77 2.49 3.29 4.08 4.75 5.05
 19   4.95 4.49 3.85 3.07 2.31 1.81 1.71 2.12 2.74 3.39 3.96 4.35 4.40 4.03 3.45 2.69 1.93 1.37 1.21 1.65 2.43 3.29 4.11 4.82
 20   5.13 5.01 4.49 3.77 2.93 2.11 1.60 1.58 2.11 2.82 3.55 4.21 4.60 4.59 4.13 3.48 2.67 1.85 1.26 1.15 1.71 2.57 3.48 4.32
 21   4.94 5.17 4.90 4.23 3.43 2.49 1.71 1.29 1.48 2.17 2.99 3.77 4.41 4.72 4.54 3.98 3.22 2.34 1.57 1.10 1.25 1.99 2.93 3.82
 22   4.67 5.07 5.09 4.59 3.81 2.90 1.96 1.29 1.13 1.65 2.49 3.35 4.11 4.68 4.81 4.40 3.73 2.89 1.99 1.32 1.07 1.53 2.41 3.37
 23   4.25 4.89 5.17 4.91 4.21 3.33 2.33 1.49 1.02 1.23 2.02 2.95 3.83 4.58 4.97 4.82 4.21 3.45 2.49 1.65 1.16 1.30 2.08 3.01
 24   3.91 4.67 5.11 5.06 4.49 3.68 2.73 1.77 1.09 0.97 1.60 2.51 3.45 4.29 4.91 5.07 4.65 3.93 3.07 2.13 1.43 1.24 1.77 2.63
 25   3.55 4.33 4.95 5.16 4.81 4.05 3.17 2.17 1.36 0.95 1.22 2.07 3.01 3.91 4.69 5.08 4.94 4.33 3.54 2.61 1.78 1.31 1.42 2.16
 26   3.09 3.85 4.59 5.00 4.90 4.27 3.48 2.49 1.56 0.91 0.83 1.51 2.45 3.40 4.25 4.89 5.06 4.68 3.99 3.17 2.25 1.61 1.42 1.90
 27   2.72 3.49 4.26 4.84 4.98 4.61 3.88 3.01 2.01 1.25 0.89 1.21 2.06 3.01 3.89 4.67 5.08 4.99 4.41 3.71 2.85 2.07 1.61 1.70
 28   2.35 3.08 3.83 4.50 4.85 4.73 4.15 3.39 2.44 1.60 1.01 0.99 1.63 2.51 3.41 4.25 4.86 5.05 4.73 4.13 3.41 2.61 1.99 1.77
 29   2.04 2.67 3.38 4.07 4.57 4.73 4.39 3.75 2.97 2.11 1.39 1.05 1.29 2.01 2.88 3.71 4.48 4.91 4.93 4.53 3.95 3.26 2.55 2.09
 30   2.01 2.38 2.99 3.61 4.19 4.53 4.51 4.11 3.49 2.72 1.97 1.39 1.25 1.67 2.41 3.20 3.95 4.59 4.89 4.79 4.37 3.82 3.15 2.54
 31   2.19 2.18 2.55 3.09 3.64 4.11 4.36 4.28 3.86 3.30 2.59 1.93 1.48 1.40 1.80 2.48 3.21 3.89 4.49 4.77 4.71 4.36 3.84 3.24
 ----------------------------------------------------------------------------------------------------------------------------
                                                                                               
 ----------------------------------------------------------------------------------------------------------------------------
 ----------------------------------------------------------------------------------------------------------------------------
                                                          SURVEY OF INDIA
                                                    MARINE GEODESY WING (G&RB)
                                                     HOURLY HEIGHTS IN METRES
  NAME OF PORT:- VADINAR                                                                            MONTH APRIL     YEAR 2016
 ----------------------------------------------------------------------------------------------------------------------------
 DAYS 0000 0001 0002 0003 0004 0005 0006 0007 0008 0009 0010 0011 0012 0013 0014 0015 0016 0017 0018 0019 0020 0021 0022 0023
 ----------------------------------------------------------------------------------------------------------------------------
  1   2.66 2.30 2.22 2.50 2.93 3.42 3.83 4.11 4.11 3.81 3.32 2.66 2.03 1.59 1.48 1.81 2.40 3.09 3.75 4.37 4.74 4.79 4.49 4.00
  2   3.42 2.83 2.35 2.13 2.24 2.65 3.13 3.60 4.00 4.15 4.00 3.60 3.03 2.37 1.80 1.51 1.62 2.15 2.83 3.53 4.20 4.73 4.89 4.67
  3   4.18 3.61 2.93 2.27 1.91 1.92 2.32 2.88 3.46 3.97 4.27 4.26 3.87 3.30 2.58 1.90 1.44 1.43 1.95 2.70 3.49 4.27 4.88 5.09
  4   4.89 4.35 3.69 2.89 2.13 1.64 1.67 2.19 2.91 3.60 4.25 4.66 4.64 4.19 3.52 2.69 1.88 1.33 1.29 1.91 2.77 3.65 4.57 5.18
  5   5.36 5.05 4.39 3.56 2.61 1.77 1.30 1.46 2.18 3.02 3.85 4.60 5.00 4.92 4.34 3.56 2.62 1.75 1.19 1.23 1.98 2.95 3.93 4.87
  6   5.41 5.48 4.99 4.16 3.21 2.17 1.35 1.01 1.38 2.29 3.27 4.19 4.98 5.31 5.10 4.39 3.49 2.46 1.56 1.05 1.29 2.21 3.27 4.29
  7   5.18 5.56 5.50 4.80 3.85 2.81 1.72 0.92 0.76 1.45 2.52 3.61 4.55 5.29 5.55 5.16 4.35 3.41 2.35 1.49 1.09 1.55 2.57 3.63
  8   4.65 5.37 5.64 5.26 4.41 3.36 2.19 1.18 0.47 0.61 1.61 2.75 3.85 4.86 5.53 5.66 5.07 4.19 3.24 2.11 1.31 1.12 1.82 2.89
  9   3.95 4.83 5.43 5.54 4.93 3.98 2.90 1.71 0.73 0.31 0.74 1.87 3.01 4.09 5.09 5.65 5.64 4.97 4.05 3.05 2.03 1.33 1.29 2.13
 10   3.21 4.07 4.95 5.41 5.34 4.60 3.61 2.47 1.37 0.51 0.28 0.97 2.13 3.23 4.29 5.21 5.68 5.51 4.81 3.90 2.91 1.96 1.39 1.53
 11   2.45 3.29 4.18 4.93 5.25 5.03 4.25 3.29 2.19 1.21 0.49 0.45 1.29 2.37 3.45 4.47 5.29 5.59 5.33 4.63 3.77 2.86 1.99 1.53
 12   1.77 2.47 3.32 4.11 4.75 5.00 4.70 3.98 3.11 2.07 1.21 0.64 0.77 1.57 2.58 3.57 4.51 5.20 5.41 5.13 4.49 3.69 2.82 2.04
 13   1.64 1.82 2.47 3.23 3.93 4.48 4.67 4.39 3.76 3.01 2.09 1.34 0.90 1.05 1.77 2.67 3.57 4.40 5.01 5.21 4.98 4.42 3.69 2.91
 14   2.21 1.84 1.91 2.42 3.07 3.69 4.17 4.40 4.25 3.77 3.14 2.37 1.71 1.29 1.32 1.91 2.65 3.45 4.23 4.83 5.07 4.95 4.45 3.81
 15   3.15 2.43 1.95 1.86 2.23 2.82 3.39 3.92 4.29 4.34 4.02 3.51 2.87 2.22 1.74 1.60 1.93 2.57 3.29 3.99 4.62 4.97 4.97 4.56
 16   4.01 3.35 2.59 1.99 1.72 1.97 2.50 3.09 3.68 4.15 4.34 4.19 3.74 3.20 2.61 2.07 1.67 1.81 2.41 3.12 3.85 4.53 4.96 4.97
 17   4.57 4.05 3.36 2.55 1.93 1.65 1.84 2.43 3.11 3.74 4.30 4.59 4.49 4.07 3.47 2.75 2.11 1.73 1.82 2.41 3.14 3.89 4.61 5.03
 18   5.04 4.67 4.02 3.23 2.37 1.71 1.45 1.77 2.47 3.21 3.93 4.52 4.77 4.60 4.09 3.41 2.63 1.95 1.59 1.76 2.43 3.24 4.02 4.71
 19   5.04 4.96 4.43 3.69 2.85 1.97 1.40 1.34 1.92 2.69 3.51 4.24 4.78 4.91 4.57 3.95 3.17 2.35 1.72 1.49 1.93 2.68 3.52 4.32
 20   4.89 5.05 4.77 4.10 3.29 2.34 1.55 1.15 1.38 2.11 2.99 3.82 4.57 4.97 4.91 4.39 3.68 2.85 2.02 1.53 1.60 2.23 3.05 3.87
 21   4.59 4.94 4.91 4.37 3.61 2.69 1.79 1.17 1.09 1.68 2.58 3.49 4.31 4.92 5.12 4.81 4.16 3.36 2.53 1.84 1.60 1.75 2.37 3.50
 22   4.21 4.79 5.01 4.69 3.97 3.12 2.13 1.37 0.98 1.29 2.15 3.09 4.07 4.85 5.27 5.20 4.63 3.89 3.05 2.21 1.66 1.67 2.31 3.12
 23   3.95 4.58 4.99 4.92 4.33 3.54 2.54 1.63 1.00 1.01 1.74 2.70 3.63 4.53 5.20 5.39 5.05 4.35 3.55 2.69 1.95 1.65 1.99 2.73
 24   3.59 4.25 4.82 5.01 4.66 3.90 3.01 2.01 1.21 0.91 1.31 2.21 3.17 4.09 4.93 5.40 5.33 4.79 4.01 3.19 2.35 1.77 1.72 2.29
 25   3.09 3.79 4.48 4.86 4.77 4.16 3.37 2.41 1.52 0.95 0.94 1.65 2.61 3.57 4.49 5.14 5.33 5.02 4.37 3.59 2.75 2.01 1.73 2.01
 26   2.72 3.38 4.05 4.58 4.73 4.37 3.69 2.83 1.90 1.17 0.87 1.22 2.07 3.01 3.95 4.78 5.22 5.19 4.69 3.97 3.19 2.37 1.82 1.76
 27   2.29 2.89 3.57 4.19 4.54 4.53 4.02 3.31 2.43 1.60 1.01 0.93 1.53 2.41 3.31 4.15 4.85 5.11 4.93 4.38 3.69 2.89 2.20 1.81
 28   1.88 2.39 3.01 3.61 4.13 4.38 4.21 3.68 2.97 2.17 1.45 1.05 1.17 1.81 2.66 3.51 4.31 4.88 5.05 4.80 4.24 3.56 2.79 2.17
 29   1.89 1.99 2.47 3.05 3.61 4.07 4.25 4.05 3.57 2.93 2.20 1.59 1.26 1.42 2.05 2.84 3.64 4.39 4.90 5.04 4.77 4.23 3.59 2.87
 30   2.26 1.99 2.05 2.47 3.01 3.55 3.98 4.21 4.13 3.73 3.18 2.49 1.91 1.57 1.65 2.17 2.89 3.61 4.31 4.82 5.01 4.81 4.31 3.68
 ----------------------------------------------------------------------------------------------------------------------------
                                                                                               
 ----------------------------------------------------------------------------------------------------------------------------
 ----------------------------------------------------------------------------------------------------------------------------
                                                          SURVEY OF INDIA
                                                    MARINE GEODESY WING (G&RB)
                                                     HOURLY HEIGHTS IN METRES
  NAME OF PORT:- VADINAR                                                                            MONTH MAY       YEAR 2016
 ----------------------------------------------------------------------------------------------------------------------------
 DAYS 0000 0001 0002 0003 0004 0005 0006 0007 0008 0009 0010 0011 0012 0013 0014 0015 0016 0017 0018 0019 0020 0021 0022 0023
 ----------------------------------------------------------------------------------------------------------------------------
  1   2.96 2.35 1.94 1.89 2.25 2.78 3.33 3.83 4.18 4.22 3.93 3.42 2.78 2.16 1.70 1.63 2.03 2.71 3.44 4.15 4.73 5.01 4.89 4.43
  2   3.76 3.12 2.39 1.84 1.69 2.02 2.59 3.23 3.83 4.32 4.49 4.26 3.75 3.10 2.37 1.81 1.59 1.91 2.60 3.37 4.12 4.76 5.09 4.97
  3   4.44 3.83 3.03 2.18 1.57 1.33 1.69 2.38 3.19 3.93 4.55 4.80 4.59 4.03 3.33 2.49 1.81 1.50 1.81 2.57 3.37 4.18 4.89 5.21
  4   5.05 4.51 3.75 2.82 1.87 1.18 1.03 1.54 2.43 3.31 4.15 4.84 5.09 4.80 4.14 3.35 2.41 1.69 1.39 1.75 2.58 3.46 4.37 5.06
  5   5.29 5.08 4.37 3.45 2.40 1.41 0.71 0.68 1.51 2.53 3.55 4.51 5.19 5.38 4.97 4.21 3.33 2.35 1.61 1.33 1.81 2.73 3.69 4.59
  6   5.19 5.33 4.87 4.01 3.01 1.87 0.90 0.39 0.70 1.70 2.81 3.85 4.85 5.48 5.58 5.04 4.19 3.28 2.26 1.54 1.37 2.00 2.95 3.91
  7   4.77 5.27 5.30 4.63 3.69 2.59 1.47 0.70 0.39 0.85 1.93 3.07 4.17 5.17 5.71 5.69 5.02 4.13 3.17 2.17 1.48 1.43 2.20 3.17
  8   4.13 4.86 5.28 5.15 4.39 3.41 2.28 1.22 0.50 0.39 1.14 2.23 3.38 4.45 5.39 5.82 5.64 4.90 4.00 3.01 2.03 1.45 1.57 2.37
  9   3.31 4.16 4.88 5.17 4.89 4.08 3.12 1.96 0.96 0.29 0.40 1.35 2.53 3.62 4.72 5.53 5.83 5.49 4.72 3.80 2.82 1.92 1.48 1.76
 10   2.60 3.40 4.20 4.86 5.08 4.69 3.88 2.95 1.84 0.96 0.45 0.70 1.68 2.75 3.82 4.86 5.54 5.72 5.32 4.55 3.65 2.72 1.89 1.56
 11   1.90 2.60 3.41 4.14 4.69 4.84 4.42 3.69 2.80 1.86 1.07 0.73 1.08 1.96 2.98 3.95 4.84 5.41 5.47 5.00 4.26 3.42 2.51 1.81
 12   1.57 1.90 2.59 3.32 3.96 4.44 4.56 4.19 3.55 2.76 1.92 1.30 1.05 1.40 2.21 3.14 4.04 4.82 5.28 5.28 4.84 4.14 3.33 2.49
 13   1.88 1.68 1.96 2.59 3.25 3.85 4.28 4.40 4.08 3.54 2.86 2.12 1.56 1.36 1.69 2.38 3.18 3.98 4.69 5.09 5.08 4.68 4.04 3.30
 14   2.54 1.94 1.70 1.92 2.46 3.07 3.64 4.11 4.32 4.18 3.78 3.20 2.55 2.00 1.72 1.85 2.40 3.12 3.82 4.48 4.90 4.98 4.63 4.06
 15   3.39 2.66 2.02 1.68 1.76 2.24 2.84 3.44 3.97 4.30 4.32 4.01 3.54 2.98 2.38 2.00 1.97 2.40 3.03 3.69 4.34 4.77 4.88 4.58
 16   4.05 3.41 2.62 1.96 1.56 1.61 2.10 2.77 3.44 4.04 4.45 4.54 4.24 3.76 3.18 2.53 2.09 2.00 2.37 2.94 3.60 4.21 4.68 4.80
 17   4.48 3.96 3.26 2.42 1.76 1.40 1.52 2.14 2.89 3.60 4.25 4.67 4.71 4.38 3.86 3.20 2.53 2.06 1.97 2.37 2.99 3.68 4.34 4.74
 18   4.79 4.40 3.76 2.96 2.10 1.45 1.20 1.56 2.28 3.08 3.86 4.54 4.89 4.82 4.38 3.77 3.07 2.38 2.00 2.00 2.48 3.16 3.87 4.48
 19   4.76 4.68 4.16 3.45 2.58 1.76 1.27 1.26 1.82 2.64 3.50 4.32 4.92 5.12 4.99 4.55 3.90 3.12 2.34 2.10 2.26 2.70 3.25 3.86
 20   4.44 4.79 4.73 4.20 3.46 2.58 1.62 1.35 1.48 2.00 2.67 3.56 4.44 5.06 5.27 5.02 4.34 3.54 2.64 2.12 2.10 2.46 3.00 3.58
 21   4.23 4.65 4.76 4.38 3.64 2.78 2.02 1.48 1.39 1.78 2.40 3.20 4.11 4.86 5.32 5.34 4.86 3.92 3.04 2.29 2.04 2.28 2.80 3.40
 22   4.05 4.60 4.81 4.49 3.80 2.93 2.00 1.24 0.93 1.16 2.11 3.08 4.00 4.86 5.37 5.38 4.91 4.19 3.39 2.62 2.14 2.08 2.43 3.06
 23   3.73 4.39 4.77 4.72 4.16 3.36 2.42 1.54 0.98 0.95 1.61 2.50 3.47 4.40 5.14 5.44 5.24 4.61 3.82 3.00 2.32 1.96 2.12 2.62
 24   3.21 3.94 4.50 4.72 4.45 3.74 2.88 1.91 1.08 0.73 1.02 1.92 2.90 3.84 4.79 5.34 5.41 4.98 4.26 3.47 2.61 1.94 1.71 2.06
 25   2.76 3.47 4.17 4.61 4.65 4.12 3.40 2.46 1.57 0.92 0.83 1.44 2.40 3.36 4.29 5.08 5.44 5.30 4.72 3.94 3.14 2.32 1.78 1.77
 26   2.28 2.99 3.70 4.31 4.60 4.41 3.82 3.04 2.13 1.38 0.90 1.05 1.81 2.73 3.66 4.57 5.18 5.36 5.07 4.44 3.66 2.82 2.06 1.68
 27   1.84 2.42 3.13 3.79 4.30 4.47 4.19 3.57 2.78 1.94 1.26 0.95 1.28 2.11 3.00 3.87 4.70 5.20 5.24 4.83 4.16 3.39 2.54 1.90
 28   1.66 1.92 2.54 3.21 3.82 4.28 4.40 4.07 3.48 2.75 1.99 1.40 1.24 1.61 2.40 3.25 4.07 4.83 5.23 5.19 4.74 4.06 3.27 2.46
 29   1.88 1.70 2.00 2.60 3.22 3.82 4.28 4.40 4.13 3.60 2.94 2.22 1.68 1.47 1.80 2.52 3.31 4.10 4.79 5.17 5.10 4.64 3.96 3.18
 30   2.36 1.82 1.61 1.85 2.41 3.06 3.66 4.17 4.41 4.28 3.84 3.24 2.56 1.98 1.68 1.87 2.53 3.28 4.02 4.69 5.08 5.03 4.54 3.86
 31   3.08 2.28 1.64 1.36 1.57 2.19 2.90 3.58 4.20 4.58 4.54 4.14 3.55 2.86 2.20 1.77 1.83 2.42 3.17 3.91 4.60 5.03 5.04 4.57
 ----------------------------------------------------------------------------------------------------------------------------
                                                                                               
 ----------------------------------------------------------------------------------------------------------------------------
 ----------------------------------------------------------------------------------------------------------------------------
                                                          SURVEY OF INDIA
                                                    MARINE GEODESY WING (G&RB)
                                                     HOURLY HEIGHTS IN METRES
  NAME OF PORT:- VADINAR                                                                            MONTH JUNE      YEAR 2016
 ----------------------------------------------------------------------------------------------------------------------------
 DAYS 0000 0001 0002 0003 0004 0005 0006 0007 0008 0009 0010 0011 0012 0013 0014 0015 0016 0017 0018 0019 0020 0021 0022 0023
 ----------------------------------------------------------------------------------------------------------------------------
  1   3.88 3.10 2.20 1.45 1.08 1.28 1.96 2.78 3.59 4.34 4.81 4.87 4.48 3.86 3.14 2.37 1.82 1.75 2.28 3.04 3.81 4.54 5.00 5.06
  2   4.59 3.93 3.06 2.04 1.22 0.76 1.00 1.82 2.77 3.68 4.53 5.08 5.16 4.74 4.05 3.26 2.41 1.81 1.68 2.20 3.00 3.77 4.54 4.99
  3   4.99 4.52 3.74 2.77 1.68 0.80 0.45 0.82 1.78 2.82 3.80 4.73 5.28 5.30 4.79 4.04 3.17 2.27 1.66 1.54 2.11 2.93 3.78 4.56
  4   5.00 4.98 4.38 3.50 2.40 1.34 0.48 0.24 0.81 1.90 2.99 4.10 5.06 5.52 5.44 4.82 3.98 3.07 2.16 1.55 1.55 2.24 3.10 3.94
  5   4.71 5.02 4.86 4.16 3.20 2.06 1.01 0.22 0.16 1.04 2.18 3.30 4.37 5.26 5.65 5.46 4.73 3.82 2.88 1.98 1.44 1.56 2.33 3.22
  6   4.12 4.74 5.01 4.73 3.94 2.94 1.80 0.80 0.14 0.31 1.30 2.48 3.60 4.68 5.46 5.72 5.38 4.60 3.68 2.72 1.84 1.38 1.65 2.47
  7   3.35 4.11 4.78 5.00 4.62 3.80 2.80 1.70 0.74 0.27 0.62 1.72 2.82 3.86 4.90 5.58 5.72 5.24 4.42 3.51 2.52 1.74 1.40 1.81
  8   2.64 3.44 4.21 4.78 4.90 4.45 3.65 2.67 1.66 0.81 0.49 1.04 2.08 3.13 4.16 5.13 5.66 5.67 5.11 4.29 3.38 2.45 1.71 1.50
  9   2.04 2.77 3.55 4.27 4.73 4.79 4.29 3.55 2.61 1.71 1.03 0.87 1.49 2.43 3.44 4.41 5.22 5.60 5.46 4.84 4.03 3.15 2.25 1.67
 10   1.58 2.10 2.83 3.56 4.21 4.65 4.61 4.09 3.39 2.55 1.76 1.21 1.20 1.87 2.76 3.65 4.55 5.19 5.43 5.22 4.61 3.82 2.99 2.19
 11   1.70 1.69 2.19 2.86 3.52 4.14 4.53 4.51 4.08 3.49 2.75 2.05 1.61 1.61 2.21 2.99 3.79 4.57 5.10 5.26 4.97 4.36 3.63 2.84
 12   2.10 1.72 1.76 2.25 2.90 3.51 4.03 4.37 4.39 4.05 3.54 2.96 2.37 1.98 1.97 2.43 3.09 3.80 4.48 4.94 5.07 4.75 4.18 3.51
 13   2.69 2.07 1.68 1.71 2.15 2.77 3.37 3.91 4.30 4.36 4.15 3.71 3.16 2.61 2.21 2.16 2.54 3.12 3.72 4.31 4.72 4.84 4.56 4.02
 14   3.39 2.65 2.04 1.65 1.66 2.11 2.72 3.36 3.95 4.40 4.57 4.39 3.98 3.49 2.93 2.47 2.33 2.61 3.11 3.67 4.23 4.64 4.77 4.50
 15   3.99 3.35 2.61 1.97 1.57 1.60 2.09 2.76 3.47 4.13 4.64 4.83 4.67 4.28 3.71 3.11 2.62 2.41 2.59 3.07 3.63 4.17 4.62 4.72
 16   4.44 3.93 3.27 2.51 1.83 1.43 1.53 2.10 2.87 3.63 4.36 4.86 5.01 4.77 4.26 3.66 3.04 2.53 2.35 2.59 3.08 3.63 4.17 4.52
 17   4.59 4.21 3.63 2.89 2.09 1.47 1.22 1.54 2.28 3.12 3.93 4.69 5.07 5.05 4.61 3.99 3.31 2.61 2.18 2.15 2.57 3.18 3.81 4.36
 18   4.61 4.49 3.98 3.26 2.41 1.62 1.08 1.08 1.71 2.56 3.42 4.27 4.93 5.16 4.96 4.41 3.71 2.97 2.29 1.95 2.08 2.63 3.31 3.94
 19   4.41 4.54 4.25 3.63 2.79 1.93 1.19 0.83 1.11 1.91 2.85 3.75 4.61 5.16 5.21 4.81 4.15 3.39 2.57 1.97 1.77 2.11 2.79 3.49
 20   4.07 4.45 4.47 3.97 3.23 2.36 1.49 0.86 0.74 1.37 2.27 3.23 4.15 4.95 5.29 5.15 4.57 3.83 3.01 2.25 1.77 1.85 2.42 3.13
 21   3.86 4.38 4.60 4.39 3.75 2.93 1.97 1.11 0.61 0.81 1.68 2.68 3.67 4.63 5.27 5.42 5.06 4.37 3.55 2.71 2.01 1.71 2.01 2.71
 22   3.45 4.04 4.54 4.65 4.21 3.49 2.57 1.61 0.87 0.66 1.19 2.14 3.19 4.14 5.03 5.45 5.39 4.81 4.03 3.19 2.31 1.73 1.67 2.22
 23   2.97 3.63 4.29 4.67 4.59 3.98 3.17 2.21 1.31 0.70 0.76 1.56 2.57 3.57 4.56 5.26 5.49 5.17 4.49 3.67 2.81 2.00 1.57 1.74
 24   2.33 3.12 3.83 4.42 4.66 4.38 3.69 2.85 1.91 1.12 0.73 1.05 1.95 2.95 3.91 4.85 5.41 5.47 4.99 4.24 3.40 2.51 1.79 1.53
 25   1.84 2.57 3.33 4.03 4.55 4.66 4.28 3.61 2.73 1.85 1.15 0.91 1.39 2.27 3.25 4.21 5.05 5.39 5.30 4.73 3.93 3.05 2.17 1.55
 26   1.41 1.86 2.56 3.31 3.97 4.41 4.49 4.04 3.37 2.57 1.76 1.17 1.08 1.67 2.54 3.48 4.39 5.07 5.33 5.14 4.51 3.72 2.82 1.97
 27   1.45 1.42 1.91 2.65 3.38 4.06 4.54 4.61 4.24 3.63 2.91 2.13 1.61 1.54 2.07 2.89 3.75 4.57 5.19 5.38 5.07 4.41 3.59 2.67
 28   1.81 1.37 1.33 1.87 2.58 3.34 3.99 4.51 4.67 4.40 3.87 3.20 2.43 1.91 1.75 2.18 2.93 3.72 4.51 5.05 5.23 4.93 4.26 3.47
 29   2.57 1.79 1.23 1.15 1.66 2.42 3.21 3.91 4.55 4.82 4.69 4.19 3.55 2.84 2.19 1.93 2.22 2.89 3.63 4.39 4.94 5.13 4.85 4.19
 30   3.44 2.60 1.80 1.13 1.00 1.48 2.28 3.17 3.99 4.73 5.11 5.05 4.58 3.94 3.20 2.46 2.08 2.21 2.82 3.55 4.20 4.77 5.09 4.90
 ----------------------------------------------------------------------------------------------------------------------------
                                                                                               
 ----------------------------------------------------------------------------------------------------------------------------
 ----------------------------------------------------------------------------------------------------------------------------
                                                          SURVEY OF INDIA
                                                    MARINE GEODESY WING (G&RB)
                                                     HOURLY HEIGHTS IN METRES
  NAME OF PORT:- VADINAR                                                                            MONTH JULY      YEAR 2016
 ----------------------------------------------------------------------------------------------------------------------------
 DAYS 0000 0001 0002 0003 0004 0005 0006 0007 0008 0009 0010 0011 0012 0013 0014 0015 0016 0017 0018 0019 0020 0021 0022 0023
 ----------------------------------------------------------------------------------------------------------------------------
  1   4.27 3.52 2.64 1.70 1.03 0.86 1.38 2.25 3.21 4.09 4.89 5.35 5.31 4.72 4.04 3.30 2.66 2.14 2.16 2.73 3.45 4.19 4.81 5.11
  2   4.94 4.37 3.55 2.53 1.57 0.85 0.70 1.35 2.37 3.41 4.41 5.27 5.69 5.59 5.02 4.23 3.41 2.62 2.05 2.04 2.62 3.39 4.18 4.79
  3   5.05 4.87 4.23 3.37 2.29 1.33 0.61 0.55 1.37 2.45 3.53 4.59 5.43 5.78 5.62 4.94 4.11 3.25 2.41 1.89 1.93 2.59 3.44 4.27
  4   5.09 5.40 5.10 4.21 3.29 2.19 1.21 0.53 0.59 1.54 2.66 3.76 4.83 5.59 5.87 5.57 4.84 3.98 3.05 2.15 1.70 1.88 2.64 3.50
  5   4.37 4.94 5.17 4.84 4.06 3.07 2.00 1.08 0.57 0.89 1.91 2.99 4.07 5.13 5.79 5.93 5.45 4.67 3.76 2.83 2.00 1.65 1.99 2.82
  6   3.72 4.47 5.02 5.16 4.68 3.85 2.86 1.80 0.94 0.64 1.19 2.21 3.29 4.31 5.29 5.81 5.79 5.21 4.39 3.49 2.53 1.81 1.59 2.09
  7   2.96 3.76 4.55 5.01 5.01 4.43 3.61 2.59 1.63 0.92 0.85 1.59 2.62 3.63 4.70 5.48 5.80 5.57 4.85 3.97 3.08 2.17 1.57 1.61
  8   2.32 3.05 3.86 4.59 4.93 4.81 4.16 3.35 2.37 1.56 1.05 1.18 2.00 2.96 3.93 4.88 5.50 5.65 5.20 4.45 3.59 2.67 1.86 1.48
  9   1.74 2.43 3.22 3.97 4.57 4.81 4.57 3.93 3.17 2.29 1.59 1.27 1.61 2.41 3.33 4.21 5.02 5.46 5.41 4.84 4.07 3.23 2.33 1.69
 10   1.46 1.82 2.54 3.29 3.95 4.47 4.61 4.24 3.68 2.99 2.25 1.70 1.53 1.93 2.67 3.50 4.33 4.97 5.22 5.01 4.42 3.69 2.93 2.21
 11   1.57 1.44 1.92 2.62 3.30 3.94 4.39 4.47 4.14 3.65 3.01 2.37 1.94 1.86 2.28 2.93 3.65 4.37 4.83 4.99 4.71 4.15 3.43 2.61
 12   1.97 1.51 1.51 1.97 2.60 3.27 3.86 4.29 4.36 4.09 3.65 3.09 2.51 2.15 2.07 2.43 3.00 3.61 4.21 4.60 4.69 4.40 3.81 3.15
 13   2.41 1.77 1.37 1.42 1.91 2.57 3.22 3.82 4.26 4.41 4.20 3.78 3.26 2.73 2.30 2.20 2.46 2.97 3.53 4.05 4.41 4.49 4.21 3.67
 14   2.99 2.30 1.70 1.34 1.45 1.97 2.64 3.33 3.97 4.46 4.62 4.47 4.08 3.59 3.00 2.52 2.31 2.47 2.93 3.45 3.95 4.33 4.45 4.20
 15   3.67 3.07 2.35 1.70 1.34 1.45 1.97 2.68 3.43 4.12 4.64 4.85 4.71 4.30 3.74 3.10 2.57 2.31 2.42 2.88 3.39 3.90 4.30 4.41
 16   4.14 3.65 2.97 2.19 1.55 1.19 1.38 2.02 2.80 3.62 4.41 4.95 5.13 4.86 4.35 3.70 3.00 2.42 2.19 2.40 2.90 3.48 4.05 4.42
 17   4.49 4.16 3.57 2.79 1.97 1.32 1.07 1.43 2.20 3.09 3.95 4.77 5.22 5.27 4.89 4.23 3.52 2.77 2.21 2.06 2.42 3.02 3.67 4.25
 18   4.57 4.50 4.06 3.37 2.49 1.68 1.07 0.97 1.57 2.47 3.41 4.32 5.07 5.41 5.27 4.71 3.97 3.19 2.41 1.93 1.97 2.51 3.21 3.89
 19   4.40 4.63 4.45 3.85 3.05 2.11 1.31 0.83 1.01 1.77 2.71 3.68 4.60 5.22 5.38 5.05 4.38 3.59 2.73 1.99 1.67 1.95 2.64 3.39
 20   4.11 4.56 4.66 4.25 3.53 2.61 1.65 0.85 0.57 1.05 2.01 3.03 4.01 4.88 5.36 5.32 4.75 3.98 3.11 2.19 1.57 1.50 2.08 2.87
 21   3.67 4.29 4.67 4.60 4.00 3.17 2.16 1.23 0.56 0.57 1.39 2.43 3.45 4.42 5.20 5.46 5.16 4.46 3.59 2.63 1.75 1.30 1.55 2.31
 22   3.20 3.87 4.52 4.81 4.53 3.79 2.88 1.85 0.97 0.54 0.85 1.82 2.88 3.88 4.84 5.41 5.45 4.91 4.09 3.20 2.20 1.47 1.23 1.73
 23   2.59 3.33 4.12 4.71 4.83 4.35 3.58 2.63 1.64 0.85 0.63 1.24 2.25 3.27 4.22 5.11 5.52 5.36 4.69 3.81 2.85 1.89 1.22 1.31
 24   1.80 2.63 3.48 4.24 4.75 4.75 4.19 3.40 2.44 1.55 0.90 0.87 1.60 2.58 3.59 4.54 5.27 5.50 5.14 4.39 3.51 2.51 1.59 1.07
 25   1.19 1.87 2.75 3.58 4.33 4.76 4.69 4.11 3.38 2.47 1.67 1.15 1.28 2.01 2.95 3.87 4.76 5.32 5.40 4.93 4.12 3.21 2.19 1.35
 26   0.97 1.27 2.03 2.88 3.67 4.39 4.78 4.69 4.17 3.50 2.67 1.92 1.48 1.58 2.28 3.12 3.95 4.73 5.19 5.18 4.65 3.87 2.93 1.95
 27   1.20 0.91 1.25 2.00 2.83 3.61 4.32 4.71 4.69 4.27 3.67 2.97 2.26 1.83 1.84 2.41 3.16 3.92 4.60 4.99 4.95 4.44 3.69 2.79
 28   1.83 1.16 0.87 1.17 1.88 2.71 3.51 4.21 4.72 4.82 4.49 3.95 3.29 2.59 2.09 1.96 2.37 3.03 3.70 4.31 4.72 4.77 4.32 3.63
 29   2.79 1.92 1.19 0.83 1.02 1.71 2.53 3.35 4.11 4.73 4.94 4.77 4.25 3.61 2.87 2.25 1.95 2.17 2.74 3.36 3.96 4.41 4.54 4.23
 30   3.61 2.92 1.99 1.19 0.69 0.70 1.38 2.28 3.19 4.04 4.78 5.08 4.95 4.43 3.74 2.95 2.20 1.80 1.88 2.45 3.12 3.78 4.35 4.57
 31   4.31 3.80 2.99 2.02 1.17 0.55 0.55 1.27 2.24 3.22 4.13 4.92 5.26 5.11 4.52 3.77 2.93 2.12 1.66 1.74 2.35 3.07 3.79 4.39
 ----------------------------------------------------------------------------------------------------------------------------
                                                                                               
 ----------------------------------------------------------------------------------------------------------------------------
 ----------------------------------------------------------------------------------------------------------------------------
                                                          SURVEY OF INDIA
                                                    MARINE GEODESY WING (G&RB)
                                                     HOURLY HEIGHTS IN METRES
  NAME OF PORT:- VADINAR                                                                            MONTH AUGUST    YEAR 2016
 ----------------------------------------------------------------------------------------------------------------------------
 DAYS 0000 0001 0002 0003 0004 0005 0006 0007 0008 0009 0010 0011 0012 0013 0014 0015 0016 0017 0018 0019 0020 0021 0022 0023
 ----------------------------------------------------------------------------------------------------------------------------
  1   4.68 4.48 3.88 3.04 2.03 1.15 0.52 0.55 1.35 2.37 3.39 4.50 5.23 5.45 5.16 4.47 3.64 2.75 1.95 1.55 1.77 2.51 3.30 4.04
  2   4.64 4.82 4.52 3.80 2.91 1.87 0.97 0.49 0.75 1.67 2.73 3.77 4.65 5.32 5.48 5.08 4.33 3.44 2.49 1.69 1.31 1.67 2.49 3.35
  3   4.15 4.69 4.88 4.50 3.73 2.74 1.69 0.81 0.43 0.85 1.88 2.97 3.99 4.94 5.48 5.47 4.89 4.05 3.13 2.19 1.47 1.29 1.87 2.71
  4   3.64 4.32 4.85 4.92 4.40 3.57 2.59 1.57 0.81 0.66 1.33 2.38 3.42 4.44 5.24 5.56 5.29 4.57 3.69 2.71 1.79 1.23 1.41 2.22
  5   3.11 3.87 4.61 5.02 4.85 4.16 3.30 2.31 1.41 0.89 1.02 1.87 2.87 3.84 4.81 5.40 5.50 5.01 4.21 3.30 2.32 1.53 1.21 1.61
  6   2.43 3.25 4.05 4.69 4.89 4.52 3.79 2.95 2.00 1.29 1.00 1.47 2.37 3.33 4.32 5.09 5.43 5.20 4.49 3.65 2.68 1.80 1.24 1.34
  7   2.06 2.78 3.63 4.39 4.84 4.80 4.25 3.53 2.68 1.87 1.31 1.32 1.97 2.84 3.74 4.63 5.21 5.31 4.85 4.11 3.25 2.29 1.55 1.23
  8   1.60 2.25 3.07 3.84 4.48 4.79 4.56 3.97 3.27 2.45 1.80 1.47 1.70 2.42 3.27 4.09 4.80 5.19 5.05 4.48 3.73 2.87 1.97 1.39
  9   1.31 1.77 2.50 3.29 3.99 4.53 4.67 4.37 3.82 3.17 2.45 1.94 1.78 2.12 2.79 3.51 4.20 4.73 4.92 4.66 4.07 3.34 2.44 1.72
 10   1.32 1.41 1.99 2.69 3.39 4.01 4.43 4.50 4.19 3.67 3.05 2.48 2.10 2.03 2.39 2.95 3.55 4.13 4.51 4.57 4.22 3.65 2.94 2.21
 11   1.63 1.38 1.59 2.15 2.81 3.45 4.03 4.38 4.42 4.15 3.75 3.23 2.71 2.36 2.26 2.53 3.03 3.56 4.05 4.35 4.40 4.11 3.57 2.93
 12   2.23 1.71 1.44 1.60 2.11 2.77 3.39 3.98 4.40 4.52 4.35 3.98 3.50 3.00 2.54 2.35 2.48 2.86 3.33 3.76 4.10 4.22 4.00 3.54
 13   2.89 2.27 1.70 1.36 1.43 1.91 2.55 3.23 3.86 4.38 4.59 4.49 4.11 3.62 3.04 2.51 2.20 2.26 2.60 3.03 3.51 3.91 4.11 3.99
 14   3.55 2.99 2.29 1.65 1.21 1.19 1.67 2.37 3.15 3.88 4.50 4.80 4.69 4.29 3.73 3.07 2.44 2.03 1.99 2.35 2.86 3.43 3.92 4.18
 15   4.07 3.62 2.99 2.20 1.49 1.01 0.99 1.56 2.38 3.24 4.05 4.72 4.99 4.83 4.33 3.70 2.95 2.25 1.83 1.83 2.29 2.93 3.57 4.09
 16   4.35 4.18 3.64 2.91 2.07 1.29 0.83 0.97 1.73 2.66 3.57 4.46 5.05 5.18 4.83 4.19 3.41 2.55 1.86 1.55 1.80 2.47 3.23 3.92
 17   4.46 4.57 4.22 3.53 2.63 1.70 0.93 0.65 1.12 2.03 3.05 4.00 4.87 5.32 5.27 4.73 3.97 3.11 2.19 1.56 1.42 1.98 2.81 3.61
 18   4.39 4.81 4.81 4.21 3.40 2.41 1.45 0.73 0.65 1.39 2.45 3.49 4.48 5.25 5.54 5.25 4.53 3.69 2.69 1.79 1.25 1.39 2.18 3.12
 19   4.01 4.68 5.01 4.81 4.09 3.17 2.09 1.17 0.57 0.77 1.74 2.85 3.90 4.88 5.50 5.54 4.98 4.12 3.15 2.11 1.30 1.02 1.54 2.47
 20   3.49 4.33 4.91 5.10 4.69 3.85 2.89 1.81 0.93 0.66 1.19 2.25 3.33 4.33 5.23 5.63 5.43 4.70 3.77 2.73 1.73 1.01 0.97 1.76
 21   2.77 3.65 4.51 5.10 5.12 4.52 3.64 2.63 1.63 0.89 0.82 1.61 2.68 3.70 4.72 5.41 5.57 5.11 4.24 3.25 2.17 1.29 0.82 1.09
 22   2.01 2.93 3.85 4.71 5.13 5.03 4.35 3.49 2.49 1.59 1.01 1.17 2.03 3.01 3.99 4.91 5.43 5.41 4.76 3.87 2.87 1.81 0.99 0.74
 23   1.31 2.14 3.11 3.99 4.77 5.07 4.81 4.17 3.39 2.40 1.65 1.25 1.55 2.41 3.36 4.25 5.01 5.35 5.13 4.41 3.53 2.49 1.52 0.81
 24   0.67 1.26 2.15 3.09 3.90 4.63 4.93 4.74 4.11 3.38 2.56 1.84 1.49 1.78 2.55 3.39 4.17 4.80 5.00 4.71 4.03 3.19 2.17 1.31
 25   0.72 0.74 1.32 2.19 3.07 3.86 4.53 4.80 4.59 4.10 3.41 2.64 2.01 1.65 1.87 2.49 3.21 3.89 4.43 4.65 4.42 3.83 3.04 2.13
 26   1.37 0.82 0.71 1.27 2.09 2.92 3.70 4.39 4.76 4.70 4.31 3.73 3.02 2.36 1.92 1.89 2.34 2.97 3.59 4.14 4.45 4.38 3.91 3.23
 27   2.39 1.69 1.06 0.81 1.14 1.86 2.68 3.49 4.24 4.75 4.86 4.59 4.04 3.37 2.61 2.03 1.77 2.03 2.61 3.23 3.82 4.26 4.41 4.11
 28   3.55 2.88 2.03 1.29 0.82 0.90 1.59 2.42 3.33 4.14 4.81 5.05 4.85 4.31 3.61 2.79 2.06 1.66 1.78 2.33 3.03 3.70 4.26 4.53
 29   4.38 3.87 3.16 2.37 1.45 0.87 0.85 1.52 2.45 3.37 4.27 4.99 5.27 5.04 4.41 3.64 2.77 1.97 1.49 1.63 2.27 3.01 3.77 4.39
 30   4.66 4.51 3.93 3.15 2.23 1.36 0.77 0.87 1.65 2.61 3.58 4.52 5.18 5.36 4.98 4.27 3.41 2.45 1.67 1.29 1.59 2.35 3.21 3.97
 31   4.61 4.81 4.55 3.87 3.02 2.03 1.18 0.69 0.99 1.89 2.92 3.89 4.82 5.35 5.37 4.84 4.01 3.11 2.14 1.44 1.23 1.76 2.64 3.51
 ----------------------------------------------------------------------------------------------------------------------------
                                                                                               
 ----------------------------------------------------------------------------------------------------------------------------
 ----------------------------------------------------------------------------------------------------------------------------
                                                          SURVEY OF INDIA
                                                    MARINE GEODESY WING (G&RB)
                                                     HOURLY HEIGHTS IN METRES
  NAME OF PORT:- VADINAR                                                                            MONTH SEPT      YEAR 2016
 ----------------------------------------------------------------------------------------------------------------------------
 DAYS 0000 0001 0002 0003 0004 0005 0006 0007 0008 0009 0010 0011 0012 0013 0014 0015 0016 0017 0018 0019 0020 0021 0022 0023
 ----------------------------------------------------------------------------------------------------------------------------
  1   4.33 4.81 4.95 4.49 3.72 2.79 1.79 1.01 0.77 1.33 2.33 3.35 4.32 5.10 5.45 5.20 4.50 3.61 2.61 1.71 1.14 1.27 2.07 2.99
  2   3.89 4.56 4.96 4.87 4.23 3.41 2.41 1.48 0.88 0.96 1.77 2.78 3.77 4.66 5.27 5.33 4.79 3.97 3.01 1.97 1.21 0.95 1.45 2.39
  3   3.30 4.08 4.79 5.02 4.67 3.91 3.02 2.01 1.22 0.90 1.32 2.27 3.25 4.16 4.98 5.32 5.08 4.35 3.46 2.43 1.53 0.95 1.08 1.89
  4   2.89 3.65 4.45 4.94 4.93 4.37 3.61 2.67 1.77 1.14 1.14 1.84 2.74 3.65 4.52 5.09 5.14 4.62 3.83 2.89 1.89 1.12 0.88 1.39
  5   2.33 3.11 3.95 4.66 4.93 4.67 4.00 3.22 2.29 1.56 1.23 1.58 2.36 3.23 4.07 4.76 5.06 4.81 4.14 3.31 2.33 1.49 0.97 1.11
  6   1.89 2.67 3.50 4.28 4.81 4.84 4.39 3.73 2.93 2.11 1.57 1.51 2.05 2.85 3.63 4.37 4.84 4.85 4.35 3.63 2.76 1.88 1.21 1.03
  7   1.55 2.21 3.05 3.82 4.49 4.77 4.58 4.06 3.38 2.61 1.97 1.65 1.84 2.44 3.17 3.87 4.44 4.66 4.43 3.85 3.13 2.25 1.51 1.06
  8   1.17 1.73 2.47 3.26 3.97 4.50 4.62 4.34 3.81 3.20 2.51 1.99 1.84 2.15 2.73 3.36 3.95 4.37 4.46 4.13 3.56 2.84 2.05 1.43
  9   1.16 1.37 1.95 2.69 3.41 4.04 4.46 4.51 4.22 3.77 3.19 2.59 2.17 2.05 2.32 2.79 3.35 3.80 4.14 4.18 3.88 3.38 2.71 2.04
 10   1.51 1.29 1.49 2.03 2.71 3.37 3.95 4.37 4.46 4.26 3.87 3.37 2.82 2.38 2.17 2.29 2.65 3.11 3.53 3.86 3.97 3.81 3.41 2.86
 11   2.26 1.77 1.45 1.51 1.95 2.57 3.21 3.83 4.33 4.55 4.47 4.13 3.63 3.07 2.53 2.17 2.13 2.41 2.85 3.33 3.72 4.00 4.01 3.70
 12   3.17 2.61 2.00 1.53 1.41 1.74 2.37 3.05 3.75 4.37 4.74 4.74 4.41 3.88 3.25 2.58 2.10 1.94 2.21 2.71 3.28 3.80 4.21 4.29
 13   3.97 3.45 2.74 2.01 1.43 1.21 1.55 2.26 3.03 3.81 4.51 4.93 4.93 4.55 3.92 3.18 2.38 1.82 1.65 2.01 2.65 3.34 3.99 4.45
 14   4.53 4.14 3.50 2.68 1.85 1.20 1.00 1.49 2.34 3.21 4.06 4.81 5.11 4.97 4.42 3.67 2.84 1.99 1.43 1.35 1.92 2.73 3.55 4.27
 15   4.69 4.63 4.10 3.35 2.42 1.53 0.87 0.79 1.49 2.45 3.42 4.38 5.08 5.28 4.93 4.21 3.35 2.37 1.53 1.04 1.25 2.05 3.01 3.87
 16   4.65 4.91 4.69 3.99 3.14 2.13 1.25 0.67 0.83 1.73 2.78 3.81 4.78 5.34 5.35 4.75 3.88 2.89 1.87 1.09 0.87 1.47 2.47 3.45
 17   4.41 5.00 5.22 4.82 4.01 3.07 1.94 1.05 0.67 1.11 2.14 3.25 4.25 5.10 5.49 5.21 4.42 3.47 2.37 1.39 0.65 0.73 1.62 2.69
 18   3.71 4.55 5.18 5.27 4.70 3.78 2.77 1.67 0.87 0.72 1.51 2.57 3.61 4.47 5.28 5.43 4.89 3.99 2.93 1.79 0.87 0.39 0.84 1.91
 19   3.03 3.92 4.84 5.37 5.27 4.55 3.62 2.53 1.53 0.87 0.99 1.89 2.93 3.91 4.84 5.33 5.25 4.51 3.57 2.45 1.39 0.54 0.31 1.05
 20   2.21 3.17 4.15 5.01 5.37 5.12 4.33 3.44 2.41 1.55 1.07 1.42 2.37 3.34 4.29 5.04 5.33 5.01 4.19 3.21 2.07 1.11 0.40 0.48
 21   1.41 2.37 3.39 4.34 5.08 5.29 4.92 4.17 3.28 2.31 1.54 1.23 1.68 2.51 3.43 4.29 4.89 5.05 4.58 3.81 2.85 1.77 0.87 0.41
 22   0.72 1.50 2.48 3.47 4.37 4.99 5.13 4.73 4.04 3.25 2.34 1.67 1.44 1.87 2.63 3.44 4.18 4.67 4.78 4.35 3.63 2.73 1.81 1.01
 23   0.65 0.89 1.67 2.59 3.47 4.29 4.87 5.00 4.67 4.08 3.37 2.55 1.94 1.67 1.95 2.57 3.23 3.85 4.33 4.46 4.14 3.56 2.79 1.97
 24   1.25 0.91 1.05 1.73 2.52 3.34 4.07 4.70 4.89 4.71 4.23 3.57 2.85 2.19 1.78 1.84 2.30 2.89 3.47 3.97 4.25 4.17 3.74 3.15
 25   2.39 1.74 1.23 1.14 1.57 2.28 3.04 3.77 4.46 4.83 4.81 4.45 3.85 3.18 2.42 1.87 1.69 1.96 2.53 3.13 3.70 4.16 4.33 4.08
 26   3.53 2.91 2.17 1.51 1.17 1.36 2.02 2.81 3.59 4.34 4.89 5.01 4.67 4.07 3.31 2.47 1.79 1.46 1.66 2.28 2.98 3.64 4.22 4.49
 27   4.33 3.87 3.19 2.37 1.66 1.19 1.28 1.93 2.77 3.61 4.41 4.96 5.07 4.72 4.05 3.25 2.35 1.65 1.32 1.57 2.27 3.05 3.81 4.41
 28   4.69 4.50 3.94 3.20 2.32 1.56 1.09 1.23 1.97 2.87 3.74 4.57 5.06 5.07 4.59 3.85 2.97 2.04 1.36 1.13 1.61 2.43 3.30 4.06
 29   4.65 4.82 4.50 3.85 3.03 2.11 1.38 1.05 1.43 2.30 3.21 4.07 4.84 5.16 4.94 4.28 3.47 2.49 1.63 1.08 1.19 1.91 2.85 3.71
 30   4.51 4.91 4.91 4.39 3.63 2.71 1.81 1.17 1.11 1.76 2.67 3.60 4.45 5.00 5.09 4.61 3.81 2.90 1.90 1.15 0.89 1.41 2.35 3.31
 ----------------------------------------------------------------------------------------------------------------------------
                                                                                               
 ----------------------------------------------------------------------------------------------------------------------------
 ----------------------------------------------------------------------------------------------------------------------------
                                                          SURVEY OF INDIA
                                                    MARINE GEODESY WING (G&RB)
                                                     HOURLY HEIGHTS IN METRES
  NAME OF PORT:- VADINAR                                                                            MONTH OCTOBER   YEAR 2016
 ----------------------------------------------------------------------------------------------------------------------------
 DAYS 0000 0001 0002 0003 0004 0005 0006 0007 0008 0009 0010 0011 0012 0013 0014 0015 0016 0017 0018 0019 0020 0021 0022 0023
 ----------------------------------------------------------------------------------------------------------------------------
  1   4.21 4.81 5.09 4.82 4.13 3.30 2.33 1.53 1.11 1.40 2.20 3.15 4.02 4.77 5.09 4.85 4.15 3.30 2.28 1.41 0.87 1.02 1.90 2.87
  2   3.85 4.58 5.08 5.09 4.55 3.79 2.88 1.95 1.30 1.23 1.85 2.71 3.61 4.41 4.94 4.98 4.44 3.65 2.70 1.74 1.01 0.85 1.48 2.44
  3   3.43 4.22 4.94 5.20 4.91 4.22 3.41 2.47 1.67 1.27 1.55 2.31 3.20 4.02 4.70 4.97 4.68 3.98 3.13 2.15 1.35 0.86 1.09 1.95
  4   2.94 3.79 4.61 5.13 5.17 4.67 3.92 3.07 2.17 1.57 1.49 2.05 2.82 3.61 4.37 4.83 4.84 4.32 3.56 2.64 1.73 1.05 0.91 1.53
  5   2.46 3.33 4.15 4.89 5.18 4.98 4.33 3.57 2.69 1.93 1.56 1.79 2.46 3.21 3.95 4.57 4.81 4.53 3.89 3.09 2.19 1.41 0.97 1.19
  6   1.94 2.84 3.69 4.48 5.00 5.09 4.71 4.05 3.27 2.47 1.89 1.74 2.14 2.79 3.48 4.11 4.53 4.55 4.11 3.45 2.61 1.80 1.19 1.04
  7   1.57 2.30 3.14 3.95 4.64 4.97 4.87 4.39 3.74 3.01 2.29 1.91 1.97 2.45 3.09 3.71 4.22 4.46 4.30 3.79 3.13 2.35 1.67 1.28
  8   1.39 1.93 2.65 3.42 4.13 4.69 4.87 4.67 4.17 3.57 2.87 2.30 2.02 2.15 2.61 3.17 3.70 4.13 4.29 4.09 3.61 3.00 2.29 1.73
  9   1.43 1.55 2.10 2.79 3.49 4.15 4.63 4.79 4.59 4.16 3.61 3.01 2.47 2.20 2.26 2.63 3.10 3.57 3.96 4.13 4.02 3.64 3.10 2.49
 10   1.93 1.64 1.66 2.08 2.70 3.35 3.95 4.47 4.69 4.61 4.27 3.73 3.15 2.57 2.17 2.09 2.33 2.77 3.23 3.66 3.97 4.03 3.78 3.35
 11   2.77 2.23 1.78 1.62 1.89 2.47 3.11 3.77 4.37 4.73 4.77 4.47 3.96 3.32 2.61 2.07 1.81 1.95 2.42 2.97 3.54 4.01 4.26 4.14
 12   3.71 3.18 2.51 1.90 1.56 1.66 2.22 2.93 3.65 4.34 4.82 4.95 4.65 4.09 3.35 2.53 1.86 1.52 1.69 2.27 2.99 3.66 4.28 4.57
 13   4.45 3.95 3.29 2.47 1.77 1.33 1.45 2.13 2.93 3.73 4.49 5.01 5.05 4.59 3.87 3.01 2.06 1.37 1.11 1.53 2.35 3.21 4.01 4.69
 14   4.92 4.67 4.03 3.25 2.32 1.55 1.14 1.42 2.23 3.14 4.02 4.82 5.23 5.12 4.47 3.59 2.57 1.61 0.91 0.85 1.55 2.53 3.52 4.41
 15   5.04 5.15 4.74 3.96 3.06 2.04 1.28 0.99 1.50 2.43 3.40 4.34 5.07 5.32 4.94 4.10 3.12 1.98 1.04 0.48 0.78 1.78 2.92 3.96
 16   4.92 5.36 5.39 4.78 3.90 2.92 1.88 1.14 1.00 1.72 2.76 3.76 4.70 5.29 5.36 4.70 3.76 2.64 1.50 0.60 0.29 0.94 2.10 3.25
 17   4.35 5.12 5.56 5.43 4.69 3.76 2.70 1.70 1.06 1.17 2.04 3.10 4.08 4.94 5.34 5.15 4.36 3.34 2.14 1.08 0.26 0.18 1.10 2.30
 18   3.47 4.44 5.29 5.65 5.36 4.54 3.57 2.49 1.54 1.05 1.42 2.38 3.38 4.30 5.02 5.28 4.88 4.00 2.96 1.76 0.74 0.12 0.38 1.44
 19   2.66 3.66 4.70 5.46 5.67 5.22 4.38 3.43 2.36 1.53 1.19 1.70 2.61 3.56 4.42 5.02 5.14 4.60 3.70 2.64 1.54 0.60 0.18 0.62
 20   1.70 2.76 3.81 4.82 5.42 5.53 5.01 4.20 3.26 2.28 1.54 1.33 1.90 2.75 3.62 4.40 4.88 4.88 4.30 3.48 2.46 1.48 0.68 0.44
 21   1.01 1.92 2.95 3.93 4.84 5.33 5.34 4.82 4.06 3.21 2.30 1.67 1.52 2.01 2.78 3.52 4.20 4.60 4.57 4.06 3.32 2.46 1.60 0.94
 22   0.79 1.26 2.10 3.04 3.92 4.72 5.17 5.16 4.71 4.02 3.24 2.40 1.82 1.66 2.02 2.66 3.31 3.90 4.30 4.35 3.98 3.42 2.68 1.94
 23   1.34 1.12 1.43 2.16 2.97 3.77 4.49 4.94 4.98 4.64 4.06 3.36 2.57 1.96 1.67 1.82 2.36 2.96 3.54 4.01 4.24 4.12 3.67 3.07
 24   2.37 1.82 1.43 1.50 2.02 2.75 3.48 4.20 4.73 4.90 4.71 4.18 3.52 2.76 2.05 1.62 1.61 2.05 2.65 3.26 3.82 4.22 4.29 4.01
 25   3.52 2.92 2.22 1.72 1.55 1.90 2.56 3.28 3.97 4.58 4.86 4.74 4.27 3.62 2.80 2.02 1.48 1.36 1.76 2.42 3.16 3.80 4.36 4.54
 26   4.32 3.85 3.20 2.42 1.81 1.55 1.82 2.49 3.22 3.94 4.58 4.88 4.76 4.24 3.53 2.64 1.83 1.27 1.18 1.70 2.46 3.25 3.98 4.56
 27   4.72 4.42 3.86 3.14 2.32 1.69 1.45 1.78 2.49 3.26 4.00 4.61 4.86 4.64 4.03 3.26 2.34 1.56 1.07 1.20 1.89 2.73 3.60 4.36
 28   4.84 4.89 4.50 3.84 3.04 2.20 1.64 1.51 1.98 2.74 3.53 4.26 4.78 4.85 4.39 3.68 2.80 1.86 1.14 0.90 1.40 2.25 3.18 4.04
 29   4.76 5.02 4.87 4.28 3.54 2.68 1.91 1.48 1.61 2.28 3.08 3.88 4.56 4.88 4.66 4.00 3.20 2.20 1.36 0.83 0.96 1.73 2.72 3.68
 30   4.56 5.05 5.16 4.75 4.05 3.22 2.33 1.67 1.46 1.90 2.64 3.46 4.22 4.74 4.82 4.34 3.58 2.64 1.68 0.97 0.76 1.32 2.26 3.26
 31   4.21 4.90 5.24 5.06 4.44 3.64 2.74 1.90 1.42 1.52 2.20 3.02 3.80 4.45 4.75 4.49 3.81 2.96 1.96 1.12 0.64 0.90 1.80 2.82
 ----------------------------------------------------------------------------------------------------------------------------
                                                                                               
 ----------------------------------------------------------------------------------------------------------------------------
 ----------------------------------------------------------------------------------------------------------------------------
                                                          SURVEY OF INDIA
                                                    MARINE GEODESY WING (G&RB)
                                                     HOURLY HEIGHTS IN METRES
  NAME OF PORT:- VADINAR                                                                            MONTH NOVEMBER  YEAR 2016
 ----------------------------------------------------------------------------------------------------------------------------
 DAYS 0000 0001 0002 0003 0004 0005 0006 0007 0008 0009 0010 0011 0012 0013 0014 0015 0016 0017 0018 0019 0020 0021 0022 0023
 ----------------------------------------------------------------------------------------------------------------------------
  1   3.84 4.66 5.21 5.31 4.86 4.12 3.28 2.38 1.70 1.50 1.92 2.68 3.48 4.20 4.68 4.70 4.18 3.40 2.44 1.53 0.84 0.70 1.35 2.32
  2   3.38 4.26 5.01 5.34 5.17 4.55 3.77 2.88 2.05 1.60 1.69 2.30 3.10 3.83 4.44 4.70 4.42 3.72 2.86 1.90 1.10 0.69 1.01 1.92
  3   2.96 3.82 4.70 5.23 5.29 4.85 4.14 3.34 2.46 1.82 1.61 1.99 2.70 3.42 4.09 4.52 4.51 4.00 3.26 2.36 1.53 0.91 0.86 1.50
  4   2.46 3.34 4.20 4.94 5.23 5.10 4.52 3.78 2.96 2.18 1.72 1.76 2.30 2.98 3.66 4.24 4.48 4.27 3.68 2.92 2.06 1.35 0.95 1.18
  5   1.96 2.78 3.66 4.49 5.02 5.15 4.82 4.22 3.50 2.68 2.05 1.76 1.98 2.55 3.19 3.80 4.24 4.32 3.98 3.40 2.67 1.92 1.33 1.13
  6   1.56 2.24 3.06 3.86 4.58 4.98 4.97 4.58 3.97 3.28 2.52 1.99 1.83 2.12 2.66 3.23 3.76 4.11 4.13 3.80 3.26 2.58 1.90 1.43
  7   1.31 1.72 2.42 3.20 3.92 4.54 4.87 4.82 4.41 3.84 3.17 2.47 1.99 1.85 2.12 2.60 3.14 3.60 3.93 3.99 3.72 3.25 2.66 2.08
  8   1.62 1.52 1.87 2.50 3.19 3.86 4.46 4.79 4.75 4.38 3.82 3.18 2.46 1.96 1.72 1.88 2.34 2.88 3.38 3.81 4.01 3.90 3.52 2.98
  9   2.36 1.88 1.62 1.80 2.37 3.02 3.70 4.34 4.72 4.77 4.46 3.90 3.24 2.52 1.88 1.54 1.62 2.07 2.69 3.31 3.88 4.27 4.31 3.99
 10   3.45 2.84 2.21 1.79 1.78 2.25 2.93 3.62 4.31 4.76 4.90 4.63 4.06 3.34 2.48 1.74 1.28 1.30 1.85 2.60 3.38 4.07 4.58 4.68
 11   4.30 3.74 3.03 2.26 1.74 1.64 2.09 2.82 3.58 4.30 4.85 5.00 4.62 3.96 3.13 2.20 1.40 0.94 1.10 1.84 2.74 3.61 4.48 5.00
 12   5.04 4.60 3.92 3.10 2.24 1.66 1.57 2.13 2.93 3.74 4.53 5.03 5.10 4.63 3.82 2.88 1.83 0.98 0.60 1.00 1.94 2.98 4.00 4.92
 13   5.40 5.33 4.76 3.94 3.05 2.12 1.54 1.52 2.20 3.08 3.94 4.74 5.16 5.10 4.44 3.56 2.50 1.44 0.62 0.38 1.02 2.12 3.30 4.36
 14   5.30 5.63 5.46 4.76 3.87 2.90 1.97 1.42 1.56 2.36 3.30 4.20 4.95 5.28 5.05 4.26 3.29 2.10 1.06 0.28 0.28 1.17 2.42 3.62
 15   4.82 5.55 5.82 5.51 4.72 3.76 2.76 1.84 1.37 1.67 2.54 3.49 4.38 5.04 5.24 4.78 3.88 2.80 1.58 0.56 0.04 0.38 1.56 2.78
 16   4.01 5.00 5.74 5.94 5.46 4.58 3.62 2.58 1.74 1.40 1.82 2.72 3.65 4.50 5.08 5.16 4.60 3.66 2.56 1.40 0.48 0.10 0.72 1.90
 17   3.16 4.16 5.19 5.80 5.85 5.24 4.36 3.40 2.38 1.63 1.40 1.96 2.87 3.74 4.56 5.05 5.03 4.40 3.48 2.40 1.36 0.55 0.36 1.12
 18   2.30 3.32 4.36 5.31 5.77 5.70 5.06 4.18 3.26 2.32 1.62 1.54 2.13 2.97 3.80 4.53 4.93 4.81 4.16 3.32 2.30 1.38 0.72 0.69
 19   1.52 2.47 3.52 4.52 5.30 5.66 5.50 4.86 4.00 3.14 2.22 1.62 1.58 2.14 2.93 3.67 4.33 4.67 4.56 4.00 3.28 2.40 1.57 1.04
 20   1.08 1.76 2.68 3.63 4.55 5.24 5.52 5.35 4.74 3.98 3.13 2.27 1.73 1.68 2.16 2.85 3.52 4.12 4.47 4.45 4.02 3.42 2.68 1.96
 21   1.48 1.46 2.00 2.80 3.61 4.44 5.05 5.31 5.15 4.62 3.91 3.06 2.26 1.74 1.66 2.07 2.70 3.33 3.90 4.32 4.42 4.14 3.65 3.05
 22   2.40 1.94 1.79 2.13 2.80 3.52 4.25 4.82 5.11 5.01 4.54 3.86 3.09 2.30 1.74 1.60 1.90 2.48 3.12 3.72 4.24 4.46 4.36 3.96
 23   3.44 2.86 2.31 2.02 2.14 2.66 3.30 3.97 4.57 4.91 4.90 4.47 3.84 3.10 2.28 1.70 1.44 1.69 2.29 2.98 3.67 4.28 4.61 4.60
 24   4.25 3.70 3.13 2.52 2.13 2.12 2.56 3.18 3.82 4.41 4.78 4.80 4.38 3.78 3.00 2.14 1.52 1.30 1.61 2.29 3.07 3.81 4.49 4.85
 25   4.80 4.42 3.86 3.18 2.52 2.09 2.08 2.54 3.15 3.78 4.38 4.72 4.68 4.22 3.54 2.69 1.86 1.29 1.18 1.66 2.46 3.30 4.10 4.75
 26   5.04 4.90 4.41 3.76 3.04 2.38 2.00 2.08 2.60 3.27 3.90 4.46 4.70 4.51 3.94 3.16 2.26 1.50 1.05 1.18 1.90 2.78 3.69 4.53
 27   5.07 5.20 4.89 4.28 3.57 2.78 2.16 1.92 2.21 2.81 3.50 4.16 4.63 4.72 4.32 3.60 2.74 1.86 1.18 0.96 1.46 2.35 3.32 4.21
 28   5.00 5.33 5.29 4.77 4.08 3.32 2.52 2.00 1.95 2.40 3.08 3.76 4.42 4.70 4.54 3.92 3.16 2.23 1.40 0.89 1.02 1.82 2.84 3.81
 29   4.76 5.26 5.41 5.10 4.44 3.67 2.87 2.16 1.85 2.08 2.71 3.45 4.14 4.62 4.70 4.25 3.52 2.64 1.72 1.00 0.80 1.35 2.35 3.38
 30   4.36 5.08 5.47 5.38 4.82 4.07 3.25 2.44 1.89 1.81 2.28 3.02 3.76 4.37 4.65 4.45 3.81 3.00 2.04 1.22 0.71 0.88 1.77 2.80
 ----------------------------------------------------------------------------------------------------------------------------
                                                                                               
 ----------------------------------------------------------------------------------------------------------------------------
 ----------------------------------------------------------------------------------------------------------------------------
                                                          SURVEY OF INDIA
                                                    MARINE GEODESY WING (G&RB)
                                                     HOURLY HEIGHTS IN METRES
  NAME OF PORT:- VADINAR                                                                            MONTH DECEMBER  YEAR 2016
 ----------------------------------------------------------------------------------------------------------------------------
 DAYS 0000 0001 0002 0003 0004 0005 0006 0007 0008 0009 0010 0011 0012 0013 0014 0015 0016 0017 0018 0019 0020 0021 0022 0023
 ----------------------------------------------------------------------------------------------------------------------------
  1   3.86 4.70 5.30 5.46 5.10 4.42 3.62 2.78 2.02 1.64 1.84 2.50 3.24 3.90 4.43 4.54 4.12 3.41 2.54 1.64 0.92 0.67 1.16 2.14
  2   3.24 4.08 4.93 5.36 5.30 4.76 4.02 3.20 2.34 1.75 1.62 2.08 2.80 3.50 4.14 4.48 4.34 3.76 3.00 2.10 1.29 0.76 0.82 1.60
  3   2.68 3.54 4.46 5.14 5.36 5.08 4.41 3.64 2.78 2.02 1.62 1.76 2.42 3.14 3.80 4.36 4.50 4.16 3.52 2.70 1.84 1.14 0.86 1.26
  4   2.08 3.00 3.88 4.72 5.21 5.25 4.80 4.12 3.30 2.45 1.85 1.65 1.98 2.60 3.29 3.90 4.30 4.34 3.90 3.24 2.46 1.69 1.12 1.04
  5   1.58 2.42 3.31 4.16 4.90 5.23 5.11 4.56 3.84 3.06 2.26 1.76 1.72 2.14 2.78 3.42 3.97 4.30 4.22 3.78 3.16 2.42 1.74 1.30
  6   1.34 1.93 2.72 3.58 4.40 5.02 5.24 5.03 4.44 3.72 2.91 2.10 1.70 1.71 2.16 2.78 3.38 3.91 4.23 4.19 3.80 3.24 2.56 1.94
  7   1.60 1.61 2.14 2.89 3.66 4.44 4.96 5.12 4.86 4.28 3.56 2.72 2.02 1.64 1.64 2.06 2.68 3.31 3.84 4.21 4.26 3.97 3.46 2.85
  8   2.28 1.86 1.81 2.26 2.94 3.66 4.37 4.87 5.03 4.76 4.18 3.45 2.60 1.89 1.44 1.42 1.86 2.50 3.17 3.78 4.24 4.43 4.21 3.74
  9   3.20 2.58 2.08 1.92 2.24 2.86 3.57 4.24 4.75 4.95 4.74 4.16 3.42 2.56 1.76 1.24 1.17 1.63 2.36 3.14 3.88 4.50 4.78 4.62
 10   4.20 3.60 2.89 2.27 1.99 2.19 2.80 3.49 4.18 4.72 4.96 4.76 4.14 3.34 2.38 1.55 0.94 0.86 1.42 2.30 3.20 4.02 4.77 5.09
 11   5.02 4.45 3.78 3.01 2.26 1.88 2.06 2.69 3.42 4.14 4.72 4.94 4.66 3.98 3.10 2.06 1.16 0.54 0.55 1.30 2.34 3.36 4.32 5.10
 12   5.36 5.23 4.62 3.85 2.98 2.18 1.79 1.98 2.66 3.42 4.20 4.80 5.00 4.65 3.86 2.91 1.78 0.80 0.23 0.40 1.34 2.48 3.60 4.62
 13   5.34 5.62 5.36 4.66 3.80 2.87 2.02 1.62 1.88 2.58 3.41 4.21 4.81 4.96 4.49 3.64 2.58 1.48 0.50-0.03 0.36 1.44 2.64 3.78
 14   4.80 5.49 5.70 5.28 4.49 3.57 2.55 1.70 1.33 1.71 2.54 3.44 4.22 4.77 4.84 4.28 3.38 2.28 1.18 0.26-0.12 0.48 1.66 2.86
 15   3.96 4.96 5.59 5.70 5.18 4.32 3.37 2.33 1.56 1.32 1.89 2.80 3.67 4.46 4.94 4.88 4.20 3.28 2.14 1.08 0.22 0.06 0.82 2.00
 16   3.20 4.26 5.26 5.78 5.76 5.10 4.20 3.22 2.20 1.49 1.38 2.02 2.94 3.78 4.56 4.96 4.80 4.12 3.20 2.10 1.12 0.39 0.34 1.24
 17   2.36 3.47 4.57 5.46 5.85 5.64 4.93 4.02 3.04 2.08 1.46 1.49 2.19 3.03 3.84 4.53 4.85 4.64 3.98 3.10 2.08 1.18 0.59 0.73
 18   1.60 2.67 3.72 4.76 5.48 5.72 5.38 4.62 3.70 2.74 1.85 1.35 1.52 2.21 3.06 3.80 4.42 4.65 4.40 3.74 2.94 2.02 1.26 0.82
 19   1.11 1.94 2.94 3.91 4.81 5.37 5.47 5.04 4.29 3.42 2.46 1.68 1.32 1.53 2.20 2.94 3.63 4.18 4.40 4.16 3.61 2.93 2.14 1.52
 20   1.26 1.54 2.30 3.16 4.00 4.76 5.16 5.13 4.65 3.94 3.10 2.20 1.54 1.29 1.56 2.18 2.90 3.54 4.06 4.28 4.12 3.69 3.10 2.44
 21   1.91 1.65 1.87 2.48 3.22 3.94 4.58 4.93 4.89 4.44 3.78 3.00 2.18 1.59 1.35 1.56 2.12 2.79 3.42 3.95 4.26 4.24 3.93 3.44
 22   2.88 2.38 2.08 2.14 2.60 3.21 3.82 4.38 4.70 4.67 4.26 3.66 2.89 2.14 1.58 1.32 1.52 2.09 2.73 3.38 3.97 4.37 4.43 4.18
 23   3.78 3.25 2.70 2.32 2.28 2.60 3.12 3.68 4.18 4.48 4.50 4.16 3.60 2.90 2.17 1.59 1.31 1.48 2.03 2.73 3.44 4.10 4.57 4.70
 24   4.48 4.05 3.52 2.94 2.48 2.35 2.58 3.06 3.59 4.08 4.40 4.44 4.10 3.56 2.84 2.09 1.51 1.23 1.46 2.08 2.87 3.62 4.36 4.80
 25   4.90 4.62 4.14 3.54 2.90 2.41 2.28 2.54 3.02 3.56 4.02 4.29 4.26 3.86 3.26 2.50 1.78 1.23 1.10 1.53 2.29 3.13 3.94 4.68
 26   5.04 5.01 4.62 4.01 3.34 2.66 2.22 2.17 2.54 3.06 3.61 4.10 4.32 4.19 3.68 3.00 2.17 1.46 1.00 1.10 1.78 2.66 3.56 4.41
 27   5.00 5.22 5.05 4.49 3.82 3.08 2.38 2.06 2.15 2.62 3.24 3.84 4.30 4.45 4.15 3.53 2.72 1.87 1.18 0.90 1.28 2.10 3.04 3.96
 28   4.78 5.27 5.34 4.95 4.29 3.54 2.75 2.13 1.94 2.26 2.88 3.52 4.14 4.50 4.44 3.92 3.18 2.28 1.45 0.85 0.85 1.56 2.53 3.51
 29   4.44 5.14 5.47 5.32 4.74 3.98 3.16 2.38 1.90 1.95 2.48 3.20 3.85 4.41 4.60 4.30 3.64 2.78 1.86 1.10 0.73 1.10 2.02 3.02
 30   4.00 4.86 5.42 5.55 5.17 4.46 3.64 2.76 2.04 1.78 2.10 2.78 3.48 4.14 4.58 4.58 4.06 3.31 2.38 1.48 0.84 0.77 1.46 2.46
 31   3.48 4.40 5.22 5.61 5.49 4.88 4.08 3.20 2.32 1.76 1.75 2.28 3.05 3.74 4.36 4.60 4.37 3.72 2.88 1.96 1.18 0.79 1.12 2.02
 ----------------------------------------------------------------------------------------------------------------------------
                                                                                               
 ----------------------------------------------------------------------------------------------------------------------------
 ----------------------------------------------------------------------------------------------------------------------------
