                                                          SURVEY OF INDIA
                                                    MARINE GEODESY WING (G&RB)
                                                     HOURLY HEIGHTS IN METRES
  NAME OF PORT:- VADINAR                                                                            MONTH JANUARY   YEAR 2020
 ----------------------------------------------------------------------------------------------------------------------------
 DAYS 0000 0001 0002 0003 0004 0005 0006 0007 0008 0009 0010 0011 0012 0013 0014 0015 0016 0017 0018 0019 0020 0021 0022 0023
 ----------------------------------------------------------------------------------------------------------------------------
  1   1.38 1.93 2.66 3.46 4.26 4.86 5.04 4.78 4.22 3.55 2.78 2.12 1.71 1.74 2.16 2.73 3.32 3.84 4.10 3.96 3.57 3.03 2.38 1.85
  2   1.60 1.79 2.33 3.02 3.76 4.46 4.90 4.92 4.54 3.99 3.34 2.58 2.03 1.67 1.80 2.22 2.80 3.36 3.80 4.04 3.92 3.57 3.08 2.54
  3   2.14 1.89 2.06 2.54 3.16 3.80 4.38 4.70 4.61 4.22 3.68 3.00 2.35 1.85 1.55 1.75 2.20 2.76 3.30 3.76 4.05 4.00 3.72 3.30
  4   2.90 2.46 2.19 2.32 2.74 3.27 3.83 4.31 4.54 4.40 4.02 3.47 2.80 2.24 1.71 1.42 1.65 2.12 2.71 3.28 3.80 4.15 4.16 3.92
  5   3.58 3.14 2.68 2.33 2.34 2.68 3.12 3.60 4.04 4.27 4.16 3.80 3.26 2.60 1.92 1.44 1.22 1.48 2.00 2.65 3.32 3.92 4.37 4.43
  6   4.24 3.84 3.33 2.79 2.39 2.36 2.64 3.06 3.56 4.00 4.23 4.14 3.76 3.24 2.56 1.88 1.40 1.12 1.38 1.98 2.72 3.48 4.17 4.68
  7   4.76 4.50 4.04 3.48 2.88 2.40 2.32 2.58 3.05 3.55 4.00 4.26 4.12 3.69 3.06 2.40 1.62 1.08 0.88 1.36 2.12 2.96 3.80 4.53
  8   4.92 4.92 4.57 4.02 3.37 2.68 2.20 2.16 2.49 2.99 3.53 4.02 4.24 4.05 3.54 2.81 2.06 1.36 0.76 0.72 1.37 2.26 3.20 4.06
  9   4.73 5.15 5.02 4.53 3.89 3.15 2.42 1.97 2.05 2.47 3.06 3.65 4.13 4.20 3.97 3.34 2.52 1.70 0.96 0.49 0.72 1.53 2.52 3.46
 10   4.27 5.00 5.33 5.06 4.49 3.77 2.95 2.20 1.82 2.02 2.54 3.16 3.77 4.23 4.25 3.80 3.09 2.22 1.29 0.50 0.30 0.89 1.82 2.80
 11   3.70 4.43 5.08 5.33 4.97 4.29 3.46 2.57 1.88 1.67 2.07 2.70 3.43 4.09 4.56 4.46 3.88 3.06 2.07 1.10 0.39 0.46 1.20 2.20
 12   3.23 4.09 4.98 5.55 5.54 4.95 4.15 3.30 2.40 1.75 1.70 2.29 3.03 3.77 4.47 4.83 4.56 3.87 2.98 2.03 1.10 0.40 0.64 1.50
 13   2.56 3.45 4.34 5.09 5.58 5.49 4.80 3.97 3.09 2.19 1.57 1.73 2.38 3.14 3.88 4.50 4.76 4.42 3.72 2.86 1.88 0.97 0.45 0.89
 14   1.78 2.68 3.69 4.69 5.47 5.69 5.24 4.50 3.62 2.70 1.89 1.35 1.72 2.43 3.25 4.02 4.54 4.62 4.28 3.61 2.80 1.86 1.08 0.75
 15   1.22 2.10 3.03 4.00 4.88 5.42 5.40 4.87 4.10 3.20 2.25 1.51 1.22 1.66 2.46 3.29 4.03 4.57 4.60 4.13 3.50 2.73 1.83 1.18
 16   1.05 1.55 2.41 3.37 4.30 5.06 5.37 5.10 4.50 3.69 2.77 1.80 1.12 1.08 1.67 2.45 3.27 3.95 4.46 4.47 4.03 3.42 2.63 1.87
 17   1.30 1.29 1.83 2.64 3.50 4.35 4.98 5.13 4.77 4.13 3.28 2.33 1.47 0.90 1.04 1.63 2.43 3.23 3.92 4.42 4.47 4.15 3.58 2.90
 18   2.28 1.79 1.66 2.10 2.80 3.57 4.30 4.85 4.95 4.59 3.98 3.18 2.27 1.48 0.90 0.97 1.53 2.28 3.06 3.77 4.35 4.56 4.34 3.89
 19   3.33 2.77 2.20 1.90 2.14 2.69 3.32 3.94 4.42 4.58 4.29 3.73 3.00 2.14 1.32 0.77 0.80 1.33 2.08 2.88 3.65 4.30 4.70 4.64
 20   4.29 3.85 3.23 2.58 2.14 2.15 2.55 3.10 3.70 4.20 4.47 4.30 3.83 3.18 2.35 1.55 0.90 0.77 1.24 1.99 2.84 3.66 4.42 4.95
 21   5.08 4.79 4.27 3.64 2.96 2.39 2.17 2.45 2.93 3.49 4.00 4.36 4.28 3.87 3.22 2.37 1.56 0.89 0.77 1.25 2.06 2.97 3.87 4.69
 22   5.20 5.26 4.93 4.36 3.67 2.92 2.26 1.99 2.27 2.80 3.39 3.93 4.30 4.27 3.84 3.16 2.33 1.48 0.79 0.65 1.20 2.05 2.92 3.86
 23   4.65 5.30 5.28 4.86 4.20 3.44 2.65 2.05 1.91 2.29 2.90 3.52 4.07 4.38 4.29 3.79 3.06 2.20 1.35 0.67 0.70 1.43 2.40 3.38
 24   4.28 4.96 5.40 5.30 4.78 4.04 3.20 2.37 1.83 1.82 2.30 2.99 3.64 4.20 4.50 4.27 3.66 2.86 1.93 1.10 0.59 0.90 1.77 2.77
 25   3.75 4.57 5.30 5.53 5.18 4.53 3.77 2.87 2.07 1.67 1.88 2.49 3.22 3.88 4.40 4.53 4.13 3.47 2.60 1.73 0.96 0.69 1.27 2.20
 26   3.20 4.08 4.94 5.47 5.41 4.90 4.23 3.42 2.57 1.87 1.69 2.14 2.84 3.56 4.23 4.63 4.49 3.95 3.17 2.24 1.39 0.80 0.98 1.77
 27   2.72 3.55 4.46 5.23 5.53 5.21 4.57 3.82 2.96 2.14 1.60 1.79 2.45 3.19 3.92 4.51 4.67 4.32 3.69 2.90 2.00 1.25 0.96 1.48
 28   2.33 3.13 4.05 4.91 5.46 5.42 4.91 4.20 3.46 2.66 1.94 1.63 2.05 2.73 3.47 4.14 4.60 4.54 4.09 3.49 2.80 2.02 1.35 1.33
 29   1.94 2.69 3.59 4.47 5.17 5.39 5.05 4.44 3.67 2.81 1.98 1.48 1.68 2.25 2.87 3.67 4.29 4.54 4.29 3.74 3.03 2.28 1.60 1.33
 30   1.68 2.30 3.13 3.98 4.73 5.19 5.10 4.62 3.86 3.14 2.26 1.61 1.44 1.86 2.53 3.23 3.90 4.38 4.40 4.05 3.49 2.82 2.11 1.63
 31   1.68 2.10 2.80 3.60 4.37 4.93 5.06 4.73 4.13 3.39 2.51 1.77 1.35 1.53 2.06 2.74 3.36 4.00 4.34 4.26 3.88 3.37 2.73 2.13
 ----------------------------------------------------------------------------------------------------------------------------
                                                                                              
 ----------------------------------------------------------------------------------------------------------------------------
 ----------------------------------------------------------------------------------------------------------------------------
                                                          SURVEY OF INDIA
                                                    MARINE GEODESY WING (G&RB)
                                                     HOURLY HEIGHTS IN METRES
  NAME OF PORT:- VADINAR                                                                            MONTH FEBRUARY  YEAR 2020
 ----------------------------------------------------------------------------------------------------------------------------
 DAYS 0000 0001 0002 0003 0004 0005 0006 0007 0008 0009 0010 0011 0012 0013 0014 0015 0016 0017 0018 0019 0020 0021 0022 0023
 ----------------------------------------------------------------------------------------------------------------------------
  1   1.83 1.97 2.48 3.14 3.83 4.46 4.83 4.73 4.29 3.67 2.89 2.10 1.50 1.31 1.63 2.19 2.85 3.49 4.01 4.26 4.13 3.77 3.29 2.79
  2   2.25 2.08 2.28 2.77 3.35 3.94 4.45 4.65 4.43 3.97 3.33 2.58 1.89 1.42 1.34 1.69 2.26 2.89 3.49 4.02 4.30 4.24 3.93 3.53
  3   3.06 2.64 2.40 2.50 2.87 3.34 3.84 4.25 4.40 4.20 3.77 3.19 2.52 1.89 1.43 1.39 1.73 2.27 2.90 3.53 4.11 4.47 4.49 4.25
  4   3.86 3.47 3.00 2.62 2.56 2.79 3.19 3.62 4.00 4.19 4.07 3.68 3.16 2.52 1.87 1.37 1.22 1.52 2.11 2.78 3.49 4.14 4.61 4.71
  5   4.50 4.16 3.65 3.10 2.60 2.38 2.54 2.90 3.34 3.74 4.02 3.99 3.67 3.19 2.53 1.83 1.27 1.02 1.33 1.96 2.72 3.51 4.27 4.82
  6   5.01 4.83 4.39 3.80 3.14 2.50 2.15 2.24 2.65 3.13 3.62 4.01 4.07 3.78 3.28 2.56 1.80 1.13 0.78 1.13 1.86 2.73 3.63 4.44
  7   5.00 5.19 4.96 4.45 3.77 3.04 2.33 1.98 2.16 2.64 3.23 3.81 4.25 4.28 3.88 3.23 2.41 1.58 0.86 0.60 1.09 1.94 2.93 3.87
  8   4.69 5.24 5.38 5.00 4.36 3.61 2.80 2.09 1.79 2.13 2.73 3.40 4.01 4.45 4.43 3.92 3.18 2.30 1.40 0.62 0.50 1.08 1.85 2.85
  9   3.76 4.82 5.42 5.43 4.90 4.13 3.32 2.45 1.74 1.65 2.14 2.82 3.46 4.08 4.50 4.49 3.90 3.12 2.20 1.26 0.56 0.63 1.45 2.42
 10   3.60 4.50 5.15 5.53 5.33 4.66 3.82 2.94 2.08 1.53 1.63 2.16 2.98 3.73 4.41 4.85 4.63 3.95 3.00 1.96 1.00 0.40 0.76 1.63
 11   2.67 3.61 4.54 5.36 5.66 5.26 4.41 3.51 2.55 1.71 1.31 1.60 2.36 3.20 4.04 4.74 5.05 4.62 3.83 2.90 1.88 0.95 0.57 1.15
 12   2.20 3.05 4.05 5.02 5.65 5.59 5.00 4.15 3.20 2.17 1.34 1.10 1.71 2.60 3.51 4.37 4.98 5.03 4.51 3.75 2.81 1.81 1.02 0.88
 13   1.53 2.43 3.43 4.39 5.19 5.67 5.34 4.63 3.74 2.71 1.72 0.99 1.05 1.76 2.70 3.53 4.28 4.84 4.92 4.42 3.71 2.86 1.97 1.30
 14   1.30 1.90 2.70 3.50 4.36 5.06 5.39 5.00 4.27 3.35 2.33 1.43 0.83 1.06 1.76 2.61 3.49 4.28 4.84 4.83 4.35 3.71 2.90 2.11
 15   1.60 1.71 2.32 3.11 3.96 4.74 5.23 5.17 4.65 3.90 3.00 2.03 1.20 0.79 1.20 1.96 2.84 3.66 4.39 4.82 4.73 4.32 3.76 3.09
 16   2.47 1.98 1.99 2.50 3.16 3.86 4.48 4.83 4.68 4.20 3.53 2.69 1.83 1.13 0.86 1.26 1.97 2.80 3.59 4.28 4.72 4.71 4.40 3.94
 17   3.36 2.80 2.30 2.18 2.49 3.02 3.58 4.11 4.45 4.38 4.02 3.46 2.72 1.96 1.31 1.01 1.32 1.92 2.66 3.38 4.08 4.60 4.86 4.69
 18   4.30 3.82 3.23 2.65 2.31 2.42 2.80 3.24 3.70 4.10 4.27 4.05 3.62 3.01 2.30 1.66 1.22 1.27 1.76 2.41 3.16 3.82 4.48 4.94
 19   4.99 4.66 4.15 3.53 2.89 2.37 2.26 2.53 2.99 3.47 3.93 4.25 4.17 3.82 3.27 2.53 1.83 1.25 1.12 1.53 2.26 3.02 3.78 4.44
 20   4.97 5.15 4.83 4.27 3.59 2.87 2.26 2.03 2.30 2.80 3.32 3.86 4.24 4.26 3.89 3.30 2.53 1.79 1.20 1.05 1.57 2.33 3.21 4.04
 21   4.74 5.17 5.23 4.79 4.13 3.40 2.68 2.04 1.84 2.20 2.79 3.40 3.99 4.37 4.32 3.86 3.23 2.48 1.72 1.08 1.07 1.69 2.56 3.48
 22   4.25 5.02 5.37 5.15 4.60 3.89 3.07 2.27 1.74 1.83 2.36 3.03 3.67 4.27 4.59 4.35 3.79 3.02 2.18 1.40 0.93 1.27 2.05 2.96
 23   3.87 4.68 5.28 5.37 4.93 4.23 3.41 2.60 1.90 1.59 1.97 2.66 3.39 4.07 4.60 4.65 4.21 3.56 2.70 1.85 1.15 1.05 1.64 2.45
 24   3.46 4.21 4.91 5.36 5.22 4.59 3.79 2.91 2.07 1.52 1.67 2.24 3.00 3.76 4.40 4.77 4.52 3.96 3.20 2.30 1.50 1.01 1.32 2.10
 25   3.00 3.86 4.69 5.30 5.33 4.83 4.10 3.24 2.33 1.64 1.42 1.90 2.60 3.36 4.13 4.69 4.81 4.39 3.76 2.95 2.07 1.39 1.21 1.80
 26   2.68 3.53 4.40 5.13 5.40 5.09 4.46 3.65 2.73 1.88 1.37 1.60 2.23 3.03 3.83 4.51 4.90 4.68 4.10 3.38 2.52 1.81 1.32 1.60
 27   2.33 3.16 4.00 4.80 5.30 5.18 4.65 3.88 3.03 2.20 1.54 1.35 1.90 2.67 3.48 4.24 4.80 4.88 4.47 3.86 3.10 2.31 1.68 1.57
 28   2.14 2.89 3.70 4.53 5.14 5.26 4.87 4.23 3.44 2.57 1.80 1.31 1.57 2.20 3.00 3.79 4.48 4.85 4.68 4.20 3.55 2.83 2.12 1.72
 29   1.97 2.57 3.31 4.10 4.77 5.14 4.96 4.44 3.74 2.93 2.16 1.57 1.35 1.84 2.57 3.36 4.08 4.64 4.76 4.45 3.95 3.32 2.68 2.16
 ----------------------------------------------------------------------------------------------------------------------------
                                                                                              
 ----------------------------------------------------------------------------------------------------------------------------
 ----------------------------------------------------------------------------------------------------------------------------
                                                          SURVEY OF INDIA
                                                    MARINE GEODESY WING (G&RB)
                                                     HOURLY HEIGHTS IN METRES
  NAME OF PORT:- VADINAR                                                                            MONTH MARCH     YEAR 2020
 ----------------------------------------------------------------------------------------------------------------------------
 DAYS 0000 0001 0002 0003 0004 0005 0006 0007 0008 0009 0010 0011 0012 0013 0014 0015 0016 0017 0018 0019 0020 0021 0022 0023
 ----------------------------------------------------------------------------------------------------------------------------
  1   2.02 2.39 3.00 3.72 4.41 4.89 4.91 4.54 3.98 3.20 2.35 1.64 1.28 1.55 2.15 2.89 3.64 4.30 4.70 4.65 4.30 3.80 3.20 2.61
  2   2.21 2.29 2.68 3.23 3.83 4.37 4.65 4.51 4.09 3.51 2.79 2.08 1.52 1.36 1.73 2.34 3.05 3.72 4.31 4.65 4.57 4.27 3.83 3.33
  3   2.83 2.51 2.57 2.91 3.40 3.89 4.28 4.44 4.26 3.85 3.30 2.67 2.14 1.68 1.48 1.80 2.38 3.00 3.65 4.25 4.61 4.60 4.38 4.01
  4   3.52 3.07 2.68 2.61 2.85 3.23 3.63 3.98 4.16 4.07 3.74 3.27 2.67 2.17 1.74 1.46 1.68 2.20 2.84 3.47 4.10 4.59 4.79 4.66
  5   4.32 3.90 3.40 2.91 2.57 2.61 2.90 3.30 3.69 4.01 4.13 3.97 3.58 3.07 2.44 1.84 1.42 1.50 1.94 2.59 3.29 3.97 4.61 5.04
  6   5.04 4.75 4.25 3.67 3.02 2.49 2.35 2.63 3.05 3.51 3.94 4.19 4.06 3.68 3.12 2.44 1.76 1.22 1.12 1.60 2.34 3.16 3.96 4.70
  7   5.14 5.15 4.79 4.17 3.44 2.68 2.10 1.93 2.32 2.90 3.52 4.08 4.44 4.34 3.93 3.33 2.60 1.88 1.27 0.95 1.49 2.33 3.28 4.12
  8   4.88 5.35 5.33 4.80 4.08 3.30 2.60 2.03 1.80 2.28 2.97 3.69 4.36 4.77 4.63 4.09 3.34 2.40 1.52 0.84 0.84 1.45 2.37 3.37
  9   4.40 5.16 5.62 5.36 4.71 3.86 2.94 2.18 1.48 1.62 2.26 3.08 3.90 4.64 5.07 4.83 4.13 3.28 2.32 1.43 0.77 0.90 1.73 2.76
 10   3.72 4.73 5.42 5.61 5.15 4.41 3.50 2.49 1.58 1.15 1.65 2.47 3.40 4.25 5.00 5.32 4.90 4.16 3.24 2.17 1.25 0.72 1.21 2.17
 11   3.28 4.20 5.06 5.68 5.60 4.94 4.10 3.13 2.09 1.20 1.00 1.71 2.67 3.56 4.37 5.08 5.29 4.80 3.97 3.03 2.00 1.15 0.93 1.67
 12   2.60 3.44 4.34 5.12 5.57 5.27 4.47 3.55 2.53 1.53 0.84 1.00 1.80 2.82 3.74 4.55 5.17 5.19 4.60 3.80 2.87 1.90 1.16 1.25
 13   2.04 2.95 3.85 4.76 5.40 5.43 4.84 4.00 3.00 1.93 0.96 0.48 0.99 1.89 2.96 3.91 4.73 5.25 5.10 4.50 3.73 2.85 1.97 1.37
 14   1.58 2.33 3.17 4.06 4.82 5.27 5.05 4.37 3.50 2.50 1.50 0.66 0.49 1.16 2.05 3.02 3.92 4.65 5.08 4.88 4.33 3.63 2.83 2.04
 15   1.58 1.89 2.53 3.30 4.06 4.65 4.86 4.52 3.91 3.12 2.17 1.30 0.65 0.69 1.36 2.20 3.09 3.91 4.57 4.91 4.66 4.16 3.53 2.80
 16   2.17 1.82 2.06 2.58 3.20 3.83 4.30 4.43 4.13 3.60 2.90 2.05 1.34 0.84 1.02 1.66 2.38 3.10 3.86 4.51 4.85 4.70 4.30 3.76
 17   3.12 2.52 2.09 2.11 2.60 3.09 3.57 3.99 4.15 3.98 3.58 3.00 2.31 1.69 1.21 1.24 1.72 2.39 3.10 3.80 4.44 4.78 4.73 4.44
 18   3.98 3.44 2.86 2.36 2.15 2.35 2.74 3.18 3.60 3.94 4.01 3.78 3.32 2.76 2.12 1.60 1.32 1.58 2.15 2.84 3.53 4.23 4.75 4.91
 19   4.71 4.30 3.78 3.19 2.53 2.10 2.09 2.43 2.90 3.43 3.89 4.16 4.06 3.72 3.20 2.56 1.93 1.45 1.56 2.04 2.73 3.46 4.13 4.75
 20   5.08 4.94 4.50 3.93 3.32 2.66 2.09 1.93 2.30 2.87 3.43 3.98 4.33 4.26 3.84 3.29 2.63 2.10 1.58 1.48 2.00 2.72 3.51 4.28
 21   4.87 5.14 4.92 4.40 3.74 3.08 2.47 2.05 1.89 2.38 3.03 3.66 4.24 4.55 4.37 3.90 3.29 2.55 1.83 1.34 1.56 2.21 3.00 3.80
 22   4.52 5.06 5.17 4.78 4.17 3.41 2.63 1.91 1.53 1.86 2.50 3.25 3.94 4.51 4.71 4.34 3.76 3.06 2.24 1.56 1.30 1.76 2.53 3.35
 23   4.15 4.80 5.20 5.01 4.47 3.76 2.92 2.10 1.49 1.53 2.14 2.89 3.66 4.35 4.80 4.68 4.16 3.52 2.75 1.93 1.43 1.55 2.10 2.93
 24   3.76 4.45 5.05 5.19 4.75 4.05 3.31 2.59 1.98 1.61 1.79 2.49 3.30 4.06 4.70 4.97 4.54 3.90 3.13 2.31 1.61 1.29 1.80 2.60
 25   3.45 4.26 4.95 5.26 4.92 4.26 3.49 2.61 1.76 1.19 1.40 2.13 2.94 3.74 4.47 4.96 4.83 4.27 3.57 2.72 1.87 1.33 1.58 2.30
 26   3.12 3.96 4.74 5.21 5.05 4.49 3.73 2.88 1.84 1.23 1.16 1.77 2.58 3.43 4.19 4.86 5.06 4.62 3.92 3.17 2.32 1.61 1.49 2.03
 27
 28
 29
 30
 31
 ----------------------------------------------------------------------------------------------------------------------------
                                                                                               
 ----------------------------------------------------------------------------------------------------------------------------
 ----------------------------------------------------------------------------------------------------------------------------
                                                          SURVEY OF INDIA
                                                    MARINE GEODESY WING (G&RB)
                                                     HOURLY HEIGHTS IN METRES
  NAME OF PORT:- VADINAR                                                                            MONTH APRIL     YEAR 2020
 ----------------------------------------------------------------------------------------------------------------------------
 DAYS 0000 0001 0002 0003 0004 0005 0006 0007 0008 0009 0010 0011 0012 0013 0014 0015 0016 0017 0018 0019 0020 0021 0022 0023
 ----------------------------------------------------------------------------------------------------------------------------
  1   2.58 2.31 2.50 2.93 3.42 3.91 4.25 4.24 3.93 3.45 2.78 2.07 1.50 1.27 1.57 2.15 2.85 3.53 4.23 4.71 4.83 4.63 4.22 3.71
  2   3.16 2.71 2.40 2.49 2.82 3.25 3.66 3.98 4.06 3.84 3.45 2.91 2.29 1.75 1.42 1.54 2.03 2.67 3.33 3.99 4.56 4.88 4.80 4.47
  3   4.00 3.53 2.97 2.54 2.31 2.52 2.91 3.36 3.80 4.07 4.06 3.79 3.40 2.89 2.26 1.76 1.51 1.80 2.41 3.12 3.85 4.52 5.02 5.07
  4   4.77 4.34 3.77 3.10 2.48 2.12 2.15 2.59 3.15 3.71 4.18 4.35 4.15 3.71 3.10 2.39 1.72 1.28 1.52 2.13 2.92 3.72 4.52 5.12
  5   5.29 5.02 4.47 3.76 3.01 2.25 1.73 1.83 2.38 3.01 3.68 4.29 4.64 4.42 3.92 3.24 2.47 1.80 1.31 1.42 2.11 3.00 3.91 4.77
  6   5.41 5.53 5.14 4.46 3.66 2.73 1.91 1.41 1.76 2.48 3.25 4.11 4.83 5.12 4.79 4.13 3.31 2.34 1.47 1.02 1.43 2.24 3.15 4.04
  7   4.90 5.44 5.55 5.00 4.22 3.30 2.30 1.47 1.14 1.75 2.58 3.40 4.21 4.94 5.34 4.97 4.24 3.40 2.43 1.56 1.06 1.58 2.52 3.51
  8   4.42 5.14 5.65 5.36 4.61 3.69 2.65 1.66 0.84 0.94 1.80 2.87 3.87 4.78 5.45 5.50 4.91 4.09 3.14 2.12 1.30 1.17 1.90 2.87
  9   3.82 4.66 5.41 5.61 5.06 4.21 3.24 2.10 1.11 0.53 0.99 2.01 3.06 4.08 5.06 5.66 5.48 4.82 3.87 3.04 2.06 1.33 1.43 2.24
 10   3.22 4.08 4.99 5.52 5.33 4.63 3.74 2.75 1.83 0.99 0.49 1.11 2.17 3.26 4.30 5.22 5.70 5.39 4.69 3.82 2.88 1.98 1.38 1.74
 11   2.58 3.37 4.23 5.03 5.33 4.97 4.22 3.37 2.30 1.28 0.44 0.52 1.36 2.38 3.47 4.47 5.29 5.56 5.15 4.47 3.63 2.71 1.89 1.53
 12   2.00 2.66 3.48 4.32 4.92 5.02 4.57 3.82 2.95 1.95 1.05 0.49 0.90 1.74 2.78 3.78 4.71 5.37 5.47 5.04 4.38 3.59 2.77 2.07
 13   1.87 2.21 2.85 3.58 4.27 4.74 4.71 4.25 3.61 2.80 1.91 1.15 0.82 1.29 2.10 2.94 3.83 4.66 5.23 5.27 4.88 4.31 3.58 2.84
 14   2.24 2.02 2.32 2.86 3.47 4.04 4.41 4.37 4.01 3.48 2.91 2.22 1.59 1.24 1.60 2.28 3.10 3.87 4.61 5.09 5.07 4.74 4.24 3.61
 15   2.94 2.42 2.10 2.28 2.71 3.23 3.69 4.07 4.15 3.92 3.49 2.96 2.33 1.75 1.45 1.69 2.24 2.93 3.65 4.32 4.83 4.98 4.79 4.35
 16   3.79 3.29 2.66 2.22 2.15 2.46 2.91 3.38 3.83 4.11 4.06 3.78 3.35 2.81 2.23 1.80 1.78 2.18 2.80 3.48 4.14 4.69 5.02 4.91
 17   4.55 4.09 3.51 2.84 2.27 1.98 2.16 2.59 3.14 3.64 4.07 4.27 4.08 3.69 3.16 2.54 2.01 1.80 2.11 2.67 3.31 3.98 4.63 5.01
 18   4.98 4.65 4.10 3.44 2.72 2.05 1.70 1.92 2.43 3.02 3.61 4.14 4.41 4.22 3.81 3.23 2.56 1.97 1.71 2.01 2.60 3.29 4.02 4.64
 19   5.02 4.97 4.49 3.85 3.16 2.37 1.72 1.55 1.98 2.59 3.30 3.98 4.52 4.62 4.31 3.80 3.14 2.42 1.87 1.72 2.17 2.83 3.58 4.32
 20   4.86 5.09 4.80 4.26 3.58 2.87 2.20 1.63 1.60 2.15 2.91 3.68 4.38 4.83 4.76 4.32 3.70 2.98 2.22 1.72 1.84 2.43 3.17 3.91
 21   4.58 5.02 4.98 4.52 3.91 3.13 2.25 1.52 1.27 1.73 2.48 3.28 4.04 4.69 4.96 4.63 4.08 3.40 2.62 1.95 1.64 2.05 2.78 3.55
 22   4.31 4.87 5.10 4.77 4.12 3.37 2.50 1.71 1.19 1.46 2.18 3.03 3.87 4.64 5.16 5.11 4.64 3.97 3.19 2.41 1.84 1.87 2.47 3.24
 23   4.00 4.64 5.09 4.97 4.44 3.75 2.86 1.94 1.23 1.14 1.76 2.61 3.49 4.32 5.05 5.35 5.03 4.46 3.67 2.89 2.12 1.77 2.19 2.89
 24   3.66 4.35 4.91 5.05 4.64 3.98 3.18 2.25 1.38 0.93 1.35 2.17 3.06 3.92 4.76 5.34 5.31 4.80 4.11 3.34 2.53 1.91 1.92 2.51
 25   3.24 3.96 4.60 4.98 4.78 4.21 3.46 2.57 1.70 1.04 1.10 1.78 2.64 3.50 4.37 5.12 5.44 5.15 4.51 3.78 2.96 2.20 1.84 2.21
 26   2.88 3.60 4.31 4.85 4.92 4.48 3.78 2.95 2.03 1.24 0.86 1.31 2.12 3.03 3.97 4.83 5.37 5.33 4.85 4.20 3.49 2.72 2.14 2.01
 27   2.50 3.15 3.84 4.47 4.81 4.62 4.09 3.35 2.57 1.67 1.03 1.01 1.64 2.49 3.37 4.25 4.98 5.34 5.12 4.58 3.91 3.22 2.49 2.00
 28   2.14 2.65 3.30 3.93 4.44 4.57 4.25 3.68 2.96 2.14 1.41 0.96 1.26 1.89 2.72 3.58 4.39 5.01 5.16 4.86 4.32 3.68 2.99 2.41
 29   2.07 2.29 2.81 3.38 3.95 4.35 4.32 3.95 3.38 2.66 1.89 1.27 1.09 1.50 2.19 2.98 3.78 4.50 5.00 5.01 4.66 4.14 3.48 2.83
 30   2.27 2.09 2.37 2.84 3.35 3.85 4.18 4.13 3.78 3.26 2.60 1.94 1.41 1.30 1.69 2.36 3.11 3.86 4.54 5.00 4.98 4.67 4.16 3.55
 ----------------------------------------------------------------------------------------------------------------------------
                                                                                              
 ----------------------------------------------------------------------------------------------------------------------------
 ----------------------------------------------------------------------------------------------------------------------------
                                                          SURVEY OF INDIA
                                                    MARINE GEODESY WING (G&RB)
                                                     HOURLY HEIGHTS IN METRES
  NAME OF PORT:- VADINAR                                                                            MONTH MAY       YEAR 2020
 ----------------------------------------------------------------------------------------------------------------------------
 DAYS 0000 0001 0002 0003 0004 0005 0006 0007 0008 0009 0010 0011 0012 0013 0014 0015 0016 0017 0018 0019 0020 0021 0022 0023
 ----------------------------------------------------------------------------------------------------------------------------
  1   2.91 2.39 2.14 2.35 2.77 3.26 3.71 4.04 4.08 3.81 3.38 2.77 2.13 1.62 1.40 1.70 2.27 2.98 3.69 4.38 4.89 5.02 4.75 4.27
  2   3.70 3.09 2.45 2.04 2.11 2.49 3.00 3.51 3.96 4.23 4.12 3.75 3.22 2.58 1.97 1.55 1.62 2.12 2.82 3.56 4.28 4.87 5.15 4.94
  3   4.46 3.93 3.29 2.62 2.01 1.73 2.09 2.68 3.31 3.91 4.37 4.42 4.11 3.62 2.95 2.25 1.65 1.45 1.87 2.58 3.36 4.12 4.81 5.18
  4   4.98 4.51 3.86 3.06 2.18 1.48 1.31 1.80 2.54 3.32 4.03 4.61 4.78 4.45 3.88 3.15 2.36 1.71 1.36 1.78 2.54 3.37 4.22 4.91
  5   5.24 5.01 4.42 3.63 2.67 1.74 0.99 1.02 1.70 2.56 3.42 4.30 4.91 5.06 4.64 3.98 3.16 2.29 1.57 1.29 1.83 2.64 3.55 4.40
  6   5.08 5.29 4.89 4.15 3.28 2.25 1.28 0.63 0.89 1.72 2.69 3.61 4.49 5.18 5.31 4.85 4.14 3.32 2.37 1.58 1.38 1.99 2.87 3.78
  7   4.62 5.19 5.25 4.71 3.91 2.94 1.87 0.93 0.36 0.88 1.82 2.78 3.76 4.68 5.38 5.49 4.90 4.08 3.18 2.27 1.58 1.57 2.26 3.16
  8   4.05 4.78 5.25 5.04 4.36 3.49 2.48 1.44 0.51 0.29 1.09 2.14 3.18 4.21 5.15 5.69 5.44 4.80 4.01 3.15 2.26 1.60 1.77 2.52
  9   3.39 4.16 4.88 5.20 4.83 4.07 3.17 2.13 1.13 0.37 0.53 1.45 2.51 3.54 4.54 5.39 5.77 5.38 4.68 3.87 2.96 2.09 1.59 1.98
 10   2.74 3.46 4.27 4.87 4.93 4.45 3.72 2.79 1.80 0.87 0.29 0.77 1.74 2.78 3.82 4.81 5.52 5.65 5.20 4.54 3.75 2.89 2.09 1.75
 11   2.18 2.84 3.58 4.28 4.75 4.71 4.22 3.51 2.64 1.71 0.88 0.54 1.14 2.17 3.08 4.05 4.92 5.48 5.41 4.93 4.27 3.51 2.71 2.05
 12   1.92 2.30 2.93 3.60 4.21 4.58 4.45 3.98 3.31 2.51 1.68 1.02 0.97 1.45 2.38 3.30 4.18 4.94 5.35 5.21 4.72 4.10 3.39 2.65
 13   2.10 1.94 2.31 2.88 3.46 3.98 4.27 4.12 3.73 3.18 2.47 1.78 1.27 1.32 1.89 2.65 3.44 4.22 4.86 5.16 4.96 4.50 3.90 3.24
 14   2.55 2.09 1.98 2.31 2.80 3.32 3.78 4.07 4.02 3.71 3.24 2.68 2.10 1.66 1.58 2.03 2.70 3.41 4.13 4.71 4.98 4.83 4.42 3.88
 15   3.24 2.63 2.10 1.89 2.12 2.56 3.06 3.54 3.94 4.06 3.87 3.51 2.98 2.44 1.98 1.83 2.15 2.72 3.35 4.01 4.57 4.91 4.81 4.45
 16   3.94 3.37 2.69 2.05 1.74 1.89 2.31 2.85 3.38 3.87 4.13 4.07 3.74 3.30 2.75 2.23 1.95 2.12 2.56 3.11 3.69 4.25 4.67 4.73
 17   4.41 3.93 3.33 2.59 1.97 1.59 1.72 2.18 2.78 3.31 3.77 4.15 4.27 4.07 3.67 3.11 2.44 2.01 2.10 2.58 3.18 3.82 4.41 4.78
 18   4.69 4.32 3.78 3.12 2.37 1.73 1.41 1.69 2.27 2.97 3.64 4.24 4.58 4.45 4.06 3.54 2.92 2.33 1.96 2.16 2.67 3.29 3.94 4.50
 19   4.75 4.57 4.11 3.47 2.72 1.94 1.32 1.27 1.78 2.49 3.21 3.86 4.44 4.76 4.52 4.06 3.45 2.76 2.17 1.94 2.27 2.85 3.53 4.16
 20   4.64 4.71 4.37 3.81 3.09 2.26 1.51 1.08 1.42 2.10 2.93 3.74 4.48 4.97 4.90 4.47 3.89 3.22 2.49 1.97 2.00 2.52 3.18 3.86
 21   4.45 4.76 4.58 4.06 3.38 2.53 1.68 1.02 0.98 1.61 2.46 3.33 4.16 4.85 5.15 4.87 4.33 3.69 2.90 2.18 1.80 2.13 2.79 3.47
 22   4.14 4.58 4.66 4.24 3.58 2.77 1.91 1.13 0.73 1.19 2.02 2.94 3.84 4.63 5.19 5.18 4.69 4.05 3.29 2.49 1.87 1.81 2.34 3.02
 23   3.73 4.29 4.62 4.41 3.85 3.08 2.16 1.30 0.66 0.75 1.43 2.22 3.26 4.13 4.94 5.30 5.02 4.42 3.69 2.92 2.16 1.70 1.96 2.57
 24   3.28 3.92 4.41 4.49 4.09 3.45 2.65 1.75 0.92 0.49 0.95 1.78 2.75 3.65 4.50 5.15 5.24 4.78 4.11 3.36 2.53 1.86 1.67 2.14
 25   2.84 3.51 4.10 4.48 4.31 3.76 3.02 2.14 1.28 0.61 0.65 1.33 2.24 3.19 4.15 4.97 5.34 5.11 4.55 3.85 3.06 2.25 1.69 1.85
 26   2.43 3.10 3.75 4.29 4.45 4.11 3.46 2.65 1.77 0.98 0.59 0.95 1.74 2.73 3.57 4.46 5.15 5.28 4.89 4.25 3.52 2.77 2.03 1.69
 27   2.02 2.63 3.30 3.92 4.36 4.37 3.91 3.29 2.46 1.65 0.94 0.72 1.26 2.06 2.96 3.85 4.67 5.23 5.21 4.76 4.12 3.38 2.54 1.92
 28   1.80 2.18 2.78 3.40 3.96 4.34 4.22 3.75 3.11 2.36 1.63 1.01 0.98 1.53 2.30 3.13 3.98 4.75 5.19 5.07 4.59 3.95 3.21 2.45
 29   1.88 1.80 2.18 2.74 3.35 3.87 4.17 4.06 3.63 3.06 2.36 1.68 1.16 1.14 1.69 2.45 3.28 4.09 4.78 5.16 5.04 4.58 3.94 3.23
 30   2.48 1.92 1.74 2.09 2.63 3.23 3.74 4.11 4.12 3.78 3.27 2.62 1.94 1.42 1.31 1.74 2.44 3.19 3.97 4.75 5.09 4.99 4.52 3.90
 31   3.17 2.41 1.77 1.52 1.81 2.32 2.97 3.58 4.09 4.31 4.09 3.62 3.03 2.36 1.76 1.45 1.74 2.35 3.11 3.87 4.59 5.07 5.02 4.55
 ----------------------------------------------------------------------------------------------------------------------------
                                                                                               
 ----------------------------------------------------------------------------------------------------------------------------
 ----------------------------------------------------------------------------------------------------------------------------
                                                          SURVEY OF INDIA
                                                    MARINE GEODESY WING (G&RB)
                                                     HOURLY HEIGHTS IN METRES
  NAME OF PORT:- VADINAR                                                                            MONTH JUNE      YEAR 2020
 ----------------------------------------------------------------------------------------------------------------------------
 DAYS 0000 0001 0002 0003 0004 0005 0006 0007 0008 0009 0010 0011 0012 0013 0014 0015 0016 0017 0018 0019 0020 0021 0022 0023
 ----------------------------------------------------------------------------------------------------------------------------
  1   3.91 3.19 2.32 1.57 1.13 1.42 2.04 2.79 3.52 4.16 4.58 4.49 4.05 3.49 2.77 2.05 1.59 1.76 2.36 3.09 3.87 4.63 5.14 5.07
  2   4.58 3.98 3.17 2.22 1.38 0.92 1.25 1.97 2.83 3.65 4.41 4.95 4.92 4.46 3.84 3.07 2.27 1.72 1.81 2.39 3.14 3.91 4.69 5.20
  3   5.12 4.66 3.91 3.01 1.99 1.11 0.69 1.13 2.02 3.01 3.94 4.84 5.39 5.36 4.89 4.21 3.42 2.62 1.98 2.01 2.58 3.37 4.21 4.93
  4   5.39 5.32 4.73 3.94 2.98 1.91 1.01 0.67 1.27 2.21 3.22 4.05 4.84 5.47 5.67 5.18 4.43 3.61 2.77 2.07 2.00 2.58 3.37 4.16
  5   4.84 5.21 5.04 4.36 3.51 2.46 1.40 0.57 0.52 1.35 2.43 3.49 4.53 5.38 5.93 5.65 5.00 4.21 3.34 2.49 1.92 2.11 2.80 3.60
  6   4.41 4.99 5.25 4.90 4.20 3.22 2.27 1.28 0.54 0.71 1.62 2.70 3.80 4.87 5.71 5.99 5.58 4.87 4.07 3.21 2.33 1.80 2.11 2.80
  7   3.55 4.18 4.76 5.01 4.57 3.83 2.93 1.93 0.99 0.42 0.91 1.91 2.99 3.98 4.68 5.22 5.58 5.46 4.79 3.87 3.11 2.25 1.80 2.23
  8   2.98 3.71 4.37 4.83 4.87 4.36 3.62 2.67 1.69 0.83 0.52 1.21 2.18 3.16 4.06 5.06 5.66 5.69 5.14 4.39 3.56 2.69 1.95 1.83
  9   2.28 3.09 3.82 4.43 4.82 4.64 4.07 3.31 2.40 1.48 0.78 0.90 1.58 2.49 3.45 4.44 5.29 5.71 5.44 4.87 4.10 3.32 2.47 1.87
 10   1.98 2.48 3.16 3.81 4.35 4.67 4.42 3.86 3.11 2.26 1.50 1.03 1.34 2.04 2.95 3.83 4.65 5.32 5.59 5.22 4.57 3.81 3.02 2.26
 11   1.87 2.06 2.59 3.22 3.79 4.25 4.43 4.15 3.62 2.96 2.23 1.60 1.35 1.71 2.43 3.26 4.09 4.86 5.32 5.30 4.87 4.27 3.54 2.77
 12   2.11 1.84 2.09 2.59 3.16 3.72 4.17 4.31 4.07 3.61 3.03 2.40 1.86 1.72 2.08 2.71 3.46 4.21 4.84 5.21 5.12 4.69 4.10 3.43
 13   2.70 2.11 1.88 2.11 2.55 3.10 3.63 4.07 4.24 4.10 3.74 3.26 2.71 2.25 2.07 2.36 2.91 3.55 4.24 4.79 5.10 5.00 4.56 4.01
 14   3.36 2.66 2.07 1.83 2.04 2.50 3.07 3.64 4.13 4.41 4.33 4.01 3.57 3.05 2.52 2.25 2.45 2.92 3.52 4.15 4.67 4.98 4.95 4.49
 15   3.93 3.33 2.58 1.97 1.70 1.93 2.43 3.04 3.67 4.26 4.62 4.59 4.24 3.79 3.25 2.70 2.38 2.53 2.98 3.53 4.12 4.61 4.86 4.69
 16   4.24 3.70 3.00 2.25 1.67 1.51 1.82 2.40 3.11 3.79 4.40 4.76 4.69 4.35 3.83 3.25 2.67 2.34 2.49 2.93 3.47 4.07 4.56 4.76
 17   4.56 4.12 3.51 2.75 2.01 1.45 1.39 1.84 2.56 3.34 4.12 4.76 5.04 4.86 4.40 3.83 3.21 2.61 2.30 2.54 3.01 3.59 4.20 4.63
 18   4.71 4.43 3.90 3.21 2.38 1.65 1.20 1.40 2.04 2.87 3.72 4.56 5.15 5.31 5.03 4.48 3.83 3.16 2.55 2.36 2.65 3.24 3.84 4.41
 19   4.79 4.74 4.34 3.71 2.97 2.09 1.42 1.19 1.63 2.39 3.28 4.17 4.96 5.48 5.49 5.09 4.38 3.67 2.94 2.36 2.30 2.71 3.34 3.97
 20   4.50 4.77 4.58 4.05 3.35 2.48 1.67 1.03 1.13 1.81 2.68 3.63 4.57 5.31 5.66 5.41 4.82 4.14 3.44 2.73 2.23 2.40 2.99 3.66
 21   4.29 4.73 4.82 4.44 3.77 2.94 2.03 1.22 0.86 1.33 2.22 3.20 4.15 5.00 5.63 5.66 5.20 4.51 3.72 2.92 2.23 2.11 2.54 3.21
 22   3.92 4.50 4.88 4.75 4.20 3.44 2.52 1.59 0.93 0.93 1.63 2.58 3.59 4.59 5.41 5.87 5.66 5.09 4.37 3.57 2.73 2.14 2.24 2.83
 23   3.54 4.20 4.75 4.99 4.67 4.03 3.25 2.30 1.41 0.93 1.23 2.06 2.88 3.87 4.87 5.62 5.86 5.50 4.84 4.15 3.26 2.50 2.01 2.27
 24   2.93 3.61 4.30 4.82 4.90 4.48 3.80 2.95 2.03 1.25 0.89 1.39 2.26 3.23 4.23 5.17 5.77 5.79 5.31 4.62 3.84 3.01 2.25 1.98
 25   2.43 3.08 3.79 4.46 4.89 4.81 4.30 3.58 2.71 1.83 1.11 1.07 1.70 2.58 3.53 4.49 5.36 5.82 5.64 5.07 4.34 3.54 2.71 2.04
 26   1.98 2.46 3.15 3.87 4.50 4.86 4.70 4.16 3.46 2.65 1.84 1.25 1.35 2.01 2.88 3.80 4.73 5.48 5.78 5.48 4.87 4.13 3.30 2.48
 27   1.91 1.97 2.50 3.20 3.87 4.46 4.81 4.64 4.14 3.49 2.70 1.95 1.46 1.61 2.24 3.06 3.95 4.83 5.46 5.65 5.28 4.63 3.86 3.03
 28   2.20 1.70 1.79 2.31 3.00 3.70 4.31 4.71 4.64 4.23 3.64 2.92 2.20 1.71 1.77 2.32 3.09 3.91 4.73 5.34 5.50 5.13 4.47 3.71
 29   2.87 2.09 1.53 1.57 2.09 2.80 3.53 4.22 4.74 4.82 4.49 3.95 3.32 2.62 2.03 1.95 2.42 3.13 3.89 4.61 5.17 5.33 4.98 4.36
 30   3.60 2.85 1.99 1.35 1.33 1.89 2.66 3.43 4.18 4.81 5.03 4.78 4.27 3.64 2.94 2.29 2.03 2.41 3.02 3.69 4.40 4.92 5.13 4.83
 ----------------------------------------------------------------------------------------------------------------------------
                                                                                               
 ----------------------------------------------------------------------------------------------------------------------------
 ----------------------------------------------------------------------------------------------------------------------------
                                                          SURVEY OF INDIA
                                                    MARINE GEODESY WING (G&RB)
                                                     HOURLY HEIGHTS IN METRES
  NAME OF PORT:- VADINAR                                                                            MONTH JULY      YEAR 2020
 ----------------------------------------------------------------------------------------------------------------------------
 DAYS 0000 0001 0002 0003 0004 0005 0006 0007 0008 0009 0010 0011 0012 0013 0014 0015 0016 0017 0018 0019 0020 0021 0022 0023
 ----------------------------------------------------------------------------------------------------------------------------
  1   4.21 3.54 2.66 1.75 1.04 1.00 1.58 2.41 3.28 4.11 4.83 5.15 4.94 4.43 3.80 3.07 2.39 2.05 2.30 2.89 3.60 4.28 4.83 4.99
  2   4.62 4.07 3.28 2.35 1.45 0.75 0.82 1.51 2.42 3.36 4.28 5.06 5.46 5.30 4.78 4.14 3.40 2.63 2.13 2.26 2.82 3.49 4.18 4.73
  3   4.91 4.62 4.01 3.22 2.24 1.30 0.63 0.70 1.51 2.47 3.44 4.40 5.25 5.59 5.34 4.78 4.07 3.28 2.48 1.97 2.09 2.72 3.42 4.10
  4   4.64 4.83 4.51 3.86 3.03 2.05 1.10 0.48 0.72 1.58 2.60 3.56 4.57 5.35 5.66 5.31 4.68 3.92 3.11 2.32 1.90 2.16 2.79 3.52
  5   4.21 4.69 4.82 4.40 3.69 2.77 1.77 0.85 0.37 0.87 1.80 2.85 3.89 4.84 5.53 5.59 5.16 4.47 3.68 2.87 2.13 1.77 2.18 2.89
  6   3.62 4.26 4.71 4.66 4.17 3.43 2.48 1.48 0.64 0.43 1.07 2.09 3.16 4.19 5.11 5.65 5.52 5.00 4.25 3.44 2.64 1.95 1.78 2.16
  7   2.85 3.72 4.47 4.84 4.68 4.05 3.20 2.20 1.28 0.63 0.82 1.62 2.65 3.71 4.61 5.49 5.84 5.47 4.81 4.04 3.20 2.40 1.76 1.94
  8   2.54 3.16 3.81 4.39 4.63 4.39 3.82 3.03 2.10 1.24 0.68 1.00 1.81 2.74 3.69 4.66 5.30 5.46 5.05 4.36 3.58 2.73 1.99 1.69
  9   1.99 2.60 3.34 4.10 4.61 4.71 4.32 3.67 2.89 2.05 1.38 1.18 1.73 2.57 3.47 4.38 5.18 5.57 5.37 4.76 4.03 3.26 2.44 1.82
 10   1.76 2.20 2.88 3.59 4.20 4.62 4.55 4.11 3.48 2.72 2.00 1.49 1.60 2.24 3.06 3.89 4.75 5.37 5.47 5.10 4.48 3.73 2.92 2.15
 11   1.69 1.85 2.37 3.03 3.67 4.25 4.51 4.33 3.89 3.31 2.61 1.98 1.64 1.87 2.52 3.28 4.08 4.81 5.27 5.23 4.80 4.15 3.40 2.57
 12   1.92 1.64 1.88 2.46 3.10 3.72 4.22 4.41 4.21 3.83 3.31 2.70 2.17 1.95 2.23 2.78 3.47 4.18 4.75 5.04 4.84 4.38 3.79 3.09
 13   2.36 1.73 1.59 1.90 2.43 3.07 3.65 4.15 4.37 4.25 3.90 3.41 2.79 2.32 2.14 2.41 2.89 3.47 4.06 4.57 4.80 4.59 4.13 3.42
 14   2.78 2.14 1.61 1.48 1.81 2.37 2.99 3.67 4.12 4.41 4.29 3.97 3.51 2.99 2.49 2.25 2.44 2.88 3.42 3.97 4.39 4.55 4.34 3.88
 15   3.29 2.64 1.95 1.43 1.37 1.74 2.34 3.01 3.68 4.28 4.63 4.51 4.19 3.75 3.20 2.67 2.35 2.48 2.87 3.35 3.86 4.29 4.47 4.26
 16   3.82 3.27 2.53 1.80 1.26 1.24 1.66 2.31 3.07 3.80 4.44 4.84 4.75 4.38 3.86 3.25 2.62 2.24 2.34 2.73 3.25 3.77 4.23 4.37
 17   4.14 3.76 3.16 2.30 1.59 1.01 1.11 1.63 2.40 3.23 4.05 4.75 5.13 4.98 4.53 3.92 3.23 2.55 2.12 2.23 2.66 3.22 3.80 4.28
 18   4.43 4.19 3.69 3.00 2.15 1.39 0.87 1.04 1.72 2.57 3.48 4.36 5.07 5.37 5.12 4.60 3.95 3.23 2.36 2.05 2.38 2.90 3.53 4.13
 19   4.52 4.59 4.25 3.64 2.87 2.00 1.23 0.84 1.22 2.00 2.92 3.84 4.72 5.34 5.46 5.06 4.41 3.66 2.86 2.16 1.97 2.35 2.97 3.64
 20   4.19 4.57 4.57 4.10 3.42 2.56 1.66 0.84 0.72 1.30 2.20 3.20 4.15 5.00 5.55 5.48 4.96 4.22 3.43 2.60 1.96 1.97 2.50 3.19
 21   3.88 4.40 4.79 4.56 3.98 3.18 2.22 1.32 0.66 0.84 1.60 2.52 3.56 4.50 5.30 5.70 5.46 4.80 4.02 3.21 2.33 1.78 2.02 2.67
 22   3.42 4.09 4.67 4.89 4.51 3.83 2.96 2.00 1.08 0.55 0.95 1.85 2.88 3.91 4.91 5.63 5.73 5.26 4.53 3.72 2.86 2.05 1.63 2.07
 23   2.82 3.54 4.29 4.86 4.91 4.40 3.68 2.79 1.79 0.94 0.70 1.28 2.19 3.17 4.20 5.14 5.76 5.63 5.02 4.26 3.40 2.49 1.74 1.61
 24   2.15 2.91 3.70 4.47 4.98 4.90 4.34 3.59 2.67 1.74 0.98 0.95 1.66 2.58 3.59 4.59 5.41 5.73 5.39 4.72 3.92 3.04 2.08 1.43
 25   1.60 2.20 3.01 3.83 4.53 4.95 4.76 4.17 3.40 2.52 1.66 1.03 1.27 2.00 2.94 3.90 4.84 5.52 5.62 5.15 4.42 3.57 2.64 1.78
 26   1.28 1.56 2.26 3.08 3.88 4.59 4.94 4.73 4.14 3.44 2.59 1.83 1.37 1.67 2.39 3.26 4.19 5.01 5.54 5.45 4.92 4.16 3.29 2.36
 27   1.56 1.20 1.57 2.27 3.11 3.93 4.60 4.95 4.75 4.27 3.64 2.89 2.17 1.79 2.07 2.71 3.49 4.30 4.99 5.37 5.20 4.65 3.90 3.05
 28   2.08 1.43 1.11 1.52 2.23 3.05 3.84 4.52 4.91 4.79 4.40 3.86 3.21 2.57 2.12 2.25 2.76 3.41 4.11 4.70 5.06 4.91 4.39 3.69
 29   2.86 2.10 1.40 1.07 1.43 2.12 2.93 3.74 4.48 4.97 4.99 4.70 4.18 3.59 2.95 2.41 2.32 2.68 3.23 3.83 4.39 4.78 4.73 4.31
 30   3.71 2.99 2.12 1.36 0.92 1.20 1.83 2.64 3.48 4.27 4.89 5.14 4.92 4.44 3.83 3.16 2.53 2.21 2.43 2.90 3.49 4.06 4.52 4.60
 31   4.26 3.76 3.04 2.20 1.33 0.82 1.04 1.70 2.56 3.46 4.35 5.09 5.39 5.21 4.69 4.03 3.28 2.56 2.11 2.26 2.73 3.34 3.99 4.50
 ----------------------------------------------------------------------------------------------------------------------------
                                                                                               
 ----------------------------------------------------------------------------------------------------------------------------
 ----------------------------------------------------------------------------------------------------------------------------
                                                          SURVEY OF INDIA
                                                    MARINE GEODESY WING (G&RB)
                                                     HOURLY HEIGHTS IN METRES
  NAME OF PORT:- VADINAR                                                                            MONTH AUGUST    YEAR 2020
 ----------------------------------------------------------------------------------------------------------------------------
 DAYS 0000 0001 0002 0003 0004 0005 0006 0007 0008 0009 0010 0011 0012 0013 0014 0015 0016 0017 0018 0019 0020 0021 0022 0023
 ----------------------------------------------------------------------------------------------------------------------------
  1   4.67 4.43 3.88 3.15 2.25 1.39 0.81 0.96 1.69 2.55 3.53 4.49 5.27 5.59 5.35 4.80 4.08 3.28 2.49 1.99 2.11 2.66 3.34 3.99
  2   4.53 4.78 4.51 3.93 3.16 2.26 1.40 0.79 1.05 1.79 2.76 3.76 4.72 5.44 5.67 5.33 4.68 3.95 3.12 2.32 1.87 2.12 2.79 3.48
  3   4.18 4.69 4.90 4.54 3.89 3.05 2.12 1.26 0.78 1.21 2.04 3.05 4.04 5.05 5.69 5.67 5.18 4.47 3.64 2.83 2.07 1.86 2.33 3.05
  4   3.80 4.44 4.91 4.86 4.34 3.61 2.75 1.80 1.03 0.95 1.62 2.54 3.52 4.48 5.29 5.68 5.40 4.80 4.01 3.16 2.31 1.73 1.88 2.48
  5   3.24 3.92 4.55 4.84 4.57 3.94 3.18 2.24 1.36 0.77 1.08 1.89 2.86 3.80 4.75 5.40 5.45 4.99 4.30 3.50 2.55 1.76 1.48 1.91
  6   2.66 3.36 4.09 4.62 4.66 4.24 3.58 2.74 1.85 1.13 0.98 1.57 2.44 3.37 4.33 5.17 5.58 5.32 4.76 4.03 3.18 2.30 1.60 1.60
  7   2.15 2.80 3.57 4.28 4.74 4.60 4.12 3.44 2.58 1.76 1.14 1.25 1.96 2.82 3.72 4.60 5.26 5.42 5.00 4.35 3.58 2.72 1.90 1.48
  8   1.80 2.39 3.13 3.88 4.49 4.78 4.52 4.03 3.34 2.56 1.85 1.53 1.91 2.58 3.40 4.26 5.02 5.40 5.18 4.64 3.92 3.06 2.22 1.58
  9   1.56 1.97 2.64 3.39 4.08 4.59 4.64 4.28 3.70 3.00 2.24 1.68 1.67 2.17 2.90 3.70 4.48 5.04 5.08 4.68 4.08 3.34 2.48 1.74
 10   1.38 1.58 2.12 2.80 3.56 4.22 4.59 4.46 4.06 3.54 2.90 2.26 1.89 2.09 2.64 3.30 4.01 4.64 4.98 4.83 4.34 3.73 2.96 2.16
 11   1.55 1.44 1.79 2.38 3.06 3.71 4.31 4.59 4.44 4.08 3.60 3.04 2.52 2.24 2.44 2.90 3.48 4.10 4.58 4.75 4.48 4.02 3.38 2.68
 12   2.01 1.60 1.55 1.98 2.56 3.24 3.86 4.35 4.57 4.44 4.12 3.70 3.24 2.74 2.48 2.64 3.04 3.52 4.00 4.40 4.46 4.20 3.76 3.18
 13   2.48 1.96 1.53 1.56 1.94 2.50 3.15 3.77 4.31 4.59 4.55 4.28 3.88 3.42 2.96 2.61 2.63 2.90 3.28 3.69 4.03 4.13 3.98 3.61
 14   3.08 2.56 1.99 1.51 1.44 1.78 2.34 3.00 3.68 4.30 4.69 4.73 4.47 4.05 3.52 2.95 2.49 2.38 2.62 3.02 3.47 3.87 4.15 4.10
 15   3.76 3.30 2.65 1.98 1.41 1.21 1.55 2.17 2.91 3.65 4.41 4.97 5.07 4.79 4.30 3.70 3.05 2.47 2.21 2.43 2.88 3.39 3.91 4.27
 16   4.24 3.93 3.41 2.73 1.97 1.30 1.04 1.41 2.13 2.97 3.81 4.61 5.21 5.23 4.88 4.32 3.65 2.90 2.24 1.95 2.24 2.79 3.40 3.96
 17   4.32 4.33 3.91 3.30 2.56 1.73 1.04 0.81 1.36 2.16 3.12 4.08 5.00 5.47 5.32 4.81 4.12 3.32 2.48 1.83 1.81 2.31 3.00 3.68
 18   4.28 4.57 4.39 3.87 3.14 2.26 1.39 0.69 0.69 1.40 2.36 3.39 4.40 5.24 5.57 5.24 4.60 3.83 2.93 2.09 1.56 1.83 2.50 3.27
 19   4.04 4.58 4.85 4.51 3.88 3.04 2.03 1.12 0.51 0.88 1.76 2.76 3.80 4.81 5.56 5.62 5.10 4.37 3.49 2.56 1.74 1.41 1.94 2.72
 20   3.56 4.24 4.89 4.99 4.49 3.74 2.80 1.76 0.85 0.48 1.08 2.07 3.13 4.16 5.15 5.74 5.53 4.87 4.04 3.12 2.13 1.30 1.28 1.96
 21   2.87 3.65 4.50 5.13 5.07 4.48 3.67 2.65 1.61 0.75 0.69 1.44 2.44 3.50 4.56 5.45 5.78 5.31 4.51 3.59 2.52 1.53 0.90 1.31
 22   2.13 2.95 3.92 4.81 5.29 5.04 4.38 3.56 2.56 1.59 0.84 1.08 1.93 2.94 3.98 5.00 5.67 5.66 5.05 4.23 3.29 2.27 1.31 0.87
 23   1.40 2.21 3.20 4.19 5.01 5.38 5.03 4.34 3.50 2.56 1.72 1.20 1.64 2.43 3.36 4.35 5.20 5.67 5.37 4.68 3.80 2.83 1.80 1.00
 24   0.91 1.50 2.40 3.38 4.31 5.11 5.34 4.98 4.31 3.58 2.73 1.97 1.63 2.09 2.76 3.69 4.50 5.15 5.42 5.05 4.35 3.50 2.52 1.62
 25   0.96 0.96 1.59 2.48 3.40 4.28 4.99 5.21 4.89 4.33 3.64 2.91 2.24 2.03 2.40 3.07 3.80 4.52 5.05 5.15 4.76 4.10 3.30 2.40
 26   1.57 1.09 1.18 1.80 2.61 3.46 4.27 4.89 5.09 4.85 4.39 3.81 3.16 2.54 2.24 2.49 3.00 3.61 4.23 4.65 4.74 4.44 3.88 3.16
 27   2.29 1.63 1.10 1.18 1.73 2.47 3.28 4.08 4.76 5.11 5.00 4.63 4.10 3.50 2.85 2.39 2.39 2.74 3.23 3.76 4.23 4.46 4.33 3.93
 28   3.32 2.73 1.96 1.29 1.10 1.50 2.17 2.97 3.77 4.53 5.09 5.19 4.91 4.40 3.79 3.09 2.46 2.14 2.36 2.82 3.35 3.88 4.33 4.43
 29   4.16 3.71 3.07 2.29 1.55 1.09 1.29 1.93 2.75 3.60 4.44 5.13 5.39 5.13 4.58 3.93 3.19 2.44 1.96 2.06 2.53 3.12 3.76 4.28
 30   4.50 4.35 3.88 3.20 2.44 1.64 1.09 1.21 1.85 2.70 3.60 4.48 5.19 5.41 5.11 4.52 3.80 3.01 2.29 1.80 1.93 2.48 3.16 3.83
 31   4.38 4.63 4.40 3.84 3.11 2.29 1.49 0.95 1.22 1.96 2.88 3.80 4.72 5.39 5.47 5.02 4.32 3.54 2.70 2.00 1.60 1.94 2.63 3.36
 ----------------------------------------------------------------------------------------------------------------------------
                                                                                               
 ----------------------------------------------------------------------------------------------------------------------------
 ----------------------------------------------------------------------------------------------------------------------------
                                                          SURVEY OF INDIA
                                                    MARINE GEODESY WING (G&RB)
                                                     HOURLY HEIGHTS IN METRES
  NAME OF PORT:- VADINAR                                                                            MONTH SEPT      YEAR 2020
 ----------------------------------------------------------------------------------------------------------------------------
 DAYS 0000 0001 0002 0003 0004 0005 0006 0007 0008 0009 0010 0011 0012 0013 0014 0015 0016 0017 0018 0019 0020 0021 0022 0023
 ----------------------------------------------------------------------------------------------------------------------------
  1   4.05 4.56 4.73 4.34 3.72 2.90 2.01 1.22 0.91 1.43 2.24 3.23 4.19 5.03 5.51 5.28 4.66 3.86 3.00 2.13 1.47 1.52 2.14 2.83
  2   3.72 4.36 4.83 4.70 4.15 3.40 2.48 1.57 0.88 0.99 1.68 2.60 3.58 4.51 5.24 5.38 4.94 4.20 3.35 2.42 1.60 1.20 1.65 2.40
  3   3.26 3.94 4.63 4.89 4.53 3.87 3.04 2.11 1.27 0.86 1.32 2.16 3.11 4.07 4.91 5.39 5.15 4.42 3.71 2.80 1.89 1.21 1.33 2.00
  4   2.85 3.61 4.37 4.89 4.83 4.28 3.54 2.68 1.79 1.08 1.10 1.78 2.67 3.59 4.49 5.17 5.28 4.81 4.08 3.19 2.22 1.42 1.07 1.56
  5   2.34 3.14 3.96 4.66 4.97 4.67 4.05 3.28 2.40 1.62 1.18 1.59 2.33 3.18 4.06 4.84 5.25 5.00 4.37 3.57 2.68 1.84 1.21 1.29
  6   1.93 2.65 3.49 4.29 4.88 4.93 4.47 3.80 3.00 2.21 1.58 1.54 2.12 2.89 3.72 4.52 5.08 5.09 4.61 3.91 3.07 2.18 1.40 1.12
  7   1.56 2.25 3.08 3.90 4.58 4.99 4.80 4.32 3.66 2.87 2.12 1.66 1.93 2.54 3.32 4.11 4.74 5.05 4.80 4.23 3.51 2.66 1.84 1.25
  8   1.36 1.88 2.62 3.43 4.20 4.78 4.95 4.63 4.08 3.45 2.72 2.13 2.00 2.38 2.99 3.68 4.33 4.80 4.83 4.44 3.83 3.09 2.26 1.56
  9   1.23 1.53 2.15 2.89 3.58 4.20 4.65 4.72 4.38 3.88 3.26 2.61 2.15 2.17 2.53 3.05 3.66 4.20 4.55 4.46 4.02 3.44 2.72 2.02
 10   1.49 1.32 1.70 2.32 2.98 3.65 4.25 4.63 4.63 4.31 3.86 3.36 2.82 2.43 2.40 2.74 3.17 3.65 4.08 4.28 4.14 3.74 3.20 2.64
 11   2.08 1.72 1.50 1.84 2.40 3.04 3.64 4.22 4.60 4.69 4.41 3.98 3.47 2.95 2.53 2.43 2.63 3.06 3.46 3.83 4.09 4.07 3.76 3.28
 12   2.68 2.19 1.69 1.47 1.73 2.25 2.87 3.51 4.16 4.66 4.86 4.65 4.26 3.82 3.24 2.69 2.31 2.34 2.65 3.06 3.49 3.86 4.02 3.86
 13   3.48 2.98 2.33 1.78 1.38 1.46 1.90 2.54 3.27 3.98 4.62 5.02 4.93 4.51 4.05 3.39 2.68 2.16 2.02 2.36 2.88 3.44 3.96 4.24
 14   4.11 3.77 3.17 2.47 1.89 1.35 1.20 1.67 2.36 3.13 3.88 4.62 5.14 5.17 4.65 4.02 3.30 2.58 2.02 1.92 2.36 3.01 3.68 4.29
 15   4.60 4.48 4.04 3.41 2.68 2.00 1.28 1.14 1.72 2.57 3.51 4.42 5.20 5.55 5.24 4.61 3.87 3.02 2.20 1.67 1.83 2.46 3.33 3.99
 16   4.61 4.90 4.65 4.09 3.35 2.43 1.54 0.89 1.10 1.84 2.72 3.65 4.54 5.27 5.56 5.15 4.49 3.63 2.68 1.83 1.38 1.84 2.66 3.43
 17   4.15 4.71 5.10 4.81 4.11 3.24 2.28 1.40 0.84 1.24 2.12 3.12 4.04 4.92 5.55 5.56 4.90 4.04 3.08 2.10 1.32 1.25 1.97 2.82
 18   3.68 4.40 5.05 5.34 4.89 4.09 3.18 2.20 1.34 0.93 1.55 2.42 3.33 4.32 5.17 5.68 5.35 4.58 3.67 2.65 1.69 0.98 1.25 2.09
 19   3.00 3.89 4.80 5.43 5.36 4.72 3.89 2.99 2.00 1.19 1.18 1.97 2.95 3.89 4.80 5.50 5.63 5.04 4.20 3.23 2.14 1.17 0.70 1.33
 20   2.31 3.25 4.26 5.15 5.60 5.27 4.57 3.72 2.75 1.83 1.18 1.54 2.38 3.32 4.24 5.04 5.55 5.32 4.57 3.60 2.50 1.43 0.59 0.69
 21   1.45 2.27 3.26 4.21 4.99 5.43 5.13 4.37 3.50 2.55 1.72 1.39 1.89 2.56 3.49 4.40 5.12 5.37 4.89 4.11 3.19 2.15 1.12 0.49
 22   0.89 1.60 2.55 3.50 4.44 5.20 5.42 4.98 4.28 3.48 2.66 1.90 1.65 2.09 2.79 3.53 4.29 4.89 4.98 4.52 3.80 2.93 1.99 1.15
 23   0.63 1.00 1.71 2.52 3.44 4.38 5.06 5.21 4.82 4.24 3.53 2.75 2.10 1.87 2.26 2.86 3.49 4.11 4.53 4.54 4.11 3.40 2.60 1.79
 24   1.07 0.79 1.15 1.85 2.66 3.46 4.25 4.83 5.05 4.79 4.33 3.72 3.07 2.46 2.11 2.33 2.75 3.22 3.70 4.09 4.28 4.06 3.54 2.91
 25   2.20 1.63 1.25 1.43 1.96 2.68 3.43 4.15 4.74 5.03 4.90 4.52 3.98 3.36 2.73 2.26 2.20 2.49 2.93 3.41 3.87 4.16 4.16 3.87
 26   3.38 2.84 2.20 1.66 1.47 1.78 2.37 3.07 3.80 4.44 4.91 5.05 4.77 4.29 3.69 3.01 2.39 2.00 2.12 2.51 3.01 3.53 4.05 4.29
 27   4.14 3.79 3.22 2.54 1.89 1.47 1.63 2.13 2.83 3.58 4.33 4.94 5.14 4.89 4.36 3.75 3.01 2.29 1.78 1.86 2.30 2.93 3.59 4.15
 28   4.48 4.38 3.96 3.36 2.67 1.96 1.46 1.54 2.07 2.85 3.64 4.40 5.02 5.20 4.87 4.27 3.58 2.79 2.03 1.59 1.84 2.40 3.13 3.84
 29   4.43 4.73 4.53 4.03 3.37 2.60 1.88 1.39 1.63 2.24 3.07 3.90 4.66 5.17 5.19 4.71 4.03 3.23 2.39 1.70 1.51 1.91 2.64 3.42
 30   4.15 4.68 4.87 4.51 3.91 3.15 2.28 1.56 1.31 1.74 2.50 3.35 4.17 4.88 5.20 4.89 4.30 3.55 2.68 1.85 1.31 1.54 2.20 3.00
 ----------------------------------------------------------------------------------------------------------------------------
                                                                                               
 ----------------------------------------------------------------------------------------------------------------------------
 ----------------------------------------------------------------------------------------------------------------------------
                                                          SURVEY OF INDIA
                                                    MARINE GEODESY WING (G&RB)
                                                     HOURLY HEIGHTS IN METRES
  NAME OF PORT:- VADINAR                                                                            MONTH OCTOBER   YEAR 2020
 ----------------------------------------------------------------------------------------------------------------------------
 DAYS 0000 0001 0002 0003 0004 0005 0006 0007 0008 0009 0010 0011 0012 0013 0014 0015 0016 0017 0018 0019 0020 0021 0022 0023
 ----------------------------------------------------------------------------------------------------------------------------
  1   3.80 4.44 4.90 4.78 4.25 3.55 2.68 1.88 1.31 1.51 2.16 2.97 3.80 4.58 5.13 5.08 4.55 3.84 2.97 2.09 1.39 1.25 1.81 2.60
  2   3.44 4.17 4.81 5.03 4.63 3.97 3.19 2.34 1.60 1.33 1.81 2.57 3.39 4.18 4.88 5.12 4.73 4.10 3.29 2.43 1.60 1.08 1.43 2.17
  3   3.07 3.83 4.60 5.09 4.91 4.36 3.64 2.80 2.00 1.43 1.66 2.31 3.12 3.93 4.68 5.11 4.87 4.27 3.49 2.60 1.70 1.04 1.16 1.84
  4   2.71 3.51 4.35 5.03 5.19 4.75 4.11 3.33 2.48 1.77 1.56 2.08 2.81 3.62 4.39 4.97 5.00 4.50 3.80 2.96 2.04 1.25 1.00 1.54
  5   2.32 3.16 4.04 4.81 5.18 5.02 4.45 3.73 2.93 2.19 1.67 1.87 2.49 3.23 4.00 4.61 4.94 4.63 4.03 3.31 2.47 1.64 1.07 1.24
  6   1.85 2.67 3.52 4.35 4.99 5.17 4.78 4.19 3.49 2.74 2.17 1.85 2.27 2.89 3.60 4.27 4.73 4.74 4.25 3.58 2.77 1.93 1.21 1.09
  7   1.56 2.27 3.10 3.92 4.66 5.10 4.96 4.49 3.90 3.21 2.48 1.97 2.06 2.52 3.11 3.75 4.29 4.54 4.27 3.76 3.08 2.28 1.55 1.07
  8   1.24 1.76 2.47 3.28 4.05 4.66 4.94 4.70 4.23 3.64 2.97 2.38 2.01 2.27 2.75 3.32 3.87 4.27 4.27 3.91 3.38 2.72 1.98 1.39
  9   1.15 1.48 2.05 2.78 3.51 4.21 4.72 4.81 4.53 4.06 3.52 2.86 2.35 2.16 2.41 2.85 3.34 3.78 4.07 4.02 3.70 3.21 2.60 2.00
 10   1.51 1.37 1.68 2.22 2.87 3.53 4.16 4.63 4.74 4.51 4.09 3.59 3.03 2.54 2.23 2.35 2.69 3.09 3.51 3.83 3.91 3.71 3.34 2.85
 11   2.30 1.83 1.52 1.67 2.09 2.67 3.33 3.96 4.49 4.79 4.67 4.33 3.87 3.34 2.75 2.28 2.15 2.39 2.77 3.20 3.64 3.98 4.01 3.77
 12   3.40 2.90 2.30 1.89 1.61 1.93 2.47 3.12 3.81 4.46 4.92 4.96 4.67 4.18 3.58 2.89 2.28 1.90 2.08 2.51 3.05 3.59 4.09 4.30
 13   4.10 3.68 3.11 2.45 1.85 1.45 1.66 2.20 2.93 3.69 4.44 5.00 5.11 4.77 4.23 3.53 2.77 2.04 1.60 1.81 2.37 3.04 3.73 4.33
 14   4.63 4.40 3.92 3.29 2.53 1.80 1.29 1.47 2.13 2.91 3.70 4.52 5.12 5.20 4.77 4.13 3.36 2.52 1.74 1.33 1.71 2.44 3.28 4.08
 15   4.76 5.00 4.67 4.07 3.34 2.49 1.69 1.16 1.49 2.23 3.11 4.09 4.87 5.36 5.20 4.60 3.80 2.86 1.86 1.10 1.05 1.76 2.68 3.60
 16   4.44 5.09 5.25 4.75 4.03 3.18 2.21 1.38 1.07 1.65 2.52 3.50 4.42 5.17 5.46 4.99 4.23 3.30 2.23 1.25 0.61 1.03 1.92 2.94
 17   3.95 4.80 5.46 5.40 4.79 3.89 3.05 2.09 1.30 1.31 2.02 2.95 3.84 4.73 5.43 5.44 4.79 3.93 2.95 1.90 0.96 0.63 1.32 2.37
 18   3.47 4.43 5.39 5.94 5.69 4.97 4.11 3.07 2.20 1.54 1.77 2.52 3.48 4.40 5.21 5.64 5.31 4.55 3.61 2.59 1.51 0.64 0.66 1.45
 19   2.44 3.49 4.55 5.45 5.88 5.48 4.74 3.89 2.95 2.05 1.53 1.83 2.69 3.57 4.46 5.15 5.38 4.90 4.14 3.21 2.17 1.20 0.47 0.81
 20   1.66 2.60 3.65 4.66 5.46 5.75 5.37 4.53 3.67 2.76 1.95 1.65 2.15 2.92 3.78 4.56 5.07 4.98 4.41 3.67 2.77 1.79 0.89 0.51
 21   1.09 1.95 2.99 4.01 4.96 5.57 5.53 5.01 4.34 3.55 2.72 2.01 1.83 2.30 3.02 3.74 4.41 4.78 4.59 4.05 3.31 2.43 1.50 0.79
 22   0.73 1.29 2.13 3.10 4.01 4.85 5.35 5.24 4.75 4.12 3.39 2.61 1.99 1.90 2.31 2.90 3.53 4.09 4.39 4.24 3.80 3.18 2.41 1.67
 23   1.09 1.07 1.56 2.30 3.12 3.93 4.63 5.09 5.00 4.59 4.01 3.35 2.66 2.08 1.89 2.22 2.69 3.20 3.72 4.08 4.14 3.90 3.43 2.87
 24   2.17 1.59 1.41 1.77 2.34 3.04 3.73 4.38 4.84 4.90 4.62 4.16 3.58 2.93 2.32 1.95 2.03 2.39 2.87 3.34 3.77 4.04 4.00 3.72
 25   3.28 2.66 2.12 1.71 1.74 2.16 2.73 3.36 4.01 4.55 4.88 4.73 4.34 3.69 3.01 2.36 1.88 1.78 2.10 2.60 3.08 3.65 4.08 4.25
 26   4.05 3.68 3.09 2.54 2.03 1.73 2.01 2.56 3.19 3.86 4.47 4.86 4.78 4.39 3.80 3.09 2.40 1.80 1.53 1.81 2.36 3.01 3.67 4.20
 27   4.45 4.25 3.83 3.25 2.60 2.00 1.75 2.05 2.63 3.29 3.95 4.58 4.93 4.77 4.31 3.71 2.95 2.15 1.54 1.43 1.86 2.51 3.24 3.93
 28   4.48 4.64 4.33 3.84 3.19 2.50 1.87 1.70 2.10 2.69 3.43 4.16 4.74 4.94 4.58 4.03 3.32 2.48 1.70 1.22 1.47 2.08 2.86 3.61
 29   4.32 4.80 4.77 4.27 3.69 2.97 2.27 1.78 1.87 2.39 3.11 3.87 4.56 4.94 4.84 4.31 3.62 2.79 1.94 1.26 1.18 1.71 2.50 3.34
 30   4.15 4.76 5.05 4.75 4.20 3.53 2.75 2.04 1.69 2.04 2.67 3.39 4.12 4.66 4.80 4.47 3.84 3.05 2.21 1.46 1.15 1.43 2.11 2.95
 31   3.80 4.55 5.01 4.97 4.52 3.86 3.12 2.38 1.84 1.85 2.34 3.04 3.76 4.51 4.91 4.66 4.10 3.36 2.47 1.63 0.98 1.04 1.67 2.51
 ----------------------------------------------------------------------------------------------------------------------------
                                                                                               
 ----------------------------------------------------------------------------------------------------------------------------
 ----------------------------------------------------------------------------------------------------------------------------
                                                          SURVEY OF INDIA
                                                    MARINE GEODESY WING (G&RB)
                                                     HOURLY HEIGHTS IN METRES
  NAME OF PORT:- VADINAR                                                                            MONTH NOVEMBER  YEAR 2020
 ----------------------------------------------------------------------------------------------------------------------------
 DAYS 0000 0001 0002 0003 0004 0005 0006 0007 0008 0009 0010 0011 0012 0013 0014 0015 0016 0017 0018 0019 0020 0021 0022 0023
 ----------------------------------------------------------------------------------------------------------------------------
  1   3.40 4.26 4.94 5.26 4.88 4.28 3.52 2.70 2.00 1.64 2.00 2.64 3.40 4.12 4.70 4.74 4.28 3.56 2.75 1.89 1.18 0.96 1.37 2.10
  2   3.00 3.82 4.68 5.24 5.14 4.60 3.92 3.10 2.28 1.70 1.80 2.30 3.04 3.74 4.38 4.68 4.38 3.80 3.02 2.14 1.30 0.72 0.94 1.70
  3   2.52 3.44 4.32 5.08 5.30 4.92 4.32 3.60 2.80 2.10 1.76 2.14 2.76 3.44 4.12 4.60 4.54 4.08 3.40 2.59 1.76 1.04 0.90 1.48
  4   2.20 3.04 4.00 4.84 5.34 5.20 4.72 4.08 3.32 2.56 2.00 2.04 2.50 3.16 3.80 4.40 4.61 4.31 3.74 3.02 2.24 1.44 0.94 1.21
  5   1.82 2.66 3.54 4.40 5.08 5.33 5.02 4.48 3.80 3.06 2.36 1.98 2.24 2.74 3.36 3.96 4.44 4.46 4.06 3.48 2.74 2.00 1.32 1.12
  6   1.56 2.26 3.09 3.94 4.72 5.26 5.24 4.82 4.24 3.56 2.84 2.24 2.08 2.44 2.96 3.54 4.08 4.35 4.16 3.74 3.14 2.46 1.76 1.28
  7   1.38 1.86 2.56 3.32 4.08 4.76 5.13 5.00 4.56 4.04 3.42 2.76 2.28 2.26 2.60 3.06 3.52 4.00 4.18 4.00 3.62 3.10 2.48 1.90
  8   1.46 1.66 2.12 2.76 3.48 4.18 4.78 5.10 4.96 4.58 4.06 3.46 2.82 2.36 2.26 2.54 2.98 3.42 3.84 4.10 4.02 3.64 3.19 2.66
  9   2.20 1.80 1.79 2.14 2.72 3.36 4.03 4.64 5.04 5.01 4.68 4.20 3.60 2.98 2.38 2.08 2.24 2.62 3.10 3.57 3.98 4.16 4.00 3.65
 10   3.20 2.66 2.12 1.81 2.00 2.48 3.12 3.80 4.46 4.96 5.08 4.80 4.30 3.68 2.96 2.26 1.80 1.88 2.32 2.88 3.48 4.08 4.48 4.44
 11   4.10 3.60 3.00 2.34 1.80 1.80 2.28 2.90 3.62 4.34 4.96 5.17 4.88 4.36 3.64 2.84 2.06 1.48 1.52 2.07 2.78 3.54 4.28 4.78
 12   4.80 4.44 3.88 3.20 2.46 1.84 1.68 2.14 2.84 3.60 4.40 5.04 5.19 4.82 4.19 3.44 2.50 1.64 1.06 1.32 2.00 2.84 3.70 4.52
 13   5.04 5.08 4.60 3.97 3.20 2.36 1.72 1.66 2.20 2.92 3.72 4.50 5.09 5.18 4.66 3.96 3.08 2.08 1.16 0.72 1.20 2.02 3.02 3.98
 14   4.84 5.40 5.34 4.78 4.04 3.18 2.30 1.66 1.72 2.34 3.14 4.00 4.78 5.26 5.08 4.44 3.60 2.56 1.50 0.76 0.52 1.24 2.26 3.28
 15   4.14 5.00 5.56 5.36 4.74 3.96 3.16 2.30 1.66 1.80 2.48 3.28 4.12 4.82 5.16 4.80 4.06 3.16 2.06 1.04 0.32 0.54 1.44 2.50
 16   3.50 4.56 5.44 5.84 5.42 4.70 3.88 2.98 2.10 1.62 2.00 2.72 3.54 4.38 5.00 5.06 4.54 3.74 2.74 1.68 0.66 0.12 0.70 1.66
 17   2.64 3.66 4.68 5.48 5.70 5.24 4.52 3.68 2.76 1.96 1.68 2.16 2.90 3.70 4.46 4.94 4.84 4.24 3.40 2.42 1.40 0.50 0.30 1.02
 18   1.99 2.98 4.02 4.98 5.60 5.64 5.12 4.40 3.56 2.70 1.98 1.80 2.32 3.02 3.78 4.44 4.83 4.60 4.00 3.22 2.28 1.34 0.60 0.70
 19   1.34 2.28 3.28 4.26 5.10 5.62 5.50 4.94 4.24 3.52 2.74 2.10 2.00 2.46 3.12 3.80 4.36 4.64 4.36 3.80 3.08 2.20 1.40 0.86
 20   1.08 1.80 2.68 3.58 4.48 5.24 5.57 5.30 4.74 4.06 3.30 2.53 2.00 2.06 2.52 3.10 3.66 4.20 4.44 4.20 3.74 3.12 2.36 1.70
 21   1.30 1.48 2.08 2.86 3.66 4.48 5.10 5.32 5.08 4.54 3.90 3.18 2.48 2.00 2.04 2.42 2.94 3.46 3.94 4.20 4.08 3.74 3.22 2.62
 22   2.06 1.68 1.80 2.28 2.92 3.64 4.32 4.90 5.11 4.88 4.44 3.84 3.18 2.50 2.00 1.93 2.24 2.70 3.22 3.70 4.10 4.18 3.96 3.56
 23   3.10 2.58 2.12 2.04 2.36 2.90 3.50 4.14 4.68 4.95 4.80 4.42 3.86 3.24 2.54 1.98 1.77 2.00 2.48 3.00 3.54 4.02 4.32 4.24
 24   3.94 3.52 3.00 2.50 2.20 2.36 2.80 3.36 3.94 4.46 4.80 4.70 4.34 3.80 3.16 2.44 1.86 1.56 1.80 2.28 2.90 3.54 4.14 4.50
 25   4.46 4.12 3.62 3.06 2.52 2.16 2.26 2.68 3.26 3.88 4.40 4.70 4.59 4.20 3.66 2.96 2.22 1.62 1.41 1.74 2.30 2.99 3.70 4.30
 26   4.64 4.56 4.18 3.66 3.06 2.45 2.10 2.26 2.70 3.24 3.80 4.30 4.52 4.30 3.82 3.20 2.48 1.74 1.22 1.30 1.80 2.52 3.32 4.06
 27   4.64 4.84 4.56 4.08 3.48 2.80 2.20 1.96 2.28 2.80 3.40 4.00 4.40 4.44 4.10 3.52 2.78 1.96 1.26 0.94 1.32 1.98 2.86 3.64
 28   4.30 4.84 4.82 4.42 3.86 3.18 2.48 1.96 1.98 2.40 3.00 3.60 4.17 4.46 4.26 3.74 3.08 2.26 1.48 0.88 0.94 1.58 2.44 3.30
 29   4.04 4.80 5.12 4.86 4.32 3.68 2.97 2.28 1.89 2.12 2.64 3.24 3.80 4.20 4.38 4.04 3.42 2.64 1.82 1.06 0.76 1.24 2.08 3.00
 30   3.84 4.70 5.30 5.30 4.84 4.22 3.52 2.76 2.14 2.01 2.42 3.04 3.68 4.26 4.58 4.38 3.86 3.14 2.28 1.46 0.84 0.96 1.66 2.54
 ----------------------------------------------------------------------------------------------------------------------------
                                                                                               
 ----------------------------------------------------------------------------------------------------------------------------
 ----------------------------------------------------------------------------------------------------------------------------
                                                          SURVEY OF INDIA
                                                    MARINE GEODESY WING (G&RB)
                                                     HOURLY HEIGHTS IN METRES
  NAME OF PORT:- VADINAR                                                                            MONTH DECEMBER  YEAR 2020
 ----------------------------------------------------------------------------------------------------------------------------
 DAYS 0000 0001 0002 0003 0004 0005 0006 0007 0008 0009 0010 0011 0012 0013 0014 0015 0016 0017 0018 0019 0020 0021 0022 0023
 ----------------------------------------------------------------------------------------------------------------------------
  1   3.40 4.30 5.06 5.45 5.18 4.62 3.94 3.20 2.46 1.94 2.08 2.58 3.18 3.78 4.22 4.42 4.08 3.48 2.62 1.76 0.98 0.66 1.14 1.94
  2   2.84 3.78 4.68 5.30 5.32 4.90 4.24 3.50 2.70 2.04 1.86 2.26 2.90 3.56 4.18 4.50 4.30 3.78 3.04 2.18 1.36 0.74 0.90 1.60
  3   2.44 3.38 4.30 5.10 5.48 5.22 4.68 3.98 3.20 2.44 1.90 2.06 2.60 3.24 3.90 4.38 4.46 4.08 3.48 2.70 1.86 1.12 0.78 1.26
  4   1.96 2.90 3.84 4.72 5.34 5.42 5.02 4.40 3.70 2.94 2.24 1.94 2.30 2.88 3.50 4.08 4.44 4.30 3.84 3.18 2.40 1.62 1.00 1.06
  5   1.56 2.38 3.26 4.17 4.96 5.40 5.26 4.80 4.12 3.39 2.60 2.04 2.02 2.46 3.06 3.66 4.16 4.40 4.19 3.72 3.00 2.28 1.60 1.14
  6   1.32 1.94 2.70 3.54 4.40 5.08 5.40 5.14 4.64 4.00 3.26 2.50 2.00 2.06 2.48 3.06 3.60 4.08 4.24 3.97 3.50 2.92 2.20 1.60
  7   1.28 1.52 2.14 2.88 3.66 4.45 5.04 5.16 4.88 4.34 3.72 3.00 2.30 1.84 1.90 2.34 2.90 3.46 3.94 4.15 3.98 3.58 3.04 2.44
  8   1.88 1.54 1.74 2.28 2.94 3.68 4.40 4.96 5.08 4.78 4.26 3.60 2.90 2.16 1.64 1.64 2.02 2.58 3.18 3.72 4.12 4.14 3.84 3.40
  9   2.84 2.28 1.82 1.76 2.17 2.78 3.46 4.14 4.74 5.00 4.74 4.22 3.58 2.82 2.04 1.46 1.38 1.80 2.40 3.06 3.72 4.26 4.47 4.24
 10   3.84 3.30 2.66 2.10 1.88 2.18 2.72 3.38 4.06 4.66 5.00 4.79 4.30 3.64 2.82 2.00 1.34 1.16 1.60 2.26 3.06 3.86 4.56 4.92
 11   4.76 4.32 3.76 3.08 2.40 2.00 2.20 2.71 3.36 4.04 4.66 4.97 4.74 4.16 3.44 2.56 1.70 1.00 0.94 1.52 2.34 3.22 4.12 4.88
 12   5.20 5.02 4.50 3.86 3.12 2.40 2.01 2.28 2.86 3.53 4.24 4.82 5.00 4.64 4.02 3.22 2.26 1.32 0.62 0.76 1.48 2.42 3.44 4.40
 13   5.12 5.50 5.24 4.68 3.98 3.22 2.46 1.96 2.20 2.80 3.48 4.16 4.74 4.86 4.44 3.76 2.90 1.92 0.98 0.34 0.66 1.50 2.52 3.56
 14   4.48 5.29 5.66 5.34 4.74 4.00 3.18 2.40 1.90 2.17 2.80 3.52 4.28 4.80 4.78 4.30 3.60 2.70 1.72 0.74 0.21 0.72 1.70 2.77
 15   3.80 4.76 5.56 5.72 5.30 4.62 3.86 3.02 2.25 1.87 2.26 2.94 3.70 4.40 4.90 4.78 4.22 3.46 2.50 1.50 0.62 0.36 1.04 2.00
 16   3.04 4.00 5.02 5.72 5.70 5.18 4.44 3.60 2.74 2.00 1.78 2.24 2.98 3.72 4.40 4.77 4.54 3.94 3.14 2.18 1.24 0.46 0.48 1.21
 17   2.14 3.14 4.16 5.08 5.62 5.44 4.88 4.16 3.34 2.46 1.78 1.78 2.32 3.04 3.80 4.40 4.70 4.38 3.76 2.98 2.06 1.16 0.56 0.84
 18   1.60 2.52 3.52 4.50 5.28 5.64 5.32 4.72 3.96 3.12 2.29 1.74 1.94 2.50 3.20 3.90 4.44 4.60 4.24 3.66 2.90 2.06 1.28 0.84
 19   1.20 1.99 2.90 3.86 4.78 5.42 5.52 5.10 4.48 3.72 2.90 2.10 1.69 1.94 2.54 3.20 3.84 4.32 4.37 4.02 3.48 2.78 2.04 1.40
 20   1.24 1.50 2.20 3.10 4.06 4.84 5.32 5.24 4.80 4.20 3.44 2.60 1.94 1.74 2.08 2.60 3.20 3.80 4.20 4.24 3.94 3.48 2.90 2.30
 21   1.84 1.66 2.04 2.70 3.44 4.24 4.88 5.20 5.04 4.56 3.96 3.26 2.50 1.92 1.78 2.10 2.60 3.14 3.68 4.10 4.18 3.95 3.54 3.04
 22   2.52 2.11 2.04 2.38 2.94 3.58 4.22 4.76 4.98 4.76 4.30 3.71 3.02 2.34 1.80 1.74 2.02 2.53 3.08 3.62 4.10 4.28 4.14 3.85
 23   3.44 2.98 2.54 2.38 2.64 3.10 3.62 4.18 4.60 4.76 4.53 4.10 3.54 2.94 2.28 1.75 1.62 1.93 2.46 3.04 3.62 4.17 4.46 4.36
 24   4.10 3.71 3.28 2.82 2.54 2.70 3.10 3.58 4.08 4.48 4.62 4.41 3.99 3.44 2.76 2.10 1.58 1.54 1.88 2.46 3.12 3.80 4.40 4.72
 25   4.64 4.38 3.96 3.46 2.98 2.64 2.74 3.08 3.52 4.00 4.40 4.53 4.32 3.92 3.38 2.72 2.08 1.54 1.48 1.92 2.52 3.24 4.00 4.64
 26   5.00 4.89 4.54 4.04 3.50 2.94 2.57 2.66 3.02 3.48 4.00 4.38 4.46 4.20 3.72 3.10 2.38 1.70 1.26 1.44 1.98 2.74 3.54 4.30
 27   4.96 5.18 5.00 4.50 3.96 3.34 2.76 2.44 2.60 3.00 3.50 4.01 4.38 4.36 4.00 3.45 2.74 2.00 1.34 1.10 1.54 2.24 3.10 3.94
 28   4.70 5.24 5.28 4.94 4.38 3.76 3.16 2.58 2.35 2.64 3.14 3.68 4.18 4.42 4.24 3.80 3.18 2.39 1.62 0.98 1.04 1.66 2.54 3.38
 29   4.26 4.94 5.38 5.20 4.74 4.14 3.46 2.78 2.22 2.26 2.70 3.25 3.80 4.28 4.36 4.00 3.40 2.64 1.82 1.08 0.84 1.30 2.08 2.86
 30   3.70 4.60 5.28 5.40 5.04 4.40 3.70 2.96 2.26 1.96 2.28 2.86 3.48 4.06 4.44 4.30 3.82 3.12 2.28 1.46 0.80 0.76 1.40 2.30
 31   3.20 4.08 4.94 5.44 5.32 4.83 4.15 3.40 2.60 1.98 1.99 2.46 3.10 3.72 4.30 4.54 4.24 3.68 2.90 2.00 1.20 0.68 1.00 1.76
 ----------------------------------------------------------------------------------------------------------------------------
                                                                                              
 ----------------------------------------------------------------------------------------------------------------------------
 ----------------------------------------------------------------------------------------------------------------------------
