                                                          SURVEY OF INDIA
                                                    MARINE GEODESY WING (G&RB)
                                                     HOURLY HEIGHTS IN METRES
  NAME OF PORT:- VADINAR                                                                            MONTH JANUARY   YEAR 2018
 ----------------------------------------------------------------------------------------------------------------------------
 DAYS 0000 0001 0002 0003 0004 0005 0006 0007 0008 0009 0010 0011 0012 0013 0014 0015 0016 0017 0018 0019 0020 0021 0022 0023
 ----------------------------------------------------------------------------------------------------------------------------
  1   5.40 5.60 5.36 4.70 3.90 3.00 2.20 1.78 1.98 2.66 3.44 4.18 4.82 4.94 4.52 3.68 2.68 1.58 0.63 0.20 0.58 1.62 2.79 3.92
  2   4.92 5.62 5.85 5.60 4.92 3.82 2.85 2.05 1.70 2.01 2.77 3.60 4.37 4.90 4.97 4.45 3.58 2.50 1.38 0.47 0.12 0.70 1.88 3.07
  3   4.17 5.18 5.82 5.92 5.60 4.85 3.60 2.60 1.78 1.50 1.96 2.82 3.70 4.50 5.00 4.98 4.34 3.42 2.32 1.22 0.28 0.19 0.92 2.14
  4   3.25 4.20 5.15 5.79 5.83 5.19 4.28 3.30 2.26 1.50 1.36 1.96 2.86 3.72 4.50 4.95 4.85 4.14 3.21 2.10 1.08 0.32 0.31 1.20
  5   2.32 3.38 4.50 5.43 5.83 5.62 4.90 3.98 2.96 1.96 1.28 1.29 1.99 2.90 3.77 4.50 4.88 4.69 4.00 3.13 2.08 1.12 0.56 0.64
  6   1.51 2.54 3.64 4.70 5.48 5.74 5.41 4.63 3.72 2.70 1.74 1.18 1.28 2.04 2.94 3.80 4.45 4.75 4.53 3.88 3.06 2.11 1.29 0.84
  7   1.05 1.84 2.83 3.82 4.78 5.43 5.62 5.38 4.40 3.38 2.37 1.53 1.11 1.34 2.04 2.88 3.62 4.25 4.54 4.37 3.80 3.00 2.25 1.55
  8   1.24 1.42 2.12 3.01 3.90 4.74 5.22 5.24 4.77 4.02 3.14 2.15 1.43 1.13 1.40 2.09 2.85 3.56 4.17 4.46 4.34 3.90 3.28 2.57
  9   2.00 1.71 1.86 2.45 3.19 3.94 4.61 4.98 4.91 4.41 3.71 2.86 1.99 1.35 1.09 1.37 2.00 2.75 3.45 4.04 4.40 4.40 4.06 3.57
 10   3.04 2.49 2.13 2.14 2.54 3.13 3.77 4.32 4.66 4.63 4.21 3.59 2.81 2.04 1.42 1.16 1.40 1.98 2.70 3.40 4.03 4.48 4.57 4.38
 11   3.96 3.43 2.85 2.39 2.25 2.49 2.95 3.49 4.01 4.35 4.38 4.04 3.50 2.82 2.06 1.46 1.17 1.35 1.90 2.60 3.36 4.10 4.60 4.79
 12   4.64 4.27 3.75 3.12 2.57 2.28 2.40 2.80 3.30 3.79 4.17 4.26 4.00 3.50 2.82 2.07 1.43 1.09 1.27 1.86 2.65 3.45 4.21 4.76
 13   4.90 4.76 4.33 3.72 3.06 2.46 2.16 2.26 2.68 3.20 3.70 4.08 4.16 3.90 3.37 2.65 1.88 1.22 0.97 1.26 1.98 2.82 3.67 4.46
 14   4.95 5.04 4.77 4.22 3.58 2.85 2.25 2.02 2.20 2.69 3.25 3.78 4.17 4.20 3.81 3.20 2.41 1.63 1.03 0.90 1.30 2.24 3.17 4.02
 15   4.72 5.11 5.07 4.63 4.00 3.25 2.50 1.99 1.92 2.26 2.90 3.55 4.10 4.37 4.20 3.65 2.90 2.04 1.22 0.83 1.03 1.78 2.74 3.66
 16   4.47 5.11 5.35 5.08 4.48 3.78 2.98 2.26 1.90 2.03 2.58 3.23 3.87 4.35 4.45 4.12 3.42 2.57 1.68 0.99 0.78 1.30 2.24 3.20
 17   4.09 4.88 5.38 5.36 4.90 4.20 3.41 2.57 1.98 1.80 2.18 2.85 3.53 4.15 4.48 4.35 3.80 3.02 2.09 1.20 0.77 0.98 1.74 2.74
 18   3.64 4.52 5.26 5.46 5.25 4.55 3.77 2.91 2.08 1.70 1.85 2.47 3.19 3.86 4.42 4.57 4.20 3.51 2.62 1.72 1.00 0.81 1.33 2.29
 19   3.22 4.09 4.99 5.47 5.41 4.86 4.11 3.26 2.38 1.76 1.66 2.09 2.81 3.54 4.22 4.61 4.52 3.96 3.20 2.26 1.40 0.93 1.03 1.80
 20   2.69 3.59 4.54 5.29 5.49 5.19 4.52 3.70 2.80 1.97 1.55 1.74 2.38 3.13 3.90 4.49 4.70 4.39 3.71 2.86 1.96 1.23 0.95 1.40
 21   2.20 3.10 4.02 4.88 5.42 5.39 4.87 4.10 3.23 2.32 1.64 1.49 1.90 2.60 3.36 4.04 4.53 4.56 4.11 3.40 2.56 1.76 1.21 1.26
 22   1.82 2.65 3.55 4.49 5.19 5.42 5.14 4.50 3.68 2.78 1.94 1.45 1.56 2.13 2.90 3.64 4.28 4.61 4.47 3.95 3.26 2.45 1.74 1.39
 23   1.56 2.21 3.04 3.92 4.76 5.25 5.28 4.83 4.13 3.26 2.33 1.61 1.31 1.59 2.22 2.97 3.67 4.26 4.52 4.32 3.82 3.21 2.46 1.88
 24   1.67 1.90 2.54 3.30 4.09 4.79 5.13 5.00 4.48 3.72 2.88 1.99 1.40 1.25 1.60 2.32 3.04 3.71 4.28 4.49 4.36 3.91 3.33 2.67
 25   2.12 1.97 2.18 2.76 3.46 4.18 4.75 4.99 4.79 4.22 3.50 2.66 1.85 1.32 1.22 1.55 2.26 3.00 3.68 4.28 4.57 4.48 4.11 3.58
 26   3.04 2.49 2.17 2.30 2.77 3.40 4.01 4.51 4.74 4.58 4.06 3.35 2.49 1.71 1.13 0.98 1.30 2.00 2.78 3.52 4.22 4.64 4.68 4.43
 27   3.98 3.40 2.79 2.33 2.28 2.61 3.18 3.77 4.28 4.56 4.46 4.00 3.36 2.50 1.70 1.04 0.81 1.13 1.84 2.68 3.52 4.31 4.92 5.06
 28   4.82 4.36 3.72 3.02 2.41 2.18 2.39 2.90 3.49 4.05 4.43 4.44 4.05 3.40 2.56 1.66 0.91 0.56 0.82 1.61 2.56 3.52 4.43 5.13
 29   5.32 5.12 4.56 3.83 3.05 2.32 1.97 2.17 2.73 3.39 4.04 4.54 4.64 4.29 3.59 2.68 1.70 0.82 0.46 0.70 1.64 2.67 3.74 4.74
 30   5.40 5.65 5.36 4.66 3.85 2.96 2.15 1.76 2.00 2.64 3.40 4.14 4.70 4.79 4.40 3.57 2.58 1.53 0.64 0.25 0.68 1.72 2.87 3.94
 31   4.90 5.63 5.76 5.35 4.54 3.62 2.68 1.86 1.56 1.94 2.73 3.60 4.40 4.96 5.01 4.48 3.62 2.57 1.46 0.57 0.27 0.86 1.98 3.12
 ----------------------------------------------------------------------------------------------------------------------------
                                                                                               
 ----------------------------------------------------------------------------------------------------------------------------
 ----------------------------------------------------------------------------------------------------------------------------
                                                          SURVEY OF INDIA
                                                    MARINE GEODESY WING (G&RB)
                                                     HOURLY HEIGHTS IN METRES
  NAME OF PORT:- VADINAR                                                                            MONTH FEBRUARY  YEAR 2018
 ----------------------------------------------------------------------------------------------------------------------------
 DAYS 0000 0001 0002 0003 0004 0005 0006 0007 0008 0009 0010 0011 0012 0013 0014 0015 0016 0017 0018 0019 0020 0021 0022 0023
 ----------------------------------------------------------------------------------------------------------------------------
  1   4.20 5.15 5.80 5.81 5.23 4.34 3.40 2.37 1.58 1.40 1.95 2.85 3.74 4.56 5.09 5.04 4.40 3.50 2.37 1.30 0.42 0.36 1.10 2.30
  2   3.36 4.42 5.42 5.92 5.72 4.99 4.04 3.01 1.96 1.26 1.28 2.00 3.00 3.91 4.73 5.17 4.99 4.26 3.32 2.20 1.15 0.50 0.60 1.51
  3   2.56 3.61 4.70 5.60 5.90 5.51 4.66 3.70 2.60 1.55 1.05 1.25 2.12 3.11 4.01 4.77 5.12 4.84 4.09 3.17 2.07 1.14 0.60 0.94
  4   1.80 2.80 3.90 4.80 5.47 5.63 5.08 4.20 3.22 2.14 1.28 0.95 1.38 2.20 3.10 3.93 4.64 4.94 4.64 3.90 3.04 2.06 1.29 1.01
  5   1.42 2.20 3.19 4.09 4.98 5.45 5.37 4.72 3.85 2.89 1.86 1.10 1.05 1.60 2.48 3.36 4.12 4.70 4.90 4.49 3.83 3.05 2.16 1.55
  6   1.44 1.85 2.60 3.48 4.32 5.01 5.31 5.04 4.34 3.52 2.54 1.67 1.15 1.20 1.84 2.64 3.44 4.16 4.65 4.69 4.35 3.80 3.09 2.40
  7   1.98 1.91 2.32 3.00 3.70 4.42 4.88 4.95 4.56 3.92 3.14 2.24 1.53 1.20 1.39 2.00 2.74 3.48 4.15 4.58 4.62 4.35 3.88 3.30
  8   2.79 2.36 2.27 2.58 3.10 3.68 4.24 4.59 4.62 4.28 3.70 3.00 2.23 1.65 1.37 1.56 2.08 2.75 3.42 4.03 4.49 4.62 4.44 4.06
  9   3.60 3.12 2.67 2.49 2.64 3.00 3.47 3.93 4.26 4.34 4.10 3.64 3.02 2.35 1.77 1.44 1.56 2.01 2.64 3.32 4.00 4.52 4.75 4.68
 10   4.40 3.93 3.43 2.91 2.54 2.51 2.78 3.17 3.60 3.96 4.13 4.02 3.65 3.12 2.48 1.86 1.47 1.48 1.89 2.52 3.24 3.92 4.55 4.87
 11   4.84 4.56 4.08 3.49 2.90 2.46 2.36 2.59 3.00 3.45 3.87 4.14 4.10 3.76 3.20 2.52 1.86 1.40 1.39 1.82 2.50 3.28 4.03 4.68
 12   5.00 4.94 4.60 4.03 3.36 2.69 2.20 2.11 2.39 2.87 3.40 3.88 4.16 4.09 3.65 3.03 2.28 1.59 1.18 1.21 1.77 2.56 3.40 4.19
 13   4.80 5.08 4.92 4.43 3.78 3.02 2.30 1.91 1.97 2.41 3.00 3.57 4.08 4.24 4.00 3.44 2.70 1.89 1.21 0.90 1.21 1.95 2.87 3.73
 14   4.50 5.04 5.10 4.71 4.06 3.28 2.42 1.76 1.54 1.84 2.44 3.12 3.73 4.16 4.19 3.77 3.09 2.24 1.41 0.80 0.78 1.39 2.31 3.26
 15   4.12 4.84 5.19 4.99 4.42 3.65 2.80 1.98 1.51 1.63 2.16 2.90 3.60 4.20 4.48 4.25 3.64 2.84 1.92 1.12 0.70 1.02 1.89 2.86
 16   3.76 4.60 5.20 5.23 4.78 4.04 3.20 2.25 1.57 1.35 1.78 2.51 3.29 4.04 4.57 4.59 4.09 3.33 2.38 1.48 0.79 0.77 1.44 2.41
 17   3.32 4.21 5.04 5.35 5.10 4.43 3.60 2.65 1.76 1.30 1.48 2.12 2.96 3.78 4.47 4.80 4.56 3.91 3.05 2.06 1.20 0.79 1.12 1.98
 18   2.91 3.84 4.74 5.33 5.32 4.79 4.00 3.09 2.10 1.38 1.17 1.65 2.45 3.32 4.12 4.68 4.76 4.43 3.60 2.69 1.76 1.10 0.93 1.57
 19   2.41 3.36 4.28 5.09 5.39 5.10 4.40 3.52 2.52 1.63 1.10 1.30 1.99 2.85 3.72 4.50 4.95 4.80 4.24 3.48 2.56 1.71 1.18 1.35
 20   2.02 2.90 3.83 4.71 5.29 5.33 4.81 4.02 3.10 2.12 1.35 1.08 1.49 2.28 3.17 4.00 4.70 4.96 4.67 4.06 3.29 2.41 1.70 1.41
 21   1.76 2.49 3.37 4.25 4.98 5.31 5.11 4.47 3.65 2.66 1.77 1.16 1.16 1.72 2.53 3.40 4.19 4.74 4.88 4.60 4.00 3.20 2.39 1.78
 22   1.72 2.14 2.88 3.68 4.47 5.02 5.12 4.72 4.03 3.20 2.21 1.35 0.99 1.20 1.84 2.68 3.50 4.23 4.73 4.77 4.45 3.86 3.16 2.46
 23   2.05 2.10 2.48 3.04 3.74 4.43 4.84 4.84 4.45 3.74 2.88 2.00 1.33 1.00 1.27 1.89 2.68 3.48 4.17 4.68 4.77 4.49 4.00 3.40
 24   2.81 2.31 2.18 2.40 2.96 3.64 4.22 4.60 4.62 4.24 3.64 2.85 2.03 1.38 1.02 1.20 1.79 2.56 3.33 4.04 4.60 4.86 4.69 4.28
 25   3.77 3.16 2.59 2.29 2.38 2.80 3.33 3.87 4.29 4.42 4.16 3.64 2.93 2.15 1.44 0.96 1.00 1.52 2.27 3.10 3.90 4.61 5.04 5.02
 26   4.67 4.17 3.53 2.84 2.30 2.17 2.40 2.96 3.53 4.10 4.38 4.32 3.90 3.26 2.44 1.64 1.02 0.85 1.26 2.02 2.92 3.82 4.68 5.26
 27   5.32 5.00 4.40 3.64 2.83 2.12 1.87 2.14 2.72 3.39 4.00 4.48 4.55 4.17 3.50 2.61 1.70 0.93 0.62 1.04 1.89 2.88 3.86 4.80
 28   5.38 5.46 5.08 4.36 3.52 2.59 1.82 1.56 1.94 2.67 3.41 4.13 4.65 4.78 4.40 3.58 2.65 1.64 0.80 0.52 1.00 1.96 3.07 4.09
 ----------------------------------------------------------------------------------------------------------------------------
                                                                                               
 ----------------------------------------------------------------------------------------------------------------------------
 ----------------------------------------------------------------------------------------------------------------------------
                                                          SURVEY OF INDIA
                                                    MARINE GEODESY WING (G&RB)
                                                     HOURLY HEIGHTS IN METRES
  NAME OF PORT:- VADINAR                                                                            MONTH MARCH     YEAR 2018
 ----------------------------------------------------------------------------------------------------------------------------
 DAYS 0000 0001 0002 0003 0004 0005 0006 0007 0008 0009 0010 0011 0012 0013 0014 0015 0016 0017 0018 0019 0020 0021 0022 0023
 ----------------------------------------------------------------------------------------------------------------------------
  1   4.96 5.53 5.55 5.00 4.19 3.24 2.25 1.50 1.35 1.84 2.72 3.60 4.40 4.98 5.00 4.47 3.64 2.60 1.53 0.70 0.52 1.17 2.20 3.36
  2   4.32 5.23 5.71 5.52 4.81 3.91 2.88 1.88 1.16 1.20 1.92 2.90 3.82 4.67 5.17 5.08 4.41 3.52 2.42 1.40 0.68 0.69 1.56 2.68
  3   3.69 4.68 5.49 5.76 5.32 4.48 3.52 2.41 1.46 0.94 1.30 2.12 3.16 4.08 4.93 5.32 5.08 4.32 3.40 2.32 1.30 0.76 1.00 1.94
  4   2.96 3.98 4.96 5.60 5.62 5.01 4.10 3.08 1.98 1.12 0.84 1.40 2.40 3.35 4.18 4.92 5.26 4.96 4.20 3.30 2.26 1.36 0.98 1.30
  5   2.14 3.08 4.00 4.88 5.40 5.35 4.65 3.76 2.72 1.70 0.92 0.88 1.53 2.40 3.29 4.08 4.78 5.06 4.78 3.98 3.11 2.16 1.45 1.24
  6   1.66 2.36 3.16 3.97 4.67 5.08 4.95 4.18 3.28 2.25 1.30 0.83 1.06 1.70 2.52 3.36 4.11 4.72 4.88 4.52 3.76 2.93 2.07 1.55
  7   1.56 2.08 2.79 3.53 4.24 4.80 4.90 4.52 3.72 2.84 1.89 1.18 1.00 1.40 2.12 2.88 3.64 4.32 4.75 4.72 4.21 3.57 2.80 2.16
  8   1.86 2.01 2.50 3.15 3.80 4.37 4.65 4.56 4.02 3.30 2.44 1.64 1.20 1.25 1.72 2.40 3.10 3.76 4.40 4.61 4.47 4.00 3.41 2.78
  9   2.31 2.11 2.29 2.78 3.34 3.88 4.30 4.50 4.45 3.90 3.00 2.20 1.59 1.31 1.49 2.01 2.68 3.40 4.00 4.41 4.48 4.25 3.86 3.36
 10   2.89 2.46 2.31 2.47 2.81 3.24 3.64 3.93 3.96 3.75 3.32 2.77 2.17 1.70 1.50 1.67 2.13 2.74 3.32 3.87 4.31 4.47 4.35 4.06
 11   3.64 3.18 2.72 2.43 2.40 2.59 2.92 3.29 3.60 3.79 3.73 3.44 3.01 2.52 2.03 1.70 1.70 2.00 2.52 3.11 3.70 4.24 4.55 4.56
 12   4.32 3.92 3.42 2.86 2.40 2.20 2.29 2.62 3.04 3.44 3.76 3.87 3.69 3.29 2.75 2.17 1.71 1.55 1.78 2.32 3.00 3.72 4.38 4.73
 13   4.76 4.53 4.08 3.47 2.81 2.25 1.98 2.09 2.50 3.03 3.54 3.96 4.10 3.88 3.42 2.78 2.13 1.60 1.40 1.70 2.32 3.07 3.81 4.48
 14   4.84 4.85 4.52 3.93 3.22 2.50 1.95 1.79 2.09 2.64 3.27 3.84 4.26 4.30 3.95 3.36 2.63 1.90 1.37 1.25 1.76 2.54 3.40 4.20
 15   4.80 5.08 4.92 4.38 3.72 2.87 2.10 1.63 1.66 2.20 2.92 3.65 4.30 4.56 4.40 3.87 3.14 2.30 1.52 1.15 1.36 2.07 2.96 3.84
 16   4.60 5.12 5.19 4.78 4.08 3.26 2.37 1.68 1.43 1.81 2.53 3.32 4.08 4.65 4.80 4.48 3.73 2.88 2.00 1.31 1.15 1.64 2.54 3.49
 17   4.29 5.04 5.37 5.17 4.53 3.72 2.80 1.92 1.36 1.47 2.16 3.04 3.88 4.68 5.04 4.88 4.28 3.48 2.50 1.64 1.11 1.32 2.10 3.08
 18   3.91 4.78 5.35 5.38 4.85 4.05 3.12 2.12 1.36 1.15 1.67 2.53 3.46 4.32 4.98 5.18 4.85 4.08 3.16 2.16 1.40 1.15 1.65 2.62
 19   3.52 4.40 5.16 5.49 5.20 4.44 3.54 2.52 1.55 1.02 1.25 1.97 2.93 3.85 4.72 5.20 5.10 4.57 3.74 2.80 1.85 1.30 1.42 2.16
 20   3.03 3.90 4.80 5.36 5.35 4.76 3.90 2.92 1.88 1.09 0.86 1.40 2.36 3.32 4.25 5.03 5.31 5.00 4.32 3.48 2.49 1.68 1.32 1.72
 21   2.48 3.35 4.25 5.01 5.31 5.02 4.31 3.44 2.38 1.40 0.88 1.00 1.71 2.67 3.63 4.52 5.15 5.25 4.81 4.10 3.25 2.36 1.68 1.59
 22   2.07 2.80 3.64 4.48 5.06 5.14 4.70 3.88 2.96 1.96 1.12 0.75 1.12 1.93 2.92 3.84 4.66 5.16 5.11 4.61 3.90 3.09 2.24 1.73
 23   1.76 2.28 3.03 3.80 4.50 4.88 4.76 4.20 3.43 2.49 1.56 0.86 0.71 1.15 2.07 2.98 3.84 4.60 4.99 4.88 4.41 3.76 3.00 2.26
 24   1.88 1.89 2.36 3.03 3.70 4.27 4.53 4.38 3.85 3.15 2.27 1.46 0.90 0.86 1.35 2.18 3.01 3.80 4.49 4.86 4.81 4.45 3.87 3.20
 25   2.60 2.12 2.04 2.36 2.89 3.46 3.96 4.26 4.19 3.77 3.16 2.40 1.67 1.13 0.99 1.34 2.05 2.86 3.63 4.33 4.79 4.87 4.62 4.10
 26   3.54 2.88 2.30 2.00 2.10 2.50 3.10 3.80 4.50 4.90 4.90 4.22 3.15 2.08 1.32 1.07 1.23 1.81 2.59 3.40 4.13 4.75 5.00 4.84
 27   4.40 3.81 3.10 2.36 1.87 1.82 2.21 2.80 3.40 3.93 4.29 4.28 3.89 3.30 2.52 1.76 1.19 1.12 1.53 2.36 3.22 4.08 4.85 5.24
 28   5.17 4.75 4.05 3.25 2.40 1.80 1.62 1.95 2.65 3.43 4.10 4.59 4.66 4.28 3.64 2.80 1.90 1.21 0.99 1.46 2.31 3.24 4.18 5.00
 29   5.37 5.31 4.77 3.98 3.08 2.12 1.42 1.29 1.70 2.55 3.45 4.25 4.82 4.88 4.41 3.68 2.76 1.80 1.08 0.95 1.52 2.46 3.48 4.44
 30   5.20 5.52 5.32 4.63 3.74 2.75 1.77 1.17 1.23 1.92 2.88 3.77 4.60 5.11 5.10 4.54 3.73 2.76 1.77 1.06 1.01 1.73 2.78 3.79
 31   4.68 5.39 5.56 5.16 4.33 3.37 2.30 1.35 0.92 1.28 2.17 3.20 4.14 5.00 5.42 5.19 4.50 3.62 2.60 1.58 1.03 1.25 2.08 3.10
 ----------------------------------------------------------------------------------------------------------------------------
                                                                                               
 ----------------------------------------------------------------------------------------------------------------------------
 ----------------------------------------------------------------------------------------------------------------------------
                                                          SURVEY OF INDIA
                                                    MARINE GEODESY WING (G&RB)
                                                     HOURLY HEIGHTS IN METRES
  NAME OF PORT:- VADINAR                                                                            MONTH APRIL     YEAR 2018
 ----------------------------------------------------------------------------------------------------------------------------
 DAYS 0000 0001 0002 0003 0004 0005 0006 0007 0008 0009 0010 0011 0012 0013 0014 0015 0016 0017 0018 0019 0020 0021 0022 0023
 ----------------------------------------------------------------------------------------------------------------------------
  1   4.05 4.92 5.47 5.44 4.80 3.90 2.88 1.80 0.96 0.79 1.35 2.40 3.50 4.50 5.24 5.42 5.04 4.28 3.38 2.36 1.49 1.13 1.60 2.52
  2   3.40 4.32 5.10 5.41 5.09 4.30 3.36 2.28 1.25 0.72 0.90 1.74 2.75 3.73 4.67 5.28 5.32 4.77 3.97 3.04 2.05 1.37 1.29 1.90
  3   2.80 3.68 4.55 5.10 5.14 4.62 3.80 2.80 1.73 0.90 0.63 1.14 2.08 3.02 3.96 4.79 5.25 5.15 4.55 3.72 2.79 1.90 1.49 1.65
  4   2.29 3.12 3.96 4.68 5.01 4.77 4.13 3.30 2.25 1.25 0.78 0.92 1.72 2.66 3.61 4.48 5.09 5.19 4.81 4.16 3.36 2.49 1.83 1.63
  5   1.95 2.68 3.44 4.17 4.68 4.75 4.34 3.65 2.80 1.88 1.15 0.89 1.25 2.10 3.04 3.95 4.68 5.05 4.94 4.46 3.81 3.07 2.30 1.86
  6   1.89 2.34 2.99 3.67 4.27 4.58 4.45 3.96 3.28 2.47 1.72 1.20 1.22 1.76 2.56 3.39 4.17 4.79 5.01 4.82 4.35 3.72 3.02 2.41
  7   2.10 2.17 2.59 3.16 3.72 4.18 4.33 4.15 3.68 3.05 2.35 1.70 1.40 1.55 2.09 2.79 3.50 4.16 4.65 4.78 4.59 4.16 3.61 3.03
  8   2.56 2.28 2.36 2.70 3.13 3.57 3.91 4.05 3.88 3.49 2.99 2.40 1.92 1.69 1.80 2.27 2.88 3.50 4.12 4.55 4.71 4.58 4.22 3.75
  9   3.24 2.75 2.42 2.32 2.52 2.89 3.29 3.62 3.87 3.86 3.63 3.22 2.71 2.26 1.93 1.93 2.25 2.75 3.34 3.93 4.44 4.71 4.69 4.42
 10   4.02 3.52 2.95 2.45 2.21 2.28 2.59 3.10 3.70 4.20 4.36 4.20 3.70 3.08 2.53 2.08 1.89 2.08 2.57 3.18 3.81 4.45 4.81 4.86
 11   4.64 4.19 3.62 2.94 2.33 1.99 2.03 2.40 2.93 3.49 4.00 4.22 4.14 3.81 3.29 2.68 2.10 1.81 1.94 2.48 3.14 3.84 4.49 4.91
 12   4.95 4.67 4.11 3.43 2.68 2.04 1.72 1.91 2.48 3.14 3.78 4.32 4.55 4.39 3.90 3.26 2.53 1.92 1.64 1.91 2.57 3.32 4.09 4.76
 13   5.05 5.03 4.62 3.89 3.08 2.21 1.60 1.45 1.88 2.64 3.40 4.13 4.65 4.75 4.43 3.83 3.08 2.25 1.65 1.51 1.90 2.70 3.64 4.45
 14   5.05 5.24 4.98 4.35 3.54 2.55 1.65 1.28 1.45 2.19 3.04 3.87 4.63 5.05 4.96 4.46 3.72 2.85 2.00 1.50 1.60 2.31 3.20 4.09
 15   4.84 5.33 5.32 4.80 4.02 3.12 2.16 1.42 1.13 1.60 2.54 3.48 4.37 5.06 5.31 5.02 4.33 3.49 2.55 1.74 1.37 1.79 2.66 3.55
 16   4.50 5.40 5.90 5.90 5.15 3.70 2.40 1.30 0.88 1.07 1.90 2.94 3.91 4.78 5.37 5.38 4.83 4.04 3.11 2.17 1.51 1.48 2.10 3.05
 17   3.97 4.80 5.32 5.32 4.72 3.84 2.80 1.80 0.98 0.70 1.20 2.20 3.31 4.28 5.16 5.56 5.35 4.65 3.78 2.82 1.94 1.45 1.78 2.57
 18   3.40 4.26 4.99 5.31 5.02 4.26 3.32 2.20 1.10 0.60 0.80 1.64 2.72 3.71 4.74 5.48 5.68 5.26 4.50 3.60 2.64 1.86 1.60 2.05
 19   2.88 3.70 4.55 5.17 5.29 4.78 3.95 2.95 1.87 1.00 0.57 1.02 1.99 3.06 4.10 5.03 5.62 5.65 5.10 4.31 3.42 2.53 1.85 1.77
 20   2.33 3.08 3.89 4.62 5.07 5.00 4.41 3.60 2.58 1.60 0.84 0.70 1.25 2.24 3.29 4.24 5.09 5.51 5.37 4.81 4.03 3.19 2.35 1.80
 21   1.85 2.41 3.17 3.93 4.60 4.90 4.71 4.10 3.31 2.36 1.45 0.81 0.85 1.52 2.44 3.42 4.36 5.11 5.44 5.29 4.76 4.04 3.23 2.44
 22   2.00 2.03 2.53 3.22 3.88 4.44 4.68 4.49 3.94 3.22 2.34 1.58 1.04 1.07 1.68 2.54 3.43 4.28 5.00 5.32 5.20 4.73 4.05 3.28
 23   2.56 2.04 1.96 2.35 2.95 3.53 4.07 4.39 4.35 3.92 3.32 2.54 1.80 1.25 1.14 1.60 2.40 3.23 4.04 4.76 5.18 5.15 4.77 4.13
 24   3.48 2.70 2.08 1.83 2.06 2.63 3.24 3.82 4.32 4.48 4.27 3.78 3.10 2.38 1.74 1.42 1.67 2.33 3.12 3.92 4.67 5.20 5.31 4.99
 25   4.43 3.68 2.90 2.12 1.74 1.84 2.37 3.06 3.73 4.34 4.67 4.57 4.13 3.51 2.72 2.03 1.51 1.52 2.10 2.88 3.65 4.44 5.09 5.35
 26   5.09 4.50 3.73 2.84 1.95 1.45 1.50 2.12 2.91 3.66 4.36 4.83 4.85 4.44 3.78 2.98 2.16 1.56 1.47 1.95 2.79 3.64 4.52 5.16
 27   5.34 5.05 4.40 3.54 2.57 1.60 1.15 1.32 2.04 2.93 3.79 4.60 5.09 5.02 4.54 3.84 2.96 2.09 1.52 1.49 2.09 2.90 3.84 4.71
 28   5.24 5.36 4.93 4.15 3.23 2.17 1.30 0.94 1.33 2.19 3.14 4.04 4.78 5.23 5.13 4.57 3.77 2.86 1.92 1.41 1.52 2.23 3.10 3.98
 29   4.73 5.20 5.13 4.51 3.65 2.64 1.64 0.91 0.80 1.36 2.33 3.28 4.16 4.97 5.30 5.11 4.40 3.56 2.66 1.83 1.40 1.74 2.53 3.39
 30   4.16 4.85 5.16 4.84 4.08 3.16 2.08 1.10 0.64 0.95 1.80 2.78 3.80 4.72 5.37 5.45 4.93 4.18 3.30 2.37 1.66 1.51 2.06 2.88
 ----------------------------------------------------------------------------------------------------------------------------
                                                                                              
 ----------------------------------------------------------------------------------------------------------------------------
 ----------------------------------------------------------------------------------------------------------------------------
                                                          SURVEY OF INDIA
                                                    MARINE GEODESY WING (G&RB)
                                                     HOURLY HEIGHTS IN METRES
  NAME OF PORT:- VADINAR                                                                            MONTH MAY       YEAR 2018
 ----------------------------------------------------------------------------------------------------------------------------
 DAYS 0000 0001 0002 0003 0004 0005 0006 0007 0008 0009 0010 0011 0012 0013 0014 0015 0016 0017 0018 0019 0020 0021 0022 0023
 ----------------------------------------------------------------------------------------------------------------------------
  1   3.64 4.41 4.97 5.01 4.47 3.65 2.68 1.72 0.90 0.67 1.18 2.25 3.29 4.25 5.10 5.47 5.25 4.63 3.83 2.93 2.05 1.57 1.72 2.38
  2   3.12 3.91 4.61 4.94 4.69 4.03 3.17 2.10 1.12 0.69 0.88 1.70 2.73 3.69 4.63 5.30 5.44 5.06 4.35 3.53 2.66 1.92 1.67 1.98
  3   2.66 3.40 4.14 4.71 4.84 4.44 3.68 2.81 1.91 1.11 0.78 1.20 2.08 2.97 3.86 4.68 5.22 5.28 4.77 4.07 3.27 2.43 1.87 1.85
  4   2.27 2.95 3.64 4.29 4.65 4.52 3.96 3.22 2.32 1.45 0.94 1.02 1.68 2.56 3.49 4.36 5.05 5.29 5.06 4.49 3.75 2.96 2.23 1.87
  5   2.00 2.49 3.14 3.75 4.24 4.43 4.13 3.55 2.78 1.97 1.32 1.05 1.38 2.09 2.92 3.78 4.55 5.05 5.09 4.75 4.15 3.41 2.67 2.12
  6   1.96 2.20 2.69 3.26 3.79 4.19 4.23 3.89 3.33 2.64 1.95 1.45 1.37 1.75 2.48 3.24 4.00 4.68 5.04 4.97 4.55 3.98 3.32 2.67
  7   2.25 2.16 2.43 2.87 3.37 3.84 4.11 4.08 3.75 3.24 2.64 2.01 1.63 1.65 2.07 2.71 3.40 4.10 4.65 4.91 4.79 4.44 3.85 3.21
  8   2.60 2.19 2.11 2.31 2.72 3.20 3.60 3.90 3.95 3.70 3.29 2.76 2.23 1.87 1.82 2.16 2.74 3.37 4.00 4.54 4.83 4.75 4.37 3.84
  9   3.22 2.60 2.15 1.98 2.15 2.53 3.00 3.45 3.84 4.00 3.87 3.53 3.03 2.51 2.06 1.89 2.11 2.63 3.23 3.85 4.43 4.77 4.75 4.40
 10   3.88 3.23 2.53 1.98 1.73 1.85 2.29 2.85 3.42 3.93 4.22 4.18 3.79 3.25 2.67 2.13 1.83 1.99 2.49 3.12 3.78 4.39 4.78 4.78
 11   4.45 3.91 3.20 2.38 1.76 1.49 1.69 2.23 2.91 3.57 4.16 4.50 4.41 4.03 3.46 2.77 2.13 1.81 1.96 2.49 3.17 3.88 4.53 4.90
 12   4.83 4.42 3.77 2.95 2.08 1.43 1.24 1.60 2.34 3.13 3.87 4.54 4.83 4.64 4.12 3.47 2.68 2.01 1.70 1.91 2.59 3.33 4.11 4.73
 13   5.01 4.83 4.27 3.47 2.54 1.65 1.05 1.09 1.72 2.57 3.44 4.27 4.92 5.07 4.75 4.09 3.32 2.48 1.85 1.67 2.09 2.84 3.63 4.41
 14   4.95 5.12 4.75 3.97 3.07 2.04 1.18 0.76 1.12 1.97 2.95 3.88 4.76 5.29 5.28 4.77 4.01 3.20 2.33 1.69 1.64 2.25 3.10 3.91
 15   4.65 5.13 5.06 4.45 3.58 2.52 1.49 0.71 0.59 1.18 2.24 3.32 4.30 5.18 5.59 5.37 4.69 3.88 3.00 2.14 1.67 1.85 2.57 3.43
 16   4.25 4.95 5.21 4.89 4.09 3.12 2.01 0.95 0.45 0.64 1.52 2.60 3.57 4.43 5.18 5.54 5.35 4.56 3.67 2.76 1.92 1.59 2.00 2.86
 17   3.70 4.52 5.09 5.15 4.61 3.75 2.71 1.60 0.68 0.33 0.80 1.87 2.99 4.04 5.05 5.72 5.76 5.21 4.40 3.49 2.57 1.84 1.67 2.20
 18   3.02 3.88 4.63 5.08 4.97 4.31 3.42 2.33 1.30 0.52 0.40 1.05 2.05 3.00 3.90 4.75 5.40 5.58 5.14 4.32 3.41 2.51 1.83 1.77
 19   2.21 2.86 3.54 4.30 4.85 4.90 4.30 3.40 2.33 1.36 0.63 0.60 1.17 2.11 3.14 4.12 5.06 5.64 5.63 4.99 4.18 3.31 2.41 1.82
 20   1.82 2.33 3.04 3.78 4.45 4.80 4.71 4.06 3.23 2.28 1.38 0.83 0.92 1.60 2.58 3.56 4.51 5.31 5.68 5.49 4.86 4.07 3.22 2.37
 21   1.84 1.87 2.38 3.02 3.66 4.28 4.66 4.61 4.08 3.40 2.57 1.76 1.18 1.20 1.88 2.77 3.70 4.60 5.32 5.61 5.39 4.81 4.03 3.20
 22   2.42 1.89 1.88 2.33 3.00 3.65 4.23 4.59 4.53 4.12 3.51 2.74 2.01 1.51 1.49 2.00 2.79 3.64 4.51 5.17 5.45 5.28 4.74 4.00
 23   3.22 2.40 1.80 1.65 2.00 2.63 3.28 3.89 4.39 4.55 4.29 3.77 3.12 2.39 1.83 1.61 1.97 2.66 3.43 4.24 4.93 5.31 5.22 4.73
 24   4.06 3.25 2.37 1.70 1.45 1.75 2.35 3.06 3.78 4.40 4.67 4.52 4.07 3.45 2.69 2.06 1.72 1.93 2.56 3.30 4.09 4.77 5.17 5.08
 25   4.60 3.89 3.06 2.13 1.43 1.16 1.49 2.24 3.07 3.85 4.56 4.92 4.78 4.31 3.66 2.87 2.13 1.69 1.83 2.40 3.17 3.95 4.68 5.07
 26   4.95 4.47 3.73 2.82 1.88 1.13 0.89 1.32 2.20 3.09 3.90 4.65 5.02 4.83 4.32 3.61 2.79 2.03 1.60 1.78 2.37 3.15 3.92 4.58
 27   4.87 4.70 4.12 3.31 2.32 1.41 0.72 0.68 1.30 2.26 3.19 4.08 4.84 5.11 4.88 4.27 3.51 2.66 1.93 1.56 1.79 2.46 3.26 4.00
 28   4.55 4.77 4.45 3.77 2.88 1.88 0.90 0.52 0.80 1.64 2.61 3.60 4.55 5.12 5.26 5.00 4.25 3.40 2.55 1.87 1.63 2.00 2.73 3.52
 29   4.17 4.65 4.71 4.23 3.47 2.51 1.54 0.77 0.59 1.10 2.08 3.09 4.10 4.89 5.38 5.29 4.74 3.97 3.14 2.30 1.72 1.71 2.28 3.02
 30   3.76 4.40 4.75 4.56 3.92 3.06 2.08 1.10 0.58 0.78 1.56 2.55 3.55 4.49 5.25 5.47 5.13 4.48 3.67 2.83 2.03 1.65 1.91 2.57
 31   3.32 4.01 4.54 4.69 4.28 3.54 2.64 1.70 0.91 0.63 1.10 2.08 3.08 4.03 4.93 5.43 5.36 4.86 4.13 3.34 2.50 1.85 1.71 2.18
 ----------------------------------------------------------------------------------------------------------------------------
                                                                                               
 ----------------------------------------------------------------------------------------------------------------------------
 ----------------------------------------------------------------------------------------------------------------------------
                                                          SURVEY OF INDIA
                                                    MARINE GEODESY WING (G&RB)
                                                     HOURLY HEIGHTS IN METRES
  NAME OF PORT:- VADINAR                                                                            MONTH JUNE      YEAR 2018
 ----------------------------------------------------------------------------------------------------------------------------
 DAYS 0000 0001 0002 0003 0004 0005 0006 0007 0008 0009 0010 0011 0012 0013 0014 0015 0016 0017 0018 0019 0020 0021 0022 0023
 ----------------------------------------------------------------------------------------------------------------------------
  1   2.88 3.59 4.22 4.60 4.49 3.91 3.13 2.23 1.30 0.76 0.88 1.56 2.37 3.34 4.27 5.05 5.41 5.20 4.53 3.77 2.95 2.17 1.77 1.96
  2   2.57 3.22 3.87 4.41 4.59 4.29 3.65 2.84 1.94 1.20 0.91 1.30 2.11 3.02 3.96 4.81 5.35 5.37 4.95 4.28 3.48 2.66 2.00 1.83
  3   2.17 2.76 3.40 4.10 4.41 4.38 3.95 3.28 2.45 1.67 1.11 1.09 1.68 2.52 3.40 4.27 5.01 5.32 5.16 4.64 3.95 3.19 2.41 1.94
  4   1.94 2.38 2.94 3.56 4.09 4.36 4.22 3.73 3.09 2.34 1.62 1.30 1.48 2.11 2.89 3.70 4.50 5.08 5.23 4.95 4.39 3.70 2.95 2.28
  5   1.98 2.10 2.55 3.09 3.63 4.09 4.23 4.05 3.55 2.93 2.26 1.72 1.51 1.78 2.41 3.17 3.92 4.68 5.11 5.11 4.78 4.20 3.52 2.79
  6   2.15 1.90 2.10 2.53 3.05 3.57 3.99 4.19 4.02 3.62 3.09 2.47 1.99 1.77 2.00 2.57 3.27 3.97 4.60 5.02 5.03 4.66 4.09 3.41
  7   2.71 2.13 1.87 2.00 2.44 2.98 3.51 3.96 4.20 4.10 3.75 3.26 2.69 2.19 1.94 2.13 2.65 3.31 3.97 4.60 4.95 4.91 4.55 3.94
  8   3.28 2.50 1.90 1.67 1.81 2.27 2.87 3.44 3.97 4.33 4.33 4.00 3.49 2.90 2.36 2.05 2.17 2.64 3.25 3.90 4.48 4.84 4.80 4.39
  9   3.82 3.11 2.31 1.68 1.37 1.59 2.12 2.81 3.52 4.17 4.58 4.57 4.22 3.69 3.04 2.40 2.01 2.10 2.58 3.23 3.95 4.60 4.88 4.79
 10   4.35 3.69 2.88 2.01 1.31 1.03 1.30 2.07 2.90 3.73 4.50 4.92 4.87 4.47 3.84 3.12 2.39 1.96 2.03 2.56 3.24 3.94 4.59 4.91
 11   4.77 4.23 3.47 2.54 1.64 0.93 0.75 1.20 2.13 3.08 3.97 4.80 5.22 5.08 4.56 3.84 3.01 2.23 1.78 1.95 2.60 3.34 4.12 4.74
 12   5.00 4.73 4.09 3.23 2.19 1.25 0.60 0.67 1.44 2.44 3.48 4.49 5.28 5.58 5.28 4.61 3.77 2.89 2.10 1.69 1.97 2.68 3.49 4.29
 13   4.84 5.02 4.63 3.88 2.91 1.81 0.80 0.34 0.67 1.62 2.71 3.80 4.85 5.56 5.71 5.29 4.54 3.65 2.73 1.94 1.63 2.06 2.86 3.69
 14   4.44 4.97 5.01 4.50 3.64 2.60 1.52 0.57 0.22 0.75 1.83 2.96 4.12 5.15 5.76 5.85 5.50 4.70 3.60 2.52 1.80 1.68 2.24 3.08
 15   3.87 4.60 5.06 4.95 4.33 3.41 2.32 1.28 0.40 0.25 0.85 2.10 3.28 4.38 5.39 5.89 5.73 5.09 4.20 3.28 2.34 1.66 1.65 2.32
 16   3.13 3.95 4.68 5.07 4.85 4.13 3.21 2.13 1.10 0.35 0.41 1.32 2.43 3.52 4.63 5.53 5.89 5.64 4.90 4.00 2.90 2.00 1.58 1.73
 17   2.42 3.24 4.05 4.73 5.03 4.75 4.02 3.12 2.04 1.00 0.50 0.68 1.58 2.64 3.73 4.80 5.61 5.84 5.48 4.74 3.84 2.88 1.97 1.47
 18   1.72 2.40 3.20 3.99 4.64 4.90 4.60 3.92 3.07 2.08 1.15 0.68 0.99 1.84 2.86 3.90 4.92 5.58 5.70 5.29 4.55 3.66 2.73 1.89
 19   1.44 1.70 2.36 3.16 3.89 4.49 4.74 4.48 3.88 3.11 2.21 1.42 0.99 1.25 2.02 3.00 3.94 4.85 5.46 5.53 5.09 4.37 3.50 2.60
 20   1.80 1.41 1.63 2.27 3.04 3.76 4.37 4.65 4.45 3.95 3.32 2.50 1.75 1.36 1.53 2.20 3.05 3.92 4.74 5.28 5.33 4.93 4.23 3.38
 21   2.48 1.71 1.27 1.42 2.01 2.77 3.50 4.11 4.51 4.49 4.11 3.54 2.77 2.09 1.64 1.65 2.19 2.95 3.71 4.45 4.97 5.04 4.67 4.00
 22   3.20 2.31 1.55 1.20 1.22 1.70 2.48 3.21 3.89 4.43 4.52 4.28 3.78 3.13 2.44 1.93 1.80 2.15 2.82 3.51 4.20 4.70 4.84 4.55
 23   3.89 3.15 2.27 1.45 0.95 1.03 1.60 2.40 3.30 4.15 4.68 4.79 4.58 4.12 3.50 2.78 2.17 1.91 2.13 2.71 3.35 4.02 4.54 4.70
 24   4.45 3.83 3.10 2.21 1.35 0.91 1.01 1.64 2.50 3.34 4.11 4.74 4.93 4.72 4.17 3.48 2.70 2.02 1.70 2.00 2.70 3.40 4.04 4.51
 25   4.62 4.31 3.71 2.91 1.98 1.21 0.81 1.08 1.83 2.76 3.64 4.51 5.09 5.18 4.84 4.24 3.53 2.78 2.16 1.97 2.26 2.87 3.56 4.18
 26   4.59 4.65 4.30 3.56 2.69 1.79 1.08 0.87 1.31 2.18 3.12 4.05 4.95 5.29 5.20 4.76 4.07 3.32 2.57 2.03 1.97 2.40 3.05 3.72
 27   4.27 4.58 4.48 3.92 3.18 2.26 1.35 0.86 0.93 1.60 2.52 3.50 4.43 5.18 5.47 5.24 4.66 3.91 3.11 2.28 1.84 1.97 2.52 3.20
 28   3.83 4.37 4.60 4.31 3.64 2.80 1.87 1.07 0.70 1.12 1.98 2.97 3.92 4.83 5.39 5.43 5.00 4.29 3.54 2.71 2.03 1.80 2.14 2.80
 29   3.47 4.11 4.55 4.54 4.04 3.31 2.39 1.49 0.84 0.83 1.51 2.44 3.44 4.37 5.15 5.48 5.27 4.71 3.96 3.15 2.30 1.83 1.92 2.46
 30   3.14 3.78 4.35 4.60 4.56 4.00 2.88 1.95 1.15 0.77 1.12 2.00 2.91 3.85 4.85 5.39 5.48 5.12 4.42 3.60 2.75 2.06 1.81 2.13
 ----------------------------------------------------------------------------------------------------------------------------
                                                                                              
 ----------------------------------------------------------------------------------------------------------------------------
 ----------------------------------------------------------------------------------------------------------------------------
                                                          SURVEY OF INDIA
                                                    MARINE GEODESY WING (G&RB)
                                                     HOURLY HEIGHTS IN METRES
  NAME OF PORT:- VADINAR                                                                            MONTH JULY      YEAR 2018
 ----------------------------------------------------------------------------------------------------------------------------
 DAYS 0000 0001 0002 0003 0004 0005 0006 0007 0008 0009 0010 0011 0012 0013 0014 0015 0016 0017 0018 0019 0020 0021 0022 0023
 ----------------------------------------------------------------------------------------------------------------------------
  1   2.76 3.46 4.12 4.56 4.60 4.18 3.42 2.58 1.70 1.05 1.00 1.58 2.50 3.44 4.36 5.16 5.52 5.38 4.82 4.09 3.25 2.42 1.90 1.90
  2   2.37 3.02 3.70 4.30 4.62 4.47 3.92 3.20 2.32 1.50 1.12 1.33 2.05 2.93 3.87 4.75 5.33 5.45 5.05 4.45 3.69 2.85 2.09 1.77
  3   2.01 2.57 3.25 3.89 4.39 4.53 4.25 3.61 2.85 2.05 1.41 1.25 1.60 2.49 3.37 4.25 4.99 5.37 5.25 4.73 4.05 3.25 2.41 1.89
  4   1.79 2.15 2.77 3.41 3.99 4.41 4.41 4.05 3.47 2.77 2.09 1.61 1.63 2.13 2.89 3.71 4.51 5.13 5.33 5.07 4.49 3.73 2.91 2.13
  5   1.73 1.79 2.23 2.87 3.50 4.10 4.41 4.33 3.93 3.33 2.65 1.95 1.65 1.77 2.36 3.10 3.88 4.60 5.08 5.13 4.77 4.15 3.37 2.57
  6   1.81 1.55 1.69 2.21 2.83 3.45 4.01 4.33 4.27 3.89 3.37 2.73 2.10 1.81 1.93 2.47 3.17 3.89 4.53 4.95 4.95 4.55 3.93 3.17
  7   2.33 1.60 1.28 1.38 2.00 2.70 3.37 3.95 4.33 4.35 4.05 3.59 2.97 2.37 1.97 2.01 2.49 3.13 3.79 4.39 4.77 4.77 4.35 3.73
  8   2.93 2.13 1.45 1.13 1.33 1.91 2.61 3.33 3.97 4.45 4.57 4.33 3.85 3.20 2.58 2.15 2.09 2.43 3.07 3.69 4.27 4.63 4.61 4.21
  9   3.57 2.77 1.90 1.21 0.85 1.11 1.77 2.57 3.37 4.13 4.69 4.85 4.61 4.11 3.45 2.73 2.17 2.01 2.30 2.90 3.55 4.17 4.59 4.59
 10   4.20 3.53 2.69 1.77 0.99 0.65 0.95 1.69 2.57 3.49 4.39 5.01 5.13 4.85 4.25 3.53 2.75 2.13 1.93 2.29 2.93 3.61 4.25 4.65
 11   4.61 4.17 3.45 2.53 1.57 0.77 0.45 0.85 1.75 2.75 3.73 4.71 5.31 5.41 5.10 4.40 3.51 2.65 1.97 1.84 2.23 2.95 3.69 4.39
 12   4.72 4.68 4.20 3.40 2.36 1.36 0.52 0.24 0.80 1.84 2.96 4.00 5.00 5.56 5.52 5.04 4.30 3.40 2.46 1.78 1.66 2.20 2.98 3.78
 13   4.44 4.88 4.90 4.40 3.35 2.20 1.10 0.26 0.12 0.70 1.85 3.15 4.30 5.20 5.64 5.54 4.95 4.04 3.10 2.14 1.48 1.52 2.20 3.08
 14   3.90 4.60 4.98 4.76 4.04 3.04 1.92 0.86 0.10 0.18 1.12 2.28 3.44 4.52 5.46 5.80 5.52 4.80 3.88 2.90 1.90 1.35 1.48 2.25
 15   3.20 4.04 4.78 5.10 4.80 4.00 3.00 1.84 0.75 0.25 0.40 1.40 2.56 3.68 4.80 5.60 5.84 5.50 4.65 3.64 2.60 1.66 1.14 1.50
 16   2.32 3.20 4.08 4.80 5.00 4.60 3.80 2.80 1.72 0.70 0.28 0.70 1.74 2.84 3.92 4.96 5.58 5.62 5.06 4.20 3.20 2.16 1.30 1.00
 17   1.40 2.25 3.20 4.10 4.66 4.82 4.50 3.70 2.68 1.68 0.88 0.58 1.12 2.08 3.16 4.25 5.16 5.63 5.48 4.88 4.00 3.00 1.96 1.16
 18   0.92 1.40 2.28 3.20 4.05 4.58 4.68 4.35 3.60 2.72 1.80 1.08 0.84 1.36 2.28 3.22 4.16 5.00 5.34 5.14 4.52 3.64 2.64 1.68
 19   1.00 0.95 1.40 2.20 3.12 3.95 4.48 4.60 4.40 3.75 2.96 2.12 1.52 1.32 1.70 2.50 3.40 4.26 4.92 5.18 4.92 4.28 3.44 2.48
 20   1.64 1.02 0.94 1.46 2.24 3.04 3.80 4.40 4.60 4.38 3.88 3.20 2.52 1.90 1.68 1.98 2.64 3.36 4.08 4.64 4.84 4.60 4.00 3.28
 21   2.44 1.64 1.04 0.96 1.40 2.16 2.96 3.68 4.30 4.58 4.44 4.04 3.48 2.84 2.20 1.92 2.08 2.60 3.20 3.80 4.30 4.52 4.35 3.90
 22   3.24 2.44 1.64 1.08 0.98 1.42 2.12 2.90 3.70 4.40 4.70 4.64 4.32 3.80 3.16 2.52 2.08 2.08 2.46 2.98 3.52 4.00 4.28 4.18
 23   3.80 3.22 2.48 1.74 1.12 0.98 1.34 2.02 2.85 3.70 4.40 4.80 4.78 4.44 3.92 3.28 2.56 2.08 1.98 2.30 2.84 3.38 3.90 4.22
 24   4.18 3.80 3.20 2.40 1.60 1.00 0.92 1.38 2.12 2.96 3.80 4.60 5.00 4.96 4.56 3.92 3.20 2.44 1.92 1.86 2.24 2.82 3.44 4.00
 25   4.28 4.24 3.80 3.12 2.28 1.50 0.92 0.92 1.48 2.34 3.24 4.10 4.82 5.12 4.96 4.44 3.76 3.00 2.24 1.80 1.88 2.34 2.98 3.60
 26   4.12 4.34 4.14 3.60 2.84 2.00 1.15 0.76 1.00 1.80 2.70 3.65 4.55 5.16 5.24 4.95 4.32 3.50 2.72 2.04 1.76 2.02 2.64 3.30
 27   3.95 4.38 4.46 4.12 3.44 2.60 1.72 1.00 0.80 1.24 2.18 3.12 4.08 4.88 5.32 5.18 4.64 3.92 3.10 2.30 1.84 1.74 2.10 2.80
 28   3.56 4.18 4.52 4.40 3.90 3.06 2.10 1.20 0.78 0.96 1.72 2.68 3.64 4.55 5.22 5.38 5.00 4.32 3.52 2.68 1.92 1.60 1.92 2.55
 29   3.25 3.94 4.50 4.64 4.28 3.58 2.68 1.76 1.00 0.80 1.34 2.24 3.24 4.20 5.04 5.44 5.28 4.72 3.92 3.08 2.20 1.64 1.64 2.22
 30   2.92 3.62 4.28 4.68 4.58 4.05 3.22 2.28 1.35 0.88 1.08 1.80 2.80 3.74 4.66 5.32 5.44 5.10 4.35 3.48 2.56 1.80 1.48 1.80
 31   2.48 3.20 3.92 4.48 4.68 4.35 3.64 2.80 1.88 1.16 0.92 1.40 2.26 3.22 4.18 5.00 5.38 5.22 4.65 3.80 2.92 2.00 1.40 1.44
 ----------------------------------------------------------------------------------------------------------------------------
                                                                                               
 ----------------------------------------------------------------------------------------------------------------------------
 ----------------------------------------------------------------------------------------------------------------------------
                                                          SURVEY OF INDIA
                                                    MARINE GEODESY WING (G&RB)
                                                     HOURLY HEIGHTS IN METRES
  NAME OF PORT:- VADINAR                                                                            MONTH AUGUST    YEAR 2018
 ----------------------------------------------------------------------------------------------------------------------------
 DAYS 0000 0001 0002 0003 0004 0005 0006 0007 0008 0009 0010 0011 0012 0013 0014 0015 0016 0017 0018 0019 0020 0021 0022 0023
 ----------------------------------------------------------------------------------------------------------------------------
  1   2.00 2.72 3.48 4.20 4.64 4.58 4.10 3.36 2.48 1.70 1.18 1.26 1.92 2.80 3.72 4.62 5.24 5.34 4.96 4.24 3.40 2.50 1.66 1.32
  2   1.62 2.28 3.06 3.80 4.42 4.68 4.44 3.88 3.16 2.32 1.60 1.32 1.62 2.36 3.24 4.08 4.86 5.26 5.12 4.56 3.80 3.00 2.10 1.38
  3   1.24 1.60 2.42 3.20 3.95 4.46 4.58 4.30 3.75 3.00 2.20 1.64 1.48 1.85 2.60 3.44 4.24 4.88 5.08 4.80 4.20 3.40 2.52 1.68
  4   1.24 1.30 1.84 2.58 3.35 4.10 4.50 4.52 4.22 3.72 3.08 2.36 1.88 1.80 2.20 2.90 3.62 4.32 4.80 4.90 4.60 3.92 3.08 2.24
  5   1.50 1.16 1.32 1.88 2.56 3.32 4.00 4.44 4.50 4.28 3.84 3.24 2.64 2.20 2.10 2.44 3.02 3.68 4.26 4.64 4.68 4.35 3.72 2.96
  6   2.10 1.40 1.14 1.28 1.84 2.56 3.30 3.98 4.56 4.74 4.58 4.20 3.64 3.06 2.50 2.26 2.44 2.92 3.48 4.02 4.44 4.54 4.24 3.70
  7   3.04 2.22 1.52 1.04 1.08 1.62 2.36 3.14 3.92 4.60 4.96 4.84 4.44 3.88 3.20 2.56 2.15 2.22 2.66 3.22 3.80 4.32 4.52 4.32
  8   3.80 3.08 2.24 1.40 0.80 0.78 1.30 2.12 3.00 3.88 4.72 5.18 5.14 4.72 4.08 3.36 2.56 2.04 1.98 2.40 3.02 3.66 4.26 4.60
  9   4.48 3.96 3.20 2.24 1.32 0.62 0.52 1.08 2.04 3.00 4.00 4.88 5.40 5.32 4.80 4.08 3.20 2.32 1.72 1.68 2.20 2.92 3.68 4.38
 10   4.76 4.62 4.04 3.20 2.20 1.20 0.40 0.28 0.90 2.00 3.18 4.25 5.12 5.58 5.44 4.80 4.00 3.04 2.08 1.48 1.52 2.16 3.04 3.84
 11   4.56 4.94 4.74 4.08 3.18 2.12 1.08 0.30 0.32 1.06 2.18 3.28 4.36 5.32 5.72 5.46 4.74 3.80 2.80 1.82 1.28 1.48 2.28 3.20
 12   4.00 4.78 5.12 4.88 4.08 3.12 2.00 0.90 0.26 0.44 1.40 2.52 3.60 4.68 5.54 5.78 5.36 4.52 3.52 2.52 1.56 1.08 1.48 2.36
 13   3.32 4.16 4.92 5.20 4.80 4.00 3.00 1.80 0.75 0.28 0.68 1.72 2.86 3.92 5.00 5.64 5.64 5.04 4.10 3.08 2.00 1.12 0.90 1.52
 14   2.46 3.40 4.28 5.00 5.12 4.64 3.80 2.80 1.72 0.80 0.50 1.06 2.08 3.18 4.20 5.22 5.60 5.44 4.68 3.76 2.68 1.64 0.88 0.90
 15   1.64 2.60 3.52 4.40 5.00 5.02 4.46 3.64 2.68 1.68 0.88 0.78 1.40 2.40 3.44 4.40 5.20 5.42 5.10 4.25 3.28 2.20 1.24 0.70
 16   0.84 1.68 2.64 3.60 4.40 4.88 4.80 4.25 3.48 2.52 1.64 1.04 1.10 1.76 2.68 3.60 4.44 5.08 5.08 4.60 3.80 2.88 1.80 1.00
 17   0.64 1.00 1.80 2.70 3.54 4.28 4.68 4.52 4.00 3.36 2.56 1.80 1.36 1.52 2.12 2.92 3.70 4.40 4.80 4.68 4.16 3.44 2.48 1.58
 18   0.92 0.76 1.15 1.92 2.74 3.52 4.16 4.50 4.40 3.96 3.40 2.72 2.08 1.72 1.80 2.28 2.92 3.58 4.16 4.46 4.36 3.90 3.20 2.40
 19   1.68 1.06 0.92 1.28 1.96 2.68 3.40 4.04 4.42 4.40 4.06 3.60 3.08 2.48 2.08 2.04 2.32 2.84 3.36 3.85 4.14 4.12 3.76 3.22
 20   2.56 1.84 1.28 1.08 1.36 1.92 2.64 3.32 3.96 4.44 4.52 4.32 3.88 3.36 2.78 2.28 2.08 2.24 2.64 3.10 3.56 3.92 4.00 3.76
 21   3.32 2.76 2.08 1.50 1.22 1.32 1.84 2.52 3.28 3.96 4.52 4.72 4.56 4.12 3.58 2.96 2.34 2.00 2.04 2.40 2.88 3.40 3.84 4.02
 22   3.90 3.52 2.92 2.24 1.60 1.20 1.26 1.76 2.50 3.28 4.10 4.64 4.84 4.66 4.20 3.60 2.88 2.24 1.84 1.92 2.34 2.90 3.48 3.96
 23   4.16 4.00 3.56 2.92 2.20 1.48 1.08 1.24 1.85 2.64 3.48 4.32 4.88 4.98 4.68 4.12 3.40 2.60 1.96 1.70 1.92 2.46 3.10 3.70
 24   4.16 4.32 4.02 3.44 2.68 1.84 1.18 0.94 1.32 2.12 3.00 3.84 4.64 5.06 5.00 4.56 3.88 3.08 2.28 1.68 1.64 2.04 2.72 3.44
 25   4.10 4.46 4.40 4.00 3.24 2.36 1.54 0.96 1.02 1.64 2.52 3.46 4.32 5.02 5.24 5.00 4.28 3.45 2.60 1.84 1.44 1.70 2.36 3.10
 26   3.80 4.40 4.64 4.34 3.72 2.88 1.96 1.18 0.86 1.28 2.08 3.04 3.96 4.80 5.26 5.14 4.60 3.80 2.92 2.04 1.40 1.40 1.96 2.72
 27   3.48 4.20 4.70 4.66 4.16 3.36 2.40 1.52 0.86 0.92 1.60 2.52 3.50 4.40 5.12 5.26 4.90 4.16 3.28 2.32 1.52 1.16 1.52 2.25
 28   3.08 3.88 4.56 4.82 4.48 3.80 2.92 1.96 1.14 0.76 1.20 2.06 3.04 3.96 4.80 5.26 5.08 4.46 3.64 2.68 1.76 1.12 1.16 1.80
 29   2.60 3.44 4.24 4.78 4.76 4.24 3.44 2.52 1.60 0.92 0.92 1.60 2.52 3.44 4.36 5.02 5.20 4.80 4.05 3.12 2.08 1.28 0.94 1.32
 30   2.12 2.92 3.76 4.56 4.90 4.68 4.00 3.20 2.24 1.44 1.01 1.40 2.20 3.12 4.00 4.84 5.20 5.00 4.32 3.48 2.48 1.58 0.98 1.10
 31   1.68 2.48 3.36 4.16 4.76 4.84 4.45 3.72 2.92 2.00 1.38 1.30 1.80 2.65 3.56 4.38 5.00 5.08 4.64 3.88 3.00 2.00 1.20 0.88
 ----------------------------------------------------------------------------------------------------------------------------
                                                                                               
 ----------------------------------------------------------------------------------------------------------------------------
 ----------------------------------------------------------------------------------------------------------------------------
                                                          SURVEY OF INDIA
                                                    MARINE GEODESY WING (G&RB)
                                                     HOURLY HEIGHTS IN METRES
  NAME OF PORT:- VADINAR                                                                            MONTH SEPT      YEAR 2018
 ----------------------------------------------------------------------------------------------------------------------------
 DAYS 0000 0001 0002 0003 0004 0005 0006 0007 0008 0009 0010 0011 0012 0013 0014 0015 0016 0017 0018 0019 0020 0021 0022 0023
 ----------------------------------------------------------------------------------------------------------------------------
  1   1.20 1.88 2.76 3.60 4.40 4.84 4.74 4.24 3.50 2.70 1.96 1.50 1.64 2.26 3.06 3.86 4.60 5.02 4.88 4.32 3.56 2.60 1.68 1.04
  2   0.92 1.36 2.12 3.00 3.80 4.48 4.80 4.64 4.16 3.52 2.80 2.12 1.80 1.96 2.54 3.24 3.96 4.56 4.81 4.60 4.02 3.26 2.36 1.56
  3   1.04 1.02 1.50 2.24 3.06 3.80 4.46 4.76 4.65 4.20 3.60 2.96 2.34 2.00 2.14 2.62 3.24 3.84 4.36 4.56 4.32 3.80 3.08 2.24
  4   1.56 1.06 1.00 1.44 2.16 3.00 3.75 4.45 4.76 4.72 4.40 3.84 3.24 2.64 2.18 2.14 2.48 3.04 3.60 4.08 4.36 4.28 3.84 3.24
  5   2.52 1.80 1.18 1.00 1.32 1.95 2.76 3.52 4.28 4.80 4.92 4.68 4.20 3.58 2.88 2.28 2.00 2.18 2.66 3.20 3.76 4.20 4.32 4.04
  6   3.52 2.84 2.04 1.25 0.88 1.02 1.64 2.45 3.32 4.14 4.84 5.12 4.95 4.48 3.80 3.00 2.20 1.80 1.90 2.36 3.02 3.68 4.28 4.54
  7   4.40 3.90 3.12 2.20 1.36 0.72 0.72 1.36 2.26 3.22 4.16 4.98 5.25 5.12 4.52 3.72 2.84 1.96 1.44 1.54 2.16 2.92 3.72 4.40
  8   4.76 4.56 3.96 3.12 2.12 1.10 0.48 0.56 1.32 2.32 3.40 4.40 5.20 5.48 5.16 4.44 3.56 2.56 1.66 1.14 1.38 2.14 3.06 3.92
  9   4.64 5.00 4.78 4.08 3.16 2.08 0.98 0.40 0.56 1.46 2.56 3.60 4.64 5.40 5.56 5.08 4.24 3.24 2.16 1.26 0.84 1.30 2.24 3.28
 10   4.20 4.88 5.20 4.92 4.08 3.12 2.00 1.00 0.40 0.76 1.76 2.88 3.98 4.98 5.58 5.52 4.84 3.88 2.84 1.72 0.90 0.78 1.45 2.49
 11   3.50 4.45 5.14 5.28 4.80 3.92 2.92 1.84 0.90 0.54 1.10 2.16 3.28 4.32 5.24 5.62 5.28 4.48 3.48 2.36 1.34 0.66 0.76 1.68
 12   2.68 3.62 4.60 5.22 5.20 4.64 3.72 2.72 1.68 0.92 0.84 1.45 2.45 3.60 4.60 5.32 5.44 4.94 4.05 3.00 1.84 0.92 0.48 0.96
 13   1.90 2.92 3.92 4.80 5.26 5.08 4.44 3.56 2.60 1.60 1.04 1.26 2.04 3.00 3.92 4.76 5.24 5.08 4.40 3.52 2.48 1.44 0.62 0.58
 14   1.25 2.24 3.24 4.12 4.88 5.12 4.80 4.10 3.28 2.40 1.60 1.30 1.64 2.40 3.28 4.10 4.74 4.98 4.65 3.92 3.04 2.04 1.10 0.64
 15   0.92 1.60 2.52 3.44 4.30 4.84 4.88 4.50 3.88 3.16 2.34 1.76 1.62 2.00 2.68 3.40 4.10 4.58 4.64 4.24 3.56 2.76 1.84 1.16
 16   0.92 1.20 1.88 2.72 3.52 4.24 4.68 4.70 4.35 3.80 3.12 2.44 1.98 1.90 2.26 2.80 3.40 3.96 4.28 4.28 3.90 3.32 2.60 1.88
 17   1.36 1.16 1.48 2.12 2.84 3.55 4.20 4.56 4.54 4.28 3.80 3.25 2.68 2.24 2.11 2.34 2.76 3.20 3.64 3.94 3.96 3.70 3.22 2.64
 18   2.04 1.58 1.40 1.64 2.14 2.76 3.38 3.96 4.40 4.48 4.30 3.92 3.44 2.88 2.38 2.12 2.16 2.44 2.86 3.26 3.60 3.80 3.72 3.40
 19   2.96 2.40 1.88 1.54 1.58 1.94 2.50 3.12 3.72 4.28 4.54 4.48 4.16 3.68 3.10 2.52 2.08 1.96 2.18 2.58 3.06 3.50 3.84 3.92
 20   3.70 3.28 2.72 2.12 1.64 1.50 1.75 2.32 3.02 3.68 4.30 4.68 4.70 4.40 3.84 3.20 2.48 1.96 1.80 2.02 2.52 3.10 3.64 4.04
 21   4.12 3.92 3.38 2.72 2.04 1.48 1.32 1.60 2.30 3.08 3.80 4.46 4.82 4.74 4.32 3.72 2.96 2.20 1.70 1.64 2.04 2.64 3.30 3.90
 22   4.28 4.28 3.95 3.32 2.56 1.84 1.32 1.28 1.80 2.60 3.40 4.16 4.78 4.96 4.70 4.12 3.40 2.60 1.88 1.50 1.68 2.26 2.96 3.64
 23   4.25 4.52 4.34 3.80 3.08 2.24 1.52 1.12 1.38 2.08 2.92 3.78 4.56 5.02 4.96 4.48 3.76 2.92 2.06 1.40 1.30 1.76 2.54 3.36
 24   4.08 4.62 4.74 4.35 3.64 2.80 1.92 1.24 1.10 1.60 2.48 3.40 4.24 4.94 5.16 4.84 4.12 3.32 2.36 1.54 1.12 1.42 2.18 3.08
 25   3.90 4.56 4.96 4.76 4.16 3.36 2.40 1.50 1.04 1.28 2.00 2.96 3.86 4.68 5.18 5.10 4.50 3.68 2.68 1.74 1.08 1.04 1.68 2.56
 26   3.44 4.24 4.92 5.04 4.60 3.84 2.92 1.96 1.20 1.04 1.58 2.52 3.44 4.32 5.00 5.18 4.80 3.96 3.04 2.08 1.24 0.76 1.16 2.02
 27   3.00 3.90 4.68 5.14 4.96 4.32 3.48 2.54 1.60 1.08 1.28 2.00 2.96 3.90 4.75 5.16 5.00 4.28 3.40 2.36 1.40 0.70 0.76 1.48
 28   2.40 3.36 4.24 4.96 5.14 4.75 4.00 3.10 2.12 1.36 1.14 1.60 2.48 3.36 4.24 4.92 5.00 4.56 3.76 2.80 1.76 0.88 0.54 0.96
 29   1.76 2.72 3.68 4.58 5.12 5.04 4.50 3.72 2.75 1.80 1.24 1.40 2.06 2.90 3.76 4.50 4.94 4.76 4.16 3.35 2.32 1.36 0.66 0.68
 30   1.30 2.20 3.16 4.06 4.82 5.16 4.90 4.28 3.52 2.64 1.84 1.46 1.72 2.40 3.20 4.00 4.60 4.80 4.48 3.80 2.92 1.96 1.12 0.64
 ----------------------------------------------------------------------------------------------------------------------------
                                                                                               
 ----------------------------------------------------------------------------------------------------------------------------
 ----------------------------------------------------------------------------------------------------------------------------
                                                          SURVEY OF INDIA
                                                    MARINE GEODESY WING (G&RB)
                                                     HOURLY HEIGHTS IN METRES
  NAME OF PORT:- VADINAR                                                                            MONTH OCTOBER   YEAR 2018
 ----------------------------------------------------------------------------------------------------------------------------
 DAYS 0000 0001 0002 0003 0004 0005 0006 0007 0008 0009 0010 0011 0012 0013 0014 0015 0016 0017 0018 0019 0020 0021 0022 0023
 ----------------------------------------------------------------------------------------------------------------------------
  1   0.88 1.56 2.44 3.36 4.18 4.86 5.04 4.76 4.16 3.44 2.64 1.96 1.70 2.00 2.64 3.34 4.00 4.48 4.60 4.30 3.70 2.84 1.92 1.20
  2   0.86 1.12 1.80 2.60 3.44 4.20 4.80 4.98 4.72 4.20 3.52 2.80 2.20 1.92 2.14 2.64 3.24 3.85 4.28 4.38 4.10 3.58 2.88 2.12
  3   1.40 1.08 1.22 1.76 2.52 3.30 4.04 4.66 4.94 4.80 4.40 3.80 3.12 2.48 2.04 2.06 2.42 2.96 3.50 4.00 4.28 4.20 3.80 3.20
  4   2.56 1.86 1.36 1.24 1.55 2.25 3.02 3.80 4.50 4.96 5.00 4.72 4.12 3.44 2.68 2.08 1.84 2.08 2.56 3.16 3.74 4.22 4.42 4.25
  5   3.75 3.04 2.25 1.50 1.14 1.30 1.90 2.68 3.52 4.36 4.98 5.20 4.92 4.32 3.56 2.72 1.94 1.52 1.70 2.26 2.96 3.68 4.35 4.66
  6   4.52 4.04 3.32 2.44 1.60 1.02 1.10 1.72 2.56 3.44 4.38 5.12 5.36 5.10 4.36 3.48 2.52 1.64 1.20 1.44 2.12 3.00 3.88 4.60
  7   5.00 4.88 4.32 3.48 2.56 1.60 1.00 1.08 1.70 2.68 3.64 4.60 5.34 5.50 5.15 4.30 3.28 2.20 1.32 0.96 1.35 2.26 3.28 4.20
  8   5.00 5.34 5.12 4.45 3.52 2.48 1.45 0.92 1.10 1.92 3.00 4.00 4.96 5.56 5.52 4.88 3.96 2.92 1.80 0.96 0.80 1.38 2.45 3.55
  9   4.56 5.28 5.54 5.16 4.36 3.36 2.32 1.40 0.95 1.36 2.28 3.36 4.36 5.24 5.66 5.36 4.56 3.56 2.44 1.30 0.66 0.82 1.72 2.84
 10   3.88 4.84 5.54 5.62 5.04 4.12 3.16 2.12 1.25 1.14 1.70 2.72 3.72 4.68 5.38 5.52 5.12 4.15 3.00 1.88 0.92 0.52 1.00 2.05
 11   3.20 4.28 5.20 5.66 5.46 4.76 3.84 2.88 1.90 1.30 1.38 2.12 3.08 4.10 4.95 5.34 5.18 4.44 3.48 2.40 1.36 0.58 0.58 1.40
 12   2.48 3.52 4.52 5.32 5.60 5.25 4.44 3.56 2.60 1.72 1.30 1.64 2.44 3.32 4.16 4.84 5.06 4.70 3.90 2.92 1.86 0.94 0.48 0.86
 13   1.76 2.76 3.76 4.68 5.30 5.30 4.80 4.04 3.20 2.28 1.60 1.46 1.82 2.60 3.50 4.30 4.72 4.72 4.30 3.40 2.44 1.48 0.80 0.73
 14   1.25 2.16 3.12 4.10 4.85 5.18 5.00 4.48 3.76 2.96 2.20 1.75 1.78 2.28 3.00 3.70 4.30 4.52 4.32 3.80 3.08 2.20 1.40 0.98
 15   1.10 1.70 2.52 3.36 4.16 4.78 4.98 4.74 4.22 3.58 2.84 2.20 1.92 2.06 2.52 3.10 3.68 4.08 4.20 3.96 3.48 2.84 2.12 1.52
 16   1.28 1.48 2.06 2.80 3.60 4.30 4.72 4.80 4.56 4.08 3.50 2.88 2.34 2.12 2.24 2.60 3.06 3.52 3.86 3.98 3.80 3.40 2.88 2.30
 17   1.82 1.60 1.80 2.26 2.86 3.48 4.10 4.52 4.64 4.46 4.08 3.60 3.00 2.45 2.16 2.18 2.42 2.80 3.22 3.58 3.84 3.84 3.60 3.24
 18   2.76 2.28 1.94 1.92 2.20 2.68 3.24 3.85 4.35 4.58 4.52 4.26 3.80 3.24 2.66 2.20 2.04 2.16 2.54 3.00 3.46 3.86 4.04 3.95
 19   3.60 3.13 2.58 2.10 1.88 2.02 2.46 3.04 3.64 4.20 4.60 4.68 4.46 4.00 3.40 2.72 2.16 1.88 1.96 2.34 2.90 3.50 4.00 4.24
 20   4.16 3.82 3.28 2.64 2.00 1.72 1.84 2.32 2.96 3.65 4.32 4.68 4.68 4.38 3.80 3.10 2.32 1.72 1.48 1.72 2.28 2.96 3.66 4.22
 21   4.44 4.24 3.74 3.10 2.36 1.76 1.56 1.82 2.42 3.16 3.88 4.52 4.84 4.75 4.25 3.52 2.72 1.90 1.34 1.34 1.84 2.58 3.36 4.10
 22   4.60 4.74 4.45 3.80 3.04 2.22 1.64 1.56 2.00 2.74 3.52 4.28 4.86 5.00 4.64 3.94 3.10 2.20 1.43 1.10 1.38 2.16 3.06 3.88
 23   4.60 5.04 4.95 4.40 3.62 2.72 1.90 1.44 1.58 2.22 3.06 3.90 4.65 5.04 4.88 4.28 3.48 2.52 1.55 0.94 0.98 1.60 2.56 3.50
 24   4.32 5.00 5.20 4.84 4.12 3.30 2.36 1.64 1.39 1.75 2.60 3.48 4.32 4.92 5.08 4.70 3.90 2.96 1.90 1.04 0.68 1.12 2.04 3.08
 25   4.10 4.95 5.34 5.22 4.64 3.84 2.85 1.90 1.40 1.50 2.16 3.04 3.92 4.72 5.10 4.90 4.22 3.34 2.28 1.28 0.62 0.66 1.44 2.48
 26   3.44 4.40 5.21 5.44 5.15 4.36 3.48 2.52 1.68 1.36 1.74 2.56 3.44 4.28 4.92 5.04 4.60 3.76 2.76 1.72 0.80 0.46 0.90 1.85
 27   2.90 3.95 4.90 5.48 5.46 4.92 4.12 3.20 2.32 1.64 1.52 2.08 2.94 3.80 4.60 5.00 4.84 4.20 3.36 2.34 1.36 0.60 0.56 1.20
 28   2.20 3.24 4.24 5.12 5.52 5.30 4.66 3.80 2.92 2.04 1.56 1.70 2.38 3.20 3.96 4.62 4.86 4.52 3.85 2.96 1.92 1.04 0.58 0.85
 29   1.60 2.56 3.52 4.50 5.22 5.44 5.12 4.40 3.60 2.72 1.92 1.60 1.90 2.58 3.36 4.12 4.60 4.64 4.25 3.52 2.68 1.72 0.92 0.62
 30   1.00 1.80 2.72 3.72 4.60 5.18 5.28 4.90 4.24 3.48 2.64 1.96 1.76 2.10 2.72 3.40 4.04 4.48 4.50 4.10 3.46 2.64 1.76 1.10
 31   0.88 1.26 2.00 2.90 3.80 4.60 5.10 5.14 4.85 4.20 3.48 2.72 2.08 1.82 2.08 2.60 3.22 3.80 4.26 4.38 4.20 3.60 2.80 2.04
 ----------------------------------------------------------------------------------------------------------------------------
                                                                                               
 ----------------------------------------------------------------------------------------------------------------------------
 ----------------------------------------------------------------------------------------------------------------------------
                                                          SURVEY OF INDIA
                                                    MARINE GEODESY WING (G&RB)
                                                     HOURLY HEIGHTS IN METRES
  NAME OF PORT:- VADINAR                                                                            MONTH NOVEMBER  YEAR 2018
 ----------------------------------------------------------------------------------------------------------------------------
 DAYS 0000 0001 0002 0003 0004 0005 0006 0007 0008 0009 0010 0011 0012 0013 0014 0015 0016 0017 0018 0019 0020 0021 0022 0023
 ----------------------------------------------------------------------------------------------------------------------------
  1   1.40 1.14 1.38 2.00 2.80 3.60 4.38 4.96 5.10 4.84 4.30 3.60 2.86 2.20 1.80 1.92 2.36 2.96 3.52 4.04 4.34 4.22 3.80 3.22
  2   2.56 1.90 1.44 1.44 1.96 2.68 3.44 4.20 4.84 5.12 4.98 4.48 3.80 3.04 2.24 1.68 1.58 1.90 2.55 3.26 3.90 4.38 4.50 4.30
  3   3.75 3.05 2.32 1.75 1.44 1.76 2.44 3.20 4.00 4.74 5.16 5.15 4.70 3.92 3.08 2.16 1.48 1.27 1.64 2.34 3.14 3.88 4.54 4.80
  4   4.60 4.08 3.36 2.50 1.70 1.36 1.58 2.24 3.06 3.88 4.64 5.14 5.10 4.60 3.84 2.94 1.98 1.20 0.98 1.40 2.30 3.26 4.15 4.86
  5   5.12 4.88 4.28 3.50 2.60 1.75 1.34 1.60 2.30 3.16 4.06 4.84 5.28 5.18 4.55 3.64 2.64 1.60 0.88 0.86 1.54 2.52 3.52 4.46
  6   5.12 5.34 5.10 4.40 3.48 2.52 1.72 1.36 1.70 2.48 3.36 4.30 5.00 5.26 5.00 4.30 3.30 2.15 1.10 0.60 0.86 1.72 2.80 3.80
  7   4.80 5.40 5.46 5.10 4.30 3.32 2.36 1.60 1.46 1.95 2.76 3.64 4.52 5.08 5.15 4.70 3.80 2.80 1.72 0.78 0.46 1.00 2.08 3.16
  8   4.16 5.08 5.60 5.60 5.05 4.15 3.16 2.20 1.54 1.58 2.20 3.04 3.88 4.64 5.06 4.95 4.30 3.30 2.20 1.10 0.52 0.60 1.40 2.52
  9   3.56 4.60 5.36 5.55 5.30 4.65 3.76 2.84 1.94 1.48 1.76 2.48 3.32 4.10 4.72 4.90 4.60 3.85 2.88 1.90 0.96 0.56 0.90 1.92
 10   2.92 4.00 4.98 5.55 5.60 5.20 4.45 3.40 2.30 1.40 1.00 1.50 2.60 3.60 4.40 4.76 4.68 4.20 3.36 2.40 1.42 0.78 0.70 1.25
 11   2.28 3.35 4.35 5.20 5.52 5.32 4.72 3.92 3.12 2.30 1.76 1.80 2.36 3.08 3.78 4.36 4.60 4.40 3.80 2.96 2.00 1.20 0.80 1.08
 12   1.84 2.80 3.72 4.60 5.24 5.38 5.04 4.40 3.64 2.80 2.10 1.80 2.06 2.60 3.28 3.92 4.36 4.40 4.05 3.40 2.60 1.80 1.22 1.08
 13   1.45 2.28 3.25 4.20 4.90 5.24 5.16 4.76 4.14 3.44 2.68 2.08 1.92 2.24 2.80 3.36 3.90 4.22 4.14 3.74 3.16 2.48 1.80 1.40
 14   1.46 1.96 2.68 3.50 4.30 4.90 5.10 4.92 4.48 3.84 3.12 2.40 2.00 2.00 2.34 2.84 3.34 3.78 4.02 3.92 3.58 3.08 2.48 1.96
 15   1.70 1.76 2.15 2.80 3.52 4.18 4.66 4.80 4.60 4.14 3.56 2.92 2.36 2.02 2.04 2.35 2.78 3.26 3.68 3.86 3.82 3.58 3.12 2.60
 16   2.14 1.82 1.80 2.15 2.75 3.40 4.00 4.46 4.64 4.48 4.10 3.58 2.98 2.40 1.96 1.89 2.10 2.52 2.98 3.42 3.78 3.92 3.74 3.40
 17   2.96 2.48 2.08 1.96 2.20 2.68 3.24 3.78 4.28 4.56 4.50 4.14 3.62 3.00 2.34 1.84 1.60 1.75 2.18 2.80 3.50 3.95 4.12 4.04
 18   3.72 3.28 2.72 2.20 1.96 2.12 2.56 3.14 3.72 4.28 4.60 4.56 4.16 3.60 2.88 2.12 1.54 1.31 1.48 2.08 2.80 3.48 4.08 4.42
 19   4.36 3.96 3.42 2.80 2.20 1.86 2.04 2.52 3.16 3.78 4.36 4.68 4.54 4.10 3.44 2.60 1.84 1.24 1.10 1.50 2.26 3.06 3.86 4.50
 20   4.80 4.58 4.10 3.44 2.72 2.08 1.80 2.06 2.66 3.34 4.00 4.56 4.79 4.52 3.92 3.12 2.20 1.30 0.90 1.04 1.68 2.56 3.42 4.20
 21   4.80 4.98 4.75 4.12 3.36 2.60 2.00 1.76 2.16 2.84 3.60 4.30 4.80 4.80 4.34 3.60 2.70 1.72 0.96 0.66 1.12 1.96 2.96 3.90
 22   4.72 5.20 5.12 4.60 3.88 3.04 2.16 1.62 1.70 2.28 3.00 3.78 4.50 4.80 4.60 3.96 3.12 2.06 1.08 0.44 0.54 1.28 2.32 3.40
 23   4.35 5.08 5.40 5.20 4.55 3.64 2.68 1.92 1.52 1.80 2.52 3.34 4.15 4.68 4.80 4.45 3.60 2.56 1.52 0.60 0.20 0.68 1.68 2.80
 24   3.80 4.76 5.44 5.50 5.00 4.24 3.34 2.40 1.68 1.54 2.04 2.84 3.68 4.50 4.88 4.76 4.12 3.26 2.24 1.20 0.40 0.24 0.80 1.90
 25   3.12 4.25 5.15 5.66 5.52 4.90 4.08 3.16 2.20 1.56 1.60 2.24 3.06 3.84 4.52 4.86 4.56 3.80 2.90 1.86 0.86 0.24 0.46 1.36
 26   2.40 3.48 4.52 5.40 5.71 5.50 4.80 3.88 3.00 2.10 1.54 1.76 2.44 3.24 4.00 4.60 4.76 4.45 3.60 2.64 1.60 0.74 0.32 0.76
 27   1.68 2.72 3.76 4.76 5.47 5.61 5.25 4.50 3.64 2.76 1.96 1.56 1.92 2.60 3.36 4.10 4.58 4.60 4.15 3.36 2.44 1.54 0.78 0.58
 28   1.08 1.96 2.96 3.92 4.84 5.44 5.44 4.96 4.24 3.40 2.48 1.78 1.58 1.94 2.60 3.34 4.00 4.44 4.44 4.00 3.33 2.52 1.70 1.06
 29   0.92 1.36 2.16 3.08 3.96 4.80 5.32 5.30 4.84 4.14 3.36 2.48 1.80 1.60 1.90 2.50 3.16 3.80 4.26 4.34 4.04 3.48 2.76 2.00
 30   1.40 1.20 1.52 2.20 3.00 3.80 4.50 5.00 5.14 4.82 4.15 3.32 2.44 1.76 1.44 1.68 2.22 2.88 3.52 4.06 4.34 4.20 3.80 3.20
 ----------------------------------------------------------------------------------------------------------------------------
                                                                                               
 ----------------------------------------------------------------------------------------------------------------------------
 ----------------------------------------------------------------------------------------------------------------------------
                                                          SURVEY OF INDIA
                                                    MARINE GEODESY WING (G&RB)
                                                     HOURLY HEIGHTS IN METRES
  NAME OF PORT:- VADINAR                                                                            MONTH DECEMBER  YEAR 2018
 ----------------------------------------------------------------------------------------------------------------------------
 DAYS 0000 0001 0002 0003 0004 0005 0006 0007 0008 0009 0010 0011 0012 0013 0014 0015 0016 0017 0018 0019 0020 0021 0022 0023
 ----------------------------------------------------------------------------------------------------------------------------
  1   2.56 1.90 1.54 1.70 2.26 3.00 3.76 4.50 5.00 5.10 4.80 4.12 3.35 2.52 1.76 1.32 1.48 2.00 2.70 3.42 4.10 4.50 4.56 4.30
  2   3.76 3.14 2.44 1.88 1.80 2.22 2.88 3.65 4.38 4.90 5.06 4.80 4.18 3.40 2.52 1.68 1.12 1.16 1.72 2.48 3.28 4.10 4.68 4.84
  3   4.60 4.10 3.48 2.74 2.08 1.84 2.16 2.80 3.52 4.25 4.80 5.00 4.75 4.20 3.40 2.44 1.60 1.00 1.06 1.68 2.56 3.46 4.32 4.96
  4   5.16 4.88 4.30 3.62 2.84 2.14 1.86 2.12 2.76 3.48 4.20 4.78 4.94 4.65 4.00 3.16 2.20 1.30 0.80 1.00 1.80 2.72 3.72 4.62
  5   5.20 5.34 5.10 4.45 3.64 2.80 2.10 1.84 2.20 2.86 3.60 4.32 4.84 4.88 4.40 3.68 2.80 1.84 1.00 0.64 1.12 2.00 3.04 4.00
  6   4.88 5.42 5.44 5.00 4.28 3.44 2.66 1.96 1.80 2.27 3.00 3.80 4.50 4.80 4.68 4.12 3.32 2.40 1.40 0.68 0.66 1.36 2.36 3.44
  7   4.36 5.20 5.60 5.40 4.80 4.04 3.15 2.30 1.80 1.90 2.48 3.20 3.94 4.56 4.80 4.48 3.80 3.00 2.04 1.15 0.62 0.92 1.80 2.86
  8   3.84 4.80 5.48 5.64 5.30 4.60 3.80 2.92 2.14 1.78 2.08 2.72 3.44 4.15 4.58 4.60 4.20 3.44 2.50 1.60 0.90 0.66 1.28 2.28
  9   3.24 4.24 5.12 5.56 5.44 4.92 4.24 3.48 2.60 1.92 1.80 2.28 3.00 3.68 4.30 4.60 4.38 3.80 3.00 2.08 1.18 0.72 0.96 1.76
 10   2.72 3.72 4.66 5.38 5.60 5.30 4.68 3.92 3.08 2.28 1.80 1.98 2.56 3.24 3.95 4.42 4.48 4.12 3.48 2.70 1.88 1.14 0.90 1.35
 11   2.20 3.16 4.04 4.92 5.44 5.40 4.92 4.24 3.44 2.60 1.96 1.80 2.18 2.80 3.48 4.08 4.42 4.32 3.90 3.20 2.40 1.55 1.14 1.26
 12   1.88 2.68 3.56 4.40 5.10 5.34 5.10 4.52 3.84 3.00 2.20 1.84 1.92 2.38 3.00 3.60 4.08 4.26 4.02 3.52 2.84 2.10 1.50 1.22
 13   1.50 2.16 3.00 3.80 4.54 5.04 5.06 4.72 4.12 3.40 2.68 2.06 1.82 2.04 2.54 3.10 3.70 4.04 4.08 3.85 3.30 2.68 2.00 1.52
 14   1.44 1.80 2.44 3.20 4.00 4.65 4.92 4.80 4.40 3.78 3.08 2.36 1.88 1.74 2.00 2.50 3.02 3.52 3.84 3.84 3.56 3.12 2.56 2.02
 15   1.70 1.68 2.04 2.64 3.28 4.00 4.52 4.72 4.56 4.10 3.52 2.84 2.14 1.70 1.66 1.96 2.42 2.96 3.46 3.84 3.92 3.76 3.40 2.92
 16   2.46 2.06 1.96 2.30 2.84 3.44 4.04 4.56 4.72 4.54 4.10 3.50 2.80 2.12 1.68 1.56 1.84 2.32 2.88 3.44 3.88 4.12 4.04 3.74
 17   3.30 2.80 2.36 2.12 2.32 2.78 3.35 3.92 4.40 4.60 4.50 4.10 3.44 2.72 2.00 1.48 1.36 1.62 2.20 2.86 3.50 4.08 4.40 4.36
 18   4.05 3.56 2.95 2.40 2.12 2.24 2.66 3.20 3.76 4.24 4.46 4.30 3.88 3.28 2.52 1.80 1.28 1.16 1.52 2.16 2.96 3.76 4.40 4.74
 19   4.64 4.26 3.70 3.00 2.40 2.06 2.18 2.66 3.24 3.84 4.34 4.56 4.38 3.90 3.20 2.34 1.58 1.00 0.90 1.40 2.20 3.10 4.00 4.75
 20   5.04 4.88 4.40 3.76 3.08 2.40 2.00 2.16 2.70 3.32 3.96 4.48 4.62 4.32 3.72 2.94 2.00 1.10 0.62 0.76 1.50 2.44 3.44 4.38
 21   5.04 5.28 5.04 4.50 3.80 2.98 2.20 1.87 2.14 2.72 3.40 4.10 4.58 4.60 4.16 3.44 2.60 1.68 0.76 0.30 0.72 1.68 2.76 3.80
 22
 23
 24
 25
 26
 27   1.12 2.04 3.12 4.14 5.10 5.64 5.56 5.00 4.20 3.24 2.24 1.50 1.26 1.70 2.52 3.36 4.08 4.56 4.56 4.10 3.40 2.56 1.64 0.94
 28   0.84 1.30 2.25 3.25 4.24 5.08 5.48 5.32 4.72 3.94 3.00 2.06 1.32 1.20 1.70 2.46 3.22 3.92 4.42 4.46 4.10 3.48 2.70 1.92
 29   1.36 1.24 1.72 2.50 3.36 4.24 4.96 5.30 5.12 4.55 3.75 2.84 1.90 1.28 1.16 1.58 2.30 3.04 3.74 4.30 4.48 4.26 3.76 3.14
 30   2.48 1.88 1.64 1.92 2.58 3.36 4.12 4.76 5.08 4.90 4.36 3.66 2.80 1.96 1.28 1.06 1.40 2.10 2.88 3.64 4.26 4.60 4.50 4.12
 31   3.58 2.92 2.30 1.92 2.04 2.52 3.16 3.82 4.40 4.76 4.66 4.20 3.52 2.70 1.84 1.16 0.92 1.25 1.92 2.72 3.50 4.24 4.72 4.72
 ----------------------------------------------------------------------------------------------------------------------------
                                                                                               
 ----------------------------------------------------------------------------------------------------------------------------
 ----------------------------------------------------------------------------------------------------------------------------
