                                                          SURVEY OF INDIA
                                                    MARINE GEODESY WING (G&RB)
                                                     HOURLY HEIGHTS IN METRES
  NAME OF PORT:- VADINAR                                                                            MONTH JANUARY   YEAR 2017
 ----------------------------------------------------------------------------------------------------------------------------
 DAYS 0000 0001 0002 0003 0004 0005 0006 0007 0008 0009 0010 0011 0012 0013 0014 0015 0016 0017 0018 0019 0020 0021 0022 0023
 ----------------------------------------------------------------------------------------------------------------------------
  1   1.72 2.46 3.42 4.38 5.10 5.30 4.98 4.18 3.18 2.18 1.42 1.16 1.56 2.38 3.30 4.15 4.70 4.78 4.54 3.80 2.80 2.00 1.43 1.35
  2   2.18 3.10 4.08 4.96 5.46 5.48 4.96 4.16 3.18 2.18 1.50 1.35 2.00 2.80 3.56 4.22 4.60 4.50 3.97 3.24 2.36 1.58 1.15 1.40
  3   2.12 2.86 3.68 4.64 5.30 5.52 5.24 4.54 3.70 2.81 1.97 1.50 1.70 2.26 3.02 3.72 4.38 4.62 4.42 3.82 3.10 2.26 1.58 1.24
  4   1.48 2.20 3.12 4.04 4.88 5.38 5.40 5.00 4.25 3.38 2.42 1.68 1.36 1.62 2.30 3.06 3.74 4.32 4.50 4.30 3.78 3.10 2.34 1.76
  5   1.52 1.80 2.52 3.34 4.18 4.90 5.28 5.24 4.71 3.96 3.10 2.18 1.52 1.32 1.62 2.28 3.04 3.72 4.28 4.52 4.36 3.90 3.28 2.60
  6   2.04 1.82 2.06 2.72 3.46 4.22 4.86 5.16 5.04 4.48 3.74 2.86 1.98 1.36 1.16 1.48 2.18 2.94 3.65 4.28 4.60 4.58 4.15 3.60
  7   3.00 2.40 2.06 2.16 2.68 3.36 4.02 4.62 4.93 4.84 4.32 3.60 2.72 1.87 1.20 0.98 1.30 2.00 2.80 3.60 4.29 4.74 4.78 4.46
  8   3.94 3.32 2.75 2.25 2.15 2.60 3.20 3.80 4.38 4.68 4.64 4.17 3.48 2.62 1.76 1.08 0.81 1.08 1.84 2.72 3.58 4.40 4.92 5.04
  9   4.74 4.18 3.52 2.76 2.20 2.04 2.33 2.90 3.56 4.16 4.56 4.60 4.21 3.52 2.60 1.68 0.89 0.65 0.90 1.62 2.60 3.58 4.50 5.12
 10   5.28 5.00 4.38 3.62 2.80 2.11 1.84 2.12 2.76 3.44 4.12 4.56 4.64 4.20 3.46 2.47 1.63 0.91 0.55 0.61 1.52 2.60 3.68 4.66
 11   5.24 5.37 5.12 4.40 3.56 2.65 1.90 1.63 1.92 2.60 3.40 4.10 4.64 4.72 4.24 3.44 2.42 1.38 0.57 0.41 0.75 1.68 2.84 3.90
 12   4.90 5.50 5.59 5.12 4.32 3.40 2.44 1.73 1.53 1.86 2.60 3.52 4.28 4.78 4.80 4.20 3.34 2.28 1.20 0.41 0.33 0.94 2.00 3.10
 13   4.24 5.18 5.68 5.66 5.04 4.16 3.20 2.22 1.59 1.45 1.92 2.80 3.69 4.46 4.90 4.84 4.20 3.30 2.20 1.16 0.47 0.43 1.11 2.30
 14   3.46 4.50 5.38 5.80 5.64 4.90 3.82 2.80 1.96 1.36 1.51 2.16 3.08 3.92 4.68 5.08 4.88 4.14 3.22 2.14 1.20 0.65 0.79 1.49
 15   2.52 3.80 4.86 5.60 5.81 5.46 4.64 3.68 2.68 1.78 1.30 1.52 2.34 3.24 4.02 4.72 4.96 4.64 3.86 2.90 1.86 1.12 0.72 1.04
 16   2.04 3.08 4.08 5.04 5.57 5.60 5.04 4.18 3.22 2.18 1.42 1.23 1.63 2.46 3.34 4.12 4.66 4.76 4.29 3.55 2.68 1.80 1.15 1.03
 17   1.48 2.34 3.42 4.36 5.08 5.40 5.28 4.60 3.72 2.78 1.82 1.28 1.21 1.74 2.60 3.40 4.08 4.52 4.54 4.07 3.36 2.62 1.84 1.32
 18   1.31 1.90 2.74 3.64 4.52 5.10 5.26 5.00 4.30 3.44 2.45 1.66 1.25 1.32 1.94 2.72 3.45 4.07 4.42 4.32 3.92 3.34 2.62 2.00
 19   1.64 1.72 2.26 2.98 3.74 4.46 4.87 4.88 4.53 3.88 2.96 2.14 1.46 1.24 1.51 2.12 2.82 3.46 4.01 4.28 4.20 3.83 3.32 2.75
 20   2.28 2.05 2.20 2.62 3.14 3.74 4.28 4.56 4.50 4.10 3.48 2.70 1.98 1.50 1.33 1.62 2.20 2.84 3.46 3.98 4.28 4.28 4.00 3.56
 21   3.08 2.70 2.44 2.40 2.68 3.10 3.63 4.13 4.42 4.36 4.00 3.42 2.74 2.09 1.60 1.44 1.66 2.21 2.84 3.44 4.02 4.38 4.46 4.24
 22   3.86 3.43 2.95 2.58 2.44 2.60 3.00 3.44 3.85 4.10 4.12 3.82 3.33 2.70 2.02 1.52 1.33 1.52 2.07 2.74 3.44 4.08 4.52 4.68
 23   4.54 4.14 3.64 3.06 2.58 2.36 2.44 2.80 3.25 3.68 4.00 4.10 3.88 3.40 2.74 2.08 1.55 1.29 1.50 2.10 2.85 3.60 4.32 4.80
 24   4.96 4.76 4.32 3.76 3.12 2.56 2.30 2.38 2.78 3.28 3.75 4.08 4.18 3.90 3.36 2.64 1.90 1.32 1.16 1.48 2.20 3.04 3.90 4.64
 25   5.06 5.08 4.73 4.16 3.47 2.77 2.20 2.08 2.40 2.94 3.50 3.96 4.26 4.23 3.82 3.18 2.36 1.60 1.04 0.99 1.64 2.48 3.38 4.24
 26   4.94 5.24 5.16 4.60 3.92 3.16 2.50 2.04 1.94 2.38 3.00 3.64 4.18 4.42 4.24 3.64 2.84 1.96 1.20 0.90 1.11 1.88 2.84 3.77
 27   4.60 5.14 5.29 5.08 4.40 3.48 2.65 2.01 1.71 1.90 2.52 3.26 3.92 4.38 4.44 3.80 3.00 2.24 1.44 0.89 0.90 1.45 2.27 3.28
 28   4.17 4.94 5.33 5.27 4.72 3.94 3.07 2.15 1.58 1.55 2.08 2.84 3.62 4.27 4.62 4.46 3.82 2.90 1.88 1.10 0.75 0.89 1.71 2.80
 29   3.80 4.70 5.26 5.40 5.08 4.36 3.51 2.56 1.77 1.47 1.68 2.41 3.28 4.09 4.66 4.80 4.40 3.62 2.66 1.69 0.94 0.79 1.20 2.10
 30   3.16 4.15 5.07 5.52 5.49 5.00 4.08 3.16 2.22 1.53 1.41 1.93 2.76 3.61 4.40 4.84 4.80 4.28 3.38 2.38 1.52 0.93 0.91 1.60
 31   2.60 3.62 4.60 5.36 5.53 5.30 4.56 3.66 2.60 1.87 1.73 2.10 2.90 3.80 4.48 4.75 4.66 3.98 3.12 2.15 1.34 0.75 0.77 1.18
 ----------------------------------------------------------------------------------------------------------------------------
                                                                                                
 ----------------------------------------------------------------------------------------------------------------------------
 ----------------------------------------------------------------------------------------------------------------------------
                                                          SURVEY OF INDIA
                                                    MARINE GEODESY WING (G&RB)
                                                     HOURLY HEIGHTS IN METRES
  NAME OF PORT:- VADINAR                                                                            MONTH FEBRUARY  YEAR 2017
 ----------------------------------------------------------------------------------------------------------------------------
 DAYS 0000 0001 0002 0003 0004 0005 0006 0007 0008 0009 0010 0011 0012 0013 0014 0015 0016 0017 0018 0019 0020 0021 0022 0023
 ----------------------------------------------------------------------------------------------------------------------------
  1   2.00 3.00 3.90 4.66 5.06 5.15 4.90 4.06 3.12 2.12 1.36 1.18 1.56 2.40 3.30 4.10 4.72 4.87 4.50 3.80 2.96 2.04 1.36 1.21
  2   1.64 2.50 3.46 4.40 5.22 5.46 5.29 4.56 3.68 2.70 1.74 1.12 1.10 1.68 2.56 3.42 4.18 4.72 4.80 4.46 3.72 2.94 2.11 1.58
  3   1.52 2.02 2.86 3.76 4.62 5.20 5.30 5.02 4.30 3.44 2.45 1.62 1.17 1.23 1.82 2.68 3.49 4.24 4.72 4.80 4.43 3.87 3.16 2.44
  4   2.00 1.93 2.34 3.06 3.84 4.60 5.06 5.15 4.78 3.90 3.10 2.28 1.60 1.17 1.18 1.72 2.60 3.40 4.10 4.64 4.80 4.54 4.04 3.44
  5   2.86 2.36 2.17 2.44 3.05 3.72 4.34 4.74 4.80 4.40 3.72 2.90 2.02 1.27 0.91 0.98 1.62 2.42 3.22 3.92 4.54 4.80 4.62 4.18
  6   3.60 2.98 2.38 2.08 2.22 2.74 3.34 3.92 4.36 4.50 4.23 3.68 2.92 2.06 1.27 0.75 0.72 1.28 2.08 2.94 3.74 4.52 4.94 4.95
  7   4.55 3.96 3.28 2.53 2.06 2.00 2.38 2.96 3.56 4.08 4.37 4.32 3.85 3.18 2.32 1.50 0.86 0.73 1.12 1.96 2.90 3.82 4.70 5.22
  8   5.28 4.98 4.32 3.56 2.74 2.08 1.88 2.18 2.81 3.46 4.08 4.50 4.54 4.12 3.40 2.56 1.60 0.84 0.66 0.98 1.92 2.94 3.92 4.84
  9   5.38 5.42 5.05 4.25 3.40 2.58 1.80 1.58 1.98 2.70 3.44 4.12 4.60 4.64 4.14 3.38 2.38 1.42 0.65 0.47 0.94 1.96 3.08 4.10
 10   5.00 5.44 5.44 4.88 4.06 3.12 2.18 1.52 1.47 1.93 2.80 3.64 4.38 4.82 4.80 4.30 3.36 2.28 1.24 0.65 0.59 1.14 2.24 3.36
 11   4.47 5.39 5.73 5.47 4.72 3.82 2.80 1.82 1.32 1.53 2.19 2.96 3.82 4.56 4.92 4.76 4.06 3.16 2.08 1.12 0.63 0.71 1.47 2.58
 12   3.70 4.68 5.34 5.55 5.20 4.40 3.29 2.26 1.46 1.11 1.38 2.22 3.18 4.02 4.70 4.90 4.56 3.80 2.84 1.85 1.00 0.79 0.95 1.63
 13   2.60 3.74 4.85 5.46 5.46 4.84 3.94 2.92 1.88 1.07 1.03 1.63 2.56 3.46 4.26 4.78 4.83 4.37 3.58 2.60 1.62 0.97 0.93 1.44
 14   2.34 3.32 4.30 5.21 5.42 5.22 4.48 3.54 2.46 1.52 1.14 1.25 1.92 2.84 3.72 4.58 4.90 4.78 4.12 3.32 2.38 1.57 1.15 1.25
 15   1.85 2.72 3.80 4.70 5.26 5.34 4.97 4.14 3.08 2.15 1.35 1.11 1.43 2.24 3.12 3.92 4.58 4.77 4.52 3.88 3.10 2.22 1.58 1.33
 16   1.57 2.32 3.20 4.08 4.80 5.16 4.98 4.36 3.50 2.60 1.72 1.20 1.17 1.74 2.58 3.42 4.14 4.62 4.68 4.30 3.68 2.96 2.30 1.79
 17   1.68 2.06 2.78 3.56 4.30 4.80 4.90 4.63 3.90 3.04 2.15 1.45 1.15 1.36 2.04 2.84 3.56 4.20 4.51 4.46 4.15 3.56 2.86 2.26
 18   1.94 1.96 2.40 3.05 3.70 4.28 4.60 4.54 4.08 3.43 2.66 1.88 1.41 1.39 1.70 2.32 3.07 3.72 4.24 4.48 4.40 4.02 3.55 3.00
 19   2.52 2.30 2.39 2.74 3.24 3.76 4.18 4.38 4.28 3.86 3.28 2.58 1.93 1.53 1.48 1.86 2.48 3.12 3.70 4.22 4.48 4.46 4.18 3.76
 20   3.31 2.90 2.58 2.52 2.74 3.14 3.58 3.96 4.18 4.16 3.84 3.32 2.70 2.10 1.64 1.52 1.78 2.32 2.92 3.52 4.10 4.46 4.56 4.40
 21   4.04 3.60 3.12 2.68 2.46 2.54 2.86 3.26 3.64 3.92 3.99 3.78 3.34 2.76 2.17 1.68 1.45 1.66 2.19 2.84 3.50 4.15 4.62 4.80
 22   4.68 4.32 3.82 3.24 2.68 2.36 2.32 2.60 3.08 3.56 3.96 4.12 3.98 3.56 2.96 2.26 1.68 1.37 1.50 2.02 2.78 3.56 4.32 4.84
 23   5.04 4.88 4.40 3.76 3.05 2.38 2.00 2.04 2.46 3.00 3.56 4.06 4.24 4.03 3.50 2.78 2.00 1.36 1.13 1.32 2.06 2.92 3.76 4.54
 24   5.02 5.10 4.78 4.17 3.44 2.60 1.92 1.65 1.90 2.50 3.20 3.84 4.32 4.40 4.00 3.33 2.57 1.77 1.15 1.13 1.59 2.37 3.28 4.14
 25   4.90 5.26 5.18 4.66 3.90 3.04 2.28 1.73 1.59 2.03 2.78 3.52 4.24 4.60 4.52 3.92 3.12 2.16 1.30 0.99 1.17 1.80 2.72 3.72
 26   4.64 5.25 5.41 5.10 4.38 3.50 2.50 1.72 1.43 1.60 2.36 3.24 4.06 4.72 4.89 4.58 3.84 2.92 1.90 1.19 0.97 1.10 2.22 3.28
 27   4.24 5.08 5.47 5.41 4.90 4.08 3.09 2.10 1.47 1.35 1.80 2.78 3.68 4.49 5.04 5.06 4.63 3.72 2.62 1.69 1.09 1.07 1.64 2.68
 28   3.70 4.64 5.33 5.50 5.30 4.74 3.78 2.48 1.51 1.17 1.35 2.08 3.08 4.02 4.80 5.10 5.01 4.35 3.35 2.28 1.37 1.03 1.25 2.09
 ----------------------------------------------------------------------------------------------------------------------------
                                                                                                
 ----------------------------------------------------------------------------------------------------------------------------
 ----------------------------------------------------------------------------------------------------------------------------
                                                          SURVEY OF INDIA
                                                    MARINE GEODESY WING (G&RB)
                                                     HOURLY HEIGHTS IN METRES
  NAME OF PORT:- VADINAR                                                                            MONTH MARCH     YEAR 2017
 ----------------------------------------------------------------------------------------------------------------------------
 DAYS 0000 0001 0002 0003 0004 0005 0006 0007 0008 0009 0010 0011 0012 0013 0014 0015 0016 0017 0018 0019 0020 0021 0022 0023
 ----------------------------------------------------------------------------------------------------------------------------
  1   3.16 4.30 5.25 5.74 5.70 4.96 4.06 3.05 1.94 1.20 0.97 1.42 2.42 3.42 4.32 5.04 5.23 4.84 4.04 3.10 2.06 1.35 1.11 1.54
  2   2.48 3.40 4.40 5.20 5.43 5.24 4.47 3.51 2.38 1.47 0.97 1.03 1.67 2.58 3.56 4.42 5.00 5.05 4.54 3.78 2.91 2.01 1.31 1.29
  3   1.92 2.74 3.68 4.62 5.20 5.25 4.82 3.98 3.00 1.98 1.25 0.98 1.15 1.84 2.86 3.80 4.60 5.06 5.00 4.44 3.70 2.84 2.00 1.52
  4   1.62 2.21 3.06 3.96 4.76 5.18 5.14 4.65 3.70 2.72 1.69 1.01 0.97 1.33 2.08 3.04 3.90 4.64 5.04 4.94 4.41 3.74 2.96 2.24
  5   1.86 1.92 2.46 3.22 4.00 4.64 4.95 4.84 4.27 3.52 2.58 1.71 1.05 0.97 1.39 2.14 3.02 3.84 4.52 4.89 4.87 4.48 3.86 3.18
  6   2.52 2.12 2.08 2.50 3.09 3.73 4.32 4.64 4.57 4.17 3.50 2.62 1.80 1.20 0.98 1.36 2.07 2.88 3.68 4.40 4.86 4.98 4.72 4.22
  7   3.64 3.04 2.46 2.18 2.37 2.84 3.40 3.94 4.34 4.48 4.24 3.70 3.00 2.24 1.56 1.16 1.26 1.84 2.60 3.44 4.24 4.86 5.14 5.16
  8   4.78 4.04 3.32 2.60 2.12 2.08 2.48 3.06 3.64 4.20 4.52 4.46 4.04 3.40 2.60 1.82 1.24 1.11 1.51 2.34 3.24 4.10 4.86 5.28
  9   5.28 4.91 4.28 3.40 2.60 1.97 1.80 2.16 2.82 3.48 4.12 4.58 4.64 4.26 3.61 2.78 1.90 1.35 1.21 1.47 2.34 3.30 4.24 5.06
 10   5.50 5.48 5.13 4.40 3.30 2.40 1.89 1.77 2.10 2.83 3.60 4.30 4.83 4.91 4.54 3.60 2.70 1.85 1.31 1.13 1.35 2.18 3.50 4.44
 11   5.16 5.43 5.35 4.70 3.86 3.00 2.25 1.65 1.61 2.11 2.86 3.67 4.40 4.84 4.85 4.37 3.50 2.40 1.60 1.21 1.21 1.68 2.74 3.74
 12   4.64 5.24 5.37 5.02 4.24 3.32 2.30 1.50 1.21 1.40 2.18 3.12 4.31 4.92 5.05 4.74 4.02 3.06 2.10 1.40 1.15 1.34 2.10 3.06
 13   4.00 4.96 5.36 5.32 4.66 3.80 2.80 1.80 1.05 1.00 1.55 2.52 3.48 4.32 4.96 5.08 4.68 3.88 2.94 1.88 1.21 1.07 1.50 2.50
 14   3.44 4.32 5.08 5.25 4.98 4.20 3.28 2.24 1.39 1.11 1.29 1.92 2.96 3.86 4.69 5.10 4.99 4.32 3.50 2.52 1.57 1.21 1.45 2.10
 15   2.92 3.80 4.66 5.20 5.20 4.64 3.80 2.80 1.90 1.27 1.10 1.50 2.44 3.40 4.26 4.94 5.13 4.80 4.10 3.24 2.32 1.60 1.35 1.70
 16   2.44 3.30 4.14 4.86 5.10 4.84 4.12 3.24 2.20 1.36 1.07 1.25 1.90 2.84 3.74 4.54 5.00 5.00 4.48 3.75 2.88 2.02 1.53 1.52
 17   2.04 2.84 3.64 4.40 4.86 4.88 4.42 3.55 2.60 1.70 1.05 1.00 1.48 2.32 3.22 4.10 4.74 4.90 4.68 4.04 3.30 2.52 1.88 1.60
 18   1.84 2.44 3.20 3.96 4.52 4.70 4.45 3.84 3.06 2.14 1.40 1.12 1.26 1.88 2.70 3.52 4.24 4.72 4.76 4.40 3.84 3.12 2.40 1.94
 19   1.80 2.17 2.80 3.41 4.03 4.48 4.51 4.10 3.46 2.70 1.92 1.40 1.25 1.54 2.22 3.00 3.72 4.32 4.66 4.60 4.25 3.72 3.07 2.47
 20   2.12 2.08 2.40 2.94 3.48 3.96 4.22 4.16 3.78 3.20 2.54 1.88 1.45 1.38 1.72 2.34 3.04 3.72 4.26 4.55 4.54 4.20 3.70 3.20
 21   2.72 2.40 2.29 2.53 2.94 3.40 3.78 4.02 4.04 3.70 3.22 2.62 2.06 1.66 1.56 1.88 2.44 3.08 3.70 4.24 4.53 4.57 4.34 3.94
 22   3.46 3.00 2.57 2.34 2.40 2.70 3.10 3.48 3.78 3.88 3.76 3.40 2.86 2.30 1.84 1.58 1.72 2.18 2.80 3.44 4.04 4.51 4.68 4.54
 23   4.20 3.72 3.14 2.56 2.17 2.08 2.32 2.76 3.26 3.66 3.93 3.93 3.62 3.12 2.55 2.04 1.59 1.54 1.98 2.64 3.36 4.02 4.62 4.86
 24   4.76 4.40 3.80 3.15 2.50 2.00 1.82 2.14 2.70 3.28 3.90 4.35 4.45 4.05 3.30 2.55 1.89 1.50 1.47 1.96 2.72 3.51 4.30 4.87
 25   5.05 4.85 4.30 3.60 2.78 2.02 1.63 1.65 2.20 2.90 3.60 4.20 4.52 4.38 3.86 3.16 2.40 1.67 1.33 1.45 2.06 2.96 3.84 4.66
 26   5.16 5.20 4.84 4.12 3.28 2.32 1.60 1.43 1.64 2.40 3.22 3.96 4.56 4.70 4.48 3.80 2.96 2.00 1.37 1.20 1.47 2.24 3.24 4.14
 27   4.92 5.26 5.14 4.51 3.68 2.70 1.74 1.15 1.05 1.50 2.52 3.48 4.38 4.92 4.96 4.40 3.60 2.60 1.64 0.92 0.95 1.70 2.70 3.72
 28   4.64 5.22 5.36 4.96 4.16 3.18 2.10 1.31 0.99 1.14 2.02 3.06 4.02 4.86 5.25 5.08 4.34 3.44 2.36 1.40 0.99 1.25 2.14 3.18
 29   4.16 4.98 5.45 5.36 4.72 3.78 2.70 1.62 0.88 0.78 1.36 2.42 3.50 4.48 5.24 5.40 5.06 4.22 3.26 2.20 1.53 1.35 1.90 2.75
 30   3.60 4.46 5.22 5.50 5.20 4.34 3.36 2.22 1.29 0.75 0.78 1.70 2.82 3.88 4.90 5.52 5.60 5.00 4.12 3.16 2.14 1.40 1.35 2.00
 31   2.96 3.84 4.78 5.36 5.42 4.89 4.00 2.98 1.80 1.05 0.85 1.10 1.98 3.10 4.16 5.10 5.60 5.52 4.88 4.00 3.06 2.20 1.65 1.67
 ----------------------------------------------------------------------------------------------------------------------------
                                                                                                
 ----------------------------------------------------------------------------------------------------------------------------
 ----------------------------------------------------------------------------------------------------------------------------
                                                          SURVEY OF INDIA
                                                    MARINE GEODESY WING (G&RB)
                                                     HOURLY HEIGHTS IN METRES
  NAME OF PORT:- VADINAR                                                                            MONTH APRIL     YEAR 2017
 ----------------------------------------------------------------------------------------------------------------------------
 DAYS 0000 0001 0002 0003 0004 0005 0006 0007 0008 0009 0010 0011 0012 0013 0014 0015 0016 0017 0018 0019 0020 0021 0022 0023
 ----------------------------------------------------------------------------------------------------------------------------
  1   2.32 3.16 4.06 4.88 5.29 5.21 4.56 3.64 2.58 1.67 0.97 0.80 1.24 2.24 3.32 4.28 5.12 5.50 5.32 4.66 3.82 2.94 2.07 1.70
  2   1.95 2.56 3.30 4.10 4.78 5.10 4.90 4.24 3.36 2.36 1.46 0.78 0.75 1.38 2.46 3.46 4.36 5.10 5.38 5.16 4.58 3.82 3.01 2.24
  3   1.88 1.96 2.52 3.26 3.94 4.54 4.80 4.60 4.02 3.26 2.32 1.56 1.00 0.95 1.58 2.46 3.38 4.22 4.90 5.20 5.08 4.58 3.91 3.16
  4   2.48 2.04 2.00 2.44 3.06 3.70 4.24 4.54 4.46 4.02 3.40 2.60 1.85 1.31 1.16 1.62 2.40 3.22 4.02 4.74 5.10 5.09 4.71 4.10
  5   3.44 2.72 2.18 1.91 2.16 2.72 3.30 3.84 4.26 4.40 4.16 3.62 2.96 2.22 1.60 1.28 1.55 2.14 2.92 3.68 4.46 4.98 5.14 4.90
  6   4.36 3.72 3.00 2.40 1.98 2.00 2.45 2.98 3.58 4.16 4.48 4.44 4.02 3.42 2.64 1.88 1.44 1.37 1.92 2.70 3.54 4.34 5.00 5.24
  7   5.08 4.54 3.82 2.98 2.20 1.65 1.56 2.02 2.72 3.42 4.04 4.52 4.56 4.18 3.46 2.68 1.82 1.30 1.27 1.80 2.66 3.54 4.38 5.01
  8   5.15 4.96 4.34 3.52 2.65 1.77 1.32 1.35 1.94 2.76 3.56 4.26 4.68 4.64 4.17 3.42 2.56 1.77 1.29 1.28 1.86 2.76 3.66 4.54
  9   5.10 5.20 4.78 4.02 3.12 2.15 1.45 1.21 1.45 2.12 3.02 3.84 4.56 4.81 4.61 4.00 3.16 2.26 1.56 1.22 1.42 2.12 3.06 3.96
 10   4.72 5.10 5.00 4.38 3.58 2.58 1.60 1.00 0.98 1.56 2.46 3.40 4.25 4.88 5.04 4.64 3.90 3.06 2.10 1.43 1.26 1.65 2.50 3.48
 11   4.34 4.96 5.18 4.82 4.10 3.18 2.14 1.30 0.93 1.20 1.98 2.98 3.92 4.71 5.18 5.08 4.53 3.72 2.80 2.05 1.55 1.49 2.15 3.00
 12   3.86 4.60 5.06 5.04 4.45 3.62 2.68 1.85 1.10 0.95 1.48 2.42 3.44 4.34 5.04 5.26 4.90 4.15 3.36 2.40 1.68 1.39 1.77 2.56
 13   3.42 4.16 4.80 5.02 4.72 3.97 3.10 2.06 1.26 0.91 1.15 1.92 2.94 3.86 4.74 5.22 5.22 4.68 3.96 3.04 2.16 1.58 1.50 2.24
 14   3.02 3.78 4.52 4.94 4.87 4.27 3.47 2.50 1.60 1.01 0.91 1.50 2.40 3.42 4.36 5.02 5.23 4.99 4.32 3.52 2.74 2.03 1.65 1.88
 15   2.46 3.20 3.94 4.57 4.84 4.55 3.82 3.00 2.04 1.34 1.03 1.23 1.98 2.92 3.84 4.68 5.14 5.16 4.70 4.00 3.20 2.36 1.82 1.75
 16   2.20 2.84 3.54 4.18 4.56 4.52 4.02 3.30 2.44 1.65 1.06 1.00 1.54 2.38 3.28 4.10 4.78 5.03 4.90 4.38 3.68 2.90 2.21 1.86
 17   2.02 2.46 3.08 3.70 4.18 4.38 4.16 3.62 2.90 2.10 1.44 1.08 1.26 1.85 2.60 3.50 4.32 5.10 5.25 4.95 4.25 3.38 2.65 2.06
 18   1.74 1.94 2.49 3.11 3.70 4.08 4.14 3.86 3.36 2.70 2.02 1.50 1.30 1.54 2.22 2.92 3.70 4.38 4.78 4.80 4.50 3.98 3.36 2.70
 19   2.26 2.10 2.24 2.66 3.18 3.64 3.97 4.06 3.84 3.40 2.80 2.20 1.72 1.52 1.76 2.34 3.04 3.72 4.34 4.72 4.78 4.52 4.05 3.46
 20   2.84 2.36 2.12 2.18 2.52 2.98 3.42 3.80 4.00 3.92 3.58 3.10 2.50 2.00 1.72 1.84 2.32 2.94 3.70 4.33 4.71 4.84 4.70 4.28
 21   3.70 3.04 2.46 2.06 1.98 2.28 2.74 3.26 3.72 4.06 4.14 3.88 3.40 2.84 2.24 1.85 1.79 2.14 2.74 3.42 4.06 4.61 4.90 4.83
 22   4.37 3.74 3.06 2.32 1.85 1.72 2.04 2.62 3.24 3.82 4.28 4.39 4.16 3.64 2.98 2.30 1.78 1.67 2.02 2.66 3.36 4.18 4.80 5.07
 23   4.96 4.47 3.77 2.92 2.12 1.59 1.53 1.98 2.70 3.46 4.14 4.66 4.74 4.37 3.76 3.00 2.20 1.64 1.53 1.98 2.76 3.62 4.46 5.04
 24   5.20 5.02 4.34 3.54 2.60 1.70 1.24 1.39 2.02 2.88 3.75 4.58 5.06 5.04 4.57 3.80 2.94 2.03 1.44 1.47 2.05 2.95 3.86 4.70
 25   5.20 5.23 4.76 3.94 2.98 1.98 1.27 0.99 1.29 2.15 3.18 4.14 4.96 5.25 5.12 4.44 3.60 2.70 1.90 1.50 1.65 2.30 3.28 4.22
 26   5.00 5.36 5.22 4.58 3.52 2.40 1.38 0.81 0.76 1.38 2.48 3.51 4.56 5.30 5.56 5.30 4.44 3.45 2.44 1.57 1.29 1.63 2.54 3.48
 27   4.40 5.11 5.26 4.93 4.04 3.00 1.85 0.98 0.63 0.83 1.60 2.78 3.82 4.88 5.52 5.60 5.06 4.20 3.24 2.25 1.54 1.36 1.86 2.78
 28   3.78 4.60 5.18 5.24 4.72 3.74 2.60 1.46 0.63 0.43 0.81 1.88 3.02 4.10 5.12 5.64 5.60 4.94 4.04 3.08 2.13 1.33 1.23 2.05
 29   3.04 3.92 4.74 5.18 5.10 4.36 3.40 2.20 1.18 0.48 0.43 1.08 2.12 3.24 4.30 5.22 5.80 5.96 5.50 4.40 3.10 1.98 1.39 1.60
 30   2.32 3.14 3.98 4.68 5.04 4.80 3.94 2.94 1.87 1.00 0.49 0.47 1.24 2.32 3.42 4.42 5.24 5.50 5.28 4.62 3.76 2.82 1.97 1.54
 ----------------------------------------------------------------------------------------------------------------------------
                                                                                               
 ----------------------------------------------------------------------------------------------------------------------------
 ----------------------------------------------------------------------------------------------------------------------------
                                                          SURVEY OF INDIA
                                                    MARINE GEODESY WING (G&RB)
                                                     HOURLY HEIGHTS IN METRES
  NAME OF PORT:- VADINAR                                                                            MONTH MAY       YEAR 2017
 ----------------------------------------------------------------------------------------------------------------------------
 DAYS 0000 0001 0002 0003 0004 0005 0006 0007 0008 0009 0010 0011 0012 0013 0014 0015 0016 0017 0018 0019 0020 0021 0022 0023
 ----------------------------------------------------------------------------------------------------------------------------
  1   1.68 2.38 3.20 3.96 4.60 4.85 4.60 3.86 2.94 1.90 1.11 0.75 0.85 1.50 2.54 3.54 4.48 5.18 5.40 5.18 4.54 3.76 2.88 2.06
  2   1.72 1.78 2.32 3.08 3.76 4.35 4.60 4.38 3.78 2.94 2.10 1.31 0.92 0.96 1.73 2.66 3.56 4.42 5.06 5.25 5.04 4.46 3.68 2.85
  3   2.04 1.64 1.66 2.18 2.86 3.50 4.04 4.36 4.30 3.90 3.22 2.38 1.66 1.18 1.20 1.78 2.58 3.42 4.22 4.86 5.15 5.02 4.50 3.80
  4   3.02 2.22 1.68 1.55 1.92 2.56 3.22 3.80 4.26 4.38 4.10 3.60 2.92 2.20 1.64 1.45 1.76 2.46 3.24 3.98 4.66 5.04 5.00 4.56
  5   3.92 3.18 2.30 1.64 1.43 1.68 2.30 3.02 3.70 4.26 4.54 4.42 3.92 3.30 2.60 1.90 1.56 1.70 2.34 3.12 3.86 4.58 5.02 5.04
  6   4.72 4.06 3.22 2.31 1.60 1.33 1.58 2.24 3.00 3.74 4.36 4.70 4.60 4.16 3.52 2.76 2.08 1.70 1.75 2.37 3.10 3.86 4.60 5.02
  7   5.04 4.62 3.94 3.06 2.25 1.60 1.38 1.70 2.38 3.20 3.98 4.66 4.98 4.82 4.30 3.62 2.84 2.20 1.80 1.87 2.46 3.26 4.06 4.72
  8   5.08 5.00 4.46 3.68 2.78 1.95 1.40 1.29 1.67 2.60 3.52 4.34 4.96 5.14 4.86 4.24 3.50 2.68 2.00 1.78 2.00 2.70 3.50 4.28
  9   4.88 5.08 4.82 4.13 3.20 2.32 1.65 1.28 1.41 2.10 3.04 3.96 4.78 5.26 5.26 4.80 4.08 3.20 2.44 1.85 1.76 2.30 3.08 3.88
 10   4.60 4.98 4.97 4.40 3.65 2.72 1.80 1.25 1.18 1.70 2.62 3.58 4.38 5.10 5.41 5.22 4.60 3.84 3.00 2.22 1.87 2.05 2.68 3.46
 11   4.20 4.76 4.96 4.70 4.00 3.14 2.20 1.45 1.15 1.33 2.08 3.04 4.00 4.86 5.40 5.44 5.00 4.24 3.42 2.60 2.02 1.90 2.26 3.00
 12   3.78 4.42 4.86 4.84 4.29 3.50 2.58 1.64 1.00 0.98 1.64 2.54 3.50 4.40 5.18 5.49 5.28 4.66 3.86 3.04 2.26 1.78 1.93 2.54
 13   3.24 3.94 4.54 4.80 4.57 3.93 3.10 2.07 1.31 1.01 1.25 2.00 2.96 3.88 4.80 5.32 5.40 4.98 4.26 3.50 2.68 2.05 1.85 2.20
 14   2.88 3.56 4.22 4.64 4.68 4.28 3.54 2.54 1.68 1.06 1.00 1.58 2.48 3.40 4.30 5.06 5.39 5.25 4.70 4.00 3.22 2.44 1.96 1.98
 15   2.48 3.14 3.80 4.36 4.63 4.42 3.84 3.08 2.22 1.60 1.25 1.32 2.06 3.10 4.00 4.78 5.22 5.32 5.01 4.38 3.64 2.87 2.20 1.96
 16   2.24 2.78 3.42 4.02 4.44 4.50 4.16 3.52 2.74 1.96 1.42 1.27 1.68 2.46 3.32 4.14 4.90 5.28 5.30 4.95 4.36 3.70 3.04 2.40
 17   2.10 2.40 2.97 3.54 4.06 4.38 4.33 3.94 3.34 2.63 1.92 1.48 1.48 2.00 2.76 3.55 4.31 4.92 5.20 5.08 4.57 3.96 3.24 2.54
 18   2.08 2.04 2.45 2.96 3.48 3.94 4.30 4.38 4.07 3.45 2.70 2.08 1.69 1.72 2.20 2.90 3.62 4.32 4.90 5.10 4.92 4.50 3.95 3.30
 19   2.60 2.04 1.96 2.30 2.80 3.36 3.82 4.14 4.20 3.86 3.32 2.78 2.26 1.88 1.80 2.20 2.91 3.60 4.30 4.82 5.06 4.90 4.40 3.78
 20   3.06 2.42 1.98 1.86 2.12 2.66 3.22 3.76 4.20 4.36 4.18 3.78 3.22 2.64 2.12 1.92 2.16 2.78 3.45 4.06 4.66 4.96 4.84 4.36
 21   3.76 3.04 2.30 1.72 1.54 1.86 2.46 3.12 3.74 4.28 4.52 4.36 3.92 3.32 2.62 2.04 1.74 1.96 2.60 3.34 4.06 4.68 5.00 4.88
 22   4.40 3.72 2.88 2.02 1.42 1.23 1.58 2.28 3.06 3.82 4.48 4.80 4.62 4.12 3.45 2.68 2.04 1.75 2.00 2.68 3.44 4.20 4.82 5.06
 23   4.80 4.24 3.42 2.46 1.56 0.95 0.94 1.47 2.36 3.28 4.12 4.84 5.10 4.86 4.22 3.44 2.58 1.84 1.60 1.86 2.64 3.48 4.30 4.88
 24   5.06 4.74 4.00 3.10 2.04 1.21 0.85 0.94 1.55 2.52 3.52 4.48 5.22 5.30 4.96 4.22 3.36 2.40 1.75 1.57 1.97 2.80 3.66 4.48
 25   5.00 5.08 4.56 3.72 2.68 1.60 0.71 0.47 0.71 1.66 2.76 3.80 4.82 5.44 5.52 5.00 4.18 3.26 2.28 1.60 1.50 2.06 2.85 3.75
 26   4.55 5.06 5.08 4.40 3.50 2.36 1.32 0.55 0.33 0.73 1.88 3.02 4.12 5.12 5.68 5.66 5.02 4.12 3.20 2.20 1.52 1.46 2.18 3.10
 27   4.00 4.70 5.08 4.94 4.20 3.24 2.12 1.02 0.35 0.29 0.98 2.12 3.28 4.36 5.36 5.80 5.62 4.90 4.00 3.04 2.08 1.53 1.59 2.36
 28   3.23 4.02 4.74 5.08 4.90 4.08 3.10 1.92 0.95 0.35 0.41 1.24 2.38 3.50 4.60 5.48 5.75 5.50 4.68 3.80 2.80 1.90 1.46 1.66
 29   2.44 3.30 4.10 4.77 5.02 4.68 3.82 2.85 1.85 0.95 0.55 0.75 1.66 2.72 3.80 4.84 5.70 5.78 5.35 4.50 3.60 2.62 1.68 1.38
 30   1.68 2.40 3.20 4.00 4.60 4.80 4.44 3.68 2.78 1.80 0.94 0.66 0.89 1.82 2.86 3.86 4.85 5.48 5.56 5.10 4.32 3.46 2.50 1.70
 31   1.43 1.72 2.40 3.18 3.88 4.42 4.60 4.28 3.64 2.87 1.98 1.26 0.98 1.29 2.06 3.00 3.92 4.78 5.35 5.36 4.90 4.16 3.32 2.42
 ----------------------------------------------------------------------------------------------------------------------------
                                                                                                
 ----------------------------------------------------------------------------------------------------------------------------
 ----------------------------------------------------------------------------------------------------------------------------
                                                          SURVEY OF INDIA
                                                    MARINE GEODESY WING (G&RB)
                                                     HOURLY HEIGHTS IN METRES
  NAME OF PORT:- VADINAR                                                                            MONTH JUNE      YEAR 2017
 ----------------------------------------------------------------------------------------------------------------------------
 DAYS 0000 0001 0002 0003 0004 0005 0006 0007 0008 0009 0010 0011 0012 0013 0014 0015 0016 0017 0018 0019 0020 0021 0022 0023
 ----------------------------------------------------------------------------------------------------------------------------
  1   1.72 1.40 1.64 2.28 3.00 3.68 4.24 4.46 4.24 3.74 3.06 2.28 1.62 1.28 1.47 2.16 3.02 3.88 4.68 5.16 5.22 4.80 4.11 3.32
  2   2.44 1.75 1.45 1.53 2.15 2.82 3.48 4.06 4.40 4.38 3.97 3.42 2.72 2.07 1.64 1.68 2.24 3.00 3.76 4.52 5.02 5.12 4.76 4.12
  3   3.40 2.55 1.80 1.36 1.46 2.00 2.68 3.36 3.98 4.47 4.58 4.32 3.80 3.15 2.50 2.00 1.90 2.32 2.97 3.68 4.40 4.88 5.04 4.78
  4   4.15 3.43 2.56 1.85 1.36 1.36 1.92 2.64 3.40 4.14 4.68 4.88 4.64 4.16 3.55 2.84 2.28 2.08 2.36 2.96 3.61 4.28 4.77 4.92
  5   4.64 4.04 3.32 2.42 1.69 1.29 1.42 2.00 2.70 3.50 4.34 4.83 4.92 4.60 4.04 3.40 2.70 2.12 1.92 2.20 2.84 3.50 4.16 4.64
  6   4.75 4.43 3.78 2.92 2.02 1.33 1.05 1.31 2.08 2.94 3.77 4.54 4.98 4.96 4.56 3.92 3.24 2.54 2.00 1.88 2.31 2.95 3.61 4.24
  7   4.60 4.57 4.07 3.36 2.44 1.62 1.00 0.95 1.46 2.34 3.26 4.14 4.85 5.14 5.00 4.45 3.76 2.96 2.24 1.83 1.90 2.48 3.15 3.81
  8   4.40 4.62 4.40 3.72 2.90 1.94 1.19 0.90 1.10 1.86 2.78 3.72 4.60 5.18 5.24 4.84 4.20 3.44 2.62 1.95 1.73 2.04 2.74 3.45
  9   4.08 4.52 4.55 4.10 3.36 2.44 1.56 0.90 0.85 1.39 2.28 3.24 4.14 4.92 5.26 5.11 4.56 3.82 3.04 2.23 1.70 1.72 2.24 2.94
 10   3.64 4.23 4.50 4.28 3.66 2.84 1.90 1.13 0.78 0.96 1.60 2.66 3.62 4.52 5.12 5.22 4.88 4.22 3.46 2.62 1.92 1.65 1.90 2.55
 11   3.25 3.93 4.44 4.52 4.06 3.30 2.42 1.52 0.90 0.82 1.35 2.20 3.18 4.10 4.92 5.30 5.20 4.66 3.94 3.10 2.28 1.74 1.72 2.24
 12   2.94 3.58 4.23 4.52 4.36 3.76 2.96 2.10 1.39 0.94 1.00 1.72 2.70 3.62 4.52 5.18 5.35 5.02 4.38 3.60 2.80 2.08 1.72 1.98
 13   2.60 3.28 3.94 4.44 4.56 4.18 3.48 2.64 1.72 1.09 1.01 1.50 2.80 4.00 4.86 5.36 5.55 5.35 4.83 4.12 3.33 2.52 1.91 1.83
 14   2.16 2.82 3.48 4.08 4.48 4.48 4.02 3.28 2.42 1.64 1.11 1.12 1.76 2.64 3.54 4.42 5.12 5.38 5.16 4.58 3.84 3.08 2.29 1.84
 15   1.88 2.34 2.98 3.61 4.16 4.44 4.28 3.76 3.07 2.28 1.63 1.33 1.53 2.18 3.04 3.90 4.72 5.24 5.33 4.98 4.36 3.62 2.80 2.12
 16   1.80 1.96 2.48 3.06 3.65 4.21 4.55 4.50 4.05 3.37 2.57 1.85 1.56 1.82 2.52 3.29 4.12 4.83 5.26 5.24 4.82 4.18 3.40 2.60
 17   2.00 1.72 1.92 2.48 3.10 3.70 4.18 4.41 4.24 3.80 3.24 2.58 2.00 1.76 2.00 2.64 3.40 4.16 4.82 5.18 5.16 4.72 4.06 3.30
 18   2.52 1.91 1.64 1.82 2.34 2.98 3.60 4.12 4.44 4.37 4.00 3.47 2.83 2.28 1.96 2.03 2.65 3.36 4.05 4.66 5.02 5.02 4.56 3.92
 19   3.20 2.40 1.72 1.45 1.60 2.16 2.88 3.56 4.16 4.58 4.60 4.23 3.70 3.09 2.48 2.08 2.16 2.68 3.31 4.01 4.64 4.98 4.92 4.42
 20   3.72 2.78 1.70 0.97 0.77 1.05 1.90 2.88 3.68 4.41 4.88 4.89 4.52 3.94 3.24 2.56 2.08 2.08 2.58 3.28 4.00 4.64 5.03 4.94
 21   4.40 3.69 2.80 1.82 1.10 0.93 1.20 2.00 2.98 3.88 4.70 5.21 5.22 4.76 4.12 3.36 2.60 2.04 1.99 2.47 3.18 3.92 4.63 5.02
 22   4.96 4.42 3.64 2.64 1.64 0.91 0.75 0.95 2.04 3.07 4.08 5.02 5.56 5.60 5.07 4.30 3.48 2.68 2.02 1.95 2.47 3.23 4.04 4.78
 23   5.16 5.10 4.48 3.60 2.50 1.46 0.68 0.58 1.16 2.24 3.28 4.34 5.28 5.75 5.68 5.08 4.24 3.38 2.48 1.86 1.80 2.44 3.28 4.12
 24   4.82 5.16 5.00 4.28 3.32 2.20 1.16 0.45 0.32 1.18 2.36 3.48 4.58 5.48 5.88 5.72 5.04 4.14 3.24 2.32 1.74 1.78 2.50 3.38
 25   4.15 4.86 5.16 4.85 4.12 3.10 2.05 1.09 0.51 0.57 1.38 2.54 3.68 4.80 5.64 5.90 5.64 4.90 3.98 3.02 2.15 1.59 1.75 2.53
 26   3.40 4.24 4.88 5.12 4.80 3.96 2.98 1.84 0.90 0.47 0.71 1.68 2.84 3.92 5.04 5.76 5.90 5.56 4.72 3.80 2.82 1.93 1.51 1.77
 27   2.60 3.46 4.30 4.95 5.13 4.72 3.88 2.90 1.80 0.95 0.71 1.10 2.13 3.20 4.28 5.29 5.88 5.91 5.34 4.48 3.54 2.54 1.85 1.60
 28   2.04 2.84 3.68 4.48 5.00 5.08 4.58 3.80 2.88 1.93 1.15 0.95 1.44 2.48 3.48 4.52 5.37 5.75 5.62 5.08 4.21 3.28 2.32 1.63
 29   1.48 2.02 2.82 3.60 4.32 4.77 4.79 4.32 3.55 2.76 1.92 1.36 1.25 1.72 2.66 3.62 4.56 5.31 5.55 5.36 4.73 3.92 3.00 2.06
 30   1.46 1.48 2.02 2.79 3.56 4.24 4.68 4.70 4.26 3.66 2.90 2.20 1.64 1.57 2.10 2.88 3.72 4.54 5.10 5.27 5.08 4.48 3.61 2.76
 ----------------------------------------------------------------------------------------------------------------------------
                                                                                                
 ----------------------------------------------------------------------------------------------------------------------------
 ----------------------------------------------------------------------------------------------------------------------------
                                                          SURVEY OF INDIA
                                                    MARINE GEODESY WING (G&RB)
                                                     HOURLY HEIGHTS IN METRES
  NAME OF PORT:- VADINAR                                                                            MONTH JULY      YEAR 2017
 ----------------------------------------------------------------------------------------------------------------------------
 DAYS 0000 0001 0002 0003 0004 0005 0006 0007 0008 0009 0010 0011 0012 0013 0014 0015 0016 0017 0018 0019 0020 0021 0022 0023
 ----------------------------------------------------------------------------------------------------------------------------
  1   1.95 1.47 1.42 1.92 2.64 3.36 4.00 4.48 4.58 4.28 3.80 3.24 2.68 2.18 2.01 2.30 2.90 3.62 4.30 4.78 4.92 4.70 4.16 3.48
  2   2.68 1.94 1.56 1.52 1.86 2.54 3.24 3.88 4.38 4.54 4.34 3.92 3.38 2.78 2.28 2.10 2.34 2.88 3.50 4.10 4.60 4.74 4.60 4.23
  3   3.54 2.64 1.91 1.44 1.39 1.83 2.53 3.30 3.97 4.49 4.65 4.54 4.20 3.65 3.05 2.52 2.27 2.38 2.84 3.36 3.92 4.38 4.58 4.40
  4   3.96 3.36 2.60 1.88 1.40 1.36 1.80 2.52 3.28 4.00 4.60 4.86 4.74 4.36 3.82 3.18 2.60 2.28 2.34 2.74 3.28 3.82 4.28 4.50
  5   4.36 3.92 3.30 2.54 1.83 1.38 1.32 1.84 2.60 3.40 4.18 4.76 5.02 4.86 4.40 3.80 3.14 2.54 2.18 2.26 2.72 3.28 3.84 4.28
  6   4.45 4.22 3.70 2.96 2.14 1.45 1.17 1.35 1.98 2.84 3.66 4.46 5.00 5.14 4.84 4.26 3.60 2.88 2.28 2.06 2.26 2.80 3.38 3.93
  7   4.32 4.42 4.06 3.40 2.60 1.90 1.35 1.23 1.58 2.24 3.16 4.06 4.86 5.22 5.12 4.66 4.00 3.26 2.48 1.98 1.94 2.36 3.00 3.66
  8   4.18 4.50 4.40 3.86 3.12 2.20 1.39 0.99 1.10 1.68 2.60 3.54 4.46 5.10 5.30 5.02 4.42 3.66 2.84 2.13 1.83 1.98 2.54 3.22
  9   3.84 4.36 4.52 4.20 3.54 2.68 1.76 1.05 0.85 1.19 2.08 3.08 4.02 4.86 5.34 5.30 4.78 4.08 3.24 2.40 1.85 1.75 2.18 2.87
 10   3.58 4.18 4.58 4.53 3.98 3.18 2.26 1.48 0.95 0.88 1.48 2.48 3.50 4.48 5.20 5.37 5.12 4.48 3.70 2.86 2.16 1.80 1.95 2.50
 11   3.22 3.90 4.46 4.66 4.32 3.62 2.80 1.84 1.11 0.87 1.18 2.06 3.06 4.00 4.88 5.38 5.36 4.88 4.12 3.30 2.40 1.84 1.68 2.06
 12   2.72 3.46 4.12 4.52 4.52 4.00 3.22 2.40 1.52 0.96 0.93 1.52 2.50 3.46 4.42 5.16 5.35 5.14 4.48 3.70 2.84 2.02 1.56 1.64
 13   2.24 3.00 3.72 4.32 4.57 4.40 3.78 2.98 2.10 1.35 1.05 1.22 1.94 2.90 3.86 4.74 5.30 5.30 4.82 4.10 3.26 2.34 1.63 1.39
 14   1.70 2.32 3.10 3.82 4.34 4.48 4.12 3.50 2.72 1.90 1.33 1.15 1.52 2.32 3.22 4.10 4.86 5.16 5.04 4.46 3.70 2.80 1.92 1.36
 15   1.32 1.80 2.48 3.24 3.90 4.40 4.44 4.10 3.50 2.72 1.92 1.38 1.36 1.92 2.76 3.60 4.42 5.04 5.22 4.96 4.30 3.52 2.59 1.78
 16   1.30 1.34 1.82 2.54 3.22 3.86 4.30 4.36 4.04 3.46 2.76 2.04 1.55 1.52 2.04 2.82 3.62 4.38 4.90 5.04 4.70 4.04 3.18 2.26
 17   1.57 1.15 1.19 1.74 2.44 3.20 3.86 4.36 4.52 4.23 3.74 3.10 2.44 1.94 1.76 2.16 2.88 3.60 4.32 4.78 4.90 4.54 3.86 3.04
 18   2.20 1.48 1.05 1.10 1.64 2.40 3.20 3.90 4.50 4.72 4.52 4.04 3.40 2.72 2.14 1.93 2.24 2.86 3.54 4.20 4.66 4.80 4.46 3.80
 19   3.10 2.18 1.36 0.93 0.91 1.44 2.20 3.08 3.87 4.56 4.90 4.79 4.32 3.68 2.96 2.26 1.91 2.08 2.64 3.32 3.98 4.50 4.72 4.48
 20   3.92 3.12 2.16 1.34 0.74 0.65 1.16 2.06 3.00 3.92 4.74 5.20 5.15 4.70 3.98 3.18 2.42 1.94 1.94 2.48 3.20 3.90 4.50 4.78
 21   4.64 4.02 3.20 2.19 1.28 0.67 0.55 1.04 2.04 3.06 4.06 4.96 5.39 5.28 4.72 3.92 3.08 2.20 1.68 1.72 2.32 3.08 3.82 4.44
 22   4.72 4.50 3.86 2.96 1.90 1.03 0.55 0.51 1.00 2.02 3.20 4.26 5.20 5.48 5.35 4.72 3.84 2.94 2.07 1.62 1.70 2.45 3.26 4.04
 23   4.64 4.90 4.68 3.96 3.04 1.90 1.05 0.53 0.51 1.24 2.40 3.52 4.62 5.48 5.79 5.48 4.70 3.78 2.76 1.90 1.37 1.41 2.36 3.36
 24   4.18 4.80 5.04 4.72 3.96 2.98 1.80 0.90 0.51 0.59 1.54 2.70 3.80 4.88 5.64 5.75 5.32 4.46 3.50 2.50 1.66 1.39 1.72 2.60
 25   3.44 4.28 4.90 5.10 4.60 3.80 2.78 1.70 0.84 0.51 0.80 1.86 3.00 4.06 5.10 5.72 5.70 5.10 4.16 3.18 2.20 1.55 1.45 1.84
 26   2.70 3.60 4.44 5.02 5.04 4.50 3.66 2.59 1.64 1.05 0.90 1.22 2.28 3.32 4.40 5.34 5.65 5.44 4.68 3.76 2.78 1.84 1.27 1.29
 27   1.90 2.86 3.70 4.50 4.92 4.83 4.24 3.42 2.42 1.54 0.95 0.93 1.64 2.66 3.66 4.66 5.34 5.47 5.08 4.28 3.36 2.38 1.57 1.21
 28   1.30 2.08 2.96 3.76 4.44 4.75 4.59 4.00 3.24 2.34 1.60 1.21 1.27 1.98 2.94 3.86 4.72 5.24 5.28 4.86 4.00 3.08 2.10 1.38
 29   1.18 1.46 2.20 3.04 3.76 4.36 4.58 4.38 3.84 3.14 2.40 1.74 1.44 1.68 2.37 3.18 3.98 4.66 5.02 4.88 4.34 3.56 2.66 1.82
 30   1.25 1.18 1.56 2.30 3.06 3.72 4.28 4.50 4.30 3.84 3.22 2.52 1.98 1.77 1.96 2.60 3.32 4.00 4.54 4.74 4.56 4.04 3.32 2.48
 31   1.75 1.32 1.30 1.68 2.38 3.10 3.72 4.24 4.44 4.30 3.91 3.38 2.79 2.28 2.03 2.18 2.70 3.30 3.90 4.32 4.50 4.32 3.84 3.18
 ----------------------------------------------------------------------------------------------------------------------------
                                                                                                
 ----------------------------------------------------------------------------------------------------------------------------
 ----------------------------------------------------------------------------------------------------------------------------
                                                          SURVEY OF INDIA
                                                    MARINE GEODESY WING (G&RB)
                                                     HOURLY HEIGHTS IN METRES
  NAME OF PORT:- VADINAR                                                                            MONTH AUGUST    YEAR 2017
 ----------------------------------------------------------------------------------------------------------------------------
 DAYS 0000 0001 0002 0003 0004 0005 0006 0007 0008 0009 0010 0011 0012 0013 0014 0015 0016 0017 0018 0019 0020 0021 0022 0023
 ----------------------------------------------------------------------------------------------------------------------------
  1   2.42 1.78 1.39 1.30 1.58 2.32 3.00 3.62 4.18 4.44 4.42 4.12 3.64 3.12 2.60 2.28 2.30 2.70 3.18 3.67 4.08 4.28 4.18 3.78
  2   3.24 2.56 1.90 1.45 1.37 1.67 2.30 3.00 3.66 4.25 4.64 4.70 4.40 3.90 3.38 2.78 2.34 2.26 2.50 2.94 3.44 3.88 4.14 4.10
  3   3.80 3.26 2.60 1.90 1.40 1.27 1.54 2.20 2.94 3.66 4.34 4.78 4.82 4.54 4.00 3.38 2.72 2.24 2.10 2.34 2.82 3.36 3.84 4.14
  4   4.14 3.78 3.22 2.50 1.84 1.33 1.19 1.44 2.30 3.10 3.88 4.56 4.94 4.88 4.48 3.85 3.14 2.50 2.04 1.98 2.36 2.93 3.54 4.02
  5   4.24 4.18 3.73 3.06 2.28 1.56 1.11 1.13 1.70 2.54 3.40 4.24 4.88 5.12 4.92 4.34 3.60 2.82 2.14 1.80 1.91 2.46 3.14 3.77
  6   4.24 4.42 4.17 3.56 2.76 1.92 1.30 0.99 1.19 1.94 2.88 3.78 4.62 5.14 5.17 4.74 4.02 3.20 2.40 1.83 1.65 2.02 2.74 3.48
  7   4.10 4.48 4.48 4.00 3.28 2.34 1.53 0.97 0.89 1.37 2.32 3.28 4.22 4.94 5.25 5.04 4.42 3.60 2.72 1.92 1.54 1.51 2.07 2.84
  8   3.58 4.22 4.57 4.38 3.74 2.92 2.03 1.30 0.91 0.95 1.80 2.82 3.80 4.70 5.30 5.34 4.84 4.06 3.20 2.26 1.58 1.27 1.44 2.16
  9   3.20 4.10 4.66 4.75 4.35 3.52 2.54 1.60 1.03 0.90 1.32 2.34 3.34 4.30 5.12 5.38 5.20 4.50 3.66 2.74 1.86 1.34 1.40 2.00
 10   2.80 3.62 4.40 4.82 4.68 4.02 3.20 2.15 1.28 0.81 0.86 1.80 2.84 3.84 4.78 5.38 5.40 4.90 4.10 3.18 2.24 1.54 1.33 1.64
 11   2.40 3.26 4.04 4.66 4.85 4.54 3.80 2.90 2.00 1.35 1.11 1.43 2.34 3.30 4.20 5.02 5.33 5.20 4.50 3.66 2.72 1.84 1.25 1.25
 12   1.84 2.64 3.44 4.22 4.76 4.84 4.36 3.60 2.74 1.88 1.26 1.19 1.80 2.70 3.62 4.50 5.15 5.25 4.88 4.06 3.16 2.22 1.40 1.10
 13   1.20 1.92 2.78 3.58 4.30 4.74 4.66 4.14 3.42 2.60 1.84 1.36 1.40 2.18 3.06 3.90 4.66 5.10 5.04 4.48 3.66 2.76 1.82 1.08
 14   0.99 1.40 2.16 2.95 3.70 4.38 4.70 4.60 4.12 3.44 2.74 2.10 1.75 1.85 2.46 3.24 4.02 4.68 4.95 4.80 4.20 3.42 2.50 1.64
 15   1.06 0.97 1.35 2.10 2.90 3.68 4.36 4.70 4.60 4.14 3.47 2.80 2.20 1.84 1.90 2.50 3.20 3.88 4.45 4.72 4.58 4.04 3.30 2.48
 16   1.72 1.20 1.09 1.35 2.00 2.78 3.54 4.24 4.70 4.72 4.38 3.80 3.10 2.48 2.00 1.98 2.44 3.06 3.68 4.20 4.52 4.46 3.98 3.30
 17   2.54 1.74 1.08 0.87 1.08 1.78 2.60 3.42 4.18 4.74 4.90 4.66 4.10 3.44 2.72 2.14 1.93 2.14 2.72 3.32 3.90 4.32 4.42 4.12
 18   3.52 2.72 1.95 1.22 0.83 0.88 1.50 2.38 3.28 4.14 4.86 5.11 4.94 4.40 3.68 2.88 2.14 1.77 1.90 2.46 3.14 3.78 4.34 4.56
 19   4.40 3.76 3.00 2.12 1.24 0.69 0.73 1.36 2.34 3.30 4.22 5.06 5.32 5.20 4.58 3.78 2.95 2.10 1.65 1.66 2.28 3.08 3.90 4.60
 20   4.72 4.50 3.90 3.00 2.06 1.15 0.66 0.70 1.40 2.40 3.44 4.44 5.26 5.40 5.20 4.52 3.64 2.70 1.90 1.45 1.50 2.28 3.18 3.98
 21   4.60 4.85 4.66 3.92 3.04 2.00 1.10 0.63 0.70 1.54 2.64 3.70 4.74 5.44 5.54 5.14 4.32 3.40 2.40 1.65 1.45 1.68 2.50 3.40
 22   4.18 4.80 4.93 4.64 3.84 2.84 1.74 0.98 0.70 0.88 1.88 2.98 4.04 5.00 5.49 5.46 4.92 4.00 3.00 1.98 1.35 1.25 1.76 2.72
 23   3.60 4.40 5.04 5.12 4.58 3.68 2.68 1.64 0.85 0.78 1.29 2.32 3.36 4.44 5.29 5.52 5.38 4.60 3.64 2.64 1.66 1.00 1.03 1.90
 24   2.92 3.80 4.62 5.07 5.00 4.32 3.46 2.46 1.50 0.90 0.88 1.66 2.68 3.70 4.66 5.33 5.36 4.98 4.12 3.12 2.14 1.33 1.14 1.37
 25   2.30 3.20 4.06 4.80 5.05 4.78 4.04 3.18 2.23 1.43 1.09 1.29 2.17 3.14 4.06 4.88 5.30 5.20 4.54 3.66 2.68 1.72 1.00 0.99
 26   1.58 2.48 3.38 4.18 4.83 4.92 4.50 3.80 2.96 2.08 1.42 1.32 1.74 2.58 3.44 4.28 4.90 5.05 4.76 4.04 3.18 2.20 1.38 1.01
 27   1.08 1.84 2.72 3.56 4.26 4.73 4.68 4.20 3.56 2.78 2.04 1.56 1.56 2.12 2.90 3.66 4.34 4.77 4.76 4.30 3.60 2.76 1.88 1.25
 28   1.08 1.38 2.10 2.90 3.66 4.30 4.60 4.46 4.02 3.42 2.74 2.15 1.80 1.90 2.44 3.08 3.72 4.28 4.56 4.44 3.96 3.30 2.50 1.80
 29   1.35 1.30 1.67 2.34 3.06 3.72 4.24 4.42 4.28 3.88 3.35 2.76 2.28 2.04 2.14 2.58 3.12 3.60 4.04 4.24 4.14 3.72 3.04 2.36
 30   1.76 1.34 1.28 1.68 2.32 3.00 3.60 4.12 4.38 4.30 3.98 3.54 3.02 2.52 2.18 2.14 2.44 2.86 3.30 3.66 3.84 3.80 3.50 3.06
 31   2.50 1.98 1.54 1.43 1.72 2.30 2.90 3.50 4.08 4.42 4.48 4.26 3.84 3.32 2.84 2.42 2.26 2.42 2.78 3.20 3.60 3.91 4.00 3.80
 ----------------------------------------------------------------------------------------------------------------------------
                                                                                                
 ----------------------------------------------------------------------------------------------------------------------------
 ----------------------------------------------------------------------------------------------------------------------------
                                                          SURVEY OF INDIA
                                                    MARINE GEODESY WING (G&RB)
                                                     HOURLY HEIGHTS IN METRES
  NAME OF PORT:- VADINAR                                                                            MONTH SEPT      YEAR 2017
 ----------------------------------------------------------------------------------------------------------------------------
 DAYS 0000 0001 0002 0003 0004 0005 0006 0007 0008 0009 0010 0011 0012 0013 0014 0015 0016 0017 0018 0019 0020 0021 0022 0023
 ----------------------------------------------------------------------------------------------------------------------------
  1   3.32 2.80 2.24 1.76 1.53 1.68 2.18 2.80 3.47 4.11 4.58 4.75 4.54 4.10 3.55 2.92 2.38 2.04 2.16 2.52 3.02 3.52 3.92 4.08
  2   3.92 3.50 2.92 2.28 1.72 1.41 1.52 2.08 2.84 3.56 4.28 4.80 4.92 4.67 4.14 3.49 2.78 2.26 2.05 2.20 2.62 3.17 3.76 4.20
  3   4.32 4.12 3.60 2.88 2.12 1.48 1.23 1.49 2.18 3.00 3.80 4.56 5.02 5.02 4.60 3.94 3.18 2.40 1.84 1.68 2.04 2.70 3.40 4.00
  4   4.40 4.50 4.12 3.46 2.64 1.80 1.22 1.09 1.52 2.38 3.28 4.12 4.86 5.13 4.98 4.40 3.60 2.76 1.98 1.50 1.59 2.20 3.00 3.76
  5   4.48 4.72 4.60 4.00 3.20 2.28 1.46 0.97 1.05 1.82 2.78 3.72 4.60 5.18 5.25 4.80 4.02 3.16 2.24 1.55 1.39 1.72 2.56 3.40
  6   4.20 4.72 4.83 4.42 3.67 2.76 1.80 1.05 0.93 1.27 2.28 3.26 4.18 5.00 5.31 5.15 4.46 3.60 2.64 1.73 1.25 1.31 2.04 2.96
  7   3.80 4.54 4.96 4.88 4.24 3.40 2.40 1.52 0.91 0.96 1.75 2.74 3.72 4.64 5.28 5.35 4.85 4.02 3.08 2.06 1.30 1.09 1.48 2.46
  8   3.40 4.18 4.86 5.09 4.76 4.00 3.08 2.06 1.24 1.01 1.28 2.22 3.16 4.12 5.06 5.35 5.23 4.45 3.47 2.53 1.45 0.93 0.95 1.74
  9   2.72 3.63 4.47 5.05 5.10 4.60 3.72 2.72 1.78 1.01 0.97 1.68 2.60 3.56 4.50 5.15 5.21 4.82 4.00 3.03 1.96 1.03 0.88 1.10
 10   2.04 3.00 3.88 4.70 5.11 5.00 4.35 3.52 2.58 1.70 1.20 1.28 2.08 3.00 3.92 4.76 5.17 5.12 4.47 3.60 2.58 1.56 0.80 0.77
 11   1.38 2.28 3.22 4.10 4.85 5.12 4.92 4.24 3.44 2.55 1.78 1.47 1.68 2.44 3.32 4.12 4.82 5.08 4.85 4.16 3.30 2.30 1.40 0.85
 12   0.83 1.52 2.44 3.36 4.18 4.85 5.07 4.76 4.12 3.36 2.52 1.84 1.62 1.90 2.62 3.38 4.14 4.71 4.85 4.56 3.88 3.04 2.08 1.31
 13   0.93 0.98 1.68 2.56 3.40 4.22 4.82 4.96 4.76 4.22 3.54 2.80 2.16 1.92 2.06 2.66 3.32 3.96 4.48 4.65 4.42 3.86 3.10 2.24
 14   1.52 1.05 1.07 1.62 2.44 3.26 4.00 4.65 4.96 4.88 4.46 3.81 3.12 2.48 2.06 2.08 2.52 3.12 3.70 4.21 4.48 4.38 3.91 3.24
 15   2.52 1.77 1.23 1.13 1.48 2.20 3.00 3.78 4.52 5.00 5.06 4.76 4.16 3.44 2.74 2.13 1.92 2.16 2.70 3.32 3.92 4.39 4.52 4.23
 16   3.62 2.96 2.17 1.50 1.21 1.26 1.92 2.78 3.60 4.42 5.02 5.20 5.02 4.40 3.65 2.85 2.10 1.75 1.84 2.40 3.12 3.78 4.36 4.65
 17   4.54 3.98 3.28 2.38 1.57 1.00 1.02 1.68 2.56 3.52 4.40 5.12 5.27 5.08 4.42 3.60 2.68 1.90 1.50 1.56 2.30 3.12 3.92 4.70
 18   5.15 5.13 4.33 3.33 2.36 1.48 0.88 0.90 1.68 2.66 3.62 4.56 5.25 5.42 5.21 4.27 3.36 2.34 1.50 1.28 1.47 2.32 3.24 4.08
 19   4.80 5.06 4.90 4.10 3.22 2.20 1.36 0.93 0.96 1.83 2.88 3.86 4.76 5.25 5.26 4.68 3.82 2.86 1.82 1.04 1.03 1.50 2.50 3.42
 20   4.22 4.88 5.03 4.66 3.86 2.90 1.87 1.00 0.83 1.09 2.12 3.16 4.12 4.97 5.23 5.09 4.30 3.36 2.24 1.01 0.82 1.03 1.80 2.82
 21   3.72 4.56 5.15 5.25 4.90 3.64 2.64 1.66 0.95 0.88 1.61 2.64 3.65 4.58 5.25 5.27 4.84 3.94 2.97 1.90 1.07 0.95 1.26 2.22
 22   3.20 4.09 4.88 5.13 5.00 4.29 3.40 2.46 1.56 1.11 1.13 2.12 3.12 4.05 4.88 5.20 5.07 4.32 3.40 2.32 1.40 0.88 0.89 1.72
 23   2.60 3.56 4.48 5.12 5.20 4.76 3.97 3.08 2.13 1.35 1.25 1.72 2.60 3.52 4.41 5.01 5.07 4.60 3.80 2.83 1.80 1.05 0.95 1.20
 24   2.00 2.95 3.86 4.75 5.09 5.00 4.38 3.61 2.72 1.89 1.37 1.44 2.12 3.00 3.82 4.55 4.90 4.80 4.10 3.27 2.30 1.44 0.91 0.92
 25   1.62 2.42 3.32 4.18 4.83 5.00 4.76 4.12 3.36 2.54 1.89 1.61 1.85 2.60 3.44 4.16 4.59 4.67 4.30 3.64 2.80 1.93 1.24 1.01
 26   1.28 2.00 2.85 3.68 4.40 4.82 4.80 4.38 3.76 3.04 2.36 1.89 1.85 2.27 2.90 3.56 4.12 4.44 4.37 3.90 3.24 2.46 1.72 1.22
 27   1.16 1.59 2.28 3.08 3.77 4.39 4.66 4.53 4.14 3.58 2.96 2.38 2.03 2.04 2.43 2.98 3.50 3.95 4.14 4.02 3.57 2.96 2.28 1.73
 28   1.40 1.39 1.80 2.50 3.17 3.80 4.32 4.52 4.42 4.04 3.53 2.96 2.46 2.14 2.14 2.46 2.88 3.28 3.70 3.88 3.81 3.48 2.96 2.39
 29   1.88 1.57 1.52 1.84 2.41 3.04 3.61 4.12 4.39 4.39 4.12 3.71 3.16 2.64 2.24 2.10 2.24 2.60 3.00 3.38 3.67 3.76 3.60 3.23
 30   2.76 2.24 1.80 1.60 1.70 2.16 2.76 3.38 3.94 4.44 4.62 4.58 4.28 3.68 2.86 2.27 1.97 1.96 2.26 2.73 3.22 3.64 3.92 3.90
 ----------------------------------------------------------------------------------------------------------------------------
                                                                                                
 ----------------------------------------------------------------------------------------------------------------------------
 ----------------------------------------------------------------------------------------------------------------------------
                                                          SURVEY OF INDIA
                                                    MARINE GEODESY WING (G&RB)
                                                     HOURLY HEIGHTS IN METRES
  NAME OF PORT:- VADINAR                                                                            MONTH OCTOBER   YEAR 2017
 ----------------------------------------------------------------------------------------------------------------------------
 DAYS 0000 0001 0002 0003 0004 0005 0006 0007 0008 0009 0010 0011 0012 0013 0014 0015 0016 0017 0018 0019 0020 0021 0022 0023
 ----------------------------------------------------------------------------------------------------------------------------
  1   3.64 3.18 2.60 2.00 1.62 1.63 2.00 2.62 3.30 3.94 4.50 4.67 4.56 4.14 3.50 2.80 2.14 1.72 1.72 2.15 2.76 3.36 3.88 4.20
  2   4.18 3.82 3.24 2.54 1.90 1.48 1.46 1.98 2.70 3.46 4.16 4.70 4.83 4.58 3.96 3.26 2.44 1.76 1.45 1.60 2.22 2.94 3.64 4.24
  3   4.50 4.36 3.86 3.16 2.44 1.75 1.35 1.40 2.08 2.92 3.74 4.50 5.00 4.98 4.50 3.70 2.86 2.00 1.35 1.25 1.74 2.54 3.40 4.16
  4   4.70 4.80 4.46 3.74 2.88 1.98 1.33 1.16 1.56 2.40 3.33 4.18 4.88 5.08 4.86 4.16 3.28 2.28 1.40 1.09 1.23 2.00 2.94 3.76
  5   4.56 5.00 4.94 4.42 3.52 2.52 1.64 1.00 1.06 1.80 2.76 3.70 4.58 5.14 5.17 4.62 3.78 2.78 1.72 1.08 1.01 1.43 2.36 3.36
  6   4.20 4.94 5.10 4.94 4.18 3.28 2.26 1.40 1.14 1.32 2.24 3.22 4.18 5.04 5.25 5.08 4.28 3.32 2.20 1.24 0.73 0.76 1.62 2.70
  7   3.78 4.68 5.30 5.30 4.84 4.00 3.04 2.00 1.24 1.14 1.60 2.64 3.64 4.56 5.20 5.25 4.70 3.80 2.72 1.60 0.74 0.52 0.90 2.04
  8   3.04 4.04 5.00 5.50 5.40 4.70 3.82 2.86 1.90 1.26 1.32 2.10 3.08 4.00 4.86 5.28 5.14 4.38 3.40 2.28 1.26 0.50 0.55 1.32
  9   2.30 3.38 4.40 5.22 5.50 5.26 4.50 3.62 2.66 1.78 1.37 1.60 2.46 3.38 4.28 4.96 5.20 4.84 4.00 3.00 1.90 0.99 0.57 0.74
 10   1.54 2.60 3.64 4.62 5.30 5.43 5.06 4.30 3.50 2.56 1.80 1.53 1.90 2.70 3.54 4.34 4.88 4.95 4.50 3.70 2.74 1.72 0.93 0.67
 11   1.00 1.84 2.86 3.82 4.72 5.28 5.36 4.98 4.26 3.46 2.62 1.92 1.72 2.10 2.80 3.56 4.24 4.70 4.72 4.28 3.56 2.68 1.77 1.06
 12   0.87 1.18 1.98 2.92 3.80 4.60 5.18 5.26 4.96 4.32 3.58 2.78 2.14 1.90 2.14 2.72 3.36 3.94 4.40 4.50 4.20 3.60 2.82 2.04
 13   1.44 1.13 1.34 2.00 2.80 3.64 4.44 5.00 5.19 4.98 4.46 3.80 3.04 2.34 1.92 1.96 2.40 3.00 3.58 4.10 4.42 4.36 3.92 3.30
 14   2.60 1.96 1.46 1.38 1.80 2.56 3.36 4.14 4.80 5.15 5.10 4.70 4.04 3.30 2.48 1.90 1.70 2.02 2.60 3.26 3.88 4.38 4.55 4.40
 15   3.88 3.20 2.44 1.76 1.42 1.60 2.28 3.08 3.90 4.66 5.12 5.20 4.86 4.18 3.40 2.50 1.78 1.44 1.70 2.34 3.12 3.86 4.50 4.80
 16   4.68 4.16 3.48 2.62 1.83 1.38 1.46 2.14 3.00 3.88 4.70 5.20 5.30 4.86 4.06 3.12 2.28 1.56 1.33 1.58 2.40 3.24 4.04 4.76
 17   5.06 4.90 4.28 3.50 2.62 1.80 1.36 1.50 2.28 3.18 4.06 4.86 5.33 5.33 4.80 3.94 2.92 1.92 1.25 1.14 1.60 2.54 3.48 4.36
 18   5.00 5.17 4.90 4.20 3.34 2.40 1.60 1.31 1.62 2.46 3.40 4.28 5.00 5.27 5.10 4.40 3.48 2.44 1.48 0.99 1.05 1.88 2.90 3.88
 19   4.66 5.24 5.30 4.78 4.00 3.08 2.12 1.42 1.35 1.92 2.80 3.70 4.58 5.14 5.22 4.72 3.86 2.88 1.84 1.04 0.89 1.30 2.20 3.26
 20   4.20 5.06 5.42 5.22 4.52 3.68 2.72 1.84 1.39 1.56 2.32 3.24 4.10 4.84 5.16 4.96 4.22 3.30 2.26 1.38 0.84 0.90 1.70 2.70
 21   3.66 4.66 5.30 5.40 4.96 4.18 3.30 2.34 1.65 1.47 1.92 2.74 3.60 4.42 4.94 5.02 4.48 3.68 2.70 1.72 0.98 0.81 1.30 2.30
 22   3.20 4.16 5.00 5.40 5.30 4.64 3.82 2.94 2.12 1.61 1.61 2.34 3.14 3.92 4.60 4.87 4.68 4.00 3.14 2.16 1.31 0.83 0.90 1.76
 23   2.64 3.58 4.50 5.16 5.32 4.92 4.20 3.40 2.50 1.82 1.57 1.90 2.64 3.40 4.10 4.60 4.66 4.20 3.48 2.60 1.69 1.01 0.85 1.34
 24   2.10 3.06 3.94 4.76 5.18 5.10 4.56 3.84 3.02 2.24 1.70 1.70 2.26 2.98 3.66 4.26 4.52 4.34 3.76 3.00 2.12 1.40 0.99 1.12
 25   1.73 2.56 3.40 4.28 4.88 5.04 4.80 4.22 3.52 2.74 2.10 1.80 2.00 2.58 3.20 3.78 4.20 4.30 3.98 3.38 2.64 1.88 1.30 1.12
 26   1.46 2.12 2.90 3.70 4.44 4.86 4.88 4.52 3.94 3.20 2.60 2.10 1.96 2.26 2.76 3.30 3.76 4.10 4.12 3.75 3.14 2.50 1.84 1.42
 27   1.34 1.76 2.44 3.20 3.90 4.50 4.80 4.74 4.38 3.84 3.24 2.62 2.18 2.08 2.34 2.76 3.20 3.66 3.94 3.94 3.66 3.22 2.68 2.15
 28   1.65 1.63 2.06 2.62 3.26 3.90 4.44 4.74 4.70 4.40 3.92 3.34 2.75 2.32 2.12 2.26 2.64 3.06 3.48 3.80 3.95 3.80 3.46 3.00
 29   2.55 2.10 1.88 2.01 2.48 3.06 3.66 4.20 4.58 4.68 4.46 4.00 3.46 2.82 2.28 1.96 1.96 2.28 2.78 3.28 3.72 4.04 4.07 3.80
 30   3.40 2.88 2.34 1.96 1.90 2.26 2.80 3.46 4.08 4.54 4.74 4.60 4.10 3.52 2.80 2.12 1.70 1.70 2.10 2.70 3.36 3.94 4.36 4.44
 31   4.20 3.68 3.06 2.40 1.92 1.81 2.20 2.84 3.52 4.20 4.74 4.90 4.73 4.18 3.46 2.60 1.84 1.45 1.50 2.08 2.84 3.58 4.30 4.70
 ----------------------------------------------------------------------------------------------------------------------------
                                                                                               DATUM CORRECTION     -0.0037 m
 ----------------------------------------------------------------------------------------------------------------------------
 ----------------------------------------------------------------------------------------------------------------------------
                                                          SURVEY OF INDIA
                                                    MARINE GEODESY WING (G&RB)
                                                     HOURLY HEIGHTS IN METRES
  NAME OF PORT:- VADINAR                                                                            MONTH NOVEMBER  YEAR 2017
 ----------------------------------------------------------------------------------------------------------------------------
 DAYS 0000 0001 0002 0003 0004 0005 0006 0007 0008 0009 0010 0011 0012 0013 0014 0015 0016 0017 0018 0019 0020 0021 0022 0023
 ----------------------------------------------------------------------------------------------------------------------------
  1   4.73 4.34 3.73 3.00 2.22 1.70 1.63 2.13 3.10 4.10 4.94 5.03 4.64 3.92 3.07 2.11 1.47 1.23 1.45 2.22 3.10 3.96 4.70 5.14
  2   5.19 4.94 4.40 3.64 2.79 1.99 1.53 1.62 2.30 3.07 3.83 4.70 5.11 5.01 4.40 3.56 2.57 1.59 0.88 0.89 1.52 2.50 3.50 4.40
  3   5.10 5.30 5.02 4.36 3.50 2.55 1.76 1.46 1.74 2.53 3.42 4.32 4.93 5.17 4.88 4.10 3.16 2.02 1.08 0.78 0.97 1.81 2.93 3.96
  4   4.86 5.45 5.53 5.00 4.18 3.25 2.27 1.55 1.49 1.96 2.86 3.78 4.63 5.16 5.18 4.58 3.67 2.60 1.46 0.67 0.50 1.04 2.18 3.32
  5   4.32 5.23 5.70 5.60 4.89 3.98 3.02 2.06 1.45 1.51 2.24 3.20 4.10 4.88 5.23 5.06 4.28 3.00 1.53 0.65 0.45 1.03 1.85 2.70
  6   3.68 4.64 5.48 5.81 5.49 4.71 3.77 2.80 1.85 1.41 1.71 2.54 3.50 4.39 5.04 5.23 4.80 3.92 2.88 1.72 0.78 0.43 0.73 1.80
  7   2.92 3.98 4.98 5.74 5.86 5.40 4.57 3.65 2.68 1.87 1.58 2.00 2.84 3.72 4.53 5.06 5.09 4.54 3.66 2.62 1.54 0.73 0.51 1.00
  8   2.00 3.04 4.12 5.15 5.72 5.75 5.20 4.36 3.48 2.56 1.82 1.63 2.10 2.90 3.72 4.44 4.88 4.84 4.28 3.48 2.50 1.52 0.85 0.73
  9   1.36 2.24 3.28 4.28 5.16 5.61 5.56 5.00 4.22 3.40 2.53 1.88 1.73 2.17 2.90 3.63 4.28 4.68 4.66 4.16 3.45 2.56 1.68 1.08
 10   1.02 1.52 2.38 3.32 4.20 5.00 5.40 5.36 4.88 4.14 3.35 2.52 1.88 1.72 2.05 2.73 3.40 3.99 4.40 4.46 4.12 3.50 2.76 2.05
 11   1.52 1.29 1.62 2.36 3.20 4.02 4.78 5.20 5.23 4.84 4.18 3.40 2.58 1.94 1.66 1.88 2.44 3.04 3.68 4.19 4.40 4.26 3.80 3.15
 12   2.55 2.00 1.64 1.74 2.30 3.06 3.82 4.56 5.06 5.18 4.90 4.28 3.56 2.74 2.02 1.60 1.68 2.16 2.82 3.48 4.12 4.53 4.60 4.28
 13   3.72 3.10 2.50 1.96 1.80 2.16 2.85 3.58 4.32 4.90 5.12 4.92 4.30 3.58 2.74 1.94 1.42 1.43 1.96 2.72 3.48 4.20 4.76 4.93
 14   4.70 4.14 3.49 2.74 2.12 1.86 2.12 2.78 3.50 4.24 4.82 5.06 4.84 4.24 3.44 2.54 1.74 1.28 1.25 1.90 2.76 3.60 4.41 4.94
 15   5.08 4.80 4.22 3.50 2.71 2.04 1.81 2.06 2.74 3.49 4.24 4.80 5.00 4.68 3.98 3.13 2.23 1.51 1.17 1.25 2.06 2.98 3.87 4.68
 16   5.12 5.16 4.76 4.08 3.28 2.42 1.80 1.67 2.06 2.80 3.56 4.30 4.78 4.82 4.37 3.56 2.62 1.66 1.05 0.91 1.32 2.26 3.24 4.12
 17   4.84 5.27 5.40 5.10 4.16 3.01 2.08 1.60 1.68 2.27 3.01 3.75 4.40 4.68 4.50 3.82 2.98 2.00 1.13 0.76 0.82 1.68 2.68 3.62
 18   4.40 5.03 5.18 4.83 4.16 3.36 2.48 1.78 1.57 1.87 2.56 3.32 4.02 4.50 4.61 4.18 3.44 2.46 1.50 0.85 0.71 1.17 2.16 3.16
 19   4.04 4.84 5.24 5.15 4.60 3.84 3.00 2.16 1.62 1.59 2.13 2.88 3.64 4.28 4.60 4.42 3.78 2.92 1.92 1.07 0.65 0.85 1.62 2.65
 20   3.60 4.40 5.08 5.26 4.93 4.28 3.46 2.60 1.85 1.50 1.76 2.40 3.18 3.88 4.40 4.52 4.08 3.33 2.40 1.50 0.81 0.72 1.20 2.16
 21   3.04 3.96 4.84 5.28 5.24 4.72 4.00 3.18 2.34 1.76 1.68 2.14 2.85 3.55 4.16 4.50 4.36 3.78 3.00 2.06 1.27 0.83 0.95 1.72
 22   2.64 3.52 4.42 5.10 5.31 5.03 4.40 3.62 2.78 2.05 1.70 1.87 2.48 3.16 3.82 4.32 4.45 4.08 3.42 2.58 1.72 1.07 0.93 1.32
 23   2.12 3.00 3.90 4.73 5.20 5.20 4.74 4.08 3.29 2.50 1.92 1.76 2.12 2.72 3.36 3.96 4.32 4.30 3.86 3.18 2.38 1.66 1.16 1.19
 24   1.72 2.52 3.38 4.24 4.90 5.17 5.05 4.51 3.82 3.00 2.26 1.86 1.95 2.36 2.84 3.39 3.90 4.09 3.94 3.47 2.84 2.12 1.54 1.25
 25   1.40 2.00 2.80 3.60 4.36 4.84 4.92 4.61 4.05 3.40 2.66 2.06 1.76 1.88 2.32 2.88 3.40 3.80 3.94 3.76 3.32 2.75 2.12 1.64
 26   1.44 1.63 2.20 2.94 3.66 4.34 4.72 4.73 4.40 3.83 3.20 2.48 1.96 1.70 1.84 2.28 2.80 3.32 3.72 3.90 3.78 3.40 2.90 2.32
 27   1.84 1.65 1.80 2.34 3.00 3.68 4.30 4.68 4.71 4.40 3.86 3.24 2.60 2.02 1.72 1.80 2.19 2.72 3.26 3.74 4.07 4.11 3.80 3.36
 28   2.88 2.36 2.00 2.02 2.44 3.04 3.68 4.32 4.72 4.84 4.56 4.03 3.36 2.60 1.94 1.55 1.56 1.96 2.56 3.20 3.80 4.28 4.42 4.18
 29   3.72 3.14 2.60 2.15 2.02 2.36 2.94 3.60 4.23 4.68 4.82 4.58 4.00 3.28 2.42 1.70 1.24 1.28 1.81 2.56 3.32 4.02 4.59 4.75
 30   4.52 4.00 3.37 2.64 2.10 1.92 2.26 2.88 3.58 4.26 4.72 4.84 4.50 3.85 3.03 2.12 1.35 0.98 1.15 1.76 2.64 3.52 4.36 5.00
 ----------------------------------------------------------------------------------------------------------------------------
                                                                                                
 ----------------------------------------------------------------------------------------------------------------------------
 ----------------------------------------------------------------------------------------------------------------------------
                                                          SURVEY OF INDIA
                                                    MARINE GEODESY WING (G&RB)
                                                     HOURLY HEIGHTS IN METRES
  NAME OF PORT:- VADINAR                                                                            MONTH DECEMBER  YEAR 2017
 ----------------------------------------------------------------------------------------------------------------------------
 DAYS 0000 0001 0002 0003 0004 0005 0006 0007 0008 0009 0010 0011 0012 0013 0014 0015 0016 0017 0018 0019 0020 0021 0022 0023
 ----------------------------------------------------------------------------------------------------------------------------
  1   5.06 4.74 4.12 3.36 2.54 1.92 1.74 2.16 2.88 3.60 4.30 4.78 4.84 4.38 3.62 2.70 1.68 0.98 0.72 0.97 1.84 2.86 3.86 4.72
  2   5.20 5.23 4.81 4.08 3.24 2.34 1.77 1.71 2.20 2.96 3.74 4.48 4.90 4.85 4.20 3.32 2.30 1.30 0.75 0.59 0.98 2.02 3.14 4.16
  3   5.00 5.45 5.40 4.80 3.98 3.08 2.16 1.65 1.64 2.28 3.12 3.98 4.68 4.97 4.74 4.00 3.04 1.90 0.91 0.37 0.35 1.14 2.34 3.48
  4   4.40 5.32 5.63 5.46 4.74 3.88 2.92 2.02 1.55 1.72 2.48 3.44 4.28 4.90 5.06 4.56 3.68 2.66 1.48 0.59 0.27 0.57 1.56 2.76
  5   3.80 4.86 5.64 5.83 5.46 4.64 3.74 2.78 1.92 1.58 1.90 2.70 3.58 4.38 4.90 4.98 4.40 3.52 2.44 1.34 0.53 0.33 0.84 1.96
  6   3.00 4.12 5.20 5.84 5.96 5.46 4.60 3.66 2.68 1.90 1.72 2.14 2.96 3.80 4.60 5.06 5.02 4.40 3.50 2.40 1.36 0.63 0.48 1.10
  7   2.04 3.12 4.20 5.18 5.70 5.62 5.00 4.16 3.20 2.24 1.50 1.36 1.90 2.70 3.54 4.24 4.62 4.52 3.90 3.06 2.04 1.12 0.53 0.50
  8   1.24 2.20 3.26 4.28 5.16 5.51 5.40 4.78 3.94 3.00 2.10 1.48 1.44 2.00 2.80 3.56 4.24 4.60 4.50 3.94 3.18 2.26 1.40 0.85
  9   0.82 1.46 2.38 3.36 4.30 5.06 5.35 5.20 4.58 3.77 2.88 2.03 1.47 1.39 1.90 2.64 3.34 3.98 4.40 4.38 3.94 3.26 2.54 1.80
 10   1.34 1.25 1.74 2.56 3.44 4.28 4.94 5.20 5.00 4.44 3.66 2.78 1.90 1.36 1.24 1.66 2.34 3.04 3.66 4.12 4.26 4.00 3.50 2.84
 11   2.20 1.72 1.53 1.88 2.56 3.30 4.06 4.66 4.90 4.78 4.28 3.56 2.70 1.90 1.30 1.13 1.48 2.14 2.84 3.50 4.10 4.38 4.27 3.86
 12   3.35 2.74 2.14 1.78 1.90 2.44 3.12 3.80 4.40 4.73 4.67 4.20 3.50 2.70 1.88 1.24 1.05 1.38 2.07 2.78 3.50 4.18 4.57 4.58
 13   4.30 3.78 3.14 2.50 2.06 2.04 2.46 3.08 3.70 4.28 4.62 4.60 4.20 3.52 2.68 1.84 1.16 0.95 1.28 2.00 2.84 3.62 4.38 4.80
 14   4.80 4.48 3.92 3.25 2.56 2.08 2.00 2.36 2.96 3.58 4.18 4.52 4.48 4.04 3.36 2.50 1.66 1.05 0.89 1.32 2.14 3.00 3.84 4.56
 15   4.90 4.88 4.46 3.84 3.12 2.40 1.94 1.94 2.38 2.98 3.60 4.16 4.43 4.30 3.74 2.98 2.10 1.33 0.85 0.86 1.54 2.46 3.38 4.20
 16   4.80 5.04 4.83 4.30 3.60 2.80 2.12 1.80 1.96 2.48 3.12 3.77 4.26 4.40 4.06 3.40 2.54 1.64 0.95 0.73 1.06 1.90 2.88 3.78
 17   4.52 5.04 5.12 4.74 4.10 3.38 2.58 2.00 1.82 2.18 2.80 3.46 4.06 4.45 4.40 3.90 3.14 2.28 1.40 0.87 0.82 1.50 2.46 3.42
 18   4.24 5.00 5.34 5.20 4.64 3.92 3.12 2.34 1.87 1.90 2.40 3.08 3.76 4.30 4.50 4.22 3.56 2.70 1.80 1.07 0.81 1.10 2.00 3.00
 19   3.90 4.74 5.30 5.42 5.02 4.32 3.54 2.70 2.00 1.77 2.08 2.72 3.42 4.06 4.48 4.46 3.94 3.20 2.30 1.44 0.91 0.88 1.52 2.48
 20   3.40 4.28 5.06 5.44 5.30 4.72 3.94 3.10 2.28 1.78 1.80 2.30 3.00 3.66 4.26 4.50 4.26 3.60 2.80 1.90 1.12 0.87 1.10 1.94
 21   2.84 3.72 4.62 5.22 5.34 4.98 4.30 3.50 2.66 1.98 1.73 2.00 2.64 3.32 3.94 4.40 4.38 3.92 3.20 2.34 1.54 1.01 0.98 1.60
 22   2.40 3.30 4.20 4.98 5.32 5.18 4.66 3.92 3.10 2.30 1.80 1.80 2.28 2.90 3.58 4.12 4.35 4.20 3.66 2.92 2.08 1.38 1.05 1.32
 23   2.00 2.86 3.76 4.64 5.20 5.34 5.00 4.36 3.60 2.76 2.06 1.74 1.94 2.40 2.96 3.61 4.12 4.34 4.14 3.62 2.93 2.17 1.50 1.26
 24   1.56 2.24 3.05 3.89 4.67 5.13 5.17 4.78 4.12 3.35 2.50 1.90 1.69 1.90 2.42 3.04 3.65 4.12 4.29 4.08 3.58 2.94 2.27 1.68
 25   1.50 1.84 2.49 3.25 4.03 4.71 5.06 5.00 4.55 3.88 3.10 2.24 1.73 1.64 1.98 2.49 3.11 3.69 4.12 4.24 4.02 3.54 2.90 2.27
 26   1.86 1.78 2.10 2.74 3.45 4.17 4.75 4.99 4.83 4.32 3.64 2.85 1.98 1.56 1.58 2.00 2.57 3.18 3.72 4.12 4.19 3.96 3.50 2.94
 27   2.46 2.04 1.96 2.36 2.98 3.64 4.30 4.78 4.92 4.66 4.10 3.40 2.60 1.90 1.44 1.40 1.83 2.46 3.12 3.72 4.24 4.46 4.30 3.90
 28   3.42 2.88 2.40 2.20 2.44 2.98 3.60 4.20 4.65 4.80 4.54 3.98 3.26 2.44 1.68 1.20 1.18 1.64 2.34 3.10 3.84 4.46 4.78 4.68
 29   4.28 3.76 3.16 2.58 2.28 2.42 2.90 3.50 4.10 4.58 4.77 4.50 3.90 3.18 2.26 1.48 0.99 0.96 1.54 2.38 3.26 4.08 4.80 5.10
 30   4.96 4.50 3.86 3.10 2.44 2.06 2.18 2.70 3.34 3.98 4.50 4.68 4.38 3.78 2.94 2.00 1.22 0.78 0.79 1.35 2.36 3.36 4.30 5.10
 31   5.36 5.20 4.64 3.90 3.10 2.34 1.99 2.10 2.70 3.40 4.10 4.66 4.84 4.48 3.74 2.82 1.85 1.09 0.65 0.67 1.44 2.52 3.60 4.62
 ----------------------------------------------------------------------------------------------------------------------------
                                                                                               
 ----------------------------------------------------------------------------------------------------------------------------
 ----------------------------------------------------------------------------------------------------------------------------
