                                                          SURVEY OF INDIA
                                                    MARINE GEODESY WING (G&RB)
                                                     HOURLY HEIGHTS IN METRES
  NAME OF PORT:- DIAMOND HARBOUR (ROY CHAK)                                                         MONTH JANUARY   YEAR 2022
 ----------------------------------------------------------------------------------------------------------------------------
 DAYS 0000 0001 0002 0003 0004 0005 0006 0007 0008 0009 0010 0011 0012 0013 0014 0015 0016 0017 0018 0019 0020 0021 0022 0023
 ----------------------------------------------------------------------------------------------------------------------------
  1
  2
  3
  4
  5
  6
  7
  8
  9
 10
 11
 12
 13
 14
 15
 16
 17
 18
 19
 20
 21
 22
 23
 24
 25
 26
 27
 28
 29
 30
 31
 ----------------------------------------------------------------------------------------------------------------------------
                                                          SURVEY OF INDIA
                                                    MARINE GEODESY WING (G&RB)
                                                     HOURLY HEIGHTS IN METRES
  NAME OF PORT:- DIAMOND HARBOUR (ROY CHAK)                                                         MONTH FEBRUARY  YEAR 2022
 ----------------------------------------------------------------------------------------------------------------------------
 DAYS 0000 0001 0002 0003 0004 0005 0006 0007 0008 0009 0010 0011 0012 0013 0014 0015 0016 0017 0018 0019 0020 0021 0022 0023
 ----------------------------------------------------------------------------------------------------------------------------
  1
  2
  3
  4
  5
  6
  7
  8
  9
 10
 11
 12
 13
 14
 15
 16
 17
 18
 19
 20
 21
 22
 23
 24
 25
 26
 27
 28
 ----------------------------------------------------------------------------------------------------------------------------
                                                          SURVEY OF INDIA
                                                    MARINE GEODESY WING (G&RB)
                                                     HOURLY HEIGHTS IN METRES
  NAME OF PORT:- DIAMOND HARBOUR (ROY CHAK)                                                         MONTH MARCH     YEAR 2022
 ----------------------------------------------------------------------------------------------------------------------------
 DAYS 0000 0001 0002 0003 0004 0005 0006 0007 0008 0009 0010 0011 0012 0013 0014 0015 0016 0017 0018 0019 0020 0021 0022 0023
 ----------------------------------------------------------------------------------------------------------------------------
  1
  2
  3
  4
  5
  6
  7
  8
  9
 10
 11
 12
 13
 14
 15
 16
 17
 18
 19
 20
 21
 22
 23
 24
 25
 26
 27
 28
 29
 30
 31
 ----------------------------------------------------------------------------------------------------------------------------
                                                          SURVEY OF INDIA
                                                    MARINE GEODESY WING (G&RB)
                                                     HOURLY HEIGHTS IN METRES
  NAME OF PORT:- DIAMOND HARBOUR (ROY CHAK)                                                         MONTH APRIL     YEAR 2022
 ----------------------------------------------------------------------------------------------------------------------------
 DAYS 0000 0001 0002 0003 0004 0005 0006 0007 0008 0009 0010 0011 0012 0013 0014 0015 0016 0017 0018 0019 0020 0021 0022 0023
 ----------------------------------------------------------------------------------------------------------------------------
  1
  2
  3
  4
  5
  6
  7
  8
  9
 10
 11
 12
 13
 14
 15
 16
 17
 18
 19
 20
 21
 22
 23
 24
 25
 26
 27
 28
 29
 30
 ----------------------------------------------------------------------------------------------------------------------------
                                                          SURVEY OF INDIA
                                                    MARINE GEODESY WING (G&RB)
                                                     HOURLY HEIGHTS IN METRES
  NAME OF PORT:- DIAMOND HARBOUR (ROY CHAK)                                                         MONTH MAY       YEAR 2022
 ----------------------------------------------------------------------------------------------------------------------------
 DAYS 0000 0001 0002 0003 0004 0005 0006 0007 0008 0009 0010 0011 0012 0013 0014 0015 0016 0017 0018 0019 0020 0021 0022 0023
 ----------------------------------------------------------------------------------------------------------------------------
  1
  2
  3
  4
  5
  6
  7
  8
  9
 10
 11
 12
 13
 14
 15
 16
 17
 18
 19
 20
 21
 22
 23
 24
 25
 26
 27
 28
 29
 30
 31
 ----------------------------------------------------------------------------------------------------------------------------
                                                          SURVEY OF INDIA
                                                    MARINE GEODESY WING (G&RB)
                                                     HOURLY HEIGHTS IN METRES
  NAME OF PORT:- DIAMOND HARBOUR (ROY CHAK)                                                         MONTH JUNE      YEAR 2022
 ----------------------------------------------------------------------------------------------------------------------------
 DAYS 0000 0001 0002 0003 0004 0005 0006 0007 0008 0009 0010 0011 0012 0013 0014 0015 0016 0017 0018 0019 0020 0021 0022 0023
 ----------------------------------------------------------------------------------------------------------------------------
  1
  2
  3
  4
  5
  6
  7
  8
  9
 10
 11
 12
 13
 14
 15
 16
 17
 18
 19
 20
 21
 22
 23
 24
 25
 26
 27
 28
 29
 30
 ----------------------------------------------------------------------------------------------------------------------------
                                                          SURVEY OF INDIA
                                                    MARINE GEODESY WING (G&RB)
                                                     HOURLY HEIGHTS IN METRES
  NAME OF PORT:- DIAMOND HARBOUR (ROY CHAK)                                                         MONTH JULY      YEAR 2022
 ----------------------------------------------------------------------------------------------------------------------------
 DAYS 0000 0001 0002 0003 0004 0005 0006 0007 0008 0009 0010 0011 0012 0013 0014 0015 0016 0017 0018 0019 0020 0021 0022 0023
 ----------------------------------------------------------------------------------------------------------------------------
  1
  2
  3
  4
  5
  6
  7
  8
  9
 10
 11
 12
 13
 14
 15
 16   6.25 5.85 5.20 4.44 3.68 2.89 2.12 1.52 1.10 1.39 3.79 5.90 6.69 6.65 5.98 5.15 4.25 3.43 2.62 1.88 1.32 1.30 3.05 5.01
 17   5.94 6.14 5.81 5.08 4.30 3.52 2.78 2.05 1.51 1.28 2.10 4.41 5.89 6.40 6.35 5.80 4.99 4.15 3.30 2.57 1.89 1.39 1.41 3.70
 18   5.31 5.87 6.05 5.74 5.00 4.25 3.47 2.74 2.08 1.61 1.57 2.90 4.70 5.69 6.09 6.06 5.49 4.73 3.91 3.19 2.43 1.80 1.50 2.09
 19   4.00 5.01 5.49 5.65 5.31 4.65 3.99 3.31 2.66 2.14 1.80 1.83 3.10 4.30 5.11 5.50 5.48 5.04 4.45 3.80 3.11 2.49 1.93 1.82
 20   2.70 3.71 4.51 5.08 5.24 4.98 4.40 3.80 3.20 2.69 2.25 2.05 2.40 3.22 4.11 4.80 5.15 5.08 4.60 4.07 3.48 2.88 2.30 1.87
 21   2.08 2.97 3.81 4.49 4.89 4.95 4.60 4.10 3.58 3.05 2.60 2.19 2.19 2.78 3.48 4.15 4.65 4.85 4.68 4.29 3.79 3.25 2.74 2.22
 22   2.00 2.35 3.10 3.81 4.45 4.72 4.67 4.35 3.91 3.48 3.01 2.58 2.31 2.32 2.90 3.50 4.10 4.51 4.60 4.39 3.99 3.55 3.15 2.80
 23   2.43 2.19 2.34 3.05 3.71 4.30 4.60 4.59 4.28 3.89 3.51 3.17 2.87 2.61 2.55 2.99 3.50 3.99 4.31 4.49 4.35 3.94 3.55 3.20
 24   2.85 2.50 2.30 2.35 3.00 3.61 4.18 4.61 4.85 4.71 4.29 3.81 3.31 2.88 2.48 2.30 2.52 3.12 3.69 4.15 4.47 4.55 4.30 3.89
 25   3.41 3.00 2.62 2.30 2.21 2.81 3.59 4.21 4.75 5.03 4.98 4.45 3.90 3.38 2.88 2.45 2.19 2.29 2.99 3.61 4.20 4.65 4.72 4.44
 26   3.90 3.40 2.92 2.47 2.10 1.95 2.66 3.61 4.42 5.01 5.25 5.00 4.45 3.80 3.17 2.62 2.20 1.95 2.15 3.05 3.89 4.55 4.95 4.90
 27   4.32 3.79 3.24 2.71 2.20 1.80 1.80 2.80 3.86 4.81 5.40 5.49 5.00 4.30 3.60 2.98 2.41 2.00 1.81 2.34 3.30 4.21 4.81 5.04
 28   4.70 4.12 3.59 3.01 2.44 1.98 1.60 1.80 3.19 4.39 5.20 5.60 5.50 4.90 4.20 3.49 2.80 2.23 1.85 1.72 1.79 3.29 4.67 5.21
 29   5.35 4.90 4.21 3.52 2.89 2.30 1.85 1.52 1.81 3.72 5.00 5.62 5.83 5.55 4.83 4.02 3.24 2.58 2.00 1.58 1.51 2.80 4.25 5.10
 30   5.47 5.31 4.71 3.90 3.22 2.50 1.90 1.39 1.22 2.90 4.60 5.49 5.80 5.71 5.08 4.22 3.39 2.70 2.09 1.50 1.23 1.93 3.53 4.61
 31   5.22 5.32 5.00 4.30 3.52 2.78 2.08 1.51 1.20 1.80 3.93 5.15 5.67 5.80 5.41 4.64 3.80 3.02 2.31 1.70 1.29 1.60 2.82 4.20
 ----------------------------------------------------------------------------------------------------------------------------
                                                                                               
 ----------------------------------------------------------------------------------------------------------------------------
 ----------------------------------------------------------------------------------------------------------------------------
                                                          SURVEY OF INDIA
                                                    MARINE GEODESY WING (G&RB)
                                                     HOURLY HEIGHTS IN METRES
  NAME OF PORT:- DIAMOND HARBOUR (ROY CHAK)                                                         MONTH AUGUST    YEAR 2022
 ----------------------------------------------------------------------------------------------------------------------------
 DAYS 0000 0001 0002 0003 0004 0005 0006 0007 0008 0009 0010 0011 0012 0013 0014 0015 0016 0017 0018 0019 0020 0021 0022 0023
 ----------------------------------------------------------------------------------------------------------------------------
  1   5.30 5.49 5.10 4.41 3.65 2.90 2.20 1.60 1.20 1.20 2.83 4.60 5.60 5.85 5.60 4.85 4.02 3.19 2.38 1.70 1.25 1.15 2.00 3.65
  2   4.83 5.35 5.38 4.81 4.10 3.40 2.69 2.08 1.58 1.25 1.75 3.49 5.00 5.68 5.70 5.20 4.51 3.79 3.01 2.26 1.70 1.38 1.40 2.83
  3   4.30 5.18 5.43 5.08 4.42 3.70 3.01 2.38 1.81 1.42 1.38 2.80 4.30 5.25 5.61 5.49 4.86 4.18 3.43 2.78 2.11 1.63 1.45 2.19
  4   3.72 4.81 5.42 5.49 4.91 4.20 3.48 2.82 2.20 1.78 1.60 2.09 3.40 4.70 5.34 5.49 5.21 4.58 3.88 3.23 2.63 2.10 1.78 1.80
  5   3.01 4.22 5.09 5.43 5.30 4.72 4.12 3.52 2.90 2.35 2.06 2.08 2.79 3.80 4.78 5.21 5.28 4.90 4.33 3.68 3.08 2.49 2.00 1.83
  6   2.32 3.40 4.40 5.05 5.24 5.10 4.67 4.15 3.55 2.99 2.50 2.25 2.40 3.14 3.98 4.69 5.12 5.20 4.78 4.20 3.62 3.07 2.58 2.28
  7   2.20 2.68 3.59 4.40 4.95 5.21 5.19 4.79 4.30 3.80 3.30 2.88 2.60 2.55 3.21 4.00 4.60 4.90 5.04 4.90 4.42 3.90 3.40 2.98
  8   2.55 2.34 2.40 3.25 4.12 4.82 5.25 5.37 5.12 4.67 4.18 3.64 3.19 2.78 2.56 2.72 3.42 4.17 4.74 5.08 5.14 4.83 4.34 3.80
  9   3.24 2.84 2.46 2.31 2.81 3.90 4.80 5.39 5.70 5.70 5.23 4.64 4.05 3.48 2.95 2.52 2.49 3.18 4.01 4.75 5.27 5.48 5.30 4.72
 10   4.02 3.44 2.86 2.32 1.90 2.01 3.33 4.63 5.61 6.09 6.09 5.64 4.94 4.20 3.42 2.70 2.10 1.79 2.30 3.61 4.80 5.49 5.71 5.48
 11   4.79 4.09 3.41 2.75 2.09 1.55 1.37 2.50 4.69 5.99 6.48 6.40 5.69 4.85 4.00 3.16 2.40 1.75 1.18 1.35 3.38 5.40 6.11 6.19
 12   5.58 4.79 3.98 3.19 2.39 1.68 1.12  .98 2.55 5.00 6.34 6.72 6.33 5.49 4.51 3.50 2.60 1.80 1.20  .97 1.38 4.10 5.82 6.35
 13   6.28 5.49 4.61 3.78 2.85 2.00 1.28  .80  .75 3.30 5.80 6.67 6.80 6.21 5.23 4.20 3.20 2.32 1.53 1.03  .90 2.21 5.18 6.21
 14   6.55 6.18 5.38 4.48 3.60 2.71 2.01 1.45 1.10 1.50 4.70 6.69 7.15 7.00 6.18 5.09 4.05 3.11 2.24 1.61 1.28 1.28 3.59 5.93
 15   6.70 6.68 6.07 5.20 4.34 3.44 2.68 2.03 1.51 1.36 2.74 5.68 6.49 6.64 6.27 5.50 4.56 3.69 2.81 2.02 1.39 1.15 1.81 4.70
 16   6.00 6.31 6.15 5.42 4.61 3.80 3.02 2.30 1.64 1.15 1.35 3.20 5.09 5.91 6.02 5.42 4.60 3.79 2.94 2.19 1.60 1.29 1.30 2.62
 17   4.58 5.58 5.88 5.64 5.00 4.30 3.55 2.83 2.15 1.60 1.40 2.05 3.70 5.05 5.54 5.50 5.00 4.34 3.58 2.81 2.18 1.60 1.35 1.75
 18   3.35 4.61 5.30 5.49 5.24 4.68 4.00 3.30 2.60 2.00 1.63 1.70 2.60 3.81 4.68 5.15 5.10 4.59 3.95 3.28 2.64 2.04 1.65 1.64
 19   2.52 3.66 4.55 4.99 5.02 4.67 4.18 3.62 3.05 2.49 2.04 2.01 2.45 3.11 3.74 4.25 4.45 4.28 3.88 3.45 3.00 2.55 2.18 2.09
 20   2.41 3.15 4.00 4.61 4.88 4.80 4.49 4.10 3.71 3.38 3.10 3.00 3.11 3.55 4.05 4.46 4.69 4.69 4.35 3.90 3.50 3.12 2.82 2.62
 21   2.65 3.00 3.50 4.05 4.52 4.81 4.75 4.38 3.95 3.58 3.21 2.96 2.95 3.11 3.37 3.69 4.00 4.25 4.40 4.38 4.12 3.81 3.50 3.24
 22   2.96 2.80 2.94 3.40 3.87 4.28 4.55 4.70 4.61 4.31 3.95 3.55 3.19 2.89 2.65 2.64 3.10 3.60 4.02 4.38 4.50 4.38 4.08 3.72
 23   3.31 2.95 2.61 2.40 2.50 3.21 3.96 4.52 4.88 4.94 4.62 4.11 3.61 3.09 2.65 2.26 2.05 2.31 3.08 3.80 4.41 4.71 4.65 4.27
 24   3.71 3.22 2.74 2.30 2.04 2.08 2.96 3.88 4.70 5.18 5.29 4.90 4.32 3.65 3.02 2.43 2.00 1.87 2.36 3.28 4.18 4.84 5.05 4.81
 25   4.21 3.69 3.15 2.59 2.08 1.75 1.80 2.94 4.20 5.14 5.58 5.55 5.03 4.34 3.60 2.87 2.20 1.75 1.60 2.35 3.59 4.61 5.15 5.31
 26   4.90 4.29 3.64 2.95 2.30 1.75 1.45 1.88 3.29 4.60 5.49 5.72 5.49 4.80 4.07 3.28 2.52 1.89 1.45 1.49 2.69 4.13 5.10 5.55
 27   5.48 4.82 4.12 3.40 2.69 2.03 1.47 1.28 2.30 3.99 5.30 5.94 5.92 5.30 4.49 3.68 2.85 2.10 1.50 1.25 1.80 3.50 4.81 5.51
 28   5.68 5.29 4.60 3.84 3.08 2.31 1.63 1.20 1.31 3.10 4.80 5.78 6.02 5.75 5.00 4.10 3.19 2.34 1.63 1.22 1.20 2.60 4.18 5.28
 29   5.80 5.75 5.08 4.25 3.40 2.59 1.80 1.29 1.10 2.00 4.00 5.49 6.05 6.00 5.35 4.49 3.53 2.69 1.91 1.34 1.05 1.63 3.39 4.85
 30   5.80 6.00 5.59 4.78 3.89 3.02 2.20 1.45 1.01 1.05 3.00 4.95 5.80 6.05 5.68 4.84 3.92 3.03 2.19 1.50 1.04  .98 2.48 4.32
 31   5.63 6.05 5.74 5.03 4.20 3.38 2.55 1.82 1.26 1.02 1.87 4.21 5.54 5.95 5.80 5.08 4.22 3.39 2.55 1.82 1.29 1.09 1.53 3.42
 ----------------------------------------------------------------------------------------------------------------------------
                                                                                               
 ----------------------------------------------------------------------------------------------------------------------------
 ----------------------------------------------------------------------------------------------------------------------------
                                                          SURVEY OF INDIA
                                                    MARINE GEODESY WING (G&RB)
                                                     HOURLY HEIGHTS IN METRES
  NAME OF PORT:- DIAMOND HARBOUR (ROY CHAK)                                                         MONTH SEPT      YEAR 2022
 ----------------------------------------------------------------------------------------------------------------------------
 DAYS 0000 0001 0002 0003 0004 0005 0006 0007 0008 0009 0010 0011 0012 0013 0014 0015 0016 0017 0018 0019 0020 0021 0022 0023
 ----------------------------------------------------------------------------------------------------------------------------
  1   5.29 5.99 5.98 5.38 4.58 3.73 2.90 2.18 1.55 1.20 1.27 2.94 4.60 5.61 5.82 5.40 4.60 3.82 2.99 2.18 1.51 1.19 1.21 2.41
  2   4.51 5.52 5.83 5.66 5.00 4.25 3.45 2.70 1.99 1.50 1.41 2.17 3.60 4.92 5.43 5.42 4.90 4.28 3.50 2.78 2.07 1.58 1.40 1.81
  3   3.41 4.78 5.38 5.52 5.24 4.62 3.92 3.22 2.50 1.94 1.71 1.91 2.80 3.90 4.80 5.15 5.07 4.55 3.88 3.20 2.60 2.07 1.72 1.72
  4   2.60 3.82 4.80 5.15 5.19 4.80 4.24 3.65 3.05 2.50 2.10 1.93 2.20 3.20 4.12 4.60 4.75 4.60 4.15 3.62 3.08 2.60 2.22 1.95
  5   1.97 2.61 3.70 4.52 4.88 4.95 4.68 4.22 3.70 3.15 2.67 2.30 2.10 2.20 2.94 3.69 4.20 4.47 4.48 4.18 3.78 3.34 2.99 2.65
  6   2.34 2.17 2.21 3.00 3.82 4.46 4.80 4.85 4.49 3.99 3.46 2.98 2.55 2.23 2.07 2.09 2.81 3.61 4.28 4.60 4.65 4.30 3.85 3.38
  7   2.88 2.47 2.12 1.89 1.94 2.98 4.00 4.80 5.25 5.22 4.71 4.10 3.51 2.94 2.43 2.02 1.74 1.81 2.78 3.74 4.60 5.09 5.03 4.45
  8   3.71 3.07 2.49 2.02 1.65 1.55 2.29 3.72 4.98 5.62 5.80 5.39 4.62 3.83 3.05 2.38 1.79 1.45 1.47 2.61 4.01 5.21 5.70 5.64
  9   4.78 3.91 3.11 2.38 1.79 1.40 1.27 2.30 4.42 5.89 6.37 6.29 5.67 4.71 3.76 2.82 1.99 1.40 1.12 1.38 3.10 5.01 6.02 6.20
 10   5.61 4.74 3.80 2.84 1.98 1.38 1.09 1.11 3.01 5.39 6.42 6.65 6.29 5.42 4.44 3.40 2.49 1.72 1.20 1.05 1.99 4.22 5.91 6.50
 11   6.34 5.52 4.58 3.50 2.51 1.72 1.20 1.00 1.52 4.00 6.00 6.72 6.75 6.04 5.11 4.09 3.08 2.19 1.40  .90  .99 3.35 5.72 6.69
 12   6.77 6.11 5.19 4.16 3.10 2.20 1.56 1.21 1.21 2.82 5.23 6.54 6.74 6.30 5.50 4.60 3.63 2.70 1.85 1.23 1.01 2.07 4.86 6.41
 13   6.70 6.39 5.65 4.70 3.71 2.79 2.06 1.55 1.25 1.60 3.99 6.03 6.48 6.39 5.81 4.99 4.07 3.14 2.23 1.50 1.07 1.09 3.40 5.80
 14   6.40 6.43 5.84 5.12 4.23 3.38 2.58 1.88 1.42 1.27 2.40 4.80 5.98 6.25 5.97 5.21 4.39 3.54 2.72 1.98 1.39 1.21 2.00 4.40
 15   5.69 6.09 5.98 5.44 4.70 3.90 3.09 2.32 1.65 1.33 1.61 3.35 4.95 5.51 5.62 5.30 4.70 3.99 3.19 2.49 1.92 1.59 1.62 2.81
 16   4.44 5.15 5.48 5.40 4.78 4.05 3.34 2.70 2.18 1.80 1.76 2.60 3.80 4.75 5.23 5.24 4.69 4.00 3.36 2.79 2.28 1.90 1.80 2.40
 17   3.65 4.58 5.08 5.28 5.03 4.50 3.90 3.28 2.68 2.25 2.10 2.41 3.19 4.02 4.69 4.89 4.71 4.31 3.77 3.21 2.68 2.19 1.90 2.14
 18   2.99 3.81 4.54 4.92 4.87 4.50 4.05 3.60 3.15 2.72 2.50 2.60 3.00 3.50 4.01 4.36 4.42 4.20 3.83 3.42 3.08 2.72 2.49 2.50
 19   2.89 3.40 3.98 4.41 4.55 4.41 4.10 3.80 3.49 3.23 3.06 3.00 3.11 3.31 3.60 3.85 4.05 4.09 3.98 3.79 3.60 3.40 3.24 3.10
 20   3.04 3.20 3.48 3.77 4.05 4.30 4.45 4.50 4.35 4.10 3.87 3.59 3.34 3.12 3.05 3.20 3.52 3.88 4.19 4.40 4.49 4.30 3.99 3.65
 21   3.32 3.04 2.84 2.80 3.09 3.60 4.11 4.51 4.77 4.78 4.52 4.15 3.70 3.23 2.80 2.45 2.42 2.92 3.57 4.18 4.67 4.89 4.74 4.30
 22   3.77 3.24 2.78 2.38 2.20 2.48 3.29 4.10 4.81 5.15 5.15 4.75 4.20 3.60 3.00 2.45 2.10 2.09 2.81 3.68 4.45 4.94 5.12 4.88
 23   4.27 3.69 3.11 2.58 2.12 1.93 2.34 3.41 4.48 5.21 5.52 5.38 4.72 4.01 3.29 2.58 1.99 1.70 1.72 2.81 4.02 5.09 5.48 5.45
 24   4.80 4.10 3.42 2.72 2.05 1.60 1.55 2.60 4.20 5.40 5.87 5.85 5.32 4.50 3.60 2.70 1.92 1.40 1.25 1.80 3.64 5.18 5.80 5.90
 25   5.38 4.61 3.82 3.02 2.24 1.58 1.25 1.41 3.41 5.20 5.90 6.09 5.79 5.00 4.05 3.10 2.20 1.50 1.10 1.10 2.43 4.60 5.80 6.05
 26   5.70 4.95 4.11 3.29 2.46 1.72 1.18  .97 2.20 4.49 5.81 6.20 6.07 5.32 4.44 3.47 2.58 1.78 1.15  .83 1.18 3.58 5.50 6.10
 27   5.99 5.30 4.50 3.60 2.78 2.00 1.35  .83 1.00 3.42 5.49 6.22 6.25 5.68 4.83 3.89 2.99 2.18 1.45  .98  .85 2.13 4.69 6.14
 28   6.32 5.79 4.99 4.10 3.19 2.35 1.60 1.05  .86 2.00 4.50 5.89 6.25 5.97 5.19 4.30 3.39 2.58 1.80 1.20  .75 1.00 3.38 5.62
 29   6.28 6.18 5.43 4.58 3.62 2.78 1.98 1.31  .87 1.08 3.00 5.07 5.83 6.00 5.51 4.64 3.70 2.87 2.09 1.42 1.07 1.01 2.09 4.82
 30   6.04 6.20 5.85 5.01 4.12 3.27 2.47 1.80 1.30 1.15 1.74 3.70 5.21 5.75 5.70 5.02 4.20 3.34 2.51 1.84 1.35 1.15 1.40 3.10
 ----------------------------------------------------------------------------------------------------------------------------
                                                                                               
 ----------------------------------------------------------------------------------------------------------------------------
 ----------------------------------------------------------------------------------------------------------------------------
                                                          SURVEY OF INDIA
                                                    MARINE GEODESY WING (G&RB)
                                                     HOURLY HEIGHTS IN METRES
  NAME OF PORT:- DIAMOND HARBOUR (ROY CHAK)                                                         MONTH OCTOBER   YEAR 2022
 ----------------------------------------------------------------------------------------------------------------------------
 DAYS 0000 0001 0002 0003 0004 0005 0006 0007 0008 0009 0010 0011 0012 0013 0014 0015 0016 0017 0018 0019 0020 0021 0022 0023
 ----------------------------------------------------------------------------------------------------------------------------
  1   5.20 5.82 5.89 5.48 4.77 3.98 3.19 2.45 1.82 1.45 1.49 2.61 4.10 5.01 5.34 5.25 4.64 3.95 3.21 2.60 2.05 1.65 1.49 2.17
  2   4.03 5.02 5.42 5.45 5.07 4.48 3.80 3.10 2.42 1.90 1.70 2.10 3.10 4.17 4.87 5.10 4.80 4.30 3.68 3.10 2.55 2.05 1.72 1.87
  3   2.84 4.00 4.75 5.11 5.07 4.70 4.20 3.62 3.07 2.55 2.22 2.22 2.58 3.30 4.09 4.60 4.70 4.49 4.08 3.59 3.10 2.69 2.39 2.30
  4   2.50 3.13 3.88 4.49 4.82 4.90 4.60 4.18 3.69 3.28 2.91 2.70 2.62 2.83 3.37 3.99 4.46 4.69 4.70 4.42 3.98 3.55 3.19 2.83
  5   2.60 2.55 2.82 3.52 4.19 4.71 5.03 5.10 4.74 4.18 3.63 3.14 2.75 2.45 2.30 2.40 3.19 3.92 4.59 4.89 4.94 4.64 4.19 3.68
  6   3.12 2.69 2.38 2.21 2.38 3.42 4.54 5.20 5.49 5.47 5.08 4.40 3.67 2.98 2.30 1.90 1.74 2.21 3.30 4.32 5.02 5.40 5.35 4.74
  7   3.94 3.23 2.58 2.02 1.75 1.80 2.92 4.38 5.33 5.80 5.89 5.39 4.58 3.70 2.90 2.20 1.72 1.45 1.59 3.42 5.10 5.75 5.88 5.58
  8   4.67 3.89 3.12 2.39 1.78 1.40 1.40 3.00 4.70 5.70 6.05 5.98 5.19 4.25 3.32 2.50 1.74 1.28 1.20 2.00 4.28 5.78 6.20 6.20
  9   5.39 4.52 3.70 2.91 2.15 1.54 1.24 1.48 3.70 5.40 6.14 6.30 5.78 4.83 3.84 2.89 2.03 1.41 1.08 1.03 2.80 5.12 6.27 6.48
 10   5.94 5.08 4.20 3.30 2.45 1.70 1.20 1.10 2.28 4.52 5.81 6.25 6.12 5.25 4.23 3.21 2.38 1.68 1.19  .89 1.12 3.77 5.82 6.34
 11   6.30 5.59 4.70 3.79 2.84 2.03 1.39 1.06 1.12 3.54 5.39 6.05 6.20 5.65 4.70 3.69 2.79 2.00 1.40 1.03  .95 2.20 4.81 6.09
 12   6.28 5.89 5.08 4.15 3.24 2.39 1.69 1.20 1.04 1.94 4.20 5.57 5.95 5.87 5.15 4.24 3.30 2.49 1.80 1.32 1.09 1.21 3.18 5.38
 13   6.00 6.01 5.48 4.65 3.80 2.91 2.13 1.53 1.25 1.29 2.62 4.61 5.48 5.62 5.30 4.58 3.78 2.99 2.22 1.64 1.30 1.24 1.83 3.92
 14   5.42 5.79 5.62 4.95 4.20 3.42 2.68 2.00 1.60 1.45 2.00 3.50 4.89 5.36 5.38 4.89 4.18 3.43 2.70 2.09 1.68 1.49 2.01 3.41
 15   4.90 5.48 5.52 5.14 4.47 3.74 3.03 2.38 1.88 1.70 2.10 3.15 4.20 4.91 5.09 4.81 4.25 3.62 2.96 2.31 1.90 1.75 1.89 2.70
 16   3.92 4.71 5.14 5.10 4.58 4.00 3.39 2.84 2.35 2.05 2.09 2.75 3.50 4.21 4.69 4.70 4.24 3.70 3.16 2.69 2.28 2.00 2.01 2.69
 17   3.49 4.20 4.72 4.89 4.64 4.19 3.70 3.22 2.71 2.35 2.30 2.55 3.10 3.74 4.29 4.45 4.34 4.00 3.55 3.11 2.72 2.45 2.40 2.59
 18   3.10 3.68 4.18 4.55 4.58 4.40 4.03 3.62 3.21 2.88 2.70 2.72 2.95 3.32 3.70 3.97 4.09 4.05 3.85 3.60 3.34 3.07 2.81 2.66
 19   2.77 3.11 3.50 3.84 4.10 4.25 4.29 4.14 3.88 3.60 3.32 3.07 2.83 2.71 2.80 3.17 3.59 3.92 4.15 4.20 4.04 3.78 3.50 3.23
 20   2.92 2.70 2.64 2.92 3.41 3.92 4.34 4.60 4.60 4.27 3.80 3.29 2.81 2.45 2.30 2.39 2.82 3.42 4.01 4.48 4.66 4.56 4.18 3.71
 21   3.21 2.75 2.41 2.25 2.32 3.01 3.81 4.51 4.85 4.90 4.50 3.95 3.41 2.91 2.48 2.15 2.04 2.43 3.41 4.35 4.92 5.09 4.89 4.42
 22   3.81 3.29 2.80 2.32 2.00 2.01 2.90 3.90 4.70 5.10 5.09 4.70 4.11 3.48 2.88 2.31 1.90 1.75 2.32 3.64 4.68 5.32 5.49 5.15
 23   4.46 3.82 3.18 2.54 2.00 1.69 1.75 2.95 4.22 5.20 5.60 5.51 4.91 4.14 3.30 2.50 1.81 1.37 1.43 2.35 4.01 5.48 5.95 5.90
 24   5.19 4.40 3.60 2.71 1.95 1.42 1.25 1.92 3.70 5.35 5.95 5.95 5.48 4.63 3.69 2.74 1.84 1.31 1.15 1.44 3.43 5.80 6.41 6.48
 25   5.88 5.05 4.17 3.25 2.38 1.70 1.32 1.41 3.02 5.13 6.12 6.29 5.88 5.05 4.17 3.19 2.28 1.52 1.15 1.12 2.61 5.30 6.48 6.72
 26   6.43 5.65 4.78 3.81 2.88 2.00 1.31 1.10 2.10 4.22 5.81 6.30 6.20 5.45 4.51 3.55 2.59 1.67 1.10  .90 1.40 4.28 6.14 6.62
 27   6.60 6.03 5.20 4.27 3.28 2.34 1.49 1.05 1.10 3.02 5.09 6.00 6.11 5.74 5.01 4.11 3.12 2.19 1.47 1.10 1.16 2.60 5.35 6.21
 28   6.40 6.17 5.52 4.68 3.72 2.79 1.89 1.24 1.01 1.70 3.90 5.40 5.80 5.71 5.19 4.45 3.58 2.72 1.90 1.29 1.01 1.02 3.38 5.48
 29   6.09 6.20 5.90 5.20 4.37 3.41 2.50 1.74 1.30 1.25 2.20 4.25 5.21 5.60 5.44 4.82 4.09 3.30 2.55 1.94 1.49 1.23 1.35 3.50
 30   5.20 5.78 5.79 5.47 4.80 4.00 3.12 2.38 1.82 1.50 1.49 2.75 4.35 5.02 5.19 5.02 4.47 3.85 3.18 2.59 2.03 1.66 1.55 2.20
 31   4.08 5.01 5.34 5.31 4.89 4.30 3.58 2.90 2.30 1.95 1.80 2.10 3.10 4.20 4.71 4.85 4.62 4.20 3.70 3.18 2.67 2.17 1.89 1.92
 ----------------------------------------------------------------------------------------------------------------------------
                                                                                               
 ----------------------------------------------------------------------------------------------------------------------------
 ----------------------------------------------------------------------------------------------------------------------------
                                                          SURVEY OF INDIA
                                                    MARINE GEODESY WING (G&RB)
                                                     HOURLY HEIGHTS IN METRES
  NAME OF PORT:- DIAMOND HARBOUR (ROY CHAK)                                                         MONTH NOVEMBER  YEAR 2022
 ----------------------------------------------------------------------------------------------------------------------------
 DAYS 0000 0001 0002 0003 0004 0005 0006 0007 0008 0009 0010 0011 0012 0013 0014 0015 0016 0017 0018 0019 0020 0021 0022 0023
 ----------------------------------------------------------------------------------------------------------------------------
  1   3.04 3.92 4.65 5.00 5.00 4.60 4.05 3.45 2.89 2.32 2.04 2.00 2.35 3.11 3.90 4.43 4.60 4.50 4.10 3.65 3.17 2.74 2.38 2.17
  2   2.23 2.90 3.65 4.32 4.77 4.95 4.71 4.20 3.67 3.14 2.70 2.32 2.01 2.08 2.62 3.35 3.94 4.32 4.50 4.34 3.94 3.50 3.10 2.74
  3   2.37 2.17 2.20 2.95 3.75 4.40 4.74 4.84 4.60 4.10 3.52 2.95 2.40 2.02 1.85 2.01 2.81 3.52 4.21 4.61 4.75 4.45 3.90 3.30
  4   2.68 2.20 1.95 1.89 2.20 3.15 4.01 4.68 5.00 5.00 4.52 3.91 3.32 2.78 2.29 1.88 1.64 2.10 3.21 4.21 4.92 5.14 4.88 4.28
  5   3.55 2.90 2.38 1.92 1.70 1.75 2.85 4.01 4.85 5.20 5.17 4.60 3.95 3.25 2.58 1.94 1.50 1.36 2.21 3.60 4.72 5.34 5.50 5.10
  6   4.28 3.48 2.68 1.95 1.50 1.31 1.61 3.20 4.65 5.39 5.55 5.22 4.54 3.78 2.99 2.18 1.50 1.18 1.19 2.80 4.50 5.49 5.84 5.72
  7   4.95 4.10 3.25 2.44 1.74 1.30 1.20 2.01 3.81 5.08 5.48 5.50 5.03 4.30 3.49 2.63 1.89 1.31 1.09 1.55 3.53 5.10 5.85 5.98
  8   5.40 4.58 3.68 2.79 1.99 1.38 1.05 1.20 3.00 4.70 5.42 5.59 5.34 4.66 3.89 3.03 2.19 1.51 1.08  .99 2.40 4.41 5.57 5.95
  9   5.75 5.00 4.19 3.29 2.39 1.70 1.25 1.15 1.88 3.85 5.05 5.40 5.40 4.95 4.32 3.53 2.73 1.99 1.40 1.10 1.18 3.25 5.01 5.75
 10   5.89 5.45 4.70 3.82 2.92 2.02 1.52 1.28 1.29 2.69 4.41 5.14 5.40 5.18 4.63 3.95 3.19 2.44 1.80 1.28 1.20 1.85 4.08 5.32
 11   5.70 5.65 5.08 4.27 3.41 2.63 1.92 1.42 1.25 1.50 3.20 4.55 5.05 5.14 4.84 4.25 3.54 2.86 2.17 1.62 1.30 1.40 2.60 4.42
 12   5.32 5.50 5.30 4.64 3.85 3.08 2.32 1.75 1.45 1.48 2.10 3.60 4.61 4.95 4.90 4.43 3.80 3.15 2.50 1.92 1.50 1.44 1.94 3.30
 13   4.80 5.28 5.30 4.90 4.28 3.55 2.82 2.19 1.79 1.61 1.90 2.81 3.90 4.69 4.82 4.58 4.01 3.41 2.81 2.21 1.72 1.52 1.71 2.51
 14   3.84 4.62 4.90 4.82 4.39 3.81 3.20 2.60 2.07 1.80 1.81 2.31 3.13 4.00 4.40 4.41 4.12 3.68 3.13 2.58 2.08 1.80 1.78 2.15
 15   3.10 3.99 4.53 4.70 4.43 3.99 3.48 2.99 2.47 2.07 1.90 2.15 2.75 3.51 4.09 4.24 4.10 3.78 3.38 2.94 2.52 2.15 2.00 2.29
 16   3.11 3.78 4.26 4.49 4.40 4.00 3.50 3.02 2.55 2.21 2.05 2.14 2.62 3.12 3.59 3.94 3.99 3.78 3.49 3.19 2.90 2.63 2.40 2.34
 17   2.65 3.18 3.61 4.01 4.20 4.15 3.80 3.40 3.00 2.60 2.33 2.18 2.24 2.61 3.14 3.60 3.92 4.10 4.08 3.80 3.47 3.12 2.82 2.58
 18   2.40 2.44 2.80 3.30 3.77 4.12 4.30 4.18 3.74 3.29 2.88 2.48 2.15 2.00 2.09 2.72 3.42 4.00 4.30 4.33 4.15 3.71 3.27 2.84
 19   2.38 2.10 2.05 2.22 2.89 3.50 4.01 4.30 4.30 4.02 3.55 3.09 2.65 2.24 2.00 2.01 2.48 3.31 4.10 4.52 4.70 4.60 4.08 3.45
 20   2.80 2.32 2.00 1.85 2.01 2.81 3.61 4.30 4.64 4.70 4.36 3.78 3.20 2.64 2.14 1.75 1.61 2.02 3.12 4.12 4.81 5.10 5.00 4.43
 21   3.61 2.97 2.43 2.00 1.74 1.80 2.72 3.74 4.60 4.93 4.89 4.41 3.79 3.15 2.51 1.97 1.56 1.44 1.92 3.35 4.67 5.37 5.52 5.18
 22   4.38 3.60 2.89 2.21 1.72 1.45 1.52 2.80 4.12 5.02 5.23 5.05 4.44 3.72 3.00 2.28 1.68 1.25 1.21 2.28 4.15 5.48 5.90 5.74
 23   4.94 4.15 3.32 2.50 1.75 1.28 1.12 1.61 3.25 4.65 5.22 5.28 4.84 4.12 3.34 2.54 1.80 1.19  .90 1.10 3.00 5.10 5.89 6.05
 24   5.52 4.75 3.90 3.03 2.18 1.45 1.00  .93 1.75 3.80 4.89 5.40 5.29 4.60 3.75 2.91 2.10 1.40  .90  .75 1.30 4.30 5.65 6.04
 25   5.98 5.30 4.48 3.55 2.60 1.78 1.11  .75  .80 2.61 4.47 5.32 5.50 5.10 4.38 3.49 2.63 1.88 1.24  .85  .90 2.35 4.91 5.72
 26   6.01 5.85 5.10 4.18 3.23 2.32 1.52 1.06  .90 1.22 3.22 4.70 5.28 5.37 4.90 4.01 3.15 2.38 1.70 1.27 1.00 1.06 3.10 5.00
 27   5.63 5.88 5.71 4.90 3.98 3.10 2.28 1.70 1.35 1.28 1.70 3.50 4.59 5.08 5.20 4.78 4.00 3.20 2.45 1.89 1.50 1.30 1.43 3.58
 28   5.10 5.70 5.78 5.45 4.70 3.89 3.08 2.38 1.90 1.54 1.54 2.39 3.69 4.58 4.95 4.90 4.35 3.70 3.05 2.45 1.95 1.56 1.45 1.98
 29   3.98 4.90 5.26 5.29 4.92 4.30 3.61 3.00 2.45 1.95 1.66 1.78 2.70 3.85 4.55 4.81 4.75 4.31 3.70 3.10 2.58 2.10 1.72 1.66
 30   2.50 3.90 4.65 5.07 5.12 4.80 4.22 3.63 3.08 2.52 2.12 1.85 1.90 2.90 3.81 4.40 4.67 4.62 4.20 3.70 3.22 2.80 2.40 2.15
 ----------------------------------------------------------------------------------------------------------------------------
                                                                                               
 ----------------------------------------------------------------------------------------------------------------------------
 ----------------------------------------------------------------------------------------------------------------------------
                                                          SURVEY OF INDIA
                                                    MARINE GEODESY WING (G&RB)
                                                     HOURLY HEIGHTS IN METRES
  NAME OF PORT:- DIAMOND HARBOUR (ROY CHAK)                                                         MONTH DECEMBER  YEAR 2022
 ----------------------------------------------------------------------------------------------------------------------------
 DAYS 0000 0001 0002 0003 0004 0005 0006 0007 0008 0009 0010 0011 0012 0013 0014 0015 0016 0017 0018 0019 0020 0021 0022 0023
 ----------------------------------------------------------------------------------------------------------------------------
  1   2.12 2.55 3.44 4.29 4.80 4.99 4.85 4.34 3.72 3.12 2.60 2.15 1.90 1.90 2.52 3.49 4.20 4.54 4.60 4.41 3.96 3.47 3.01 2.58
  2   2.25 2.11 2.28 3.25 4.15 4.60 4.79 4.70 4.27 3.69 3.11 2.61 2.18 1.90 1.84 2.30 3.25 4.01 4.51 4.70 4.60 4.18 3.66 3.15
  3   2.65 2.30 2.06 2.05 2.72 3.61 4.21 4.55 4.70 4.52 3.95 3.33 2.78 2.27 1.91 1.75 1.84 2.95 4.00 4.53 4.80 4.82 4.47 3.89
  4   3.17 2.62 2.15 1.87 1.82 2.35 3.32 4.11 4.55 4.69 4.52 4.02 3.48 2.90 2.34 1.90 1.67 1.72 2.80 3.94 4.72 5.08 5.00 4.52
  5   3.85 3.30 2.72 2.20 1.81 1.70 2.26 3.29 4.20 4.69 4.80 4.49 3.94 3.31 2.70 2.10 1.68 1.50 1.83 3.20 4.40 5.10 5.25 4.95
  6   4.30 3.70 3.10 2.49 1.94 1.65 1.70 2.70 3.78 4.50 4.80 4.78 4.31 3.75 3.18 2.58 2.02 1.62 1.56 2.30 3.81 4.97 5.41 5.40
  7   4.80 4.15 3.48 2.67 2.08 1.61 1.45 1.95 3.28 4.30 4.80 4.94 4.66 4.10 3.46 2.85 2.28 1.75 1.46 1.50 3.00 4.60 5.30 5.55
  8   5.34 4.68 3.90 3.10 2.35 1.80 1.50 1.49 2.50 3.85 4.64 4.93 4.88 4.40 3.79 3.12 2.50 1.98 1.55 1.54 2.12 3.90 5.08 5.59
  9   5.64 5.27 4.49 3.69 2.90 2.20 1.71 1.50 1.67 2.90 4.03 4.63 4.90 4.78 4.15 3.45 2.80 2.20 1.70 1.40 1.45 3.00 4.53 5.28
 10   5.59 5.50 4.88 4.10 3.29 2.45 1.74 1.40 1.38 2.20 3.55 4.55 5.02 5.10 4.65 3.90 3.15 2.48 1.88 1.41 1.34 2.12 3.90 4.95
 11   5.49 5.60 5.19 4.48 3.70 2.90 2.16 1.64 1.46 1.72 3.00 4.21 4.85 4.99 4.70 4.18 3.52 2.92 2.28 1.78 1.50 1.55 3.10 4.50
 12   5.23 5.40 5.20 4.69 3.98 3.25 2.52 1.92 1.60 1.62 2.32 3.59 4.45 4.80 4.76 4.38 3.83 3.25 2.64 2.10 1.70 1.60 2.09 3.50
 13   4.68 5.08 5.20 4.90 4.29 3.60 2.90 2.27 1.85 1.71 1.88 2.88 3.90 4.50 4.70 4.55 4.10 3.57 3.00 2.45 1.98 1.70 1.71 2.60
 14   3.88 4.62 4.90 4.87 4.45 3.90 3.30 2.68 2.11 1.75 1.70 2.20 3.08 3.88 4.30 4.42 4.22 3.81 3.31 2.84 2.35 1.95 1.80 2.08
 15   3.05 3.82 4.40 4.62 4.56 4.13 3.60 3.09 2.58 2.14 1.84 1.88 2.45 3.20 3.85 4.28 4.32 4.00 3.58 3.15 2.75 2.38 2.10 2.05
 16   2.58 3.50 4.20 4.50 4.55 4.31 3.82 3.32 2.84 2.39 2.08 1.90 2.01 2.69 3.40 3.92 4.20 4.20 3.88 3.51 3.15 2.81 2.50 2.28
 17   2.28 2.81 3.50 4.09 4.41 4.40 4.13 3.69 3.19 2.70 2.29 1.98 1.90 2.17 2.89 3.52 4.02 4.29 4.32 4.00 3.54 3.10 2.70 2.30
 18   2.04 2.01 2.48 3.18 3.80 4.21 4.38 4.25 3.75 3.22 2.75 2.32 2.05 1.90 1.98 2.69 3.40 4.05 4.48 4.58 4.40 3.84 3.30 2.80
 19   2.32 2.05 2.04 2.35 3.12 3.82 4.30 4.49 4.40 3.98 3.48 2.92 2.42 1.98 1.71 1.70 2.28 3.30 4.29 4.74 4.87 4.60 4.09 3.55
 20   2.94 2.47 2.12 1.90 1.93 2.65 3.50 4.18 4.54 4.56 4.19 3.68 3.17 2.64 2.13 1.66 1.42 1.60 3.10 4.45 5.14 5.29 5.00 4.40
 21   3.65 3.04 2.50 2.01 1.65 1.60 2.30 3.55 4.45 4.75 4.70 4.22 3.68 3.08 2.44 1.88 1.41 1.22 1.49 3.40 4.89 5.40 5.52 5.19
 22   4.38 3.65 2.92 2.24 1.70 1.40 1.43 2.60 3.90 4.62 4.90 4.80 4.28 3.54 2.85 2.15 1.60 1.20 1.15 1.90 4.20 5.50 5.88 5.80
 23   5.08 4.30 3.51 2.72 1.98 1.37 1.08 1.20 3.01 4.45 5.00 5.14 4.80 4.14 3.40 2.69 2.00 1.40 1.00 1.10 2.21 4.70 5.65 5.92
 24   5.68 4.98 4.20 3.35 2.52 1.80 1.21  .89 1.17 3.52 5.00 5.40 5.29 4.65 3.85 3.09 2.32 1.65 1.09  .80 1.10 3.43 5.32 5.97
 25   6.10 5.62 4.84 3.95 3.06 2.19 1.49 1.00  .98 2.00 4.29 5.15 5.48 5.32 4.50 3.60 2.80 2.08 1.49 1.00  .80 1.08 4.39 5.62
 26   6.00 5.92 5.35 4.60 3.75 2.90 2.10 1.50 1.15 1.25 2.95 4.54 5.18 5.40 5.20 4.40 3.55 2.82 2.14 1.60 1.20 1.15 1.70 4.30
 27   5.40 5.84 5.84 5.30 4.44 3.54 2.70 2.04 1.52 1.20 1.27 2.31 4.25 4.98 5.19 5.00 4.38 3.62 2.98 2.39 1.88 1.50 1.45 2.09
 28   4.41 5.25 5.60 5.54 5.12 4.32 3.48 2.74 2.12 1.70 1.45 1.55 2.85 4.17 4.72 4.90 4.72 4.14 3.50 2.92 2.40 1.97 1.68 1.69
 29   2.78 4.15 4.80 5.10 5.13 4.70 4.00 3.34 2.65 2.05 1.67 1.55 1.95 3.25 4.15 4.60 4.74 4.58 4.02 3.47 2.99 2.48 2.04 1.80
 30   1.83 3.15 4.08 4.65 4.90 4.80 4.40 3.90 3.32 2.72 2.18 1.80 1.70 2.20 3.34 4.09 4.50 4.64 4.44 3.95 3.39 2.90 2.45 2.10
 31   1.94 2.10 3.32 4.19 4.58 4.74 4.68 4.18 3.60 3.05 2.53 2.05 1.80 1.86 2.55 3.64 4.25 4.50 4.55 4.30 3.89 3.45 3.03 2.60
 ----------------------------------------------------------------------------------------------------------------------------
                                                                                               
 ----------------------------------------------------------------------------------------------------------------------------
 ----------------------------------------------------------------------------------------------------------------------------
