                                                          SURVEY OF INDIA
                                                    MARINE GEODESY WING (G&RB)
                                                     HOURLY HEIGHTS IN METRES
  NAME OF PORT:- MACHILIPATNAM                                                                      MONTH JANUARY   YEAR 2022
 ----------------------------------------------------------------------------------------------------------------------------
 DAYS 0000 0001 0002 0003 0004 0005 0006 0007 0008 0009 0010 0011 0012 0013 0014 0015 0016 0017 0018 0019 0020 0021 0022 0023
 ----------------------------------------------------------------------------------------------------------------------------
  1   1.06 0.99 0.92 0.88 0.95 1.09 1.20 1.26 1.26 1.21 1.12 0.97 0.78 0.64 0.54 0.55 0.72 0.97 1.14 1.28 1.36 1.39 1.37 1.29
  2   1.17 1.05 0.92 0.82 0.78 0.87 1.01 1.17 1.25 1.26 1.19 1.05 0.91 0.74 0.59 0.49 0.54 0.72 0.92 1.11 1.26 1.37 1.40 1.35
  3   1.26 1.16 1.03 0.92 0.81 0.77 0.80 0.90 1.01 1.09 1.14 1.13 1.04 0.89 0.75 0.63 0.52 0.50 0.63 0.86 1.10 1.30 1.41 1.42
  4   1.32 1.20 1.04 0.89 0.77 0.69 0.69 0.78 0.91 1.02 1.11 1.14 1.10 0.98 0.84 0.68 0.55 0.47 0.50 0.66 0.84 1.02 1.20 1.35
  5   1.38 1.28 1.14 0.99 0.85 0.74 0.68 0.69 0.77 0.93 1.06 1.14 1.16 1.07 0.92 0.76 0.60 0.48 0.44 0.54 0.74 0.93 1.10 1.22
  6   1.31 1.30 1.22 1.09 0.94 0.81 0.70 0.62 0.58 0.62 0.81 1.06 1.13 1.12 1.02 0.87 0.72 0.58 0.48 0.46 0.64 0.86 1.05 1.22
  7   1.27 1.24 1.16 1.05 0.95 0.85 0.75 0.65 0.59 0.62 0.82 0.99 1.10 1.14 1.11 0.99 0.86 0.72 0.60 0.54 0.56 0.72 0.87 1.00
  8   1.12 1.20 1.23 1.18 1.04 0.90 0.76 0.62 0.54 0.54 0.67 0.84 1.00 1.10 1.12 1.06 0.94 0.83 0.72 0.62 0.57 0.59 0.72 0.84
  9   0.98 1.10 1.20 1.20 1.09 0.96 0.84 0.72 0.59 0.53 0.59 0.72 0.88 1.02 1.13 1.14 1.08 0.96 0.80 0.62 0.56 0.58 0.66 0.78
 10   0.93 1.04 1.13 1.15 1.11 1.02 0.91 0.79 0.65 0.55 0.52 0.59 0.72 0.84 0.98 1.07 1.11 1.07 0.99 0.92 0.83 0.75 0.68 0.67
 11   0.73 0.83 0.94 1.05 1.10 1.07 0.97 0.86 0.72 0.60 0.52 0.53 0.60 0.75 0.90 1.05 1.14 1.16 1.13 1.04 0.94 0.84 0.77 0.72
 12   0.72 0.79 0.87 0.94 1.00 1.02 1.00 0.92 0.83 0.74 0.64 0.56 0.54 0.61 0.74 0.88 1.00 1.09 1.16 1.16 1.10 1.01 0.92 0.83
 13   0.76 0.73 0.76 0.82 0.90 0.98 1.02 1.00 0.93 0.83 0.73 0.63 0.56 0.55 0.63 0.78 0.94 1.06 1.16 1.19 1.18 1.13 1.06 0.98
 14   0.87 0.78 0.73 0.75 0.82 0.92 0.99 1.01 0.98 0.91 0.82 0.70 0.59 0.50 0.51 0.61 0.77 0.96 1.10 1.20 1.24 1.23 1.18 1.09
 15   1.00 0.91 0.81 0.75 0.75 0.83 0.92 1.00 1.04 1.02 0.94 0.80 0.66 0.54 0.48 0.52 0.68 0.86 1.04 1.20 1.29 1.32 1.28 1.21
 16   1.12 1.01 0.90 0.80 0.75 0.78 0.89 0.99 1.07 1.10 1.04 0.86 0.68 0.56 0.49 0.49 0.63 0.82 1.01 1.21 1.29 1.30 1.25 1.18
 17   1.08 0.98 0.87 0.77 0.72 0.74 0.88 1.00 1.11 1.16 1.13 1.02 0.86 0.73 0.58 0.48 0.49 0.64 0.84 1.04 1.21 1.30 1.33 1.29
 18   1.17 1.05 0.90 0.78 0.68 0.66 0.72 0.86 1.00 1.11 1.14 1.07 0.92 0.78 0.60 0.46 0.38 0.45 0.66 0.87 1.08 1.22 1.28 1.26
 19   1.18 1.02 0.88 0.75 0.65 0.58 0.60 0.72 0.88 1.02 1.10 1.10 0.98 0.84 0.67 0.52 0.38 0.38 0.48 0.69 0.92 1.11 1.20 1.23
 20   1.20 1.10 0.94 0.78 0.62 0.52 0.49 0.57 0.73 0.91 1.05 1.10 1.05 0.91 0.75 0.58 0.42 0.35 0.38 0.55 0.77 0.98 1.13 1.21
 21   1.23 1.16 1.02 0.86 0.71 0.58 0.46 0.46 0.58 0.74 0.90 1.02 1.06 1.00 0.88 0.74 0.57 0.44 0.38 0.45 0.62 0.82 1.02 1.14
 22   1.19 1.18 1.10 0.96 0.81 0.66 0.53 0.44 0.46 0.56 0.72 0.86 0.94 0.98 0.95 0.83 0.68 0.53 0.43 0.41 0.50 0.65 0.84 0.99
 23   1.08 1.12 1.10 1.02 0.86 0.72 0.57 0.44 0.39 0.43 0.58 0.74 0.88 0.96 0.97 0.91 0.80 0.66 0.54 0.46 0.45 0.52 0.66 0.80
 24   0.92 1.01 1.05 1.03 0.93 0.79 0.64 0.50 0.40 0.37 0.43 0.56 0.70 0.84 0.94 0.95 0.90 0.80 0.66 0.55 0.48 0.49 0.58 0.72
 25   0.83 0.92 0.98 0.99 0.94 0.82 0.66 0.50 0.36 0.29 0.32 0.40 0.53 0.68 0.80 0.90 0.93 0.90 0.80 0.70 0.60 0.54 0.54 0.58
 26   0.63 0.69 0.75 0.81 0.85 0.84 0.76 0.64 0.53 0.43 0.36 0.36 0.43 0.57 0.71 0.85 0.94 0.98 0.97 0.89 0.79 0.69 0.62 0.59
 27   0.60 0.65 0.72 0.78 0.83 0.85 0.83 0.76 0.63 0.52 0.44 0.40 0.40 0.45 0.53 0.66 0.78 0.89 0.95 0.97 0.96 0.90 0.82 0.72
 28   0.62 0.57 0.60 0.68 0.76 0.83 0.86 0.85 0.80 0.70 0.59 0.48 0.41 0.38 0.41 0.50 0.61 0.71 0.80 0.88 0.93 0.94 0.92 0.86
 29   0.77 0.70 0.64 0.62 0.65 0.71 0.77 0.82 0.85 0.84 0.76 0.66 0.55 0.45 0.42 0.46 0.54 0.67 0.78 0.90 0.99 1.05 1.07 1.02
 30   0.93 0.84 0.74 0.66 0.64 0.67 0.74 0.81 0.88 0.91 0.90 0.84 0.72 0.58 0.47 0.42 0.44 0.55 0.69 0.84 0.98 1.08 1.14 1.14
 31   1.07 0.95 0.83 0.72 0.63 0.61 0.66 0.75 0.85 0.93 0.96 0.92 0.82 0.70 0.56 0.40 0.38 0.43 0.56 0.70 0.82 0.94 1.03 1.08
 ----------------------------------------------------------------------------------------------------------------------------
                                                                                               
 ----------------------------------------------------------------------------------------------------------------------------
 ----------------------------------------------------------------------------------------------------------------------------
                                                          SURVEY OF INDIA
                                                    MARINE GEODESY WING (G&RB)
                                                     HOURLY HEIGHTS IN METRES
  NAME OF PORT:- MACHILIPATNAM                                                                      MONTH FEBRUARY  YEAR 2022
 ----------------------------------------------------------------------------------------------------------------------------
 DAYS 0000 0001 0002 0003 0004 0005 0006 0007 0008 0009 0010 0011 0012 0013 0014 0015 0016 0017 0018 0019 0020 0021 0022 0023
 ----------------------------------------------------------------------------------------------------------------------------
  1   1.07 0.99 0.88 0.77 0.65 0.58 0.57 0.65 0.75 0.85 0.91 0.93 0.88 0.77 0.65 0.51 0.39 0.36 0.43 0.57 0.71 0.83 0.93 1.03
  2   1.07 1.04 0.95 0.83 0.70 0.59 0.53 0.57 0.67 0.78 0.87 0.93 0.94 0.89 0.77 0.61 0.47 0.36 0.36 0.47 0.64 0.79 0.94 1.06
  3   1.13 1.11 1.01 0.89 0.75 0.61 0.51 0.49 0.56 0.67 0.78 0.87 0.93 0.93 0.84 0.70 0.53 0.39 0.33 0.40 0.55 0.71 0.86 0.98
  4   1.08 1.12 1.07 0.95 0.80 0.65 0.53 0.47 0.49 0.59 0.71 0.81 0.89 0.93 0.89 0.76 0.61 0.47 0.37 0.35 0.46 0.61 0.75 0.86
  5   0.94 0.99 1.00 0.94 0.82 0.67 0.54 0.43 0.39 0.45 0.54 0.64 0.73 0.81 0.84 0.80 0.69 0.56 0.45 0.38 0.39 0.49 0.61 0.74
  6   0.83 0.91 0.95 0.92 0.82 0.67 0.53 0.41 0.34 0.37 0.50 0.63 0.73 0.82 0.87 0.86 0.77 0.63 0.51 0.42 0.41 0.48 0.61 0.75
  7   0.85 0.93 0.96 0.93 0.83 0.69 0.53 0.40 0.32 0.33 0.43 0.54 0.66 0.76 0.83 0.86 0.83 0.74 0.62 0.51 0.45 0.45 0.53 0.63
  8   0.73 0.81 0.86 0.86 0.81 0.71 0.59 0.47 0.39 0.37 0.44 0.56 0.67 0.79 0.87 0.91 0.90 0.84 0.73 0.64 0.56 0.53 0.56 0.62
  9   0.69 0.77 0.83 0.85 0.83 0.77 0.67 0.57 0.49 0.43 0.42 0.46 0.54 0.64 0.72 0.79 0.84 0.86 0.84 0.79 0.73 0.67 0.63 0.62
 10   0.65 0.70 0.75 0.79 0.80 0.77 0.71 0.63 0.55 0.49 0.44 0.44 0.50 0.59 0.70 0.81 0.89 0.92 0.90 0.85 0.78 0.71 0.63 0.57
 11   0.55 0.57 0.62 0.67 0.71 0.73 0.71 0.66 0.59 0.50 0.42 0.38 0.39 0.48 0.59 0.71 0.81 0.90 0.93 0.91 0.85 0.77 0.69 0.61
 12   0.55 0.52 0.54 0.59 0.65 0.72 0.75 0.74 0.69 0.59 0.49 0.39 0.35 0.35 0.41 0.53 0.68 0.81 0.92 0.99 0.98 0.92 0.81 0.67
 13   0.47 0.41 0.42 0.47 0.55 0.65 0.74 0.81 0.80 0.72 0.61 0.49 0.38 0.32 0.35 0.46 0.61 0.78 0.94 1.06 1.10 1.08 0.99 0.85
 14   0.72 0.61 0.51 0.47 0.50 0.62 0.76 0.88 0.94 0.91 0.80 0.65 0.51 0.39 0.34 0.37 0.53 0.73 0.93 1.07 1.16 1.16 1.10 0.97
 15   0.83 0.70 0.56 0.47 0.45 0.55 0.73 0.88 0.99 1.01 0.92 0.77 0.59 0.43 0.30 0.27 0.38 0.59 0.81 1.01 1.14 1.20 1.17 1.05
 16   0.90 0.77 0.62 0.49 0.41 0.45 0.63 0.81 0.97 1.04 1.02 0.89 0.71 0.53 0.37 0.29 0.30 0.47 0.71 0.95 1.13 1.21 1.21 1.13
 17   0.98 0.82 0.66 0.51 0.40 0.37 0.49 0.71 0.89 1.05 1.07 0.97 0.81 0.62 0.45 0.31 0.25 0.34 0.57 0.85 1.06 1.18 1.23 1.19
 18   1.05 0.90 0.75 0.58 0.45 0.41 0.46 0.66 0.88 1.06 1.12 1.09 0.96 0.79 0.62 0.44 0.33 0.33 0.49 0.75 0.97 1.14 1.21 1.20
 19   1.10 0.95 0.75 0.58 0.43 0.32 0.31 0.50 0.74 0.96 1.07 1.10 1.03 0.88 0.70 0.51 0.35 0.28 0.37 0.60 0.84 1.04 1.17 1.19
 20   1.13 1.00 0.81 0.63 0.46 0.33 0.28 0.38 0.63 0.86 1.05 1.12 1.11 1.00 0.84 0.65 0.49 0.37 0.37 0.51 0.73 0.94 1.10 1.19
 21   1.18 1.09 0.93 0.75 0.57 0.41 0.30 0.29 0.46 0.71 0.93 1.07 1.12 1.08 0.95 0.79 0.62 0.47 0.38 0.41 0.58 0.79 0.97 1.09
 22   1.13 1.09 0.96 0.81 0.62 0.43 0.29 0.23 0.29 0.49 0.73 0.91 1.05 1.07 1.01 0.87 0.72 0.57 0.44 0.37 0.41 0.57 0.75 0.91
 23   1.02 1.07 1.03 0.89 0.73 0.55 0.37 0.25 0.22 0.30 0.48 0.68 0.84 0.97 1.04 1.01 0.91 0.78 0.64 0.51 0.44 0.45 0.57 0.71
 24   0.81 0.90 0.94 0.91 0.81 0.67 0.50 0.37 0.27 0.25 0.33 0.47 0.64 0.81 0.95 1.01 0.99 0.91 0.81 0.69 0.58 0.50 0.47 0.52
 25   0.61 0.70 0.79 0.87 0.87 0.81 0.69 0.55 0.43 0.34 0.30 0.34 0.45 0.59 0.73 0.86 0.95 1.00 0.99 0.94 0.86 0.76 0.67 0.60
 26   0.56 0.57 0.61 0.68 0.75 0.80 0.81 0.77 0.69 0.59 0.47 0.38 0.33 0.36 0.45 0.59 0.74 0.87 0.97 1.03 1.04 0.99 0.91 0.82
 27   0.72 0.62 0.56 0.55 0.60 0.67 0.74 0.79 0.81 0.79 0.72 0.64 0.55 0.47 0.42 0.43 0.52 0.63 0.75 0.84 0.91 0.95 0.96 0.94
 28   0.88 0.78 0.68 0.59 0.55 0.57 0.63 0.72 0.79 0.83 0.83 0.80 0.73 0.61 0.49 0.44 0.45 0.51 0.65 0.78 0.89 0.97 1.02 1.02
 ----------------------------------------------------------------------------------------------------------------------------
                                                                                              
 ----------------------------------------------------------------------------------------------------------------------------
 ----------------------------------------------------------------------------------------------------------------------------
                                                          SURVEY OF INDIA
                                                    MARINE GEODESY WING (G&RB)
                                                     HOURLY HEIGHTS IN METRES
  NAME OF PORT:- MACHILIPATNAM                                                                      MONTH MARCH     YEAR 2022
 ----------------------------------------------------------------------------------------------------------------------------
 DAYS 0000 0001 0002 0003 0004 0005 0006 0007 0008 0009 0010 0011 0012 0013 0014 0015 0016 0017 0018 0019 0020 0021 0022 0023
 ----------------------------------------------------------------------------------------------------------------------------
  1   0.98 0.91 0.81 0.70 0.61 0.58 0.60 0.66 0.72 0.78 0.83 0.84 0.81 0.74 0.64 0.55 0.46 0.46 0.54 0.66 0.77 0.87 0.95 1.00
  2   1.01 0.98 0.91 0.81 0.71 0.63 0.59 0.61 0.70 0.80 0.88 0.92 0.91 0.85 0.77 0.68 0.59 0.54 0.58 0.68 0.81 0.95 1.05 1.12
  3   1.14 1.12 1.06 0.96 0.86 0.75 0.67 0.68 0.79 0.91 1.00 1.05 1.06 1.03 0.97 0.87 0.77 0.67 0.65 0.72 0.87 1.01 1.14 1.21
  4   1.23 1.21 1.14 1.02 0.90 0.79 0.74 0.76 0.83 0.92 1.00 1.09 1.14 1.14 1.06 0.91 0.70 0.59 0.61 0.76 1.04 1.22 1.33 1.34
  5   1.27 1.13 0.96 0.79 0.64 0.55 0.55 0.70 0.91 1.09 1.25 1.30 1.26 1.11 0.95 0.79 0.66 0.57 0.57 0.76 0.99 1.16 1.25 1.30
  6   1.28 1.15 0.98 0.83 0.66 0.52 0.49 0.59 0.81 1.01 1.17 1.24 1.25 1.17 1.01 0.87 0.72 0.59 0.53 0.60 0.77 0.95 1.09 1.19
  7   1.20 1.12 0.95 0.78 0.60 0.45 0.37 0.39 0.58 0.78 0.97 1.11 1.15 1.12 0.99 0.83 0.68 0.55 0.45 0.47 0.60 0.79 0.95 1.05
  8   1.08 1.05 0.93 0.75 0.58 0.43 0.33 0.32 0.44 0.63 0.83 0.96 1.05 1.06 0.98 0.83 0.67 0.52 0.42 0.39 0.45 0.58 0.74 0.86
  9   0.92 0.93 0.87 0.73 0.57 0.43 0.33 0.31 0.37 0.51 0.69 0.84 0.97 1.03 1.02 0.93 0.79 0.66 0.54 0.46 0.46 0.54 0.65 0.77
 10   0.85 0.88 0.86 0.76 0.65 0.52 0.41 0.34 0.34 0.45 0.58 0.71 0.84 0.94 0.97 0.95 0.87 0.78 0.69 0.62 0.59 0.60 0.65 0.71
 11   0.77 0.81 0.80 0.75 0.67 0.58 0.50 0.44 0.41 0.44 0.53 0.63 0.73 0.82 0.89 0.93 0.92 0.88 0.81 0.74 0.67 0.62 0.60 0.61
 12   0.65 0.69 0.72 0.74 0.73 0.69 0.63 0.56 0.50 0.46 0.46 0.50 0.57 0.66 0.76 0.85 0.93 0.96 0.94 0.88 0.81 0.73 0.65 0.60
 13   0.58 0.59 0.62 0.67 0.72 0.75 0.75 0.71 0.66 0.60 0.54 0.50 0.49 0.55 0.67 0.77 0.87 0.95 1.00 1.00 0.95 0.87 0.77 0.67
 14   0.59 0.55 0.57 0.63 0.70 0.78 0.84 0.88 0.85 0.76 0.66 0.56 0.49 0.49 0.56 0.67 0.80 0.94 1.04 1.10 1.11 1.05 0.93 0.80
 15   0.68 0.56 0.52 0.54 0.63 0.77 0.87 0.95 0.97 0.89 0.78 0.64 0.53 0.43 0.43 0.54 0.70 0.89 1.05 1.17 1.22 1.17 1.03 0.89
 16   0.74 0.60 0.52 0.49 0.57 0.70 0.85 0.99 1.04 1.01 0.89 0.73 0.57 0.44 0.38 0.42 0.59 0.78 1.00 1.15 1.22 1.22 1.13 0.99
 17   0.82 0.67 0.51 0.42 0.43 0.57 0.79 0.96 1.09 1.11 1.05 0.90 0.73 0.54 0.39 0.33 0.43 0.64 0.87 1.07 1.19 1.23 1.19 1.05
 18   0.89 0.72 0.55 0.42 0.37 0.46 0.69 0.93 1.09 1.17 1.19 1.03 0.85 0.66 0.47 0.36 0.34 0.51 0.76 1.01 1.18 1.25 1.25 1.13
 19   0.98 0.81 0.61 0.47 0.37 0.39 0.57 0.81 1.04 1.18 1.22 1.15 1.00 0.81 0.63 0.46 0.38 0.43 0.63 0.90 1.10 1.21 1.25 1.22
 20   1.10 0.88 0.69 0.50 0.35 0.32 0.43 0.70 0.96 1.15 1.22 1.21 1.13 0.96 0.77 0.59 0.45 0.40 0.50 0.77 0.96 1.14 1.23 1.24
 21   1.19 1.05 0.77 0.57 0.40 0.29 0.28 0.48 0.76 1.00 1.17 1.23 1.21 1.08 0.91 0.73 0.56 0.44 0.41 0.56 0.79 0.99 1.14 1.20
 22   1.13 1.04 0.85 0.67 0.49 0.35 0.26 0.35 0.60 0.87 1.08 1.20 1.24 1.17 1.03 0.84 0.67 0.51 0.43 0.46 0.64 0.83 1.02 1.13
 23   1.16 1.08 0.93 0.74 0.57 0.39 0.28 0.27 0.43 0.67 0.91 1.09 1.18 1.19 1.12 0.97 0.81 0.63 0.50 0.44 0.52 0.67 0.84 0.98
 24   1.07 1.08 0.99 0.85 0.68 0.51 0.37 0.27 0.31 0.49 0.70 0.90 1.05 1.13 1.13 1.05 0.92 0.79 0.66 0.55 0.53 0.59 0.73 0.85
 25   0.94 1.00 1.01 0.93 0.79 0.65 0.51 0.41 0.37 0.41 0.56 0.72 0.88 1.00 1.07 1.08 1.01 0.91 0.79 0.68 0.59 0.56 0.60 0.70
 26   0.78 0.85 0.89 0.89 0.84 0.75 0.64 0.53 0.45 0.42 0.46 0.55 0.67 0.79 0.89 0.97 1.00 0.97 0.91 0.83 0.74 0.65 0.58 0.55
 27   0.57 0.63 0.70 0.77 0.81 0.82 0.79 0.72 0.63 0.53 0.45 0.42 0.46 0.54 0.67 0.80 0.91 1.00 1.03 1.00 0.91 0.79 0.67 0.55
 28   0.47 0.44 0.47 0.57 0.67 0.77 0.83 0.84 0.77 0.67 0.54 0.43 0.36 0.35 0.44 0.59 0.77 0.93 1.04 1.08 1.04 0.93 0.78 0.62
 29   0.47 0.37 0.33 0.39 0.54 0.70 0.85 0.94 0.95 0.87 0.73 0.58 0.43 0.32 0.32 0.44 0.62 0.84 1.01 1.13 1.16 1.09 0.96 0.78
 30   0.61 0.46 0.34 0.32 0.42 0.63 0.83 0.99 1.09 1.07 0.94 0.75 0.59 0.41 0.30 0.31 0.48 0.73 0.96 1.14 1.21 1.21 1.13 0.96
 31   0.77 0.59 0.45 0.36 0.37 0.54 0.77 0.97 1.12 1.18 1.10 0.93 0.74 0.55 0.39 0.29 0.37 0.59 0.84 1.05 1.19 1.25 1.19 1.05
 ----------------------------------------------------------------------------------------------------------------------------
                                                                                              
 ----------------------------------------------------------------------------------------------------------------------------
 ----------------------------------------------------------------------------------------------------------------------------
                                                          SURVEY OF INDIA
                                                    MARINE GEODESY WING (G&RB)
                                                     HOURLY HEIGHTS IN METRES
  NAME OF PORT:- MACHILIPATNAM                                                                      MONTH APRIL     YEAR 2022
 ----------------------------------------------------------------------------------------------------------------------------
 DAYS 0000 0001 0002 0003 0004 0005 0006 0007 0008 0009 0010 0011 0012 0013 0014 0015 0016 0017 0018 0019 0020 0021 0022 0023
 ----------------------------------------------------------------------------------------------------------------------------
  1   0.85 0.67 0.48 0.35 0.33 0.46 0.66 0.90 1.09 1.18 1.17 1.07 0.87 0.68 0.49 0.35 0.31 0.43 0.69 0.94 1.11 1.20 1.22 1.13
  2   0.95 0.74 0.51 0.35 0.26 0.31 0.55 0.81 1.03 1.16 1.20 1.15 1.01 0.80 0.62 0.43 0.33 0.32 0.53 0.79 1.00 1.12 1.17 1.12
  3   0.99 0.77 0.57 0.37 0.25 0.23 0.43 0.69 0.91 1.11 1.19 1.19 1.08 0.89 0.70 0.51 0.37 0.32 0.41 0.63 0.87 1.03 1.11 1.11
  4   0.99 0.83 0.62 0.43 0.27 0.21 0.31 0.54 0.78 1.00 1.12 1.17 1.11 0.95 0.79 0.59 0.43 0.33 0.35 0.53 0.74 0.93 1.03 1.06
  5   1.00 0.86 0.67 0.47 0.31 0.21 0.25 0.43 0.66 0.89 1.04 1.13 1.13 1.03 0.87 0.70 0.53 0.41 0.39 0.47 0.63 0.80 0.93 0.99
  6   0.96 0.87 0.73 0.55 0.39 0.29 0.28 0.38 0.55 0.76 0.94 1.06 1.09 1.05 0.93 0.77 0.61 0.47 0.40 0.42 0.56 0.71 0.83 0.92
  7   0.96 0.90 0.77 0.62 0.47 0.35 0.29 0.31 0.43 0.60 0.80 0.95 1.03 1.03 0.95 0.84 0.71 0.59 0.51 0.49 0.53 0.64 0.75 0.83
  8   0.87 0.85 0.78 0.67 0.54 0.42 0.34 0.33 0.41 0.55 0.68 0.83 0.94 0.99 0.98 0.91 0.81 0.71 0.62 0.55 0.53 0.56 0.63 0.72
  9   0.78 0.80 0.78 0.72 0.62 0.53 0.46 0.42 0.44 0.52 0.63 0.73 0.83 0.90 0.93 0.93 0.89 0.83 0.76 0.69 0.64 0.63 0.64 0.67
 10   0.71 0.74 0.75 0.74 0.71 0.66 0.61 0.56 0.53 0.53 0.56 0.63 0.71 0.80 0.88 0.93 0.95 0.94 0.89 0.82 0.76 0.70 0.64 0.61
 11   0.61 0.63 0.66 0.69 0.72 0.75 0.76 0.73 0.66 0.58 0.54 0.56 0.62 0.69 0.77 0.85 0.92 0.97 0.99 0.96 0.88 0.79 0.69 0.60
 12   0.52 0.49 0.52 0.59 0.68 0.77 0.85 0.85 0.79 0.70 0.62 0.56 0.54 0.57 0.65 0.75 0.88 0.99 1.05 1.06 1.01 0.89 0.77 0.64
 13   0.53 0.46 0.46 0.52 0.65 0.78 0.89 0.97 0.95 0.85 0.73 0.60 0.49 0.45 0.50 0.61 0.76 0.91 1.04 1.11 1.09 1.00 0.85 0.70
 14   0.53 0.41 0.36 0.42 0.58 0.76 0.93 1.05 1.09 1.03 0.89 0.72 0.56 0.44 0.39 0.48 0.66 0.86 1.03 1.13 1.16 1.10 0.96 0.78
 15   0.52 0.34 0.28 0.30 0.42 0.63 0.85 1.03 1.13 1.13 1.05 0.89 0.69 0.52 0.39 0.38 0.51 0.74 0.97 1.12 1.20 1.19 1.07 0.90
 16   0.70 0.51 0.35 0.27 0.32 0.53 0.79 1.02 1.17 1.22 1.18 1.03 0.84 0.57 0.40 0.34 0.38 0.57 0.83 1.03 1.16 1.20 1.15 0.99
 17   0.79 0.59 0.40 0.25 0.21 0.33 0.63 0.91 1.12 1.23 1.23 1.15 0.97 0.77 0.55 0.39 0.32 0.39 0.63 0.87 1.07 1.16 1.17 1.05
 18   0.84 0.65 0.43 0.25 0.14 0.15 0.38 0.71 0.99 1.17 1.24 1.22 1.09 0.90 0.69 0.50 0.36 0.33 0.47 0.71 0.93 1.10 1.19 1.14
 19   0.96 0.74 0.51 0.31 0.16 0.11 0.23 0.53 0.83 1.07 1.21 1.25 1.18 1.03 0.84 0.63 0.45 0.35 0.36 0.55 0.77 0.96 1.09 1.13
 20   1.06 0.85 0.65 0.44 0.25 0.13 0.14 0.35 0.66 0.90 1.10 1.20 1.21 1.11 0.95 0.78 0.59 0.45 0.35 0.41 0.62 0.82 0.98 1.07
 21   1.05 0.96 0.79 0.60 0.40 0.27 0.21 0.29 0.51 0.74 0.96 1.11 1.18 1.15 1.05 0.89 0.73 0.57 0.44 0.41 0.49 0.65 0.81 0.93
 22   0.99 0.98 0.87 0.71 0.54 0.39 0.28 0.26 0.39 0.58 0.77 0.93 1.06 1.12 1.09 1.00 0.86 0.72 0.58 0.47 0.44 0.51 0.64 0.75
 23   0.84 0.89 0.87 0.79 0.65 0.53 0.40 0.34 0.36 0.45 0.59 0.75 0.88 0.98 1.04 1.04 0.97 0.87 0.77 0.66 0.55 0.51 0.53 0.58
 24   0.66 0.74 0.79 0.80 0.76 0.69 0.60 0.51 0.45 0.43 0.47 0.57 0.68 0.79 0.90 0.98 1.02 1.00 0.92 0.83 0.73 0.63 0.55 0.51
 25   0.52 0.56 0.64 0.73 0.79 0.82 0.80 0.74 0.65 0.58 0.55 0.56 0.61 0.69 0.79 0.91 1.00 1.05 1.07 1.02 0.90 0.78 0.65 0.53
 26   0.45 0.44 0.51 0.63 0.75 0.86 0.94 0.97 0.92 0.81 0.70 0.58 0.53 0.57 0.68 0.79 0.92 1.03 1.10 1.11 1.05 0.93 0.78 0.63
 27   0.50 0.41 0.43 0.53 0.69 0.84 1.00 1.08 1.10 1.03 0.88 0.73 0.59 0.51 0.53 0.64 0.79 0.95 1.08 1.15 1.15 1.07 0.93 0.77
 28   0.61 0.49 0.42 0.46 0.62 0.79 0.98 1.11 1.17 1.15 1.03 0.87 0.71 0.57 0.48 0.51 0.67 0.85 1.01 1.12 1.17 1.15 1.03 0.87
 29   0.70 0.54 0.42 0.39 0.50 0.70 0.89 1.05 1.16 1.19 1.13 0.99 0.83 0.68 0.55 0.49 0.55 0.73 0.90 1.05 1.16 1.18 1.10 0.95
 30   0.78 0.62 0.46 0.37 0.41 0.58 0.79 0.99 1.14 1.22 1.21 1.11 0.96 0.80 0.65 0.52 0.48 0.59 0.79 0.96 1.09 1.16 1.15 1.01
 ----------------------------------------------------------------------------------------------------------------------------
                                                                                               
 ----------------------------------------------------------------------------------------------------------------------------
 ----------------------------------------------------------------------------------------------------------------------------
                                                          SURVEY OF INDIA
                                                    MARINE GEODESY WING (G&RB)
                                                     HOURLY HEIGHTS IN METRES
  NAME OF PORT:- MACHILIPATNAM                                                                      MONTH MAY       YEAR 2022
 ----------------------------------------------------------------------------------------------------------------------------
 DAYS 0000 0001 0002 0003 0004 0005 0006 0007 0008 0009 0010 0011 0012 0013 0014 0015 0016 0017 0018 0019 0020 0021 0022 0023
 ----------------------------------------------------------------------------------------------------------------------------
  1   0.84 0.69 0.52 0.39 0.35 0.46 0.67 0.89 1.08 1.19 1.22 1.18 1.07 0.91 0.76 0.62 0.53 0.57 0.73 0.91 1.03 1.12 1.13 1.05
  2   0.90 0.73 0.57 0.42 0.36 0.41 0.58 0.79 0.97 1.12 1.20 1.20 1.11 0.97 0.82 0.68 0.56 0.52 0.61 0.78 0.93 1.05 1.10 1.08
  3   0.99 0.80 0.64 0.48 0.37 0.37 0.50 0.72 0.93 1.10 1.19 1.22 1.17 1.05 0.89 0.75 0.63 0.56 0.59 0.70 0.84 0.96 1.05 1.07
  4   1.01 0.85 0.70 0.55 0.42 0.39 0.47 0.61 0.78 0.95 1.13 1.21 1.21 1.12 1.00 0.87 0.74 0.64 0.58 0.62 0.75 0.88 0.99 1.04
  5   1.02 0.91 0.77 0.63 0.50 0.40 0.40 0.51 0.66 0.82 0.98 1.12 1.17 1.15 1.07 0.95 0.82 0.70 0.61 0.60 0.71 0.82 0.92 1.00
  6   1.02 0.96 0.85 0.73 0.60 0.49 0.45 0.51 0.63 0.79 0.95 1.07 1.15 1.17 1.12 1.03 0.91 0.81 0.71 0.65 0.65 0.73 0.82 0.90
  7   0.94 0.93 0.87 0.77 0.67 0.57 0.49 0.49 0.58 0.74 0.89 1.02 1.12 1.15 1.13 1.05 0.95 0.85 0.77 0.70 0.68 0.74 0.82 0.90
  8   0.97 0.98 0.95 0.89 0.81 0.73 0.67 0.63 0.63 0.67 0.74 0.83 0.94 1.07 1.14 1.12 1.05 0.97 0.89 0.81 0.77 0.77 0.80 0.84
  9   0.88 0.93 0.95 0.94 0.90 0.85 0.79 0.75 0.76 0.81 0.88 0.95 1.03 1.11 1.17 1.21 1.23 1.22 1.18 1.13 1.08 1.03 1.00 1.00
 10   1.03 1.07 1.11 1.16 1.20 1.23 1.24 1.22 1.19 1.15 1.13 1.15 1.19 1.25 1.31 1.37 1.42 1.47 1.47 1.42 1.36 1.30 1.25 1.23
 11   1.24 1.27 1.31 1.37 1.42 1.47 1.49 1.47 1.40 1.33 1.27 1.22 1.18 1.19 1.24 1.31 1.37 1.43 1.48 1.51 1.49 1.43 1.33 1.23
 12   1.13 1.07 1.04 1.05 1.11 1.18 1.25 1.29 1.30 1.27 1.18 1.08 1.00 0.97 1.00 1.08 1.18 1.25 1.32 1.35 1.33 1.24 1.13 1.01
 13   0.91 0.81 0.77 0.82 0.95 1.09 1.19 1.27 1.30 1.27 1.19 1.09 0.99 0.91 0.89 0.97 1.08 1.20 1.29 1.35 1.37 1.32 1.18 1.04
 14   0.91 0.80 0.73 0.73 0.87 1.06 1.21 1.33 1.40 1.41 1.36 1.24 1.11 0.99 0.90 0.87 0.94 1.08 1.21 1.30 1.34 1.33 1.24 1.09
 15   0.95 0.81 0.68 0.63 0.71 0.87 1.08 1.27 1.39 1.45 1.44 1.31 1.15 1.01 0.89 0.81 0.81 0.92 1.07 1.21 1.30 1.33 1.28 1.17
 16   1.03 0.86 0.71 0.58 0.55 0.65 0.86 1.07 1.24 1.34 1.40 1.38 1.26 1.11 0.97 0.84 0.77 0.79 0.93 1.06 1.19 1.27 1.30 1.24
 17   1.12 0.96 0.80 0.63 0.53 0.53 0.67 0.94 1.11 1.27 1.37 1.40 1.36 1.23 1.09 0.93 0.80 0.72 0.74 0.90 1.06 1.17 1.24 1.27
 18   1.22 1.07 0.91 0.75 0.61 0.52 0.57 0.77 0.98 1.17 1.31 1.39 1.41 1.35 1.22 1.08 0.94 0.81 0.76 0.83 0.99 1.13 1.23 1.27
 19   1.24 1.17 1.05 0.89 0.76 0.65 0.62 0.67 0.86 1.03 1.17 1.27 1.35 1.38 1.34 1.21 1.07 0.93 0.83 0.80 0.84 0.97 1.09 1.17
 20   1.22 1.23 1.17 1.06 0.92 0.79 0.69 0.66 0.73 0.89 1.04 1.19 1.30 1.36 1.37 1.31 1.21 1.07 0.95 0.85 0.79 0.81 0.91 1.01
 21   1.08 1.12 1.11 1.06 0.97 0.85 0.74 0.65 0.64 0.74 0.92 1.07 1.19 1.29 1.33 1.33 1.27 1.17 1.06 0.95 0.85 0.81 0.83 0.90
 22   0.97 1.05 1.11 1.12 1.06 0.96 0.86 0.76 0.66 0.64 0.70 0.84 0.97 1.10 1.19 1.25 1.27 1.22 1.13 1.03 0.94 0.85 0.78 0.75
 23   0.78 0.88 0.99 1.07 1.11 1.09 1.03 0.95 0.84 0.75 0.72 0.75 0.85 0.97 1.09 1.18 1.24 1.26 1.23 1.15 1.06 0.97 0.87 0.81
 24   0.79 0.83 0.91 0.99 1.06 1.11 1.12 1.09 1.03 0.94 0.85 0.80 0.81 0.90 1.00 1.11 1.19 1.23 1.24 1.20 1.11 1.02 0.91 0.82
 25   0.76 0.78 0.85 0.95 1.04 1.13 1.19 1.21 1.18 1.11 1.02 0.94 0.89 0.89 0.93 1.01 1.09 1.17 1.22 1.20 1.13 1.03 0.93 0.82
 26   0.72 0.68 0.71 0.82 0.93 1.03 1.13 1.19 1.19 1.15 1.07 0.97 0.89 0.83 0.82 0.89 0.99 1.08 1.14 1.17 1.16 1.09 0.99 0.87
 27   0.77 0.68 0.65 0.70 0.82 0.96 1.10 1.19 1.24 1.22 1.14 1.03 0.93 0.83 0.76 0.76 0.87 0.99 1.09 1.15 1.17 1.12 1.03 0.90
 28   0.78 0.66 0.60 0.61 0.71 0.83 0.96 1.07 1.17 1.23 1.21 1.13 1.03 0.92 0.82 0.76 0.78 0.88 1.00 1.09 1.15 1.15 1.08 0.95
 29   0.82 0.70 0.58 0.53 0.57 0.72 0.88 1.01 1.13 1.20 1.22 1.17 1.07 0.97 0.86 0.78 0.75 0.81 0.92 1.03 1.11 1.14 1.11 1.04
 30   0.92 0.76 0.63 0.53 0.51 0.61 0.78 0.95 1.10 1.20 1.24 1.23 1.15 1.04 0.91 0.81 0.73 0.72 0.81 0.95 1.09 1.14 1.11 1.03
 31   0.92 0.80 0.68 0.57 0.51 0.55 0.71 0.87 1.01 1.14 1.21 1.23 1.17 1.07 0.96 0.83 0.75 0.72 0.77 0.89 0.99 1.07 1.13 1.12
 ----------------------------------------------------------------------------------------------------------------------------
                                                                                               
 ----------------------------------------------------------------------------------------------------------------------------
 ----------------------------------------------------------------------------------------------------------------------------
                                                          SURVEY OF INDIA
                                                    MARINE GEODESY WING (G&RB)
                                                     HOURLY HEIGHTS IN METRES
  NAME OF PORT:- MACHILIPATNAM                                                                      MONTH JUNE      YEAR 2022
 ----------------------------------------------------------------------------------------------------------------------------
 DAYS 0000 0001 0002 0003 0004 0005 0006 0007 0008 0009 0010 0011 0012 0013 0014 0015 0016 0017 0018 0019 0020 0021 0022 0023
 ----------------------------------------------------------------------------------------------------------------------------
  1   1.03 0.89 0.76 0.64 0.54 0.51 0.61 0.77 0.93 1.08 1.19 1.25 1.25 1.17 1.07 0.95 0.85 0.77 0.76 0.84 0.94 1.03 1.08 1.09
  2   1.05 0.96 0.83 0.71 0.60 0.55 0.58 0.72 0.88 1.04 1.17 1.25 1.27 1.24 1.16 1.05 0.95 0.84 0.79 0.82 0.90 1.00 1.08 1.13
  3   1.13 1.07 0.95 0.82 0.71 0.61 0.59 0.68 0.83 0.99 1.11 1.21 1.26 1.26 1.20 1.10 1.00 0.90 0.82 0.78 0.83 0.94 1.03 1.10
  4   1.12 1.08 0.99 0.88 0.76 0.65 0.60 0.65 0.79 0.94 1.07 1.18 1.25 1.28 1.25 1.17 1.07 0.95 0.86 0.81 0.82 0.90 1.00 1.07
  5   1.11 1.10 1.03 0.93 0.83 0.73 0.65 0.65 0.72 0.87 1.01 1.12 1.23 1.28 1.28 1.24 1.15 1.04 0.93 0.86 0.85 0.89 0.97 1.04
  6   1.11 1.13 1.09 1.00 0.90 0.79 0.69 0.66 0.73 0.88 1.00 1.11 1.20 1.26 1.28 1.24 1.15 1.05 0.95 0.87 0.81 0.81 0.87 0.95
  7   1.02 1.08 1.09 1.05 0.98 0.90 0.82 0.77 0.77 0.83 0.94 1.05 1.14 1.21 1.25 1.24 1.20 1.12 1.03 0.93 0.84 0.81 0.83 0.89
  8   0.98 1.06 1.11 1.13 1.10 1.05 0.98 0.91 0.83 0.79 0.81 0.90 1.01 1.09 1.15 1.18 1.18 1.13 1.06 0.97 0.87 0.79 0.75 0.75
  9   0.79 0.88 0.98 1.05 1.09 1.10 1.06 0.99 0.91 0.83 0.78 0.80 0.89 0.98 1.08 1.15 1.19 1.20 1.15 1.07 0.96 0.85 0.76 0.71
 10   0.72 0.79 0.89 0.99 1.10 1.15 1.15 1.12 1.05 0.95 0.86 0.82 0.82 0.87 0.96 1.06 1.15 1.21 1.19 1.13 1.03 0.91 0.79 0.68
 11   0.62 0.64 0.76 0.91 1.05 1.16 1.22 1.24 1.19 1.10 1.00 0.91 0.83 0.80 0.85 0.96 1.07 1.15 1.20 1.19 1.11 1.00 0.87 0.73
 12   0.62 0.58 0.64 0.79 0.95 1.09 1.21 1.27 1.27 1.21 1.10 1.00 0.90 0.81 0.79 0.85 0.98 1.09 1.18 1.23 1.21 1.11 0.97 0.83
 13   0.69 0.58 0.52 0.57 0.75 0.96 1.13 1.25 1.31 1.30 1.20 1.07 0.94 0.83 0.75 0.74 0.83 0.96 1.07 1.17 1.22 1.19 1.05 0.90
 14   0.76 0.63 0.53 0.49 0.57 0.79 1.02 1.21 1.33 1.37 1.33 1.21 1.07 0.93 0.82 0.73 0.72 0.80 0.95 1.09 1.20 1.24 1.19 1.06
 15   0.89 0.75 0.61 0.51 0.49 0.62 0.85 1.06 1.24 1.34 1.37 1.31 1.19 1.03 0.90 0.78 0.71 0.70 0.78 0.93 1.08 1.19 1.22 1.15
 16   1.02 0.87 0.74 0.60 0.51 0.51 0.67 0.89 1.10 1.28 1.37 1.37 1.29 1.17 1.02 0.89 0.78 0.71 0.73 0.85 1.00 1.13 1.20 1.21
 17   1.16 1.02 0.87 0.74 0.62 0.54 0.56 0.73 0.95 1.16 1.28 1.35 1.36 1.29 1.15 1.01 0.88 0.78 0.71 0.73 0.85 0.99 1.10 1.16
 18   1.16 1.09 0.96 0.83 0.71 0.59 0.53 0.56 0.69 0.99 1.15 1.26 1.33 1.32 1.25 1.12 0.98 0.85 0.75 0.69 0.70 0.82 0.94 1.04
 19   1.11 1.11 1.03 0.91 0.79 0.69 0.61 0.60 0.68 0.84 1.01 1.15 1.25 1.31 1.29 1.20 1.09 0.96 0.84 0.75 0.69 0.71 0.83 0.95
 20   1.03 1.09 1.11 1.07 0.97 0.86 0.77 0.70 0.69 0.76 0.89 1.03 1.14 1.23 1.27 1.24 1.15 1.04 0.94 0.84 0.76 0.70 0.72 0.81
 21   0.91 0.98 1.04 1.07 1.05 0.97 0.88 0.80 0.73 0.72 0.79 0.88 0.98 1.07 1.15 1.20 1.18 1.09 0.99 0.88 0.77 0.68 0.65 0.69
 22   0.76 0.85 0.95 1.03 1.07 1.06 1.01 0.93 0.86 0.80 0.79 0.83 0.90 0.99 1.06 1.12 1.13 1.09 1.01 0.92 0.83 0.74 0.67 0.63
 23   0.67 0.75 0.85 0.96 1.04 1.08 1.07 1.03 0.96 0.89 0.81 0.76 0.77 0.83 0.91 0.98 1.04 1.06 1.03 0.95 0.85 0.76 0.67 0.61
 24   0.60 0.66 0.77 0.89 1.00 1.08 1.13 1.13 1.08 1.01 0.93 0.85 0.79 0.79 0.83 0.90 0.97 1.02 1.06 1.05 0.98 0.87 0.77 0.67
 25   0.60 0.59 0.69 0.80 0.92 1.04 1.13 1.18 1.17 1.11 1.01 0.91 0.82 0.77 0.77 0.83 0.91 0.98 1.05 1.07 1.03 0.95 0.85 0.75
 26   0.66 0.59 0.60 0.69 0.82 0.97 1.08 1.16 1.19 1.17 1.08 0.99 0.89 0.80 0.75 0.76 0.83 0.92 1.01 1.06 1.05 0.99 0.89 0.80
 27   0.72 0.64 0.59 0.63 0.76 0.91 1.06 1.18 1.23 1.22 1.17 1.08 0.98 0.88 0.80 0.75 0.76 0.83 0.94 1.03 1.07 1.05 0.97 0.86
 28   0.75 0.64 0.56 0.56 0.65 0.80 0.96 1.11 1.21 1.27 1.24 1.15 1.05 0.94 0.85 0.77 0.74 0.80 0.91 1.01 1.08 1.10 1.05 0.95
 29   0.83 0.73 0.62 0.55 0.58 0.71 0.90 1.07 1.21 1.31 1.31 1.25 1.15 1.04 0.93 0.85 0.79 0.79 0.87 0.98 1.07 1.13 1.13 1.04
 30   0.93 0.80 0.69 0.61 0.58 0.65 0.81 0.99 1.15 1.26 1.31 1.29 1.21 1.10 0.97 0.85 0.76 0.73 0.77 0.89 1.01 1.10 1.14 1.10
 ----------------------------------------------------------------------------------------------------------------------------
                                                                                               
 ----------------------------------------------------------------------------------------------------------------------------
 ----------------------------------------------------------------------------------------------------------------------------
                                                          SURVEY OF INDIA
                                                    MARINE GEODESY WING (G&RB)
                                                     HOURLY HEIGHTS IN METRES
  NAME OF PORT:- MACHILIPATNAM                                                                      MONTH JULY      YEAR 2022
 ----------------------------------------------------------------------------------------------------------------------------
 DAYS 0000 0001 0002 0003 0004 0005 0006 0007 0008 0009 0010 0011 0012 0013 0014 0015 0016 0017 0018 0019 0020 0021 0022 0023
 ----------------------------------------------------------------------------------------------------------------------------
  1   1.00 0.87 0.75 0.65 0.57 0.58 0.67 0.85 1.03 1.19 1.29 1.31 1.26 1.15 1.04 0.92 0.83 0.76 0.75 0.83 0.95 1.06 1.14 1.15
  2   1.09 0.98 0.85 0.72 0.61 0.54 0.58 0.75 0.94 1.11 1.24 1.31 1.30 1.23 1.11 1.00 0.89 0.79 0.75 0.79 0.89 1.00 1.09 1.15
  3   1.14 1.07 0.95 0.82 0.71 0.62 0.59 0.68 0.85 1.05 1.20 1.30 1.34 1.31 1.21 1.09 0.95 0.85 0.77 0.74 0.79 0.91 1.03 1.12
  4   1.16 1.13 1.04 0.93 0.83 0.73 0.67 0.69 0.81 0.97 1.11 1.25 1.33 1.34 1.28 1.17 1.05 0.94 0.84 0.78 0.77 0.85 0.95 1.06
  5   1.13 1.13 1.09 1.02 0.91 0.81 0.73 0.70 0.78 0.92 1.05 1.16 1.25 1.30 1.30 1.25 1.16 1.04 0.91 0.82 0.78 0.80 0.88 0.97
  6   1.04 1.09 1.09 1.04 0.96 0.87 0.76 0.68 0.70 0.79 0.91 1.02 1.12 1.22 1.24 1.19 1.10 0.99 0.87 0.77 0.69 0.65 0.70 0.81
  7   0.92 1.01 1.07 1.09 1.06 0.98 0.87 0.78 0.72 0.73 0.81 0.91 1.02 1.11 1.18 1.20 1.15 1.05 0.94 0.83 0.73 0.66 0.64 0.70
  8   0.82 0.93 1.03 1.11 1.13 1.09 1.01 0.93 0.84 0.78 0.76 0.81 0.91 0.99 1.06 1.11 1.11 1.06 0.95 0.83 0.73 0.63 0.55 0.53
  9   0.60 0.74 0.87 1.02 1.13 1.15 1.12 1.06 0.98 0.89 0.81 0.78 0.82 0.91 1.00 1.08 1.14 1.14 1.07 0.97 0.84 0.73 0.63 0.55
 10   0.53 0.57 0.69 0.85 1.01 1.13 1.21 1.21 1.15 1.05 0.94 0.81 0.73 0.73 0.80 0.89 0.99 1.07 1.10 1.05 0.94 0.83 0.70 0.58
 11   0.50 0.48 0.54 0.70 0.87 1.05 1.17 1.24 1.23 1.16 1.05 0.93 0.82 0.74 0.71 0.76 0.87 0.97 1.06 1.09 1.04 0.92 0.80 0.66
 12   0.53 0.44 0.41 0.46 0.64 0.85 1.05 1.18 1.25 1.24 1.16 1.05 0.93 0.82 0.72 0.65 0.66 0.77 0.90 1.01 1.02 0.95 0.84 0.70
 13   0.56 0.44 0.35 0.33 0.42 0.63 0.88 1.08 1.21 1.27 1.24 1.12 0.99 0.85 0.72 0.62 0.58 0.65 0.79 0.95 1.07 1.12 1.05 0.91
 14   0.76 0.61 0.47 0.37 0.35 0.49 0.71 0.95 1.15 1.25 1.28 1.24 1.14 0.97 0.83 0.70 0.61 0.59 0.70 0.88 1.07 1.16 1.17 1.11
 15   1.00 0.86 0.72 0.59 0.50 0.53 0.68 0.89 1.09 1.25 1.33 1.35 1.28 1.15 1.02 0.89 0.78 0.70 0.70 0.83 0.97 1.09 1.17 1.19
 16   1.13 1.01 0.88 0.75 0.63 0.55 0.55 0.75 0.97 1.15 1.28 1.35 1.36 1.28 1.16 1.03 0.91 0.78 0.70 0.73 0.85 0.98 1.10 1.18
 17   1.19 1.11 1.00 0.89 0.77 0.66 0.63 0.71 0.89 1.08 1.22 1.33 1.39 1.39 1.29 1.16 1.03 0.92 0.82 0.77 0.80 0.90 1.02 1.12
 18   1.19 1.19 1.13 1.04 0.93 0.83 0.76 0.73 0.81 0.95 1.07 1.20 1.29 1.32 1.27 1.17 1.03 0.90 0.80 0.72 0.72 0.80 0.92 1.01
 19   1.10 1.16 1.15 1.07 0.95 0.83 0.71 0.63 0.63 0.74 0.92 1.06 1.18 1.25 1.27 1.21 1.09 0.96 0.84 0.73 0.66 0.65 0.76 0.90
 20   1.00 1.08 1.12 1.10 1.03 0.93 0.81 0.72 0.67 0.68 0.80 0.94 1.07 1.15 1.19 1.17 1.10 0.99 0.87 0.75 0.66 0.62 0.65 0.73
 21   0.86 0.97 1.05 1.08 1.05 0.99 0.90 0.80 0.71 0.66 0.69 0.79 0.90 0.99 1.07 1.11 1.08 1.01 0.90 0.79 0.69 0.60 0.56 0.59
 22   0.69 0.81 0.93 1.02 1.06 1.03 0.96 0.88 0.79 0.72 0.69 0.70 0.74 0.82 0.90 0.96 0.97 0.93 0.85 0.77 0.69 0.61 0.56 0.55
 23   0.60 0.71 0.81 0.90 0.98 1.03 1.03 0.99 0.92 0.84 0.77 0.72 0.71 0.75 0.80 0.85 0.89 0.91 0.90 0.85 0.77 0.70 0.62 0.57
 24   0.58 0.62 0.70 0.81 0.92 1.00 1.06 1.07 1.03 0.96 0.88 0.80 0.73 0.70 0.72 0.77 0.83 0.88 0.91 0.91 0.85 0.77 0.69 0.61
 25   0.55 0.53 0.57 0.67 0.78 0.91 1.01 1.09 1.11 1.06 0.98 0.89 0.79 0.72 0.69 0.72 0.77 0.83 0.88 0.92 0.92 0.87 0.79 0.69
 26   0.60 0.53 0.51 0.56 0.69 0.82 0.95 1.07 1.13 1.12 1.05 0.96 0.85 0.76 0.68 0.65 0.68 0.76 0.84 0.91 0.94 0.92 0.85 0.75
 27   0.65 0.57 0.51 0.52 0.61 0.77 0.92 1.05 1.16 1.21 1.18 1.08 0.97 0.87 0.76 0.69 0.68 0.73 0.86 0.97 1.05 1.08 1.03 0.93
 28   0.83 0.73 0.64 0.59 0.63 0.77 0.94 1.09 1.21 1.27 1.28 1.24 1.13 1.02 0.91 0.83 0.79 0.81 0.91 1.02 1.11 1.16 1.15 1.07
 29   0.95 0.85 0.75 0.67 0.66 0.73 0.89 1.06 1.18 1.27 1.32 1.29 1.21 1.09 0.99 0.89 0.81 0.79 0.85 0.97 1.07 1.15 1.18 1.14
 30   1.03 0.93 0.82 0.72 0.65 0.67 0.81 0.98 1.14 1.26 1.32 1.33 1.26 1.14 1.01 0.91 0.81 0.76 0.79 0.91 1.03 1.11 1.17 1.18
 31   1.14 0.99 0.84 0.73 0.65 0.64 0.72 0.89 1.06 1.20 1.29 1.34 1.30 1.18 1.05 0.92 0.81 0.72 0.70 0.79 0.92 1.03 1.11 1.15
 ----------------------------------------------------------------------------------------------------------------------------
                                                                                              
 ----------------------------------------------------------------------------------------------------------------------------
 ----------------------------------------------------------------------------------------------------------------------------
                                                          SURVEY OF INDIA
                                                    MARINE GEODESY WING (G&RB)
                                                     HOURLY HEIGHTS IN METRES
  NAME OF PORT:- MACHILIPATNAM                                                                      MONTH AUGUST    YEAR 2022
 ----------------------------------------------------------------------------------------------------------------------------
 DAYS 0000 0001 0002 0003 0004 0005 0006 0007 0008 0009 0010 0011 0012 0013 0014 0015 0016 0017 0018 0019 0020 0021 0022 0023
 ----------------------------------------------------------------------------------------------------------------------------
  1   1.25 1.00 0.89 0.77 0.65 0.58 0.60 0.73 0.90 1.07 1.20 1.27 1.28 1.18 1.06 0.92 0.78 0.67 0.62 0.66 0.79 0.93 1.05 1.13
  2   1.14 1.06 0.95 0.81 0.69 0.60 0.58 0.67 0.82 0.99 1.13 1.24 1.29 1.24 1.13 1.00 0.86 0.74 0.65 0.63 0.71 0.84 0.95 1.04
  3   1.11 1.11 1.04 0.92 0.81 0.71 0.63 0.64 0.74 0.92 1.08 1.19 1.25 1.25 1.19 1.08 0.95 0.83 0.70 0.62 0.65 0.78 0.93 1.04
  4   1.14 1.18 1.15 1.07 0.95 0.85 0.76 0.72 0.75 0.86 1.00 1.11 1.21 1.27 1.25 1.17 1.06 0.95 0.83 0.74 0.70 0.75 0.87 0.99
  5   1.11 1.19 1.22 1.18 1.09 1.00 0.91 0.83 0.81 0.85 0.96 1.05 1.14 1.19 1.21 1.17 1.08 0.97 0.87 0.78 0.71 0.69 0.74 0.84
  6   0.96 1.06 1.14 1.18 1.17 1.11 1.02 0.95 0.89 0.86 0.88 0.93 1.01 1.07 1.12 1.14 1.10 1.01 0.91 0.82 0.73 0.67 0.65 0.69
  7   0.80 0.92 1.01 1.10 1.15 1.15 1.10 1.03 0.96 0.88 0.82 0.81 0.86 0.93 0.99 1.03 1.04 1.01 0.96 0.89 0.81 0.71 0.64 0.61
  8   0.64 0.72 0.84 0.98 1.09 1.19 1.23 1.20 1.13 1.04 0.93 0.84 0.79 0.79 0.86 0.94 1.02 1.06 1.07 1.03 0.95 0.85 0.75 0.67
  9   0.62 0.62 0.69 0.81 0.97 1.11 1.21 1.25 1.22 1.14 1.04 0.93 0.82 0.76 0.76 0.80 0.89 1.00 1.08 1.12 1.08 0.99 0.88 0.78
 10   0.69 0.62 0.60 0.67 0.81 0.99 1.15 1.27 1.33 1.30 1.20 1.07 0.95 0.83 0.74 0.70 0.75 0.88 1.03 1.12 1.15 1.11 1.01 0.87
 11   0.76 0.66 0.57 0.53 0.61 0.79 0.98 1.15 1.25 1.31 1.29 1.15 1.00 0.86 0.74 0.65 0.62 0.70 0.84 0.98 1.09 1.14 1.09 0.97
 12   0.83 0.70 0.58 0.48 0.45 0.55 0.77 0.99 1.17 1.29 1.31 1.23 1.09 0.94 0.79 0.66 0.58 0.57 0.66 0.87 1.03 1.15 1.18 1.11
 13   0.97 0.82 0.68 0.56 0.47 0.48 0.65 0.88 1.08 1.25 1.33 1.33 1.25 1.09 0.95 0.81 0.69 0.61 0.65 0.80 0.98 1.12 1.21 1.23
 14   1.16 1.03 0.88 0.76 0.64 0.59 0.66 0.82 1.04 1.21 1.34 1.39 1.35 1.24 1.07 0.92 0.79 0.69 0.63 0.69 0.85 1.00 1.13 1.20
 15   1.20 1.12 0.99 0.84 0.71 0.61 0.59 0.71 0.89 1.05 1.19 1.27 1.30 1.24 1.09 0.93 0.79 0.66 0.56 0.55 0.66 0.84 1.01 1.12
 16   1.17 1.14 1.01 0.86 0.73 0.60 0.52 0.54 0.68 0.85 0.99 1.12 1.20 1.17 1.05 0.89 0.74 0.61 0.51 0.48 0.56 0.73 0.90 1.04
 17   1.13 1.15 1.09 0.95 0.83 0.70 0.60 0.55 0.61 0.75 0.91 1.05 1.16 1.21 1.16 1.04 0.89 0.76 0.65 0.58 0.59 0.73 0.88 1.00
 18   1.10 1.17 1.18 1.13 1.04 0.93 0.83 0.76 0.76 0.83 0.94 1.04 1.13 1.20 1.21 1.15 1.03 0.91 0.80 0.71 0.67 0.71 0.81 0.95
 19   1.06 1.14 1.19 1.20 1.15 1.06 0.96 0.86 0.79 0.79 0.84 0.93 1.03 1.09 1.11 1.07 1.00 0.91 0.83 0.76 0.71 0.70 0.77 0.89
 20   0.99 1.08 1.15 1.19 1.19 1.13 1.05 0.97 0.91 0.87 0.85 0.87 0.93 1.01 1.07 1.09 1.07 1.00 0.91 0.83 0.77 0.73 0.72 0.75
 21   0.84 0.93 1.01 1.07 1.12 1.13 1.09 1.03 0.96 0.89 0.84 0.81 0.81 0.84 0.89 0.94 0.96 0.96 0.93 0.87 0.80 0.72 0.67 0.65
 22   0.68 0.74 0.83 0.92 1.01 1.09 1.13 1.11 1.06 0.99 0.90 0.83 0.79 0.79 0.83 0.88 0.94 0.99 1.01 0.99 0.94 0.87 0.79 0.71
 23   0.67 0.69 0.75 0.86 0.98 1.07 1.16 1.21 1.20 1.14 1.04 0.95 0.86 0.79 0.77 0.81 0.89 0.97 1.03 1.06 1.03 0.95 0.86 0.77
 24   0.68 0.62 0.65 0.75 0.88 1.02 1.13 1.22 1.25 1.22 1.13 1.02 0.90 0.79 0.74 0.75 0.82 0.91 1.01 1.09 1.11 1.07 0.99 0.87
 25   0.76 0.67 0.63 0.67 0.77 0.94 1.09 1.20 1.27 1.28 1.22 1.12 0.99 0.87 0.78 0.72 0.75 0.86 0.99 1.09 1.14 1.12 1.05 0.95
 26   0.82 0.71 0.62 0.59 0.69 0.85 1.01 1.17 1.27 1.30 1.26 1.16 1.03 0.89 0.78 0.70 0.68 0.78 0.93 1.05 1.15 1.19 1.14 1.03
 27   0.90 0.78 0.67 0.61 0.63 0.77 0.95 1.13 1.27 1.34 1.34 1.25 1.12 0.98 0.85 0.75 0.68 0.71 0.85 1.00 1.11 1.20 1.21 1.13
 28   1.00 0.87 0.75 0.65 0.59 0.65 0.83 1.03 1.19 1.31 1.33 1.28 1.15 1.01 0.86 0.75 0.65 0.63 0.73 0.91 1.05 1.17 1.22 1.19
 29   1.08 0.94 0.81 0.69 0.60 0.58 0.71 0.91 1.10 1.23 1.31 1.31 1.21 1.08 0.93 0.79 0.68 0.61 0.61 0.80 1.01 1.14 1.24 1.26
 30   1.19 1.07 0.93 0.81 0.69 0.62 0.64 0.81 1.00 1.17 1.28 1.32 1.27 1.15 1.01 0.87 0.76 0.67 0.63 0.72 0.91 1.10 1.22 1.29
 31   1.27 1.17 1.06 0.93 0.81 0.71 0.67 0.75 0.94 1.10 1.24 1.31 1.32 1.25 1.11 0.96 0.83 0.72 0.66 0.72 0.89 1.06 1.20 1.30
 ----------------------------------------------------------------------------------------------------------------------------
                                                                                               
 ----------------------------------------------------------------------------------------------------------------------------
 ----------------------------------------------------------------------------------------------------------------------------
                                                          SURVEY OF INDIA
                                                    MARINE GEODESY WING (G&RB)
                                                     HOURLY HEIGHTS IN METRES
  NAME OF PORT:- MACHILIPATNAM                                                                      MONTH SEPT      YEAR 2022
 ----------------------------------------------------------------------------------------------------------------------------
 DAYS 0000 0001 0002 0003 0004 0005 0006 0007 0008 0009 0010 0011 0012 0013 0014 0015 0016 0017 0018 0019 0020 0021 0022 0023
 ----------------------------------------------------------------------------------------------------------------------------
  1   1.33 1.28 1.19 1.07 0.95 0.84 0.79 0.82 0.94 1.09 1.22 1.31 1.35 1.31 1.21 1.08 0.93 0.81 0.71 0.68 0.77 0.94 1.11 1.24
  2   1.31 1.33 1.27 1.18 1.07 0.96 0.87 0.83 0.88 0.99 1.12 1.23 1.32 1.33 1.26 1.15 1.01 0.89 0.79 0.72 0.73 0.84 0.99 1.13
  3   1.24 1.31 1.32 1.26 1.17 1.06 0.96 0.89 0.87 0.93 1.02 1.13 1.21 1.27 1.27 1.19 1.08 0.97 0.85 0.76 0.71 0.76 0.88 1.01
  4   1.12 1.22 1.29 1.30 1.25 1.16 1.03 0.88 0.82 0.84 0.91 0.99 1.08 1.19 1.24 1.22 1.13 1.03 0.93 0.84 0.76 0.70 0.71 0.79
  5   0.90 1.00 1.11 1.18 1.22 1.19 1.11 1.03 0.94 0.86 0.81 0.81 0.87 0.95 1.02 1.07 1.09 1.07 1.01 0.91 0.82 0.73 0.65 0.64
  6   0.68 0.79 0.91 1.04 1.13 1.20 1.22 1.17 1.09 0.99 0.89 0.80 0.76 0.77 0.83 0.92 0.99 1.04 1.05 1.01 0.93 0.82 0.71 0.61
  7   0.57 0.61 0.73 0.88 1.06 1.21 1.27 1.27 1.23 1.14 1.01 0.89 0.79 0.71 0.69 0.76 0.88 0.98 1.08 1.12 1.09 0.99 0.86 0.74
  8   0.62 0.55 0.56 0.67 0.87 1.05 1.23 1.32 1.34 1.28 1.15 1.03 0.89 0.78 0.69 0.66 0.76 0.91 1.04 1.16 1.21 1.17 1.06 0.94
  9   0.80 0.69 0.61 0.61 0.77 0.97 1.16 1.33 1.42 1.45 1.37 1.22 1.09 0.96 0.85 0.78 0.78 0.89 1.06 1.22 1.33 1.37 1.31 1.19
 10   1.06 0.95 0.83 0.76 0.78 0.98 1.18 1.33 1.47 1.55 1.53 1.40 1.25 1.12 1.00 0.89 0.84 0.91 1.06 1.22 1.37 1.46 1.48 1.38
 11   1.22 1.10 0.98 0.89 0.85 0.90 1.08 1.27 1.43 1.55 1.59 1.52 1.38 1.23 1.10 0.99 0.91 0.90 1.01 1.17 1.31 1.44 1.51 1.48
 12   1.36 1.23 1.10 1.00 0.91 0.88 0.98 1.16 1.33 1.46 1.55 1.53 1.41 1.29 1.15 1.03 0.92 0.86 0.88 1.02 1.19 1.33 1.44 1.47
 13   1.40 1.28 1.15 1.03 0.92 0.84 0.83 0.95 1.13 1.28 1.39 1.43 1.38 1.25 1.11 0.98 0.85 0.76 0.73 0.81 1.00 1.18 1.31 1.38
 14   1.36 1.26 1.15 1.01 0.88 0.79 0.74 0.79 0.94 1.09 1.22 1.31 1.33 1.27 1.14 0.93 0.79 0.68 0.63 0.67 0.84 1.02 1.19 1.29
 15   1.31 1.25 1.16 1.04 0.91 0.78 0.70 0.68 0.77 0.93 1.09 1.19 1.23 1.19 1.09 0.94 0.80 0.68 0.61 0.62 0.75 0.92 1.07 1.20
 16   1.28 1.28 1.19 1.08 0.96 0.84 0.75 0.70 0.72 0.85 0.98 1.08 1.14 1.13 1.03 0.90 0.77 0.67 0.60 0.59 0.66 0.80 0.96 1.09
 17   1.17 1.20 1.17 1.10 1.02 0.93 0.85 0.79 0.78 0.85 0.94 1.03 1.10 1.11 1.05 0.95 0.85 0.75 0.67 0.63 0.64 0.74 0.85 0.96
 18   1.06 1.13 1.15 1.13 1.07 0.99 0.92 0.86 0.82 0.83 0.88 0.93 0.99 1.02 1.01 0.96 0.90 0.83 0.77 0.72 0.70 0.71 0.77 0.86
 19   0.93 0.99 1.04 1.06 1.05 1.02 0.99 0.96 0.93 0.90 0.88 0.88 0.90 0.93 0.94 0.93 0.90 0.87 0.84 0.80 0.77 0.75 0.76 0.81
 20   0.87 0.92 0.97 1.01 1.05 1.09 1.09 1.07 1.03 0.99 0.94 0.90 0.88 0.88 0.90 0.92 0.95 0.97 0.97 0.95 0.92 0.88 0.84 0.80
 21   0.79 0.82 0.88 0.95 1.01 1.07 1.12 1.14 1.11 1.05 0.98 0.89 0.83 0.79 0.80 0.84 0.91 0.98 1.04 1.05 1.02 0.96 0.89 0.81
 22   0.74 0.73 0.78 0.87 0.97 1.07 1.14 1.20 1.21 1.16 1.07 0.96 0.85 0.76 0.71 0.75 0.83 0.93 1.02 1.08 1.08 1.01 0.92 0.81
 23   0.72 0.64 0.61 0.68 0.82 0.97 1.11 1.20 1.24 1.22 1.11 1.00 0.89 0.77 0.68 0.65 0.75 0.89 1.02 1.11 1.17 1.17 1.09 0.97
 24   0.84 0.74 0.66 0.65 0.77 0.94 1.09 1.22 1.29 1.30 1.21 1.09 0.97 0.85 0.75 0.66 0.65 0.75 1.00 1.16 1.27 1.31 1.26 1.14
 25   1.01 0.89 0.79 0.71 0.72 0.89 1.08 1.22 1.33 1.37 1.34 1.21 1.07 0.94 0.82 0.72 0.69 0.78 0.95 1.11 1.27 1.36 1.37 1.27
 26   1.13 1.01 0.89 0.81 0.78 0.87 1.04 1.19 1.33 1.41 1.40 1.31 1.19 1.05 0.91 0.81 0.75 0.81 0.97 1.16 1.31 1.41 1.44 1.38
 27   1.25 1.11 0.99 0.89 0.83 0.86 1.00 1.16 1.31 1.42 1.47 1.41 1.28 1.13 0.99 0.86 0.78 0.77 0.86 1.08 1.27 1.41 1.49 1.49
 28   1.39 1.26 1.12 1.00 0.93 0.91 0.98 1.14 1.29 1.44 1.52 1.51 1.43 1.29 1.16 1.03 0.93 0.87 0.93 1.11 1.28 1.43 1.55 1.59
 29   1.54 1.42 1.29 1.16 1.06 1.01 1.03 1.13 1.27 1.39 1.50 1.55 1.50 1.37 1.24 1.12 1.01 0.93 0.91 1.01 1.18 1.34 1.47 1.56
 30   1.58 1.52 1.41 1.28 1.17 1.08 1.04 1.08 1.19 1.30 1.40 1.48 1.50 1.43 1.33 1.23 1.14 1.06 0.99 1.00 1.09 1.23 1.35 1.45
 ----------------------------------------------------------------------------------------------------------------------------
                                                                                               
 ----------------------------------------------------------------------------------------------------------------------------
 ----------------------------------------------------------------------------------------------------------------------------
                                                          SURVEY OF INDIA
                                                    MARINE GEODESY WING (G&RB)
                                                     HOURLY HEIGHTS IN METRES
  NAME OF PORT:- MACHILIPATNAM                                                                      MONTH OCTOBER   YEAR 2022
 ----------------------------------------------------------------------------------------------------------------------------
 DAYS 0000 0001 0002 0003 0004 0005 0006 0007 0008 0009 0010 0011 0012 0013 0014 0015 0016 0017 0018 0019 0020 0021 0022 0023
 ----------------------------------------------------------------------------------------------------------------------------
  1   1.52 1.52 1.44 1.32 1.21 1.12 1.05 1.04 1.10 1.19 1.29 1.37 1.44 1.43 1.34 1.24 1.12 1.03 0.95 0.92 0.97 1.09 1.21 1.32
  2   1.42 1.49 1.48 1.40 1.30 1.21 1.13 1.08 1.07 1.11 1.17 1.25 1.32 1.35 1.32 1.25 1.17 1.09 1.02 0.97 0.96 1.01 1.10 1.19
  3   1.29 1.36 1.41 1.40 1.35 1.27 1.18 1.11 1.06 1.04 1.06 1.09 1.13 1.17 1.19 1.18 1.15 1.09 1.03 0.97 0.93 0.92 0.95 1.01
  4   1.09 1.17 1.24 1.30 1.32 1.30 1.25 1.18 1.11 1.03 0.98 0.97 0.98 1.01 1.05 1.10 1.13 1.13 1.10 1.06 1.00 0.94 0.90 0.92
  5   0.97 1.04 1.11 1.19 1.28 1.34 1.37 1.35 1.28 1.20 1.11 1.04 0.99 0.98 1.01 1.07 1.13 1.20 1.25 1.24 1.20 1.15 1.08 1.02
  6   1.00 1.03 1.09 1.17 1.28 1.38 1.47 1.51 1.48 1.40 1.31 1.22 1.13 1.07 1.06 1.11 1.18 1.25 1.34 1.41 1.41 1.36 1.28 1.19
  7   1.12 1.09 1.11 1.16 1.25 1.37 1.50 1.59 1.61 1.56 1.46 1.33 1.21 1.13 1.08 1.08 1.13 1.25 1.36 1.47 1.52 1.49 1.40 1.29
  8   1.18 1.09 1.04 1.04 1.12 1.27 1.41 1.54 1.61 1.60 1.51 1.37 1.25 1.14 1.06 1.01 1.05 1.17 1.31 1.45 1.56 1.58 1.51 1.39
  9   1.28 1.18 1.09 1.06 1.09 1.18 1.35 1.49 1.61 1.64 1.58 1.46 1.33 1.20 1.10 1.04 1.04 1.14 1.31 1.47 1.61 1.71 1.69 1.59
 10   1.45 1.34 1.23 1.15 1.11 1.16 1.30 1.44 1.57 1.67 1.65 1.56 1.43 1.29 1.17 1.07 1.04 1.09 1.24 1.40 1.55 1.68 1.71 1.64
 11   1.52 1.40 1.28 1.18 1.13 1.14 1.22 1.35 1.49 1.59 1.63 1.57 1.45 1.32 1.20 1.10 1.03 1.04 1.13 1.27 1.43 1.55 1.63 1.62
 12   1.54 1.42 1.29 1.17 1.07 1.05 1.09 1.19 1.31 1.42 1.48 1.47 1.38 1.24 1.11 1.01 0.94 0.92 0.97 1.12 1.30 1.42 1.52 1.55
 13   1.48 1.35 1.23 1.12 1.03 0.97 0.97 1.06 1.18 1.29 1.37 1.39 1.33 1.21 1.09 0.99 0.91 0.86 0.89 1.01 1.17 1.29 1.39 1.45
 14   1.45 1.37 1.26 1.15 1.06 0.99 0.96 1.00 1.09 1.19 1.27 1.32 1.30 1.21 1.11 1.02 0.92 0.85 0.84 0.93 1.07 1.20 1.32 1.40
 15   1.42 1.37 1.29 1.19 1.11 1.04 0.99 1.01 1.08 1.16 1.23 1.29 1.31 1.26 1.18 1.09 1.02 0.95 0.92 0.96 1.07 1.18 1.28 1.36
 16   1.40 1.41 1.37 1.31 1.23 1.17 1.12 1.10 1.12 1.18 1.25 1.30 1.31 1.27 1.22 1.15 1.08 1.02 0.96 0.94 1.00 1.10 1.19 1.27
 17   1.31 1.33 1.32 1.28 1.21 1.15 1.09 1.05 1.05 1.07 1.10 1.13 1.15 1.15 1.13 1.09 1.04 0.99 0.94 0.91 0.93 0.98 1.05 1.13
 18   1.20 1.24 1.26 1.25 1.21 1.16 1.11 1.07 1.04 1.04 1.05 1.07 1.08 1.10 1.11 1.11 1.09 1.05 1.01 0.97 0.95 0.95 0.97 1.02
 19   1.08 1.14 1.21 1.25 1.25 1.23 1.19 1.15 1.12 1.08 1.05 1.02 1.01 1.02 1.04 1.07 1.11 1.14 1.14 1.13 1.11 1.09 1.06 1.05
 20   1.06 1.10 1.16 1.22 1.29 1.33 1.34 1.32 1.28 1.22 1.15 1.08 1.03 1.01 1.03 1.08 1.15 1.22 1.28 1.29 1.26 1.21 1.16 1.10
 21   1.05 1.03 1.07 1.16 1.25 1.33 1.40 1.42 1.38 1.32 1.23 1.14 1.05 1.00 1.01 1.09 1.18 1.29 1.38 1.45 1.45 1.40 1.32 1.24
 22   1.15 1.10 1.11 1.17 1.27 1.37 1.48 1.56 1.55 1.48 1.39 1.27 1.17 1.10 1.06 1.09 1.20 1.34 1.45 1.54 1.57 1.53 1.42 1.32
 23   1.22 1.15 1.12 1.16 1.27 1.38 1.50 1.60 1.63 1.57 1.47 1.36 1.25 1.14 1.07 1.06 1.14 1.27 1.41 1.54 1.61 1.60 1.51 1.41
 24   1.30 1.21 1.14 1.12 1.19 1.31 1.43 1.53 1.61 1.60 1.52 1.39 1.26 1.15 1.06 1.02 1.07 1.19 1.35 1.49 1.60 1.63 1.59 1.47
 25   1.34 1.24 1.14 1.08 1.10 1.21 1.35 1.47 1.56 1.59 1.52 1.39 1.25 1.13 1.01 0.93 0.94 1.04 1.20 1.37 1.53 1.62 1.62 1.52
 26   1.38 1.26 1.14 1.05 1.02 1.07 1.21 1.35 1.47 1.58 1.64 1.57 1.36 1.16 1.06 1.06 1.15 1.25 1.34 1.44 1.55 1.64 1.69 1.65
 27   1.54 1.41 1.29 1.18 1.10 1.09 1.19 1.33 1.46 1.56 1.62 1.57 1.44 1.31 1.18 1.08 1.00 0.98 1.09 1.27 1.46 1.62 1.74 1.79
 28   1.73 1.60 1.45 1.31 1.20 1.15 1.16 1.26 1.41 1.53 1.63 1.63 1.55 1.43 1.27 1.13 1.03 0.97 0.99 1.12 1.29 1.45 1.59 1.67
 29   1.68 1.60 1.48 1.33 1.20 1.11 1.07 1.13 1.25 1.37 1.47 1.53 1.53 1.43 1.29 1.17 1.05 0.95 0.93 0.99 1.15 1.31 1.47 1.58
 30   1.63 1.60 1.52 1.40 1.27 1.16 1.08 1.05 1.10 1.20 1.31 1.41 1.45 1.41 1.32 1.20 1.09 0.98 0.91 0.90 0.98 1.14 1.29 1.41
 31   1.50 1.54 1.52 1.43 1.31 1.19 1.11 1.07 1.07 1.12 1.21 1.29 1.36 1.38 1.34 1.24 1.13 1.04 0.95 0.90 0.91 1.02 1.15 1.27
 ----------------------------------------------------------------------------------------------------------------------------
                                                                                               
 ----------------------------------------------------------------------------------------------------------------------------
 ----------------------------------------------------------------------------------------------------------------------------
                                                          SURVEY OF INDIA
                                                    MARINE GEODESY WING (G&RB)
                                                     HOURLY HEIGHTS IN METRES
  NAME OF PORT:- MACHILIPATNAM                                                                      MONTH NOVEMBER  YEAR 2022
 ----------------------------------------------------------------------------------------------------------------------------
 DAYS 0000 0001 0002 0003 0004 0005 0006 0007 0008 0009 0010 0011 0012 0013 0014 0015 0016 0017 0018 0019 0020 0021 0022 0023
 ----------------------------------------------------------------------------------------------------------------------------
  1   1.38 1.47 1.52 1.51 1.43 1.33 1.23 1.14 1.08 1.05 1.05 1.09 1.16 1.24 1.27 1.26 1.21 1.13 1.05 0.96 0.92 0.94 1.01 1.11
  2   1.20 1.30 1.37 1.42 1.43 1.37 1.27 1.17 1.08 1.01 0.96 0.96 1.01 1.07 1.14 1.20 1.23 1.22 1.16 1.08 1.00 0.94 0.93 0.96
  3   1.03 1.13 1.23 1.32 1.39 1.41 1.38 1.30 1.21 1.12 1.05 0.99 0.96 0.99 1.05 1.14 1.24 1.30 1.31 1.24 1.15 1.07 1.00 0.96
  4   0.96 1.00 1.09 1.18 1.29 1.37 1.40 1.35 1.26 1.15 1.03 0.94 0.88 0.87 0.94 1.05 1.17 1.29 1.38 1.41 1.37 1.28 1.17 1.07
  5   0.99 0.95 0.99 1.08 1.19 1.31 1.41 1.45 1.41 1.31 1.19 1.05 0.94 0.86 0.85 0.92 1.05 1.19 1.33 1.43 1.45 1.40 1.29 1.16
  6   1.04 0.96 0.93 0.97 1.07 1.22 1.34 1.43 1.46 1.41 1.30 1.16 1.02 0.90 0.84 0.87 0.96 1.12 1.27 1.40 1.48 1.48 1.39 1.26
  7   1.12 1.01 0.91 0.88 0.94 1.05 1.18 1.31 1.38 1.38 1.29 1.15 1.00 0.87 0.77 0.73 0.81 0.99 1.17 1.32 1.43 1.48 1.43 1.30
  8   1.16 1.03 0.92 0.83 0.82 0.92 1.07 1.20 1.31 1.36 1.33 1.21 1.04 0.90 0.78 0.72 0.74 0.88 1.08 1.25 1.38 1.48 1.49 1.39
  9   1.26 1.13 0.99 0.88 0.83 0.86 0.98 1.11 1.23 1.31 1.33 1.25 1.13 0.97 0.81 0.71 0.69 0.77 0.97 1.19 1.35 1.47 1.53 1.50
 10   1.40 1.26 1.13 1.00 0.91 0.90 0.97 1.08 1.20 1.33 1.40 1.37 1.26 1.13 0.97 0.85 0.78 0.79 0.93 1.11 1.29 1.43 1.53 1.58
 11   1.53 1.41 1.27 1.14 1.05 0.99 1.02 1.12 1.24 1.36 1.43 1.44 1.37 1.25 1.12 0.98 0.89 0.86 0.95 1.11 1.27 1.41 1.54 1.61
 12   1.58 1.49 1.37 1.23 1.11 1.03 1.01 1.06 1.16 1.27 1.37 1.42 1.38 1.29 1.16 1.05 0.93 0.87 0.89 1.02 1.17 1.31 1.43 1.51
 13   1.54 1.50 1.40 1.25 1.11 1.01 0.97 0.98 1.04 1.12 1.22 1.29 1.31 1.25 1.15 1.03 0.92 0.83 0.81 0.90 1.05 1.27 1.41 1.48
 14   1.49 1.44 1.34 1.23 1.12 1.03 0.97 0.94 0.97 1.04 1.12 1.19 1.24 1.23 1.15 1.05 0.95 0.87 0.81 0.83 0.92 1.04 1.16 1.26
 15   1.34 1.37 1.35 1.27 1.15 1.05 0.95 0.90 0.89 0.93 0.99 1.06 1.11 1.14 1.12 1.06 0.97 0.88 0.81 0.79 0.83 0.93 1.03 1.13
 16   1.21 1.28 1.31 1.27 1.18 1.08 0.99 0.90 0.84 0.82 0.86 0.93 0.99 1.05 1.08 1.06 1.01 0.95 0.89 0.83 0.81 0.86 0.95 1.03
 17   1.11 1.19 1.24 1.23 1.18 1.11 1.03 0.93 0.83 0.78 0.79 0.83 0.89 0.96 1.02 1.06 1.08 1.06 1.01 0.95 0.88 0.84 0.86 0.93
 18   1.00 1.07 1.13 1.19 1.21 1.19 1.13 1.06 0.97 0.90 0.84 0.82 0.84 0.89 0.97 1.05 1.14 1.21 1.23 1.19 1.12 1.05 1.00 0.98
 19   0.98 1.03 1.10 1.17 1.24 1.28 1.27 1.22 1.15 1.05 0.95 0.85 0.81 0.86 0.97 1.08 1.20 1.31 1.39 1.38 1.31 1.21 1.12 1.04
 20   1.00 1.01 1.07 1.15 1.23 1.32 1.37 1.35 1.28 1.18 1.05 0.94 0.85 0.82 0.88 1.00 1.13 1.27 1.39 1.44 1.41 1.32 1.21 1.10
 21   0.99 0.96 0.99 1.07 1.18 1.29 1.39 1.44 1.40 1.30 1.16 1.02 0.90 0.82 0.84 0.96 1.13 1.30 1.45 1.56 1.59 1.53 1.42 1.29
 22   1.17 1.07 1.02 1.06 1.17 1.29 1.39 1.47 1.48 1.42 1.30 1.15 1.01 0.91 0.86 0.91 1.07 1.25 1.41 1.55 1.64 1.64 1.56 1.41
 23   1.27 1.16 1.07 1.03 1.09 1.21 1.33 1.43 1.50 1.47 1.35 1.19 1.05 0.91 0.82 0.80 0.90 1.10 1.30 1.46 1.58 1.62 1.56 1.43
 24   1.28 1.15 1.02 0.94 0.93 1.02 1.17 1.31 1.40 1.44 1.39 1.23 1.07 0.92 0.79 0.72 0.72 0.87 1.08 1.28 1.44 1.54 1.56 1.47
 25   1.32 1.18 1.02 0.89 0.82 0.82 0.95 1.12 1.25 1.34 1.35 1.25 1.09 0.91 0.77 0.64 0.57 0.60 0.79 1.07 1.29 1.44 1.52 1.51
 26   1.41 1.26 1.09 0.94 0.82 0.77 0.80 0.94 1.11 1.25 1.33 1.30 1.18 1.03 0.86 0.71 0.60 0.55 0.65 0.88 1.11 1.30 1.44 1.52
 27   1.50 1.39 1.23 1.05 0.90 0.80 0.76 0.81 0.95 1.11 1.23 1.29 1.25 1.13 0.98 0.81 0.67 0.57 0.55 0.67 0.89 1.12 1.31 1.43
 28   1.48 1.45 1.32 1.16 1.00 0.85 0.75 0.74 0.82 0.97 1.11 1.22 1.28 1.24 1.11 0.97 0.82 0.69 0.60 0.63 0.76 0.94 1.14 1.30
 29   1.40 1.44 1.38 1.26 1.10 0.95 0.82 0.74 0.73 0.84 0.98 1.10 1.20 1.24 1.20 1.09 0.95 0.81 0.70 0.66 0.73 0.87 1.02 1.18
 30   1.31 1.40 1.41 1.33 1.21 1.09 0.96 0.85 0.77 0.77 0.85 0.96 1.07 1.16 1.20 1.18 1.09 0.99 0.90 0.83 0.81 0.89 1.01 1.13
 ----------------------------------------------------------------------------------------------------------------------------
                                                                                               
 ----------------------------------------------------------------------------------------------------------------------------
 ----------------------------------------------------------------------------------------------------------------------------
                                                          SURVEY OF INDIA
                                                    MARINE GEODESY WING (G&RB)
                                                     HOURLY HEIGHTS IN METRES
  NAME OF PORT:- MACHILIPATNAM                                                                      MONTH DECEMBER  YEAR 2022
 ----------------------------------------------------------------------------------------------------------------------------
 DAYS 0000 0001 0002 0003 0004 0005 0006 0007 0008 0009 0010 0011 0012 0013 0014 0015 0016 0017 0018 0019 0020 0021 0022 0023
 ----------------------------------------------------------------------------------------------------------------------------
  1   1.24 1.33 1.38 1.39 1.35 1.27 1.17 1.07 0.98 0.92 0.89 0.91 0.97 1.05 1.12 1.19 1.22 1.21 1.18 1.13 1.08 1.05 1.05 1.08
  2   1.15 1.23 1.29 1.35 1.37 1.35 1.29 1.20 1.10 1.00 0.92 0.89 0.90 0.96 1.05 1.15 1.24 1.30 1.32 1.29 1.22 1.14 1.05 1.01
  3   1.03 1.08 1.15 1.23 1.30 1.34 1.31 1.24 1.15 1.04 0.93 0.84 0.82 0.87 0.98 1.12 1.23 1.33 1.39 1.39 1.31 1.21 1.11 1.01
  4   0.94 0.94 0.99 1.07 1.17 1.25 1.30 1.28 1.20 1.10 0.97 0.84 0.76 0.75 0.83 0.99 1.12 1.25 1.35 1.40 1.38 1.30 1.19 1.07
  5   0.96 0.89 0.89 0.96 1.07 1.17 1.25 1.28 1.25 1.14 1.01 0.86 0.73 0.65 0.65 0.79 0.97 1.15 1.28 1.36 1.38 1.34 1.23 1.09
  6   0.96 0.85 0.79 0.80 0.92 1.05 1.15 1.22 1.23 1.16 1.03 0.88 0.73 0.61 0.57 0.66 0.85 1.07 1.23 1.35 1.42 1.42 1.34 1.19
  7   1.04 0.91 0.81 0.77 0.83 0.97 1.10 1.21 1.27 1.25 1.14 0.99 0.84 0.71 0.64 0.66 0.81 1.02 1.20 1.34 1.43 1.47 1.42 1.31
  8   1.19 1.08 0.97 0.89 0.89 1.00 1.13 1.23 1.32 1.35 1.29 1.17 1.04 0.91 0.81 0.77 0.85 1.03 1.20 1.36 1.48 1.55 1.57 1.52
  9   1.40 1.29 1.18 1.09 1.05 1.09 1.19 1.30 1.39 1.45 1.46 1.41 1.30 1.19 1.09 1.02 1.02 1.12 1.25 1.39 1.51 1.61 1.68 1.67
 10   1.58 1.47 1.36 1.26 1.18 1.15 1.19 1.26 1.34 1.41 1.45 1.43 1.34 1.24 1.13 1.04 0.99 1.01 1.14 1.28 1.41 1.52 1.59 1.62
 11   1.58 1.47 1.35 1.24 1.15 1.10 1.10 1.14 1.21 1.31 1.36 1.35 1.29 1.18 1.06 0.95 0.87 0.87 0.96 1.10 1.24 1.37 1.47 1.51
 12   1.48 1.40 1.29 1.17 1.06 0.99 0.97 1.01 1.09 1.19 1.25 1.27 1.22 1.11 0.98 0.87 0.77 0.74 0.81 0.95 1.09 1.23 1.34 1.42
 13   1.43 1.37 1.26 1.15 1.03 0.93 0.89 0.91 0.98 1.09 1.18 1.22 1.21 1.15 1.05 0.93 0.84 0.78 0.79 0.87 1.00 1.13 1.23 1.32
 14   1.36 1.33 1.25 1.13 1.01 0.90 0.82 0.78 0.83 0.93 1.03 1.11 1.16 1.15 1.07 0.97 0.87 0.79 0.74 0.77 0.87 1.02 1.15 1.25
 15   1.31 1.32 1.28 1.19 1.06 0.95 0.84 0.75 0.72 0.78 0.88 0.97 1.04 1.07 1.05 0.98 0.89 0.81 0.74 0.72 0.77 0.90 1.03 1.15
 16   1.24 1.28 1.27 1.21 1.09 0.97 0.86 0.75 0.67 0.66 0.73 0.83 0.93 1.01 1.06 1.06 1.01 0.92 0.83 0.77 0.75 0.79 0.89 0.99
 17   1.10 1.18 1.24 1.24 1.16 1.05 0.93 0.81 0.70 0.63 0.64 0.71 0.81 0.92 1.03 1.11 1.13 1.10 1.04 0.96 0.89 0.84 0.84 0.90
 18   0.99 1.09 1.19 1.24 1.24 1.19 1.09 0.97 0.84 0.73 0.67 0.67 0.74 0.86 1.00 1.13 1.23 1.29 1.29 1.23 1.15 1.07 1.00 0.96
 19   0.98 1.04 1.12 1.21 1.27 1.27 1.23 1.15 1.03 0.91 0.79 0.69 0.68 0.77 0.91 1.05 1.18 1.28 1.33 1.32 1.25 1.14 1.03 0.93
 20   0.87 0.89 0.97 1.07 1.16 1.23 1.25 1.20 1.10 0.97 0.81 0.69 0.61 0.62 0.73 0.92 1.10 1.25 1.37 1.41 1.37 1.26 1.13 1.00
 21   0.90 0.84 0.86 0.96 1.08 1.20 1.27 1.27 1.21 1.08 0.93 0.76 0.63 0.55 0.59 0.75 0.96 1.17 1.33 1.42 1.44 1.37 1.23 1.09
 22   0.96 0.86 0.79 0.79 0.90 1.05 1.18 1.27 1.27 1.17 1.03 0.85 0.71 0.59 0.52 0.59 0.81 1.07 1.28 1.42 1.51 1.52 1.43 1.27
 23   1.12 0.97 0.85 0.80 0.84 0.98 1.13 1.25 1.32 1.32 1.21 1.05 0.90 0.75 0.63 0.56 0.63 0.89 1.14 1.32 1.45 1.53 1.52 1.42
 24   1.25 1.10 0.95 0.83 0.78 0.84 1.01 1.17 1.29 1.36 1.35 1.23 1.06 0.90 0.76 0.65 0.62 0.72 0.98 1.21 1.37 1.49 1.54 1.52
 25   1.40 1.25 1.09 0.94 0.83 0.79 0.87 1.05 1.20 1.32 1.36 1.33 1.21 1.05 0.90 0.77 0.67 0.65 0.77 1.01 1.22 1.38 1.49 1.52
 26   1.46 1.32 1.17 1.01 0.87 0.76 0.71 0.80 0.97 1.12 1.23 1.27 1.22 1.08 0.93 0.78 0.63 0.55 0.57 0.73 0.97 1.17 1.33 1.42
 27   1.44 1.37 1.23 1.07 0.90 0.76 0.67 0.66 0.75 0.91 1.08 1.20 1.25 1.19 1.07 0.90 0.75 0.64 0.57 0.62 0.82 1.02 1.20 1.32
 28   1.39 1.39 1.31 1.13 0.95 0.81 0.68 0.58 0.57 0.69 0.85 1.02 1.17 1.23 1.17 1.02 0.85 0.71 0.62 0.59 0.67 0.87 1.04 1.18
 29   1.28 1.34 1.33 1.21 1.05 0.89 0.75 0.62 0.54 0.57 0.69 0.83 0.96 1.07 1.11 1.07 0.97 0.85 0.74 0.65 0.62 0.69 0.83 0.96
 30   1.08 1.17 1.21 1.16 1.06 0.93 0.79 0.65 0.54 0.49 0.53 0.66 0.80 0.93 1.03 1.07 1.05 0.97 0.86 0.75 0.67 0.65 0.71 0.82
 31   0.92 1.03 1.12 1.16 1.13 1.05 0.93 0.82 0.71 0.61 0.54 0.57 0.68 0.82 0.95 1.05 1.11 1.13 1.08 0.97 0.87 0.79 0.74 0.76
 ----------------------------------------------------------------------------------------------------------------------------
                                                                                               
 ----------------------------------------------------------------------------------------------------------------------------
 ----------------------------------------------------------------------------------------------------------------------------
