                                                          SURVEY OF INDIA
                                                    MARINE GEODESY WING (G&RB)
                                                     HOURLY HEIGHTS IN METRES
  NAME OF PORT:- MACHILIPATNAM                                                                      MONTH JANUARY   YEAR 2016
 ----------------------------------------------------------------------------------------------------------------------------
 DAYS 0000 0001 0002 0003 0004 0005 0006 0007 0008 0009 0010 0011 0012 0013 0014 0015 0016 0017 0018 0019 0020 0021 0022 0023
 ----------------------------------------------------------------------------------------------------------------------------
  1   0.95 1.02 1.04 0.98 0.87 0.76 0.65 0.54 0.46 0.45 0.53 0.63 0.73 0.83 0.89 0.89 0.82 0.73 0.64 0.55 0.52 0.55 0.65 0.77
  2   0.88 0.96 1.01 1.01 0.94 0.84 0.71 0.60 0.50 0.46 0.48 0.57 0.67 0.78 0.86 0.90 0.90 0.85 0.77 0.69 0.62 0.60 0.63 0.70
  3   0.79 0.88 0.94 0.96 0.94 0.88 0.79 0.68 0.58 0.51 0.48 0.50 0.58 0.70 0.80 0.88 0.92 0.92 0.86 0.78 0.70 0.64 0.62 0.64
  4   0.71 0.78 0.85 0.90 0.92 0.90 0.83 0.73 0.62 0.52 0.45 0.43 0.46 0.55 0.65 0.77 0.87 0.93 0.94 0.90 0.82 0.74 0.66 0.61
  5   0.61 0.65 0.71 0.78 0.85 0.89 0.87 0.79 0.69 0.59 0.50 0.43 0.39 0.43 0.53 0.65 0.78 0.90 0.96 0.96 0.92 0.85 0.76 0.66
  6   0.58 0.54 0.57 0.64 0.73 0.81 0.86 0.85 0.78 0.69 0.59 0.49 0.40 0.35 0.39 0.52 0.66 0.82 0.94 1.00 1.00 0.96 0.87 0.76
  7   0.65 0.56 0.51 0.54 0.63 0.73 0.84 0.90 0.90 0.82 0.72 0.60 0.48 0.39 0.35 0.40 0.54 0.70 0.89 1.00 1.06 1.06 0.99 0.88
  8   0.75 0.63 0.52 0.46 0.50 0.62 0.74 0.85 0.91 0.90 0.81 0.67 0.54 0.40 0.28 0.26 0.35 0.52 0.74 0.92 1.04 1.09 1.07 0.96
  9   0.84 0.70 0.58 0.48 0.42 0.46 0.62 0.76 0.88 0.92 0.89 0.78 0.65 0.50 0.37 0.26 0.24 0.36 0.59 0.80 0.98 1.08 1.11 1.06
 10   0.93 0.80 0.66 0.54 0.43 0.41 0.49 0.63 0.79 0.90 0.93 0.86 0.73 0.59 0.43 0.28 0.19 0.21 0.38 0.60 0.85 1.00 1.07 1.07
 11   1.00 0.87 0.73 0.59 0.46 0.36 0.35 0.47 0.66 0.82 0.90 0.90 0.83 0.69 0.53 0.38 0.26 0.21 0.25 0.42 0.68 0.88 1.03 1.08
 12   1.06 0.97 0.82 0.68 0.54 0.42 0.33 0.34 0.47 0.64 0.80 0.87 0.86 0.76 0.61 0.46 0.32 0.22 0.19 0.29 0.52 0.76 0.96 1.06
 13   1.09 1.05 0.93 0.78 0.63 0.48 0.37 0.33 0.39 0.55 0.72 0.86 0.92 0.90 0.78 0.64 0.48 0.35 0.25 0.25 0.40 0.63 0.84 0.99
 14   1.07 1.09 1.04 0.91 0.74 0.60 0.47 0.37 0.34 0.44 0.61 0.77 0.88 0.92 0.89 0.80 0.64 0.49 0.38 0.31 0.32 0.47 0.66 0.83
 15   0.96 1.03 1.04 0.98 0.83 0.68 0.52 0.41 0.35 0.36 0.49 0.64 0.80 0.90 0.93 0.89 0.78 0.64 0.50 0.40 0.35 0.39 0.54 0.70
 16   0.86 0.96 1.01 1.00 0.91 0.76 0.62 0.48 0.35 0.29 0.31 0.45 0.61 0.74 0.83 0.86 0.84 0.76 0.64 0.52 0.42 0.37 0.39 0.49
 17   0.62 0.73 0.84 0.90 0.90 0.83 0.67 0.54 0.41 0.32 0.27 0.28 0.38 0.54 0.68 0.81 0.88 0.88 0.81 0.70 0.58 0.48 0.41 0.40
 18   0.46 0.58 0.71 0.81 0.85 0.83 0.73 0.58 0.45 0.33 0.25 0.22 0.25 0.36 0.51 0.66 0.78 0.84 0.85 0.81 0.72 0.60 0.50 0.44
 19   0.42 0.45 0.52 0.63 0.74 0.81 0.83 0.79 0.68 0.54 0.42 0.32 0.27 0.28 0.38 0.53 0.68 0.81 0.88 0.89 0.85 0.75 0.62 0.49
 20   0.42 0.40 0.43 0.49 0.59 0.69 0.77 0.79 0.75 0.63 0.50 0.39 0.30 0.25 0.26 0.33 0.51 0.71 0.86 0.94 0.97 0.93 0.83 0.69
 21   0.55 0.45 0.40 0.40 0.46 0.56 0.66 0.75 0.77 0.71 0.59 0.45 0.32 0.21 0.17 0.19 0.28 0.47 0.69 0.85 0.94 0.96 0.92 0.82
 22   0.68 0.53 0.44 0.40 0.41 0.47 0.60 0.74 0.82 0.83 0.77 0.65 0.52 0.38 0.26 0.18 0.20 0.40 0.60 0.83 0.98 1.05 1.05 1.00
 23   0.89 0.75 0.61 0.50 0.42 0.41 0.50 0.66 0.79 0.87 0.88 0.80 0.64 0.50 0.35 0.25 0.25 0.34 0.52 0.74 0.92 1.03 1.08 1.07
 24   0.97 0.83 0.68 0.55 0.45 0.41 0.45 0.58 0.73 0.86 0.93 0.91 0.79 0.64 0.50 0.37 0.28 0.27 0.38 0.60 0.82 1.00 1.09 1.09
 25   1.03 0.93 0.79 0.63 0.52 0.44 0.43 0.52 0.64 0.77 0.88 0.92 0.87 0.74 0.58 0.45 0.34 0.27 0.31 0.48 0.69 0.90 1.03 1.08
 26   1.07 1.00 0.87 0.71 0.57 0.46 0.40 0.41 0.55 0.71 0.85 0.94 0.95 0.88 0.72 0.58 0.44 0.32 0.30 0.39 0.58 0.77 0.95 1.05
 27   1.07 1.03 0.91 0.76 0.63 0.49 0.39 0.38 0.45 0.60 0.74 0.86 0.91 0.89 0.78 0.64 0.50 0.37 0.31 0.33 0.47 0.66 0.86 1.00
 28   1.06 1.06 0.99 0.84 0.69 0.54 0.42 0.34 0.36 0.47 0.63 0.76 0.86 0.88 0.82 0.69 0.56 0.44 0.32 0.27 0.32 0.46 0.65 0.81
 29   0.92 0.95 0.91 0.78 0.63 0.48 0.35 0.25 0.23 0.31 0.46 0.63 0.75 0.81 0.79 0.70 0.58 0.45 0.34 0.28 0.30 0.39 0.54 0.70
 30   0.85 0.89 0.84 0.73 0.60 0.47 0.34 0.24 0.21 0.27 0.42 0.56 0.69 0.77 0.78 0.72 0.60 0.48 0.37 0.30 0.30 0.37 0.51 0.65
 31   0.77 0.83 0.84 0.77 0.62 0.49 0.36 0.25 0.19 0.20 0.32 0.45 0.57 0.69 0.73 0.70 0.61 0.52 0.43 0.35 0.31 0.35 0.44 0.55
 ----------------------------------------------------------------------------------------------------------------------------
                                                                                               
 ----------------------------------------------------------------------------------------------------------------------------
 ----------------------------------------------------------------------------------------------------------------------------
                                                          SURVEY OF INDIA
                                                    MARINE GEODESY WING (G&RB)
                                                     HOURLY HEIGHTS IN METRES
  NAME OF PORT:- MACHILIPATNAM                                                                      MONTH FEBRUARY  YEAR 2016
 ----------------------------------------------------------------------------------------------------------------------------
 DAYS 0000 0001 0002 0003 0004 0005 0006 0007 0008 0009 0010 0011 0012 0013 0014 0015 0016 0017 0018 0019 0020 0021 0022 0023
 ----------------------------------------------------------------------------------------------------------------------------
  1   0.67 0.75 0.76 0.71 0.61 0.50 0.38 0.27 0.20 0.19 0.26 0.37 0.50 0.61 0.69 0.72 0.69 0.62 0.55 0.47 0.40 0.35 0.37 0.44
  2
  3
  4
  5
  6
  7
  8
  9   0.88 0.70 0.54 0.39 0.26 0.19 0.25 0.42 0.61 0.78 0.88 0.85 0.75 0.58 0.43 0.27 0.15 0.10 0.19 0.40 0.63 0.84 0.98 1.02
 10   0.96 0.82 0.66 0.51 0.36 0.23 0.20 0.33 0.53 0.72 0.88 0.94 0.90 0.75 0.59 0.43 0.28 0.17 0.15 0.27 0.47 0.72 0.92 1.03
 11   1.03 0.95 0.81 0.63 0.48 0.35 0.25 0.26 0.42 0.61 0.80 0.92 0.94 0.86 0.71 0.55 0.39 0.25 0.18 0.20 0.37 0.57 0.81 0.97
 12   1.03 1.00 0.89 0.73 0.57 0.42 0.27 0.19 0.24 0.42 0.61 0.79 0.91 0.92 0.82 0.66 0.51 0.38 0.25 0.19 0.23 0.39 0.59 0.77
 13   0.90 0.94 0.89 0.75 0.59 0.42 0.27 0.17 0.16 0.27 0.44 0.63 0.79 0.89 0.88 0.78 0.64 0.49 0.36 0.25 0.20 0.23 0.35 0.50
 14   0.74 0.85 0.88 0.83 0.71 0.57 0.42 0.29 0.18 0.18 0.28 0.46 0.62 0.77 0.84 0.83 0.74 0.62 0.50 0.36 0.28 0.29 0.37 0.49
 15   0.59 0.71 0.80 0.82 0.77 0.66 0.54 0.42 0.30 0.22 0.22 0.31 0.45 0.60 0.74 0.82 0.82 0.75 0.65 0.55 0.45 0.37 0.35 0.38
 16   0.47 0.58 0.68 0.74 0.75 0.71 0.62 0.52 0.40 0.30 0.25 0.26 0.32 0.44 0.57 0.69 0.77 0.79 0.76 0.70 0.62 0.53 0.44 0.40
 17   0.42 0.49 0.58 0.65 0.69 0.69 0.65 0.56 0.47 0.38 0.31 0.27 0.29 0.37 0.47 0.59 0.69 0.79 0.84 0.83 0.77 0.67 0.58 0.50
 18   0.44 0.42 0.45 0.53 0.60 0.67 0.70 0.69 0.62 0.52 0.43 0.34 0.27 0.25 0.30 0.40 0.53 0.67 0.77 0.84 0.86 0.82 0.72 0.58
 19   0.46 0.38 0.36 0.40 0.50 0.59 0.68 0.73 0.72 0.65 0.55 0.44 0.32 0.23 0.19 0.24 0.35 0.50 0.67 0.82 0.90 0.90 0.83 0.69
 20   0.56 0.43 0.34 0.31 0.34 0.46 0.58 0.69 0.75 0.74 0.66 0.55 0.42 0.30 0.19 0.16 0.22 0.35 0.52 0.69 0.85 0.94 0.92 0.82
 21   0.69 0.54 0.40 0.29 0.25 0.29 0.42 0.57 0.70 0.78 0.77 0.66 0.53 0.38 0.25 0.15 0.15 0.25 0.42 0.61 0.80 0.94 0.97 0.91
 22   0.78 0.62 0.47 0.34 0.25 0.24 0.36 0.52 0.66 0.79 0.83 0.77 0.62 0.47 0.32 0.21 0.14 0.16 0.29 0.50 0.70 0.87 0.97 0.96
 23   0.86 0.69 0.52 0.38 0.27 0.24 0.30 0.44 0.59 0.74 0.85 0.85 0.76 0.60 0.45 0.32 0.20 0.17 0.25 0.41 0.61 0.81 0.94 0.97
 24   0.90 0.77 0.60 0.42 0.29 0.21 0.22 0.35 0.53 0.72 0.86 0.91 0.85 0.72 0.55 0.39 0.27 0.19 0.21 0.34 0.52 0.72 0.88 0.96
 25   0.95 0.85 0.69 0.54 0.39 0.26 0.21 0.28 0.43 0.60 0.76 0.87 0.89 0.81 0.66 0.50 0.36 0.26 0.22 0.30 0.46 0.64 0.80 0.93
 26   0.95 0.89 0.75 0.61 0.45 0.31 0.23 0.24 0.38 0.52 0.69 0.82 0.87 0.83 0.71 0.58 0.42 0.30 0.23 0.25 0.37 0.52 0.69 0.83
 27   0.90 0.88 0.76 0.63 0.46 0.32 0.20 0.19 0.28 0.44 0.62 0.77 0.86 0.87 0.80 0.67 0.54 0.40 0.30 0.27 0.33 0.47 0.63 0.78
 28   0.87 0.87 0.80 0.67 0.54 0.41 0.29 0.23 0.26 0.38 0.56 0.71 0.84 0.90 0.87 0.76 0.64 0.52 0.41 0.34 0.36 0.47 0.60 0.73
 29   0.85 0.87 0.83 0.73 0.61 0.48 0.36 0.29 0.29 0.37 0.49 0.63 0.76 0.85 0.86 0.80 0.70 0.59 0.47 0.41 0.40 0.44 0.54 0.65
 ----------------------------------------------------------------------------------------------------------------------------
                                                                                               
 ----------------------------------------------------------------------------------------------------------------------------
 ----------------------------------------------------------------------------------------------------------------------------
                                                          SURVEY OF INDIA
                                                    MARINE GEODESY WING (G&RB)
                                                     HOURLY HEIGHTS IN METRES
  NAME OF PORT:- MACHILIPATNAM                                                                      MONTH MARCH     YEAR 2016
 ----------------------------------------------------------------------------------------------------------------------------
 DAYS 0000 0001 0002 0003 0004 0005 0006 0007 0008 0009 0010 0011 0012 0013 0014 0015 0016 0017 0018 0019 0020 0021 0022 0023
 ----------------------------------------------------------------------------------------------------------------------------
  1   0.75 0.81 0.81 0.74 0.64 0.52 0.41 0.30 0.24 0.25 0.37 0.50 0.61 0.73 0.79 0.79 0.74 0.65 0.57 0.50 0.45 0.45 0.49 0.56
  2   0.65 0.72 0.75 0.73 0.65 0.56 0.47 0.37 0.29 0.26 0.30 0.39 0.49 0.59 0.68 0.74 0.74 0.69 0.61 0.54 0.48 0.43 0.43 0.47
  3   0.52 0.57 0.62 0.64 0.63 0.59 0.53 0.46 0.38 0.32 0.29 0.31 0.37 0.47 0.57 0.65 0.72 0.75 0.73 0.68 0.61 0.54 0.47 0.44
  4   0.45 0.48 0.52 0.57 0.61 0.62 0.60 0.54 0.47 0.40 0.34 0.30 0.29 0.33 0.41 0.51 0.62 0.72 0.79 0.79 0.74 0.66 0.58 0.50
  5   0.43 0.38 0.39 0.45 0.53 0.61 0.66 0.67 0.63 0.55 0.46 0.37 0.29 0.25 0.27 0.35 0.48 0.61 0.75 0.84 0.86 0.81 0.71 0.59
  6   0.47 0.37 0.30 0.31 0.39 0.50 0.62 0.73 0.76 0.73 0.64 0.52 0.39 0.27 0.21 0.24 0.34 0.49 0.68 0.84 0.93 0.93 0.85 0.72
  7   0.58 0.44 0.32 0.26 0.28 0.42 0.57 0.72 0.83 0.86 0.81 0.68 0.54 0.38 0.24 0.18 0.21 0.37 0.56 0.78 0.95 1.02 1.00 0.90
  8   0.76 0.60 0.45 0.32 0.25 0.30 0.46 0.64 0.80 0.91 0.93 0.84 0.69 0.54 0.36 0.24 0.19 0.25 0.43 0.65 0.86 1.00 1.04 0.98
  9   0.96 0.82 0.66 0.50 0.37 0.26 0.24 0.38 0.57 0.77 0.92 1.00 0.97 0.87 0.71 0.54 0.39 0.28 0.26 0.37 0.59 0.80 0.97 1.04
 10   0.96 0.82 0.66 0.50 0.38 0.26 0.24 0.38 0.57 0.77 0.93 1.00 0.97 0.87 0.71 0.54 0.39 0.28 0.24 0.37 0.59 0.80 0.97 1.04
 11   1.03 0.92 0.77 0.60 0.45 0.31 0.23 0.28 0.45 0.66 0.87 1.00 1.03 0.96 0.84 0.67 0.51 0.37 0.28 0.30 0.45 0.65 0.85 0.98
 12   1.01 0.96 0.84 0.68 0.52 0.37 0.26 0.24 0.34 0.53 0.72 0.89 0.99 0.99 0.89 0.76 0.61 0.46 0.33 0.26 0.32 0.47 0.65 0.83
 13   0.96 0.98 0.89 0.75 0.60 0.44 0.30 0.21 0.24 0.39 0.55 0.74 0.89 0.96 0.95 0.86 0.73 0.58 0.44 0.32 0.29 0.39 0.53 0.68
 14   0.80 0.89 0.91 0.81 0.68 0.53 0.38 0.28 0.25 0.31 0.44 0.59 0.74 0.86 0.93 0.90 0.79 0.66 0.53 0.42 0.34 0.36 0.45 0.56
 15   0.67 0.78 0.84 0.81 0.71 0.58 0.45 0.34 0.25 0.24 0.30 0.41 0.55 0.68 0.80 0.86 0.84 0.75 0.65 0.54 0.44 0.39 0.39 0.45
 16   0.53 0.61 0.69 0.74 0.72 0.65 0.56 0.46 0.37 0.30 0.29 0.32 0.41 0.52 0.63 0.74 0.80 0.79 0.73 0.64 0.55 0.47 0.40 0.37
 17   0.39 0.43 0.50 0.57 0.62 0.63 0.60 0.55 0.48 0.41 0.34 0.33 0.35 0.40 0.48 0.57 0.66 0.74 0.78 0.76 0.69 0.60 0.51 0.43
 18   0.37 0.36 0.39 0.44 0.51 0.57 0.63 0.63 0.59 0.52 0.44 0.36 0.30 0.29 0.32 0.39 0.48 0.59 0.68 0.75 0.77 0.72 0.63 0.53
 19   0.41 0.33 0.29 0.31 0.37 0.45 0.55 0.63 0.67 0.64 0.56 0.45 0.34 0.27 0.28 0.33 0.40 0.50 0.62 0.72 0.78 0.78 0.70 0.60
 20   0.50 0.37 0.29 0.28 0.33 0.42 0.52 0.63 0.70 0.71 0.65 0.56 0.43 0.32 0.25 0.27 0.34 0.44 0.55 0.67 0.79 0.83 0.80 0.71
 21   0.60 0.46 0.33 0.25 0.26 0.35 0.48 0.60 0.70 0.76 0.74 0.66 0.55 0.42 0.30 0.23 0.25 0.34 0.45 0.57 0.71 0.83 0.88 0.81
 22   0.70 0.56 0.43 0.30 0.23 0.25 0.37 0.53 0.66 0.78 0.83 0.79 0.68 0.55 0.41 0.28 0.21 0.24 0.34 0.50 0.66 0.80 0.88 0.85
 23   0.75 0.62 0.47 0.33 0.21 0.19 0.28 0.41 0.58 0.73 0.83 0.83 0.75 0.62 0.48 0.34 0.23 0.22 0.31 0.44 0.60 0.75 0.85 0.86
 24   0.79 0.66 0.51 0.36 0.23 0.17 0.22 0.36 0.51 0.66 0.80 0.85 0.80 0.70 0.56 0.40 0.26 0.18 0.21 0.33 0.47 0.64 0.77 0.83
 25   0.81 0.68 0.54 0.39 0.26 0.13 0.14 0.25 0.40 0.58 0.73 0.82 0.84 0.74 0.62 0.49 0.34 0.22 0.19 0.26 0.38 0.53 0.67 0.79
 26   0.80 0.73 0.60 0.45 0.30 0.18 0.13 0.18 0.31 0.47 0.63 0.76 0.82 0.79 0.68 0.56 0.41 0.29 0.21 0.23 0.33 0.46 0.60 0.72
 27   0.79 0.77 0.68 0.55 0.40 0.26 0.17 0.18 0.27 0.41 0.58 0.72 0.83 0.84 0.76 0.64 0.52 0.39 0.28 0.25 0.32 0.43 0.57 0.70
 28   0.77 0.77 0.68 0.56 0.42 0.29 0.17 0.14 0.20 0.32 0.46 0.61 0.74 0.82 0.80 0.71 0.60 0.47 0.35 0.28 0.29 0.38 0.49 0.60
 29   0.68 0.71 0.68 0.59 0.48 0.36 0.25 0.18 0.18 0.28 0.39 0.52 0.65 0.75 0.79 0.74 0.64 0.54 0.42 0.32 0.28 0.32 0.41 0.52
 30   0.61 0.68 0.69 0.63 0.54 0.43 0.32 0.23 0.19 0.24 0.34 0.46 0.58 0.68 0.74 0.75 0.69 0.61 0.51 0.41 0.34 0.33 0.39 0.46
 31   0.54 0.62 0.66 0.65 0.60 0.51 0.42 0.33 0.26 0.25 0.29 0.36 0.46 0.55 0.63 0.70 0.72 0.68 0.60 0.52 0.44 0.40 0.40 0.44
 ----------------------------------------------------------------------------------------------------------------------------
                                                                                              
 ----------------------------------------------------------------------------------------------------------------------------
 ----------------------------------------------------------------------------------------------------------------------------
                                                          SURVEY OF INDIA
                                                    MARINE GEODESY WING (G&RB)
                                                     HOURLY HEIGHTS IN METRES
  NAME OF PORT:- MACHILIPATNAM                                                                      MONTH APRIL     YEAR 2016
 ----------------------------------------------------------------------------------------------------------------------------
 DAYS 0000 0001 0002 0003 0004 0005 0006 0007 0008 0009 0010 0011 0012 0013 0014 0015 0016 0017 0018 0019 0020 0021 0022 0023
 ----------------------------------------------------------------------------------------------------------------------------
  1   0.49 0.55 0.60 0.63 0.63 0.59 0.52 0.45 0.38 0.33 0.31 0.33 0.38 0.44 0.51 0.58 0.64 0.68 0.68 0.64 0.58 0.52 0.46 0.43
  2   0.43 0.46 0.50 0.54 0.58 0.60 0.59 0.56 0.51 0.45 0.40 0.38 0.38 0.40 0.45 0.52 0.59 0.66 0.72 0.73 0.70 0.63 0.56 0.48
  3   0.42 0.40 0.42 0.46 0.52 0.58 0.63 0.65 0.64 0.60 0.54 0.48 0.41 0.36 0.35 0.39 0.47 0.56 0.66 0.74 0.77 0.75 0.68 0.59
  4   0.50 0.40 0.34 0.34 0.39 0.46 0.54 0.62 0.67 0.68 0.65 0.57 0.48 0.39 0.32 0.32 0.38 0.46 0.55 0.65 0.75 0.80 0.78 0.67
  5   0.56 0.44 0.30 0.23 0.26 0.37 0.48 0.58 0.68 0.75 0.77 0.72 0.62 0.49 0.38 0.29 0.29 0.40 0.53 0.68 0.80 0.90 0.89 0.81
  6   0.68 0.54 0.39 0.26 0.23 0.29 0.40 0.55 0.72 0.84 0.88 0.84 0.73 0.58 0.43 0.30 0.24 0.28 0.39 0.56 0.74 0.86 0.91 0.88
  7   0.78 0.64 0.48 0.32 0.20 0.20 0.32 0.48 0.66 0.82 0.91 0.93 0.86 0.74 0.60 0.43 0.29 0.24 0.30 0.44 0.62 0.78 0.89 0.92
  8   0.86 0.72 0.57 0.40 0.25 0.17 0.20 0.33 0.50 0.68 0.84 0.92 0.93 0.86 0.73 0.56 0.42 0.30 0.27 0.37 0.51 0.68 0.83 0.92
  9   0.92 0.84 0.70 0.54 0.38 0.25 0.20 0.27 0.42 0.61 0.78 0.91 0.97 0.94 0.84 0.71 0.55 0.40 0.31 0.31 0.42 0.57 0.72 0.85
 10   0.83 0.86 0.80 0.68 0.55 0.39 0.26 0.20 0.26 0.38 0.54 0.70 0.84 0.93 0.95 0.89 0.77 0.62 0.48 0.36 0.32 0.38 0.49 0.60
 11   0.82 0.86 0.79 0.68 0.55 0.39 0.26 0.20 0.26 0.38 0.54 0.70 0.84 0.93 0.95 0.88 0.77 0.62 0.48 0.36 0.32 0.38 0.49 0.60
 12   0.71 0.80 0.82 0.75 0.64 0.50 0.39 0.29 0.26 0.32 0.42 0.55 0.67 0.78 0.87 0.87 0.80 0.70 0.57 0.44 0.36 0.36 0.42 0.50
 13   0.59 0.67 0.73 0.72 0.65 0.56 0.46 0.36 0.29 0.29 0.36 0.45 0.55 0.66 0.78 0.84 0.83 0.77 0.68 0.57 0.47 0.40 0.40 0.44
 14   0.50 0.56 0.63 0.68 0.68 0.63 0.56 0.48 0.40 0.33 0.32 0.37 0.45 0.54 0.63 0.70 0.76 0.77 0.73 0.65 0.56 0.48 0.40 0.37
 15   0.38 0.43 0.48 0.53 0.58 0.60 0.58 0.53 0.47 0.40 0.35 0.33 0.36 0.42 0.49 0.56 0.64 0.71 0.73 0.70 0.64 0.56 0.48 0.40
 16   0.34 0.32 0.35 0.40 0.46 0.52 0.57 0.59 0.57 0.52 0.45 0.39 0.34 0.34 0.38 0.43 0.50 0.57 0.64 0.68 0.68 0.64 0.56 0.46
 17   0.38 0.32 0.32 0.36 0.42 0.49 0.56 0.61 0.63 0.60 0.54 0.47 0.40 0.33 0.31 0.34 0.41 0.49 0.56 0.63 0.69 0.69 0.64 0.55
 18   0.45 0.35 0.28 0.26 0.29 0.36 0.43 0.52 0.59 0.62 0.61 0.56 0.48 0.41 0.33 0.29 0.31 0.38 0.47 0.56 0.64 0.68 0.66 0.60
 19   0.50 0.39 0.29 0.22 0.23 0.30 0.38 0.48 0.58 0.66 0.67 0.63 0.55 0.45 0.33 0.26 0.25 0.30 0.39 0.50 0.63 0.71 0.71 0.64
 20   0.54 0.44 0.32 0.23 0.20 0.24 0.33 0.44 0.56 0.66 0.71 0.69 0.62 0.52 0.40 0.28 0.23 0.26 0.34 0.45 0.58 0.69 0.74 0.71
 21   0.62 0.51 0.38 0.26 0.18 0.20 0.30 0.44 0.58 0.73 0.80 0.79 0.72 0.62 0.51 0.38 0.28 0.27 0.32 0.42 0.54 0.65 0.74 0.75
 22   0.69 0.59 0.48 0.36 0.26 0.23 0.28 0.38 0.52 0.65 0.76 0.82 0.80 0.71 0.60 0.48 0.37 0.30 0.32 0.40 0.50 0.61 0.72 0.77
 23   0.75 0.66 0.54 0.42 0.30 0.22 0.24 0.34 0.46 0.60 0.73 0.82 0.84 0.79 0.69 0.56 0.45 0.35 0.33 0.40 0.50 0.61 0.73 0.80
 24   0.79 0.71 0.60 0.48 0.34 0.24 0.22 0.29 0.40 0.54 0.68 0.79 0.84 0.82 0.74 0.63 0.50 0.40 0.33 0.34 0.41 0.52 0.62 0.72
 25   0.75 0.70 0.60 0.49 0.37 0.26 0.20 0.23 0.32 0.45 0.58 0.70 0.80 0.82 0.76 0.65 0.54 0.42 0.33 0.29 0.34 0.43 0.54 0.64
 26   0.71 0.70 0.62 0.51 0.40 0.29 0.20 0.19 0.26 0.37 0.50 0.64 0.76 0.80 0.77 0.68 0.58 0.46 0.35 0.28 0.30 0.38 0.48 0.58
 27   0.66 0.67 0.63 0.54 0.44 0.32 0.22 0.17 0.19 0.27 0.38 0.52 0.65 0.74 0.76 0.70 0.61 0.50 0.39 0.30 0.28 0.32 0.40 0.49
 28   0.58 0.64 0.64 0.59 0.50 0.39 0.29 0.22 0.19 0.23 0.32 0.43 0.56 0.67 0.75 0.76 0.71 0.63 0.53 0.43 0.35 0.35 0.39 0.45
 29   0.52 0.59 0.63 0.63 0.58 0.50 0.42 0.34 0.28 0.27 0.31 0.39 0.49 0.59 0.68 0.74 0.75 0.70 0.63 0.54 0.45 0.38 0.36 0.38
 30   0.43 0.49 0.56 0.62 0.63 0.60 0.54 0.47 0.40 0.34 0.32 0.34 0.40 0.48 0.57 0.64 0.70 0.72 0.70 0.64 0.56 0.47 0.41 0.39
 ----------------------------------------------------------------------------------------------------------------------------
                                                                                               
 ----------------------------------------------------------------------------------------------------------------------------
 ----------------------------------------------------------------------------------------------------------------------------
                                                          SURVEY OF INDIA
                                                    MARINE GEODESY WING (G&RB)
                                                     HOURLY HEIGHTS IN METRES
  NAME OF PORT:- MACHILIPATNAM                                                                      MONTH MAY       YEAR 2016
 ----------------------------------------------------------------------------------------------------------------------------
 DAYS 0000 0001 0002 0003 0004 0005 0006 0007 0008 0009 0010 0011 0012 0013 0014 0015 0016 0017 0018 0019 0020 0021 0022 0023
 ----------------------------------------------------------------------------------------------------------------------------
  1   0.40 0.43 0.48 0.54 0.59 0.61 0.60 0.56 0.51 0.45 0.39 0.37 0.38 0.41 0.47 0.54 0.62 0.68 0.72 0.72 0.67 0.60 0.53 0.45
  2   0.39 0.37 0.39 0.44 0.50 0.58 0.64 0.66 0.64 0.58 0.52 0.45 0.40 0.38 0.40 0.46 0.54 0.62 0.70 0.75 0.75 0.70 0.63 0.54
  3   0.44 0.35 0.32 0.34 0.40 0.49 0.58 0.66 0.70 0.70 0.65 0.56 0.47 0.38 0.35 0.38 0.45 0.54 0.65 0.74 0.79 0.78 0.71 0.61
  4   0.50 0.38 0.29 0.25 0.30 0.40 0.53 0.65 0.74 0.79 0.77 0.70 0.60 0.48 0.39 0.33 0.34 0.41 0.54 0.68 0.79 0.82 0.78 0.68
  5   0.56 0.43 0.31 0.25 0.24 0.28 0.40 0.54 0.72 0.82 0.85 0.81 0.72 0.61 0.48 0.36 0.31 0.35 0.44 0.58 0.70 0.80 0.83 0.80
  6   0.71 0.59 0.45 0.30 0.24 0.26 0.37 0.55 0.72 0.87 0.94 0.92 0.84 0.74 0.62 0.50 0.38 0.35 0.40 0.52 0.64 0.75 0.83 0.84
  7   0.80 0.70 0.58 0.46 0.34 0.27 0.30 0.42 0.58 0.75 0.88 0.96 0.96 0.90 0.80 0.68 0.55 0.45 0.42 0.48 0.60 0.72 0.82 0.88
  8   0.88 0.81 0.70 0.57 0.42 0.30 0.28 0.34 0.48 0.66 0.82 0.93 0.98 0.96 0.89 0.79 0.66 0.54 0.44 0.44 0.52 0.63 0.74 0.83
  9   0.88 0.86 0.78 0.67 0.54 0.41 0.31 0.30 0.43 0.58 0.75 0.90 0.99 1.01 0.95 0.85 0.74 0.62 0.49 0.42 0.44 0.52 0.63 0.74
 10   0.81 0.84 0.81 0.73 0.62 0.50 0.37 0.30 0.33 0.42 0.56 0.71 0.84 0.92 0.95 0.92 0.84 0.72 0.60 0.48 0.43 0.46 0.54 0.63
 11   0.72 0.80 0.80 0.74 0.65 0.55 0.44 0.35 0.33 0.39 0.49 0.61 0.74 0.85 0.92 0.94 0.89 0.79 0.68 0.57 0.48 0.44 0.47 0.54
 12   0.62 0.71 0.78 0.79 0.74 0.65 0.56 0.47 0.40 0.39 0.44 0.52 0.62 0.72 0.80 0.86 0.87 0.82 0.73 0.64 0.54 0.47 0.45 0.48
 13   0.54 0.61 0.68 0.72 0.72 0.68 0.61 0.54 0.47 0.42 0.42 0.46 0.53 0.61 0.69 0.77 0.83 0.85 0.82 0.76 0.68 0.61 0.55 0.52
 14   0.52 0.55 0.59 0.64 0.68 0.69 0.67 0.62 0.56 0.50 0.47 0.48 0.52 0.58 0.66 0.73 0.79 0.82 0.81 0.76 0.69 0.62 0.54 0.48
 15   0.45 0.46 0.50 0.56 0.61 0.66 0.69 0.68 0.65 0.60 0.54 0.50 0.50 0.53 0.58 0.63 0.69 0.74 0.78 0.78 0.73 0.66 0.59 0.52
 16   0.46 0.43 0.43 0.47 0.53 0.60 0.66 0.71 0.72 0.70 0.66 0.61 0.56 0.54 0.55 0.58 0.63 0.68 0.74 0.78 0.79 0.76 0.70 0.62
 17   0.54 0.48 0.46 0.48 0.54 0.61 0.68 0.76 0.82 0.85 0.84 0.80 0.74 0.68 0.65 0.66 0.69 0.74 0.80 0.85 0.90 0.92 0.91 0.86
 18   0.79 0.72 0.66 0.64 0.66 0.72 0.82 0.91 0.98 1.03 1.05 1.04 1.00 0.96 0.92 0.89 0.89 0.92 0.97 1.02 1.07 1.12 1.14 1.13
 19   1.09 1.05 1.00 0.96 0.96 0.99 1.04 1.10 1.16 1.20 1.24 1.25 1.24 1.20 1.14 1.08 1.03 1.00 1.01 1.05 1.08 1.10 1.10 1.07
 20   1.01 0.95 0.88 0.82 0.79 0.80 0.84 0.90 0.96 1.02 1.08 1.10 1.08 1.03 0.97 0.90 0.84 0.81 0.82 0.87 0.91 0.96 1.00 1.00
 21   0.96 0.90 0.83 0.75 0.68 0.65 0.68 0.74 0.81 0.88 0.95 1.00 1.01 0.97 0.92 0.86 0.79 0.73 0.71 0.74 0.78 0.83 0.88 0.91
 22   0.90 0.86 0.79 0.71 0.63 0.57 0.57 0.61 0.69 0.79 0.88 0.95 0.98 0.98 0.94 0.86 0.78 0.70 0.66 0.66 0.71 0.78 0.85 0.90
 23   0.91 0.88 0.79 0.70 0.60 0.52 0.49 0.53 0.61 0.72 0.82 0.90 0.95 0.97 0.94 0.86 0.76 0.66 0.60 0.60 0.64 0.70 0.77 0.84
 24   0.88 0.88 0.84 0.76 0.66 0.57 0.51 0.50 0.56 0.64 0.75 0.85 0.93 0.97 0.96 0.90 0.81 0.70 0.63 0.60 0.62 0.66 0.72 0.78
 25   0.84 0.85 0.82 0.75 0.65 0.55 0.47 0.45 0.48 0.55 0.66 0.76 0.84 0.90 0.93 0.90 0.83 0.74 0.65 0.59 0.58 0.62 0.68 0.75
 26   0.81 0.86 0.88 0.84 0.76 0.66 0.58 0.52 0.51 0.56 0.66 0.76 0.85 0.94 0.99 1.00 0.96 0.89 0.82 0.75 0.70 0.70 0.75 0.81
 27   0.87 0.92 0.94 0.93 0.88 0.80 0.71 0.63 0.60 0.61 0.66 0.74 0.83 0.92 0.98 1.01 1.00 0.95 0.88 0.81 0.74 0.70 0.71 0.76
 28   0.82 0.88 0.93 0.94 0.90 0.84 0.76 0.69 0.63 0.61 0.63 0.70 0.79 0.88 0.96 1.01 1.02 0.98 0.92 0.85 0.77 0.70 0.68 0.70
 29   0.75 0.81 0.88 0.93 0.94 0.90 0.84 0.78 0.70 0.64 0.62 0.65 0.72 0.79 0.87 0.94 0.99 1.01 0.98 0.92 0.84 0.75 0.68 0.65
 30   0.67 0.71 0.77 0.84 0.90 0.94 0.94 0.89 0.82 0.76 0.70 0.69 0.71 0.76 0.82 0.88 0.94 0.99 1.01 0.98 0.91 0.84 0.76 0.68
 31   0.65 0.66 0.71 0.78 0.85 0.93 0.99 0.99 0.95 0.89 0.83 0.77 0.74 0.75 0.80 0.86 0.92 0.98 1.03 1.04 1.01 0.96 0.89 0.81
 ----------------------------------------------------------------------------------------------------------------------------
                                                                                               
 ----------------------------------------------------------------------------------------------------------------------------
 ----------------------------------------------------------------------------------------------------------------------------
                                                          SURVEY OF INDIA
                                                    MARINE GEODESY WING (G&RB)
                                                     HOURLY HEIGHTS IN METRES
  NAME OF PORT:- MACHILIPATNAM                                                                      MONTH JUNE      YEAR 2016
 ----------------------------------------------------------------------------------------------------------------------------
 DAYS 0000 0001 0002 0003 0004 0005 0006 0007 0008 0009 0010 0011 0012 0013 0014 0015 0016 0017 0018 0019 0020 0021 0022 0023
 ----------------------------------------------------------------------------------------------------------------------------
  1   0.74 0.70 0.69 0.73 0.80 0.87 0.93 0.99 1.03 1.03 0.99 0.93 0.87 0.83 0.82 0.84 0.89 0.94 0.98 1.01 1.03 1.03 0.99 0.92
  2   0.83 0.77 0.75 0.76 0.81 0.87 0.95 1.02 1.07 1.10 1.10 1.06 0.99 0.92 0.86 0.84 0.84 0.88 0.93 0.98 1.02 1.04 1.03 0.99
  3   0.90 0.82 0.73 0.67 0.67 0.73 0.83 0.93 1.02 1.09 1.13 1.12 1.06 0.99 0.92 0.86 0.83 0.84 0.89 0.95 1.03 1.08 1.07 1.02
  4   0.95 0.86 0.77 0.69 0.64 0.66 0.76 0.88 0.98 1.07 1.13 1.16 1.16 1.12 1.06 0.98 0.92 0.89 0.90 0.94 0.98 1.02 1.05 1.05
  5   1.01 0.95 0.87 0.78 0.69 0.65 0.68 0.76 0.87 0.97 1.05 1.11 1.13 1.11 1.06 0.98 0.89 0.82 0.80 0.83 0.89 0.94 0.99 1.02
  6   1.02 0.98 0.91 0.82 0.72 0.66 0.66 0.70 0.79 0.91 1.00 1.07 1.11 1.13 1.11 1.06 0.98 0.90 0.84 0.82 0.84 0.89 0.95 1.02
  7   1.04 1.02 0.96 0.88 0.79 0.70 0.65 0.66 0.72 0.82 0.96 1.07 1.15 1.18 1.17 1.13 1.06 0.98 0.91 0.88 0.88 0.90 0.94 0.99
  8   1.03 1.05 1.03 0.97 0.89 0.81 0.73 0.69 0.70 0.76 0.84 0.93 1.01 1.07 1.10 1.08 1.03 0.96 0.87 0.80 0.77 0.77 0.80 0.84
  9   0.88 0.92 0.94 0.91 0.85 0.77 0.68 0.64 0.64 0.67 0.73 0.82 0.92 1.00 1.06 1.08 1.07 1.03 0.96 0.88 0.80 0.76 0.77 0.81
 10   0.86 0.91 0.94 0.94 0.90 0.83 0.74 0.66 0.63 0.64 0.68 0.75 0.83 0.91 0.98 1.03 1.04 1.00 0.93 0.86 0.78 0.72 0.70 0.72
 11   0.75 0.79 0.83 0.87 0.88 0.85 0.79 0.73 0.67 0.63 0.64 0.69 0.76 0.84 0.91 0.97 1.00 0.98 0.93 0.86 0.79 0.71 0.66 0.64
 12   0.65 0.69 0.74 0.79 0.82 0.82 0.80 0.76 0.71 0.65 0.62 0.63 0.67 0.72 0.78 0.83 0.88 0.91 0.92 0.89 0.83 0.74 0.66 0.61
 13   0.60 0.61 0.65 0.69 0.73 0.77 0.79 0.78 0.73 0.67 0.61 0.58 0.59 0.62 0.66 0.71 0.76 0.80 0.82 0.81 0.78 0.73 0.66 0.59
 14   0.55 0.55 0.57 0.60 0.64 0.68 0.72 0.75 0.77 0.76 0.72 0.67 0.64 0.63 0.65 0.68 0.71 0.75 0.79 0.82 0.82 0.79 0.73 0.67
 15   0.61 0.57 0.56 0.58 0.61 0.66 0.71 0.77 0.82 0.84 0.83 0.80 0.78 0.76 0.75 0.75 0.77 0.80 0.83 0.86 0.89 0.91 0.89 0.83
 16   0.76 0.71 0.68 0.67 0.68 0.72 0.78 0.84 0.89 0.93 0.96 0.96 0.93 0.89 0.86 0.83 0.82 0.83 0.86 0.88 0.90 0.92 0.92 0.90
 17   0.85 0.78 0.72 0.68 0.68 0.70 0.74 0.80 0.87 0.93 0.97 0.98 0.97 0.94 0.90 0.86 0.83 0.82 0.83 0.85 0.88 0.91 0.93 0.91
 18   0.86 0.81 0.75 0.70 0.68 0.69 0.74 0.81 0.87 0.93 0.97 1.00 1.00 0.96 0.91 0.86 0.80 0.76 0.78 0.85 0.91 0.95 0.96 0.92
 19   0.86 0.79 0.71 0.64 0.60 0.60 0.65 0.75 0.85 0.94 1.02 1.06 1.05 1.00 0.93 0.86 0.79 0.76 0.78 0.84 0.91 0.97 1.01 1.00
 20   0.95 0.88 0.81 0.73 0.66 0.63 0.67 0.75 0.85 0.95 1.04 1.11 1.13 1.10 1.04 0.98 0.92 0.87 0.84 0.85 0.88 0.91 0.94 0.97
 21   0.98 0.97 0.93 0.88 0.82 0.77 0.74 0.75 0.80 0.88 0.95 1.01 1.06 1.09 1.08 1.04 0.98 0.93 0.88 0.87 0.90 0.95 1.00 1.05
 22   1.07 1.05 1.00 0.93 0.85 0.78 0.74 0.74 0.78 0.85 0.93 0.99 1.04 1.08 1.09 1.06 1.01 0.95 0.90 0.86 0.86 0.89 0.93 0.96
 23   0.99 1.00 0.98 0.94 0.87 0.80 0.73 0.70 0.72 0.78 0.86 0.95 1.02 1.07 1.09 1.08 1.03 0.96 0.88 0.82 0.81 0.83 0.87 0.91
 24   0.95 0.98 0.99 0.96 0.90 0.83 0.75 0.68 0.67 0.71 0.78 0.86 0.94 1.01 1.05 1.05 1.02 0.97 0.91 0.85 0.80 0.78 0.81 0.86
 25   0.91 0.95 0.97 0.96 0.93 0.87 0.80 0.73 0.68 0.69 0.75 0.82 0.90 0.97 1.03 1.06 1.06 1.03 0.97 0.92 0.87 0.83 0.82 0.85
 26   0.89 0.94 0.99 1.01 0.99 0.93 0.86 0.79 0.73 0.71 0.72 0.76 0.83 0.90 0.97 1.02 1.04 1.02 0.98 0.92 0.85 0.78 0.75 0.76
 27   0.79 0.84 0.89 0.93 0.96 0.96 0.94 0.89 0.82 0.76 0.74 0.76 0.81 0.87 0.92 0.97 1.01 1.02 1.00 0.94 0.88 0.82 0.77 0.74
 28   0.75 0.78 0.83 0.88 0.93 0.97 0.98 0.94 0.89 0.84 0.79 0.78 0.80 0.84 0.89 0.94 1.00 1.04 1.05 1.02 0.97 0.90 0.84 0.78
 29   0.75 0.74 0.76 0.80 0.86 0.91 0.96 0.97 0.95 0.90 0.84 0.79 0.74 0.73 0.76 0.80 0.85 0.89 0.93 0.94 0.92 0.86 0.79 0.71
 30   0.64 0.60 0.61 0.64 0.70 0.78 0.86 0.93 0.96 0.96 0.92 0.87 0.82 0.76 0.73 0.74 0.79 0.84 0.89 0.93 0.95 0.94 0.89 0.81
 ----------------------------------------------------------------------------------------------------------------------------
                                                                                               
 ----------------------------------------------------------------------------------------------------------------------------
 ----------------------------------------------------------------------------------------------------------------------------
                                                          SURVEY OF INDIA
                                                    MARINE GEODESY WING (G&RB)
                                                     HOURLY HEIGHTS IN METRES
  NAME OF PORT:- MACHILIPATNAM                                                                      MONTH JULY      YEAR 2016
 ----------------------------------------------------------------------------------------------------------------------------
 DAYS 0000 0001 0002 0003 0004 0005 0006 0007 0008 0009 0010 0011 0012 0013 0014 0015 0016 0017 0018 0019 0020 0021 0022 0023
 ----------------------------------------------------------------------------------------------------------------------------
  1   0.73 0.65 0.60 0.60 0.65 0.73 0.83 0.92 0.98 1.01 1.01 0.98 0.94 0.88 0.83 0.79 0.79 0.83 0.88 0.92 0.95 0.96 0.94 0.88
  2   0.81 0.73 0.65 0.60 0.61 0.67 0.75 0.85 0.93 0.99 1.03 1.03 1.00 0.94 0.88 0.81 0.78 0.79 0.83 0.87 0.91 0.94 0.96 0.96
  3   0.93 0.87 0.80 0.72 0.66 0.66 0.73 0.83 0.92 0.99 1.06 1.09 1.08 1.03 0.97 0.91 0.85 0.82 0.82 0.86 0.91 0.95 0.98 0.99
  4   0.96 0.90 0.82 0.74 0.66 0.63 0.65 0.72 0.83 0.93 1.00 1.05 1.07 1.05 1.00 0.93 0.86 0.80 0.76 0.77 0.81 0.86 0.90 0.93
  5   0.94 0.91 0.85 0.77 0.69 0.63 0.60 0.61 0.68 0.81 0.93 1.01 1.05 1.05 1.01 0.95 0.87 0.79 0.71 0.68 0.70 0.74 0.78 0.81
  6   0.84 0.86 0.84 0.77 0.66 0.56 0.47 0.44 0.49 0.61 0.75 0.85 0.92 0.95 0.93 0.88 0.80 0.72 0.63 0.56 0.55 0.61 0.69 0.76
  7   0.81 0.83 0.81 0.75 0.67 0.60 0.53 0.47 0.47 0.53 0.67 0.79 0.89 0.95 0.96 0.91 0.84 0.76 0.68 0.59 0.52 0.54 0.63 0.72
  8   0.78 0.81 0.79 0.73 0.65 0.56 0.48 0.45 0.49 0.57 0.69 0.83 0.93 1.00 1.02 0.98 0.90 0.81 0.71 0.63 0.59 0.61 0.65 0.72
  9   0.79 0.85 0.87 0.85 0.79 0.72 0.63 0.55 0.52 0.55 0.62 0.71 0.81 0.90 0.97 0.99 0.96 0.89 0.81 0.72 0.65 0.61 0.60 0.64
 10   0.70 0.77 0.83 0.85 0.83 0.77 0.69 0.62 0.57 0.56 0.58 0.64 0.72 0.80 0.87 0.92 0.93 0.89 0.82 0.73 0.65 0.58 0.55 0.57
 11   0.62 0.67 0.73 0.78 0.79 0.76 0.70 0.64 0.58 0.54 0.54 0.57 0.62 0.67 0.73 0.78 0.81 0.81 0.77 0.69 0.61 0.54 0.50 0.49
 12   0.50 0.54 0.58 0.62 0.66 0.69 0.69 0.66 0.61 0.56 0.52 0.52 0.55 0.59 0.64 0.68 0.72 0.74 0.73 0.70 0.65 0.59 0.53 0.49
 13   0.48 0.50 0.54 0.59 0.64 0.68 0.70 0.69 0.66 0.62 0.59 0.57 0.57 0.59 0.62 0.66 0.70 0.73 0.75 0.74 0.70 0.65 0.60 0.54
 14   0.51 0.51 0.53 0.57 0.61 0.66 0.70 0.73 0.74 0.73 0.71 0.68 0.66 0.65 0.65 0.66 0.68 0.71 0.74 0.76 0.76 0.73 0.69 0.64
 15   0.59 0.55 0.54 0.56 0.59 0.63 0.68 0.73 0.77 0.79 0.79 0.78 0.76 0.73 0.71 0.71 0.72 0.74 0.76 0.78 0.79 0.78 0.76 0.73
 16   0.69 0.65 0.62 0.61 0.62 0.65 0.69 0.74 0.78 0.82 0.85 0.86 0.85 0.82 0.79 0.75 0.71 0.68 0.67 0.69 0.71 0.73 0.75 0.75
 17   0.73 0.69 0.64 0.59 0.57 0.57 0.60 0.64 0.70 0.76 0.80 0.82 0.82 0.80 0.77 0.74 0.73 0.73 0.74 0.75 0.76 0.77 0.77 0.76
 18   0.73 0.70 0.66 0.62 0.59 0.58 0.60 0.64 0.70 0.76 0.80 0.82 0.83 0.82 0.80 0.77 0.74 0.71 0.69 0.68 0.69 0.71 0.73 0.74
 19   0.75 0.74 0.71 0.67 0.63 0.60 0.59 0.60 0.63 0.68 0.73 0.77 0.81 0.83 0.82 0.79 0.76 0.73 0.71 0.71 0.72 0.74 0.76 0.77
 20   0.76 0.74 0.72 0.70 0.68 0.65 0.63 0.63 0.65 0.70 0.75 0.79 0.82 0.83 0.83 0.82 0.80 0.77 0.74 0.72 0.72 0.73 0.76 0.78
 21   0.80 0.80 0.79 0.77 0.74 0.71 0.68 0.67 0.68 0.72 0.76 0.80 0.84 0.87 0.88 0.88 0.87 0.86 0.85 0.83 0.81 0.80 0.81 0.83
 22   0.85 0.86 0.87 0.86 0.84 0.81 0.78 0.76 0.76 0.78 0.81 0.85 0.88 0.91 0.93 0.94 0.94 0.93 0.92 0.90 0.89 0.87 0.86 0.86
 23   0.88 0.90 0.92 0.93 0.92 0.89 0.85 0.80 0.77 0.78 0.81 0.84 0.87 0.90 0.93 0.94 0.94 0.93 0.91 0.89 0.87 0.86 0.85 0.86
 24   0.87 0.88 0.89 0.90 0.90 0.88 0.85 0.82 0.79 0.78 0.79 0.81 0.83 0.86 0.88 0.90 0.91 0.91 0.90 0.86 0.81 0.78 0.77 0.78
 25   0.80 0.82 0.85 0.87 0.88 0.88 0.87 0.84 0.81 0.78 0.77 0.78 0.80 0.83 0.85 0.87 0.89 0.90 0.90 0.88 0.85 0.81 0.80 0.80
 26   0.80 0.82 0.84 0.86 0.88 0.89 0.90 0.90 0.88 0.86 0.85 0.85 0.86 0.87 0.88 0.89 0.91 0.92 0.93 0.93 0.92 0.88 0.85 0.83
 27   0.83 0.84 0.86 0.89 0.91 0.93 0.93 0.92 0.89 0.87 0.85 0.85 0.86 0.87 0.89 0.90 0.91 0.92 0.93 0.93 0.92 0.90 0.88 0.85
 28   0.83 0.82 0.83 0.86 0.87 0.89 0.91 0.92 0.92 0.91 0.89 0.88 0.88 0.89 0.90 0.91 0.92 0.93 0.93 0.92 0.91 0.90 0.89 0.88
 29   0.87 0.87 0.88 0.89 0.90 0.91 0.92 0.93 0.93 0.92 0.91 0.90 0.89 0.88 0.87 0.87 0.88 0.90 0.92 0.93 0.93 0.92 0.91 0.90
 30   0.85 0.82 0.80 0.79 0.79 0.80 0.82 0.84 0.87 0.88 0.89 0.90 0.90 0.88 0.87 0.86 0.85 0.84 0.84 0.85 0.86 0.87 0.88 0.88
 31   0.86 0.82 0.79 0.76 0.74 0.74 0.75 0.78 0.81 0.85 0.87 0.88 0.88 0.87 0.84 0.81 0.78 0.77 0.77 0.78 0.80 0.82 0.83 0.83
 ----------------------------------------------------------------------------------------------------------------------------
                                                                                              
 ----------------------------------------------------------------------------------------------------------------------------
 ----------------------------------------------------------------------------------------------------------------------------
                                                          SURVEY OF INDIA
                                                    MARINE GEODESY WING (G&RB)
                                                     HOURLY HEIGHTS IN METRES
  NAME OF PORT:- MACHILIPATNAM                                                                      MONTH AUGUST    YEAR 2016
 ----------------------------------------------------------------------------------------------------------------------------
 DAYS 0000 0001 0002 0003 0004 0005 0006 0007 0008 0009 0010 0011 0012 0013 0014 0015 0016 0017 0018 0019 0020 0021 0022 0023
 ----------------------------------------------------------------------------------------------------------------------------
  1   0.82 0.80 0.77 0.73 0.70 0.68 0.68 0.70 0.73 0.77 0.81 0.83 0.84 0.84 0.83 0.82 0.80 0.78 0.76 0.76 0.77 0.78 0.80 0.82
  2   0.82 0.80 0.77 0.73 0.68 0.64 0.63 0.65 0.69 0.73 0.77 0.81 0.83 0.84 0.83 0.80 0.76 0.72 0.69 0.69 0.71 0.73 0.76 0.79
  3   0.80 0.80 0.77 0.73 0.69 0.66 0.64 0.64 0.67 0.71 0.75 0.80 0.84 0.86 0.86 0.84 0.80 0.77 0.74 0.72 0.71 0.71 0.74 0.78
  4   0.81 0.82 0.80 0.77 0.72 0.67 0.63 0.63 0.65 0.68 0.72 0.77 0.80 0.83 0.83 0.82 0.80 0.76 0.72 0.68 0.68 0.69 0.71 0.74
  5   0.76 0.78 0.79 0.78 0.76 0.71 0.66 0.63 0.63 0.65 0.69 0.75 0.80 0.83 0.85 0.85 0.83 0.80 0.77 0.74 0.70 0.69 0.70 0.73
  6   0.76 0.78 0.80 0.80 0.77 0.73 0.68 0.65 0.64 0.65 0.67 0.71 0.76 0.79 0.81 0.82 0.81 0.79 0.75 0.71 0.68 0.68 0.69 0.71
  7   0.74 0.77 0.79 0.79 0.77 0.75 0.72 0.68 0.66 0.66 0.67 0.70 0.74 0.77 0.79 0.81 0.82 0.82 0.80 0.75 0.70 0.68 0.68 0.70
  8   0.72 0.74 0.76 0.77 0.77 0.76 0.74 0.72 0.70 0.68 0.68 0.70 0.72 0.75 0.78 0.80 0.81 0.81 0.80 0.77 0.74 0.71 0.70 0.70
  9   0.71 0.73 0.77 0.79 0.80 0.80 0.79 0.78 0.76 0.75 0.74 0.74 0.75 0.78 0.80 0.82 0.83 0.83 0.82 0.81 0.79 0.78 0.76 0.75
 10   0.74 0.74 0.75 0.76 0.77 0.78 0.79 0.80 0.80 0.79 0.78 0.77 0.77 0.78 0.79 0.80 0.81 0.82 0.83 0.83 0.82 0.80 0.78 0.76
 11   0.74 0.74 0.75 0.77 0.78 0.79 0.80 0.81 0.81 0.79 0.78 0.77 0.76 0.75 0.75 0.76 0.77 0.78 0.79 0.79 0.78 0.76 0.74 0.73
 12   0.72 0.71 0.70 0.70 0.71 0.72 0.73 0.74 0.75 0.75 0.74 0.73 0.72 0.71 0.70 0.70 0.71 0.72 0.73 0.73 0.72 0.71 0.70 0.69
 13   0.68 0.67 0.66 0.65 0.64 0.64 0.65 0.66 0.67 0.68 0.69 0.70 0.70 0.69 0.68 0.67 0.66 0.66 0.67 0.68 0.69 0.69 0.68 0.67
 14   0.66 0.65 0.64 0.63 0.63 0.64 0.65 0.66 0.67 0.69 0.71 0.73 0.73 0.72 0.71 0.70 0.70 0.71 0.72 0.73 0.74 0.74 0.73 0.72
 15   0.70 0.66 0.62 0.58 0.56 0.57 0.60 0.65 0.71 0.75 0.78 0.79 0.79 0.77 0.73 0.69 0.67 0.66 0.67 0.69 0.72 0.75 0.76 0.76
 16   0.75 0.72 0.68 0.64 0.62 0.62 0.63 0.67 0.73 0.79 0.83 0.85 0.85 0.84 0.81 0.77 0.74 0.72 0.71 0.72 0.74 0.76 0.78 0.79
 17   0.79 0.78 0.74 0.70 0.66 0.63 0.63 0.66 0.71 0.78 0.83 0.86 0.87 0.87 0.85 0.82 0.77 0.74 0.72 0.72 0.73 0.77 0.81 0.84
 18   0.85 0.83 0.79 0.74 0.68 0.64 0.63 0.65 0.72 0.81 0.88 0.93 0.95 0.94 0.91 0.86 0.80 0.75 0.71 0.71 0.74 0.79 0.84 0.88
 19   0.90 0.90 0.87 0.82 0.76 0.69 0.66 0.66 0.70 0.78 0.87 0.93 0.97 0.98 0.97 0.93 0.87 0.81 0.75 0.73 0.75 0.79 0.86 0.91
 20   0.94 0.95 0.94 0.90 0.84 0.78 0.71 0.69 0.72 0.78 0.85 0.92 0.97 1.00 1.00 0.97 0.92 0.87 0.80 0.75 0.74 0.77 0.82 0.88
 21   0.92 0.94 0.95 0.93 0.89 0.84 0.77 0.72 0.72 0.76 0.82 0.89 0.95 0.98 1.00 1.00 0.98 0.93 0.88 0.82 0.79 0.80 0.83 0.88
 22   0.93 0.97 0.99 0.99 0.97 0.93 0.88 0.83 0.80 0.81 0.84 0.90 0.95 0.99 1.02 1.04 1.03 1.00 0.95 0.90 0.84 0.82 0.83 0.86
 23   0.90 0.96 1.00 1.01 1.01 0.98 0.95 0.90 0.85 0.82 0.82 0.85 0.90 0.94 0.98 0.99 0.99 0.97 0.93 0.88 0.82 0.78 0.76 0.76
 24   0.80 0.84 0.88 0.91 0.92 0.92 0.90 0.86 0.82 0.77 0.75 0.75 0.77 0.80 0.84 0.87 0.88 0.88 0.86 0.83 0.79 0.75 0.71 0.69
 25   0.70 0.72 0.76 0.79 0.82 0.84 0.84 0.84 0.82 0.80 0.77 0.75 0.74 0.75 0.77 0.79 0.80 0.80 0.79 0.77 0.75 0.73 0.70 0.68
 26   0.66 0.66 0.67 0.70 0.74 0.77 0.79 0.81 0.82 0.82 0.80 0.77 0.76 0.75 0.75 0.76 0.78 0.81 0.83 0.85 0.85 0.84 0.83 0.80
 27   0.78 0.77 0.76 0.76 0.78 0.81 0.85 0.87 0.89 0.90 0.90 0.89 0.87 0.85 0.84 0.84 0.85 0.86 0.87 0.88 0.89 0.90 0.90 0.88
 28   0.85 0.83 0.81 0.80 0.80 0.82 0.84 0.86 0.88 0.90 0.91 0.92 0.92 0.91 0.90 0.89 0.88 0.88 0.89 0.90 0.91 0.92 0.93 0.94
 29   0.94 0.93 0.92 0.90 0.88 0.89 0.92 0.95 0.98 1.00 1.01 1.02 1.02 1.01 1.00 0.98 0.97 0.95 0.95 0.96 0.98 0.99 1.00 1.00
 30   0.99 0.97 0.94 0.90 0.87 0.86 0.88 0.92 0.96 0.99 1.02 1.04 1.04 1.03 1.00 0.97 0.95 0.93 0.92 0.94 0.97 1.00 1.02 1.04
 31   1.04 1.02 1.00 0.96 0.92 0.90 0.90 0.94 0.98 1.01 1.04 1.07 1.08 1.08 1.07 1.05 1.03 1.02 1.00 1.00 1.01 1.03 1.05 1.06
 ----------------------------------------------------------------------------------------------------------------------------
                                                                                               
 ----------------------------------------------------------------------------------------------------------------------------
 ----------------------------------------------------------------------------------------------------------------------------
                                                          SURVEY OF INDIA
                                                    MARINE GEODESY WING (G&RB)
                                                     HOURLY HEIGHTS IN METRES
  NAME OF PORT:- MACHILIPATNAM                                                                      MONTH SEPT      YEAR 2016
 ----------------------------------------------------------------------------------------------------------------------------
 DAYS 0000 0001 0002 0003 0004 0005 0006 0007 0008 0009 0010 0011 0012 0013 0014 0015 0016 0017 0018 0019 0020 0021 0022 0023
 ----------------------------------------------------------------------------------------------------------------------------
  1   1.07 1.07 1.06 1.04 1.00 0.98 0.96 0.96 0.98 1.01 1.03 1.05 1.07 1.08 1.08 1.07 1.05 1.02 1.00 0.98 0.98 1.00 1.02 1.04
  2   1.05 1.05 1.04 1.02 0.99 0.96 0.92 0.91 0.92 0.95 0.98 1.00 1.02 1.04 1.04 1.03 1.01 0.98 0.95 0.93 0.92 0.94 0.98 1.00
  3   1.01 1.02 1.02 1.00 0.98 0.93 0.89 0.86 0.86 0.88 0.92 0.96 0.98 1.00 1.00 0.99 0.97 0.94 0.90 0.87 0.85 0.86 0.90 0.93
  4   0.95 0.96 0.96 0.95 0.93 0.88 0.84 0.80 0.79 0.80 0.84 0.87 0.90 0.93 0.94 0.94 0.92 0.90 0.86 0.82 0.80 0.80 0.82 0.85
  5   0.88 0.90 0.91 0.90 0.89 0.86 0.82 0.79 0.76 0.75 0.78 0.82 0.85 0.87 0.89 0.90 0.89 0.86 0.82 0.79 0.76 0.74 0.74 0.77
  6   0.80 0.84 0.86 0.87 0.87 0.85 0.82 0.77 0.74 0.74 0.75 0.77 0.79 0.82 0.84 0.86 0.86 0.84 0.82 0.79 0.76 0.74 0.74 0.75
  7   0.77 0.80 0.83 0.85 0.85 0.84 0.82 0.80 0.77 0.75 0.74 0.73 0.73 0.74 0.75 0.76 0.77 0.78 0.78 0.77 0.75 0.73 0.72 0.72
  8   0.73 0.75 0.78 0.80 0.82 0.83 0.82 0.80 0.78 0.76 0.75 0.75 0.77 0.79 0.80 0.81 0.82 0.82 0.80 0.78 0.75 0.71 0.68 0.68
  9   0.70 0.74 0.77 0.80 0.83 0.85 0.85 0.84 0.82 0.80 0.78 0.77 0.77 0.78 0.81 0.83 0.85 0.86 0.85 0.83 0.80 0.78 0.76 0.74
 10   0.74 0.75 0.76 0.78 0.80 0.82 0.84 0.84 0.83 0.82 0.81 0.80 0.80 0.81 0.82 0.83 0.85 0.86 0.86 0.85 0.83 0.81 0.79 0.77
 11   0.75 0.74 0.74 0.75 0.76 0.78 0.80 0.82 0.83 0.83 0.82 0.80 0.79 0.78 0.78 0.79 0.80 0.81 0.82 0.83 0.84 0.84 0.83 0.81
 12   0.79 0.76 0.74 0.73 0.75 0.78 0.81 0.84 0.86 0.88 0.90 0.90 0.89 0.86 0.82 0.80 0.81 0.84 0.87 0.90 0.92 0.92 0.90 0.87
 13   0.83 0.78 0.75 0.73 0.74 0.80 0.87 0.94 0.99 1.02 1.02 0.99 0.94 0.88 0.82 0.78 0.77 0.80 0.86 0.92 0.96 0.98 0.96 0.93
 14   0.88 0.82 0.75 0.70 0.70 0.76 0.84 0.94 1.02 1.07 1.09 1.08 1.03 0.97 0.90 0.84 0.80 0.80 0.85 0.93 0.99 1.03 1.04 1.02
 15   0.98 0.92 0.84 0.77 0.74 0.76 0.82 0.90 0.98 1.06 1.10 1.10 1.08 1.02 0.96 0.90 0.83 0.80 0.83 0.90 0.97 1.05 1.09 1.09
 16   1.06 1.00 0.95 0.88 0.82 0.79 0.82 0.90 1.00 1.08 1.14 1.16 1.14 1.09 1.02 0.95 0.86 0.80 0.80 0.87 0.95 1.03 1.09 1.12
 17   1.12 1.07 1.00 0.94 0.87 0.81 0.80 0.86 0.94 1.02 1.09 1.14 1.14 1.11 1.06 1.00 0.94 0.87 0.82 0.83 0.89 0.96 1.03 1.08
 18   1.11 1.10 1.05 0.99 0.93 0.86 0.81 0.80 0.86 0.94 1.01 1.07 1.10 1.10 1.06 1.00 0.94 0.86 0.78 0.75 0.79 0.86 0.93 0.98
 19   1.04 1.07 1.06 1.02 0.96 0.89 0.82 0.78 0.80 0.87 0.94 1.01 1.06 1.09 1.08 1.04 0.96 0.89 0.82 0.75 0.74 0.78 0.86 0.93
 20   1.00 1.04 1.05 1.03 0.98 0.93 0.87 0.82 0.78 0.80 0.88 0.96 1.01 1.04 1.04 1.02 0.98 0.91 0.83 0.77 0.74 0.77 0.84 0.92
 21   0.99 1.04 1.07 1.08 1.06 1.02 0.97 0.92 0.87 0.86 0.89 0.94 1.00 1.04 1.07 1.07 1.05 1.02 0.97 0.92 0.86 0.82 0.84 0.90
 22   0.96 1.02 1.06 1.09 1.11 1.11 1.10 1.07 1.04 1.02 1.00 1.00 1.01 1.03 1.05 1.07 1.08 1.08 1.07 1.04 1.01 0.99 0.97 0.95
 23   0.95 0.99 1.04 1.09 1.13 1.15 1.14 1.11 1.08 1.05 1.02 1.01 1.03 1.08 1.13 1.14 1.13 1.11 1.08 1.05 1.01 0.98 0.96 0.96
 24   1.00 1.05 1.10 1.14 1.15 1.15 1.13 1.10 1.07 1.04 1.00 0.96 0.94 0.95 0.98 1.00 1.02 1.03 1.02 1.00 0.97 0.94 0.90 0.87
 25   0.85 0.86 0.90 0.95 1.00 1.04 1.07 1.08 1.07 1.05 1.02 1.00 0.97 0.93 0.90 0.90 0.92 0.94 0.96 0.98 0.97 0.94 0.90 0.87
 26   0.83 0.80 0.80 0.82 0.86 0.92 0.97 1.02 1.05 1.05 1.03 0.99 0.94 0.89 0.85 0.83 0.83 0.86 0.92 0.97 0.99 0.99 0.96 0.91
 27   0.87 0.82 0.78 0.76 0.78 0.84 0.92 0.98 1.04 1.06 1.06 1.03 0.99 0.95 0.89 0.84 0.80 0.81 0.86 0.93 0.98 1.01 1.02 1.00
 28   0.95 0.90 0.85 0.80 0.77 0.79 0.85 0.92 0.97 1.02 1.04 1.04 1.01 0.98 0.92 0.85 0.78 0.76 0.80 0.87 0.94 0.99 1.02 1.01
 29   0.97 0.91 0.85 0.79 0.74 0.74 0.80 0.88 0.96 1.02 1.06 1.07 1.04 0.99 0.93 0.86 0.80 0.75 0.77 0.84 0.92 0.98 1.02 1.04
 30   1.04 1.00 0.94 0.88 0.81 0.78 0.79 0.85 0.93 0.99 1.05 1.08 1.07 1.02 0.97 0.91 0.85 0.79 0.78 0.83 0.91 0.98 1.03 1.07
 ----------------------------------------------------------------------------------------------------------------------------
                                                                                               
 ----------------------------------------------------------------------------------------------------------------------------
 ----------------------------------------------------------------------------------------------------------------------------
                                                          SURVEY OF INDIA
                                                    MARINE GEODESY WING (G&RB)
                                                     HOURLY HEIGHTS IN METRES
  NAME OF PORT:- MACHILIPATNAM                                                                      MONTH OCTOBER   YEAR 2016
 ----------------------------------------------------------------------------------------------------------------------------
 DAYS 0000 0001 0002 0003 0004 0005 0006 0007 0008 0009 0010 0011 0012 0013 0014 0015 0016 0017 0018 0019 0020 0021 0022 0023
 ----------------------------------------------------------------------------------------------------------------------------
  1   1.07 1.04 1.00 0.95 0.89 0.84 0.83 0.86 0.92 0.99 1.04 1.07 1.08 1.07 1.04 0.99 0.93 0.87 0.83 0.85 0.90 0.97 1.03 1.07
  2   1.09 1.08 1.05 1.00 0.93 0.87 0.85 0.87 0.93 1.00 1.07 1.12 1.13 1.10 1.05 1.00 0.94 0.89 0.85 0.83 0.86 0.93 0.99 1.06
  3   1.11 1.12 1.09 1.04 0.99 0.94 0.91 0.90 0.94 1.00 1.05 1.10 1.12 1.10 1.05 1.00 0.94 0.89 0.85 0.86 0.90 0.97 1.03 1.09
  4   1.11 1.11 1.09 1.06 1.02 0.98 0.93 0.90 0.89 0.92 0.98 1.04 1.07 1.07 1.05 1.01 0.95 0.90 0.85 0.83 0.84 0.88 0.95 1.02
  5   1.07 1.09 1.08 1.05 1.00 0.95 0.91 0.87 0.85 0.87 0.92 0.98 1.02 1.03 1.02 0.99 0.93 0.88 0.82 0.79 0.78 0.79 0.82 0.90
  6   0.97 1.01 1.03 1.03 1.00 0.95 0.91 0.87 0.84 0.83 0.86 0.91 0.95 0.98 0.98 0.94 0.88 0.83 0.76 0.70 0.67 0.68 0.74 0.82
  7   0.90 0.97 1.00 1.00 0.97 0.93 0.89 0.85 0.81 0.78 0.79 0.83 0.89 0.93 0.95 0.94 0.91 0.86 0.80 0.75 0.70 0.69 0.72 0.79
  8   0.86 0.93 0.98 1.01 1.01 0.98 0.95 0.91 0.86 0.81 0.79 0.80 0.83 0.86 0.89 0.91 0.92 0.90 0.86 0.81 0.76 0.72 0.71 0.73
  9   0.79 0.84 0.89 0.94 0.98 0.98 0.95 0.90 0.86 0.83 0.81 0.81 0.83 0.85 0.88 0.91 0.92 0.91 0.87 0.84 0.80 0.77 0.74 0.73
 10   0.74 0.79 0.84 0.89 0.93 0.96 0.97 0.96 0.93 0.89 0.85 0.82 0.79 0.77 0.77 0.79 0.81 0.83 0.84 0.83 0.80 0.77 0.75 0.72
 11   0.71 0.72 0.74 0.79 0.83 0.89 0.92 0.94 0.94 0.93 0.90 0.86 0.82 0.80 0.78 0.78 0.81 0.85 0.89 0.92 0.94 0.94 0.91 0.87
 12   0.83 0.80 0.79 0.81 0.85 0.90 0.95 0.99 1.01 1.02 1.01 0.98 0.93 0.89 0.85 0.83 0.84 0.89 0.93 0.98 1.01 1.03 1.02 0.99
 13   0.95 0.90 0.86 0.85 0.87 0.92 0.98 1.04 1.08 1.10 1.11 1.10 1.06 1.01 0.97 0.92 0.91 0.94 0.99 1.04 1.08 1.11 1.12 1.10
 14   1.07 1.02 0.97 0.92 0.91 0.95 1.01 1.06 1.11 1.15 1.17 1.16 1.12 1.06 0.98 0.90 0.87 0.92 1.01 1.09 1.16 1.21 1.23 1.20
 15   1.14 1.08 1.01 0.93 0.89 0.93 1.04 1.13 1.20 1.25 1.26 1.23 1.17 1.10 1.03 0.96 0.90 0.90 0.99 1.08 1.19 1.28 1.32 1.31
 16   1.27 1.20 1.13 1.06 1.00 0.98 1.03 1.11 1.18 1.26 1.31 1.31 1.27 1.20 1.13 1.06 0.98 0.95 0.97 1.05 1.15 1.24 1.31 1.35
 17   1.34 1.29 1.23 1.16 1.10 1.04 1.02 1.08 1.17 1.25 1.32 1.35 1.33 1.28 1.21 1.14 1.07 1.00 0.98 1.02 1.12 1.20 1.30 1.36
 18   1.39 1.36 1.30 1.22 1.16 1.09 1.05 1.05 1.11 1.18 1.26 1.32 1.34 1.30 1.24 1.17 1.09 1.03 0.97 0.96 1.01 1.09 1.19 1.27
 19   1.32 1.33 1.29 1.23 1.17 1.10 1.05 1.01 1.02 1.07 1.13 1.20 1.25 1.26 1.22 1.16 1.09 1.02 0.95 0.90 0.90 0.97 1.05 1.14
 20   1.20 1.25 1.27 1.24 1.18 1.12 1.04 0.99 0.95 0.97 1.03 1.09 1.14 1.18 1.18 1.14 1.08 1.01 0.94 0.88 0.83 0.85 0.94 1.03
 21   1.11 1.19 1.23 1.23 1.21 1.17 1.12 1.06 1.00 0.96 0.97 1.02 1.07 1.12 1.15 1.14 1.10 1.04 0.97 0.90 0.83 0.80 0.85 0.93
 22   1.01 1.08 1.15 1.18 1.18 1.15 1.10 1.05 0.99 0.93 0.90 0.91 0.97 1.01 1.06 1.09 1.10 1.07 1.01 0.94 0.88 0.83 0.82 0.86
 23   0.92 0.98 1.05 1.10 1.14 1.14 1.11 1.07 1.01 0.96 0.90 0.86 0.85 0.88 0.93 0.97 1.01 1.02 1.01 0.97 0.92 0.87 0.82 0.79
 24   0.81 0.88 0.94 1.00 1.05 1.09 1.10 1.08 1.04 1.00 0.94 0.88 0.82 0.80 0.81 0.85 0.90 0.95 0.98 0.99 0.95 0.90 0.84 0.78
 25   0.76 0.77 0.81 0.86 0.92 0.98 1.02 1.04 1.03 1.00 0.95 0.88 0.80 0.71 0.67 0.71 0.78 0.85 0.91 0.96 0.98 0.96 0.92 0.86
 26   0.80 0.74 0.70 0.74 0.81 0.89 0.95 1.00 1.03 1.03 0.99 0.94 0.88 0.81 0.73 0.70 0.74 0.82 0.91 0.98 1.03 1.04 1.03 0.99
 27   0.93 0.88 0.82 0.78 0.80 0.88 0.96 1.02 1.06 1.09 1.08 1.05 1.00 0.95 0.88 0.81 0.79 0.83 0.90 0.99 1.06 1.10 1.11 1.09
 28   1.05 1.00 0.94 0.89 0.88 0.94 1.02 1.10 1.17 1.21 1.22 1.20 1.16 1.11 1.07 1.03 1.02 1.06 1.13 1.21 1.28 1.33 1.34 1.33
 29   1.30 1.26 1.21 1.17 1.13 1.11 1.14 1.19 1.23 1.27 1.28 1.26 1.21 1.15 1.08 1.01 0.96 0.95 1.01 1.09 1.16 1.22 1.27 1.27
 30   1.23 1.18 1.12 1.06 1.00 0.97 1.00 1.05 1.11 1.17 1.21 1.20 1.16 1.09 1.01 0.94 0.87 0.85 0.90 0.99 1.07 1.17 1.23 1.25
 31   1.23 1.18 1.14 1.09 1.04 1.00 1.01 1.05 1.11 1.18 1.23 1.25 1.22 1.15 1.08 1.01 0.95 0.90 0.90 0.98 1.07 1.14 1.20 1.24
 ----------------------------------------------------------------------------------------------------------------------------
                                                                                               
 ----------------------------------------------------------------------------------------------------------------------------
 ----------------------------------------------------------------------------------------------------------------------------
                                                          SURVEY OF INDIA
                                                    MARINE GEODESY WING (G&RB)
                                                     HOURLY HEIGHTS IN METRES
  NAME OF PORT:- MACHILIPATNAM                                                                      MONTH NOVEMBER  YEAR 2016
 ----------------------------------------------------------------------------------------------------------------------------
 DAYS 0000 0001 0002 0003 0004 0005 0006 0007 0008 0009 0010 0011 0012 0013 0014 0015 0016 0017 0018 0019 0020 0021 0022 0023
 ----------------------------------------------------------------------------------------------------------------------------
  1   1.25 1.23 1.18 1.12 1.06 1.00 0.97 0.99 1.05 1.11 1.17 1.20 1.20 1.16 1.10 1.03 0.95 0.88 0.87 0.92 1.01 1.10 1.18 1.24
  2   1.27 1.25 1.20 1.14 1.07 1.01 0.98 0.98 1.02 1.08 1.14 1.19 1.20 1.17 1.12 1.05 0.97 0.89 0.82 0.84 0.93 1.03 1.12 1.19
  3   1.24 1.25 1.22 1.17 1.11 1.04 0.99 0.95 0.97 1.04 1.11 1.17 1.19 1.17 1.11 1.05 0.98 0.92 0.87 0.88 0.94 1.03 1.12 1.19
  4   1.25 1.27 1.26 1.22 1.16 1.10 1.05 1.00 0.98 1.01 1.08 1.13 1.16 1.16 1.14 1.09 1.04 0.98 0.92 0.90 0.93 0.99 1.05 1.12
  5   1.19 1.25 1.27 1.25 1.20 1.15 1.10 1.05 1.00 0.99 1.02 1.07 1.11 1.13 1.11 1.06 1.00 0.93 0.87 0.82 0.81 0.86 0.93 1.02
  6   1.09 1.16 1.20 1.19 1.15 1.09 1.03 0.98 0.93 0.91 0.93 0.99 1.04 1.07 1.07 1.05 1.00 0.95 0.90 0.84 0.80 0.80 0.87 0.95
  7   1.02 1.09 1.14 1.17 1.16 1.12 1.07 1.01 0.95 0.90 0.86 0.86 0.91 0.96 1.00 1.01 0.99 0.95 0.90 0.84 0.79 0.77 0.79 0.86
  8   0.94 1.01 1.07 1.11 1.12 1.11 1.07 1.01 0.94 0.88 0.83 0.81 0.84 0.90 0.95 0.99 1.01 1.00 0.96 0.90 0.83 0.77 0.74 0.76
  9   0.82 0.90 0.97 1.03 1.08 1.10 1.09 1.05 0.99 0.92 0.84 0.77 0.73 0.74 0.80 0.86 0.92 0.97 0.99 0.98 0.94 0.88 0.82 0.76
 10   0.75 0.78 0.85 0.93 1.00 1.06 1.09 1.08 1.04 0.98 0.89 0.80 0.72 0.68 0.70 0.77 0.86 0.94 1.00 1.05 1.07 1.05 0.99 0.92
 11   0.84 0.78 0.78 0.83 0.90 0.97 1.05 1.10 1.12 1.10 1.04 0.97 0.88 0.77 0.70 0.71 0.78 0.88 0.96 1.04 1.09 1.10 1.08 1.02
 12   0.94 0.86 0.78 0.76 0.81 0.89 0.97 1.05 1.10 1.12 1.09 1.02 0.94 0.83 0.74 0.67 0.70 0.82 0.93 1.03 1.11 1.15 1.16 1.13
 13   1.06 0.98 0.90 0.83 0.82 0.88 0.97 1.07 1.15 1.19 1.19 1.14 1.06 0.97 0.87 0.78 0.75 0.80 0.90 0.99 1.09 1.16 1.21 1.23
 14   1.21 1.15 1.08 1.00 0.94 0.94 0.99 1.07 1.14 1.20 1.23 1.21 1.15 1.06 0.98 0.89 0.81 0.79 0.86 0.97 1.07 1.16 1.23 1.26
 15   1.25 1.20 1.13 1.06 0.98 0.92 0.93 1.00 1.08 1.15 1.20 1.21 1.18 1.11 1.03 0.94 0.85 0.78 0.78 0.87 0.97 1.06 1.13 1.19
 16   1.22 1.20 1.15 1.08 1.01 0.94 0.89 0.90 0.97 1.06 1.13 1.18 1.18 1.13 1.05 0.96 0.87 0.78 0.75 0.80 0.90 1.00 1.09 1.15
 17   1.20 1.22 1.20 1.14 1.06 0.99 0.93 0.91 0.95 1.04 1.12 1.18 1.20 1.18 1.12 1.04 0.95 0.85 0.80 0.82 0.89 0.98 1.06 1.14
 18   1.21 1.25 1.25 1.21 1.15 1.08 1.02 0.96 0.93 0.95 1.01 1.07 1.13 1.15 1.13 1.07 0.99 0.90 0.82 0.76 0.77 0.86 0.95 1.03
 19   1.10 1.16 1.19 1.19 1.15 1.07 0.99 0.91 0.85 0.84 0.89 0.96 1.02 1.06 1.06 1.02 0.95 0.86 0.77 0.68 0.66 0.73 0.83 0.92
 20   1.00 1.09 1.15 1.17 1.14 1.08 1.01 0.94 0.87 0.83 0.83 0.87 0.93 0.98 1.02 1.02 0.99 0.93 0.86 0.79 0.74 0.74 0.80 0.89
 21   0.96 1.04 1.10 1.14 1.15 1.11 1.05 0.98 0.90 0.83 0.79 0.79 0.83 0.88 0.93 0.96 0.98 0.97 0.94 0.88 0.81 0.77 0.76 0.80
 22   0.85 0.93 0.99 1.03 1.06 1.05 1.02 0.97 0.90 0.82 0.76 0.72 0.71 0.74 0.81 0.90 0.96 0.99 0.99 0.96 0.91 0.86 0.80 0.77
 23   0.80 0.86 0.92 0.97 1.02 1.05 1.05 1.02 0.97 0.92 0.85 0.77 0.70 0.69 0.72 0.79 0.87 0.94 1.00 1.03 1.03 0.99 0.95 0.89
 24   0.85 0.83 0.85 0.90 0.95 1.00 1.04 1.05 1.02 0.97 0.90 0.82 0.74 0.69 0.68 0.73 0.81 0.89 0.96 1.02 1.05 1.05 1.01 0.96
 25   0.91 0.85 0.81 0.82 0.86 0.91 0.97 1.02 1.05 1.04 0.99 0.92 0.84 0.75 0.69 0.68 0.74 0.84 0.92 1.00 1.06 1.09 1.09 1.05
 26   0.99 0.92 0.86 0.83 0.84 0.89 0.94 1.00 1.04 1.05 1.02 0.96 0.88 0.79 0.70 0.66 0.68 0.77 0.86 0.94 1.02 1.09 1.11 1.09
 27   1.03 0.96 0.89 0.83 0.81 0.84 0.90 0.97 1.03 1.07 1.06 1.01 0.92 0.84 0.76 0.68 0.66 0.72 0.82 0.91 0.99 1.06 1.10 1.12
 28   1.10 1.04 0.98 0.90 0.83 0.81 0.86 0.93 0.99 1.04 1.07 1.05 0.97 0.88 0.78 0.69 0.62 0.63 0.73 0.84 0.95 1.03 1.10 1.13
 29   1.12 1.06 0.99 0.91 0.83 0.78 0.80 0.87 0.95 1.02 1.07 1.06 1.00 0.92 0.83 0.73 0.63 0.62 0.68 0.78 0.88 0.97 1.05 1.11
 30   1.14 1.13 1.07 1.00 0.92 0.85 0.81 0.83 0.89 0.95 1.01 1.04 1.03 0.96 0.87 0.77 0.67 0.61 0.63 0.74 0.85 0.95 1.04 1.10
 ----------------------------------------------------------------------------------------------------------------------------
                                                                                               
 ----------------------------------------------------------------------------------------------------------------------------
 ----------------------------------------------------------------------------------------------------------------------------
                                                          SURVEY OF INDIA
                                                    MARINE GEODESY WING (G&RB)
                                                     HOURLY HEIGHTS IN METRES
  NAME OF PORT:- MACHILIPATNAM                                                                      MONTH DECEMBER  YEAR 2016
 ----------------------------------------------------------------------------------------------------------------------------
 DAYS 0000 0001 0002 0003 0004 0005 0006 0007 0008 0009 0010 0011 0012 0013 0014 0015 0016 0017 0018 0019 0020 0021 0022 0023
 ----------------------------------------------------------------------------------------------------------------------------
  1   1.13 1.10 1.03 0.96 0.88 0.81 0.79 0.83 0.91 0.99 1.06 1.11 1.12 1.08 1.01 0.93 0.84 0.77 0.75 0.82 0.92 1.02 1.12 1.19
  2   1.24 1.25 1.21 1.15 1.08 1.02 0.98 0.96 0.99 1.05 1.10 1.14 1.15 1.12 1.05 0.98 0.90 0.82 0.75 0.75 0.82 0.92 1.01 1.10
  3   1.17 1.20 1.18 1.13 1.06 0.99 0.91 0.88 0.89 0.93 0.99 1.04 1.08 1.09 1.06 0.96 0.86 0.76 0.68 0.67 0.74 0.84 0.92 1.00
  4   1.07 1.13 1.15 1.12 1.06 0.99 0.91 0.84 0.81 0.84 0.90 0.96 1.02 1.05 1.04 0.99 0.91 0.81 0.72 0.65 0.67 0.76 0.86 0.95
  5   1.02 1.08 1.12 1.12 1.08 1.02 0.96 0.89 0.82 0.81 0.86 0.93 0.99 1.05 1.07 1.05 0.99 0.90 0.82 0.75 0.73 0.78 0.87 0.95
  6   1.02 1.10 1.15 1.18 1.17 1.12 1.05 0.98 0.91 0.86 0.86 0.90 0.97 1.02 1.06 1.07 1.05 1.00 0.92 0.85 0.80 0.79 0.84 0.91
  7   0.98 1.05 1.10 1.15 1.17 1.15 1.10 1.03 0.97 0.90 0.86 0.87 0.92 0.97 1.02 1.05 1.07 1.05 1.00 0.92 0.86 0.83 0.84 0.88
  8   0.93 1.00 1.06 1.11 1.14 1.14 1.11 1.04 0.97 0.90 0.82 0.78 0.80 0.87 0.93 0.98 1.02 1.04 1.03 0.99 0.93 0.86 0.81 0.79
  9   0.80 0.85 0.91 0.97 1.02 1.06 1.07 1.05 0.99 0.92 0.85 0.80 0.77 0.76 0.78 0.81 0.88 0.95 1.02 1.05 1.05 1.01 0.95 0.89
 10   0.83 0.81 0.84 0.90 0.96 1.01 1.06 1.07 1.05 1.00 0.92 0.85 0.76 0.70 0.70 0.74 0.82 0.92 1.01 1.08 1.13 1.14 1.11 1.07
 11   1.01 0.97 0.95 0.96 1.01 1.06 1.11 1.15 1.17 1.17 1.13 1.07 0.99 0.93 0.87 0.86 0.91 0.98 1.06 1.13 1.20 1.25 1.28 1.28
 12   1.25 1.21 1.16 1.14 1.15 1.19 1.24 1.28 1.32 1.35 1.36 1.34 1.29 1.22 1.17 1.14 1.14 1.17 1.23 1.30 1.35 1.38 1.40 1.41
 13   1.41 1.39 1.36 1.31 1.27 1.25 1.25 1.29 1.34 1.36 1.35 1.32 1.26 1.20 1.13 1.06 1.02 1.03 1.09 1.16 1.20 1.23 1.25 1.27
 14   1.28 1.28 1.26 1.24 1.22 1.19 1.17 1.18 1.22 1.27 1.29 1.29 1.26 1.20 1.13 1.06 1.00 0.97 0.97 1.02 1.06 1.11 1.14 1.17
 15   1.19 1.20 1.19 1.15 1.10 1.04 1.01 1.01 1.05 1.10 1.15 1.19 1.19 1.15 1.08 1.00 0.94 0.88 0.86 0.88 0.93 0.97 1.01 1.04
 16   1.07 1.09 1.11 1.11 1.10 1.06 1.01 0.97 0.99 1.03 1.08 1.12 1.15 1.14 1.09 1.02 0.94 0.87 0.80 0.78 0.82 0.90 0.98 1.05
 17   1.11 1.15 1.16 1.13 1.07 1.01 0.95 0.89 0.86 0.89 0.95 1.00 1.04 1.07 1.06 1.01 0.94 0.86 0.78 0.71 0.72 0.78 0.86 0.94
 18   1.00 1.05 1.08 1.07 1.03 0.98 0.91 0.85 0.80 0.79 0.83 0.88 0.93 0.98 1.01 1.01 0.96 0.89 0.82 0.76 0.73 0.75 0.81 0.87
 19   0.95 1.03 1.09 1.11 1.10 1.06 0.99 0.93 0.87 0.82 0.81 0.83 0.87 0.91 0.95 0.97 0.96 0.91 0.85 0.79 0.74 0.72 0.75 0.81
 20   0.89 0.96 1.01 1.05 1.07 1.07 1.04 0.99 0.92 0.85 0.80 0.78 0.79 0.82 0.86 0.90 0.93 0.94 0.92 0.87 0.81 0.78 0.78 0.79
 21   0.82 0.86 0.91 0.95 0.98 0.99 0.98 0.94 0.88 0.81 0.74 0.71 0.70 0.71 0.73 0.77 0.80 0.84 0.86 0.86 0.83 0.79 0.76 0.75
 22   0.76 0.78 0.81 0.84 0.87 0.89 0.90 0.90 0.87 0.80 0.72 0.67 0.64 0.64 0.66 0.69 0.73 0.77 0.80 0.83 0.84 0.84 0.82 0.79
 23
 24
 25
 26
 27
 28
 29
 30
 31
 ----------------------------------------------------------------------------------------------------------------------------
                                                                                               
 ----------------------------------------------------------------------------------------------------------------------------
 ----------------------------------------------------------------------------------------------------------------------------
