                                SURVEY OF INDIA
                            NO.68(TIDAL)PARTY(G&RB)
                             ANNUAL MEAN SEA LEVEL
 NAME OF PORT  MUMBAI                                                  YEAR 2023
 --------------------------------------------------------------------------------
   SL.NO.  MONTH          DAYS          MONTHLY M.S.L.          M.S.L. * DAYS
                                             (m)                     (m)
 --------------------------------------------------------------------------------
     1   JANUARY           31              2.7015                  83.7465
     2   FEBRUARY          28              2.7333                  76.5324
     3   MARCH             31              2.7702                  85.8762
     4   APRIL             30              2.7143                  81.4290
     5   MAY               31              2.6313                  81.5703
     6   JUNE              30              2.6978                  80.9340
     7   JULY              30              2.5855                  77.5650
     8   AUGUST             9              2.5225                  22.7025
     9   SEPT               7              2.6673                  18.6711
    10   OCTOBER           31              2.7047                  83.8457
    11   NOVEMBER          30              2.7267                  81.8010
    12   DECEMBER          22 



             2.6495                  58.2890
 --------------------------------------------------------------------------------
   SUM                    310                                     832.9627
 --------------------------------------------------------------------------------
   ANNUAL MEAN SEA LEVEL                                            2.6870
 --------------------------------------------------------------------------------
