                                                          SURVEY OF INDIA
                                                    MARINE GEODESY WING (G&RB)
                                                     HOURLY HEIGHTS IN METRES
  NAME OF PORT:- MUMBAI                                                                             MONTH JANUARY   YEAR 2010
 ----------------------------------------------------------------------------------------------------------------------------
 DAYS 0000 0001 0002 0003 0004 0005 0006 0007 0008 0009 0010 0011 0012 0013 0014 0015 0016 0017 0018 0019 0020 0021 0022 0023
 ----------------------------------------------------------------------------------------------------------------------------
  1   4.88 4.70 4.16 3.28 2.47 1.86 1.63 1.73 2.16 2.81 3.54 4.05 4.17 3.82 3.00 2.00 1.08 0.42 0.14 0.46 1.18 2.14 3.21 4.27
  2   4.92 5.08 4.73 3.98 3.01 2.20 1.60 1.41 1.56 2.12 2.92 3.71 4.25 4.32 3.90 3.10 2.00 1.00 0.40 0.16 0.58 1.36 2.40 3.45
  3   4.40 4.99 5.05 4.61 3.74 2.68 1.81 1.30 1.21 1.48 2.14 3.02 3.84 4.30 4.30 3.78 2.88 1.80 0.88 0.36 0.36 0.94 1.74 2.70
  4   3.68 4.56 5.00 4.89 4.29 3.31 2.30 1.44 0.93 0.91 1.33 2.09 3.03 3.80 4.24 4.12 3.50 2.54 1.56 0.88 0.56 0.71 1.30 2.06
  5   2.90 3.80 4.48 4.74 4.52 3.87 2.88 1.96 1.16 0.76 0.83 1.32 2.12 3.01 3.72 4.06 3.90 3.29 2.50 1.74 1.22 1.06 1.30 1.78
  6   2.44 3.20 3.93 4.42 4.52 4.16 3.48 2.58 1.74 1.10 0.87 0.95 1.48 2.20 3.00 3.60 3.89 3.72 3.24 2.62 2.10 1.76 1.68 1.90
  7   2.22 2.72 3.34 3.94 4.28 4.20 3.80 3.08 2.35 1.68 1.19 1.04 1.21 1.62 2.22 2.86 3.38 3.64 3.56 3.26 2.84 2.48 2.22 2.14
  8   2.20 2.45 2.84 3.30 3.73 3.91 3.78 3.36 2.76 2.18 1.67 1.28 1.16 1.31 1.68 2.16 2.70 3.14 3.40 3.47 3.32 3.09 2.82 2.58
  9   2.41 2.40 2.50 2.78 3.14 3.42 3.54 3.39 3.00 2.54 2.08 1.66 1.34 1.20 1.32 1.68 2.16 2.64 3.05 3.35 3.51 3.51 3.36 3.12
 10   2.80 2.60 2.52 2.56 2.73 2.98 3.20 3.29 3.21 2.96 2.60 2.16 1.76 1.42 1.30 1.40 1.74 2.19 2.64 3.08 3.48 3.71 3.76 3.57
 11   3.20 2.88 2.60 2.46 2.46 2.59 2.81 3.00 3.11 3.12 3.00 2.70 2.24 1.75 1.35 1.15 1.23 1.60 2.12 2.66 3.20 3.61 3.90 3.88
 12   3.60 3.20 2.80 2.52 2.34 2.32 2.45 2.68 2.97 3.20 3.27 3.10 2.68 2.16 1.60 1.18 1.04 1.16 1.58 2.16 2.82 3.42 3.90 4.08
 13   3.92 3.53 3.04 2.60 2.28 2.11 2.07 2.22 2.50 2.92 3.24 3.31 3.07 2.56 1.88 1.30 0.90 0.81 1.03 1.58 2.26 2.99 3.65 4.04
 14   4.08 3.79 3.28 2.73 2.27 1.93 1.80 1.90 2.20 2.66 3.11 3.41 3.41 3.00 2.37 1.67 1.06 0.76 0.82 1.26 1.91 2.62 3.36 3.98
 15   4.24 4.12 3.69 3.03 2.45 2.00 1.73 1.76 2.00 2.46 3.00 3.46 3.63 3.44 2.87 2.12 1.44 0.92 0.73 1.00 1.56 2.30 3.08 3.79
 16   4.24 4.32 4.06 3.49 2.76 2.16 1.76 1.66 1.80 2.20 2.74 3.30 3.70 3.75 3.36 2.65 1.86 1.22 0.82 0.86 1.35 2.04 2.80 3.56
 17   4.16 4.44 4.30 3.84 3.10 2.40 1.84 1.56 1.59 1.90 2.41 3.02 3.54 3.76 3.61 3.04 2.26 1.54 1.00 0.84 1.15 1.76 2.48 3.22
 18   3.90 4.32 4.40 4.08 3.44 2.69 2.06 1.62 1.50 1.68 2.12 2.70 3.31 3.72 3.79 3.44 2.76 2.00 1.37 1.00 1.08 1.55 2.18 2.88
 19   3.60 4.14 4.40 4.23 3.68 2.92 2.21 1.68 1.36 1.38 1.72 2.28 2.90 3.48 3.76 3.67 3.16 2.41 1.74 1.28 1.20 1.53 2.04 2.66
 20   3.26 3.87 4.23 4.27 3.90 3.22 2.49 1.84 1.40 1.31 1.53 2.00 2.58 3.16 3.56 3.70 3.46 2.88 2.24 1.71 1.44 1.50 1.89 2.42
 21   3.00 3.58 4.04 4.24 4.04 3.52 2.80 2.15 1.61 1.38 1.44 1.74 2.25 2.76 3.26 3.58 3.62 3.30 2.76 2.20 1.88 1.78 2.00 2.36
 22   2.80 3.28 3.76 4.06 4.04 3.68 3.05 2.41 1.88 1.48 1.39 1.54 1.90 2.38 2.85 3.26 3.47 3.41 3.12 2.72 2.34 2.16 2.16 2.33
 23   2.64 2.98 3.36 3.76 3.91 3.79 3.33 2.69 2.13 1.69 1.44 1.48 1.72 2.03 2.42 2.81 3.16 3.38 3.36 3.11 2.78 2.57 2.47 2.50
 24   2.56 2.78 3.08 3.44 3.69 3.69 3.40 2.92 2.41 1.98 1.66 1.50 1.53 1.72 2.01 2.40 2.78 3.12 3.32 3.38 3.28 3.10 2.93 2.76
 25   2.66 2.70 2.88 3.12 3.36 3.48 3.44 3.18 2.85 2.47 2.08 1.72 1.53 1.51 1.64 1.92 2.32 2.78 3.17 3.48 3.64 3.64 3.45 3.20
 26   2.92 2.80 2.78 2.89 3.06 3.26 3.38 3.37 3.22 2.94 2.58 2.19 1.79 1.51 1.40 1.54 1.89 2.35 2.80 3.30 3.74 4.04 4.04 3.76
 27   3.31 2.92 2.72 2.68 2.76 2.88 3.10 3.30 3.45 3.44 3.18 2.76 2.24 1.69 1.26 1.07 1.20 1.60 2.17 2.89 3.52 4.08 4.36 4.32
 28   3.91 3.40 2.90 2.54 2.36 2.40 2.61 2.96 3.36 3.66 3.72 3.50 2.96 2.25 1.56 1.02 0.73 0.87 1.36 2.08 2.89 3.73 4.38 4.63
 29   4.48 3.99 3.29 2.58 2.09 1.91 1.99 2.30 2.82 3.40 3.84 4.00 3.72 2.93 2.10 1.34 0.68 0.40 0.60 1.26 2.12 3.08 4.07 4.70
 30   4.84 4.58 3.92 3.00 2.14 1.54 1.36 1.54 2.12 2.96 3.73 4.18 4.25 3.86 3.02 2.02 1.06 0.38 0.12 0.53 1.34 2.36 3.48 4.48
 31   5.00 5.06 4.58 3.69 2.60 1.70 1.15 1.04 1.35 2.12 3.12 4.02 4.54 4.52 3.96 3.00 1.87 0.92 0.29 0.20 0.76 1.68 2.76 3.92
 ----------------------------------------------------------------------------------------------------------------------------
                                                                                               
 ----------------------------------------------------------------------------------------------------------------------------
 ----------------------------------------------------------------------------------------------------------------------------
                                                          SURVEY OF INDIA
                                                    MARINE GEODESY WING (G&RB)
                                                     HOURLY HEIGHTS IN METRES
  NAME OF PORT:- MUMBAI                                                                             MONTH FEBRUARY  YEAR 2010
 ----------------------------------------------------------------------------------------------------------------------------
 DAYS 0000 0001 0002 0003 0004 0005 0006 0007 0008 0009 0010 0011 0012 0013 0014 0015 0016 0017 0018 0019 0020 0021 0022 0023
 ----------------------------------------------------------------------------------------------------------------------------
  1   4.82 5.21 5.08 4.40 3.28 2.14 1.26 0.76 0.78 1.28 2.27 3.36 4.24 4.70 4.58 3.91 2.82 1.68 0.82 0.39 0.57 1.24 2.14 3.18
  2   4.28 4.98 5.09 4.72 3.86 2.67 1.60 0.78 0.38 0.58 1.29 2.36 3.47 4.24 4.57 4.34 3.64 2.59 1.58 0.88 0.64 0.98 1.68 2.50
  3   3.50 4.33 4.81 4.84 4.32 3.37 2.24 1.33 0.68 0.51 0.82 1.56 2.60 3.56 4.24 4.46 4.10 3.39 2.48 1.69 1.28 1.25 1.64 2.16
  4   2.86 3.69 4.33 4.60 4.40 3.80 2.88 1.88 1.06 0.58 0.64 1.06 1.84 2.67 3.46 4.00 4.12 3.80 3.16 2.44 1.94 1.71 1.79 2.08
  5   2.48 3.04 3.68 4.12 4.17 3.86 3.21 2.44 1.70 1.14 0.86 0.98 1.40 1.94 2.63 3.24 3.68 3.76 3.46 3.00 2.60 2.30 2.15 2.19
  6   2.30 2.60 3.02 3.44 3.70 3.65 3.30 2.80 2.24 1.68 1.27 1.14 1.29 1.60 2.04 2.54 3.00 3.32 3.39 3.30 3.14 2.98 2.77 2.58
  7   2.48 2.52 2.74 2.98 3.22 3.32 3.26 3.00 2.66 2.24 1.84 1.54 1.46 1.60 1.84 2.12 2.48 2.88 3.18 3.35 3.36 3.30 3.18 2.98
  8   2.78 2.65 2.65 2.73 2.85 2.98 3.06 3.06 2.96 2.72 2.40 2.06 1.76 1.59 1.60 1.76 2.05 2.46 2.82 3.14 3.36 3.45 3.50 3.36
  9   3.08 2.81 2.60 2.53 2.53 2.64 2.78 2.92 2.96 2.93 2.72 2.46 2.14 1.76 1.50 1.40 1.54 1.87 2.35 2.80 3.24 3.56 3.71 3.63
 10   3.32 3.00 2.68 2.40 2.25 2.24 2.39 2.62 2.86 2.98 2.96 2.84 2.52 2.12 1.66 1.31 1.22 1.42 1.82 2.34 2.90 3.40 3.79 3.86
 11   3.62 3.29 2.88 2.49 2.19 2.02 2.05 2.29 2.70 3.06 3.25 3.28 3.01 2.54 1.97 1.42 1.15 1.12 1.45 1.96 2.61 3.28 3.80 4.10
 12   3.98 3.65 3.16 2.62 2.16 1.88 1.76 1.96 2.40 2.90 3.34 3.54 3.44 2.98 2.34 1.70 1.22 1.00 1.16 1.60 2.21 2.92 3.60 4.08
 13   4.16 3.96 3.46 2.80 2.24 1.80 1.66 1.72 2.06 2.56 3.08 3.48 3.65 3.40 2.79 2.08 1.40 0.95 0.82 1.15 1.76 2.50 3.22 3.89
 14   4.24 4.16 3.74 3.06 2.36 1.78 1.46 1.45 1.70 2.20 2.80 3.40 3.75 3.72 3.25 2.46 1.70 1.12 0.84 0.97 1.52 2.22 3.00 3.76
 15   4.21 4.28 3.96 3.32 2.58 1.90 1.40 1.25 1.45 1.94 2.56 3.24 3.72 3.89 3.65 2.92 2.16 1.44 0.99 0.92 1.34 1.98 2.74 3.51
 16   4.10 4.39 4.19 3.61 2.80 2.01 1.40 1.13 1.20 1.56 2.16 2.90 3.60 3.98 3.94 3.40 2.58 1.77 1.16 0.92 1.18 1.70 2.43 3.19
 17   3.86 4.25 4.27 3.84 3.10 2.26 1.55 1.10 1.00 1.27 1.80 2.52 3.28 3.78 3.98 3.72 3.04 2.26 1.58 1.16 1.16 1.52 2.16 2.87
 18   3.52 4.02 4.19 3.96 3.35 2.53 1.78 1.20 0.91 1.01 1.47 2.15 2.90 3.53 3.92 3.92 3.48 2.76 2.07 1.59 1.38 1.58 2.08 2.66
 19   3.26 3.82 4.10 4.05 3.62 2.89 2.13 1.50 1.07 1.01 1.30 1.80 2.45 3.09 3.62 3.87 3.75 3.22 2.56 2.00 1.70 1.72 2.03 2.50
 20   3.00 3.48 3.90 4.00 3.73 3.15 2.44 1.80 1.30 1.08 1.20 1.59 2.09 2.68 3.24 3.62 3.73 3.50 3.01 2.54 2.16 2.02 2.15 2.44
 21   2.78 3.16 3.53 3.75 3.72 3.38 2.80 2.16 1.61 1.26 1.21 1.40 1.76 2.21 2.71 3.16 3.48 3.58 3.34 2.98 2.66 2.44 2.34 2.41
 22   2.60 2.84 3.17 3.44 3.54 3.38 3.00 2.49 2.04 1.65 1.38 1.34 1.52 1.83 2.24 2.60 3.00 3.30 3.40 3.31 3.14 2.89 2.73 2.60
 23   2.56 2.61 2.78 3.00 3.19 3.29 3.18 2.85 2.44 2.06 1.74 1.49 1.42 1.52 1.71 2.04 2.44 2.85 3.20 3.40 3.44 3.32 3.12 2.88
 24   2.70 2.56 2.53 2.60 2.74 2.93 3.06 3.02 2.87 2.62 2.26 1.79 1.46 1.25 1.26 1.48 1.84 2.27 2.74 3.20 3.56 3.70 3.59 3.28
 25   2.88 2.54 2.32 2.24 2.28 2.48 2.76 3.02 3.16 3.12 2.88 2.45 1.93 1.40 1.05 0.95 1.18 1.66 2.19 2.78 3.40 3.86 4.08 3.88
 26   3.40 2.81 2.30 1.95 1.86 1.98 2.30 2.76 3.18 3.48 3.52 3.25 2.70 2.00 1.30 0.84 0.68 0.88 1.47 2.24 3.04 3.79 4.32 4.46
 27   4.13 3.48 2.68 2.00 1.53 1.44 1.68 2.20 2.86 3.52 3.92 4.02 3.68 2.96 2.03 1.20 0.62 0.47 0.80 1.50 2.40 3.38 4.26 4.76
 28   4.72 4.22 3.36 2.35 1.50 0.96 0.94 1.34 2.12 3.01 3.80 4.28 4.35 3.89 2.96 1.88 0.96 0.40 0.33 0.82 1.68 2.72 3.80 4.66
 ----------------------------------------------------------------------------------------------------------------------------
                                                                                               
 ----------------------------------------------------------------------------------------------------------------------------
 ----------------------------------------------------------------------------------------------------------------------------
                                                          SURVEY OF INDIA
                                                    MARINE GEODESY WING (G&RB)
                                                     HOURLY HEIGHTS IN METRES
  NAME OF PORT:- MUMBAI                                                                             MONTH MARCH     YEAR 2010
 ----------------------------------------------------------------------------------------------------------------------------
 DAYS 0000 0001 0002 0003 0004 0005 0006 0007 0008 0009 0010 0011 0012 0013 0014 0015 0016 0017 0018 0019 0020 0021 0022 0023
 ----------------------------------------------------------------------------------------------------------------------------
  1   4.96 4.74 4.06 2.92 1.82 0.94 0.52 0.65 1.28 2.20 3.30 4.20 4.69 4.65 4.01 2.92 1.78 0.94 0.46 0.60 1.20 2.14 3.26 4.32
  2   4.96 5.07 4.64 3.68 2.40 1.30 0.52 0.25 0.60 1.40 2.56 3.68 4.52 4.87 4.60 3.86 2.76 1.72 0.98 0.66 0.96 1.61 2.60 3.67
  3   4.54 4.92 4.80 4.16 3.06 1.84 0.90 0.28 0.21 0.72 1.61 2.60 3.69 4.43 4.67 4.26 3.42 2.29 1.40 0.83 0.76 1.16 1.88 2.75
  4   3.74 4.34 4.54 4.24 3.44 2.30 1.28 0.46 0.04 0.20 0.81 1.72 2.78 3.68 4.29 4.38 3.92 3.04 2.09 1.44 1.10 1.22 1.62 2.21
  5   2.94 3.67 4.08 4.12 3.67 2.81 1.87 1.02 0.44 0.29 0.60 1.22 2.02 2.86 3.58 4.00 3.94 3.50 2.80 2.12 1.65 1.49 1.65 2.00
  6   2.50 2.98 3.46 3.70 3.60 3.10 2.35 1.58 0.98 0.65 0.72 1.15 1.70 2.27 2.92 3.44 3.72 3.64 3.26 2.80 2.40 2.16 2.12 2.22
  7   2.36 2.60 2.96 3.29 3.45 3.29 2.86 2.26 1.69 1.32 1.17 1.30 1.59 1.89 2.28 2.74 3.20 3.37 3.30 3.07 2.80 2.66 2.54 2.48
  8   2.40 2.40 2.52 2.74 2.96 3.04 2.86 2.52 2.15 1.85 1.62 1.50 1.52 1.62 1.86 2.20 2.56 2.89 3.07 3.12 3.04 2.92 2.81 2.72
  9   2.56 2.45 2.36 2.36 2.52 2.65 2.72 2.66 2.46 2.24 2.01 1.81 1.65 1.56 1.59 1.80 2.14 2.48 2.78 2.99 3.12 3.18 3.08 2.88
 10   2.61 2.40 2.27 2.20 2.24 2.36 2.52 2.64 2.68 2.60 2.43 2.20 1.94 1.69 1.53 1.55 1.78 2.16 2.53 2.90 3.22 3.40 3.42 3.29
 11   2.98 2.68 2.36 2.15 2.08 2.16 2.39 2.66 2.88 2.96 2.96 2.76 2.48 2.09 1.72 1.54 1.56 1.81 2.20 2.68 3.14 3.52 3.70 3.60
 12   3.25 2.82 2.40 2.05 1.84 1.80 1.97 2.30 2.68 3.01 3.20 3.12 2.80 2.33 1.81 1.42 1.28 1.40 1.76 2.28 2.86 3.39 3.76 3.86
 13   3.58 3.12 2.56 2.10 1.72 1.58 1.67 2.00 2.49 2.98 3.38 3.52 3.32 2.83 2.23 1.70 1.36 1.28 1.52 2.01 2.65 3.28 3.82 4.07
 14   3.96 3.54 2.92 2.30 1.76 1.42 1.45 1.74 2.24 2.78 3.38 3.71 3.75 3.36 2.69 1.98 1.46 1.20 1.28 1.69 2.26 2.93 3.62 4.08
 15   4.10 3.76 3.16 2.40 1.75 1.24 1.15 1.36 1.84 2.48 3.14 3.72 3.95 3.78 3.20 2.42 1.70 1.21 1.07 1.42 1.99 2.64 3.36 3.96
 16   4.20 4.04 3.51 2.68 1.88 1.35 0.97 1.09 1.52 2.16 2.90 3.62 4.05 4.07 3.64 2.87 2.05 1.44 1.10 1.20 1.69 2.39 3.12 3.80
 17   4.16 4.12 3.71 2.94 2.11 1.36 0.82 0.74 1.10 1.72 2.52 3.40 4.00 4.26 4.00 3.36 2.50 1.76 1.27 1.20 1.56 2.10 2.80 3.54
 18   4.12 4.30 4.05 3.39 2.44 1.60 1.00 0.72 0.92 1.44 2.16 2.98 3.76 4.25 4.32 3.89 3.09 2.25 1.64 1.36 1.52 2.00 2.60 3.24
 19   3.86 4.16 4.14 3.64 2.80 1.88 1.20 0.72 0.74 1.14 1.76 2.52 3.34 3.98 4.28 4.12 3.56 2.72 2.04 1.62 1.58 1.86 2.32 2.89
 20   3.56 3.99 4.12 3.82 3.14 2.28 1.54 0.96 0.74 0.99 1.48 2.18 2.92 3.61 4.09 4.21 3.88 3.28 2.56 2.06 1.80 1.90 2.20 2.65
 21   3.16 3.65 3.93 3.86 3.40 2.65 1.92 1.31 0.94 0.96 1.30 1.80 2.40 3.06 3.65 4.02 4.00 3.64 3.07 2.54 2.18 2.07 2.20 2.45
 22   2.84 3.24 3.60 3.72 3.54 3.00 2.36 1.78 1.34 1.15 1.25 1.58 2.04 2.54 3.04 3.56 3.84 3.78 3.48 3.07 2.71 2.47 2.38 2.44
 23   2.60 2.88 3.18 3.41 3.49 3.29 2.84 2.30 1.82 1.49 1.40 1.52 1.76 2.08 2.51 2.97 3.39 3.60 3.59 3.38 3.12 2.87 2.65 2.48
 24   2.48 2.56 2.78 3.02 3.19 3.24 3.08 2.80 2.40 2.01 1.73 1.56 1.56 1.66 1.94 2.30 2.77 3.20 3.49 3.58 3.48 3.28 3.00 2.72
 25   2.48 2.38 2.38 2.48 2.70 2.92 3.09 3.09 2.92 2.62 2.30 1.92 1.56 1.40 1.47 1.78 2.22 2.70 3.16 3.53 3.78 3.81 3.60 3.17
 26   2.68 2.30 2.08 2.04 2.19 2.49 2.84 3.12 3.29 3.24 2.99 2.58 2.02 1.54 1.24 1.24 1.56 2.08 2.64 3.20 3.74 4.08 4.10 3.76
 27   3.10 2.45 1.92 1.60 1.56 1.80 2.27 2.80 3.30 3.65 3.72 3.40 2.82 2.08 1.46 1.10 1.10 1.47 2.04 2.70 3.44 4.10 4.44 4.32
 28   3.80 3.00 2.17 1.46 1.10 1.12 1.56 2.24 3.04 3.72 4.16 4.20 3.80 3.00 2.12 1.40 1.00 1.04 1.44 2.12 2.95 3.80 4.49 4.71
 29   4.40 3.72 2.66 1.64 0.88 0.60 0.80 1.44 2.30 3.28 4.12 4.59 4.52 3.98 3.00 2.00 1.25 0.86 1.00 1.52 2.32 3.25 4.19 4.70
 30   4.73 4.25 3.35 2.16 1.20 0.48 0.28 0.68 1.52 2.56 3.62 4.52 4.90 4.66 3.96 2.85 1.86 1.18 0.92 1.20 1.80 2.66 3.61 4.41
 31   4.80 4.61 3.92 2.80 1.61 0.70 0.16 0.21 0.80 1.74 2.87 3.98 4.72 4.96 4.56 3.73 2.64 1.77 1.20 1.12 1.44 2.08 2.94 3.88
 ----------------------------------------------------------------------------------------------------------------------------
                                                                                               
 ----------------------------------------------------------------------------------------------------------------------------
 ----------------------------------------------------------------------------------------------------------------------------
                                                          SURVEY OF INDIA
                                                    MARINE GEODESY WING (G&RB)
                                                     HOURLY HEIGHTS IN METRES
  NAME OF PORT:- MUMBAI                                                                             MONTH APRIL     YEAR 2010
 ----------------------------------------------------------------------------------------------------------------------------
 DAYS 0000 0001 0002 0003 0004 0005 0006 0007 0008 0009 0010 0011 0012 0013 0014 0015 0016 0017 0018 0019 0020 0021 0022 0023
 ----------------------------------------------------------------------------------------------------------------------------
  1   4.48 4.61 4.26 3.40 2.26 1.20 0.40 0.10 0.40 1.16 2.12 3.20 4.18 4.72 4.80 4.34 3.46 2.50 1.76 1.34 1.40 1.76 2.40 3.20
  2   3.98 4.36 4.34 3.81 2.87 1.80 0.96 0.40 0.28 0.75 1.50 2.40 3.36 4.16 4.59 4.48 3.93 3.10 2.28 1.72 1.48 1.65 2.02 2.58
  3   3.29 3.81 4.04 3.86 3.21 2.31 1.48 0.84 0.52 0.60 1.10 1.78 2.56 3.36 3.98 4.22 3.96 3.40 2.74 2.23 1.84 1.73 1.86 2.17
  4   2.60 3.16 3.56 3.64 3.34 2.72 2.06 1.44 1.00 0.86 1.08 1.53 2.08 2.68 3.28 3.72 3.82 3.60 3.14 2.68 2.32 2.12 2.12 2.21
  5   2.42 2.72 3.09 3.32 3.33 3.00 2.47 1.98 1.60 1.40 1.36 1.56 1.88 2.26 2.76 3.25 3.56 3.60 3.36 3.02 2.76 2.56 2.46 2.42
  6   2.45 2.48 2.63 2.83 3.00 3.00 2.72 2.35 2.02 1.80 1.69 1.71 1.79 1.98 2.32 2.72 3.12 3.34 3.33 3.20 3.01 2.84 2.69 2.56
  7   2.42 2.36 2.38 2.53 2.69 2.76 2.72 2.62 2.49 2.32 2.12 1.92 1.84 1.89 2.10 2.44 2.76 3.08 3.25 3.32 3.26 3.12 2.94 2.76
  8   2.56 2.38 2.25 2.26 2.36 2.57 2.72 2.79 2.78 2.70 2.54 2.29 2.09 1.98 2.00 2.16 2.40 2.74 3.08 3.34 3.42 3.40 3.24 3.01
  9   2.72 2.44 2.20 2.10 2.16 2.36 2.60 2.86 3.06 3.12 3.01 2.78 2.44 2.16 2.01 1.94 2.08 2.36 2.80 3.20 3.48 3.62 3.54 3.32
 10   2.94 2.56 2.21 1.94 1.84 1.98 2.28 2.68 3.04 3.28 3.32 3.16 2.78 2.33 1.98 1.78 1.78 1.90 2.25 2.68 3.14 3.44 3.50 3.38
 11   2.98 2.49 1.98 1.56 1.36 1.40 1.69 2.16 2.66 3.08 3.34 3.34 3.00 2.49 1.98 1.62 1.48 1.58 1.90 2.32 2.85 3.34 3.64 3.60
 12   3.22 2.69 2.06 1.54 1.18 1.10 1.30 1.80 2.40 2.98 3.46 3.68 3.48 3.00 2.38 1.86 1.50 1.45 1.69 2.12 2.62 3.20 3.62 3.79
 13   3.54 3.00 2.25 1.56 1.08 0.84 0.96 1.40 2.06 2.74 3.40 3.84 3.88 3.48 2.80 2.12 1.60 1.36 1.46 1.80 2.32 2.90 3.50 3.81
 14   3.78 3.23 2.54 1.74 1.08 0.66 0.64 1.03 1.67 2.40 3.20 3.84 4.12 3.98 3.46 2.68 1.96 1.50 1.41 1.64 2.09 2.68 3.32 3.80
 15   3.94 3.69 3.00 2.08 1.32 0.72 0.48 0.76 1.28 1.96 2.82 3.66 4.22 4.28 3.92 3.26 2.44 1.78 1.39 1.43 1.76 2.34 3.00 3.60
 16   3.92 3.84 3.33 2.48 1.60 0.89 0.42 0.41 0.90 1.56 2.37 3.22 3.96 4.35 4.22 3.72 2.92 2.16 1.64 1.44 1.62 2.07 2.67 3.28
 17   3.80 3.96 3.69 3.00 2.14 1.31 0.68 0.40 0.66 1.24 2.05 2.88 3.73 4.32 4.49 4.18 3.60 2.80 2.16 1.78 1.76 1.94 2.41 3.00
 18   3.56 3.92 3.91 3.44 2.68 1.82 1.12 0.66 0.60 1.00 1.60 2.32 3.10 3.82 4.29 4.32 3.89 3.30 2.58 2.09 1.81 1.86 2.12 2.56
 19   3.18 3.62 3.84 3.64 3.04 2.32 1.60 1.06 0.80 0.90 1.30 1.89 2.52 3.24 3.88 4.20 4.09 3.68 3.08 2.53 2.10 1.95 2.02 2.28
 20   2.74 3.17 3.52 3.60 3.34 2.80 2.14 1.58 1.20 1.04 1.20 1.56 2.01 2.58 3.26 3.79 4.00 3.88 3.48 3.00 2.58 2.27 2.12 2.12
 21   2.30 2.64 3.00 3.29 3.36 3.10 2.66 2.18 1.74 1.45 1.32 1.40 1.68 2.10 2.62 3.16 3.60 3.78 3.71 3.39 2.96 2.60 2.28 2.09
 22   2.05 2.16 2.41 2.72 2.96 3.10 3.00 2.72 2.33 1.96 1.65 1.48 1.49 1.68 2.05 2.52 3.02 3.42 3.64 3.64 3.44 3.08 2.66 2.26
 23   1.94 1.84 1.91 2.12 2.44 2.75 3.05 3.14 3.00 2.66 2.22 1.82 1.53 1.46 1.62 1.94 2.41 2.89 3.36 3.65 3.70 3.54 3.11 2.60
 24   2.03 1.61 1.43 1.53 1.84 2.29 2.73 3.14 3.36 3.33 3.04 2.51 1.99 1.58 1.38 1.46 1.80 2.35 2.90 3.41 3.78 3.90 3.69 3.16
 25   2.45 1.80 1.28 1.00 1.12 1.57 2.19 2.88 3.44 3.72 3.72 3.36 2.76 2.12 1.60 1.32 1.41 1.76 2.36 2.97 3.56 4.00 4.10 3.76
 26   3.02 2.16 1.40 0.78 0.58 0.80 1.38 2.18 3.00 3.69 4.10 4.07 3.62 2.88 2.10 1.50 1.24 1.33 1.73 2.36 3.06 3.76 4.18 4.14
 27   3.60 2.80 1.81 0.97 0.37 0.28 0.70 1.52 2.39 3.31 4.11 4.52 4.31 3.72 2.88 2.08 1.51 1.28 1.46 1.88 2.52 3.30 3.93 4.22
 28   4.05 3.33 2.42 1.45 0.65 0.22 0.34 0.93 1.75 2.72 3.68 4.41 4.70 4.36 3.69 2.80 1.98 1.44 1.40 1.58 2.04 2.72 3.53 4.10
 29   4.26 3.88 3.07 2.04 1.09 0.34 0.08 0.40 1.16 2.08 3.08 4.04 4.60 4.68 4.28 3.52 2.60 1.88 1.44 1.41 1.69 2.24 3.00 3.70
 30   4.10 4.05 3.52 2.60 1.62 0.77 0.20 0.18 0.70 1.44 2.36 3.34 4.16 4.60 4.54 4.04 3.27 2.40 1.82 1.56 1.60 1.89 2.48 3.18
 ----------------------------------------------------------------------------------------------------------------------------
                                                                                               
 ----------------------------------------------------------------------------------------------------------------------------
 ----------------------------------------------------------------------------------------------------------------------------
                                                          SURVEY OF INDIA
                                                    MARINE GEODESY WING (G&RB)
                                                     HOURLY HEIGHTS IN METRES
  NAME OF PORT:- MUMBAI                                                                             MONTH MAY       YEAR 2010
 ----------------------------------------------------------------------------------------------------------------------------
 DAYS 0000 0001 0002 0003 0004 0005 0006 0007 0008 0009 0010 0011 0012 0013 0014 0015 0016 0017 0018 0019 0020 0021 0022 0023
 ----------------------------------------------------------------------------------------------------------------------------
  1   3.74 3.99 3.82 3.20 2.30 1.40 0.74 0.40 0.60 1.16 1.92 2.78 3.68 4.28 4.51 4.28 3.72 2.98 2.30 1.80 1.68 1.78 2.14 2.64
  2   3.26 3.70 3.79 3.48 2.80 2.00 1.27 0.76 0.66 1.00 1.58 2.28 3.00 3.70 4.16 4.24 3.94 3.44 2.77 2.22 1.88 1.86 2.00 2.32
  3   2.78 3.20 3.50 3.50 3.08 2.46 1.80 1.28 1.02 1.05 1.40 1.94 2.57 3.15 3.70 3.96 3.94 3.62 3.18 2.72 2.32 2.09 2.07 2.24
  4   2.54 2.84 3.12 3.28 3.18 2.80 2.34 1.86 1.53 1.38 1.46 1.80 2.24 2.74 3.25 3.65 3.80 3.67 3.37 2.98 2.66 2.42 2.27 2.25
  5   2.34 2.52 2.73 2.93 2.98 2.93 2.64 2.28 1.94 1.72 1.68 1.82 2.07 2.38 2.81 3.20 3.48 3.59 3.48 3.20 2.88 2.58 2.38 2.28
  6   2.28 2.34 2.44 2.56 2.70 2.78 2.78 2.66 2.42 2.14 1.98 1.93 2.03 2.20 2.50 2.88 3.19 3.44 3.50 3.40 3.20 2.92 2.62 2.42
  7   2.31 2.22 2.22 2.30 2.48 2.64 2.78 2.84 2.76 2.60 2.40 2.22 2.12 2.16 2.32 2.54 2.88 3.22 3.44 3.43 3.28 3.08 2.80 2.52
  8   2.20 1.96 1.90 1.98 2.20 2.42 2.67 2.89 3.01 3.00 2.86 2.58 2.32 2.18 2.20 2.36 2.60 2.90 3.22 3.46 3.52 3.42 3.16 2.79
  9   2.38 2.02 1.80 1.78 1.86 2.14 2.50 2.90 3.20 3.33 3.28 2.99 2.61 2.31 2.15 2.16 2.32 2.62 2.96 3.30 3.50 3.56 3.41 3.06
 10   2.54 2.08 1.72 1.52 1.58 1.84 2.20 2.72 3.20 3.54 3.72 3.52 3.16 2.66 2.28 2.08 2.15 2.38 2.73 3.10 3.46 3.68 3.64 3.36
 11   2.86 2.28 1.74 1.34 1.21 1.40 1.80 2.40 2.97 3.48 3.86 3.91 3.60 3.06 2.51 2.16 1.95 2.05 2.36 2.74 3.20 3.60 3.75 3.60
 12   3.18 2.58 1.90 1.34 1.00 1.04 1.41 2.04 2.68 3.38 3.96 4.22 4.10 3.64 3.00 2.42 2.02 1.96 2.14 2.46 2.94 3.42 3.78 3.88
 13   3.56 3.00 2.20 1.48 0.93 0.72 0.98 1.56 2.27 3.04 3.83 4.34 4.45 4.14 3.58 2.86 2.24 1.90 1.93 2.16 2.58 3.12 3.61 3.92
 14   3.86 3.44 2.66 1.80 1.10 0.63 0.66 1.10 1.78 2.56 3.44 4.16 4.56 4.52 4.06 3.35 2.60 2.04 1.78 1.86 2.19 2.72 3.32 3.80
 15   4.00 3.78 3.14 2.25 1.40 0.72 0.46 0.68 1.28 2.02 2.88 3.74 4.40 4.65 4.45 3.84 3.04 2.32 1.86 1.73 1.89 2.34 2.94 3.54
 16   3.97 3.98 3.60 2.80 1.90 1.10 0.56 0.46 0.86 1.52 2.32 3.20 4.05 4.56 4.64 4.28 3.62 2.82 2.16 1.80 1.76 1.98 2.44 3.08
 17   3.69 4.04 3.92 3.36 2.49 1.60 0.94 0.56 0.66 1.14 1.80 2.56 3.38 4.09 4.52 4.50 4.10 3.40 2.66 2.06 1.76 1.76 2.09 2.64
 18   3.20 3.71 3.90 3.64 3.00 2.22 1.54 0.98 0.70 0.84 1.30 1.94 2.72 3.50 4.14 4.44 4.32 3.88 3.20 2.54 2.01 1.78 1.80 2.12
 19   2.60 3.18 3.58 3.70 3.46 2.86 2.25 1.60 1.12 0.92 1.16 1.56 2.18 2.80 3.49 4.06 4.29 4.16 3.70 3.04 2.46 2.03 1.84 1.84
 20   2.06 2.48 3.00 3.36 3.52 3.34 2.88 2.32 1.78 1.40 1.24 1.40 1.76 2.22 2.88 3.52 3.98 4.12 3.96 3.52 2.96 2.40 1.92 1.70
 21   1.70 1.90 2.35 2.77 3.16 3.36 3.32 3.00 2.56 2.06 1.69 1.56 1.63 1.92 2.38 2.89 3.42 3.84 4.02 3.87 3.48 2.89 2.28 1.81
 22   1.54 1.56 1.76 2.11 2.56 3.06 3.33 3.38 3.20 2.84 2.36 1.98 1.76 1.76 2.00 2.37 2.89 3.40 3.80 3.98 3.81 3.40 2.76 2.16
 23   1.66 1.38 1.29 1.48 1.90 2.52 3.06 3.50 3.69 3.56 3.16 2.64 2.19 1.91 1.89 2.08 2.38 2.80 3.26 3.70 3.92 3.80 3.32 2.64
 24   1.96 1.38 1.02 0.96 1.20 1.78 2.49 3.14 3.66 3.92 3.84 3.42 2.86 2.36 1.98 1.84 2.00 2.30 2.80 3.33 3.76 3.93 3.78 3.28
 25   2.51 1.74 1.12 0.72 0.75 1.14 1.82 2.60 3.36 3.96 4.25 4.11 3.65 3.00 2.40 1.98 1.82 1.92 2.25 2.74 3.32 3.78 3.92 3.67
 26   3.06 2.25 1.48 0.80 0.48 0.60 1.16 1.94 2.78 3.58 4.18 4.44 4.21 3.72 2.98 2.30 1.88 1.76 1.92 2.28 2.80 3.34 3.76 3.92
 27   3.50 2.87 2.00 1.14 0.55 0.35 0.66 1.30 2.12 3.00 3.84 4.39 4.49 4.17 3.56 2.78 2.12 1.72 1.67 1.86 2.27 2.85 3.46 3.84
 28   3.80 3.38 2.58 1.66 0.89 0.41 0.42 0.86 1.56 2.40 3.29 4.07 4.50 4.48 4.07 3.34 2.56 2.00 1.73 1.74 1.96 2.42 3.01 3.58
 29   3.90 3.76 3.16 2.27 1.40 0.72 0.44 0.60 1.16 1.86 2.70 3.56 4.22 4.49 4.29 3.75 3.00 2.35 1.85 1.68 1.72 2.02 2.55 3.16
 30   3.62 3.78 3.48 2.74 1.90 1.16 0.64 0.52 0.85 1.45 2.20 3.00 3.77 4.25 4.38 4.08 3.50 2.77 2.19 1.80 1.70 1.82 2.20 2.78
 31   3.32 3.66 3.65 3.20 2.50 1.74 1.14 0.81 0.89 1.28 1.88 2.62 3.36 3.98 4.30 4.20 3.82 3.21 2.60 2.13 1.86 1.87 2.10 2.52
 ----------------------------------------------------------------------------------------------------------------------------
                                                                                               
 ----------------------------------------------------------------------------------------------------------------------------
 ----------------------------------------------------------------------------------------------------------------------------
                                                          SURVEY OF INDIA
                                                    MARINE GEODESY WING (G&RB)
                                                     HOURLY HEIGHTS IN METRES
  NAME OF PORT:- MUMBAI                                                                             MONTH JUNE      YEAR 2010
 ----------------------------------------------------------------------------------------------------------------------------
 DAYS 0000 0001 0002 0003 0004 0005 0006 0007 0008 0009 0010 0011 0012 0013 0014 0015 0016 0017 0018 0019 0020 0021 0022 0023
 ----------------------------------------------------------------------------------------------------------------------------
  1   3.00 3.44 3.64 3.48 2.98 2.32 1.68 1.26 1.14 1.36 1.80 2.34 2.96 3.57 4.08 4.22 4.02 3.56 2.99 2.45 2.10 1.96 1.98 2.24
  2   2.60 3.00 3.30 3.40 3.20 2.72 2.16 1.64 1.36 1.39 1.69 2.12 2.60 3.10 3.60 3.92 3.95 3.66 3.16 2.64 2.24 1.96 1.90 1.98
  3   2.18 2.48 2.81 3.04 3.07 2.86 2.46 2.03 1.70 1.54 1.64 1.88 2.24 2.65 3.08 3.48 3.68 3.62 3.29 2.84 2.43 2.10 1.94 1.96
  4   2.04 2.24 2.45 2.68 2.86 2.93 2.79 2.41 2.09 1.87 1.75 1.78 2.04 2.38 2.78 3.20 3.49 3.55 3.39 3.00 2.60 2.25 2.01 1.92
  5   1.88 1.93 2.10 2.35 2.63 2.82 2.84 2.69 2.50 2.28 2.09 2.02 2.06 2.20 2.49 2.85 3.19 3.40 3.36 3.16 2.80 2.44 2.16 1.91
  6   1.84 1.73 1.81 2.02 2.34 2.65 2.88 2.96 2.92 2.78 2.60 2.39 2.24 2.24 2.44 2.74 3.06 3.28 3.43 3.40 3.20 2.88 2.50 2.16
  7   1.88 1.68 1.70 1.80 2.07 2.46 2.88 3.14 3.30 3.26 3.08 2.82 2.52 2.36 2.34 2.52 2.76 3.04 3.26 3.40 3.34 3.12 2.78 2.34
  8   1.94 1.58 1.41 1.45 1.66 2.08 2.58 3.00 3.33 3.48 3.47 3.22 2.82 2.43 2.20 2.14 2.37 2.71 3.04 3.25 3.40 3.31 3.00 2.62
  9   2.10 1.64 1.30 1.19 1.28 1.63 2.16 2.72 3.32 3.69 3.80 3.66 3.20 2.78 2.41 2.20 2.24 2.38 2.60 2.96 3.28 3.39 3.32 2.94
 10   2.50 1.88 1.32 0.88 0.81 1.08 1.61 2.26 2.96 3.59 4.00 4.07 3.76 3.24 2.70 2.30 2.08 2.08 2.27 2.63 3.08 3.42 3.54 3.44
 11   2.96 2.32 1.60 0.92 0.54 0.66 1.08 1.72 2.48 3.34 4.00 4.35 4.29 3.93 3.28 2.62 2.12 1.89 2.03 2.36 2.78 3.23 3.60 3.72
 12   3.50 2.96 2.12 1.20 0.60 0.43 0.73 1.32 2.06 2.90 3.76 4.39 4.59 4.44 3.80 3.10 2.44 2.00 1.89 2.00 2.39 2.92 3.54 3.95
 13   3.94 3.52 2.76 1.80 1.10 0.60 0.44 0.86 1.58 2.36 3.28 4.10 4.65 4.75 4.44 3.72 2.88 2.18 1.80 1.78 2.00 2.46 3.12 3.72
 14   4.06 3.98 3.42 2.56 1.60 0.85 0.43 0.42 0.98 1.74 2.56 3.44 4.20 4.68 4.68 4.28 3.46 2.56 1.86 1.54 1.59 1.84 2.44 3.18
 15   3.84 4.08 3.88 3.27 2.32 1.40 0.64 0.36 0.54 1.14 1.88 2.80 3.67 4.38 4.74 4.63 4.14 3.28 2.34 1.74 1.46 1.60 1.98 2.60
 16   3.30 3.78 4.07 3.88 3.16 2.24 1.40 0.86 0.81 1.16 1.60 2.30 3.08 3.84 4.52 4.74 4.53 3.88 3.00 2.08 1.52 1.28 1.45 1.85
 17   2.40 3.12 3.64 3.78 3.48 2.80 1.96 1.31 0.88 0.80 1.18 1.68 2.34 3.00 3.80 4.32 4.44 4.15 3.44 2.54 1.83 1.35 1.22 1.40
 18   1.78 2.40 3.05 3.53 3.70 3.40 2.82 2.12 1.53 1.21 1.17 1.44 1.86 2.42 3.06 3.74 4.10 4.14 3.69 3.00 2.22 1.52 1.10 1.04
 19   1.20 1.64 2.20 2.84 3.29 3.50 3.32 2.89 2.42 2.00 1.68 1.62 1.80 2.18 2.66 3.20 3.76 4.12 4.00 3.60 2.98 2.26 1.60 1.20
 20   1.12 1.37 1.72 2.22 2.80 3.34 3.64 3.62 3.30 2.85 2.34 2.00 1.96 2.16 2.41 2.74 3.16 3.60 3.84 3.80 3.38 2.74 2.08 1.54
 21   1.19 1.14 1.25 1.64 2.17 2.80 3.32 3.62 3.67 3.50 3.18 2.75 2.38 2.20 2.20 2.36 2.69 3.08 3.46 3.64 3.55 3.25 2.70 2.11
 22   1.56 1.17 1.03 1.20 1.58 2.16 2.76 3.28 3.69 3.88 3.76 3.40 2.92 2.46 2.21 2.20 2.36 2.69 3.08 3.40 3.56 3.48 3.15 2.73
 23   2.12 1.54 1.04 0.85 1.06 1.52 2.20 2.87 3.48 3.88 4.12 3.96 3.52 2.98 2.52 2.24 2.16 2.23 2.50 2.90 3.28 3.56 3.56 3.20
 24   2.60 1.96 1.36 0.88 0.72 1.04 1.55 2.28 3.00 3.70 4.15 4.24 4.00 3.52 2.88 2.41 2.10 2.00 2.00 2.28 2.70 3.24 3.64 3.60
 25   3.20 2.56 1.84 1.12 0.68 0.70 1.08 1.60 2.40 3.20 3.88 4.28 4.24 3.87 3.30 2.67 2.14 1.91 1.86 2.00 2.32 2.84 3.40 3.70
 26   3.57 3.10 2.31 1.51 0.90 0.56 0.69 1.22 1.88 2.68 3.44 4.10 4.37 4.20 3.80 3.16 2.48 2.00 1.81 1.83 2.08 2.52 3.08 3.56
 27   3.71 3.44 2.78 1.96 1.20 0.72 0.58 0.93 1.50 2.24 3.00 3.84 4.30 4.36 4.08 3.48 2.72 2.12 1.76 1.68 1.81 2.20 2.70 3.26
 28   3.63 3.68 3.26 2.52 1.68 0.96 0.64 0.68 1.12 1.72 2.46 3.24 3.92 4.26 4.22 3.84 3.16 2.40 1.85 1.58 1.60 1.84 2.32 2.88
 29   3.41 3.64 3.56 3.00 2.20 1.42 0.92 0.72 0.94 1.48 2.12 2.84 3.58 4.14 4.30 4.04 3.44 2.72 2.06 1.64 1.52 1.68 2.04 2.48
 30   3.02 3.40 3.56 3.28 2.68 1.90 1.28 0.94 0.94 1.38 1.92 2.48 3.16 3.72 4.08 4.05 3.68 3.04 2.40 1.90 1.63 1.56 1.80 2.16
 ----------------------------------------------------------------------------------------------------------------------------
                                                                                               
 ----------------------------------------------------------------------------------------------------------------------------
 ----------------------------------------------------------------------------------------------------------------------------
                                                          SURVEY OF INDIA
                                                    MARINE GEODESY WING (G&RB)
                                                     HOURLY HEIGHTS IN METRES
  NAME OF PORT:- MUMBAI                                                                             MONTH JULY      YEAR 2010
 ----------------------------------------------------------------------------------------------------------------------------
 DAYS 0000 0001 0002 0003 0004 0005 0006 0007 0008 0009 0010 0011 0012 0013 0014 0015 0016 0017 0018 0019 0020 0021 0022 0023
 ----------------------------------------------------------------------------------------------------------------------------
  1   2.75 3.24 3.54 3.58 3.12 2.47 1.80 1.36 1.24 1.44 1.86 2.34 2.89 3.46 3.93 4.08 3.90 3.40 2.76 2.19 1.74 1.60 1.70 1.93
  2   2.38 2.84 3.22 3.41 3.27 2.81 2.22 1.70 1.42 1.44 1.72 2.08 2.53 3.00 3.54 3.88 3.86 3.50 2.94 2.35 1.86 1.60 1.56 1.76
  3   2.10 2.44 2.84 3.12 3.16 3.01 2.64 2.21 1.90 1.75 1.85 2.08 2.44 2.84 3.29 3.65 3.80 3.65 3.21 2.72 2.18 1.74 1.60 1.66
  4   1.90 2.18 2.46 2.82 3.12 3.22 3.04 2.72 2.34 2.12 2.12 2.24 2.42 2.66 2.98 3.35 3.66 3.70 3.40 2.94 2.48 2.08 1.81 1.72
  5   1.74 1.94 2.18 2.52 2.85 3.12 3.25 3.13 2.90 2.60 2.44 2.38 2.48 2.61 2.84 3.12 3.42 3.60 3.57 3.32 2.93 2.44 2.00 1.74
  6   1.62 1.69 1.89 2.18 2.52 2.89 3.18 3.38 3.30 3.10 2.86 2.69 2.57 2.53 2.64 2.80 3.07 3.30 3.40 3.30 3.04 2.68 2.25 1.82
  7   1.53 1.47 1.56 1.73 2.08 2.48 2.90 3.28 3.49 3.49 3.32 3.00 2.68 2.55 2.49 2.58 2.69 2.88 3.08 3.20 3.16 2.91 2.52 2.08
  8   1.66 1.36 1.21 1.28 1.56 2.00 2.54 3.06 3.51 3.72 3.68 3.42 3.00 2.64 2.40 2.37 2.46 2.64 2.88 3.08 3.28 3.28 3.08 2.68
  9   2.13 1.55 1.14 0.99 1.12 1.50 2.03 2.60 3.24 3.79 4.05 3.98 3.58 3.02 2.52 2.22 2.17 2.30 2.49 2.74 3.06 3.32 3.42 3.17
 10   2.60 1.93 1.24 0.75 0.60 0.85 1.36 2.07 2.80 3.52 4.12 4.33 4.20 3.72 3.00 2.32 1.96 1.93 2.12 2.44 2.84 3.29 3.66 3.75
 11   3.36 2.68 1.80 1.04 0.54 0.52 0.92 1.54 2.28 3.13 3.96 4.48 4.59 4.28 3.62 2.79 2.02 1.64 1.66 1.96 2.44 3.00 3.60 3.92
 12   3.86 3.40 2.52 1.58 0.70 0.27 0.28 0.79 1.53 2.46 3.40 4.24 4.72 4.68 4.20 3.36 2.44 1.69 1.38 1.40 1.78 2.38 3.18 3.86
 13   4.15 4.00 3.39 2.38 1.32 0.52 0.16 0.15 0.36 1.10 2.05 3.06 3.88 4.21 4.00 3.36 2.32 1.60 1.28 1.16 1.24 1.62 2.35 3.34
 14   3.90 4.15 3.98 3.36 2.40 1.45 0.78 0.54 0.60 0.88 1.56 2.45 3.36 4.02 4.22 3.90 3.18 2.20 1.50 1.20 1.14 1.28 1.69 2.40
 15   3.30 3.92 4.15 3.95 3.32 2.42 1.58 1.04 0.92 1.05 1.40 2.02 2.85 3.66 4.16 4.22 3.80 3.00 2.08 1.40 1.12 1.12 1.32 1.76
 16   2.50 3.36 3.96 4.16 3.92 3.28 2.44 1.74 1.30 1.30 1.50 1.92 2.48 3.25 3.96 4.30 4.23 3.70 2.82 1.96 1.30 1.04 1.10 1.36
 17   1.86 2.54 3.42 4.00 4.16 3.89 3.25 2.44 1.86 1.58 1.67 1.96 2.42 2.96 3.66 4.24 4.42 4.24 3.62 2.74 1.84 1.20 0.94 1.08
 18   1.40 1.90 2.58 3.30 3.76 3.85 3.60 3.06 2.55 2.18 1.99 2.08 2.28 2.59 3.04 3.60 4.01 4.09 3.79 3.16 2.46 1.82 1.37 1.16
 19   1.24 1.52 1.98 2.56 3.12 3.56 3.75 3.60 3.30 2.91 2.60 2.38 2.36 2.46 2.62 2.92 3.34 3.66 3.68 3.42 2.88 2.32 1.80 1.48
 20   1.32 1.40 1.64 2.01 2.45 2.96 3.33 3.56 3.54 3.38 3.16 2.86 2.56 2.38 2.32 2.47 2.76 3.11 3.32 3.32 3.08 2.75 2.32 1.89
 21   1.47 1.21 1.20 1.44 1.82 2.29 2.80 3.20 3.50 3.62 3.53 3.24 2.88 2.56 2.37 2.32 2.37 2.58 2.85 3.10 3.22 3.15 2.80 2.33
 22   1.74 1.48 1.22 1.20 1.36 1.78 2.32 2.87 3.36 3.69 3.80 3.69 3.37 2.96 2.55 2.28 2.15 2.22 2.45 2.75 3.07 3.24 3.20 2.92
 23   2.29 1.94 1.40 1.06 1.04 1.24 1.68 2.26 2.95 3.52 3.88 3.93 3.72 3.28 2.76 2.33 2.05 1.95 2.08 2.32 2.64 3.08 3.34 3.38
 24   2.96 2.47 1.79 1.16 0.85 0.92 1.30 1.82 2.50 3.18 3.82 4.20 4.10 3.80 3.22 2.66 2.18 1.89 1.82 2.04 2.41 2.92 3.40 3.56
 25   3.40 3.01 2.38 1.60 1.05 0.86 1.07 1.56 2.20 2.91 3.60 4.12 4.30 4.09 3.60 2.98 2.40 1.99 1.84 1.89 2.18 2.64 3.20 3.66
 26   3.75 3.48 2.85 2.08 1.39 0.97 0.96 1.31 1.88 2.58 3.30 4.01 4.38 4.36 4.03 3.38 2.64 2.12 1.86 1.79 2.01 2.40 2.98 3.60
 27   3.94 3.87 3.42 2.60 1.80 1.28 1.05 1.24 1.67 2.26 2.95 3.66 4.18 4.34 4.13 3.61 2.91 2.22 1.82 1.71 1.82 2.15 2.63 3.25
 28   3.81 3.92 3.66 3.04 2.23 1.55 1.18 1.20 1.53 2.03 2.65 3.32 4.02 4.36 4.30 3.90 3.20 2.44 1.80 1.52 1.56 1.85 2.34 2.92
 29   3.52 3.91 3.91 3.46 2.67 1.87 1.30 1.09 1.35 1.82 2.40 3.04 3.70 4.22 4.35 4.09 3.44 2.62 1.93 1.48 1.36 1.58 2.02 2.54
 30   3.14 3.68 3.85 3.68 3.08 2.31 1.68 1.39 1.36 1.72 2.20 2.77 3.40 4.00 4.30 4.20 3.72 2.96 2.20 1.69 1.47 1.53 1.88 2.30
 31   2.88 3.46 3.82 3.86 3.47 2.80 2.22 1.84 1.72 1.90 2.20 2.72 3.24 3.79 4.27 4.32 3.96 3.36 2.58 1.98 1.62 1.56 1.76 2.12
 ----------------------------------------------------------------------------------------------------------------------------
                                                                                               
 ----------------------------------------------------------------------------------------------------------------------------
 ----------------------------------------------------------------------------------------------------------------------------
                                                          SURVEY OF INDIA
                                                    MARINE GEODESY WING (G&RB)
                                                     HOURLY HEIGHTS IN METRES
  NAME OF PORT:- MUMBAI                                                                             MONTH AUGUST    YEAR 2010
 ----------------------------------------------------------------------------------------------------------------------------
 DAYS 0000 0001 0002 0003 0004 0005 0006 0007 0008 0009 0010 0011 0012 0013 0014 0015 0016 0017 0018 0019 0020 0021 0022 0023
 ----------------------------------------------------------------------------------------------------------------------------
  1   2.68 3.04 3.48 3.79 3.73 3.34 2.79 2.33 2.03 1.98 2.20 2.62 3.03 3.48 3.92 4.12 3.96 3.53 2.84 2.25 1.76 1.56 1.60 1.80
  2   2.32 2.63 3.10 3.46 3.59 3.47 3.09 2.70 2.38 2.22 2.28 2.50 2.76 3.13 3.49 3.81 3.88 3.64 3.13 2.52 2.00 1.72 1.62 1.72
  3   2.08 2.36 2.78 3.16 3.48 3.58 3.48 3.24 2.90 2.64 2.44 2.50 2.67 2.90 3.17 3.44 3.61 3.64 3.36 2.86 2.31 1.88 1.62 1.62
  4   1.84 2.01 2.26 2.56 2.90 3.24 3.39 3.38 3.20 2.99 2.80 2.66 2.63 2.68 2.81 3.06 3.30 3.44 3.36 3.02 2.64 2.28 1.94 1.69
  5   1.64 1.68 1.88 2.12 2.47 2.84 3.16 3.44 3.54 3.44 3.20 2.92 2.69 2.58 2.57 2.67 2.84 3.04 3.16 3.16 2.99 2.68 2.31 1.92
  6   1.60 1.48 1.49 1.61 1.92 2.32 2.78 3.24 3.59 3.73 3.64 3.35 2.98 2.68 2.48 2.42 2.56 2.75 2.96 3.12 3.16 3.11 2.88 2.48
  7   1.87 1.52 1.18 1.10 1.37 1.80 2.36 2.92 3.52 3.92 4.08 3.90 3.52 2.98 2.57 2.32 2.24 2.36 2.62 2.91 3.24 3.40 3.41 3.08
  8   2.50 1.90 1.31 0.88 0.84 1.20 1.78 2.42 3.14 3.86 4.33 4.40 4.10 3.52 2.81 2.24 1.92 1.91 2.15 2.56 3.07 3.58 3.86 3.82
  9   3.35 2.69 1.80 1.08 0.64 0.66 1.11 1.79 2.60 3.50 4.28 4.69 4.59 4.13 3.36 2.50 1.80 1.46 1.53 1.88 2.56 3.29 3.94 4.26
 10   4.04 3.56 2.64 1.60 0.80 0.40 0.54 1.12 1.92 2.88 3.86 4.68 4.96 4.76 4.09 3.02 2.04 1.35 1.08 1.28 1.85 2.68 3.62 4.32
 11   4.53 4.29 3.59 2.48 1.36 0.62 0.36 0.67 1.32 2.17 3.22 4.24 4.92 5.04 4.60 3.72 2.50 1.52 0.88 0.74 1.10 1.84 2.84 3.84
 12   4.49 4.64 4.29 3.40 2.20 1.20 0.60 0.45 0.96 1.66 2.62 3.66 4.58 4.98 4.92 4.36 3.29 2.04 1.12 0.58 0.62 1.16 2.07 3.11
 13   4.10 4.56 4.67 4.20 3.27 2.08 1.20 0.75 0.80 1.36 2.10 3.00 3.96 4.64 4.88 4.62 3.90 2.72 1.64 0.84 0.44 0.66 1.34 2.23
 14   3.40 4.00 4.48 4.46 3.92 3.00 2.00 1.39 1.10 1.31 1.80 2.42 3.18 3.96 4.48 4.60 4.22 3.37 2.24 1.30 0.66 0.52 0.86 1.54
 15   2.33 3.08 3.84 4.21 4.16 3.66 2.88 2.16 1.68 1.50 1.76 2.16 2.60 3.20 3.80 4.16 4.15 3.72 2.86 2.00 1.28 0.86 0.86 1.19
 16   1.70 2.28 2.98 3.60 3.91 3.82 3.48 2.94 2.46 2.13 2.04 2.18 2.38 2.70 3.14 3.56 3.78 3.70 3.22 2.56 1.92 1.42 1.16 1.24
 17   1.50 1.79 2.28 2.84 3.24 3.52 3.48 3.29 3.00 2.73 2.54 2.44 2.39 2.41 2.58 2.88 3.20 3.33 3.22 2.88 2.46 2.02 1.57 1.35
 18   1.34 1.50 1.80 2.20 2.58 2.92 3.18 3.28 3.29 3.15 2.96 2.76 2.52 2.36 2.40 2.54 2.74 2.93 3.01 2.91 2.72 2.44 2.12 1.78
 19   1.53 1.44 1.52 1.80 2.12 2.54 2.92 3.22 3.38 3.40 3.30 3.10 2.86 2.58 2.40 2.36 2.44 2.60 2.76 2.92 3.00 2.95 2.72 2.34
 20   1.92 1.62 1.44 1.46 1.73 2.10 2.54 3.00 3.40 3.60 3.64 3.46 3.14 2.78 2.40 2.18 2.12 2.24 2.48 2.74 3.00 3.12 3.08 2.85
 21   2.42 1.98 1.52 1.28 1.32 1.64 2.05 2.60 3.12 3.56 3.85 3.81 3.52 3.04 2.57 2.22 1.96 1.92 2.08 2.42 2.84 3.22 3.38 3.25
 22   2.86 2.42 1.80 1.34 1.09 1.20 1.58 2.00 2.60 3.20 3.64 3.82 3.68 3.26 2.66 2.12 1.72 1.56 1.68 1.94 2.41 2.92 3.32 3.42
 23   3.20 2.76 2.14 1.51 1.00 0.88 1.14 1.66 2.32 3.00 3.58 3.93 3.94 3.60 3.00 2.36 1.78 1.46 1.40 1.62 2.08 2.62 3.21 3.56
 24   3.53 3.20 2.52 1.76 1.16 0.80 0.84 1.24 1.89 2.60 3.32 3.86 4.00 3.82 3.32 2.56 1.92 1.40 1.21 1.33 1.74 2.33 3.00 3.52
 25   3.68 3.53 2.97 2.20 1.50 0.96 0.78 1.00 1.52 2.24 2.98 3.68 4.04 3.98 3.60 2.80 2.02 1.42 1.06 1.12 1.46 2.02 2.69 3.36
 26   3.70 3.78 3.46 2.67 1.80 1.16 0.87 0.98 1.44 2.04 2.76 3.48 3.96 4.09 3.78 3.08 2.24 1.53 1.08 0.96 1.20 1.69 2.37 3.10
 27   3.70 3.92 3.74 3.12 2.27 1.52 1.07 1.04 1.36 1.87 2.54 3.28 3.84 4.06 3.92 3.36 2.56 1.76 1.14 0.87 1.00 1.46 2.08 2.74
 28   3.45 3.80 3.90 3.52 2.76 1.96 1.37 1.12 1.30 1.76 2.30 2.93 3.54 3.94 4.00 3.58 2.84 2.02 1.36 0.90 0.89 1.24 1.77 2.44
 29   3.08 3.56 3.84 3.71 3.18 2.40 1.76 1.41 1.44 1.76 2.19 2.68 3.24 3.73 3.92 3.74 3.16 2.40 1.68 1.14 0.92 1.08 1.50 2.08
 30   2.72 3.30 3.68 3.84 3.54 2.96 2.31 1.84 1.66 1.75 2.10 2.52 2.98 3.46 3.78 3.80 3.37 2.68 1.98 1.42 1.07 1.08 1.38 1.82
 31   2.37 2.82 3.32 3.62 3.62 3.26 2.76 2.30 2.04 2.00 2.14 2.38 2.68 3.04 3.46 3.68 3.48 3.00 2.32 1.72 1.36 1.20 1.28 1.60
 ----------------------------------------------------------------------------------------------------------------------------
                                                                                               
 ----------------------------------------------------------------------------------------------------------------------------
 ----------------------------------------------------------------------------------------------------------------------------
                                                          SURVEY OF INDIA
                                                    MARINE GEODESY WING (G&RB)
                                                     HOURLY HEIGHTS IN METRES
  NAME OF PORT:- MUMBAI                                                                             MONTH SEPT      YEAR 2010
 ----------------------------------------------------------------------------------------------------------------------------
 DAYS 0000 0001 0002 0003 0004 0005 0006 0007 0008 0009 0010 0011 0012 0013 0014 0015 0016 0017 0018 0019 0020 0021 0022 0023
 ----------------------------------------------------------------------------------------------------------------------------
  1   2.01 2.34 2.80 3.25 3.48 3.44 3.14 2.78 2.50 2.30 2.25 2.33 2.50 2.73 3.04 3.28 3.36 3.16 2.66 2.15 1.72 1.51 1.44 1.56
  2   1.76 2.00 2.36 2.76 3.12 3.32 3.31 3.15 2.88 2.62 2.46 2.40 2.46 2.55 2.71 2.89 3.06 3.08 2.96 2.58 2.18 1.82 1.58 1.48
  3   1.52 1.61 1.86 2.24 2.64 3.00 3.23 3.31 3.26 3.08 2.84 2.62 2.50 2.44 2.45 2.56 2.72 2.87 2.95 2.89 2.66 2.36 1.98 1.67
  4   1.45 1.37 1.46 1.73 2.10 2.53 2.92 3.31 3.52 3.52 3.33 3.00 2.60 2.33 2.15 2.14 2.30 2.54 2.84 3.00 3.04 2.88 2.59 2.18
  5   1.74 1.35 1.09 1.16 1.46 1.96 2.48 3.05 3.52 3.80 3.81 3.53 2.98 2.45 2.02 1.84 1.90 2.12 2.49 2.90 3.25 3.42 3.32 2.95
  6   2.40 1.74 1.16 0.84 0.96 1.34 1.92 2.64 3.34 3.93 4.22 4.18 3.72 2.96 2.16 1.56 1.34 1.50 1.90 2.48 3.06 3.60 3.86 3.74
  7   3.23 2.42 1.58 0.90 0.60 0.68 1.18 1.92 2.78 3.68 4.32 4.52 4.24 3.56 2.52 1.60 0.96 0.79 1.06 1.64 2.44 3.30 3.98 4.28
  8   4.04 3.40 2.32 1.29 0.57 0.28 0.55 1.20 2.04 3.02 4.08 4.69 4.72 4.26 3.28 2.08 1.10 0.48 0.44 0.88 1.72 2.68 3.74 4.44
  9   4.60 4.26 3.44 2.22 1.16 0.52 0.34 0.82 1.53 2.44 3.50 4.42 4.82 4.66 3.99 2.84 1.56 0.62 0.10 0.20 0.88 1.92 3.08 4.12
 10   4.66 4.74 4.24 3.32 2.08 1.14 0.62 0.67 1.20 1.96 2.92 3.94 4.66 4.86 4.46 3.59 2.28 1.14 0.37 0.00 0.36 1.17 2.24 3.36
 11   4.32 4.81 4.72 4.10 3.04 1.90 1.19 0.88 1.09 1.60 2.30 3.24 4.11 4.62 4.56 4.00 2.99 1.76 0.76 0.16 0.10 0.58 1.40 2.41
 12   3.40 4.22 4.62 4.42 3.77 2.78 1.90 1.36 1.22 1.52 1.98 2.60 3.36 4.01 4.32 4.13 3.48 2.48 1.47 0.70 0.32 0.50 1.08 1.81
 13   2.60 3.44 4.06 4.28 4.02 3.44 2.71 2.06 1.66 1.65 1.91 2.28 2.76 3.30 3.74 3.91 3.62 2.94 2.13 1.36 0.84 0.66 0.96 1.42
 14   2.05 2.64 3.26 3.74 3.86 3.64 3.21 2.71 2.28 2.00 2.01 2.16 2.42 2.78 3.13 3.40 3.46 3.18 2.66 2.08 1.56 1.23 1.20 1.42
 15   1.76 2.14 2.62 3.13 3.46 3.53 3.36 3.08 2.80 2.53 2.36 2.32 2.33 2.40 2.56 2.84 3.05 3.12 2.89 2.52 2.12 1.80 1.64 1.56
 16   1.68 1.88 2.18 2.53 2.89 3.16 3.29 3.29 3.15 2.98 2.79 2.61 2.49 2.42 2.43 2.55 2.71 2.84 2.88 2.79 2.62 2.42 2.16 1.93
 17   1.78 1.78 1.94 2.20 2.52 2.81 3.13 3.32 3.38 3.32 3.11 2.88 2.61 2.41 2.30 2.30 2.40 2.58 2.74 2.84 2.88 2.82 2.64 2.34
 18   1.98 1.74 1.68 1.80 2.07 2.38 2.74 3.10 3.36 3.49 3.42 3.18 2.78 2.42 2.16 2.06 2.06 2.19 2.40 2.72 2.98 3.12 3.04 2.73
 19   2.32 1.92 1.61 1.52 1.66 1.97 2.36 2.81 3.26 3.54 3.65 3.48 3.10 2.62 2.16 1.84 1.74 1.80 2.07 2.42 2.86 3.18 3.33 3.18
 20   2.78 2.28 1.78 1.48 1.41 1.61 2.00 2.50 3.02 3.52 3.77 3.74 3.45 2.96 2.40 1.92 1.58 1.56 1.76 2.18 2.72 3.24 3.60 3.62
 21   3.29 2.78 2.14 1.66 1.40 1.46 1.76 2.26 2.82 3.40 3.84 3.90 3.72 3.20 2.53 1.94 1.59 1.44 1.60 2.00 2.56 3.17 3.64 4.00
 22   3.82 3.34 2.66 2.06 1.62 1.42 1.66 2.11 2.66 3.22 3.73 4.13 4.04 3.61 2.93 2.22 1.62 1.26 1.30 1.65 2.24 2.95 3.62 4.04
 23   4.08 3.76 3.09 2.36 1.72 1.40 1.45 1.81 2.38 3.00 3.62 4.06 4.15 3.87 3.21 2.42 1.69 1.14 1.02 1.32 1.92 2.60 3.30 3.92
 24   4.17 4.06 3.54 2.73 2.02 1.48 1.30 1.60 2.12 2.74 3.36 3.96 4.24 4.06 3.56 2.70 1.88 1.14 0.92 1.06 1.56 2.24 3.01 3.76
 25   4.22 4.29 3.96 3.24 2.42 1.79 1.44 1.48 1.95 2.48 3.13 3.78 4.16 4.16 3.78 3.00 2.16 1.40 0.86 0.86 1.28 1.92 2.70 3.48
 26   4.10 4.38 4.28 3.76 2.98 2.22 1.66 1.50 1.73 2.24 2.86 3.47 4.00 4.16 3.98 3.40 2.56 1.76 1.10 0.80 1.04 1.60 2.25 3.02
 27   3.68 4.02 4.17 3.99 3.49 2.85 2.23 1.81 1.72 2.04 2.45 3.00 3.64 4.08 4.00 3.55 2.97 2.23 1.57 1.10 0.99 1.28 1.80 2.42
 28   3.07 3.53 3.92 3.95 3.71 3.24 2.72 2.25 1.96 1.95 2.27 2.67 3.14 3.49 3.72 3.52 3.12 2.54 1.89 1.38 1.11 1.19 1.52 2.00
 29   2.59 3.22 3.70 3.88 3.72 3.43 2.99 2.59 2.27 2.11 2.18 2.48 2.88 3.28 3.50 3.52 3.20 2.70 2.11 1.56 1.20 1.12 1.38 1.76
 30   2.20 2.76 3.32 3.66 3.74 3.52 3.15 2.74 2.46 2.29 2.26 2.40 2.62 2.90 3.20 3.35 3.37 3.06 2.64 2.10 1.64 1.40 1.43 1.72
 ----------------------------------------------------------------------------------------------------------------------------
                                                                                               
 ----------------------------------------------------------------------------------------------------------------------------
 ----------------------------------------------------------------------------------------------------------------------------
                                                          SURVEY OF INDIA
                                                    MARINE GEODESY WING (G&RB)
                                                     HOURLY HEIGHTS IN METRES
  NAME OF PORT:- MUMBAI                                                                             MONTH OCTOBER   YEAR 2010
 ----------------------------------------------------------------------------------------------------------------------------
 DAYS 0000 0001 0002 0003 0004 0005 0006 0007 0008 0009 0010 0011 0012 0013 0014 0015 0016 0017 0018 0019 0020 0021 0022 0023
 ----------------------------------------------------------------------------------------------------------------------------
  1   2.04 2.41 2.81 3.22 3.52 3.62 3.53 3.32 3.00 2.72 2.48 2.44 2.53 2.69 2.88 3.10 3.22 3.21 2.98 2.66 2.28 1.98 1.80 1.72
  2   1.80 2.00 2.34 2.76 3.16 3.44 3.60 3.60 3.42 3.12 2.80 2.55 2.43 2.40 2.52 2.68 2.90 3.06 3.14 3.10 2.92 2.60 2.23 1.86
  3   1.69 1.74 1.92 2.21 2.63 3.05 3.44 3.72 3.80 3.68 3.30 2.88 2.48 2.18 2.09 2.18 2.46 2.76 3.06 3.29 3.37 3.28 2.90 2.40
  4   1.96 1.64 1.49 1.68 2.06 2.52 3.10 3.60 3.98 4.10 3.91 3.40 2.75 2.20 1.76 1.60 1.80 2.18 2.68 3.20 3.58 3.80 3.70 3.16
  5   2.51 1.89 1.46 1.29 1.46 1.86 2.47 3.16 3.80 4.28 4.37 4.08 3.40 2.54 1.76 1.23 1.16 1.44 2.01 2.71 3.46 4.05 4.30 4.08
  6   3.51 2.75 1.99 1.39 1.12 1.33 1.82 2.60 3.40 4.18 4.57 4.50 4.04 3.16 2.12 1.28 0.74 0.72 1.12 1.92 2.84 3.80 4.46 4.64
  7   4.26 3.64 2.67 1.74 1.12 0.90 1.25 1.84 2.67 3.60 4.32 4.64 4.42 3.76 2.64 1.52 0.66 0.18 0.33 0.97 1.96 3.08 4.12 4.73
  8   4.75 4.38 3.56 2.46 1.56 0.94 0.90 1.32 2.04 2.96 3.88 4.48 4.61 4.20 3.32 2.08 1.00 0.30 0.25 0.68 1.28 2.13 3.14 4.04
  9   4.53 4.50 4.14 3.40 2.45 1.67 1.15 1.13 1.54 2.18 2.99 3.76 4.23 4.25 3.81 3.00 1.94 1.05 0.45 0.55 0.88 1.46 2.31 3.20
 10   3.96 4.33 4.24 3.89 3.24 2.44 1.77 1.35 1.35 1.75 2.32 3.02 3.65 3.98 3.89 3.42 2.67 1.81 1.10 0.66 0.75 1.16 1.71 2.48
 11   3.27 3.88 4.13 3.99 3.65 3.08 2.43 1.88 1.56 1.58 1.97 2.46 3.06 3.53 3.72 3.52 3.04 2.35 1.67 1.14 0.88 1.05 1.43 1.95
 12   2.65 3.33 3.80 3.92 3.73 3.41 2.92 2.42 1.99 1.76 1.81 2.18 2.60 3.09 3.42 3.47 3.16 2.65 2.02 1.54 1.19 1.11 1.36 1.71
 13   2.20 2.83 3.39 3.72 3.72 3.48 3.16 2.76 2.41 2.09 1.97 2.03 2.40 2.74 3.12 3.30 3.22 2.80 2.26 1.70 1.40 1.24 1.34 1.60
 14   1.98 2.44 3.00 3.45 3.64 3.52 3.22 2.92 2.60 2.40 2.20 2.17 2.26 2.42 2.65 2.86 2.96 2.91 2.66 2.32 2.00 1.78 1.68 1.76
 15   1.93 2.20 2.58 3.00 3.30 3.42 3.36 3.20 2.99 2.78 2.54 2.37 2.27 2.26 2.34 2.51 2.67 2.76 2.76 2.68 2.50 2.30 2.11 1.96
 16   1.91 1.98 2.20 2.54 2.88 3.14 3.27 3.28 3.19 3.02 2.80 2.60 2.44 2.29 2.25 2.30 2.45 2.62 2.78 2.87 2.92 2.87 2.68 2.41
 17   2.08 2.00 2.06 2.27 2.61 2.95 3.24 3.39 3.40 3.34 3.14 2.85 2.48 2.17 1.99 1.92 2.06 2.28 2.60 2.87 3.07 3.14 3.01 2.74
 18   2.35 2.06 1.85 1.90 2.12 2.51 2.89 3.24 3.48 3.55 3.46 3.10 2.66 2.21 1.88 1.66 1.69 1.90 2.28 2.70 3.10 3.32 3.38 3.15
 19   2.73 2.34 2.01 1.86 1.94 2.21 2.56 3.00 3.40 3.64 3.65 3.40 2.93 2.40 1.91 1.57 1.48 1.60 1.94 2.46 3.01 3.46 3.70 3.59
 20   3.18 2.72 2.22 1.93 1.80 1.97 2.29 2.72 3.20 3.60 3.80 3.71 3.30 2.68 2.04 1.54 1.33 1.40 1.74 2.26 2.90 3.52 3.94 4.04
 21   3.73 3.24 2.62 2.16 1.88 1.90 2.12 2.50 3.01 3.56 3.90 3.95 3.64 3.09 2.34 1.67 1.24 1.20 1.48 2.03 2.69 3.38 3.96 4.28
 22   4.16 3.76 3.10 2.44 1.94 1.78 1.95 2.32 2.80 3.37 3.84 4.07 3.92 3.40 2.62 1.87 1.28 1.00 1.14 1.64 2.30 3.07 3.83 4.36
 23   4.42 4.14 3.55 2.78 2.16 1.76 1.76 2.01 2.49 3.08 3.61 3.99 4.04 3.66 2.90 2.04 1.32 0.80 0.69 1.09 1.77 2.52 3.36 4.07
 24   4.43 4.36 3.93 3.18 2.40 1.82 1.59 1.75 2.12 2.68 3.27 3.79 4.02 3.87 3.26 2.40 1.56 0.92 0.57 0.76 1.36 2.09 2.92 3.72
 25   4.30 4.52 4.28 3.72 2.94 2.22 1.77 1.68 1.90 2.40 2.96 3.56 3.92 3.96 3.56 2.84 1.98 1.22 0.66 0.56 1.02 1.68 2.48 3.32
 26   4.04 4.47 4.48 4.08 3.41 2.66 2.07 1.76 1.78 2.08 2.58 3.20 3.72 3.92 3.76 3.18 2.36 1.60 0.96 0.68 0.87 1.42 2.06 2.84
 27   3.58 4.12 4.43 4.28 3.82 3.10 2.44 1.96 1.82 1.95 2.32 2.82 3.36 3.70 3.76 3.48 2.85 2.12 1.46 0.99 0.87 1.20 1.74 2.36
 28   3.04 3.63 4.16 4.27 4.01 3.48 2.88 2.36 2.01 1.95 2.12 2.47 2.92 3.34 3.58 3.55 3.18 2.60 1.96 1.44 1.14 1.20 1.56 2.01
 29   2.58 3.08 3.64 4.03 4.08 3.80 3.32 2.84 2.41 2.18 2.12 2.25 2.50 2.87 3.20 3.40 3.36 3.00 2.52 2.05 1.65 1.44 1.48 1.76
 30   2.18 2.58 3.11 3.60 3.88 3.88 3.65 3.28 2.88 2.49 2.20 2.09 2.17 2.39 2.68 2.98 3.20 3.20 2.97 2.60 2.22 1.90 1.70 1.68
 31   1.76 2.06 2.48 2.99 3.42 3.68 3.72 3.57 3.22 2.80 2.41 2.16 2.00 2.04 2.20 2.50 2.80 3.05 3.17 3.12 2.90 2.56 2.16 1.87
 ----------------------------------------------------------------------------------------------------------------------------
                                                                                               
 ----------------------------------------------------------------------------------------------------------------------------
 ----------------------------------------------------------------------------------------------------------------------------
                                                          SURVEY OF INDIA
                                                    MARINE GEODESY WING (G&RB)
                                                     HOURLY HEIGHTS IN METRES
  NAME OF PORT:- MUMBAI                                                                             MONTH NOVEMBER  YEAR 2010
 ----------------------------------------------------------------------------------------------------------------------------
 DAYS 0000 0001 0002 0003 0004 0005 0006 0007 0008 0009 0010 0011 0012 0013 0014 0015 0016 0017 0018 0019 0020 0021 0022 0023
 ----------------------------------------------------------------------------------------------------------------------------
  1   1.70 1.80 2.08 2.49 2.92 3.34 3.67 3.81 3.75 3.42 2.89 2.37 1.91 1.65 1.64 1.88 2.32 2.76 3.12 3.36 3.42 3.28 2.94 2.47
  2   1.92 1.65 1.68 1.94 2.36 2.82 3.34 3.72 3.92 3.84 3.41 2.75 2.10 1.57 1.24 1.21 1.54 2.10 2.67 3.26 3.68 3.86 3.72 3.25
  3   2.49 1.97 1.61 1.58 1.84 2.28 2.84 3.41 3.87 4.11 3.94 3.48 2.68 1.90 1.20 0.81 0.87 1.33 2.04 2.82 3.64 4.16 4.36 4.14
  4   3.51 2.78 2.12 1.68 1.62 1.86 2.34 2.96 3.64 4.13 4.28 4.06 3.42 2.52 1.56 0.84 0.47 0.68 1.30 2.20 3.15 4.02 4.64 4.74
  5   4.33 3.70 2.84 2.09 1.60 1.56 1.84 2.40 3.14 3.88 4.32 4.38 3.96 3.15 2.07 1.14 0.47 0.21 0.60 1.36 2.36 3.40 4.36 4.90
  6   4.88 4.45 3.64 2.66 1.92 1.52 1.58 1.90 2.55 3.30 3.98 4.36 4.32 3.80 2.87 1.80 0.86 0.20 0.12 0.70 1.60 2.64 3.72 4.60
  7   4.96 4.85 4.34 3.47 2.54 1.81 1.52 1.60 1.97 2.64 3.44 4.08 4.35 4.14 3.45 2.44 1.47 0.64 0.16 0.32 1.04 1.96 3.00 4.01
  8   4.70 4.93 4.70 4.09 3.19 2.35 1.73 1.58 1.72 2.16 2.84 3.56 4.09 4.20 3.87 3.08 2.12 1.24 0.56 0.31 0.65 1.40 2.32 3.28
  9   4.12 4.67 4.77 4.44 3.80 2.90 2.16 1.72 1.61 1.86 2.34 3.00 3.60 3.98 4.00 3.56 2.80 1.90 1.16 0.69 0.72 1.20 1.90 2.68
 10   3.52 4.20 4.62 4.61 4.20 3.51 2.76 2.20 1.92 1.92 2.12 2.52 3.04 3.56 3.83 3.72 3.18 2.47 1.74 1.20 0.96 1.14 1.60 2.19
 11   2.80 3.44 4.02 4.28 4.14 3.74 3.12 2.53 2.12 1.98 2.04 2.24 2.56 2.96 3.34 3.54 3.36 2.87 2.30 1.79 1.47 1.40 1.60 1.94
 12   2.46 2.95 3.56 3.96 4.08 3.87 3.47 2.96 2.53 2.24 2.13 2.16 2.32 2.56 2.90 3.14 3.24 3.06 2.66 2.30 1.98 1.80 1.80 1.95
 13   2.26 2.61 3.06 3.49 3.78 3.81 3.60 3.21 2.82 2.55 2.30 2.20 2.20 2.26 2.43 2.69 2.90 3.00 2.92 2.68 2.43 2.20 2.09 2.07
 14   2.16 2.40 2.72 3.10 3.42 3.60 3.56 3.36 3.08 2.76 2.50 2.26 2.14 2.11 2.16 2.33 2.54 2.76 2.89 2.92 2.83 2.65 2.48 2.35
 15   2.28 2.32 2.52 2.78 3.10 3.40 3.56 3.48 3.28 3.01 2.74 2.43 2.14 2.00 1.96 2.08 2.35 2.61 2.88 3.05 3.16 3.14 2.94 2.68
 16   2.46 2.32 2.32 2.59 2.90 3.17 3.38 3.48 3.47 3.32 3.06 2.66 2.24 1.90 1.76 1.79 1.97 2.30 2.72 3.08 3.38 3.48 3.39 3.17
 17   2.80 2.50 2.33 2.38 2.56 2.84 3.14 3.42 3.54 3.50 3.31 2.94 2.48 2.04 1.66 1.52 1.64 2.00 2.46 2.94 3.44 3.74 3.84 3.60
 18   3.13 2.74 2.44 2.28 2.30 2.52 2.81 3.14 3.46 3.56 3.50 3.21 2.72 2.16 1.64 1.30 1.26 1.52 2.02 2.62 3.24 3.72 3.99 3.93
 19   3.58 3.10 2.62 2.27 2.16 2.27 2.54 2.90 3.28 3.56 3.66 3.46 3.04 2.44 1.80 1.32 1.08 1.20 1.64 2.24 2.94 3.64 4.16 4.28
 20   4.06 3.62 3.04 2.52 2.18 2.08 2.27 2.60 3.05 3.50 3.74 3.72 3.42 2.82 2.10 1.40 0.92 0.81 1.12 1.74 2.48 3.26 4.00 4.41
 21   4.39 4.08 3.53 2.84 2.26 1.95 2.00 2.29 2.72 3.26 3.68 3.87 3.78 3.28 2.54 1.73 1.09 0.72 0.93 1.58 2.34 3.26 4.00 4.53
 22   4.64 4.38 3.86 3.08 2.42 2.02 2.00 2.24 2.66 3.15 3.64 3.96 3.95 3.54 2.80 1.92 1.18 0.70 0.68 1.16 1.90 2.72 3.64 4.36
 23   4.75 4.72 4.34 3.66 2.89 2.26 1.96 1.99 2.30 2.85 3.47 4.01 4.20 3.98 3.38 2.52 1.69 1.11 0.74 0.98 1.54 2.28 3.14 4.02
 24   4.60 4.89 4.70 4.14 3.36 2.54 2.00 1.84 1.96 2.38 2.88 3.36 3.86 4.04 3.80 3.16 2.28 1.46 0.85 0.64 0.96 1.54 2.26 3.06
 25   3.90 4.50 4.74 4.54 4.02 3.20 2.46 1.92 1.76 1.88 2.26 2.84 3.41 3.79 3.86 3.49 2.79 2.00 1.28 0.80 0.72 1.12 1.73 2.44
 26   3.20 3.94 4.44 4.50 4.20 3.60 2.88 2.21 1.79 1.69 1.88 2.30 2.89 3.40 3.72 3.72 3.30 2.64 1.94 1.36 1.04 1.09 1.52 2.05
 27   2.70 3.38 3.99 4.36 4.38 4.06 3.45 2.76 2.14 1.80 1.72 1.92 2.36 2.88 3.36 3.64 3.60 3.20 2.60 2.04 1.56 1.35 1.46 1.77
 28   2.24 2.84 3.41 3.96 4.26 4.20 3.88 3.28 2.64 2.08 1.74 1.70 1.90 2.32 2.84 3.24 3.52 3.54 3.24 2.80 2.32 1.98 1.76 1.77
 29   2.06 2.46 2.96 3.49 3.92 4.12 4.06 3.70 3.13 2.54 2.02 1.64 1.60 1.74 2.14 2.58 3.02 3.34 3.44 3.32 3.00 2.61 2.24 1.96
 30   1.91 2.09 2.45 2.88 3.36 3.76 3.95 3.89 3.52 2.94 2.37 1.84 1.49 1.38 1.52 1.90 2.41 2.93 3.36 3.61 3.64 3.42 3.02 2.57
 ----------------------------------------------------------------------------------------------------------------------------
                                                                                               
 ----------------------------------------------------------------------------------------------------------------------------
 ----------------------------------------------------------------------------------------------------------------------------
                                                          SURVEY OF INDIA
                                                    MARINE GEODESY WING (G&RB)
                                                     HOURLY HEIGHTS IN METRES
  NAME OF PORT:- MUMBAI                                                                             MONTH DECEMBER  YEAR 2010
 ----------------------------------------------------------------------------------------------------------------------------
 DAYS 0000 0001 0002 0003 0004 0005 0006 0007 0008 0009 0010 0011 0012 0013 0014 0015 0016 0017 0018 0019 0020 0021 0022 0023
 ----------------------------------------------------------------------------------------------------------------------------
  1   2.22 2.08 2.18 2.47 2.90 3.33 3.69 3.90 3.88 3.54 2.98 2.36 1.74 1.30 1.16 1.36 1.80 2.38 2.98 3.52 3.96 4.05 3.86 3.40
  2   2.80 2.41 2.19 2.22 2.44 2.85 3.30 3.70 3.92 3.88 3.54 2.93 2.20 1.56 1.05 0.85 1.12 1.66 2.36 3.10 3.81 4.30 4.43 4.14
  3   3.56 2.92 2.41 2.12 2.14 2.36 2.74 3.22 3.69 3.97 3.96 3.56 2.88 2.08 1.35 0.80 0.65 1.00 1.68 2.49 3.36 4.17 4.62 4.67
  4   4.30 3.72 3.00 2.40 2.07 2.05 2.27 2.72 3.30 3.80 4.12 4.04 3.58 2.72 1.84 1.08 0.58 0.58 1.04 1.80 2.72 3.69 4.48 4.84
  5   4.74 4.33 3.61 2.83 2.19 1.90 1.90 2.19 2.74 3.35 3.84 4.13 3.98 3.38 2.47 1.55 0.80 0.42 0.56 1.15 1.99 2.96 3.92 4.65
  6   4.92 4.72 4.20 3.36 2.54 1.93 1.72 1.78 2.20 2.76 3.42 3.92 4.12 3.82 3.09 2.12 1.24 0.59 0.35 0.67 1.40 2.32 3.29 4.15
  7   4.70 4.76 4.47 3.82 2.98 2.22 1.73 1.64 1.84 2.31 2.92 3.56 3.97 4.02 3.58 2.76 1.84 1.07 0.56 0.48 0.97 1.75 2.66 3.55
  8   4.32 4.72 4.70 4.26 3.53 2.72 2.08 1.72 1.70 1.92 2.46 3.07 3.68 4.00 3.92 3.35 2.54 1.70 1.05 0.72 0.88 1.45 2.19 2.97
  9   3.78 4.38 4.65 4.48 4.00 3.24 2.52 1.96 1.70 1.75 2.08 2.59 3.20 3.64 3.82 3.58 2.96 2.19 1.55 1.10 1.00 1.30 1.82 2.45
 10   3.22 3.86 4.34 4.42 4.12 3.54 2.84 2.27 1.86 1.72 1.80 2.12 2.60 3.08 3.46 3.50 3.20 2.58 1.94 1.49 1.25 1.34 1.70 2.15
 11   2.73 3.32 3.85 4.15 4.10 3.66 3.08 2.50 2.04 1.80 1.76 1.93 2.24 2.64 3.04 3.27 3.24 2.88 2.38 1.93 1.64 1.56 1.73 2.06
 12   2.47 2.97 3.46 3.84 3.92 3.72 3.26 2.78 2.32 1.96 1.78 1.84 2.02 2.29 2.64 2.92 3.11 3.08 2.78 2.42 2.14 2.00 2.02 2.18
 13   2.40 2.74 3.14 3.54 3.77 3.76 3.50 3.06 2.61 2.25 2.00 1.90 1.94 2.08 2.32 2.60 2.86 3.00 3.00 2.80 2.60 2.40 2.32 2.30
 14   2.38 2.60 2.86 3.22 3.50 3.59 3.50 3.21 2.82 2.46 2.12 1.90 1.84 1.88 2.04 2.28 2.54 2.80 2.99 3.06 3.01 2.85 2.65 2.52
 15   2.46 2.51 2.68 2.91 3.22 3.40 3.50 3.39 3.08 2.70 2.33 1.99 1.76 1.72 1.82 2.03 2.34 2.64 2.93 3.20 3.34 3.33 3.13 2.88
 16   2.66 2.58 2.59 2.72 2.92 3.16 3.32 3.36 3.21 2.98 2.66 2.29 1.93 1.68 1.56 1.62 1.88 2.27 2.69 3.09 3.40 3.60 3.56 3.30
 17   2.93 2.68 2.57 2.56 2.68 2.88 3.12 3.32 3.36 3.24 3.00 2.60 2.20 1.76 1.44 1.30 1.48 1.88 2.42 2.96 3.40 3.74 3.90 3.76
 18   3.36 2.92 2.56 2.39 2.40 2.56 2.80 3.08 3.28 3.36 3.28 2.94 2.44 1.86 1.33 1.06 1.06 1.36 1.88 2.49 3.14 3.70 4.06 4.08
 19   3.78 3.29 2.77 2.38 2.18 2.18 2.38 2.68 3.05 3.40 3.59 3.32 2.84 2.20 1.54 1.00 0.76 0.88 1.38 1.98 2.68 3.44 4.08 4.36
 20   4.22 3.80 3.14 2.54 2.14 1.98 2.07 2.36 2.76 3.23 3.55 3.64 3.33 2.72 1.98 1.28 0.76 0.58 0.80 1.42 2.21 3.06 3.88 4.46
 21   4.54 4.27 3.68 2.93 2.31 1.91 1.84 2.02 2.44 2.96 3.49 3.82 3.82 3.40 2.60 1.74 1.00 0.56 0.48 0.94 1.68 2.54 3.48 4.29
 22   4.73 4.70 4.27 3.54 2.73 2.08 1.74 1.76 2.04 2.56 3.20 3.80 4.09 3.95 3.35 2.40 1.48 0.75 0.38 0.54 1.13 1.96 2.90 3.84
 23   4.54 4.89 4.70 4.14 3.28 2.45 1.84 1.62 1.68 2.12 2.76 3.48 4.00 4.20 3.92 3.15 2.16 1.27 0.64 0.42 0.78 1.48 2.34 3.26
 24   4.16 4.78 4.92 4.60 3.92 3.00 2.19 1.64 1.48 1.66 2.20 2.92 3.66 4.12 4.24 3.80 3.00 2.04 1.22 0.76 0.72 1.20 1.90 2.72
 25   3.60 4.44 4.88 4.88 4.44 3.64 2.73 1.93 1.50 1.39 1.65 2.26 3.06 3.78 4.22 4.17 3.64 2.80 1.96 1.32 1.00 1.12 1.66 2.28
 26   3.02 3.84 4.56 4.88 4.72 4.18 3.34 2.48 1.75 1.38 1.38 1.74 2.39 3.14 3.82 4.18 4.07 3.55 2.79 2.10 1.60 1.44 1.68 2.07
 27   2.65 3.28 4.02 4.56 4.74 4.48 3.92 3.08 2.26 1.64 1.36 1.42 1.80 2.40 3.08 3.68 4.00 3.90 3.45 2.85 2.32 2.00 1.89 2.08
 28   2.37 2.78 3.37 4.02 4.42 4.44 4.16 3.54 2.77 2.09 1.54 1.34 1.44 1.78 2.32 2.92 3.44 3.76 3.80 3.52 3.08 2.66 2.34 2.22
 29   2.30 2.48 2.82 3.32 3.80 4.10 4.06 3.72 3.15 2.52 1.94 1.44 1.21 1.28 1.60 2.09 2.67 3.20 3.58 3.73 3.60 3.36 3.00 2.68
 30   2.40 2.36 2.48 2.78 3.18 3.56 3.76 3.72 3.40 2.96 2.42 1.86 1.36 1.11 1.13 1.44 1.94 2.47 3.02 3.46 3.72 3.76 3.56 3.22
 31   2.78 2.52 2.36 2.40 2.58 2.90 3.24 3.44 3.48 3.28 2.88 2.34 1.73 1.21 0.92 0.92 1.22 1.74 2.36 3.01 3.59 3.93 3.98 3.76
 ----------------------------------------------------------------------------------------------------------------------------
                                                                                               
 ----------------------------------------------------------------------------------------------------------------------------
 ----------------------------------------------------------------------------------------------------------------------------
