                                                          SURVEY OF INDIA
                                                    MARINE GEODESY WING (G&RB)
                                                     HOURLY HEIGHTS IN METRES
  NAME OF PORT:- MUMBAI                                                                             MONTH JANUARY   YEAR 2016
 ----------------------------------------------------------------------------------------------------------------------------
 DAYS 0000 0001 0002 0003 0004 0005 0006 0007 0008 0009 0010 0011 0012 0013 0014 0015 0016 0017 0018 0019 0020 0021 0022 0023
 ----------------------------------------------------------------------------------------------------------------------------
  1
  2   2.46 2.60 2.88 3.28 3.68 3.77 3.58 3.18 2.70 2.28 1.96 1.78 1.80 1.98 2.22 2.56 2.86 3.06 3.11 3.04 2.86 2.67 2.51 2.42
  3   2.44 2.56 2.78 3.10 3.39 3.58 3.60 3.40 3.04 2.65 2.31 2.03 1.88 1.89 2.04 2.28 2.56 2.86 3.08 3.17 3.13 2.95 2.72 2.50
  4   2.37 2.35 2.48 2.70 2.99 3.26 3.42 3.40 3.22 2.90 2.54 2.18 1.89 1.71 1.70 1.88 2.19 2.54 2.88 3.16 3.35 3.40 3.31 3.10
  5   2.85 2.65 2.56 2.62 2.79 3.01 3.26 3.40 3.37 3.18 2.85 2.50 2.15 1.82 1.60 1.60 1.80 2.16 2.62 3.08 3.44 3.68 3.73 3.56
  6   3.28 3.02 2.79 2.64 2.64 2.78 3.01 3.27 3.46 3.50 3.32 2.95 2.50 2.02 1.62 1.40 1.44 1.76 2.24 2.82 3.38 3.80 4.01 3.98
  7   3.70 3.25 2.85 2.54 2.36 2.38 2.58 2.92 3.28 3.52 3.56 3.37 2.94 2.34 1.74 1.25 1.09 1.20 1.74 2.34 2.98 3.58 4.06 4.20
  8   4.06 3.56 3.05 2.60 2.25 2.13 2.20 2.45 2.89 3.40 3.66 3.65 3.36 2.78 2.06 1.30 0.85 0.80 1.11 1.72 2.46 3.20 3.95 4.30
  9   4.32 4.02 3.45 2.80 2.24 1.92 1.90 2.11 2.52 3.08 3.58 3.82 3.76 3.32 2.60 1.78 1.03 0.62 0.65 1.14 1.86 2.72 3.55 4.30
 10   4.50 4.40 3.96 3.20 2.48 1.91 1.68 1.72 2.08 2.65 3.30 3.80 3.95 3.80 3.20 2.28 1.39 0.69 0.52 0.66 1.31 2.16 3.12 4.06
 11   4.60 4.65 4.40 3.72 2.86 2.11 1.60 1.48 1.64 2.17 2.86 3.59 4.08 4.14 3.80 3.00 2.00 1.08 0.53 0.51 0.84 1.64 2.56 3.51
 12   4.40 4.80 4.73 4.24 3.40 2.50 1.74 1.32 1.29 1.64 2.26 3.08 3.80 4.18 4.15 3.62 2.72 1.72 0.89 0.49 0.56 1.16 2.00 2.90
 13   3.88 4.60 4.84 4.62 4.00 3.04 2.12 1.44 1.19 1.28 1.74 2.44 3.26 3.89 4.20 4.05 3.42 2.42 1.46 0.82 0.70 1.00 1.68 2.44
 14   3.36 4.20 4.71 4.76 4.40 3.64 2.70 1.84 1.26 1.12 1.36 1.94 2.72 3.44 3.98 4.14 3.86 3.22 2.34 1.58 1.10 1.05 1.44 2.02
 15   2.80 3.64 4.38 4.72 4.65 4.20 3.38 2.50 1.74 1.24 1.18 1.46 2.02 2.76 3.46 3.92 4.01 3.76 3.14 2.40 1.80 1.48 1.51 1.84
 16   2.36 3.04 3.78 4.35 4.50 4.34 3.82 3.05 2.25 1.64 1.27 1.24 1.50 2.00 2.64 3.30 3.76 3.90 3.68 3.22 2.65 2.16 1.92 1.94
 17   2.16 2.56 3.10 3.70 4.14 4.28 4.06 3.55 2.88 2.20 1.62 1.29 1.25 1.50 1.98 2.54 3.13 3.58 3.78 3.70 3.35 2.90 2.50 2.25
 18   2.20 2.30 2.63 3.10 3.60 3.92 3.98 3.74 3.28 2.72 2.16 1.68 1.37 1.32 1.48 1.85 2.34 2.92 3.40 3.70 3.78 3.62 3.28 2.88
 19   2.46 2.29 2.31 2.54 2.96 3.38 3.64 3.72 3.56 3.20 2.74 2.20 1.68 1.28 1.15 1.28 1.64 2.18 2.76 3.32 3.72 3.90 3.80 3.47
 20   3.00 2.56 2.26 2.20 2.34 2.68 3.10 3.44 3.58 3.52 3.24 2.80 2.22 1.64 1.15 0.99 1.08 1.52 2.10 2.76 3.42 3.94 4.16 4.04
 21   3.54 2.75 2.20 1.98 2.02 2.22 2.65 3.15 3.55 3.72 3.64 3.35 2.80 2.14 1.44 0.94 0.82 1.00 1.48 2.16 2.92 3.68 4.28 4.41
 22   4.21 3.64 2.92 2.29 1.87 1.78 1.96 2.36 2.90 3.40 3.74 3.78 3.46 2.84 2.06 1.30 0.76 0.62 0.88 1.46 2.24 3.12 3.90 4.45
 23   4.50 4.20 3.52 2.70 2.05 1.62 1.60 1.84 2.33 2.98 3.59 3.97 3.98 3.58 2.84 1.92 1.14 0.68 0.63 1.02 1.72 2.59 3.54 4.36
 24   4.77 4.70 4.20 3.34 2.49 1.80 1.50 1.59 1.94 2.54 3.29 3.89 4.14 4.03 3.49 2.61 1.68 0.96 0.59 0.68 1.24 2.02 2.93 3.86
 25   4.58 4.75 4.50 3.90 2.98 2.11 1.50 1.34 1.52 2.02 2.70 3.50 4.05 4.20 3.90 3.18 2.22 1.37 0.80 0.70 1.02 1.58 2.40 3.33
 26   4.30 4.76 4.77 4.32 3.56 2.62 1.88 1.45 1.42 1.70 2.28 3.02 3.72 4.14 4.18 3.66 2.82 1.86 1.16 0.81 0.92 1.40 2.06 2.85
 27   3.80 4.42 4.67 4.48 3.90 3.04 2.18 1.54 1.26 1.38 1.84 2.50 3.26 3.89 4.09 3.89 3.26 2.42 1.64 1.14 1.06 1.37 1.92 2.58
 28   3.32 4.04 4.48 4.50 4.06 3.36 2.52 1.82 1.35 1.28 1.56 2.06 2.78 3.44 3.84 3.88 3.50 2.86 2.11 1.55 1.27 1.38 1.73 2.26
 29   2.90 3.58 4.07 4.26 4.07 3.56 2.86 2.16 1.57 1.34 1.40 1.77 2.31 2.93 3.41 3.68 3.62 3.20 2.60 2.06 1.70 1.62 1.80 2.15
 30   2.65 3.17 3.68 4.00 4.00 3.66 3.10 2.47 1.90 1.54 1.49 1.66 2.06 2.50 2.98 3.34 3.46 3.33 2.96 2.49 2.15 2.00 2.03 2.22
 31   2.50 2.87 3.29 3.64 3.80 3.68 3.28 2.72 2.19 1.76 1.56 1.61 1.83 2.16 2.57 2.98 3.23 3.30 3.12 2.79 2.48 2.29 2.24 2.30
 ----------------------------------------------------------------------------------------------------------------------------
                                                                                               DATUM CORRECTION      0.0014 m
 ----------------------------------------------------------------------------------------------------------------------------
 ----------------------------------------------------------------------------------------------------------------------------
                                                          SURVEY OF INDIA
                                                    MARINE GEODESY WING (G&RB)
                                                     HOURLY HEIGHTS IN METRES
  NAME OF PORT:- MUMBAI                                                                             MONTH FEBRUARY  YEAR 2016
 ----------------------------------------------------------------------------------------------------------------------------
 DAYS 0000 0001 0002 0003 0004 0005 0006 0007 0008 0009 0010 0011 0012 0013 0014 0015 0016 0017 0018 0019 0020 0021 0022 0023
 ----------------------------------------------------------------------------------------------------------------------------
  1   2.48 2.70 2.98 3.31 3.55 3.61 3.43 2.98 2.55 2.16 1.83 1.71 1.74 1.90 2.18 2.52 2.82 3.08 3.16 3.10 2.93 2.70 2.48 2.35
  2   2.35 2.48 2.71 2.95 3.22 3.39 3.38 3.17 2.79 2.43 2.10 1.82 1.68 1.68 1.85 2.14 2.44 2.74 2.98 3.13 3.18 3.13 2.98 2.80
  3   2.66 2.60 2.60 2.70 2.86 3.05 3.20 3.21 3.05 2.76 2.42 2.10 1.82 1.67 1.67 1.82 2.10 2.48 2.84 3.15 3.37 3.47 3.44 3.25
  4   2.96 2.71 2.59 2.58 2.67 2.83 2.99 3.12 3.21 3.18 3.00 2.66 2.21 1.80 1.54 1.52 1.69 2.02 2.46 2.93 3.38 3.67 3.76 3.66
  5   3.32 2.96 2.64 2.44 2.40 2.50 2.74 3.01 3.24 3.37 3.35 3.11 2.68 2.10 1.56 1.25 1.26 1.54 2.01 2.58 3.20 3.72 3.98 4.00
  6   3.76 3.34 2.86 2.47 2.21 2.17 2.33 2.66 3.09 3.44 3.62 3.56 3.20 2.60 1.93 1.32 1.01 1.07 1.48 2.08 2.80 3.56 4.17 4.40
  7   4.26 3.82 3.20 2.57 2.07 1.83 1.90 2.18 2.65 3.24 3.70 3.93 3.77 3.22 2.38 1.54 0.92 0.68 0.82 1.40 2.22 3.10 3.97 4.53
  8   4.64 4.40 3.71 2.87 2.12 1.68 1.55 1.68 2.16 2.82 3.52 3.99 4.19 4.13 3.60 2.35 1.30 0.68 0.45 0.74 1.49 2.42 3.47 4.34
  9   4.76 4.75 4.34 3.39 2.47 1.68 1.22 1.20 1.54 2.21 3.04 3.86 4.36 4.38 3.84 2.94 1.81 0.92 0.45 0.42 1.00 1.86 2.92 3.94
 10   4.74 4.98 4.76 4.11 3.12 2.14 1.38 1.03 1.13 1.64 2.46 3.41 4.21 4.55 4.40 3.73 2.67 1.57 0.82 0.48 0.69 1.38 2.34 3.38
 11   4.42 4.98 5.03 4.62 3.74 2.62 1.67 0.98 0.78 1.06 1.73 2.70 3.69 4.37 4.58 4.24 3.46 2.38 1.37 0.73 0.65 1.01 1.77 2.70
 12   3.73 4.58 4.96 4.84 4.23 3.25 2.17 1.29 0.71 0.68 1.06 1.86 2.84 3.78 4.34 4.47 4.06 3.23 2.17 1.36 0.93 0.97 1.41 2.09
 13   2.98 3.94 4.58 4.78 4.46 3.76 2.76 1.80 1.02 0.66 0.73 1.21 2.00 2.92 3.70 4.19 4.22 3.78 3.00 2.15 1.54 1.26 1.39 1.89
 14   2.65 3.40 4.02 4.35 4.34 3.94 3.21 2.34 1.52 0.96 0.74 0.87 1.33 2.01 2.84 3.50 3.90 3.91 3.50 2.89 2.28 1.85 1.68 1.78
 15   2.10 2.58 3.22 3.77 4.00 3.94 3.54 2.90 2.19 1.54 1.10 0.99 1.20 1.60 2.10 2.73 3.28 3.62 3.69 3.47 3.02 2.60 2.28 2.08
 16   2.07 2.23 2.59 3.08 3.49 3.70 3.62 3.24 2.74 2.18 1.67 1.33 1.20 1.27 1.50 1.92 2.48 3.05 3.45 3.62 3.55 3.31 2.94 2.58
 17   2.32 2.21 2.26 2.50 2.84 3.19 3.43 3.45 3.20 2.80 2.36 1.90 1.53 1.35 1.37 1.57 1.94 2.44 2.97 3.41 3.72 3.80 3.62 3.25
 18   2.82 2.46 2.28 2.26 2.38 2.62 2.95 3.26 3.40 3.29 2.98 2.56 2.08 1.64 1.32 1.24 1.40 1.81 2.33 2.94 3.51 3.86 3.97 3.80
 19   3.30 2.80 2.36 2.06 2.01 2.14 2.45 2.82 3.22 3.45 3.44 3.21 2.72 2.13 1.53 1.14 1.08 1.28 1.73 2.34 3.01 3.60 3.97 4.00
 20   3.75 3.14 2.55 2.07 1.82 1.83 2.06 2.52 3.00 3.42 3.61 3.56 3.21 2.61 1.94 1.34 1.03 1.02 1.28 1.88 2.58 3.34 3.96 4.24
 21   4.15 3.70 2.98 2.30 1.78 1.58 1.66 1.99 2.58 3.17 3.61 3.82 3.68 3.20 2.50 1.80 1.27 1.02 1.02 1.35 2.04 2.82 3.68 4.29
 22   4.46 4.23 3.64 2.82 2.06 1.50 1.34 1.48 1.92 2.64 3.34 3.81 4.00 3.81 3.20 2.38 1.56 0.96 0.81 0.99 1.60 2.34 3.24 4.02
 23   4.46 4.44 4.02 3.26 2.38 1.66 1.26 1.25 1.57 2.20 2.94 3.66 4.10 4.12 3.68 2.88 2.05 1.38 1.02 1.03 1.42 2.08 2.90 3.79
 24   4.30 4.50 4.37 3.78 2.88 2.05 1.45 1.22 1.38 1.86 2.60 3.38 4.05 4.30 4.18 3.60 2.72 1.88 1.30 1.14 1.34 1.88 2.60 3.40
 25   4.24 4.61 4.57 4.12 3.34 2.42 1.66 1.28 1.30 1.61 2.20 2.90 3.68 4.20 4.28 3.96 3.22 2.30 1.61 1.30 1.34 1.74 2.33 3.02
 26   3.78 4.34 4.50 4.32 3.68 2.78 1.94 1.35 1.20 1.35 1.81 2.49 3.28 3.90 4.18 4.08 3.56 2.76 2.00 1.60 1.50 1.67 2.11 2.70
 27   3.34 3.98 4.35 4.32 3.84 3.09 2.28 1.65 1.30 1.27 1.55 2.08 2.81 3.49 3.97 4.10 3.84 3.22 2.50 1.98 1.78 1.83 2.13 2.58
 28   3.10 3.68 4.10 4.21 3.95 3.35 2.62 1.96 1.51 1.40 1.55 1.93 2.48 3.08 3.60 3.89 3.85 3.49 2.89 2.36 2.06 2.00 2.11 2.42
 29   2.80 3.24 3.69 3.93 3.88 3.48 2.87 2.26 1.76 1.52 1.53 1.74 2.11 2.60 3.11 3.52 3.70 3.58 3.21 2.76 2.40 2.20 2.20 2.36
 ----------------------------------------------------------------------------------------------------------------------------
                                                                                               DATUM CORRECTION     -0.0011 m
 ----------------------------------------------------------------------------------------------------------------------------
 ----------------------------------------------------------------------------------------------------------------------------
                                                          SURVEY OF INDIA
                                                    MARINE GEODESY WING (G&RB)
                                                     HOURLY HEIGHTS IN METRES
  NAME OF PORT:- MUMBAI                                                                             MONTH MARCH     YEAR 2016
 ----------------------------------------------------------------------------------------------------------------------------
 DAYS 0000 0001 0002 0003 0004 0005 0006 0007 0008 0009 0010 0011 0012 0013 0014 0015 0016 0017 0018 0019 0020 0021 0022 0023
 ----------------------------------------------------------------------------------------------------------------------------
  1   2.64 2.95 3.29 3.58 3.66 3.50 3.12 2.61 2.11 1.76 1.63 1.74 2.05 2.40 2.78 3.15 3.42 3.52 3.42 3.20 2.95 2.72 2.59 2.58
  2   2.65 2.81 3.06 3.32 3.48 3.47 3.28 2.96 2.59 2.20 1.94 1.86 1.92 2.12 2.45 2.80 3.10 3.33 3.40 3.33 3.18 3.00 2.85 2.72
  3   2.66 2.69 2.80 2.97 3.12 3.22 3.22 3.08 2.84 2.56 2.25 1.97 1.80 1.80 1.96 2.26 2.61 2.96 3.24 3.41 3.44 3.36 3.20 3.00
  4   2.82 2.64 2.58 2.64 2.80 2.98 3.10 3.12 3.02 2.80 2.52 2.20 1.89 1.69 1.65 1.80 2.08 2.48 2.87 3.23 3.51 3.64 3.61 3.41
  5   3.04 2.70 2.45 2.34 2.36 2.54 2.80 3.06 3.24 3.28 3.16 2.86 2.44 1.96 1.60 1.50 1.62 2.02 2.56 3.10 3.58 3.93 4.06 3.95
  6   3.52 3.02 2.56 2.19 2.05 2.14 2.45 2.88 3.28 3.57 3.64 3.44 3.00 2.42 1.78 1.34 1.22 1.43 1.93 2.56 3.20 3.90 4.32 4.36
  7   4.00 3.42 2.80 2.22 1.82 1.70 1.86 2.32 2.93 3.54 3.93 4.02 3.76 3.15 2.34 1.56 1.06 1.02 1.30 1.91 2.73 3.55 4.30 4.61
  8   4.57 4.12 3.35 2.46 1.73 1.29 1.28 1.68 2.37 3.16 3.90 4.36 4.41 3.97 3.16 2.12 1.29 0.79 0.78 1.27 2.06 3.00 3.99 4.73
  9   4.92 4.67 4.00 3.01 2.06 1.26 0.95 1.05 1.60 2.45 3.45 4.20 4.60 4.56 3.93 2.86 1.72 0.92 0.62 0.71 1.37 2.33 3.36 4.38
 10   4.97 5.02 4.52 3.59 2.40 1.37 0.70 0.63 1.02 1.82 2.81 3.88 4.62 4.82 4.58 3.81 2.68 1.59 0.83 0.68 0.97 1.78 2.82 3.94
 11   4.82 5.10 4.94 4.25 3.15 1.92 0.96 0.48 0.50 1.04 2.00 3.12 4.17 4.85 4.96 4.54 3.66 2.50 1.52 0.91 0.86 1.36 2.22 3.22
 12   4.30 4.94 5.04 4.68 3.82 2.61 1.53 0.77 0.46 0.60 1.24 2.24 3.34 4.26 4.87 4.90 4.36 3.38 2.30 1.52 1.12 1.20 1.77 2.56
 13   3.45 4.31 4.74 4.72 4.20 3.31 2.22 1.29 0.63 0.52 0.80 1.49 2.44 3.42 4.20 4.63 4.54 3.94 3.12 2.22 1.64 1.42 1.58 2.02
 14   2.74 3.50 4.12 4.42 4.32 3.78 2.91 2.01 1.28 0.80 0.74 1.06 1.70 2.46 3.30 3.97 4.28 4.17 3.69 3.02 2.38 1.96 1.80 1.90
 15   2.24 2.74 3.34 3.81 3.95 3.78 3.29 2.64 1.94 1.38 1.04 1.06 1.35 1.84 2.44 3.10 3.62 3.89 3.88 3.57 3.11 2.71 2.40 2.22
 16   2.18 2.32 2.65 3.08 3.42 3.56 3.44 3.06 2.59 2.09 1.68 1.45 1.46 1.65 2.02 2.48 2.99 3.42 3.67 3.74 3.62 3.32 2.96 2.59
 17   2.36 2.32 2.42 2.62 2.90 3.16 3.32 3.30 3.08 2.76 2.40 2.05 1.78 1.64 1.70 1.96 2.34 2.78 3.20 3.56 3.72 3.69 3.46 3.09
 18   2.66 2.35 2.21 2.23 2.39 2.66 2.94 3.15 3.25 3.20 2.94 2.56 2.15 1.78 1.56 1.58 1.85 2.26 2.72 3.21 3.62 3.87 3.86 3.55
 19   3.05 2.57 2.20 2.01 2.02 2.21 2.57 2.95 3.24 3.39 3.38 3.14 2.70 2.20 1.73 1.45 1.42 1.70 2.18 2.73 3.28 3.78 4.03 3.96
 20   3.51 2.94 2.39 1.90 1.65 1.69 1.96 2.42 2.93 3.37 3.61 3.58 3.20 2.62 2.04 1.54 1.30 1.33 1.62 2.20 2.89 3.56 4.02 4.17
 21   3.97 3.42 2.72 2.06 1.56 1.40 1.58 2.00 2.58 3.18 3.64 3.86 3.72 3.24 2.56 1.90 1.41 1.20 1.33 1.77 2.42 3.20 3.88 4.25
 22   4.20 3.78 3.09 2.33 1.69 1.32 1.30 1.59 2.17 2.82 3.48 3.95 4.00 3.70 3.10 2.35 1.70 1.26 1.21 1.53 2.09 2.82 3.60 4.19
 23   4.35 4.08 3.44 2.59 1.84 1.30 1.13 1.34 1.84 2.52 3.27 3.91 4.21 4.12 3.61 2.86 2.10 1.50 1.29 1.45 1.89 2.54 3.33 4.01
 24   4.38 4.32 3.83 3.00 2.13 1.42 1.08 1.14 1.52 2.16 2.90 3.68 4.18 4.28 3.97 3.26 2.41 1.71 1.29 1.30 1.66 2.22 2.92 3.66
 25   4.22 4.35 4.04 3.36 2.48 1.68 1.15 1.04 1.25 1.79 2.60 3.41 4.03 4.34 4.25 3.76 2.98 2.12 1.58 1.44 1.58 2.02 2.64 3.36
 26   4.02 4.31 4.24 3.67 2.80 2.00 1.32 1.08 1.18 1.56 2.22 2.98 3.73 4.22 4.35 4.04 3.38 2.58 1.92 1.55 1.60 1.96 2.49 3.15
 27   3.72 4.14 4.21 3.90 3.20 2.36 1.62 1.13 1.04 1.27 1.83 2.56 3.33 3.96 4.26 4.17 3.70 2.99 2.32 1.89 1.74 1.88 2.26 2.75
 28   3.34 3.82 4.04 3.92 3.41 2.68 1.96 1.38 1.12 1.21 1.61 2.22 2.90 3.56 4.01 4.14 3.92 3.40 2.80 2.28 1.99 1.98 2.21 2.58
 29   3.06 3.53 3.82 3.88 3.62 3.02 2.35 1.79 1.43 1.36 1.58 2.00 2.55 3.11 3.65 3.97 3.96 3.64 3.18 2.70 2.33 2.17 2.24 2.47
 30   2.80 3.21 3.56 3.68 3.56 3.22 2.74 2.26 1.80 1.52 1.53 1.78 2.21 2.69 3.18 3.56 3.74 3.67 3.38 3.02 2.70 2.46 2.38 2.44
 31   2.58 2.80 3.07 3.31 3.40 3.28 2.94 2.54 2.13 1.78 1.64 1.70 1.95 2.29 2.70 3.10 3.40 3.55 3.52 3.38 3.14 2.89 2.68 2.54
 ----------------------------------------------------------------------------------------------------------------------------
                                                                                               DATUM CORRECTION      0.0000 m
 ----------------------------------------------------------------------------------------------------------------------------
 ----------------------------------------------------------------------------------------------------------------------------
                                                          SURVEY OF INDIA
                                                    MARINE GEODESY WING (G&RB)
                                                     HOURLY HEIGHTS IN METRES
  NAME OF PORT:- MUMBAI                                                                             MONTH APRIL     YEAR 2016
 ----------------------------------------------------------------------------------------------------------------------------
 DAYS 0000 0001 0002 0003 0004 0005 0006 0007 0008 0009 0010 0011 0012 0013 0014 0015 0016 0017 0018 0019 0020 0021 0022 0023
 ----------------------------------------------------------------------------------------------------------------------------
  1   2.51 2.58 2.75 2.93 3.09 3.18 3.13 2.90 2.59 2.25 1.98 1.81 1.80 1.95 2.18 2.48 2.80 3.12 3.43 3.55 3.48 3.26 2.95 2.68
  2   2.47 2.38 2.40 2.50 2.68 2.88 3.04 3.09 2.98 2.74 2.44 2.13 1.86 1.73 1.80 2.06 2.48 2.91 3.28 3.55 3.67 3.65 3.42 3.05
  3   2.70 2.41 2.25 2.24 2.36 2.62 2.93 3.21 3.35 3.34 3.12 2.73 2.28 1.88 1.65 1.70 2.00 2.46 2.96 3.40 3.80 4.01 3.99 3.66
  4   3.12 2.57 2.12 1.87 1.86 2.07 2.52 3.02 3.44 3.73 3.78 3.50 2.92 2.26 1.70 1.46 1.52 1.90 2.46 3.09 3.70 4.22 4.44 4.24
  5   3.66 2.92 2.20 1.66 1.43 1.54 1.95 2.58 3.25 3.86 4.19 4.15 3.68 2.94 2.16 1.54 1.22 1.34 1.81 2.52 3.29 4.06 4.56 4.60
  6   4.24 3.55 2.64 1.79 1.18 1.02 1.25 1.85 2.68 3.56 4.30 4.66 4.50 3.88 2.92 1.98 1.30 1.04 1.28 1.84 2.60 3.38 4.20 4.80
  7   4.80 4.24 3.30 2.17 1.24 0.66 0.61 1.05 1.85 2.82 3.89 4.66 4.92 4.63 3.85 2.72 1.72 1.05 0.86 1.21 1.95 2.85 3.85 4.66
  8   4.92 4.70 3.92 2.80 1.58 0.67 0.18 0.20 0.78 1.82 3.02 4.17 4.92 5.02 4.60 3.72 2.57 1.64 1.03 0.99 1.42 2.16 3.15 4.16
  9   4.76 4.83 4.42 3.52 2.37 1.35 0.64 0.36 0.54 1.16 2.16 3.34 4.45 5.11 5.13 4.56 3.58 2.42 1.55 1.06 1.12 1.64 2.54 3.54
 10   4.46 4.85 4.76 4.15 3.13 1.94 0.91 0.32 0.19 0.58 1.38 2.50 3.71 4.60 5.10 5.01 4.34 3.36 2.32 1.55 1.20 1.38 1.98 2.78
 11   3.55 4.30 4.68 4.65 4.10 2.80 1.69 0.85 0.42 0.43 0.97 1.80 2.80 3.75 4.52 4.86 4.68 4.05 3.14 2.28 1.69 1.55 1.75 2.22
 12   2.90 3.64 4.11 4.26 4.02 3.38 2.49 1.64 1.00 0.74 0.92 1.42 2.11 2.88 3.72 4.28 4.45 4.27 3.76 3.04 2.38 1.93 1.82 1.95
 13   2.32 2.88 3.41 3.77 3.84 3.63 3.06 2.41 1.74 1.32 1.20 1.37 1.80 2.35 2.95 3.60 4.11 4.32 4.17 3.75 3.12 2.50 2.06 1.88
 14   1.94 2.22 2.70 3.22 3.63 3.78 3.60 3.15 2.60 2.04 1.66 1.49 1.56 1.82 2.24 2.83 3.47 3.94 4.16 4.08 3.74 3.19 2.62 2.18
 15   1.96 1.93 2.14 2.58 3.03 3.43 3.64 3.56 3.24 2.78 2.34 2.00 1.81 1.79 1.94 2.27 2.80 3.34 3.77 4.00 3.98 3.73 3.26 2.74
 16   2.30 2.02 1.93 2.06 2.43 2.84 3.24 3.50 3.52 3.30 2.96 2.64 2.32 2.09 1.98 2.05 2.32 2.77 3.22 3.60 3.83 3.88 3.72 3.34
 17   2.85 2.43 2.08 1.92 1.98 2.28 2.65 3.06 3.36 3.48 3.42 3.15 2.74 2.35 2.04 1.89 1.95 2.22 2.69 3.20 3.64 3.91 3.94 3.68
 18   3.22 2.64 2.09 1.70 1.60 1.77 2.19 2.72 3.20 3.56 3.71 3.63 3.26 2.77 2.28 1.94 1.81 1.92 2.22 2.72 3.28 3.77 4.02 3.96
 19   3.58 3.00 2.38 1.79 1.46 1.46 1.77 2.31 2.92 3.44 3.81 3.90 3.69 3.22 2.64 2.12 1.77 1.70 1.88 2.30 2.88 3.50 3.96 4.10
 20   3.86 3.33 2.60 1.90 1.40 1.24 1.40 1.89 2.55 3.22 3.80 4.08 4.01 3.64 3.06 2.43 1.92 1.65 1.68 2.00 2.53 3.12 3.68 4.05
 21   4.07 3.68 2.96 2.12 1.47 1.18 1.23 1.60 2.21 2.88 3.58 4.12 4.25 4.02 3.48 2.80 2.20 1.78 1.65 1.80 2.21 2.85 3.49 4.03
 22   4.22 3.96 3.33 2.50 1.71 1.19 1.08 1.32 1.85 2.53 3.30 4.00 4.36 4.32 3.92 3.24 2.45 1.89 1.66 1.72 2.03 2.54 3.20 3.84
 23   4.22 4.16 3.66 2.82 2.00 1.32 1.02 1.08 1.53 2.20 2.99 3.78 4.34 4.48 4.26 3.69 2.92 2.24 1.84 1.74 1.89 2.28 2.93 3.57
 24   4.12 4.20 3.90 3.20 2.32 1.56 1.08 1.01 1.24 1.80 2.52 3.33 4.03 4.43 4.43 3.99 3.30 2.54 1.98 1.70 1.70 2.00 2.54 3.17
 25   3.78 4.08 3.97 3.44 2.66 1.89 1.25 0.92 1.02 1.45 2.10 2.85 3.62 4.16 4.37 4.19 3.68 2.96 2.32 1.90 1.76 1.88 2.24 2.76
 26   3.40 3.83 3.92 3.61 2.97 2.20 1.53 1.08 1.00 1.23 1.74 2.42 3.14 3.77 4.18 4.23 3.88 3.30 2.66 2.17 1.83 1.80 2.06 2.50
 27   3.02 3.46 3.68 3.61 3.20 2.58 1.94 1.37 1.04 1.03 1.36 1.94 2.62 3.30 3.80 4.00 3.87 3.50 2.98 2.50 2.14 2.00 2.04 2.25
 28   2.64 3.06 3.40 3.52 3.35 2.80 2.25 1.75 1.36 1.23 1.40 1.80 2.32 2.85 3.41 3.81 3.95 3.78 3.41 2.96 2.55 2.26 2.17 2.23
 29   2.44 2.77 3.08 3.30 3.35 3.17 2.82 2.36 1.92 1.62 1.56 1.72 2.06 2.47 2.96 3.43 3.74 3.85 3.71 3.40 2.98 2.63 2.38 2.28
 30   2.30 2.44 2.65 2.90 3.12 3.21 3.11 2.84 2.47 2.10 1.85 1.78 1.90 2.15 2.53 3.00 3.40 3.68 3.77 3.64 3.35 3.01 2.69 2.43
 ----------------------------------------------------------------------------------------------------------------------------
                                                                                               DATUM CORRECTION      0.0001 m
 ----------------------------------------------------------------------------------------------------------------------------
 ----------------------------------------------------------------------------------------------------------------------------
                                                          SURVEY OF INDIA
                                                    MARINE GEODESY WING (G&RB)
                                                     HOURLY HEIGHTS IN METRES
  NAME OF PORT:- MUMBAI                                                                             MONTH MAY       YEAR 2016
 ----------------------------------------------------------------------------------------------------------------------------
 DAYS 0000 0001 0002 0003 0004 0005 0006 0007 0008 0009 0010 0011 0012 0013 0014 0015 0016 0017 0018 0019 0020 0021 0022 0023
 ----------------------------------------------------------------------------------------------------------------------------
  1   2.28 2.24 2.32 2.52 2.81 3.06 3.22 3.25 3.06 2.71 2.32 2.00 1.86 1.90 2.14 2.49 2.91 3.36 3.67 3.82 3.76 3.48 3.08 2.64
  2   2.30 2.08 2.00 2.06 2.27 2.63 3.03 3.37 3.48 3.36 2.99 2.50 2.08 1.83 1.80 2.00 2.36 2.85 3.37 3.76 3.98 3.92 3.60 3.10
  3   2.50 2.04 1.71 1.57 1.64 2.02 2.58 3.18 3.62 3.81 3.70 3.27 2.67 2.13 1.73 1.62 1.77 2.24 2.86 3.44 3.89 4.13 4.09 3.70
  4   3.04 2.30 1.65 1.22 1.16 1.42 1.94 2.68 3.42 4.01 4.22 4.06 3.46 2.66 1.99 1.58 1.49 1.68 2.16 2.84 3.58 4.18 4.40 4.24
  5   3.60 2.74 1.89 1.14 0.80 0.79 1.17 1.94 2.86 3.76 4.40 4.54 4.28 3.60 2.68 1.90 1.40 1.35 1.66 2.22 2.98 3.80 4.42 4.55
  6   4.24 3.42 2.40 1.40 0.64 0.35 0.46 1.02 1.94 3.04 4.08 4.81 4.90 4.48 3.69 2.75 1.89 1.32 1.27 1.62 2.32 3.19 4.07 4.60
  7   4.63 4.14 3.28 2.08 1.02 0.38 0.22 0.45 1.08 2.12 3.30 4.34 4.88 4.95 4.60 3.70 2.60 1.73 1.28 1.32 1.71 2.44 3.36 4.24
  8   4.65 4.59 3.98 2.90 1.72 0.74 0.18 0.16 0.58 1.38 2.40 3.60 4.62 5.11 5.06 4.46 3.48 2.44 1.64 1.28 1.38 1.84 2.67 3.57
  9   4.38 4.59 4.38 3.64 2.56 1.42 0.58 0.24 0.32 0.90 1.86 2.86 3.92 4.72 5.02 4.90 4.28 3.32 2.38 1.68 1.41 1.52 2.05 2.87
 10   3.84 4.33 4.40 4.00 3.27 2.26 1.32 0.64 0.45 0.68 1.29 2.10 3.04 3.96 4.60 4.80 4.54 3.88 3.02 2.25 1.68 1.58 1.80 2.28
 11   2.94 3.63 4.05 4.08 3.66 2.92 2.06 1.36 0.96 0.89 1.18 1.68 2.38 3.18 3.99 4.50 4.56 4.28 3.69 2.92 2.31 1.89 1.77 1.90
 12   2.36 2.90 3.44 3.73 3.72 3.38 2.82 2.20 1.65 1.36 1.34 1.58 2.00 2.52 3.18 3.80 4.21 4.24 3.98 3.48 2.89 2.42 2.09 1.98
 13   2.08 2.34 2.76 3.16 3.45 3.48 3.22 2.80 2.36 1.97 1.75 1.75 1.94 2.26 2.72 3.22 3.72 3.98 3.99 3.74 3.37 2.95 2.52 2.20
 14   2.06 2.10 2.30 2.61 2.92 3.20 3.30 3.19 2.90 2.55 2.26 2.08 2.03 2.12 2.35 2.69 3.13 3.56 3.80 3.80 3.61 3.27 2.92 2.58
 15   2.28 2.07 2.03 2.18 2.48 2.84 3.12 3.27 3.24 3.05 2.78 2.48 2.24 2.14 2.20 2.44 2.75 3.12 3.48 3.80 3.92 3.80 3.40 2.89
 16   2.44 2.05 1.85 1.86 2.05 2.40 2.80 3.14 3.36 3.43 3.29 3.00 2.65 2.35 2.20 2.21 2.37 2.70 3.10 3.44 3.67 3.72 3.56 3.22
 17   2.73 2.25 1.85 1.64 1.68 2.00 2.44 2.94 3.34 3.56 3.58 3.40 3.02 2.64 2.33 2.16 2.14 2.30 2.68 3.09 3.51 3.76 3.77 3.52
 18
 19
 20
 21
 22
 23
 24
 25
 26
 27
 28
 29
 30
 31
 ----------------------------------------------------------------------------------------------------------------------------
                                                                                               DATUM CORRECTION      0.0028 m
 ----------------------------------------------------------------------------------------------------------------------------
 ----------------------------------------------------------------------------------------------------------------------------
                                                          SURVEY OF INDIA
                                                    MARINE GEODESY WING (G&RB)
                                                     HOURLY HEIGHTS IN METRES
  NAME OF PORT:- MUMBAI                                                                             MONTH JUNE      YEAR 2016
 ----------------------------------------------------------------------------------------------------------------------------
 DAYS 0000 0001 0002 0003 0004 0005 0006 0007 0008 0009 0010 0011 0012 0013 0014 0015 0016 0017 0018 0019 0020 0021 0022 0023
 ----------------------------------------------------------------------------------------------------------------------------
  1
  2
  3
  4
  5
  6
  7
  8
  9
 10
 11
 12
 13
 14
 15
 16
 17
 18
 19
 20
 21
 22
 23
 24
 25
 26
 27
 28
 29
 30
 ----------------------------------------------------------------------------------------------------------------------------
                                                          SURVEY OF INDIA
                                                    MARINE GEODESY WING (G&RB)
                                                     HOURLY HEIGHTS IN METRES
  NAME OF PORT:- MUMBAI                                                                             MONTH JULY      YEAR 2016
 ----------------------------------------------------------------------------------------------------------------------------
 DAYS 0000 0001 0002 0003 0004 0005 0006 0007 0008 0009 0010 0011 0012 0013 0014 0015 0016 0017 0018 0019 0020 0021 0022 0023
 ----------------------------------------------------------------------------------------------------------------------------
  1
  2
  3
  4
  5
  6
  7
  8
  9
 10
 11
 12
 13
 14
 15
 16
 17
 18
 19
 20
 21
 22
 23
 24
 25
 26
 27
 28   1.22 1.42 1.72 2.14 2.66 3.20 3.58 3.68 3.52 3.14 2.72 2.30 2.10 2.12 2.30 2.68 3.14 3.52 3.72 3.66 3.30 2.80 2.20 1.66
 29   1.30 1.15 1.24 1.50 1.90 2.48 3.08 3.54 3.76 3.68 3.34 2.88 2.46 2.16 2.04 2.14 2.42 2.88 3.30 3.58 3.58 3.32 2.86 2.30
 30   1.72 1.24 0.98 0.98 1.28 1.80 2.50 3.20 3.74 4.00 3.96 3.62 3.10 2.54 2.16 1.98 2.00 2.27 2.72 3.22 3.58 3.69 3.45 2.76
 31   2.16 1.58 1.10 0.84 0.92 1.30 1.90 2.62 3.38 3.96 4.28 4.22 3.82 3.18 2.46 1.98 1.78 1.86 2.24 2.70 3.22 3.66 3.88 3.72
 ----------------------------------------------------------------------------------------------------------------------------
                                                                                               DATUM CORRECTION      0.0005 m
 ----------------------------------------------------------------------------------------------------------------------------
 ----------------------------------------------------------------------------------------------------------------------------
                                                          SURVEY OF INDIA
                                                    MARINE GEODESY WING (G&RB)
                                                     HOURLY HEIGHTS IN METRES
  NAME OF PORT:- MUMBAI                                                                             MONTH AUGUST    YEAR 2016
 ----------------------------------------------------------------------------------------------------------------------------
 DAYS 0000 0001 0002 0003 0004 0005 0006 0007 0008 0009 0010 0011 0012 0013 0014 0015 0016 0017 0018 0019 0020 0021 0022 0023
 ----------------------------------------------------------------------------------------------------------------------------
  1   3.20 2.42 1.64 0.96 0.64 0.72 1.22 1.92 2.76 3.55 4.24 4.50 4.42 3.96 3.20 2.36 1.84 1.66 1.78 2.18 2.72 3.35 3.92 4.08
  2   3.80 3.15 2.32 1.52 0.88 0.62 0.78 1.30 2.08 2.94 3.88 4.54 4.70 4.46 3.88 3.00 2.25 1.70 1.52 1.70 2.18 2.90 3.64 4.20
  3   4.28 3.92 3.15 2.25 1.32 0.78 0.67 0.98 1.60 2.36 3.38 4.28 4.76 4.75 4.35 3.62 2.68 1.95 1.48 1.42 1.70 2.27 3.10 3.94
  4   4.34 4.28 3.80 2.94 1.96 1.16 0.76 0.82 1.26 1.94 2.82 3.74 4.46 4.78 4.62 4.10 3.26 2.30 1.62 1.35 1.42 1.80 2.50 3.32
  5   4.10 4.35 4.12 3.50 2.48 1.68 1.16 1.02 1.26 1.78 2.45 3.35 4.30 4.75 4.74 4.38 3.72 2.82 2.02 1.48 1.34 1.56 2.10 2.82
  6   3.66 4.15 4.25 3.92 3.22 2.42 1.72 1.28 1.28 1.62 2.14 2.82 3.58 4.22 4.54 4.46 3.90 3.15 2.35 1.76 1.45 1.48 1.82 2.35
  7   3.06 3.74 4.08 4.02 3.60 2.86 2.15 1.62 1.42 1.58 1.98 2.48 3.10 3.78 4.21 4.33 4.08 3.50 2.70 2.02 1.65 1.55 1.70 2.06
  8   2.56 3.18 3.70 3.95 3.84 3.32 2.70 2.10 1.80 1.79 2.02 2.40 2.84 3.32 3.82 4.12 4.08 3.70 3.06 2.42 1.90 1.64 1.65 1.88
  9   2.28 2.70 3.16 3.57 3.74 3.62 3.22 2.72 2.26 2.08 2.10 2.32 2.61 2.97 3.35 3.72 3.86 3.74 3.31 2.76 2.25 1.90 1.76 1.84
 10   2.06 2.40 2.75 3.14 3.44 3.55 3.40 3.08 2.74 2.46 2.36 2.42 2.58 2.82 3.10 3.38 3.62 3.66 3.40 2.92 2.46 2.08 1.92 1.90
 11   2.00 2.22 2.50 2.84 3.12 3.32 3.34 3.18 2.90 2.63 2.40 2.28 2.30 2.48 2.75 3.04 3.28 3.38 3.34 3.10 2.74 2.38 2.06 1.86
 12   1.80 1.90 2.10 2.38 2.66 2.94 3.14 3.21 3.14 2.98 2.81 2.64 2.50 2.45 2.50 2.66 2.86 3.04 3.12 3.07 2.88 2.60 2.30 1.98
 13   1.78 1.72 1.78 1.95 2.22 2.54 2.87 3.18 3.30 3.26 3.12 2.90 2.66 2.46 2.38 2.42 2.54 2.72 2.88 2.95 2.93 2.80 2.55 2.20
 14   1.80 1.50 1.40 1.54 1.85 2.19 2.55 2.95 3.30 3.48 3.48 3.26 2.92 2.58 2.34 2.24 2.24 2.36 2.58 2.86 3.10 3.20 3.08 2.74
 15   2.24 1.74 1.40 1.30 1.40 1.66 2.10 2.64 3.15 3.54 3.76 3.68 3.36 2.90 2.42 2.12 2.00 2.04 2.20 2.50 2.88 3.22 3.38 3.22
 16   2.74 2.06 1.46 1.08 0.98 1.18 1.58 2.20 2.84 3.46 3.92 4.04 3.80 3.30 2.70 2.12 1.80 1.72 1.86 2.18 2.68 3.22 3.60 3.66
 17   3.30 2.66 1.86 1.20 0.89 0.88 1.26 1.92 2.62 3.34 4.00 4.32 4.24 3.82 3.14 2.40 1.82 1.58 1.64 1.94 2.46 3.12 3.75 4.04
 18   3.88 3.32 2.48 1.56 0.90 0.64 0.74 1.34 2.10 2.92 3.76 4.42 4.55 4.28 3.68 2.78 1.94 1.42 1.28 1.44 1.94 2.62 3.44 4.10
 19   4.22 3.90 3.12 2.12 1.28 0.70 0.58 0.82 1.48 2.34 3.28 4.22 4.70 4.68 4.22 3.34 2.30 1.52 1.08 1.08 1.40 2.06 2.90 3.78
 20   4.30 4.34 3.84 2.94 1.88 1.02 0.58 0.58 1.04 1.84 2.73 3.54 4.38 4.74 4.61 4.05 3.08 1.96 1.22 0.86 0.94 1.36 2.09 3.02
 21   3.91 4.40 4.38 3.82 2.88 1.82 1.04 0.67 0.76 1.28 2.04 2.94 3.90 4.60 4.73 4.40 3.67 2.54 1.54 0.90 0.74 0.96 1.56 2.40
 22   3.32 4.09 4.42 4.30 3.64 2.60 1.76 1.16 0.96 1.19 1.72 2.46 3.32 4.15 4.60 4.56 4.04 3.18 2.14 1.31 0.83 0.79 1.12 1.76
 23   2.56 3.42 4.04 4.20 4.00 3.39 2.54 1.76 1.31 1.24 1.52 2.02 2.68 3.40 4.04 4.34 4.22 3.64 2.75 1.86 1.19 0.83 0.82 1.20
 24   1.85 2.58 3.28 3.78 4.00 3.80 3.22 2.55 1.92 1.56 1.58 1.86 2.35 2.85 3.40 3.84 3.98 3.70 3.10 2.36 1.68 1.20 0.98 1.02
 25   1.30 1.84 2.46 3.14 3.60 3.72 3.56 3.16 2.70 2.26 1.96 1.90 2.00 2.30 2.70 3.12 3.52 3.60 3.38 2.94 2.36 1.80 1.34 1.12
 26   1.16 1.38 1.78 2.30 2.84 3.30 3.54 3.52 3.25 2.88 2.52 2.26 2.10 2.08 2.20 2.48 2.88 3.22 3.36 3.26 2.90 2.46 1.98 1.54
 27   1.26 1.22 1.38 1.72 2.16 2.68 3.14 3.50 3.64 3.52 3.22 2.82 2.42 2.14 2.08 2.20 2.46 2.78 3.07 3.30 3.36 3.20 2.84 2.34
 28   1.82 1.45 1.30 1.40 1.70 2.18 2.74 3.30 3.74 3.94 3.88 3.48 2.98 2.46 2.08 1.94 2.04 2.30 2.63 3.00 3.35 3.53 3.42 3.06
 29   2.46 1.80 1.26 1.08 1.20 1.56 2.14 2.74 3.40 3.92 4.15 4.00 3.54 2.90 2.26 1.84 1.70 1.80 2.09 2.52 3.05 3.52 3.74 3.60
 30   3.02 2.34 1.62 1.12 0.94 1.08 1.54 2.16 2.88 3.62 4.16 4.30 4.06 3.46 2.70 2.02 1.56 1.48 1.64 2.06 2.62 3.24 3.80 3.96
 31   3.70 3.08 2.28 1.50 1.00 0.90 1.10 1.64 2.38 3.18 3.94 4.42 4.42 4.02 3.28 2.42 1.76 1.34 1.30 1.58 2.15 2.85 3.56 4.00
 ----------------------------------------------------------------------------------------------------------------------------
                                                                                               DATUM CORRECTION      0.0033 m
 ----------------------------------------------------------------------------------------------------------------------------
 ----------------------------------------------------------------------------------------------------------------------------
                                                          SURVEY OF INDIA
                                                    MARINE GEODESY WING (G&RB)
                                                     HOURLY HEIGHTS IN METRES
  NAME OF PORT:- MUMBAI                                                                             MONTH SEPT      YEAR 2016
 ----------------------------------------------------------------------------------------------------------------------------
 DAYS 0000 0001 0002 0003 0004 0005 0006 0007 0008 0009 0010 0011 0012 0013 0014 0015 0016 0017 0018 0019 0020 0021 0022 0023
 ----------------------------------------------------------------------------------------------------------------------------
  1   4.02 3.66 2.96 2.06 1.30 0.82 0.82 1.22 1.86 2.62 3.50 4.18 4.44 4.28 3.70 2.82 2.00 1.37 1.13 1.24 1.64 2.28 3.08 3.79
  2   4.11 4.02 3.42 2.60 1.70 1.04 0.89 1.02 1.52 2.22 3.02 3.86 4.34 4.40 4.04 3.26 2.32 1.56 1.02 0.96 1.26 1.90 2.62 3.42
  3   4.04 4.18 3.88 3.18 2.22 1.46 0.98 0.92 1.22 1.82 2.60 3.38 4.04 4.28 4.18 3.62 2.72 1.82 1.18 0.95 1.03 1.46 2.16 2.90
  4   3.64 4.02 4.04 3.58 2.82 1.94 1.28 1.08 1.18 1.60 2.22 2.88 3.59 4.11 4.15 3.82 3.06 2.18 1.46 1.00 0.96 1.26 1.78 2.42
  5
  6
  7
  8
  9
 10
 11   1.74 1.78 1.98 2.23 2.50 2.79 3.05 3.22 3.25 3.15 2.94 2.71 2.50 2.36 2.33 2.40 2.55 2.75 2.91 2.97 2.90 2.68 2.40 2.10
 12   1.81 1.66 1.70 1.90 2.20 2.54 2.90 3.22 3.41 3.46 3.32 3.05 2.78 2.50 2.30 2.22 2.28 2.46 2.68 2.90 3.08 3.14 3.04 2.74
 13   2.20 1.72 1.48 1.48 1.68 2.02 2.48 3.00 3.46 3.70 3.74 3.52 3.08 2.61 2.16 1.92 1.90 2.06 2.34 2.72 3.08 3.38 3.48 3.28
 14   2.75 2.08 1.50 1.19 1.20 1.48 2.00 2.60 3.24 3.76 3.98 3.88 3.52 2.92 2.28 1.73 1.50 1.56 1.86 2.32 2.88 3.42 3.74 3.74
 15   3.32 2.58 1.80 1.16 0.89 0.98 1.42 2.10 2.82 3.62 4.18 4.32 4.10 3.44 2.62 1.90 1.40 1.16 1.30 1.74 2.42 3.20 3.86 4.14
 16   4.00 3.34 2.46 1.60 0.88 0.63 0.80 1.42 2.22 3.10 3.92 4.44 4.44 4.00 3.16 2.16 1.38 0.88 0.82 1.10 1.78 2.62 3.56 4.30
 17   4.52 4.22 3.44 2.32 1.32 0.72 0.58 0.92 1.62 2.62 3.62 4.44 4.75 4.58 3.90 2.82 1.70 0.92 0.55 0.64 1.18 2.02 3.00 3.90
 18   4.52 4.62 4.20 3.30 2.14 1.16 0.61 0.62 1.10 2.02 3.08 4.14 4.78 4.90 4.50 3.58 2.34 1.26 0.53 0.32 0.50 1.08 2.06 3.09
 19   4.14 4.62 4.62 4.06 3.00 1.80 1.00 0.65 0.78 1.42 2.30 3.30 4.18 4.64 4.62 4.09 3.10 1.88 0.95 0.40 0.34 0.62 1.38 2.30
 20   3.38 4.22 4.60 4.50 3.82 2.74 1.68 1.04 0.86 1.12 1.74 2.56 3.48 4.24 4.47 4.30 3.64 2.58 1.48 0.64 0.30 0.38 0.82 1.62
 21   2.52 3.44 4.20 4.45 4.28 3.54 2.60 1.78 1.26 1.20 1.48 2.10 2.82 3.52 4.08 4.22 3.90 3.18 2.26 1.36 0.74 0.58 0.78 1.26
 22   1.94 2.70 3.48 4.06 4.24 3.94 3.34 2.58 1.94 1.54 1.50 1.82 2.28 2.80 3.37 3.78 3.86 3.48 2.82 2.08 1.50 1.10 0.94 1.10
 23   1.50 2.04 2.68 3.34 3.75 3.88 3.68 3.26 2.70 2.22 1.96 1.88 2.00 2.28 2.69 3.14 3.46 3.50 3.22 2.74 2.24 1.74 1.42 1.30
 24   1.40 1.64 2.02 2.54 3.04 3.44 3.58 3.48 3.20 2.88 2.54 2.25 2.09 2.09 2.24 2.51 2.83 3.12 3.22 3.08 2.74 2.40 2.04 1.72
 25   1.50 1.47 1.66 2.00 2.42 2.83 3.20 3.50 3.58 3.42 3.10 2.75 2.40 2.08 1.92 2.02 2.30 2.64 2.94 3.13 3.15 2.98 2.68 2.30
 26   1.87 1.52 1.40 1.56 1.90 2.38 2.84 3.28 3.60 3.72 3.62 3.24 2.68 2.16 1.76 1.65 1.80 2.10 2.46 2.84 3.17 3.34 3.26 2.94
 27   2.46 1.90 1.46 1.31 1.42 1.76 2.22 2.80 3.32 3.74 3.90 3.72 3.22 2.56 1.96 1.54 1.46 1.64 1.98 2.44 2.94 3.38 3.58 3.48
 28   3.06 2.44 1.82 1.34 1.16 1.30 1.70 2.24 2.90 3.54 3.96 4.02 3.66 3.02 2.30 1.64 1.26 1.22 1.48 2.00 2.68 3.34 3.76 3.82
 29   3.51 2.97 2.29 1.65 1.19 1.07 1.35 1.89 2.55 3.23 3.83 4.12 4.01 3.51 2.68 1.89 1.25 1.01 1.15 1.61 2.25 2.97 3.63 3.99
 30   3.93 3.51 2.79 2.09 1.43 1.03 1.07 1.47 2.11 2.85 3.59 4.09 4.15 3.79 3.07 2.21 1.47 0.97 0.93 1.23 1.85 2.63 3.43 4.01
 ----------------------------------------------------------------------------------------------------------------------------
                                                                                               DATUM CORRECTION      0.0013 m
 ----------------------------------------------------------------------------------------------------------------------------
 ----------------------------------------------------------------------------------------------------------------------------
                                                          SURVEY OF INDIA
                                                    MARINE GEODESY WING (G&RB)
                                                     HOURLY HEIGHTS IN METRES
  NAME OF PORT:- MUMBAI                                                                             MONTH OCTOBER   YEAR 2016
 ----------------------------------------------------------------------------------------------------------------------------
 DAYS 0000 0001 0002 0003 0004 0005 0006 0007 0008 0009 0010 0011 0012 0013 0014 0015 0016 0017 0018 0019 0020 0021 0022 0023
 ----------------------------------------------------------------------------------------------------------------------------
  1   4.17 3.92 3.23 2.49 1.78 1.28 1.11 1.35 1.82 2.49 3.25 3.93 4.23 4.05 3.41 2.63 1.75 1.05 0.76 0.93 1.47 2.23 3.07 3.81
  2   4.21 4.19 3.73 2.95 2.13 1.55 1.24 1.33 1.69 2.25 2.95 3.68 4.15 4.21 3.79 3.03 2.11 1.39 0.87 0.89 1.33 1.97 2.75 3.55
  3   4.11 4.31 4.07 3.43 2.63 1.93 1.48 1.38 1.61 2.05 2.67 3.37 3.91 4.13 3.95 3.35 2.51 1.67 1.05 0.89 1.15 1.73 2.41 3.11
  4   3.83 4.27 4.30 3.85 3.13 2.37 1.79 1.55 1.67 2.01 2.49 3.05 3.63 3.99 4.03 3.69 2.87 2.03 1.31 0.92 1.03 1.51 2.11 2.77
  5   3.45 3.99 4.17 3.95 3.40 2.67 2.09 1.73 1.67 1.91 2.29 2.73 3.25 3.68 3.85 3.65 3.09 2.33 1.65 1.15 1.05 1.27 1.73 2.31
  6   2.98 3.57 3.95 4.02 3.71 3.13 2.53 2.05 1.85 1.93 2.20 2.55 2.93 3.30 3.57 3.59 3.25 2.67 2.03 1.47 1.17 1.27 1.61 2.07
  7   2.63 3.17 3.65 3.88 3.79 3.38 2.85 2.42 2.15 2.09 2.19 2.39 2.67 3.01 3.29 3.45 3.35 2.93 2.41 1.89 1.58 1.46 1.60 1.93
  8   2.33 2.79 3.25 3.61 3.71 3.53 3.17 2.81 2.51 2.34 2.32 2.43 2.59 2.80 3.01 3.21 3.26 3.09 2.73 2.29 1.95 1.75 1.75 1.90
  9   2.16 2.48 2.83 3.21 3.49 3.54 3.39 3.11 2.80 2.52 2.34 2.30 2.36 2.50 2.69 2.91 3.07 3.07 2.91 2.65 2.39 2.13 1.95 1.89
 10   1.95 2.13 2.41 2.75 3.09 3.33 3.43 3.39 3.23 3.01 2.79 2.59 2.41 2.33 2.37 2.51 2.71 2.87 2.95 2.93 2.80 2.57 2.28 2.00
 11   1.84 1.85 2.00 2.29 2.58 2.89 3.20 3.43 3.51 3.41 3.14 2.78 2.43 2.17 2.07 2.13 2.31 2.53 2.75 2.97 3.13 3.11 2.85 2.43
 12   1.98 1.71 1.65 1.81 2.11 2.49 2.93 3.33 3.63 3.71 3.55 3.11 2.61 2.13 1.79 1.66 1.77 2.05 2.45 2.89 3.29 3.47 3.39 3.01
 13   2.49 1.90 1.47 1.35 1.53 1.93 2.47 3.05 3.55 3.85 3.93 3.71 3.11 2.35 1.73 1.33 1.23 1.41 1.81 2.43 3.11 3.67 3.89 3.65
 14   3.10 2.35 1.71 1.25 1.11 1.33 1.83 2.51 3.21 3.85 4.19 4.11 3.63 2.87 1.95 1.25 0.83 0.85 1.21 1.89 2.73 3.55 4.25 4.30
 15   3.94 3.21 2.31 1.51 1.03 0.99 1.37 1.99 2.75 3.59 4.23 4.47 4.19 3.51 2.49 1.53 0.73 0.43 0.51 0.95 1.83 2.86 3.92 4.52
 16   4.63 4.33 3.40 2.33 1.43 0.92 0.90 1.25 2.07 3.07 3.97 4.51 4.70 4.47 3.19 2.03 1.01 0.43 0.29 0.47 1.15 2.23 3.30 4.25
 17   4.75 4.69 4.05 2.99 1.89 1.13 0.80 0.91 1.47 2.37 3.33 4.21 4.63 4.55 3.89 2.79 1.59 0.75 0.35 0.35 0.75 1.49 2.61 3.79
 18   4.63 4.99 4.76 3.96 2.82 1.76 1.14 1.02 1.20 1.82 2.70 3.62 4.36 4.58 4.26 3.50 2.34 1.18 0.44 0.22 0.35 0.90 1.70 2.79
 19   3.84 4.60 4.80 4.50 3.70 2.60 1.70 1.12 1.04 1.36 2.06 2.90 3.68 4.24 4.38 3.96 3.12 2.02 0.96 0.30 0.20 0.52 1.20 2.12
 20   3.10 4.06 4.64 4.72 4.26 3.42 2.44 1.70 1.29 1.32 1.66 2.20 2.90 3.60 4.02 4.04 3.58 2.74 1.78 0.94 0.47 0.48 0.92 1.54
 21   2.28 3.20 3.94 4.38 4.38 3.96 3.26 2.46 1.86 1.62 1.66 1.90 2.36 2.90 3.44 3.70 3.66 3.20 2.52 1.80 1.28 1.04 1.10 1.40
 22   1.86 2.44 3.16 3.76 4.08 4.02 3.66 3.12 2.56 2.12 1.88 1.84 2.00 2.30 2.70 3.10 3.32 3.26 2.90 2.46 2.02 1.62 1.44 1.44
 23   1.60 1.92 2.42 2.98 3.44 3.71 3.70 3.44 3.08 2.70 2.34 2.06 1.92 1.95 2.12 2.44 2.80 3.04 3.10 2.95 2.64 2.30 2.00 1.76
 24   1.66 1.74 2.00 2.38 2.82 3.24 3.50 3.60 3.50 3.22 2.82 2.42 2.08 1.88 1.86 2.02 2.32 2.62 2.88 3.06 3.08 2.94 2.70 2.34
 25   1.98 1.76 1.76 1.96 2.32 2.74 3.14 3.42 3.56 3.54 3.26 2.82 2.32 1.88 1.63 1.60 1.78 2.32 2.80 3.17 3.33 3.28 3.05 2.70
 26   2.30 1.94 1.70 1.66 1.88 2.26 2.70 3.14 3.50 3.67 3.58 3.26 2.78 2.20 1.68 1.40 1.42 1.70 2.15 2.64 3.14 3.50 3.62 3.42
 27   2.96 2.40 1.98 1.70 1.68 1.90 2.28 2.74 3.26 3.65 3.80 3.66 3.22 2.60 1.92 1.40 1.20 1.32 1.70 2.24 2.86 3.40 3.78 3.78
 28   3.46 2.86 2.28 1.80 1.54 1.60 1.92 2.38 2.88 3.40 3.78 3.91 3.75 3.10 2.22 1.54 1.08 1.02 1.32 1.90 2.54 3.22 3.78 4.04
 29   3.90 3.40 2.76 2.14 1.70 1.56 1.74 2.10 2.62 3.22 3.74 3.97 3.81 3.24 2.46 1.68 1.12 0.89 1.02 1.45 2.10 2.86 3.60 4.14
 30
 31
 ----------------------------------------------------------------------------------------------------------------------------
                                                                                               DATUM CORRECTION     -0.0002 m
 ----------------------------------------------------------------------------------------------------------------------------
 ----------------------------------------------------------------------------------------------------------------------------
                                                          SURVEY OF INDIA
                                                    MARINE GEODESY WING (G&RB)
                                                     HOURLY HEIGHTS IN METRES
  NAME OF PORT:- MUMBAI                                                                             MONTH NOVEMBER  YEAR 2016
 ----------------------------------------------------------------------------------------------------------------------------
 DAYS 0000 0001 0002 0003 0004 0005 0006 0007 0008 0009 0010 0011 0012 0013 0014 0015 0016 0017 0018 0019 0020 0021 0022 0023
 ----------------------------------------------------------------------------------------------------------------------------
  1
  2
  3
  4
  5
  6
  7
  8
  9
 10
 11
 12   3.22 2.48 1.92 1.56 1.62 1.96 2.50 3.08 3.66 4.02 4.12 3.86 3.28 2.40 1.56 0.90 0.66 0.90 1.48 2.24 3.10 3.86 4.42 4.50
 13   4.10 3.34 2.42 1.76 1.40 1.48 1.92 2.56 3.26 3.94 4.34 4.38 3.94 3.02 2.02 1.10 0.50 0.34 0.62 1.44 2.36 3.38 4.32 4.80
 14   4.75 4.16 3.30 2.36 1.58 1.30 1.38 1.86 2.62 3.46 4.20 4.54 4.38 3.74 2.72 1.54 0.62 0.18 0.16 0.60 1.54 2.58 3.72 4.66
 15   5.12 5.02 4.34 3.28 2.20 1.40 1.16 1.36 1.92 2.70 3.62 4.34 4.64 4.34 3.50 2.38 1.25 0.50 0.14 0.22 0.70 1.68 2.82 4.02
 16   4.96 5.24 4.98 4.24 3.12 2.00 1.35 1.18 1.45 2.04 2.90 3.86 4.46 4.58 4.14 3.22 2.02 0.94 0.28 0.18 0.52 1.22 2.18 3.28
 17   4.38 5.06 5.20 4.76 3.90 2.82 1.90 1.33 1.28 1.62 2.28 3.14 3.94 4.40 4.38 3.80 2.80 1.74 0.88 0.32 0.32 0.80 1.62 2.52
 18   3.52 4.40 4.92 4.91 4.40 3.62 2.65 1.82 1.45 1.46 1.78 2.42 3.18 3.84 4.16 4.06 3.50 2.62 1.68 1.02 0.70 0.80 1.32 1.98
 19   2.72 3.50 4.25 4.65 4.60 4.18 3.42 2.62 1.94 1.64 1.66 1.96 2.52 3.12 3.62 3.82 3.72 3.22 2.50 1.86 1.40 1.22 1.34 1.70
 20   2.22 2.82 3.50 4.15 4.40 4.28 3.88 3.22 2.62 2.08 1.83 1.85 2.08 2.44 2.90 3.32 3.56 3.48 3.14 2.62 2.16 1.80 1.70 1.78
 21   2.05 2.45 2.97 3.55 3.99 4.15 4.03 3.65 3.19 2.68 2.28 2.00 1.93 2.05 2.35 2.75 3.09 3.28 3.25 3.06 2.75 2.47 2.20 2.05
 22   2.06 2.25 2.57 2.99 3.41 3.75 3.89 3.81 3.53 3.13 2.67 2.27 2.02 1.95 2.03 2.25 2.55 2.89 3.16 3.26 3.20 3.03 2.75 2.47
 23   2.25 2.21 2.35 2.60 2.95 3.33 3.63 3.77 3.71 3.49 3.11 2.65 2.21 1.91 1.79 1.90 2.15 2.53 2.89 3.22 3.42 3.45 3.27 2.96
 24   2.61 2.36 2.23 2.29 2.51 2.85 3.25 3.55 3.68 3.62 3.37 2.99 2.50 2.01 1.67 1.53 1.65 2.02 2.49 2.95 3.37 3.61 3.65 3.43
 25   3.04 2.61 2.31 2.15 2.19 2.41 2.79 3.19 3.55 3.71 3.61 3.29 2.81 2.25 1.73 1.39 1.35 1.61 2.06 2.59 3.19 3.65 3.89 3.81
 26   3.49 3.01 2.56 2.21 2.11 2.19 2.45 2.83 3.27 3.59 3.73 3.61 3.21 2.61 1.99 1.43 1.17 1.29 1.69 2.25 2.89 3.55 4.03 4.13
 27   3.90 3.43 2.89 2.41 2.11 2.06 2.23 2.59 2.99 3.42 3.71 3.78 3.53 2.94 2.25 1.57 1.11 1.05 1.37 1.91 2.55 3.29 3.93 4.28
 28   4.21 3.83 3.27 2.69 2.25 2.01 2.05 2.29 2.69 3.17 3.61 3.83 3.73 3.29 2.61 1.81 1.21 0.98 1.09 1.57 2.25 2.97 3.73 4.29
 29   4.41 4.19 3.71 3.05 2.47 2.05 1.93 2.05 2.45 3.10 3.71 3.95 3.89 3.50 2.80 2.00 1.35 0.90 0.82 1.13 1.77 2.51 3.31 4.08
 30   4.41 4.35 3.99 3.37 2.69 2.11 1.79 1.79 2.05 2.49 3.05 3.60 3.82 3.73 3.25 2.47 1.65 0.99 0.70 0.81 1.41 2.17 2.97 3.73
 ----------------------------------------------------------------------------------------------------------------------------
                                                                                               DATUM CORRECTION     -0.0021 m
 ----------------------------------------------------------------------------------------------------------------------------
 ----------------------------------------------------------------------------------------------------------------------------
                                                          SURVEY OF INDIA
                                                    MARINE GEODESY WING (G&RB)
                                                     HOURLY HEIGHTS IN METRES
  NAME OF PORT:- MUMBAI                                                                             MONTH DECEMBER  YEAR 2016
 ----------------------------------------------------------------------------------------------------------------------------
 DAYS 0000 0001 0002 0003 0004 0005 0006 0007 0008 0009 0010 0011 0012 0013 0014 0015 0016 0017 0018 0019 0020 0021 0022 0023
 ----------------------------------------------------------------------------------------------------------------------------
  1   4.29 4.45 4.21 3.71 3.01 2.33 1.85 1.73 1.83 2.21 2.71 3.29 3.71 3.79 3.43 2.77 1.93 1.21 0.75 0.70 1.09 1.75 2.55 3.31
  2   4.02 4.41 4.40 4.07 3.41 2.69 2.07 1.73 1.73 1.97 2.41 2.97 3.49 3.77 3.65 3.13 2.37 1.61 1.05 0.80 0.93 1.45 2.15 2.87
  3   3.62 4.17 4.32 4.15 3.69 3.01 2.33 1.85 1.69 1.79 2.11 2.61 3.11 3.49 3.63 3.41 2.81 2.09 1.41 0.99 0.93 1.23 1.80 2.45
  4   3.13 3.75 4.20 4.21 3.85 3.30 2.71 2.19 1.81 1.73 1.93 2.29 2.73 3.15 3.47 3.50 3.17 2.55 1.91 1.37 1.12 1.23 1.61 2.16
  5   2.82 3.50 4.10 4.30 4.15 3.75 3.21 2.65 2.15 1.90 1.89 2.09 2.45 2.83 3.21 3.40 3.35 3.01 2.49 1.93 1.55 1.45 1.61 1.95
  6   2.50 3.15 3.80 4.15 4.20 4.01 3.59 3.01 2.49 2.11 1.93 1.95 2.13 2.41 2.77 3.09 3.28 3.25 2.93 2.50 2.07 1.80 1.70 1.81
  7   2.15 2.75 3.53 4.12 4.34 4.25 3.90 3.40 2.89 2.45 2.07 1.87 1.83 1.97 2.31 2.68 3.01 3.21 3.20 3.01 2.67 2.33 2.05 1.89
  8   1.92 2.13 2.55 3.08 3.59 3.82 3.82 3.60 3.25 2.79 2.35 2.01 1.79 1.73 1.81 2.11 2.51 2.91 3.23 3.37 3.29 3.01 2.65 2.31
  9   2.07 2.04 2.20 2.61 3.05 3.49 3.81 3.89 3.71 3.35 2.87 2.35 1.85 1.51 1.44 1.61 1.99 2.49 2.97 3.40 3.65 3.67 3.41 2.95
 10   2.43 2.04 1.93 2.10 2.55 3.01 3.47 3.81 3.90 3.73 3.35 2.79 2.13 1.53 1.11 1.05 1.31 1.84 2.49 3.15 3.75 4.05 4.01 3.65
 11   3.04 2.45 2.00 1.86 2.02 2.45 2.95 3.47 3.85 4.01 3.85 3.37 2.63 1.83 1.15 0.71 0.67 1.07 1.71 2.53 3.41 4.17 4.51 4.40
 12   3.80 2.88 2.00 1.60 1.60 1.91 2.35 2.89 3.45 3.93 4.13 3.97 3.35 2.49 1.52 0.76 0.34 0.33 0.75 1.65 2.65 3.65 4.49 4.79
 13   4.60 3.95 3.00 2.20 1.61 1.44 1.65 2.11 2.77 3.49 4.03 4.23 3.93 3.20 2.13 1.11 0.26-0.04 0.20 0.82 1.79 2.85 3.91 4.69
 14   4.93 4.67 3.90 2.99 2.09 1.37 1.21 1.47 2.03 2.77 3.50 4.11 4.29 3.89 3.05 1.93 0.88 0.22-0.05 0.17 0.80 1.91 3.15 4.41
 15   5.00 5.05 4.65 3.89 2.83 1.95 1.35 1.23 1.53 2.16 2.99 3.83 4.31 4.31 3.79 2.79 1.67 0.71 0.11 0.07 0.45 1.19 2.27 3.35
 16   4.46 5.09 5.15 4.67 3.83 2.73 1.83 1.40 1.38 1.67 2.31 3.15 3.91 4.35 4.27 3.63 2.65 1.55 0.71 0.28 0.30 0.83 1.73 2.67
 17   3.66 4.51 4.88 4.80 4.35 3.44 2.43 1.58 1.22 1.31 1.75 2.43 3.23 3.93 4.21 3.98 3.25 2.33 1.40 0.79 0.55 0.75 1.39 2.15
 18   3.00 3.87 4.60 4.79 4.55 3.95 3.09 2.23 1.57 1.31 1.45 1.89 2.53 3.21 3.75 3.87 3.59 2.93 2.17 1.47 1.03 0.95 1.27 1.79
 19   2.46 3.15 3.89 4.45 4.55 4.25 3.55 2.80 2.11 1.61 1.43 1.57 1.95 2.45 3.00 3.43 3.54 3.27 2.77 2.21 1.71 1.48 1.53 1.79
 20   2.30 2.95 3.80 4.35 4.52 4.35 3.86 3.23 2.59 2.03 1.69 1.61 1.75 2.05 2.47 2.90 3.23 3.32 3.15 2.79 2.42 2.13 1.95 1.93
 21   2.08 2.38 2.77 3.25 3.70 3.95 3.90 3.50 2.99 2.51 2.08 1.80 1.71 1.81 2.07 2.39 2.75 3.03 3.17 3.12 2.91 2.68 2.45 2.31
 22
 23
 24
 25
 26
 27
 28
 29
 30
 31
 ----------------------------------------------------------------------------------------------------------------------------
                                                                                               DATUM CORRECTION     -0.0005 m
 ----------------------------------------------------------------------------------------------------------------------------
 ----------------------------------------------------------------------------------------------------------------------------
