                                                          SURVEY OF INDIA
                                                    MARINE GEODESY WING (G&RB)
                                                     HOURLY HEIGHTS IN METRES
  NAME OF PORT:- COCHIN                                                                             MONTH JANUARY   YEAR 2021
 ----------------------------------------------------------------------------------------------------------------------------
 DAYS 0000 0001 0002 0003 0004 0005 0006 0007 0008 0009 0010 0011 0012 0013 0014 0015 0016 0017 0018 0019 0020 0021 0022 0023
 ----------------------------------------------------------------------------------------------------------------------------
  1   1.32 1.40 1.42 1.39 1.30 1.16 1.01 0.92 0.89 0.93 1.00 1.07 1.10 1.08 1.01 0.89 0.76 0.64 0.57 0.56 0.61 0.70 0.84 1.05
  2   1.22 1.38 1.45 1.44 1.37 1.23 1.10 0.98 0.92 0.92 0.96 1.03 1.09 1.11 1.08 1.00 0.86 0.71 0.56 0.45 0.47 0.58 0.74 0.95
  3   1.13 1.30 1.44 1.49 1.46 1.35 1.19 1.05 0.95 0.90 0.92 0.98 1.04 1.10 1.14 1.12 1.04 0.90 0.74 0.61 0.54 0.58 0.72 0.87
  4   1.04 1.22 1.35 1.43 1.43 1.36 1.24 1.08 0.90 0.76 0.73 0.76 0.84 0.96 1.06 1.06 0.98 0.88 0.76 0.63 0.54 0.51 0.58 0.73
  5   0.88 1.04 1.18 1.29 1.33 1.30 1.18 1.03 0.87 0.74 0.70 0.72 0.77 0.86 0.95 1.01 1.01 0.96 0.87 0.76 0.66 0.64 0.68 0.77
  6   0.89 1.03 1.17 1.27 1.31 1.28 1.18 1.04 0.91 0.78 0.65 0.60 0.61 0.66 0.75 0.87 0.98 1.03 1.02 0.97 0.90 0.82 0.77 0.78
  7   0.84 0.95 1.05 1.16 1.24 1.28 1.26 1.18 1.04 0.87 0.72 0.60 0.54 0.55 0.62 0.72 0.84 0.95 1.04 1.08 1.07 1.01 0.94 0.88
  8   0.88 0.93 0.99 1.06 1.12 1.17 1.18 1.12 1.01 0.86 0.68 0.53 0.41 0.36 0.40 0.51 0.64 0.77 0.91 1.02 1.09 1.11 1.08 1.02
  9   0.96 0.94 0.97 1.02 1.07 1.11 1.13 1.12 1.07 0.98 0.84 0.70 0.56 0.43 0.35 0.38 0.49 0.65 0.81 0.96 1.09 1.20 1.25 1.24
 10   1.19 1.11 1.04 1.01 1.02 1.06 1.11 1.14 1.14 1.09 0.97 0.80 0.64 0.48 0.35 0.31 0.36 0.51 0.69 0.86 1.05 1.20 1.32 1.37
 11   1.34 1.25 1.16 1.08 1.02 0.98 0.98 1.01 1.04 1.04 0.99 0.88 0.72 0.52 0.36 0.23 0.18 0.24 0.40 0.57 0.76 0.96 1.12 1.23
 12   1.25 1.20 1.11 0.99 0.88 0.81 0.79 0.81 0.84 0.88 0.91 0.88 0.79 0.62 0.42 0.26 0.15 0.12 0.19 0.35 0.58 0.82 1.02 1.20
 13   1.28 1.28 1.22 1.10 0.96 0.86 0.81 0.82 0.86 0.91 0.96 0.99 0.96 0.84 0.66 0.47 0.28 0.18 0.19 0.30 0.49 0.69 0.90 1.13
 14   1.32 1.37 1.34 1.23 1.06 0.90 0.79 0.74 0.76 0.82 0.89 0.95 0.97 0.92 0.81 0.66 0.48 0.31 0.22 0.26 0.40 0.58 0.78 1.00
 15   1.19 1.32 1.35 1.30 1.16 0.97 0.80 0.71 0.69 0.72 0.80 0.88 0.94 0.96 0.92 0.81 0.63 0.46 0.31 0.25 0.30 0.44 0.65 0.88
 16   1.08 1.25 1.35 1.34 1.24 1.08 0.90 0.75 0.66 0.66 0.73 0.82 0.91 0.98 1.02 0.98 0.85 0.68 0.52 0.42 0.41 0.48 0.63 0.86
 17   1.04 1.20 1.32 1.36 1.31 1.16 0.99 0.84 0.72 0.64 0.64 0.72 0.84 0.94 1.00 1.00 0.93 0.80 0.66 0.54 0.49 0.51 0.61 0.78
 18   0.95 1.12 1.23 1.28 1.26 1.17 1.03 0.86 0.68 0.58 0.56 0.60 0.68 0.80 0.90 0.95 0.93 0.86 0.76 0.66 0.58 0.56 0.61 0.72
 19   0.86 1.01 1.14 1.22 1.24 1.20 1.10 0.95 0.78 0.64 0.58 0.58 0.62 0.71 0.83 0.94 0.98 0.97 0.91 0.82 0.75 0.72 0.73 0.79
 20   0.88 0.99 1.10 1.20 1.24 1.23 1.16 1.04 0.88 0.71 0.60 0.55 0.56 0.64 0.75 0.87 0.95 0.98 0.97 0.92 0.86 0.82 0.82 0.86
 21   0.92 1.00 1.08 1.16 1.20 1.20 1.16 1.07 0.96 0.84 0.72 0.64 0.63 0.66 0.74 0.84 0.94 1.03 1.08 1.09 1.07 1.03 0.99 0.98
 22   1.00 1.05 1.10 1.15 1.19 1.20 1.18 1.11 0.99 0.84 0.70 0.60 0.54 0.53 0.58 0.67 0.76 0.85 0.93 0.99 1.03 1.04 1.03 1.01
 23   0.98 0.96 0.98 1.02 1.06 1.08 1.08 1.04 0.96 0.86 0.76 0.65 0.56 0.52 0.53 0.59 0.67 0.76 0.86 0.95 1.04 1.10 1.13 1.13
 24   1.10 1.06 1.02 1.00 1.01 1.04 1.05 1.04 1.00 0.93 0.84 0.73 0.62 0.54 0.51 0.53 0.59 0.68 0.79 0.92 1.03 1.13 1.20 1.22
 25   1.21 1.17 1.12 1.06 1.02 1.00 1.01 1.03 1.02 0.98 0.90 0.79 0.68 0.57 0.48 0.46 0.50 0.58 0.70 0.83 0.98 1.12 1.22 1.27
 26   1.28 1.24 1.17 1.10 1.04 0.99 0.98 0.99 1.01 1.01 0.96 0.87 0.77 0.66 0.54 0.43 0.42 0.47 0.58 0.74 0.92 1.07 1.22 1.31
 27   1.35 1.33 1.24 1.14 1.05 0.98 0.94 0.93 0.94 0.95 0.95 0.92 0.86 0.76 0.64 0.48 0.38 0.37 0.44 0.58 0.75 0.95 1.10 1.22
 28   1.29 1.30 1.25 1.15 1.04 0.96 0.89 0.85 0.86 0.90 0.95 0.97 0.94 0.83 0.69 0.54 0.39 0.31 0.33 0.46 0.63 0.83 1.02 1.18
 29   1.29 1.35 1.33 1.24 1.10 0.96 0.88 0.86 0.87 0.91 0.97 1.02 1.04 0.97 0.82 0.65 0.46 0.34 0.30 0.36 0.52 0.72 0.94 1.12
 30   1.27 1.35 1.35 1.26 1.12 0.97 0.84 0.78 0.78 0.82 0.91 1.01 1.06 1.05 0.96 0.82 0.66 0.46 0.30 0.28 0.40 0.60 0.80 1.03
 31   1.19 1.29 1.33 1.30 1.19 1.03 0.84 0.74 0.70 0.71 0.78 0.90 0.99 1.02 0.99 0.90 0.76 0.60 0.44 0.34 0.37 0.50 0.70 0.91
 ----------------------------------------------------------------------------------------------------------------------------
                                                                                               
 ----------------------------------------------------------------------------------------------------------------------------
 ----------------------------------------------------------------------------------------------------------------------------
                                                          SURVEY OF INDIA
                                                    MARINE GEODESY WING (G&RB)
                                                     HOURLY HEIGHTS IN METRES
  NAME OF PORT:- COCHIN                                                                             MONTH FEBRUARY  YEAR 2021
 ----------------------------------------------------------------------------------------------------------------------------
 DAYS 0000 0001 0002 0003 0004 0005 0006 0007 0008 0009 0010 0011 0012 0013 0014 0015 0016 0017 0018 0019 0020 0021 0022 0023
 ----------------------------------------------------------------------------------------------------------------------------
  1   1.10 1.23 1.30 1.29 1.20 1.06 0.88 0.70 0.62 0.61 0.66 0.76 0.89 1.02 1.07 1.06 0.99 0.85 0.67 0.54 0.49 0.54 0.67 0.86
  2   1.08 1.24 1.34 1.37 1.32 1.19 1.00 0.80 0.65 0.57 0.58 0.69 0.82 0.93 1.04 1.11 1.11 1.03 0.88 0.74 0.62 0.61 0.68 0.80
  3   0.98 1.13 1.23 1.28 1.28 1.21 1.08 0.88 0.71 0.58 0.50 0.53 0.67 0.84 0.98 1.08 1.13 1.11 1.03 0.93 0.82 0.75 0.78 0.87
  4   1.00 1.11 1.18 1.22 1.22 1.18 1.10 0.96 0.76 0.62 0.54 0.52 0.58 0.70 0.85 1.00 1.12 1.18 1.18 1.12 1.02 0.94 0.90 0.92
  5   0.99 1.08 1.18 1.24 1.25 1.22 1.15 1.02 0.84 0.65 0.51 0.44 0.43 0.52 0.66 0.81 0.96 1.08 1.16 1.18 1.15 1.09 1.03 1.00
  6   1.01 1.06 1.12 1.18 1.22 1.22 1.18 1.10 0.95 0.77 0.60 0.45 0.39 0.39 0.46 0.62 0.77 0.94 1.07 1.18 1.23 1.22 1.17 1.11
  7   1.06 1.04 1.06 1.09 1.12 1.15 1.15 1.11 1.02 0.89 0.74 0.58 0.46 0.38 0.38 0.48 0.62 0.76 0.92 1.07 1.20 1.26 1.28 1.25
  8   1.18 1.12 1.06 1.03 1.04 1.06 1.09 1.10 1.08 1.02 0.89 0.74 0.61 0.48 0.41 0.40 0.46 0.61 0.77 0.96 1.13 1.25 1.32 1.30
  9   1.31 1.22 1.13 1.05 0.99 0.98 1.00 1.02 1.05 1.06 1.03 0.95 0.83 0.70 0.56 0.45 0.43 0.50 0.65 0.81 1.00 1.16 1.30 1.38
 10   1.39 1.36 1.28 1.16 1.06 0.98 0.96 0.98 1.01 1.05 1.08 1.07 0.99 0.85 0.70 0.56 0.44 0.42 0.51 0.67 0.88 1.07 1.25 1.36
 11   1.40 1.38 1.31 1.20 1.07 0.96 0.90 0.92 0.98 1.06 1.14 1.19 1.18 1.08 0.93 0.76 0.61 0.51 0.52 0.61 0.77 0.96 1.16 1.33
 12   1.41 1.43 1.40 1.30 1.16 1.00 0.89 0.84 0.85 0.90 0.98 1.06 1.10 1.09 1.00 0.84 0.65 0.48 0.41 0.44 0.58 0.77 0.96 1.15
 13   1.30 1.36 1.34 1.26 1.12 0.94 0.76 0.69 0.69 0.76 0.88 1.02 1.10 1.12 1.08 0.98 0.82 0.66 0.53 0.50 0.57 0.72 0.92 1.11
 14   1.23 1.30 1.33 1.30 1.20 1.04 0.84 0.71 0.68 0.71 0.80 0.95 1.08 1.14 1.15 1.10 0.99 0.82 0.67 0.59 0.60 0.69 0.85 1.04
 15   1.20 1.30 1.33 1.31 1.24 1.11 0.90 0.76 0.68 0.66 0.72 0.83 0.97 1.09 1.16 1.16 1.09 0.94 0.80 0.69 0.66 0.72 0.83 0.97
 16   1.13 1.26 1.32 1.33 1.28 1.14 0.94 0.77 0.62 0.58 0.62 0.72 0.85 0.98 1.08 1.11 1.08 1.00 0.88 0.78 0.72 0.72 0.80 0.93
 17   1.08 1.20 1.28 1.29 1.25 1.14 0.98 0.80 0.64 0.56 0.56 0.62 0.73 0.89 1.02 1.10 1.12 1.09 1.00 0.90 0.82 0.79 0.82 0.90
 18   1.01 1.12 1.22 1.26 1.25 1.19 1.05 0.88 0.71 0.60 0.57 0.60 0.68 0.79 0.93 1.04 1.09 1.09 1.04 0.97 0.90 0.85 0.85 0.91
 19   1.00 1.09 1.19 1.24 1.23 1.17 1.06 0.92 0.77 0.62 0.53 0.51 0.56 0.68 0.81 0.93 1.02 1.08 1.08 1.04 0.98 0.92 0.90 0.93
 20   0.99 1.06 1.13 1.18 1.19 1.14 1.04 0.93 0.82 0.71 0.61 0.56 0.58 0.65 0.76 0.88 0.98 1.06 1.11 1.12 1.10 1.07 1.04 1.01
 21   1.01 1.05 1.10 1.14 1.16 1.14 1.06 0.96 0.84 0.72 0.63 0.56 0.52 0.53 0.59 0.69 0.78 0.88 0.96 1.02 1.06 1.06 1.04 1.01
 22   0.99 1.00 1.02 1.04 1.05 1.03 0.99 0.93 0.86 0.77 0.66 0.56 0.50 0.47 0.48 0.54 0.62 0.73 0.83 0.92 1.00 1.05 1.07 1.06
 23   1.04 1.01 0.98 0.95 0.94 0.95 0.95 0.93 0.88 0.81 0.71 0.62 0.54 0.47 0.44 0.47 0.53 0.61 0.72 0.84 0.98 1.09 1.14 1.16
 24   1.14 1.10 1.04 0.98 0.93 0.88 0.86 0.88 0.92 0.92 0.85 0.76 0.67 0.58 0.50 0.45 0.47 0.56 0.66 0.79 0.93 1.06 1.16 1.22
 25   1.23 1.18 1.11 1.03 0.96 0.91 0.88 0.87 0.89 0.92 0.94 0.92 0.84 0.72 0.60 0.49 0.43 0.45 0.53 0.66 0.80 0.98 1.12 1.22
 26   1.26 1.23 1.16 1.06 0.97 0.88 0.82 0.81 0.86 0.97 1.04 1.05 0.99 0.88 0.74 0.60 0.49 0.44 0.47 0.58 0.73 0.92 1.10 1.22
 27   1.29 1.29 1.23 1.11 0.97 0.86 0.78 0.77 0.83 0.93 1.04 1.13 1.13 1.06 0.93 0.75 0.58 0.45 0.43 0.50 0.65 0.84 1.03 1.19
 28   1.28 1.30 1.26 1.17 1.03 0.88 0.75 0.68 0.71 0.81 0.96 1.10 1.17 1.18 1.11 0.97 0.79 0.62 0.51 0.53 0.62 0.80 1.00 1.18
 ----------------------------------------------------------------------------------------------------------------------------
                                                                                               
 ----------------------------------------------------------------------------------------------------------------------------
 ----------------------------------------------------------------------------------------------------------------------------
                                                          SURVEY OF INDIA
                                                    MARINE GEODESY WING (G&RB)
                                                     HOURLY HEIGHTS IN METRES
  NAME OF PORT:- COCHIN                                                                             MONTH MARCH     YEAR 2021
 ----------------------------------------------------------------------------------------------------------------------------
 DAYS 0000 0001 0002 0003 0004 0005 0006 0007 0008 0009 0010 0011 0012 0013 0014 0015 0016 0017 0018 0019 0020 0021 0022 0023
 ----------------------------------------------------------------------------------------------------------------------------
  1
  2
  3
  4
  5
  6
  7
  8
  9
 10
 11
 12
 13
 14
 15
 16
 17
 18
 19
 20
 21
 22
 23
 24
 25
 26
 27
 28
 29
 30
 31
 ----------------------------------------------------------------------------------------------------------------------------
                                                          SURVEY OF INDIA
                                                    MARINE GEODESY WING (G&RB)
                                                     HOURLY HEIGHTS IN METRES
  NAME OF PORT:- COCHIN                                                                             MONTH APRIL     YEAR 2021
 ----------------------------------------------------------------------------------------------------------------------------
 DAYS 0000 0001 0002 0003 0004 0005 0006 0007 0008 0009 0010 0011 0012 0013 0014 0015 0016 0017 0018 0019 0020 0021 0022 0023
 ----------------------------------------------------------------------------------------------------------------------------
  1
  2
  3
  4
  5
  6
  7
  8
  9
 10
 11
 12
 13
 14
 15
 16
 17
 18
 19
 20
 21
 22
 23
 24
 25
 26
 27
 28
 29
 30
 ----------------------------------------------------------------------------------------------------------------------------
                                                          SURVEY OF INDIA
                                                    MARINE GEODESY WING (G&RB)
                                                     HOURLY HEIGHTS IN METRES
  NAME OF PORT:- COCHIN                                                                             MONTH MAY       YEAR 2021
 ----------------------------------------------------------------------------------------------------------------------------
 DAYS 0000 0001 0002 0003 0004 0005 0006 0007 0008 0009 0010 0011 0012 0013 0014 0015 0016 0017 0018 0019 0020 0021 0022 0023
 ----------------------------------------------------------------------------------------------------------------------------
  1
  2
  3   0.88 0.94 0.98 1.00 0.97 0.87 0.75 0.60 0.47 0.37 0.36 0.43 0.56 0.74 0.90 1.04 1.16 1.23 1.23 1.17 1.07 0.94 0.84 0.78
  4   0.78 0.84 0.90 0.95 0.97 0.94 0.88 0.79 0.68 0.58 0.51 0.50 0.56 0.66 0.78 0.91 1.02 1.12 1.18 1.18 1.12 1.03 0.92 0.84
  5   0.79 0.78 0.80 0.83 0.86 0.89 0.91 0.90 0.84 0.76 0.69 0.64 0.64 0.68 0.75 0.83 0.93 1.03 1.13 1.18 1.18 1.12 1.02 0.91
  6   0.82 0.75 0.71 0.70 0.73 0.77 0.81 0.86 0.90 0.91 0.87 0.82 0.78 0.76 0.76 0.79 0.85 0.95 1.06 1.15 1.18 1.15 1.08 0.99
  7   0.89 0.79 0.71 0.66 0.65 0.68 0.76 0.84 0.93 0.99 0.99 0.95 0.89 0.83 0.78 0.74 0.74 0.79 0.89 0.99 1.08 1.13 1.12 1.05
  8   0.90 0.77 0.66 0.58 0.55 0.57 0.63 0.74 0.84 0.94 1.02 1.04 1.01 0.95 0.88 0.82 0.78 0.79 0.86 0.95 1.04 1.12 1.14 1.09
  9   0.98 0.85 0.71 0.59 0.50 0.48 0.55 0.66 0.80 0.92 1.04 1.12 1.14 1.10 1.01 0.92 0.85 0.82 0.84 0.91 0.99 1.06 1.10 1.09
 10   1.02 0.91 0.77 0.63 0.49 0.46 0.51 0.62 0.75 0.92 1.06 1.17 1.22 1.22 1.16 1.05 0.93 0.86 0.84 0.86 0.93 1.04 1.13 1.14
 11   1.09 0.99 0.84 0.68 0.53 0.43 0.43 0.53 0.69 0.88 1.04 1.18 1.26 1.26 1.21 1.11 0.98 0.87 0.81 0.82 0.89 0.98 1.06 1.10
 12   1.07 0.99 0.86 0.70 0.52 0.38 0.35 0.42 0.58 0.75 0.92 1.07 1.18 1.22 1.20 1.12 1.00 0.87 0.76 0.73 0.76 0.83 0.93 0.98
 13   0.98 0.92 0.81 0.66 0.48 0.33 0.25 0.27 0.42 0.62 0.86 1.06 1.20 1.27 1.28 1.22 1.11 0.96 0.86 0.81 0.81 0.84 0.89 0.97
 14   1.03 1.02 0.95 0.82 0.64 0.47 0.36 0.37 0.47 0.62 0.80 1.01 1.18 1.33 1.38 1.34 1.24 1.13 1.05 1.01 1.01 1.03 1.08 1.14
 15   1.18 1.18 1.10 0.91 0.73 0.55 0.44 0.40 0.44 0.59 0.80 0.97 1.12 1.23 1.31 1.32 1.27 1.14 1.01 0.93 0.88 0.86 0.89 0.96
 16   1.04 1.08 1.06 0.92 0.75 0.59 0.47 0.42 0.43 0.54 0.68 0.86 1.02 1.16 1.26 1.28 1.23 1.13 1.00 0.88 0.80 0.76 0.77 0.82
 17   0.88 0.94 0.96 0.90 0.78 0.65 0.52 0.38 0.33 0.35 0.48 0.67 0.85 1.00 1.09 1.14 1.13 1.06 0.96 0.85 0.76 0.71 0.69 0.70
 18   0.73 0.78 0.80 0.79 0.74 0.65 0.53 0.40 0.32 0.34 0.45 0.57 0.71 0.83 0.94 1.02 1.05 1.03 0.94 0.83 0.72 0.64 0.62 0.63
 19   0.65 0.68 0.70 0.71 0.68 0.62 0.53 0.43 0.37 0.40 0.50 0.60 0.72 0.83 0.94 1.04 1.12 1.16 1.15 1.10 1.03 0.97 0.90 0.85
 20   0.84 0.87 0.92 0.96 0.98 0.98 0.95 0.89 0.80 0.71 0.67 0.69 0.74 0.81 0.89 0.98 1.06 1.13 1.16 1.14 1.08 1.00 0.91 0.84
 21   0.82 0.82 0.84 0.87 0.90 0.94 0.96 0.96 0.92 0.86 0.81 0.78 0.78 0.81 0.87 0.93 1.00 1.08 1.13 1.14 1.12 1.06 0.97 0.88
 22   0.79 0.73 0.72 0.75 0.80 0.85 0.90 0.95 0.97 0.96 0.93 0.89 0.86 0.84 0.84 0.87 0.93 1.00 1.08 1.14 1.15 1.10 1.02 0.92
 23   0.82 0.72 0.67 0.68 0.73 0.80 0.88 0.97 1.06 1.12 1.13 1.10 1.03 0.96 0.90 0.88 0.92 0.99 1.06 1.13 1.18 1.18 1.12 0.98
 24   0.85 0.73 0.60 0.53 0.55 0.63 0.73 0.85 0.98 1.10 1.18 1.19 1.12 1.03 0.94 0.86 0.82 0.85 0.93 1.02 1.09 1.13 1.11 1.03
 25   0.90 0.72 0.57 0.43 0.36 0.37 0.53 0.69 0.86 1.00 1.12 1.19 1.20 1.14 1.03 0.92 0.82 0.78 0.83 0.91 0.99 1.05 1.08 1.05
 26   0.95 0.77 0.58 0.40 0.24 0.21 0.29 0.46 0.64 0.84 1.06 1.24 1.35 1.33 1.21 1.07 0.94 0.86 0.82 0.84 0.90 0.99 1.04 1.05
 27   1.01 0.91 0.74 0.48 0.27 0.17 0.15 0.22 0.37 0.57 0.82 1.02 1.16 1.24 1.21 1.09 0.91 0.74 0.64 0.64 0.74 0.85 0.94 0.99
 28   1.00 0.93 0.79 0.61 0.42 0.27 0.18 0.16 0.22 0.34 0.55 0.79 0.99 1.10 1.16 1.16 1.08 0.82 0.65 0.58 0.59 0.68 0.81 0.89
 29   0.93 0.92 0.84 0.67 0.49 0.35 0.23 0.17 0.18 0.24 0.39 0.61 0.84 1.00 1.11 1.12 1.04 0.89 0.75 0.62 0.56 0.59 0.69 0.79
 30   0.87 0.90 0.88 0.80 0.66 0.47 0.33 0.22 0.18 0.21 0.30 0.49 0.69 0.87 1.02 1.11 1.10 1.01 0.84 0.70 0.59 0.54 0.55 0.62
 31   0.72 0.80 0.84 0.84 0.78 0.66 0.49 0.34 0.23 0.20 0.27 0.41 0.57 0.73 0.87 0.98 1.04 1.02 0.92 0.79 0.64 0.55 0.51 0.53
 ----------------------------------------------------------------------------------------------------------------------------
                                                                                               
 ----------------------------------------------------------------------------------------------------------------------------
 ----------------------------------------------------------------------------------------------------------------------------
                                                          SURVEY OF INDIA
                                                    MARINE GEODESY WING (G&RB)
                                                     HOURLY HEIGHTS IN METRES
  NAME OF PORT:- COCHIN                                                                             MONTH JUNE      YEAR 2021
 ----------------------------------------------------------------------------------------------------------------------------
 DAYS 0000 0001 0002 0003 0004 0005 0006 0007 0008 0009 0010 0011 0012 0013 0014 0015 0016 0017 0018 0019 0020 0021 0022 0023
 ----------------------------------------------------------------------------------------------------------------------------
  1   0.60 0.66 0.70 0.73 0.73 0.68 0.57 0.45 0.35 0.30 0.29 0.34 0.44 0.58 0.74 0.86 0.94 0.97 0.93 0.85 0.73 0.61 0.53 0.50
  2   0.52 0.57 0.63 0.69 0.73 0.73 0.70 0.64 0.55 0.46 0.42 0.43 0.49 0.58 0.68 0.78 0.87 0.93 0.95 0.90 0.80 0.68 0.55 0.46
  3   0.42 0.44 0.50 0.57 0.63 0.68 0.72 0.72 0.69 0.64 0.58 0.53 0.52 0.56 0.64 0.73 0.82 0.89 0.94 0.95 0.91 0.83 0.72 0.58
  4   0.48 0.43 0.42 0.45 0.53 0.62 0.72 0.79 0.80 0.77 0.72 0.67 0.64 0.64 0.67 0.72 0.77 0.83 0.89 0.92 0.92 0.88 0.78 0.66
  5   0.54 0.47 0.43 0.43 0.48 0.57 0.65 0.74 0.81 0.84 0.84 0.81 0.76 0.72 0.70 0.72 0.76 0.82 0.87 0.92 0.94 0.92 0.86 0.77
  6   0.65 0.55 0.48 0.46 0.48 0.54 0.62 0.73 0.83 0.91 0.96 0.96 0.93 0.88 0.84 0.81 0.81 0.84 0.89 0.95 0.99 1.01 0.98 0.89
  7   0.78 0.67 0.56 0.47 0.44 0.48 0.57 0.68 0.80 0.92 1.02 1.07 1.08 1.04 0.97 0.90 0.85 0.83 0.86 0.92 0.98 1.00 0.99 0.95
  8   0.88 0.78 0.65 0.54 0.46 0.45 0.50 0.60 0.73 0.87 0.99 1.07 1.10 1.09 1.04 0.95 0.85 0.79 0.78 0.82 0.87 0.91 0.92 0.90
  9   0.83 0.73 0.62 0.50 0.38 0.33 0.36 0.45 0.57 0.73 0.86 0.97 1.05 1.07 1.03 0.90 0.78 0.70 0.66 0.68 0.75 0.84 0.89 0.89
 10   0.84 0.73 0.60 0.47 0.35 0.26 0.25 0.32 0.47 0.62 0.76 0.91 1.00 1.05 1.04 0.94 0.81 0.70 0.65 0.65 0.69 0.74 0.79 0.81
 11   0.78 0.71 0.61 0.49 0.35 0.27 0.24 0.26 0.34 0.52 0.69 0.86 0.98 1.05 1.06 1.01 0.90 0.70 0.61 0.60 0.64 0.72 0.79 0.86
 12   0.88 0.84 0.73 0.57 0.44 0.32 0.25 0.27 0.38 0.52 0.68 0.87 1.02 1.12 1.16 1.12 1.02 0.90 0.76 0.69 0.68 0.71 0.75 0.80
 13   0.85 0.85 0.78 0.66 0.54 0.40 0.26 0.23 0.28 0.39 0.56 0.71 0.87 1.01 1.07 1.05 0.96 0.85 0.75 0.66 0.64 0.66 0.71 0.78
 14   0.85 0.85 0.79 0.66 0.52 0.39 0.29 0.22 0.22 0.30 0.44 0.60 0.79 0.94 1.03 1.07 1.05 0.96 0.83 0.71 0.63 0.62 0.67 0.75
 15   0.84 0.88 0.88 0.83 0.73 0.62 0.49 0.39 0.35 0.38 0.49 0.62 0.77 0.93 1.05 1.12 1.13 1.08 0.95 0.82 0.72 0.64 0.64 0.76
 16   0.80 0.86 0.89 0.89 0.85 0.76 0.66 0.56 0.47 0.43 0.47 0.57 0.70 0.84 0.97 1.06 1.10 1.08 1.01 0.90 0.80 0.73 0.70 0.71
 17   0.74 0.79 0.85 0.87 0.86 0.82 0.74 0.63 0.54 0.50 0.52 0.57 0.66 0.77 0.89 0.99 1.06 1.08 1.05 0.96 0.84 0.73 0.65 0.60
 18   0.60 0.66 0.74 0.80 0.85 0.87 0.85 0.79 0.70 0.61 0.57 0.58 0.63 0.71 0.81 0.91 0.98 1.03 1.03 0.99 0.89 0.76 0.64 0.55
 19   0.51 0.52 0.60 0.68 0.76 0.82 0.87 0.88 0.84 0.78 0.72 0.67 0.67 0.71 0.78 0.86 0.95 1.03 1.06 1.03 0.95 0.84 0.70 0.55
 20   0.45 0.41 0.43 0.52 0.63 0.72 0.80 0.87 0.91 0.91 0.87 0.81 0.77 0.76 0.78 0.83 0.89 0.95 0.99 1.00 0.98 0.91 0.77 0.62
 21   0.47 0.39 0.37 0.41 0.48 0.58 0.68 0.78 0.88 0.93 0.94 0.91 0.87 0.83 0.79 0.78 0.82 0.87 0.92 0.95 0.96 0.92 0.83 0.70
 22   0.55 0.41 0.29 0.23 0.25 0.38 0.54 0.68 0.82 0.94 1.02 1.04 0.99 0.92 0.85 0.78 0.76 0.80 0.86 0.92 0.95 0.92 0.84 0.73
 23   0.60 0.47 0.33 0.24 0.22 0.29 0.41 0.56 0.73 0.88 1.05 1.15 1.16 1.10 0.99 0.89 0.82 0.78 0.80 0.87 0.93 0.95 0.92 0.85
 24   0.72 0.57 0.37 0.19 0.11 0.10 0.18 0.37 0.57 0.76 0.97 1.13 1.21 1.20 1.12 1.00 0.88 0.79 0.76 0.79 0.85 0.91 0.94 0.93
 25   0.86 0.74 0.54 0.34 0.21 0.14 0.14 0.23 0.42 0.63 0.86 1.06 1.20 1.24 1.20 1.09 0.95 0.83 0.74 0.71 0.75 0.82 0.87 0.91
 26   0.91 0.84 0.70 0.51 0.35 0.21 0.13 0.15 0.27 0.48 0.68 0.89 1.10 1.22 1.23 1.17 1.03 0.86 0.72 0.65 0.65 0.72 0.82 0.89
 27   0.92 0.91 0.84 0.71 0.50 0.32 0.19 0.14 0.20 0.35 0.54 0.74 0.96 1.15 1.21 1.20 1.10 0.93 0.75 0.63 0.59 0.62 0.71 0.81
 28   0.90 0.93 0.91 0.84 0.70 0.52 0.36 0.27 0.28 0.36 0.48 0.66 0.84 1.03 1.17 1.22 1.19 1.09 0.94 0.76 0.63 0.58 0.61 0.70
 29   0.78 0.85 0.89 0.89 0.83 0.69 0.54 0.42 0.35 0.37 0.47 0.62 0.78 0.94 1.09 1.20 1.22 1.16 1.03 0.86 0.70 0.57 0.54 0.59
 30   0.67 0.75 0.83 0.87 0.87 0.82 0.72 0.62 0.52 0.49 0.53 0.62 0.74 0.87 1.00 1.13 1.18 1.16 1.07 0.93 0.79 0.64 0.53 0.52
 ----------------------------------------------------------------------------------------------------------------------------
                                                                                               
 ----------------------------------------------------------------------------------------------------------------------------
 ----------------------------------------------------------------------------------------------------------------------------
                                                          SURVEY OF INDIA
                                                    MARINE GEODESY WING (G&RB)
                                                     HOURLY HEIGHTS IN METRES
  NAME OF PORT:- COCHIN                                                                             MONTH JULY      YEAR 2021
 ----------------------------------------------------------------------------------------------------------------------------
 DAYS 0000 0001 0002 0003 0004 0005 0006 0007 0008 0009 0010 0011 0012 0013 0014 0015 0016 0017 0018 0019 0020 0021 0022 0023
 ----------------------------------------------------------------------------------------------------------------------------
  1   0.58 0.66 0.75 0.82 0.86 0.86 0.82 0.76 0.68 0.59 0.54 0.57 0.68 0.83 0.95 1.06 1.13 1.15 1.10 0.99 0.85 0.70 0.58 0.49
  2   0.47 0.52 0.61 0.70 0.78 0.83 0.84 0.82 0.79 0.75 0.72 0.71 0.74 0.82 0.90 0.97 1.04 1.08 1.07 1.01 0.91 0.80 0.69 0.56
  3   0.46 0.46 0.53 0.61 0.69 0.76 0.82 0.86 0.87 0.85 0.80 0.75 0.72 0.75 0.82 0.90 0.96 1.00 1.00 0.97 0.91 0.82 0.71 0.59
  4   0.49 0.46 0.48 0.54 0.61 0.69 0.76 0.84 0.89 0.91 0.90 0.87 0.84 0.82 0.82 0.85 0.89 0.93 0.96 0.97 0.94 0.88 0.78 0.67
  5   0.56 0.48 0.44 0.47 0.55 0.64 0.73 0.81 0.88 0.93 0.96 0.96 0.93 0.89 0.85 0.83 0.83 0.85 0.88 0.91 0.91 0.87 0.78 0.67
  6   0.56 0.46 0.39 0.37 0.42 0.51 0.62 0.72 0.81 0.89 0.95 0.97 0.96 0.92 0.87 0.82 0.80 0.82 0.85 0.88 0.89 0.86 0.80 0.71
  7   0.62 0.52 0.43 0.36 0.35 0.44 0.56 0.67 0.79 0.89 0.98 1.04 1.05 1.01 0.94 0.87 0.80 0.75 0.74 0.78 0.84 0.87 0.86 0.80
  8   0.68 0.55 0.44 0.35 0.30 0.33 0.43 0.56 0.69 0.82 0.95 1.05 1.10 1.09 1.04 0.95 0.86 0.79 0.74 0.74 0.78 0.84 0.88 0.85
  9   0.77 0.67 0.57 0.47 0.38 0.36 0.42 0.52 0.64 0.78 0.93 1.08 1.15 1.16 1.11 1.02 0.92 0.82 0.76 0.75 0.80 0.85 0.90 0.91
 10   0.86 0.77 0.66 0.54 0.41 0.31 0.31 0.40 0.54 0.71 0.88 1.06 1.20 1.26 1.23 1.13 1.00 0.88 0.80 0.77 0.80 0.85 0.90 0.93
 11   0.92 0.86 0.75 0.61 0.49 0.37 0.29 0.32 0.45 0.60 0.75 0.92 1.06 1.14 1.15 1.10 1.00 0.88 0.76 0.69 0.69 0.76 0.84 0.90
 12   0.92 0.89 0.81 0.70 0.56 0.41 0.30 0.25 0.31 0.45 0.61 0.79 0.93 1.04 1.09 1.06 0.98 0.86 0.75 0.66 0.63 0.67 0.73 0.80
 13   0.86 0.88 0.85 0.77 0.66 0.53 0.39 0.29 0.29 0.41 0.56 0.73 0.88 1.01 1.09 1.10 1.05 0.95 0.82 0.69 0.60 0.62 0.69 0.77
 14   0.85 0.91 0.93 0.89 0.79 0.66 0.52 0.39 0.38 0.46 0.59 0.72 0.86 1.00 1.12 1.16 1.13 1.04 0.92 0.79 0.68 0.62 0.63 0.70
 15   0.79 0.88 0.94 0.95 0.89 0.79 0.68 0.57 0.48 0.45 0.50 0.60 0.74 0.88 1.00 1.08 1.08 1.02 0.91 0.78 0.66 0.57 0.54 0.59
 16   0.68 0.78 0.86 0.91 0.93 0.91 0.83 0.71 0.59 0.52 0.54 0.64 0.78 0.90 1.01 1.10 1.13 1.11 1.03 0.91 0.78 0.65 0.54 0.51
 17   0.56 0.66 0.76 0.83 0.88 0.91 0.90 0.84 0.75 0.69 0.67 0.70 0.76 0.84 0.94 1.03 1.08 1.07 1.00 0.88 0.75 0.61 0.49 0.41
 18   0.40 0.47 0.57 0.67 0.76 0.84 0.89 0.90 0.87 0.81 0.75 0.73 0.76 0.83 0.91 0.99 1.05 1.07 1.05 0.98 0.86 0.71 0.57 0.46
 19   0.39 0.38 0.44 0.56 0.69 0.80 0.88 0.94 0.97 0.96 0.91 0.86 0.82 0.82 0.85 0.90 0.96 1.01 1.02 0.99 0.91 0.78 0.62 0.48
 20   0.36 0.29 0.29 0.37 0.49 0.62 0.75 0.86 0.95 1.00 1.00 0.96 0.91 0.86 0.84 0.86 0.91 0.96 0.98 0.97 0.93 0.86 0.73 0.58
 21   0.44 0.31 0.23 0.24 0.34 0.48 0.63 0.76 0.90 1.02 1.07 1.06 1.01 0.95 0.89 0.84 0.83 0.87 0.92 0.95 0.95 0.92 0.84 0.72
 22   0.56 0.42 0.29 0.21 0.21 0.32 0.46 0.63 0.81 0.98 1.11 1.16 1.15 1.09 1.00 0.91 0.83 0.79 0.83 0.89 0.95 0.98 0.97 0.90
 23   0.78 0.63 0.49 0.34 0.26 0.28 0.39 0.52 0.68 0.88 1.04 1.16 1.20 1.16 1.08 0.97 0.86 0.76 0.73 0.78 0.86 0.93 0.97 0.96
 24   0.89 0.76 0.60 0.43 0.29 0.21 0.23 0.35 0.52 0.70 0.90 1.08 1.21 1.23 1.17 1.06 0.93 0.80 0.70 0.68 0.76 0.86 0.94 0.97
 25   0.96 0.90 0.80 0.65 0.46 0.31 0.25 0.29 0.44 0.61 0.78 0.96 1.12 1.22 1.22 1.11 0.96 0.80 0.67 0.62 0.65 0.73 0.81 0.88
 26   0.92 0.93 0.89 0.77 0.60 0.44 0.31 0.26 0.33 0.50 0.68 0.85 1.01 1.14 1.20 1.16 1.03 0.89 0.74 0.61 0.56 0.61 0.72 0.82
 27   0.90 0.94 0.94 0.88 0.76 0.60 0.46 0.36 0.36 0.44 0.59 0.76 0.94 1.08 1.16 1.17 1.10 0.95 0.79 0.62 0.50 0.50 0.58 0.70
 28   0.80 0.88 0.93 0.93 0.88 0.78 0.67 0.56 0.49 0.50 0.62 0.75 0.86 0.97 1.06 1.11 1.09 0.97 0.80 0.63 0.48 0.42 0.45 0.52
 29   0.61 0.70 0.78 0.83 0.84 0.80 0.70 0.58 0.49 0.48 0.53 0.62 0.72 0.83 0.95 1.01 1.01 0.93 0.80 0.64 0.47 0.36 0.34 0.39
 30   0.46 0.54 0.63 0.71 0.76 0.76 0.71 0.64 0.57 0.53 0.56 0.64 0.73 0.81 0.89 0.96 0.98 0.94 0.85 0.72 0.56 0.43 0.36 0.35
 31   0.39 0.47 0.57 0.66 0.74 0.78 0.78 0.74 0.68 0.63 0.60 0.62 0.68 0.76 0.83 0.89 0.93 0.92 0.87 0.77 0.65 0.52 0.42 0.37
 ----------------------------------------------------------------------------------------------------------------------------
                                                                                               
 ----------------------------------------------------------------------------------------------------------------------------
 ----------------------------------------------------------------------------------------------------------------------------
                                                          SURVEY OF INDIA
                                                    MARINE GEODESY WING (G&RB)
                                                     HOURLY HEIGHTS IN METRES
  NAME OF PORT:- COCHIN                                                                             MONTH AUGUST    YEAR 2021
 ----------------------------------------------------------------------------------------------------------------------------
 DAYS 0000 0001 0002 0003 0004 0005 0006 0007 0008 0009 0010 0011 0012 0013 0014 0015 0016 0017 0018 0019 0020 0021 0022 0023
 ----------------------------------------------------------------------------------------------------------------------------
  1   0.38 0.43 0.52 0.60 0.69 0.76 0.81 0.82 0.80 0.76 0.73 0.72 0.74 0.78 0.83 0.89 0.93 0.93 0.89 0.82 0.72 0.60 0.50 0.43
  2   0.39 0.39 0.43 0.51 0.60 0.68 0.74 0.79 0.82 0.83 0.81 0.77 0.74 0.73 0.76 0.80 0.83 0.84 0.83 0.79 0.71 0.62 0.53 0.44
  3   0.38 0.36 0.38 0.44 0.52 0.62 0.70 0.76 0.81 0.84 0.85 0.82 0.78 0.75 0.74 0.75 0.77 0.79 0.81 0.80 0.76 0.70 0.62 0.54
  4   0.44 0.37 0.35 0.39 0.47 0.55 0.64 0.73 0.80 0.87 0.92 0.94 0.92 0.88 0.84 0.80 0.77 0.76 0.78 0.80 0.80 0.77 0.72 0.65
  5   0.56 0.48 0.42 0.41 0.45 0.52 0.60 0.68 0.78 0.87 0.94 0.98 0.98 0.94 0.87 0.81 0.75 0.72 0.72 0.75 0.77 0.77 0.74 0.68
  6   0.60 0.51 0.43 0.37 0.36 0.40 0.48 0.58 0.68 0.80 0.90 0.97 0.99 0.97 0.91 0.84 0.76 0.68 0.65 0.67 0.70 0.73 0.75 0.74
  7   0.68 0.58 0.47 0.38 0.32 0.31 0.36 0.48 0.60 0.73 0.85 0.95 1.00 0.99 0.92 0.83 0.74 0.67 0.64 0.65 0.71 0.77 0.80 0.79
  8   0.74 0.66 0.56 0.45 0.35 0.29 0.30 0.38 0.50 0.63 0.78 0.90 0.97 1.00 0.97 0.89 0.80 0.70 0.62 0.60 0.64 0.71 0.77 0.80
  9   0.79 0.74 0.63 0.48 0.36 0.27 0.24 0.27 0.39 0.55 0.71 0.86 0.98 1.03 1.02 0.95 0.84 0.72 0.63 0.61 0.64 0.70 0.77 0.85
 10   0.89 0.87 0.80 0.68 0.53 0.40 0.30 0.28 0.34 0.48 0.63 0.78 0.91 1.00 1.02 0.96 0.84 0.71 0.59 0.52 0.52 0.58 0.67 0.76
 11   0.82 0.86 0.85 0.76 0.62 0.47 0.37 0.32 0.34 0.42 0.56 0.70 0.84 0.96 1.04 1.04 0.94 0.78 0.62 0.50 0.45 0.48 0.57 0.67
 12   0.78 0.86 0.90 0.87 0.78 0.65 0.51 0.38 0.34 0.41 0.54 0.68 0.82 0.96 1.05 1.06 0.98 0.84 0.66 0.51 0.42 0.41 0.48 0.59
 13   0.70 0.79 0.87 0.90 0.87 0.78 0.66 0.56 0.48 0.48 0.55 0.66 0.79 0.94 1.03 1.06 1.00 0.85 0.68 0.52 0.39 0.34 0.35 0.43
 14   0.53 0.65 0.76 0.86 0.90 0.86 0.76 0.65 0.54 0.49 0.53 0.63 0.76 0.88 0.98 1.03 1.00 0.91 0.77 0.61 0.46 0.34 0.30 0.35
 15   0.46 0.58 0.70 0.80 0.87 0.90 0.88 0.82 0.73 0.65 0.62 0.66 0.74 0.82 0.91 0.98 0.99 0.93 0.81 0.66 0.50 0.37 0.28 0.27
 16   0.34 0.46 0.57 0.67 0.77 0.85 0.89 0.89 0.84 0.77 0.71 0.70 0.74 0.80 0.87 0.92 0.93 0.90 0.84 0.74 0.60 0.46 0.35 0.27
 17   0.25 0.29 0.37 0.48 0.60 0.70 0.79 0.86 0.88 0.85 0.77 0.72 0.70 0.71 0.74 0.78 0.82 0.82 0.78 0.71 0.61 0.49 0.35 0.25
 18   0.18 0.16 0.18 0.24 0.34 0.46 0.58 0.70 0.79 0.82 0.81 0.78 0.74 0.70 0.67 0.67 0.70 0.74 0.77 0.76 0.70 0.60 0.49 0.40
 19   0.30 0.21 0.18 0.20 0.26 0.37 0.48 0.61 0.74 0.84 0.90 0.90 0.85 0.78 0.72 0.67 0.64 0.64 0.67 0.71 0.74 0.74 0.67 0.56
 20   0.45 0.35 0.27 0.22 0.22 0.28 0.39 0.54 0.67 0.80 0.93 0.98 0.96 0.88 0.77 0.69 0.64 0.63 0.66 0.70 0.74 0.77 0.77 0.72
 21   0.64 0.52 0.39 0.26 0.20 0.22 0.29 0.41 0.57 0.73 0.89 1.02 1.05 1.01 0.90 0.79 0.68 0.59 0.57 0.61 0.67 0.74 0.79 0.80
 22   0.77 0.68 0.55 0.39 0.24 0.19 0.23 0.34 0.47 0.61 0.78 0.95 1.04 1.04 0.96 0.84 0.70 0.54 0.49 0.51 0.59 0.69 0.77 0.83
 23   0.84 0.80 0.72 0.58 0.41 0.28 0.25 0.31 0.44 0.59 0.74 0.91 1.07 1.12 1.08 0.97 0.81 0.63 0.50 0.48 0.53 0.63 0.74 0.83
 24   0.91 0.93 0.88 0.76 0.60 0.46 0.36 0.36 0.43 0.56 0.72 0.90 1.06 1.17 1.17 1.06 0.90 0.71 0.51 0.44 0.47 0.56 0.67 0.78
 25   0.89 0.95 0.94 0.86 0.73 0.58 0.45 0.39 0.44 0.56 0.70 0.86 1.01 1.11 1.15 1.11 0.98 0.77 0.59 0.46 0.41 0.46 0.57 0.70
 26   0.82 0.91 0.95 0.92 0.83 0.72 0.61 0.52 0.51 0.59 0.71 0.85 0.98 1.10 1.18 1.17 1.06 0.84 0.64 0.49 0.39 0.38 0.45 0.57
 27   0.71 0.88 0.99 1.04 1.01 0.90 0.75 0.66 0.62 0.65 0.76 0.87 0.97 1.05 1.10 1.10 1.05 0.94 0.77 0.62 0.49 0.44 0.46 0.53
 28   0.62 0.74 0.89 0.99 1.04 1.03 0.91 0.78 0.69 0.68 0.73 0.81 0.90 0.98 1.04 1.05 1.00 0.90 0.78 0.65 0.50 0.40 0.38 0.44
 29   0.54 0.66 0.79 0.91 1.03 1.07 1.04 0.94 0.79 0.71 0.72 0.80 0.88 0.96 1.03 1.07 1.06 0.98 0.85 0.72 0.60 0.51 0.44 0.45
 30   0.52 0.63 0.73 0.82 0.90 0.95 0.96 0.92 0.86 0.81 0.79 0.80 0.84 0.90 0.95 0.98 0.97 0.93 0.86 0.76 0.66 0.56 0.48 0.45
 31   0.48 0.56 0.66 0.75 0.83 0.89 0.93 0.93 0.90 0.86 0.83 0.81 0.82 0.86 0.91 0.94 0.94 0.91 0.86 0.79 0.71 0.63 0.55 0.48
 ----------------------------------------------------------------------------------------------------------------------------
                                                                                               
 ----------------------------------------------------------------------------------------------------------------------------
 ----------------------------------------------------------------------------------------------------------------------------
                                                          SURVEY OF INDIA
                                                    MARINE GEODESY WING (G&RB)
                                                     HOURLY HEIGHTS IN METRES
  NAME OF PORT:- COCHIN                                                                             MONTH SEPT      YEAR 2021
 ----------------------------------------------------------------------------------------------------------------------------
 DAYS 0000 0001 0002 0003 0004 0005 0006 0007 0008 0009 0010 0011 0012 0013 0014 0015 0016 0017 0018 0019 0020 0021 0022 0023
 ----------------------------------------------------------------------------------------------------------------------------
  1   0.44 0.46 0.55 0.64 0.72 0.81 0.87 0.92 0.94 0.94 0.92 0.89 0.87 0.86 0.87 0.90 0.93 0.93 0.90 0.85 0.79 0.72 0.66 0.59
  2   0.53 0.50 0.53 0.59 0.66 0.74 0.81 0.88 0.93 0.96 0.96 0.94 0.91 0.88 0.85 0.84 0.84 0.84 0.83 0.81 0.78 0.74 0.68 0.61
  3   0.54 0.49 0.46 0.47 0.52 0.58 0.66 0.75 0.84 0.89 0.92 0.92 0.90 0.86 0.81 0.77 0.74 0.73 0.73 0.74 0.76 0.77 0.75 0.70
  4   0.63 0.56 0.50 0.46 0.47 0.53 0.62 0.71 0.80 0.89 0.96 1.00 1.00 0.96 0.89 0.82 0.76 0.72 0.72 0.76 0.80 0.84 0.85 0.82
  5   0.75 0.67 0.59 0.52 0.47 0.48 0.53 0.62 0.72 0.84 0.95 1.03 1.05 1.02 0.91 0.81 0.72 0.65 0.64 0.67 0.72 0.78 0.82 0.83
  6   0.80 0.73 0.61 0.49 0.38 0.34 0.39 0.50 0.63 0.79 0.92 1.03 1.08 1.06 0.97 0.84 0.71 0.61 0.58 0.60 0.67 0.76 0.84 0.90
  7   0.90 0.85 0.74 0.60 0.45 0.36 0.36 0.44 0.55 0.68 0.83 0.96 1.03 1.03 0.96 0.84 0.70 0.56 0.48 0.49 0.56 0.66 0.78 0.88
  8   0.93 0.93 0.86 0.71 0.56 0.44 0.37 0.41 0.52 0.65 0.81 0.95 1.07 1.12 1.08 0.94 0.76 0.60 0.49 0.44 0.46 0.58 0.72 0.85
  9   0.98 1.04 1.02 0.92 0.78 0.61 0.48 0.44 0.52 0.65 0.78 0.93 1.06 1.13 1.11 1.00 0.83 0.60 0.45 0.36 0.37 0.50 0.64 0.80
 10   0.94 1.03 1.05 1.01 0.90 0.75 0.61 0.52 0.51 0.61 0.74 0.88 1.02 1.12 1.13 1.03 0.86 0.66 0.48 0.35 0.30 0.36 0.48 0.67
 11   0.82 0.96 1.06 1.08 1.03 0.92 0.77 0.65 0.61 0.63 0.72 0.84 0.95 1.05 1.08 1.05 0.94 0.75 0.55 0.38 0.30 0.29 0.37 0.51
 12   0.69 0.86 0.98 1.06 1.09 1.04 0.93 0.79 0.71 0.69 0.72 0.79 0.89 0.98 1.05 1.07 1.01 0.86 0.70 0.54 0.39 0.29 0.28 0.35
 13   0.46 0.59 0.74 0.87 1.00 1.06 1.01 0.90 0.79 0.72 0.70 0.74 0.82 0.90 0.97 1.00 0.96 0.86 0.73 0.59 0.43 0.31 0.25 0.28
 14   0.37 0.49 0.63 0.76 0.86 0.94 0.98 0.95 0.88 0.80 0.76 0.76 0.78 0.82 0.87 0.91 0.91 0.87 0.80 0.70 0.58 0.48 0.40 0.34
 15   0.34 0.40 0.50 0.61 0.72 0.82 0.91 0.96 0.96 0.91 0.86 0.82 0.80 0.80 0.82 0.86 0.88 0.88 0.85 0.80 0.73 0.64 0.56 0.48
 16   0.43 0.44 0.49 0.57 0.66 0.76 0.86 0.96 1.05 1.08 1.04 0.98 0.93 0.88 0.85 0.86 0.89 0.92 0.92 0.90 0.86 0.80 0.73 0.65
 17   0.56 0.52 0.51 0.53 0.58 0.66 0.75 0.86 0.95 1.01 1.02 0.99 0.92 0.83 0.77 0.74 0.73 0.75 0.78 0.81 0.84 0.84 0.79 0.72
 18   0.64 0.56 0.50 0.46 0.46 0.51 0.60 0.71 0.83 0.94 1.01 1.01 0.95 0.86 0.76 0.68 0.62 0.62 0.66 0.72 0.78 0.84 0.87 0.84
 19   0.77 0.68 0.58 0.50 0.46 0.47 0.53 0.62 0.74 0.87 0.98 1.06 1.07 1.01 0.89 0.76 0.65 0.58 0.59 0.66 0.75 0.84 0.92 0.96
 20   0.96 0.89 0.76 0.64 0.53 0.48 0.51 0.60 0.71 0.82 0.95 1.07 1.13 1.10 1.00 0.85 0.70 0.54 0.50 0.56 0.66 0.78 0.89 0.98
 21   1.02 0.98 0.89 0.77 0.64 0.52 0.50 0.56 0.66 0.79 0.92 1.05 1.13 1.12 1.03 0.89 0.70 0.53 0.44 0.46 0.56 0.69 0.82 0.92
 22   1.00 1.03 1.00 0.88 0.74 0.60 0.52 0.52 0.58 0.69 0.82 0.94 1.04 1.07 1.02 0.86 0.68 0.50 0.38 0.36 0.42 0.53 0.66 0.81
 23   0.94 1.00 0.99 0.92 0.79 0.67 0.56 0.51 0.55 0.65 0.76 0.88 0.98 1.02 0.98 0.87 0.70 0.52 0.35 0.29 0.33 0.42 0.56 0.72
 24   0.84 0.92 0.96 0.93 0.83 0.71 0.59 0.50 0.51 0.59 0.69 0.79 0.89 0.96 0.97 0.89 0.75 0.58 0.40 0.31 0.31 0.38 0.52 0.66
 25   0.80 0.94 1.02 1.03 0.98 0.89 0.78 0.67 0.64 0.67 0.74 0.84 0.94 1.01 1.04 0.99 0.86 0.70 0.54 0.43 0.38 0.41 0.51 0.63
 26   0.77 0.93 1.03 1.07 1.06 1.00 0.91 0.80 0.73 0.73 0.77 0.83 0.91 1.00 1.03 1.00 0.91 0.76 0.61 0.49 0.40 0.38 0.45 0.58
 27   0.71 0.83 0.95 1.04 1.08 1.05 0.98 0.90 0.83 0.78 0.77 0.80 0.84 0.88 0.91 0.91 0.85 0.75 0.64 0.54 0.44 0.38 0.41 0.50
 28   0.61 0.72 0.82 0.90 0.96 0.98 0.95 0.89 0.82 0.76 0.74 0.76 0.81 0.85 0.89 0.90 0.86 0.78 0.69 0.60 0.50 0.42 0.40 0.43
 29   0.50 0.59 0.69 0.78 0.85 0.89 0.90 0.87 0.83 0.80 0.77 0.76 0.77 0.79 0.82 0.84 0.84 0.81 0.75 0.67 0.59 0.53 0.49 0.47
 30   0.48 0.53 0.62 0.71 0.78 0.84 0.88 0.90 0.89 0.85 0.81 0.78 0.76 0.77 0.79 0.82 0.83 0.82 0.78 0.73 0.68 0.62 0.57 0.53
 ----------------------------------------------------------------------------------------------------------------------------
                                                                                               
 ----------------------------------------------------------------------------------------------------------------------------
 ----------------------------------------------------------------------------------------------------------------------------
                                                          SURVEY OF INDIA
                                                    MARINE GEODESY WING (G&RB)
                                                     HOURLY HEIGHTS IN METRES
  NAME OF PORT:- COCHIN                                                                             MONTH OCTOBER   YEAR 2021
 ----------------------------------------------------------------------------------------------------------------------------
 DAYS 0000 0001 0002 0003 0004 0005 0006 0007 0008 0009 0010 0011 0012 0013 0014 0015 0016 0017 0018 0019 0020 0021 0022 0023
 ----------------------------------------------------------------------------------------------------------------------------
  1   0.52 0.54 0.59 0.65 0.72 0.79 0.86 0.91 0.92 0.91 0.89 0.86 0.83 0.81 0.79 0.77 0.76 0.75 0.74 0.72 0.70 0.67 0.63 0.59
  2   0.57 0.56 0.57 0.59 0.63 0.69 0.76 0.83 0.88 0.90 0.90 0.88 0.83 0.78 0.73 0.69 0.67 0.68 0.70 0.73 0.75 0.75 0.72 0.65
  3   0.58 0.54 0.52 0.53 0.56 0.61 0.69 0.78 0.86 0.93 0.98 0.98 0.94 0.86 0.78 0.71 0.68 0.68 0.71 0.75 0.79 0.83 0.84 0.81
  4   0.75 0.67 0.60 0.54 0.53 0.56 0.64 0.73 0.83 0.92 0.99 1.02 1.00 0.92 0.82 0.72 0.65 0.63 0.66 0.73 0.81 0.89 0.95 0.96
  5   0.93 0.86 0.77 0.67 0.60 0.61 0.68 0.78 0.88 0.99 1.09 1.15 1.13 1.03 0.92 0.79 0.67 0.60 0.60 0.68 0.80 0.92 1.03 1.08
  6   1.08 1.03 0.95 0.84 0.71 0.63 0.64 0.73 0.84 0.96 1.08 1.16 1.17 1.09 0.97 0.82 0.66 0.53 0.49 0.57 0.71 0.85 0.98 1.10
  7   1.17 1.16 1.09 0.98 0.82 0.68 0.64 0.70 0.80 0.91 1.01 1.11 1.15 1.10 0.99 0.82 0.62 0.45 0.36 0.39 0.51 0.67 0.84 1.00
  8   1.13 1.17 1.14 1.02 0.88 0.76 0.65 0.62 0.71 0.83 0.95 1.06 1.12 1.10 1.01 0.87 0.68 0.51 0.34 0.31 0.40 0.55 0.73 0.95
  9   1.14 1.25 1.28 1.25 1.13 0.97 0.83 0.76 0.76 0.82 0.93 1.06 1.16 1.18 1.14 1.02 0.80 0.57 0.38 0.27 0.29 0.42 0.59 0.81
 10   1.02 1.16 1.25 1.29 1.24 1.10 0.95 0.83 0.79 0.82 0.91 1.02 1.10 1.14 1.12 1.04 0.89 0.70 0.50 0.34 0.26 0.32 0.46 0.63
 11   0.82 0.98 1.11 1.22 1.24 1.18 1.06 0.93 0.84 0.82 0.85 0.92 1.00 1.07 1.11 1.08 0.98 0.85 0.69 0.54 0.43 0.39 0.44 0.54
 12   0.68 0.85 1.01 1.13 1.20 1.21 1.15 1.06 0.99 0.92 0.89 0.93 1.00 1.07 1.12 1.12 1.07 0.98 0.85 0.69 0.54 0.42 0.39 0.46
 13   0.58 0.72 0.87 1.00 1.11 1.16 1.16 1.10 1.01 0.92 0.86 0.85 0.88 0.92 0.96 1.00 1.00 0.97 0.90 0.80 0.70 0.60 0.52 0.48
 14   0.53 0.64 0.74 0.84 0.95 1.04 1.11 1.12 1.07 1.00 0.93 0.89 0.87 0.87 0.88 0.90 0.93 0.96 0.96 0.91 0.84 0.76 0.69 0.63
 15   0.61 0.63 0.68 0.75 0.83 0.93 1.02 1.08 1.09 1.06 1.01 0.95 0.89 0.84 0.82 0.82 0.84 0.86 0.89 0.91 0.91 0.89 0.84 0.78
 16   0.73 0.70 0.69 0.72 0.77 0.83 0.92 1.02 1.13 1.18 1.16 1.07 0.97 0.88 0.79 0.75 0.77 0.81 0.85 0.90 0.95 0.99 0.99 0.94
 17   0.87 0.80 0.74 0.70 0.72 0.77 0.85 0.94 1.04 1.11 1.13 1.08 0.98 0.86 0.74 0.65 0.62 0.66 0.74 0.82 0.90 0.97 1.01 1.01
 18   0.96 0.88 0.78 0.73 0.72 0.75 0.81 0.88 0.97 1.05 1.10 1.10 1.04 0.92 0.76 0.60 0.49 0.47 0.55 0.68 0.79 0.90 0.98 1.03
 19   1.04 0.98 0.87 0.73 0.68 0.72 0.78 0.85 0.92 0.99 1.05 1.07 1.03 0.93 0.80 0.64 0.49 0.42 0.45 0.56 0.69 0.82 0.95 1.05
 20   1.10 1.08 1.00 0.89 0.73 0.65 0.67 0.76 0.85 0.94 1.03 1.08 1.08 1.02 0.89 0.74 0.57 0.47 0.46 0.54 0.68 0.82 0.98 1.10
 21   1.16 1.17 1.12 1.03 0.90 0.79 0.76 0.80 0.86 0.93 1.01 1.08 1.10 1.05 0.94 0.76 0.57 0.43 0.37 0.42 0.56 0.71 0.86 1.00
 22   1.13 1.18 1.16 1.07 0.93 0.80 0.72 0.72 0.78 0.86 0.94 1.02 1.06 1.04 0.95 0.81 0.64 0.49 0.38 0.37 0.47 0.62 0.80 0.97
 23   1.09 1.15 1.16 1.13 1.03 0.89 0.78 0.74 0.76 0.82 0.88 0.95 0.99 0.98 0.92 0.80 0.63 0.46 0.34 0.28 0.33 0.46 0.62 0.80
 24   0.96 1.06 1.10 1.07 1.00 0.90 0.77 0.70 0.70 0.76 0.85 0.93 0.98 1.00 0.96 0.86 0.73 0.58 0.42 0.36 0.38 0.46 0.61 0.76
 25   0.90 1.03 1.10 1.12 1.08 1.00 0.90 0.80 0.77 0.81 0.89 0.96 1.02 1.04 1.02 0.95 0.85 0.72 0.58 0.48 0.44 0.48 0.56 0.70
 26   0.85 0.99 1.10 1.16 1.15 1.09 1.01 0.92 0.83 0.79 0.81 0.86 0.92 0.96 0.96 0.92 0.82 0.70 0.58 0.48 0.42 0.42 0.48 0.59
 27   0.73 0.86 0.98 1.06 1.09 1.07 1.00 0.92 0.85 0.80 0.79 0.82 0.87 0.91 0.93 0.92 0.87 0.79 0.70 0.62 0.55 0.52 0.53 0.60
 28   0.72 0.84 0.95 1.03 1.08 1.10 1.09 1.04 0.98 0.92 0.88 0.88 0.90 0.94 0.98 0.98 0.95 0.90 0.84 0.78 0.72 0.67 0.66 0.68
 29   0.74 0.82 0.91 1.00 1.06 1.10 1.11 1.10 1.06 0.98 0.91 0.87 0.86 0.87 0.90 0.92 0.92 0.90 0.86 0.82 0.77 0.72 0.68 0.68
 30   0.71 0.76 0.83 0.89 0.96 1.02 1.07 1.08 1.06 1.02 0.97 0.91 0.86 0.83 0.83 0.84 0.86 0.88 0.89 0.88 0.84 0.80 0.76 0.72
 31   0.70 0.70 0.73 0.78 0.85 0.92 0.99 1.03 1.04 1.02 0.97 0.91 0.85 0.79 0.75 0.73 0.74 0.77 0.80 0.84 0.87 0.88 0.86 0.82
 ----------------------------------------------------------------------------------------------------------------------------
                                                                                               
 ----------------------------------------------------------------------------------------------------------------------------
 ----------------------------------------------------------------------------------------------------------------------------
                                                          SURVEY OF INDIA
                                                    MARINE GEODESY WING (G&RB)
                                                     HOURLY HEIGHTS IN METRES
  NAME OF PORT:- COCHIN                                                                             MONTH NOVEMBER  YEAR 2021
 ----------------------------------------------------------------------------------------------------------------------------
 DAYS 0000 0001 0002 0003 0004 0005 0006 0007 0008 0009 0010 0011 0012 0013 0014 0015 0016 0017 0018 0019 0020 0021 0022 0023
 ----------------------------------------------------------------------------------------------------------------------------
  1   0.78 0.75 0.74 0.76 0.80 0.86 0.93 1.00 1.06 1.08 1.06 0.99 0.90 0.80 0.73 0.70 0.71 0.76 0.82 0.88 0.94 0.99 1.00 0.96
  2   0.89 0.83 0.78 0.76 0.78 0.84 0.91 0.99 1.07 1.10 1.09 1.04 0.93 0.78 0.68 0.63 0.62 0.66 0.75 0.85 0.95 1.05 1.11 1.12
  3   1.07 0.98 0.89 0.81 0.78 0.81 0.88 0.96 1.04 1.13 1.18 1.14 1.02 0.89 0.77 0.64 0.54 0.53 0.61 0.73 0.88 1.02 1.15 1.23
  4   1.23 1.17 1.07 0.96 0.84 0.79 0.84 0.93 1.02 1.10 1.16 1.16 1.07 0.94 0.79 0.60 0.44 0.38 0.44 0.58 0.75 0.95 1.14 1.27
  5   1.34 1.32 1.22 1.10 0.97 0.84 0.82 0.88 0.99 1.09 1.17 1.20 1.17 1.04 0.88 0.67 0.46 0.32 0.31 0.43 0.61 0.82 1.02 1.21
  6   1.35 1.40 1.36 1.24 1.10 0.93 0.83 0.83 0.88 0.98 1.12 1.18 1.17 1.08 0.91 0.70 0.48 0.29 0.21 0.25 0.39 0.60 0.83 1.05
  7   1.24 1.34 1.36 1.29 1.14 1.00 0.86 0.77 0.78 0.86 0.96 1.04 1.08 1.05 0.96 0.81 0.60 0.37 0.24 0.20 0.26 0.41 0.61 0.85
  8   1.07 1.21 1.29 1.31 1.25 1.12 0.98 0.84 0.79 0.82 0.89 1.00 1.08 1.09 1.03 0.92 0.77 0.58 0.38 0.25 0.26 0.37 0.52 0.71
  9   0.91 1.12 1.27 1.34 1.32 1.22 1.09 0.93 0.82 0.77 0.80 0.87 0.97 1.04 1.05 1.00 0.90 0.75 0.59 0.45 0.36 0.35 0.45 0.59
 10   0.76 0.94 1.10 1.22 1.26 1.23 1.13 0.99 0.87 0.76 0.73 0.77 0.85 0.93 0.98 0.98 0.93 0.84 0.72 0.60 0.50 0.46 0.48 0.55
 11   0.67 0.79 0.93 1.05 1.16 1.21 1.19 1.10 0.98 0.85 0.77 0.73 0.75 0.82 0.89 0.95 0.96 0.93 0.87 0.79 0.72 0.66 0.62 0.64
 12   0.72 0.81 0.90 0.99 1.09 1.18 1.22 1.20 1.11 1.01 0.90 0.80 0.74 0.74 0.78 0.83 0.88 0.92 0.93 0.91 0.87 0.82 0.77 0.74
 13   0.74 0.77 0.83 0.90 0.98 1.05 1.12 1.16 1.15 1.06 0.94 0.83 0.73 0.69 0.69 0.72 0.77 0.82 0.87 0.92 0.94 0.92 0.88 0.84
 14   0.81 0.80 0.82 0.87 0.94 1.01 1.09 1.14 1.15 1.12 1.06 0.96 0.85 0.74 0.67 0.66 0.70 0.76 0.83 0.90 0.98 1.03 1.04 1.01
 15   0.96 0.91 0.88 0.89 0.92 0.97 1.03 1.10 1.17 1.20 1.16 1.07 0.96 0.84 0.73 0.65 0.64 0.70 0.79 0.88 0.98 1.08 1.13 1.14
 16   1.11 1.05 0.98 0.91 0.90 0.94 1.00 1.06 1.12 1.15 1.15 1.10 1.01 0.89 0.75 0.62 0.57 0.59 0.67 0.79 0.92 1.04 1.13 1.18
 17   1.18 1.13 1.05 0.96 0.89 0.88 0.92 0.99 1.05 1.10 1.12 1.09 1.01 0.87 0.74 0.60 0.48 0.46 0.55 0.68 0.81 0.95 1.07 1.16
 18   1.18 1.16 1.10 1.02 0.92 0.85 0.84 0.89 0.96 1.04 1.09 1.09 1.02 0.91 0.76 0.62 0.50 0.44 0.47 0.57 0.72 0.89 1.03 1.16
 19   1.25 1.28 1.23 1.13 1.02 0.92 0.88 0.90 0.95 1.01 1.07 1.10 1.08 0.98 0.86 0.72 0.58 0.49 0.47 0.55 0.69 0.84 1.00 1.16
 20   1.29 1.34 1.32 1.24 1.12 1.01 0.92 0.88 0.92 0.98 1.03 1.07 1.07 1.01 0.90 0.75 0.60 0.47 0.38 0.42 0.55 0.72 0.90 1.07
 21   1.20 1.26 1.25 1.19 1.09 0.96 0.84 0.80 0.82 0.87 0.93 0.99 1.01 0.98 0.89 0.78 0.64 0.50 0.39 0.36 0.44 0.59 0.76 0.97
 22   1.12 1.22 1.27 1.24 1.14 1.02 0.92 0.85 0.81 0.82 0.86 0.90 0.93 0.93 0.89 0.80 0.67 0.53 0.42 0.39 0.43 0.54 0.69 0.85
 23   1.02 1.15 1.22 1.22 1.16 1.05 0.94 0.84 0.78 0.80 0.85 0.91 0.96 0.97 0.95 0.89 0.79 0.65 0.53 0.45 0.44 0.50 0.62 0.77
 24   0.96 1.10 1.19 1.23 1.22 1.15 1.05 0.94 0.87 0.84 0.86 0.91 0.97 1.02 1.02 0.96 0.86 0.76 0.64 0.54 0.52 0.56 0.65 0.77
 25   0.90 1.04 1.18 1.24 1.23 1.16 1.08 0.99 0.91 0.87 0.86 0.88 0.92 0.95 0.96 0.94 0.88 0.80 0.70 0.62 0.56 0.56 0.62 0.71
 26   0.82 0.94 1.05 1.15 1.20 1.20 1.15 1.06 0.96 0.88 0.85 0.85 0.87 0.91 0.95 0.96 0.94 0.89 0.82 0.74 0.68 0.65 0.66 0.71
 27   0.79 0.89 0.99 1.09 1.15 1.17 1.15 1.09 1.02 0.94 0.86 0.80 0.79 0.82 0.86 0.90 0.92 0.91 0.88 0.83 0.78 0.73 0.71 0.74
 28   0.80 0.87 0.95 1.03 1.10 1.16 1.18 1.16 1.10 1.02 0.95 0.90 0.86 0.85 0.86 0.89 0.93 0.97 0.98 0.97 0.94 0.90 0.86 0.84
 29   0.86 0.91 0.96 1.02 1.09 1.15 1.21 1.24 1.22 1.15 1.06 0.97 0.89 0.83 0.81 0.84 0.90 0.96 1.02 1.06 1.08 1.08 1.05 1.02
 30   0.99 0.98 1.00 1.04 1.09 1.14 1.20 1.25 1.24 1.17 1.08 0.98 0.88 0.79 0.74 0.74 0.78 0.85 0.94 1.04 1.13 1.18 1.18 1.14
 ----------------------------------------------------------------------------------------------------------------------------
                                                                                               
 ----------------------------------------------------------------------------------------------------------------------------
 ----------------------------------------------------------------------------------------------------------------------------
                                                          SURVEY OF INDIA
                                                    MARINE GEODESY WING (G&RB)
                                                     HOURLY HEIGHTS IN METRES
  NAME OF PORT:- COCHIN                                                                             MONTH DECEMBER  YEAR 2021
 ----------------------------------------------------------------------------------------------------------------------------
 DAYS 0000 0001 0002 0003 0004 0005 0006 0007 0008 0009 0010 0011 0012 0013 0014 0015 0016 0017 0018 0019 0020 0021 0022 0023
 ----------------------------------------------------------------------------------------------------------------------------
  1   1.09 1.04 1.01 1.01 1.04 1.09 1.15 1.21 1.24 1.22 1.14 1.03 0.89 0.76 0.66 0.62 0.65 0.73 0.85 0.96 1.07 1.17 1.25 1.27
  2   1.23 1.15 1.07 1.02 1.01 1.03 1.08 1.14 1.20 1.21 1.17 1.08 0.92 0.75 0.60 0.49 0.47 0.53 0.64 0.78 0.97 1.14 1.29 1.36
  3   1.35 1.28 1.18 1.08 1.01 0.99 1.01 1.06 1.13 1.19 1.20 1.14 1.02 0.85 0.66 0.48 0.36 0.37 0.49 0.66 0.89 1.10 1.30 1.41
  4   1.45 1.43 1.36 1.23 1.09 1.00 0.98 1.02 1.09 1.17 1.22 1.20 1.11 0.94 0.72 0.50 0.32 0.25 0.31 0.46 0.68 0.92 1.14 1.34
  5   1.44 1.46 1.40 1.30 1.16 1.02 0.92 0.90 0.94 1.03 1.12 1.15 1.11 1.00 0.82 0.60 0.42 0.26 0.21 0.28 0.45 0.70 0.94 1.18
  6   1.38 1.47 1.48 1.38 1.23 1.08 0.92 0.83 0.84 0.93 1.04 1.12 1.15 1.10 0.99 0.82 0.61 0.42 0.28 0.27 0.39 0.56 0.78 1.03
  7   1.25 1.40 1.48 1.46 1.38 1.23 1.06 0.94 0.89 0.90 0.96 1.04 1.12 1.15 1.10 0.98 0.82 0.61 0.42 0.30 0.32 0.46 0.63 0.85
  8   1.07 1.24 1.37 1.43 1.40 1.30 1.14 0.95 0.83 0.79 0.81 0.90 1.01 1.07 1.09 1.06 0.98 0.84 0.65 0.52 0.46 0.49 0.63 0.79
  9   0.96 1.14 1.32 1.42 1.45 1.41 1.29 1.11 0.93 0.86 0.84 0.87 0.94 1.02 1.10 1.14 1.12 1.05 0.93 0.80 0.70 0.66 0.71 0.84
 10   0.99 1.12 1.26 1.39 1.47 1.48 1.41 1.29 1.13 0.96 0.88 0.85 0.87 0.95 1.03 1.10 1.15 1.14 1.08 0.99 0.90 0.83 0.82 0.87
 11   0.96 1.06 1.16 1.27 1.36 1.40 1.40 1.34 1.22 1.03 0.88 0.78 0.76 0.81 0.90 0.99 1.06 1.11 1.12 1.10 1.06 1.00 0.96 0.96
 12   1.00 1.07 1.15 1.24 1.32 1.38 1.41 1.39 1.32 1.19 1.06 0.94 0.85 0.82 0.86 0.94 1.05 1.13 1.19 1.22 1.22 1.20 1.16 1.13
 13   1.11 1.12 1.16 1.22 1.29 1.35 1.41 1.42 1.36 1.26 1.14 1.01 0.89 0.79 0.77 0.82 0.91 1.01 1.11 1.19 1.26 1.29 1.28 1.24
 14   1.19 1.16 1.16 1.18 1.22 1.27 1.32 1.36 1.37 1.33 1.23 1.12 1.00 0.87 0.78 0.76 0.82 0.92 1.03 1.13 1.23 1.31 1.36 1.37
 15   1.35 1.31 1.27 1.23 1.22 1.25 1.29 1.34 1.37 1.36 1.30 1.19 1.07 0.94 0.81 0.73 0.72 0.80 0.93 1.07 1.22 1.33 1.42 1.46
 16   1.46 1.42 1.36 1.29 1.23 1.20 1.22 1.26 1.30 1.32 1.29 1.21 1.10 0.96 0.83 0.73 0.67 0.70 0.81 0.94 1.08 1.21 1.33 1.42
 17   1.47 1.46 1.41 1.32 1.22 1.13 1.09 1.11 1.17 1.21 1.21 1.17 1.09 0.98 0.85 0.72 0.64 0.63 0.69 0.82 0.98 1.15 1.29 1.40
 18   1.47 1.49 1.45 1.37 1.26 1.17 1.12 1.10 1.12 1.17 1.20 1.19 1.13 1.03 0.91 0.76 0.63 0.57 0.61 0.73 0.87 1.03 1.20 1.34
 19   1.42 1.46 1.45 1.36 1.24 1.12 1.03 0.99 1.00 1.04 1.10 1.13 1.10 1.01 0.90 0.76 0.62 0.53 0.52 0.61 0.75 0.90 1.09 1.25
 20   1.36 1.43 1.45 1.39 1.28 1.16 1.06 1.00 0.99 1.03 1.10 1.16 1.16 1.09 0.98 0.86 0.72 0.58 0.52 0.56 0.70 0.86 1.05 1.23
 21   1.37 1.46 1.50 1.48 1.38 1.24 1.11 1.04 1.01 1.02 1.06 1.10 1.12 1.10 1.03 0.92 0.77 0.62 0.53 0.52 0.60 0.76 0.95 1.15
 22   1.32 1.42 1.47 1.47 1.41 1.30 1.17 1.07 1.00 0.98 1.01 1.07 1.12 1.12 1.07 0.97 0.84 0.72 0.60 0.56 0.60 0.73 0.89 1.05
 23   1.24 1.36 1.43 1.46 1.44 1.33 1.21 1.09 1.01 0.97 0.97 1.01 1.06 1.10 1.10 1.02 0.90 0.77 0.64 0.55 0.53 0.61 0.74 0.88
 24   1.04 1.19 1.30 1.36 1.36 1.30 1.18 1.06 0.97 0.90 0.88 0.90 0.94 0.99 1.03 1.01 0.94 0.85 0.75 0.65 0.59 0.61 0.71 0.84
 25   0.97 1.09 1.23 1.33 1.37 1.33 1.23 1.12 0.99 0.86 0.81 0.82 0.87 0.92 0.97 1.00 0.97 0.90 0.81 0.71 0.63 0.60 0.65 0.76
 26   0.87 1.00 1.12 1.22 1.27 1.27 1.22 1.10 0.97 0.87 0.78 0.75 0.77 0.82 0.88 0.94 0.98 0.97 0.92 0.85 0.78 0.72 0.71 0.76
 27   0.86 0.96 1.07 1.17 1.24 1.26 1.23 1.14 1.01 0.88 0.76 0.68 0.67 0.70 0.76 0.83 0.90 0.96 0.97 0.95 0.91 0.87 0.85 0.86
 28   0.90 0.96 1.05 1.14 1.22 1.26 1.24 1.18 1.07 0.93 0.80 0.69 0.61 0.59 0.63 0.71 0.81 0.90 0.98 1.04 1.06 1.03 0.98 0.94
 29   0.95 1.00 1.06 1.12 1.17 1.21 1.22 1.19 1.12 1.00 0.85 0.70 0.58 0.52 0.52 0.59 0.72 0.84 0.97 1.08 1.16 1.20 1.19 1.16
 30   1.12 1.08 1.08 1.11 1.15 1.19 1.21 1.20 1.16 1.08 0.94 0.78 0.62 0.49 0.42 0.43 0.53 0.67 0.83 0.97 1.10 1.20 1.28 1.30
 31   1.26 1.20 1.13 1.08 1.08 1.10 1.12 1.14 1.13 1.07 0.95 0.80 0.64 0.48 0.34 0.29 0.32 0.43 0.59 0.76 0.94 1.10 1.23 1.31
 ----------------------------------------------------------------------------------------------------------------------------
                                                                                               
 ----------------------------------------------------------------------------------------------------------------------------
 ----------------------------------------------------------------------------------------------------------------------------
