                                                          SURVEY OF INDIA
                                                    MARINE GEODESY WING (G&RB)
                                                     HOURLY HEIGHTS IN METRES
  NAME OF PORT:- COCHIN                                                                             MONTH JANUARY   YEAR 2019
 ----------------------------------------------------------------------------------------------------------------------------
 DAYS 0000 0001 0002 0003 0004 0005 0006 0007 0008 0009 0010 0011 0012 0013 0014 0015 0016 0017 0018 0019 0020 0021 0022 0023
 ----------------------------------------------------------------------------------------------------------------------------
  1   0.88 0.79 0.79 0.84 0.91 0.98 1.03 1.04 1.01 0.91 0.76 0.62 0.49 0.39 0.33 0.32 0.38 0.52 0.69 0.84 0.96 1.04 1.08 1.07
  2   1.01 0.94 0.88 0.84 0.83 0.85 0.90 0.96 0.98 0.94 0.85 0.72 0.57 0.43 0.32 0.27 0.28 0.36 0.51 0.70 0.86 0.99 1.07 1.10
  3   1.07 1.00 0.91 0.82 0.76 0.75 0.78 0.84 0.89 0.90 0.87 0.78 0.64 0.49 0.35 0.24 0.20 0.25 0.37 0.55 0.73 0.90 1.04 1.12
  4   1.14 1.11 1.02 0.91 0.81 0.75 0.73 0.75 0.79 0.82 0.83 0.80 0.71 0.57 0.41 0.25 0.15 0.13 0.20 0.36 0.56 0.75 0.93 1.07
  5   1.13 1.13 1.08 0.96 0.83 0.74 0.69 0.69 0.72 0.78 0.84 0.86 0.81 0.70 0.55 0.38 0.23 0.16 0.18 0.30 0.48 0.68 0.89 1.06
  6   1.19 1.24 1.22 1.11 0.95 0.82 0.74 0.71 0.72 0.77 0.83 0.87 0.86 0.80 0.69 0.54 0.36 0.21 0.16 0.21 0.37 0.58 0.81 1.01
  7   1.16 1.22 1.21 1.14 1.00 0.82 0.70 0.64 0.64 0.68 0.76 0.85 0.89 0.87 0.79 0.66 0.49 0.30 0.20 0.21 0.31 0.48 0.69 0.92
  8   1.11 1.20 1.23 1.20 1.08 0.91 0.78 0.69 0.65 0.68 0.76 0.87 0.94 0.96 0.91 0.81 0.67 0.50 0.37 0.32 0.36 0.47 0.65 0.89
  9   1.11 1.23 1.28 1.28 1.22 1.07 0.91 0.77 0.67 0.65 0.70 0.80 0.89 0.94 0.95 0.89 0.74 0.55 0.40 0.34 0.35 0.41 0.54 0.75
 10   0.99 1.14 1.23 1.26 1.21 1.09 0.93 0.78 0.67 0.62 0.63 0.71 0.82 0.89 0.92 0.90 0.81 0.67 0.53 0.44 0.41 0.45 0.56 0.73
 11   0.90 1.07 1.19 1.23 1.21 1.11 0.94 0.78 0.66 0.59 0.57 0.61 0.69 0.78 0.84 0.86 0.82 0.72 0.57 0.42 0.36 0.38 0.47 0.61
 12   0.77 0.94 1.08 1.17 1.20 1.16 1.05 0.89 0.73 0.61 0.56 0.58 0.65 0.74 0.83 0.89 0.91 0.88 0.79 0.67 0.58 0.54 0.56 0.63
 13   0.76 0.91 1.05 1.14 1.17 1.14 1.04 0.89 0.75 0.63 0.56 0.54 0.57 0.64 0.74 0.83 0.88 0.89 0.86 0.79 0.70 0.64 0.62 0.65
 14   0.73 0.85 0.98 1.08 1.13 1.13 1.09 0.99 0.85 0.70 0.58 0.51 0.49 0.53 0.61 0.71 0.80 0.87 0.89 0.87 0.82 0.76 0.72 0.71
 15   0.75 0.83 0.94 1.05 1.11 1.13 1.10 1.02 0.90 0.75 0.61 0.50 0.45 0.47 0.54 0.64 0.74 0.84 0.92 0.96 0.96 0.93 0.89 0.85
 16   0.84 0.86 0.91 0.98 1.04 1.08 1.09 1.06 0.98 0.83 0.66 0.50 0.40 0.36 0.37 0.44 0.56 0.68 0.80 0.91 0.98 1.00 0.99 0.95
 17   0.91 0.88 0.88 0.91 0.96 1.01 1.03 1.01 0.95 0.84 0.70 0.57 0.45 0.35 0.31 0.35 0.45 0.58 0.73 0.89 1.01 1.09 1.12 1.12
 18   1.08 1.01 0.94 0.90 0.91 0.95 1.00 1.03 1.03 0.98 0.86 0.71 0.54 0.40 0.29 0.25 0.29 0.42 0.60 0.80 0.98 1.11 1.20 1.24
 19   1.22 1.15 1.06 0.97 0.91 0.89 0.91 0.95 0.99 0.99 0.93 0.81 0.65 0.49 0.32 0.19 0.14 0.18 0.34 0.55 0.77 0.97 1.10 1.19
 20   1.23 1.21 1.13 1.00 0.90 0.85 0.85 0.89 0.95 0.98 0.97 0.91 0.78 0.61 0.41 0.24 0.14 0.13 0.20 0.38 0.60 0.84 1.05 1.22
 21   1.29 1.28 1.19 1.02 0.87 0.78 0.74 0.75 0.81 0.89 0.93 0.93 0.87 0.75 0.56 0.34 0.16 0.07 0.09 0.19 0.37 0.60 0.84 1.08
 22   1.24 1.30 1.27 1.13 0.97 0.82 0.72 0.68 0.71 0.81 0.93 1.02 1.05 0.99 0.84 0.63 0.40 0.23 0.16 0.20 0.34 0.55 0.82 1.09
 23   1.28 1.37 1.36 1.27 1.12 0.91 0.73 0.64 0.62 0.65 0.73 0.86 0.95 0.98 0.94 0.80 0.57 0.34 0.19 0.12 0.16 0.30 0.53 0.80
 24   1.04 1.19 1.25 1.22 1.09 0.92 0.73 0.59 0.52 0.52 0.59 0.71 0.86 0.95 0.97 0.92 0.80 0.62 0.42 0.28 0.24 0.31 0.49 0.73
 25   0.95 1.13 1.24 1.27 1.22 1.07 0.86 0.67 0.54 0.48 0.49 0.58 0.73 0.87 0.96 0.98 0.92 0.80 0.63 0.46 0.34 0.31 0.40 0.60
 26   0.84 1.03 1.16 1.24 1.25 1.16 0.98 0.76 0.55 0.42 0.38 0.42 0.52 0.67 0.83 0.94 0.98 0.96 0.87 0.72 0.58 0.51 0.52 0.60
 27   0.75 0.92 1.05 1.15 1.20 1.19 1.09 0.89 0.66 0.45 0.34 0.31 0.36 0.48 0.64 0.78 0.88 0.93 0.92 0.85 0.73 0.62 0.57 0.59
 28   0.67 0.80 0.93 1.04 1.10 1.10 1.03 0.89 0.72 0.54 0.39 0.32 0.31 0.37 0.50 0.65 0.79 0.89 0.94 0.95 0.91 0.82 0.73 0.68
 29   0.69 0.74 0.82 0.92 0.99 1.01 0.99 0.91 0.78 0.63 0.48 0.37 0.30 0.27 0.31 0.41 0.55 0.70 0.83 0.92 0.96 0.95 0.90 0.84
 30   0.80 0.79 0.81 0.86 0.92 0.97 0.98 0.94 0.86 0.73 0.59 0.46 0.37 0.33 0.34 0.40 0.50 0.63 0.77 0.89 0.99 1.04 1.05 1.01
 31   0.95 0.90 0.87 0.87 0.89 0.93 0.97 0.98 0.95 0.88 0.77 0.62 0.48 0.38 0.33 0.34 0.41 0.52 0.65 0.78 0.91 1.02 1.08 1.10
 ----------------------------------------------------------------------------------------------------------------------------
                                                                                               
 ----------------------------------------------------------------------------------------------------------------------------
 ----------------------------------------------------------------------------------------------------------------------------
                                                          SURVEY OF INDIA
                                                    MARINE GEODESY WING (G&RB)
                                                     HOURLY HEIGHTS IN METRES
  NAME OF PORT:- COCHIN                                                                             MONTH FEBRUARY  YEAR 2019
 ----------------------------------------------------------------------------------------------------------------------------
 DAYS 0000 0001 0002 0003 0004 0005 0006 0007 0008 0009 0010 0011 0012 0013 0014 0015 0016 0017 0018 0019 0020 0021 0022 0023
 ----------------------------------------------------------------------------------------------------------------------------
  1   1.08 1.02 0.93 0.83 0.78 0.78 0.82 0.89 0.93 0.91 0.84 0.74 0.62 0.50 0.40 0.33 0.32 0.39 0.54 0.70 0.86 1.01 1.11 1.16
  2   1.16 1.11 1.02 0.92 0.83 0.77 0.75 0.77 0.82 0.87 0.87 0.81 0.70 0.58 0.46 0.36 0.31 0.33 0.42 0.58 0.75 0.91 1.04 1.13
  3   1.17 1.15 1.06 0.94 0.83 0.74 0.70 0.70 0.74 0.81 0.87 0.89 0.84 0.71 0.56 0.42 0.31 0.27 0.31 0.43 0.59 0.76 0.94 1.07
  4   1.15 1.18 1.13 1.02 0.88 0.75 0.66 0.62 0.65 0.72 0.81 0.86 0.86 0.79 0.65 0.50 0.36 0.28 0.27 0.33 0.49 0.68 0.87 1.05
  5   1.15 1.19 1.17 1.08 0.92 0.76 0.66 0.63 0.66 0.73 0.82 0.89 0.92 0.88 0.79 0.65 0.50 0.37 0.30 0.31 0.40 0.57 0.78 1.00
  6   1.14 1.21 1.22 1.16 1.03 0.88 0.75 0.66 0.64 0.68 0.78 0.90 0.96 0.96 0.91 0.79 0.63 0.48 0.39 0.37 0.43 0.57 0.76 0.95
  7   1.12 1.22 1.23 1.17 1.04 0.88 0.73 0.62 0.58 0.61 0.70 0.81 0.91 0.96 0.94 0.86 0.71 0.55 0.42 0.36 0.40 0.52 0.69 0.90
  8   1.08 1.19 1.23 1.19 1.08 0.91 0.72 0.58 0.52 0.53 0.59 0.70 0.83 0.92 0.95 0.91 0.80 0.63 0.48 0.39 0.38 0.44 0.59 0.78
  9   0.96 1.10 1.16 1.15 1.07 0.92 0.73 0.56 0.47 0.46 0.52 0.63 0.76 0.87 0.93 0.93 0.88 0.77 0.64 0.51 0.44 0.45 0.54 0.70
 10   0.88 1.04 1.13 1.16 1.11 0.98 0.82 0.64 0.49 0.42 0.43 0.52 0.66 0.78 0.86 0.90 0.89 0.84 0.74 0.62 0.54 0.51 0.54 0.65
 11   0.80 0.96 1.07 1.12 1.11 1.03 0.86 0.68 0.50 0.38 0.33 0.36 0.45 0.59 0.73 0.84 0.89 0.87 0.79 0.68 0.58 0.54 0.56 0.64
 12   0.78 0.93 1.02 1.06 1.05 0.97 0.81 0.63 0.46 0.35 0.30 0.31 0.37 0.48 0.61 0.74 0.84 0.88 0.86 0.79 0.69 0.60 0.56 0.59
 13   0.69 0.81 0.92 0.99 1.01 0.99 0.89 0.75 0.60 0.46 0.35 0.30 0.32 0.39 0.50 0.64 0.76 0.87 0.92 0.91 0.86 0.79 0.72 0.70
 14   0.71 0.77 0.85 0.92 0.97 0.97 0.92 0.82 0.70 0.56 0.43 0.34 0.30 0.32 0.40 0.52 0.66 0.79 0.89 0.95 0.96 0.93 0.88 0.83
 15   0.80 0.81 0.85 0.90 0.94 0.95 0.92 0.86 0.77 0.64 0.50 0.38 0.29 0.24 0.25 0.32 0.44 0.58 0.71 0.83 0.92 0.97 0.98 0.95
 16   0.90 0.86 0.84 0.85 0.89 0.94 0.97 0.95 0.89 0.79 0.67 0.54 0.41 0.31 0.26 0.26 0.33 0.45 0.60 0.75 0.90 1.01 1.07 1.08
 17   1.05 0.99 0.91 0.84 0.81 0.83 0.88 0.94 0.97 0.95 0.87 0.72 0.54 0.38 0.26 0.20 0.22 0.31 0.46 0.63 0.81 0.97 1.08 1.11
 18   1.10 1.04 0.95 0.85 0.76 0.74 0.76 0.82 0.90 0.95 0.95 0.88 0.74 0.55 0.35 0.19 0.13 0.16 0.28 0.46 0.66 0.86 1.03 1.14
 19   1.16 1.12 1.03 0.91 0.79 0.70 0.66 0.68 0.74 0.83 0.91 0.95 0.92 0.80 0.60 0.40 0.25 0.18 0.19 0.30 0.50 0.72 0.94 1.11
 20   1.21 1.23 1.16 0.98 0.78 0.62 0.54 0.55 0.63 0.76 0.90 0.99 1.02 0.98 0.86 0.64 0.41 0.25 0.20 0.27 0.45 0.67 0.88 1.08
 21   1.20 1.24 1.19 1.05 0.83 0.64 0.51 0.46 0.49 0.58 0.73 0.89 1.00 1.04 1.00 0.88 0.69 0.48 0.34 0.30 0.37 0.54 0.76 1.00
 22   1.18 1.29 1.32 1.23 1.04 0.80 0.59 0.47 0.43 0.48 0.62 0.85 1.12 1.33 1.39 1.29 1.02 0.74 0.52 0.41 0.42 0.52 0.69 0.91
 23   1.12 1.24 1.27 1.22 1.07 0.86 0.65 0.47 0.37 0.36 0.44 0.60 0.79 0.96 1.07 1.09 1.04 0.91 0.73 0.57 0.49 0.50 0.59 0.75
 24   0.95 1.12 1.22 1.24 1.18 1.02 0.78 0.55 0.38 0.31 0.34 0.45 0.62 0.81 0.98 1.08 1.11 1.06 0.94 0.78 0.64 0.58 0.61 0.71
 25   0.86 1.02 1.12 1.18 1.16 1.07 0.91 0.69 0.51 0.40 0.36 0.39 0.49 0.64 0.80 0.94 1.04 1.08 1.05 0.95 0.82 0.73 0.70 0.73
 26   0.82 0.96 1.09 1.15 1.14 1.07 0.95 0.79 0.63 0.49 0.40 0.37 0.40 0.50 0.66 0.83 0.96 1.04 1.06 1.02 0.93 0.83 0.76 0.73
 27   0.76 0.83 0.93 1.01 1.05 1.04 0.96 0.83 0.68 0.54 0.43 0.35 0.32 0.37 0.48 0.64 0.79 0.91 0.99 1.02 1.00 0.94 0.86 0.80
 28   0.77 0.77 0.80 0.85 0.90 0.92 0.91 0.86 0.77 0.64 0.50 0.39 0.34 0.34 0.39 0.50 0.63 0.75 0.87 0.97 1.03 1.04 1.01 0.94
 ----------------------------------------------------------------------------------------------------------------------------
                                                                                              
 ----------------------------------------------------------------------------------------------------------------------------
 ----------------------------------------------------------------------------------------------------------------------------
                                                          SURVEY OF INDIA
                                                    MARINE GEODESY WING (G&RB)
                                                     HOURLY HEIGHTS IN METRES
  NAME OF PORT:- COCHIN                                                                             MONTH MARCH     YEAR 2019
 ----------------------------------------------------------------------------------------------------------------------------
 DAYS 0000 0001 0002 0003 0004 0005 0006 0007 0008 0009 0010 0011 0012 0013 0014 0015 0016 0017 0018 0019 0020 0021 0022 0023
 ----------------------------------------------------------------------------------------------------------------------------
  1   0.84 0.77 0.74 0.76 0.82 0.88 0.91 0.89 0.83 0.74 0.64 0.55 0.47 0.42 0.41 0.44 0.52 0.64 0.77 0.89 0.99 1.03 1.02 0.98
  2   0.92 0.85 0.78 0.74 0.73 0.76 0.82 0.86 0.86 0.82 0.74 0.64 0.54 0.46 0.41 0.40 0.43 0.50 0.60 0.72 0.84 0.95 1.03 1.06
  3   1.04 0.97 0.87 0.78 0.72 0.69 0.70 0.74 0.80 0.84 0.84 0.80 0.72 0.63 0.54 0.47 0.45 0.48 0.56 0.69 0.84 0.98 1.09 1.14
  4   1.13 1.06 0.95 0.84 0.75 0.71 0.71 0.75 0.81 0.86 0.88 0.86 0.80 0.70 0.59 0.50 0.44 0.43 0.47 0.58 0.74 0.90 1.02 1.09
  5   1.11 1.08 0.99 0.86 0.73 0.65 0.63 0.66 0.73 0.81 0.87 0.89 0.86 0.78 0.66 0.54 0.44 0.39 0.40 0.48 0.63 0.80 0.95 1.04
  6   1.09 1.09 1.03 0.91 0.76 0.63 0.57 0.56 0.61 0.71 0.81 0.86 0.86 0.82 0.74 0.62 0.47 0.35 0.32 0.36 0.48 0.64 0.81 0.95
  7   1.03 1.04 0.99 0.88 0.70 0.49 0.36 0.32 0.35 0.48 0.70 0.83 0.89 0.90 0.86 0.76 0.60 0.45 0.38 0.38 0.45 0.60 0.78 0.93
  8   1.02 1.05 1.01 0.91 0.74 0.54 0.42 0.37 0.41 0.50 0.64 0.80 0.90 0.93 0.91 0.83 0.69 0.51 0.42 0.41 0.47 0.60 0.77 0.95
  9   1.05 1.08 1.06 0.98 0.81 0.61 0.44 0.37 0.37 0.43 0.56 0.72 0.85 0.92 0.94 0.91 0.82 0.66 0.51 0.44 0.45 0.53 0.69 0.85
 10   0.98 1.05 1.06 1.00 0.85 0.64 0.43 0.32 0.29 0.33 0.43 0.58 0.76 0.89 0.94 0.94 0.89 0.78 0.61 0.51 0.48 0.51 0.60 0.76
 11   0.92 1.02 1.05 1.01 0.90 0.73 0.54 0.38 0.30 0.30 0.36 0.50 0.69 0.85 0.94 0.97 0.95 0.86 0.70 0.56 0.51 0.52 0.59 0.71
 12   0.83 0.91 0.95 0.95 0.89 0.76 0.58 0.39 0.27 0.23 0.26 0.36 0.53 0.73 0.89 0.97 0.98 0.94 0.85 0.74 0.66 0.62 0.63 0.69
 13   0.80 0.92 0.99 1.00 0.97 0.88 0.72 0.53 0.38 0.31 0.30 0.36 0.48 0.64 0.81 0.96 1.04 1.05 1.01 0.92 0.81 0.75 0.73 0.75
 14   0.81 0.90 0.97 1.00 0.99 0.92 0.80 0.64 0.48 0.35 0.28 0.28 0.35 0.49 0.67 0.81 0.91 0.96 0.98 0.96 0.90 0.80 0.74 0.72
 15   0.74 0.80 0.89 0.94 0.95 0.92 0.85 0.73 0.57 0.43 0.33 0.29 0.30 0.37 0.50 0.65 0.79 0.91 0.99 1.02 1.01 0.96 0.88 0.82
 16   0.80 0.82 0.87 0.92 0.95 0.95 0.91 0.84 0.74 0.61 0.46 0.37 0.34 0.36 0.43 0.55 0.70 0.85 0.99 1.08 1.12 1.12 1.09 1.03
 17   0.95 0.88 0.84 0.84 0.87 0.92 0.95 0.94 0.89 0.79 0.66 0.54 0.43 0.36 0.35 0.39 0.49 0.62 0.77 0.92 1.03 1.08 1.09 1.06
 18   0.99 0.88 0.80 0.77 0.78 0.82 0.88 0.93 0.95 0.92 0.85 0.75 0.62 0.48 0.39 0.36 0.40 0.50 0.65 0.81 0.96 1.08 1.15 1.17
 19   1.14 1.04 0.91 0.79 0.73 0.72 0.76 0.84 0.94 1.02 1.05 1.01 0.90 0.74 0.57 0.44 0.40 0.44 0.55 0.71 0.89 1.07 1.20 1.27
 20   1.27 1.19 1.04 0.86 0.70 0.63 0.63 0.70 0.82 0.97 1.07 1.10 1.05 0.91 0.72 0.55 0.41 0.36 0.40 0.55 0.75 0.94 1.11 1.22
 21   1.24 1.18 1.03 0.83 0.63 0.49 0.45 0.49 0.61 0.77 0.93 1.05 1.10 1.09 1.00 0.79 0.58 0.43 0.39 0.45 0.61 0.83 1.03 1.16
 22   1.23 1.23 1.14 0.93 0.70 0.50 0.40 0.39 0.46 0.63 0.85 1.05 1.17 1.22 1.20 1.09 0.83 0.61 0.52 0.52 0.60 0.75 0.95 1.14
 23   1.24 1.26 1.21 1.07 0.82 0.54 0.36 0.30 0.32 0.42 0.64 0.89 1.09 1.21 1.24 1.20 1.03 0.79 0.60 0.54 0.58 0.71 0.89 1.05
 24   1.11 1.11 1.06 0.93 0.75 0.55 0.38 0.28 0.26 0.31 0.45 0.67 0.91 1.10 1.19 1.20 1.13 0.98 0.78 0.63 0.59 0.62 0.73 0.90
 25   1.03 1.09 1.09 1.04 0.90 0.71 0.50 0.30 0.19 0.18 0.27 0.47 0.71 0.92 1.08 1.15 1.16 1.10 0.93 0.75 0.66 0.63 0.66 0.75
 26   0.89 1.00 1.06 1.07 1.02 0.90 0.67 0.48 0.35 0.29 0.30 0.39 0.58 0.78 0.96 1.10 1.16 1.16 1.09 0.95 0.82 0.73 0.70 0.72
 27   0.80 0.92 1.01 1.04 1.02 0.94 0.80 0.62 0.46 0.35 0.32 0.36 0.48 0.67 0.87 1.02 1.12 1.16 1.14 1.07 0.97 0.87 0.80 0.77
 28   0.79 0.86 0.95 1.00 1.00 0.95 0.85 0.72 0.58 0.46 0.39 0.38 0.45 0.59 0.75 0.90 1.02 1.09 1.11 1.07 1.01 0.89 0.80 0.74
 29   0.72 0.74 0.80 0.87 0.91 0.91 0.87 0.78 0.66 0.54 0.45 0.40 0.41 0.47 0.57 0.68 0.80 0.91 0.98 1.01 1.00 0.95 0.86 0.78
 30   0.73 0.71 0.73 0.78 0.84 0.88 0.88 0.84 0.76 0.66 0.56 0.48 0.44 0.44 0.47 0.54 0.65 0.76 0.86 0.94 0.99 1.01 0.99 0.94
 31   0.87 0.80 0.74 0.70 0.69 0.71 0.75 0.79 0.80 0.77 0.71 0.62 0.54 0.48 0.46 0.48 0.54 0.64 0.75 0.87 0.97 1.03 1.05 1.03
 ----------------------------------------------------------------------------------------------------------------------------
                                                                                               
 ----------------------------------------------------------------------------------------------------------------------------
 ----------------------------------------------------------------------------------------------------------------------------
                                                          SURVEY OF INDIA
                                                    MARINE GEODESY WING (G&RB)
                                                     HOURLY HEIGHTS IN METRES
  NAME OF PORT:- COCHIN                                                                             MONTH APRIL     YEAR 2019
 ----------------------------------------------------------------------------------------------------------------------------
 DAYS 0000 0001 0002 0003 0004 0005 0006 0007 0008 0009 0010 0011 0012 0013 0014 0015 0016 0017 0018 0019 0020 0021 0022 0023
 ----------------------------------------------------------------------------------------------------------------------------
  1   0.97 0.87 0.76 0.67 0.62 0.61 0.64 0.71 0.77 0.80 0.79 0.75 0.68 0.59 0.51 0.46 0.45 0.49 0.58 0.70 0.83 0.93 0.99 1.00
  2   0.96 0.87 0.76 0.64 0.56 0.53 0.55 0.62 0.71 0.79 0.84 0.84 0.79 0.71 0.62 0.54 0.48 0.45 0.47 0.55 0.70 0.88 1.01 1.06
  3   1.04 0.96 0.83 0.68 0.55 0.47 0.46 0.52 0.64 0.77 0.87 0.92 0.91 0.84 0.74 0.63 0.54 0.49 0.50 0.58 0.71 0.85 0.98 1.07
  4   1.08 1.01 0.89 0.74 0.58 0.47 0.44 0.48 0.59 0.72 0.85 0.95 0.99 0.97 0.88 0.75 0.62 0.52 0.49 0.54 0.66 0.82 0.96 1.06
  5   1.09 1.06 0.93 0.73 0.53 0.40 0.36 0.40 0.50 0.65 0.82 0.95 1.02 1.03 0.98 0.87 0.71 0.58 0.53 0.55 0.63 0.76 0.92 1.06
  6   1.13 1.11 1.01 0.84 0.62 0.45 0.38 0.39 0.46 0.59 0.78 0.95 1.08 1.14 1.14 1.06 0.87 0.68 0.57 0.54 0.58 0.69 0.83 0.97
  7   1.08 1.10 1.05 0.89 0.68 0.46 0.29 0.24 0.27 0.42 0.64 0.85 1.00 1.09 1.12 1.08 0.96 0.79 0.65 0.58 0.58 0.65 0.77 0.89
  8   0.99 1.04 1.00 0.88 0.66 0.47 0.32 0.24 0.25 0.34 0.52 0.73 0.92 1.04 1.09 1.09 1.02 0.86 0.70 0.61 0.59 0.62 0.71 0.84
  9   0.94 0.99 0.99 0.91 0.70 0.42 0.25 0.18 0.19 0.26 0.40 0.62 0.82 0.99 1.08 1.10 1.06 0.94 0.80 0.68 0.62 0.62 0.67 0.77
 10   0.88 0.95 0.96 0.91 0.78 0.59 0.36 0.21 0.15 0.16 0.24 0.42 0.64 0.84 0.98 1.05 1.06 1.01 0.91 0.78 0.67 0.63 0.65 0.71
 11   0.81 0.91 0.95 0.93 0.83 0.67 0.48 0.29 0.16 0.12 0.15 0.27 0.46 0.66 0.87 1.01 1.07 1.07 1.02 0.92 0.80 0.72 0.68 0.69
 12   0.76 0.88 0.96 0.98 0.95 0.85 0.70 0.52 0.36 0.26 0.23 0.27 0.40 0.58 0.74 0.88 0.98 1.02 1.02 0.98 0.87 0.75 0.69 0.67
 13   0.69 0.75 0.83 0.87 0.87 0.83 0.73 0.58 0.44 0.32 0.25 0.23 0.27 0.39 0.55 0.71 0.85 0.95 1.00 1.00 0.95 0.87 0.78 0.71
 14   0.67 0.68 0.72 0.78 0.83 0.84 0.81 0.74 0.64 0.52 0.41 0.33 0.30 0.32 0.40 0.53 0.68 0.83 0.94 1.00 1.00 0.96 0.88 0.78
 15   0.69 0.63 0.60 0.61 0.66 0.73 0.78 0.80 0.78 0.72 0.63 0.52 0.42 0.36 0.36 0.42 0.52 0.64 0.76 0.87 0.95 0.98 0.95 0.84
 16   0.69 0.56 0.47 0.44 0.46 0.53 0.63 0.71 0.76 0.78 0.76 0.70 0.61 0.52 0.46 0.45 0.49 0.57 0.69 0.83 0.96 1.03 1.04 0.98
 17   0.86 0.72 0.58 0.48 0.44 0.46 0.53 0.64 0.75 0.85 0.91 0.91 0.83 0.69 0.55 0.44 0.40 0.42 0.52 0.67 0.84 0.99 1.05 1.04
 18   0.96 0.79 0.60 0.43 0.33 0.30 0.34 0.47 0.64 0.80 0.92 0.97 0.96 0.89 0.74 0.58 0.47 0.43 0.45 0.56 0.73 0.88 0.99 1.04
 19   1.01 0.90 0.69 0.49 0.34 0.26 0.27 0.35 0.53 0.72 0.90 1.03 1.09 1.06 0.99 0.82 0.64 0.53 0.49 0.53 0.65 0.82 0.96 1.04
 20   1.05 0.99 0.82 0.59 0.39 0.25 0.20 0.23 0.35 0.58 0.80 0.99 1.14 1.20 1.18 1.08 0.90 0.71 0.58 0.55 0.61 0.74 0.90 1.04
 21   1.09 1.07 0.96 0.72 0.49 0.29 0.16 0.13 0.20 0.42 0.70 0.94 1.13 1.25 1.28 1.23 1.07 0.87 0.70 0.62 0.62 0.70 0.85 1.00
 22   1.07 1.08 1.03 0.87 0.65 0.41 0.21 0.12 0.14 0.28 0.52 0.77 0.99 1.15 1.22 1.22 1.13 0.95 0.77 0.66 0.61 0.62 0.69 0.83
 23   0.94 0.97 0.94 0.84 0.68 0.46 0.25 0.13 0.10 0.15 0.31 0.52 0.75 0.95 1.07 1.12 1.09 0.99 0.81 0.65 0.58 0.57 0.61 0.70
 24   0.80 0.88 0.91 0.88 0.79 0.63 0.40 0.20 0.13 0.15 0.24 0.42 0.63 0.82 0.95 1.02 1.04 1.00 0.89 0.75 0.61 0.53 0.52 0.56
 25   0.65 0.74 0.79 0.80 0.76 0.66 0.49 0.32 0.20 0.16 0.20 0.32 0.50 0.67 0.82 0.92 0.96 0.95 0.88 0.77 0.65 0.57 0.55 0.57
 26   0.63 0.70 0.74 0.75 0.72 0.65 0.55 0.42 0.31 0.25 0.24 0.31 0.46 0.62 0.77 0.89 0.98 1.02 1.01 0.96 0.86 0.74 0.65 0.61
 27   0.61 0.65 0.72 0.76 0.77 0.74 0.67 0.58 0.49 0.41 0.37 0.37 0.43 0.54 0.66 0.78 0.89 0.98 1.02 1.01 0.95 0.85 0.73 0.64
 28   0.59 0.58 0.60 0.65 0.70 0.74 0.75 0.72 0.66 0.59 0.54 0.52 0.53 0.57 0.64 0.73 0.83 0.93 1.00 1.03 1.02 0.97 0.89 0.79
 29   0.70 0.63 0.59 0.59 0.62 0.67 0.73 0.77 0.77 0.73 0.66 0.59 0.54 0.52 0.54 0.59 0.68 0.78 0.87 0.94 0.97 0.97 0.93 0.84
 30   0.74 0.64 0.56 0.52 0.52 0.56 0.63 0.71 0.77 0.79 0.78 0.74 0.68 0.63 0.60 0.60 0.63 0.70 0.79 0.89 0.96 0.99 0.97 0.90
 ----------------------------------------------------------------------------------------------------------------------------
                                                                                               
 ----------------------------------------------------------------------------------------------------------------------------
 ----------------------------------------------------------------------------------------------------------------------------
                                                          SURVEY OF INDIA
                                                    MARINE GEODESY WING (G&RB)
                                                     HOURLY HEIGHTS IN METRES
  NAME OF PORT:- COCHIN                                                                             MONTH MAY       YEAR 2019
 ----------------------------------------------------------------------------------------------------------------------------
 DAYS 0000 0001 0002 0003 0004 0005 0006 0007 0008 0009 0010 0011 0012 0013 0014 0015 0016 0017 0018 0019 0020 0021 0022 0023
 ----------------------------------------------------------------------------------------------------------------------------
  1   0.78 0.65 0.55 0.50 0.49 0.52 0.59 0.69 0.79 0.86 0.88 0.85 0.78 0.69 0.62 0.58 0.58 0.62 0.70 0.81 0.92 0.98 0.99 0.94
  2   0.82 0.68 0.55 0.44 0.38 0.38 0.45 0.57 0.70 0.81 0.87 0.89 0.86 0.80 0.71 0.62 0.57 0.56 0.60 0.69 0.79 0.87 0.92 0.93
  3   0.89 0.76 0.58 0.40 0.30 0.28 0.31 0.41 0.55 0.70 0.83 0.90 0.92 0.89 0.79 0.66 0.57 0.53 0.54 0.59 0.69 0.83 0.90 0.91
  4   0.86 0.74 0.56 0.38 0.25 0.19 0.20 0.29 0.47 0.66 0.83 0.94 0.99 0.98 0.92 0.81 0.63 0.54 0.52 0.55 0.63 0.75 0.85 0.88
  5   0.85 0.75 0.58 0.38 0.20 0.10 0.08 0.14 0.29 0.49 0.68 0.82 0.92 0.97 0.96 0.87 0.71 0.56 0.50 0.49 0.54 0.64 0.76 0.84
  6   0.85 0.79 0.66 0.46 0.26 0.11 0.05 0.08 0.19 0.38 0.60 0.76 0.90 0.97 0.98 0.93 0.77 0.60 0.49 0.44 0.46 0.53 0.64 0.75
  7   0.82 0.82 0.74 0.57 0.34 0.14 0.02 0.00 0.07 0.24 0.46 0.70 0.90 1.03 1.07 1.03 0.91 0.76 0.62 0.54 0.52 0.56 0.65 0.77
  8   0.83 0.83 0.78 0.65 0.46 0.25 0.09 0.01 0.02 0.12 0.30 0.54 0.78 0.94 1.01 1.02 0.97 0.84 0.69 0.57 0.52 0.52 0.57 0.69
  9   0.78 0.81 0.79 0.70 0.53 0.34 0.16 0.04 0.00 0.05 0.20 0.42 0.66 0.86 0.99 1.04 1.01 0.91 0.77 0.64 0.55 0.52 0.55 0.62
 10   0.70 0.76 0.78 0.75 0.65 0.48 0.31 0.15 0.06 0.04 0.09 0.26 0.46 0.66 0.84 0.95 1.00 0.98 0.90 0.78 0.63 0.53 0.51 0.53
 11   0.61 0.69 0.77 0.78 0.75 0.67 0.53 0.38 0.24 0.16 0.15 0.21 0.36 0.54 0.72 0.87 0.95 0.97 0.95 0.89 0.78 0.65 0.54 0.48
 12   0.48 0.55 0.67 0.75 0.77 0.75 0.69 0.58 0.45 0.33 0.26 0.25 0.30 0.43 0.58 0.72 0.85 0.93 0.96 0.93 0.83 0.69 0.57 0.48
 13   0.48 0.55 0.67 0.75 0.77 0.75 0.69 0.58 0.45 0.33 0.26 0.25 0.30 0.43 0.58 0.72 0.85 0.93 0.96 0.93 0.83 0.70 0.58 0.48
 14   0.41 0.38 0.39 0.43 0.50 0.57 0.63 0.66 0.66 0.62 0.53 0.43 0.36 0.33 0.35 0.42 0.56 0.71 0.83 0.90 0.91 0.85 0.73 0.57
 15   0.43 0.33 0.28 0.27 0.31 0.40 0.51 0.63 0.73 0.77 0.75 0.68 0.58 0.49 0.43 0.44 0.49 0.60 0.74 0.86 0.93 0.92 0.85 0.71
 16   0.54 0.37 0.24 0.19 0.20 0.27 0.41 0.58 0.76 0.88 0.92 0.89 0.80 0.68 0.58 0.53 0.52 0.56 0.64 0.75 0.86 0.93 0.93 0.85
 17   0.70 0.51 0.29 0.14 0.09 0.12 0.24 0.41 0.60 0.80 0.95 1.00 0.99 0.90 0.76 0.64 0.57 0.55 0.59 0.68 0.81 0.91 0.95 0.92
 18   0.80 0.62 0.42 0.24 0.14 0.12 0.18 0.32 0.52 0.74 0.95 1.07 1.11 1.08 0.99 0.84 0.68 0.60 0.58 0.63 0.74 0.87 0.95 0.97
 19   0.92 0.77 0.57 0.36 0.21 0.14 0.14 0.22 0.40 0.63 0.84 1.01 1.11 1.14 1.09 0.96 0.78 0.61 0.53 0.52 0.57 0.67 0.79 0.85
 20   0.85 0.80 0.66 0.42 0.16 0.00-0.04 0.00 0.14 0.38 0.63 0.86 1.04 1.14 1.16 1.09 0.92 0.74 0.61 0.56 0.58 0.66 0.77 0.88
 21   0.93 0.90 0.79 0.58 0.36 0.18 0.06 0.02 0.08 0.23 0.49 0.74 0.96 1.11 1.16 1.13 1.01 0.83 0.64 0.53 0.50 0.54 0.63 0.76
 22   0.86 0.89 0.85 0.40 0.29 0.18 0.09 0.03 0.01 0.18 0.37 0.60 0.84 1.02 1.11 1.13 1.08 0.97 0.84 0.71 0.60 0.59 0.61 0.65
 23
 24
 25
 26
 27
 28   0.54 0.47 0.45 0.48 0.54 0.61 0.66 0.68 0.67 0.63 0.58 0.54 0.52 0.53 0.58 0.66 0.76 0.86 0.93 0.96 0.94 0.87 0.77 0.64
 29   0.52 0.44 0.40 0.40 0.44 0.52 0.62 0.71 0.77 0.80 0.79 0.74 0.67 0.61 0.59 0.62 0.70 0.80 0.88 0.92 0.92 0.88 0.79 0.67
 30   0.55 0.44 0.36 0.33 0.35 0.42 0.56 0.68 0.79 0.85 0.86 0.82 0.75 0.68 0.64 0.63 0.65 0.71 0.79 0.86 0.90 0.90 0.85 0.74
 31   0.59 0.44 0.33 0.27 0.26 0.31 0.44 0.60 0.76 0.88 0.93 0.91 0.83 0.74 0.67 0.64 0.64 0.67 0.73 0.80 0.86 0.89 0.87 0.79
 ----------------------------------------------------------------------------------------------------------------------------
                                                                                               
 ----------------------------------------------------------------------------------------------------------------------------
 ----------------------------------------------------------------------------------------------------------------------------
                                                          SURVEY OF INDIA
                                                    MARINE GEODESY WING (G&RB)
                                                     HOURLY HEIGHTS IN METRES
  NAME OF PORT:- COCHIN                                                                             MONTH JUNE      YEAR 2019
 ----------------------------------------------------------------------------------------------------------------------------
 DAYS 0000 0001 0002 0003 0004 0005 0006 0007 0008 0009 0010 0011 0012 0013 0014 0015 0016 0017 0018 0019 0020 0021 0022 0023
 ----------------------------------------------------------------------------------------------------------------------------
  1   0.65 0.49 0.34 0.25 0.22 0.26 0.37 0.53 0.72 0.90 1.02 1.07 1.07 1.02 0.92 0.82 0.76 0.75 0.78 0.84 0.92 0.98 1.00 0.97
  2   0.88 0.71 0.52 0.35 0.24 0.21 0.25 0.37 0.55 0.76 0.94 1.06 1.10 1.08 1.02 0.92 0.80 0.71 0.68 0.70 0.77 0.86 0.93 0.95
  3   0.90 0.76 0.56 0.37 0.22 0.14 0.13 0.20 0.36 0.61 0.84 1.01 1.11 1.15 1.13 1.05 0.88 0.73 0.67 0.68 0.74 0.84 0.92 0.95
  4   0.91 0.79 0.61 0.41 0.23 0.12 0.09 0.14 0.30 0.53 0.78 0.99 1.14 1.22 1.23 1.18 1.04 0.85 0.73 0.68 0.70 0.77 0.87 0.95
  5   0.97 0.91 0.75 0.55 0.34 0.18 0.11 0.13 0.25 0.44 0.67 0.89 1.09 1.22 1.27 1.23 1.09 0.92 0.77 0.67 0.65 0.70 0.81 0.91
  6   0.96 0.94 0.85 0.66 0.44 0.24 0.10 0.05 0.10 0.28 0.56 0.82 1.05 1.22 1.29 1.27 1.18 1.02 0.85 0.71 0.63 0.62 0.67 0.77
  7   0.87 0.92 0.89 0.79 0.61 0.41 0.24 0.14 0.13 0.21 0.39 0.63 0.84 1.02 1.15 1.20 1.16 1.04 0.90 0.76 0.65 0.59 0.59 0.64
  8   0.73 0.81 0.84 0.81 0.72 0.56 0.38 0.24 0.18 0.20 0.31 0.49 0.69 0.88 1.04 1.15 1.19 1.15 1.04 0.89 0.75 0.64 0.60 0.62
  9   0.69 0.79 0.88 0.92 0.89 0.80 0.64 0.49 0.38 0.33 0.35 0.44 0.59 0.78 0.95 1.10 1.18 1.19 1.14 1.02 0.85 0.70 0.60 0.57
 10   0.60 0.68 0.78 0.85 0.87 0.85 0.79 0.70 0.60 0.51 0.47 0.48 0.55 0.67 0.81 0.95 1.07 1.14 1.12 1.02 0.86 0.70 0.56 0.47
 11   0.43 0.45 0.51 0.59 0.68 0.75 0.78 0.75 0.66 0.56 0.50 0.50 0.55 0.64 0.76 0.88 0.99 1.08 1.12 1.09 0.99 0.85 0.70 0.56
 12   0.46 0.42 0.44 0.51 0.61 0.73 0.85 0.93 0.96 0.92 0.83 0.73 0.66 0.63 0.66 0.73 0.82 0.92 1.00 1.04 1.03 0.96 0.82 0.66
 13   0.46 0.42 0.44 0.51 0.61 0.73 0.85 0.93 0.96 0.92 0.83 0.73 0.66 0.63 0.66 0.73 0.82 0.92 1.00 1.04 1.03 0.96 0.82 0.66
 14   0.46 0.42 0.44 0.51 0.61 0.73 0.85 0.93 0.96 0.92 0.83 0.73 0.66 0.63 0.66 0.73 0.82 0.92 1.00 1.04 1.03 0.96 0.82 0.66
 15   0.46 0.42 0.44 0.51 0.61 0.73 0.85 0.93 0.96 0.92 0.83 0.73 0.66 0.63 0.66 0.73 0.82 0.92 1.00 1.04 1.03 0.96 0.82 0.66
 16   0.50 0.34 0.22 0.14 0.11 0.13 0.20 0.34 0.53 0.73 0.92 1.04 1.09 1.06 0.96 0.84 0.72 0.64 0.61 0.63 0.70 0.79 0.83 0.82
 17   0.75 0.61 0.45 0.27 0.13 0.08 0.10 0.21 0.42 0.68 0.93 1.09 1.13 1.11 1.02 0.89 0.76 0.66 0.61 0.61 0.66 0.76 0.83 0.85
 18   0.80 0.68 0.51 0.33 0.18 0.11 0.11 0.18 0.35 0.56 0.75 0.93 1.07 1.13 1.14 1.09 0.94 0.74 0.62 0.58 0.59 0.65 0.75 0.81
 19   0.82 0.78 0.68 0.51 0.35 0.21 0.15 0.15 0.23 0.44 0.67 0.88 1.04 1.13 1.16 1.13 1.02 0.85 0.68 0.58 0.55 0.57 0.63 0.73
 20   0.80 0.82 0.79 0.69 0.50 0.31 0.20 0.16 0.19 0.31 0.50 0.69 0.86 1.00 1.09 1.11 1.06 0.91 0.75 0.63 0.55 0.52 0.55 0.64
 21   0.75 0.79 0.77 0.70 0.56 0.40 0.25 0.19 0.19 0.26 0.42 0.59 0.77 0.94 1.04 1.07 1.04 0.94 0.78 0.64 0.55 0.52 0.54 0.60
 22   0.68 0.75 0.78 0.75 0.65 0.51 0.38 0.27 0.22 0.24 0.35 0.50 0.65 0.79 0.91 0.98 0.99 0.93 0.80 0.67 0.56 0.49 0.46 0.47
 23   0.52 0.60 0.65 0.66 0.64 0.58 0.49 0.39 0.33 0.31 0.35 0.46 0.61 0.75 0.88 0.95 0.97 0.94 0.86 0.74 0.62 0.53 0.48 0.47
 24   0.50 0.57 0.65 0.69 0.70 0.67 0.61 0.52 0.44 0.40 0.40 0.44 0.53 0.65 0.77 0.88 0.94 0.95 0.91 0.81 0.68 0.55 0.45 0.41
 25   0.41 0.45 0.53 0.62 0.69 0.72 0.71 0.66 0.57 0.51 0.49 0.50 0.55 0.64 0.76 0.88 0.96 0.99 0.98 0.92 0.80 0.67 0.54 0.45
 26   0.41 0.42 0.47 0.55 0.63 0.70 0.74 0.74 0.70 0.63 0.56 0.53 0.53 0.56 0.62 0.72 0.82 0.88 0.90 0.88 0.81 0.69 0.57 0.47
 27   0.42 0.40 0.41 0.46 0.54 0.63 0.71 0.75 0.76 0.74 0.69 0.64 0.61 0.61 0.64 0.70 0.78 0.86 0.91 0.91 0.86 0.75 0.62 0.49
 28   0.38 0.34 0.34 0.38 0.47 0.58 0.69 0.78 0.84 0.86 0.83 0.76 0.68 0.64 0.64 0.67 0.75 0.82 0.87 0.89 0.87 0.81 0.71 0.57
 29   0.41 0.29 0.23 0.23 0.29 0.40 0.53 0.66 0.77 0.84 0.86 0.84 0.78 0.72 0.67 0.65 0.67 0.73 0.80 0.84 0.85 0.82 0.73 0.58
 30   0.43 0.29 0.19 0.15 0.17 0.26 0.40 0.56 0.72 0.84 0.90 0.91 0.89 0.83 0.75 0.69 0.66 0.66 0.70 0.77 0.81 0.81 0.76 0.65
 ----------------------------------------------------------------------------------------------------------------------------
                                                                                               
 ----------------------------------------------------------------------------------------------------------------------------
 ----------------------------------------------------------------------------------------------------------------------------
                                                          SURVEY OF INDIA
                                                    MARINE GEODESY WING (G&RB)
                                                     HOURLY HEIGHTS IN METRES
  NAME OF PORT:- COCHIN                                                                             MONTH JULY      YEAR 2019
 ----------------------------------------------------------------------------------------------------------------------------
 DAYS 0000 0001 0002 0003 0004 0005 0006 0007 0008 0009 0010 0011 0012 0013 0014 0015 0016 0017 0018 0019 0020 0021 0022 0023
 ----------------------------------------------------------------------------------------------------------------------------
  1   0.50 0.33 0.19 0.10 0.07 0.10 0.20 0.38 0.58 0.75 0.88 0.97 0.99 0.96 0.88 0.77 0.65 0.60 0.61 0.67 0.75 0.79 0.79 0.74
  2   0.64 0.47 0.28 0.13 0.07 0.08 0.16 0.31 0.50 0.70 0.88 1.02 1.09 1.10 1.05 0.93 0.80 0.70 0.65 0.65 0.69 0.77 0.83 0.84
  3   0.78 0.63 0.44 0.24 0.11 0.04 0.03 0.10 0.28 0.53 0.76 0.95 1.07 1.12 1.10 1.01 0.85 0.71 0.63 0.61 0.65 0.73 0.81 0.84
  4   0.82 0.73 0.55 0.36 0.19 0.06 0.00 0.02 0.13 0.34 0.59 0.82 1.00 1.10 1.12 1.04 0.87 0.71 0.60 0.53 0.52 0.58 0.69 0.79
  5   0.84 0.81 0.70 0.54 0.36 0.19 0.07 0.03 0.08 0.24 0.47 0.73 0.95 1.11 1.18 1.15 1.04 0.88 0.73 0.62 0.58 0.61 0.69 0.79
  6   0.87 0.91 0.90 0.81 0.62 0.43 0.25 0.14 0.11 0.19 0.40 0.64 0.88 1.06 1.17 1.20 1.15 1.02 0.85 0.68 0.56 0.52 0.54 0.62
  7   0.75 0.85 0.89 0.88 0.79 0.63 0.46 0.31 0.22 0.22 0.32 0.50 0.70 0.89 1.05 1.12 1.12 1.05 0.87 0.68 0.54 0.45 0.42 0.46
  8   0.56 0.68 0.77 0.82 0.83 0.78 0.65 0.48 0.35 0.31 0.34 0.45 0.60 0.76 0.92 1.05 1.11 1.07 0.94 0.76 0.59 0.45 0.39 0.39
  9   0.45 0.57 0.69 0.77 0.82 0.83 0.79 0.70 0.55 0.45 0.43 0.49 0.61 0.75 0.87 0.97 1.03 1.04 0.98 0.85 0.70 0.54 0.40 0.29
 10   0.26 0.32 0.46 0.60 0.70 0.77 0.81 0.80 0.74 0.65 0.59 0.57 0.59 0.66 0.77 0.89 0.99 1.04 1.04 0.97 0.80 0.60 0.41 0.27
 11   0.20 0.20 0.27 0.39 0.52 0.65 0.75 0.81 0.83 0.79 0.71 0.63 0.59 0.58 0.61 0.68 0.78 0.87 0.90 0.87 0.79 0.65 0.49 0.31
 12   0.19 0.13 0.13 0.21 0.33 0.46 0.59 0.71 0.81 0.86 0.86 0.81 0.73 0.67 0.65 0.67 0.71 0.77 0.83 0.86 0.85 0.80 0.69 0.53
 13   0.36 0.23 0.17 0.19 0.27 0.39 0.53 0.68 0.81 0.91 0.96 0.93 0.86 0.78 0.71 0.68 0.69 0.73 0.79 0.84 0.87 0.86 0.80 0.68
 14   0.52 0.36 0.23 0.16 0.18 0.27 0.41 0.57 0.74 0.88 0.99 1.05 1.05 0.99 0.88 0.74 0.65 0.62 0.66 0.73 0.79 0.82 0.80 0.71
 15   0.57 0.42 0.26 0.14 0.09 0.14 0.26 0.41 0.56 0.72 0.87 0.97 1.01 0.97 0.87 0.74 0.64 0.59 0.59 0.63 0.68 0.72 0.74 0.73
 16   0.66 0.51 0.34 0.20 0.12 0.11 0.17 0.30 0.48 0.65 0.81 0.95 1.04 1.06 1.00 0.85 0.67 0.57 0.53 0.56 0.63 0.71 0.77 0.79
 17   0.74 0.63 0.49 0.34 0.21 0.13 0.11 0.18 0.34 0.52 0.70 0.85 0.97 1.04 1.02 0.93 0.80 0.65 0.55 0.51 0.53 0.59 0.67 0.73
 18   0.75 0.71 0.61 0.47 0.30 0.17 0.11 0.13 0.24 0.43 0.64 0.85 0.99 1.07 1.09 1.04 0.91 0.73 0.60 0.54 0.55 0.60 0.69 0.78
 19   0.83 0.80 0.70 0.56 0.42 0.28 0.19 0.16 0.23 0.37 0.56 0.74 0.89 1.00 1.05 1.02 0.93 0.81 0.67 0.57 0.52 0.53 0.58 0.66
 20   0.73 0.78 0.79 0.72 0.59 0.44 0.31 0.24 0.23 0.31 0.48 0.67 0.83 0.95 1.02 1.03 0.98 0.87 0.72 0.61 0.55 0.54 0.58 0.65
 21   0.74 0.81 0.83 0.80 0.71 0.59 0.48 0.40 0.38 0.42 0.53 0.67 0.82 0.96 1.05 1.08 1.05 0.97 0.85 0.73 0.63 0.57 0.59 0.66
 22   0.76 0.86 0.92 0.94 0.90 0.82 0.71 0.60 0.53 0.51 0.55 0.64 0.76 0.90 1.01 1.08 1.09 1.02 0.90 0.76 0.63 0.55 0.53 0.57
 23   0.65 0.74 0.80 0.83 0.82 0.78 0.70 0.60 0.52 0.49 0.52 0.60 0.72 0.84 0.94 1.00 1.02 0.98 0.88 0.75 0.63 0.53 0.47 0.48
 24   0.53 0.60 0.68 0.75 0.79 0.79 0.75 0.68 0.60 0.55 0.56 0.61 0.69 0.78 0.87 0.95 1.00 0.98 0.90 0.77 0.64 0.54 0.47 0.43
 25   0.44 0.51 0.61 0.70 0.77 0.81 0.81 0.78 0.73 0.68 0.65 0.66 0.70 0.77 0.85 0.92 0.97 0.98 0.94 0.87 0.77 0.64 0.52 0.46
 26   0.48 0.54 0.62 0.70 0.78 0.85 0.89 0.89 0.86 0.82 0.78 0.76 0.77 0.80 0.85 0.91 0.95 0.96 0.93 0.87 0.79 0.68 0.57 0.48
 27   0.43 0.44 0.49 0.57 0.66 0.74 0.81 0.86 0.88 0.87 0.83 0.78 0.74 0.72 0.73 0.77 0.82 0.87 0.89 0.87 0.81 0.72 0.60 0.49
 28   0.40 0.36 0.37 0.42 0.50 0.59 0.69 0.78 0.85 0.90 0.91 0.89 0.84 0.79 0.76 0.76 0.80 0.86 0.93 0.99 1.00 0.94 0.81 0.66
 29   0.50 0.36 0.30 0.33 0.41 0.51 0.62 0.74 0.86 0.95 1.00 1.01 0.99 0.94 0.88 0.83 0.80 0.80 0.83 0.87 0.89 0.87 0.81 0.71
 30   0.57 0.43 0.32 0.26 0.26 0.35 0.49 0.65 0.79 0.92 1.01 1.06 1.05 1.00 0.92 0.83 0.77 0.74 0.75 0.79 0.85 0.89 0.87 0.79
 31   0.66 0.50 0.35 0.24 0.19 0.23 0.33 0.46 0.62 0.79 0.94 1.05 1.10 1.09 1.01 0.89 0.78 0.71 0.68 0.72 0.80 0.88 0.93 0.93
 ----------------------------------------------------------------------------------------------------------------------------
                                                                                               
 ----------------------------------------------------------------------------------------------------------------------------
 ----------------------------------------------------------------------------------------------------------------------------
                                                          SURVEY OF INDIA
                                                    MARINE GEODESY WING (G&RB)
                                                     HOURLY HEIGHTS IN METRES
  NAME OF PORT:- COCHIN                                                                             MONTH AUGUST    YEAR 2019
 ----------------------------------------------------------------------------------------------------------------------------
 DAYS 0000 0001 0002 0003 0004 0005 0006 0007 0008 0009 0010 0011 0012 0013 0014 0015 0016 0017 0018 0019 0020 0021 0022 0023
 ----------------------------------------------------------------------------------------------------------------------------
  1   0.87 0.71 0.51 0.32 0.18 0.11 0.16 0.30 0.48 0.69 0.89 1.05 1.15 1.19 1.15 1.03 0.87 0.73 0.64 0.62 0.67 0.77 0.87 0.93
  2   0.92 0.83 0.68 0.49 0.30 0.16 0.12 0.20 0.36 0.57 0.78 0.96 1.10 1.18 1.19 1.10 0.94 0.77 0.63 0.56 0.59 0.67 0.77 0.87
  3   0.93 0.94 0.87 0.71 0.51 0.32 0.19 0.16 0.24 0.42 0.64 0.86 1.05 1.14 1.15 1.09 0.96 0.79 0.61 0.48 0.45 0.51 0.62 0.73
  4   0.82 0.88 0.89 0.82 0.68 0.48 0.30 0.21 0.21 0.31 0.50 0.71 0.91 1.07 1.15 1.13 1.03 0.84 0.63 0.45 0.38 0.39 0.47 0.61
  5   0.78 0.92 1.00 0.98 0.88 0.73 0.55 0.41 0.36 0.39 0.50 0.71 0.91 1.08 1.19 1.23 1.17 1.03 0.85 0.64 0.47 0.38 0.41 0.53
  6   0.69 0.84 0.96 1.04 1.06 1.01 0.89 0.75 0.63 0.57 0.60 0.73 0.89 1.04 1.16 1.23 1.22 1.12 0.96 0.77 0.58 0.43 0.37 0.41
  7   0.52 0.66 0.80 0.91 0.99 1.02 0.97 0.87 0.75 0.65 0.60 0.66 0.77 0.90 1.04 1.14 1.18 1.14 1.02 0.86 0.68 0.51 0.37 0.32
  8   0.38 0.51 0.66 0.81 0.94 1.03 1.05 1.01 0.92 0.84 0.80 0.80 0.85 0.93 1.02 1.10 1.16 1.17 1.10 0.98 0.82 0.65 0.49 0.36
  9   0.30 0.36 0.50 0.66 0.81 0.94 1.02 1.05 1.03 0.98 0.92 0.87 0.84 0.85 0.90 0.97 1.04 1.08 1.06 1.00 0.90 0.76 0.62 0.48
 10   0.36 0.30 0.35 0.46 0.60 0.75 0.88 0.99 1.05 1.04 1.00 0.94 0.87 0.81 0.78 0.80 0.87 0.94 0.99 1.00 0.95 0.86 0.74 0.59
 11   0.44 0.34 0.31 0.37 0.50 0.66 0.81 0.94 1.05 1.13 1.17 1.16 1.10 1.01 0.93 0.88 0.88 0.91 0.95 0.99 1.00 0.97 0.90 0.80
 12   0.67 0.53 0.40 0.34 0.39 0.51 0.67 0.82 0.95 1.05 1.11 1.14 1.12 1.06 0.96 0.85 0.77 0.74 0.77 0.84 0.90 0.93 0.90 0.82
 13   0.70 0.56 0.42 0.32 0.29 0.35 0.48 0.63 0.78 0.92 1.03 1.09 1.10 1.05 0.95 0.84 0.75 0.69 0.67 0.70 0.76 0.83 0.87 0.86
 14   0.78 0.64 0.48 0.33 0.23 0.19 0.24 0.38 0.56 0.74 0.90 1.01 1.05 1.04 0.97 0.86 0.75 0.66 0.61 0.61 0.65 0.73 0.81 0.86
 15   0.85 0.77 0.63 0.45 0.30 0.23 0.25 0.34 0.48 0.64 0.80 0.96 1.06 1.08 1.03 0.92 0.78 0.68 0.61 0.59 0.63 0.71 0.79 0.86
 16   0.90 0.86 0.75 0.60 0.44 0.32 0.27 0.32 0.45 0.61 0.76 0.90 1.00 1.05 1.04 0.96 0.82 0.67 0.57 0.56 0.60 0.67 0.75 0.83
 17   0.89 0.90 0.85 0.73 0.56 0.40 0.31 0.31 0.38 0.52 0.68 0.84 0.96 1.02 1.02 0.96 0.84 0.69 0.57 0.52 0.54 0.60 0.68 0.77
 18   0.84 0.87 0.85 0.78 0.66 0.52 0.42 0.38 0.42 0.53 0.67 0.81 0.94 1.02 1.04 1.00 0.90 0.74 0.59 0.50 0.50 0.55 0.63 0.72
 19   0.81 0.87 0.88 0.84 0.74 0.61 0.50 0.43 0.44 0.51 0.62 0.76 0.89 0.98 1.02 1.00 0.93 0.81 0.66 0.53 0.46 0.48 0.55 0.65
 20   0.76 0.85 0.90 0.89 0.83 0.73 0.61 0.54 0.52 0.56 0.65 0.77 0.89 0.99 1.04 1.02 0.95 0.84 0.70 0.56 0.46 0.44 0.49 0.59
 21   0.70 0.79 0.86 0.89 0.86 0.79 0.70 0.62 0.58 0.59 0.64 0.73 0.83 0.92 0.99 1.02 0.99 0.90 0.77 0.62 0.49 0.43 0.45 0.53
 22   0.63 0.74 0.83 0.89 0.90 0.87 0.81 0.74 0.68 0.65 0.67 0.72 0.80 0.88 0.95 0.99 0.99 0.93 0.82 0.68 0.54 0.44 0.40 0.45
 23   0.55 0.67 0.77 0.84 0.88 0.87 0.83 0.77 0.71 0.68 0.70 0.77 0.85 0.93 0.99 1.02 1.00 0.94 0.85 0.74 0.62 0.52 0.45 0.43
 24   0.48 0.57 0.67 0.77 0.85 0.91 0.93 0.91 0.86 0.80 0.76 0.76 0.80 0.86 0.93 0.98 1.00 0.98 0.92 0.82 0.70 0.59 0.49 0.43
 25   0.45 0.51 0.59 0.68 0.77 0.85 0.91 0.94 0.92 0.88 0.84 0.81 0.80 0.82 0.86 0.91 0.95 0.96 0.91 0.83 0.73 0.62 0.51 0.42
 26   0.35 0.32 0.36 0.44 0.54 0.64 0.74 0.83 0.89 0.90 0.86 0.81 0.77 0.75 0.75 0.76 0.78 0.80 0.82 0.83 0.79 0.71 0.62 0.52
 27   0.43 0.36 0.32 0.32 0.40 0.51 0.64 0.77 0.88 0.96 0.99 0.97 0.92 0.86 0.80 0.76 0.75 0.77 0.81 0.84 0.85 0.82 0.75 0.65
 28   0.54 0.44 0.36 0.32 0.35 0.42 0.53 0.66 0.79 0.92 1.01 1.03 0.99 0.91 0.82 0.75 0.71 0.72 0.76 0.81 0.86 0.90 0.92 0.88
 29   0.76 0.60 0.46 0.36 0.31 0.35 0.44 0.56 0.71 0.88 1.05 1.15 1.16 1.11 0.99 0.85 0.75 0.70 0.73 0.79 0.87 0.95 1.00 1.01
 30   0.96 0.83 0.66 0.49 0.37 0.31 0.37 0.51 0.69 0.89 1.07 1.20 1.24 1.19 1.09 0.95 0.79 0.66 0.60 0.64 0.73 0.84 0.94 1.01
 31   1.03 0.95 0.81 0.64 0.47 0.35 0.32 0.40 0.55 0.75 0.94 1.12 1.22 1.23 1.15 1.01 0.82 0.64 0.52 0.49 0.57 0.73 0.88 1.01
 ----------------------------------------------------------------------------------------------------------------------------
                                                                                               
 ----------------------------------------------------------------------------------------------------------------------------
 ----------------------------------------------------------------------------------------------------------------------------
                                                          SURVEY OF INDIA
                                                    MARINE GEODESY WING (G&RB)
                                                     HOURLY HEIGHTS IN METRES
  NAME OF PORT:- COCHIN                                                                             MONTH SEPT      YEAR 2019
 ----------------------------------------------------------------------------------------------------------------------------
 DAYS 0000 0001 0002 0003 0004 0005 0006 0007 0008 0009 0010 0011 0012 0013 0014 0015 0016 0017 0018 0019 0020 0021 0022 0023
 ----------------------------------------------------------------------------------------------------------------------------
  1   1.08 1.08 1.00 0.85 0.66 0.47 0.38 0.41 0.52 0.67 0.84 1.01 1.16 1.24 1.20 1.08 0.91 0.66 0.49 0.43 0.48 0.59 0.74 0.89
  2   1.02 1.10 1.11 1.03 0.86 0.68 0.53 0.45 0.48 0.59 0.75 0.94 1.09 1.18 1.19 1.12 0.96 0.72 0.51 0.36 0.33 0.41 0.57 0.74
  3   0.88 0.99 1.06 1.07 0.99 0.85 0.68 0.55 0.52 0.58 0.69 0.84 0.99 1.10 1.15 1.13 1.02 0.84 0.63 0.43 0.32 0.33 0.41 0.55
  4   0.72 0.89 1.02 1.09 1.10 1.03 0.91 0.77 0.67 0.65 0.70 0.81 0.95 1.07 1.15 1.17 1.12 0.97 0.79 0.59 0.42 0.34 0.38 0.50
  5   0.64 0.79 0.93 1.03 1.09 1.10 1.04 0.94 0.83 0.75 0.76 0.83 0.92 1.01 1.09 1.13 1.11 1.02 0.89 0.73 0.57 0.43 0.36 0.38
  6   0.49 0.63 0.78 0.91 1.02 1.07 1.06 1.00 0.92 0.84 0.79 0.80 0.85 0.91 0.97 1.01 1.02 0.99 0.92 0.83 0.71 0.57 0.47 0.42
  7   0.49 0.63 0.78 0.91 1.02 1.07 1.06 1.00 0.92 0.84 0.79 0.80 0.85 0.91 0.97 1.01 1.02 0.99 0.92 0.83 0.71 0.57 0.47 0.42
  8   0.44 0.50 0.58 0.68 0.78 0.87 0.95 1.02 1.05 1.02 0.96 0.89 0.84 0.83 0.85 0.88 0.91 0.93 0.93 0.90 0.84 0.77 0.69 0.62
  9   0.56 0.52 0.51 0.55 0.62 0.70 0.78 0.86 0.93 0.97 0.96 0.92 0.86 0.80 0.75 0.72 0.73 0.76 0.79 0.82 0.83 0.81 0.75 0.66
 10   0.57 0.50 0.45 0.43 0.47 0.54 0.64 0.75 0.87 0.96 0.99 0.97 0.91 0.82 0.72 0.65 0.63 0.65 0.69 0.74 0.79 0.82 0.82 0.77
 11   0.68 0.59 0.51 0.46 0.46 0.50 0.57 0.66 0.76 0.86 0.93 0.97 0.97 0.91 0.80 0.68 0.60 0.58 0.61 0.67 0.74 0.80 0.84 0.84
 12   0.80 0.71 0.59 0.50 0.45 0.45 0.50 0.60 0.72 0.84 0.94 0.99 1.00 0.95 0.85 0.73 0.62 0.56 0.57 0.62 0.69 0.77 0.84 0.88
 13   0.86 0.77 0.66 0.55 0.46 0.42 0.45 0.54 0.66 0.78 0.88 0.95 0.98 0.95 0.86 0.73 0.60 0.50 0.47 0.51 0.60 0.70 0.79 0.86
 14   0.88 0.84 0.75 0.63 0.52 0.45 0.43 0.48 0.59 0.72 0.85 0.96 1.02 1.02 0.95 0.83 0.68 0.54 0.48 0.49 0.56 0.66 0.77 0.87
 15   0.94 0.94 0.88 0.76 0.63 0.52 0.48 0.52 0.61 0.72 0.84 0.96 1.05 1.07 1.01 0.88 0.73 0.59 0.49 0.47 0.54 0.66 0.79 0.91
 16   0.99 1.02 0.98 0.89 0.76 0.63 0.54 0.53 0.60 0.71 0.84 0.98 1.08 1.11 1.06 0.95 0.78 0.62 0.50 0.46 0.49 0.60 0.74 0.87
 17   0.97 1.03 1.01 0.95 0.84 0.70 0.60 0.57 0.61 0.70 0.81 0.92 1.02 1.08 1.07 0.99 0.84 0.68 0.54 0.45 0.45 0.53 0.66 0.80
 18   0.94 1.04 1.08 1.05 0.98 0.87 0.74 0.66 0.65 0.70 0.81 0.93 1.03 1.09 1.09 1.03 0.91 0.75 0.60 0.49 0.45 0.48 0.57 0.71
 19   0.88 1.03 1.10 1.10 1.05 0.97 0.87 0.77 0.72 0.73 0.79 0.88 0.98 1.05 1.08 1.05 0.96 0.83 0.67 0.52 0.43 0.43 0.50 0.62
 20   0.76 0.91 1.02 1.06 1.06 1.02 0.94 0.86 0.78 0.74 0.77 0.84 0.93 1.02 1.08 1.08 1.01 0.88 0.75 0.61 0.48 0.40 0.40 0.49
 21   0.64 0.79 0.92 1.02 1.06 1.04 0.98 0.90 0.83 0.78 0.78 0.82 0.88 0.94 0.99 1.02 1.00 0.92 0.80 0.66 0.52 0.43 0.41 0.46
 22   0.55 0.67 0.80 0.91 0.98 1.00 0.99 0.95 0.88 0.83 0.80 0.80 0.83 0.88 0.94 0.98 0.97 0.91 0.82 0.72 0.62 0.54 0.48 0.46
 23   0.48 0.56 0.68 0.80 0.91 0.99 1.03 1.04 1.01 0.96 0.90 0.86 0.86 0.90 0.95 0.99 0.99 0.96 0.91 0.84 0.76 0.67 0.59 0.54
 24   0.53 0.56 0.62 0.70 0.79 0.88 0.97 1.03 1.06 1.04 1.00 0.95 0.90 0.87 0.88 0.92 0.96 0.98 0.96 0.92 0.87 0.81 0.73 0.65
 25   0.59 0.56 0.58 0.63 0.71 0.81 0.91 1.01 1.09 1.12 1.09 1.03 0.96 0.89 0.84 0.82 0.84 0.88 0.92 0.96 0.98 0.95 0.89 0.80
 26   0.70 0.62 0.58 0.57 0.60 0.68 0.79 0.90 1.01 1.10 1.14 1.12 1.05 0.96 0.87 0.80 0.77 0.79 0.84 0.91 0.97 1.01 1.02 0.98
 27   0.88 0.73 0.60 0.52 0.50 0.56 0.67 0.79 0.93 1.06 1.15 1.16 1.11 1.01 0.88 0.76 0.67 0.65 0.70 0.80 0.90 0.99 1.06 1.09
 28   1.04 0.91 0.73 0.57 0.49 0.51 0.60 0.73 0.88 1.03 1.17 1.24 1.22 1.13 1.00 0.83 0.68 0.60 0.61 0.69 0.82 0.96 1.10 1.20
 29   1.21 1.12 0.97 0.81 0.66 0.56 0.55 0.64 0.78 0.93 1.08 1.19 1.22 1.17 1.04 0.85 0.64 0.48 0.42 0.45 0.57 0.74 0.92 1.07
 30   1.16 1.18 1.13 0.99 0.80 0.64 0.55 0.58 0.68 0.82 0.99 1.12 1.19 1.18 1.09 0.93 0.72 0.50 0.37 0.36 0.45 0.61 0.79 0.99
 ----------------------------------------------------------------------------------------------------------------------------
                                                                                               
 ----------------------------------------------------------------------------------------------------------------------------
 ----------------------------------------------------------------------------------------------------------------------------
                                                          SURVEY OF INDIA
                                                    MARINE GEODESY WING (G&RB)
                                                     HOURLY HEIGHTS IN METRES
  NAME OF PORT:- COCHIN                                                                             MONTH OCTOBER   YEAR 2019
 ----------------------------------------------------------------------------------------------------------------------------
 DAYS 0000 0001 0002 0003 0004 0005 0006 0007 0008 0009 0010 0011 0012 0013 0014 0015 0016 0017 0018 0019 0020 0021 0022 0023
 ----------------------------------------------------------------------------------------------------------------------------
  1   1.15 1.25 1.25 1.15 1.00 0.84 0.72 0.67 0.70 0.80 0.94 1.10 1.22 1.28 1.21 1.05 0.84 0.60 0.40 0.32 0.36 0.49 0.68 0.88
  2   1.07 1.21 1.28 1.29 1.20 1.02 0.84 0.74 0.72 0.78 0.88 1.00 1.12 1.21 1.22 1.14 0.98 0.76 0.54 0.38 0.34 0.41 0.55 0.73
  3   0.92 1.10 1.24 1.30 1.27 1.15 0.99 0.85 0.77 0.78 0.85 0.94 1.02 1.09 1.14 1.15 1.07 0.91 0.70 0.52 0.40 0.36 0.43 0.59
  4   0.78 0.95 1.09 1.20 1.26 1.24 1.16 1.02 0.89 0.83 0.84 0.89 0.96 1.04 1.10 1.13 1.10 1.01 0.88 0.73 0.59 0.51 0.54 0.63
  5   0.76 0.90 1.04 1.17 1.26 1.28 1.24 1.16 1.06 0.98 0.92 0.89 0.91 0.96 1.03 1.08 1.10 1.06 0.98 0.87 0.73 0.60 0.54 0.56
  6   0.63 0.74 0.86 0.98 1.09 1.16 1.19 1.16 1.10 1.03 0.96 0.89 0.84 0.84 0.88 0.94 1.00 1.03 1.00 0.93 0.84 0.76 0.70 0.66
  7   0.66 0.71 0.78 0.86 0.95 1.03 1.10 1.14 1.12 1.07 1.00 0.93 0.87 0.83 0.82 0.84 0.88 0.92 0.94 0.93 0.89 0.83 0.77 0.73
  8   0.71 0.73 0.77 0.82 0.88 0.94 1.00 1.06 1.10 1.11 1.08 1.02 0.95 0.88 0.83 0.82 0.84 0.87 0.90 0.93 0.94 0.92 0.88 0.83
  9   0.77 0.72 0.69 0.71 0.76 0.83 0.90 0.97 1.03 1.07 1.08 1.04 0.96 0.88 0.81 0.76 0.74 0.77 0.83 0.89 0.93 0.95 0.93 0.88
 10   0.82 0.75 0.68 0.65 0.67 0.73 0.81 0.90 0.98 1.03 1.04 1.00 0.93 0.85 0.76 0.68 0.63 0.63 0.68 0.75 0.82 0.87 0.89 0.88
 11   0.83 0.75 0.67 0.61 0.58 0.60 0.66 0.74 0.83 0.92 0.99 1.01 0.98 0.90 0.77 0.64 0.56 0.54 0.58 0.66 0.76 0.86 0.93 0.96
 12   0.94 0.87 0.77 0.68 0.61 0.59 0.64 0.74 0.85 0.93 0.98 1.00 0.98 0.90 0.78 0.64 0.53 0.47 0.50 0.58 0.69 0.81 0.91 0.98
 13   1.00 0.96 0.88 0.76 0.64 0.60 0.62 0.69 0.79 0.90 0.99 1.03 1.02 0.96 0.86 0.73 0.57 0.46 0.43 0.49 0.61 0.76 0.90 1.00
 14   1.05 1.03 0.96 0.85 0.72 0.62 0.59 0.64 0.74 0.86 0.97 1.04 1.04 0.96 0.83 0.69 0.54 0.42 0.37 0.42 0.54 0.68 0.82 0.96
 15   1.06 1.08 1.02 0.91 0.78 0.68 0.62 0.62 0.68 0.78 0.89 0.97 1.00 0.98 0.90 0.75 0.57 0.42 0.35 0.37 0.48 0.62 0.78 0.93
 16   1.05 1.11 1.10 1.03 0.91 0.79 0.69 0.64 0.67 0.75 0.86 0.97 1.04 1.05 0.98 0.85 0.68 0.52 0.40 0.35 0.41 0.54 0.70 0.86
 17   1.00 1.11 1.16 1.13 1.04 0.91 0.79 0.70 0.67 0.71 0.79 0.88 0.96 1.00 0.99 0.90 0.74 0.55 0.40 0.33 0.36 0.46 0.60 0.78
 18   0.97 1.11 1.18 1.20 1.14 1.04 0.93 0.83 0.77 0.77 0.83 0.93 1.02 1.07 1.08 1.02 0.91 0.76 0.59 0.48 0.45 0.50 0.60 0.76
 19   0.93 1.08 1.19 1.25 1.23 1.15 1.04 0.94 0.87 0.84 0.87 0.94 1.02 1.08 1.10 1.06 0.97 0.85 0.71 0.57 0.47 0.46 0.53 0.66
 20   0.81 0.96 1.08 1.16 1.20 1.19 1.13 1.04 0.95 0.87 0.84 0.88 0.95 1.01 1.05 1.06 1.02 0.93 0.81 0.69 0.59 0.54 0.57 0.65
 21   0.77 0.90 1.02 1.13 1.21 1.24 1.23 1.18 1.10 1.01 0.95 0.94 0.98 1.04 1.08 1.09 1.06 1.00 0.92 0.83 0.74 0.66 0.62 0.63
 22   0.69 0.78 0.88 0.99 1.09 1.16 1.19 1.17 1.12 1.05 0.98 0.93 0.92 0.96 1.02 1.07 1.09 1.06 1.00 0.92 0.83 0.75 0.68 0.64
 23   0.65 0.72 0.81 0.90 0.99 1.07 1.13 1.16 1.14 1.09 1.02 0.95 0.90 0.88 0.90 0.94 0.99 1.03 1.05 1.02 0.96 0.89 0.82 0.76
 24   0.71 0.70 0.75 0.83 0.92 1.01 1.10 1.17 1.20 1.17 1.10 1.02 0.94 0.87 0.82 0.81 0.85 0.90 0.95 1.00 1.04 1.06 1.04 0.97
 25   0.86 0.78 0.74 0.76 0.82 0.90 0.99 1.08 1.15 1.20 1.21 1.15 1.05 0.94 0.85 0.78 0.75 0.78 0.85 0.95 1.06 1.15 1.20 1.17
 26   1.06 0.91 0.79 0.72 0.73 0.79 0.88 0.99 1.07 1.15 1.18 1.14 1.05 0.92 0.76 0.63 0.54 0.51 0.57 0.69 0.84 0.99 1.12 1.18
 27   1.15 1.04 0.88 0.76 0.70 0.70 0.77 0.88 0.99 1.09 1.14 1.10 1.00 0.86 0.68 0.50 0.36 0.31 0.37 0.50 0.65 0.85 1.02 1.14
 28   1.19 1.14 1.01 0.84 0.68 0.61 0.64 0.73 0.85 0.97 1.08 1.14 1.10 0.99 0.83 0.63 0.43 0.31 0.29 0.38 0.58 0.81 1.02 1.19
 29   1.28 1.29 1.23 1.10 0.91 0.76 0.70 0.74 0.83 0.95 1.05 1.12 1.13 1.07 0.92 0.73 0.52 0.34 0.26 0.30 0.44 0.66 0.90 1.11
 30   1.25 1.30 1.28 1.21 1.09 0.94 0.80 0.73 0.74 0.83 0.97 1.10 1.18 1.17 1.08 0.92 0.65 0.44 0.32 0.30 0.38 0.56 0.78 0.98
 31   1.16 1.28 1.32 1.28 1.17 1.03 0.88 0.77 0.72 0.79 0.96 1.14 1.23 1.24 1.18 1.05 0.86 0.64 0.44 0.32 0.31 0.40 0.59 0.80
 ----------------------------------------------------------------------------------------------------------------------------
                                                                                               
 ----------------------------------------------------------------------------------------------------------------------------
 ----------------------------------------------------------------------------------------------------------------------------
                                                          SURVEY OF INDIA
                                                    MARINE GEODESY WING (G&RB)
                                                     HOURLY HEIGHTS IN METRES
  NAME OF PORT:- COCHIN                                                                             MONTH NOVEMBER  YEAR 2019
 ----------------------------------------------------------------------------------------------------------------------------
 DAYS 0000 0001 0002 0003 0004 0005 0006 0007 0008 0009 0010 0011 0012 0013 0014 0015 0016 0017 0018 0019 0020 0021 0022 0023
 ----------------------------------------------------------------------------------------------------------------------------
  1   1.01 1.20 1.31 1.34 1.27 1.13 0.97 0.82 0.72 0.70 0.77 0.90 0.99 1.02 1.00 0.94 0.84 0.69 0.53 0.40 0.34 0.38 0.51 0.68
  2   0.85 1.02 1.14 1.22 1.24 1.19 1.08 0.94 0.80 0.72 0.72 0.79 0.90 0.98 1.01 1.00 0.95 0.86 0.74 0.60 0.53 0.53 0.59 0.70
  3   0.82 0.97 1.11 1.22 1.28 1.29 1.23 1.12 0.99 0.87 0.80 0.80 0.85 0.93 0.98 0.99 0.96 0.89 0.79 0.70 0.62 0.58 0.58 0.62
  4   0.70 0.82 0.94 1.04 1.12 1.16 1.15 1.09 0.99 0.89 0.81 0.77 0.76 0.78 0.82 0.87 0.89 0.87 0.82 0.76 0.70 0.66 0.65 0.66
  5   0.69 0.74 0.81 0.89 0.97 1.03 1.06 1.05 1.00 0.92 0.83 0.74 0.68 0.66 0.68 0.72 0.76 0.79 0.80 0.78 0.74 0.69 0.65 0.63
  6   0.63 0.66 0.71 0.78 0.85 0.92 0.97 0.99 0.97 0.91 0.82 0.74 0.68 0.66 0.67 0.70 0.74 0.78 0.82 0.85 0.86 0.85 0.82 0.77
  7   0.73 0.71 0.72 0.76 0.83 0.91 0.99 1.05 1.08 1.07 1.02 0.95 0.86 0.77 0.71 0.69 0.71 0.76 0.82 0.88 0.93 0.96 0.97 0.95
  8   0.90 0.84 0.81 0.81 0.84 0.89 0.96 1.04 1.10 1.12 1.08 1.00 0.90 0.79 0.70 0.64 0.62 0.65 0.71 0.78 0.86 0.93 0.97 0.97
  9   0.93 0.85 0.78 0.74 0.74 0.78 0.85 0.92 0.98 1.02 1.02 0.97 0.87 0.75 0.64 0.56 0.53 0.55 0.60 0.67 0.77 0.87 0.95 0.99
 10   0.97 0.91 0.82 0.73 0.68 0.68 0.72 0.79 0.88 0.94 0.95 0.92 0.85 0.72 0.57 0.45 0.40 0.41 0.47 0.57 0.68 0.80 0.91 1.00
 11   1.04 1.01 0.93 0.82 0.74 0.70 0.71 0.76 0.84 0.92 0.98 1.00 0.96 0.84 0.67 0.51 0.40 0.36 0.40 0.52 0.67 0.83 0.99 1.12
 12   1.17 1.14 1.05 0.93 0.82 0.75 0.72 0.74 0.79 0.87 0.95 0.99 0.97 0.89 0.75 0.57 0.41 0.33 0.33 0.40 0.54 0.72 0.90 1.05
 13   1.14 1.17 1.13 1.03 0.90 0.78 0.72 0.72 0.76 0.83 0.91 0.96 0.97 0.92 0.80 0.63 0.46 0.33 0.29 0.34 0.47 0.65 0.85 1.04
 14   1.17 1.22 1.21 1.14 1.01 0.87 0.77 0.72 0.73 0.79 0.90 0.99 1.02 0.98 0.87 0.70 0.50 0.34 0.27 0.30 0.41 0.58 0.78 1.00
 15   1.18 1.27 1.29 1.24 1.13 0.98 0.85 0.77 0.75 0.79 0.88 0.97 1.02 1.02 0.96 0.82 0.61 0.42 0.29 0.25 0.31 0.45 0.64 0.88
 16   1.08 1.22 1.28 1.27 1.20 1.08 0.92 0.80 0.75 0.75 0.80 0.89 0.97 1.00 0.97 0.88 0.74 0.57 0.41 0.30 0.28 0.37 0.55 0.75
 17   0.96 1.14 1.24 1.28 1.26 1.17 1.03 0.89 0.79 0.76 0.79 0.87 0.96 1.01 1.02 0.97 0.85 0.70 0.52 0.39 0.35 0.40 0.52 0.68
 18   0.87 1.07 1.22 1.29 1.30 1.25 1.15 1.03 0.92 0.83 0.80 0.83 0.91 1.00 1.04 1.03 0.98 0.87 0.71 0.57 0.49 0.48 0.53 0.63
 19   0.78 0.96 1.13 1.25 1.30 1.30 1.26 1.18 1.06 0.94 0.86 0.84 0.87 0.92 0.98 1.02 1.02 0.98 0.90 0.79 0.68 0.60 0.58 0.62
 20   0.72 0.88 1.03 1.15 1.24 1.29 1.30 1.26 1.17 1.05 0.93 0.86 0.83 0.85 0.90 0.96 1.00 1.01 0.99 0.93 0.85 0.76 0.70 0.68
 21   0.72 0.80 0.90 1.02 1.13 1.21 1.24 1.23 1.18 1.08 0.97 0.87 0.80 0.76 0.76 0.80 0.88 0.95 0.99 1.00 0.99 0.94 0.87 0.80
 22   0.77 0.78 0.82 0.90 1.01 1.12 1.20 1.24 1.23 1.15 1.02 0.88 0.74 0.64 0.60 0.62 0.69 0.78 0.88 0.96 1.02 1.04 1.01 0.93
 23   0.84 0.78 0.77 0.81 0.88 0.97 1.06 1.14 1.18 1.16 1.08 0.96 0.82 0.66 0.55 0.52 0.56 0.66 0.79 0.92 1.05 1.15 1.20 1.18
 24   1.10 0.98 0.89 0.85 0.86 0.92 1.01 1.10 1.17 1.20 1.17 1.07 0.91 0.71 0.54 0.43 0.41 0.47 0.61 0.79 0.98 1.16 1.28 1.32
 25   1.27 1.14 0.97 0.85 0.80 0.81 0.87 0.97 1.06 1.13 1.14 1.08 0.95 0.76 0.54 0.35 0.26 0.27 0.36 0.54 0.75 1.00 1.20 1.29
 26   1.31 1.26 1.15 0.96 0.80 0.74 0.75 0.81 0.92 1.02 1.07 1.06 0.99 0.85 0.65 0.43 0.26 0.19 0.21 0.33 0.55 0.79 1.04 1.22
 27   1.30 1.30 1.23 1.06 0.89 0.76 0.70 0.71 0.78 0.91 1.01 1.04 0.99 0.86 0.68 0.50 0.33 0.21 0.16 0.21 0.36 0.58 0.81 1.00
 28   1.16 1.25 1.26 1.18 1.02 0.84 0.70 0.65 0.68 0.78 0.92 1.03 1.06 1.02 0.92 0.74 0.52 0.34 0.24 0.22 0.28 0.46 0.74 1.02
 29   1.21 1.31 1.35 1.32 1.21 1.04 0.88 0.76 0.71 0.73 0.80 0.90 0.97 0.98 0.93 0.80 0.58 0.37 0.22 0.17 0.22 0.37 0.59 0.87
 30   1.08 1.21 1.28 1.30 1.24 1.11 0.93 0.76 0.69 0.70 0.76 0.85 0.91 0.94 0.93 0.86 0.72 0.55 0.39 0.30 0.30 0.39 0.56 0.78
 ----------------------------------------------------------------------------------------------------------------------------
                                                                                               
 ----------------------------------------------------------------------------------------------------------------------------
 ----------------------------------------------------------------------------------------------------------------------------
                                                          SURVEY OF INDIA
                                                    MARINE GEODESY WING (G&RB)
                                                     HOURLY HEIGHTS IN METRES
  NAME OF PORT:- COCHIN                                                                             MONTH DECEMBER  YEAR 2019
 ----------------------------------------------------------------------------------------------------------------------------
 DAYS 0000 0001 0002 0003 0004 0005 0006 0007 0008 0009 0010 0011 0012 0013 0014 0015 0016 0017 0018 0019 0020 0021 0022 0023
 ----------------------------------------------------------------------------------------------------------------------------
  1   0.99 1.15 1.25 1.28 1.26 1.18 1.05 0.90 0.78 0.71 0.70 0.75 0.83 0.90 0.92 0.88 0.79 0.67 0.52 0.42 0.39 0.41 0.50 0.64
  2   0.82 1.00 1.14 1.22 1.23 1.19 1.10 0.97 0.83 0.72 0.68 0.69 0.73 0.80 0.86 0.88 0.84 0.74 0.61 0.51 0.46 0.47 0.53 0.63
  3   0.75 0.88 1.01 1.12 1.18 1.17 1.11 1.01 0.88 0.76 0.68 0.64 0.64 0.68 0.74 0.80 0.83 0.81 0.74 0.66 0.59 0.56 0.57 0.61
  4   0.68 0.78 0.89 0.99 1.06 1.10 1.10 1.05 0.96 0.83 0.71 0.62 0.58 0.59 0.64 0.72 0.77 0.79 0.78 0.74 0.69 0.65 0.63 0.64
  5   0.68 0.75 0.84 0.92 0.98 1.01 1.02 1.00 0.94 0.85 0.74 0.64 0.57 0.53 0.53 0.58 0.67 0.73 0.76 0.76 0.74 0.70 0.67 0.66
  6   0.67 0.70 0.75 0.82 0.90 0.96 0.98 0.97 0.93 0.86 0.77 0.68 0.61 0.56 0.54 0.56 0.62 0.70 0.77 0.82 0.85 0.86 0.85 0.82
  7   0.79 0.77 0.77 0.80 0.86 0.93 0.99 1.02 1.01 0.95 0.84 0.72 0.61 0.53 0.48 0.48 0.53 0.61 0.70 0.79 0.87 0.93 0.96 0.96
  8   0.93 0.87 0.81 0.79 0.81 0.86 0.92 0.97 0.99 0.98 0.93 0.85 0.74 0.59 0.44 0.35 0.32 0.35 0.44 0.59 0.76 0.92 1.04 1.10
  9   1.10 1.05 0.96 0.85 0.77 0.74 0.76 0.81 0.86 0.90 0.92 0.89 0.79 0.61 0.44 0.32 0.26 0.29 0.38 0.52 0.69 0.88 1.04 1.13
 10   1.15 1.12 1.05 0.94 0.84 0.77 0.74 0.76 0.81 0.88 0.93 0.92 0.84 0.69 0.53 0.37 0.24 0.20 0.26 0.41 0.60 0.80 1.00 1.12
 11   1.18 1.19 1.14 1.04 0.90 0.80 0.74 0.72 0.74 0.80 0.88 0.92 0.89 0.79 0.60 0.42 0.27 0.18 0.18 0.28 0.46 0.68 0.90 1.10
 12   1.22 1.26 1.23 1.13 0.99 0.86 0.77 0.73 0.74 0.79 0.86 0.90 0.89 0.82 0.68 0.51 0.33 0.20 0.14 0.19 0.33 0.54 0.80 1.04
 13   1.18 1.24 1.23 1.17 1.06 0.93 0.81 0.72 0.68 0.70 0.78 0.88 0.93 0.91 0.81 0.64 0.40 0.22 0.14 0.15 0.23 0.39 0.62 0.86
 14   1.05 1.18 1.23 1.22 1.15 1.00 0.84 0.73 0.67 0.65 0.69 0.78 0.85 0.87 0.83 0.72 0.54 0.35 0.19 0.12 0.15 0.27 0.44 0.66
 15   0.88 1.06 1.17 1.20 1.17 1.06 0.90 0.75 0.65 0.62 0.64 0.70 0.78 0.84 0.85 0.80 0.70 0.54 0.36 0.22 0.17 0.21 0.34 0.53
 16   0.73 0.94 1.10 1.18 1.19 1.12 0.99 0.83 0.68 0.58 0.54 0.56 0.62 0.72 0.80 0.82 0.77 0.66 0.50 0.36 0.28 0.26 0.32 0.44
 17   0.61 0.82 1.00 1.12 1.18 1.16 1.08 0.96 0.80 0.64 0.55 0.52 0.56 0.65 0.79 0.88 0.90 0.86 0.78 0.66 0.55 0.48 0.47 0.52
 18   0.64 0.81 0.98 1.12 1.21 1.23 1.18 1.08 0.94 0.79 0.66 0.58 0.55 0.57 0.64 0.76 0.84 0.87 0.86 0.82 0.75 0.67 0.60 0.58
 19   0.63 0.74 0.88 1.01 1.11 1.18 1.21 1.18 1.08 0.93 0.77 0.65 0.58 0.56 0.60 0.68 0.78 0.88 0.96 1.01 1.02 0.98 0.91 0.84
 20   0.81 0.84 0.92 1.02 1.11 1.19 1.24 1.25 1.20 1.08 0.90 0.70 0.55 0.47 0.44 0.45 0.50 0.60 0.73 0.86 0.97 1.05 1.07 1.02
 21   0.92 0.86 0.85 0.88 0.94 1.02 1.09 1.12 1.10 1.02 0.90 0.75 0.58 0.42 0.32 0.30 0.35 0.47 0.64 0.83 1.00 1.10 1.14 1.12
 22   1.05 0.96 0.90 0.88 0.89 0.93 0.99 1.05 1.08 1.05 0.98 0.85 0.66 0.48 0.35 0.29 0.32 0.41 0.54 0.70 0.88 1.06 1.20 1.26
 23   1.25 1.18 1.08 0.98 0.92 0.90 0.92 0.97 1.02 1.04 1.01 0.92 0.78 0.60 0.41 0.27 0.21 0.24 0.37 0.58 0.79 0.98 1.15 1.26
 24   1.30 1.27 1.17 1.03 0.91 0.84 0.82 0.84 0.89 0.95 0.98 0.95 0.86 0.70 0.51 0.35 0.23 0.18 0.22 0.34 0.55 0.79 1.01 1.18
 25   1.26 1.27 1.22 1.10 0.93 0.80 0.73 0.71 0.74 0.81 0.87 0.89 0.84 0.72 0.54 0.35 0.20 0.12 0.11 0.18 0.36 0.61 0.86 1.04
 26   1.15 1.21 1.21 1.12 0.96 0.80 0.70 0.66 0.67 0.72 0.78 0.82 0.82 0.76 0.65 0.49 0.31 0.15 0.08 0.11 0.23 0.43 0.67 0.91
 27   1.06 1.15 1.19 1.15 1.04 0.88 0.73 0.63 0.60 0.63 0.70 0.79 0.87 0.90 0.86 0.76 0.60 0.42 0.28 0.20 0.21 0.30 0.48 0.71
 28   0.93 1.12 1.22 1.23 1.17 1.04 0.89 0.74 0.64 0.60 0.63 0.73 0.83 0.87 0.84 0.75 0.62 0.47 0.33 0.25 0.24 0.32 0.48 0.68
 29   0.86 1.01 1.12 1.16 1.13 1.03 0.87 0.72 0.61 0.57 0.59 0.65 0.73 0.79 0.81 0.77 0.67 0.52 0.36 0.25 0.22 0.29 0.43 0.61
 30   0.80 0.96 1.07 1.13 1.14 1.08 0.93 0.75 0.61 0.55 0.56 0.61 0.68 0.75 0.80 0.81 0.78 0.70 0.58 0.46 0.39 0.38 0.46 0.62
 31
 ----------------------------------------------------------------------------------------------------------------------------
                                                                                               
 ----------------------------------------------------------------------------------------------------------------------------
 ----------------------------------------------------------------------------------------------------------------------------
