                                                          SURVEY OF INDIA
                                                    MARINE GEODESY WING (G&RB)
                                                     HOURLY HEIGHTS IN METRES
  NAME OF PORT:- KARWAR                                                                             MONTH JANUARY   YEAR 2021
 ----------------------------------------------------------------------------------------------------------------------------
 DAYS 0000 0001 0002 0003 0004 0005 0006 0007 0008 0009 0010 0011 0012 0013 0014 0015 0016 0017 0018 0019 0020 0021 0022 0023
 ----------------------------------------------------------------------------------------------------------------------------
  1
  2   2.15 2.21 2.07 1.79 1.50 1.28 1.12 1.08 1.19 1.41 1.68 1.88 1.92 1.84 1.65 1.36 0.94 0.62 0.47 0.45 0.64 0.96 1.40 1.78
  3   2.09 2.33 2.40 2.27 2.01 1.66 1.38 1.22 1.20 1.31 1.51 1.71 1.84 1.87 1.80 1.61 1.31 0.95 0.70 0.59 0.63 0.87 1.20 1.56
  4   1.93 2.22 2.39 2.39 2.18 1.89 1.58 1.33 1.17 1.17 1.33 1.53 1.71 1.82 1.85 1.79 1.62 1.35 1.05 0.85 0.76 0.84 1.10 1.42
  5   1.79 2.09 2.29 2.38 2.34 2.14 1.81 1.49 1.25 1.16 1.20 1.36 1.53 1.68 1.79 1.84 1.81 1.65 1.40 1.17 1.04 1.01 1.09 1.28
  6   1.63 1.91 2.15 2.30 2.33 2.21 1.96 1.65 1.31 1.09 0.99 1.02 1.15 1.35 1.52 1.66 1.75 1.77 1.69 1.54 1.31 1.12 1.11 1.22
  7   1.39 1.61 1.83 2.03 2.12 2.11 2.00 1.80 1.51 1.26 1.03 0.89 0.90 1.01 1.20 1.40 1.57 1.72 1.83 1.84 1.71 1.53 1.39 1.34
  8
  9
 10   1.61 1.47 1.41 1.48 1.63 1.77 1.89 1.97 1.93 1.75 1.45 1.06 0.71 0.43 0.24 0.29 0.57 0.89 1.22 1.60 1.90 2.10 2.14 2.05
 11   1.85 1.65 1.48 1.40 1.47 1.62 1.77 1.91 1.98 1.93 1.75 1.46 1.07 0.66 0.33 0.17 0.26 0.53 0.95 1.39 1.76 2.10 2.27 2.29
 12   2.20 1.99 1.68 1.41 1.33 1.40 1.56 1.74 1.89 1.97 1.94 1.75 1.44 1.01 0.52 0.23 0.15 0.26 0.60 1.01 1.44 1.89 2.20 2.35
 13   2.34 2.16 1.88 1.55 1.31 1.22 1.31 1.50 1.70 1.88 1.97 1.91 1.71 1.36 0.86 0.42 0.17 0.11 0.31 0.67 1.09 1.54 1.91 2.21
 14   2.32 2.26 2.01 1.67 1.30 1.08 1.05 1.19 1.41 1.65 1.82 1.89 1.83 1.64 1.26 0.73 0.34 0.17 0.18 0.40 0.77 1.27 1.71 2.06
 15   2.31 2.37 2.23 1.93 1.60 1.23 1.08 1.13 1.30 1.49 1.70 1.88 1.96 1.88 1.63 1.24 0.83 0.48 0.35 0.41 0.69 1.09 1.53 1.91
 16   2.21 2.39 2.36 2.14 1.82 1.43 1.14 1.01 1.06 1.27 1.52 1.72 1.85 1.87 1.76 1.52 1.15 0.73 0.50 0.46 0.63 0.98 1.38 1.78
 17   2.10 2.32 2.39 2.26 1.93 1.59 1.29 1.09 1.03 1.13 1.35 1.57 1.75 1.84 1.80 1.65 1.40 1.11 0.83 0.68 0.70 0.87 1.23 1.62
 18   1.93 2.15 2.27 2.23 2.05 1.76 1.48 1.23 1.06 1.03 1.13 1.34 1.57 1.74 1.78 1.74 1.61 1.39 1.17 0.98 0.87 0.90 1.06 1.33
 19   1.59 1.83 2.01 2.13 2.16 2.09 1.91 1.48 1.15 1.03 1.03 1.13 1.31 1.47 1.57 1.63 1.63 1.57 1.44 1.26 1.09 0.98 1.02 1.19
 20   1.41 1.67 1.91 2.01 2.03 1.96 1.78 1.53 1.27 1.06 0.93 0.93 1.08 1.27 1.44 1.59 1.69 1.69 1.61 1.48 1.31 1.17 1.18 1.30
 21   1.47 1.64 1.83 1.96 2.00 1.98 1.85 1.60 1.28 1.02 0.88 0.87 0.97 1.10 1.23 1.37 1.51 1.62 1.65 1.61 1.52 1.43 1.40 1.43
 22   1.51 1.64 1.78 1.89 1.94 1.92 1.83 1.67 1.48 1.25 1.06 0.93 0.87 0.92 1.03 1.18 1.36 1.53 1.66 1.73 1.73 1.69 1.64 1.58
 23   1.55 1.58 1.67 1.77 1.85 1.88 1.85 1.76 1.58 1.40 1.19 1.01 0.86 0.78 0.80 0.93 1.15 1.35 1.53 1.68 1.78 1.79 1.73 1.66
 24   1.60 1.56 1.57 1.61 1.66 1.71 1.73 1.70 1.60 1.44 1.23 1.02 0.80 0.65 0.60 0.66 0.83 1.10 1.33 1.57 1.73 1.82 1.83 1.76
 25   1.67 1.57 1.48 1.46 1.49 1.56 1.63 1.68 1.69 1.61 1.42 1.19 0.93 0.71 0.56 0.51 0.62 0.89 1.19 1.48 1.72 1.90 1.99 1.97
 26   1.87 1.71 1.57 1.49 1.48 1.55 1.65 1.73 1.77 1.74 1.61 1.38 1.10 0.81 0.59 0.46 0.48 0.68 1.01 1.33 1.63 1.91 2.08 2.12
 27   2.03 1.87 1.67 1.48 1.38 1.39 1.48 1.63 1.76 1.81 1.73 1.56 1.33 1.03 0.72 0.44 0.35 0.48 0.79 1.13 1.47 1.83 2.10 2.22
 28   2.21 2.05 1.78 1.53 1.35 1.31 1.39 1.54 1.71 1.84 1.87 1.77 1.57 1.27 0.92 0.52 0.32 0.37 0.58 0.91 1.33 1.70 2.01 2.26
 29   2.33 2.21 1.93 1.59 1.34 1.21 1.22 1.36 1.58 1.80 1.96 1.97 1.81 1.45 1.08 0.69 0.40 0.29 0.36 0.63 1.07 1.50 1.86 2.17
 30   2.33 2.28 2.07 1.73 1.43 1.19 1.08 1.15 1.41 1.67 1.89 1.99 1.95 1.77 1.43 0.98 0.60 0.38 0.31 0.45 0.83 1.23 1.68 2.01
 31   2.26 2.36 2.27 1.99 1.63 1.23 1.01 0.98 1.11 1.35 1.63 1.85 1.96 1.93 1.76 1.42 0.97 0.58 0.42 0.43 0.63 0.95 1.43 1.87
 ----------------------------------------------------------------------------------------------------------------------------
                                                                                               
 ----------------------------------------------------------------------------------------------------------------------------
 ----------------------------------------------------------------------------------------------------------------------------
                                                          SURVEY OF INDIA
                                                    MARINE GEODESY WING (G&RB)
                                                     HOURLY HEIGHTS IN METRES
  NAME OF PORT:- KARWAR                                                                             MONTH FEBRUARY  YEAR 2021
 ----------------------------------------------------------------------------------------------------------------------------
 DAYS 0000 0001 0002 0003 0004 0005 0006 0007 0008 0009 0010 0011 0012 0013 0014 0015 0016 0017 0018 0019 0020 0021 0022 0023
 ----------------------------------------------------------------------------------------------------------------------------
  1   2.22 2.41 2.36 2.13 1.79 1.39 1.02 0.83 0.87 1.05 1.33 1.60 1.85 1.95 1.88 1.67 1.34 0.95 0.69 0.56 0.60 0.89 1.29 1.73
  2   2.09 2.32 2.41 2.31 2.03 1.61 1.14 0.87 0.77 0.82 1.03 1.35 1.66 1.84 1.89 1.81 1.61 1.29 0.98 0.77 0.71 0.82 1.14 1.52
  3   1.83 2.09 2.28 2.31 2.12 1.74 1.35 1.01 0.76 0.66 0.74 0.99 1.30 1.56 1.73 1.81 1.78 1.63 1.37 1.12 0.99 0.98 1.10 1.36
  4   1.71 1.98 2.16 2.26 2.23 2.00 1.67 1.26 0.93 0.70 0.63 0.76 1.04 1.30 1.53 1.69 1.78 1.78 1.65 1.41 1.22 1.15 1.21 1.37
  5   1.59 1.83 2.02 2.13 2.14 2.03 1.77 1.43 1.08 0.80 0.61 0.56 0.70 0.94 1.18 1.42 1.62 1.77 1.80 1.73 1.61 1.48 1.39 1.40
  6   1.49 1.65 1.80 1.92 2.00 2.01 1.90 1.66 1.36 1.05 0.78 0.59 0.54 0.65 0.87 1.09 1.35 1.62 1.83 1.91 1.86 1.75 1.64 1.53
  7   1.48 1.53 1.64 1.75 1.83 1.88 1.86 1.74 1.53 1.23 0.93 0.64 0.48 0.47 0.57 0.78 1.05 1.36 1.64 1.85 1.97 1.98 1.89 1.73
  8   1.55 1.47 1.47 1.53 1.61 1.71 1.80 1.81 1.71 1.50 1.23 0.93 0.65 0.45 0.38 0.46 0.72 1.01 1.39 1.71 1.95 2.08 2.09 1.97
  9   1.78 1.57 1.38 1.31 1.36 1.50 1.63 1.75 1.79 1.72 1.56 1.27 0.93 0.60 0.37 0.35 0.47 0.73 1.13 1.52 1.88 2.09 2.19 2.17
 10   1.99 1.73 1.45 1.23 1.17 1.29 1.48 1.66 1.81 1.86 1.79 1.62 1.33 0.94 0.57 0.33 0.30 0.49 0.86 1.27 1.69 2.02 2.25 2.29
 11   2.16 1.93 1.63 1.33 1.14 1.13 1.27 1.50 1.73 1.90 1.98 1.95 1.78 1.45 1.05 0.67 0.41 0.39 0.62 0.97 1.43 1.82 2.14 2.37
 12   2.42 2.24 1.92 1.60 1.28 1.09 1.06 1.24 1.48 1.72 1.91 2.00 1.93 1.70 1.36 0.96 0.60 0.42 0.48 0.78 1.15 1.60 1.94 2.22
 13   2.34 2.32 2.10 1.75 1.38 1.08 0.96 1.04 1.26 1.52 1.75 1.92 1.96 1.85 1.56 1.20 0.80 0.56 0.49 0.60 0.99 1.42 1.76 2.04
 14   2.24 2.30 2.18 1.80 1.43 1.14 0.91 0.89 1.01 1.27 1.60 1.82 1.93 1.90 1.72 1.46 1.08 0.72 0.56 0.57 0.84 1.25 1.60 1.90
 15   2.14 2.26 2.21 1.92 1.58 1.22 0.90 0.79 0.86 1.08 1.40 1.67 1.83 1.90 1.87 1.70 1.40 1.04 0.85 0.81 0.94 1.20 1.50 1.84
 16   2.03 2.10 2.06 1.95 1.74 1.46 1.13 0.84 0.68 0.72 0.98 1.37 1.64 1.75 1.76 1.69 1.53 1.30 1.02 0.77 0.76 0.92 1.23 1.53
 17   1.80 1.93 1.97 1.92 1.73 1.41 1.07 0.80 0.64 0.68 0.88 1.14 1.36 1.52 1.63 1.66 1.60 1.41 1.12 0.86 0.76 0.86 1.10 1.37
 18   1.58 1.78 1.90 1.91 1.83 1.66 1.40 1.09 0.78 0.62 0.64 0.85 1.11 1.34 1.50 1.60 1.64 1.59 1.45 1.27 1.18 1.18 1.25 1.38
 19   1.57 1.75 1.88 1.94 1.93 1.83 1.58 1.32 1.05 0.86 0.77 0.78 0.90 1.10 1.32 1.47 1.57 1.61 1.59 1.52 1.41 1.34 1.36 1.46
 20   1.57 1.71 1.82 1.87 1.84 1.74 1.58 1.38 1.17 0.97 0.83 0.77 0.83 1.00 1.18 1.35 1.48 1.59 1.64 1.62 1.56 1.49 1.43 1.44
 21   1.52 1.62 1.73 1.79 1.78 1.71 1.58 1.42 1.26 1.08 0.88 0.70 0.62 0.64 0.77 0.94 1.12 1.31 1.46 1.55 1.56 1.51 1.44 1.41
 22   1.45 1.52 1.58 1.64 1.67 1.65 1.57 1.44 1.28 1.13 0.98 0.81 0.67 0.62 0.66 0.78 0.99 1.22 1.54 1.74 1.81 1.80 1.72 1.61
 23   1.50 1.43 1.42 1.46 1.54 1.60 1.63 1.62 1.53 1.38 1.16 0.95 0.72 0.55 0.54 0.65 0.83 1.09 1.42 1.67 1.84 1.92 1.88 1.74
 24   1.59 1.45 1.37 1.35 1.38 1.45 1.55 1.63 1.64 1.55 1.35 1.10 0.82 0.60 0.48 0.47 0.61 0.87 1.23 1.52 1.78 1.95 2.00 1.90
 25   1.73 1.55 1.36 1.24 1.23 1.30 1.43 1.58 1.69 1.70 1.60 1.40 1.12 0.84 0.57 0.40 0.43 0.60 0.92 1.28 1.62 1.96 2.14 2.12
 26   1.96 1.72 1.40 1.18 1.07 1.09 1.22 1.44 1.65 1.79 1.81 1.70 1.46 1.11 0.75 0.45 0.31 0.39 0.70 1.04 1.44 1.84 2.12 2.22
 27   2.14 1.86 1.55 1.22 0.99 0.91 1.00 1.22 1.50 1.74 1.90 1.93 1.77 1.47 1.08 0.69 0.39 0.31 0.50 0.84 1.26 1.72 2.08 2.29
 28   2.30 2.12 1.78 1.34 1.00 0.78 0.76 1.00 1.30 1.63 1.89 2.01 1.98 1.79 1.42 1.00 0.69 0.45 0.40 0.62 1.04 1.52 1.96 2.25
 ----------------------------------------------------------------------------------------------------------------------------
                                                                                              
 ----------------------------------------------------------------------------------------------------------------------------
 ----------------------------------------------------------------------------------------------------------------------------
                                                          SURVEY OF INDIA
                                                    MARINE GEODESY WING (G&RB)
                                                     HOURLY HEIGHTS IN METRES
  NAME OF PORT:- KARWAR                                                                             MONTH MARCH     YEAR 2021
 ----------------------------------------------------------------------------------------------------------------------------
 DAYS 0000 0001 0002 0003 0004 0005 0006 0007 0008 0009 0010 0011 0012 0013 0014 0015 0016 0017 0018 0019 0020 0021 0022 0023
 ----------------------------------------------------------------------------------------------------------------------------
  1   2.34 2.24 1.98 1.60 1.12 0.76 0.57 0.65 0.95 1.32 1.69 1.96 2.06 1.99 1.74 1.35 0.90 0.62 0.51 0.57 0.88 1.30 1.78 2.12
  2   2.38 2.43 2.26 1.83 1.38 0.89 0.58 0.48 0.62 0.95 1.40 1.77 1.99 2.09 2.05 1.80 1.40 1.00 0.76 0.69 0.85 1.20 1.62 2.00
  3   2.24 2.35 2.33 2.08 1.65 1.10 0.70 0.46 0.44 0.66 1.02 1.44 1.78 2.01 2.11 2.04 1.78 1.42 1.13 0.93 0.92 1.10 1.45 1.78
  4   2.04 2.21 2.27 2.18 1.87 1.40 0.93 0.60 0.41 0.45 0.72 1.08 1.47 1.76 1.98 2.08 2.02 1.78 1.50 1.26 1.12 1.16 1.35 1.62
  5   1.90 2.11 2.20 2.18 2.00 1.64 1.20 0.81 0.56 0.45 0.49 0.75 1.12 1.41 1.64 1.84 1.94 1.92 1.78 1.55 1.36 1.26 1.30 1.43
  6   1.62 1.82 1.96 2.02 1.95 1.77 1.45 1.13 0.84 0.60 0.47 0.54 0.79 1.04 1.30 1.52 1.74 1.87 1.91 1.82 1.66 1.53 1.44 1.42
  7   1.50 1.66 1.80 1.87 1.87 1.80 1.67 1.47 1.18 0.88 0.66 0.57 0.61 0.78 0.98 1.22 1.47 1.70 1.84 1.90 1.88 1.77 1.62 1.50
  8   1.46 1.50 1.58 1.65 1.70 1.71 1.68 1.59 1.42 1.14 0.90 0.71 0.62 0.63 0.76 0.95 1.20 1.46 1.68 1.85 1.97 2.02 2.00 1.88
  9   1.70 1.52 1.40 1.38 1.44 1.54 1.66 1.74 1.75 1.64 1.39 1.12 0.88 0.67 0.60 0.66 0.85 1.14 1.47 1.73 1.94 2.06 2.07 1.92
 10   1.70 1.49 1.34 1.25 1.27 1.38 1.53 1.68 1.78 1.76 1.64 1.43 1.14 0.84 0.59 0.54 0.64 0.90 1.21 1.54 1.82 2.07 2.16 2.11
 11   1.93 1.70 1.42 1.21 1.13 1.19 1.36 1.56 1.74 1.84 1.85 1.73 1.50 1.19 0.80 0.58 0.52 0.65 1.00 1.36 1.72 2.00 2.21 2.25
 12   2.14 1.88 1.52 1.18 0.99 0.97 1.14 1.36 1.60 1.80 1.92 1.91 1.78 1.49 1.10 0.75 0.55 0.59 0.83 1.18 1.58 1.90 2.16 2.29
 13   2.24 2.02 1.69 1.30 1.00 0.88 0.93 1.16 1.46 1.74 1.95 2.05 2.00 1.79 1.42 1.06 0.77 0.68 0.80 1.13 1.47 1.82 2.10 2.29
 14   2.30 2.12 1.80 1.38 1.01 0.80 0.79 0.93 1.18 1.48 1.78 1.97 2.02 1.90 1.63 1.26 0.91 0.72 0.70 0.88 1.26 1.58 1.92 2.15
 15   2.22 2.16 1.91 1.54 1.11 0.79 0.64 0.71 0.94 1.28 1.62 1.87 2.02 2.02 1.85 1.54 1.21 0.97 0.84 0.89 1.15 1.48 1.85 2.10
 16   2.20 2.17 2.00 1.67 1.28 0.88 0.67 0.65 0.81 1.08 1.38 1.72 1.96 2.02 1.91 1.70 1.44 1.16 0.98 0.92 1.04 1.38 1.70 1.98
 17   2.12 2.13 2.03 1.78 1.40 1.00 0.76 0.66 0.69 0.89 1.21 1.56 1.80 1.94 1.96 1.85 1.65 1.39 1.17 1.07 1.10 1.28 1.59 1.86
 18   2.02 2.08 2.04 1.88 1.58 1.18 0.88 0.69 0.65 0.78 1.03 1.38 1.66 1.85 1.96 1.95 1.81 1.58 1.32 1.20 1.23 1.38 1.57 1.78
 19   1.94 2.01 1.98 1.84 1.58 1.27 0.98 0.76 0.67 0.71 0.88 1.19 1.48 1.70 1.84 1.90 1.84 1.70 1.52 1.36 1.29 1.34 1.46 1.62
 20   1.76 1.88 1.91 1.83 1.65 1.38 1.10 0.88 0.72 0.67 0.77 0.96 1.19 1.42 1.65 1.79 1.82 1.74 1.59 1.47 1.39 1.38 1.46 1.61
 21   1.75 1.84 1.85 1.77 1.62 1.44 1.24 1.03 0.85 0.75 0.77 0.90 1.10 1.31 1.52 1.68 1.78 1.81 1.76 1.67 1.60 1.54 1.51 1.54
 22   1.63 1.72 1.76 1.74 1.66 1.53 1.36 1.17 1.01 0.89 0.81 0.80 0.88 1.12 1.32 1.52 1.67 1.77 1.82 1.81 1.75 1.68 1.60 1.54
 23   1.52 1.54 1.58 1.62 1.65 1.63 1.55 1.42 1.26 1.09 0.92 0.82 0.81 0.87 0.98 1.14 1.36 1.56 1.75 1.85 1.87 1.81 1.71 1.61
 24   1.51 1.42 1.41 1.45 1.51 1.56 1.59 1.57 1.50 1.36 1.15 0.96 0.82 0.76 0.81 0.95 1.14 1.37 1.65 1.86 1.88 1.78 1.59 1.41
 25   1.30 1.27 1.32 1.39 1.47 1.56 1.60 1.57 1.43 1.22 0.99 0.81 0.73 0.73 0.81 0.96 1.17 1.38 1.60 1.80 2.00 2.07 2.02 1.88
 26   1.68 1.47 1.28 1.20 1.21 1.30 1.47 1.68 1.81 1.84 1.75 1.57 1.28 1.00 0.79 0.68 0.74 0.97 1.30 1.64 1.94 2.16 2.22 2.13
 27   1.88 1.60 1.30 1.12 1.05 1.12 1.34 1.63 1.86 2.00 2.03 1.91 1.67 1.32 1.00 0.75 0.65 0.76 1.08 1.56 1.92 2.17 2.30 2.28
 28   2.06 1.72 1.32 1.00 0.84 0.85 1.08 1.48 1.85 2.07 2.16 2.12 1.90 1.56 1.12 0.80 0.63 0.67 1.02 1.62 2.04 2.31 2.44 2.46
 29   2.34 2.00 1.48 1.02 0.70 0.56 0.64 0.93 1.34 1.73 2.07 2.23 2.22 2.00 1.53 0.87 0.70 0.78 1.08 1.48 1.86 2.17 2.38 2.46
 30   2.40 2.15 1.70 1.20 0.76 0.45 0.41 0.58 1.01 1.48 1.88 2.18 2.32 2.28 2.04 1.64 1.22 0.92 0.84 1.00 1.34 1.72 2.12 2.36
 31   2.45 2.33 1.98 1.48 0.90 0.50 0.31 0.38 0.67 1.08 1.58 1.98 2.26 2.38 2.26 1.94 1.54 1.20 0.98 0.94 1.15 1.48 1.84 2.14
 ----------------------------------------------------------------------------------------------------------------------------
                                                                                               
 ----------------------------------------------------------------------------------------------------------------------------
 ----------------------------------------------------------------------------------------------------------------------------
                                                          SURVEY OF INDIA
                                                    MARINE GEODESY WING (G&RB)
                                                     HOURLY HEIGHTS IN METRES
  NAME OF PORT:- KARWAR                                                                             MONTH APRIL     YEAR 2021
 ----------------------------------------------------------------------------------------------------------------------------
 DAYS 0000 0001 0002 0003 0004 0005 0006 0007 0008 0009 0010 0011 0012 0013 0014 0015 0016 0017 0018 0019 0020 0021 0022 0023
 ----------------------------------------------------------------------------------------------------------------------------
  1   2.29 2.31 2.14 1.73 1.18 0.64 0.31 0.17 0.31 0.66 1.07 1.52 1.90 2.14 2.22 2.14 1.90 1.52 1.18 1.08 1.14 1.29 1.55 1.84
  2   2.06 2.15 2.10 1.87 1.44 0.94 0.53 0.23 0.14 0.31 0.65 1.07 1.44 1.76 2.01 2.11 2.01 1.74 1.44 1.23 1.15 1.20 1.35 1.60
  3   1.80 1.94 1.98 1.89 1.64 1.27 0.88 0.55 0.35 0.28 0.43 0.72 1.08 1.43 1.68 1.88 1.97 1.94 1.85 1.75 1.66 1.61 1.64 1.73
  4   1.87 2.02 2.08 2.04 1.92 1.72 1.44 1.13 0.87 0.70 0.70 0.90 1.15 1.41 1.67 1.91 2.08 2.14 2.08 1.95 1.80 1.66 1.57 1.54
  5   1.58 1.68 1.77 1.82 1.81 1.73 1.58 1.37 1.17 0.95 0.79 0.77 0.92 1.13 1.35 1.58 1.81 1.94 1.93 1.84 1.69 1.53 1.38 1.22
  6   1.11 1.10 1.15 1.22 1.28 1.34 1.36 1.31 1.18 1.01 0.82 0.63 0.54 0.57 0.68 0.88 1.13 1.36 1.54 1.70 1.77 1.71 1.55 1.36
  7   1.15 1.00 0.94 0.98 1.08 1.18 1.29 1.36 1.38 1.33 1.16 0.93 0.71 0.59 0.58 0.66 0.85 1.13 1.40 1.61 1.77 1.81 1.71 1.50
  8   1.28 1.03 0.83 0.76 0.83 0.98 1.12 1.27 1.39 1.42 1.34 1.17 0.93 0.69 0.52 0.50 0.65 0.88 1.14 1.40 1.64 1.77 1.78 1.63
  9   1.38 1.14 0.85 0.69 0.67 0.79 1.00 1.21 1.41 1.56 1.59 1.46 1.23 0.94 0.70 0.55 0.58 0.77 1.03 1.32 1.58 1.78 1.89 1.83
 10   1.60 1.29 0.98 0.69 0.55 0.58 0.79 1.08 1.35 1.54 1.65 1.65 1.53 1.26 0.94 0.68 0.59 0.69 0.91 1.19 1.51 1.77 1.89 1.85
 11   1.67 1.40 1.10 0.80 0.62 0.57 0.68 0.94 1.23 1.48 1.65 1.71 1.66 1.48 1.23 0.94 0.74 0.72 0.87 1.12 1.42 1.68 1.83 1.87
 12   1.78 1.48 1.20 0.94 0.66 0.50 0.54 0.82 1.16 1.50 1.73 1.82 1.79 1.62 1.37 1.08 0.81 0.72 0.81 1.02 1.28 1.54 1.74 1.82
 13   1.76 1.53 1.27 0.98 0.68 0.44 0.38 0.53 0.85 1.18 1.49 1.71 1.86 1.88 1.75 1.49 1.20 0.93 0.87 0.96 1.20 1.46 1.69 1.82
 14   1.80 1.63 1.37 1.08 0.75 0.42 0.32 0.43 0.74 1.09 1.49 1.77 1.91 1.92 1.82 1.59 1.30 1.07 0.97 1.02 1.20 1.45 1.68 1.86
 15   1.90 1.78 1.55 1.24 0.82 0.54 0.38 0.40 0.59 0.92 1.29 1.60 1.87 1.97 1.92 1.73 1.50 1.25 1.06 1.01 1.13 1.35 1.62 1.81
 16   1.87 1.79 1.60 1.32 0.94 0.58 0.43 0.42 0.54 0.80 1.15 1.50 1.79 1.94 1.96 1.85 1.65 1.39 1.21 1.15 1.21 1.34 1.53 1.73
 17   1.82 1.80 1.65 1.42 1.11 0.80 0.58 0.46 0.48 0.69 0.98 1.32 1.60 1.84 1.94 1.94 1.82 1.64 1.44 1.31 1.28 1.35 1.52 1.69
 18   1.78 1.80 1.75 1.63 1.42 1.12 0.84 0.65 0.59 0.67 0.86 1.11 1.42 1.68 1.84 1.91 1.90 1.80 1.63 1.48 1.36 1.34 1.39 1.48
 19   1.59 1.71 1.75 1.67 1.51 1.32 1.10 0.87 0.70 0.63 0.69 0.86 1.08 1.31 1.51 1.68 1.81 1.83 1.73 1.59 1.48 1.40 1.38 1.41
 20   1.47 1.54 1.58 1.56 1.48 1.35 1.19 1.01 0.84 0.73 0.72 0.79 0.94 1.15 1.35 1.53 1.70 1.82 1.82 1.73 1.61 1.50 1.42 1.36
 21   1.35 1.38 1.44 1.48 1.49 1.46 1.36 1.22 1.08 0.94 0.83 0.77 0.82 0.96 1.14 1.33 1.56 1.76 1.86 1.86 1.78 1.65 1.51 1.40
 22   1.32 1.29 1.33 1.39 1.46 1.53 1.54 1.49 1.38 1.24 1.07 0.90 0.80 0.81 0.95 1.14 1.37 1.61 1.80 1.92 1.92 1.82 1.66 1.44
 23   1.24 1.09 1.03 1.07 1.22 1.39 1.53 1.60 1.57 1.46 1.30 1.10 0.87 0.71 0.68 0.84 1.10 1.38 1.64 1.87 2.00 1.98 1.79 1.56
 24   1.32 1.08 0.91 0.86 0.99 1.23 1.46 1.64 1.76 1.79 1.70 1.47 1.19 0.94 0.79 0.79 0.92 1.19 1.50 1.81 2.02 2.11 2.02 1.78
 25   1.45 1.08 0.81 0.68 0.72 0.91 1.21 1.50 1.78 1.96 1.96 1.82 1.56 1.21 0.93 0.79 0.78 0.96 1.29 1.66 1.96 2.14 2.17 1.98
 26   1.56 1.12 0.70 0.45 0.42 0.60 0.91 1.26 1.64 1.99 2.14 2.07 1.86 1.58 1.22 0.93 0.78 0.86 1.11 1.48 1.81 2.09 2.21 2.12
 27   1.84 1.37 0.80 0.37 0.15 0.17 0.42 0.84 1.32 1.74 2.09 2.23 2.18 1.95 1.53 1.11 0.88 0.83 0.98 1.25 1.64 1.98 2.15 2.20
 28   2.09 1.71 1.23 0.70 0.31 0.07 0.11 0.44 0.90 1.36 1.86 2.12 2.24 2.22 1.96 1.63 1.30 1.06 0.96 1.04 1.28 1.64 1.98 2.16
 29   2.20 2.02 1.63 1.14 0.60 0.24 0.04 0.08 0.45 0.95 1.43 1.83 2.12 2.27 2.24 2.02 1.71 1.45 1.24 1.08 1.08 1.28 1.59 1.97
 30   2.14 2.10 1.92 1.58 1.05 0.50 0.12-0.05 0.05 0.48 0.94 1.42 1.82 2.15 2.31 2.24 2.00 1.69 1.35 1.14 1.11 1.24 1.48 1.73
 ----------------------------------------------------------------------------------------------------------------------------
                                                                                               
 ----------------------------------------------------------------------------------------------------------------------------
 ----------------------------------------------------------------------------------------------------------------------------
                                                          SURVEY OF INDIA
                                                    MARINE GEODESY WING (G&RB)
                                                     HOURLY HEIGHTS IN METRES
  NAME OF PORT:- KARWAR                                                                             MONTH MAY       YEAR 2021
 ----------------------------------------------------------------------------------------------------------------------------
 DAYS 0000 0001 0002 0003 0004 0005 0006 0007 0008 0009 0010 0011 0012 0013 0014 0015 0016 0017 0018 0019 0020 0021 0022 0023
 ----------------------------------------------------------------------------------------------------------------------------
  1
  2
  3
  4
  5
  6
  7
  8
  9
 10
 11
 12
 13
 14
 15
 16
 17
 18
 19
 20
 21
 22
 23
 24
 25
 26
 27
 28
 29
 30
 31
 ----------------------------------------------------------------------------------------------------------------------------
                                                          SURVEY OF INDIA
                                                    MARINE GEODESY WING (G&RB)
                                                     HOURLY HEIGHTS IN METRES
  NAME OF PORT:- KARWAR                                                                             MONTH JUNE      YEAR 2021
 ----------------------------------------------------------------------------------------------------------------------------
 DAYS 0000 0001 0002 0003 0004 0005 0006 0007 0008 0009 0010 0011 0012 0013 0014 0015 0016 0017 0018 0019 0020 0021 0022 0023
 ----------------------------------------------------------------------------------------------------------------------------
  1   1.20 1.34 1.43 1.44 1.34 1.15 0.90 0.63 0.40 0.31 0.42 0.69 0.98 1.27 1.53 1.78 1.87 1.80 1.62 1.40 1.19 0.98 0.84 0.82
  2   0.90 1.04 1.18 1.28 1.34 1.33 1.22 1.01 0.81 0.64 0.58 0.65 0.81 1.03 1.29 1.51 1.69 1.78 1.75 1.61 1.38 1.15 0.92 0.80
  3   0.79 0.86 0.96 1.07 1.19 1.30 1.31 1.22 1.09 0.94 0.79 0.70 0.75 0.91 1.11 1.33 1.53 1.68 1.75 1.70 1.56 1.36 1.11 0.87
  4   0.68 0.67 0.76 0.91 1.06 1.21 1.35 1.38 1.32 1.20 1.05 0.89 0.80 0.84 0.99 1.18 1.39 1.56 1.69 1.72 1.63 1.45 1.22 0.95
  5   0.73 0.56 0.54 0.66 0.86 1.06 1.25 1.41 1.47 1.43 1.32 1.16 0.98 0.90 0.94 1.07 1.24 1.41 1.56 1.66 1.67 1.56 1.34 1.07
  6   0.78 0.56 0.44 0.43 0.55 0.82 1.07 1.29 1.46 1.55 1.53 1.43 1.27 1.10 1.00 1.03 1.15 1.31 1.47 1.61 1.68 1.64 1.48 1.23
  7   0.94 0.65 0.45 0.34 0.42 0.67 0.97 1.25 1.47 1.63 1.72 1.67 1.51 1.33 1.18 1.12 1.16 1.27 1.44 1.62 1.74 1.73 1.55 1.34
  8
  9
 10
 11
 12
 13
 14
 15
 16
 17
 18
 19
 20   0.54 0.60 0.75 0.94 1.20 1.44 1.64 1.72 1.63 1.46 1.26 1.10 1.01 1.03 1.24 1.50 1.74 1.95 2.07 2.04 1.81 1.50 1.13 0.73
 21   0.45 0.33 0.38 0.56 0.85 1.19 1.50 1.75 1.86 1.80 1.62 1.41 1.22 1.08 1.09 1.29 1.51 1.72 1.87 1.91 1.83 1.66 1.36 0.94
 22   0.48 0.05-0.11-0.06 0.11 0.41 0.86 1.29 1.61 1.80 1.82 1.71 1.50 1.24 1.02 0.94 1.03 1.24 1.46 1.68 1.81 1.78 1.58 1.22
 23   0.72 0.22-0.16-0.35-0.32-0.09 0.38 0.87 1.33 1.68 1.96 2.01 1.83 1.52 1.18 0.95 0.89 0.98 1.18 1.41 1.67 1.82 1.75 1.47
 24   1.00 0.36-0.09-0.36-0.42-0.22 0.25 0.79 1.26 1.68 2.00 2.11 1.95 1.61 1.26 0.98 0.84 0.85 1.03 1.35 1.68 1.88 1.91 1.76
 25   1.43 0.95 0.41-0.10-0.44-0.46-0.17 0.30 0.87 1.38 1.88 2.25 2.37 2.19 1.84 1.50 1.20 0.98 1.01 1.20 1.50 1.78 1.93 1.92
 26   1.68 1.30 0.77 0.20-0.22-0.40-0.31 0.16 0.65 1.19 1.73 2.18 2.34 2.25 1.97 1.63 1.26 0.90 0.76 0.86 1.13 1.42 1.64 1.77
 27   1.76 1.52 1.07 0.54 0.05-0.28-0.36-0.23 0.10 0.59 1.11 1.62 1.99 2.19 2.19 1.90 1.53 1.16 0.85 0.73 0.85 1.11 1.36 1.56
 28   1.68 1.71 1.54 1.14 0.63 0.20-0.11-0.18 0.01 0.35 0.81 1.33 1.78 2.05 2.16 2.05 1.77 1.48 1.21 0.97 0.85 0.94 1.19 1.44
 29   1.65 1.78 1.79 1.64 1.35 0.93 0.56 0.32 0.24 0.40 0.76 1.20 1.62 1.97 2.22 2.29 2.17 1.88 1.53 1.19 0.96 0.91 1.00 1.20
 30   1.42 1.60 1.70 1.71 1.59 1.36 1.05 0.77 0.56 0.53 0.72 1.10 1.44 1.76 2.06 2.23 2.20 2.03 1.76 1.44 1.15 0.94 0.85 0.93
 ----------------------------------------------------------------------------------------------------------------------------
                                                                                              
 ----------------------------------------------------------------------------------------------------------------------------
 ----------------------------------------------------------------------------------------------------------------------------
                                                          SURVEY OF INDIA
                                                    MARINE GEODESY WING (G&RB)
                                                     HOURLY HEIGHTS IN METRES
  NAME OF PORT:- KARWAR                                                                             MONTH JULY      YEAR 2021
 ----------------------------------------------------------------------------------------------------------------------------
 DAYS 0000 0001 0002 0003 0004 0005 0006 0007 0008 0009 0010 0011 0012 0013 0014 0015 0016 0017 0018 0019 0020 0021 0022 0023
 ----------------------------------------------------------------------------------------------------------------------------
  1   1.10 1.27 1.42 1.54 1.59 1.51 1.32 1.08 0.90 0.79 0.81 0.98 1.24 1.54 1.81 2.00 2.10 2.05 1.79 1.49 1.20 0.92 0.69 0.62
  2   0.73 0.90 1.06 1.23 1.36 1.39 1.31 1.14 0.96 0.86 0.86 0.96 1.15 1.36 1.59 1.80 1.91 1.89 1.74 1.52 1.25 0.97 0.74 0.58
  3   0.55 0.68 0.87 1.04 1.21 1.37 1.44 1.41 1.31 1.20 1.10 1.07 1.16 1.31 1.48 1.65 1.77 1.81 1.73 1.52 1.28 1.02 0.77 0.57
  4   0.49 0.54 0.72 0.92 1.12 1.32 1.48 1.56 1.53 1.43 1.31 1.21 1.17 1.23 1.39 1.54 1.66 1.73 1.71 1.59 1.40 1.16 0.90 0.67
  5   0.50 0.42 0.47 0.70 0.94 1.17 1.35 1.51 1.62 1.67 1.63 1.48 1.31 1.22 1.21 1.30 1.43 1.55 1.66 1.69 1.61 1.44 1.18 0.92
  6   0.65 0.42 0.32 0.35 0.50 0.79 1.14 1.42 1.65 1.73 1.70 1.61 1.49 1.35 1.25 1.25 1.33 1.44 1.56 1.66 1.66 1.53 1.33 1.06
  7   0.76 0.47 0.27 0.19 0.27 0.57 0.90 1.23 1.54 1.77 1.87 1.83 1.67 1.50 1.33 1.21 1.22 1.33 1.47 1.60 1.69 1.66 1.47 1.22
  8   0.91 0.54 0.27 0.09 0.11 0.32 0.62 1.02 1.38 1.66 1.84 1.90 1.80 1.62 1.40 1.20 1.08 1.10 1.22 1.38 1.56 1.66 1.59 1.40
  9   1.09 0.76 0.44 0.12-0.05 0.05 0.34 0.70 1.13 1.54 1.83 1.97 1.98 1.82 1.56 1.34 1.17 1.09 1.16 1.32 1.51 1.66 1.68 1.52
 10   1.26 0.95 0.59 0.24-0.02-0.05 0.16 0.51 0.94 1.36 1.72 1.93 2.01 1.94 1.71 1.44 1.22 1.08 1.08 1.26 1.47 1.62 1.69 1.63
 11   1.37 1.04 0.64 0.26 0.05 0.02 0.14 0.42 0.79 1.21 1.56 1.82 1.97 1.95 1.77 1.54 1.31 1.10 1.01 1.09 1.28 1.48 1.63 1.65
 12   1.45 1.13 0.83 0.53 0.27 0.08 0.05 0.19 0.51 1.02 1.46 1.82 2.06 2.13 2.00 1.71 1.36 1.07 0.92 0.91 1.05 1.26 1.47 1.65
 13   1.69 1.54 1.27 0.93 0.53 0.21 0.04 0.08 0.26 0.58 1.02 1.42 1.72 1.90 1.89 1.68 1.40 1.10 0.88 0.77 0.84 1.03 1.24 1.43
 14   1.58 1.62 1.50 1.25 0.91 0.56 0.29 0.16 0.16 0.38 0.79 1.19 1.54 1.82 1.97 1.93 1.74 1.50 1.24 0.99 0.80 0.79 0.97 1.18
 15   1.40 1.53 1.52 1.36 1.12 0.82 0.54 0.37 0.33 0.50 0.86 1.24 1.55 1.81 1.96 1.98 1.86 1.62 1.28 0.97 0.78 0.73 0.86 1.09
 16   1.31 1.46 1.56 1.59 1.50 1.27 0.97 0.70 0.53 0.52 0.70 0.99 1.34 1.65 1.89 2.03 2.00 1.76 1.44 1.10 0.81 0.62 0.60 0.73
 17   0.94 1.16 1.36 1.50 1.54 1.45 1.20 0.96 0.77 0.66 0.68 0.86 1.10 1.34 1.57 1.79 1.89 1.80 1.52 1.15 0.81 0.52 0.28 0.26
 18   0.39 0.62 0.84 1.08 1.28 1.42 1.42 1.30 1.07 0.88 0.75 0.76 0.91 1.14 1.38 1.60 1.79 1.83 1.66 1.37 1.02 0.65 0.32 0.14
 19   0.13 0.25 0.46 0.73 1.01 1.26 1.46 1.52 1.43 1.27 1.12 0.98 0.93 1.00 1.15 1.38 1.61 1.80 1.82 1.62 1.25 0.90 0.59 0.38
 20   0.26 0.24 0.33 0.57 0.86 1.13 1.39 1.61 1.68 1.61 1.43 1.23 1.05 0.98 1.05 1.22 1.43 1.64 1.83 1.84 1.63 1.33 1.00 0.67
 21   0.36 0.11 0.07 0.23 0.50 0.86 1.24 1.51 1.70 1.78 1.73 1.54 1.34 1.20 1.13 1.16 1.28 1.44 1.61 1.73 1.75 1.59 1.30 0.90
 22   0.55 0.27 0.04-0.03 0.11 0.40 0.75 1.15 1.62 1.94 2.11 2.03 1.80 1.50 1.24 1.11 1.11 1.25 1.44 1.67 1.83 1.85 1.70 1.42
 23   1.00 0.49 0.04-0.21-0.20 0.06 0.50 1.00 1.47 1.88 2.18 2.24 2.10 1.82 1.48 1.20 1.07 1.10 1.26 1.49 1.73 1.88 1.89 1.73
 24
 25
 26
 27
 28
 29
 30
 31
 ----------------------------------------------------------------------------------------------------------------------------
                                                                                               
 ----------------------------------------------------------------------------------------------------------------------------
 ----------------------------------------------------------------------------------------------------------------------------
                                                          SURVEY OF INDIA
                                                    MARINE GEODESY WING (G&RB)
                                                     HOURLY HEIGHTS IN METRES
  NAME OF PORT:- KARWAR                                                                             MONTH AUGUST    YEAR 2021
 ----------------------------------------------------------------------------------------------------------------------------
 DAYS 0000 0001 0002 0003 0004 0005 0006 0007 0008 0009 0010 0011 0012 0013 0014 0015 0016 0017 0018 0019 0020 0021 0022 0023
 ----------------------------------------------------------------------------------------------------------------------------
  1
  2
  3
  4
  5
  6
  7
  8
  9
 10
 11
 12
 13
 14
 15
 16
 17
 18
 19
 20
 21
 22
 23
 24
 25
 26
 27
 28
 29
 30
 31
 ----------------------------------------------------------------------------------------------------------------------------
                                                          SURVEY OF INDIA
                                                    MARINE GEODESY WING (G&RB)
                                                     HOURLY HEIGHTS IN METRES
  NAME OF PORT:- KARWAR                                                                             MONTH SEPT      YEAR 2021
 ----------------------------------------------------------------------------------------------------------------------------
 DAYS 0000 0001 0002 0003 0004 0005 0006 0007 0008 0009 0010 0011 0012 0013 0014 0015 0016 0017 0018 0019 0020 0021 0022 0023
 ----------------------------------------------------------------------------------------------------------------------------
  1   0.53 0.63 0.78 0.96 1.17 1.36 1.50 1.58 1.59 1.55 1.46 1.35 1.31 1.33 1.39 1.44 1.47 1.47 1.42 1.30 1.13 0.94 0.74 0.56
  2   0.46 0.45 0.54 0.70 0.91 1.15 1.39 1.57 1.65 1.65 1.56 1.45 1.34 1.25 1.20 1.21 1.28 1.37 1.43 1.42 1.34 1.18 0.97 0.75
  3   0.55 0.44 0.42 0.50 0.68 0.98 1.30 1.57 1.76 1.86 1.82 1.67 1.50 1.34 1.22 1.18 1.22 1.31 1.45 1.56 1.58 1.48 1.28 1.07
  4   0.81 0.56 0.38 0.36 0.49 0.76 1.11 1.44 1.72 1.92 1.97 1.88 1.68 1.44 1.24 1.12 1.10 1.20 1.38 1.54 1.66 1.69 1.57 1.34
  5   1.02 0.71 0.46 0.30 0.32 0.53 0.86 1.27 1.60 1.86 1.99 1.96 1.79 1.52 1.20 0.98 0.90 0.98 1.15 1.40 1.62 1.76 1.75 1.58
  6   1.30 0.94 0.53 0.25 0.16 0.24 0.51 0.98 1.43 1.78 1.99 2.04 1.91 1.66 1.32 0.98 0.75 0.75 0.98 1.29 1.55 1.79 1.94 1.92
  7   1.72 1.38 0.96 0.59 0.33 0.28 0.43 0.84 1.35 1.75 2.05 2.23 2.22 2.01 1.60 1.15 0.79 0.67 0.78 1.03 1.34 1.65 1.92 2.06
  8   2.00 1.77 1.39 0.96 0.54 0.29 0.33 0.63 1.06 1.58 1.99 2.22 2.27 2.14 1.76 1.27 0.86 0.55 0.46 0.64 1.00 1.38 1.74 1.95
  9   2.00 1.86 1.56 1.13 0.63 0.34 0.25 0.40 0.79 1.26 1.69 1.99 2.15 2.11 1.83 1.33 0.79 0.41 0.23 0.25 0.54 0.95 1.42 1.74
 10   1.95 2.01 1.89 1.53 1.02 0.66 0.50 0.52 0.73 1.11 1.55 1.93 2.16 2.21 2.03 1.62 1.11 0.61 0.28 0.18 0.32 0.65 1.09 1.55
 11   1.88 2.06 2.10 1.95 1.57 1.20 0.90 0.79 0.87 1.07 1.40 1.71 1.94 2.05 1.99 1.69 1.28 0.75 0.33 0.06-0.01 0.21 0.57 1.01
 12   1.35 1.64 1.81 1.82 1.64 1.37 1.10 0.89 0.80 0.91 1.15 1.43 1.69 1.87 1.90 1.79 1.52 1.09 0.63 0.26 0.07 0.10 0.29 0.62
 13   1.01 1.33 1.58 1.75 1.77 1.63 1.42 1.21 1.05 0.99 1.07 1.25 1.44 1.61 1.74 1.75 1.58 1.27 0.92 0.53 0.20 0.01 0.04 0.30
 14   0.59 0.86 1.14 1.43 1.63 1.67 1.59 1.45 1.31 1.17 1.08 1.11 1.26 1.42 1.53 1.58 1.56 1.45 1.26 0.99 0.66 0.38 0.23 0.23
 15   0.36 0.55 0.79 1.08 1.34 1.57 1.69 1.69 1.59 1.44 1.27 1.14 1.12 1.18 1.27 1.37 1.44 1.45 1.37 1.21 1.00 0.74 0.47 0.25
 16   0.16 0.25 0.46 0.72 0.97 1.25 1.54 1.73 1.78 1.69 1.51 1.30 1.14 1.05 1.04 1.10 1.19 1.29 1.37 1.38 1.30 1.13 0.85 0.56
 17   0.27 0.15 0.19 0.33 0.57 0.92 1.27 1.57 1.79 1.85 1.73 1.51 1.28 1.04 0.89 0.86 0.92 1.08 1.27 1.44 1.52 1.48 1.31 1.01
 18   0.63 0.30 0.12 0.14 0.31 0.59 0.99 1.38 1.72 1.93 1.95 1.77 1.49 1.18 0.89 0.71 0.70 0.87 1.10 1.37 1.58 1.67 1.63 1.45
 19   1.05 0.63 0.29 0.09 0.13 0.37 0.70 1.12 1.53 1.81 1.93 1.88 1.67 1.29 0.88 0.56 0.44 0.52 0.75 1.06 1.36 1.59 1.68 1.61
 20   1.27 0.85 0.40 0.13 0.05 0.22 0.58 0.99 1.42 1.75 1.91 1.91 1.72 1.40 0.95 0.53 0.31 0.31 0.56 0.91 1.26 1.59 1.82 1.86
 21   1.73 1.44 0.99 0.57 0.34 0.33 0.53 0.85 1.25 1.65 1.93 2.06 2.00 1.70 1.27 0.75 0.39 0.23 0.30 0.65 1.02 1.45 1.76 1.95
 22   1.96 1.75 1.42 0.97 0.63 0.46 0.49 0.79 1.15 1.45 1.72 1.90 1.92 1.78 1.43 0.97 0.55 0.25 0.18 0.34 0.67 1.08 1.49 1.74
 23   1.85 1.78 1.55 1.19 0.75 0.46 0.41 0.57 0.89 1.27 1.61 1.81 1.89 1.81 1.56 1.07 0.55 0.23 0.11 0.17 0.42 0.78 1.22 1.56
 24   1.73 1.76 1.65 1.41 1.02 0.69 0.54 0.57 0.80 1.11 1.45 1.68 1.79 1.74 1.53 1.18 0.71 0.32 0.11 0.08 0.22 0.51 0.90 1.28
 25   1.56 1.72 1.70 1.53 1.22 0.89 0.70 0.66 0.73 0.95 1.25 1.52 1.73 1.75 1.58 1.27 0.88 0.48 0.12 0.03 0.13 0.36 0.66 1.03
 26   1.37 1.59 1.66 1.60 1.41 1.14 0.91 0.80 0.81 0.92 1.15 1.41 1.59 1.62 1.53 1.35 1.06 0.79 0.55 0.42 0.38 0.49 0.75 1.01
 27   1.23 1.40 1.54 1.60 1.56 1.43 1.21 1.00 0.87 0.88 1.07 1.29 1.46 1.57 1.59 1.50 1.31 1.04 0.80 0.62 0.50 0.48 0.60 0.80
 28   0.98 1.17 1.35 1.49 1.54 1.48 1.35 1.20 1.07 1.02 1.04 1.13 1.25 1.38 1.45 1.42 1.27 1.05 0.85 0.69 0.54 0.46 0.48 0.60
 29   0.78 0.99 1.17 1.30 1.39 1.42 1.40 1.33 1.23 1.14 1.10 1.12 1.17 1.26 1.33 1.33 1.24 1.10 0.96 0.82 0.69 0.60 0.55 0.57
 30   0.65 0.78 0.93 1.09 1.25 1.42 1.53 1.56 1.48 1.35 1.23 1.16 1.14 1.16 1.21 1.25 1.27 1.25 1.18 1.05 0.92 0.77 0.63 0.51
 ----------------------------------------------------------------------------------------------------------------------------
                                                                                              
 ----------------------------------------------------------------------------------------------------------------------------
 ----------------------------------------------------------------------------------------------------------------------------
                                                          SURVEY OF INDIA
                                                    MARINE GEODESY WING (G&RB)
                                                     HOURLY HEIGHTS IN METRES
  NAME OF PORT:- KARWAR                                                                             MONTH OCTOBER   YEAR 2021
 ----------------------------------------------------------------------------------------------------------------------------
 DAYS 0000 0001 0002 0003 0004 0005 0006 0007 0008 0009 0010 0011 0012 0013 0014 0015 0016 0017 0018 0019 0020 0021 0022 0023
 ----------------------------------------------------------------------------------------------------------------------------
  1   0.50 0.57 0.72 0.89 1.09 1.28 1.45 1.59 1.62 1.54 1.39 1.25 1.16 1.10 1.08 1.10 1.15 1.22 1.28 1.27 1.17 0.99 0.82 0.64
  2   0.48 0.43 0.48 0.61 0.82 1.07 1.34 1.57 1.70 1.68 1.54 1.37 1.16 0.97 0.91 0.95 1.04 1.17 1.30 1.40 1.41 1.30 1.13 0.92
  3   0.68 0.48 0.41 0.48 0.67 0.93 1.22 1.50 1.75 1.85 1.80 1.56 1.30 1.07 0.88 0.78 0.82 0.99 1.19 1.37 1.50 1.52 1.41 1.19
  4   0.85 0.52 0.30 0.26 0.41 0.67 1.03 1.38 1.71 1.93 1.92 1.71 1.42 1.07 0.76 0.55 0.54 0.76 1.07 1.36 1.60 1.79 1.79 1.58
  5   1.24 0.92 0.59 0.36 0.32 0.54 0.87 1.31 1.73 2.01 2.10 1.97 1.69 1.30 0.83 0.49 0.35 0.47 0.79 1.18 1.52 1.79 1.96 1.95
  6   1.69 1.32 0.92 0.57 0.38 0.47 0.77 1.18 1.61 1.99 2.20 2.17 1.95 1.59 1.09 0.59 0.25 0.21 0.49 0.87 1.31 1.74 2.05 2.17
  7   2.09 1.77 1.37 0.97 0.63 0.51 0.65 1.03 1.48 1.96 2.23 2.31 2.20 1.83 1.30 0.76 0.29 0.07 0.16 0.57 1.04 1.58 2.03 2.31
  8   2.38 2.23 1.90 1.46 1.03 0.79 0.75 0.99 1.39 1.83 2.15 2.32 2.32 2.07 1.60 1.02 0.43 0.07 0.03 0.20 0.61 1.17 1.72 2.13
  9   2.34 2.37 2.14 1.78 1.32 0.96 0.79 0.82 1.13 1.54 1.93 2.16 2.23 2.10 1.75 1.16 0.60 0.20-0.05-0.09 0.14 0.68 1.29 1.75
 10   2.09 2.30 2.32 2.11 1.72 1.34 1.08 1.00 1.14 1.40 1.70 2.00 2.17 2.19 1.98 1.59 1.10 0.59 0.20-0.01 0.06 0.40 0.86 1.37
 11   1.76 2.09 2.28 2.29 2.06 1.75 1.46 1.29 1.23 1.30 1.51 1.76 1.99 2.10 2.04 1.82 1.46 1.01 0.50 0.17 0.04 0.15 0.47 0.84
 12   1.22 1.56 1.83 2.00 2.02 1.87 1.61 1.31 1.16 1.13 1.22 1.40 1.59 1.72 1.76 1.70 1.54 1.29 0.93 0.54 0.31 0.24 0.33 0.59
 13   0.89 1.22 1.50 1.76 1.90 1.92 1.84 1.69 1.50 1.32 1.22 1.25 1.35 1.46 1.55 1.60 1.57 1.47 1.28 1.01 0.74 0.53 0.42 0.46
 14   0.64 0.88 1.16 1.41 1.65 1.82 1.89 1.86 1.75 1.56 1.35 1.23 1.22 1.26 1.33 1.40 1.48 1.54 1.54 1.44 1.26 1.04 0.82 0.66
 15   0.60 0.67 0.85 1.10 1.36 1.61 1.82 1.97 1.99 1.84 1.60 1.37 1.18 1.08 1.05 1.08 1.18 1.37 1.52 1.58 1.54 1.42 1.21 0.93
 16   0.70 0.59 0.65 0.85 1.08 1.35 1.64 1.90 2.06 2.05 1.84 1.56 1.28 1.04 0.90 0.85 0.95 1.15 1.38 1.56 1.68 1.68 1.55 1.25
 17   0.90 0.66 0.58 0.65 0.82 1.10 1.44 1.75 1.97 2.02 1.92 1.68 1.36 0.96 0.65 0.50 0.56 0.78 1.06 1.35 1.60 1.73 1.71 1.49
 18   1.19 0.90 0.65 0.51 0.57 0.83 1.16 1.54 1.80 1.94 1.94 1.76 1.46 1.04 0.65 0.38 0.34 0.54 0.86 1.20 1.54 1.78 1.87 1.80
 19   1.56 1.22 0.89 0.64 0.56 0.67 0.95 1.34 1.66 1.86 1.93 1.86 1.60 1.20 0.72 0.37 0.15 0.21 0.52 0.89 1.29 1.63 1.82 1.87
 20   1.73 1.44 1.06 0.72 0.54 0.56 0.76 1.10 1.48 1.74 1.86 1.83 1.66 1.32 0.82 0.37 0.11 0.06 0.24 0.59 0.98 1.40 1.72 1.88
 21   1.86 1.65 1.32 0.96 0.70 0.60 0.70 0.99 1.33 1.59 1.70 1.68 1.55 1.28 0.84 0.34-0.02-0.17-0.04 0.30 0.71 1.19 1.57 1.80
 22   1.87 1.75 1.46 1.13 0.85 0.68 0.66 0.84 1.18 1.52 1.72 1.77 1.69 1.49 1.16 0.63 0.23 0.01-0.01 0.20 0.59 1.08 1.51 1.80
 23   1.97 1.96 1.76 1.48 1.16 0.90 0.80 0.92 1.20 1.47 1.68 1.80 1.77 1.61 1.32 0.90 0.42 0.17 0.10 0.19 0.46 0.90 1.36 1.73
 24   2.02 2.06 1.95 1.69 1.40 1.14 0.95 0.92 1.03 1.23 1.48 1.67 1.74 1.63 1.40 1.10 0.80 0.56 0.39 0.31 0.40 0.62 1.01 1.42
 25   1.77 1.87 1.84 1.72 1.55 1.37 1.18 1.00 0.95 1.07 1.27 1.46 1.60 1.62 1.53 1.37 1.16 0.92 0.67 0.43 0.39 0.56 0.87 1.19
 26   1.45 1.66 1.76 1.75 1.65 1.49 1.32 1.16 1.06 1.08 1.26 1.42 1.48 1.44 1.32 1.10 0.82 0.53 0.28 0.14 0.12 0.26 0.51 0.86
 27   1.18 1.41 1.61 1.66 1.60 1.45 1.30 1.17 1.07 1.04 1.10 1.24 1.37 1.40 1.34 1.22 1.05 0.85 0.61 0.41 0.32 0.32 0.43 0.71
 28   1.00 1.25 1.45 1.59 1.63 1.57 1.44 1.32 1.20 1.10 1.07 1.12 1.20 1.28 1.31 1.26 1.14 1.00 0.84 0.69 0.56 0.48 0.51 0.64
 29   0.84 1.08 1.31 1.51 1.64 1.68 1.63 1.53 1.41 1.29 1.16 1.10 1.12 1.18 1.25 1.29 1.29 1.24 1.14 1.01 0.87 0.76 0.67 0.65
 30   0.73 0.93 1.13 1.32 1.49 1.63 1.73 1.74 1.64 1.49 1.32 1.18 1.07 1.04 1.08 1.15 1.22 1.30 1.35 1.33 1.23 1.09 0.94 0.80
 31   0.75 0.82 0.97 1.16 1.41 1.65 1.82 1.89 1.86 1.73 1.52 1.27 1.08 0.96 0.92 0.98 1.12 1.29 1.43 1.49 1.46 1.35 1.18 0.97
 ----------------------------------------------------------------------------------------------------------------------------
                                                                                               
 ----------------------------------------------------------------------------------------------------------------------------
 ----------------------------------------------------------------------------------------------------------------------------
                                                          SURVEY OF INDIA
                                                    MARINE GEODESY WING (G&RB)
                                                     HOURLY HEIGHTS IN METRES
  NAME OF PORT:- KARWAR                                                                             MONTH NOVEMBER  YEAR 2021
 ----------------------------------------------------------------------------------------------------------------------------
 DAYS 0000 0001 0002 0003 0004 0005 0006 0007 0008 0009 0010 0011 0012 0013 0014 0015 0016 0017 0018 0019 0020 0021 0022 0023
 ----------------------------------------------------------------------------------------------------------------------------
  1   0.75 0.66 0.73 0.90 1.16 1.41 1.66 1.88 1.96 1.88 1.65 1.36 0.99 0.73 0.61 0.62 0.80 1.07 1.34 1.54 1.63 1.62 1.48 1.25
  2   0.98 0.76 0.64 0.68 0.88 1.20 1.51 1.80 1.99 1.99 1.78 1.46 1.10 0.74 0.48 0.38 0.48 0.78 1.15 1.47 1.74 1.91 1.86 1.64
  3   1.34 1.01 0.76 0.65 0.76 1.01 1.38 1.73 2.00 2.10 1.99 1.71 1.33 0.82 0.40 0.15 0.14 0.43 0.85 1.27 1.71 2.04 2.17 2.09
  4   1.80 1.42 1.00 0.76 0.72 0.91 1.23 1.60 1.96 2.16 2.16 1.89 1.37 0.86 0.48 0.20 0.07 0.15 0.48 0.94 1.30 1.64 1.90 2.07
  5   2.16 2.13 1.80 1.23 0.89 0.88 1.11 1.46 1.77 2.03 2.14 2.11 1.79 1.29 0.80 0.39 0.14 0.10 0.24 0.57 1.02 1.45 1.85 2.09
  6   2.20 2.18 1.97 1.53 1.14 0.95 1.01 1.24 1.52 1.86 2.10 2.16 2.04 1.64 1.05 0.36-0.13-0.37-0.33-0.05 0.46 1.08 1.69 2.14
  7   2.38 2.37 2.14 1.74 1.37 1.05 0.89 0.98 1.26 1.56 1.85 2.03 2.02 1.81 1.38 0.80 0.20-0.19-0.39-0.36 0.04 0.62 1.21 1.76
  8   2.29 2.50 2.43 2.15 1.81 1.46 1.18 1.07 1.20 1.48 1.79 2.01 2.09 2.02 1.79 1.40 0.83 0.33 0.01-0.11 0.06 0.45 0.99 1.47
  9   1.88 2.20 2.37 2.35 2.05 1.70 1.41 1.23 1.17 1.23 1.43 1.69 1.87 1.93 1.85 1.61 1.27 0.84 0.48 0.22 0.14 0.31 0.68 1.12
 10   1.49 1.85 2.16 2.31 2.24 1.99 1.73 1.49 1.30 1.22 1.27 1.44 1.62 1.75 1.80 1.75 1.59 1.31 0.98 0.65 0.43 0.37 0.53 0.81
 11   1.13 1.46 1.78 2.04 2.15 2.10 1.93 1.70 1.45 1.23 1.13 1.17 1.27 1.37 1.45 1.53 1.55 1.48 1.27 0.98 0.75 0.61 0.59 0.72
 12   0.93 1.21 1.51 1.77 1.97 2.03 1.99 1.84 1.62 1.36 1.13 1.01 1.00 1.08 1.19 1.30 1.39 1.46 1.46 1.35 1.15 0.95 0.79 0.73
 13   0.80 1.01 1.25 1.50 1.75 1.93 2.03 2.01 1.84 1.60 1.34 1.08 0.85 0.77 0.83 0.96 1.12 1.32 1.49 1.58 1.54 1.40 1.20 1.00
 14   0.87 0.87 1.00 1.22 1.45 1.70 1.93 2.06 2.03 1.85 1.59 1.29 1.00 0.78 0.65 0.70 0.90 1.14 1.36 1.55 1.67 1.69 1.58 1.36
 15   1.09 0.93 0.92 1.03 1.23 1.45 1.70 1.93 2.03 1.96 1.73 1.42 1.06 0.73 0.49 0.39 0.52 0.83 1.15 1.42 1.61 1.71 1.71 1.56
 16   1.32 1.09 0.90 0.88 1.02 1.23 1.49 1.75 1.91 1.92 1.79 1.55 1.19 0.79 0.46 0.27 0.31 0.59 0.97 1.32 1.65 1.88 1.98 1.94
 17   1.73 1.46 1.21 1.08 1.09 1.24 1.51 1.79 2.00 2.08 2.01 1.81 1.50 1.09 0.70 0.41 0.33 0.51 0.85 1.25 1.63 1.95 2.19 2.23
 18   2.07 1.80 1.54 1.31 1.21 1.24 1.44 1.69 1.91 2.05 2.05 1.90 1.63 1.23 0.78 0.43 0.25 0.33 0.63 1.02 1.45 1.87 2.12 2.22
 19   2.14 1.92 1.64 1.37 1.20 1.15 1.29 1.52 1.74 1.89 1.92 1.83 1.64 1.29 0.82 0.41 0.18 0.17 0.32 0.67 1.14 1.63 1.96 2.18
 20   2.22 2.05 1.79 1.49 1.22 1.08 1.12 1.30 1.51 1.74 1.90 1.88 1.68 1.37 0.95 0.49 0.20 0.15 0.27 0.55 1.00 1.49 1.88 2.17
 21   2.28 2.22 2.02 1.74 1.42 1.20 1.17 1.31 1.50 1.71 1.89 1.93 1.83 1.61 1.25 0.78 0.38 0.19 0.20 0.43 0.81 1.31 1.76 2.08
 22   2.29 2.34 2.19 1.91 1.64 1.42 1.27 1.27 1.44 1.66 1.84 1.91 1.85 1.69 1.39 1.01 0.58 0.30 0.22 0.33 0.61 0.98 1.43 1.82
 23   2.08 2.21 2.18 1.97 1.69 1.41 1.22 1.15 1.24 1.41 1.60 1.73 1.75 1.66 1.44 1.14 0.75 0.43 0.24 0.22 0.38 0.72 1.12 1.50
 24   1.84 2.05 2.11 2.01 1.80 1.54 1.32 1.20 1.17 1.26 1.42 1.59 1.70 1.69 1.55 1.30 0.97 0.69 0.47 0.38 0.42 0.63 0.99 1.37
 25   1.70 1.95 2.09 2.11 1.98 1.74 1.52 1.37 1.27 1.25 1.33 1.45 1.57 1.61 1.54 1.38 1.19 0.96 0.73 0.54 0.46 0.54 0.80 1.13
 26   1.45 1.72 1.95 2.07 2.04 1.90 1.71 1.54 1.39 1.29 1.26 1.33 1.44 1.55 1.59 1.53 1.39 1.22 1.03 0.83 0.67 0.62 0.70 0.92
 27   1.23 1.49 1.73 1.91 2.01 1.98 1.83 1.64 1.47 1.29 1.16 1.15 1.21 1.29 1.36 1.40 1.41 1.37 1.25 1.08 0.90 0.80 0.79 0.86
 28   1.03 1.27 1.51 1.71 1.88 1.98 1.95 1.81 1.60 1.36 1.15 1.05 1.05 1.10 1.19 1.29 1.41 1.49 1.48 1.38 1.23 1.08 0.94 0.89
 29   0.97 1.13 1.33 1.55 1.76 1.93 2.01 1.96 1.80 1.55 1.29 1.06 0.91 0.85 0.93 1.09 1.27 1.45 1.59 1.63 1.56 1.43 1.27 1.10
 30   1.01 1.05 1.19 1.40 1.63 1.84 2.00 2.06 1.96 1.71 1.38 1.05 0.79 0.65 0.65 0.79 0.99 1.26 1.57 1.81 1.92 1.89 1.72 1.41
 ----------------------------------------------------------------------------------------------------------------------------
                                                                                              
 ----------------------------------------------------------------------------------------------------------------------------
 ----------------------------------------------------------------------------------------------------------------------------
                                                          SURVEY OF INDIA
                                                    MARINE GEODESY WING (G&RB)
                                                     HOURLY HEIGHTS IN METRES
  NAME OF PORT:- KARWAR                                                                             MONTH DECEMBER  YEAR 2021
 ----------------------------------------------------------------------------------------------------------------------------
 DAYS 0000 0001 0002 0003 0004 0005 0006 0007 0008 0009 0010 0011 0012 0013 0014 0015 0016 0017 0018 0019 0020 0021 0022 0023
 ----------------------------------------------------------------------------------------------------------------------------
  1   1.09 0.99 1.11 1.33 1.56 1.78 2.02 2.20 2.21 2.06 1.72 1.27 0.91 0.68 0.58 0.64 0.86 1.21 1.62 1.98 2.26 2.40 2.36 2.15
  2   1.87 1.65 1.50 1.51 1.66 1.87 2.13 2.37 2.44 2.39 2.15 1.75 1.25 0.73 0.41 0.28 0.43 0.79 1.23 1.69 2.10 2.44 2.56 2.46
  3   2.15 1.83 1.57 1.40 1.41 1.56 1.84 2.13 2.33 2.39 2.26 1.95 1.49 0.89 0.33 0.05 0.02 0.29 0.71 1.28 1.83 2.25 2.55 2.68
  4   2.53 2.19 1.83 1.53 1.34 1.41 1.66 1.93 2.13 2.23 2.21 2.01 1.64 1.16 0.51 0.01-0.19-0.10 0.25 0.75 1.34 1.87 2.34 2.65
  5   2.68 2.44 2.08 1.70 1.39 1.30 1.37 1.61 1.91 2.18 2.34 2.30 2.05 1.65 1.03 0.35-0.03-0.19-0.03 0.36 0.89 1.49 2.08 2.51
  6   2.73 2.71 2.46 2.08 1.64 1.35 1.27 1.36 1.58 1.85 2.05 2.17 2.15 1.87 1.39 0.76 0.23-0.13-0.28-0.10 0.35 0.89 1.45 1.93
  7   2.33 2.54 2.49 2.23 1.79 1.37 1.12 1.07 1.19 1.41 1.69 1.88 1.97 1.89 1.63 1.20 0.70 0.32 0.05-0.01 0.21 0.61 1.15 1.67
  8   2.09 2.45 2.62 2.52 2.20 1.84 1.49 1.23 1.12 1.21 1.42 1.65 1.84 1.89 1.78 1.53 1.20 0.76 0.35 0.11 0.07 0.33 0.79 1.23
  9   1.68 2.03 2.34 2.43 2.30 2.01 1.68 1.35 1.16 1.12 1.20 1.38 1.60 1.75 1.81 1.75 1.59 1.30 0.94 0.66 0.49 0.48 0.67 1.01
 10   1.45 1.83 2.11 2.30 2.37 2.22 1.92 1.61 1.29 1.09 1.05 1.10 1.25 1.43 1.57 1.66 1.67 1.57 1.38 1.13 0.90 0.76 0.76 0.94
 11   1.28 1.64 1.90 2.13 2.27 2.30 2.15 1.84 1.54 1.23 1.01 0.94 1.05 1.21 1.37 1.51 1.63 1.70 1.70 1.60 1.42 1.23 1.09 1.09
 12   1.27 1.55 1.79 1.98 2.15 2.28 2.30 2.16 1.90 1.59 1.30 1.05 0.94 0.97 1.11 1.27 1.44 1.61 1.73 1.78 1.73 1.59 1.42 1.29
 13   1.25 1.36 1.56 1.77 1.95 2.11 2.19 2.15 1.97 1.73 1.43 1.14 0.94 0.81 0.83 1.00 1.21 1.47 1.70 1.87 1.95 1.91 1.79 1.63
 14   1.49 1.48 1.56 1.69 1.87 2.03 2.18 2.21 2.10 1.89 1.64 1.31 0.99 0.77 0.69 0.78 1.03 1.31 1.61 1.87 2.05 2.13 2.09 1.95
 15   1.77 1.64 1.59 1.63 1.77 1.93 2.09 2.20 2.21 2.09 1.86 1.53 1.18 0.89 0.68 0.65 0.82 1.08 1.42 1.75 2.03 2.25 2.33 2.25
 16   2.06 1.89 1.76 1.71 1.74 1.86 2.03 2.15 2.19 2.15 2.01 1.74 1.37 1.02 0.74 0.61 0.63 0.85 1.22 1.60 1.95 2.21 2.37 2.41
 17   2.26 2.01 1.81 1.67 1.62 1.67 1.80 1.98 2.12 2.14 2.03 1.80 1.50 1.15 0.78 0.50 0.44 0.65 0.96 1.31 1.66 1.96 2.19 2.31
 18   2.33 2.21 1.91 1.67 1.55 1.55 1.64 1.78 1.90 1.96 1.92 1.80 1.59 1.29 0.94 0.65 0.47 0.50 0.78 1.14 1.51 1.84 2.11 2.28
 19   2.29 2.16 1.95 1.70 1.52 1.42 1.47 1.61 1.76 1.89 1.94 1.86 1.67 1.41 1.05 0.74 0.51 0.43 0.59 0.91 1.33 1.71 2.01 2.22
 20   2.34 2.30 2.11 1.82 1.60 1.47 1.44 1.52 1.66 1.83 1.93 1.92 1.80 1.56 1.29 0.97 0.71 0.55 0.55 0.76 1.11 1.50 1.84 2.11
 21   2.29 2.34 2.21 1.93 1.62 1.43 1.36 1.40 1.52 1.68 1.84 1.91 1.84 1.67 1.41 1.16 0.88 0.68 0.60 0.68 0.93 1.32 1.66 1.96
 22   2.20 2.33 2.29 2.06 1.80 1.57 1.42 1.37 1.44 1.59 1.75 1.87 1.90 1.81 1.60 1.30 1.03 0.80 0.65 0.64 0.80 1.09 1.50 1.84
 23   2.12 2.31 2.35 2.19 1.93 1.68 1.48 1.36 1.38 1.51 1.67 1.80 1.88 1.85 1.72 1.51 1.19 0.90 0.71 0.62 0.69 0.93 1.27 1.65
 24   1.93 2.18 2.33 2.33 2.13 1.85 1.58 1.40 1.32 1.36 1.46 1.62 1.76 1.81 1.77 1.62 1.39 1.10 0.84 0.69 0.69 0.85 1.12 1.42
 25   1.75 2.01 2.19 2.25 2.15 1.90 1.66 1.43 1.28 1.21 1.26 1.39 1.55 1.66 1.70 1.64 1.49 1.28 1.03 0.82 0.72 0.75 0.91 1.18
 26   1.51 1.77 1.99 2.13 2.12 1.97 1.75 1.49 1.29 1.15 1.10 1.17 1.29 1.44 1.55 1.62 1.60 1.50 1.34 1.14 0.98 0.90 0.93 1.08
 27   1.40 1.65 1.88 2.05 2.13 2.07 1.89 1.64 1.37 1.15 1.01 0.98 1.06 1.19 1.32 1.44 1.53 1.57 1.51 1.39 1.25 1.13 1.08 1.11
 28   1.25 1.49 1.70 1.89 2.01 2.04 1.95 1.75 1.48 1.19 0.92 0.77 0.77 0.85 0.99 1.16 1.34 1.49 1.59 1.60 1.53 1.40 1.26 1.17
 29   1.19 1.36 1.55 1.71 1.86 1.95 1.96 1.85 1.62 1.31 0.97 0.73 0.57 0.52 0.63 0.85 1.09 1.33 1.53 1.70 1.77 1.71 1.56 1.38
 30   1.29 1.31 1.42 1.56 1.70 1.84 1.95 1.97 1.82 1.53 1.18 0.86 0.56 0.35 0.29 0.47 0.77 1.09 1.40 1.67 1.89 2.00 1.93 1.73
 31   1.51 1.38 1.35 1.41 1.52 1.69 1.86 1.97 1.94 1.76 1.49 1.11 0.69 0.33 0.15 0.17 0.39 0.75 1.13 1.53 1.91 2.17 2.25 2.13
 ----------------------------------------------------------------------------------------------------------------------------
                                                                                               
 ----------------------------------------------------------------------------------------------------------------------------
 ----------------------------------------------------------------------------------------------------------------------------
