                                                          SURVEY OF INDIA
                                                    MARINE GEODESY WING (G&RB)
                                                     HOURLY HEIGHTS IN METRES
  NAME OF PORT:- KARWAR                                                                             MONTH JANUARY   YEAR 2018
 ----------------------------------------------------------------------------------------------------------------------------
 DAYS 0000 0001 0002 0003 0004 0005 0006 0007 0008 0009 0010 0011 0012 0013 0014 0015 0016 0017 0018 0019 0020 0021 0022 0023
 ----------------------------------------------------------------------------------------------------------------------------
  1   1.97 1.65 1.40 1.23 1.18 1.29 1.51 1.75 1.92 1.99 1.93 1.71 1.33 0.82 0.36 0.06-0.03 0.10 0.46 0.97 1.46 1.87 2.24 2.33
  2   2.24 1.92 1.56 1.24 1.02 1.03 1.19 1.45 1.74 1.92 1.97 1.89 1.64 1.21 0.64 0.18-0.11-0.16 0.06 0.52 1.01 1.54 2.00 2.27
  3   2.35 2.18 1.84 1.45 1.07 0.88 0.92 1.14 1.42 1.70 1.90 1.96 1.88 1.62 1.12 0.55 0.10-0.11-0.06 0.22 0.70 1.20 1.70 2.16
  4   2.42 2.40 2.14 1.74 1.34 0.98 0.82 0.90 1.14 1.42 1.70 1.88 1.95 1.85 1.56 1.08 0.56 0.10-0.07 0.04 0.41 0.87 1.34 1.79
  5   2.17 2.34 2.26 1.98 1.59 1.18 0.89 0.79 0.87 1.09 1.38 1.67 1.82 1.76 1.54 1.24 0.92 0.59 0.34 0.23 0.33 0.66 1.10 1.52
  6   1.89 2.19 2.27 2.14 1.82 1.43 1.08 0.82 0.73 0.83 1.06 1.34 1.61 1.72 1.65 1.45 1.18 0.88 0.60 0.41 0.37 0.55 0.90 1.33
  7   1.70 2.02 2.22 2.21 2.00 1.66 1.29 0.96 0.74 0.67 0.78 1.02 1.27 1.47 1.59 1.60 1.50 1.29 0.96 0.68 0.55 0.59 0.80 1.09
  8   1.40 1.72 2.00 2.12 2.06 1.82 1.50 1.17 0.88 0.67 0.61 0.70 0.90 1.13 1.34 1.47 1.52 1.47 1.32 1.14 0.96 0.83 0.80 0.92
  9   1.18 1.47 1.70 1.87 1.94 1.88 1.70 1.43 1.13 0.83 0.62 0.54 0.62 0.80 1.01 1.20 1.36 1.46 1.48 1.42 1.30 1.17 1.06 1.02
 10   1.11 1.30 1.51 1.68 1.81 1.86 1.78 1.60 1.36 1.10 0.83 0.64 0.57 0.63 0.78 0.97 1.17 1.35 1.49 1.56 1.54 1.44 1.29 1.18
 11   1.14 1.20 1.33 1.48 1.62 1.72 1.75 1.67 1.50 1.28 1.04 0.80 0.60 0.51 0.55 0.72 0.96 1.19 1.40 1.56 1.66 1.68 1.60 1.44
 12   1.30 1.24 1.27 1.36 1.47 1.57 1.64 1.66 1.60 1.44 1.21 0.95 0.71 0.52 0.44 0.51 0.71 0.96 1.22 1.46 1.65 1.75 1.74 1.65
 13   1.49 1.34 1.25 1.23 1.29 1.41 1.55 1.64 1.66 1.57 1.37 1.13 0.87 0.61 0.42 0.37 0.49 0.78 1.09 1.37 1.62 1.79 1.85 1.80
 14   1.66 1.47 1.28 1.16 1.14 1.22 1.38 1.55 1.63 1.61 1.48 1.25 0.98 0.70 0.46 0.33 0.36 0.58 0.88 1.20 1.52 1.76 1.90 1.90
 15   1.79 1.60 1.39 1.21 1.11 1.14 1.28 1.47 1.61 1.66 1.61 1.48 1.26 0.96 0.66 0.42 0.34 0.46 0.73 1.06 1.42 1.74 1.96 2.06
 16   2.00 1.84 1.60 1.37 1.22 1.17 1.24 1.40 1.60 1.74 1.77 1.67 1.47 1.20 0.88 0.56 0.36 0.35 0.55 0.90 1.30 1.65 1.94 2.13
 17   2.17 2.04 1.81 1.56 1.31 1.16 1.17 1.32 1.52 1.69 1.79 1.78 1.62 1.34 1.00 0.67 0.42 0.34 0.46 0.76 1.14 1.56 1.88 2.10
 18   2.20 2.14 1.92 1.62 1.35 1.16 1.09 1.16 1.34 1.57 1.75 1.82 1.76 1.57 1.26 0.89 0.58 0.40 0.39 0.59 0.95 1.37 1.73 2.00
 19   2.16 2.17 2.02 1.74 1.44 1.17 1.00 0.98 1.12 1.36 1.60 1.74 1.76 1.66 1.42 1.08 0.73 0.48 0.38 0.48 0.75 1.15 1.54 1.86
 20   2.12 2.22 2.14 1.90 1.56 1.26 1.06 0.99 1.07 1.26 1.50 1.70 1.80 1.76 1.60 1.32 0.98 0.66 0.47 0.45 0.63 0.96 1.36 1.70
 21   1.99 2.18 2.21 2.03 1.72 1.41 1.12 0.95 0.92 1.05 1.28 1.50 1.67 1.74 1.70 1.51 1.22 0.89 0.63 0.54 0.61 0.83 1.20 1.58
 22   1.89 2.12 2.21 2.12 1.88 1.56 1.22 0.99 0.89 0.94 1.10 1.32 1.54 1.70 1.75 1.66 1.46 1.20 0.94 0.76 0.71 0.84 1.14 1.46
 23   1.78 2.02 2.16 2.18 2.04 1.74 1.38 1.08 0.90 0.83 0.90 1.08 1.33 1.54 1.66 1.68 1.59 1.43 1.20 0.96 0.83 0.85 1.02 1.28
 24   1.54 1.79 1.99 2.09 2.03 1.82 1.51 1.22 0.96 0.78 0.71 0.78 0.96 1.18 1.39 1.54 1.60 1.52 1.36 1.17 1.02 0.95 1.01 1.17
 25   1.38 1.62 1.81 1.96 1.99 1.89 1.68 1.37 1.06 0.82 0.67 0.62 0.70 0.88 1.10 1.30 1.47 1.57 1.55 1.44 1.28 1.16 1.11 1.13
 26   1.24 1.44 1.65 1.82 1.94 1.96 1.82 1.57 1.28 0.98 0.74 0.58 0.52 0.61 0.80 1.04 1.29 1.51 1.65 1.69 1.64 1.53 1.40 1.31
 27   1.30 1.39 1.56 1.73 1.88 1.98 1.97 1.84 1.61 1.32 1.03 0.76 0.54 0.45 0.54 0.78 1.06 1.35 1.62 1.82 1.90 1.87 1.76 1.59
 28   1.44 1.37 1.41 1.53 1.69 1.84 1.92 1.91 1.80 1.58 1.27 0.94 0.62 0.41 0.36 0.47 0.72 1.08 1.45 1.76 1.98 2.07 2.02 1.86
 29   1.62 1.40 1.29 1.29 1.40 1.57 1.74 1.87 1.92 1.84 1.60 1.24 0.81 0.44 0.20 0.17 0.35 0.69 1.07 1.48 1.88 2.16 2.24 2.14
 30   1.88 1.60 1.36 1.22 1.19 1.31 1.54 1.77 1.92 1.96 1.86 1.63 1.26 0.78 0.38 0.14 0.10 0.28 0.68 1.12 1.58 2.02 2.30 2.37
 31   2.26 1.98 1.62 1.30 1.10 1.08 1.23 1.50 1.79 2.01 2.10 2.04 1.82 1.40 0.88 0.36 0.13 0.14 0.34 0.72 1.22 1.72 2.11 2.36
 ----------------------------------------------------------------------------------------------------------------------------
                                                                                               
 ----------------------------------------------------------------------------------------------------------------------------
 ----------------------------------------------------------------------------------------------------------------------------
                                                          SURVEY OF INDIA
                                                    MARINE GEODESY WING (G&RB)
                                                     HOURLY HEIGHTS IN METRES
  NAME OF PORT:- KARWAR                                                                             MONTH FEBRUARY  YEAR 2018
 ----------------------------------------------------------------------------------------------------------------------------
 DAYS 0000 0001 0002 0003 0004 0005 0006 0007 0008 0009 0010 0011 0012 0013 0014 0015 0016 0017 0018 0019 0020 0021 0022 0023
 ----------------------------------------------------------------------------------------------------------------------------
  1   2.42 2.27 1.91 1.46 1.08 0.92 0.96 1.14 1.42 1.74 1.99 2.10 2.02 1.78 1.36 0.76 0.24 0.07 0.16 0.50 0.96 1.46 1.96 2.31
  2   2.44 2.34 2.05 1.58 1.16 0.86 0.75 0.89 1.20 1.54 1.85 2.04 2.09 1.96 1.62 1.14 0.62 0.24 0.11 0.26 0.64 1.12 1.60 2.05
  3   2.36 2.42 2.28 1.86 1.41 1.01 0.73 0.64 0.81 1.16 1.52 1.82 2.01 2.05 1.91 1.60 1.12 0.68 0.43 0.37 0.55 0.96 1.46 1.89
  4   2.23 2.42 2.42 2.22 1.80 1.30 0.88 0.68 0.70 0.89 1.19 1.52 1.80 1.98 2.02 1.88 1.60 1.21 0.84 0.60 0.55 0.74 1.14 1.55
  5   1.93 2.22 2.37 2.32 2.07 1.65 1.22 0.84 0.66 0.68 0.86 1.15 1.44 1.70 1.88 1.92 1.78 1.49 1.15 0.91 0.81 0.88 1.09 1.43
  6   1.74 1.99 2.15 2.20 2.07 1.76 1.34 1.00 0.76 0.65 0.72 0.91 1.16 1.40 1.60 1.72 1.74 1.65 1.44 1.19 1.02 0.98 1.09 1.30
  7   1.56 1.80 1.98 2.07 2.02 1.85 1.57 1.25 0.96 0.76 0.67 0.75 0.93 1.17 1.39 1.57 1.68 1.69 1.60 1.46 1.33 1.24 1.21 1.26
  8   1.40 1.60 1.79 1.91 1.93 1.85 1.66 1.41 1.16 0.94 0.78 0.73 0.80 0.96 1.15 1.34 1.51 1.65 1.72 1.68 1.57 1.45 1.36 1.33
  9   1.38 1.49 1.62 1.74 1.80 1.79 1.70 1.54 1.34 1.12 0.92 0.76 0.67 0.71 0.86 1.08 1.30 1.49 1.63 1.72 1.74 1.68 1.58 1.48
 10   1.40 1.38 1.43 1.52 1.62 1.69 1.71 1.65 1.51 1.31 1.10 0.91 0.75 0.67 0.71 0.86 1.08 1.31 1.53 1.70 1.82 1.85 1.79 1.66
 11   1.53 1.43 1.38 1.40 1.47 1.57 1.66 1.70 1.65 1.51 1.31 1.08 0.88 0.71 0.62 0.66 0.80 1.02 1.28 1.54 1.74 1.86 1.87 1.77
 12   1.61 1.44 1.30 1.23 1.24 1.32 1.45 1.57 1.62 1.58 1.43 1.21 0.96 0.73 0.54 0.45 0.53 0.75 1.03 1.32 1.57 1.77 1.86 1.80
 13   1.62 1.40 1.20 1.06 1.02 1.09 1.23 1.40 1.52 1.55 1.46 1.27 1.02 0.76 0.50 0.31 0.26 0.42 0.77 1.10 1.41 1.66 1.82 1.86
 14   1.75 1.52 1.26 1.02 0.88 0.87 0.98 1.16 1.37 1.52 1.55 1.42 1.18 0.88 0.57 0.32 0.23 0.30 0.56 0.92 1.26 1.58 1.78 1.85
 15   1.78 1.59 1.35 1.12 0.96 0.90 0.98 1.14 1.33 1.51 1.61 1.58 1.40 1.10 0.76 0.46 0.31 0.32 0.48 0.80 1.20 1.56 1.78 1.89
 16   1.88 1.76 1.53 1.25 1.02 0.93 0.97 1.11 1.32 1.52 1.67 1.73 1.65 1.43 1.10 0.72 0.42 0.30 0.40 0.66 1.00 1.43 1.78 1.98
 17   2.02 1.93 1.70 1.40 1.10 0.91 0.86 0.96 1.19 1.45 1.66 1.80 1.82 1.69 1.41 1.06 0.74 0.53 0.47 0.61 0.92 1.36 1.79 2.06
 18   2.16 2.12 1.95 1.64 1.25 0.91 0.76 0.80 0.99 1.28 1.58 1.82 1.94 1.91 1.72 1.37 0.98 0.70 0.58 0.62 0.83 1.22 1.65 1.96
 19   2.16 2.22 2.11 1.86 1.48 1.09 0.85 0.78 0.88 1.11 1.42 1.72 1.92 1.98 1.86 1.62 1.29 0.95 0.73 0.65 0.76 1.08 1.50 1.86
 20   2.12 2.25 2.21 2.02 1.65 1.24 0.92 0.74 0.70 0.84 1.14 1.49 1.77 1.90 1.89 1.78 1.54 1.24 0.96 0.80 0.82 1.01 1.31 1.68
 21   1.96 2.14 2.21 2.12 1.86 1.48 1.08 0.82 0.71 0.76 0.94 1.20 1.48 1.73 1.88 1.90 1.76 1.51 1.23 1.02 0.93 1.01 1.24 1.56
 22   1.86 2.07 2.17 2.14 1.98 1.65 1.28 0.94 0.72 0.62 0.69 0.89 1.20 1.48 1.69 1.80 1.82 1.75 1.59 1.37 1.19 1.12 1.20 1.40
 23   1.64 1.86 2.03 2.10 2.02 1.80 1.50 1.17 0.88 0.67 0.58 0.67 0.87 1.12 1.37 1.59 1.76 1.84 1.78 1.60 1.40 1.26 1.21 1.28
 24   1.45 1.67 1.86 1.99 2.02 1.92 1.72 1.44 1.12 0.82 0.62 0.55 0.64 0.83 1.07 1.32 1.55 1.74 1.84 1.80 1.68 1.52 1.39 1.32
 25   1.34 1.45 1.61 1.76 1.87 1.89 1.79 1.59 1.32 1.03 0.75 0.52 0.42 0.48 0.67 0.91 1.17 1.44 1.68 1.85 1.90 1.82 1.66 1.48
 26   1.34 1.28 1.32 1.43 1.57 1.70 1.78 1.76 1.64 1.40 1.09 0.78 0.52 0.37 0.38 0.53 0.79 1.10 1.45 1.78 1.98 2.05 1.96 1.74
 27   1.48 1.28 1.18 1.20 1.32 1.49 1.66 1.80 1.85 1.76 1.51 1.16 0.81 0.52 0.32 0.28 0.44 0.78 1.18 1.58 1.88 2.06 2.11 1.98
 28   1.71 1.40 1.13 0.98 0.97 1.12 1.37 1.64 1.82 1.91 1.84 1.62 1.26 0.85 0.49 0.29 0.28 0.48 0.84 1.30 1.78 2.14 2.30 2.25
 ----------------------------------------------------------------------------------------------------------------------------
                                                                                               
 ----------------------------------------------------------------------------------------------------------------------------
 ----------------------------------------------------------------------------------------------------------------------------
                                                          SURVEY OF INDIA
                                                    MARINE GEODESY WING (G&RB)
                                                     HOURLY HEIGHTS IN METRES
  NAME OF PORT:- KARWAR                                                                             MONTH MARCH     YEAR 2018
 ----------------------------------------------------------------------------------------------------------------------------
 DAYS 0000 0001 0002 0003 0004 0005 0006 0007 0008 0009 0010 0011 0012 0013 0014 0015 0016 0017 0018 0019 0020 0021 0022 0023
 ----------------------------------------------------------------------------------------------------------------------------
  1   2.04 1.70 1.30 0.98 0.86 0.93 1.16 1.45 1.74 1.97 2.07 1.98 1.72 1.31 0.84 0.46 0.30 0.34 0.60 1.04 1.53 1.94 2.25 2.37
  2   2.28 2.00 1.58 1.13 0.84 0.73 0.84 1.12 1.48 1.82 2.05 2.12 2.02 1.72 1.29 0.82 0.46 0.32 0.42 0.77 1.26 1.72 2.09 2.34
  3   2.43 2.28 1.88 1.36 0.92 0.66 0.58 0.76 1.12 1.52 1.87 2.08 2.14 2.01 1.72 1.24 0.72 0.45 0.41 0.61 1.00 1.47 1.89 2.22
  4   2.38 2.32 2.04 1.56 1.08 0.69 0.51 0.56 0.81 1.21 1.64 1.95 2.11 2.12 1.98 1.62 1.16 0.80 0.60 0.59 0.82 1.28 1.74 2.07
  5   2.28 2.34 2.21 1.88 1.42 0.94 0.64 0.54 0.66 0.94 1.29 1.66 1.96 2.10 2.08 1.93 1.67 1.36 1.06 0.83 0.73 0.82 1.11 1.51
  6   1.93 2.15 2.19 2.00 1.62 1.18 0.78 0.56 0.51 0.63 0.93 1.34 1.69 1.89 1.96 1.90 1.71 1.41 1.10 0.88 0.82 0.95 1.22 1.54
  7   1.84 2.00 2.05 1.96 1.72 1.32 0.91 0.64 0.53 0.59 0.82 1.20 1.58 1.77 1.80 1.70 1.50 1.27 1.08 0.98 1.01 1.16 1.38 1.63
  8   1.80 1.89 1.86 1.72 1.48 1.18 0.92 0.72 0.60 0.57 0.67 0.89 1.15 1.39 1.57 1.68 1.72 1.66 1.54 1.38 1.25 1.19 1.21 1.32
  9   1.50 1.68 1.78 1.80 1.72 1.55 1.33 1.09 0.88 0.71 0.64 0.72 0.92 1.14 1.34 1.51 1.63 1.68 1.65 1.56 1.43 1.32 1.27 1.30
 10   1.40 1.53 1.64 1.70 1.67 1.58 1.44 1.27 1.09 0.92 0.78 0.73 0.80 0.94 1.10 1.28 1.45 1.58 1.66 1.68 1.64 1.55 1.44 1.36
 11   1.34 1.38 1.45 1.52 1.58 1.59 1.54 1.44 1.29 1.11 0.94 0.82 0.76 0.78 0.88 1.05 1.24 1.44 1.60 1.73 1.79 1.77 1.66 1.50
 12   1.38 1.32 1.30 1.32 1.38 1.47 1.54 1.56 1.48 1.33 1.17 1.00 0.86 0.76 0.74 0.84 1.12 1.45 1.68 1.82 1.86 1.79 1.65 1.50
 13   1.35 1.24 1.20 1.26 1.38 1.50 1.59 1.62 1.54 1.38 1.18 0.98 0.81 0.70 0.69 0.84 1.09 1.36 1.60 1.80 1.93 1.93 1.80 1.62
 14   1.44 1.30 1.21 1.18 1.25 1.39 1.54 1.66 1.72 1.65 1.46 1.21 0.96 0.77 0.68 0.74 0.93 1.22 1.53 1.80 2.00 2.08 2.01 1.82
 15   1.60 1.38 1.20 1.09 1.12 1.26 1.45 1.63 1.76 1.81 1.71 1.48 1.22 0.98 0.80 0.70 0.70 0.81 1.08 1.40 1.72 2.00 2.16 2.15
 16   1.98 1.71 1.42 1.19 1.04 1.01 1.15 1.41 1.70 1.92 1.99 1.92 1.74 1.46 1.12 0.82 0.69 0.74 0.93 1.24 1.61 1.94 2.16 2.25
 17   2.16 1.92 1.55 1.21 0.98 0.90 0.98 1.22 1.54 1.86 2.04 2.07 1.96 1.74 1.40 1.02 0.77 0.71 0.84 1.15 1.52 1.88 2.14 2.26
 18   2.19 1.97 1.59 1.17 0.85 0.70 0.73 0.94 1.27 1.61 1.89 2.04 2.02 1.86 1.56 1.15 0.81 0.65 0.71 0.93 1.26 1.64 1.96 2.15
 19   2.19 2.06 1.73 1.33 0.89 0.62 0.53 0.65 0.95 1.33 1.70 1.95 2.07 2.03 1.81 1.47 1.10 0.84 0.74 0.82 1.10 1.55 1.93 2.15
 20   2.24 2.16 1.93 1.55 1.09 0.69 0.51 0.55 0.75 1.08 1.49 1.85 2.05 2.11 1.99 1.72 1.36 1.04 0.84 0.79 0.95 1.33 1.70 1.97
 21   2.14 2.17 2.04 1.69 1.23 0.79 0.51 0.40 0.49 0.73 1.10 1.51 1.83 2.02 2.06 1.91 1.61 1.26 0.97 0.83 0.90 1.14 1.45 1.76
 22   1.98 2.09 2.04 1.81 1.39 0.94 0.57 0.36 0.36 0.51 0.77 1.13 1.51 1.80 1.93 1.89 1.72 1.49 1.24 1.02 0.93 1.03 1.27 1.57
 23   1.79 1.92 1.95 1.84 1.59 1.21 0.81 0.50 0.33 0.32 0.51 0.79 1.11 1.43 1.67 1.83 1.88 1.77 1.53 1.29 1.11 1.03 1.11 1.29
 24   1.50 1.68 1.78 1.77 1.65 1.41 1.09 0.77 0.49 0.34 0.37 0.53 0.81 1.09 1.35 1.57 1.73 1.77 1.68 1.51 1.31 1.15 1.09 1.15
 25   1.30 1.46 1.59 1.64 1.61 1.50 1.31 1.05 0.77 0.53 0.38 0.40 0.55 0.77 1.01 1.28 1.53 1.71 1.78 1.73 1.58 1.40 1.24 1.14
 26   1.16 1.25 1.37 1.49 1.58 1.61 1.56 1.43 1.23 0.97 0.69 0.52 0.48 0.58 0.77 1.01 1.27 1.55 1.76 1.85 1.81 1.68 1.49 1.29
 27   1.14 1.08 1.12 1.24 1.37 1.49 1.59 1.62 1.53 1.31 1.05 0.79 0.59 0.50 0.56 0.74 0.99 1.29 1.59 1.84 1.99 1.98 1.81 1.54
 28   1.27 1.07 0.99 1.05 1.19 1.37 1.55 1.71 1.77 1.71 1.53 1.25 0.91 0.61 0.47 0.52 0.72 1.03 1.37 1.70 1.95 2.07 2.01 1.77
 29   1.44 1.09 0.86 0.78 0.87 1.05 1.30 1.57 1.77 1.85 1.79 1.58 1.27 0.89 0.59 0.45 0.51 0.74 1.07 1.45 1.82 2.09 2.17 2.03
 30   1.72 1.33 0.93 0.65 0.56 0.67 0.92 1.23 1.57 1.83 1.94 1.87 1.63 1.27 0.87 0.56 0.43 0.51 0.79 1.21 1.61 1.92 2.11 2.14
 31   1.97 1.61 1.11 0.63 0.39 0.42 0.61 0.93 1.29 1.63 1.87 1.98 1.88 1.58 1.19 0.79 0.52 0.44 0.59 0.90 1.31 1.74 2.03 2.12
 ----------------------------------------------------------------------------------------------------------------------------
                                                                                              
 ----------------------------------------------------------------------------------------------------------------------------
 ----------------------------------------------------------------------------------------------------------------------------
                                                          SURVEY OF INDIA
                                                    MARINE GEODESY WING (G&RB)
                                                     HOURLY HEIGHTS IN METRES
  NAME OF PORT:- KARWAR                                                                             MONTH APRIL     YEAR 2018
 ----------------------------------------------------------------------------------------------------------------------------
 DAYS 0000 0001 0002 0003 0004 0005 0006 0007 0008 0009 0010 0011 0012 0013 0014 0015 0016 0017 0018 0019 0020 0021 0022 0023
 ----------------------------------------------------------------------------------------------------------------------------
  1   2.03 1.74 1.32 0.80 0.39 0.26 0.35 0.63 0.99 1.41 1.75 1.96 2.01 1.87 1.57 1.17 0.78 0.58 0.57 0.77 1.17 1.59 1.89 2.07
  2   2.08 1.92 1.59 1.08 0.58 0.29 0.23 0.38 0.72 1.15 1.55 1.86 2.03 2.01 1.83 1.47 1.06 0.75 0.62 0.71 0.95 1.35 1.72 1.93
  3   2.01 1.93 1.71 1.31 0.77 0.36 0.20 0.25 0.48 0.89 1.33 1.66 1.88 1.97 1.89 1.69 1.37 1.00 0.79 0.76 0.92 1.21 1.51 1.75
  4   1.89 1.92 1.81 1.50 1.07 0.65 0.38 0.29 0.39 0.69 1.07 1.45 1.73 1.91 1.97 1.89 1.65 1.33 1.04 0.88 0.89 1.07 1.35 1.63
  5   1.79 1.85 1.81 1.63 1.31 0.91 0.55 0.37 0.35 0.50 0.85 1.21 1.51 1.73 1.87 1.88 1.75 1.51 1.26 1.09 1.03 1.09 1.23 1.40
  6   1.55 1.66 1.70 1.64 1.50 1.27 1.03 0.79 0.63 0.59 0.68 0.87 1.11 1.37 1.58 1.72 1.76 1.67 1.47 1.27 1.12 1.06 1.15 1.35
  7   1.59 1.74 1.76 1.64 1.39 1.08 0.79 0.56 0.46 0.53 0.73 1.00 1.31 1.53 1.68 1.77 1.80 1.76 1.67 1.56 1.43 1.32 1.28 1.33
  8   1.45 1.57 1.63 1.60 1.51 1.38 1.23 1.07 0.91 0.79 0.75 0.83 1.00 1.22 1.41 1.58 1.70 1.77 1.78 1.72 1.61 1.47 1.35 1.29
  9   1.31 1.38 1.47 1.54 1.56 1.52 1.42 1.28 1.13 0.99 0.88 0.84 0.89 1.02 1.19 1.37 1.53 1.67 1.77 1.80 1.74 1.62 1.47 1.33
 10   1.23 1.21 1.27 1.36 1.45 1.52 1.54 1.48 1.36 1.21 1.05 0.90 0.82 0.86 1.01 1.21 1.41 1.59 1.73 1.82 1.84 1.77 1.63 1.46
 11   1.29 1.16 1.10 1.15 1.25 1.37 1.49 1.55 1.52 1.41 1.25 1.07 0.90 0.80 0.84 0.99 1.21 1.43 1.63 1.80 1.91 1.92 1.81 1.61
 12   1.38 1.19 1.08 1.05 1.12 1.26 1.44 1.62 1.71 1.69 1.57 1.39 1.20 1.03 0.92 0.92 1.07 1.33 1.60 1.85 2.02 2.08 1.99 1.78
 13   1.54 1.30 1.09 0.98 0.99 1.14 1.37 1.59 1.77 1.85 1.81 1.65 1.39 1.12 0.89 0.79 0.87 1.07 1.33 1.61 1.89 2.07 2.08 1.95
 14   1.69 1.35 1.03 0.80 0.71 0.83 1.09 1.39 1.63 1.81 1.88 1.82 1.63 1.34 1.06 0.87 0.81 0.93 1.18 1.51 1.83 2.06 2.15 2.05
 15   1.79 1.43 1.04 0.72 0.58 0.64 0.86 1.18 1.53 1.84 2.04 2.02 1.85 1.58 1.27 0.98 0.81 0.81 1.00 1.35 1.70 1.99 2.13 2.09
 16   1.92 1.63 1.20 0.80 0.54 0.45 0.60 0.92 1.34 1.74 2.01 2.14 2.10 1.92 1.60 1.24 0.98 0.87 0.97 1.23 1.62 1.96 2.18 2.26
 17   2.15 1.89 1.42 0.94 0.54 0.37 0.43 0.66 1.05 1.54 1.92 2.15 2.23 2.13 1.89 1.55 1.21 0.99 0.93 1.08 1.38 1.76 2.06 2.20
 18   2.16 1.95 1.58 1.11 0.66 0.34 0.23 0.33 0.62 1.08 1.56 1.93 2.15 2.21 2.07 1.76 1.42 1.16 1.00 0.97 1.14 1.46 1.82 2.06
 19   2.15 2.04 1.78 1.36 0.87 0.47 0.24 0.18 0.38 0.77 1.22 1.64 1.98 2.19 2.25 2.09 1.76 1.39 1.14 1.05 1.15 1.38 1.66 1.91
 20   2.10 2.15 1.99 1.66 1.22 0.80 0.44 0.27 0.36 0.62 1.02 1.42 1.76 2.04 2.22 2.24 2.06 1.75 1.44 1.22 1.13 1.19 1.40 1.69
 21   1.92 2.04 2.00 1.83 1.56 1.18 0.76 0.46 0.33 0.42 0.68 1.04 1.42 1.74 1.99 2.13 2.14 1.98 1.72 1.44 1.24 1.16 1.24 1.41
 22   1.60 1.77 1.85 1.82 1.68 1.42 1.10 0.80 0.58 0.48 0.57 0.80 1.10 1.42 1.72 1.96 2.09 2.07 1.92 1.70 1.46 1.28 1.21 1.27
 23   1.40 1.55 1.68 1.76 1.77 1.66 1.45 1.20 0.96 0.76 0.65 0.69 0.88 1.18 1.48 1.74 1.95 2.08 2.10 1.98 1.78 1.56 1.38 1.26
 24   1.20 1.26 1.40 1.54 1.65 1.70 1.65 1.52 1.32 1.11 0.92 0.79 0.76 0.90 1.14 1.39 1.64 1.87 2.04 2.09 2.00 1.80 1.56 1.32
 25   1.15 1.08 1.13 1.26 1.41 1.56 1.68 1.72 1.64 1.46 1.24 1.01 0.83 0.77 0.87 1.08 1.34 1.62 1.86 2.03 2.08 1.96 1.70 1.39
 26   1.11 0.93 0.86 0.94 1.10 1.30 1.50 1.67 1.76 1.72 1.56 1.29 1.00 0.78 0.70 0.79 1.00 1.27 1.55 1.82 2.02 2.07 1.90 1.58
 27   1.22 0.90 0.68 0.59 0.66 0.88 1.20 1.50 1.70 1.81 1.78 1.60 1.30 0.98 0.74 0.65 0.77 1.00 1.29 1.62 1.92 2.04 2.00 1.80
 28   1.46 1.06 0.72 0.50 0.44 0.60 0.90 1.24 1.56 1.82 1.93 1.86 1.66 1.32 0.99 0.78 0.70 0.82 1.08 1.42 1.74 1.96 2.04 1.92
 29   1.64 1.24 0.76 0.42 0.27 0.34 0.60 0.96 1.34 1.68 1.94 2.03 1.92 1.64 1.30 0.98 0.80 0.79 0.97 1.26 1.57 1.82 1.99 2.00
 30   1.80 1.46 1.04 0.58 0.30 0.22 0.38 0.72 1.12 1.54 1.86 2.04 2.08 1.92 1.58 1.22 0.94 0.81 0.88 1.12 1.44 1.72 1.91 1.98
 ----------------------------------------------------------------------------------------------------------------------------
                                                                                               
 ----------------------------------------------------------------------------------------------------------------------------
 ----------------------------------------------------------------------------------------------------------------------------
                                                          SURVEY OF INDIA
                                                    MARINE GEODESY WING (G&RB)
                                                     HOURLY HEIGHTS IN METRES
  NAME OF PORT:- KARWAR                                                                             MONTH MAY       YEAR 2018
 ----------------------------------------------------------------------------------------------------------------------------
 DAYS 0000 0001 0002 0003 0004 0005 0006 0007 0008 0009 0010 0011 0012 0013 0014 0015 0016 0017 0018 0019 0020 0021 0022 0023
 ----------------------------------------------------------------------------------------------------------------------------
  1   1.86 1.58 1.22 0.74 0.36 0.20 0.26 0.48 0.86 1.28 1.68 1.96 2.08 2.00 1.78 1.44 1.12 0.91 0.84 0.97 1.24 1.54 1.79 1.91
  2   1.88 1.70 1.40 0.98 0.55 0.28 0.20 0.32 0.60 1.04 1.44 1.78 2.00 2.07 1.95 1.67 1.35 1.06 0.90 0.95 1.12 1.36 1.60 1.79
  3   1.85 1.76 1.50 1.14 0.74 0.40 0.20 0.18 0.38 0.74 1.18 1.54 1.82 1.99 1.98 1.80 1.54 1.26 1.06 0.97 1.04 1.22 1.46 1.66
  4   1.74 1.68 1.51 1.25 0.92 0.61 0.37 0.27 0.39 0.68 1.04 1.40 1.70 1.91 2.02 1.98 1.79 1.52 1.26 1.09 1.03 1.12 1.31 1.52
  5   1.66 1.68 1.60 1.42 1.17 0.89 0.62 0.43 0.38 0.53 0.85 1.16 1.44 1.66 1.82 1.88 1.80 1.61 1.38 1.18 1.07 1.08 1.18 1.33
  6   1.48 1.56 1.53 1.42 1.25 1.04 0.82 0.60 0.50 0.53 0.72 0.98 1.24 1.46 1.64 1.77 1.79 1.72 1.57 1.40 1.26 1.17 1.15 1.22
  7   1.35 1.46 1.52 1.48 1.38 1.22 1.04 0.86 0.70 0.62 0.68 0.84 1.08 1.32 1.52 1.68 1.78 1.81 1.73 1.58 1.40 1.22 1.10 1.08
  8   1.15 1.26 1.36 1.43 1.44 1.36 1.20 1.03 0.88 0.78 0.76 0.84 0.99 1.18 1.37 1.55 1.69 1.79 1.80 1.73 1.58 1.39 1.22 1.10
  9   1.06 1.10 1.18 1.28 1.36 1.40 1.36 1.26 1.13 1.00 0.89 0.84 0.88 1.00 1.17 1.35 1.52 1.66 1.75 1.76 1.65 1.47 1.28 1.10
 10   0.96 0.88 0.90 0.98 1.08 1.20 1.31 1.37 1.32 1.19 1.04 0.90 0.80 0.80 0.92 1.12 1.34 1.54 1.69 1.76 1.72 1.58 1.36 1.12
 11   0.90 0.76 0.73 0.82 0.98 1.18 1.38 1.52 1.56 1.50 1.35 1.16 1.00 0.91 0.92 1.04 1.22 1.41 1.60 1.78 1.86 1.82 1.62 1.38
 12   1.12 0.88 0.70 0.66 0.78 0.98 1.21 1.43 1.61 1.69 1.64 1.48 1.26 1.05 0.90 0.90 1.08 1.32 1.57 1.80 1.96 1.98 1.83 1.58
 13   1.26 0.90 0.62 0.51 0.60 0.84 1.14 1.44 1.68 1.87 1.91 1.79 1.55 1.30 1.10 0.98 1.02 1.20 1.46 1.71 1.92 2.04 1.98 1.76
 14   1.44 1.06 0.72 0.46 0.37 0.52 0.86 1.22 1.58 1.89 2.05 2.01 1.82 1.54 1.27 1.07 0.97 1.07 1.32 1.62 1.90 2.07 2.09 1.92
 15   1.61 1.19 0.75 0.34 0.20 0.31 0.59 0.95 1.35 1.79 2.10 2.23 2.15 1.89 1.57 1.28 1.07 0.99 1.15 1.45 1.76 2.01 2.12 2.05
 16   1.80 1.45 0.99 0.52 0.22 0.11 0.27 0.59 1.07 1.53 1.93 2.19 2.27 2.15 1.85 1.51 1.21 1.02 0.99 1.19 1.55 1.83 2.01 2.07
 17   1.97 1.71 1.31 0.75 0.24 0.04 0.09 0.33 0.75 1.25 1.71 2.05 2.27 2.31 2.15 1.83 1.45 1.15 1.04 1.13 1.36 1.65 1.93 2.11
 18   2.11 1.93 1.59 1.15 0.64 0.26 0.08 0.16 0.43 0.87 1.37 1.81 2.15 2.34 2.33 2.14 1.80 1.41 1.14 1.05 1.18 1.44 1.71 1.93
 19   2.07 2.04 1.85 1.48 1.02 0.61 0.32 0.18 0.29 0.61 1.07 1.53 1.92 2.23 2.38 2.33 2.09 1.75 1.39 1.17 1.11 1.27 1.53 1.79
 20   1.99 2.04 1.94 1.72 1.41 1.02 0.58 0.27 0.19 0.39 0.79 1.21 1.59 1.91 2.16 2.29 2.22 1.99 1.69 1.36 1.15 1.08 1.19 1.39
 21   1.59 1.75 1.83 1.80 1.64 1.39 1.06 0.74 0.48 0.39 0.54 0.84 1.21 1.57 1.87 2.10 2.19 2.10 1.88 1.61 1.35 1.15 1.05 1.09
 22   1.22 1.37 1.51 1.61 1.64 1.55 1.37 1.13 0.88 0.67 0.58 0.68 0.92 1.22 1.52 1.79 2.01 2.10 2.05 1.87 1.61 1.36 1.14 1.00
 23   0.96 1.05 1.20 1.37 1.52 1.62 1.61 1.49 1.29 1.05 0.84 0.75 0.81 0.99 1.25 1.53 1.79 2.00 2.10 2.05 1.85 1.57 1.25 0.96
 24   0.77 0.73 0.85 1.05 1.25 1.43 1.58 1.64 1.57 1.39 1.18 0.99 0.86 0.85 0.99 1.23 1.48 1.71 1.89 1.97 1.91 1.73 1.43 1.07
 25   0.78 0.62 0.58 0.66 0.84 1.06 1.28 1.47 1.60 1.63 1.52 1.29 1.03 0.85 0.82 0.97 1.21 1.45 1.67 1.86 1.95 1.89 1.65 1.31
 26   0.95 0.61 0.43 0.41 0.56 0.79 1.05 1.32 1.54 1.69 1.71 1.57 1.32 1.07 0.90 0.88 1.01 1.24 1.49 1.73 1.89 1.90 1.72 1.42
 27   1.09 0.78 0.51 0.37 0.44 0.66 0.97 1.29 1.59 1.80 1.89 1.82 1.61 1.35 1.13 0.97 0.94 1.09 1.33 1.57 1.79 1.90 1.85 1.63
 28   1.29 0.93 0.55 0.30 0.22 0.35 0.63 1.03 1.39 1.70 1.91 1.99 1.89 1.61 1.31 1.06 0.94 0.98 1.15 1.39 1.63 1.83 1.90 1.79
 29   1.48 1.10 0.69 0.33 0.17 0.23 0.46 0.81 1.19 1.55 1.80 1.95 1.98 1.85 1.55 1.23 0.98 0.88 0.97 1.19 1.42 1.61 1.73 1.71
 30   1.53 1.22 0.83 0.49 0.23 0.13 0.25 0.56 0.93 1.33 1.69 1.93 2.03 1.97 1.76 1.45 1.17 0.99 0.95 1.07 1.29 1.53 1.71 1.77
 31   1.66 1.43 1.11 0.73 0.40 0.21 0.19 0.39 0.75 1.17 1.53 1.81 1.97 2.00 1.86 1.59 1.29 1.05 0.93 0.97 1.14 1.35 1.55 1.68
 ----------------------------------------------------------------------------------------------------------------------------
                                                                                               
 ----------------------------------------------------------------------------------------------------------------------------
 ----------------------------------------------------------------------------------------------------------------------------
                                                          SURVEY OF INDIA
                                                    MARINE GEODESY WING (G&RB)
                                                     HOURLY HEIGHTS IN METRES
  NAME OF PORT:- KARWAR                                                                             MONTH JUNE      YEAR 2018
 ----------------------------------------------------------------------------------------------------------------------------
 DAYS 0000 0001 0002 0003 0004 0005 0006 0007 0008 0009 0010 0011 0012 0013 0014 0015 0016 0017 0018 0019 0020 0021 0022 0023
 ----------------------------------------------------------------------------------------------------------------------------
  1   1.66 1.48 1.22 0.88 0.52 0.26 0.16 0.26 0.52 0.92 1.33 1.64 1.85 1.94 1.90 1.73 1.46 1.20 1.03 0.99 1.10 1.30 1.51 1.66
  2   1.72 1.64 1.44 1.13 0.78 0.52 0.36 0.34 0.51 0.84 1.22 1.54 1.80 1.98 2.02 1.90 1.70 1.46 1.24 1.10 1.07 1.17 1.36 1.56
  3   1.70 1.71 1.59 1.38 1.10 0.78 0.54 0.44 0.50 0.71 1.04 1.40 1.68 1.88 1.98 1.96 1.83 1.62 1.36 1.16 1.08 1.13 1.26 1.42
  4   1.57 1.65 1.61 1.46 1.23 0.98 0.75 0.58 0.52 0.64 0.89 1.18 1.44 1.68 1.88 1.98 1.93 1.75 1.48 1.26 1.12 1.07 1.13 1.25
  5   1.38 1.50 1.55 1.50 1.36 1.14 0.92 0.72 0.60 0.59 0.73 0.98 1.24 1.49 1.70 1.86 1.91 1.82 1.60 1.37 1.17 1.02 0.95 1.00
  6   1.15 1.32 1.42 1.44 1.37 1.24 1.07 0.90 0.76 0.69 0.75 0.91 1.11 1.32 1.52 1.70 1.80 1.80 1.69 1.52 1.34 1.17 1.03 0.96
  7   1.00 1.11 1.23 1.33 1.40 1.41 1.34 1.21 1.04 0.90 0.84 0.89 1.03 1.22 1.43 1.62 1.78 1.86 1.85 1.72 1.52 1.29 1.07 0.91
  8   0.85 0.91 1.06 1.22 1.36 1.47 1.51 1.45 1.34 1.21 1.09 1.01 1.02 1.12 1.28 1.49 1.68 1.81 1.87 1.83 1.70 1.49 1.24 1.01
  9   0.84 0.79 0.86 1.00 1.17 1.34 1.49 1.58 1.56 1.44 1.28 1.11 0.98 0.95 1.05 1.25 1.47 1.65 1.78 1.83 1.77 1.58 1.32 1.02
 10   0.75 0.62 0.64 0.77 0.96 1.16 1.36 1.54 1.66 1.69 1.62 1.47 1.28 1.14 1.10 1.19 1.36 1.54 1.72 1.84 1.87 1.76 1.52 1.18
 11   0.84 0.56 0.38 0.36 0.54 0.89 1.22 1.52 1.73 1.86 1.85 1.68 1.43 1.20 1.04 1.01 1.15 1.37 1.59 1.80 1.93 1.89 1.70 1.38
 12   1.00 0.64 0.34 0.21 0.32 0.60 0.95 1.29 1.61 1.84 1.94 1.87 1.66 1.39 1.15 1.00 0.99 1.14 1.36 1.60 1.82 1.92 1.83 1.58
 13   1.20 0.80 0.43 0.17 0.10 0.25 0.56 0.96 1.36 1.73 1.96 2.03 1.91 1.64 1.34 1.08 0.95 0.97 1.10 1.34 1.62 1.86 1.92 1.76
 14   1.46 1.08 0.60 0.15-0.13-0.10 0.16 0.53 0.98 1.43 1.84 2.08 2.12 1.95 1.64 1.32 1.04 0.87 0.92 1.18 1.53 1.80 1.93 1.90
 15   1.70 1.31 0.84 0.38 0.02-0.16-0.07 0.24 0.66 1.14 1.60 1.93 2.10 2.08 1.90 1.55 1.17 0.92 0.85 1.00 1.33 1.66 1.85 1.88
 16   1.74 1.42 0.92 0.48 0.14-0.08-0.10 0.13 0.52 0.92 1.34 1.72 2.04 2.19 2.12 1.88 1.50 1.10 0.82 0.73 0.87 1.13 1.40 1.64
 17   1.78 1.76 1.54 1.16 0.70 0.27-0.01-0.10 0.06 0.40 0.84 1.26 1.66 1.97 2.11 2.02 1.74 1.38 1.00 0.78 0.74 0.90 1.14 1.39
 18   1.61 1.72 1.68 1.50 1.18 0.78 0.42 0.18 0.11 0.28 0.66 1.10 1.48 1.82 2.07 2.15 2.01 1.72 1.38 1.06 0.87 0.88 1.00 1.18
 19   1.38 1.56 1.68 1.67 1.51 1.24 0.92 0.62 0.42 0.38 0.55 0.90 1.26 1.58 1.86 2.04 2.07 1.92 1.64 1.32 1.01 0.82 0.78 0.90
 20   1.07 1.25 1.42 1.55 1.60 1.52 1.30 1.02 0.76 0.60 0.57 0.72 0.98 1.28 1.58 1.86 2.04 2.06 1.88 1.60 1.27 0.96 0.72 0.64
 21   0.72 0.88 1.06 1.24 1.40 1.52 1.53 1.38 1.14 0.86 0.65 0.58 0.70 0.96 1.27 1.56 1.80 1.94 1.95 1.84 1.64 1.38 1.09 0.80
 22   0.60 0.53 0.64 0.86 1.11 1.33 1.49 1.54 1.46 1.30 1.12 0.97 0.90 0.96 1.12 1.32 1.52 1.72 1.86 1.88 1.74 1.50 1.20 0.88
 23   0.62 0.50 0.55 0.72 0.96 1.18 1.37 1.53 1.63 1.62 1.49 1.30 1.12 1.03 1.08 1.22 1.41 1.59 1.74 1.81 1.76 1.59 1.35 1.06
 24   0.76 0.51 0.40 0.46 0.67 0.94 1.20 1.47 1.68 1.78 1.72 1.55 1.34 1.15 1.05 1.09 1.23 1.43 1.60 1.73 1.77 1.66 1.45 1.18
 25   0.91 0.66 0.44 0.35 0.43 0.68 0.98 1.28 1.56 1.77 1.86 1.80 1.60 1.35 1.12 1.00 1.05 1.20 1.40 1.60 1.74 1.75 1.62 1.38
 26   1.10 0.78 0.48 0.31 0.30 0.50 0.82 1.16 1.47 1.76 1.93 1.94 1.81 1.58 1.35 1.17 1.09 1.13 1.27 1.46 1.65 1.75 1.70 1.52
 27   1.26 0.95 0.66 0.42 0.31 0.39 0.66 1.02 1.35 1.64 1.86 1.97 1.93 1.78 1.54 1.28 1.12 1.07 1.16 1.34 1.53 1.67 1.70 1.59
 28   1.37 1.10 0.80 0.53 0.34 0.28 0.43 0.80 1.20 1.54 1.80 1.97 2.01 1.92 1.74 1.48 1.22 1.06 1.04 1.16 1.36 1.57 1.68 1.65
 29   1.48 1.24 0.96 0.69 0.44 0.28 0.27 0.48 0.86 1.26 1.60 1.85 2.01 2.02 1.86 1.60 1.30 1.07 0.98 1.06 1.23 1.45 1.62 1.70
 30   1.62 1.42 1.14 0.82 0.49 0.29 0.25 0.43 0.74 1.09 1.42 1.70 1.90 1.96 1.86 1.66 1.40 1.17 1.02 0.98 1.09 1.28 1.46 1.61
 ----------------------------------------------------------------------------------------------------------------------------
                                                                                               
 ----------------------------------------------------------------------------------------------------------------------------
 ----------------------------------------------------------------------------------------------------------------------------
                                                          SURVEY OF INDIA
                                                    MARINE GEODESY WING (G&RB)
                                                     HOURLY HEIGHTS IN METRES
  NAME OF PORT:- KARWAR                                                                             MONTH JULY      YEAR 2018
 ----------------------------------------------------------------------------------------------------------------------------
 DAYS 0000 0001 0002 0003 0004 0005 0006 0007 0008 0009 0010 0011 0012 0013 0014 0015 0016 0017 0018 0019 0020 0021 0022 0023
 ----------------------------------------------------------------------------------------------------------------------------
  1   1.66 1.56 1.33 1.02 0.71 0.44 0.32 0.39 0.62 0.93 1.27 1.57 1.79 1.94 1.97 1.84 1.58 1.28 1.06 0.97 1.02 1.16 1.35 1.52
  2   1.62 1.60 1.46 1.22 0.90 0.60 0.40 0.35 0.46 0.74 1.10 1.44 1.70 1.88 1.94 1.87 1.66 1.39 1.12 0.96 0.94 1.03 1.18 1.35
  3   1.50 1.56 1.50 1.32 1.06 0.75 0.50 0.38 0.42 0.60 0.92 1.26 1.56 1.78 1.90 1.92 1.80 1.54 1.26 1.06 0.96 0.98 1.09 1.24
  4   1.38 1.47 1.49 1.42 1.24 1.00 0.76 0.62 0.59 0.70 0.92 1.18 1.44 1.69 1.86 1.92 1.84 1.65 1.40 1.17 0.98 0.88 0.88 0.99
  5   1.18 1.36 1.47 1.48 1.39 1.21 0.99 0.78 0.66 0.65 0.76 1.00 1.27 1.52 1.72 1.84 1.86 1.76 1.54 1.28 1.05 0.89 0.81 0.84
  6   0.98 1.16 1.34 1.48 1.53 1.48 1.32 1.10 0.92 0.82 0.81 0.91 1.12 1.36 1.59 1.78 1.87 1.83 1.66 1.41 1.17 0.97 0.82 0.75
  7   0.78 0.89 1.06 1.23 1.38 1.46 1.44 1.33 1.17 1.01 0.90 0.88 0.96 1.16 1.40 1.60 1.72 1.76 1.70 1.54 1.32 1.06 0.80 0.62
  8   0.55 0.60 0.76 0.96 1.16 1.31 1.41 1.44 1.38 1.26 1.13 1.02 0.98 1.03 1.18 1.40 1.60 1.72 1.74 1.66 1.48 1.21 0.90 0.60
  9   0.41 0.36 0.43 0.62 0.86 1.10 1.32 1.48 1.56 1.54 1.42 1.25 1.11 1.05 1.09 1.22 1.40 1.58 1.72 1.76 1.66 1.44 1.12 0.79
 10   0.48 0.29 0.24 0.33 0.56 0.86 1.18 1.50 1.72 1.78 1.71 1.54 1.32 1.13 1.06 1.13 1.29 1.48 1.64 1.76 1.80 1.71 1.50 1.16
 11   0.74 0.37 0.12 0.05 0.19 0.53 0.92 1.30 1.65 1.90 1.98 1.88 1.63 1.37 1.16 1.06 1.08 1.20 1.39 1.60 1.76 1.77 1.60 1.28
 12   0.88 0.48 0.14-0.09-0.13 0.07 0.48 0.94 1.36 1.74 1.99 2.04 1.88 1.57 1.24 1.01 0.92 1.00 1.18 1.40 1.63 1.80 1.84 1.68
 13   1.36 0.90 0.44 0.06-0.13-0.08 0.20 0.64 1.12 1.55 1.93 2.14 2.12 1.88 1.54 1.20 0.94 0.86 0.96 1.19 1.48 1.74 1.90 1.90
 14   1.70 1.36 0.89 0.34 0.00-0.12 0.00 0.34 0.82 1.32 1.76 2.10 2.21 2.11 1.82 1.44 1.07 0.80 0.72 0.86 1.15 1.47 1.74 1.86
 15   1.84 1.64 1.24 0.73 0.24-0.08-0.15 0.03 0.40 0.88 1.40 1.86 2.15 2.21 2.04 1.72 1.34 0.96 0.70 0.63 0.78 1.10 1.44 1.72
 16   1.84 1.80 1.58 1.20 0.70 0.26 0.03 0.04 0.26 0.64 1.08 1.52 1.90 2.10 2.13 1.96 1.58 1.16 0.76 0.52 0.49 0.68 1.04 1.42
 17   1.70 1.82 1.77 1.56 1.20 0.76 0.36 0.12 0.09 0.30 0.75 1.24 1.65 1.97 2.14 2.12 1.90 1.52 1.10 0.76 0.56 0.56 0.74 1.03
 18   1.32 1.57 1.70 1.67 1.46 1.16 0.84 0.54 0.34 0.32 0.51 0.90 1.32 1.70 1.96 2.04 1.94 1.68 1.32 0.96 0.68 0.52 0.52 0.68
 19   0.92 1.16 1.38 1.52 1.56 1.45 1.23 0.97 0.74 0.61 0.64 0.84 1.14 1.46 1.75 1.96 2.01 1.88 1.62 1.28 0.94 0.62 0.46 0.48
 20   0.62 0.84 1.08 1.32 1.50 1.58 1.52 1.32 1.08 0.90 0.82 0.84 0.97 1.20 1.46 1.69 1.80 1.78 1.66 1.44 1.16 0.84 0.57 0.44
 21   0.46 0.60 0.81 1.04 1.25 1.42 1.50 1.49 1.39 1.24 1.09 0.99 0.98 1.07 1.24 1.44 1.62 1.72 1.73 1.62 1.39 1.12 0.86 0.62
 22   0.50 0.49 0.60 0.80 1.02 1.24 1.42 1.55 1.60 1.54 1.39 1.21 1.06 1.01 1.07 1.20 1.37 1.52 1.60 1.58 1.46 1.26 1.00 0.72
 23   0.49 0.38 0.40 0.54 0.76 1.00 1.24 1.45 1.58 1.61 1.53 1.37 1.20 1.06 1.00 1.05 1.18 1.34 1.48 1.55 1.50 1.36 1.15 0.90
 24   0.62 0.40 0.30 0.34 0.51 0.77 1.05 1.32 1.52 1.64 1.63 1.51 1.34 1.16 1.02 0.97 1.02 1.14 1.30 1.44 1.51 1.46 1.29 1.05
 25   0.78 0.52 0.30 0.21 0.28 0.50 0.80 1.10 1.38 1.62 1.71 1.66 1.50 1.30 1.12 1.00 0.96 1.00 1.12 1.29 1.44 1.50 1.44 1.24
 26   0.98 0.70 0.43 0.22 0.16 0.26 0.58 0.98 1.31 1.56 1.72 1.75 1.66 1.47 1.25 1.04 0.90 0.86 0.94 1.11 1.30 1.44 1.46 1.36
 27   1.14 0.84 0.52 0.26 0.13 0.17 0.36 0.69 1.02 1.34 1.59 1.74 1.73 1.59 1.37 1.15 1.00 0.93 0.97 1.10 1.28 1.46 1.54 1.49
 28   1.33 1.08 0.76 0.46 0.27 0.21 0.32 0.57 0.93 1.28 1.56 1.73 1.79 1.71 1.52 1.27 1.06 0.96 0.96 1.05 1.24 1.46 1.63 1.68
 29   1.57 1.34 1.04 0.68 0.38 0.27 0.31 0.50 0.80 1.18 1.54 1.78 1.89 1.86 1.68 1.42 1.16 0.94 0.84 0.88 1.04 1.26 1.48 1.60
 30   1.58 1.42 1.16 0.84 0.54 0.34 0.28 0.38 0.64 1.00 1.36 1.66 1.86 1.94 1.84 1.60 1.30 1.00 0.80 0.76 0.88 1.10 1.34 1.50
 31   1.56 1.48 1.30 1.04 0.74 0.46 0.32 0.32 0.48 0.80 1.16 1.49 1.78 1.94 1.95 1.76 1.43 1.10 0.84 0.75 0.84 1.04 1.26 1.44
 ----------------------------------------------------------------------------------------------------------------------------
                                                                                              
 ----------------------------------------------------------------------------------------------------------------------------
 ----------------------------------------------------------------------------------------------------------------------------
                                                          SURVEY OF INDIA
                                                    MARINE GEODESY WING (G&RB)
                                                     HOURLY HEIGHTS IN METRES
  NAME OF PORT:- KARWAR                                                                             MONTH AUGUST    YEAR 2018
 ----------------------------------------------------------------------------------------------------------------------------
 DAYS 0000 0001 0002 0003 0004 0005 0006 0007 0008 0009 0010 0011 0012 0013 0014 0015 0016 0017 0018 0019 0020 0021 0022 0023
 ----------------------------------------------------------------------------------------------------------------------------
  1   1.54 1.55 1.46 1.25 0.98 0.71 0.50 0.43 0.51 0.72 1.04 1.34 1.63 1.82 1.88 1.79 1.53 1.20 0.88 0.68 0.63 0.72 0.91 1.14
  2   1.34 1.46 1.49 1.40 1.16 0.86 0.62 0.50 0.50 0.64 0.92 1.24 1.54 1.74 1.82 1.78 1.62 1.36 1.04 0.77 0.64 0.63 0.76 0.98
  3   1.20 1.36 1.46 1.48 1.38 1.20 0.96 0.74 0.66 0.72 0.90 1.16 1.42 1.66 1.80 1.84 1.76 1.56 1.28 0.96 0.70 0.59 0.61 0.76
  4   0.98 1.20 1.36 1.46 1.48 1.38 1.20 1.00 0.86 0.82 0.87 1.02 1.24 1.48 1.68 1.76 1.73 1.58 1.34 1.08 0.83 0.61 0.48 0.47
  5   0.58 0.78 1.02 1.24 1.38 1.42 1.34 1.19 1.04 0.95 0.92 0.98 1.12 1.32 1.50 1.64 1.70 1.66 1.50 1.25 0.97 0.70 0.47 0.38
  6   0.42 0.56 0.77 1.00 1.22 1.41 1.50 1.46 1.34 1.20 1.09 1.04 1.08 1.19 1.35 1.52 1.64 1.70 1.67 1.52 1.27 0.98 0.67 0.40
  7   0.27 0.31 0.49 0.75 1.02 1.28 1.51 1.62 1.60 1.46 1.28 1.14 1.06 1.05 1.13 1.29 1.47 1.62 1.71 1.70 1.56 1.30 0.99 0.64
  8   0.34 0.18 0.20 0.38 0.68 1.02 1.35 1.61 1.73 1.70 1.57 1.40 1.22 1.08 1.03 1.08 1.23 1.42 1.60 1.72 1.72 1.58 1.34 1.00
  9   0.58 0.23 0.04 0.01 0.22 0.64 1.05 1.41 1.70 1.85 1.82 1.66 1.45 1.26 1.10 1.00 1.02 1.16 1.36 1.56 1.72 1.75 1.62 1.30
 10   0.90 0.48 0.14-0.04-0.02 0.22 0.60 1.06 1.48 1.80 1.98 1.94 1.74 1.46 1.16 0.90 0.78 0.84 1.04 1.30 1.54 1.70 1.70 1.50
 11   1.16 0.72 0.26-0.12-0.28-0.20 0.16 0.60 1.10 1.56 1.92 2.06 1.96 1.68 1.32 0.96 0.70 0.62 0.73 0.98 1.30 1.60 1.80 1.82
 12   1.60 1.20 0.66 0.15-0.16-0.26-0.12 0.30 0.80 1.26 1.68 1.98 2.06 1.90 1.52 1.10 0.72 0.48 0.44 0.60 0.92 1.30 1.64 1.84
 13   1.86 1.63 1.23 0.71 0.26 0.02-0.02 0.20 0.60 1.08 1.50 1.87 2.09 2.06 1.82 1.41 0.97 0.62 0.48 0.54 0.80 1.19 1.54 1.80
 14   1.92 1.88 1.66 1.24 0.76 0.36 0.17 0.21 0.46 0.90 1.36 1.76 2.06 2.18 2.08 1.75 1.30 0.84 0.48 0.33 0.41 0.68 1.04 1.42
 15   1.76 1.90 1.80 1.48 1.06 0.68 0.36 0.21 0.27 0.52 0.96 1.38 1.76 2.00 2.06 1.90 1.46 1.00 0.60 0.32 0.23 0.34 0.60 0.96
 16   1.34 1.60 1.69 1.60 1.36 1.04 0.70 0.44 0.35 0.46 0.72 1.04 1.38 1.70 1.91 1.93 1.70 1.32 0.94 0.60 0.38 0.32 0.44 0.74
 17   1.06 1.32 1.50 1.59 1.53 1.35 1.11 0.85 0.63 0.55 0.65 0.86 1.12 1.39 1.66 1.78 1.72 1.48 1.16 0.84 0.56 0.39 0.35 0.48
 18   0.73 1.00 1.23 1.39 1.47 1.45 1.35 1.17 0.97 0.82 0.76 0.82 0.99 1.20 1.42 1.59 1.64 1.56 1.36 1.08 0.80 0.56 0.40 0.37
 19   0.48 0.70 0.94 1.14 1.28 1.36 1.38 1.34 1.24 1.11 1.00 0.96 1.01 1.13 1.28 1.42 1.52 1.53 1.42 1.22 1.00 0.78 0.59 0.45
 20   0.40 0.48 0.67 0.90 1.10 1.27 1.40 1.46 1.44 1.34 1.22 1.12 1.06 1.07 1.14 1.24 1.34 1.42 1.44 1.38 1.24 1.05 0.84 0.63
 21   0.48 0.43 0.50 0.65 0.84 1.04 1.24 1.42 1.52 1.53 1.46 1.33 1.20 1.09 1.04 1.08 1.18 1.30 1.41 1.44 1.38 1.26 1.08 0.87
 22   0.65 0.50 0.47 0.54 0.70 0.91 1.14 1.36 1.52 1.60 1.58 1.46 1.30 1.16 1.06 1.03 1.09 1.22 1.35 1.43 1.44 1.38 1.24 1.02
 23   0.78 0.58 0.45 0.40 0.47 0.67 0.94 1.24 1.48 1.62 1.64 1.56 1.42 1.26 1.10 0.97 0.92 0.98 1.13 1.30 1.42 1.46 1.38 1.20
 24   0.94 0.67 0.42 0.28 0.32 0.50 0.78 1.08 1.34 1.58 1.72 1.72 1.58 1.36 1.12 0.92 0.82 0.86 0.99 1.18 1.38 1.50 1.49 1.38
 25   1.16 0.86 0.56 0.34 0.26 0.35 0.61 0.94 1.24 1.48 1.66 1.74 1.70 1.51 1.26 1.02 0.84 0.78 0.86 1.06 1.30 1.50 1.58 1.49
 26   1.16 0.86 0.56 0.34 0.26 0.35 0.61 0.94 1.24 1.48 1.66 1.74 1.70 1.51 1.26 1.02 0.84 0.78 0.85 1.04 1.30 1.50 1.58 1.56
 27   1.44 1.24 0.98 0.68 0.40 0.28 0.34 0.58 0.92 1.26 1.58 1.78 1.85 1.76 1.48 1.16 0.86 0.67 0.62 0.74 1.00 1.28 1.53 1.65
 28   1.61 1.45 1.18 0.87 0.59 0.41 0.39 0.56 0.86 1.22 1.53 1.76 1.85 1.80 1.62 1.31 0.99 0.73 0.60 0.64 0.84 1.14 1.44 1.64
 29   1.72 1.65 1.46 1.12 0.74 0.50 0.42 0.52 0.78 1.12 1.50 1.78 1.93 1.92 1.77 1.50 1.16 0.82 0.60 0.54 0.66 0.94 1.25 1.52
 30   1.66 1.68 1.58 1.34 0.98 0.68 0.52 0.50 0.64 0.94 1.33 1.64 1.86 1.94 1.86 1.64 1.24 0.80 0.56 0.49 0.58 0.80 1.12 1.44
 31   1.68 1.76 1.69 1.50 1.22 0.94 0.72 0.63 0.70 0.92 1.22 1.47 1.65 1.75 1.75 1.61 1.36 1.09 0.86 0.72 0.70 0.80 1.01 1.25
 ----------------------------------------------------------------------------------------------------------------------------
                                                                                               
 ----------------------------------------------------------------------------------------------------------------------------
 ----------------------------------------------------------------------------------------------------------------------------
                                                          SURVEY OF INDIA
                                                    MARINE GEODESY WING (G&RB)
                                                     HOURLY HEIGHTS IN METRES
  NAME OF PORT:- KARWAR                                                                             MONTH SEPT      YEAR 2018
 ----------------------------------------------------------------------------------------------------------------------------
 DAYS 0000 0001 0002 0003 0004 0005 0006 0007 0008 0009 0010 0011 0012 0013 0014 0015 0016 0017 0018 0019 0020 0021 0022 0023
 ----------------------------------------------------------------------------------------------------------------------------
  1   1.46 1.62 1.68 1.62 1.45 1.20 0.96 0.79 0.75 0.85 1.08 1.32 1.52 1.63 1.64 1.54 1.35 1.11 0.85 0.62 0.46 0.43 0.54 0.80
  2   1.10 1.34 1.52 1.60 1.56 1.40 1.18 0.98 0.86 0.86 0.98 1.18 1.40 1.58 1.70 1.72 1.60 1.36 1.06 0.76 0.50 0.35 0.34 0.48
  3   0.72 0.98 1.24 1.46 1.56 1.52 1.38 1.20 1.05 0.96 0.95 1.05 1.24 1.42 1.56 1.64 1.62 1.48 1.25 0.96 0.67 0.42 0.30 0.30
  4   0.42 0.64 0.88 1.14 1.37 1.50 1.50 1.41 1.28 1.16 1.06 1.02 1.07 1.18 1.32 1.46 1.56 1.58 1.48 1.24 0.96 0.66 0.42 0.30
  5   0.28 0.38 0.58 0.84 1.10 1.34 1.49 1.51 1.44 1.30 1.13 0.98 0.90 0.92 1.04 1.20 1.36 1.50 1.56 1.50 1.32 1.06 0.80 0.56
  6   0.38 0.30 0.38 0.58 0.86 1.18 1.45 1.66 1.76 1.74 1.58 1.38 1.20 1.08 1.02 1.06 1.20 1.38 1.54 1.63 1.58 1.41 1.16 0.86
  7   0.52 0.28 0.20 0.28 0.50 0.82 1.18 1.54 1.80 1.90 1.82 1.61 1.36 1.10 0.90 0.82 0.90 1.08 1.32 1.54 1.68 1.70 1.55 1.26
  8   0.86 0.48 0.20 0.08 0.16 0.46 0.88 1.28 1.64 1.90 2.00 1.89 1.62 1.24 0.88 0.66 0.63 0.78 1.04 1.33 1.60 1.78 1.80 1.62
  9   1.22 0.78 0.36 0.08-0.02 0.12 0.48 0.93 1.38 1.76 2.00 2.02 1.84 1.50 1.04 0.62 0.40 0.44 0.68 1.00 1.32 1.64 1.86 1.89
 10   1.66 1.22 0.72 0.28 0.03 0.05 0.28 0.67 1.11 1.54 1.87 2.04 1.96 1.68 1.28 0.82 0.45 0.27 0.35 0.64 1.06 1.44 1.72 1.88
 11   1.84 1.60 1.20 0.70 0.28 0.09 0.15 0.42 0.86 1.30 1.72 2.00 2.08 1.94 1.56 1.06 0.58 0.26 0.15 0.30 0.66 1.04 1.40 1.70
 12   1.86 1.82 1.56 1.14 0.68 0.32 0.18 0.30 0.60 1.02 1.40 1.74 1.94 1.94 1.70 1.30 0.78 0.32 0.07 0.04 0.26 0.68 1.10 1.46
 13   1.68 1.76 1.70 1.46 1.08 0.68 0.42 0.36 0.50 0.82 1.18 1.50 1.76 1.87 1.80 1.50 1.06 0.60 0.26 0.12 0.18 0.44 0.82 1.20
 14   1.50 1.69 1.75 1.64 1.40 1.06 0.76 0.60 0.58 0.77 1.08 1.38 1.60 1.74 1.77 1.62 1.30 0.88 0.50 0.26 0.18 0.30 0.56 0.88
 15   1.22 1.46 1.60 1.63 1.53 1.32 1.06 0.84 0.73 0.75 0.91 1.16 1.40 1.57 1.63 1.59 1.41 1.10 0.78 0.48 0.30 0.26 0.38 0.62
 16   0.92 1.18 1.38 1.50 1.52 1.42 1.24 1.06 0.92 0.86 0.90 1.04 1.24 1.42 1.52 1.52 1.42 1.22 0.98 0.72 0.50 0.38 0.40 0.54
 17   0.74 0.96 1.17 1.34 1.44 1.47 1.42 1.32 1.20 1.10 1.04 1.06 1.16 1.28 1.39 1.44 1.42 1.32 1.17 1.00 0.84 0.68 0.58 0.57
 18   0.66 0.84 1.02 1.20 1.36 1.48 1.54 1.52 1.44 1.32 1.21 1.14 1.12 1.16 1.22 1.29 1.35 1.36 1.30 1.18 1.03 0.88 0.74 0.63
 19   0.59 0.65 0.80 0.98 1.16 1.34 1.48 1.54 1.52 1.44 1.34 1.24 1.14 1.06 1.04 1.08 1.17 1.28 1.32 1.30 1.22 1.09 0.94 0.78
 20   0.64 0.57 0.60 0.72 0.90 1.10 1.32 1.52 1.63 1.62 1.52 1.38 1.23 1.10 1.00 0.98 1.06 1.20 1.34 1.42 1.41 1.32 1.18 1.00
 21   0.82 0.64 0.54 0.54 0.68 0.94 1.22 1.48 1.64 1.70 1.64 1.50 1.32 1.12 0.94 0.85 0.87 0.99 1.16 1.32 1.44 1.47 1.38 1.18
 22   0.94 0.70 0.52 0.45 0.54 0.76 1.04 1.32 1.56 1.72 1.76 1.66 1.46 1.20 0.96 0.78 0.74 0.83 1.02 1.24 1.44 1.55 1.52 1.38
 23   1.14 0.86 0.62 0.47 0.46 0.60 0.86 1.18 1.48 1.68 1.76 1.72 1.54 1.24 0.92 0.70 0.59 0.64 0.82 1.10 1.38 1.54 1.58 1.50
 24   1.34 1.08 0.74 0.48 0.39 0.48 0.70 1.00 1.32 1.60 1.76 1.80 1.70 1.42 1.06 0.74 0.58 0.56 0.70 1.00 1.30 1.58 1.76 1.78
 25   1.63 1.32 0.97 0.66 0.47 0.44 0.60 0.92 1.30 1.60 1.80 1.86 1.77 1.52 1.16 0.81 0.52 0.40 0.46 0.70 1.06 1.40 1.66 1.78
 26   1.74 1.54 1.22 0.82 0.50 0.39 0.48 0.74 1.10 1.44 1.68 1.81 1.79 1.60 1.26 0.88 0.54 0.36 0.33 0.50 0.83 1.19 1.52 1.78
 27   1.87 1.75 1.42 1.06 0.74 0.54 0.50 0.65 0.96 1.29 1.58 1.76 1.81 1.70 1.42 1.00 0.54 0.24 0.15 0.26 0.58 1.00 1.36 1.64
 28   1.76 1.70 1.48 1.16 0.86 0.64 0.54 0.62 0.85 1.16 1.48 1.72 1.84 1.78 1.56 1.22 0.80 0.42 0.18 0.13 0.30 0.68 1.18 1.70
 29
 30
 ----------------------------------------------------------------------------------------------------------------------------
                                                                                               
 ----------------------------------------------------------------------------------------------------------------------------
 ----------------------------------------------------------------------------------------------------------------------------
                                                          SURVEY OF INDIA
                                                    MARINE GEODESY WING (G&RB)
                                                     HOURLY HEIGHTS IN METRES
  NAME OF PORT:- KARWAR                                                                             MONTH OCTOBER   YEAR 2018
 ----------------------------------------------------------------------------------------------------------------------------
 DAYS 0000 0001 0002 0003 0004 0005 0006 0007 0008 0009 0010 0011 0012 0013 0014 0015 0016 0017 0018 0019 0020 0021 0022 0023
 ----------------------------------------------------------------------------------------------------------------------------
  1
  2
  3
  4
  5
  6
  7
  8
  9   1.86 1.78 1.28 0.82 0.60 0.64 0.90 1.30 1.68 2.00 2.20 2.26 2.12 1.70 1.22 0.76 0.47 0.39 0.54 0.88 1.32 1.74 2.05 2.20
 10   2.12 1.86 1.44 1.00 0.69 0.58 0.70 1.02 1.44 1.80 2.04 2.14 2.06 1.80 1.32 0.82 0.40 0.20 0.24 0.46 0.84 1.30 1.70 1.98
 11   2.11 2.02 1.76 1.36 0.96 0.70 0.64 0.82 1.14 1.48 1.76 1.96 2.04 1.90 1.52 1.03 0.58 0.28 0.16 0.24 0.52 0.96 1.44 1.74
 12
 13
 14
 15
 16
 17
 18   0.88 1.04 1.20 1.36 1.50 1.62 1.68 1.66 1.58 1.44 1.28 1.14 1.05 1.02 1.06 1.15 1.25 1.32 1.33 1.28 1.18 1.05 0.91 0.80
 19   0.75 0.79 0.90 1.06 1.24 1.42 1.58 1.68 1.68 1.60 1.47 1.31 1.16 1.04 1.00 1.04 1.14 1.26 1.37 1.44 1.46 1.38 1.22 1.04
 20   0.88 0.81 0.84 0.96 1.14 1.34 1.53 1.70 1.80 1.78 1.66 1.48 1.26 1.04 0.92 0.90 0.99 1.16 1.34 1.50 1.60 1.60 1.48 1.26
 21   1.06 0.90 0.82 0.86 1.00 1.22 1.46 1.70 1.86 1.89 1.78 1.56 1.28 1.03 0.83 0.74 0.79 0.97 1.22 1.46 1.64 1.72 1.66 1.50
 22   1.26 1.04 0.86 0.78 0.86 1.06 1.32 1.60 1.80 1.89 1.84 1.68 1.42 1.10 0.80 0.61 0.58 0.72 1.02 1.34 1.64 1.82 1.86 1.74
 23   1.50 1.23 0.98 0.80 0.78 0.92 1.18 1.50 1.74 1.88 1.90 1.80 1.54 1.17 0.82 0.54 0.44 0.54 0.80 1.14 1.50 1.80 1.96 1.94
 24   1.78 1.52 1.22 0.93 0.78 0.84 1.08 1.38 1.66 1.86 1.96 1.92 1.72 1.38 0.98 0.62 0.38 0.38 0.60 0.94 1.32 1.70 1.96 2.06
 25   1.98 1.76 1.44 1.09 0.84 0.78 0.94 1.24 1.56 1.80 1.96 2.00 1.86 1.54 1.12 0.68 0.34 0.22 0.34 0.65 1.06 1.48 1.82 2.04
 26   2.08 1.94 1.66 1.27 0.96 0.80 0.80 1.01 1.34 1.64 1.86 1.96 1.88 1.64 1.24 0.78 0.36 0.14 0.12 0.32 0.73 1.20 1.60 1.92
 27   2.10 2.12 1.90 1.54 1.18 0.92 0.82 0.92 1.14 1.42 1.70 1.88 1.92 1.74 1.36 0.92 0.52 0.22 0.10 0.18 0.48 0.90 1.34 1.74
 28   2.02 2.14 2.06 1.80 1.44 1.14 0.96 0.92 1.06 1.30 1.58 1.82 1.91 1.86 1.66 1.32 0.92 0.52 0.24 0.15 0.30 0.64 1.04 1.44
 29   1.80 2.06 2.15 2.02 1.72 1.42 1.16 1.00 1.00 1.12 1.36 1.62 1.80 1.84 1.74 1.50 1.17 0.80 0.46 0.24 0.22 0.40 0.72 1.08
 30   1.46 1.76 1.94 1.98 1.86 1.62 1.38 1.18 1.06 1.04 1.14 1.34 1.55 1.68 1.72 1.62 1.40 1.08 0.74 0.50 0.38 0.37 0.52 0.78
 31   1.10 1.42 1.70 1.90 1.96 1.84 1.62 1.40 1.22 1.12 1.10 1.18 1.34 1.50 1.62 1.66 1.58 1.38 1.14 0.88 0.66 0.52 0.50 0.64
 ----------------------------------------------------------------------------------------------------------------------------
                                                                                              
 ----------------------------------------------------------------------------------------------------------------------------
 ----------------------------------------------------------------------------------------------------------------------------
                                                          SURVEY OF INDIA
                                                    MARINE GEODESY WING (G&RB)
                                                     HOURLY HEIGHTS IN METRES
  NAME OF PORT:- KARWAR                                                                             MONTH NOVEMBER  YEAR 2018
 ----------------------------------------------------------------------------------------------------------------------------
 DAYS 0000 0001 0002 0003 0004 0005 0006 0007 0008 0009 0010 0011 0012 0013 0014 0015 0016 0017 0018 0019 0020 0021 0022 0023
 ----------------------------------------------------------------------------------------------------------------------------
  1   0.90 1.20 1.48 1.70 1.86 1.92 1.84 1.66 1.44 1.24 1.11 1.06 1.10 1.20 1.32 1.42 1.48 1.48 1.38 1.22 1.02 0.82 0.64 0.56
  2   0.62 0.80 1.04 1.32 1.58 1.78 1.87 1.82 1.66 1.44 1.20 1.00 0.89 0.89 0.98 1.13 1.30 1.46 1.56 1.56 1.44 1.22 1.00 0.80
  3   0.69 0.72 0.90 1.16 1.42 1.66 1.86 1.98 1.96 1.77 1.50 1.20 0.94 0.79 0.80 0.93 1.13 1.34 1.54 1.70 1.74 1.64 1.43 1.16
  4   0.92 0.78 0.76 0.90 1.18 1.48 1.76 1.98 2.08 2.02 1.80 1.46 1.10 0.78 0.64 0.66 0.82 1.10 1.42 1.70 1.88 1.94 1.85 1.60
  5   1.30 1.02 0.84 0.84 1.02 1.30 1.60 1.86 2.06 2.14 2.02 1.72 1.31 0.92 0.60 0.47 0.53 0.80 1.15 1.48 1.79 1.99 2.02 1.87
  6   1.61 1.29 0.99 0.84 0.87 1.07 1.38 1.67 1.90 2.04 2.05 1.86 1.50 1.02 0.60 0.32 0.24 0.42 0.80 1.20 1.58 1.90 2.10 2.10
  7   1.93 1.65 1.31 0.99 0.87 0.93 1.15 1.47 1.77 1.97 2.05 1.99 1.77 1.33 0.81 0.41 0.21 0.23 0.47 0.85 1.31 1.73 2.03 2.19
  8   2.19 1.99 1.59 1.23 1.00 0.91 1.00 1.23 1.53 1.81 1.97 1.99 1.83 1.49 1.03 0.55 0.25 0.15 0.25 0.55 0.99 1.47 1.85 2.11
  9   2.21 2.13 1.87 1.51 1.15 0.93 0.89 1.04 1.31 1.58 1.79 1.91 1.87 1.64 1.27 0.83 0.41 0.19 0.14 0.33 0.73 1.23 1.63 1.94
 10   2.15 2.21 2.05 1.75 1.39 1.11 0.97 1.01 1.19 1.43 1.66 1.83 1.87 1.75 1.45 1.07 0.69 0.41 0.27 0.33 0.61 0.99 1.41 1.79
 11   2.03 2.13 2.09 1.89 1.61 1.33 1.13 1.07 1.14 1.33 1.57 1.75 1.81 1.75 1.53 1.21 0.87 0.57 0.35 0.29 0.45 0.79 1.19 1.57
 12   1.87 2.04 2.08 1.97 1.75 1.49 1.25 1.09 1.07 1.18 1.37 1.57 1.71 1.72 1.59 1.37 1.09 0.79 0.55 0.43 0.47 0.68 0.99 1.31
 13   1.61 1.85 1.97 1.97 1.83 1.63 1.43 1.25 1.13 1.11 1.19 1.35 1.51 1.59 1.54 1.41 1.23 1.01 0.77 0.56 0.47 0.57 0.82 1.11
 14   1.39 1.62 1.80 1.89 1.86 1.73 1.54 1.35 1.19 1.11 1.12 1.21 1.32 1.41 1.44 1.41 1.30 1.13 0.95 0.79 0.67 0.63 0.72 0.91
 15   1.13 1.37 1.57 1.70 1.75 1.70 1.59 1.45 1.29 1.15 1.05 1.03 1.09 1.19 1.27 1.31 1.29 1.21 1.09 0.95 0.81 0.73 0.71 0.79
 16   0.95 1.15 1.35 1.53 1.65 1.69 1.65 1.55 1.41 1.25 1.10 0.99 0.95 0.98 1.05 1.13 1.21 1.27 1.27 1.17 1.03 0.91 0.83 0.81
 17   0.89 1.03 1.19 1.35 1.51 1.64 1.69 1.65 1.53 1.37 1.19 1.03 0.91 0.85 0.87 0.96 1.09 1.23 1.33 1.36 1.31 1.20 1.06 0.93
 18   0.87 0.93 1.07 1.25 1.43 1.61 1.74 1.79 1.73 1.55 1.33 1.11 0.93 0.81 0.77 0.83 0.98 1.18 1.38 1.51 1.55 1.49 1.37 1.23
 19   1.10 1.00 0.98 1.10 1.28 1.48 1.67 1.81 1.84 1.72 1.49 1.21 0.93 0.68 0.57 0.62 0.79 1.01 1.23 1.45 1.61 1.67 1.61 1.42
 20   1.19 1.02 0.95 1.01 1.16 1.35 1.58 1.79 1.89 1.83 1.63 1.33 1.03 0.71 0.48 0.41 0.53 0.77 1.06 1.35 1.59 1.75 1.79 1.68
 21   1.45 1.21 1.02 0.94 1.02 1.21 1.43 1.65 1.82 1.87 1.73 1.47 1.15 0.83 0.53 0.34 0.32 0.53 0.89 1.23 1.55 1.79 1.91 1.87
 22   1.69 1.44 1.17 0.98 0.93 1.04 1.26 1.49 1.70 1.83 1.84 1.69 1.39 0.97 0.54 0.20 0.08 0.23 0.57 0.93 1.35 1.73 1.97 2.04
 23   1.92 1.66 1.37 1.09 0.93 0.95 1.10 1.35 1.63 1.83 1.89 1.79 1.53 1.15 0.74 0.36 0.11 0.04 0.22 0.63 1.13 1.57 1.91 2.13
 24   2.16 1.99 1.67 1.35 1.08 0.95 1.03 1.25 1.51 1.76 1.92 1.93 1.77 1.43 0.97 0.47 0.14 0.03 0.12 0.37 0.79 1.33 1.77 2.12
 25   2.27 2.22 1.99 1.63 1.28 1.03 0.95 1.06 1.31 1.58 1.82 1.93 1.88 1.65 1.25 0.79 0.37 0.05-0.08 0.09 0.45 0.93 1.43 1.85
 26   2.13 2.23 2.14 1.85 1.49 1.17 0.99 0.99 1.16 1.40 1.65 1.83 1.89 1.79 1.53 1.15 0.73 0.35 0.11 0.05 0.20 0.61 1.09 1.53
 27   1.93 2.17 2.25 2.11 1.81 1.46 1.15 0.99 1.02 1.17 1.40 1.61 1.75 1.77 1.65 1.38 1.03 0.61 0.26 0.10 0.18 0.43 0.79 1.18
 28   1.55 1.89 2.09 2.14 1.98 1.68 1.36 1.07 0.93 0.97 1.13 1.33 1.50 1.61 1.65 1.57 1.37 1.09 0.81 0.57 0.41 0.39 0.57 0.93
 29   1.29 1.63 1.91 2.09 2.11 1.96 1.71 1.43 1.18 1.01 0.99 1.11 1.28 1.44 1.57 1.63 1.57 1.41 1.17 0.89 0.67 0.55 0.59 0.75
 30   1.02 1.31 1.61 1.85 1.99 1.99 1.87 1.63 1.33 1.07 0.93 0.90 0.97 1.10 1.24 1.38 1.49 1.53 1.45 1.27 1.05 0.87 0.75 0.72
 ----------------------------------------------------------------------------------------------------------------------------
                                                                                               
 ----------------------------------------------------------------------------------------------------------------------------
 ----------------------------------------------------------------------------------------------------------------------------
                                                          SURVEY OF INDIA
                                                    MARINE GEODESY WING (G&RB)
                                                     HOURLY HEIGHTS IN METRES
  NAME OF PORT:- KARWAR                                                                             MONTH DECEMBER  YEAR 2018
 ----------------------------------------------------------------------------------------------------------------------------
 DAYS 0000 0001 0002 0003 0004 0005 0006 0007 0008 0009 0010 0011 0012 0013 0014 0015 0016 0017 0018 0019 0020 0021 0022 0023
 ----------------------------------------------------------------------------------------------------------------------------
  1   0.85 1.10 1.37 1.62 1.84 1.99 2.01 1.87 1.63 1.34 1.06 0.87 0.80 0.86 1.01 1.19 1.37 1.53 1.63 1.62 1.50 1.32 1.14 0.99
  2   0.93 1.03 1.22 1.45 1.70 1.93 2.05 2.03 1.89 1.63 1.29 0.98 0.79 0.71 0.75 0.91 1.15 1.41 1.61 1.74 1.79 1.72 1.54 1.29
  3   1.10 1.03 1.12 1.29 1.49 1.71 1.90 2.03 2.05 1.91 1.60 1.22 0.86 0.61 0.53 0.61 0.81 1.09 1.39 1.66 1.83 1.89 1.81 1.61
  4   1.34 1.12 1.03 1.10 1.27 1.49 1.71 1.88 1.96 1.90 1.71 1.37 0.99 0.64 0.43 0.37 0.49 0.75 1.13 1.49 1.81 2.00 2.07 1.97
  5   1.73 1.45 1.22 1.11 1.17 1.33 1.55 1.77 1.94 2.00 1.90 1.65 1.28 0.84 0.48 0.33 0.39 0.59 0.89 1.26 1.65 1.97 2.14 2.15
  6   2.01 1.77 1.47 1.23 1.13 1.21 1.39 1.61 1.83 1.94 1.93 1.79 1.53 1.13 0.67 0.35 0.23 0.37 0.67 1.03 1.43 1.83 2.09 2.21
  7   2.15 1.95 1.63 1.33 1.15 1.09 1.21 1.43 1.71 1.89 1.95 1.86 1.64 1.31 0.93 0.55 0.31 0.25 0.43 0.81 1.23 1.65 1.97 2.19
  8   2.27 2.15 1.87 1.57 1.33 1.19 1.17 1.29 1.51 1.74 1.89 1.91 1.79 1.51 1.13 0.73 0.43 0.31 0.39 0.65 1.05 1.47 1.85 2.15
  9   2.30 2.27 2.08 1.82 1.53 1.31 1.19 1.24 1.41 1.63 1.81 1.89 1.83 1.65 1.37 0.99 0.63 0.41 0.35 0.51 0.83 1.23 1.63 1.98
 10   2.23 2.33 2.25 2.00 1.69 1.41 1.23 1.18 1.26 1.43 1.63 1.79 1.85 1.75 1.53 1.20 0.83 0.54 0.43 0.52 0.74 1.05 1.43 1.79
 11   2.06 2.21 2.19 2.01 1.76 1.49 1.28 1.19 1.24 1.37 1.53 1.68 1.77 1.77 1.62 1.35 1.06 0.79 0.61 0.56 0.65 0.91 1.27 1.61
 12   1.87 2.07 2.17 2.11 1.93 1.65 1.41 1.25 1.19 1.25 1.39 1.55 1.67 1.71 1.65 1.49 1.25 0.99 0.76 0.63 0.65 0.82 1.07 1.35
 13   1.63 1.86 2.01 2.05 1.95 1.75 1.51 1.31 1.17 1.12 1.19 1.33 1.47 1.55 1.56 1.49 1.33 1.13 0.91 0.75 0.69 0.75 0.93 1.19
 14   1.45 1.70 1.89 1.99 1.97 1.83 1.63 1.44 1.29 1.18 1.13 1.19 1.31 1.43 1.49 1.48 1.40 1.27 1.11 0.97 0.87 0.83 0.92 1.08
 15   1.29 1.53 1.75 1.89 1.93 1.88 1.73 1.53 1.33 1.15 1.03 1.01 1.08 1.19 1.30 1.39 1.43 1.38 1.27 1.15 1.03 0.96 0.95 1.03
 16   1.21 1.43 1.63 1.78 1.87 1.87 1.78 1.63 1.43 1.21 1.03 0.92 0.89 0.94 1.04 1.17 1.30 1.39 1.41 1.37 1.27 1.15 1.05 1.01
 17   1.09 1.26 1.45 1.62 1.76 1.84 1.82 1.71 1.53 1.31 1.09 0.91 0.79 0.75 0.82 0.96 1.13 1.30 1.45 1.53 1.52 1.43 1.29 1.17
 18   1.13 1.18 1.29 1.43 1.58 1.71 1.80 1.81 1.69 1.45 1.17 0.91 0.70 0.59 0.62 0.75 0.95 1.17 1.39 1.57 1.67 1.66 1.54 1.37
 19   1.23 1.16 1.19 1.29 1.43 1.60 1.73 1.79 1.73 1.56 1.31 1.01 0.71 0.47 0.37 0.43 0.63 0.92 1.25 1.53 1.73 1.81 1.74 1.59
 20   1.41 1.25 1.15 1.15 1.25 1.43 1.63 1.77 1.81 1.73 1.53 1.19 0.83 0.50 0.29 0.23 0.37 0.63 0.97 1.35 1.71 1.92 1.99 1.90
 21   1.69 1.45 1.26 1.17 1.22 1.36 1.56 1.75 1.86 1.83 1.67 1.39 0.99 0.53 0.18 0.03 0.10 0.31 0.65 1.05 1.47 1.83 2.03 2.09
 22   1.98 1.73 1.43 1.19 1.07 1.13 1.31 1.55 1.77 1.89 1.85 1.64 1.30 0.88 0.41 0.07-0.07 0.03 0.31 0.75 1.27 1.70 2.04 2.20
 23   2.16 1.98 1.69 1.37 1.15 1.07 1.17 1.39 1.66 1.89 1.99 1.92 1.70 1.30 0.81 0.35 0.05-0.06 0.10 0.47 0.97 1.47 1.90 2.24
 24   2.39 2.31 2.04 1.66 1.32 1.11 1.09 1.24 1.49 1.74 1.92 1.99 1.93 1.69 1.25 0.73 0.29 0.03-0.03 0.18 0.61 1.13 1.63 2.03
 25   2.31 2.41 2.27 1.96 1.53 1.18 1.01 1.05 1.23 1.49 1.73 1.91 1.99 1.87 1.59 1.17 0.69 0.31 0.11 0.12 0.36 0.77 1.25 1.75
 26   2.13 2.35 2.41 2.24 1.85 1.43 1.11 0.95 1.01 1.22 1.49 1.73 1.89 1.92 1.82 1.57 1.19 0.74 0.37 0.21 0.29 0.55 0.97 1.45
 27   1.84 2.12 2.26 2.23 2.01 1.67 1.29 0.98 0.83 0.89 1.08 1.33 1.55 1.71 1.76 1.69 1.47 1.14 0.76 0.48 0.37 0.47 0.73 1.10
 28   1.51 1.84 2.09 2.19 2.11 1.88 1.53 1.17 0.88 0.75 0.80 0.97 1.19 1.40 1.56 1.62 1.58 1.40 1.11 0.81 0.62 0.56 0.69 0.94
 29   1.26 1.60 1.88 2.06 2.12 2.00 1.73 1.40 1.06 0.79 0.66 0.71 0.88 1.08 1.26 1.41 1.52 1.56 1.46 1.26 1.02 0.84 0.76 0.84
 30   1.04 1.34 1.61 1.81 1.94 1.96 1.84 1.60 1.28 0.96 0.70 0.56 0.59 0.72 0.90 1.11 1.30 1.46 1.54 1.52 1.39 1.20 1.04 0.96
 31   1.02 1.17 1.37 1.56 1.72 1.84 1.88 1.76 1.52 1.22 0.90 0.65 0.50 0.48 0.58 0.78 1.02 1.26 1.48 1.62 1.66 1.58 1.45 1.30
 ----------------------------------------------------------------------------------------------------------------------------
                                                                                               
 ----------------------------------------------------------------------------------------------------------------------------
 ----------------------------------------------------------------------------------------------------------------------------
