                                                          SURVEY OF INDIA
                                                    MARINE GEODESY WING (G&RB)
                                                     HOURLY HEIGHTS IN METRES
  NAME OF PORT:- KARWAR                                                                             MONTH JANUARY   YEAR 2020
 ----------------------------------------------------------------------------------------------------------------------------
 DAYS 0000 0001 0002 0003 0004 0005 0006 0007 0008 0009 0010 0011 0012 0013 0014 0015 0016 0017 0018 0019 0020 0021 0022 0023
 ----------------------------------------------------------------------------------------------------------------------------
  1   1.51 1.75 1.89 1.94 1.86 1.64 1.40 1.16 0.99 0.89 0.90 1.01 1.19 1.31 1.36 1.34 1.27 1.13 0.93 0.76 0.68 0.72 0.85 1.07
  2   1.33 1.62 1.78 1.84 1.82 1.73 1.53 1.28 1.07 0.91 0.84 0.87 1.00 1.14 1.25 1.31 1.31 1.25 1.12 0.99 0.89 0.85 0.88 1.01
  3   1.19 1.41 1.60 1.71 1.74 1.70 1.56 1.35 1.14 0.96 0.83 0.76 0.78 0.89 1.02 1.14 1.22 1.25 1.23 1.16 1.07 1.00 0.96 0.98
  4   1.09 1.28 1.44 1.58 1.66 1.67 1.59 1.44 1.24 1.02 0.82 0.68 0.64 0.68 0.78 0.90 1.05 1.19 1.26 1.27 1.22 1.15 1.09 1.07
  5   1.11 1.20 1.32 1.44 1.55 1.60 1.58 1.49 1.33 1.10 0.86 0.66 0.55 0.52 0.56 0.70 0.90 1.08 1.23 1.34 1.38 1.36 1.29 1.21
  6   1.17 1.18 1.24 1.34 1.46 1.54 1.58 1.56 1.44 1.22 0.96 0.74 0.56 0.43 0.40 0.50 0.71 0.94 1.18 1.39 1.54 1.58 1.53 1.41
  7   1.28 1.20 1.19 1.25 1.37 1.49 1.59 1.63 1.57 1.43 1.19 0.91 0.65 0.42 0.29 0.32 0.50 0.74 1.04 1.34 1.56 1.68 1.70 1.63
  8   1.50 1.32 1.19 1.16 1.21 1.32 1.45 1.56 1.59 1.49 1.31 1.06 0.74 0.40 0.12 0.05 0.12 0.38 0.72 1.08 1.41 1.66 1.77 1.74
  9   1.60 1.40 1.24 1.12 1.06 1.10 1.26 1.44 1.56 1.56 1.42 1.20 0.90 0.55 0.20-0.02-0.02 0.14 0.48 0.88 1.30 1.65 1.87 1.96
 10   1.91 1.70 1.45 1.24 1.08 1.07 1.22 1.42 1.60 1.70 1.70 1.56 1.28 0.92 0.51 0.18 0.02 0.07 0.34 0.74 1.18 1.61 1.93 2.14
 11   2.16 2.00 1.70 1.39 1.18 1.08 1.09 1.26 1.51 1.71 1.78 1.73 1.58 1.26 0.81 0.34 0.07 0.00 0.12 0.44 0.88 1.36 1.80 2.10
 12   2.22 2.20 1.95 1.60 1.28 1.09 1.01 1.07 1.31 1.58 1.77 1.84 1.80 1.60 1.19 0.71 0.30 0.07 0.02 0.18 0.54 1.02 1.48 1.88
 13   2.18 2.25 2.08 1.79 1.46 1.11 0.91 0.88 1.04 1.31 1.56 1.75 1.83 1.74 1.46 1.08 0.60 0.23 0.06 0.07 0.33 0.74 1.24 1.66
 14   2.00 2.24 2.24 2.01 1.65 1.27 0.94 0.77 0.83 1.02 1.26 1.52 1.72 1.77 1.67 1.42 1.03 0.62 0.32 0.18 0.28 0.55 0.98 1.41
 15   1.81 2.12 2.26 2.16 1.90 1.52 1.12 0.83 0.68 0.74 0.96 1.23 1.48 1.64 1.67 1.60 1.39 1.07 0.74 0.49 0.38 0.52 0.81 1.19
 16   1.57 1.91 2.11 2.16 2.03 1.72 1.32 0.92 0.68 0.59 0.67 0.84 1.10 1.36 1.52 1.59 1.54 1.37 1.12 0.84 0.64 0.59 0.70 0.94
 17   1.30 1.60 1.83 1.98 2.00 1.84 1.49 1.10 0.77 0.55 0.46 0.52 0.73 0.95 1.17 1.34 1.44 1.44 1.32 1.11 0.88 0.78 0.76 0.84
 18   1.04 1.36 1.62 1.80 1.89 1.82 1.65 1.36 1.02 0.70 0.46 0.41 0.50 0.66 0.87 1.11 1.32 1.46 1.52 1.47 1.34 1.19 1.07 1.02
 19   1.08 1.30 1.52 1.68 1.79 1.84 1.80 1.62 1.34 1.02 0.72 0.47 0.36 0.42 0.60 0.84 1.08 1.33 1.53 1.64 1.64 1.55 1.41 1.26
 20   1.19 1.22 1.34 1.48 1.62 1.73 1.78 1.73 1.57 1.31 1.00 0.66 0.37 0.29 0.36 0.53 0.77 1.08 1.37 1.61 1.77 1.82 1.71 1.52
 21   1.34 1.26 1.30 1.38 1.48 1.58 1.66 1.70 1.67 1.52 1.25 0.92 0.59 0.35 0.26 0.34 0.56 0.86 1.20 1.52 1.79 1.94 1.95 1.84
 22   1.66 1.46 1.31 1.24 1.27 1.38 1.54 1.66 1.70 1.64 1.50 1.24 0.89 0.51 0.28 0.21 0.28 0.53 0.89 1.30 1.65 1.89 2.00 1.95
 23   1.79 1.56 1.37 1.24 1.21 1.27 1.42 1.59 1.69 1.71 1.63 1.46 1.17 0.81 0.47 0.27 0.24 0.38 0.69 1.06 1.46 1.78 1.99 2.05
 24   1.95 1.74 1.47 1.27 1.17 1.18 1.28 1.45 1.64 1.73 1.72 1.62 1.42 1.09 0.74 0.44 0.26 0.28 0.48 0.84 1.25 1.64 1.91 2.08
 25   2.10 1.95 1.69 1.39 1.18 1.10 1.14 1.28 1.49 1.68 1.76 1.73 1.61 1.37 1.02 0.66 0.40 0.25 0.31 0.58 1.00 1.44 1.79 2.04
 26   2.18 2.14 1.94 1.64 1.30 1.08 1.03 1.11 1.28 1.52 1.71 1.79 1.74 1.60 1.33 0.94 0.58 0.38 0.33 0.48 0.84 1.26 1.64 1.92
 27   2.12 2.17 2.06 1.77 1.44 1.17 1.01 0.98 1.10 1.32 1.58 1.74 1.79 1.68 1.46 1.16 0.82 0.52 0.36 0.42 0.72 1.09 1.46 1.81
 28   2.07 2.19 2.15 1.91 1.56 1.25 1.02 0.94 0.99 1.17 1.39 1.61 1.72 1.70 1.58 1.37 1.09 0.75 0.57 0.53 0.65 0.91 1.27 1.64
 29   1.91 2.08 2.12 1.99 1.73 1.40 1.09 0.93 0.90 1.00 1.17 1.39 1.57 1.66 1.63 1.50 1.27 0.95 0.72 0.63 0.68 0.88 1.17 1.50
 30   1.76 1.94 2.02 1.95 1.73 1.42 1.13 0.94 0.84 0.83 0.96 1.15 1.35 1.50 1.55 1.51 1.35 1.11 0.90 0.77 0.74 0.82 1.06 1.35
 31   1.61 1.82 1.95 1.95 1.79 1.53 1.22 0.94 0.81 0.77 0.83 0.99 1.19 1.35 1.45 1.49 1.47 1.34 1.14 1.00 0.92 0.92 1.03 1.24
 ----------------------------------------------------------------------------------------------------------------------------
                                                                                               ----------------------------------------------------------------------------------------------------------------------------
 ----------------------------------------------------------------------------------------------------------------------------
                                                          SURVEY OF INDIA
                                                    MARINE GEODESY WING (G&RB)
                                                     HOURLY HEIGHTS IN METRES
  NAME OF PORT:- KARWAR                                                                             MONTH FEBRUARY  YEAR 2020
 ----------------------------------------------------------------------------------------------------------------------------
 DAYS 0000 0001 0002 0003 0004 0005 0006 0007 0008 0009 0010 0011 0012 0013 0014 0015 0016 0017 0018 0019 0020 0021 0022 0023
 ----------------------------------------------------------------------------------------------------------------------------
  1   1.49 1.70 1.84 1.89 1.82 1.65 1.40 1.12 0.89 0.75 0.72 0.79 0.97 1.16 1.30 1.40 1.45 1.43 1.33 1.18 1.09 1.06 1.10 1.23
  2   1.42 1.63 1.79 1.85 1.83 1.70 1.49 1.25 1.02 0.83 0.69 0.67 0.75 0.94 1.13 1.27 1.36 1.40 1.40 1.35 1.29 1.22 1.19 1.21
  3   1.31 1.48 1.61 1.69 1.71 1.68 1.55 1.33 1.10 0.90 0.73 0.63 0.62 0.69 0.85 1.03 1.22 1.38 1.49 1.53 1.49 1.41 1.34 1.31
  4   1.33 1.40 1.49 1.58 1.65 1.67 1.60 1.47 1.29 1.07 0.83 0.63 0.53 0.55 0.67 0.83 1.03 1.25 1.47 1.60 1.65 1.64 1.57 1.47
  5   1.39 1.37 1.41 1.47 1.55 1.61 1.63 1.58 1.45 1.25 1.01 0.78 0.59 0.47 0.45 0.57 0.79 1.05 1.37 1.62 1.80 1.85 1.79 1.67
  6   1.54 1.42 1.35 1.34 1.41 1.52 1.60 1.64 1.61 1.50 1.31 1.03 0.71 0.46 0.37 0.40 0.53 0.75 1.09 1.45 1.75 1.93 1.96 1.84
  7
  8
  9
 10
 11   2.29 2.27 2.03 1.60 1.15 0.79 0.68 0.76 0.99 1.31 1.64 1.87 1.95 1.87 1.60 1.15 0.64 0.29 0.15 0.21 0.57 1.02 1.50 1.92
 12   2.25 2.34 2.24 1.90 1.41 0.91 0.62 0.56 0.70 0.97 1.33 1.67 1.87 1.96 1.86 1.59 1.13 0.71 0.45 0.37 0.53 0.88 1.33 1.79
 13   2.12 2.31 2.34 2.15 1.73 1.15 0.73 0.52 0.51 0.67 0.96 1.30 1.63 1.85 1.92 1.82 1.54 1.14 0.81 0.63 0.58 0.75 1.08 1.54
 14   1.89 2.12 2.20 2.15 1.90 1.45 0.97 0.60 0.41 0.41 0.63 0.96 1.29 1.56 1.73 1.79 1.73 1.50 1.20 0.95 0.81 0.81 1.03 1.33
 15   1.63 1.88 2.05 2.10 1.99 1.67 1.23 0.85 0.56 0.39 0.42 0.64 0.92 1.20 1.45 1.63 1.71 1.67 1.55 1.35 1.15 1.05 1.07 1.19
 16   1.43 1.67 1.82 1.91 1.91 1.79 1.52 1.19 0.85 0.58 0.44 0.50 0.67 0.89 1.13 1.35 1.55 1.68 1.71 1.64 1.50 1.35 1.25 1.23
 17   1.31 1.48 1.63 1.73 1.77 1.76 1.65 1.44 1.16 0.87 0.60 0.46 0.49 0.62 0.80 1.01 1.25 1.50 1.65 1.71 1.68 1.57 1.45 1.35
 18   1.31 1.32 1.40 1.50 1.59 1.63 1.62 1.55 1.39 1.15 0.87 0.65 0.51 0.49 0.58 0.75 0.97 1.24 1.51 1.71 1.80 1.79 1.72 1.59
 19   1.43 1.33 1.31 1.37 1.47 1.56 1.63 1.66 1.63 1.49 1.25 0.99 0.76 0.60 0.55 0.59 0.75 1.05 1.37 1.65 1.85 1.97 1.99 1.91
 20   1.70 1.49 1.37 1.32 1.34 1.43 1.55 1.65 1.69 1.65 1.53 1.30 1.00 0.72 0.53 0.47 0.57 0.78 1.13 1.44 1.70 1.90 2.02 2.02
 21   1.87 1.63 1.43 1.28 1.21 1.27 1.38 1.50 1.62 1.72 1.70 1.49 1.16 0.85 0.60 0.44 0.40 0.58 0.87 1.19 1.50 1.75 1.99 2.11
 22   2.00 1.77 1.52 1.28 1.10 1.07 1.18 1.34 1.50 1.66 1.76 1.67 1.44 1.10 0.75 0.44 0.30 0.37 0.65 0.99 1.33 1.62 1.93 2.12
 23   2.06 1.85 1.58 1.28 1.05 0.92 0.93 1.13 1.40 1.61 1.73 1.76 1.65 1.44 1.11 0.79 0.51 0.43 0.56 0.88 1.25 1.61 1.92 2.08
 24   2.15 2.07 1.83 1.50 1.21 1.01 0.94 1.09 1.35 1.61 1.81 1.92 1.88 1.71 1.44 1.08 0.75 0.59 0.59 0.82 1.18 1.59 1.95 2.15
 25   2.25 2.23 2.05 1.72 1.37 1.05 0.90 0.97 1.20 1.44 1.70 1.89 1.95 1.85 1.62 1.28 0.94 0.73 0.67 0.77 1.04 1.45 1.81 2.05
 26   2.19 2.19 2.00 1.65 1.28 1.02 0.86 0.88 1.02 1.25 1.56 1.83 1.94 1.90 1.75 1.50 1.15 0.88 0.77 0.80 0.96 1.31 1.66 1.97
 27   2.17 2.22 2.14 1.86 1.48 1.16 0.92 0.83 0.90 1.11 1.40 1.68 1.87 1.93 1.87 1.67 1.38 1.07 0.92 0.88 0.97 1.24 1.58 1.87
 28   2.10 2.21 2.14 1.95 1.63 1.26 0.99 0.84 0.82 0.93 1.21 1.53 1.72 1.81 1.82 1.75 1.57 1.28 1.05 0.97 1.01 1.20 1.44 1.70
 29   1.95 2.08 2.08 1.95 1.71 1.38 1.05 0.85 0.78 0.85 1.01 1.26 1.49 1.66 1.77 1.79 1.71 1.50 1.29 1.14 1.11 1.20 1.40 1.64
 ----------------------------------------------------------------------------------------------------------------------------
                                                                                              
 ----------------------------------------------------------------------------------------------------------------------------
 ----------------------------------------------------------------------------------------------------------------------------
                                                          SURVEY OF INDIA
                                                    MARINE GEODESY WING (G&RB)
                                                     HOURLY HEIGHTS IN METRES
  NAME OF PORT:- KARWAR                                                                             MONTH MARCH     YEAR 2020
 ----------------------------------------------------------------------------------------------------------------------------
 DAYS 0000 0001 0002 0003 0004 0005 0006 0007 0008 0009 0010 0011 0012 0013 0014 0015 0016 0017 0018 0019 0020 0021 0022 0023
 ----------------------------------------------------------------------------------------------------------------------------
  1   1.87 2.00 2.03 1.96 1.81 1.53 1.21 0.95 0.83 0.81 0.89 1.07 1.30 1.53 1.71 1.79 1.77 1.66 1.53 1.39 1.29 1.29 1.38 1.54
  2   1.75 1.92 1.98 1.95 1.83 1.65 1.37 1.11 0.91 0.82 0.83 0.93 1.12 1.34 1.54 1.69 1.76 1.76 1.70 1.60 1.50 1.45 1.45 1.51
  3   1.68 1.83 1.91 1.92 1.86 1.74 1.54 1.30 1.09 0.92 0.83 0.84 0.96 1.13 1.32 1.50 1.66 1.77 1.81 1.76 1.66 1.59 1.53 1.52
  4   1.56 1.64 1.71 1.76 1.76 1.70 1.56 1.38 1.17 0.96 0.79 0.71 0.71 0.78 0.93 1.13 1.34 1.53 1.66 1.72 1.72 1.68 1.60 1.49
  5   1.40 1.40 1.45 1.51 1.57 1.60 1.59 1.51 1.34 1.12 0.89 0.72 0.62 0.58 0.62 0.78 1.02 1.28 1.53 1.71 1.81 1.84 1.78 1.61
  6   1.46 1.38 1.36 1.40 1.48 1.56 1.62 1.65 1.61 1.46 1.24 0.99 0.75 0.58 0.52 0.62 0.82 1.10 1.42 1.73 1.95 2.06 2.05 1.89
  7   1.68 1.48 1.32 1.28 1.34 1.46 1.60 1.74 1.80 1.75 1.62 1.38 1.06 0.74 0.54 0.47 0.56 0.79 1.12 1.50 1.84 2.09 2.18 2.10
  8   1.88 1.58 1.29 1.12 1.09 1.19 1.37 1.61 1.79 1.86 1.81 1.67 1.39 0.98 0.61 0.40 0.36 0.50 0.84 1.24 1.66 2.03 2.22 2.22
  9   2.08 1.76 1.36 1.02 0.84 0.84 1.06 1.34 1.63 1.88 2.00 1.95 1.76 1.37 0.90 0.52 0.30 0.30 0.61 0.99 1.44 1.86 2.17 2.28
 10   2.28 2.19 1.99 1.64 1.28 1.06 0.98 1.10 1.36 1.70 1.95 2.07 2.00 1.76 1.34 0.82 0.47 0.33 0.38 0.68 1.13 1.64 2.02 2.31
 11   2.36 2.18 1.77 1.26 0.79 0.50 0.40 0.60 0.98 1.39 1.77 2.02 2.13 2.04 1.73 1.28 0.81 0.49 0.39 0.57 0.88 1.33 1.80 2.14
 12   2.31 2.30 2.02 1.56 1.00 0.50 0.27 0.30 0.58 0.96 1.36 1.75 2.03 2.09 1.98 1.68 1.24 0.80 0.60 0.57 0.75 1.15 1.60 1.95
 13   2.18 2.26 2.14 1.78 1.28 0.72 0.32 0.16 0.25 0.53 0.92 1.39 1.73 1.91 1.98 1.90 1.62 1.24 0.92 0.72 0.73 0.96 1.33 1.68
 14   1.93 2.08 2.08 1.91 1.56 1.04 0.55 0.24 0.13 0.26 0.58 0.98 1.35 1.64 1.84 1.92 1.84 1.60 1.29 1.04 0.91 0.97 1.18 1.45
 15   1.68 1.88 1.98 1.90 1.68 1.34 0.94 0.55 0.32 0.26 0.39 0.70 1.02 1.31 1.56 1.76 1.83 1.75 1.58 1.37 1.17 1.07 1.14 1.29
 16   1.46 1.63 1.73 1.76 1.70 1.52 1.23 0.89 0.63 0.46 0.40 0.51 0.74 1.01 1.27 1.51 1.68 1.73 1.69 1.58 1.46 1.35 1.26 1.24
 17   1.32 1.48 1.58 1.62 1.61 1.56 1.43 1.22 0.96 0.73 0.58 0.56 0.65 0.82 1.02 1.24 1.45 1.62 1.72 1.74 1.70 1.60 1.46 1.35
 18   1.32 1.34 1.40 1.48 1.53 1.54 1.51 1.44 1.32 1.12 0.90 0.76 0.69 0.71 0.86 1.04 1.23 1.44 1.65 1.82 1.87 1.83 1.72 1.56
 19   1.42 1.33 1.30 1.33 1.40 1.47 1.54 1.57 1.53 1.42 1.25 1.06 0.88 0.75 0.75 0.88 1.07 1.31 1.56 1.80 1.97 2.02 1.98 1.82
 20   1.61 1.40 1.26 1.20 1.25 1.35 1.48 1.59 1.64 1.62 1.54 1.36 1.12 0.88 0.73 0.74 0.88 1.10 1.37 1.63 1.86 2.02 2.04 1.95
 21   1.75 1.47 1.24 1.10 1.09 1.18 1.34 1.51 1.65 1.72 1.72 1.61 1.37 1.08 0.85 0.75 0.76 0.92 1.21 1.50 1.75 1.96 2.06 2.04
 22   1.90 1.62 1.28 1.06 0.98 1.04 1.20 1.39 1.58 1.72 1.78 1.76 1.63 1.32 0.98 0.74 0.69 0.78 1.00 1.30 1.60 1.86 2.02 2.04
 23   1.94 1.70 1.41 1.09 0.90 0.86 0.98 1.22 1.48 1.70 1.82 1.85 1.78 1.52 1.17 0.87 0.73 0.75 0.89 1.15 1.51 1.86 2.06 2.10
 24   2.03 1.84 1.52 1.16 0.88 0.78 0.86 1.07 1.36 1.63 1.83 1.94 1.89 1.68 1.38 1.07 0.84 0.74 0.81 1.07 1.42 1.78 2.01 2.10
 25   2.06 1.90 1.62 1.24 0.90 0.72 0.70 0.84 1.10 1.46 1.74 1.88 1.92 1.82 1.58 1.24 0.92 0.76 0.78 0.98 1.26 1.58 1.84 2.02
 26   2.06 1.95 1.70 1.33 0.90 0.67 0.61 0.69 0.92 1.30 1.65 1.87 1.96 1.94 1.80 1.53 1.22 0.97 0.87 0.94 1.17 1.52 1.82 2.00
 27   2.06 1.99 1.80 1.46 1.06 0.71 0.58 0.60 0.76 1.08 1.46 1.74 1.90 1.96 1.88 1.66 1.38 1.13 0.96 0.94 1.09 1.39 1.68 1.91
 28
 29
 30
 31
 ----------------------------------------------------------------------------------------------------------------------------
                                                                                              
 ----------------------------------------------------------------------------------------------------------------------------
 ----------------------------------------------------------------------------------------------------------------------------
                                                          SURVEY OF INDIA
                                                    MARINE GEODESY WING (G&RB)
                                                     HOURLY HEIGHTS IN METRES
  NAME OF PORT:- KARWAR                                                                             MONTH APRIL     YEAR 2020
 ----------------------------------------------------------------------------------------------------------------------------
 DAYS 0000 0001 0002 0003 0004 0005 0006 0007 0008 0009 0010 0011 0012 0013 0014 0015 0016 0017 0018 0019 0020 0021 0022 0023
 ----------------------------------------------------------------------------------------------------------------------------
  1
  2
  3
  4
  5
  6
  7
  8
  9
 10   2.32 2.15 1.75 1.18 0.54 0.19 0.14 0.26 0.58 1.07 1.61 2.02 2.26 2.35 2.22 1.89 1.50 1.11 0.94 0.96 1.19 1.57 1.90 2.13
 11   2.24 2.22 2.00 1.57 0.94 0.48 0.25 0.20 0.37 0.74 1.24 1.67 2.02 2.25 2.28 2.15 1.85 1.48 1.19 1.06 1.11 1.33 1.61 1.88
 12   2.08 2.15 2.05 1.80 1.28 0.81 0.48 0.28 0.26 0.50 0.88 1.28 1.66 1.96 2.13 2.16 2.03 1.78 1.48 1.25 1.18 1.26 1.42 1.64
 13   1.87 1.99 1.98 1.84 1.57 1.20 0.86 0.60 0.44 0.48 0.73 1.06 1.38 1.68 1.93 2.11 2.15 2.02 1.80 1.59 1.43 1.36 1.39 1.50
 14   1.70 1.83 1.88 1.84 1.70 1.50 1.24 0.98 0.77 0.68 0.75 0.96 1.20 1.46 1.72 1.94 2.06 2.08 2.00 1.86 1.68 1.52 1.42 1.44
 15   1.52 1.62 1.70 1.74 1.71 1.63 1.51 1.30 1.05 0.87 0.81 0.85 0.97 1.16 1.37 1.60 1.79 1.91 1.93 1.88 1.78 1.62 1.46 1.36
 16   1.33 1.37 1.43 1.48 1.52 1.54 1.52 1.42 1.28 1.13 0.98 0.87 0.87 0.98 1.14 1.33 1.52 1.70 1.84 1.93 1.93 1.80 1.61 1.44
 17   1.32 1.26 1.25 1.28 1.36 1.44 1.52 1.57 1.55 1.46 1.29 1.11 0.98 0.97 1.06 1.21 1.40 1.60 1.80 1.97 2.05 2.01 1.88 1.69
 18   1.47 1.28 1.19 1.18 1.25 1.36 1.49 1.61 1.68 1.67 1.54 1.37 1.20 1.05 0.99 1.05 1.21 1.40 1.62 1.84 2.00 2.00 1.87 1.67
 19   1.45 1.24 1.06 0.95 0.96 1.13 1.36 1.54 1.66 1.72 1.70 1.57 1.35 1.13 0.99 1.00 1.11 1.29 1.51 1.77 1.98 2.07 2.02 1.85
 20   1.59 1.33 1.10 0.92 0.88 1.01 1.24 1.47 1.70 1.87 1.90 1.81 1.60 1.35 1.13 1.04 1.07 1.19 1.40 1.68 1.92 2.06 2.08 1.99
 21   1.74 1.42 1.11 0.91 0.83 0.89 1.12 1.40 1.67 1.88 2.00 1.98 1.83 1.60 1.33 1.10 1.02 1.10 1.29 1.56 1.84 2.02 2.08 2.02
 22   1.84 1.51 1.18 0.87 0.69 0.66 0.86 1.16 1.49 1.74 1.92 2.01 1.98 1.81 1.50 1.24 1.10 1.07 1.19 1.44 1.71 1.95 2.10 2.09
 23   1.93 1.63 1.25 0.89 0.66 0.59 0.71 0.97 1.31 1.65 1.90 2.07 2.09 1.96 1.70 1.42 1.22 1.13 1.16 1.33 1.60 1.87 2.02 2.05
 24   1.99 1.77 1.38 0.96 0.65 0.54 0.56 0.71 1.04 1.50 1.85 2.05 2.15 2.10 1.92 1.61 1.34 1.17 1.14 1.25 1.46 1.70 1.92 2.09
 25   2.12 1.95 1.59 1.20 0.82 0.61 0.56 0.67 0.95 1.38 1.77 2.04 2.21 2.24 2.12 1.88 1.58 1.35 1.25 1.28 1.45 1.70 1.92 2.05
 26   2.09 1.97 1.70 1.34 0.93 0.61 0.52 0.56 0.76 1.08 1.45 1.78 2.03 2.18 2.17 1.99 1.70 1.43 1.27 1.23 1.34 1.53 1.73 1.91
 27   1.98 1.92 1.74 1.48 1.07 0.72 0.54 0.49 0.58 0.88 1.23 1.57 1.88 2.06 2.14 2.10 1.90 1.62 1.41 1.32 1.32 1.43 1.60 1.79
 28   1.91 1.92 1.82 1.62 1.30 0.93 0.69 0.58 0.58 0.74 0.98 1.31 1.63 1.90 2.03 2.05 1.96 1.78 1.54 1.38 1.33 1.36 1.45 1.60
 29   1.74 1.80 1.75 1.63 1.42 1.12 0.83 0.62 0.52 0.57 0.77 1.06 1.36 1.62 1.82 1.95 1.99 1.92 1.73 1.54 1.43 1.38 1.39 1.48
 30   1.60 1.70 1.74 1.70 1.60 1.41 1.16 0.94 0.77 0.71 0.77 0.93 1.16 1.41 1.66 1.86 1.97 1.99 1.93 1.78 1.63 1.51 1.42 1.42
 ----------------------------------------------------------------------------------------------------------------------------
                                                                                              
 ----------------------------------------------------------------------------------------------------------------------------
 ----------------------------------------------------------------------------------------------------------------------------
                                                          SURVEY OF INDIA
                                                    MARINE GEODESY WING (G&RB)
                                                     HOURLY HEIGHTS IN METRES
  NAME OF PORT:- KARWAR                                                                             MONTH MAY       YEAR 2020
 ----------------------------------------------------------------------------------------------------------------------------
 DAYS 0000 0001 0002 0003 0004 0005 0006 0007 0008 0009 0010 0011 0012 0013 0014 0015 0016 0017 0018 0019 0020 0021 0022 0023
 ----------------------------------------------------------------------------------------------------------------------------
  1   1.51 1.61 1.68 1.70 1.67 1.57 1.42 1.23 1.03 0.88 0.80 0.81 0.93 1.15 1.41 1.65 1.84 1.96 1.99 1.94 1.83 1.65 1.45 1.34
  2   1.33 1.38 1.44 1.52 1.59 1.62 1.59 1.48 1.31 1.12 0.94 0.80 0.80 0.94 1.15 1.38 1.61 1.84 2.01 2.06 1.98 1.80 1.58 1.35
  3   1.15 1.10 1.14 1.26 1.41 1.55 1.65 1.68 1.62 1.44 1.23 1.02 0.86 0.82 0.89 1.06 1.32 1.61 1.83 1.98 2.04 2.00 1.78 1.45
  4   1.16 0.98 0.92 0.94 1.08 1.32 1.56 1.71 1.77 1.71 1.55 1.31 1.07 0.88 0.84 0.93 1.14 1.43 1.71 1.98 2.18 2.19 1.99 1.64
  5   1.26 0.90 0.68 0.64 0.78 1.02 1.34 1.64 1.87 2.00 1.98 1.80 1.48 1.13 0.90 0.86 0.96 1.18 1.47 1.80 2.06 2.20 2.12 1.86
  6   1.43 0.96 0.59 0.39 0.40 0.62 0.93 1.36 1.73 2.02 2.15 2.11 1.93 1.56 1.15 0.95 0.90 1.05 1.31 1.66 1.98 2.18 2.20 2.08
  7   1.76 1.29 0.75 0.35 0.22 0.33 0.63 1.02 1.51 1.90 2.14 2.21 2.16 1.97 1.59 1.15 0.94 0.94 1.12 1.46 1.81 2.06 2.16 2.14
  8   1.92 1.46 0.92 0.42 0.10 0.04 0.20 0.57 1.02 1.55 1.99 2.23 2.27 2.14 1.86 1.50 1.16 0.94 0.97 1.23 1.56 1.85 2.06 2.15
  9   2.07 1.74 1.28 0.74 0.28 0.05 0.03 0.27 0.72 1.22 1.70 2.07 2.32 2.39 2.23 1.90 1.52 1.21 1.07 1.13 1.33 1.63 1.89 2.05
 10   2.06 1.93 1.63 1.18 0.64 0.26 0.12 0.14 0.40 0.83 1.33 1.74 2.08 2.29 2.29 2.10 1.78 1.46 1.21 1.11 1.16 1.34 1.60 1.84
 11   1.97 1.95 1.78 1.44 1.05 0.62 0.28 0.20 0.31 0.59 0.96 1.37 1.76 2.05 2.17 2.15 2.00 1.70 1.40 1.22 1.15 1.22 1.41 1.60
 12   1.75 1.80 1.76 1.62 1.37 1.01 0.66 0.42 0.39 0.57 0.83 1.14 1.46 1.76 2.03 2.16 2.10 1.92 1.68 1.46 1.31 1.25 1.31 1.46
 13   1.61 1.69 1.71 1.66 1.55 1.33 1.05 0.82 0.68 0.67 0.77 0.99 1.26 1.55 1.83 2.06 2.10 2.02 1.86 1.69 1.51 1.36 1.28 1.31
 14   1.40 1.51 1.59 1.62 1.58 1.49 1.33 1.12 0.95 0.84 0.82 0.92 1.12 1.34 1.57 1.80 1.94 1.97 1.92 1.81 1.66 1.50 1.33 1.22
 15   1.22 1.28 1.35 1.42 1.49 1.50 1.44 1.33 1.21 1.09 1.00 0.95 0.98 1.16 1.39 1.61 1.78 1.90 1.96 1.94 1.83 1.63 1.43 1.27
 16   1.19 1.16 1.18 1.25 1.35 1.44 1.49 1.49 1.44 1.35 1.23 1.13 1.09 1.14 1.27 1.45 1.65 1.82 1.96 2.02 1.99 1.86 1.68 1.46
 17   1.26 1.10 1.04 1.10 1.23 1.39 1.53 1.62 1.66 1.63 1.53 1.37 1.20 1.14 1.21 1.36 1.52 1.70 1.86 1.99 2.02 1.95 1.77 1.53
 18   1.27 1.07 0.94 0.92 1.03 1.24 1.44 1.60 1.70 1.74 1.68 1.51 1.31 1.17 1.13 1.19 1.32 1.48 1.68 1.86 1.94 1.90 1.76 1.53
 19   1.23 0.97 0.78 0.69 0.73 0.95 1.20 1.43 1.61 1.72 1.75 1.67 1.47 1.26 1.13 1.10 1.16 1.28 1.47 1.68 1.83 1.86 1.78 1.58
 20   1.30 1.01 0.74 0.58 0.57 0.75 1.02 1.29 1.54 1.73 1.83 1.81 1.66 1.41 1.24 1.13 1.11 1.16 1.32 1.57 1.76 1.83 1.78 1.62
 21   1.36 1.05 0.73 0.48 0.42 0.54 0.76 1.05 1.36 1.67 1.87 1.90 1.79 1.58 1.35 1.17 1.08 1.11 1.26 1.48 1.69 1.80 1.80 1.66
 22   1.32 0.94 0.56 0.27 0.18 0.23 0.40 0.68 1.09 1.44 1.66 1.77 1.75 1.60 1.35 1.09 0.92 0.87 0.96 1.14 1.36 1.56 1.62 1.56
 23   1.40 1.11 0.73 0.33 0.11 0.08 0.20 0.45 0.81 1.24 1.57 1.76 1.82 1.76 1.53 1.25 1.03 0.91 0.89 1.02 1.27 1.46 1.57 1.59
 24   1.52 1.27 0.86 0.48 0.17 0.04 0.06 0.23 0.54 0.96 1.36 1.64 1.77 1.79 1.68 1.44 1.12 0.92 0.85 0.91 1.09 1.35 1.50 1.57
 25   1.54 1.36 1.04 0.63 0.25 0.02-0.04 0.05 0.32 0.73 1.15 1.48 1.73 1.83 1.78 1.57 1.29 1.02 0.89 0.89 1.02 1.18 1.36 1.49
 26   1.52 1.45 1.23 0.89 0.48 0.17 0.03 0.03 0.20 0.55 0.94 1.29 1.57 1.77 1.83 1.71 1.46 1.19 0.98 0.91 0.94 1.06 1.23 1.40
 27   1.48 1.46 1.33 1.10 0.78 0.43 0.18 0.11 0.16 0.35 0.67 1.04 1.38 1.63 1.78 1.80 1.69 1.44 1.21 1.06 0.99 0.99 1.09 1.27
 28   1.40 1.46 1.43 1.32 1.09 0.74 0.46 0.28 0.20 0.26 0.51 0.81 1.13 1.46 1.72 1.81 1.76 1.62 1.41 1.20 1.04 0.94 0.92 1.03
 29   1.20 1.32 1.35 1.31 1.19 1.00 0.73 0.51 0.35 0.28 0.36 0.60 0.88 1.18 1.46 1.67 1.77 1.75 1.60 1.39 1.18 1.02 0.93 0.93
 30   1.02 1.18 1.29 1.34 1.33 1.26 1.11 0.89 0.68 0.55 0.52 0.59 0.74 0.99 1.28 1.56 1.74 1.78 1.72 1.58 1.39 1.16 0.93 0.75
 31
 ----------------------------------------------------------------------------------------------------------------------------
                                                                                               
 ----------------------------------------------------------------------------------------------------------------------------
 ----------------------------------------------------------------------------------------------------------------------------
                                                          SURVEY OF INDIA
                                                    MARINE GEODESY WING (G&RB)
                                                     HOURLY HEIGHTS IN METRES
  NAME OF PORT:- KARWAR                                                                             MONTH JUNE      YEAR 2020
 ----------------------------------------------------------------------------------------------------------------------------
 DAYS 0000 0001 0002 0003 0004 0005 0006 0007 0008 0009 0010 0011 0012 0013 0014 0015 0016 0017 0018 0019 0020 0021 0022 0023
 ----------------------------------------------------------------------------------------------------------------------------
  1
  2
  3
  4
  5   1.37 0.88 0.40 0.10 0.03 0.15 0.47 0.94 1.34 1.72 2.06 2.20 2.16 1.91 1.53 1.22 1.03 0.98 1.06 1.35 1.65 1.85 1.91 1.84
  6   1.60 1.18 0.68 0.23-0.04-0.07 0.14 0.50 0.93 1.41 1.83 2.10 2.18 2.09 1.84 1.47 1.18 1.06 1.08 1.21 1.45 1.71 1.85 1.87
  7   1.74 1.43 0.94 0.47 0.12-0.08-0.06 0.23 0.67 1.13 1.54 1.89 2.12 2.13 1.98 1.71 1.37 1.09 1.01 1.08 1.24 1.46 1.65 1.76
  8   1.74 1.60 1.27 0.85 0.45 0.17 0.02 0.11 0.41 0.84 1.26 1.64 1.94 2.10 2.07 1.88 1.57 1.26 1.02 0.97 1.06 1.22 1.42 1.59
  9   1.67 1.63 1.46 1.14 0.75 0.42 0.19 0.11 0.26 0.58 0.98 1.39 1.73 1.97 2.06 1.99 1.78 1.46 1.15 0.98 0.97 1.07 1.23 1.42
 10   1.56 1.60 1.51 1.33 1.05 0.75 0.49 0.30 0.28 0.50 0.80 1.13 1.44 1.72 1.93 2.00 1.92 1.70 1.40 1.16 1.01 0.97 1.03 1.18
 11   1.38 1.52 1.54 1.44 1.26 1.03 0.79 0.57 0.46 0.52 0.73 1.01 1.30 1.57 1.80 1.92 1.90 1.79 1.63 1.44 1.27 1.17 1.14 1.19
 12   1.33 1.51 1.59 1.59 1.51 1.38 1.23 1.08 0.94 0.89 0.96 1.14 1.36 1.61 1.84 1.98 2.02 1.99 1.88 1.69 1.48 1.28 1.16 1.14
 13   1.22 1.33 1.44 1.51 1.52 1.46 1.36 1.24 1.10 0.98 0.93 1.02 1.18 1.37 1.56 1.73 1.87 1.93 1.88 1.76 1.57 1.37 1.18 1.06
 14   1.00 1.02 1.13 1.26 1.37 1.46 1.48 1.42 1.29 1.17 1.08 1.05 1.10 1.24 1.41 1.59 1.75 1.84 1.85 1.78 1.64 1.45 1.23 1.04
 15   0.93 0.91 0.98 1.12 1.28 1.44 1.55 1.58 1.51 1.38 1.24 1.14 1.10 1.15 1.28 1.45 1.64 1.77 1.83 1.80 1.69 1.52 1.32 1.07
 16   0.88 0.80 0.82 0.94 1.13 1.34 1.52 1.64 1.67 1.60 1.46 1.31 1.19 1.15 1.19 1.32 1.49 1.64 1.77 1.82 1.77 1.62 1.41 1.16
 17   0.91 0.73 0.66 0.72 0.89 1.14 1.38 1.59 1.73 1.77 1.70 1.55 1.38 1.25 1.20 1.24 1.36 1.53 1.67 1.77 1.81 1.74 1.55 1.29
 18   1.01 0.75 0.57 0.53 0.63 0.85 1.14 1.42 1.66 1.82 1.87 1.80 1.64 1.45 1.30 1.24 1.28 1.40 1.57 1.74 1.84 1.80 1.65 1.41
 19   1.12 0.82 0.59 0.48 0.53 0.70 0.97 1.26 1.56 1.82 1.97 1.98 1.87 1.69 1.49 1.31 1.23 1.30 1.47 1.67 1.83 1.88 1.78 1.58
 20   1.30 0.97 0.64 0.42 0.38 0.52 0.79 1.12 1.48 1.81 2.04 2.12 2.05 1.87 1.66 1.45 1.33 1.33 1.44 1.59 1.76 1.89 1.89 1.75
 21   1.50 1.15 0.80 0.54 0.37 0.37 0.57 0.90 1.30 1.68 1.97 2.16 2.18 2.05 1.79 1.54 1.37 1.29 1.32 1.46 1.65 1.84 1.92 1.82
 22
 23
 24
 25
 26
 27
 28
 29
 30
 ----------------------------------------------------------------------------------------------------------------------------
                                                                                              
 ----------------------------------------------------------------------------------------------------------------------------
 ----------------------------------------------------------------------------------------------------------------------------
                                                          SURVEY OF INDIA
                                                    MARINE GEODESY WING (G&RB)
                                                     HOURLY HEIGHTS IN METRES
  NAME OF PORT:- KARWAR                                                                             MONTH JULY      YEAR 2020
 ----------------------------------------------------------------------------------------------------------------------------
 DAYS 0000 0001 0002 0003 0004 0005 0006 0007 0008 0009 0010 0011 0012 0013 0014 0015 0016 0017 0018 0019 0020 0021 0022 0023
 ----------------------------------------------------------------------------------------------------------------------------
  1
  2
  3
  4
  5
  6
  7
  8
  9
 10
 11
 12
 13
 14
 15
 16
 17
 18
 19
 20
 21
 22
 23
 24
 25
 26
 27
 28
 29
 30
 31
 ----------------------------------------------------------------------------------------------------------------------------
                                                          SURVEY OF INDIA
                                                    MARINE GEODESY WING (G&RB)
                                                     HOURLY HEIGHTS IN METRES
  NAME OF PORT:- KARWAR                                                                             MONTH AUGUST    YEAR 2020
 ----------------------------------------------------------------------------------------------------------------------------
 DAYS 0000 0001 0002 0003 0004 0005 0006 0007 0008 0009 0010 0011 0012 0013 0014 0015 0016 0017 0018 0019 0020 0021 0022 0023
 ----------------------------------------------------------------------------------------------------------------------------
  1
  2
  3
  4
  5
  6
  7
  8
  9
 10
 11
 12
 13
 14
 15
 16
 17
 18   1.00 0.65 0.33 0.09 0.03 0.19 0.54 0.94 1.31 1.67 1.90 1.94 1.82 1.60 1.29 1.05 0.94 0.94 1.08 1.31 1.54 1.74 1.80 1.70
 19   1.44 1.07 0.68 0.33 0.11 0.13 0.40 0.77 1.20 1.62 1.94 2.13 2.14 1.96 1.63 1.27 0.97 0.86 0.92 1.10 1.41 1.69 1.86 1.91
 20   1.78 1.48 1.04 0.58 0.23 0.09 0.18 0.52 0.97 1.45 1.83 2.11 2.22 2.13 1.84 1.44 1.05 0.78 0.70 0.87 1.14 1.46 1.74 1.90
 21   1.90 1.76 1.47 1.04 0.58 0.30 0.23 0.37 0.75 1.21 1.62 1.96 2.22 2.25 2.04 1.63 1.21 0.81 0.60 0.57 0.77 1.09 1.47 1.77
 22   1.92 1.89 1.73 1.43 0.97 0.58 0.40 0.39 0.59 0.96 1.41 1.79 2.11 2.24 2.15 1.87 1.45 1.00 0.61 0.49 0.57 0.79 1.16 1.56
 23   1.81 1.92 1.90 1.74 1.41 1.04 0.75 0.59 0.61 0.88 1.28 1.64 1.92 2.11 2.16 2.04 1.66 1.19 0.75 0.49 0.40 0.47 0.73 1.11
 24   1.44 1.65 1.76 1.77 1.65 1.35 1.01 0.82 0.77 0.85 1.07 1.38 1.70 1.91 2.02 2.01 1.82 1.47 1.04 0.66 0.40 0.35 0.47 0.74
 25   1.04 1.34 1.54 1.64 1.66 1.58 1.37 1.13 0.98 0.93 1.03 1.23 1.48 1.70 1.84 1.88 1.80 1.59 1.26 0.90 0.62 0.43 0.38 0.48
 26   0.71 0.96 1.19 1.40 1.56 1.62 1.57 1.44 1.26 1.14 1.12 1.19 1.31 1.47 1.62 1.71 1.72 1.63 1.44 1.19 0.90 0.62 0.43 0.39
 27   0.48 0.65 0.85 1.07 1.29 1.50 1.61 1.61 1.52 1.39 1.26 1.17 1.15 1.21 1.32 1.43 1.51 1.54 1.49 1.35 1.14 0.87 0.60 0.39
 28   0.31 0.37 0.53 0.73 0.96 1.21 1.44 1.57 1.63 1.62 1.53 1.37 1.21 1.13 1.14 1.22 1.31 1.39 1.45 1.45 1.37 1.20 0.94 0.66
 29   0.45 0.34 0.35 0.46 0.70 1.01 1.30 1.56 1.73 1.79 1.76 1.61 1.40 1.21 1.12 1.10 1.15 1.27 1.43 1.56 1.58 1.49 1.31 1.08
 30   0.81 0.54 0.39 0.39 0.53 0.79 1.12 1.43 1.69 1.87 1.89 1.79 1.59 1.35 1.13 0.99 0.97 1.08 1.26 1.44 1.57 1.61 1.54 1.37
 31   1.06 0.75 0.47 0.33 0.37 0.58 0.86 1.18 1.52 1.80 1.90 1.86 1.72 1.48 1.18 0.95 0.84 0.88 1.05 1.27 1.47 1.60 1.63 1.52
 ----------------------------------------------------------------------------------------------------------------------------
                                                                                               
 ----------------------------------------------------------------------------------------------------------------------------
 ----------------------------------------------------------------------------------------------------------------------------
                                                          SURVEY OF INDIA
                                                    MARINE GEODESY WING (G&RB)
                                                     HOURLY HEIGHTS IN METRES
  NAME OF PORT:- KARWAR                                                                             MONTH SEPT      YEAR 2020
 ----------------------------------------------------------------------------------------------------------------------------
 DAYS 0000 0001 0002 0003 0004 0005 0006 0007 0008 0009 0010 0011 0012 0013 0014 0015 0016 0017 0018 0019 0020 0021 0022 0023
 ----------------------------------------------------------------------------------------------------------------------------
  1   1.31 1.00 0.63 0.35 0.29 0.38 0.63 0.97 1.36 1.68 1.86 1.93 1.84 1.64 1.32 0.98 0.79 0.76 0.88 1.08 1.31 1.52 1.63 1.63
  2   1.51 1.21 0.84 0.53 0.43 0.49 0.68 0.94 1.24 1.54 1.75 1.81 1.74 1.55 1.26 1.01 0.83 0.77 0.86 1.08 1.31 1.49 1.58 1.58
  3   1.48 1.23 0.92 0.66 0.51 0.52 0.68 0.96 1.26 1.52 1.72 1.81 1.78 1.56 1.22 0.87 0.69 0.67 0.77 0.98 1.27 1.52 1.64 1.65
  4   1.56 1.33 0.95 0.63 0.46 0.45 0.60 0.88 1.26 1.57 1.79 1.90 1.88 1.69 1.36 1.00 0.73 0.59 0.60 0.78 1.10 1.41 1.60 1.69
  5   1.66 1.51 1.26 0.92 0.65 0.55 0.60 0.82 1.16 1.49 1.77 1.93 1.92 1.78 1.53 1.18 0.86 0.67 0.60 0.62 0.75 0.97 1.25 1.51
  6   1.67 1.71 1.64 1.41 1.13 0.89 0.76 0.74 0.82 1.07 1.41 1.71 1.88 1.89 1.78 1.56 1.26 0.92 0.66 0.54 0.59 0.77 1.04 1.32
  7   1.54 1.67 1.66 1.54 1.32 1.07 0.90 0.81 0.81 0.96 1.23 1.52 1.74 1.86 1.83 1.67 1.40 1.08 0.75 0.58 0.56 0.66 0.87 1.12
  8   1.36 1.54 1.63 1.61 1.50 1.30 1.12 0.99 0.96 1.04 1.22 1.44 1.63 1.73 1.74 1.66 1.47 1.20 0.90 0.69 0.60 0.63 0.75 0.94
  9
 10
 11
 12
 13
 14
 15
 16
 17
 18
 19   1.99 1.81 1.46 1.02 0.60 0.39 0.40 0.60 0.98 1.41 1.79 2.08 2.19 2.06 1.70 1.21 0.71 0.35 0.26 0.40 0.70 1.13 1.58 1.92
 20   2.09 2.06 1.86 1.46 0.99 0.67 0.55 0.62 0.93 1.30 1.67 1.98 2.19 2.17 1.88 1.42 0.92 0.41 0.16 0.14 0.39 0.78 1.22 1.64
 21   1.92 2.08 2.04 1.81 1.42 1.08 0.83 0.71 0.82 1.13 1.47 1.77 2.00 2.10 1.98 1.69 1.23 0.71 0.37 0.20 0.20 0.41 0.79 1.20
 22   1.57 1.83 1.98 1.97 1.74 1.47 1.21 1.03 0.95 1.03 1.29 1.58 1.78 1.89 1.90 1.78 1.49 1.09 0.66 0.33 0.19 0.23 0.45 0.78
 23   1.13 1.46 1.70 1.82 1.79 1.65 1.44 1.24 1.10 1.06 1.14 1.30 1.49 1.64 1.71 1.68 1.56 1.31 0.97 0.65 0.44 0.36 0.39 0.56
 24   0.83 1.13 1.41 1.61 1.71 1.72 1.66 1.54 1.37 1.22 1.16 1.19 1.30 1.42 1.51 1.56 1.56 1.48 1.29 1.06 0.84 0.65 0.54 0.54
 25   0.66 0.87 1.10 1.33 1.53 1.67 1.72 1.69 1.60 1.46 1.33 1.26 1.25 1.28 1.34 1.39 1.44 1.48 1.45 1.34 1.17 0.99 0.79 0.62
 26   0.59 0.69 0.85 1.04 1.25 1.46 1.65 1.77 1.78 1.68 1.54 1.38 1.24 1.17 1.16 1.22 1.30 1.40 1.47 1.47 1.41 1.29 1.10 0.88
 27   0.69 0.63 0.69 0.83 1.02 1.25 1.49 1.71 1.81 1.80 1.71 1.54 1.33 1.14 1.04 1.02 1.09 1.22 1.36 1.48 1.52 1.47 1.35 1.13
 28   0.87 0.67 0.59 0.63 0.79 1.01 1.28 1.54 1.74 1.84 1.81 1.67 1.44 1.19 0.98 0.85 0.87 1.02 1.25 1.45 1.59 1.65 1.61 1.45
 29   1.17 0.85 0.68 0.62 0.65 0.79 1.09 1.43 1.70 1.84 1.87 1.81 1.63 1.36 1.06 0.82 0.77 0.88 1.08 1.30 1.50 1.64 1.68 1.59
 30   1.38 1.09 0.81 0.61 0.53 0.63 0.90 1.24 1.55 1.75 1.84 1.81 1.66 1.41 1.10 0.81 0.62 0.61 0.80 1.09 1.35 1.56 1.69 1.68
 ----------------------------------------------------------------------------------------------------------------------------
                                                                                               
 ----------------------------------------------------------------------------------------------------------------------------
 ----------------------------------------------------------------------------------------------------------------------------
                                                          SURVEY OF INDIA
                                                    MARINE GEODESY WING (G&RB)
                                                     HOURLY HEIGHTS IN METRES
  NAME OF PORT:- KARWAR                                                                             MONTH OCTOBER   YEAR 2020
 ----------------------------------------------------------------------------------------------------------------------------
 DAYS 0000 0001 0002 0003 0004 0005 0006 0007 0008 0009 0010 0011 0012 0013 0014 0015 0016 0017 0018 0019 0020 0021 0022 0023
 ----------------------------------------------------------------------------------------------------------------------------
  1   1.54 1.25 0.95 0.69 0.51 0.52 0.73 1.03 1.37 1.66 1.81 1.82 1.72 1.50 1.17 0.84 0.59 0.54 0.68 0.93 1.23 1.54 1.74 1.78
  2   1.67 1.46 1.18 0.86 0.65 0.58 0.69 0.98 1.35 1.63 1.82 1.88 1.80 1.59 1.26 0.88 0.57 0.47 0.51 0.72 1.05 1.40 1.65 1.76
  3   1.77 1.65 1.35 1.03 0.77 0.67 0.70 0.91 1.23 1.53 1.76 1.89 1.86 1.66 1.35 0.97 0.61 0.42 0.41 0.59 0.91 1.30 1.65 1.82
  4   1.88 1.85 1.63 1.29 1.01 0.83 0.80 0.90 1.15 1.46 1.73 1.86 1.86 1.74 1.50 1.13 0.76 0.49 0.38 0.46 0.74 1.09 1.42 1.67
  5   1.83 1.89 1.78 1.49 1.18 0.96 0.87 0.90 1.08 1.33 1.58 1.79 1.88 1.80 1.58 1.23 0.85 0.55 0.41 0.43 0.58 0.87 1.23 1.58
  6   1.81 1.87 1.82 1.66 1.42 1.16 0.98 0.94 1.04 1.25 1.48 1.68 1.77 1.74 1.57 1.29 0.98 0.68 0.47 0.43 0.50 0.72 1.03 1.36
  7   1.62 1.79 1.82 1.73 1.54 1.32 1.14 1.05 1.07 1.18 1.36 1.55 1.66 1.67 1.58 1.42 1.15 0.79 0.52 0.39 0.40 0.55 0.78 1.04
  8   1.32 1.57 1.68 1.69 1.60 1.43 1.24 1.12 1.07 1.11 1.22 1.37 1.50 1.55 1.51 1.41 1.22 0.94 0.65 0.47 0.41 0.47 0.62 0.82
  9   1.08 1.35 1.53 1.61 1.62 1.55 1.40 1.27 1.19 1.17 1.21 1.29 1.39 1.46 1.49 1.45 1.34 1.14 0.93 0.73 0.58 0.51 0.55 0.71
 10   0.94 1.17 1.37 1.51 1.60 1.62 1.57 1.49 1.40 1.32 1.26 1.25 1.30 1.37 1.43 1.46 1.42 1.31 1.16 0.98 0.82 0.69 0.61 0.62
 11   0.75 0.92 1.10 1.29 1.46 1.60 1.69 1.68 1.57 1.42 1.30 1.23 1.21 1.23 1.27 1.31 1.35 1.37 1.34 1.23 1.09 0.93 0.78 0.65
 12   0.62 0.71 0.88 1.08 1.29 1.49 1.66 1.74 1.71 1.61 1.46 1.30 1.17 1.12 1.13 1.18 1.26 1.37 1.46 1.47 1.39 1.25 1.05 0.82
 13   0.67 0.63 0.69 0.84 1.06 1.33 1.61 1.83 1.89 1.84 1.64 1.41 1.20 1.04 0.97 0.97 1.05 1.25 1.46 1.60 1.62 1.53 1.37 1.11
 14   0.80 0.62 0.56 0.62 0.80 1.11 1.45 1.75 1.94 1.96 1.85 1.61 1.31 1.01 0.79 0.72 0.82 1.04 1.29 1.52 1.71 1.78 1.69 1.47
 15   1.11 0.83 0.65 0.58 0.69 0.97 1.30 1.63 1.90 2.05 2.03 1.85 1.51 1.11 0.76 0.53 0.47 0.63 1.00 1.39 1.70 1.90 1.97 1.86
 16   1.59 1.21 0.81 0.60 0.57 0.69 1.01 1.43 1.77 2.01 2.14 2.05 1.73 1.27 0.81 0.45 0.24 0.27 0.59 1.01 1.46 1.83 2.06 2.11
 17   1.98 1.60 1.17 0.77 0.58 0.59 0.77 1.13 1.58 1.91 2.08 2.06 1.70 1.16 0.68 0.32 0.05-0.06 0.12 0.50 0.99 1.50 1.88 2.09
 18   2.15 1.97 1.58 1.15 0.80 0.61 0.63 0.91 1.28 1.67 1.93 2.04 1.99 1.71 1.22 0.65 0.09-0.14-0.11 0.20 0.63 1.13 1.62 1.96
 19   2.13 2.14 1.91 1.51 1.09 0.80 0.68 0.81 1.10 1.46 1.77 1.96 1.99 1.88 1.51 0.97 0.42 0.02-0.14-0.06 0.24 0.69 1.18 1.64
 20   1.99 2.13 2.09 1.85 1.50 1.13 0.87 0.80 0.95 1.24 1.55 1.78 1.89 1.87 1.70 1.35 0.83 0.32 0.03-0.09 0.04 0.35 0.77 1.20
 21   1.60 1.88 2.01 1.96 1.76 1.44 1.15 0.98 0.94 1.03 1.23 1.47 1.64 1.70 1.64 1.44 1.05 0.51 0.02-0.10 0.06 0.37 0.71 1.06
 22   1.39 1.66 1.76 1.70 1.53 1.29 1.06 0.93 0.89 0.95 1.11 1.28 1.39 1.40 1.33 1.19 0.97 0.65 0.36 0.21 0.20 0.34 0.56 0.84
 23   1.14 1.40 1.58 1.67 1.63 1.51 1.35 1.17 1.01 0.94 0.97 1.06 1.16 1.23 1.26 1.24 1.15 0.98 0.75 0.55 0.40 0.34 0.41 0.60
 24   0.83 1.07 1.30 1.50 1.59 1.59 1.51 1.38 1.20 1.02 0.93 0.93 0.99 1.07 1.15 1.22 1.28 1.31 1.29 1.19 1.03 0.86 0.72 0.64
 25   0.67 0.83 1.03 1.22 1.41 1.57 1.69 1.73 1.69 1.52 1.32 1.16 1.05 0.99 0.99 1.03 1.13 1.25 1.34 1.36 1.31 1.20 1.03 0.84
 26   0.74 0.77 0.88 1.03 1.21 1.40 1.60 1.76 1.80 1.71 1.53 1.32 1.10 0.91 0.84 0.86 0.95 1.09 1.28 1.40 1.44 1.41 1.30 1.11
 27   0.92 0.80 0.78 0.86 1.06 1.28 1.49 1.68 1.81 1.80 1.64 1.41 1.16 0.93 0.76 0.69 0.75 0.94 1.16 1.35 1.49 1.54 1.49 1.35
 28   1.14 0.93 0.79 0.79 0.92 1.11 1.34 1.59 1.77 1.82 1.74 1.56 1.26 0.95 0.71 0.55 0.55 0.71 0.96 1.23 1.44 1.57 1.61 1.53
 29   1.34 1.10 0.88 0.75 0.79 0.97 1.19 1.44 1.67 1.79 1.77 1.63 1.37 1.02 0.67 0.48 0.44 0.57 0.79 1.09 1.38 1.60 1.71 1.70
 30   1.56 1.30 1.03 0.86 0.81 0.87 1.08 1.34 1.59 1.73 1.77 1.68 1.45 1.12 0.75 0.43 0.31 0.37 0.61 0.91 1.22 1.49 1.68 1.76
 31   1.70 1.45 1.15 0.91 0.79 0.79 0.93 1.18 1.45 1.64 1.73 1.69 1.50 1.18 0.79 0.45 0.23 0.22 0.38 0.69 1.04 1.40 1.67 1.81
 ----------------------------------------------------------------------------------------------------------------------------
                                                                                               
 ----------------------------------------------------------------------------------------------------------------------------
 ----------------------------------------------------------------------------------------------------------------------------
                                                          SURVEY OF INDIA
                                                    MARINE GEODESY WING (G&RB)
                                                     HOURLY HEIGHTS IN METRES
  NAME OF PORT:- KARWAR                                                                             MONTH NOVEMBER  YEAR 2020
 ----------------------------------------------------------------------------------------------------------------------------
 DAYS 0000 0001 0002 0003 0004 0005 0006 0007 0008 0009 0010 0011 0012 0013 0014 0015 0016 0017 0018 0019 0020 0021 0022 0023
 ----------------------------------------------------------------------------------------------------------------------------
  1   1.82 1.65 1.39 1.13 0.91 0.79 0.85 1.12 1.39 1.60 1.73 1.74 1.61 1.32 0.95 0.61 0.33 0.22 0.31 0.57 0.96 1.38 1.69 1.88
  2   1.95 1.85 1.59 1.29 1.07 0.95 0.94 1.06 1.29 1.56 1.71 1.73 1.63 1.42 1.11 0.72 0.36 0.21 0.24 0.43 0.75 1.16 1.55 1.81
  3   1.93 1.90 1.75 1.49 1.22 1.02 0.93 1.00 1.21 1.46 1.67 1.74 1.68 1.53 1.27 0.90 0.51 0.29 0.23 0.33 0.60 0.97 1.37 1.72
  4   1.89 1.95 1.89 1.71 1.46 1.23 1.08 1.05 1.16 1.37 1.59 1.73 1.75 1.65 1.46 1.17 0.80 0.51 0.38 0.39 0.54 0.84 1.21 1.56
  5   1.80 1.94 1.96 1.87 1.67 1.41 1.21 1.16 1.21 1.33 1.49 1.65 1.70 1.65 1.54 1.34 1.02 0.70 0.52 0.46 0.51 0.70 1.03 1.39
  6   1.70 1.87 1.93 1.90 1.80 1.59 1.36 1.25 1.23 1.28 1.39 1.53 1.63 1.66 1.59 1.42 1.18 0.92 0.68 0.53 0.50 0.60 0.83 1.11
  7   1.39 1.62 1.79 1.88 1.84 1.71 1.53 1.39 1.31 1.27 1.27 1.32 1.43 1.54 1.59 1.53 1.39 1.17 0.95 0.74 0.60 0.57 0.66 0.86
  8   1.13 1.39 1.61 1.77 1.85 1.82 1.70 1.50 1.33 1.23 1.18 1.18 1.22 1.32 1.44 1.50 1.47 1.37 1.19 0.98 0.79 0.66 0.63 0.73
  9   0.90 1.13 1.37 1.59 1.75 1.82 1.81 1.68 1.47 1.28 1.14 1.07 1.07 1.12 1.22 1.35 1.44 1.44 1.34 1.19 1.02 0.85 0.75 0.72
 10   0.78 0.93 1.13 1.36 1.58 1.74 1.81 1.79 1.67 1.45 1.23 1.07 0.97 0.96 1.02 1.12 1.25 1.39 1.48 1.48 1.37 1.20 1.01 0.84
 11   0.77 0.80 0.92 1.15 1.42 1.65 1.84 1.93 1.87 1.68 1.42 1.12 0.91 0.80 0.78 0.87 1.05 1.29 1.51 1.65 1.67 1.58 1.39 1.13
 12   0.90 0.80 0.82 0.97 1.20 1.48 1.75 1.96 2.01 1.90 1.65 1.32 0.99 0.73 0.58 0.59 0.75 1.07 1.40 1.67 1.87 1.96 1.86 1.61
 13   1.33 1.08 0.91 0.86 0.98 1.26 1.59 1.89 2.05 2.08 1.95 1.66 1.22 0.75 0.49 0.39 0.50 0.76 1.15 1.52 1.80 1.99 2.07 1.95
 14   1.67 1.37 1.11 0.97 0.97 1.13 1.40 1.71 1.97 2.09 2.06 1.84 1.46 0.96 0.50 0.25 0.22 0.42 0.77 1.20 1.62 1.94 2.15 2.20
 15   2.04 1.73 1.40 1.15 1.03 1.08 1.27 1.54 1.82 2.05 2.14 2.03 1.73 1.22 0.67 0.26 0.01 0.01 0.31 0.78 1.28 1.73 2.07 2.30
 16   2.34 2.15 1.82 1.47 1.21 1.12 1.21 1.43 1.70 1.96 2.16 2.21 2.03 1.63 1.10 0.58 0.16-0.06 0.06 0.40 0.87 1.40 1.86 2.23
 17   2.44 2.45 2.24 1.88 1.50 1.24 1.18 1.32 1.56 1.82 2.04 2.17 2.15 1.94 1.53 1.01 0.54 0.21 0.08 0.20 0.57 1.11 1.60 2.02
 18   2.34 2.48 2.41 2.19 1.86 1.53 1.30 1.26 1.40 1.63 1.86 2.03 2.10 2.04 1.83 1.46 1.01 0.54 0.31 0.29 0.49 0.89 1.35 1.79
 19   2.17 2.45 2.52 2.38 2.13 1.83 1.54 1.36 1.34 1.50 1.72 1.92 2.02 2.02 1.90 1.68 1.34 0.97 0.66 0.46 0.45 0.68 1.02 1.41
 20   1.78 2.10 2.33 2.38 2.25 2.04 1.77 1.53 1.35 1.33 1.45 1.60 1.75 1.84 1.85 1.78 1.63 1.40 1.15 0.91 0.74 0.74 0.91 1.17
 21   1.46 1.76 2.02 2.19 2.24 2.13 1.95 1.72 1.49 1.34 1.32 1.39 1.50 1.59 1.65 1.67 1.64 1.54 1.42 1.28 1.15 1.05 1.03 1.11
 22   1.30 1.53 1.75 1.93 2.06 2.10 2.01 1.85 1.64 1.45 1.30 1.24 1.26 1.33 1.42 1.50 1.55 1.56 1.52 1.40 1.26 1.13 1.02 1.02
 23   1.14 1.34 1.56 1.74 1.89 1.99 2.03 1.99 1.83 1.61 1.40 1.24 1.16 1.16 1.20 1.28 1.39 1.50 1.57 1.56 1.49 1.40 1.30 1.21
 24   1.18 1.25 1.40 1.56 1.73 1.89 2.00 2.02 1.96 1.80 1.57 1.36 1.19 1.08 1.05 1.12 1.26 1.42 1.57 1.67 1.70 1.64 1.53 1.39
 25   1.27 1.23 1.29 1.41 1.57 1.73 1.86 1.95 1.95 1.84 1.62 1.37 1.12 0.96 0.88 0.88 0.99 1.20 1.41 1.58 1.70 1.73 1.66 1.53
 26
 27
 28
 29
 30
 ----------------------------------------------------------------------------------------------------------------------------
                                                                                              
 ----------------------------------------------------------------------------------------------------------------------------
 ----------------------------------------------------------------------------------------------------------------------------
                                                          SURVEY OF INDIA
                                                    MARINE GEODESY WING (G&RB)
                                                     HOURLY HEIGHTS IN METRES
  NAME OF PORT:- KARWAR                                                                             MONTH DECEMBER  YEAR 2020
 ----------------------------------------------------------------------------------------------------------------------------
 DAYS 0000 0001 0002 0003 0004 0005 0006 0007 0008 0009 0010 0011 0012 0013 0014 0015 0016 0017 0018 0019 0020 0021 0022 0023
 ----------------------------------------------------------------------------------------------------------------------------
  1
  2
  3
  4
  5
  6   1.55 1.86 2.04 2.08 1.98 1.76 1.52 1.32 1.20 1.16 1.23 1.36 1.50 1.57 1.56 1.48 1.33 1.10 0.82 0.59 0.50 0.54 0.72 0.97
  7   1.25 1.55 1.78 1.93 1.96 1.84 1.63 1.41 1.23 1.10 1.05 1.10 1.23 1.35 1.43 1.46 1.43 1.31 1.10 0.89 0.77 0.72 0.74 0.84
  8   1.05 1.34 1.64 1.85 1.96 1.97 1.86 1.67 1.43 1.20 1.03 0.98 1.03 1.14 1.27 1.39 1.47 1.48 1.41 1.28 1.11 0.96 0.88 0.90
  9   1.04 1.27 1.52 1.76 1.94 2.02 1.97 1.81 1.59 1.35 1.11 0.94 0.89 0.95 1.09 1.26 1.44 1.58 1.66 1.65 1.56 1.41 1.25 1.12
 10   1.07 1.17 1.38 1.61 1.82 2.00 2.11 2.07 1.90 1.62 1.32 1.04 0.82 0.72 0.77 0.94 1.22 1.49 1.67 1.78 1.83 1.79 1.63 1.40
 11   1.21 1.14 1.22 1.41 1.63 1.85 2.02 2.09 2.02 1.82 1.49 1.11 0.78 0.56 0.48 0.57 0.81 1.12 1.44 1.76 2.02 2.12 2.00 1.74
 12   1.46 1.27 1.20 1.25 1.41 1.65 1.89 2.03 2.05 1.95 1.70 1.31 0.88 0.48 0.22 0.21 0.42 0.76 1.14 1.58 1.95 2.16 2.21 2.09
 13   1.88 1.64 1.42 1.30 1.34 1.51 1.77 2.02 2.18 2.18 2.01 1.69 1.24 0.78 0.38 0.17 0.22 0.48 0.87 1.36 1.82 2.17 2.38 2.44
 14   2.31 2.03 1.72 1.46 1.32 1.36 1.53 1.78 2.01 2.14 2.14 1.96 1.59 1.09 0.56 0.16-0.02 0.09 0.40 0.88 1.41 1.85 2.20 2.41
 15   2.41 2.21 1.91 1.56 1.30 1.22 1.29 1.47 1.73 1.95 2.05 2.00 1.80 1.44 0.93 0.44 0.11-0.02 0.13 0.52 1.05 1.55 1.94 2.28
 16   2.47 2.44 2.17 1.84 1.49 1.28 1.23 1.31 1.52 1.78 1.96 2.03 1.98 1.79 1.38 0.89 0.47 0.20 0.12 0.34 0.73 1.24 1.68 2.03
 17   2.30 2.41 2.32 2.05 1.69 1.37 1.16 1.14 1.26 1.45 1.68 1.88 1.97 1.86 1.58 1.19 0.79 0.47 0.27 0.27 0.52 0.91 1.37 1.77
 18   2.09 2.30 2.33 2.18 1.88 1.57 1.30 1.12 1.08 1.20 1.45 1.68 1.82 1.84 1.72 1.46 1.12 0.78 0.50 0.36 0.44 0.73 1.11 1.51
 19
 20
 21
 22
 23
 24
 25
 26
 27
 28
 29
 30
 31
 ----------------------------------------------------------------------------------------------------------------------------
                                                                                             
 ----------------------------------------------------------------------------------------------------------------------------
 ----------------------------------------------------------------------------------------------------------------------------
