                                                          SURVEY OF INDIA
                                                    MARINE GEODESY WING (G&RB)
                                                     HOURLY HEIGHTS IN METRES
  NAME OF PORT:- KARWAR                                                                             MONTH JANUARY   YEAR 2011
 ----------------------------------------------------------------------------------------------------------------------------
 DAYS 0000 0001 0002 0003 0004 0005 0006 0007 0008 0009 0010 0011 0012 0013 0014 0015 0016 0017 0018 0019 0020 0021 0022 0023
 ----------------------------------------------------------------------------------------------------------------------------
  1   1.54 1.39 1.36 1.36 1.43 1.54 1.66 1.73 1.74 1.58 1.32 0.99 0.64 0.34 0.22 0.23 0.37 0.66 1.06 1.40 1.70 1.94 2.00 1.95
  2   1.76 1.53 1.36 1.25 1.28 1.38 1.48 1.63 1.77 1.73 1.55 1.31 1.02 0.66 0.30 0.14 0.21 0.43 0.74 1.17 1.56 1.85 2.05 2.11
  3   2.00 1.78 1.53 1.29 1.18 1.21 1.34 1.52 1.67 1.75 1.73 1.57 1.33 0.95 0.56 0.26 0.16 0.25 0.50 0.89 1.32 1.72 1.98 2.12
  4   2.11 1.94 1.69 1.40 1.14 1.05 1.14 1.32 1.53 1.68 1.73 1.68 1.48 1.23 0.84 0.45 0.20 0.14 0.30 0.65 1.09 1.50 1.79 2.03
  5   2.16 2.09 1.84 1.53 1.23 1.03 1.01 1.14 1.32 1.56 1.72 1.72 1.62 1.42 1.14 0.77 0.39 0.22 0.25 0.54 0.88 1.30 1.69 1.98
  6   2.16 2.15 1.96 1.69 1.39 1.11 0.93 0.94 1.15 1.37 1.57 1.66 1.65 1.57 1.35 1.03 0.61 0.37 0.30 0.40 0.70 1.08 1.48 1.82
  7   2.05 2.12 2.04 1.78 1.48 1.18 0.96 0.89 0.99 1.20 1.41 1.58 1.67 1.65 1.50 1.23 0.90 0.61 0.48 0.48 0.63 0.98 1.40 1.72
  8   1.98 2.13 2.11 1.92 1.61 1.29 1.06 0.92 0.89 1.02 1.23 1.44 1.59 1.62 1.55 1.37 1.08 0.81 0.60 0.54 0.59 0.84 1.18 1.56
  9   1.85 2.01 2.08 1.97 1.70 1.40 1.10 0.89 0.80 0.86 1.00 1.22 1.42 1.53 1.56 1.48 1.29 0.99 0.80 0.70 0.73 0.85 1.08 1.44
 10   1.77 1.94 2.05 2.01 1.81 1.53 1.21 1.00 0.84 0.81 0.88 1.05 1.28 1.43 1.49 1.50 1.42 1.23 1.03 0.91 0.88 0.91 1.06 1.32
 11   1.62 1.85 1.98 1.94 1.81 1.61 1.33 1.05 0.86 0.75 0.77 0.89 1.06 1.25 1.38 1.45 1.45 1.37 1.21 1.07 1.01 1.00 1.06 1.26
 12   1.48 1.68 1.81 1.88 1.82 1.64 1.39 1.14 0.94 0.73 0.62 0.67 0.83 1.01 1.16 1.29 1.38 1.40 1.35 1.24 1.16 1.14 1.18 1.25
 13   1.42 1.58 1.70 1.79 1.77 1.67 1.49 1.26 1.04 0.82 0.66 0.58 0.66 0.80 0.94 1.08 1.24 1.36 1.42 1.41 1.36 1.31 1.27 1.30
 14   1.37 1.50 1.61 1.69 1.69 1.65 1.57 1.40 1.17 0.93 0.74 0.61 0.60 0.63 0.73 0.88 1.09 1.31 1.45 1.51 1.55 1.53 1.47 1.40
 15   1.38 1.43 1.51 1.59 1.63 1.64 1.62 1.54 1.36 1.12 0.90 0.71 0.53 0.43 0.49 0.66 0.85 1.08 1.32 1.50 1.62 1.66 1.63 1.56
 16   1.46 1.37 1.38 1.43 1.51 1.58 1.63 1.60 1.51 1.31 1.11 0.84 0.60 0.44 0.35 0.39 0.61 0.91 1.20 1.46 1.67 1.80 1.83 1.77
 17   1.62 1.48 1.39 1.38 1.42 1.49 1.59 1.65 1.65 1.54 1.36 1.12 0.81 0.53 0.28 0.24 0.36 0.64 0.97 1.30 1.64 1.85 1.94 1.92
 18   1.80 1.56 1.36 1.23 1.22 1.28 1.39 1.55 1.65 1.62 1.51 1.30 1.02 0.68 0.34 0.08 0.08 0.31 0.64 1.02 1.40 1.75 1.98 2.04
 19   1.94 1.73 1.45 1.20 1.09 1.10 1.22 1.45 1.61 1.69 1.70 1.62 1.37 1.01 0.54 0.19 0.01 0.11 0.38 0.74 1.18 1.60 1.95 2.16
 20   2.17 1.97 1.66 1.32 1.07 0.95 1.05 1.26 1.49 1.68 1.81 1.83 1.70 1.40 0.96 0.44 0.17 0.07 0.19 0.51 0.93 1.46 1.86 2.14
 21   2.31 2.20 1.92 1.53 1.18 0.93 0.87 1.01 1.26 1.54 1.78 1.90 1.88 1.70 1.36 0.92 0.41 0.17 0.13 0.35 0.75 1.24 1.67 2.05
 22   2.30 2.34 2.13 1.76 1.27 0.91 0.73 0.77 0.98 1.29 1.61 1.85 1.97 1.91 1.70 1.34 0.88 0.50 0.32 0.33 0.62 1.05 1.54 1.94
 23   2.24 2.47 2.37 2.05 1.58 1.11 0.77 0.58 0.71 0.96 1.28 1.58 1.84 2.01 1.94 1.72 1.36 0.96 0.68 0.53 0.60 0.94 1.36 1.78
 24   2.09 2.34 2.43 2.25 1.84 1.37 0.91 0.60 0.52 0.66 0.90 1.23 1.58 1.79 1.91 1.87 1.68 1.37 1.02 0.79 0.70 0.87 1.18 1.55
 25   1.87 2.15 2.33 2.31 2.04 1.61 1.17 0.82 0.58 0.48 0.63 0.90 1.24 1.52 1.72 1.86 1.86 1.71 1.45 1.20 1.05 1.04 1.18 1.43
 26   1.72 2.01 2.16 2.23 2.13 1.86 1.46 1.04 0.72 0.52 0.48 0.61 0.86 1.15 1.38 1.60 1.75 1.80 1.67 1.49 1.32 1.23 1.24 1.32
 27   1.49 1.76 1.96 2.06 2.02 1.89 1.64 1.31 1.00 0.70 0.50 0.46 0.60 0.78 1.05 1.29 1.50 1.67 1.78 1.76 1.66 1.56 1.49 1.42
 28   1.46 1.62 1.78 1.88 1.91 1.90 1.79 1.59 1.33 1.03 0.75 0.57 0.51 0.60 0.75 0.97 1.23 1.47 1.63 1.76 1.83 1.77 1.65 1.53
 29   1.45 1.43 1.51 1.62 1.69 1.74 1.72 1.64 1.50 1.30 1.02 0.73 0.52 0.44 0.52 0.66 0.85 1.12 1.41 1.67 1.82 1.87 1.82 1.71
 30   1.58 1.40 1.34 1.37 1.45 1.57 1.66 1.70 1.68 1.56 1.35 1.02 0.75 0.54 0.42 0.47 0.64 0.88 1.24 1.56 1.80 1.97 2.00 1.93
 31   1.76 1.55 1.40 1.34 1.34 1.41 1.54 1.67 1.73 1.73 1.58 1.39 1.10 0.78 0.54 0.48 0.53 0.75 1.04 1.38 1.73 2.00 2.14 2.13
 ----------------------------------------------------------------------------------------------------------------------------
                                                                                               
 ----------------------------------------------------------------------------------------------------------------------------
 ----------------------------------------------------------------------------------------------------------------------------
                                                          SURVEY OF INDIA
                                                    MARINE GEODESY WING (G&RB)
                                                     HOURLY HEIGHTS IN METRES
  NAME OF PORT:- KARWAR                                                                             MONTH FEBRUARY  YEAR 2011
 ----------------------------------------------------------------------------------------------------------------------------
 DAYS 0000 0001 0002 0003 0004 0005 0006 0007 0008 0009 0010 0011 0012 0013 0014 0015 0016 0017 0018 0019 0020 0021 0022 0023
 ----------------------------------------------------------------------------------------------------------------------------
  1   1.96 1.75 1.51 1.33 1.22 1.24 1.37 1.55 1.72 1.79 1.74 1.64 1.42 1.11 0.76 0.53 0.46 0.59 0.84 1.19 1.57 1.88 2.12 2.23
  2   2.16 1.95 1.66 1.39 1.21 1.15 1.23 1.39 1.60 1.76 1.87 1.82 1.63 1.38 1.05 0.70 0.51 0.52 0.71 1.02 1.41 1.77 2.05 2.25
  3   2.29 2.15 1.87 1.54 1.29 1.14 1.11 1.26 1.50 1.74 1.90 1.93 1.84 1.64 1.30 0.93 0.68 0.57 0.66 0.90 1.29 1.66 1.98 2.20
  4   2.28 2.22 1.97 1.63 1.30 1.07 0.98 1.07 1.28 1.54 1.76 1.89 1.89 1.74 1.50 1.18 0.82 0.64 0.63 0.80 1.10 1.50 1.86 2.11
  5   2.26 2.29 2.06 1.73 1.41 1.13 0.95 0.96 1.14 1.38 1.66 1.84 1.95 1.87 1.69 1.40 1.03 0.78 0.69 0.75 0.98 1.32 1.71 2.01
  6   2.21 2.26 2.12 1.86 1.50 1.14 0.90 0.85 0.99 1.17 1.40 1.67 1.85 1.88 1.77 1.55 1.20 0.94 0.81 0.80 0.89 1.19 1.56 1.89
  7   2.08 2.19 2.18 1.93 1.62 1.22 0.94 0.83 0.86 0.98 1.17 1.47 1.71 1.84 1.80 1.66 1.41 1.12 0.93 0.86 0.91 1.15 1.44 1.74
  8   1.98 2.10 2.10 1.94 1.63 1.26 0.94 0.78 0.70 0.77 0.98 1.27 1.52 1.66 1.71 1.68 1.53 1.30 1.08 0.96 0.95 1.10 1.30 1.54
  9   1.86 1.97 2.00 1.90 1.69 1.36 1.03 0.79 0.65 0.64 0.79 1.01 1.27 1.48 1.62 1.68 1.62 1.46 1.27 1.09 1.06 1.17 1.29 1.45
 10   1.76 1.89 1.90 1.85 1.70 1.46 1.12 0.85 0.69 0.59 0.64 0.81 1.04 1.26 1.45 1.54 1.59 1.58 1.46 1.31 1.22 1.22 1.32 1.45
 11   1.65 1.79 1.85 1.84 1.76 1.57 1.28 1.03 0.83 0.68 0.60 0.70 0.87 1.08 1.28 1.44 1.56 1.63 1.63 1.54 1.44 1.40 1.41 1.48
 12   1.59 1.72 1.81 1.83 1.79 1.67 1.47 1.24 1.03 0.84 0.66 0.63 0.70 0.85 1.03 1.22 1.38 1.54 1.68 1.69 1.60 1.54 1.50 1.49
 13   1.50 1.58 1.64 1.68 1.72 1.69 1.59 1.42 1.23 1.04 0.83 0.67 0.62 0.69 0.81 0.98 1.17 1.40 1.60 1.72 1.76 1.70 1.64 1.57
 14   1.52 1.51 1.52 1.56 1.62 1.68 1.67 1.59 1.48 1.29 1.05 0.82 0.63 0.53 0.58 0.71 0.92 1.16 1.44 1.67 1.80 1.89 1.86 1.73
 15   1.56 1.46 1.41 1.42 1.46 1.56 1.64 1.69 1.66 1.56 1.34 1.10 0.83 0.59 0.49 0.52 0.64 0.89 1.27 1.57 1.80 1.99 2.04 1.93
 16   1.73 1.49 1.33 1.26 1.29 1.40 1.53 1.69 1.79 1.73 1.62 1.42 1.08 0.74 0.47 0.36 0.40 0.59 0.96 1.34 1.67 1.97 2.14 2.11
 17   1.89 1.61 1.30 1.15 1.10 1.10 1.26 1.52 1.77 1.90 1.88 1.69 1.44 1.08 0.66 0.38 0.24 0.37 0.67 1.05 1.48 1.86 2.12 2.22
 18   2.10 1.78 1.44 1.09 0.83 0.78 0.96 1.23 1.55 1.79 1.94 1.94 1.79 1.48 1.00 0.54 0.27 0.23 0.45 0.79 1.26 1.70 2.08 2.28
 19   2.25 2.02 1.63 1.19 0.81 0.57 0.60 0.86 1.25 1.62 1.88 2.03 2.02 1.82 1.44 0.95 0.51 0.33 0.33 0.59 0.97 1.52 1.91 2.21
 20   2.33 2.20 1.87 1.38 0.88 0.47 0.29 0.50 0.83 1.20 1.60 1.89 2.07 2.04 1.79 1.39 0.87 0.55 0.42 0.47 0.79 1.27 1.75 2.05
 21   2.27 2.29 2.07 1.64 1.12 0.57 0.22 0.20 0.43 0.76 1.18 1.59 1.89 2.05 1.99 1.73 1.34 0.92 0.67 0.56 0.68 1.04 1.49 1.85
 22   2.08 2.24 2.19 1.89 1.40 0.86 0.37 0.14 0.16 0.40 0.75 1.17 1.55 1.81 1.92 1.89 1.64 1.28 0.99 0.80 0.74 0.93 1.20 1.59
 23   1.88 2.04 2.11 1.94 1.62 1.15 0.67 0.30 0.13 0.21 0.44 0.79 1.13 1.45 1.70 1.84 1.78 1.55 1.30 1.07 0.94 0.98 1.14 1.36
 24   1.60 1.82 1.94 1.90 1.74 1.43 1.03 0.64 0.36 0.23 0.33 0.56 0.86 1.17 1.40 1.64 1.77 1.71 1.56 1.36 1.23 1.15 1.12 1.22
 25   1.41 1.58 1.69 1.74 1.71 1.55 1.25 0.94 0.65 0.42 0.29 0.36 0.54 0.76 1.00 1.26 1.46 1.59 1.60 1.51 1.40 1.30 1.22 1.14
 26   1.20 1.38 1.48 1.55 1.58 1.56 1.42 1.23 0.98 0.72 0.56 0.44 0.44 0.54 0.76 0.98 1.18 1.39 1.57 1.64 1.61 1.55 1.44 1.31
 27   1.23 1.27 1.33 1.39 1.46 1.49 1.47 1.40 1.29 1.14 0.91 0.70 0.55 0.50 0.58 0.80 1.01 1.23 1.44 1.62 1.72 1.77 1.69 1.50
 28   1.33 1.24 1.20 1.22 1.27 1.37 1.46 1.53 1.51 1.38 1.22 1.02 0.78 0.55 0.52 0.60 0.77 1.00 1.23 1.49 1.69 1.82 1.81 1.67
 ----------------------------------------------------------------------------------------------------------------------------
                                                                                              
 ----------------------------------------------------------------------------------------------------------------------------
 ----------------------------------------------------------------------------------------------------------------------------
                                                          SURVEY OF INDIA
                                                    MARINE GEODESY WING (G&RB)
                                                     HOURLY HEIGHTS IN METRES
  NAME OF PORT:- KARWAR                                                                             MONTH MARCH     YEAR 2011
 ----------------------------------------------------------------------------------------------------------------------------
 DAYS 0000 0001 0002 0003 0004 0005 0006 0007 0008 0009 0010 0011 0012 0013 0014 0015 0016 0017 0018 0019 0020 0021 0022 0023
 ----------------------------------------------------------------------------------------------------------------------------
  1   1.47 1.26 1.10 1.03 1.07 1.17 1.29 1.42 1.53 1.52 1.40 1.25 1.02 0.73 0.56 0.50 0.60 0.81 1.09 1.41 1.65 1.84 1.92 1.89
  2   1.68 1.48 1.23 1.03 0.96 1.05 1.19 1.37 1.54 1.65 1.66 1.53 1.33 1.05 0.77 0.61 0.60 0.73 0.98 1.32 1.61 1.86 1.98 2.02
  3   1.89 1.65 1.35 1.09 0.95 0.95 1.10 1.33 1.55 1.70 1.79 1.76 1.65 1.41 1.08 0.82 0.67 0.74 0.94 1.22 1.55 1.87 2.06 2.15
  4   2.06 1.80 1.52 1.18 0.97 0.90 0.99 1.20 1.47 1.73 1.89 1.93 1.86 1.66 1.33 1.00 0.81 0.71 0.81 0.98 1.22 1.59 1.91 2.08
  5   2.10 1.92 1.62 1.24 0.97 0.79 0.80 1.02 1.29 1.60 1.80 1.93 1.92 1.81 1.54 1.16 0.88 0.77 0.86 1.11 1.44 1.78 2.01 2.15
  6   2.16 2.01 1.72 1.39 1.06 0.81 0.73 0.89 1.16 1.45 1.72 1.92 2.03 1.97 1.73 1.41 1.08 0.93 0.90 1.03 1.29 1.66 1.96 2.11
  7   2.17 2.08 1.86 1.51 1.12 0.84 0.68 0.74 0.98 1.26 1.57 1.81 1.94 1.95 1.83 1.56 1.22 0.99 0.90 0.94 1.13 1.41 1.75 2.00
  8   2.08 2.06 1.92 1.60 1.21 0.80 0.61 0.59 0.77 1.00 1.30 1.62 1.82 1.92 1.88 1.68 1.40 1.14 1.00 0.96 1.04 1.30 1.63 1.90
  9   2.00 2.01 1.93 1.70 1.35 0.90 0.63 0.54 0.62 0.82 1.09 1.46 1.70 1.83 1.85 1.76 1.61 1.36 1.12 1.03 1.06 1.28 1.53 1.78
 10   1.90 1.96 1.90 1.73 1.43 1.04 0.70 0.57 0.57 0.67 0.88 1.19 1.50 1.68 1.80 1.80 1.68 1.50 1.29 1.16 1.13 1.21 1.40 1.63
 11   1.80 1.90 1.93 1.79 1.57 1.24 0.89 0.68 0.58 0.62 0.76 0.99 1.30 1.51 1.65 1.74 1.75 1.64 1.48 1.31 1.21 1.25 1.36 1.50
 12   1.70 1.83 1.87 1.83 1.64 1.39 1.13 0.88 0.72 0.63 0.68 0.83 1.08 1.30 1.47 1.62 1.73 1.77 1.62 1.47 1.39 1.37 1.38 1.47
 13   1.60 1.72 1.78 1.78 1.70 1.57 1.37 1.13 0.91 0.76 0.69 0.72 0.90 1.10 1.30 1.46 1.63 1.76 1.79 1.71 1.59 1.52 1.46 1.44
 14   1.53 1.61 1.66 1.69 1.71 1.67 1.54 1.35 1.16 0.96 0.78 0.72 0.76 0.90 1.06 1.26 1.46 1.65 1.79 1.84 1.80 1.70 1.61 1.51
 15   1.44 1.46 1.48 1.54 1.62 1.69 1.68 1.59 1.44 1.25 1.03 0.86 0.76 0.72 0.80 0.94 1.20 1.46 1.68 1.85 1.90 1.86 1.76 1.63
 16   1.44 1.33 1.31 1.38 1.48 1.55 1.65 1.72 1.70 1.57 1.33 1.09 0.85 0.69 0.62 0.72 0.94 1.22 1.52 1.78 1.96 2.03 1.96 1.78
 17   1.49 1.26 1.09 1.06 1.14 1.30 1.51 1.68 1.77 1.75 1.62 1.40 1.10 0.79 0.60 0.56 0.68 0.94 1.25 1.62 1.90 2.09 2.13 1.95
 18   1.62 1.30 1.00 0.81 0.81 0.95 1.21 1.49 1.72 1.85 1.86 1.72 1.49 1.09 0.70 0.52 0.51 0.66 0.97 1.36 1.73 2.05 2.22 2.15
 19   1.86 1.48 1.05 0.71 0.54 0.60 0.82 1.14 1.55 1.85 2.01 2.04 1.90 1.56 1.10 0.76 0.56 0.56 0.81 1.20 1.62 1.99 2.21 2.28
 20   2.10 1.70 1.24 0.70 0.37 0.29 0.47 0.80 1.24 1.69 2.00 2.16 2.14 1.93 1.54 1.08 0.76 0.57 0.65 0.96 1.39 1.80 2.16 2.26
 21   2.25 1.98 1.50 0.94 0.40 0.12 0.12 0.36 0.80 1.28 1.70 2.02 2.23 2.18 1.96 1.56 1.10 0.81 0.67 0.81 1.14 1.56 1.94 2.14
 22   2.25 2.17 1.84 1.33 0.70 0.28 0.07 0.09 0.41 0.86 1.34 1.77 2.05 2.19 2.16 1.90 1.53 1.10 0.90 0.85 1.03 1.34 1.74 1.99
 23   2.12 2.15 2.00 1.60 1.10 0.62 0.34 0.34 0.48 0.80 1.24 1.66 2.01 2.22 2.34 2.28 2.01 1.65 1.35 1.18 1.18 1.39 1.65 1.94
 24   2.15 2.27 2.23 2.04 1.66 1.15 0.72 0.47 0.40 0.54 0.86 1.25 1.62 1.90 2.12 2.22 2.14 1.92 1.66 1.46 1.36 1.38 1.53 1.76
 25   1.97 2.08 2.15 2.10 1.91 1.53 1.16 0.87 0.65 0.59 0.77 1.05 1.39 1.67 1.87 2.06 2.15 2.07 1.90 1.68 1.54 1.45 1.46 1.56
 26   1.76 1.89 1.96 1.98 1.89 1.73 1.48 1.18 0.90 0.75 0.74 0.90 1.12 1.36 1.59 1.79 1.97 2.02 1.96 1.85 1.72 1.61 1.48 1.44
 27   1.53 1.61 1.69 1.74 1.76 1.74 1.64 1.45 1.24 1.06 0.91 0.86 0.95 1.11 1.31 1.52 1.72 1.87 1.95 1.96 1.92 1.79 1.62 1.48
 28   1.42 1.42 1.46 1.52 1.60 1.66 1.66 1.58 1.46 1.33 1.15 1.00 0.93 0.96 1.07 1.26 1.46 1.65 1.83 1.92 1.96 1.90 1.77 1.59
 29   1.40 1.31 1.28 1.32 1.41 1.51 1.61 1.64 1.61 1.53 1.38 1.21 1.05 0.94 0.96 1.08 1.25 1.46 1.66 1.84 1.98 1.99 1.92 1.75
 30   1.48 1.32 1.22 1.18 1.22 1.38 1.54 1.66 1.73 1.74 1.68 1.53 1.31 1.11 0.98 1.01 1.16 1.37 1.58 1.78 1.98 2.08 2.08 1.96
 31   1.69 1.44 1.24 1.09 1.11 1.26 1.42 1.58 1.76 1.86 1.85 1.72 1.55 1.32 1.10 1.01 1.03 1.21 1.44 1.68 1.90 2.05 2.09 2.01
 ----------------------------------------------------------------------------------------------------------------------------
                                                                                               
 ----------------------------------------------------------------------------------------------------------------------------
 ----------------------------------------------------------------------------------------------------------------------------
                                                          SURVEY OF INDIA
                                                    MARINE GEODESY WING (G&RB)
                                                     HOURLY HEIGHTS IN METRES
  NAME OF PORT:- KARWAR                                                                             MONTH APRIL     YEAR 2011
 ----------------------------------------------------------------------------------------------------------------------------
 DAYS 0000 0001 0002 0003 0004 0005 0006 0007 0008 0009 0010 0011 0012 0013 0014 0015 0016 0017 0018 0019 0020 0021 0022 0023
 ----------------------------------------------------------------------------------------------------------------------------
  1   2.06 1.76 1.43 1.22 1.15 1.27 1.46 1.69 1.91 2.07 2.15 2.14 1.99 1.76 1.50 1.30 1.29 1.37 1.54 1.80 2.08 2.26 2.34 2.31
  2   2.12 1.86 1.51 1.22 1.09 1.09 1.28 1.52 1.83 2.08 2.21 2.24 2.14 1.94 1.67 1.42 1.29 1.31 1.50 1.76 2.02 2.24 2.35 2.34
  3   1.95 1.56 1.21 1.02 0.98 1.11 1.34 1.66 1.98 2.23 2.33 2.29 2.13 1.86 1.60 1.40 1.33 1.39 1.61 1.91 2.16 2.31 2.36 2.28
  4   2.29 2.09 1.74 1.33 1.03 0.93 0.99 1.19 1.50 1.87 2.16 2.36 2.42 2.32 2.10 1.82 1.52 1.37 1.40 1.55 1.79 2.02 2.24 2.36
  5   2.33 2.14 1.84 1.45 1.05 0.91 0.87 0.97 1.30 1.70 2.10 2.30 2.39 2.40 2.27 2.00 1.67 1.43 1.38 1.49 1.72 1.94 2.18 2.33
  6   2.38 2.23 1.98 1.64 1.21 0.93 0.81 0.87 1.11 1.51 1.87 2.16 2.32 2.42 2.41 2.30 2.09 1.83 1.64 1.57 1.62 1.77 1.97 2.14
  7   2.15 2.11 1.93 1.64 1.28 0.96 0.76 0.69 0.82 1.11 1.48 1.80 2.03 2.18 2.22 2.13 1.97 1.76 1.55 1.48 1.49 1.59 1.78 1.96
  8   2.03 1.98 1.84 1.64 1.30 0.94 0.71 0.56 0.56 0.77 1.12 1.46 1.45 1.63 1.77 1.75 1.58 1.37 1.16 1.05 1.05 1.14 1.29 1.51
  9   1.68 1.67 1.59 1.42 1.18 0.87 0.57 0.35 0.30 0.43 0.66 0.97 1.28 1.53 1.69 1.73 1.69 1.55 1.36 1.20 1.11 1.09 1.21 1.38
 10   1.57 1.64 1.63 1.53 1.34 1.08 0.81 0.56 0.40 0.41 0.54 0.74 1.02 1.28 1.47 1.63 1.69 1.62 1.48 1.33 1.20 1.09 1.10 1.20
 11   1.40 1.50 1.53 1.52 1.42 1.22 1.00 0.78 0.58 0.45 0.47 0.59 0.78 1.03 1.26 1.47 1.61 1.68 1.63 1.54 1.41 1.27 1.15 1.13
 12   1.23 1.30 1.36 1.42 1.44 1.39 1.27 1.05 0.86 0.69 0.60 0.55 0.60 0.79 1.05 1.29 1.50 1.67 1.75 1.72 1.62 1.47 1.29 1.16
 13   1.07 1.14 1.22 1.31 1.38 1.43 1.43 1.38 1.23 1.05 0.87 0.71 0.65 0.70 0.90 1.13 1.36 1.59 1.75 1.85 1.82 1.69 1.51 1.31
 14   1.03 0.96 0.99 1.10 1.23 1.39 1.53 1.57 1.53 1.40 1.20 0.96 0.76 0.67 0.72 0.89 1.13 1.42 1.67 1.86 1.96 1.91 1.69 1.41
 15   1.04 0.79 0.70 0.75 0.95 1.17 1.43 1.65 1.77 1.73 1.63 1.38 1.07 0.83 0.69 0.69 0.94 1.20 1.48 1.77 1.98 2.03 1.90 1.60
 16   1.17 0.79 0.54 0.45 0.49 0.72 1.09 1.42 1.72 1.95 1.95 1.80 1.43 1.11 0.86 0.71 0.72 0.98 1.29 1.61 1.94 2.15 2.10 1.88
 17   1.50 1.02 0.48 0.23 0.17 0.39 0.75 1.15 1.55 1.92 2.13 2.11 1.91 1.58 1.19 0.86 0.75 0.82 1.09 1.41 1.77 2.04 2.07 2.03
 18   1.75 1.32 0.73 0.28 0.00 0.00 0.27 0.72 1.17 1.66 2.02 2.20 2.18 1.98 1.58 1.20 0.93 0.76 0.92 1.23 1.61 1.90 2.06 2.17
 19   2.02 1.62 1.06 0.49 0.05-0.11 0.01 0.35 0.78 1.31 1.81 2.10 2.23 2.20 1.96 1.53 1.17 0.89 0.84 1.05 1.36 1.69 1.92 2.11
 20   2.15 1.86 1.43 0.92 0.35 0.02-0.06 0.11 0.45 0.95 1.48 1.89 2.16 2.29 2.22 1.89 1.55 1.18 1.00 1.00 1.17 1.42 1.74 1.95
 21   2.07 2.00 1.76 1.35 0.75 0.33 0.09 0.01 0.21 0.57 1.03 1.50 1.87 2.17 2.21 2.06 1.77 1.40 1.14 0.98 1.02 1.17 1.39 1.66
 22   1.89 1.89 1.80 1.55 1.19 0.71 0.38 0.17 0.11 0.35 0.75 1.14 1.55 1.91 2.11 2.13 2.01 1.78 1.45 1.18 1.10 1.13 1.24 1.44
 23   1.67 1.78 1.77 1.68 1.43 1.12 0.77 0.53 0.35 0.35 0.56 0.90 1.25 1.53 1.77 1.97 2.00 1.84 1.61 1.40 1.23 1.12 1.13 1.21
 24   1.40 1.59 1.63 1.63 1.53 1.35 1.12 0.87 0.65 0.55 0.59 0.82 1.11 1.39 1.63 1.83 1.96 1.96 1.82 1.64 1.47 1.30 1.19 1.21
 25   1.32 1.37 1.46 1.56 1.59 1.54 1.40 1.24 1.06 0.91 0.83 0.82 0.97 1.20 1.41 1.61 1.78 1.89 1.90 1.80 1.66 1.50 1.31 1.18
 26   1.17 1.17 1.25 1.35 1.44 1.48 1.45 1.37 1.23 1.09 0.98 0.90 0.93 1.04 1.23 1.42 1.59 1.75 1.85 1.87 1.75 1.59 1.41 1.22
 27   1.05 1.00 1.01 1.09 1.23 1.36 1.45 1.47 1.43 1.33 1.19 1.04 0.95 0.95 1.05 1.23 1.40 1.58 1.72 1.82 1.81 1.71 1.54 1.32
 28   1.03 0.87 0.82 0.86 0.98 1.18 1.34 1.46 1.52 1.53 1.43 1.28 1.12 1.02 1.00 1.13 1.30 1.47 1.62 1.76 1.85 1.82 1.66 1.47
 29   1.15 0.92 0.74 0.69 0.82 1.02 1.24 1.44 1.59 1.68 1.65 1.49 1.30 1.16 1.06 1.07 1.17 1.35 1.53 1.69 1.80 1.79 1.70 1.50
 30   1.14 0.86 0.67 0.54 0.59 0.78 1.02 1.31 1.52 1.65 1.68 1.57 1.40 1.20 1.02 0.97 0.98 1.08 1.27 1.48 1.65 1.75 1.73 1.55
 ----------------------------------------------------------------------------------------------------------------------------
                                                                                               
 ----------------------------------------------------------------------------------------------------------------------------
 ----------------------------------------------------------------------------------------------------------------------------
                                                          SURVEY OF INDIA
                                                    MARINE GEODESY WING (G&RB)
                                                     HOURLY HEIGHTS IN METRES
  NAME OF PORT:- KARWAR                                                                             MONTH MAY       YEAR 2011
 ----------------------------------------------------------------------------------------------------------------------------
 DAYS 0000 0001 0002 0003 0004 0005 0006 0007 0008 0009 0010 0011 0012 0013 0014 0015 0016 0017 0018 0019 0020 0021 0022 0023
 ----------------------------------------------------------------------------------------------------------------------------
  1   1.23 0.91 0.60 0.39 0.38 0.55 0.81 1.12 1.41 1.63 1.78 1.78 1.67 1.46 1.21 1.07 1.03 1.05 1.20 1.41 1.64 1.75 1.71 1.61
  2   1.39 1.03 0.67 0.40 0.29 0.37 0.56 0.88 1.25 1.55 1.80 1.86 1.79 1.62 1.38 1.15 1.03 1.01 1.05 1.22 1.48 1.73 1.77 1.67
  3   1.49 1.18 0.83 0.43 0.25 0.21 0.39 0.71 1.06 1.43 1.73 1.89 1.91 1.83 1.57 1.28 1.08 1.01 1.03 1.17 1.39 1.60 1.74 1.72
  4   1.54 1.31 0.96 0.55 0.30 0.13 0.20 0.48 0.83 1.23 1.56 1.79 1.92 1.87 1.68 1.41 1.17 0.99 0.92 1.01 1.22 1.50 1.65 1.70
  5   1.63 1.41 1.09 0.69 0.32 0.10 0.08 0.27 0.62 0.98 1.39 1.71 1.87 1.95 1.83 1.59 1.29 1.04 0.95 0.96 1.10 1.33 1.52 1.63
  6   1.63 1.48 1.22 0.87 0.44 0.17 0.03 0.09 0.35 0.71 1.09 1.42 1.72 1.87 1.79 1.63 1.40 1.10 0.91 0.85 0.95 1.11 1.30 1.48
  7   1.60 1.53 1.35 1.08 0.65 0.28 0.08 0.03 0.18 0.50 0.86 1.20 1.50 1.74 1.86 1.76 1.54 1.30 1.07 0.92 0.91 1.00 1.17 1.38
  8   1.51 1.54 1.44 1.24 0.94 0.60 0.34 0.18 0.17 0.36 0.66 0.97 1.33 1.63 1.79 1.84 1.75 1.54 1.27 1.02 0.87 0.91 1.07 1.28
  9   1.46 1.53 1.54 1.34 1.08 0.75 0.43 0.22 0.08 0.19 0.49 0.80 1.12 1.41 1.67 1.81 1.86 1.72 1.47 1.25 1.09 1.01 0.99 1.05
 10   1.27 1.39 1.43 1.42 1.33 1.20 0.97 0.70 0.49 0.44 0.51 0.67 0.90 1.15 1.39 1.64 1.79 1.77 1.60 1.40 1.20 1.05 0.91 0.91
 11   1.00 1.13 1.25 1.35 1.40 1.35 1.22 1.00 0.79 0.64 0.55 0.58 0.75 0.97 1.24 1.47 1.67 1.78 1.74 1.61 1.39 1.15 0.92 0.78
 12   0.80 0.87 0.98 1.14 1.29 1.42 1.41 1.29 1.14 0.98 0.81 0.71 0.70 0.81 1.01 1.28 1.55 1.73 1.81 1.77 1.61 1.36 1.07 0.81
 13   0.59 0.61 0.68 0.85 1.05 1.26 1.42 1.47 1.46 1.35 1.15 0.95 0.82 0.84 0.96 1.16 1.39 1.60 1.79 1.89 1.83 1.62 1.31 0.96
 14   0.63 0.45 0.44 0.55 0.83 1.11 1.40 1.62 1.72 1.71 1.60 1.37 1.13 0.95 0.89 1.00 1.19 1.43 1.68 1.89 1.93 1.86 1.63 1.28
 15   0.81 0.44 0.23 0.25 0.44 0.72 1.05 1.43 1.74 1.91 1.92 1.79 1.54 1.23 1.01 0.95 1.04 1.23 1.50 1.75 1.92 1.97 1.81 1.49
 16   1.09 0.59 0.24 0.07 0.09 0.35 0.69 1.10 1.50 1.86 2.06 2.03 1.86 1.54 1.26 1.03 0.96 1.05 1.24 1.48 1.76 1.97 1.92 1.71
 17   1.34 0.91 0.40 0.03-0.11 0.02 0.32 0.81 1.25 1.69 2.00 2.18 2.13 1.92 1.57 1.24 1.01 0.93 1.05 1.30 1.56 1.81 1.93 1.88
 18   1.63 1.29 0.77 0.25-0.05-0.08 0.06 0.40 0.91 1.41 1.80 2.10 2.21 2.12 1.86 1.52 1.19 0.96 0.95 1.08 1.34 1.62 1.84 1.92
 19   1.81 1.53 1.14 0.65 0.25-0.01-0.07 0.14 0.55 1.06 1.51 1.89 2.16 2.20 2.09 1.79 1.46 1.15 0.95 0.97 1.13 1.38 1.69 1.87
 20   1.87 1.74 1.50 1.14 0.62 0.24 0.04 0.07 0.34 0.75 1.22 1.63 1.96 2.17 2.18 2.02 1.75 1.40 1.12 0.97 1.02 1.21 1.42 1.65
 21   1.82 1.82 1.68 1.43 1.05 0.60 0.31 0.18 0.29 0.58 0.98 1.37 1.71 1.96 2.09 2.08 1.89 1.59 1.20 0.96 0.88 0.94 1.09 1.31
 22   1.54 1.63 1.59 1.45 1.19 0.90 0.60 0.36 0.27 0.40 0.73 1.08 1.44 1.69 1.88 2.00 1.96 1.74 1.42 1.16 1.01 0.92 0.92 1.09
 23   1.30 1.45 1.49 1.45 1.34 1.15 0.91 0.66 0.49 0.49 0.66 0.94 1.21 1.46 1.68 1.87 1.89 1.80 1.59 1.35 1.12 0.92 0.85 0.91
 24   1.06 1.18 1.30 1.36 1.38 1.31 1.16 0.93 0.77 0.70 0.70 0.84 1.05 1.30 1.53 1.68 1.78 1.77 1.69 1.48 1.28 1.08 0.89 0.79
 25   0.90 1.00 1.10 1.20 1.28 1.30 1.28 1.17 1.02 0.88 0.80 0.85 0.94 1.12 1.34 1.53 1.66 1.72 1.69 1.60 1.45 1.19 0.99 0.86
 26   0.74 0.81 0.91 1.05 1.19 1.28 1.32 1.32 1.27 1.17 1.06 0.99 1.00 1.06 1.23 1.41 1.54 1.65 1.70 1.69 1.57 1.38 1.12 0.89
 27   0.76 0.68 0.71 0.82 0.98 1.13 1.29 1.38 1.39 1.36 1.26 1.16 1.07 1.03 1.12 1.28 1.42 1.53 1.61 1.63 1.57 1.44 1.19 0.93
 28   0.73 0.57 0.52 0.56 0.76 0.98 1.19 1.34 1.44 1.46 1.42 1.33 1.19 1.08 1.07 1.14 1.25 1.38 1.51 1.61 1.64 1.55 1.36 1.10
 29   0.79 0.54 0.44 0.43 0.55 0.78 1.04 1.30 1.54 1.65 1.64 1.55 1.39 1.24 1.13 1.13 1.18 1.29 1.42 1.52 1.58 1.58 1.45 1.21
 30   0.85 0.60 0.39 0.34 0.39 0.58 0.88 1.19 1.47 1.62 1.70 1.68 1.57 1.35 1.20 1.11 1.11 1.21 1.35 1.47 1.55 1.56 1.49 1.31
 31   0.95 0.64 0.38 0.15 0.13 0.30 0.64 0.97 1.28 1.54 1.70 1.76 1.68 1.50 1.30 1.15 1.08 1.12 1.23 1.36 1.48 1.55 1.54 1.40
 ----------------------------------------------------------------------------------------------------------------------------
                                                                                               
 ----------------------------------------------------------------------------------------------------------------------------
 ----------------------------------------------------------------------------------------------------------------------------
                                                          SURVEY OF INDIA
                                                    MARINE GEODESY WING (G&RB)
                                                     HOURLY HEIGHTS IN METRES
  NAME OF PORT:- KARWAR                                                                             MONTH JUNE      YEAR 2011
 ----------------------------------------------------------------------------------------------------------------------------
 DAYS 0000 0001 0002 0003 0004 0005 0006 0007 0008 0009 0010 0011 0012 0013 0014 0015 0016 0017 0018 0019 0020 0021 0022 0023
 ----------------------------------------------------------------------------------------------------------------------------
  1   1.18 0.81 0.50 0.28 0.15 0.22 0.45 0.83 1.16 1.46 1.70 1.81 1.79 1.68 1.49 1.25 1.09 1.07 1.14 1.28 1.47 1.64 1.65 1.55
  2   1.35 1.09 0.68 0.37 0.19 0.15 0.30 0.60 0.99 1.35 1.63 1.86 1.92 1.90 1.68 1.45 1.18 1.06 1.04 1.15 1.37 1.58 1.72 1.70
  3   1.58 1.32 1.00 0.57 0.24 0.10 0.15 0.38 0.75 1.16 1.54 1.83 2.02 2.03 1.88 1.62 1.36 1.18 1.06 1.08 1.30 1.54 1.70 1.80
  4   1.76 1.61 1.34 0.92 0.55 0.34 0.26 0.34 0.60 1.00 1.40 1.78 2.02 2.12 2.02 1.82 1.54 1.20 1.00 0.98 1.12 1.30 1.49 1.66
  5   1.70 1.62 1.44 1.12 0.78 0.40 0.23 0.18 0.32 0.62 1.06 1.44 1.73 1.90 1.96 1.88 1.65 1.34 1.06 0.92 0.92 1.06 1.28 1.46
  6   1.64 1.65 1.56 1.33 0.99 0.64 0.39 0.28 0.30 0.46 0.80 1.20 1.59 1.84 2.00 2.02 1.85 1.57 1.23 1.00 0.89 0.90 1.03 1.23
  7   1.45 1.59 1.57 1.45 1.27 1.00 0.68 0.44 0.34 0.46 0.68 0.99 1.36 1.69 1.95 2.04 1.93 1.75 1.45 1.14 0.93 0.84 0.87 1.02
  8   1.22 1.42 1.54 1.58 1.50 1.34 1.08 0.84 0.64 0.52 0.65 0.90 1.22 1.54 1.80 1.97 2.04 1.91 1.68 1.40 1.07 0.85 0.72 0.75
  9   0.97 1.16 1.33 1.46 1.55 1.52 1.41 1.21 1.00 0.82 0.76 0.85 1.12 1.38 1.60 1.80 1.95 1.98 1.86 1.58 1.24 0.98 0.76 0.64
 10   0.70 0.87 1.06 1.24 1.41 1.57 1.58 1.50 1.36 1.17 1.01 0.93 1.00 1.20 1.42 1.62 1.82 1.96 1.96 1.79 1.53 1.23 0.90 0.60
 11   0.50 0.58 0.74 0.93 1.16 1.42 1.62 1.73 1.68 1.53 1.37 1.21 1.09 1.14 1.28 1.49 1.70 1.84 1.94 1.90 1.78 1.52 1.17 0.80
 12   0.47 0.40 0.46 0.60 0.90 1.20 1.49 1.71 1.84 1.85 1.72 1.50 1.30 1.18 1.18 1.28 1.43 1.60 1.79 1.89 1.86 1.63 1.35 0.97
 13   0.55 0.30 0.18 0.27 0.48 0.79 1.12 1.50 1.73 1.87 1.86 1.75 1.56 1.31 1.16 1.14 1.24 1.37 1.54 1.71 1.82 1.84 1.60 1.24
 14   0.87 0.48 0.16-0.03 0.08 0.37 0.72 1.15 1.55 1.84 2.01 2.00 1.77 1.51 1.26 1.07 0.99 1.08 1.24 1.46 1.63 1.75 1.74 1.53
 15   1.13 0.78 0.39 0.14-0.02 0.20 0.54 0.88 1.25 1.64 1.93 2.08 2.00 1.77 1.49 1.19 0.92 0.88 1.07 1.25 1.45 1.66 1.77 1.70
 16
 17
 18
 19
 20
 21
 22
 23
 24
 25
 26
 27
 28
 29
 30
 ----------------------------------------------------------------------------------------------------------------------------
                                                                                               
 ----------------------------------------------------------------------------------------------------------------------------
 ----------------------------------------------------------------------------------------------------------------------------
                                                          SURVEY OF INDIA
                                                    MARINE GEODESY WING (G&RB)
                                                     HOURLY HEIGHTS IN METRES
  NAME OF PORT:- KARWAR                                                                             MONTH JULY      YEAR 2011
 ----------------------------------------------------------------------------------------------------------------------------
 DAYS 0000 0001 0002 0003 0004 0005 0006 0007 0008 0009 0010 0011 0012 0013 0014 0015 0016 0017 0018 0019 0020 0021 0022 0023
 ----------------------------------------------------------------------------------------------------------------------------
  1
  2   1.37 1.07 0.74 0.36 0.06-0.10 0.02 0.27 0.70 1.12 1.50 1.85 2.01 1.94 1.70 1.40 1.07 0.90 0.86 0.96 1.16 1.39 1.61 1.71
  3   1.62 1.43 1.14 0.70 0.30 0.10 0.04 0.20 0.54 0.96 1.39 1.77 2.02 2.04 1.90 1.64 1.29 1.00 0.82 0.82 0.95 1.20 1.48 1.66
  4   1.74 1.64 1.43 1.10 0.66 0.34 0.16 0.18 0.41 0.78 1.20 1.63 1.94 2.06 2.04 1.84 1.50 1.10 0.85 0.72 0.76 0.92 1.20 1.47
  5   1.63 1.72 1.58 1.33 1.03 0.66 0.36 0.22 0.28 0.57 0.96 1.40 1.76 1.97 2.08 2.03 1.75 1.38 0.99 0.77 0.68 0.73 0.96 1.23
  6   1.54 1.66 1.69 1.64 1.42 1.10 0.75 0.54 0.52 0.64 0.90 1.28 1.64 1.95 2.15 2.20 1.96 1.67 1.30 0.92 0.64 0.60 0.70 0.92
  7   1.20 1.45 1.59 1.64 1.55 1.36 1.10 0.85 0.66 0.60 0.72 1.00 1.36 1.65 1.87 1.96 1.92 1.76 1.40 1.02 0.66 0.48 0.45 0.56
  8   0.79 1.06 1.30 1.48 1.58 1.54 1.40 1.18 0.97 0.80 0.74 0.84 1.07 1.38 1.61 1.78 1.84 1.76 1.58 1.27 0.91 0.52 0.35 0.33
  9   0.43 0.65 0.91 1.15 1.36 1.52 1.53 1.45 1.27 1.09 0.94 0.88 0.96 1.13 1.40 1.57 1.69 1.71 1.60 1.40 1.13 0.80 0.47 0.22
 10   0.20 0.30 0.51 0.76 1.00 1.24 1.46 1.52 1.49 1.35 1.20 1.08 1.03 1.08 1.20 1.36 1.52 1.61 1.62 1.56 1.39 1.10 0.76 0.50
 11   0.20 0.17 0.30 0.46 0.69 0.98 1.29 1.52 1.64 1.61 1.50 1.37 1.22 1.09 1.09 1.21 1.34 1.45 1.56 1.58 1.47 1.29 1.02 0.72
 12   0.46 0.15-0.04 0.13 0.41 0.73 1.03 1.31 1.56 1.66 1.67 1.58 1.36 1.19 1.05 1.01 1.12 1.26 1.39 1.54 1.60 1.48 1.27 1.00
 13   0.66 0.32 0.01-0.07 0.08 0.33 0.63 0.97 1.32 1.61 1.72 1.71 1.56 1.26 1.01 0.88 0.87 0.93 1.07 1.26 1.42 1.50 1.42 1.20
 14   0.85 0.50 0.13-0.12-0.16-0.01 0.30 0.69 1.13 1.45 1.70 1.82 1.72 1.46 1.15 0.92 0.77 0.73 0.81 1.03 1.27 1.47 1.48 1.37
 15   1.16 0.80 0.39 0.00-0.20-0.20 0.07 0.43 0.86 1.24 1.54 1.78 1.82 1.67 1.41 1.11 0.85 0.68 0.68 0.84 1.12 1.37 1.52 1.56
 16   1.42 1.11 0.79 0.42 0.09-0.04 0.08 0.34 0.71 1.15 1.52 1.82 1.97 1.90 1.66 1.36 1.04 0.77 0.66 0.72 1.02 1.28 1.48 1.60
 17   1.62 1.50 1.17 0.80 0.39 0.16 0.11 0.28 0.58 1.00 1.39 1.70 1.90 1.92 1.80 1.51 1.22 0.93 0.70 0.65 0.81 1.07 1.34 1.51
 18   1.60 1.58 1.45 1.16 0.84 0.50 0.35 0.38 0.58 0.90 1.26 1.58 1.87 2.00 1.92 1.70 1.39 1.08 0.80 0.67 0.75 0.94 1.15 1.38
 19   1.54 1.60 1.50 1.32 1.07 0.79 0.54 0.47 0.53 0.80 1.14 1.44 1.69 1.90 1.93 1.80 1.55 1.23 0.89 0.68 0.64 0.75 0.94 1.15
 20   1.36 1.50 1.53 1.38 1.20 0.97 0.74 0.58 0.58 0.70 1.03 1.38 1.63 1.79 1.87 1.86 1.67 1.34 1.00 0.75 0.63 0.65 0.76 0.90
 21   1.13 1.31 1.44 1.47 1.35 1.18 1.00 0.82 0.73 0.76 0.90 1.15 1.42 1.62 1.73 1.74 1.66 1.44 1.14 0.86 0.67 0.58 0.60 0.75
 22   0.93 1.11 1.27 1.38 1.42 1.33 1.18 1.03 0.90 0.88 0.94 1.10 1.28 1.46 1.60 1.68 1.62 1.46 1.20 0.94 0.73 0.59 0.52 0.56
 23   0.77 0.94 1.08 1.21 1.29 1.30 1.25 1.15 1.05 0.98 1.02 1.13 1.30 1.47 1.61 1.68 1.64 1.52 1.33 1.10 0.87 0.65 0.51 0.49
 24   0.54 0.73 0.91 1.07 1.19 1.28 1.30 1.27 1.20 1.13 1.08 1.06 1.14 1.27 1.39 1.50 1.55 1.50 1.38 1.22 1.00 0.78 0.55 0.43
 25   0.37 0.54 0.68 0.84 0.99 1.14 1.25 1.33 1.37 1.30 1.21 1.14 1.10 1.16 1.24 1.32 1.39 1.42 1.35 1.23 1.10 0.90 0.68 0.47
 26   0.35 0.32 0.43 0.59 0.77 0.99 1.21 1.36 1.44 1.45 1.39 1.31 1.24 1.16 1.16 1.24 1.32 1.38 1.44 1.43 1.34 1.16 0.93 0.68
 27   0.50 0.40 0.33 0.42 0.63 0.89 1.14 1.33 1.49 1.60 1.63 1.50 1.37 1.23 1.17 1.17 1.26 1.34 1.43 1.50 1.50 1.37 1.16 0.90
 28   0.60 0.36 0.20 0.22 0.38 0.60 0.89 1.20 1.49 1.68 1.75 1.69 1.49 1.31 1.18 1.10 1.11 1.19 1.29 1.44 1.55 1.55 1.42 1.17
 29   0.86 0.54 0.29 0.14 0.18 0.37 0.64 1.03 1.39 1.66 1.82 1.84 1.70 1.50 1.23 1.03 0.97 1.04 1.16 1.32 1.54 1.68 1.62 1.44
 30   1.16 0.80 0.43 0.14 0.03 0.15 0.48 0.84 1.19 1.55 1.84 1.94 1.90 1.68 1.34 1.04 0.91 0.88 0.95 1.14 1.37 1.60 1.76 1.68
 31   1.48 1.13 0.72 0.33 0.08 0.06 0.24 0.50 0.90 1.39 1.77 1.95 2.01 1.87 1.54 1.20 0.91 0.72 0.74 0.94 1.20 1.48 1.71 1.80
 ----------------------------------------------------------------------------------------------------------------------------
                                                                                               
 ----------------------------------------------------------------------------------------------------------------------------
 ----------------------------------------------------------------------------------------------------------------------------
                                                          SURVEY OF INDIA
                                                    MARINE GEODESY WING (G&RB)
                                                     HOURLY HEIGHTS IN METRES
  NAME OF PORT:- KARWAR                                                                             MONTH AUGUST    YEAR 2011
 ----------------------------------------------------------------------------------------------------------------------------
 DAYS 0000 0001 0002 0003 0004 0005 0006 0007 0008 0009 0010 0011 0012 0013 0014 0015 0016 0017 0018 0019 0020 0021 0022 0023
 ----------------------------------------------------------------------------------------------------------------------------
  1   1.72 1.46 1.06 0.65 0.28 0.06 0.06 0.37 0.78 1.24 1.66 1.96 2.11 2.07 1.79 1.37 0.97 0.67 0.54 0.65 0.92 1.23 1.58 1.78
  2
  3
  4
  5
  6
  7
  8
  9
 10
 11
 12
 13
 14
 15
 16   1.68 1.58 1.39 1.04 0.68 0.44 0.42 0.57 0.86 1.19 1.56 1.83 1.94 1.94 1.72 1.46 1.13 0.77 0.56 0.52 0.69 0.93 1.21 1.47
 17   1.62 1.66 1.53 1.30 0.99 0.71 0.58 0.58 0.73 1.03 1.39 1.66 1.86 1.93 1.80 1.58 1.27 0.87 0.60 0.50 0.55 0.75 1.05 1.32
 18   1.51 1.59 1.58 1.46 1.21 0.93 0.76 0.69 0.77 0.98 1.27 1.56 1.78 1.90 1.84 1.64 1.33 0.98 0.70 0.53 0.49 0.62 0.85 1.15
 19   1.40 1.53 1.57 1.50 1.32 1.09 0.86 0.77 0.79 0.93 1.15 1.42 1.62 1.75 1.74 1.62 1.41 1.09 0.77 0.57 0.45 0.49 0.66 0.88
 20   1.15 1.35 1.48 1.54 1.44 1.25 1.08 0.95 0.88 0.96 1.10 1.31 1.52 1.65 1.71 1.64 1.49 1.25 0.96 0.69 0.53 0.49 0.59 0.74
 21   0.98 1.16 1.31 1.40 1.45 1.38 1.23 1.09 1.03 1.00 1.06 1.21 1.39 1.53 1.62 1.59 1.47 1.30 1.06 0.80 0.60 0.47 0.47 0.58
 22   0.77 0.96 1.13 1.28 1.39 1.43 1.37 1.28 1.18 1.13 1.12 1.17 1.30 1.44 1.53 1.57 1.56 1.46 1.29 1.06 0.83 0.68 0.56 0.55
 23   0.62 0.77 0.96 1.12 1.28 1.42 1.50 1.47 1.39 1.30 1.24 1.21 1.24 1.31 1.38 1.43 1.46 1.45 1.36 1.20 0.99 0.76 0.57 0.47
 24   0.41 0.46 0.60 0.78 0.96 1.14 1.32 1.39 1.41 1.35 1.25 1.17 1.13 1.12 1.16 1.22 1.30 1.34 1.36 1.32 1.18 1.00 0.78 0.59
 25   0.38 0.33 0.39 0.53 0.73 0.96 1.22 1.41 1.55 1.56 1.48 1.35 1.19 1.08 1.03 1.06 1.16 1.26 1.34 1.38 1.34 1.24 1.03 0.80
 26   0.52 0.29 0.23 0.30 0.45 0.71 1.02 1.32 1.56 1.68 1.63 1.49 1.32 1.12 0.96 0.91 0.95 1.08 1.24 1.37 1.47 1.48 1.36 1.13
 27   0.78 0.49 0.28 0.21 0.29 0.55 0.87 1.23 1.52 1.74 1.83 1.76 1.55 1.25 1.00 0.80 0.76 0.87 1.07 1.32 1.54 1.64 1.62 1.42
 28   1.21 0.79 0.45 0.23 0.13 0.32 0.63 1.02 1.41 1.71 1.89 1.93 1.74 1.42 1.06 0.76 0.60 0.61 0.84 1.12 1.43 1.66 1.78 1.76
 29   1.62 1.20 0.81 0.40 0.17 0.19 0.47 0.82 1.25 1.59 1.87 2.04 1.94 1.68 1.26 0.86 0.53 0.39 0.51 0.82 1.18 1.52 1.78 1.92
 30   1.84 1.57 1.18 0.70 0.37 0.22 0.33 0.66 1.08 1.51 1.83 2.06 2.12 1.96 1.50 1.08 0.67 0.34 0.27 0.54 0.86 1.27 1.66 1.93
 31   2.05 1.94 1.64 1.20 0.74 0.46 0.38 0.58 0.92 1.32 1.74 2.04 2.21 2.14 1.83 1.38 0.87 0.41 0.20 0.28 0.54 0.88 1.34 1.73
 ----------------------------------------------------------------------------------------------------------------------------
                                                                                               
 ----------------------------------------------------------------------------------------------------------------------------
 ----------------------------------------------------------------------------------------------------------------------------
                                                          SURVEY OF INDIA
                                                    MARINE GEODESY WING (G&RB)
                                                     HOURLY HEIGHTS IN METRES
  NAME OF PORT:- KARWAR                                                                             MONTH SEPT      YEAR 2011
 ----------------------------------------------------------------------------------------------------------------------------
 DAYS 0000 0001 0002 0003 0004 0005 0006 0007 0008 0009 0010 0011 0012 0013 0014 0015 0016 0017 0018 0019 0020 0021 0022 0023
 ----------------------------------------------------------------------------------------------------------------------------
  1   1.98 2.01 1.94 1.64 1.21 0.78 0.57 0.58 0.77 1.12 1.56 1.88 2.12 2.19 1.98 1.62 1.10 0.52 0.19 0.08 0.20 0.48 0.90 1.40
  2   1.76 1.95 2.00 1.84 1.53 1.18 0.89 0.76 0.82 1.08 1.42 1.75 1.99 2.09 2.07 1.83 1.39 0.93 0.49 0.22 0.18 0.30 0.58 1.05
  3   1.45 1.72 1.94 1.96 1.79 1.52 1.24 1.00 0.92 1.01 1.21 1.47 1.72 1.89 1.97 1.88 1.64 1.24 0.82 0.50 0.29 0.18 0.38 0.66
  4   1.03 1.32 1.58 1.75 1.81 1.71 1.51 1.30 1.12 1.05 1.08 1.22 1.44 1.63 1.73 1.74 1.64 1.44 1.14 0.79 0.49 0.30 0.27 0.38
  5   0.65 0.92 1.19 1.45 1.68 1.76 1.68 1.51 1.32 1.18 1.11 1.17 1.27 1.41 1.53 1.59 1.60 1.55 1.38 1.16 0.86 0.61 0.48 0.47
  6   0.54 0.70 0.94 1.20 1.42 1.60 1.72 1.74 1.65 1.50 1.34 1.20 1.18 1.23 1.29 1.38 1.48 1.52 1.50 1.42 1.25 1.04 0.82 0.61
  7   0.52 0.57 0.72 0.90 1.11 1.36 1.57 1.72 1.74 1.68 1.53 1.36 1.18 1.09 1.09 1.15 1.24 1.37 1.50 1.49 1.36 1.16 0.96 0.75
  8   0.60 0.50 0.48 0.57 0.72 0.93 1.19 1.44 1.68 1.80 1.71 1.56 1.33 1.12 0.97 0.97 1.06 1.16 1.29 1.44 1.49 1.39 1.17 0.90
  9   0.70 0.60 0.56 0.62 0.83 1.10 1.36 1.58 1.74 1.83 1.83 1.71 1.51 1.28 1.02 0.77 0.75 0.91 1.11 1.29 1.44 1.49 1.40 1.14
 10   0.83 0.64 0.53 0.51 0.65 0.82 1.04 1.25 1.46 1.61 1.74 1.78 1.66 1.40 1.11 0.84 0.64 0.71 0.89 1.16 1.43 1.61 1.68 1.62
 11   1.46 1.15 0.84 0.58 0.44 0.56 0.83 1.12 1.42 1.69 1.87 1.90 1.74 1.45 1.12 0.80 0.59 0.56 0.68 0.97 1.30 1.55 1.66 1.69
 12   1.58 1.35 1.04 0.75 0.57 0.55 0.71 1.02 1.33 1.59 1.79 1.87 1.85 1.63 1.27 0.84 0.58 0.52 0.59 0.80 1.11 1.43 1.68 1.80
 13   1.75 1.54 1.24 0.93 0.67 0.56 0.65 0.86 1.20 1.55 1.77 1.89 1.88 1.66 1.34 0.94 0.64 0.46 0.46 0.62 0.91 1.25 1.55 1.72
 14   1.79 1.70 1.47 1.12 0.77 0.60 0.62 0.78 1.02 1.39 1.66 1.79 1.84 1.70 1.39 1.04 0.66 0.38 0.31 0.42 0.65 0.98 1.35 1.60
 15   1.76 1.74 1.58 1.31 1.00 0.72 0.62 0.72 0.94 1.25 1.50 1.68 1.76 1.70 1.52 1.16 0.75 0.42 0.28 0.29 0.46 0.75 1.14 1.42
 16   1.62 1.69 1.64 1.44 1.12 0.83 0.70 0.70 0.84 1.07 1.33 1.58 1.69 1.65 1.52 1.26 0.88 0.54 0.32 0.26 0.34 0.56 0.90 1.26
 17   1.46 1.58 1.62 1.52 1.29 1.04 0.83 0.75 0.82 1.01 1.24 1.46 1.60 1.64 1.56 1.36 1.06 0.68 0.42 0.29 0.32 0.46 0.72 1.01
 18   1.28 1.49 1.61 1.58 1.39 1.18 1.00 0.90 0.88 0.98 1.16 1.35 1.53 1.62 1.55 1.39 1.17 0.90 0.59 0.41 0.34 0.41 0.60 0.84
 19   1.13 1.33 1.47 1.54 1.50 1.37 1.19 1.03 0.97 1.02 1.12 1.25 1.43 1.55 1.56 1.45 1.29 1.08 0.82 0.60 0.44 0.40 0.51 0.68
 20   0.94 1.16 1.36 1.50 1.54 1.49 1.39 1.26 1.14 1.07 1.11 1.20 1.30 1.40 1.46 1.44 1.35 1.22 1.00 0.80 0.62 0.49 0.46 0.54
 21   0.75 0.95 1.12 1.29 1.44 1.53 1.51 1.43 1.32 1.23 1.17 1.18 1.22 1.29 1.36 1.40 1.40 1.34 1.24 1.07 0.92 0.76 0.62 0.57
 22   0.64 0.78 0.94 1.09 1.28 1.46 1.56 1.60 1.52 1.39 1.26 1.18 1.14 1.18 1.23 1.29 1.37 1.40 1.39 1.34 1.23 1.06 0.86 0.69
 23   0.60 0.62 0.72 0.88 1.10 1.34 1.54 1.68 1.69 1.63 1.48 1.29 1.13 1.04 1.02 1.08 1.19 1.32 1.45 1.50 1.45 1.33 1.15 0.92
 24   0.65 0.54 0.56 0.66 0.84 1.09 1.42 1.67 1.79 1.78 1.64 1.43 1.19 0.97 0.84 0.85 0.96 1.14 1.39 1.56 1.66 1.59 1.44 1.23
 25   0.90 0.60 0.47 0.51 0.63 0.86 1.23 1.59 1.82 1.92 1.84 1.61 1.32 0.98 0.74 0.59 0.64 0.86 1.14 1.43 1.66 1.78 1.73 1.57
 26   1.24 0.86 0.56 0.42 0.47 0.67 0.99 1.35 1.70 1.94 1.96 1.81 1.51 1.14 0.69 0.40 0.36 0.50 0.76 1.14 1.50 1.76 1.89 1.86
 27   1.65 1.27 0.82 0.52 0.44 0.54 0.81 1.18 1.59 1.91 2.03 1.98 1.75 1.36 0.83 0.36 0.14 0.14 0.37 0.73 1.19 1.58 1.90 1.98
 28   1.90 1.57 1.17 0.73 0.48 0.42 0.55 0.88 1.30 1.69 1.90 1.96 1.88 1.55 0.98 0.34-0.03-0.16-0.05 0.27 0.68 1.16 1.62 1.91
 29   1.98 1.84 1.49 1.08 0.66 0.43 0.45 0.69 1.05 1.44 1.74 1.91 1.94 1.72 1.29 0.72 0.15-0.15-0.26-0.08 0.29 0.81 1.31 1.67
 30   1.96 2.00 1.84 1.48 1.01 0.69 0.58 0.66 0.90 1.19 1.50 1.76 1.89 1.82 1.55 1.08 0.50 0.03-0.22-0.25-0.01 0.41 0.88 1.32
 ----------------------------------------------------------------------------------------------------------------------------
                                                                                               
 ----------------------------------------------------------------------------------------------------------------------------
 ----------------------------------------------------------------------------------------------------------------------------
                                                          SURVEY OF INDIA
                                                    MARINE GEODESY WING (G&RB)
                                                     HOURLY HEIGHTS IN METRES
  NAME OF PORT:- KARWAR                                                                             MONTH OCTOBER   YEAR 2011
 ----------------------------------------------------------------------------------------------------------------------------
 DAYS 0000 0001 0002 0003 0004 0005 0006 0007 0008 0009 0010 0011 0012 0013 0014 0015 0016 0017 0018 0019 0020 0021 0022 0023
 ----------------------------------------------------------------------------------------------------------------------------
  1   1.67 1.91 1.92 1.70 1.32 0.95 0.72 0.62 0.71 0.96 1.24 1.51 1.68 1.73 1.63 1.36 0.87 0.37 0.04-0.15-0.11 0.13 0.52 0.96
  2   1.38 1.65 1.86 1.84 1.61 1.31 1.01 0.81 0.73 0.83 1.04 1.31 1.49 1.59 1.61 1.51 1.25 0.87 0.46 0.16 0.03 0.12 0.35 0.65
  3   1.05 1.33 1.60 1.75 1.69 1.52 1.32 1.11 0.92 0.86 0.95 1.09 1.25 1.40 1.50 1.55 1.44 1.18 0.90 0.62 0.41 0.29 0.29 0.49
  4   0.74 1.05 1.29 1.49 1.61 1.63 1.52 1.35 1.16 1.03 0.95 0.97 1.06 1.17 1.27 1.35 1.35 1.30 1.16 0.93 0.70 0.53 0.45 0.48
  5   0.59 0.77 1.01 1.25 1.43 1.56 1.60 1.55 1.43 1.25 1.07 0.97 0.97 1.00 1.07 1.16 1.25 1.33 1.31 1.23 1.08 0.92 0.77 0.61
  6   0.55 0.67 0.83 0.99 1.20 1.39 1.53 1.62 1.59 1.43 1.22 1.05 0.92 0.83 0.79 0.86 0.99 1.12 1.25 1.29 1.26 1.16 0.99 0.79
  7   0.59 0.57 0.65 0.78 0.95 1.19 1.40 1.55 1.63 1.57 1.41 1.18 0.97 0.77 0.66 0.63 0.76 0.95 1.14 1.27 1.34 1.35 1.25 1.05
  8   0.79 0.63 0.60 0.68 0.81 0.98 1.24 1.49 1.63 1.63 1.52 1.34 1.06 0.78 0.57 0.48 0.59 0.75 0.97 1.18 1.37 1.47 1.47 1.30
  9   1.07 0.82 0.64 0.61 0.69 0.85 1.11 1.38 1.59 1.69 1.61 1.46 1.21 0.89 0.61 0.43 0.42 0.58 0.84 1.11 1.35 1.52 1.59 1.53
 10   1.32 1.05 0.80 0.66 0.65 0.77 1.01 1.30 1.55 1.67 1.67 1.59 1.37 1.03 0.64 0.35 0.29 0.38 0.59 0.87 1.19 1.45 1.66 1.68
 11   1.51 1.27 1.03 0.78 0.59 0.67 0.86 1.13 1.37 1.57 1.67 1.64 1.47 1.16 0.77 0.45 0.25 0.23 0.43 0.73 1.08 1.40 1.64 1.76
 12   1.71 1.46 1.18 0.93 0.72 0.63 0.78 1.04 1.31 1.51 1.60 1.63 1.55 1.30 0.96 0.52 0.29 0.24 0.33 0.57 0.93 1.33 1.59 1.79
 13   1.81 1.67 1.39 1.10 0.87 0.74 0.77 1.02 1.28 1.49 1.65 1.77 1.70 1.43 1.10 0.69 0.37 0.25 0.27 0.49 0.79 1.16 1.52 1.79
 14   1.92 1.85 1.64 1.37 1.07 0.85 0.82 0.97 1.19 1.43 1.62 1.74 1.76 1.58 1.27 0.89 0.51 0.31 0.28 0.37 0.59 0.95 1.38 1.67
 15   1.85 1.87 1.73 1.52 1.25 0.99 0.91 0.99 1.14 1.32 1.54 1.70 1.75 1.64 1.40 1.07 0.68 0.42 0.29 0.28 0.48 0.77 1.15 1.49
 16   1.73 1.89 1.86 1.67 1.40 1.15 1.00 0.96 1.06 1.22 1.43 1.59 1.71 1.69 1.55 1.23 0.88 0.59 0.41 0.33 0.37 0.59 0.98 1.33
 17   1.59 1.77 1.86 1.75 1.57 1.35 1.17 1.06 1.04 1.17 1.35 1.52 1.65 1.69 1.59 1.41 1.14 0.85 0.60 0.44 0.44 0.58 0.80 1.10
 18   1.47 1.67 1.79 1.79 1.67 1.48 1.29 1.16 1.09 1.10 1.21 1.38 1.54 1.61 1.58 1.47 1.27 1.01 0.76 0.57 0.49 0.53 0.70 0.93
 19   1.23 1.44 1.63 1.74 1.77 1.65 1.49 1.35 1.22 1.15 1.17 1.31 1.47 1.55 1.59 1.54 1.44 1.30 1.10 0.88 0.73 0.70 0.74 0.84
 20   1.07 1.33 1.53 1.68 1.77 1.77 1.68 1.56 1.42 1.27 1.20 1.25 1.32 1.39 1.47 1.51 1.48 1.41 1.29 1.13 0.95 0.84 0.74 0.71
 21   0.85 1.07 1.26 1.45 1.63 1.73 1.74 1.66 1.54 1.39 1.22 1.13 1.09 1.12 1.21 1.31 1.38 1.45 1.45 1.36 1.21 1.06 0.89 0.78
 22   0.77 0.85 0.99 1.23 1.46 1.65 1.77 1.79 1.68 1.52 1.32 1.13 0.98 0.89 0.94 1.06 1.21 1.41 1.55 1.60 1.53 1.41 1.25 1.05
 23   0.86 0.85 0.94 1.12 1.35 1.58 1.80 1.95 1.95 1.78 1.54 1.28 1.03 0.81 0.69 0.75 0.97 1.22 1.46 1.63 1.72 1.71 1.55 1.32
 24   1.05 0.87 0.79 0.88 1.08 1.35 1.60 1.83 1.95 1.90 1.73 1.42 1.06 0.70 0.48 0.43 0.61 0.87 1.19 1.53 1.77 1.92 1.87 1.68
 25   1.42 1.04 0.85 0.80 0.89 1.12 1.42 1.73 1.95 2.01 1.94 1.70 1.32 0.83 0.40 0.24 0.25 0.53 0.91 1.28 1.61 1.89 2.06 2.05
 26   1.84 1.46 1.11 0.87 0.83 0.99 1.25 1.55 1.84 2.03 2.05 1.83 1.49 1.02 0.46 0.10-0.07 0.05 0.40 0.85 1.32 1.73 2.07 2.21
 27   2.07 1.73 1.38 1.08 0.85 0.76 0.97 1.31 1.63 1.88 2.02 1.99 1.80 1.34 0.76 0.23-0.08-0.17 0.05 0.44 0.93 1.50 1.93 2.19
 28   2.31 2.16 1.82 1.44 1.10 0.89 0.91 1.16 1.47 1.76 1.99 2.12 2.02 1.72 1.24 0.72 0.25-0.05-0.05 0.21 0.66 1.18 1.68 2.06
 29   2.34 2.36 2.19 1.79 1.43 1.12 0.96 1.05 1.27 1.56 1.84 2.01 2.06 1.91 1.59 1.12 0.56 0.23-0.01 0.05 0.31 0.75 1.26 1.69
 30   2.05 2.31 2.25 1.98 1.65 1.35 1.09 1.00 1.07 1.27 1.58 1.79 1.91 1.91 1.75 1.45 1.01 0.56 0.25 0.09 0.16 0.49 0.91 1.30
 31   1.73 2.04 2.19 2.10 1.87 1.59 1.27 1.07 1.01 1.09 1.25 1.52 1.71 1.79 1.76 1.61 1.36 1.04 0.67 0.43 0.32 0.45 0.75 1.10
 ----------------------------------------------------------------------------------------------------------------------------
                                                                                               
 ----------------------------------------------------------------------------------------------------------------------------
 ----------------------------------------------------------------------------------------------------------------------------
                                                          SURVEY OF INDIA
                                                    MARINE GEODESY WING (G&RB)
                                                     HOURLY HEIGHTS IN METRES
  NAME OF PORT:- KARWAR                                                                             MONTH NOVEMBER  YEAR 2011
 ----------------------------------------------------------------------------------------------------------------------------
 DAYS 0000 0001 0002 0003 0004 0005 0006 0007 0008 0009 0010 0011 0012 0013 0014 0015 0016 0017 0018 0019 0020 0021 0022 0023
 ----------------------------------------------------------------------------------------------------------------------------
  1   1.45 1.78 2.03 2.15 2.06 1.87 1.62 1.38 1.20 1.10 1.11 1.29 1.46 1.59 1.66 1.68 1.57 1.36 1.08 0.81 0.66 0.61 0.69 0.93
  2   1.23 1.54 1.79 2.01 2.07 1.95 1.79 1.62 1.42 1.21 1.09 1.13 1.23 1.36 1.45 1.51 1.51 1.45 1.33 1.13 0.96 0.85 0.77 0.82
  3   1.02 1.27 1.51 1.67 1.81 1.90 1.86 1.71 1.53 1.30 1.07 0.97 0.95 1.01 1.10 1.21 1.29 1.37 1.40 1.31 1.17 1.04 0.95 0.89
  4   0.91 1.07 1.27 1.46 1.64 1.75 1.81 1.79 1.67 1.48 1.27 1.08 0.97 0.90 0.93 1.05 1.20 1.34 1.45 1.51 1.50 1.43 1.29 1.16
  5   1.07 1.10 1.21 1.35 1.53 1.72 1.83 1.89 1.85 1.69 1.45 1.25 1.06 0.91 0.84 0.90 1.07 1.26 1.46 1.59 1.65 1.65 1.58 1.45
  6   1.27 1.20 1.19 1.28 1.44 1.62 1.76 1.86 1.89 1.80 1.62 1.40 1.14 0.90 0.77 0.76 0.86 1.08 1.32 1.52 1.65 1.73 1.73 1.63
  7   1.44 1.28 1.16 1.13 1.25 1.42 1.58 1.73 1.84 1.85 1.68 1.46 1.18 0.84 0.62 0.53 0.59 0.80 1.11 1.36 1.57 1.72 1.78 1.72
  8   1.53 1.31 1.14 1.07 1.13 1.24 1.42 1.57 1.71 1.77 1.68 1.46 1.22 0.92 0.63 0.44 0.41 0.61 0.90 1.19 1.48 1.71 1.86 1.86
  9   1.73 1.49 1.27 1.10 1.05 1.12 1.28 1.48 1.65 1.73 1.71 1.59 1.34 1.03 0.68 0.43 0.35 0.46 0.71 1.03 1.38 1.71 1.92 2.00
 10   1.89 1.69 1.47 1.25 1.09 1.05 1.19 1.43 1.63 1.74 1.76 1.68 1.48 1.19 0.83 0.50 0.31 0.35 0.53 0.82 1.17 1.56 1.84 1.99
 11   2.00 1.85 1.59 1.35 1.13 1.05 1.11 1.27 1.46 1.63 1.74 1.71 1.54 1.27 0.91 0.58 0.32 0.23 0.30 0.55 0.92 1.34 1.70 1.93
 12   2.05 1.99 1.78 1.51 1.26 1.09 1.04 1.17 1.37 1.57 1.73 1.78 1.67 1.49 1.12 0.60 0.39 0.29 0.31 0.48 0.81 1.24 1.63 1.89
 13   2.08 2.07 1.93 1.66 1.35 1.15 1.05 1.11 1.28 1.47 1.65 1.75 1.69 1.53 1.27 0.90 0.51 0.31 0.22 0.29 0.58 0.94 1.35 1.67
 14   1.93 2.03 1.95 1.74 1.44 1.21 1.07 1.03 1.10 1.25 1.45 1.61 1.64 1.56 1.37 1.07 0.68 0.37 0.23 0.23 0.37 0.69 1.06 1.44
 15   1.72 1.88 1.90 1.79 1.57 1.31 1.07 0.96 1.00 1.12 1.28 1.45 1.54 1.55 1.43 1.19 0.88 0.58 0.40 0.28 0.32 0.54 0.87 1.25
 16   1.54 1.78 1.93 1.89 1.73 1.45 1.23 1.09 1.01 1.04 1.15 1.29 1.47 1.56 1.53 1.39 1.16 0.89 0.64 0.49 0.47 0.56 0.77 1.08
 17   1.42 1.69 1.87 1.95 1.87 1.68 1.45 1.24 1.09 1.04 1.09 1.17 1.34 1.47 1.51 1.49 1.37 1.17 0.95 0.76 0.65 0.64 0.73 0.95
 18   1.25 1.52 1.73 1.89 1.93 1.83 1.65 1.43 1.23 1.05 0.97 0.98 1.09 1.22 1.33 1.40 1.43 1.37 1.23 1.01 0.84 0.76 0.72 0.81
 19   1.02 1.26 1.49 1.69 1.82 1.85 1.73 1.56 1.30 1.05 0.87 0.79 0.83 0.93 1.05 1.20 1.34 1.41 1.39 1.28 1.13 0.99 0.87 0.81
 20   0.90 1.09 1.29 1.49 1.67 1.81 1.82 1.71 1.50 1.22 0.97 0.78 0.67 0.67 0.79 0.97 1.16 1.35 1.53 1.55 1.49 1.37 1.20 1.03
 21   0.89 1.02 1.16 1.33 1.53 1.74 1.85 1.87 1.74 1.49 1.21 0.87 0.61 0.51 0.53 0.65 0.90 1.20 1.49 1.66 1.71 1.70 1.60 1.41
 22   1.19 1.03 1.10 1.24 1.42 1.63 1.83 1.95 1.91 1.71 1.45 1.08 0.70 0.43 0.29 0.33 0.53 0.87 1.27 1.58 1.81 1.92 1.90 1.72
 23   1.41 1.18 1.07 1.05 1.18 1.41 1.64 1.83 1.91 1.84 1.63 1.28 0.86 0.42 0.17 0.07 0.16 0.52 0.96 1.37 1.71 1.99 2.12 2.07
 24   1.77 1.52 1.27 1.11 1.11 1.22 1.44 1.71 1.88 1.95 1.85 1.59 1.24 0.75 0.29-0.01-0.07 0.17 0.55 0.99 1.45 1.85 2.15 2.27
 25   2.14 1.81 1.49 1.20 1.07 1.05 1.17 1.44 1.72 1.87 1.97 1.82 1.53 1.11 0.55 0.13-0.14-0.15 0.13 0.47 0.97 1.47 1.97 2.24
 26   2.31 2.13 1.82 1.47 1.15 0.99 1.05 1.26 1.49 1.77 1.93 1.93 1.80 1.45 1.01 0.49 0.08-0.10-0.05 0.23 0.72 1.29 1.72 2.06
 27   2.33 2.31 2.07 1.72 1.37 1.11 0.98 1.08 1.31 1.55 1.80 1.94 1.95 1.79 1.46 0.99 0.53 0.20 0.04 0.08 0.47 1.03 1.49 1.91
 28
 29
 30
 ----------------------------------------------------------------------------------------------------------------------------
                                                                                               
 ----------------------------------------------------------------------------------------------------------------------------
 ----------------------------------------------------------------------------------------------------------------------------
                                                          SURVEY OF INDIA
                                                    MARINE GEODESY WING (G&RB)
                                                     HOURLY HEIGHTS IN METRES
  NAME OF PORT:- KARWAR                                                                             MONTH DECEMBER  YEAR 2011
 ----------------------------------------------------------------------------------------------------------------------------
 DAYS 0000 0001 0002 0003 0004 0005 0006 0007 0008 0009 0010 0011 0012 0013 0014 0015 0016 0017 0018 0019 0020 0021 0022 0023
 ----------------------------------------------------------------------------------------------------------------------------
  1
  2   1.33 1.58 1.79 1.96 2.02 1.91 1.73 1.53 1.33 1.09 0.91 0.88 0.96 1.09 1.21 1.33 1.43 1.48 1.45 1.32 1.19 1.11 1.08 1.13
  3   1.23 1.45 1.65 1.81 1.89 1.91 1.83 1.65 1.43 1.19 0.99 0.83 0.82 0.89 0.96 1.08 1.21 1.34 1.41 1.41 1.35 1.27 1.19 1.13
  4   1.13 1.29 1.46 1.57 1.67 1.73 1.73 1.66 1.50 1.28 1.03 0.82 0.70 0.68 0.74 0.86 1.03 1.21 1.37 1.47 1.48 1.43 1.37 1.29
  5   1.25 1.23 1.30 1.43 1.57 1.67 1.73 1.70 1.59 1.41 1.17 0.93 0.77 0.65 0.60 0.69 0.85 1.09 1.31 1.47 1.57 1.62 1.59 1.49
  6   1.37 1.27 1.29 1.35 1.46 1.55 1.63 1.68 1.66 1.53 1.29 1.03 0.79 0.63 0.51 0.51 0.63 0.91 1.21 1.46 1.65 1.75 1.77 1.72
  7   1.57 1.39 1.30 1.29 1.35 1.47 1.57 1.65 1.70 1.63 1.47 1.19 0.91 0.67 0.47 0.42 0.50 0.69 1.03 1.34 1.57 1.76 1.86 1.86
  8   1.69 1.49 1.35 1.24 1.19 1.29 1.43 1.56 1.65 1.63 1.51 1.31 1.07 0.75 0.47 0.32 0.31 0.51 0.79 1.11 1.43 1.73 1.91 1.91
  9   1.81 1.63 1.47 1.27 1.14 1.19 1.33 1.49 1.62 1.67 1.64 1.48 1.23 0.93 0.59 0.33 0.25 0.33 0.61 0.95 1.33 1.67 1.87 1.94
 10   1.95 1.83 1.59 1.37 1.19 1.15 1.25 1.41 1.54 1.63 1.67 1.60 1.37 1.09 0.75 0.42 0.27 0.25 0.41 0.73 1.13 1.53 1.85 2.06
 11   2.09 1.95 1.77 1.49 1.23 1.11 1.15 1.29 1.47 1.63 1.71 1.67 1.57 1.33 0.93 0.57 0.31 0.21 0.35 0.58 0.91 1.35 1.71 1.95
 12   2.10 2.05 1.91 1.63 1.30 1.11 1.09 1.16 1.30 1.48 1.65 1.75 1.69 1.46 1.11 0.77 0.49 0.29 0.23 0.37 0.71 1.13 1.56 1.88
 13   2.09 2.17 2.05 1.79 1.46 1.21 1.07 1.07 1.19 1.39 1.60 1.73 1.73 1.62 1.41 1.07 0.71 0.41 0.29 0.29 0.49 0.86 1.32 1.69
 14   1.93 2.11 2.13 1.91 1.59 1.31 1.05 0.97 1.03 1.17 1.37 1.59 1.70 1.67 1.51 1.29 0.96 0.65 0.43 0.34 0.43 0.77 1.19 1.55
 15   1.81 2.00 2.15 2.07 1.79 1.47 1.22 1.03 0.97 1.05 1.23 1.43 1.61 1.71 1.65 1.49 1.23 0.93 0.59 0.43 0.49 0.73 1.07 1.39
 16   1.67 1.89 2.09 2.15 1.97 1.71 1.41 1.11 0.93 0.92 1.03 1.19 1.39 1.59 1.65 1.57 1.39 1.03 0.67 0.53 0.51 0.65 0.87 1.13
 17   1.47 1.72 1.98 2.11 2.08 1.85 1.56 1.25 0.99 0.81 0.79 0.90 1.06 1.24 1.41 1.51 1.55 1.45 1.25 1.05 0.89 0.80 0.83 0.97
 18   1.27 1.55 1.77 1.91 1.93 1.87 1.69 1.39 1.09 0.81 0.63 0.62 0.74 0.94 1.13 1.30 1.44 1.52 1.49 1.39 1.19 1.04 0.97 0.97
 19   1.16 1.39 1.61 1.79 1.89 1.93 1.83 1.61 1.31 1.01 0.69 0.55 0.53 0.66 0.81 1.03 1.27 1.45 1.59 1.61 1.56 1.46 1.32 1.21
 20   1.19 1.31 1.49 1.65 1.78 1.87 1.89 1.75 1.55 1.19 0.83 0.57 0.41 0.45 0.63 0.83 1.03 1.24 1.46 1.67 1.75 1.69 1.57 1.41
 21   1.28 1.22 1.33 1.49 1.62 1.75 1.85 1.87 1.71 1.43 1.09 0.77 0.51 0.28 0.33 0.53 0.79 1.06 1.35 1.64 1.84 1.90 1.79 1.63
 22   1.45 1.29 1.21 1.26 1.41 1.56 1.70 1.85 1.88 1.76 1.45 1.07 0.68 0.35 0.14 0.21 0.43 0.73 1.09 1.46 1.79 2.01 2.03 1.89
 23   1.69 1.48 1.30 1.19 1.16 1.28 1.46 1.64 1.85 1.90 1.80 1.47 1.04 0.59 0.19 0.01 0.09 0.33 0.69 1.13 1.57 1.93 2.19 2.21
 24   1.99 1.75 1.51 1.31 1.17 1.07 1.15 1.37 1.59 1.85 1.93 1.87 1.49 1.01 0.49 0.11 0.01 0.13 0.43 0.85 1.29 1.75 2.11 2.31
 25   2.29 2.07 1.77 1.49 1.31 1.13 1.06 1.25 1.49 1.69 1.85 1.93 1.77 1.41 0.91 0.35 0.09 0.02 0.29 0.67 1.07 1.55 1.97 2.21
 26   2.35 2.21 1.95 1.66 1.41 1.21 1.05 1.09 1.29 1.53 1.75 1.89 1.83 1.64 1.31 0.87 0.39 0.11 0.09 0.29 0.69 1.19 1.59 1.95
 27   2.24 2.34 2.18 1.82 1.44 1.10 0.84 0.86 1.02 1.24 1.50 1.72 1.80 1.74 1.52 1.16 0.74 0.38 0.20 0.24 0.50 0.90 1.36 1.76
 28   2.10 2.26 2.24 1.98 1.66 1.24 0.92 0.78 0.80 0.98 1.24 1.46 1.62 1.66 1.60 1.38 1.04 0.66 0.42 0.34 0.42 0.70 1.14 1.54
 29   1.84 2.04 2.14 2.08 1.80 1.44 1.04 0.80 0.71 0.78 0.96 1.17 1.38 1.53 1.54 1.44 1.26 0.98 0.76 0.58 0.52 0.66 0.98 1.38
 30   1.68 1.88 2.03 2.03 1.88 1.58 1.22 0.95 0.76 0.66 0.76 0.96 1.15 1.30 1.39 1.42 1.34 1.18 0.96 0.80 0.70 0.73 0.90 1.16
 31   1.50 1.70 1.86 1.92 1.86 1.65 1.36 1.08 0.82 0.66 0.64 0.78 0.94 1.11 1.24 1.31 1.36 1.33 1.20 1.02 0.90 0.88 0.97 1.14
 ----------------------------------------------------------------------------------------------------------------------------
                                                                                               
 ----------------------------------------------------------------------------------------------------------------------------
 ----------------------------------------------------------------------------------------------------------------------------
