                                                          SURVEY OF INDIA
                                                    MARINE GEODESY WING (G&RB)
                                                     HOURLY HEIGHTS IN METRES
  NAME OF PORT:- KARWAR                                                                             MONTH JANUARY   YEAR 2014
 ----------------------------------------------------------------------------------------------------------------------------
 DAYS 0000 0001 0002 0003 0004 0005 0006 0007 0008 0009 0010 0011 0012 0013 0014 0015 0016 0017 0018 0019 0020 0021 0022 0023
 ----------------------------------------------------------------------------------------------------------------------------
  1   2.09 1.82 1.51 1.18 1.03 1.09 1.27 1.48 1.73 1.89 1.94 1.80 1.53 1.07 0.57 0.17 0.02 0.03 0.30 0.77 1.30 1.76 2.08 2.33
  2   2.36 2.16 1.82 1.42 1.10 0.98 1.07 1.26 1.54 1.80 1.96 2.00 1.83 1.50 1.01 0.53 0.16-0.06 0.10 0.50 0.97 1.47 1.90 2.27
  3   2.45 2.36 2.04 1.64 1.26 0.96 0.82 0.92 1.16 1.54 1.82 1.97 2.00 1.84 1.50 1.04 0.56 0.19 0.12 0.28 0.70 1.20 1.68 2.13
  4   2.40 2.53 2.48 2.04 1.56 1.13 0.88 0.82 0.94 1.26 1.55 1.84 2.06 2.07 1.86 1.53 1.02 0.59 0.32 0.31 0.54 0.97 1.43 1.83
  5   2.24 2.52 2.50 2.25 1.84 1.37 0.98 0.77 0.74 0.88 1.18 1.50 1.74 1.92 1.97 1.72 1.38 0.94 0.58 0.43 0.50 0.80 1.22 1.66
  6   2.00 2.29 2.42 2.30 1.94 1.50 1.10 0.77 0.64 0.70 0.88 1.12 1.42 1.65 1.77 1.76 1.58 1.27 0.97 0.76 0.67 0.77 1.08 1.45
  7   1.76 2.04 2.27 2.36 2.15 1.78 1.42 1.10 0.80 0.62 0.68 0.95 1.20 1.40 1.57 1.68 1.68 1.50 1.26 1.07 0.95 0.92 1.06 1.26
  8   1.62 1.88 2.06 2.12 2.08 1.85 1.54 1.18 0.86 0.66 0.60 0.63 0.78 0.97 1.17 1.38 1.58 1.68 1.66 1.51 1.36 1.26 1.21 1.21
  9   1.38 1.61 1.80 1.97 2.05 2.01 1.83 1.60 1.33 1.01 0.76 0.66 0.68 0.84 1.02 1.21 1.40 1.55 1.64 1.62 1.54 1.44 1.31 1.22
 10   1.29 1.47 1.63 1.75 1.85 1.86 1.77 1.61 1.38 1.08 0.87 0.71 0.60 0.60 0.70 0.88 1.10 1.35 1.57 1.72 1.77 1.74 1.63 1.50
 11   1.40 1.37 1.44 1.52 1.61 1.69 1.74 1.72 1.58 1.39 1.18 0.92 0.66 0.54 0.55 0.64 0.86 1.09 1.34 1.59 1.75 1.80 1.76 1.64
 12   1.48 1.35 1.28 1.32 1.40 1.51 1.61 1.69 1.67 1.54 1.36 1.14 0.88 0.60 0.46 0.48 0.63 0.86 1.16 1.48 1.70 1.84 1.89 1.82
 13   1.65 1.46 1.32 1.25 1.26 1.33 1.46 1.60 1.66 1.60 1.46 1.27 1.00 0.71 0.46 0.34 0.38 0.55 0.87 1.25 1.51 1.78 1.91 1.89
 14   1.76 1.58 1.39 1.23 1.11 1.15 1.30 1.45 1.56 1.62 1.56 1.41 1.21 0.86 0.54 0.36 0.29 0.42 0.68 1.00 1.37 1.70 1.89 1.97
 15   1.88 1.72 1.50 1.25 1.07 1.02 1.14 1.32 1.47 1.58 1.63 1.53 1.30 1.03 0.72 0.44 0.28 0.31 0.50 0.80 1.24 1.58 1.85 1.97
 16   2.03 1.88 1.64 1.37 1.15 1.06 1.06 1.20 1.41 1.62 1.71 1.69 1.55 1.31 0.96 0.60 0.37 0.29 0.40 0.69 1.06 1.44 1.74 1.95
 17   2.06 1.95 1.73 1.44 1.17 1.02 0.96 1.04 1.23 1.45 1.65 1.68 1.62 1.44 1.14 0.77 0.50 0.34 0.33 0.54 0.86 1.27 1.63 1.91
 18   2.05 2.06 1.85 1.55 1.26 1.03 0.88 0.92 1.08 1.32 1.57 1.68 1.70 1.58 1.36 1.04 0.70 0.45 0.35 0.44 0.76 1.10 1.48 1.78
 19   2.01 2.08 1.96 1.65 1.30 1.03 0.84 0.79 0.89 1.12 1.38 1.58 1.65 1.61 1.48 1.21 0.84 0.58 0.44 0.44 0.63 0.95 1.34 1.64
 20   1.93 2.07 2.02 1.80 1.48 1.13 0.89 0.80 0.82 0.96 1.21 1.49 1.67 1.73 1.63 1.44 1.13 0.86 0.68 0.58 0.65 0.87 1.26 1.60
 21   1.87 2.06 2.12 1.96 1.66 1.34 1.02 0.84 0.80 0.87 1.06 1.33 1.52 1.67 1.68 1.56 1.37 1.12 0.89 0.76 0.75 0.90 1.14 1.50
 22   1.78 2.00 2.12 2.06 1.82 1.46 1.17 0.93 0.75 0.77 0.88 1.10 1.33 1.50 1.62 1.62 1.50 1.33 1.12 0.94 0.86 0.94 1.12 1.36
 23   1.66 1.89 2.03 2.05 1.94 1.68 1.37 1.06 0.84 0.74 0.77 0.91 1.10 1.31 1.47 1.56 1.57 1.48 1.34 1.17 1.07 1.05 1.13 1.27
 24   1.52 1.73 1.88 1.98 1.94 1.77 1.54 1.24 0.94 0.77 0.68 0.72 0.86 1.06 1.24 1.40 1.52 1.56 1.50 1.40 1.30 1.23 1.18 1.20
 25   1.44 1.62 1.76 1.85 1.90 1.88 1.67 1.40 1.14 0.90 0.66 0.55 0.61 0.78 0.98 1.17 1.34 1.50 1.63 1.64 1.55 1.42 1.32 1.30
 26   1.37 1.47 1.59 1.72 1.82 1.86 1.78 1.60 1.39 1.12 0.81 0.60 0.50 0.54 0.68 0.87 1.13 1.39 1.63 1.73 1.76 1.72 1.60 1.47
 27   1.50 1.39 1.43 1.53 1.64 1.75 1.82 1.77 1.62 1.37 1.06 0.78 0.55 0.42 0.40 0.58 0.84 1.14 1.45 1.74 1.93 2.00 1.90 1.73
 28   1.53 1.42 1.37 1.38 1.46 1.62 1.76 1.86 1.81 1.65 1.43 1.11 0.69 0.42 0.30 0.32 0.48 0.79 1.20 1.57 1.90 2.06 2.10 1.96
 29   1.77 1.52 1.29 1.17 1.21 1.37 1.56 1.75 1.89 1.91 1.78 1.52 1.12 0.68 0.37 0.22 0.28 0.50 0.90 1.34 1.77 2.09 2.29 2.29
 30   2.08 1.78 1.44 1.17 1.04 1.10 1.30 1.58 1.80 1.96 1.99 1.85 1.53 1.10 0.62 0.25 0.13 0.30 0.57 1.03 1.48 1.90 2.24 2.40
 31   2.34 2.04 1.66 1.25 0.98 0.86 0.97 1.25 1.57 1.84 2.03 2.08 1.88 1.56 1.08 0.56 0.22 0.12 0.30 0.70 1.20 1.68 2.10 2.36
 ----------------------------------------------------------------------------------------------------------------------------
                                                                                               
 ----------------------------------------------------------------------------------------------------------------------------
 ----------------------------------------------------------------------------------------------------------------------------
                                                          SURVEY OF INDIA
                                                    MARINE GEODESY WING (G&RB)
                                                     HOURLY HEIGHTS IN METRES
  NAME OF PORT:- KARWAR                                                                             MONTH FEBRUARY  YEAR 2014
 ----------------------------------------------------------------------------------------------------------------------------
 DAYS 0000 0001 0002 0003 0004 0005 0006 0007 0008 0009 0010 0011 0012 0013 0014 0015 0016 0017 0018 0019 0020 0021 0022 0023
 ----------------------------------------------------------------------------------------------------------------------------
  1   2.48 2.30 1.95 1.48 1.03 0.73 0.66 0.84 1.16 1.52 1.84 2.00 2.05 1.88 1.52 0.98 0.52 0.23 0.19 0.42 0.80 1.36 1.84 2.18
  2   2.36 2.41 2.22 1.76 1.23 0.80 0.52 0.55 0.79 1.13 1.54 1.82 2.00 2.03 1.84 1.46 1.00 0.58 0.35 0.35 0.62 1.06 1.60 1.95
  3   2.23 2.40 2.35 2.02 1.52 1.02 0.63 0.48 0.55 0.78 1.16 1.53 1.82 1.96 1.96 1.80 1.40 0.93 0.65 0.51 0.62 0.96 1.39 1.78
  4   2.04 2.30 2.37 2.18 1.82 1.30 0.82 0.54 0.43 0.60 0.86 1.22 1.50 1.74 1.92 1.92 1.72 1.40 1.07 0.87 0.78 0.96 1.29 1.62
  5   1.93 2.16 2.31 2.30 2.03 1.63 1.21 0.87 0.62 0.52 0.70 0.97 1.25 1.51 1.68 1.80 1.80 1.62 1.37 1.15 1.02 1.01 1.16 1.38
  6   1.66 1.90 2.04 2.11 2.02 1.79 1.42 1.06 0.80 0.64 0.60 0.72 0.96 1.18 1.40 1.57 1.70 1.71 1.61 1.46 1.32 1.21 1.20 1.30
  7   1.50 1.70 1.84 1.93 1.94 1.82 1.58 1.32 1.06 0.82 0.64 0.62 0.72 0.90 1.12 1.29 1.48 1.61 1.64 1.58 1.51 1.43 1.34 1.30
  8   1.36 1.53 1.67 1.74 1.77 1.74 1.64 1.48 1.27 1.05 0.87 0.74 0.69 0.77 0.93 1.10 1.30 1.47 1.63 1.70 1.72 1.68 1.57 1.47
  9   1.42 1.45 1.54 1.64 1.70 1.72 1.70 1.64 1.50 1.30 1.10 0.93 0.75 0.71 0.78 0.92 1.12 1.33 1.56 1.70 1.79 1.82 1.77 1.67
 10   1.54 1.44 1.42 1.46 1.54 1.62 1.67 1.69 1.64 1.51 1.34 1.14 0.90 0.71 0.68 0.76 0.95 1.27 1.49 1.71 1.87 1.95 1.91 1.73
 11   1.57 1.43 1.34 1.31 1.36 1.45 1.56 1.64 1.66 1.57 1.40 1.22 1.02 0.82 0.61 0.56 0.65 0.92 1.21 1.46 1.68 1.87 1.96 1.89
 12   1.72 1.52 1.32 1.18 1.15 1.20 1.35 1.49 1.60 1.63 1.55 1.41 1.20 0.93 0.66 0.50 0.48 0.66 0.96 1.26 1.53 1.79 1.95 1.98
 13   1.95 1.76 1.50 1.24 1.10 1.09 1.18 1.40 1.58 1.67 1.67 1.58 1.43 1.17 0.80 0.56 0.45 0.56 0.80 1.08 1.42 1.76 2.00 2.06
 14   1.84 1.62 1.40 1.20 1.05 0.97 1.03 1.26 1.50 1.66 1.74 1.72 1.60 1.36 0.99 0.70 0.52 0.47 0.66 0.95 1.31 1.67 1.94 2.08
 15   2.04 1.86 1.62 1.28 1.02 0.88 0.90 1.07 1.29 1.55 1.74 1.81 1.70 1.46 1.15 0.84 0.53 0.44 0.52 0.72 1.06 1.46 1.82 2.01
 16   2.04 1.92 1.68 1.32 0.99 0.77 0.72 0.86 1.08 1.39 1.66 1.77 1.78 1.64 1.36 1.02 0.66 0.47 0.48 0.66 0.95 1.35 1.74 1.98
 17   2.08 2.05 1.84 1.48 1.12 0.83 0.68 0.74 0.94 1.25 1.55 1.75 1.84 1.80 1.62 1.30 0.90 0.69 0.57 0.60 0.80 1.19 1.62 1.90
 18   2.06 2.07 1.90 1.60 1.20 0.80 0.57 0.56 0.72 0.96 1.25 1.59 1.76 1.81 1.68 1.45 1.12 0.78 0.62 0.60 0.70 1.02 1.41 1.76
 19   1.93 1.98 1.95 1.72 1.33 0.96 0.65 0.53 0.57 0.77 1.05 1.40 1.67 1.80 1.77 1.64 1.42 1.12 0.90 0.77 0.83 1.05 1.36 1.70
 20   1.93 2.05 2.07 1.94 1.60 1.20 0.87 0.66 0.60 0.70 0.90 1.22 1.53 1.70 1.80 1.78 1.61 1.36 1.12 0.96 0.90 1.02 1.23 1.49
 21   1.76 1.92 1.99 1.90 1.65 1.33 0.97 0.65 0.50 0.51 0.65 0.90 1.19 1.42 1.57 1.66 1.62 1.47 1.30 1.12 1.01 1.00 1.14 1.34
 22   1.55 1.74 1.86 1.87 1.72 1.50 1.14 0.84 0.63 0.52 0.52 0.65 0.92 1.17 1.39 1.56 1.68 1.67 1.57 1.44 1.30 1.23 1.23 1.33
 23   1.47 1.64 1.76 1.83 1.80 1.65 1.40 1.16 0.87 0.65 0.49 0.51 0.65 0.85 1.07 1.28 1.47 1.58 1.63 1.60 1.48 1.35 1.26 1.20
 24   1.24 1.36 1.46 1.57 1.64 1.63 1.49 1.30 1.10 0.85 0.61 0.45 0.43 0.52 0.73 0.94 1.17 1.42 1.65 1.73 1.68 1.57 1.45 1.34
 25   1.24 1.24 1.31 1.42 1.54 1.64 1.65 1.59 1.47 1.24 0.94 0.67 0.53 0.47 0.55 0.72 0.98 1.30 1.59 1.80 1.91 1.91 1.78 1.60
 26   1.36 1.25 1.20 1.27 1.40 1.56 1.69 1.80 1.79 1.65 1.41 1.10 0.77 0.54 0.48 0.56 0.74 1.05 1.47 1.77 2.00 2.10 2.09 1.90
 27   1.63 1.35 1.14 1.03 1.11 1.29 1.50 1.70 1.85 1.87 1.75 1.50 1.10 0.70 0.46 0.37 0.44 0.69 1.12 1.53 1.84 2.10 2.21 2.11
 28   1.85 1.49 1.12 0.88 0.82 0.94 1.18 1.48 1.77 1.96 2.02 1.90 1.57 1.13 0.70 0.43 0.33 0.49 0.84 1.27 1.69 2.08 2.31 2.31
 ----------------------------------------------------------------------------------------------------------------------------
                                                                                              
 ----------------------------------------------------------------------------------------------------------------------------
 ----------------------------------------------------------------------------------------------------------------------------
                                                          SURVEY OF INDIA
                                                    MARINE GEODESY WING (G&RB)
                                                     HOURLY HEIGHTS IN METRES
  NAME OF PORT:- KARWAR                                                                             MONTH MARCH     YEAR 2014
 ----------------------------------------------------------------------------------------------------------------------------
 DAYS 0000 0001 0002 0003 0004 0005 0006 0007 0008 0009 0010 0011 0012 0013 0014 0015 0016 0017 0018 0019 0020 0021 0022 0023
 ----------------------------------------------------------------------------------------------------------------------------
  1   2.15 1.81 1.38 0.98 0.72 0.71 0.90 1.20 1.58 1.90 2.08 2.11 1.98 1.69 1.15 0.70 0.42 0.39 0.60 0.98 1.48 1.88 2.23 2.32
  2   2.33 2.08 1.60 1.08 0.64 0.48 0.51 0.76 1.16 1.54 1.91 2.12 2.10 1.94 1.54 1.05 0.62 0.41 0.43 0.69 1.10 1.60 2.00 2.26
  3   2.34 2.19 1.83 1.33 0.80 0.44 0.28 0.42 0.74 1.18 1.62 1.92 2.07 2.08 1.86 1.42 0.97 0.64 0.50 0.59 0.88 1.35 1.80 2.07
  4   2.24 2.30 2.06 1.61 1.08 0.59 0.32 0.23 0.43 0.78 1.28 1.67 1.93 2.04 2.01 1.79 1.41 1.02 0.78 0.69 0.79 1.18 1.64 1.94
  5   2.13 2.24 2.20 1.92 1.44 0.95 0.60 0.38 0.36 0.60 0.94 1.39 1.70 1.91 2.01 1.94 1.65 1.33 1.04 0.88 0.83 1.00 1.34 1.70
  6   1.98 2.06 2.06 1.94 1.66 1.22 0.79 0.53 0.40 0.44 0.65 1.04 1.40 1.64 1.81 1.86 1.79 1.57 1.33 1.13 0.99 1.00 1.20 1.50
  7   1.73 1.87 1.92 1.88 1.72 1.43 1.06 0.78 0.58 0.49 0.54 0.82 1.13 1.38 1.57 1.69 1.75 1.71 1.54 1.35 1.19 1.16 1.21 1.29
  8   1.52 1.67 1.75 1.77 1.69 1.50 1.24 1.00 0.80 0.63 0.57 0.70 0.90 1.12 1.31 1.48 1.62 1.70 1.66 1.53 1.40 1.28 1.22 1.24
  9   1.34 1.48 1.58 1.63 1.63 1.53 1.39 1.21 1.03 0.88 0.74 0.70 0.76 0.90 1.15 1.32 1.47 1.59 1.65 1.65 1.58 1.48 1.38 1.28
 10   1.28 1.34 1.43 1.48 1.53 1.54 1.51 1.38 1.24 1.09 0.93 0.80 0.76 0.83 0.95 1.14 1.31 1.48 1.64 1.75 1.76 1.70 1.58 1.46
 11   1.37 1.32 1.32 1.36 1.44 1.53 1.59 1.58 1.48 1.36 1.21 1.03 0.91 0.83 0.82 0.93 1.16 1.35 1.56 1.74 1.83 1.84 1.73 1.58
 12   1.49 1.35 1.27 1.25 1.32 1.42 1.53 1.60 1.60 1.55 1.40 1.24 1.06 0.90 0.81 0.82 0.95 1.18 1.43 1.64 1.83 1.92 1.90 1.76
 13   1.60 1.43 1.27 1.16 1.17 1.28 1.46 1.62 1.73 1.73 1.66 1.50 1.29 1.07 0.90 0.80 0.86 1.07 1.34 1.61 1.84 2.00 2.02 1.91
 14   1.72 1.51 1.22 1.08 1.05 1.14 1.32 1.53 1.68 1.78 1.82 1.71 1.46 1.19 0.95 0.80 0.76 0.86 1.12 1.44 1.72 1.94 2.03 1.97
 15   1.78 1.54 1.23 0.98 0.85 0.89 1.07 1.31 1.58 1.78 1.84 1.80 1.63 1.36 1.06 0.80 0.67 0.76 0.96 1.26 1.60 1.87 2.05 2.02
 16   1.91 1.68 1.34 1.00 0.80 0.76 0.88 1.15 1.48 1.76 1.89 1.92 1.86 1.61 1.28 0.98 0.72 0.72 0.86 1.08 1.46 1.80 2.02 2.08
 17   2.04 1.80 1.44 1.04 0.76 0.62 0.68 0.90 1.26 1.60 1.83 1.96 1.98 1.80 1.50 1.12 0.81 0.74 0.78 1.02 1.38 1.74 2.00 2.11
 18   2.08 1.94 1.62 1.22 0.78 0.58 0.58 0.74 1.00 1.38 1.71 1.98 2.06 1.96 1.73 1.38 1.04 0.86 0.78 0.92 1.22 1.56 1.88 2.04
 19   2.10 2.04 1.80 1.40 0.96 0.57 0.46 0.56 0.79 1.12 1.54 1.84 2.00 2.06 1.94 1.68 1.30 1.01 0.88 0.90 1.07 1.40 1.76 1.98
 20   2.15 2.12 1.97 1.62 1.14 0.68 0.45 0.44 0.64 0.90 1.28 1.70 1.93 2.10 2.08 1.90 1.58 1.26 1.04 0.98 1.06 1.28 1.59 1.86
 21   2.02 2.10 2.00 1.73 1.34 0.92 0.60 0.45 0.48 0.66 0.98 1.40 1.71 1.90 2.00 2.00 1.78 1.48 1.22 1.08 1.10 1.19 1.35 1.62
 22   1.88 2.02 1.98 1.85 1.55 1.20 0.81 0.56 0.46 0.50 0.73 1.04 1.38 1.67 1.85 1.93 1.85 1.70 1.46 1.23 1.16 1.18 1.31 1.50
 23   1.70 1.86 1.92 1.86 1.69 1.42 1.08 0.79 0.54 0.47 0.57 0.82 1.12 1.35 1.57 1.76 1.86 1.82 1.64 1.42 1.28 1.21 1.21 1.29
 24   1.47 1.64 1.74 1.76 1.72 1.59 1.36 1.04 0.76 0.58 0.52 0.62 0.82 1.08 1.29 1.52 1.75 1.84 1.80 1.69 1.56 1.41 1.31 1.24
 25   1.30 1.36 1.48 1.59 1.67 1.67 1.57 1.41 1.16 0.90 0.70 0.62 0.65 0.79 1.02 1.25 1.48 1.70 1.86 1.91 1.84 1.64 1.46 1.30
 26   1.20 1.20 1.26 1.40 1.52 1.61 1.67 1.64 1.50 1.29 1.00 0.79 0.66 0.68 0.79 0.98 1.28 1.58 1.86 1.98 2.00 1.92 1.70 1.46
 27   1.19 1.07 1.04 1.10 1.22 1.41 1.62 1.74 1.76 1.66 1.44 1.12 0.80 0.66 0.64 0.77 1.03 1.34 1.66 1.91 2.08 2.08 1.97 1.68
 28   1.30 1.02 0.86 0.84 0.92 1.10 1.40 1.66 1.83 1.88 1.77 1.52 1.17 0.82 0.66 0.61 0.76 1.08 1.40 1.75 2.04 2.16 2.13 1.90
 29   1.58 1.16 0.79 0.64 0.65 0.78 1.14 1.48 1.78 1.97 2.02 1.88 1.58 1.18 0.84 0.64 0.68 0.88 1.20 1.48 1.78 2.06 2.18 2.14
 30   1.86 1.43 0.97 0.62 0.46 0.54 0.82 1.22 1.60 1.90 2.10 2.15 1.98 1.64 1.20 0.84 0.70 0.74 0.98 1.30 1.62 1.90 2.12 2.20
 31   2.06 1.68 1.22 0.72 0.42 0.32 0.50 0.81 1.30 1.70 2.00 2.20 2.17 1.95 1.58 1.16 0.81 0.69 0.78 1.17 1.49 1.82 2.07 2.23
 ----------------------------------------------------------------------------------------------------------------------------
                                                                                               
 ----------------------------------------------------------------------------------------------------------------------------
 ----------------------------------------------------------------------------------------------------------------------------
                                                          SURVEY OF INDIA
                                                    MARINE GEODESY WING (G&RB)
                                                     HOURLY HEIGHTS IN METRES
  NAME OF PORT:- KARWAR                                                                             MONTH APRIL     YEAR 2014
 ----------------------------------------------------------------------------------------------------------------------------
 DAYS 0000 0001 0002 0003 0004 0005 0006 0007 0008 0009 0010 0011 0012 0013 0014 0015 0016 0017 0018 0019 0020 0021 0022 0023
 ----------------------------------------------------------------------------------------------------------------------------
  1   2.17 1.85 1.40 0.94 0.45 0.23 0.27 0.52 0.92 1.34 1.74 2.06 2.23 2.15 1.85 1.48 1.06 0.86 0.80 0.92 1.25 1.64 2.00 2.18
  2   2.12 1.94 1.65 1.18 0.70 0.38 0.19 0.30 0.60 1.04 1.50 1.83 2.03 2.10 2.00 1.74 1.36 1.05 0.85 0.90 1.08 1.40 1.80 2.10
  3   2.16 2.07 1.88 1.46 0.94 0.56 0.35 0.28 0.46 0.76 1.14 1.60 1.86 2.06 2.10 1.90 1.62 1.28 1.04 0.93 1.00 1.21 1.47 1.74
  4   1.90 1.91 1.82 1.60 1.20 0.80 0.50 0.33 0.34 0.56 0.88 1.26 1.56 1.80 1.91 1.90 1.72 1.40 1.18 1.05 0.98 1.07 1.33 1.52
  5   1.74 1.77 1.77 1.64 1.37 1.02 0.74 0.54 0.46 0.50 0.75 1.03 1.36 1.60 1.78 1.86 1.86 1.68 1.37 1.24 1.20 1.20 1.25 1.40
  6   1.55 1.68 1.72 1.68 1.50 1.31 1.06 0.85 0.68 0.62 0.73 0.90 1.15 1.38 1.58 1.78 1.84 1.79 1.60 1.46 1.37 1.30 1.25 1.26
  7   1.40 1.54 1.61 1.62 1.54 1.38 1.22 1.04 0.85 0.78 0.76 0.80 0.96 1.16 1.38 1.55 1.69 1.72 1.69 1.60 1.48 1.35 1.25 1.20
  8   1.23 1.32 1.42 1.46 1.46 1.44 1.36 1.22 1.09 0.98 0.88 0.85 0.88 1.00 1.18 1.37 1.52 1.67 1.70 1.69 1.62 1.50 1.36 1.24
  9   1.17 1.19 1.24 1.31 1.38 1.44 1.45 1.39 1.28 1.16 1.05 0.96 0.90 0.92 1.05 1.20 1.38 1.52 1.65 1.75 1.75 1.65 1.46 1.28
 10   1.14 1.08 1.06 1.10 1.20 1.33 1.44 1.47 1.46 1.40 1.28 1.12 1.00 0.90 0.90 1.02 1.22 1.42 1.60 1.78 1.85 1.80 1.65 1.45
 11   1.26 1.07 0.98 0.97 1.06 1.22 1.41 1.56 1.61 1.60 1.52 1.36 1.18 0.99 0.88 0.92 1.08 1.28 1.49 1.71 1.86 1.90 1.78 1.57
 12   1.38 1.11 0.86 0.76 0.84 1.03 1.24 1.44 1.62 1.73 1.71 1.56 1.34 1.10 0.94 0.88 0.95 1.12 1.34 1.60 1.80 1.95 1.94 1.72
 13   1.40 1.12 0.85 0.67 0.62 0.80 1.08 1.34 1.56 1.77 1.80 1.72 1.55 1.28 0.98 0.84 0.82 0.94 1.14 1.43 1.68 1.86 1.93 1.80
 14   1.56 1.20 0.85 0.58 0.47 0.54 0.79 1.11 1.42 1.73 1.90 1.92 1.76 1.52 1.22 0.97 0.83 0.84 1.03 1.31 1.70 1.83 1.88 1.84
 15   1.65 1.33 0.92 0.58 0.38 0.37 0.52 0.81 1.24 1.57 1.84 1.96 1.94 1.68 1.40 1.08 0.82 0.73 0.84 1.10 1.44 1.70 1.87 1.89
 16   1.76 1.50 1.10 0.64 0.30 0.18 0.28 0.49 0.84 1.38 1.71 1.92 2.00 1.98 1.60 1.28 0.95 0.78 0.78 0.95 1.24 1.55 1.80 1.90
 17   1.84 1.62 1.25 0.80 0.41 0.22 0.14 0.24 0.59 1.08 1.52 1.80 1.95 1.98 1.80 1.54 1.22 0.90 0.74 0.84 1.10 1.39 1.67 1.84
 18   1.89 1.75 1.45 1.06 0.60 0.26 0.05 0.10 0.42 0.80 1.26 1.63 1.92 2.04 2.00 1.84 1.50 1.10 0.92 0.90 1.00 1.22 1.52 1.77
 19   1.90 1.83 1.66 1.34 0.90 0.53 0.28 0.13 0.22 0.56 1.04 1.38 1.67 1.92 2.00 1.93 1.69 1.34 1.07 0.94 0.95 1.07 1.28 1.54
 20   1.69 1.75 1.70 1.53 1.20 0.72 0.41 0.18 0.14 0.35 0.62 0.96 1.33 1.64 1.86 1.90 1.80 1.60 1.30 1.10 0.97 0.98 1.07 1.28
 21   1.50 1.64 1.68 1.61 1.41 1.10 0.75 0.44 0.28 0.32 0.51 0.76 1.06 1.42 1.69 1.86 1.92 1.80 1.58 1.35 1.17 1.04 1.02 1.06
 22   1.28 1.44 1.55 1.59 1.56 1.38 1.10 0.83 0.60 0.46 0.46 0.60 0.83 1.13 1.42 1.68 1.87 1.85 1.68 1.46 1.25 1.06 0.90 0.84
 23   0.87 0.96 1.14 1.30 1.37 1.37 1.28 1.11 0.87 0.67 0.49 0.46 0.58 0.78 1.00 1.27 1.52 1.71 1.78 1.69 1.52 1.30 1.07 0.88
 24   0.75 0.78 0.90 1.04 1.20 1.35 1.42 1.38 1.25 1.06 0.85 0.62 0.54 0.60 0.76 1.00 1.32 1.53 1.70 1.77 1.74 1.54 1.26 0.99
 25   0.76 0.61 0.60 0.70 0.91 1.20 1.40 1.50 1.53 1.45 1.29 1.00 0.77 0.68 0.68 0.83 1.05 1.35 1.58 1.79 1.85 1.74 1.56 1.25
 26   0.88 0.54 0.40 0.43 0.60 0.90 1.19 1.43 1.62 1.70 1.62 1.39 1.08 0.83 0.65 0.68 0.84 1.12 1.54 1.80 1.98 1.97 1.83 1.60
 27   1.23 0.73 0.44 0.39 0.44 0.67 1.04 1.42 1.70 1.90 1.96 1.80 1.56 1.24 0.96 0.82 0.84 1.02 1.34 1.67 1.90 2.02 2.02 1.87
 28   1.49 1.00 0.50 0.27 0.24 0.38 0.70 1.12 1.54 1.90 2.00 2.01 1.86 1.53 1.20 0.90 0.82 0.92 1.14 1.43 1.75 1.97 2.03 1.88
 29   1.58 1.16 0.70 0.36 0.11 0.12 0.46 0.84 1.29 1.68 1.97 2.05 2.02 1.80 1.42 1.10 0.88 0.82 0.96 1.22 1.52 1.77 1.93 1.93
 30   1.80 1.48 0.92 0.48 0.23 0.12 0.20 0.55 1.02 1.45 1.80 2.08 2.10 1.95 1.67 1.36 0.98 0.85 0.89 1.08 1.34 1.60 1.83 1.90
 ----------------------------------------------------------------------------------------------------------------------------
                                                                                               
 ----------------------------------------------------------------------------------------------------------------------------
 ----------------------------------------------------------------------------------------------------------------------------
                                                          SURVEY OF INDIA
                                                    MARINE GEODESY WING (G&RB)
                                                     HOURLY HEIGHTS IN METRES
  NAME OF PORT:- KARWAR                                                                             MONTH MAY       YEAR 2014
 ----------------------------------------------------------------------------------------------------------------------------
 DAYS 0000 0001 0002 0003 0004 0005 0006 0007 0008 0009 0010 0011 0012 0013 0014 0015 0016 0017 0018 0019 0020 0021 0022 0023
 ----------------------------------------------------------------------------------------------------------------------------
  1   1.74 1.53 1.18 0.69 0.34 0.16 0.17 0.38 0.78 1.20 1.61 1.87 2.04 2.04 1.84 1.54 1.19 0.96 0.85 0.94 1.15 1.39 1.66 1.86
  2   1.84 1.63 1.31 0.96 0.56 0.32 0.17 0.22 0.52 0.96 1.36 1.66 1.91 2.05 1.96 1.73 1.38 1.08 0.92 0.90 1.01 1.17 1.42 1.67
  3   1.74 1.65 1.45 1.16 0.80 0.50 0.37 0.38 0.52 0.75 1.14 1.50 1.74 1.92 1.94 1.83 1.62 1.32 1.12 0.99 0.98 1.12 1.33 0.58
  4   1.66 1.65 1.56 1.37 1.10 0.74 0.51 0.36 0.40 0.64 0.98 1.26 1.54 1.78 1.90 1.90 1.75 1.49 1.29 1.14 1.06 1.08 1.20 1.35
  5   1.54 1.60 1.56 1.44 1.24 1.01 0.78 0.59 0.52 0.60 0.81 1.06 1.36 1.64 1.80 1.87 1.84 1.66 1.47 1.27 1.13 1.08 1.13 1.26
  6   1.37 1.45 1.47 1.44 1.33 1.16 0.96 0.80 0.70 0.68 0.76 0.92 1.18 1.44 1.63 1.74 1.79 1.74 1.60 1.40 1.24 1.13 1.04 1.09
  7   1.16 1.27 1.36 1.40 1.40 1.32 1.17 1.02 0.87 0.78 0.78 0.86 1.02 1.21 1.42 1.57 1.69 1.74 1.68 1.56 1.40 1.20 1.04 0.98
  8   1.00 1.06 1.15 1.24 1.34 1.38 1.34 1.24 1.12 1.00 0.88 0.86 0.95 1.09 1.27 1.46 1.62 1.71 1.74 1.68 1.56 1.40 1.16 1.00
  9   0.90 0.89 0.96 1.08 1.20 1.32 1.38 1.36 1.28 1.17 1.04 0.93 0.90 0.97 1.10 1.24 1.40 1.57 1.68 1.65 1.54 1.37 1.17 0.95
 10   0.75 0.71 0.75 0.84 0.97 1.16 1.33 1.44 1.45 1.38 1.25 1.10 0.98 0.92 0.96 1.10 1.27 1.43 1.57 1.66 1.66 1.54 1.33 1.05
 11   0.75 0.53 0.52 0.60 0.75 0.94 1.19 1.37 1.51 1.51 1.42 1.27 1.09 0.95 0.89 0.94 1.07 1.26 1.46 1.61 1.69 1.61 1.41 1.15
 12   0.85 0.57 0.37 0.36 0.53 0.76 1.05 1.29 1.50 1.67 1.67 1.53 1.29 1.08 0.93 0.90 0.98 1.12 1.32 1.55 1.71 1.72 1.57 1.32
 13   0.97 0.61 0.38 0.31 0.33 0.48 0.81 1.17 1.49 1.74 1.81 1.75 1.57 1.34 1.10 0.91 0.91 1.05 1.24 1.47 1.70 1.79 1.77 1.54
 14   1.23 0.80 0.40 0.22 0.26 0.44 0.74 1.07 1.54 1.88 2.09 2.12 1.99 1.77 1.46 1.18 1.04 1.03 1.17 1.43 1.70 1.92 1.94 1.80
 15   1.56 1.18 0.73 0.37 0.15 0.19 0.42 0.76 1.24 1.62 1.84 1.97 1.95 1.80 1.50 1.10 0.86 0.76 0.83 1.06 1.34 1.58 1.72 1.70
 16   1.57 1.24 0.79 0.34 0.00-0.14-0.03 0.28 0.71 1.23 1.63 1.90 2.01 1.95 1.72 1.41 1.09 0.82 0.83 1.05 1.34 1.58 1.72 1.72
 17   1.67 1.45 1.11 0.65 0.18-0.11-0.16 0.02 0.35 0.85 1.31 1.67 1.91 2.00 1.89 1.63 1.30 0.96 0.78 0.79 0.97 1.22 1.49 1.67
 18   1.71 1.61 1.39 1.00 0.57 0.24-0.02-0.09 0.12 0.55 1.05 1.43 1.75 1.97 1.98 1.85 1.57 1.22 0.92 0.77 0.82 0.99 1.20 1.44
 19   1.59 1.62 1.48 1.25 0.93 0.49 0.12-0.02 0.04 0.28 0.64 1.07 1.45 1.77 1.92 1.90 1.75 1.46 1.11 0.84 0.72 0.78 0.95 1.14
 20   1.34 1.48 1.53 1.40 1.17 0.88 0.56 0.28 0.13 0.20 0.48 0.84 1.17 1.49 1.74 1.90 1.89 1.67 1.35 1.11 0.90 0.76 0.77 0.90
 21   1.10 1.27 1.40 1.48 1.47 1.27 1.04 0.75 0.52 0.42 0.48 0.72 0.98 1.28 1.56 1.77 1.75 1.58 1.36 1.18 1.01 0.87 0.76 0.75
 22   0.84 1.04 1.31 1.55 1.60 1.48 1.27 1.09 0.89 0.71 0.60 0.62 0.79 1.03 1.29 1.56 1.76 1.78 1.59 1.40 1.20 1.03 0.87 0.74
 23   0.75 0.94 1.18 1.43 1.65 1.66 1.50 1.29 1.08 0.92 0.76 0.67 0.72 0.88 1.12 1.36 1.57 1.73 1.71 1.55 1.37 1.19 1.01 0.82
 24   0.65 0.66 0.79 1.00 1.27 1.64 1.72 1.64 1.47 1.27 1.08 0.90 0.77 0.80 0.98 1.20 1.43 1.64 1.78 1.77 1.64 1.42 1.16 0.92
 25   0.70 0.51 0.53 0.70 0.95 1.27 1.62 1.77 1.78 1.66 1.47 1.23 1.01 0.87 0.88 1.07 1.29 1.50 1.70 1.84 1.84 1.72 1.48 1.13
 26   0.83 0.55 0.36 0.40 0.60 0.90 1.26 1.61 1.83 1.91 1.84 1.66 1.39 1.13 0.97 0.96 1.16 1.37 1.57 1.77 1.90 1.91 1.80 1.53
 27   1.10 0.74 0.40 0.22 0.27 0.51 0.85 1.26 1.59 1.88 2.06 2.03 1.85 1.54 1.24 1.07 1.04 1.14 1.31 1.53 1.74 1.87 1.83 1.64
 28   1.36 0.98 0.57 0.28 0.16 0.25 0.58 0.98 1.37 1.70 1.96 2.10 2.00 1.73 1.46 1.22 1.00 0.98 1.15 1.37 1.63 1.78 1.82 1.73
 29   1.56 1.19 0.77 0.41 0.22 0.18 0.35 0.72 1.09 1.56 1.90 2.04 2.06 1.92 1.70 1.40 1.09 0.91 0.97 1.16 1.43 1.63 1.75 1.75
 30   1.60 1.36 0.98 0.58 0.33 0.16 0.20 0.46 0.83 1.28 1.65 1.90 2.00 1.99 1.81 1.52 1.22 1.01 0.97 1.04 1.27 1.50 1.67 1.74
 31   1.68 1.49 1.22 0.88 0.55 0.34 0.25 0.37 0.66 1.10 1.49 1.77 1.99 2.07 1.96 1.73 1.47 1.21 1.05 1.00 1.13 1.37 1.59 1.69
 ----------------------------------------------------------------------------------------------------------------------------
                                                                                               
 ----------------------------------------------------------------------------------------------------------------------------
 ----------------------------------------------------------------------------------------------------------------------------
                                                          SURVEY OF INDIA
                                                    MARINE GEODESY WING (G&RB)
                                                     HOURLY HEIGHTS IN METRES
  NAME OF PORT:- KARWAR                                                                             MONTH JUNE      YEAR 2014
 ----------------------------------------------------------------------------------------------------------------------------
 DAYS 0000 0001 0002 0003 0004 0005 0006 0007 0008 0009 0010 0011 0012 0013 0014 0015 0016 0017 0018 0019 0020 0021 0022 0023
 ----------------------------------------------------------------------------------------------------------------------------
  1   1.68 1.60 1.40 1.11 0.78 0.51 0.38 0.41 0.64 0.94 1.30 1.61 1.92 1.98 1.94 1.77 1.53 1.28 1.04 0.93 0.99 1.17 1.33 1.52
  2   1.50 1.52 1.42 1.22 0.94 0.68 0.48 0.44 0.58 0.90 1.22 1.50 1.72 1.89 1.88 1.77 1.60 1.36 1.08 0.95 0.92 1.00 1.18 1.38
  3   1.48 1.47 1.38 1.24 1.04 0.78 0.58 0.45 0.48 0.76 1.19 1.50 1.70 1.84 1.89 1.82 1.69 1.48 1.26 1.06 0.94 0.92 1.08 1.28
  4   1.40 1.46 1.46 1.40 1.24 0.99 0.78 0.67 0.64 0.68 0.86 1.14 1.46 1.68 1.80 1.82 1.78 1.68 1.47 1.26 1.10 0.98 0.97 1.09
  5   1.25 1.38 1.46 1.46 1.39 1.28 1.12 0.96 0.85 0.82 0.93 1.11 1.35 1.59 1.76 1.85 1.86 1.78 1.58 1.39 1.20 1.05 0.97 0.98
  6   1.10 1.18 1.27 1.38 1.42 1.42 1.34 1.18 1.02 0.96 0.96 1.02 1.19 1.40 1.58 1.73 1.86 1.86 1.74 1.53 1.33 1.13 0.96 0.89
  7   0.92 1.04 1.16 1.27 1.39 1.51 1.55 1.47 1.34 1.24 1.17 1.16 1.19 1.30 1.48 1.66 1.82 1.88 1.80 1.64 1.40 1.10 0.86 0.71
  8   0.68 0.80 0.98 1.13 1.28 1.46 1.58 1.62 1.54 1.40 1.26 1.20 1.23 1.36 1.52 1.66 1.79 1.85 1.84 1.70 1.50 1.30 1.06 0.88
  9   0.78 0.76 0.87 1.08 1.37 1.56 1.72 1.76 1.70 1.58 1.43 1.29 1.22 1.28 1.42 1.58 1.73 1.86 1.90 1.80 1.58 1.31 1.03 0.76
 10   0.59 0.60 0.69 0.91 1.19 1.48 1.73 1.88 1.96 1.93 1.71 1.47 1.30 1.22 1.31 1.47 1.64 1.82 1.94 1.95 1.76 1.45 1.12 0.76
 11   0.46 0.30 0.41 0.63 0.94 1.30 1.65 1.90 2.03 2.06 1.98 1.79 1.52 1.30 1.18 1.16 1.20 1.29 1.44 1.66 1.86 1.93 1.82 1.60
 12   1.20 0.53 0.20 0.25 0.44 0.76 1.16 1.56 1.87 2.04 2.11 2.04 1.80 1.48 1.25 1.08 1.09 1.20 1.37 1.53 1.70 1.85 1.86 1.74
 13   1.42 0.91 0.42 0.10 0.10 0.25 0.58 1.03 1.46 1.83 2.05 2.16 2.08 1.82 1.50 1.19 0.92 0.91 1.00 1.20 1.51 1.74 1.85 1.80
 14   1.66 1.24 0.82 0.38-0.02-0.10 0.06 0.42 0.90 1.36 1.80 2.06 2.20 2.11 1.84 1.50 1.18 0.90 0.86 1.00 1.26 1.55 1.74 1.84
 15   1.80 1.60 1.26 0.70 0.30 0.10 0.13 0.28 0.63 1.06 1.53 1.87 2.10 2.21 2.07 1.77 1.38 1.06 0.84 0.83 0.98 1.25 1.51 1.72
 16   1.83 1.77 1.54 1.24 0.75 0.39 0.20 0.28 0.46 0.78 1.22 1.68 1.94 2.14 2.21 2.04 1.70 1.26 0.94 0.78 0.80 0.98 1.24 1.52
 17   1.72 1.82 1.74 1.48 1.10 0.79 0.48 0.31 0.42 0.66 0.96 1.32 1.66 1.94 2.15 2.18 1.98 1.66 1.20 0.86 0.76 0.80 0.98 1.22
 18   1.46 1.68 1.77 1.72 1.50 1.22 0.86 0.57 0.42 0.56 0.84 1.15 1.54 1.88 2.14 2.29 2.20 1.94 1.58 1.20 0.88 0.76 0.80 0.96
 19   1.20 1.43 1.59 1.68 1.66 1.54 1.32 1.00 0.76 0.64 0.72 0.95 1.26 1.60 1.85 2.07 2.12 2.04 1.76 1.44 1.08 0.80 0.60 0.65
 20   0.80 1.03 1.22 1.38 1.53 1.60 1.54 1.33 1.07 0.88 0.80 0.86 1.04 1.32 1.54 1.73 1.89 1.93 1.80 1.56 1.28 0.96 0.64 0.48
 21   0.46 0.58 0.80 1.00 1.20 1.41 1.51 1.46 1.33 1.16 1.02 0.91 0.90 1.04 1.24 1.44 1.62 1.75 1.80 1.70 1.50 1.20 0.86 0.56
 22   0.38 0.36 0.50 0.70 0.92 1.20 1.45 1.58 1.58 1.48 1.32 1.16 1.03 1.00 1.10 1.28 1.45 1.58 1.69 1.73 1.66 1.45 1.13 0.81
 23   0.50 0.34 0.34 0.45 0.70 0.96 1.25 1.50 1.66 1.70 1.61 1.44 1.22 1.06 1.00 1.09 1.25 1.38 1.50 1.62 1.66 1.56 1.33 0.96
 24   0.66 0.38 0.22 0.18 0.36 0.64 1.00 1.32 1.58 1.68 1.70 1.62 1.44 1.22 1.02 0.97 1.04 1.18 1.35 1.49 1.59 1.59 1.44 1.20
 25   0.82 0.52 0.24 0.06 0.12 0.34 0.70 1.06 1.34 1.62 1.75 1.76 1.58 1.36 1.13 0.96 0.90 0.97 1.10 1.30 1.48 1.56 1.46 1.28
 26   1.06 0.73 0.36 0.10-0.02 0.12 0.42 0.82 1.20 1.49 1.70 1.77 1.73 1.52 1.27 1.04 0.89 0.88 1.00 1.15 1.35 1.52 1.54 1.40
 27   1.18 0.88 0.54 0.24 0.06 0.04 0.25 0.62 1.04 1.38 1.64 1.80 1.80 1.70 1.46 1.18 0.94 0.82 0.87 1.04 1.26 1.46 1.56 1.50
 28   1.38 1.14 0.80 0.43 0.16 0.07 0.18 0.42 0.80 1.20 1.52 1.76 1.84 1.76 1.57 1.34 1.02 0.85 0.81 0.88 1.10 1.34 1.51 1.56
 29   1.45 1.26 1.00 0.64 0.32 0.14 0.10 0.28 0.60 0.98 1.36 1.64 1.78 1.80 1.68 1.46 1.14 0.90 0.76 0.76 0.91 1.16 1.40 1.48
 30   1.46 1.34 1.16 0.80 0.44 0.21 0.10 0.15 0.34 0.72 1.18 1.48 1.70 1.77 1.72 1.56 1.26 0.90 0.72 0.74 0.87 1.06 1.24 1.44
 ----------------------------------------------------------------------------------------------------------------------------
                                                                                               
 ----------------------------------------------------------------------------------------------------------------------------
 ----------------------------------------------------------------------------------------------------------------------------
                                                          SURVEY OF INDIA
                                                    MARINE GEODESY WING (G&RB)
                                                     HOURLY HEIGHTS IN METRES
  NAME OF PORT:- KARWAR                                                                             MONTH JULY      YEAR 2014
 ----------------------------------------------------------------------------------------------------------------------------
 DAYS 0000 0001 0002 0003 0004 0005 0006 0007 0008 0009 0010 0011 0012 0013 0014 0015 0016 0017 0018 0019 0020 0021 0022 0023
 ----------------------------------------------------------------------------------------------------------------------------
  1   1.52 1.46 1.30 1.04 0.72 0.42 0.27 0.28 0.39 0.66 1.08 1.40 1.66 1.80 1.80 1.72 1.47 1.14 0.90 0.78 0.79 0.90 1.10 1.32
  2   1.46 1.50 1.38 1.20 0.97 0.70 0.50 0.37 0.39 0.60 0.94 1.28 1.56 1.72 1.80 1.78 1.58 1.28 1.00 0.78 0.72 0.76 0.90 1.10
  3   1.28 1.38 1.40 1.28 1.10 0.89 0.66 0.50 0.46 0.56 0.82 1.10 1.38 1.62 1.75 1.78 1.66 1.40 1.12 0.84 0.68 0.64 0.74 0.90
  4   1.07 1.22 1.31 1.31 1.20 1.05 0.88 0.66 0.57 0.60 0.76 0.92 1.16 1.40 1.60 1.68 1.63 1.49 1.22 0.98 0.78 0.64 0.60 0.70
  5   0.84 1.02 1.14 1.23 1.27 1.24 1.10 0.94 0.81 0.74 0.76 0.90 1.08 1.25 1.46 1.64 1.66 1.58 1.40 1.18 0.92 0.70 0.57 0.58
  6   0.68 0.83 0.96 1.10 1.24 1.33 1.30 1.18 1.06 0.93 0.86 0.88 0.98 1.16 1.34 1.50 1.62 1.62 1.50 1.30 1.08 0.80 0.56 0.44
  7   0.48 0.60 0.74 0.90 1.10 1.29 1.36 1.33 1.25 1.15 1.04 0.97 0.98 1.08 1.24 1.38 1.49 1.55 1.50 1.38 1.20 0.96 0.66 0.44
  8   0.30 0.30 0.43 0.58 0.79 1.00 1.20 1.36 1.40 1.34 1.24 1.12 1.01 0.97 1.02 1.12 1.24 1.36 1.43 1.42 1.34 1.15 0.86 0.50
  9   0.24 0.15 0.18 0.30 0.50 0.80 1.10 1.35 1.50 1.56 1.50 1.35 1.14 0.98 0.93 1.00 1.12 1.26 1.39 1.50 1.50 1.38 1.12 0.80
 10   0.37 0.14 0.03 0.06 0.20 0.50 0.90 1.26 1.55 1.68 1.70 1.58 1.40 1.18 0.96 0.90 0.96 1.10 1.26 1.44 1.60 1.60 1.42 1.12
 11   0.75 0.38 0.10-0.05 0.02 0.24 0.64 1.08 1.44 1.72 1.93 1.91 1.74 1.46 1.18 1.00 0.90 0.94 1.10 1.34 1.60 1.75 1.72 1.50
 12   1.14 0.75 0.32 0.00-0.09 0.05 0.32 0.79 1.22 1.58 1.92 2.10 2.02 1.76 1.38 1.08 0.86 0.82 0.90 1.16 1.44 1.69 1.80 1.78
 13   1.53 1.16 0.70 0.26-0.06-0.16 0.06 0.42 0.86 1.30 1.74 2.04 2.10 1.92 1.64 1.28 0.90 0.66 0.60 0.77 1.10 1.42 1.66 1.78
 14   1.73 1.44 1.04 0.60 0.12-0.10-0.10 0.12 0.54 1.00 1.48 1.86 2.07 2.12 1.94 1.56 1.12 0.78 0.58 0.63 0.88 1.18 1.49 1.70
 15   1.82 1.74 1.48 1.10 0.64 0.24 0.00 0.04 0.38 0.80 1.29 1.74 2.02 2.18 2.12 1.88 1.46 1.00 0.67 0.48 0.58 0.84 1.16 1.44
 16   1.68 1.80 1.73 1.48 1.10 0.70 0.34 0.22 0.30 0.65 1.01 1.44 1.82 2.08 2.15 2.02 1.70 1.28 0.88 0.58 0.46 0.54 0.80 1.12
 17   1.42 1.59 1.68 1.66 1.48 1.14 0.71 0.49 0.40 0.52 0.84 1.20 1.57 1.84 2.06 2.09 1.92 1.60 1.16 0.76 0.46 0.41 0.52 0.73
 18   1.03 1.28 1.52 1.62 1.60 1.42 1.17 0.94 0.72 0.62 0.74 1.08 1.40 1.65 1.88 2.00 2.01 1.82 1.46 1.10 0.78 0.57 0.50 0.60
 19   0.82 1.08 1.30 1.50 1.61 1.63 1.52 1.35 1.12 0.94 0.92 1.05 1.25 1.45 1.70 1.87 1.94 1.86 1.68 1.40 1.10 0.82 0.60 0.50
 20   0.60 0.80 1.02 1.20 1.40 1.57 1.64 1.57 1.42 1.26 1.14 1.07 1.12 1.28 1.46 1.60 1.74 1.79 1.73 1.54 1.30 1.03 0.72 0.54
 21   0.49 0.60 0.76 0.98 1.22 1.42 1.57 1.65 1.63 1.51 1.38 1.25 1.16 1.17 1.28 1.42 1.56 1.66 1.70 1.65 1.50 1.28 1.03 0.76
 22   0.56 0.46 0.52 0.70 0.92 1.14 1.39 1.64 1.77 1.76 1.66 1.49 1.34 1.18 1.12 1.18 1.34 1.48 1.59 1.65 1.62 1.50 1.28 0.98
 23   0.72 0.54 0.47 0.52 0.66 0.90 1.16 1.44 1.66 1.80 1.77 1.64 1.47 1.29 1.11 1.09 1.17 1.28 1.40 1.52 1.60 1.59 1.40 1.13
 24   0.84 0.60 0.40 0.28 0.34 0.62 0.90 1.20 1.47 1.68 1.78 1.74 1.60 1.40 1.16 1.00 0.97 1.05 1.20 1.37 1.49 1.55 1.51 1.30
 25   1.05 0.74 0.46 0.25 0.22 0.44 0.70 1.00 1.29 1.57 1.82 1.84 1.73 1.53 1.30 1.13 1.00 0.98 1.10 1.30 1.48 1.60 1.60 1.50
 26   1.28 1.00 0.68 0.40 0.28 0.37 0.60 0.90 1.20 1.54 1.80 1.93 1.88 1.70 1.46 1.20 1.00 0.90 0.96 1.12 1.35 1.52 1.66 1.60
 27   1.45 1.20 0.88 0.51 0.33 0.29 0.41 0.64 1.04 1.39 1.69 1.90 1.94 1.83 1.60 1.34 1.07 0.92 0.91 1.00 1.20 1.42 1.62 1.70
 28   1.60 1.38 1.10 0.80 0.47 0.35 0.36 0.56 0.90 1.26 1.62 1.86 1.95 1.93 1.73 1.46 1.13 0.92 0.81 0.89 1.10 1.32 1.53 1.68
 29   1.63 1.56 1.28 0.90 0.62 0.43 0.39 0.50 0.76 1.13 1.54 1.80 1.91 1.90 1.78 1.48 1.18 0.90 0.76 0.76 0.92 1.12 1.36 1.58
 30   1.64 1.56 1.36 1.13 0.83 0.56 0.43 0.46 0.68 1.00 1.37 1.70 1.91 1.98 1.86 1.64 1.36 1.04 0.84 0.75 0.84 1.06 1.30 1.54
 31   1.66 1.68 1.56 1.34 1.05 0.80 0.63 0.56 0.62 0.85 1.29 1.61 1.83 1.96 1.93 1.77 1.48 1.15 0.90 0.73 0.65 0.65 0.73 0.84
 ----------------------------------------------------------------------------------------------------------------------------
                                                                                               
 ----------------------------------------------------------------------------------------------------------------------------
 ----------------------------------------------------------------------------------------------------------------------------
                                                          SURVEY OF INDIA
                                                    MARINE GEODESY WING (G&RB)
                                                     HOURLY HEIGHTS IN METRES
  NAME OF PORT:- KARWAR                                                                             MONTH AUGUST    YEAR 2014
 ----------------------------------------------------------------------------------------------------------------------------
 DAYS 0000 0001 0002 0003 0004 0005 0006 0007 0008 0009 0010 0011 0012 0013 0014 0015 0016 0017 0018 0019 0020 0021 0022 0023
 ----------------------------------------------------------------------------------------------------------------------------
  1
  2
  3
  4
  5
  6
  7
  8
  9
 10
 11
 12
 13
 14
 15
 16
 17
 18
 19
 20
 21
 22
 23
 24
 25
 26
 27
 28
 29
 30
 31
 ----------------------------------------------------------------------------------------------------------------------------
                                                          SURVEY OF INDIA
                                                    MARINE GEODESY WING (G&RB)
                                                     HOURLY HEIGHTS IN METRES
  NAME OF PORT:- KARWAR                                                                             MONTH SEPT      YEAR 2014
 ----------------------------------------------------------------------------------------------------------------------------
 DAYS 0000 0001 0002 0003 0004 0005 0006 0007 0008 0009 0010 0011 0012 0013 0014 0015 0016 0017 0018 0019 0020 0021 0022 0023
 ----------------------------------------------------------------------------------------------------------------------------
  1
  2
  3
  4
  5
  6
  7
  8
  9
 10
 11
 12
 13
 14
 15
 16
 17
 18
 19
 20
 21
 22
 23
 24
 25
 26
 27
 28
 29
 30
 ----------------------------------------------------------------------------------------------------------------------------
                                                          SURVEY OF INDIA
                                                    MARINE GEODESY WING (G&RB)
                                                     HOURLY HEIGHTS IN METRES
  NAME OF PORT:- KARWAR                                                                             MONTH OCTOBER   YEAR 2014
 ----------------------------------------------------------------------------------------------------------------------------
 DAYS 0000 0001 0002 0003 0004 0005 0006 0007 0008 0009 0010 0011 0012 0013 0014 0015 0016 0017 0018 0019 0020 0021 0022 0023
 ----------------------------------------------------------------------------------------------------------------------------
  1
  2
  3
  4
  5
  6
  7
  8
  9
 10
 11
 12
 13
 14
 15
 16
 17
 18
 19
 20
 21
 22
 23
 24
 25
 26
 27
 28
 29
 30
 31
 ----------------------------------------------------------------------------------------------------------------------------
                                                          SURVEY OF INDIA
                                                    MARINE GEODESY WING (G&RB)
                                                     HOURLY HEIGHTS IN METRES
  NAME OF PORT:- KARWAR                                                                             MONTH NOVEMBER  YEAR 2014
 ----------------------------------------------------------------------------------------------------------------------------
 DAYS 0000 0001 0002 0003 0004 0005 0006 0007 0008 0009 0010 0011 0012 0013 0014 0015 0016 0017 0018 0019 0020 0021 0022 0023
 ----------------------------------------------------------------------------------------------------------------------------
  1
  2
  3
  4
  5
  6
  7
  8
  9
 10
 11
 12
 13
 14
 15
 16
 17
 18
 19
 20
 21
 22
 23
 24
 25
 26
 27
 28
 29
 30
 ----------------------------------------------------------------------------------------------------------------------------
                                                          SURVEY OF INDIA
                                                    MARINE GEODESY WING (G&RB)
                                                     HOURLY HEIGHTS IN METRES
  NAME OF PORT:- KARWAR                                                                             MONTH DECEMBER  YEAR 2014
 ----------------------------------------------------------------------------------------------------------------------------
 DAYS 0000 0001 0002 0003 0004 0005 0006 0007 0008 0009 0010 0011 0012 0013 0014 0015 0016 0017 0018 0019 0020 0021 0022 0023
 ----------------------------------------------------------------------------------------------------------------------------
  1
  2
  3
  4
  5
  6
  7
  8
  9
 10
 11
 12
 13
 14
 15
 16
 17
 18
 19
 20
 21
 22
 23
 24
 25
 26
 27
 28
 29
 30
 31
 ----------------------------------------------------------------------------------------------------------------------------
