                                                          SURVEY OF INDIA
                                                    MARINE GEODESY WING (G&RB)
                                                     HOURLY HEIGHTS IN METRES
  NAME OF PORT:- KARWAR                                                                             MONTH JANUARY   YEAR 2017
 ----------------------------------------------------------------------------------------------------------------------------
 DAYS 0000 0001 0002 0003 0004 0005 0006 0007 0008 0009 0010 0011 0012 0013 0014 0015 0016 0017 0018 0019 0020 0021 0022 0023
 ----------------------------------------------------------------------------------------------------------------------------
  1   2.18 2.24 2.10 1.82 1.53 1.30 1.18 1.15 1.22 1.40 1.62 1.78 1.82 1.75 1.56 1.27 0.90 0.60 0.46 0.48 0.64 1.00 1.43 1.80
  2   2.05 2.20 2.18 2.02 1.76 1.46 1.19 1.04 1.05 1.21 1.40 1.61 1.77 1.79 1.69 1.47 1.18 0.85 0.61 0.51 0.57 0.84 1.18 1.50
  3   1.84 2.09 2.18 2.14 1.92 1.63 1.36 1.13 1.04 1.05 1.19 1.41 1.62 1.74 1.76 1.66 1.46 1.20 0.90 0.67 0.62 0.71 1.00 1.34
  4   1.64 1.92 2.13 2.16 2.05 1.80 1.50 1.22 1.00 0.88 0.90 1.03 1.25 1.47 1.58 1.59 1.52 1.33 1.06 0.84 0.74 0.76 0.92 1.20
  5   1.50 1.80 2.02 2.11 2.07 1.87 1.61 1.34 1.06 0.87 0.81 0.88 1.05 1.25 1.40 1.50 1.53 1.50 1.37 1.17 1.00 0.89 0.91 1.07
  6   1.36 1.64 1.86 2.01 2.08 2.01 1.81 1.54 1.23 0.93 0.74 0.70 0.78 0.96 1.14 1.32 1.48 1.60 1.59 1.48 1.32 1.18 1.10 1.12
  7   1.26 1.47 1.67 1.85 1.98 2.03 1.96 1.74 1.42 1.14 0.85 0.63 0.57 0.64 0.82 1.05 1.29 1.49 1.63 1.69 1.64 1.50 1.35 1.22
  8   1.20 1.32 1.49 1.65 1.79 1.90 1.92 1.83 1.62 1.30 0.92 0.65 0.46 0.40 0.46 0.62 0.88 1.17 1.45 1.71 1.77 1.71 1.57 1.38
  9   1.24 1.21 1.26 1.38 1.52 1.67 1.81 1.87 1.79 1.54 1.20 0.87 0.52 0.30 0.22 0.27 0.51 0.90 1.32 1.67 1.87 1.92 1.87 1.71
 10   1.52 1.35 1.24 1.22 1.32 1.51 1.69 1.83 1.89 1.82 1.58 1.19 0.80 0.38 0.13 0.06 0.24 0.59 1.04 1.47 1.81 2.06 2.12 2.00
 11   1.77 1.48 1.24 1.10 1.14 1.29 1.52 1.74 1.88 1.92 1.85 1.58 1.17 0.72 0.32 0.13 0.10 0.22 0.56 1.07 1.53 1.90 2.17 2.24
 12   2.17 1.93 1.57 1.25 1.11 1.11 1.24 1.50 1.78 1.98 2.07 1.98 1.59 1.16 0.63 0.25 0.12 0.14 0.31 0.74 1.19 1.62 2.04 2.30
 13   2.35 2.18 1.82 1.44 1.13 0.96 1.00 1.26 1.55 1.80 1.98 2.02 1.89 1.56 1.10 0.60 0.16-0.02 0.10 0.54 1.03 1.51 1.94 2.30
 14   2.42 2.27 1.93 1.56 1.16 0.86 0.80 0.99 1.29 1.58 1.79 1.90 1.86 1.66 1.27 0.79 0.40 0.10-0.01 0.12 0.53 1.03 1.51 1.94
 15   2.20 2.31 2.20 1.87 1.39 1.04 0.80 0.70 0.84 1.17 1.50 1.75 1.85 1.79 1.54 1.18 0.74 0.42 0.27 0.27 0.50 0.95 1.41 1.79
 16   2.12 2.24 2.20 2.00 1.59 1.18 0.89 0.78 0.80 1.01 1.30 1.57 1.73 1.78 1.72 1.55 1.28 0.93 0.62 0.51 0.54 0.76 1.16 1.58
 17   1.90 2.17 2.27 2.22 1.96 1.56 1.21 0.96 0.83 0.86 1.04 1.29 1.53 1.67 1.72 1.68 1.51 1.22 0.91 0.72 0.69 0.77 0.99 1.37
 18   1.70 1.93 2.07 2.10 2.00 1.68 1.35 1.09 0.88 0.76 0.81 0.99 1.20 1.38 1.50 1.56 1.52 1.40 1.22 1.04 0.90 0.85 0.90 1.14
 19   1.45 1.73 1.90 1.96 1.92 1.78 1.51 1.24 0.99 0.80 0.74 0.80 0.95 1.14 1.30 1.44 1.51 1.50 1.41 1.28 1.16 1.08 1.06 1.16
 20   1.34 1.56 1.73 1.83 1.85 1.77 1.61 1.39 1.14 0.92 0.78 0.76 0.86 1.01 1.17 1.30 1.41 1.48 1.49 1.45 1.39 1.32 1.26 1.24
 21   1.28 1.44 1.60 1.72 1.78 1.78 1.70 1.56 1.35 1.15 0.94 0.82 0.79 0.85 0.98 1.12 1.26 1.40 1.53 1.60 1.60 1.54 1.47 1.40
 22   1.38 1.44 1.53 1.62 1.68 1.66 1.54 1.34 1.14 0.90 0.72 0.63 0.59 0.62 0.72 0.87 1.03 1.22 1.41 1.56 1.66 1.68 1.62 1.50
 23   1.42 1.38 1.40 1.46 1.55 1.64 1.67 1.62 1.47 1.28 1.05 0.83 0.70 0.63 0.63 0.69 0.83 1.08 1.34 1.52 1.65 1.74 1.76 1.70
 24   1.57 1.45 1.34 1.32 1.37 1.46 1.55 1.64 1.66 1.54 1.31 1.04 0.84 0.65 0.50 0.44 0.52 0.75 1.08 1.40 1.68 1.82 1.86 1.82
 25   1.70 1.53 1.38 1.30 1.30 1.39 1.50 1.60 1.66 1.64 1.48 1.27 1.04 0.79 0.57 0.52 0.64 0.88 1.17 1.44 1.68 1.90 2.02 1.99
 26   1.79 1.60 1.42 1.29 1.25 1.28 1.41 1.58 1.71 1.76 1.70 1.54 1.30 1.01 0.68 0.47 0.40 0.49 0.79 1.14 1.48 1.78 2.02 2.13
 27   2.06 1.83 1.57 1.32 1.16 1.12 1.20 1.42 1.64 1.77 1.80 1.74 1.52 1.20 0.81 0.52 0.36 0.36 0.57 0.92 1.32 1.65 1.96 2.14
 28   2.18 2.04 1.73 1.42 1.20 1.10 1.10 1.23 1.45 1.68 1.82 1.85 1.74 1.38 0.96 0.66 0.42 0.33 0.38 0.66 1.10 1.56 1.88 2.12
 29   2.25 2.20 1.97 1.59 1.30 1.07 1.01 1.12 1.33 1.57 1.80 1.92 1.90 1.72 1.39 0.97 0.64 0.42 0.36 0.50 0.91 1.36 1.74 2.08
 30   2.31 2.33 2.14 1.82 1.48 1.16 0.98 0.97 1.13 1.39 1.67 1.90 1.94 1.78 1.50 1.20 0.86 0.55 0.44 0.48 0.76 1.18 1.60 2.02
 31   2.25 2.32 2.21 1.89 1.48 1.14 0.93 0.88 0.98 1.24 1.56 1.82 1.94 1.91 1.68 1.36 0.98 0.65 0.53 0.60 0.91 1.29 1.70 2.05
 ----------------------------------------------------------------------------------------------------------------------------
                                                                                              
 ----------------------------------------------------------------------------------------------------------------------------
 ----------------------------------------------------------------------------------------------------------------------------
                                                          SURVEY OF INDIA
                                                    MARINE GEODESY WING (G&RB)
                                                     HOURLY HEIGHTS IN METRES
  NAME OF PORT:- KARWAR                                                                             MONTH FEBRUARY  YEAR 2017
 ----------------------------------------------------------------------------------------------------------------------------
 DAYS 0000 0001 0002 0003 0004 0005 0006 0007 0008 0009 0010 0011 0012 0013 0014 0015 0016 0017 0018 0019 0020 0021 0022 0023
 ----------------------------------------------------------------------------------------------------------------------------
  1   2.36 2.42 2.30 2.00 1.59 1.23 0.98 0.88 0.90 1.08 1.30 1.52 1.76 1.92 1.89 1.68 1.34 1.02 0.80 0.70 0.77 1.08 1.45 1.83
  2   2.16 2.32 2.30 2.08 1.75 1.36 1.00 0.77 0.74 0.86 1.10 1.38 1.63 1.78 1.83 1.75 1.52 1.24 1.02 0.89 0.86 0.98 1.33 1.68
  3   1.97 2.17 2.24 2.16 1.91 1.53 1.15 0.86 0.68 0.64 0.78 1.02 1.26 1.48 1.64 1.72 1.72 1.62 1.44 1.24 1.06 1.00 1.05 1.23
  4   1.48 1.72 1.92 2.02 2.00 1.84 1.51 1.17 0.85 0.60 0.48 0.51 0.70 0.93 1.20 1.42 1.59 1.66 1.60 1.47 1.33 1.20 1.12 1.12
  5   1.26 1.49 1.70 1.85 1.93 1.90 1.72 1.45 1.16 0.88 0.64 0.49 0.50 0.65 0.92 1.17 1.38 1.56 1.70 1.74 1.67 1.55 1.43 1.35
  6   1.34 1.44 1.60 1.75 1.87 1.93 1.88 1.73 1.50 1.21 0.88 0.62 0.47 0.42 0.49 0.75 1.05 1.36 1.60 1.75 1.82 1.78 1.64 1.45
  7   1.34 1.31 1.36 1.45 1.57 1.69 1.78 1.78 1.68 1.44 1.15 0.84 0.50 0.37 0.36 0.46 0.70 1.01 1.36 1.66 1.87 1.96 1.91 1.74
  8   1.52 1.32 1.20 1.19 1.31 1.47 1.64 1.77 1.80 1.72 1.52 1.21 0.82 0.45 0.27 0.28 0.46 0.80 1.20 1.57 1.83 1.98 2.00 1.86
  9   1.62 1.38 1.17 1.06 1.11 1.27 1.46 1.63 1.77 1.80 1.68 1.39 1.05 0.64 0.29 0.12 0.14 0.34 0.71 1.10 1.53 1.86 2.07 2.13
 10   2.00 1.64 1.28 1.00 0.87 0.90 1.09 1.34 1.58 1.75 1.82 1.74 1.50 1.15 0.67 0.28 0.10 0.16 0.40 0.80 1.25 1.67 1.96 2.14
 11   2.12 1.90 1.52 1.12 0.83 0.76 0.85 1.11 1.42 1.68 1.84 1.90 1.80 1.52 1.10 0.65 0.32 0.21 0.32 0.67 1.11 1.55 1.94 2.18
 12   2.26 2.20 1.87 1.44 1.02 0.74 0.72 0.94 1.22 1.50 1.77 1.94 1.95 1.77 1.38 0.95 0.57 0.35 0.30 0.42 0.76 1.26 1.70 2.00
 13   2.18 2.20 2.00 1.60 1.14 0.82 0.65 0.68 0.87 1.17 1.49 1.76 1.88 1.80 1.57 1.23 0.86 0.53 0.30 0.33 0.68 1.08 1.50 1.83
 14   2.09 2.18 2.07 1.80 1.41 0.96 0.69 0.60 0.68 0.88 1.24 1.56 1.78 1.87 1.79 1.55 1.20 0.86 0.62 0.52 0.62 0.91 1.30 1.67
 15   1.98 2.16 2.16 1.88 1.54 1.15 0.81 0.62 0.58 0.72 1.00 1.30 1.55 1.69 1.73 1.61 1.38 1.10 0.85 0.70 0.65 0.79 1.09 1.45
 16   1.74 1.92 2.00 1.94 1.69 1.35 1.00 0.74 0.59 0.60 0.76 1.02 1.30 1.56 1.68 1.69 1.58 1.38 1.18 1.00 0.91 0.97 1.19 1.44
 17   1.70 1.89 1.97 1.95 1.79 1.51 1.22 0.95 0.76 0.69 0.75 0.93 1.17 1.40 1.59 1.70 1.73 1.65 1.50 1.33 1.18 1.13 1.18 1.32
 18   1.54 1.76 1.89 1.92 1.83 1.64 1.38 1.14 0.92 0.76 0.71 0.76 0.92 1.12 1.33 1.51 1.59 1.58 1.48 1.36 1.27 1.23 1.28 1.42
 19   1.58 1.70 1.78 1.78 1.70 1.56 1.37 1.16 0.98 0.84 0.78 0.82 0.95 1.11 1.28 1.43 1.57 1.66 1.68 1.64 1.55 1.46 1.39 1.36
 20   1.40 1.50 1.61 1.70 1.73 1.69 1.57 1.39 1.20 1.00 0.87 0.82 0.84 0.92 1.06 1.22 1.40 1.56 1.67 1.72 1.72 1.67 1.59 1.51
 21   1.44 1.42 1.46 1.55 1.64 1.72 1.72 1.65 1.51 1.32 1.12 0.94 0.82 0.79 0.83 0.95 1.13 1.32 1.50 1.66 1.77 1.80 1.76 1.66
 22   1.55 1.45 1.40 1.42 1.47 1.54 1.61 1.65 1.62 1.50 1.30 1.08 0.89 0.76 0.70 0.74 0.89 1.11 1.36 1.59 1.79 1.89 1.86 1.74
 23   1.58 1.42 1.30 1.24 1.26 1.35 1.46 1.57 1.64 1.60 1.44 1.23 1.00 0.76 0.58 0.54 0.66 0.92 1.25 1.57 1.86 2.11 2.19 2.10
 24   1.78 1.46 1.24 1.17 1.19 1.29 1.43 1.59 1.73 1.80 1.76 1.56 1.20 0.88 0.66 0.60 0.68 0.89 1.16 1.43 1.68 1.89 1.97 1.95
 25   1.82 1.58 1.34 1.15 1.10 1.18 1.34 1.55 1.75 1.87 1.90 1.80 1.55 1.21 0.84 0.56 0.49 0.57 0.83 1.20 1.55 1.94 2.20 2.28
 26   2.21 1.92 1.54 1.23 1.01 0.96 1.06 1.29 1.57 1.79 1.92 1.93 1.78 1.48 1.08 0.73 0.51 0.45 0.55 0.92 1.33 1.77 2.08 2.26
 27   2.28 2.12 1.76 1.36 1.01 0.84 0.85 1.06 1.37 1.66 1.87 1.98 1.93 1.68 1.30 0.90 0.62 0.52 0.58 0.92 1.47 1.89 2.15 2.26
 28   2.25 2.14 1.88 1.54 1.18 0.85 0.70 0.74 0.95 1.29 1.61 1.86 1.99 1.97 1.76 1.40 1.00 0.68 0.55 0.62 1.02 1.56 1.96 2.19
 ----------------------------------------------------------------------------------------------------------------------------
                                                                                               
 ----------------------------------------------------------------------------------------------------------------------------
 ----------------------------------------------------------------------------------------------------------------------------
                                                          SURVEY OF INDIA
                                                    MARINE GEODESY WING (G&RB)
                                                     HOURLY HEIGHTS IN METRES
  NAME OF PORT:- KARWAR                                                                             MONTH MARCH     YEAR 2017
 ----------------------------------------------------------------------------------------------------------------------------
 DAYS 0000 0001 0002 0003 0004 0005 0006 0007 0008 0009 0010 0011 0012 0013 0014 0015 0016 0017 0018 0019 0020 0021 0022 0023
 ----------------------------------------------------------------------------------------------------------------------------
  1   2.24 2.17 1.96 1.67 1.37 1.03 0.72 0.57 0.62 0.87 1.21 1.55 1.84 2.02 2.04 1.88 1.50 0.92 0.62 0.60 0.80 1.26 1.71 2.03
  2   2.24 2.30 2.17 1.80 1.37 0.88 0.47 0.37 0.45 0.78 1.13 1.50 1.84 2.02 2.05 1.92 1.60 1.23 0.94 0.82 0.86 1.12 1.46 1.78
  3   2.07 2.25 2.29 2.15 1.80 1.30 0.89 0.60 0.52 0.63 0.89 1.24 1.59 1.86 2.02 2.05 1.91 1.60 1.28 1.04 0.98 1.08 1.37 1.68
  4   1.99 2.14 2.16 2.06 1.78 1.41 0.99 0.66 0.52 0.55 0.74 1.02 1.35 1.63 1.89 1.99 1.93 1.70 1.44 1.22 1.14 1.20 1.38 1.64
  5   1.90 2.13 2.22 2.18 1.92 1.60 1.30 1.01 0.77 0.62 0.58 0.70 0.95 1.22 1.49 1.72 1.90 1.96 1.88 1.68 1.48 1.36 1.33 1.40
  6   1.56 1.73 1.88 1.98 2.00 1.91 1.69 1.41 1.10 0.81 0.64 0.62 0.71 0.91 1.15 1.40 1.64 1.83 1.92 1.88 1.74 1.58 1.46 1.38
  7   1.36 1.41 1.52 1.66 1.80 1.86 1.82 1.67 1.46 1.18 0.93 0.72 0.64 0.68 0.82 1.03 1.30 1.59 1.84 1.96 1.95 1.85 1.70 1.53
  8   1.40 1.36 1.38 1.47 1.58 1.68 1.76 1.80 1.76 1.58 1.26 0.97 0.74 0.63 0.63 0.78 1.02 1.30 1.61 1.86 2.01 2.06 1.99 1.78
  9   1.50 1.31 1.21 1.22 1.33 1.48 1.64 1.78 1.84 1.80 1.61 1.34 1.01 0.72 0.55 0.56 0.75 1.04 1.40 1.78 2.04 2.14 2.09 1.89
 10   1.59 1.28 1.06 1.03 1.12 1.30 1.50 1.68 1.80 1.85 1.78 1.51 1.12 0.73 0.51 0.44 0.52 0.72 1.07 1.44 1.83 2.06 2.17 2.18
 11   2.08 1.83 1.49 1.14 0.92 0.84 0.91 1.09 1.38 1.64 1.82 1.86 1.77 1.52 1.18 0.78 0.50 0.43 0.56 0.90 1.29 1.64 1.97 2.13
 12   2.12 1.94 1.56 1.18 0.81 0.66 0.70 0.92 1.20 1.52 1.80 1.92 1.92 1.76 1.43 1.03 0.66 0.52 0.60 0.93 1.30 1.66 1.96 2.12
 13   2.11 1.94 1.53 1.08 0.72 0.58 0.64 0.86 1.15 1.50 1.78 1.93 1.92 1.77 1.44 1.02 0.67 0.50 0.52 0.72 1.08 1.48 1.81 2.04
 14   2.12 2.03 1.68 1.24 0.84 0.55 0.48 0.59 0.88 1.25 1.57 1.81 1.94 1.93 1.71 1.36 0.96 0.67 0.56 0.61 0.92 1.33 1.68 1.93
 15   2.06 2.03 1.79 1.40 0.96 0.58 0.42 0.45 0.67 1.00 1.35 1.69 1.89 1.94 1.83 1.57 1.19 0.86 0.72 0.74 0.94 1.23 1.54 1.81
 16   1.98 2.00 1.86 1.51 1.08 0.72 0.47 0.44 0.55 0.82 1.18 1.47 1.73 1.86 1.86 1.70 1.42 1.13 0.92 0.83 0.88 1.14 1.44 1.71
 17   1.88 1.94 1.86 1.61 1.26 0.89 0.67 0.56 0.56 0.71 1.02 1.39 1.66 1.82 1.89 1.83 1.64 1.34 1.07 0.98 1.02 1.14 1.35 1.59
 18   1.78 1.86 1.84 1.68 1.32 0.98 0.73 0.57 0.55 0.66 0.92 1.23 1.47 1.66 1.78 1.81 1.75 1.60 1.36 1.17 1.10 1.11 1.22 1.41
 19   1.58 1.71 1.76 1.72 1.58 1.26 0.98 0.77 0.67 0.65 0.72 0.95 1.24 1.45 1.60 1.70 1.73 1.67 1.54 1.39 1.27 1.20 1.20 1.30
 20   1.44 1.57 1.65 1.67 1.61 1.46 1.21 0.98 0.81 0.72 0.70 0.78 0.98 1.21 1.40 1.55 1.66 1.71 1.69 1.60 1.49 1.39 1.33 1.33
 21   1.38 1.47 1.56 1.60 1.58 1.48 1.33 1.16 0.98 0.85 0.77 0.77 0.85 1.01 1.18 1.35 1.49 1.60 1.66 1.64 1.57 1.49 1.41 1.35
 22   1.34 1.38 1.43 1.48 1.51 1.51 1.45 1.34 1.20 1.05 0.93 0.84 0.81 0.88 1.03 1.20 1.37 1.55 1.68 1.76 1.76 1.70 1.58 1.44
 23   1.31 1.29 1.32 1.38 1.44 1.51 1.55 1.52 1.42 1.26 1.09 0.94 0.84 0.80 0.87 1.06 1.26 1.48 1.67 1.81 1.86 1.84 1.76 1.59
 24   1.40 1.26 1.18 1.18 1.25 1.35 1.45 1.53 1.57 1.52 1.36 1.13 0.93 0.78 0.74 0.78 0.92 1.16 1.45 1.70 1.87 1.89 1.80 1.58
 25   1.32 1.10 0.94 0.92 1.00 1.15 1.36 1.54 1.62 1.61 1.47 1.24 0.98 0.75 0.61 0.60 0.74 0.99 1.29 1.62 1.89 2.00 1.95 1.78
 26   1.48 1.21 0.97 0.84 0.84 0.99 1.22 1.49 1.71 1.83 1.81 1.63 1.30 0.98 0.72 0.60 0.65 0.86 1.18 1.49 1.85 2.10 2.16 2.01
 27   1.70 1.39 1.05 0.78 0.70 0.77 1.00 1.32 1.64 1.87 1.96 1.90 1.63 1.27 0.90 0.63 0.57 0.64 0.87 1.19 1.60 1.96 2.19 2.22
 28   2.08 1.74 1.33 0.86 0.57 0.52 0.65 0.94 1.32 1.70 1.99 2.10 2.06 1.80 1.42 0.96 0.69 0.61 0.73 1.06 1.46 1.85 2.15 2.32
 29   2.30 1.99 1.56 1.08 0.71 0.47 0.45 0.68 1.05 1.50 1.87 2.13 2.23 2.14 1.83 1.36 0.96 0.75 0.71 0.86 1.27 1.69 2.02 2.22
 30   2.28 2.18 1.81 1.34 0.75 0.42 0.32 0.42 0.70 1.12 1.62 2.08 2.27 2.22 1.98 1.62 1.21 0.92 0.78 0.84 1.16 1.52 1.90 2.15
 31   2.27 2.20 1.97 1.52 1.00 0.54 0.26 0.22 0.42 0.82 1.32 1.71 2.03 2.20 2.24 2.12 1.85 1.56 1.28 1.05 0.91 0.90 1.08 1.38
 ----------------------------------------------------------------------------------------------------------------------------
                                                                                               
 ----------------------------------------------------------------------------------------------------------------------------
 ----------------------------------------------------------------------------------------------------------------------------
                                                          SURVEY OF INDIA
                                                    MARINE GEODESY WING (G&RB)
                                                     HOURLY HEIGHTS IN METRES
  NAME OF PORT:- KARWAR                                                                             MONTH APRIL     YEAR 2017
 ----------------------------------------------------------------------------------------------------------------------------
 DAYS 0000 0001 0002 0003 0004 0005 0006 0007 0008 0009 0010 0011 0012 0013 0014 0015 0016 0017 0018 0019 0020 0021 0022 0023
 ----------------------------------------------------------------------------------------------------------------------------
  1   1.74 2.04 2.16 2.14 1.98 1.58 1.13 0.61 0.32 0.24 0.40 0.76 1.21 1.76 2.06 2.08 1.89 1.56 1.26 1.04 0.98 1.07 1.31 1.56
  2   1.80 1.98 2.02 1.89 1.58 1.18 0.80 0.48 0.28 0.30 0.53 0.86 1.20 1.48 1.73 1.90 1.92 1.80 1.52 1.28 1.10 1.04 1.10 1.29
  3   1.50 1.70 1.82 1.84 1.74 1.53 1.16 0.79 0.51 0.36 0.38 0.54 0.87 1.22 1.49 1.73 1.87 1.88 1.76 1.58 1.40 1.24 1.18 1.20
  4   1.30 1.47 1.64 1.72 1.72 1.62 1.43 1.20 0.93 0.68 0.53 0.52 0.69 0.95 1.23 1.50 1.72 1.88 1.92 1.84 1.68 1.49 1.31 1.21
  5   1.20 1.28 1.40 1.52 1.62 1.65 1.60 1.47 1.25 1.02 0.80 0.64 0.58 0.69 0.95 1.22 1.45 1.63 1.78 1.86 1.83 1.66 1.43 1.22
  6   1.06 1.04 1.10 1.20 1.33 1.46 1.56 1.60 1.53 1.35 1.11 0.91 0.73 0.64 0.69 0.89 1.14 1.39 1.64 1.83 1.92 1.84 1.60 1.33
  7   1.10 0.94 0.90 0.96 1.11 1.28 1.43 1.56 1.62 1.57 1.35 1.07 0.82 0.68 0.65 0.71 0.87 1.11 1.44 1.74 1.93 1.98 1.89 1.69
  8   1.40 1.06 0.84 0.75 0.80 0.99 1.23 1.44 1.62 1.70 1.68 1.52 1.26 0.98 0.74 0.64 0.70 0.93 1.23 1.54 1.80 1.97 1.98 1.83
  9   1.51 1.19 0.84 0.62 0.57 0.70 0.96 1.25 1.52 1.74 1.80 1.73 1.53 1.21 0.90 0.67 0.61 0.71 0.96 1.24 1.55 1.77 1.90 1.92
 10   1.79 1.52 1.18 0.74 0.50 0.46 0.62 0.89 1.25 1.55 1.76 1.84 1.76 1.52 1.18 0.89 0.69 0.64 0.80 1.13 1.50 1.77 1.90 1.92
 11   1.81 1.53 1.16 0.75 0.49 0.40 0.51 0.83 1.23 1.59 1.82 1.92 1.90 1.71 1.40 1.04 0.79 0.72 0.82 1.06 1.33 1.57 1.77 1.90
 12   1.93 1.82 1.53 1.08 0.71 0.45 0.40 0.54 0.84 1.25 1.59 1.82 1.94 1.90 1.67 1.34 1.00 0.84 0.86 1.07 1.35 1.59 1.79 1.86
 13   1.78 1.48 1.12 0.70 0.40 0.28 0.31 0.51 0.85 1.25 1.58 1.82 1.90 1.83 1.57 1.17 0.90 0.79 0.80 0.92 1.20 1.50 1.75 1.90
 14   1.92 1.79 1.44 1.02 0.60 0.40 0.34 0.42 0.67 1.07 1.40 1.66 1.82 1.87 1.80 1.62 1.34 1.06 0.89 0.87 0.96 1.16 1.45 1.67
 15   1.76 1.72 1.57 1.28 0.91 0.54 0.33 0.29 0.42 0.70 1.04 1.40 1.66 1.82 1.85 1.74 1.52 1.28 1.08 0.98 0.99 1.12 1.34 1.58
 16   1.71 1.74 1.66 1.43 1.10 0.76 0.49 0.40 0.44 0.60 0.85 1.12 1.40 1.65 1.78 1.80 1.73 1.55 1.30 1.13 1.08 1.10 1.21 1.38
 17   1.54 1.64 1.67 1.60 1.36 1.01 0.72 0.55 0.48 0.53 0.72 0.99 1.27 1.53 1.68 1.73 1.70 1.58 1.40 1.25 1.16 1.14 1.20 1.31
 18   1.44 1.56 1.61 1.57 1.42 1.19 0.94 0.73 0.57 0.53 0.62 0.81 1.05 1.30 1.51 1.66 1.70 1.65 1.52 1.38 1.26 1.19 1.16 1.18
 19   1.25 1.35 1.42 1.44 1.39 1.24 1.06 0.86 0.68 0.60 0.61 0.71 0.88 1.06 1.25 1.42 1.56 1.63 1.62 1.54 1.42 1.28 1.17 1.11
 20   1.12 1.18 1.25 1.33 1.36 1.33 1.24 1.12 0.99 0.85 0.74 0.72 0.79 0.95 1.14 1.34 1.52 1.63 1.68 1.66 1.57 1.44 1.30 1.16
 21   1.07 1.06 1.13 1.22 1.32 1.40 1.42 1.37 1.25 1.11 0.96 0.83 0.76 0.80 0.95 1.16 1.37 1.55 1.70 1.78 1.76 1.64 1.46 1.28
 22   1.13 1.02 0.98 1.03 1.15 1.28 1.40 1.48 1.50 1.42 1.23 1.02 0.86 0.78 0.80 0.92 1.15 1.40 1.65 1.84 1.91 1.85 1.70 1.48
 23   1.24 1.00 0.84 0.79 0.87 1.03 1.23 1.43 1.58 1.64 1.60 1.46 1.22 0.98 0.79 0.75 0.82 1.00 1.24 1.53 1.79 1.96 1.98 1.82
 24   1.56 1.25 0.90 0.66 0.61 0.70 0.91 1.20 1.46 1.68 1.79 1.72 1.50 1.24 0.97 0.78 0.76 0.94 1.28 1.64 1.93 2.05 2.00 1.77
 25   1.39 0.99 0.64 0.39 0.34 0.50 0.82 1.20 1.52 1.78 1.93 1.90 1.65 1.29 0.96 0.75 0.76 0.95 1.25 1.55 1.81 1.97 2.00 1.87
 26   1.52 0.98 0.47 0.21 0.14 0.30 0.66 1.06 1.47 1.83 2.02 2.08 1.96 1.64 1.24 0.89 0.68 0.66 0.83 1.19 1.55 1.85 2.03 2.04
 27   1.89 1.54 1.06 0.62 0.30 0.12 0.16 0.42 0.84 1.30 1.74 2.10 2.23 2.12 1.63 1.20 0.85 0.66 0.68 0.93 1.29 1.65 1.91 2.04
 28   2.01 1.75 1.25 0.70 0.30 0.12 0.16 0.42 0.84 1.26 1.61 1.94 2.16 2.18 1.97 1.57 1.18 0.88 0.76 0.86 1.12 1.44 1.75 1.96
 29   2.02 1.91 1.60 1.12 0.62 0.16-0.12-0.12 0.20 0.62 1.10 1.52 1.90 2.17 2.18 1.91 1.51 1.16 0.90 0.80 0.89 1.15 1.43 1.70
 30   1.88 1.93 1.80 1.46 0.94 0.47 0.10-0.08-0.04 0.28 0.70 1.17 1.58 1.92 2.11 2.06 1.82 1.47 1.15 0.96 0.90 0.97 1.18 1.46
 ----------------------------------------------------------------------------------------------------------------------------
                                                                                               
 ----------------------------------------------------------------------------------------------------------------------------
 ----------------------------------------------------------------------------------------------------------------------------
                                                          SURVEY OF INDIA
                                                    MARINE GEODESY WING (G&RB)
                                                     HOURLY HEIGHTS IN METRES
  NAME OF PORT:- KARWAR                                                                             MONTH MAY       YEAR 2017
 ----------------------------------------------------------------------------------------------------------------------------
 DAYS 0000 0001 0002 0003 0004 0005 0006 0007 0008 0009 0010 0011 0012 0013 0014 0015 0016 0017 0018 0019 0020 0021 0022 0023
 ----------------------------------------------------------------------------------------------------------------------------
  1   1.70 1.82 1.79 1.56 1.20 0.80 0.36 0.14 0.10 0.28 0.60 0.96 1.32 1.68 1.94 2.05 1.98 1.74 1.44 1.19 0.99 0.92 1.00 1.18
  2   1.41 1.60 1.70 1.68 1.55 1.29 0.97 0.62 0.40 0.32 0.40 0.64 1.01 1.37 1.73 1.96 2.00 1.88 1.66 1.43 1.22 1.07 1.00 1.04
  3   1.21 1.43 1.58 1.64 1.59 1.45 1.22 0.96 0.70 0.55 0.52 0.64 0.89 1.16 1.45 1.70 1.88 1.94 1.88 1.73 1.53 1.31 1.08 0.93
  4   0.92 1.03 1.18 1.34 1.47 1.53 1.50 1.38 1.20 1.00 0.80 0.68 0.69 0.88 1.11 1.34 1.57 1.80 1.92 1.90 1.75 1.50 1.26 1.03
  5   0.89 0.87 0.97 1.12 1.28 1.43 1.57 1.62 1.58 1.43 1.20 0.97 0.85 0.84 0.95 1.17 1.45 1.70 1.90 1.98 1.94 1.72 1.45 1.20
  6   0.95 0.84 0.84 0.94 1.12 1.32 1.49 1.63 1.68 1.62 1.43 1.20 1.00 0.92 0.94 1.05 1.25 1.47 1.70 1.90 2.01 1.94 1.70 1.40
  7   1.08 0.82 0.68 0.69 0.84 1.07 1.36 1.61 1.80 1.88 1.79 1.55 1.31 1.11 0.98 0.99 1.13 1.35 1.59 1.81 1.98 2.05 1.93 1.62
  8   1.26 0.95 0.75 0.67 0.74 0.94 1.21 1.48 1.73 1.93 2.00 1.91 1.68 1.43 1.18 1.03 0.99 1.10 1.38 1.64 1.86 1.99 2.00 1.86
  9   1.62 1.32 0.97 0.66 0.48 0.49 0.73 1.07 1.44 1.74 1.97 2.05 1.95 1.68 1.40 1.15 1.03 1.06 1.26 1.52 1.75 1.92 1.99 1.91
 10   1.60 1.24 0.86 0.61 0.53 0.63 0.88 1.19 1.52 1.81 1.99 2.07 2.02 1.83 1.57 1.32 1.12 1.07 1.23 1.50 1.74 1.88 1.90 1.79
 11   1.50 1.10 0.70 0.48 0.41 0.49 0.74 1.12 1.52 1.87 2.08 2.16 2.10 1.94 1.70 1.44 1.20 1.08 1.12 1.35 1.60 1.78 1.87 1.85
 12   1.70 1.42 1.05 0.73 0.50 0.41 0.51 0.80 1.19 1.56 1.83 2.01 2.07 2.00 1.83 1.60 1.36 1.15 1.09 1.18 1.41 1.63 1.82 1.93
 13   1.91 1.70 1.41 1.07 0.75 0.48 0.38 0.45 0.75 1.17 1.55 1.85 2.04 2.09 2.02 1.82 1.52 1.24 1.11 1.12 1.29 1.49 1.68 1.84
 14   1.90 1.82 1.54 1.23 0.91 0.59 0.43 0.41 0.55 0.96 1.34 1.66 1.88 2.00 2.01 1.90 1.68 1.44 1.26 1.18 1.24 1.42 1.61 1.77
 15   1.82 1.73 1.51 1.20 0.89 0.61 0.41 0.38 0.60 0.90 1.22 1.47 1.72 1.90 1.97 1.93 1.79 1.59 1.40 1.26 1.19 1.22 1.36 1.54
 16   1.70 1.77 1.72 1.54 1.28 0.99 0.74 0.56 0.52 0.68 0.95 1.23 1.54 1.79 1.93 1.95 1.86 1.67 1.44 1.26 1.16 1.15 1.23 1.37
 17   1.51 1.61 1.62 1.53 1.32 1.10 0.88 0.69 0.61 0.63 0.80 1.06 1.33 1.60 1.81 1.93 1.94 1.82 1.63 1.45 1.30 1.19 1.15 1.22
 18   1.37 1.53 1.61 1.58 1.46 1.29 1.10 0.91 0.75 0.69 0.76 0.91 1.14 1.37 1.60 1.79 1.89 1.88 1.74 1.56 1.38 1.21 1.09 1.04
 19   1.07 1.19 1.32 1.42 1.45 1.40 1.29 1.15 1.00 0.86 0.77 0.79 0.97 1.21 1.45 1.65 1.82 1.89 1.86 1.72 1.55 1.36 1.19 1.07
 20   1.02 1.06 1.17 1.29 1.39 1.45 1.43 1.33 1.16 0.99 0.85 0.81 0.90 1.09 1.28 1.46 1.63 1.78 1.87 1.87 1.74 1.51 1.25 1.03
 21   0.88 0.84 0.89 1.01 1.18 1.34 1.47 1.52 1.47 1.35 1.19 1.01 0.87 0.85 0.96 1.18 1.40 1.62 1.81 1.89 1.84 1.63 1.38 1.13
 22   0.86 0.62 0.54 0.61 0.85 1.12 1.35 1.51 1.54 1.47 1.33 1.15 0.96 0.83 0.82 0.96 1.18 1.40 1.59 1.75 1.81 1.73 1.48 1.14
 23   0.75 0.46 0.31 0.30 0.46 0.74 1.05 1.32 1.57 1.70 1.67 1.47 1.20 0.96 0.82 0.80 0.92 1.16 1.44 1.70 1.87 1.90 1.76 1.34
 24   0.90 0.50 0.23 0.12 0.20 0.46 0.85 1.22 1.58 1.80 1.87 1.78 1.54 1.22 0.95 0.78 0.80 0.99 1.24 1.52 1.79 1.96 1.97 1.76
 25   1.30 0.79 0.35 0.02-0.12-0.03 0.37 0.81 1.25 1.64 1.93 2.00 1.87 1.60 1.30 1.00 0.81 0.82 1.06 1.36 1.64 1.86 1.95 1.88
 26   1.62 1.16 0.66 0.22-0.14-0.19-0.01 0.43 0.92 1.38 1.76 2.02 2.06 1.87 1.56 1.26 0.98 0.80 0.83 1.09 1.40 1.70 1.88 1.92
 27   1.78 1.36 0.83 0.30-0.12-0.29-0.27 0.00 0.48 0.99 1.45 1.88 2.14 2.13 1.86 1.47 1.06 0.80 0.72 0.81 1.05 1.33 1.58 1.78
 28   1.85 1.72 1.28 0.74 0.24-0.12-0.26-0.17 0.20 0.70 1.22 1.70 2.03 2.16 2.10 1.78 1.39 1.02 0.73 0.70 0.90 1.19 1.45 1.66
 29   1.77 1.73 1.47 1.01 0.57 0.16-0.10-0.16 0.03 0.44 0.91 1.32 1.70 1.96 2.04 1.94 1.62 1.25 0.93 0.77 0.73 0.83 1.04 1.30
 30   1.54 1.68 1.66 1.46 1.11 0.70 0.34 0.06 0.03 0.26 0.63 1.00 1.40 1.72 1.94 2.01 1.90 1.60 1.27 0.99 0.81 0.76 0.84 1.05
 31   1.30 1.51 1.60 1.56 1.37 1.05 0.69 0.41 0.28 0.30 0.50 0.80 1.12 1.45 1.74 1.93 1.95 1.81 1.56 1.30 1.07 0.86 0.77 0.82
 ----------------------------------------------------------------------------------------------------------------------------
                                                                                              
 ----------------------------------------------------------------------------------------------------------------------------
 ----------------------------------------------------------------------------------------------------------------------------
                                                          SURVEY OF INDIA
                                                    MARINE GEODESY WING (G&RB)
                                                     HOURLY HEIGHTS IN METRES
  NAME OF PORT:- KARWAR                                                                             MONTH JUNE      YEAR 2017
 ----------------------------------------------------------------------------------------------------------------------------
 DAYS 0000 0001 0002 0003 0004 0005 0006 0007 0008 0009 0010 0011 0012 0013 0014 0015 0016 0017 0018 0019 0020 0021 0022 0023
 ----------------------------------------------------------------------------------------------------------------------------
  1   0.98 1.18 1.37 1.50 1.52 1.43 1.24 0.99 0.74 0.57 0.56 0.72 0.94 1.19 1.45 1.70 1.90 1.94 1.82 1.60 1.33 1.07 0.86 0.80
  2   0.86 0.97 1.10 1.24 1.37 1.44 1.42 1.30 1.09 0.87 0.74 0.73 0.87 1.07 1.29 1.49 1.65 1.77 1.80 1.71 1.51 1.28 1.03 0.81
  3   0.70 0.72 0.83 0.99 1.17 1.32 1.43 1.47 1.41 1.24 1.00 0.78 0.72 0.82 1.06 1.30 1.52 1.66 1.72 1.67 1.50 1.30 1.08 0.85
  4   0.64 0.51 0.52 0.66 0.86 1.06 1.26 1.42 1.48 1.43 1.28 1.11 0.95 0.84 0.82 0.93 1.14 1.36 1.53 1.62 1.63 1.51 1.25 0.96
  5   0.69 0.45 0.34 0.39 0.59 0.82 1.07 1.30 1.50 1.56 1.51 1.35 1.16 0.98 0.88 0.90 1.04 1.24 1.43 1.58 1.62 1.54 1.34 1.06
  6   0.72 0.40 0.18 0.19 0.40 0.67 0.92 1.20 1.43 1.61 1.65 1.55 1.32 1.09 0.92 0.88 0.98 1.14 1.30 1.44 1.54 1.56 1.44 1.16
  7   0.87 0.60 0.36 0.25 0.29 0.52 0.78 1.04 1.30 1.54 1.70 1.73 1.64 1.39 1.12 0.92 0.86 0.90 1.07 1.28 1.47 1.57 1.54 1.37
  8   1.08 0.78 0.51 0.30 0.20 0.26 0.51 0.84 1.16 1.51 1.75 1.78 1.66 1.44 1.22 1.02 0.92 0.93 1.05 1.26 1.46 1.60 1.64 1.55
  9   1.32 1.02 0.69 0.40 0.24 0.24 0.40 0.74 1.12 1.50 1.80 1.90 1.86 1.68 1.44 1.22 1.02 0.94 0.96 1.11 1.30 1.49 1.61 1.64
 10   1.54 1.21 0.88 0.55 0.30 0.22 0.29 0.54 0.90 1.27 1.60 1.82 1.90 1.84 1.66 1.43 1.20 1.03 1.01 1.14 1.34 1.53 1.66 1.70
 11   1.62 1.38 1.06 0.76 0.47 0.28 0.24 0.37 0.75 1.17 1.52 1.81 1.96 1.94 1.75 1.51 1.28 1.07 0.96 1.01 1.18 1.40 1.58 1.67
 12   1.65 1.47 1.18 0.86 0.56 0.38 0.31 0.37 0.58 0.98 1.39 1.73 1.92 1.99 1.94 1.78 1.48 1.20 1.03 1.02 1.11 1.29 1.48 1.65
 13   1.72 1.67 1.50 1.16 0.77 0.51 0.36 0.32 0.44 0.81 1.36 1.76 1.93 1.99 1.96 1.83 1.62 1.38 1.18 1.08 1.07 1.15 1.30 1.48
 14   1.61 1.63 1.54 1.33 1.01 0.72 0.50 0.41 0.44 0.58 0.96 1.40 1.70 1.88 1.96 1.95 1.80 1.56 1.33 1.15 1.06 1.05 1.12 1.28
 15   1.48 1.62 1.64 1.52 1.29 1.03 0.78 0.62 0.55 0.59 0.79 1.15 1.50 1.74 1.90 1.95 1.90 1.72 1.48 1.28 1.13 1.03 1.01 1.10
 16   1.30 1.48 1.57 1.56 1.45 1.25 1.05 0.84 0.71 0.68 0.77 0.99 1.30 1.60 1.82 1.95 1.98 1.90 1.68 1.45 1.26 1.09 1.00 0.99
 17   1.06 1.20 1.34 1.43 1.46 1.42 1.28 1.05 0.82 0.72 0.74 0.87 1.08 1.35 1.58 1.76 1.88 1.92 1.86 1.65 1.38 1.09 0.90 0.80
 18   0.81 0.94 1.12 1.27 1.39 1.44 1.41 1.29 1.11 0.94 0.84 0.87 1.02 1.23 1.44 1.62 1.76 1.84 1.83 1.67 1.40 1.14 0.92 0.74
 19   0.64 0.67 0.82 1.02 1.25 1.41 1.46 1.43 1.33 1.20 1.08 1.00 1.01 1.15 1.35 1.56 1.74 1.86 1.88 1.78 1.56 1.27 0.98 0.72
 20   0.58 0.59 0.71 0.90 1.15 1.43 1.66 1.75 1.70 1.54 1.35 1.21 1.15 1.18 1.28 1.47 1.66 1.83 1.94 1.96 1.86 1.61 1.27 0.88
 21   0.58 0.43 0.42 0.55 0.88 1.23 1.53 1.80 1.92 1.91 1.74 1.49 1.27 1.13 1.11 1.20 1.37 1.56 1.76 1.93 2.00 1.92 1.65 1.26
 22   0.84 0.42 0.20 0.18 0.35 0.75 1.15 1.56 1.87 2.06 2.10 1.98 1.70 1.40 1.16 1.10 1.18 1.39 1.61 1.81 1.93 1.95 1.82 1.41
 23   0.98 0.57 0.28 0.18 0.24 0.56 0.96 1.41 1.80 2.12 2.28 2.26 2.08 1.76 1.45 1.21 1.09 1.12 1.36 1.66 1.90 2.04 2.05 1.92
 24   1.60 1.15 0.61 0.19-0.02 0.00 0.29 0.79 1.26 1.74 2.13 2.26 2.16 1.88 1.51 1.24 1.06 1.01 1.14 1.43 1.73 1.97 2.06 1.98
 25   1.59 1.07 0.50 0.10-0.11-0.07 0.34 0.83 1.30 1.78 2.16 2.38 2.36 2.06 1.67 1.30 1.02 0.93 1.04 1.28 1.55 1.78 1.96 2.02
 26   1.90 1.45 0.93 0.45 0.16 0.05 0.13 0.44 0.95 1.40 1.78 2.07 2.27 2.30 2.10 1.72 1.34 1.04 0.90 0.94 1.15 1.40 1.61 1.80
 27   1.88 1.82 1.49 1.07 0.65 0.35 0.20 0.24 0.55 0.97 1.35 1.70 2.00 2.20 2.23 2.02 1.71 1.36 1.05 0.87 0.86 1.01 1.22 1.44
 28   1.64 1.77 1.76 1.54 1.21 0.86 0.52 0.36 0.38 0.58 0.94 1.29 1.62 1.93 2.14 2.17 2.00 1.72 1.40 1.10 0.85 0.78 0.89 1.08
 29   1.27 1.46 1.62 1.68 1.60 1.36 1.04 0.74 0.53 0.49 0.64 0.96 1.29 1.59 1.88 2.08 2.11 1.94 1.63 1.30 1.03 0.89 0.90 1.03
 30   1.22 1.40 1.55 1.65 1.64 1.52 1.31 1.05 0.83 0.78 0.87 1.07 1.33 1.58 1.82 2.01 2.06 1.94 1.70 1.38 1.09 0.85 0.77 0.80
 ----------------------------------------------------------------------------------------------------------------------------
                                                                                               
 ----------------------------------------------------------------------------------------------------------------------------
 ----------------------------------------------------------------------------------------------------------------------------
                                                          SURVEY OF INDIA
                                                    MARINE GEODESY WING (G&RB)
                                                     HOURLY HEIGHTS IN METRES
  NAME OF PORT:- KARWAR                                                                             MONTH JULY      YEAR 2017
 ----------------------------------------------------------------------------------------------------------------------------
 DAYS 0000 0001 0002 0003 0004 0005 0006 0007 0008 0009 0010 0011 0012 0013 0014 0015 0016 0017 0018 0019 0020 0021 0022 0023
 ----------------------------------------------------------------------------------------------------------------------------
  1   0.93 1.11 1.28 1.42 1.50 1.49 1.38 1.17 0.97 0.85 0.84 0.97 1.20 1.47 1.71 1.89 2.01 2.02 1.89 1.62 1.32 1.07 0.86 0.72
  2   0.70 0.80 0.96 1.12 1.28 1.42 1.47 1.43 1.32 1.19 1.08 1.03 1.05 1.14 1.29 1.46 1.60 1.72 1.76 1.70 1.50 1.25 1.02 0.85
  3   0.74 0.72 0.79 0.94 1.12 1.29 1.44 1.52 1.53 1.46 1.35 1.23 1.16 1.17 1.26 1.39 1.52 1.65 1.72 1.71 1.62 1.40 1.16 0.90
  4   0.70 0.61 0.60 0.69 0.87 1.08 1.28 1.47 1.59 1.62 1.56 1.42 1.26 1.16 1.14 1.20 1.32 1.46 1.59 1.65 1.64 1.52 1.30 1.02
  5   0.79 0.60 0.50 0.51 0.66 0.89 1.15 1.36 1.54 1.65 1.64 1.50 1.34 1.20 1.14 1.18 1.28 1.39 1.50 1.59 1.64 1.60 1.39 1.12
  6   0.87 0.62 0.43 0.38 0.47 0.66 0.92 1.17 1.39 1.58 1.66 1.63 1.52 1.37 1.23 1.13 1.10 1.16 1.30 1.49 1.63 1.66 1.56 1.36
  7   1.09 0.78 0.48 0.32 0.31 0.47 0.77 1.07 1.37 1.64 1.82 1.88 1.83 1.66 1.45 1.25 1.13 1.12 1.22 1.37 1.53 1.63 1.65 1.55
  8   1.28 0.91 0.60 0.37 0.29 0.35 0.56 0.85 1.15 1.42 1.64 1.78 1.85 1.81 1.64 1.43 1.20 1.03 1.04 1.23 1.45 1.60 1.63 1.51
  9   1.22 0.84 0.53 0.29 0.18 0.21 0.40 0.70 1.05 1.40 1.68 1.80 1.79 1.64 1.40 1.13 0.95 0.86 0.90 1.07 1.29 1.50 1.60 1.59
 10   1.42 1.10 0.77 0.40 0.20 0.16 0.26 0.50 0.87 1.27 1.59 1.79 1.86 1.80 1.59 1.33 1.10 0.94 0.90 0.97 1.16 1.37 1.53 1.60
 11   1.54 1.32 1.00 0.63 0.36 0.20 0.18 0.28 0.58 1.05 1.49 1.75 1.85 1.84 1.70 1.42 1.14 0.92 0.85 0.88 1.01 1.20 1.38 1.52
 12   1.56 1.49 1.28 0.95 0.58 0.32 0.22 0.24 0.42 0.79 1.19 1.53 1.77 1.87 1.84 1.66 1.39 1.09 0.88 0.81 0.86 1.04 1.26 1.45
 13   1.58 1.59 1.46 1.18 0.87 0.59 0.39 0.31 0.39 0.69 1.08 1.42 1.69 1.88 1.93 1.83 1.53 1.24 0.98 0.80 0.74 0.84 1.04 1.24
 14   1.42 1.50 1.49 1.38 1.14 0.86 0.60 0.48 0.47 0.59 0.89 1.26 1.55 1.76 1.85 1.82 1.69 1.44 1.12 0.86 0.71 0.69 0.81 1.02
 15   1.25 1.41 1.48 1.46 1.33 1.09 0.82 0.62 0.55 0.60 0.79 1.09 1.43 1.68 1.82 1.85 1.77 1.56 1.26 0.99 0.79 0.69 0.70 0.86
 16   1.07 1.24 1.37 1.45 1.44 1.31 1.06 0.83 0.68 0.66 0.80 1.14 1.42 1.64 1.81 1.88 1.84 1.68 1.41 1.16 0.94 0.74 0.66 0.70
 17   0.86 1.06 1.23 1.38 1.45 1.43 1.27 1.06 0.90 0.83 0.86 1.00 1.25 1.49 1.68 1.78 1.80 1.73 1.47 1.12 0.80 0.58 0.47 0.46
 18   0.58 0.82 1.07 1.30 1.47 1.54 1.50 1.38 1.25 1.13 1.06 1.05 1.13 1.34 1.54 1.72 1.82 1.83 1.72 1.38 1.00 0.74 0.56 0.46
 19   0.47 0.57 0.77 1.02 1.26 1.46 1.56 1.58 1.50 1.35 1.20 1.09 1.04 1.09 1.25 1.47 1.65 1.79 1.83 1.76 1.47 1.13 0.83 0.53
 20   0.36 0.31 0.38 0.59 0.90 1.22 1.48 1.66 1.74 1.69 1.53 1.35 1.19 1.06 1.03 1.14 1.34 1.55 1.72 1.82 1.78 1.56 1.26 0.90
 21   0.52 0.23 0.13 0.20 0.42 0.79 1.19 1.50 1.75 1.90 1.92 1.76 1.50 1.25 1.04 0.95 1.03 1.26 1.50 1.70 1.81 1.79 1.66 1.40
 22   0.98 0.49 0.12 0.02 0.06 0.27 0.67 1.15 1.56 1.89 2.06 2.07 1.87 1.56 1.26 0.99 0.92 0.99 1.19 1.41 1.62 1.80 1.82 1.62
 23   1.25 0.82 0.37 0.07-0.03 0.08 0.44 0.91 1.32 1.73 2.07 2.20 2.10 1.78 1.45 1.13 0.94 0.87 0.96 1.20 1.52 1.77 1.91 1.89
 24   1.70 1.34 0.83 0.36 0.07-0.01 0.13 0.48 1.03 1.50 1.88 2.13 2.19 2.06 1.68 1.30 0.92 0.72 0.70 0.93 1.30 1.64 1.85 1.91
 25   1.78 1.42 1.00 0.50 0.09-0.06 0.08 0.42 0.81 1.20 1.57 1.91 2.15 2.22 2.05 1.62 1.17 0.85 0.68 0.69 0.90 1.29 1.62 1.81
 26   1.85 1.74 1.50 1.12 0.70 0.30 0.13 0.18 0.52 0.92 1.34 1.74 2.07 2.19 2.16 1.96 1.59 1.12 0.78 0.62 0.66 0.92 1.24 1.51
 27   1.68 1.74 1.67 1.46 1.13 0.70 0.40 0.26 0.29 0.60 1.09 1.47 1.77 1.98 2.06 2.00 1.70 1.26 0.87 0.62 0.55 0.64 0.90 1.17
 28   1.42 1.56 1.60 1.52 1.31 0.99 0.70 0.49 0.43 0.55 0.90 1.26 1.57 1.80 1.91 1.92 1.82 1.59 1.27 0.96 0.69 0.56 0.55 0.68
 29   0.93 1.20 1.40 1.49 1.49 1.39 1.15 0.88 0.66 0.61 0.73 1.08 1.40 1.64 1.77 1.80 1.71 1.50 1.25 0.95 0.69 0.52 0.50 0.62
 30   0.82 1.01 1.17 1.30 1.36 1.34 1.22 1.04 0.88 0.81 0.82 0.91 1.10 1.32 1.50 1.62 1.66 1.60 1.38 1.12 0.87 0.65 0.49 0.47
 31   0.58 0.77 0.96 1.13 1.26 1.34 1.33 1.23 1.09 0.98 0.90 0.90 1.00 1.16 1.33 1.48 1.57 1.59 1.49 1.26 1.02 0.79 0.58 0.48
 ----------------------------------------------------------------------------------------------------------------------------
                                                                                               
 ----------------------------------------------------------------------------------------------------------------------------
 ----------------------------------------------------------------------------------------------------------------------------
                                                          SURVEY OF INDIA
                                                    MARINE GEODESY WING (G&RB)
                                                     HOURLY HEIGHTS IN METRES
  NAME OF PORT:- KARWAR                                                                             MONTH AUGUST    YEAR 2017
 ----------------------------------------------------------------------------------------------------------------------------
 DAYS 0000 0001 0002 0003 0004 0005 0006 0007 0008 0009 0010 0011 0012 0013 0014 0015 0016 0017 0018 0019 0020 0021 0022 0023
 ----------------------------------------------------------------------------------------------------------------------------
  1   0.50 0.63 0.80 0.96 1.11 1.25 1.36 1.39 1.33 1.20 1.05 0.95 0.95 1.09 1.27 1.41 1.52 1.56 1.51 1.38 1.20 1.01 0.82 0.62
  2   0.51 0.50 0.58 0.76 0.96 1.15 1.35 1.50 1.59 1.61 1.55 1.43 1.30 1.20 1.16 1.19 1.28 1.40 1.49 1.50 1.42 1.23 0.99 0.75
  3   0.59 0.51 0.52 0.62 0.80 1.01 1.21 1.38 1.52 1.61 1.62 1.56 1.42 1.29 1.18 1.14 1.19 1.32 1.47 1.52 1.45 1.28 1.05 0.86
  4   0.68 0.56 0.50 0.53 0.67 0.86 1.06 1.23 1.38 1.50 1.55 1.52 1.38 1.22 1.09 1.03 1.05 1.13 1.26 1.38 1.44 1.41 1.23 0.99
  5   0.78 0.59 0.43 0.38 0.45 0.66 0.92 1.18 1.40 1.55 1.61 1.57 1.45 1.28 1.12 0.99 0.93 0.96 1.08 1.25 1.39 1.43 1.35 1.16
  6   0.91 0.64 0.39 0.23 0.22 0.36 0.65 0.97 1.31 1.56 1.72 1.73 1.61 1.39 1.14 0.98 0.89 0.89 0.98 1.16 1.36 1.51 1.54 1.44
  7   1.22 0.92 0.58 0.31 0.16 0.17 0.39 0.72 1.06 1.42 1.69 1.82 1.78 1.60 1.32 1.06 0.86 0.79 0.87 1.09 1.31 1.49 1.56 1.49
  8   1.30 1.00 0.66 0.34 0.12 0.15 0.36 0.68 1.03 1.33 1.60 1.82 1.93 1.88 1.60 1.28 1.02 0.86 0.82 0.94 1.16 1.39 1.56 1.63
  9   1.56 1.28 0.94 0.56 0.26 0.18 0.28 0.52 0.86 1.26 1.62 1.82 1.89 1.81 1.57 1.26 0.98 0.76 0.66 0.73 0.95 1.19 1.42 1.58
 10   1.61 1.51 1.26 0.89 0.51 0.25 0.19 0.28 0.52 0.89 1.32 1.68 1.87 1.89 1.69 1.36 1.07 0.80 0.62 0.57 0.70 0.98 1.28 1.50
 11   1.59 1.56 1.41 1.12 0.74 0.47 0.30 0.28 0.42 0.73 1.19 1.56 1.80 1.87 1.80 1.60 1.33 0.98 0.66 0.53 0.55 0.72 1.03 1.31
 12   1.51 1.60 1.56 1.37 1.05 0.74 0.44 0.35 0.42 0.67 0.99 1.37 1.65 1.79 1.78 1.66 1.42 1.11 0.78 0.50 0.41 0.48 0.69 0.97
 13   1.22 1.44 1.52 1.48 1.30 1.04 0.78 0.60 0.54 0.64 0.92 1.21 1.52 1.72 1.80 1.74 1.55 1.24 0.90 0.63 0.44 0.39 0.50 0.77
 14   1.02 1.27 1.45 1.52 1.46 1.29 1.06 0.82 0.69 0.68 0.81 1.08 1.39 1.63 1.78 1.80 1.65 1.37 1.05 0.76 0.51 0.32 0.29 0.39
 15   0.62 0.87 1.12 1.32 1.44 1.44 1.32 1.12 0.92 0.83 0.84 0.97 1.18 1.39 1.57 1.66 1.64 1.46 1.16 0.86 0.60 0.39 0.33 0.38
 16   0.52 0.78 1.03 1.23 1.41 1.52 1.51 1.39 1.21 1.02 0.91 0.90 1.00 1.18 1.39 1.57 1.70 1.72 1.60 1.38 1.09 0.80 0.52 0.39
 17   0.37 0.46 0.64 0.86 1.09 1.30 1.52 1.64 1.63 1.50 1.34 1.20 1.11 1.10 1.18 1.34 1.52 1.65 1.69 1.62 1.43 1.17 0.87 0.56
 18   0.33 0.22 0.29 0.52 0.78 1.09 1.42 1.65 1.77 1.76 1.64 1.44 1.23 1.09 1.06 1.14 1.29 1.45 1.59 1.71 1.73 1.59 1.24 0.87
 19   0.53 0.29 0.20 0.25 0.44 0.80 1.17 1.49 1.78 1.95 1.96 1.78 1.53 1.30 1.12 1.02 1.06 1.21 1.40 1.61 1.76 1.78 1.60 1.28
 20   0.93 0.54 0.23 0.11 0.16 0.44 0.85 1.27 1.63 1.95 2.10 2.02 1.78 1.44 1.12 0.88 0.83 0.94 1.19 1.44 1.69 1.85 1.84 1.64
 21   1.30 0.84 0.44 0.19 0.13 0.24 0.59 1.01 1.45 1.80 2.09 2.16 2.02 1.62 1.24 0.90 0.69 0.70 0.90 1.21 1.51 1.76 1.90 1.89
 22   1.70 1.25 0.78 0.34 0.02-0.02 0.18 0.60 1.06 1.50 1.86 2.07 2.06 1.78 1.35 0.94 0.68 0.60 0.69 0.94 1.22 1.48 1.74 1.88
 23   1.85 1.59 1.22 0.82 0.38 0.11 0.13 0.40 0.82 1.30 1.67 1.94 2.04 1.96 1.54 1.08 0.70 0.44 0.42 0.56 0.86 1.18 1.50 1.76
 24   1.87 1.77 1.45 1.00 0.62 0.33 0.20 0.24 0.54 0.99 1.44 1.84 2.03 2.02 1.82 1.34 0.84 0.53 0.39 0.42 0.65 0.96 1.28 1.52
 25   1.70 1.76 1.66 1.30 0.92 0.60 0.41 0.35 0.48 0.85 1.28 1.60 1.85 1.94 1.86 1.52 1.01 0.67 0.47 0.40 0.50 0.82 1.16 1.42
 26   1.60 1.69 1.66 1.42 1.06 0.77 0.61 0.55 0.61 0.85 1.16 1.45 1.72 1.88 1.90 1.73 1.31 0.94 0.66 0.47 0.41 0.48 0.71 0.99
 27   1.29 1.49 1.56 1.53 1.37 1.14 0.90 0.74 0.67 0.72 0.91 1.19 1.46 1.64 1.72 1.67 1.48 1.20 0.89 0.66 0.50 0.46 0.57 0.80
 28   1.08 1.30 1.44 1.48 1.43 1.30 1.12 0.97 0.90 0.91 1.02 1.19 1.36 1.53 1.63 1.64 1.55 1.33 1.07 0.84 0.64 0.52 0.52 0.69
 29   0.95 1.16 1.36 1.47 1.49 1.44 1.35 1.24 1.14 1.06 1.04 1.09 1.24 1.41 1.55 1.61 1.58 1.45 1.28 1.08 0.89 0.72 0.61 0.62
 30   0.74 0.90 1.05 1.20 1.33 1.44 1.48 1.44 1.33 1.22 1.15 1.14 1.18 1.25 1.33 1.40 1.44 1.42 1.33 1.17 0.98 0.82 0.68 0.61
 31   0.61 0.68 0.82 0.99 1.15 1.31 1.42 1.46 1.43 1.34 1.22 1.09 1.01 1.02 1.12 1.24 1.35 1.40 1.39 1.31 1.17 1.01 0.84 0.68
 ----------------------------------------------------------------------------------------------------------------------------
                                                                                               
 ----------------------------------------------------------------------------------------------------------------------------
 ----------------------------------------------------------------------------------------------------------------------------
                                                          SURVEY OF INDIA
                                                    MARINE GEODESY WING (G&RB)
                                                     HOURLY HEIGHTS IN METRES
  NAME OF PORT:- KARWAR                                                                             MONTH SEPT      YEAR 2017
 ----------------------------------------------------------------------------------------------------------------------------
 DAYS 0000 0001 0002 0003 0004 0005 0006 0007 0008 0009 0010 0011 0012 0013 0014 0015 0016 0017 0018 0019 0020 0021 0022 0023
 ----------------------------------------------------------------------------------------------------------------------------
  1   0.57 0.57 0.67 0.83 0.99 1.15 1.30 1.45 1.54 1.55 1.48 1.37 1.26 1.16 1.10 1.11 1.19 1.30 1.39 1.42 1.36 1.23 1.05 0.85
  2   0.64 0.52 0.51 0.59 0.76 1.02 1.27 1.50 1.62 1.65 1.59 1.44 1.28 1.13 1.04 1.05 1.13 1.24 1.34 1.42 1.46 1.41 1.25 1.02
  3   0.76 0.56 0.47 0.49 0.64 0.87 1.12 1.37 1.57 1.68 1.69 1.57 1.36 1.15 1.00 0.94 0.96 1.09 1.26 1.41 1.52 1.56 1.47 1.26
  4   1.01 0.71 0.47 0.39 0.44 0.64 0.94 1.24 1.52 1.76 1.84 1.78 1.57 1.32 1.08 0.91 0.86 0.92 1.10 1.31 1.52 1.64 1.65 1.53
  5   1.25 0.92 0.63 0.42 0.34 0.44 0.75 1.06 1.35 1.65 1.85 1.88 1.73 1.49 1.23 0.99 0.80 0.75 0.89 1.14 1.38 1.62 1.71 1.67
  6   1.45 1.12 0.81 0.51 0.31 0.29 0.52 0.89 1.21 1.54 1.80 1.93 1.91 1.69 1.30 0.95 0.70 0.59 0.62 0.78 1.06 1.38 1.63 1.73
  7   1.66 1.44 1.13 0.76 0.40 0.23 0.27 0.47 0.81 1.25 1.65 1.83 1.81 1.54 1.18 0.80 0.52 0.40 0.44 0.68 1.00 1.35 1.62 1.78
  8   1.76 1.58 1.26 0.86 0.56 0.38 0.39 0.60 1.00 1.42 1.74 1.96 2.03 1.90 1.60 1.20 0.80 0.56 0.47 0.54 0.84 1.20 1.51 1.75
  9   1.87 1.83 1.56 1.18 0.80 0.56 0.49 0.57 0.82 1.14 1.48 1.79 2.02 2.06 1.87 1.49 1.07 0.64 0.38 0.35 0.52 0.84 1.20 1.54
 10   1.77 1.86 1.80 1.58 1.22 0.87 0.62 0.60 0.76 1.03 1.35 1.69 1.93 2.02 1.97 1.78 1.47 1.08 0.71 0.46 0.36 0.43 0.64 1.05
 11   1.50 1.79 1.88 1.79 1.54 1.22 0.96 0.80 0.78 0.95 1.25 1.55 1.81 1.93 1.88 1.63 1.28 0.86 0.52 0.34 0.37 0.60 0.91 1.30
 12
 13
 14
 15
 16
 17
 18
 19
 20
 21
 22
 23
 24
 25
 26
 27
 28
 29
 30
 ----------------------------------------------------------------------------------------------------------------------------
                                                                                               
 ----------------------------------------------------------------------------------------------------------------------------
 ----------------------------------------------------------------------------------------------------------------------------
                                                          SURVEY OF INDIA
                                                    MARINE GEODESY WING (G&RB)
                                                     HOURLY HEIGHTS IN METRES
  NAME OF PORT:- KARWAR                                                                             MONTH OCTOBER   YEAR 2017
 ----------------------------------------------------------------------------------------------------------------------------
 DAYS 0000 0001 0002 0003 0004 0005 0006 0007 0008 0009 0010 0011 0012 0013 0014 0015 0016 0017 0018 0019 0020 0021 0022 0023
 ----------------------------------------------------------------------------------------------------------------------------
  1
  2
  3
  4
  5
  6
  7
  8
  9
 10
 11
 12
 13   0.93 1.19 1.45 1.66 1.83 1.89 1.83 1.67 1.48 1.30 1.16 1.14 1.21 1.33 1.45 1.55 1.64 1.67 1.60 1.38 1.13 0.92 0.74 0.65
 14
 15
 16
 17
 18
 19   1.78 1.46 1.11 0.78 0.64 0.71 0.95 1.28 1.63 1.88 1.98 1.96 1.78 1.39 0.97 0.60 0.34 0.32 0.53 0.91 1.26 1.64 1.93 2.04
 20   2.02 1.84 1.55 1.21 0.88 0.76 0.82 1.10 1.41 1.68 1.88 1.96 1.89 1.57 1.15 0.69 0.40 0.31 0.39 0.66 1.06 1.54 1.84 1.99
 21   2.00 1.88 1.62 1.33 1.05 0.84 0.81 0.98 1.27 1.54 1.74 1.84 1.80 1.58 1.19 0.80 0.46 0.27 0.28 0.48 0.88 1.28 1.63 1.86
 22   1.99 1.98 1.77 1.40 1.06 0.87 0.81 0.92 1.17 1.44 1.67 1.79 1.78 1.58 1.26 0.87 0.53 0.31 0.24 0.33 0.65 1.12 1.51 1.78
 23   1.93 1.94 1.83 1.55 1.23 0.98 0.88 0.90 1.04 1.25 1.48 1.66 1.74 1.66 1.40 1.03 0.71 0.47 0.34 0.32 0.46 0.75 1.11 1.43
 24   1.72 1.89 1.91 1.78 1.54 1.30 1.06 0.92 0.94 1.10 1.30 1.48 1.61 1.66 1.58 1.36 1.00 0.62 0.40 0.32 0.38 0.58 0.96 1.30
 25   1.55 1.73 1.82 1.80 1.67 1.44 1.20 1.07 1.05 1.09 1.18 1.30 1.44 1.55 1.61 1.57 1.38 1.13 0.89 0.70 0.55 0.49 0.62 0.97
 26   1.44 1.72 1.88 1.89 1.71 1.49 1.30 1.17 1.13 1.18 1.28 1.38 1.46 1.52 1.54 1.50 1.36 1.14 0.91 0.73 0.63 0.62 0.74 0.94
 27
 28
 29
 30
 31
 ----------------------------------------------------------------------------------------------------------------------------
                                                                                               
 ----------------------------------------------------------------------------------------------------------------------------
 ----------------------------------------------------------------------------------------------------------------------------
                                                          SURVEY OF INDIA
                                                    MARINE GEODESY WING (G&RB)
                                                     HOURLY HEIGHTS IN METRES
  NAME OF PORT:- KARWAR                                                                             MONTH NOVEMBER  YEAR 2017
 ----------------------------------------------------------------------------------------------------------------------------
 DAYS 0000 0001 0002 0003 0004 0005 0006 0007 0008 0009 0010 0011 0012 0013 0014 0015 0016 0017 0018 0019 0020 0021 0022 0023
 ----------------------------------------------------------------------------------------------------------------------------
  1
  2
  3
  4
  5
  6
  7
  8   1.90 2.18 2.22 2.02 1.70 1.37 1.08 0.96 0.98 1.16 1.39 1.60 1.80 1.89 1.78 1.49 1.14 0.72 0.40 0.18 0.18 0.36 0.70 1.16
  9   1.55 1.87 2.08 2.10 1.92 1.65 1.36 1.10 0.96 0.97 1.12 1.35 1.60 1.77 1.82 1.74 1.52 1.20 0.86 0.58 0.46 0.49 0.72 1.04
 10   1.36 1.68 1.94 2.12 2.14 2.00 1.75 1.50 1.26 1.13 1.14 1.25 1.41 1.57 1.69 1.72 1.65 1.48 1.25 0.98 0.73 0.62 0.66 0.90
 11   1.15 1.41 1.66 1.88 2.04 2.07 1.96 1.76 1.51 1.25 1.08 1.03 1.09 1.23 1.39 1.53 1.62 1.63 1.54 1.37 1.18 1.00 0.86 0.82
 12   0.94 1.17 1.41 1.64 1.86 2.00 2.04 1.95 1.72 1.48 1.24 1.04 0.98 1.02 1.12 1.26 1.43 1.58 1.67 1.65 1.52 1.34 1.15 1.01
 13   0.96 1.03 1.20 1.41 1.62 1.82 1.96 2.01 1.93 1.67 1.38 1.12 0.93 0.83 0.84 0.95 1.15 1.36 1.56 1.69 1.73 1.67 1.49 1.28
 14   1.07 0.98 1.00 1.12 1.35 1.58 1.78 1.93 1.95 1.82 1.58 1.26 0.96 0.74 0.62 0.65 0.82 1.07 1.37 1.62 1.79 1.85 1.77 1.56
 15   1.30 1.07 0.96 0.97 1.12 1.33 1.55 1.76 1.91 1.92 1.73 1.44 1.12 0.81 0.56 0.46 0.54 0.80 1.14 1.43 1.66 1.83 1.89 1.81
 16   1.53 1.25 1.01 0.92 0.97 1.15 1.36 1.58 1.78 1.87 1.81 1.58 1.26 0.91 0.55 0.35 0.34 0.57 0.89 1.22 1.55 1.79 1.92 1.92
 17   1.74 1.46 1.21 1.02 0.94 1.00 1.22 1.46 1.65 1.77 1.78 1.67 1.41 1.03 0.65 0.35 0.25 0.32 0.57 0.95 1.36 1.70 1.90 1.98
 18   1.89 1.66 1.36 1.08 0.91 0.90 1.06 1.28 1.50 1.67 1.71 1.63 1.41 1.10 0.70 0.36 0.12 0.06 0.22 0.59 1.01 1.38 1.66 1.81
 19   1.80 1.65 1.40 1.10 0.89 0.77 0.79 0.98 1.23 1.47 1.60 1.59 1.43 1.17 0.79 0.37 0.10 0.01 0.09 0.36 0.80 1.24 1.56 1.75
 20   1.84 1.80 1.59 1.27 0.97 0.82 0.78 0.85 1.05 1.27 1.46 1.53 1.47 1.26 0.92 0.55 0.19 0.00-0.03 0.10 0.47 0.94 1.29 1.57
 21   1.77 1.80 1.65 1.37 1.10 0.87 0.76 0.77 0.89 1.10 1.31 1.45 1.46 1.31 1.03 0.72 0.41 0.16 0.00-0.02 0.22 0.66 1.08 1.43
 22   1.67 1.80 1.77 1.55 1.28 1.01 0.85 0.80 0.84 0.98 1.19 1.41 1.58 1.61 1.50 1.19 0.83 0.55 0.39 0.38 0.53 0.83 1.21 1.50
 23   1.69 1.81 1.84 1.76 1.55 1.30 1.08 0.96 0.94 1.00 1.14 1.30 1.45 1.54 1.52 1.36 1.08 0.76 0.54 0.45 0.49 0.71 1.02 1.32
 24   1.62 1.85 1.95 1.91 1.75 1.55 1.35 1.17 1.08 1.08 1.17 1.32 1.46 1.52 1.50 1.38 1.19 0.96 0.74 0.60 0.58 0.67 0.86 1.12
 25   1.41 1.65 1.81 1.88 1.83 1.68 1.50 1.33 1.20 1.12 1.13 1.22 1.33 1.44 1.49 1.46 1.34 1.17 0.97 0.79 0.71 0.72 0.84 1.05
 26   1.28 1.51 1.71 1.83 1.85 1.77 1.60 1.43 1.29 1.18 1.11 1.11 1.18 1.28 1.36 1.41 1.40 1.33 1.21 1.05 0.90 0.82 0.83 0.94
 27   1.13 1.33 1.52 1.68 1.80 1.83 1.78 1.64 1.46 1.28 1.14 1.05 1.04 1.12 1.23 1.33 1.41 1.44 1.42 1.35 1.24 1.13 1.04 1.01
 28   1.06 1.20 1.40 1.59 1.75 1.84 1.85 1.77 1.62 1.42 1.21 1.02 0.91 0.89 0.96 1.09 1.25 1.39 1.49 1.53 1.48 1.37 1.24 1.11
 29   1.05 1.09 1.24 1.43 1.61 1.76 1.86 1.86 1.74 1.54 1.30 1.02 0.80 0.68 0.69 0.81 1.00 1.22 1.43 1.59 1.65 1.59 1.44 1.28
 30   1.13 1.03 1.04 1.16 1.36 1.58 1.75 1.83 1.81 1.63 1.37 1.07 0.80 0.54 0.45 0.48 0.66 0.94 1.23 1.49 1.68 1.76 1.72 1.48
 ----------------------------------------------------------------------------------------------------------------------------
                                                                                               
 ----------------------------------------------------------------------------------------------------------------------------
 ----------------------------------------------------------------------------------------------------------------------------
                                                          SURVEY OF INDIA
                                                    MARINE GEODESY WING (G&RB)
                                                     HOURLY HEIGHTS IN METRES
  NAME OF PORT:- KARWAR                                                                             MONTH DECEMBER  YEAR 2017
 ----------------------------------------------------------------------------------------------------------------------------
 DAYS 0000 0001 0002 0003 0004 0005 0006 0007 0008 0009 0010 0011 0012 0013 0014 0015 0016 0017 0018 0019 0020 0021 0022 0023
 ----------------------------------------------------------------------------------------------------------------------------
  1   1.22 1.02 0.95 1.01 1.18 1.39 1.60 1.77 1.85 1.80 1.54 1.18 0.82 0.50 0.26 0.18 0.27 0.59 1.02 1.40 1.68 1.85 1.90 1.83
  2   1.57 1.27 1.04 0.96 1.00 1.17 1.42 1.67 1.86 1.92 1.82 1.54 1.13 0.66 0.30 0.11 0.12 0.36 0.75 1.16 1.60 1.99 2.21 2.21
  3   1.99 1.69 1.39 1.13 1.03 1.12 1.39 1.71 1.97 2.11 2.12 1.96 1.62 1.17 0.64 0.23 0.02 0.03 0.27 0.69 1.17 1.65 2.04 2.27
  4   2.29 2.09 1.74 1.36 1.10 1.00 1.08 1.32 1.62 1.88 2.04 2.08 1.98 1.70 1.19 0.63 0.16-0.06-0.03 0.21 0.62 1.18 1.69 2.10
  5   2.36 2.40 2.23 1.83 1.40 1.12 0.97 1.03 1.25 1.57 1.84 1.97 1.95 1.66 1.15 0.64 0.19-0.07-0.13 0.07 0.52 1.05 1.63 2.05
  6   2.26 2.32 2.21 1.88 1.50 1.15 0.95 0.94 1.15 1.46 1.73 1.90 1.95 1.83 1.50 1.10 0.66 0.25 0.04 0.05 0.25 0.69 1.27 1.71
  7   2.10 2.31 2.33 2.15 1.76 1.40 1.10 0.91 0.92 1.12 1.38 1.64 1.78 1.81 1.69 1.38 0.85 0.35 0.12 0.09 0.21 0.46 0.84 1.32
  8   1.74 2.04 2.18 2.16 1.94 1.57 1.22 0.91 0.78 0.85 1.04 1.25 1.44 1.57 1.61 1.53 1.28 0.97 0.63 0.36 0.24 0.30 0.56 0.92
  9   1.32 1.66 1.90 2.03 2.00 1.77 1.44 1.11 0.85 0.73 0.77 0.92 1.10 1.28 1.41 1.47 1.43 1.27 1.03 0.78 0.59 0.49 0.53 0.76
 10   1.08 1.39 1.68 1.91 2.00 1.94 1.71 1.45 1.18 0.93 0.75 0.72 0.80 0.97 1.17 1.34 1.45 1.47 1.39 1.23 1.04 0.90 0.82 0.83
 11   0.96 1.22 1.47 1.70 1.89 1.97 1.93 1.77 1.51 1.21 0.95 0.80 0.78 0.85 0.99 1.15 1.32 1.47 1.56 1.55 1.43 1.28 1.13 1.03
 12   1.01 1.09 1.29 1.53 1.74 1.88 1.93 1.87 1.70 1.44 1.16 0.91 0.74 0.69 0.75 0.90 1.12 1.33 1.51 1.62 1.63 1.54 1.40 1.25
 13   1.13 1.10 1.19 1.36 1.55 1.72 1.85 1.89 1.82 1.62 1.35 1.06 0.80 0.63 0.59 0.67 0.88 1.13 1.40 1.61 1.73 1.75 1.67 1.51
 14   1.35 1.22 1.18 1.23 1.36 1.53 1.69 1.80 1.81 1.72 1.52 1.25 0.94 0.69 0.52 0.49 0.63 0.90 1.20 1.50 1.73 1.87 1.89 1.79
 15   1.61 1.42 1.27 1.19 1.23 1.37 1.55 1.71 1.80 1.78 1.64 1.39 1.09 0.75 0.51 0.42 0.49 0.71 1.03 1.33 1.61 1.84 1.94 1.91
 16   1.77 1.58 1.40 1.24 1.19 1.25 1.40 1.57 1.72 1.79 1.75 1.51 1.20 0.88 0.58 0.40 0.37 0.51 0.83 1.18 1.55 1.86 2.05 2.07
 17   1.94 1.71 1.47 1.25 1.12 1.12 1.26 1.45 1.63 1.75 1.75 1.63 1.38 1.06 0.74 0.45 0.33 0.37 0.61 0.96 1.30 1.65 1.93 2.07
 18   2.04 1.87 1.62 1.38 1.20 1.10 1.12 1.24 1.43 1.62 1.71 1.67 1.48 1.20 0.86 0.53 0.29 0.26 0.40 0.70 1.12 1.51 1.82 2.04
 19   2.10 2.02 1.78 1.50 1.27 1.12 1.10 1.21 1.40 1.58 1.70 1.73 1.63 1.38 1.03 0.67 0.38 0.28 0.35 0.55 0.90 1.32 1.67 1.94
 20   2.09 2.10 1.95 1.68 1.40 1.19 1.07 1.09 1.24 1.44 1.60 1.68 1.67 1.54 1.30 0.93 0.56 0.36 0.32 0.43 0.70 1.06 1.47 1.83
 21   2.07 2.11 2.01 1.79 1.52 1.27 1.08 1.04 1.12 1.28 1.46 1.60 1.66 1.61 1.41 1.10 0.76 0.50 0.39 0.42 0.60 0.97 1.33 1.66
 22   1.93 2.08 2.07 1.88 1.63 1.35 1.15 1.05 1.06 1.20 1.40 1.57 1.66 1.63 1.49 1.26 0.98 0.71 0.50 0.43 0.53 0.81 1.19 1.53
 23   1.80 2.01 2.08 2.00 1.78 1.52 1.29 1.13 1.06 1.10 1.23 1.39 1.54 1.60 1.55 1.38 1.12 0.85 0.62 0.52 0.54 0.68 0.98 1.30
 24   1.64 1.91 2.05 2.04 1.88 1.66 1.41 1.19 1.05 1.01 1.08 1.23 1.40 1.50 1.52 1.45 1.30 1.10 0.89 0.72 0.66 0.70 0.87 1.18
 25   1.49 1.76 1.94 2.02 1.98 1.80 1.57 1.34 1.14 1.02 1.00 1.07 1.20 1.35 1.46 1.49 1.44 1.31 1.14 0.97 0.86 0.81 0.86 1.04
 26   1.32 1.58 1.80 1.96 2.03 1.96 1.73 1.49 1.25 1.05 0.92 0.88 0.94 1.08 1.24 1.38 1.46 1.47 1.40 1.27 1.12 0.99 0.95 1.02
 27   1.20 1.42 1.64 1.82 1.95 1.98 1.88 1.64 1.36 1.13 0.92 0.79 0.76 0.85 1.00 1.16 1.32 1.44 1.49 1.45 1.34 1.23 1.13 1.08
 28   1.13 1.29 1.48 1.65 1.81 1.90 1.90 1.78 1.53 1.25 0.98 0.74 0.62 0.60 0.68 0.87 1.09 1.30 1.49 1.62 1.63 1.54 1.40 1.27
 29   1.20 1.21 1.32 1.49 1.66 1.80 1.88 1.86 1.71 1.46 1.15 0.80 0.56 0.44 0.44 0.57 0.83 1.15 1.46 1.69 1.84 1.85 1.73 1.54
 30   1.35 1.24 1.24 1.33 1.50 1.67 1.81 1.88 1.86 1.71 1.43 1.07 0.70 0.40 0.26 0.30 0.53 0.90 1.26 1.62 1.90 2.07 2.09 1.96
 31   1.70 1.42 1.26 1.22 1.32 1.50 1.71 1.88 1.96 1.92 1.71 1.37 0.91 0.48 0.22 0.12 0.17 0.45 0.91 1.34 1.72 2.04 2.21 2.14
 ----------------------------------------------------------------------------------------------------------------------------
                                                                                               
 ----------------------------------------------------------------------------------------------------------------------------
 ----------------------------------------------------------------------------------------------------------------------------
