                                                          SURVEY OF INDIA
                                                    MARINE GEODESY WING (G&RB)
                                                     HOURLY HEIGHTS IN METRES
  NAME OF PORT:- KARWAR                                                                             MONTH JANUARY   YEAR 2019
 ----------------------------------------------------------------------------------------------------------------------------
 DAYS 0000 0001 0002 0003 0004 0005 0006 0007 0008 0009 0010 0011 0012 0013 0014 0015 0016 0017 0018 0019 0020 0021 0022 0023
 ----------------------------------------------------------------------------------------------------------------------------
  1   1.17 1.15 1.25 1.39 1.55 1.69 1.82 1.85 1.70 1.47 1.19 0.89 0.60 0.43 0.42 0.52 0.83 1.28 1.62 1.78 1.79 1.72 1.58 1.40
  2   1.25 1.21 1.25 1.37 1.53 1.66 1.74 1.71 1.57 1.34 1.02 0.73 0.46 0.33 0.35 0.48 0.74 1.12 1.46 1.70 1.85 1.88 1.79 1.61
  3   1.38 1.22 1.15 1.18 1.31 1.48 1.62 1.69 1.67 1.50 1.26 0.96 0.60 0.34 0.25 0.28 0.41 0.65 0.95 1.28 1.61 1.87 1.97 1.98
  4   1.87 1.64 1.40 1.21 1.14 1.18 1.33 1.50 1.65 1.69 1.63 1.47 1.19 0.83 0.49 0.27 0.20 0.29 0.60 0.97 1.35 1.67 1.89 1.99
  5   1.95 1.78 1.51 1.30 1.15 1.10 1.17 1.32 1.52 1.67 1.70 1.59 1.35 1.06 0.70 0.37 0.21 0.22 0.45 0.80 1.20 1.56 1.86 2.05
  6   2.07 1.92 1.66 1.39 1.18 1.06 1.05 1.17 1.38 1.58 1.68 1.67 1.51 1.25 0.89 0.53 0.30 0.24 0.31 0.57 0.98 1.37 1.70 1.98
  7   2.10 2.08 1.86 1.55 1.29 1.10 1.03 1.09 1.27 1.49 1.68 1.73 1.65 1.45 1.18 0.81 0.49 0.33 0.32 0.48 0.88 1.31 1.67 1.98
  8   2.14 2.14 2.00 1.70 1.39 1.18 1.10 1.10 1.20 1.40 1.64 1.78 1.76 1.61 1.35 1.02 0.69 0.48 0.40 0.45 0.71 1.10 1.47 1.81
  9   2.05 2.13 2.09 1.88 1.55 1.25 1.08 1.04 1.08 1.23 1.44 1.62 1.69 1.65 1.50 1.22 0.89 0.60 0.46 0.46 0.60 0.92 1.29 1.63
 10   1.90 2.05 2.07 1.93 1.66 1.36 1.13 1.03 1.03 1.12 1.28 1.47 1.63 1.68 1.58 1.37 1.11 0.84 0.64 0.56 0.62 0.85 1.19 1.53
 11   1.80 2.00 2.08 2.03 1.81 1.50 1.24 1.07 1.02 1.03 1.14 1.32 1.50 1.58 1.57 1.45 1.25 1.02 0.79 0.66 0.65 0.76 1.00 1.28
 12   1.57 1.84 2.00 2.01 1.90 1.65 1.39 1.17 1.02 0.96 0.99 1.13 1.30 1.45 1.54 1.53 1.43 1.25 1.03 0.86 0.78 0.83 1.00 1.22
 13   1.50 1.77 1.93 1.98 1.92 1.75 1.48 1.23 1.02 0.88 0.86 0.95 1.08 1.20 1.31 1.38 1.39 1.34 1.20 1.03 0.90 0.86 0.94 1.11
 14   1.32 1.55 1.75 1.86 1.87 1.78 1.58 1.34 1.11 0.92 0.81 0.78 0.85 1.00 1.17 1.30 1.39 1.42 1.38 1.28 1.17 1.09 1.08 1.13
 15   1.28 1.48 1.65 1.78 1.82 1.80 1.68 1.48 1.25 1.02 0.81 0.70 0.68 0.74 0.87 1.03 1.20 1.35 1.45 1.47 1.41 1.32 1.23 1.18
 16   1.20 1.30 1.45 1.60 1.74 1.80 1.76 1.61 1.37 1.12 0.91 0.72 0.60 0.59 0.68 0.84 1.03 1.24 1.45 1.60 1.64 1.58 1.46 1.35
 17   1.28 1.29 1.38 1.51 1.64 1.75 1.80 1.76 1.58 1.33 1.05 0.80 0.56 0.46 0.47 0.60 0.81 1.08 1.38 1.64 1.79 1.81 1.74 1.61
 18   1.45 1.35 1.32 1.36 1.52 1.67 1.76 1.78 1.73 1.58 1.34 1.00 0.66 0.34 0.26 0.30 0.48 0.80 1.15 1.53 1.80 1.95 1.98 1.88
 19   1.69 1.46 1.32 1.28 1.33 1.44 1.60 1.74 1.80 1.75 1.58 1.30 0.92 0.50 0.20 0.14 0.20 0.47 0.84 1.26 1.66 1.98 2.11 2.10
 20   1.94 1.67 1.42 1.22 1.16 1.23 1.41 1.62 1.78 1.84 1.80 1.58 1.22 0.78 0.38 0.07 0.00 0.14 0.50 0.95 1.39 1.80 2.11 2.21
 21   2.10 1.86 1.55 1.27 1.06 1.00 1.14 1.40 1.66 1.84 1.88 1.77 1.54 1.17 0.69 0.32 0.16 0.14 0.25 0.54 1.03 1.56 1.96 2.27
 22   2.38 2.23 1.85 1.43 1.07 0.90 0.90 1.08 1.40 1.72 1.90 1.92 1.75 1.40 0.98 0.51 0.12-0.06 0.02 0.30 0.70 1.20 1.68 2.08
 23   2.32 2.32 2.12 1.67 1.20 0.86 0.74 0.73 0.85 1.15 1.60 1.86 1.90 1.80 1.52 1.08 0.57 0.14-0.03 0.02 0.34 0.84 1.39 1.86
 24   2.18 2.32 2.26 1.92 1.45 1.06 0.74 0.62 0.71 0.98 1.32 1.62 1.82 1.86 1.76 1.49 1.06 0.60 0.29 0.18 0.32 0.65 1.09 1.57
 25   1.98 2.25 2.35 2.23 1.83 1.36 0.95 0.64 0.51 0.53 0.77 1.18 1.54 1.73 1.75 1.64 1.39 1.03 0.66 0.43 0.37 0.50 0.80 1.20
 26   1.63 1.96 2.15 2.15 1.93 1.60 1.18 0.77 0.50 0.44 0.55 0.80 1.10 1.36 1.53 1.60 1.55 1.35 1.06 0.78 0.60 0.57 0.73 1.02
 27   1.35 1.68 1.95 2.08 2.03 1.76 1.42 1.08 0.74 0.48 0.43 0.55 0.78 1.05 1.31 1.47 1.52 1.50 1.38 1.20 1.00 0.84 0.82 0.98
 28   1.25 1.51 1.74 1.89 1.93 1.84 1.63 1.34 1.00 0.67 0.48 0.45 0.53 0.76 1.01 1.25 1.45 1.53 1.54 1.47 1.32 1.18 1.07 1.03
 29   1.10 1.27 1.45 1.62 1.73 1.75 1.67 1.47 1.17 0.90 0.65 0.50 0.49 0.58 0.73 0.93 1.15 1.38 1.56 1.63 1.59 1.49 1.37 1.26
 30   1.18 1.17 1.25 1.39 1.52 1.58 1.58 1.53 1.40 1.16 0.90 0.63 0.48 0.44 0.50 0.66 0.87 1.10 1.36 1.60 1.72 1.71 1.61 1.47
 31   1.32 1.22 1.20 1.25 1.36 1.48 1.56 1.58 1.52 1.38 1.17 0.90 0.66 0.47 0.42 0.47 0.64 0.89 1.19 1.45 1.66 1.79 1.82 1.74
 ----------------------------------------------------------------------------------------------------------------------------
                                                                                               
 ----------------------------------------------------------------------------------------------------------------------------
 ----------------------------------------------------------------------------------------------------------------------------
                                                          SURVEY OF INDIA
                                                    MARINE GEODESY WING (G&RB)
                                                     HOURLY HEIGHTS IN METRES
  NAME OF PORT:- KARWAR                                                                             MONTH FEBRUARY  YEAR 2019
 ----------------------------------------------------------------------------------------------------------------------------
 DAYS 0000 0001 0002 0003 0004 0005 0006 0007 0008 0009 0010 0011 0012 0013 0014 0015 0016 0017 0018 0019 0020 0021 0022 0023
 ----------------------------------------------------------------------------------------------------------------------------
  1   1.55 1.32 1.20 1.18 1.22 1.32 1.43 1.52 1.56 1.53 1.39 1.12 0.83 0.58 0.43 0.40 0.50 0.69 0.99 1.34 1.60 1.80 1.91 1.91
  2   1.78 1.55 1.35 1.20 1.14 1.19 1.30 1.45 1.57 1.60 1.52 1.30 1.03 0.78 0.54 0.39 0.38 0.52 0.80 1.16 1.47 1.75 1.96 2.00
  3   1.87 1.64 1.40 1.18 1.07 1.08 1.18 1.33 1.50 1.59 1.59 1.48 1.28 0.98 0.64 0.38 0.29 0.36 0.62 0.95 1.29 1.62 1.87 2.03
  4   2.00 1.80 1.56 1.31 1.09 1.01 1.04 1.18 1.36 1.53 1.62 1.59 1.45 1.17 0.84 0.56 0.36 0.29 0.45 0.74 1.11 1.45 1.75 1.96
  5   2.03 1.90 1.65 1.39 1.12 0.94 0.93 1.05 1.24 1.45 1.62 1.65 1.56 1.35 1.04 0.73 0.42 0.28 0.34 0.55 0.90 1.29 1.64 1.92
  6   2.04 2.00 1.75 1.46 1.16 0.94 0.85 0.93 1.10 1.33 1.56 1.68 1.64 1.48 1.22 0.89 0.52 0.34 0.33 0.48 0.77 1.15 1.52 1.82
  7   1.98 2.02 1.88 1.60 1.26 0.98 0.84 0.85 0.98 1.19 1.40 1.60 1.69 1.64 1.45 1.15 0.81 0.51 0.40 0.48 0.72 1.10 1.49 1.79
  8   1.99 2.03 1.94 1.68 1.36 1.04 0.82 0.74 0.82 1.02 1.26 1.48 1.63 1.65 1.55 1.32 0.99 0.72 0.53 0.49 0.59 0.93 1.28 1.60
  9   1.82 1.93 1.92 1.77 1.46 1.15 0.85 0.65 0.62 0.75 1.00 1.25 1.46 1.58 1.58 1.44 1.15 0.86 0.65 0.59 0.66 0.86 1.13 1.45
 10   1.75 1.90 1.92 1.79 1.56 1.25 0.92 0.69 0.59 0.63 0.82 1.07 1.30 1.47 1.54 1.48 1.30 1.05 0.84 0.72 0.70 0.78 0.97 1.25
 11   1.55 1.79 1.89 1.85 1.66 1.38 1.07 0.78 0.62 0.58 0.65 0.86 1.10 1.30 1.45 1.50 1.45 1.29 1.12 0.96 0.86 0.86 1.00 1.25
 12   1.52 1.76 1.87 1.89 1.79 1.58 1.30 1.00 0.75 0.60 0.58 0.66 0.89 1.12 1.30 1.42 1.48 1.45 1.34 1.18 1.06 1.02 1.04 1.15
 13   1.38 1.60 1.74 1.80 1.79 1.67 1.43 1.13 0.88 0.68 0.54 0.53 0.62 0.80 1.02 1.22 1.38 1.48 1.48 1.40 1.28 1.18 1.13 1.16
 14   1.27 1.42 1.57 1.68 1.72 1.68 1.57 1.36 1.08 0.83 0.59 0.49 0.50 0.61 0.78 0.97 1.19 1.40 1.54 1.59 1.55 1.46 1.36 1.28
 15   1.26 1.31 1.43 1.56 1.66 1.69 1.65 1.54 1.31 1.06 0.81 0.58 0.44 0.42 0.51 0.71 0.98 1.23 1.48 1.67 1.78 1.79 1.69 1.52
 16   1.38 1.32 1.34 1.42 1.55 1.66 1.72 1.71 1.62 1.43 1.16 0.88 0.60 0.39 0.34 0.42 0.63 0.95 1.32 1.61 1.81 1.92 1.88 1.74
 17   1.56 1.37 1.22 1.19 1.25 1.39 1.54 1.65 1.69 1.62 1.44 1.12 0.77 0.40 0.16 0.12 0.20 0.51 0.96 1.33 1.68 1.94 2.03 1.94
 18   1.75 1.49 1.23 1.04 1.00 1.08 1.28 1.50 1.69 1.75 1.68 1.48 1.16 0.72 0.35 0.10 0.05 0.22 0.59 1.02 1.46 1.81 2.08 2.15
 19   1.98 1.67 1.28 0.97 0.85 0.85 1.00 1.26 1.54 1.75 1.84 1.78 1.54 1.11 0.61 0.22 0.03 0.02 0.22 0.62 1.13 1.66 2.05 2.22
 20   2.20 1.98 1.59 1.12 0.78 0.68 0.76 1.00 1.31 1.65 1.92 2.02 1.94 1.67 1.19 0.66 0.23 0.04 0.12 0.46 0.92 1.43 1.86 2.22
 21   2.36 2.26 1.92 1.43 0.98 0.63 0.53 0.69 0.99 1.34 1.68 1.96 2.08 1.99 1.66 1.17 0.62 0.32 0.24 0.34 0.71 1.23 1.73 2.14
 22   2.35 2.34 2.13 1.69 1.19 0.72 0.44 0.41 0.60 0.98 1.40 1.74 1.97 2.06 1.94 1.59 1.10 0.68 0.44 0.39 0.55 0.98 1.48 1.86
 23   2.15 2.29 2.25 1.94 1.48 0.96 0.55 0.38 0.42 0.65 0.99 1.40 1.71 1.90 1.97 1.84 1.53 1.13 0.80 0.61 0.61 0.83 1.28 1.70
 24   1.99 2.21 2.30 2.18 1.80 1.29 0.90 0.60 0.45 0.49 0.74 1.06 1.40 1.67 1.84 1.89 1.78 1.47 1.14 0.91 0.82 0.91 1.12 1.39
 25   1.69 1.94 2.05 2.04 1.85 1.51 1.05 0.69 0.45 0.38 0.48 0.75 1.05 1.31 1.54 1.69 1.74 1.64 1.43 1.22 1.08 1.04 1.08 1.22
 26   1.48 1.72 1.88 1.93 1.86 1.67 1.35 1.03 0.73 0.53 0.49 0.59 0.81 1.07 1.32 1.52 1.66 1.72 1.66 1.51 1.36 1.22 1.17 1.19
 27   1.32 1.50 1.65 1.72 1.72 1.64 1.48 1.24 1.01 0.79 0.63 0.57 0.62 0.78 0.99 1.21 1.41 1.56 1.64 1.62 1.55 1.46 1.36 1.28
 28   1.25 1.28 1.35 1.42 1.49 1.52 1.48 1.34 1.15 0.96 0.78 0.63 0.56 0.58 0.70 0.90 1.11 1.31 1.51 1.64 1.65 1.60 1.51 1.40
 ----------------------------------------------------------------------------------------------------------------------------
                                                                                               
 ----------------------------------------------------------------------------------------------------------------------------
 ----------------------------------------------------------------------------------------------------------------------------
                                                          SURVEY OF INDIA
                                                    MARINE GEODESY WING (G&RB)
                                                     HOURLY HEIGHTS IN METRES
  NAME OF PORT:- KARWAR                                                                             MONTH MARCH     YEAR 2019
 ----------------------------------------------------------------------------------------------------------------------------
 DAYS 0000 0001 0002 0003 0004 0005 0006 0007 0008 0009 0010 0011 0012 0013 0014 0015 0016 0017 0018 0019 0020 0021 0022 0023
 ----------------------------------------------------------------------------------------------------------------------------
  1   1.29 1.22 1.21 1.24 1.29 1.35 1.40 1.41 1.34 1.19 1.01 0.80 0.60 0.50 0.51 0.62 0.84 1.07 1.32 1.52 1.64 1.68 1.65 1.55
  2   1.38 1.21 1.08 1.04 1.08 1.17 1.28 1.36 1.38 1.32 1.18 0.98 0.78 0.58 0.47 0.47 0.59 0.84 1.14 1.39 1.62 1.76 1.79 1.69
  3   1.52 1.32 1.14 1.04 1.03 1.09 1.23 1.40 1.50 1.48 1.38 1.22 1.02 0.79 0.58 0.48 0.53 0.72 0.98 1.26 1.52 1.73 1.86 1.84
  4   1.68 1.44 1.20 1.00 0.92 0.95 1.10 1.26 1.40 1.48 1.48 1.38 1.19 0.91 0.61 0.40 0.39 0.52 0.76 1.08 1.41 1.66 1.80 1.84
  5   1.77 1.54 1.27 1.00 0.84 0.84 0.99 1.19 1.40 1.57 1.64 1.59 1.42 1.16 0.84 0.59 0.48 0.51 0.72 1.01 1.36 1.68 1.92 1.99
  6   1.91 1.69 1.37 1.08 0.88 0.82 0.87 1.06 1.29 1.50 1.65 1.68 1.56 1.35 1.04 0.72 0.49 0.45 0.59 0.87 1.22 1.59 1.83 1.95
  7   1.92 1.74 1.46 1.12 0.80 0.66 0.68 0.83 1.09 1.35 1.57 1.68 1.65 1.49 1.20 0.89 0.56 0.42 0.47 0.67 1.01 1.38 1.70 1.90
  8   1.95 1.82 1.52 1.16 0.85 0.62 0.54 0.66 0.89 1.16 1.43 1.62 1.68 1.60 1.38 1.05 0.68 0.48 0.43 0.57 0.86 1.21 1.57 1.82
  9   1.91 1.87 1.66 1.32 0.93 0.67 0.51 0.52 0.69 0.97 1.27 1.51 1.64 1.67 1.56 1.29 0.95 0.65 0.51 0.52 0.75 1.09 1.45 1.70
 10
 11
 12
 13
 14
 15
 16
 17
 18
 19
 20
 21
 22
 23
 24
 25
 26
 27
 28
 29
 30   1.18 1.17 1.20 1.25 1.29 1.33 1.34 1.28 1.17 1.03 0.90 0.79 0.71 0.69 0.77 0.92 1.10 1.28 1.48 1.63 1.68 1.63 1.53 1.40
 31   1.26 1.14 1.08 1.09 1.15 1.24 1.33 1.38 1.36 1.28 1.15 1.00 0.85 0.72 0.68 0.77 0.94 1.13 1.33 1.55 1.71 1.76 1.71 1.56
 ----------------------------------------------------------------------------------------------------------------------------
                                                                                              
 ----------------------------------------------------------------------------------------------------------------------------
 ----------------------------------------------------------------------------------------------------------------------------
                                                          SURVEY OF INDIA
                                                    MARINE GEODESY WING (G&RB)
                                                     HOURLY HEIGHTS IN METRES
  NAME OF PORT:- KARWAR                                                                             MONTH APRIL     YEAR 2019
 ----------------------------------------------------------------------------------------------------------------------------
 DAYS 0000 0001 0002 0003 0004 0005 0006 0007 0008 0009 0010 0011 0012 0013 0014 0015 0016 0017 0018 0019 0020 0021 0022 0023
 ----------------------------------------------------------------------------------------------------------------------------
  1   1.36 1.17 1.00 0.93 0.95 1.09 1.26 1.39 1.45 1.44 1.36 1.20 1.03 0.85 0.71 0.68 0.80 1.01 1.25 1.48 1.72 1.85 1.86 1.73
  2   1.51 1.25 1.04 0.92 0.90 0.97 1.12 1.31 1.48 1.58 1.56 1.42 1.22 1.00 0.80 0.68 0.68 0.82 1.05 1.32 1.60 1.80 1.85 1.79
  3   1.58 1.32 1.09 0.88 0.78 0.80 0.97 1.18 1.41 1.60 1.65 1.58 1.42 1.18 0.90 0.68 0.60 0.69 0.92 1.20 1.48 1.72 1.85 1.84
  4   1.68 1.43 1.14 0.85 0.65 0.60 0.73 0.97 1.26 1.53 1.66 1.68 1.58 1.34 1.05 0.79 0.63 0.63 0.80 1.09 1.44 1.73 1.89 1.92
  5   1.83 1.57 1.21 0.85 0.58 0.52 0.65 0.90 1.20 1.53 1.74 1.83 1.80 1.58 1.27 0.96 0.74 0.66 0.72 1.00 1.35 1.65 1.89 2.00
  6   1.93 1.70 1.33 0.95 0.59 0.41 0.44 0.66 0.98 1.33 1.63 1.80 1.85 1.77 1.52 1.18 0.89 0.70 0.65 0.81 1.15 1.50 1.80 1.95
  7   1.94 1.79 1.48 1.09 0.68 0.43 0.36 0.42 0.73 1.12 1.50 1.78 1.92 1.91 1.74 1.42 1.11 0.89 0.78 0.80 1.03 1.41 1.72 1.90
  8   1.95 1.87 1.66 1.30 0.84 0.48 0.32 0.33 0.52 0.86 1.27 1.60 1.86 1.97 1.91 1.71 1.42 1.12 0.92 0.88 1.00 1.26 1.57 1.84
  9   1.96 1.90 1.71 1.40 1.00 0.63 0.35 0.23 0.33 0.64 1.02 1.38 1.69 1.89 1.95 1.86 1.61 1.29 1.07 1.00 1.02 1.20 1.45 1.69
 10   1.86 1.91 1.82 1.56 1.18 0.78 0.48 0.29 0.24 0.38 0.75 1.12 1.46 1.70 1.83 1.87 1.77 1.54 1.27 1.08 1.03 1.09 1.24 1.48
 11   1.72 1.85 1.82 1.63 1.34 1.04 0.73 0.48 0.35 0.36 0.52 0.83 1.14 1.43 1.64 1.78 1.83 1.74 1.52 1.30 1.16 1.13 1.16 1.30
 12   1.48 1.62 1.70 1.66 1.51 1.29 1.03 0.74 0.51 0.39 0.43 0.62 0.88 1.17 1.41 1.61 1.76 1.82 1.75 1.55 1.37 1.25 1.20 1.21
 13   1.30 1.42 1.53 1.59 1.56 1.46 1.28 1.00 0.75 0.56 0.48 0.49 0.62 0.85 1.10 1.33 1.57 1.72 1.76 1.72 1.59 1.42 1.23 1.06
 14   1.03 1.12 1.26 1.41 1.50 1.51 1.45 1.30 1.11 0.89 0.68 0.52 0.48 0.60 0.80 1.02 1.27 1.52 1.74 1.83 1.78 1.62 1.43 1.23
 15   1.06 0.99 1.02 1.12 1.25 1.38 1.47 1.49 1.43 1.27 1.02 0.74 0.56 0.52 0.57 0.74 0.99 1.31 1.66 1.86 1.89 1.82 1.67 1.42
 16   1.08 0.85 0.79 0.81 0.97 1.21 1.43 1.59 1.64 1.58 1.39 1.11 0.84 0.62 0.52 0.59 0.82 1.13 1.44 1.76 2.01 2.04 1.91 1.60
 17   1.24 0.89 0.69 0.63 0.68 0.86 1.18 1.52 1.76 1.81 1.76 1.56 1.22 0.86 0.61 0.52 0.60 0.84 1.18 1.60 1.88 2.00 2.00 1.84
 18   1.44 0.97 0.59 0.37 0.36 0.52 0.84 1.19 1.55 1.84 1.92 1.84 1.58 1.23 0.87 0.59 0.48 0.57 0.90 1.30 1.65 1.94 2.09 2.03
 19   1.73 1.22 0.74 0.28 0.05 0.13 0.44 0.83 1.24 1.61 1.91 2.01 1.92 1.59 1.18 0.81 0.58 0.54 0.76 1.10 1.51 1.83 2.03 2.08
 20   1.93 1.50 1.03 0.49 0.07-0.02 0.12 0.48 0.94 1.43 1.82 2.06 2.13 1.96 1.59 1.20 0.88 0.68 0.68 0.93 1.32 1.67 1.92 2.07
 21   2.05 1.79 1.38 0.77 0.30 0.08 0.05 0.22 0.62 1.12 1.54 1.89 2.13 2.13 1.88 1.54 1.17 0.86 0.76 0.87 1.12 1.44 1.74 1.97
 22   2.05 1.92 1.60 1.14 0.64 0.23 0.07 0.09 0.39 0.83 1.25 1.64 1.95 2.12 2.09 1.84 1.53 1.21 1.01 0.94 1.05 1.29 1.58 1.83
 23   1.91 1.83 1.62 1.33 0.96 0.53 0.27 0.19 0.26 0.59 0.98 1.38 1.73 1.98 2.07 1.97 1.75 1.49 1.22 1.02 1.00 1.15 1.38 1.62
 24   1.81 1.88 1.77 1.53 1.20 0.87 0.56 0.36 0.33 0.49 0.79 1.14 1.46 1.71 1.88 1.92 1.84 1.66 1.42 1.25 1.15 1.13 1.23 1.39
 25   1.56 1.66 1.65 1.55 1.37 1.10 0.81 0.58 0.45 0.44 0.58 0.84 1.12 1.40 1.64 1.80 1.82 1.72 1.53 1.36 1.23 1.16 1.13 1.17
 26   1.28 1.40 1.45 1.42 1.33 1.18 1.00 0.83 0.67 0.57 0.58 0.75 0.98 1.21 1.41 1.59 1.71 1.75 1.72 1.60 1.45 1.33 1.23 1.19
 27   1.21 1.28 1.36 1.41 1.41 1.35 1.23 1.09 0.93 0.81 0.76 0.77 0.87 1.04 1.25 1.45 1.65 1.79 1.81 1.76 1.66 1.54 1.41 1.27
 28   1.17 1.16 1.22 1.30 1.37 1.41 1.40 1.33 1.23 1.12 1.00 0.93 0.92 0.98 1.10 1.28 1.48 1.65 1.75 1.79 1.75 1.65 1.49 1.32
 29   1.17 1.09 1.09 1.14 1.22 1.30 1.37 1.40 1.37 1.29 1.17 1.05 0.95 0.92 0.95 1.06 1.25 1.47 1.67 1.79 1.81 1.73 1.59 1.41
 30   1.19 1.00 0.91 0.93 1.03 1.17 1.30 1.42 1.47 1.45 1.36 1.21 1.06 0.93 0.88 0.93 1.08 1.28 1.48 1.69 1.82 1.83 1.71 1.49
 ----------------------------------------------------------------------------------------------------------------------------
                                                                                               
 ----------------------------------------------------------------------------------------------------------------------------
 ----------------------------------------------------------------------------------------------------------------------------
                                                          SURVEY OF INDIA
                                                    MARINE GEODESY WING (G&RB)
                                                     HOURLY HEIGHTS IN METRES
  NAME OF PORT:- KARWAR                                                                             MONTH MAY       YEAR 2019
 ----------------------------------------------------------------------------------------------------------------------------
 DAYS 0000 0001 0002 0003 0004 0005 0006 0007 0008 0009 0010 0011 0012 0013 0014 0015 0016 0017 0018 0019 0020 0021 0022 0023
 ----------------------------------------------------------------------------------------------------------------------------
  1   1.25 1.02 0.87 0.80 0.84 0.99 1.20 1.40 1.55 1.62 1.59 1.46 1.28 1.09 0.96 0.93 1.02 1.23 1.48 1.71 1.86 1.91 1.84 1.65
  2   1.40 1.11 0.86 0.74 0.75 0.92 1.15 1.40 1.63 1.79 1.84 1.74 1.54 1.30 1.08 0.98 0.99 1.10 1.32 1.61 1.83 1.94 1.94 1.79
  3   1.54 1.22 0.89 0.67 0.60 0.74 0.99 1.27 1.56 1.80 1.92 1.91 1.78 1.51 1.22 1.02 0.96 1.00 1.17 1.45 1.73 1.87 1.91 1.84
  4   1.61 1.28 0.90 0.56 0.42 0.45 0.63 0.96 1.31 1.61 1.85 1.94 1.88 1.67 1.37 1.08 0.92 0.88 0.96 1.25 1.58 1.82 1.90 1.87
  5   1.67 1.32 0.92 0.51 0.32 0.28 0.35 0.60 1.01 1.43 1.75 1.92 1.93 1.83 1.60 1.25 0.94 0.85 0.89 1.13 1.45 1.73 1.89 1.90
  6   1.77 1.45 1.07 0.66 0.32 0.15 0.15 0.34 0.68 1.16 1.58 1.83 1.96 1.95 1.74 1.45 1.18 0.97 0.90 0.99 1.22 1.51 1.73 1.84
  7   1.82 1.65 1.31 0.88 0.44 0.15 0.04 0.14 0.42 0.80 1.25 1.60 1.86 1.94 1.88 1.63 1.30 1.01 0.89 0.89 1.02 1.26 1.50 1.68
  8   1.75 1.65 1.38 1.00 0.63 0.24 0.00-0.06 0.12 0.48 0.92 1.33 1.63 1.82 1.89 1.78 1.50 1.17 0.95 0.89 0.92 1.07 1.29 1.52
  9   1.66 1.67 1.51 1.24 0.87 0.49 0.21 0.04 0.04 0.25 0.64 1.07 1.42 1.70 1.86 1.88 1.75 1.48 1.18 1.00 0.94 0.99 1.17 1.36
 10   1.52 1.58 1.54 1.37 1.11 0.79 0.46 0.21 0.11 0.21 0.47 0.79 1.11 1.44 1.74 1.89 1.85 1.68 1.45 1.25 1.08 0.96 0.95 1.06
 11   1.25 1.40 1.44 1.39 1.25 1.04 0.75 0.47 0.24 0.18 0.25 0.45 0.75 1.11 1.44 1.67 1.75 1.71 1.54 1.32 1.12 0.98 0.91 0.93
 12   1.03 1.16 1.26 1.32 1.32 1.24 1.06 0.77 0.54 0.40 0.35 0.39 0.55 0.81 1.13 1.41 1.64 1.73 1.70 1.58 1.40 1.20 1.00 0.85
 13   0.84 0.92 1.03 1.15 1.27 1.34 1.31 1.17 0.96 0.77 0.60 0.52 0.53 0.65 0.92 1.22 1.50 1.72 1.86 1.89 1.76 1.51 1.22 0.97
 14   0.85 0.86 0.94 1.08 1.25 1.42 1.53 1.56 1.49 1.35 1.12 0.89 0.73 0.71 0.85 1.09 1.35 1.60 1.84 2.01 2.00 1.84 1.55 1.19
 15   0.88 0.70 0.64 0.71 0.88 1.15 1.40 1.58 1.66 1.63 1.49 1.15 0.82 0.70 0.72 0.84 1.03 1.30 1.60 1.89 2.01 1.94 1.72 1.39
 16   0.98 0.55 0.39 0.39 0.52 0.76 1.08 1.40 1.65 1.78 1.75 1.55 1.28 0.99 0.79 0.73 0.84 1.10 1.38 1.65 1.86 1.97 1.89 1.57
 17   1.15 0.65 0.35 0.25 0.28 0.43 0.75 1.14 1.47 1.74 1.88 1.87 1.66 1.27 0.96 0.78 0.75 0.89 1.14 1.45 1.75 1.90 1.88 1.73
 18   1.37 0.95 0.49 0.13 0.05 0.12 0.40 0.79 1.25 1.66 1.95 2.00 1.90 1.67 1.31 1.00 0.82 0.79 0.94 1.22 1.52 1.77 1.89 1.85
 19   1.66 1.24 0.77 0.29 0.02-0.01 0.15 0.49 0.96 1.40 1.75 1.99 2.03 1.91 1.64 1.30 0.98 0.80 0.80 1.01 1.32 1.63 1.81 1.85
 20   1.75 1.50 1.07 0.58 0.22 0.09 0.10 0.27 0.65 1.13 1.54 1.87 2.09 2.10 1.92 1.62 1.26 1.00 0.92 1.02 1.25 1.52 1.75 1.84
 21   1.82 1.63 1.30 0.89 0.50 0.20 0.08 0.15 0.50 0.95 1.37 1.73 2.00 2.11 2.04 1.82 1.54 1.24 1.05 1.01 1.12 1.32 1.55 1.74
 22   1.82 1.71 1.46 1.12 0.75 0.44 0.25 0.19 0.32 0.70 1.10 1.45 1.77 2.00 2.07 1.95 1.70 1.40 1.20 1.09 1.08 1.18 1.36 1.58
 23   1.70 1.68 1.54 1.31 1.00 0.71 0.47 0.34 0.35 0.58 0.92 1.28 1.59 1.86 2.00 1.99 1.83 1.60 1.35 1.15 1.05 1.05 1.13 1.31
 24   1.53 1.62 1.57 1.38 1.08 0.74 0.52 0.42 0.40 0.50 0.78 1.09 1.39 1.67 1.85 1.92 1.88 1.73 1.52 1.34 1.19 1.10 1.09 1.18
 25   1.35 1.50 1.52 1.45 1.29 1.11 0.92 0.73 0.60 0.59 0.70 0.90 1.15 1.40 1.65 1.85 1.93 1.87 1.72 1.55 1.38 1.24 1.18 1.18
 26   1.25 1.34 1.40 1.42 1.39 1.30 1.17 1.03 0.89 0.78 0.76 0.86 1.06 1.29 1.50 1.70 1.82 1.84 1.77 1.65 1.50 1.37 1.24 1.15
 27   1.12 1.16 1.24 1.32 1.37 1.38 1.32 1.20 1.09 1.00 0.94 0.93 1.01 1.15 1.32 1.52 1.71 1.81 1.82 1.77 1.64 1.45 1.24 1.07
 28   0.99 0.97 1.03 1.14 1.25 1.33 1.36 1.33 1.25 1.13 1.03 0.97 0.96 1.04 1.18 1.35 1.52 1.68 1.79 1.79 1.70 1.53 1.33 1.11
 29   0.93 0.86 0.85 0.90 1.03 1.19 1.31 1.38 1.40 1.34 1.22 1.07 0.98 0.97 1.05 1.20 1.38 1.55 1.70 1.78 1.77 1.66 1.43 1.17
 30   0.91 0.70 0.62 0.65 0.79 1.02 1.27 1.45 1.52 1.52 1.45 1.30 1.14 1.02 0.99 1.08 1.25 1.43 1.62 1.78 1.82 1.75 1.56 1.26
 31   0.97 0.70 0.56 0.55 0.64 0.85 1.12 1.36 1.60 1.71 1.70 1.57 1.39 1.20 1.09 1.07 1.14 1.29 1.47 1.66 1.80 1.81 1.67 1.41
 ----------------------------------------------------------------------------------------------------------------------------
                                                                                               
 ----------------------------------------------------------------------------------------------------------------------------
 ----------------------------------------------------------------------------------------------------------------------------
                                                          SURVEY OF INDIA
                                                    MARINE GEODESY WING (G&RB)
                                                     HOURLY HEIGHTS IN METRES
  NAME OF PORT:- KARWAR                                                                             MONTH JUNE      YEAR 2019
 ----------------------------------------------------------------------------------------------------------------------------
 DAYS 0000 0001 0002 0003 0004 0005 0006 0007 0008 0009 0010 0011 0012 0013 0014 0015 0016 0017 0018 0019 0020 0021 0022 0023
 ----------------------------------------------------------------------------------------------------------------------------
  1   1.11 0.78 0.48 0.37 0.44 0.64 0.93 1.20 1.47 1.72 1.82 1.81 1.62 1.38 1.15 1.05 1.05 1.15 1.33 1.57 1.76 1.80 1.72 1.50
  2   1.20 0.84 0.50 0.27 0.19 0.34 0.65 1.00 1.35 1.68 1.88 1.94 1.84 1.60 1.33 1.13 1.03 1.06 1.21 1.44 1.66 1.81 1.82 1.68
  3   1.39 1.03 0.63 0.32 0.15 0.16 0.42 0.81 1.20 1.60 1.90 2.04 2.00 1.75 1.46 1.20 1.05 1.02 1.15 1.39 1.62 1.80 1.89 1.80
  4   1.54 1.16 0.68 0.28 0.10 0.12 0.31 0.63 1.08 1.50 1.83 2.05 2.12 2.00 1.69 1.40 1.15 1.02 1.04 1.24 1.50 1.70 1.82 1.84
  5   1.72 1.34 0.90 0.44 0.14 0.01 0.00 0.18 0.54 1.04 1.51 1.85 2.03 2.08 1.96 1.69 1.39 1.13 0.97 0.99 1.17 1.39 1.62 1.78
  6   1.80 1.68 1.35 0.95 0.54 0.21 0.07 0.08 0.25 0.65 1.12 1.55 1.92 2.12 2.12 1.91 1.60 1.30 1.08 0.97 1.02 1.21 1.43 1.62
  7   1.75 1.73 1.55 1.25 0.89 0.51 0.19 0.07 0.12 0.46 0.93 1.31 1.63 1.93 2.12 2.11 1.89 1.59 1.30 1.07 0.98 1.06 1.22 1.42
  8   1.61 1.71 1.67 1.51 1.22 0.80 0.45 0.25 0.21 0.31 0.60 1.01 1.41 1.75 2.01 2.08 2.02 1.81 1.51 1.22 1.03 0.97 1.03 1.21
  9   1.41 1.57 1.65 1.63 1.49 1.24 0.97 0.69 0.50 0.48 0.61 0.89 1.19 1.49 1.80 2.04 2.13 2.05 1.84 1.56 1.31 1.10 1.00 1.05
 10   1.20 1.40 1.58 1.67 1.67 1.60 1.43 1.22 0.99 0.81 0.75 0.83 1.12 1.45 1.73 2.00 2.22 2.27 2.18 1.96 1.68 1.38 1.15 1.04
 11   1.07 1.20 1.41 1.61 1.75 1.82 1.81 1.68 1.48 1.25 1.09 1.04 1.08 1.24 1.50 1.80 2.05 2.22 2.26 2.15 1.90 1.55 1.20 0.93
 12   0.85 0.88 1.01 1.20 1.43 1.65 1.79 1.79 1.67 1.51 1.34 1.20 1.12 1.15 1.30 1.51 1.71 1.90 2.03 2.05 1.96 1.69 1.37 1.02
 13   0.74 0.59 0.62 0.80 1.05 1.33 1.58 1.79 1.87 1.81 1.67 1.48 1.28 1.17 1.17 1.27 1.43 1.62 1.81 1.91 1.89 1.75 1.50 1.09
 14   0.63 0.36 0.29 0.36 0.56 0.84 1.16 1.47 1.72 1.81 1.76 1.60 1.37 1.13 0.99 0.98 1.08 1.28 1.50 1.70 1.83 1.83 1.68 1.39
 15   0.92 0.50 0.27 0.17 0.25 0.50 0.87 1.26 1.58 1.79 1.88 1.80 1.59 1.34 1.11 0.99 1.02 1.15 1.36 1.57 1.70 1.75 1.70 1.50
 16   1.18 0.78 0.39 0.21 0.19 0.34 0.64 1.03 1.41 1.72 1.88 1.93 1.82 1.58 1.31 1.09 1.00 1.03 1.18 1.45 1.68 1.80 1.80 1.68
 17   1.39 1.03 0.65 0.30 0.14 0.20 0.42 0.79 1.18 1.57 1.87 1.98 1.97 1.81 1.57 1.31 1.11 1.00 1.05 1.24 1.49 1.69 1.74 1.68
 18   1.52 1.27 0.89 0.51 0.17 0.08 0.22 0.51 0.93 1.34 1.72 2.01 2.07 2.02 1.83 1.56 1.27 1.05 1.00 1.12 1.36 1.61 1.77 1.80
 19   1.72 1.43 1.08 0.73 0.38 0.22 0.21 0.40 0.72 1.14 1.53 1.90 2.11 2.12 1.96 1.69 1.42 1.19 1.08 1.11 1.27 1.49 1.65 1.73
 20   1.72 1.60 1.39 1.03 0.62 0.37 0.25 0.33 0.59 0.91 1.29 1.61 1.83 1.95 1.95 1.83 1.58 1.30 1.07 0.96 1.00 1.18 1.40 1.55
 21   1.63 1.62 1.49 1.18 0.84 0.54 0.39 0.35 0.47 0.74 1.09 1.43 1.71 1.94 2.01 1.93 1.72 1.44 1.21 1.08 1.07 1.13 1.27 1.43
 22   1.56 1.60 1.55 1.37 1.11 0.81 0.57 0.48 0.49 0.63 0.92 1.27 1.55 1.79 1.93 1.95 1.84 1.60 1.36 1.14 0.99 0.97 1.07 1.22
 23   1.34 1.41 1.43 1.36 1.20 0.97 0.75 0.58 0.52 0.59 0.81 1.07 1.35 1.59 1.78 1.85 1.80 1.66 1.47 1.23 1.06 0.98 0.96 1.02
 24   1.13 1.25 1.33 1.34 1.27 1.13 0.92 0.73 0.60 0.58 0.72 0.92 1.14 1.37 1.59 1.73 1.77 1.68 1.49 1.28 1.11 0.95 0.84 0.83
 25   0.93 1.06 1.17 1.24 1.27 1.23 1.13 0.99 0.87 0.80 0.81 0.90 1.07 1.26 1.45 1.61 1.71 1.73 1.63 1.46 1.24 1.05 0.91 0.81
 26   0.79 0.86 0.98 1.12 1.24 1.31 1.32 1.25 1.13 1.02 0.95 0.94 1.02 1.16 1.32 1.48 1.62 1.71 1.70 1.58 1.37 1.14 0.91 0.72
 27   0.65 0.68 0.79 0.94 1.08 1.20 1.29 1.32 1.29 1.20 1.08 1.00 1.00 1.08 1.20 1.35 1.50 1.65 1.70 1.66 1.51 1.29 1.00 0.75
 28   0.58 0.52 0.57 0.73 0.96 1.16 1.33 1.44 1.49 1.45 1.35 1.19 1.07 1.03 1.08 1.20 1.37 1.54 1.66 1.68 1.60 1.43 1.16 0.89
 29   0.62 0.40 0.34 0.48 0.71 0.95 1.20 1.44 1.60 1.64 1.59 1.43 1.27 1.14 1.08 1.12 1.24 1.40 1.57 1.69 1.72 1.60 1.38 1.09
 30   0.76 0.44 0.28 0.32 0.49 0.73 1.04 1.40 1.67 1.81 1.83 1.74 1.53 1.33 1.20 1.15 1.20 1.33 1.48 1.63 1.73 1.71 1.57 1.31
 ----------------------------------------------------------------------------------------------------------------------------
                                                                                               
 ----------------------------------------------------------------------------------------------------------------------------
 ----------------------------------------------------------------------------------------------------------------------------
                                                          SURVEY OF INDIA
                                                    MARINE GEODESY WING (G&RB)
                                                     HOURLY HEIGHTS IN METRES
  NAME OF PORT:- KARWAR                                                                             MONTH JULY      YEAR 2019
 ----------------------------------------------------------------------------------------------------------------------------
 DAYS 0000 0001 0002 0003 0004 0005 0006 0007 0008 0009 0010 0011 0012 0013 0014 0015 0016 0017 0018 0019 0020 0021 0022 0023
 ----------------------------------------------------------------------------------------------------------------------------
  1   0.93 0.57 0.29 0.16 0.23 0.46 0.77 1.13 1.48 1.76 1.90 1.89 1.73 1.51 1.28 1.12 1.08 1.15 1.33 1.53 1.70 1.73 1.63 1.43
  2   1.15 0.77 0.33 0.10 0.05 0.17 0.47 0.83 1.23 1.65 1.93 2.01 1.93 1.73 1.47 1.21 1.03 1.03 1.19 1.43 1.67 1.81 1.84 1.73
  3   1.48 1.10 0.63 0.25 0.05 0.02 0.15 0.50 1.03 1.46 1.83 2.05 2.13 2.03 1.77 1.43 1.17 1.05 1.08 1.22 1.44 1.68 1.83 1.83
  4   1.68 1.30 0.87 0.42 0.02-0.15-0.11 0.15 0.57 1.03 1.50 1.87 2.10 2.10 1.89 1.55 1.20 0.99 0.91 0.97 1.20 1.47 1.74 1.93
  5   1.91 1.65 1.28 0.87 0.47 0.15 0.05 0.17 0.47 0.95 1.45 1.85 2.15 2.25 2.17 1.92 1.58 1.22 1.00 0.95 1.08 1.30 1.54 1.78
  6   1.92 1.89 1.70 1.33 0.90 0.47 0.23 0.17 0.27 0.65 1.10 1.50 1.89 2.12 2.20 2.10 1.77 1.42 1.09 0.91 0.90 1.03 1.25 1.51
  7   1.72 1.80 1.75 1.59 1.29 0.92 0.59 0.36 0.34 0.51 0.85 1.27 1.65 1.97 2.17 2.22 2.05 1.72 1.32 1.01 0.82 0.81 0.95 1.17
  8   1.43 1.62 1.71 1.70 1.56 1.25 0.95 0.68 0.52 0.51 0.66 1.03 1.40 1.75 2.05 2.18 2.15 1.90 1.57 1.23 0.92 0.71 0.70 0.84
  9   1.05 1.25 1.42 1.55 1.59 1.50 1.28 1.05 0.85 0.71 0.71 0.85 1.11 1.39 1.65 1.83 1.93 1.91 1.71 1.36 1.05 0.77 0.59 0.54
 10   0.65 0.85 1.05 1.25 1.43 1.53 1.51 1.36 1.13 0.96 0.88 0.88 1.00 1.20 1.42 1.66 1.84 1.90 1.87 1.70 1.40 1.06 0.72 0.50
 11   0.46 0.55 0.75 0.98 1.20 1.40 1.54 1.60 1.57 1.42 1.18 1.00 0.95 1.02 1.19 1.39 1.58 1.75 1.82 1.75 1.57 1.31 0.97 0.65
 12   0.41 0.32 0.39 0.60 0.85 1.10 1.35 1.52 1.59 1.56 1.42 1.26 1.12 1.06 1.08 1.19 1.35 1.50 1.65 1.75 1.73 1.50 1.14 0.83
 13   0.53 0.30 0.22 0.33 0.58 0.87 1.15 1.40 1.62 1.75 1.73 1.56 1.30 1.11 1.02 1.01 1.08 1.25 1.45 1.58 1.59 1.48 1.25 0.95
 14   0.65 0.33 0.08 0.02 0.18 0.46 0.80 1.13 1.45 1.72 1.82 1.78 1.57 1.31 1.12 1.02 1.00 1.07 1.22 1.40 1.57 1.62 1.50 1.28
 15   0.95 0.59 0.30 0.12 0.10 0.26 0.60 0.96 1.29 1.55 1.77 1.86 1.80 1.56 1.30 1.10 1.00 1.00 1.12 1.34 1.54 1.64 1.62 1.48
 16   1.22 0.85 0.49 0.22 0.12 0.22 0.47 0.80 1.15 1.51 1.72 1.79 1.78 1.65 1.40 1.15 0.99 0.93 0.99 1.14 1.35 1.53 1.59 1.55
 17   1.35 1.06 0.70 0.38 0.18 0.16 0.31 0.58 0.92 1.30 1.60 1.75 1.78 1.69 1.51 1.23 1.01 0.87 0.87 0.97 1.15 1.37 1.51 1.54
 18   1.45 1.21 0.91 0.54 0.26 0.15 0.19 0.40 0.71 1.08 1.45 1.66 1.75 1.74 1.60 1.36 1.07 0.86 0.76 0.80 0.96 1.17 1.38 1.50
 19   1.50 1.34 1.07 0.75 0.39 0.15 0.11 0.23 0.49 0.85 1.29 1.60 1.78 1.81 1.71 1.50 1.20 0.95 0.78 0.74 0.82 1.00 1.20 1.40
 20   1.50 1.45 1.25 0.95 0.60 0.32 0.17 0.18 0.37 0.71 1.07 1.39 1.68 1.85 1.85 1.65 1.36 1.10 0.85 0.72 0.74 0.90 1.14 1.34
 21   1.45 1.46 1.35 1.12 0.82 0.55 0.36 0.31 0.40 0.63 0.95 1.25 1.55 1.78 1.85 1.75 1.49 1.22 0.97 0.78 0.70 0.72 0.87 1.10
 22   1.30 1.41 1.39 1.25 1.00 0.73 0.48 0.32 0.32 0.49 0.75 1.05 1.35 1.65 1.82 1.80 1.60 1.33 1.08 0.88 0.75 0.73 0.80 0.93
 23   1.10 1.25 1.33 1.32 1.18 0.95 0.75 0.61 0.56 0.62 0.78 1.03 1.29 1.52 1.67 1.72 1.65 1.45 1.19 0.97 0.80 0.70 0.67 0.74
 24   0.90 1.08 1.23 1.30 1.29 1.20 1.02 0.86 0.77 0.75 0.80 0.95 1.16 1.40 1.61 1.74 1.75 1.62 1.39 1.15 0.94 0.76 0.66 0.68
 25   0.79 0.95 1.11 1.25 1.33 1.33 1.25 1.10 0.96 0.89 0.89 0.95 1.10 1.30 1.52 1.70 1.77 1.68 1.47 1.22 0.98 0.77 0.60 0.53
 26   0.58 0.73 0.92 1.10 1.25 1.35 1.39 1.35 1.24 1.13 1.06 1.05 1.13 1.25 1.39 1.53 1.65 1.68 1.63 1.48 1.24 0.96 0.71 0.52
 27   0.43 0.46 0.62 0.85 1.08 1.28 1.44 1.50 1.48 1.40 1.27 1.15 1.11 1.15 1.26 1.40 1.53 1.61 1.62 1.54 1.38 1.15 0.88 0.62
 28   0.45 0.40 0.50 0.69 0.92 1.17 1.43 1.64 1.75 1.75 1.65 1.52 1.39 1.30 1.27 1.32 1.42 1.55 1.65 1.68 1.61 1.42 1.16 0.90
 29   0.60 0.40 0.34 0.42 0.65 0.94 1.22 1.45 1.65 1.78 1.79 1.70 1.55 1.41 1.30 1.25 1.31 1.45 1.62 1.70 1.68 1.55 1.32 1.04
 30   0.74 0.41 0.15 0.12 0.25 0.55 0.90 1.25 1.60 1.85 1.92 1.85 1.65 1.42 1.21 1.10 1.10 1.21 1.40 1.62 1.75 1.75 1.61 1.32
 31   0.97 0.60 0.25 0.05 0.05 0.28 0.60 1.00 1.43 1.80 2.05 2.07 1.93 1.70 1.45 1.23 1.13 1.13 1.25 1.49 1.72 1.85 1.85 1.72
 ----------------------------------------------------------------------------------------------------------------------------
                                                                                               
 ----------------------------------------------------------------------------------------------------------------------------
 ----------------------------------------------------------------------------------------------------------------------------
                                                          SURVEY OF INDIA
                                                    MARINE GEODESY WING (G&RB)
                                                     HOURLY HEIGHTS IN METRES
  NAME OF PORT:- KARWAR                                                                             MONTH AUGUST    YEAR 2019
 ----------------------------------------------------------------------------------------------------------------------------
 DAYS 0000 0001 0002 0003 0004 0005 0006 0007 0008 0009 0010 0011 0012 0013 0014 0015 0016 0017 0018 0019 0020 0021 0022 0023
 ----------------------------------------------------------------------------------------------------------------------------
  1   1.45 1.03 0.54 0.17 0.02 0.06 0.30 0.72 1.20 1.65 1.98 2.18 2.20 2.00 1.65 1.28 0.98 0.89 0.96 1.19 1.47 1.70 1.85 1.85
  2   1.69 1.39 0.90 0.41 0.09-0.04 0.06 0.38 0.85 1.31 1.78 2.10 2.23 2.13 1.85 1.44 1.01 0.83 0.81 0.93 1.20 1.50 1.78 1.93
  3   1.90 1.71 1.35 0.88 0.40 0.13 0.07 0.19 0.55 1.02 1.55 1.98 2.20 2.24 2.08 1.70 1.28 0.94 0.71 0.65 0.75 1.14 1.50 1.78
  4   1.90 1.90 1.73 1.31 0.84 0.46 0.25 0.23 0.42 0.85 1.28 1.75 2.08 2.25 2.22 2.02 1.60 1.15 0.83 0.68 0.65 0.80 1.13 1.52
  5   1.79 1.90 1.89 1.67 1.31 0.94 0.60 0.45 0.47 0.65 1.00 1.42 1.85 2.15 2.25 2.18 1.87 1.43 0.95 0.60 0.45 0.48 0.72 1.05
  6   1.37 1.63 1.76 1.72 1.52 1.23 0.95 0.69 0.58 0.62 0.90 1.27 1.60 1.90 2.08 2.10 1.92 1.55 1.15 0.80 0.51 0.36 0.38 0.60
  7   0.90 1.20 1.45 1.61 1.65 1.52 1.27 1.01 0.80 0.72 0.76 1.02 1.35 1.63 1.85 1.98 1.98 1.82 1.48 1.11 0.78 0.55 0.45 0.51
  8   0.71 0.95 1.20 1.44 1.62 1.70 1.67 1.50 1.30 1.17 1.13 1.15 1.25 1.42 1.63 1.82 1.90 1.87 1.65 1.36 1.05 0.75 0.50 0.41
  9   0.47 0.65 0.87 1.08 1.30 1.50 1.63 1.65 1.54 1.38 1.23 1.13 1.12 1.19 1.32 1.47 1.60 1.68 1.67 1.50 1.25 0.97 0.68 0.45
 10   0.37 0.40 0.57 0.80 1.04 1.27 1.45 1.57 1.62 1.57 1.44 1.28 1.17 1.11 1.12 1.20 1.37 1.55 1.64 1.62 1.50 1.29 1.02 0.75
 11   0.55 0.43 0.39 0.50 0.72 1.02 1.32 1.53 1.65 1.69 1.64 1.50 1.35 1.21 1.12 1.10 1.17 1.29 1.44 1.53 1.53 1.44 1.25 0.99
 12   0.75 0.53 0.39 0.35 0.48 0.78 1.09 1.34 1.55 1.70 1.74 1.70 1.55 1.32 1.15 1.07 1.07 1.15 1.29 1.44 1.52 1.52 1.41 1.19
 13   0.95 0.65 0.38 0.27 0.32 0.50 0.78 1.11 1.39 1.63 1.79 1.79 1.64 1.39 1.15 1.02 0.98 1.02 1.14 1.30 1.45 1.53 1.48 1.35
 14   1.15 0.85 0.50 0.26 0.23 0.33 0.55 0.85 1.20 1.49 1.69 1.77 1.72 1.54 1.27 1.02 0.85 0.82 0.92 1.10 1.31 1.49 1.54 1.47
 15   1.28 1.00 0.62 0.30 0.15 0.20 0.40 0.65 0.95 1.28 1.55 1.70 1.68 1.50 1.25 0.98 0.71 0.60 0.63 0.80 1.02 1.23 1.34 1.35
 16   1.27 1.05 0.73 0.35 0.05-0.02 0.10 0.35 0.69 1.05 1.34 1.57 1.67 1.58 1.35 1.05 0.78 0.59 0.53 0.60 0.83 1.11 1.29 1.34
 17   1.30 1.10 0.82 0.51 0.20 0.05 0.05 0.22 0.50 0.89 1.22 1.48 1.63 1.63 1.48 1.18 0.85 0.60 0.51 0.54 0.71 0.95 1.20 1.39
 18   1.40 1.28 1.06 0.75 0.41 0.20 0.13 0.20 0.45 0.85 1.18 1.45 1.65 1.69 1.57 1.32 1.00 0.69 0.52 0.48 0.58 0.78 1.05 1.30
 19   1.42 1.40 1.22 0.95 0.64 0.38 0.24 0.22 0.37 0.65 1.02 1.33 1.54 1.64 1.62 1.43 1.15 0.80 0.53 0.46 0.50 0.67 0.89 1.13
 20   1.35 1.40 1.35 1.15 0.90 0.64 0.42 0.37 0.45 0.65 0.94 1.24 1.50 1.62 1.61 1.48 1.20 0.92 0.65 0.48 0.42 0.50 0.70 0.95
 21   1.19 1.34 1.37 1.30 1.10 0.84 0.64 0.55 0.55 0.65 0.85 1.12 1.38 1.58 1.64 1.55 1.32 1.05 0.76 0.55 0.45 0.45 0.54 0.72
 22   0.95 1.19 1.32 1.35 1.27 1.05 0.85 0.74 0.70 0.72 0.84 1.02 1.25 1.45 1.55 1.56 1.49 1.30 1.00 0.74 0.57 0.51 0.54 0.67
 23   0.89 1.11 1.26 1.35 1.38 1.34 1.20 1.05 0.95 0.91 0.96 1.10 1.28 1.45 1.58 1.63 1.60 1.47 1.20 0.95 0.75 0.60 0.52 0.53
 24   0.65 0.84 1.05 1.25 1.38 1.42 1.40 1.33 1.23 1.14 1.09 1.12 1.22 1.37 1.50 1.58 1.60 1.57 1.43 1.21 0.97 0.77 0.60 0.53
 25   0.56 0.70 0.88 1.10 1.30 1.44 1.51 1.52 1.49 1.40 1.31 1.25 1.25 1.31 1.43 1.55 1.62 1.63 1.58 1.42 1.21 0.97 0.75 0.57
 26   0.48 0.50 0.65 0.85 1.09 1.35 1.56 1.66 1.70 1.65 1.53 1.40 1.31 1.27 1.28 1.35 1.46 1.55 1.60 1.56 1.43 1.23 0.97 0.72
 27   0.51 0.40 0.43 0.57 0.79 1.06 1.38 1.64 1.78 1.82 1.75 1.60 1.41 1.25 1.15 1.14 1.23 1.37 1.50 1.57 1.55 1.45 1.25 0.93
 28   0.58 0.33 0.25 0.26 0.38 0.71 1.10 1.45 1.72 1.87 1.86 1.72 1.49 1.24 1.03 0.95 0.98 1.12 1.31 1.48 1.60 1.62 1.52 1.22
 29   0.83 0.45 0.18 0.04 0.07 0.30 0.65 1.06 1.48 1.82 1.95 1.88 1.68 1.35 1.03 0.81 0.77 0.84 1.03 1.28 1.57 1.72 1.72 1.53
 30   1.20 0.80 0.35 0.05-0.08 0.05 0.40 0.80 1.25 1.63 1.95 2.08 1.94 1.60 1.19 0.85 0.61 0.55 0.75 1.25 1.74 2.00 2.01 1.90
 31   1.65 1.29 0.85 0.35 0.02-0.03 0.15 0.48 0.93 1.42 1.85 2.12 2.12 1.88 1.50 1.05 0.70 0.45 0.41 0.60 1.00 1.40 1.73 1.86
 ----------------------------------------------------------------------------------------------------------------------------
                                                                                               
 ----------------------------------------------------------------------------------------------------------------------------
 ----------------------------------------------------------------------------------------------------------------------------
                                                          SURVEY OF INDIA
                                                    MARINE GEODESY WING (G&RB)
                                                     HOURLY HEIGHTS IN METRES
  NAME OF PORT:- KARWAR                                                                             MONTH SEPT      YEAR 2019
 ----------------------------------------------------------------------------------------------------------------------------
 DAYS 0000 0001 0002 0003 0004 0005 0006 0007 0008 0009 0010 0011 0012 0013 0014 0015 0016 0017 0018 0019 0020 0021 0022 0023
 ----------------------------------------------------------------------------------------------------------------------------
  1   1.71 1.35 0.92 0.43 0.11 0.06 0.23 0.60 1.10 1.55 2.00 2.28 2.26 2.00 1.65 1.25 0.85 0.53 0.40 0.53 0.82 1.20 1.58 1.87
  2   2.03 2.02 1.77 1.38 0.88 0.53 0.38 0.45 0.72 1.11 1.58 2.02 2.20 2.18 2.00 1.65 1.18 0.71 0.41 0.36 0.48 0.81 1.20 1.63
  3   1.93 2.05 2.01 1.73 1.33 0.95 0.71 0.60 0.65 0.93 1.35 1.85 2.16 2.22 2.14 1.90 1.48 1.02 0.62 0.38 0.34 0.50 0.84 1.22
  4   1.59 1.88 1.98 1.93 1.70 1.43 1.13 0.88 0.78 0.86 1.13 1.50 1.85 2.05 2.08 1.98 1.73 1.33 0.96 0.63 0.41 0.38 0.53 0.80
  5   1.12 1.42 1.68 1.82 1.82 1.69 1.46 1.23 1.03 0.98 1.02 1.20 1.50 1.75 1.88 1.89 1.79 1.53 1.20 0.88 0.63 0.45 0.40 0.50
  6   0.78 1.10 1.40 1.60 1.73 1.78 1.73 1.53 1.33 1.20 1.18 1.28 1.45 1.60 1.70 1.72 1.68 1.58 1.39 1.14 0.89 0.67 0.58 0.58
  7   0.70 0.92 1.14 1.35 1.53 1.67 1.72 1.70 1.62 1.50 1.39 1.35 1.37 1.46 1.58 1.65 1.66 1.62 1.52 1.35 1.15 0.95 0.78 0.65
  8   0.62 0.72 0.88 1.05 1.25 1.44 1.60 1.68 1.70 1.64 1.47 1.29 1.18 1.17 1.21 1.27 1.35 1.43 1.48 1.46 1.37 1.20 1.00 0.79
  9   0.63 0.59 0.63 0.79 1.03 1.25 1.46 1.62 1.72 1.73 1.62 1.40 1.21 1.11 1.08 1.08 1.12 1.20 1.33 1.44 1.46 1.38 1.16 0.93
 10   0.71 0.54 0.48 0.52 0.66 0.93 1.19 1.43 1.63 1.72 1.69 1.48 1.21 1.03 0.96 0.95 0.98 1.08 1.25 1.42 1.52 1.50 1.36 1.15
 11   0.91 0.68 0.48 0.41 0.47 0.69 0.95 1.23 1.48 1.68 1.70 1.56 1.30 1.05 0.86 0.80 0.82 0.91 1.05 1.23 1.41 1.48 1.45 1.32
 12   1.10 0.83 0.58 0.40 0.38 0.50 0.75 1.03 1.34 1.60 1.72 1.65 1.38 1.07 0.83 0.74 0.72 0.76 0.90 1.10 1.33 1.50 1.53 1.46
 13   1.27 0.99 0.69 0.43 0.35 0.38 0.60 0.91 1.23 1.55 1.70 1.65 1.41 1.13 0.89 0.70 0.61 0.60 0.70 0.93 1.21 1.45 1.58 1.57
 14   1.45 1.23 0.93 0.69 0.53 0.49 0.59 0.82 1.10 1.40 1.62 1.68 1.58 1.31 1.02 0.76 0.65 0.64 0.72 0.94 1.17 1.40 1.58 1.65
 15   1.58 1.39 1.12 0.86 0.69 0.61 0.64 0.80 1.06 1.33 1.56 1.69 1.67 1.50 1.21 0.91 0.66 0.59 0.60 0.76 1.02 1.32 1.55 1.69
 16   1.71 1.59 1.35 1.05 0.79 0.68 0.68 0.77 1.03 1.30 1.56 1.73 1.76 1.64 1.40 1.08 0.78 0.58 0.51 0.57 0.77 1.11 1.43 1.67
 17   1.82 1.80 1.60 1.27 0.91 0.73 0.69 0.74 0.92 1.21 1.55 1.82 1.89 1.83 1.63 1.35 1.00 0.69 0.53 0.51 0.62 0.92 1.27 1.55
 18   1.73 1.80 1.72 1.47 1.13 0.88 0.76 0.75 0.87 1.12 1.43 1.70 1.89 1.90 1.75 1.45 1.11 0.77 0.53 0.48 0.55 0.75 1.03 1.33
 19   1.61 1.76 1.77 1.62 1.33 1.06 0.90 0.85 0.92 1.09 1.34 1.59 1.73 1.77 1.72 1.48 1.15 0.87 0.61 0.45 0.42 0.55 0.83 1.13
 20   1.43 1.63 1.73 1.71 1.53 1.32 1.13 1.03 1.02 1.10 1.27 1.48 1.67 1.77 1.77 1.67 1.43 1.13 0.83 0.62 0.55 0.58 0.73 0.95
 21   1.23 1.49 1.68 1.75 1.70 1.58 1.42 1.27 1.20 1.19 1.26 1.45 1.63 1.72 1.73 1.67 1.52 1.30 1.05 0.80 0.60 0.54 0.58 0.71
 22   0.92 1.18 1.45 1.66 1.75 1.75 1.65 1.48 1.33 1.23 1.19 1.23 1.36 1.50 1.60 1.65 1.62 1.51 1.31 1.07 0.83 0.62 0.52 0.53
 23   0.65 0.87 1.13 1.41 1.65 1.76 1.80 1.75 1.58 1.40 1.26 1.20 1.19 1.27 1.38 1.49 1.56 1.58 1.51 1.30 1.07 0.85 0.64 0.53
 24   0.51 0.60 0.83 1.08 1.37 1.63 1.81 1.88 1.82 1.66 1.46 1.29 1.20 1.16 1.18 1.25 1.37 1.48 1.53 1.50 1.35 1.12 0.89 0.66
 25   0.49 0.45 0.54 0.75 1.03 1.33 1.61 1.83 1.90 1.84 1.69 1.49 1.28 1.13 1.06 1.09 1.23 1.41 1.58 1.67 1.66 1.56 1.35 1.03
 26   0.73 0.52 0.45 0.51 0.74 1.05 1.40 1.70 1.93 2.02 1.94 1.71 1.40 1.13 0.93 0.85 0.91 1.12 1.39 1.62 1.77 1.83 1.74 1.46
 27   1.05 0.73 0.53 0.48 0.58 0.85 1.19 1.54 1.83 2.00 2.04 1.92 1.60 1.22 0.90 0.71 0.69 0.84 1.11 1.44 1.73 1.92 1.96 1.83
 28   1.51 1.07 0.73 0.53 0.51 0.65 0.95 1.33 1.68 1.95 2.10 2.08 1.91 1.48 1.04 0.67 0.50 0.53 0.76 1.11 1.49 1.84 2.06 2.08
 29   1.92 1.56 1.09 0.73 0.54 0.53 0.71 1.05 1.46 1.82 2.08 2.19 2.15 1.89 1.37 0.86 0.44 0.28 0.37 0.69 1.10 1.54 1.95 2.19
 30   2.23 2.01 1.62 1.10 0.73 0.54 0.56 0.78 1.15 1.60 1.97 2.20 2.27 2.09 1.68 1.13 0.60 0.27 0.21 0.35 0.70 1.13 1.61 1.98
 ----------------------------------------------------------------------------------------------------------------------------
                                                                                               
 ----------------------------------------------------------------------------------------------------------------------------
 ----------------------------------------------------------------------------------------------------------------------------
                                                          SURVEY OF INDIA
                                                    MARINE GEODESY WING (G&RB)
                                                     HOURLY HEIGHTS IN METRES
  NAME OF PORT:- KARWAR                                                                             MONTH OCTOBER   YEAR 2019
 ----------------------------------------------------------------------------------------------------------------------------
 DAYS 0000 0001 0002 0003 0004 0005 0006 0007 0008 0009 0010 0011 0012 0013 0014 0015 0016 0017 0018 0019 0020 0021 0022 0023
 ----------------------------------------------------------------------------------------------------------------------------
  1   2.19 2.18 1.96 1.56 1.13 0.81 0.68 0.73 0.98 1.39 1.76 2.05 2.18 2.15 1.89 1.40 0.89 0.45 0.25 0.25 0.42 0.78 1.25 1.70
  2   2.03 2.15 2.09 1.82 1.43 1.05 0.83 0.81 0.93 1.18 1.52 1.85 2.04 2.09 1.97 1.59 1.09 0.62 0.32 0.22 0.28 0.53 0.92 1.31
  3   1.69 1.97 2.11 2.05 1.79 1.46 1.18 1.00 0.99 1.13 1.35 1.62 1.85 1.95 1.93 1.75 1.43 1.05 0.67 0.43 0.36 0.45 0.73 1.10
  4   1.45 1.78 2.01 2.03 1.90 1.69 1.45 1.22 1.08 1.06 1.15 1.35 1.55 1.71 1.78 1.73 1.53 1.21 0.88 0.60 0.44 0.41 0.54 0.77
  5   1.05 1.33 1.57 1.74 1.79 1.73 1.60 1.44 1.27 1.15 1.13 1.23 1.37 1.50 1.59 1.61 1.53 1.39 1.21 1.02 0.83 0.70 0.67 0.75
  6   0.93 1.13 1.33 1.52 1.67 1.75 1.76 1.69 1.57 1.43 1.30 1.22 1.22 1.28 1.38 1.47 1.53 1.52 1.43 1.27 1.11 0.95 0.82 0.79
  7   0.84 0.97 1.14 1.32 1.52 1.72 1.82 1.83 1.76 1.64 1.52 1.40 1.30 1.24 1.24 1.28 1.35 1.42 1.45 1.42 1.32 1.18 1.03 0.90
  8   0.83 0.84 0.93 1.08 1.27 1.46 1.63 1.74 1.78 1.72 1.58 1.41 1.25 1.12 1.07 1.08 1.15 1.25 1.38 1.48 1.48 1.38 1.23 1.05
  9   0.89 0.80 0.80 0.89 1.08 1.29 1.51 1.70 1.80 1.80 1.71 1.56 1.37 1.18 1.04 0.99 1.02 1.13 1.28 1.42 1.52 1.55 1.49 1.30
 10   1.08 0.90 0.79 0.78 0.87 1.05 1.29 1.52 1.72 1.82 1.83 1.73 1.52 1.22 0.98 0.87 0.87 1.00 1.23 1.47 1.64 1.70 1.65 1.49
 11   1.25 1.02 0.84 0.73 0.75 0.96 1.25 1.53 1.75 1.86 1.86 1.76 1.55 1.26 0.99 0.78 0.71 0.80 1.03 1.30 1.53 1.66 1.70 1.63
 12   1.43 1.20 0.97 0.80 0.75 0.84 1.08 1.39 1.63 1.78 1.84 1.80 1.63 1.35 0.97 0.70 0.60 0.63 0.83 1.11 1.39 1.66 1.78 1.76
 13   1.61 1.35 1.03 0.77 0.70 0.76 0.97 1.23 1.52 1.76 1.85 1.84 1.71 1.40 1.06 0.74 0.53 0.48 0.60 0.87 1.21 1.54 1.74 1.80
 14   1.73 1.48 1.20 0.95 0.76 0.71 0.82 1.07 1.35 1.63 1.82 1.87 1.77 1.53 1.17 0.83 0.59 0.47 0.48 0.67 1.01 1.39 1.66 1.81
 15   1.83 1.69 1.40 1.07 0.83 0.75 0.80 0.99 1.25 1.51 1.72 1.83 1.82 1.65 1.33 0.99 0.64 0.41 0.37 0.48 0.80 1.20 1.55 1.82
 16   1.95 1.87 1.60 1.25 0.99 0.84 0.81 0.93 1.15 1.41 1.67 1.82 1.81 1.63 1.36 1.05 0.73 0.48 0.36 0.41 0.65 0.99 1.34 1.65
 17   1.87 1.92 1.78 1.50 1.19 0.95 0.84 0.86 1.02 1.25 1.50 1.72 1.81 1.73 1.50 1.18 0.85 0.58 0.41 0.38 0.48 0.80 1.15 1.51
 18   1.79 1.94 1.92 1.74 1.47 1.21 1.05 1.02 1.08 1.25 1.48 1.68 1.78 1.78 1.66 1.40 1.05 0.75 0.55 0.48 0.50 0.65 0.94 1.30
 19   1.63 1.85 1.93 1.88 1.72 1.49 1.27 1.12 1.09 1.17 1.33 1.53 1.70 1.76 1.72 1.54 1.21 0.89 0.67 0.55 0.52 0.58 0.79 1.08
 20   1.42 1.69 1.87 1.95 1.89 1.72 1.52 1.36 1.26 1.23 1.29 1.45 1.63 1.72 1.73 1.63 1.43 1.23 1.02 0.83 0.69 0.63 0.68 0.85
 21   1.10 1.37 1.62 1.78 1.83 1.79 1.67 1.53 1.41 1.32 1.28 1.32 1.43 1.55 1.63 1.66 1.60 1.47 1.30 1.13 0.96 0.84 0.79 0.81
 22   0.96 1.19 1.43 1.65 1.81 1.87 1.87 1.78 1.62 1.45 1.33 1.29 1.30 1.36 1.45 1.54 1.60 1.59 1.48 1.32 1.15 0.98 0.84 0.77
 23   0.80 0.95 1.18 1.43 1.65 1.83 1.93 1.94 1.87 1.71 1.51 1.36 1.26 1.23 1.28 1.39 1.53 1.64 1.68 1.65 1.55 1.39 1.18 0.96
 24   0.85 0.87 1.02 1.25 1.52 1.80 2.02 2.14 2.12 1.98 1.76 1.54 1.34 1.20 1.13 1.19 1.35 1.55 1.74 1.89 1.95 1.88 1.64 1.33
 25   1.09 1.00 1.04 1.18 1.40 1.67 1.98 2.26 2.40 2.40 2.20 1.84 1.49 1.25 1.14 1.14 1.25 1.45 1.67 1.85 1.99 2.05 1.97 1.77
 26   1.47 1.16 0.97 0.96 1.13 1.40 1.70 2.00 2.23 2.33 2.28 2.05 1.68 1.30 0.95 0.74 0.74 0.95 1.30 1.65 1.95 2.17 2.27 2.18
 27   1.93 1.53 1.18 1.00 0.98 1.09 1.37 1.75 2.08 2.29 2.33 2.19 1.86 1.43 0.93 0.59 0.47 0.55 0.80 1.19 1.67 2.03 2.23 2.26
 28   2.10 1.80 1.43 1.09 0.91 0.90 1.02 1.41 1.79 2.07 2.22 2.21 1.97 1.58 1.10 0.58 0.29 0.25 0.40 0.73 1.23 1.69 2.05 2.26
 29   2.25 2.03 1.68 1.27 0.99 0.86 0.89 1.09 1.41 1.75 2.01 2.09 2.04 1.81 1.31 0.77 0.31 0.08 0.09 0.31 0.78 1.30 1.74 2.05
 30   2.21 2.16 1.91 1.58 1.24 0.99 0.88 0.92 1.14 1.45 1.74 1.90 1.93 1.85 1.61 1.07 0.51 0.21 0.11 0.18 0.45 0.89 1.36 1.79
 31   2.10 2.21 2.10 1.86 1.57 1.28 1.10 1.04 1.10 1.29 1.55 1.80 1.95 1.95 1.79 1.46 1.01 0.60 0.34 0.23 0.29 0.71 1.19 1.61
 ----------------------------------------------------------------------------------------------------------------------------
                                                                                               
 ----------------------------------------------------------------------------------------------------------------------------
 ----------------------------------------------------------------------------------------------------------------------------
                                                          SURVEY OF INDIA
                                                    MARINE GEODESY WING (G&RB)
                                                     HOURLY HEIGHTS IN METRES
  NAME OF PORT:- KARWAR                                                                             MONTH NOVEMBER  YEAR 2019
 ----------------------------------------------------------------------------------------------------------------------------
 DAYS 0000 0001 0002 0003 0004 0005 0006 0007 0008 0009 0010 0011 0012 0013 0014 0015 0016 0017 0018 0019 0020 0021 0022 0023
 ----------------------------------------------------------------------------------------------------------------------------
  1   1.97 2.23 2.30 2.20 1.99 1.75 1.55 1.41 1.34 1.35 1.44 1.64 1.88 2.02 2.01 1.84 1.44 0.98 0.71 0.60 0.62 0.79 1.11 1.50
  2   1.83 2.08 2.20 2.18 2.03 1.77 1.52 1.35 1.28 1.29 1.39 1.53 1.66 1.76 1.75 1.61 1.38 1.11 0.83 0.62 0.56 0.61 0.81 1.10
  3   1.40 1.66 1.85 1.93 1.92 1.82 1.65 1.47 1.32 1.24 1.24 1.29 1.41 1.49 1.51 1.48 1.39 1.24 1.05 0.87 0.74 0.68 0.72 0.91
  4   1.15 1.36 1.57 1.72 1.82 1.83 1.77 1.63 1.47 1.32 1.23 1.21 1.27 1.36 1.42 1.45 1.45 1.40 1.30 1.18 1.05 0.95 0.90 0.91
  5   1.02 1.21 1.42 1.61 1.76 1.84 1.85 1.80 1.69 1.54 1.38 1.26 1.21 1.21 1.26 1.34 1.41 1.45 1.43 1.37 1.26 1.13 1.01 0.93
  6   0.94 1.05 1.21 1.37 1.53 1.68 1.79 1.80 1.73 1.57 1.38 1.20 1.08 1.02 1.02 1.08 1.18 1.29 1.39 1.41 1.37 1.29 1.18 1.06
  7   0.97 0.95 1.02 1.15 1.31 1.48 1.64 1.76 1.77 1.68 1.50 1.29 1.06 0.89 0.83 0.86 0.97 1.12 1.28 1.39 1.42 1.40 1.31 1.17
  8   1.02 0.90 0.87 0.95 1.11 1.30 1.49 1.65 1.72 1.66 1.50 1.27 1.01 0.80 0.65 0.62 0.73 0.93 1.14 1.32 1.45 1.52 1.52 1.39
  9   1.14 0.93 0.85 0.87 0.98 1.17 1.40 1.60 1.74 1.76 1.67 1.48 1.20 0.92 0.70 0.60 0.65 0.83 1.11 1.38 1.61 1.75 1.76 1.67
 10   1.47 1.23 1.03 0.93 0.94 1.08 1.29 1.50 1.71 1.83 1.80 1.64 1.38 1.06 0.78 0.57 0.54 0.68 0.96 1.28 1.58 1.81 1.89 1.86
 11   1.68 1.43 1.17 0.98 0.93 0.99 1.16 1.39 1.60 1.77 1.82 1.71 1.43 1.05 0.68 0.48 0.47 0.61 0.89 1.23 1.61 1.90 2.06 2.08
 12   1.98 1.74 1.44 1.21 1.12 1.13 1.27 1.52 1.78 1.95 2.00 1.89 1.62 1.24 0.81 0.45 0.23 0.21 0.35 0.70 1.14 1.51 1.78 1.94
 13   1.98 1.82 1.54 1.24 1.02 0.94 1.01 1.21 1.47 1.69 1.79 1.77 1.63 1.33 0.93 0.47 0.22 0.14 0.22 0.58 1.40 1.82 1.94 1.95
 14   1.85 1.68 1.48 1.28 1.10 0.98 0.95 1.05 1.28 1.54 1.75 1.81 1.71 1.48 1.11 0.63 0.26 0.14 0.16 0.36 0.67 1.11 1.51 1.83
 15   2.02 2.10 2.05 1.85 1.55 1.20 1.05 1.04 1.18 1.38 1.56 1.71 1.75 1.64 1.30 0.88 0.48 0.24 0.16 0.23 0.48 0.89 1.32 1.72
 16   1.95 1.98 1.85 1.58 1.28 1.05 0.98 1.04 1.22 1.46 1.66 1.77 1.80 1.72 1.48 1.15 0.81 0.50 0.31 0.25 0.37 0.71 1.08 1.43
 17   1.77 2.01 2.12 2.03 1.80 1.51 1.25 1.12 1.11 1.19 1.37 1.60 1.76 1.77 1.65 1.41 1.11 0.81 0.51 0.38 0.39 0.57 0.86 1.20
 18   1.52 1.81 2.02 2.08 1.98 1.73 1.46 1.28 1.19 1.18 1.27 1.42 1.56 1.64 1.65 1.56 1.37 1.10 0.84 0.61 0.51 0.54 0.69 0.95
 19   1.26 1.55 1.80 1.99 2.03 1.93 1.73 1.52 1.34 1.24 1.22 1.27 1.38 1.52 1.59 1.59 1.52 1.38 1.18 0.98 0.78 0.66 0.65 0.79
 20   1.04 1.32 1.61 1.86 2.00 2.01 1.93 1.78 1.57 1.36 1.18 1.12 1.15 1.25 1.38 1.50 1.55 1.55 1.48 1.33 1.14 0.97 0.86 0.83
 21   0.93 1.12 1.37 1.62 1.85 2.03 2.06 1.99 1.80 1.56 1.33 1.14 1.05 1.05 1.14 1.28 1.45 1.60 1.67 1.65 1.52 1.34 1.15 0.99
 22   0.93 0.98 1.15 1.38 1.64 1.88 2.08 2.13 2.01 1.78 1.50 1.18 0.94 0.84 0.83 0.92 1.14 1.40 1.63 1.75 1.78 1.72 1.52 1.27
 23   1.05 0.98 1.02 1.17 1.41 1.69 1.94 2.10 2.10 1.95 1.66 1.30 0.95 0.68 0.57 0.61 0.79 1.09 1.40 1.71 1.89 1.94 1.87 1.66
 24   1.38 1.17 1.06 1.06 1.21 1.48 1.76 2.01 2.11 2.07 1.88 1.50 1.08 0.67 0.41 0.33 0.45 0.75 1.13 1.51 1.85 2.05 2.11 2.01
 25   1.75 1.44 1.17 1.01 1.02 1.20 1.52 1.81 2.00 2.07 2.01 1.76 1.36 0.88 0.42 0.20 0.18 0.32 0.70 1.21 1.61 1.95 2.16 2.16
 26   1.90 1.60 1.30 1.05 0.94 1.00 1.20 1.50 1.78 1.95 1.98 1.83 1.54 1.05 0.54 0.18 0.05 0.10 0.42 0.83 1.35 1.77 2.10 2.26
 27   2.18 1.93 1.58 1.27 1.03 0.98 1.08 1.30 1.60 1.85 1.94 1.90 1.70 1.35 0.87 0.35 0.10 0.04 0.18 0.50 0.97 1.45 1.84 2.15
 28   2.29 2.18 1.85 1.48 1.16 0.99 0.98 1.12 1.35 1.62 1.84 1.92 1.85 1.64 1.26 0.74 0.34 0.14 0.11 0.28 0.68 1.18 1.62 2.00
 29   2.23 2.26 2.09 1.80 1.48 1.23 1.08 1.07 1.20 1.40 1.61 1.78 1.81 1.68 1.42 1.05 0.66 0.35 0.22 0.25 0.48 0.88 1.32 1.70
 30   2.05 2.20 2.19 2.02 1.74 1.45 1.23 1.13 1.15 1.28 1.48 1.68 1.76 1.74 1.60 1.34 0.99 0.64 0.45 0.40 0.48 0.72 1.08 1.45
 ----------------------------------------------------------------------------------------------------------------------------
                                                                                               
 ----------------------------------------------------------------------------------------------------------------------------
 ----------------------------------------------------------------------------------------------------------------------------
                                                          SURVEY OF INDIA
                                                    MARINE GEODESY WING (G&RB)
                                                     HOURLY HEIGHTS IN METRES
  NAME OF PORT:- KARWAR                                                                             MONTH DECEMBER  YEAR 2019
 ----------------------------------------------------------------------------------------------------------------------------
 DAYS 0000 0001 0002 0003 0004 0005 0006 0007 0008 0009 0010 0011 0012 0013 0014 0015 0016 0017 0018 0019 0020 0021 0022 0023
 ----------------------------------------------------------------------------------------------------------------------------
  1   1.80 2.06 2.16 2.09 1.92 1.67 1.43 1.25 1.18 1.19 1.30 1.45 1.60 1.67 1.62 1.45 1.18 0.91 0.65 0.50 0.50 0.65 0.90 1.20
  2   1.50 1.77 1.95 2.00 1.92 1.73 1.50 1.32 1.19 1.14 1.17 1.27 1.41 1.50 1.51 1.44 1.29 1.11 0.91 0.74 0.62 0.64 0.80 1.05
  3   1.32 1.59 1.82 1.94 1.94 1.85 1.68 1.48 1.30 1.18 1.13 1.14 1.22 1.34 1.44 1.47 1.42 1.31 1.17 1.02 0.90 0.82 0.83 0.97
  4   1.18 1.40 1.61 1.79 1.89 1.87 1.75 1.58 1.40 1.24 1.10 1.02 1.02 1.09 1.17 1.25 1.32 1.33 1.27 1.17 1.07 0.97 0.90 0.92
  5   1.04 1.20 1.37 1.54 1.67 1.75 1.74 1.62 1.45 1.28 1.10 0.97 0.91 0.90 0.95 1.04 1.14 1.24 1.30 1.29 1.22 1.12 1.03 1.00
  6   1.03 1.13 1.28 1.43 1.58 1.70 1.74 1.67 1.53 1.36 1.18 1.00 0.84 0.77 0.78 0.86 1.03 1.19 1.32 1.38 1.38 1.34 1.25 1.15
  7   1.07 1.07 1.15 1.28 1.45 1.61 1.72 1.75 1.67 1.51 1.29 1.05 0.85 0.70 0.64 0.69 0.84 1.07 1.30 1.47 1.55 1.54 1.47 1.34
  8   1.20 1.11 1.10 1.18 1.33 1.50 1.66 1.74 1.73 1.62 1.38 1.12 0.85 0.62 0.52 0.55 0.69 0.91 1.15 1.39 1.58 1.67 1.67 1.55
  9   1.39 1.24 1.16 1.15 1.23 1.39 1.56 1.69 1.74 1.69 1.55 1.29 0.98 0.67 0.43 0.38 0.49 0.72 1.02 1.32 1.61 1.79 1.87 1.80
 10   1.60 1.37 1.20 1.15 1.18 1.30 1.47 1.63 1.74 1.75 1.65 1.44 1.13 0.77 0.41 0.28 0.31 0.47 0.77 1.14 1.53 1.82 1.96 1.99
 11   1.87 1.64 1.38 1.21 1.15 1.20 1.34 1.52 1.70 1.80 1.78 1.61 1.33 0.97 0.55 0.27 0.21 0.29 0.68 1.62 1.94 2.05 2.05 1.95
 12   1.78 1.58 1.37 1.18 1.10 1.11 1.22 1.40 1.59 1.74 1.78 1.71 1.47 1.11 0.69 0.30 0.10 0.10 0.27 0.60 1.05 1.47 1.83 2.05
 13   2.10 1.99 1.73 1.44 1.17 1.05 1.08 1.23 1.43 1.64 1.77 1.77 1.61 1.33 0.90 0.42 0.13 0.02 0.07 0.37 0.77 1.17 1.60 1.94
 14   2.14 2.12 1.91 1.62 1.29 1.05 0.98 1.06 1.26 1.50 1.67 1.74 1.69 1.50 1.12 0.71 0.30 0.05-0.01 0.15 0.47 0.87 1.34 1.75
 15   2.05 2.14 2.04 1.80 1.47 1.15 1.00 0.97 1.07 1.27 1.50 1.67 1.73 1.62 1.38 1.02 0.64 0.32 0.11 0.10 0.30 0.67 1.10 1.49
 16   1.84 2.10 2.16 2.02 1.70 1.38 1.14 1.02 1.00 1.14 1.36 1.56 1.68 1.70 1.58 1.34 1.02 0.65 0.37 0.22 0.26 0.49 0.85 1.23
 17   1.60 1.90 2.10 2.10 1.92 1.64 1.35 1.09 0.96 0.97 1.09 1.28 1.49 1.58 1.58 1.48 1.25 0.95 0.67 0.45 0.36 0.43 0.63 0.96
 18   1.33 1.65 1.90 2.03 2.02 1.81 1.52 1.24 1.01 0.87 0.86 0.97 1.15 1.33 1.45 1.48 1.45 1.32 1.08 0.82 0.64 0.57 0.63 0.82
 19   1.10 1.41 1.70 1.92 2.00 1.97 1.73 1.45 1.16 0.92 0.80 0.81 0.93 1.09 1.26 1.42 1.52 1.50 1.38 1.21 1.02 0.87 0.80 0.83
 20   0.97 1.22 1.52 1.82 2.00 2.02 1.93 1.71 1.42 1.11 0.85 0.72 0.70 0.79 0.95 1.14 1.34 1.50 1.57 1.53 1.40 1.20 1.02 0.95
 21   0.97 1.10 1.30 1.54 1.77 1.93 1.95 1.83 1.62 1.32 1.00 0.71 0.56 0.54 0.63 0.84 1.11 1.37 1.58 1.72 1.71 1.60 1.43 1.26
 22   1.17 1.16 1.23 1.40 1.60 1.81 1.96 2.00 1.90 1.64 1.29 0.94 0.65 0.47 0.41 0.53 0.80 1.12 1.43 1.73 1.90 1.93 1.84 1.66
 23   1.45 1.30 1.25 1.27 1.38 1.58 1.78 1.92 1.92 1.78 1.50 1.15 0.77 0.43 0.24 0.25 0.44 0.74 1.09 1.45 1.79 2.00 2.04 1.94
 24   1.71 1.42 1.22 1.17 1.22 1.36 1.55 1.74 1.86 1.85 1.69 1.35 0.97 0.57 0.24 0.12 0.16 0.40 0.74 1.17 1.54 1.87 2.09 2.14
 25   2.00 1.72 1.41 1.20 1.14 1.20 1.35 1.56 1.77 1.86 1.80 1.60 1.30 0.87 0.42 0.17 0.07 0.19 0.47 0.87 1.34 1.75 2.07 2.18
 26   2.15 1.99 1.71 1.35 1.18 1.14 1.21 1.37 1.58 1.78 1.87 1.80 1.56 1.19 0.75 0.35 0.12 0.07 0.20 0.57 1.07 1.51 1.85 2.11
 27   2.22 2.14 1.90 1.55 1.20 0.99 0.98 1.14 1.38 1.60 1.74 1.78 1.70 1.45 1.00 0.60 0.31 0.12 0.10 0.34 0.77 1.24 1.67 1.96
 28   2.12 2.15 1.99 1.67 1.33 1.07 0.97 1.02 1.18 1.40 1.60 1.72 1.70 1.54 1.24 0.87 0.47 0.23 0.16 0.29 1.02 1.50 1.80 2.00
 29   2.10 2.11 1.98 1.72 1.42 1.18 1.03 0.98 1.02 1.20 1.42 1.62 1.68 1.62 1.42 1.12 0.75 0.38 0.20 0.20 0.41 0.76 1.18 1.54
 30   1.85 2.02 2.04 1.90 1.67 1.38 1.10 0.95 0.95 1.05 1.23 1.45 1.60 1.60 1.48 1.28 1.04 0.76 0.50 0.39 0.42 0.62 0.97 1.34
 31   1.67 1.92 2.03 1.99 1.78 1.54 1.29 1.05 0.92 0.91 1.04 1.22 1.39 1.47 1.46 1.34 1.15 0.92 0.70 0.53 0.51 0.61 0.83 1.17
 ----------------------------------------------------------------------------------------------------------------------------
                                                                                               
 ----------------------------------------------------------------------------------------------------------------------------
 ----------------------------------------------------------------------------------------------------------------------------
