                                                          SURVEY OF INDIA
                                                    MARINE GEODESY WING (G&RB)
                                                     HOURLY HEIGHTS IN METRES
  NAME OF PORT:- MARMAGAO                                                                           MONTH JANUARY   YEAR 2016
 ----------------------------------------------------------------------------------------------------------------------------
 DAYS 0000 0001 0002 0003 0004 0005 0006 0007 0008 0009 0010 0011 0012 0013 0014 0015 0016 0017 0018 0019 0020 0021 0022 0023
 ----------------------------------------------------------------------------------------------------------------------------
  1   1.63 1.89 2.08 2.19 2.17 2.00 1.71 1.41 1.23 1.09 1.03 1.09 1.25 1.44 1.57 1.64 1.65 1.58 1.45 1.32 1.21 1.15 1.16 1.30
  2   1.55 1.76 1.99 2.10 2.12 2.04 1.85 1.62 1.38 1.18 1.07 1.04 1.08 1.20 1.38 1.54 1.65 1.69 1.65 1.55 1.44 1.36 1.32 1.35
  3   1.47 1.63 1.82 1.97 2.04 2.03 1.89 1.72 1.51 1.27 1.09 0.96 0.95 1.05 1.19 1.32 1.47 1.61 1.68 1.68 1.64 1.57 1.50 1.46
  4   1.48 1.60 1.73 1.85 1.95 1.99 1.96 1.87 1.70 1.48 1.25 1.08 0.95 0.94 1.02 1.16 1.35 1.55 1.72 1.82 1.85 1.83 1.77 1.67
  5   1.59 1.61 1.70 1.81 1.92 1.99 2.02 1.99 1.88 1.66 1.43 1.20 1.00 0.89 0.90 0.99 1.20 1.41 1.66 1.86 1.96 1.99 1.96 1.86
  6   1.71 1.62 1.60 1.64 1.73 1.85 1.95 1.97 1.93 1.81 1.58 1.32 1.04 0.84 0.72 0.75 0.92 1.18 1.48 1.75 1.95 2.07 2.11 2.03
  7   1.84 1.66 1.54 1.52 1.57 1.70 1.83 1.93 1.97 1.91 1.71 1.47 1.14 0.83 0.62 0.54 0.63 0.87 1.19 1.49 1.81 2.06 2.16 2.12
  8   1.98 1.76 1.57 1.44 1.42 1.50 1.64 1.80 1.93 1.97 1.87 1.67 1.34 0.98 0.68 0.48 0.42 0.57 0.89 1.28 1.69 2.00 2.21 2.29
  9   2.19 1.96 1.71 1.48 1.33 1.32 1.47 1.67 1.86 2.02 2.03 1.84 1.56 1.22 0.80 0.46 0.34 0.40 0.67 1.08 1.49 1.90 2.22 2.33
 10   2.30 2.11 1.79 1.47 1.29 1.23 1.31 1.51 1.74 1.93 2.03 1.99 1.79 1.43 1.02 0.58 0.33 0.30 0.42 0.76 1.24 1.70 2.05 2.30
 11   2.40 2.27 2.00 1.64 1.32 1.14 1.11 1.26 1.52 1.76 1.98 2.10 2.01 1.74 1.35 0.88 0.50 0.30 0.29 0.52 0.93 1.43 1.87 2.20
 12   2.45 2.42 2.23 1.86 1.48 1.21 1.03 1.06 1.23 1.52 1.77 1.99 2.08 1.96 1.69 1.26 0.76 0.45 0.33 0.38 0.65 1.15 1.60 2.01
 13   2.48 2.53 2.40 2.12 1.73 1.34 1.07 0.98 1.02 1.27 1.58 1.83 2.07 2.11 1.93 1.64 1.21 0.80 0.57 0.53 0.63 1.00 1.47 1.83
 14   2.23 2.52 2.58 2.39 2.04 1.58 1.24 1.00 0.95 1.09 1.34 1.59 1.88 2.06 2.03 1.87 1.61 1.21 0.86 0.72 0.71 0.87 1.27 1.71
 15   2.09 2.37 2.57 2.54 2.29 1.90 1.47 1.13 0.94 0.93 1.06 1.33 1.58 1.84 2.01 1.98 1.84 1.61 1.29 1.05 0.93 0.97 1.15 1.51
 16   1.85 2.16 2.43 2.50 2.41 2.14 1.75 1.34 1.06 0.88 0.84 0.98 1.22 1.49 1.72 1.87 1.92 1.85 1.66 1.40 1.22 1.15 1.17 1.30
 17   1.62 1.92 2.15 2.34 2.37 2.23 1.97 1.65 1.21 0.94 0.77 0.74 0.89 1.13 1.34 1.56 1.75 1.87 1.87 1.75 1.55 1.38 1.29 1.29
 18   1.42 1.68 1.90 2.06 2.18 2.19 2.08 1.81 1.51 1.17 0.87 0.66 0.63 0.77 0.97 1.21 1.48 1.69 1.85 1.92 1.89 1.72 1.56 1.45
 19   1.44 1.52 1.70 1.87 2.02 2.12 2.13 2.04 1.82 1.51 1.18 0.86 0.64 0.61 0.68 0.85 1.16 1.46 1.71 1.91 2.01 1.99 1.88 1.68
 20   1.53 1.47 1.52 1.65 1.79 1.93 2.05 2.09 2.00 1.82 1.50 1.09 0.83 0.60 0.51 0.59 0.85 1.17 1.50 1.85 2.05 2.15 2.12 1.95
 21   1.71 1.53 1.42 1.41 1.47 1.64 1.81 1.96 2.01 1.91 1.67 1.36 0.98 0.65 0.39 0.32 0.46 0.77 1.16 1.54 1.90 2.18 2.26 2.20
 22   2.00 1.71 1.47 1.34 1.31 1.38 1.60 1.79 1.93 1.98 1.92 1.72 1.39 0.96 0.62 0.39 0.35 0.52 0.86 1.30 1.74 2.09 2.35 2.38
 23   2.26 2.01 1.73 1.43 1.25 1.25 1.38 1.60 1.85 2.01 2.07 2.00 1.74 1.37 0.94 0.58 0.41 0.40 0.63 1.04 1.53 1.90 2.25 2.42
 24   2.41 2.22 1.91 1.58 1.28 1.17 1.19 1.38 1.64 1.87 2.04 2.07 1.95 1.68 1.23 0.84 0.50 0.39 0.48 0.78 1.22 1.67 2.06 2.38
 25   2.50 2.39 2.14 1.78 1.40 1.18 1.09 1.17 1.45 1.74 1.96 2.09 2.09 1.90 1.58 1.12 0.74 0.50 0.42 0.58 1.00 1.46 1.87 2.19
 26   2.43 2.41 2.21 1.87 1.48 1.18 1.03 1.06 1.25 1.53 1.78 2.00 2.07 1.96 1.72 1.35 0.94 0.64 0.52 0.58 0.83 1.25 1.69 2.03
 27   2.31 2.43 2.30 2.02 1.64 1.27 1.04 0.97 1.03 1.26 1.57 1.82 1.95 1.96 1.84 1.58 1.21 0.87 0.70 0.65 0.74 1.11 1.53 1.88
 28   2.15 2.33 2.31 2.11 1.78 1.40 1.10 0.93 0.90 1.05 1.31 1.57 1.79 1.89 1.83 1.66 1.44 1.14 0.85 0.74 0.79 0.98 1.35 1.69
 29   1.97 2.17 2.25 2.16 1.89 1.56 1.24 1.02 0.91 0.92 1.09 1.38 1.62 1.77 1.81 1.76 1.59 1.36 1.16 0.97 0.93 1.04 1.30 1.61
 30   1.88 2.09 2.21 2.19 2.00 1.73 1.40 1.14 0.97 0.91 0.96 1.17 1.40 1.59 1.71 1.74 1.68 1.54 1.33 1.16 1.09 1.11 1.22 1.45
 31   1.72 1.95 2.09 2.14 2.05 1.83 1.58 1.28 1.07 0.94 0.91 1.00 1.22 1.42 1.59 1.71 1.74 1.67 1.55 1.41 1.30 1.26 1.28 1.41
 ----------------------------------------------------------------------------------------------------------------------------
                                                                                               
 ----------------------------------------------------------------------------------------------------------------------------
 ----------------------------------------------------------------------------------------------------------------------------
                                                          SURVEY OF INDIA
                                                    MARINE GEODESY WING (G&RB)
                                                     HOURLY HEIGHTS IN METRES
  NAME OF PORT:- MARMAGAO                                                                           MONTH FEBRUARY  YEAR 2016
 ----------------------------------------------------------------------------------------------------------------------------
 DAYS 0000 0001 0002 0003 0004 0005 0006 0007 0008 0009 0010 0011 0012 0013 0014 0015 0016 0017 0018 0019 0020 0021 0022 0023
 ----------------------------------------------------------------------------------------------------------------------------
  1   1.67 1.86 1.99 2.08 2.10 2.00 1.74 1.49 1.23 1.05 0.94 0.93 1.02 1.19 1.35 1.50 1.63 1.68 1.67 1.59 1.49 1.43 1.42 1.46
  2   1.55 1.73 1.87 1.96 1.99 1.95 1.82 1.65 1.43 1.17 1.02 0.95 0.95 1.04 1.22 1.38 1.56 1.72 1.78 1.79 1.76 1.71 1.66 1.60
  3   1.61 1.68 1.81 1.90 1.95 1.97 1.94 1.81 1.62 1.44 1.21 1.02 0.90 0.88 0.98 1.13 1.33 1.54 1.72 1.83 1.90 1.90 1.80 1.68
  4   1.60 1.58 1.62 1.69 1.76 1.84 1.88 1.88 1.80 1.60 1.36 1.14 0.95 0.82 0.81 0.94 1.13 1.34 1.58 1.78 1.94 2.00 1.98 1.87
  5   1.71 1.60 1.54 1.54 1.62 1.72 1.82 1.88 1.87 1.75 1.56 1.30 1.06 0.82 0.68 0.70 0.84 1.08 1.42 1.73 1.98 2.12 2.08 1.83
  6   1.62 1.50 1.42 1.40 1.46 1.62 1.81 2.01 2.08 1.96 1.70 1.42 1.14 0.88 0.66 0.55 0.61 0.84 1.17 1.48 1.79 2.06 2.15 2.08
  7   1.88 1.68 1.49 1.33 1.28 1.40 1.61 1.81 2.00 2.03 1.84 1.54 1.24 0.92 0.66 0.47 0.48 0.62 0.84 1.19 1.52 1.87 2.17 2.23
  8   2.06 1.85 1.65 1.44 1.28 1.21 1.33 1.60 1.87 2.04 2.08 2.00 1.80 1.44 1.00 0.59 0.34 0.32 0.58 0.99 1.44 1.90 2.22 2.43
  9   2.40 2.21 1.84 1.44 1.12 0.97 0.99 1.22 1.54 1.84 2.06 2.12 2.05 1.82 1.36 0.84 0.48 0.30 0.38 0.72 1.18 1.67 2.08 2.37
 10   2.52 2.45 2.08 1.65 1.21 0.92 0.82 0.92 1.22 1.58 1.89 2.10 2.18 2.04 1.74 1.25 0.75 0.54 0.48 0.62 0.98 1.50 1.97 2.32
 11   2.50 2.55 2.36 1.99 1.51 1.05 0.78 0.75 0.91 1.23 1.62 1.95 2.16 2.16 1.98 1.62 1.14 0.74 0.52 0.49 0.71 1.17 1.68 2.05
 12   2.39 2.56 2.46 2.14 1.70 1.19 0.77 0.58 0.62 0.85 1.18 1.59 1.92 2.08 2.06 1.90 1.55 1.08 0.78 0.65 0.67 0.96 1.41 1.80
 13   2.14 2.40 2.44 2.26 1.93 1.48 0.94 0.63 0.53 0.56 0.83 1.18 1.51 1.84 2.00 2.02 1.86 1.58 1.22 0.95 0.84 0.88 1.13 1.52
 14   1.87 2.14 2.30 2.32 2.12 1.77 1.31 0.91 0.64 0.50 0.58 0.85 1.17 1.47 1.73 1.94 1.99 1.86 1.61 1.35 1.08 0.91 0.99 1.32
 15   1.65 1.89 2.08 2.20 2.15 1.94 1.62 1.26 0.90 0.66 0.57 0.63 0.84 1.15 1.41 1.66 1.86 1.95 1.89 1.67 1.42 1.19 1.06 1.14
 16   1.46 1.72 1.92 2.07 2.10 2.02 1.82 1.55 1.23 0.94 0.70 0.58 0.63 0.83 1.05 1.30 1.57 1.81 1.96 1.98 1.84 1.68 1.53 1.42
 17   1.38 1.46 1.62 1.76 1.90 1.95 1.89 1.76 1.55 1.24 0.97 0.76 0.61 0.63 0.79 1.01 1.24 1.52 1.78 1.92 1.97 1.90 1.75 1.61
 18   1.47 1.38 1.38 1.48 1.62 1.72 1.80 1.82 1.77 1.62 1.33 1.03 0.78 0.62 0.59 0.71 0.95 1.23 1.58 1.86 2.02 2.08 2.02 1.84
 19   1.62 1.46 1.34 1.32 1.44 1.58 1.74 1.86 1.90 1.84 1.68 1.38 1.04 0.77 0.62 0.60 0.76 1.03 1.34 1.68 1.94 2.14 2.16 2.07
 20   1.89 1.58 1.34 1.22 1.24 1.34 1.53 1.71 1.86 1.92 1.87 1.72 1.40 1.03 0.73 0.56 0.56 0.76 1.09 1.46 1.80 2.10 2.26 2.24
 21   2.07 1.82 1.46 1.23 1.15 1.16 1.32 1.56 1.79 1.95 1.99 1.91 1.69 1.32 0.92 0.67 0.53 0.57 0.87 1.25 1.64 1.98 2.27 2.34
 22   2.25 2.04 1.69 1.32 1.09 1.03 1.12 1.40 1.66 1.87 2.02 2.06 1.93 1.65 1.28 0.90 0.65 0.58 0.76 1.11 1.48 1.88 2.20 2.38
 23   2.37 2.18 1.87 1.48 1.16 0.96 0.96 1.22 1.54 1.82 2.04 2.16 2.17 2.02 1.68 1.33 1.04 0.80 0.76 0.99 1.36 1.76 2.10 2.31
 24   2.40 2.31 2.07 1.65 1.31 1.01 0.90 1.04 1.34 1.64 1.93 2.12 2.16 2.06 1.82 1.48 1.08 0.83 0.77 0.89 1.17 1.59 1.99 2.27
 25   2.41 2.40 2.16 1.82 1.44 1.09 0.93 0.93 1.11 1.44 1.76 2.04 2.15 2.13 1.97 1.66 1.30 1.00 0.86 0.86 1.03 1.44 1.84 2.12
 26   2.32 2.36 2.21 1.90 1.53 1.16 0.88 0.84 0.96 1.20 1.54 1.84 2.07 2.13 2.04 1.84 1.54 1.24 1.03 0.97 1.05 1.30 1.70 1.99
 27   2.22 2.33 2.27 2.02 1.68 1.30 1.01 0.86 0.86 0.99 1.28 1.61 1.86 2.02 2.04 1.94 1.70 1.40 1.17 1.06 1.06 1.22 1.53 1.82
 28   2.05 2.19 2.18 2.02 1.77 1.45 1.11 0.85 0.78 0.86 1.06 1.33 1.61 1.83 1.93 1.90 1.78 1.56 1.33 1.16 1.10 1.18 1.39 1.64
 29   1.90 2.06 2.13 2.06 1.87 1.57 1.23 0.97 0.83 0.81 0.88 1.12 1.43 1.65 1.80 1.88 1.86 1.73 1.56 1.42 1.30 1.29 1.42 1.59
 ----------------------------------------------------------------------------------------------------------------------------
                                                                                              
 ----------------------------------------------------------------------------------------------------------------------------
 ----------------------------------------------------------------------------------------------------------------------------
                                                          SURVEY OF INDIA
                                                    MARINE GEODESY WING (G&RB)
                                                     HOURLY HEIGHTS IN METRES
  NAME OF PORT:- MARMAGAO                                                                           MONTH MARCH     YEAR 2016
 ----------------------------------------------------------------------------------------------------------------------------
 DAYS 0000 0001 0002 0003 0004 0005 0006 0007 0008 0009 0010 0011 0012 0013 0014 0015 0016 0017 0018 0019 0020 0021 0022 0023
 ----------------------------------------------------------------------------------------------------------------------------
  1   1.78 1.96 2.06 2.05 1.96 1.75 1.49 1.22 1.02 0.91 0.93 1.05 1.28 1.49 1.66 1.80 1.87 1.88 1.79 1.66 1.53 1.45 1.45 1.56
  2   1.71 1.88 1.98 2.02 1.97 1.84 1.64 1.41 1.21 1.03 0.94 0.96 1.08 1.24 1.43 1.59 1.75 1.85 1.88 1.82 1.70 1.61 1.56 1.55
  3   1.59 1.69 1.79 1.86 1.90 1.88 1.75 1.59 1.39 1.18 1.00 0.91 0.90 1.02 1.20 1.36 1.52 1.68 1.82 1.88 1.86 1.78 1.68 1.58
  4   1.53 1.56 1.62 1.68 1.76 1.81 1.80 1.72 1.60 1.42 1.18 0.97 0.84 0.83 0.95 1.15 1.35 1.59 1.78 1.95 2.03 2.02 1.94 1.80
  5   1.62 1.54 1.54 1.58 1.67 1.77 1.87 1.90 1.87 1.73 1.52 1.26 1.04 0.89 0.86 0.93 1.16 1.46 1.74 1.99 2.16 2.23 2.18 2.04
  6   1.80 1.58 1.45 1.40 1.47 1.62 1.79 1.92 1.98 1.97 1.83 1.54 1.26 0.99 0.77 0.74 0.89 1.16 1.50 1.81 2.09 2.33 2.37 2.25
  7   2.03 1.71 1.42 1.27 1.26 1.38 1.61 1.85 2.07 2.17 2.12 1.95 1.63 1.24 0.93 0.77 0.74 0.91 1.26 1.65 2.01 2.32 2.51 2.48
  8   2.30 1.95 1.53 1.20 1.06 1.09 1.29 1.57 1.90 2.14 2.26 2.22 1.98 1.54 1.11 0.72 0.55 0.67 1.03 1.41 1.81 2.19 2.44 2.55
  9   2.45 2.18 1.75 1.31 0.95 0.86 0.96 1.29 1.65 1.98 2.25 2.38 2.27 1.95 1.49 1.04 0.70 0.62 0.81 1.20 1.59 1.95 2.33 2.58
 10   2.62 2.39 2.00 1.53 1.01 0.74 0.71 0.89 1.27 1.70 2.07 2.36 2.45 2.28 1.92 1.44 1.00 0.73 0.70 1.00 1.38 1.78 2.20 2.58
 11   2.71 2.57 2.22 1.79 1.23 0.80 0.53 0.56 0.90 1.34 1.74 2.14 2.39 2.40 2.21 1.86 1.39 1.00 0.76 0.76 1.03 1.51 1.96 2.30
 12   2.57 2.58 2.42 2.03 1.49 0.88 0.52 0.43 0.51 0.88 1.30 1.76 2.10 2.34 2.36 2.10 1.74 1.38 1.04 0.86 0.87 1.21 1.60 1.98
 13   2.27 2.40 2.37 2.16 1.79 1.24 0.73 0.47 0.40 0.57 0.94 1.35 1.75 2.09 2.24 2.23 2.02 1.72 1.39 1.12 0.99 1.11 1.42 1.75
 14   2.00 2.22 2.33 2.24 1.98 1.60 1.07 0.68 0.48 0.44 0.62 0.94 1.30 1.63 1.92 2.05 2.06 1.94 1.68 1.38 1.18 1.10 1.18 1.42
 15   1.68 1.89 2.03 2.08 1.98 1.76 1.40 0.97 0.70 0.53 0.50 0.64 0.96 1.27 1.53 1.75 1.94 1.98 1.86 1.64 1.40 1.21 1.16 1.28
 16   1.49 1.67 1.82 1.92 1.93 1.85 1.67 1.38 1.08 0.86 0.70 0.66 0.80 1.04 1.27 1.48 1.66 1.82 1.86 1.79 1.67 1.53 1.40 1.33
 17   1.36 1.47 1.60 1.69 1.76 1.79 1.76 1.64 1.44 1.19 0.98 0.80 0.74 0.83 1.08 1.31 1.53 1.73 1.85 1.87 1.80 1.66 1.52 1.41
 18   1.34 1.32 1.37 1.44 1.54 1.66 1.74 1.74 1.62 1.37 1.13 0.91 0.75 0.74 0.93 1.17 1.40 1.63 1.82 1.95 1.96 1.84 1.68 1.51
 19   1.34 1.24 1.20 1.24 1.32 1.44 1.58 1.69 1.70 1.58 1.39 1.15 0.92 0.74 0.78 0.98 1.22 1.48 1.70 1.89 2.02 2.00 1.87 1.68
 20   1.46 1.26 1.11 1.06 1.10 1.27 1.45 1.62 1.75 1.74 1.58 1.31 1.07 0.83 0.72 0.81 1.06 1.31 1.56 1.79 2.00 2.11 2.06 1.87
 21   1.63 1.42 1.21 1.03 0.97 1.09 1.32 1.54 1.77 1.92 1.95 1.85 1.63 1.31 0.96 0.75 0.68 0.79 1.11 1.48 1.81 2.07 2.22 2.17
 22   1.98 1.67 1.31 1.02 0.87 0.87 1.07 1.34 1.62 1.86 1.99 2.00 1.88 1.64 1.26 0.96 0.80 0.80 0.96 1.31 1.66 1.96 2.19 2.26
 23   2.10 1.83 1.48 1.12 0.85 0.76 0.86 1.12 1.44 1.74 1.96 2.08 2.04 1.82 1.50 1.08 0.85 0.78 0.85 1.09 1.46 1.78 2.04 2.19
 24   2.13 1.91 1.56 1.14 0.84 0.65 0.67 0.89 1.24 1.58 1.84 2.00 2.04 1.93 1.65 1.26 0.98 0.82 0.80 0.98 1.30 1.64 1.94 2.16
 25   2.20 2.04 1.72 1.33 0.98 0.68 0.64 0.76 1.05 1.42 1.76 2.01 2.15 2.09 1.89 1.57 1.20 0.96 0.86 0.90 1.16 1.50 1.82 2.11
 26   2.23 2.14 1.87 1.52 1.10 0.76 0.63 0.66 0.83 1.22 1.54 1.83 2.06 2.11 2.03 1.79 1.43 1.14 1.01 1.02 1.17 1.47 1.75 2.01
 27   2.17 2.16 1.96 1.68 1.29 0.93 0.68 0.62 0.77 1.07 1.39 1.69 1.94 2.08 2.07 1.93 1.68 1.41 1.18 1.08 1.13 1.32 1.61 1.85
 28   2.05 2.13 2.03 1.77 1.42 1.09 0.81 0.67 0.73 0.92 1.21 1.52 1.80 2.01 2.09 2.05 1.89 1.60 1.35 1.23 1.22 1.30 1.50 1.77
 29   1.94 2.04 2.01 1.89 1.62 1.25 0.95 0.75 0.69 0.78 1.00 1.32 1.57 1.78 1.97 2.01 1.90 1.72 1.52 1.32 1.24 1.28 1.40 1.59
 30   1.76 1.87 1.91 1.86 1.71 1.42 1.10 0.78 0.70 0.71 0.81 1.08 1.38 1.60 1.78 1.91 1.93 1.83 1.67 1.52 1.40 1.35 1.36 1.47
 31   1.63 1.75 1.82 1.82 1.75 1.56 1.33 1.09 0.91 0.78 0.76 0.85 1.16 1.40 1.61 1.78 1.88 1.87 1.78 1.66 1.54 1.45 1.38 1.39
 ----------------------------------------------------------------------------------------------------------------------------
                                                                                               
 ----------------------------------------------------------------------------------------------------------------------------
 ----------------------------------------------------------------------------------------------------------------------------
                                                          SURVEY OF INDIA
                                                    MARINE GEODESY WING (G&RB)
                                                     HOURLY HEIGHTS IN METRES
  NAME OF PORT:- MARMAGAO                                                                           MONTH APRIL     YEAR 2016
 ----------------------------------------------------------------------------------------------------------------------------
 DAYS 0000 0001 0002 0003 0004 0005 0006 0007 0008 0009 0010 0011 0012 0013 0014 0015 0016 0017 0018 0019 0020 0021 0022 0023
 ----------------------------------------------------------------------------------------------------------------------------
  1   1.47 1.57 1.67 1.73 1.73 1.67 1.50 1.30 1.11 0.94 0.83 0.82 0.95 1.15 1.39 1.58 1.76 1.86 1.86 1.77 1.64 1.52 1.40 1.35
  2   1.38 1.46 1.54 1.61 1.67 1.71 1.69 1.60 1.43 1.24 1.07 0.92 0.91 0.99 1.14 1.31 1.55 1.78 1.96 2.02 2.00 1.92 1.76 1.60
  3   1.44 1.37 1.37 1.44 1.54 1.68 1.78 1.82 1.75 1.58 1.36 1.13 0.98 0.93 0.98 1.12 1.32 1.56 1.85 2.03 2.10 2.06 1.94 1.78
  4   1.58 1.40 1.25 1.17 1.20 1.32 1.53 1.76 1.87 1.82 1.68 1.47 1.22 1.02 0.92 0.94 1.16 1.43 1.77 2.10 2.32 2.39 2.28 2.06
  5   1.73 1.41 1.14 1.05 1.11 1.28 1.58 1.90 2.09 2.18 2.15 1.95 1.58 1.25 0.99 0.88 0.95 1.23 1.58 1.93 2.25 2.45 2.47 2.31
  6   2.00 1.57 1.17 0.88 0.82 0.92 1.22 1.61 1.98 2.21 2.32 2.25 2.01 1.58 1.17 0.90 0.82 0.90 1.25 1.66 2.00 2.36 2.53 2.47
  7   2.22 1.78 1.29 0.88 0.56 0.56 0.78 1.17 1.64 2.01 2.31 2.40 2.28 2.02 1.73 1.34 0.91 0.69 0.82 1.33 1.83 2.22 2.48 2.52
  8   2.37 2.04 1.49 0.92 0.55 0.34 0.43 0.84 1.28 1.75 2.18 2.49 2.52 2.35 2.02 1.59 1.20 0.89 0.79 1.03 1.55 2.01 2.35 2.58
  9   2.54 2.27 1.88 1.26 0.63 0.34 0.27 0.40 0.88 1.38 1.84 2.28 2.52 2.53 2.35 1.91 1.41 1.09 0.96 0.99 1.31 1.71 2.03 2.37
 10   2.52 2.40 2.07 1.62 0.99 0.45 0.24 0.22 0.43 0.90 1.44 1.89 2.24 2.47 2.44 2.12 1.68 1.27 1.00 0.94 1.15 1.50 1.79 2.08
 11   2.37 2.46 2.30 1.94 1.41 0.89 0.53 0.33 0.39 0.66 1.17 1.56 1.98 2.32 2.51 2.44 2.21 1.83 1.44 1.24 1.20 1.31 1.56 1.86
 12   2.10 2.25 2.25 2.12 1.77 1.26 0.88 0.59 0.46 0.58 0.87 1.26 1.60 1.94 2.27 2.39 2.32 2.10 1.75 1.49 1.30 1.24 1.37 1.62
 13   1.83 2.02 2.12 2.08 1.92 1.66 1.30 0.97 0.76 0.66 0.73 0.98 1.32 1.62 1.93 2.11 2.19 2.17 2.02 1.77 1.52 1.31 1.28 1.40
 14   1.58 1.72 1.84 1.93 1.92 1.77 1.57 1.31 1.07 0.91 0.82 0.84 1.04 1.35 1.58 1.81 2.03 2.12 2.11 1.98 1.81 1.63 1.45 1.32
 15   1.36 1.48 1.58 1.68 1.77 1.82 1.77 1.62 1.44 1.26 1.12 1.04 1.06 1.20 1.40 1.62 1.81 1.98 2.11 2.16 2.10 1.90 1.70 1.50
 16   1.35 1.34 1.40 1.52 1.63 1.74 1.79 1.78 1.72 1.59 1.37 1.17 1.03 1.02 1.16 1.37 1.56 1.79 1.98 2.12 2.14 2.03 1.83 1.60
 17   1.38 1.20 1.16 1.22 1.34 1.51 1.66 1.78 1.81 1.76 1.65 1.46 1.26 1.07 1.02 1.15 1.39 1.61 1.81 2.03 2.16 2.15 2.00 1.78
 18   1.50 1.23 1.06 1.03 1.14 1.31 1.52 1.71 1.87 1.93 1.89 1.76 1.56 1.28 1.11 1.08 1.18 1.38 1.64 1.89 2.11 2.16 2.08 1.90
 19   1.64 1.30 1.02 0.90 0.95 1.10 1.34 1.60 1.83 1.97 1.98 1.88 1.68 1.44 1.20 1.08 1.11 1.24 1.48 1.74 1.97 2.16 2.14 1.99
 20   1.76 1.41 1.12 0.87 0.79 0.93 1.19 1.46 1.74 1.93 2.00 1.97 1.85 1.64 1.38 1.18 1.10 1.12 1.30 1.58 1.87 2.09 2.17 2.06
 21   1.84 1.54 1.17 0.92 0.76 0.75 0.92 1.27 1.60 1.86 2.00 2.03 1.96 1.82 1.57 1.30 1.10 1.06 1.16 1.38 1.66 1.97 2.17 2.16
 22   1.95 1.69 1.33 0.98 0.75 0.66 0.78 1.06 1.39 1.70 1.90 2.02 2.04 1.96 1.76 1.45 1.22 1.08 1.06 1.20 1.47 1.77 2.05 2.18
 23   2.16 1.88 1.50 1.09 0.78 0.61 0.64 0.86 1.22 1.61 1.89 2.15 2.24 2.16 1.95 1.65 1.34 1.18 1.16 1.26 1.51 1.80 2.03 2.12
 24   2.07 1.87 1.58 1.21 0.80 0.54 0.52 0.67 0.97 1.40 1.78 2.04 2.21 2.22 2.05 1.80 1.48 1.23 1.11 1.13 1.36 1.63 1.85 1.99
 25   2.03 1.91 1.68 1.31 0.91 0.60 0.47 0.52 0.77 1.10 1.56 1.84 2.06 2.16 2.10 1.90 1.63 1.36 1.17 1.14 1.22 1.44 1.68 1.86
 26   1.93 1.87 1.71 1.45 1.06 0.71 0.52 0.46 0.59 0.88 1.22 1.60 1.86 2.05 2.10 1.98 1.75 1.47 1.25 1.14 1.18 1.32 1.51 1.71
 27   1.85 1.86 1.78 1.60 1.26 0.91 0.65 0.50 0.52 0.72 1.02 1.39 1.66 1.90 2.05 2.04 1.91 1.67 1.42 1.28 1.23 1.24 1.37 1.58
 28   1.76 1.85 1.84 1.71 1.48 1.17 0.89 0.70 0.62 0.66 0.92 1.24 1.53 1.80 2.00 2.05 2.01 1.88 1.65 1.47 1.34 1.29 1.35 1.48
 29   1.63 1.73 1.77 1.74 1.62 1.41 1.14 0.92 0.78 0.76 0.87 1.09 1.32 1.56 1.80 1.98 2.05 2.01 1.86 1.67 1.51 1.39 1.33 1.36
 30   1.44 1.56 1.65 1.68 1.67 1.61 1.46 1.23 1.04 0.92 0.87 0.94 1.15 1.38 1.60 1.82 2.00 2.04 2.01 1.90 1.72 1.54 1.36 1.28
 ----------------------------------------------------------------------------------------------------------------------------
                                                                                               
 ----------------------------------------------------------------------------------------------------------------------------
 ----------------------------------------------------------------------------------------------------------------------------
                                                          SURVEY OF INDIA
                                                    MARINE GEODESY WING (G&RB)
                                                     HOURLY HEIGHTS IN METRES
  NAME OF PORT:- MARMAGAO                                                                           MONTH MAY       YEAR 2016
 ----------------------------------------------------------------------------------------------------------------------------
 DAYS 0000 0001 0002 0003 0004 0005 0006 0007 0008 0009 0010 0011 0012 0013 0014 0015 0016 0017 0018 0019 0020 0021 0022 0023
 ----------------------------------------------------------------------------------------------------------------------------
  1   1.28 1.37 1.48 1.58 1.67 1.72 1.68 1.54 1.34 1.15 1.01 0.94 0.97 1.14 1.35 1.57 1.82 2.03 2.08 2.04 1.93 1.74 1.53 1.33
  2   1.21 1.17 1.20 1.32 1.47 1.63 1.73 1.74 1.66 1.48 1.25 1.08 0.98 1.00 1.14 1.38 1.62 1.90 2.10 2.19 2.14 1.99 1.74 1.44
  3   1.14 0.99 0.97 1.08 1.26 1.49 1.70 1.86 1.90 1.85 1.70 1.39 1.14 1.02 1.02 1.12 1.41 1.67 1.91 2.14 2.26 2.19 1.96 1.62
  4   1.23 0.93 0.75 0.76 0.88 1.16 1.53 1.79 2.00 2.06 1.98 1.74 1.44 1.15 0.93 0.94 1.13 1.43 1.75 2.03 2.24 2.30 2.17 1.88
  5   1.48 0.93 0.52 0.34 0.47 0.76 1.14 1.53 1.88 2.16 2.24 2.15 1.86 1.48 1.16 0.96 0.96 1.18 1.53 1.85 2.14 2.33 2.32 2.11
  6   1.72 1.21 0.68 0.32 0.22 0.38 0.70 1.13 1.62 2.01 2.29 2.33 2.21 1.90 1.45 1.10 0.95 0.98 1.26 1.61 1.93 2.21 2.37 2.30
  7   2.04 1.55 0.99 0.47 0.18 0.09 0.31 0.75 1.28 1.76 2.17 2.43 2.45 2.30 1.87 1.46 1.11 1.00 1.08 1.33 1.70 2.01 2.27 2.35
  8   2.22 1.87 1.35 0.81 0.34 0.07 0.08 0.40 0.90 1.45 1.89 2.29 2.54 2.52 2.28 1.87 1.43 1.14 1.05 1.16 1.47 1.79 2.07 2.27
  9   2.27 2.10 1.73 1.19 0.65 0.28 0.10 0.15 0.51 1.00 1.50 1.94 2.32 2.51 2.44 2.15 1.76 1.39 1.12 1.06 1.22 1.51 1.77 2.00
 10   2.17 2.14 1.91 1.55 1.06 0.60 0.30 0.20 0.29 0.64 1.10 1.61 2.03 2.31 2.43 2.35 2.11 1.70 1.40 1.18 1.12 1.26 1.52 1.76
 11   1.96 2.05 2.01 1.84 1.50 1.06 0.75 0.47 0.38 0.53 0.94 1.35 1.71 2.05 2.29 2.37 2.25 2.01 1.71 1.43 1.23 1.17 1.29 1.49
 12   1.68 1.86 1.96 1.91 1.70 1.45 1.15 0.86 0.69 0.66 0.80 1.10 1.47 1.77 2.04 2.24 2.30 2.19 1.95 1.69 1.45 1.28 1.20 1.28
 13   1.44 1.60 1.75 1.82 1.78 1.66 1.46 1.21 1.02 0.90 0.87 0.97 1.28 1.56 1.78 2.02 2.19 2.22 2.09 1.91 1.69 1.50 1.31 1.23
 14   1.28 1.42 1.54 1.65 1.72 1.73 1.65 1.51 1.33 1.16 1.06 1.02 1.10 1.29 1.55 1.78 1.98 2.12 2.13 2.04 1.88 1.69 1.48 1.28
 15   1.20 1.21 1.30 1.42 1.53 1.68 1.79 1.76 1.63 1.47 1.32 1.19 1.13 1.19 1.39 1.59 1.76 1.93 2.07 2.12 2.03 1.85 1.62 1.37
 16   1.14 1.02 1.05 1.19 1.35 1.50 1.63 1.75 1.78 1.71 1.57 1.42 1.27 1.22 1.27 1.40 1.60 1.77 1.92 2.04 2.08 2.00 1.78 1.54
 17   1.24 1.00 0.97 1.05 1.19 1.37 1.61 1.78 1.87 1.88 1.82 1.68 1.49 1.33 1.26 1.33 1.49 1.67 1.85 2.00 2.08 2.03 1.86 1.62
 18   1.36 1.10 0.86 0.82 0.99 1.21 1.43 1.67 1.92 2.02 1.98 1.88 1.71 1.50 1.35 1.31 1.36 1.53 1.74 1.91 2.04 2.06 1.96 1.76
 19   1.48 1.20 0.94 0.77 0.81 1.02 1.28 1.56 1.83 2.00 2.09 2.07 1.90 1.66 1.44 1.28 1.27 1.38 1.53 1.72 1.88 1.92 1.84 1.64
 20   1.43 1.23 1.01 0.84 0.78 0.87 1.12 1.40 1.65 1.87 2.03 2.10 2.09 1.99 1.74 1.35 1.27 1.31 1.43 1.60 1.76 1.87 1.85 1.72
 21   1.51 1.23 1.02 0.82 0.73 0.75 0.93 1.22 1.52 1.74 1.94 2.04 2.00 1.85 1.64 1.41 1.26 1.24 1.30 1.49 1.68 1.81 1.85 1.79
 22   1.64 1.36 0.97 0.76 0.67 0.66 0.75 1.00 1.32 1.62 1.84 2.00 2.07 1.98 1.74 1.50 1.29 1.17 1.20 1.33 1.55 1.75 1.86 1.85
 23   1.72 1.50 1.16 0.74 0.51 0.44 0.53 0.74 1.06 1.42 1.76 1.97 2.11 2.12 1.92 1.64 1.37 1.17 1.09 1.16 1.35 1.60 1.82 1.90
 24   1.84 1.64 1.35 0.96 0.60 0.34 0.26 0.42 0.73 1.12 1.52 1.86 2.02 2.07 2.00 1.80 1.50 1.26 1.10 1.07 1.19 1.43 1.62 1.76
 25   1.80 1.70 1.44 1.10 0.75 0.44 0.29 0.28 0.49 0.86 1.26 1.59 1.90 2.06 2.06 1.94 1.65 1.34 1.15 1.06 1.09 1.28 1.48 1.65
 26   1.76 1.78 1.65 1.36 1.04 0.74 0.51 0.39 0.44 0.70 1.09 1.47 1.76 1.99 2.12 2.09 1.92 1.67 1.36 1.16 1.12 1.18 1.33 1.52
 27   1.68 1.78 1.76 1.61 1.34 1.03 0.76 0.56 0.48 0.60 0.92 1.25 1.56 1.82 2.04 2.10 1.99 1.80 1.59 1.33 1.14 1.08 1.14 1.30
 28   1.50 1.63 1.68 1.64 1.50 1.25 0.96 0.74 0.59 0.59 0.73 1.02 1.32 1.60 1.82 2.00 2.04 1.92 1.67 1.46 1.26 1.12 1.05 1.10
 29   1.24 1.42 1.57 1.64 1.60 1.47 1.29 1.06 0.86 0.75 0.75 0.88 1.15 1.42 1.68 1.90 2.03 2.05 1.92 1.71 1.47 1.24 1.06 0.98
 30   1.00 1.16 1.32 1.46 1.57 1.60 1.53 1.38 1.16 0.98 0.91 0.91 0.99 1.25 1.50 1.72 1.94 2.06 2.06 1.92 1.71 1.46 1.16 0.93
 31   0.87 0.94 1.07 1.24 1.44 1.62 1.70 1.70 1.58 1.37 1.20 1.08 1.04 1.11 1.30 1.54 1.79 1.98 2.08 2.08 1.93 1.66 1.30 1.00
 ----------------------------------------------------------------------------------------------------------------------------
                                                                                               
 ----------------------------------------------------------------------------------------------------------------------------
 ----------------------------------------------------------------------------------------------------------------------------
                                                          SURVEY OF INDIA
                                                    MARINE GEODESY WING (G&RB)
                                                     HOURLY HEIGHTS IN METRES
  NAME OF PORT:- MARMAGAO                                                                           MONTH JUNE      YEAR 2016
 ----------------------------------------------------------------------------------------------------------------------------
 DAYS 0000 0001 0002 0003 0004 0005 0006 0007 0008 0009 0010 0011 0012 0013 0014 0015 0016 0017 0018 0019 0020 0021 0022 0023
 ----------------------------------------------------------------------------------------------------------------------------
  1   0.74 0.66 0.72 0.90 1.11 1.38 1.65 1.78 1.79 1.71 1.50 1.27 1.09 1.02 1.07 1.28 1.53 1.76 1.93 2.04 2.03 1.84 1.50 1.11
  2   0.72 0.49 0.41 0.48 0.70 1.03 1.39 1.70 1.87 1.93 1.85 1.64 1.35 1.09 1.01 1.12 1.32 1.56 1.79 1.97 2.06 2.02 1.78 1.39
  3   0.90 0.57 0.30 0.21 0.34 0.64 1.04 1.44 1.79 2.05 2.12 1.97 1.72 1.39 1.12 1.02 1.08 1.26 1.57 1.83 2.03 2.10 2.00 1.72
  4   1.27 0.76 0.30 0.09 0.06 0.26 0.59 1.08 1.58 1.96 2.18 2.24 2.06 1.71 1.37 1.08 0.95 1.06 1.32 1.60 1.85 2.07 2.14 1.97
  5   1.60 1.16 0.57 0.19-0.07-0.11 0.21 0.74 1.22 1.70 2.07 2.32 2.32 2.06 1.74 1.35 1.04 0.97 1.10 1.32 1.64 1.97 2.09 2.06
  6   1.87 1.51 1.01 0.49 0.14-0.06-0.02 0.39 0.93 1.41 1.88 2.21 2.40 2.37 2.10 1.65 1.30 1.06 0.98 1.13 1.41 1.67 1.93 2.10
  7   2.05 1.82 1.43 0.92 0.48 0.18 0.04 0.17 0.59 1.09 1.56 2.00 2.30 2.41 2.28 1.98 1.61 1.27 1.06 1.01 1.17 1.45 1.72 1.96
  8   2.07 1.98 1.75 1.39 0.94 0.52 0.30 0.24 0.41 0.82 1.37 1.76 2.12 2.39 2.40 2.24 1.96 1.57 1.27 1.06 1.07 1.29 1.53 1.76
  9   1.93 2.02 1.95 1.70 1.38 1.00 0.68 0.50 0.52 0.74 1.14 1.52 1.88 2.19 2.38 2.38 2.20 1.88 1.56 1.26 1.15 1.18 1.36 1.57
 10   1.77 1.93 1.98 1.88 1.67 1.37 1.08 0.82 0.69 0.75 0.97 1.30 1.65 1.95 2.17 2.30 2.28 2.06 1.74 1.47 1.22 1.09 1.13 1.26
 11   1.45 1.62 1.74 1.77 1.70 1.55 1.33 1.06 0.86 0.80 0.87 1.10 1.38 1.64 1.89 2.07 2.11 2.04 1.87 1.61 1.34 1.16 1.03 1.02
 12   1.15 1.32 1.46 1.58 1.66 1.67 1.58 1.42 1.22 1.07 0.99 1.04 1.25 1.48 1.69 1.89 2.03 2.07 2.00 1.81 1.57 1.36 1.17 1.02
 13   1.00 1.12 1.27 1.41 1.55 1.67 1.69 1.62 1.50 1.37 1.26 1.22 1.29 1.43 1.62 1.83 1.97 2.04 2.02 1.93 1.79 1.57 1.30 1.09
 14   0.98 1.01 1.16 1.31 1.47 1.62 1.73 1.77 1.74 1.64 1.53 1.45 1.40 1.41 1.52 1.68 1.84 1.96 2.02 2.00 1.90 1.72 1.47 1.22
 15   1.04 0.96 0.97 1.08 1.26 1.45 1.64 1.77 1.81 1.79 1.72 1.60 1.47 1.38 1.41 1.55 1.70 1.83 1.94 1.97 1.93 1.81 1.58 1.30
 16   1.04 0.86 0.80 0.86 1.00 1.21 1.46 1.66 1.81 1.86 1.82 1.72 1.58 1.45 1.36 1.37 1.49 1.62 1.76 1.89 1.92 1.85 1.68 1.44
 17   1.10 0.82 0.64 0.63 0.78 1.00 1.26 1.55 1.78 1.95 1.99 1.90 1.74 1.58 1.43 1.33 1.35 1.49 1.65 1.83 1.93 1.90 1.76 1.56
 18   1.28 0.95 0.65 0.52 0.59 0.79 1.08 1.42 1.72 1.92 2.03 2.02 1.92 1.72 1.52 1.35 1.27 1.32 1.47 1.64 1.82 1.89 1.81 1.64
 19   1.40 1.04 0.75 0.50 0.42 0.54 0.82 1.16 1.50 1.82 2.04 2.11 2.01 1.82 1.61 1.42 1.27 1.21 1.30 1.50 1.68 1.83 1.85 1.73
 20   1.51 1.16 0.82 0.56 0.35 0.35 0.58 0.94 1.33 1.68 1.98 2.14 2.13 2.00 1.74 1.49 1.29 1.18 1.22 1.37 1.60 1.81 1.93 1.87
 21   1.63 1.34 0.98 0.60 0.32 0.26 0.36 0.63 1.05 1.46 1.80 2.05 2.15 2.06 1.86 1.58 1.33 1.15 1.08 1.18 1.42 1.63 1.82 1.87
 22   1.75 1.51 1.16 0.78 0.43 0.25 0.22 0.42 0.80 1.20 1.58 1.90 2.12 2.14 1.98 1.74 1.45 1.17 1.04 1.07 1.27 1.48 1.69 1.84
 23   1.83 1.66 1.40 1.06 0.63 0.38 0.28 0.34 0.58 0.95 1.43 1.78 2.04 2.17 2.13 1.93 1.63 1.32 1.09 0.98 1.04 1.25 1.51 1.73
 24   1.80 1.64 1.35 0.96 0.60 0.34 0.27 0.42 0.73 1.12 1.52 1.85 2.02 2.07 2.00 1.80 1.50 1.26 1.10 1.06 1.18 1.41 1.61 1.76
 25   1.83 1.82 1.70 1.51 1.24 0.91 0.60 0.45 0.42 0.56 0.94 1.35 1.70 1.98 2.16 2.16 1.98 1.69 1.34 1.13 1.01 0.98 1.08 1.26
 26   1.46 1.65 1.74 1.68 1.50 1.26 0.97 0.69 0.60 0.64 0.83 1.20 1.54 1.83 2.06 2.18 2.13 1.93 1.65 1.30 1.06 0.96 0.95 1.06
 27   1.26 1.47 1.63 1.73 1.70 1.57 1.35 1.08 0.86 0.80 0.88 1.07 1.37 1.66 1.92 2.13 2.18 2.09 1.88 1.60 1.30 1.05 0.93 0.91
 28   1.00 1.22 1.43 1.60 1.73 1.76 1.70 1.54 1.33 1.16 1.08 1.14 1.33 1.60 1.89 2.10 2.25 2.26 2.12 1.86 1.56 1.28 0.97 0.82
 29   0.84 0.99 1.18 1.38 1.60 1.79 1.89 1.87 1.72 1.56 1.42 1.35 1.36 1.47 1.65 1.86 2.07 2.19 2.19 2.08 1.85 1.52 1.21 0.94
 30   0.73 0.70 0.84 1.06 1.32 1.59 1.84 1.97 1.99 1.90 1.72 1.49 1.33 1.34 1.48 1.67 1.88 2.08 2.19 2.18 2.06 1.80 1.48 1.09
 ----------------------------------------------------------------------------------------------------------------------------
                                                                                               
 ----------------------------------------------------------------------------------------------------------------------------
 ----------------------------------------------------------------------------------------------------------------------------
                                                          SURVEY OF INDIA
                                                    MARINE GEODESY WING (G&RB)
                                                     HOURLY HEIGHTS IN METRES
  NAME OF PORT:- MARMAGAO                                                                           MONTH JULY      YEAR 2016
 ----------------------------------------------------------------------------------------------------------------------------
 DAYS 0000 0001 0002 0003 0004 0005 0006 0007 0008 0009 0010 0011 0012 0013 0014 0015 0016 0017 0018 0019 0020 0021 0022 0023
 ----------------------------------------------------------------------------------------------------------------------------
  1   0.79 0.60 0.57 0.72 0.98 1.29 1.64 1.95 2.13 2.15 2.03 1.82 1.61 1.42 1.36 1.43 1.65 1.86 2.05 2.21 2.22 2.07 1.80 1.41
  2   1.01 0.65 0.45 0.46 0.65 0.98 1.37 1.76 2.09 2.31 2.35 2.20 1.93 1.65 1.44 1.39 1.47 1.66 1.89 2.09 2.23 2.23 2.08 1.81
  3   1.38 0.92 0.57 0.36 0.40 0.65 1.07 1.49 1.91 2.27 2.48 2.46 2.24 1.94 1.63 1.38 1.29 1.42 1.64 1.86 2.10 2.28 2.29 2.09
  4   1.76 1.26 0.76 0.41 0.27 0.34 0.66 1.10 1.58 2.04 2.37 2.50 2.43 2.20 1.84 1.52 1.28 1.24 1.36 1.60 1.88 2.13 2.24 2.21
  5   1.97 1.64 1.16 0.67 0.34 0.22 0.39 0.79 1.26 1.68 2.12 2.44 2.52 2.37 2.09 1.71 1.34 1.14 1.13 1.27 1.54 1.84 2.06 2.17
  6   2.10 1.84 1.45 0.97 0.56 0.32 0.29 0.48 0.91 1.39 1.82 2.24 2.44 2.45 2.28 1.97 1.58 1.23 1.06 1.10 1.30 1.59 1.84 2.04
  7   2.10 2.00 1.75 1.37 0.91 0.57 0.40 0.42 0.70 1.10 1.53 1.92 2.28 2.41 2.34 2.09 1.77 1.38 1.10 0.95 1.03 1.30 1.58 1.81
  8   1.96 1.97 1.84 1.59 1.24 0.84 0.58 0.48 0.57 0.86 1.32 1.67 2.00 2.27 2.32 2.19 1.91 1.57 1.24 1.05 0.98 1.08 1.30 1.55
  9   1.78 1.90 1.88 1.74 1.52 1.23 0.94 0.75 0.71 0.82 1.16 1.55 1.89 2.12 2.27 2.28 2.10 1.81 1.50 1.23 1.05 1.03 1.14 1.34
 10   1.54 1.72 1.84 1.82 1.66 1.47 1.24 1.01 0.90 0.92 1.12 1.37 1.67 1.92 2.10 2.18 2.13 1.92 1.67 1.37 1.14 1.05 1.06 1.18
 11   1.37 1.54 1.67 1.74 1.72 1.62 1.48 1.32 1.17 1.08 1.12 1.28 1.53 1.73 1.90 2.03 2.09 2.02 1.79 1.51 1.29 1.10 1.01 1.03
 12   1.12 1.27 1.44 1.57 1.66 1.68 1.62 1.51 1.38 1.25 1.22 1.29 1.44 1.62 1.80 1.94 2.00 1.98 1.86 1.67 1.45 1.24 1.05 1.00
 13   1.04 1.14 1.27 1.41 1.53 1.63 1.69 1.67 1.58 1.48 1.39 1.35 1.40 1.50 1.64 1.79 1.90 1.94 1.89 1.74 1.56 1.34 1.12 0.95
 14   0.87 0.90 1.03 1.18 1.35 1.51 1.65 1.70 1.68 1.62 1.54 1.45 1.39 1.42 1.52 1.63 1.75 1.83 1.85 1.80 1.68 1.50 1.25 1.05
 15   0.87 0.80 0.82 0.96 1.14 1.37 1.57 1.72 1.79 1.79 1.73 1.62 1.50 1.44 1.45 1.52 1.62 1.72 1.80 1.83 1.79 1.65 1.40 1.14
 16   0.90 0.74 0.68 0.73 0.87 1.14 1.42 1.65 1.82 1.90 1.88 1.78 1.62 1.48 1.39 1.37 1.44 1.59 1.74 1.85 1.86 1.74 1.53 1.29
 17   1.00 0.73 0.57 0.53 0.65 0.92 1.20 1.50 1.73 1.92 1.97 1.90 1.75 1.56 1.37 1.27 1.27 1.36 1.53 1.68 1.79 1.81 1.68 1.46
 18   1.16 0.80 0.54 0.42 0.41 0.58 0.88 1.26 1.62 1.86 1.98 2.01 1.88 1.67 1.44 1.24 1.16 1.23 1.38 1.57 1.75 1.84 1.81 1.64
 19   1.40 1.03 0.69 0.42 0.29 0.35 0.60 0.98 1.38 1.73 1.98 2.10 2.04 1.82 1.55 1.30 1.10 1.06 1.15 1.36 1.58 1.79 1.86 1.78
 20   1.60 1.28 0.87 0.50 0.26 0.21 0.40 0.72 1.11 1.56 1.92 2.07 2.08 1.96 1.74 1.42 1.16 0.98 1.00 1.20 1.42 1.65 1.85 1.90
 21   1.78 1.55 1.18 0.70 0.40 0.24 0.28 0.48 0.95 1.40 1.78 2.08 2.21 2.15 1.93 1.62 1.26 1.03 0.96 1.08 1.30 1.57 1.84 1.98
 22   1.98 1.79 1.51 1.08 0.65 0.38 0.33 0.48 0.80 1.26 1.67 2.00 2.25 2.29 2.12 1.83 1.43 1.09 0.95 0.92 1.04 1.32 1.60 1.86
 23   1.95 1.91 1.75 1.41 0.92 0.61 0.42 0.40 0.64 1.00 1.43 1.82 2.15 2.33 2.28 2.04 1.70 1.29 1.00 0.82 0.85 1.06 1.35 1.64
 24   1.87 1.94 1.87 1.63 1.31 0.95 0.66 0.50 0.54 0.79 1.22 1.63 1.96 2.22 2.29 2.16 1.90 1.54 1.12 0.87 0.77 0.83 1.06 1.35
 25   1.59 1.77 1.85 1.82 1.60 1.31 0.98 0.73 0.68 0.76 1.03 1.45 1.79 2.06 2.26 2.26 2.12 1.81 1.42 1.08 0.82 0.73 0.82 1.02
 26   1.28 1.56 1.76 1.84 1.79 1.65 1.40 1.13 0.95 0.90 1.02 1.24 1.57 1.85 2.07 2.20 2.18 1.98 1.68 1.28 0.93 0.73 0.66 0.75
 27   0.96 1.18 1.42 1.66 1.79 1.77 1.64 1.44 1.24 1.10 1.05 1.12 1.36 1.60 1.81 2.00 2.07 2.00 1.81 1.52 1.13 0.85 0.63 0.53
 28   0.60 0.78 1.02 1.25 1.47 1.67 1.74 1.67 1.52 1.36 1.22 1.15 1.20 1.38 1.57 1.76 1.92 1.98 1.92 1.75 1.47 1.09 0.79 0.55
 29   0.43 0.48 0.65 0.89 1.19 1.44 1.67 1.82 1.80 1.66 1.50 1.33 1.21 1.21 1.32 1.50 1.66 1.80 1.88 1.86 1.70 1.45 1.12 0.80
 30   0.48 0.37 0.40 0.58 0.87 1.18 1.54 1.82 1.95 1.97 1.87 1.61 1.33 1.23 1.23 1.32 1.48 1.64 1.81 1.90 1.87 1.72 1.46 1.08
 31   0.76 0.43 0.26 0.32 0.54 0.85 1.24 1.59 1.87 2.01 2.03 1.90 1.62 1.33 1.17 1.12 1.18 1.36 1.56 1.75 1.88 1.88 1.72 1.43
 ----------------------------------------------------------------------------------------------------------------------------
                                                                                               
 ----------------------------------------------------------------------------------------------------------------------------
 ----------------------------------------------------------------------------------------------------------------------------
                                                          SURVEY OF INDIA
                                                    MARINE GEODESY WING (G&RB)
                                                     HOURLY HEIGHTS IN METRES
  NAME OF PORT:- MARMAGAO                                                                           MONTH AUGUST    YEAR 2016
 ----------------------------------------------------------------------------------------------------------------------------
 DAYS 0000 0001 0002 0003 0004 0005 0006 0007 0008 0009 0010 0011 0012 0013 0014 0015 0016 0017 0018 0019 0020 0021 0022 0023
 ----------------------------------------------------------------------------------------------------------------------------
  1   1.02 0.63 0.36 0.22 0.25 0.55 0.92 1.34 1.73 2.06 2.18 2.14 1.92 1.61 1.33 1.15 1.08 1.17 1.41 1.64 1.87 2.01 1.99 1.80
  2   1.50 1.10 0.67 0.34 0.25 0.37 0.70 1.12 1.53 1.93 2.22 2.32 2.22 1.97 1.59 1.30 1.12 1.09 1.23 1.45 1.72 2.01 2.12 2.07
  3   1.86 1.53 1.05 0.67 0.42 0.37 0.52 0.89 1.36 1.76 2.15 2.36 2.36 2.22 1.92 1.51 1.22 1.06 1.06 1.26 1.55 1.81 2.06 2.16
  4   2.08 1.86 1.54 1.06 0.66 0.44 0.47 0.68 1.10 1.53 1.96 2.25 2.40 2.40 2.17 1.80 1.35 1.11 1.03 1.08 1.32 1.62 1.88 2.07
  5   2.14 2.04 1.75 1.40 1.02 0.68 0.58 0.65 0.90 1.36 1.77 2.07 2.34 2.42 2.28 1.96 1.54 1.22 1.02 0.97 1.10 1.39 1.67 1.93
  6   2.10 2.12 1.95 1.68 1.30 0.93 0.72 0.70 0.86 1.14 1.59 1.93 2.20 2.34 2.29 2.09 1.73 1.37 1.07 0.93 0.95 1.16 1.43 1.67
  7   1.89 1.98 1.96 1.77 1.50 1.15 0.89 0.78 0.86 1.06 1.32 1.69 1.98 2.17 2.22 2.10 1.84 1.49 1.16 0.92 0.85 0.97 1.18 1.43
  8   1.64 1.79 1.86 1.82 1.60 1.35 1.10 0.95 0.91 1.02 1.25 1.54 1.79 2.01 2.12 2.08 1.91 1.64 1.31 0.88 0.82 0.88 1.02 1.25
  9   1.46 1.63 1.74 1.77 1.72 1.57 1.37 1.19 1.10 1.10 1.20 1.45 1.71 1.92 2.06 2.08 1.95 1.73 1.48 1.20 1.03 0.95 0.96 1.06
 10   1.28 1.49 1.70 1.78 1.76 1.67 1.55 1.42 1.30 1.24 1.28 1.40 1.58 1.76 1.89 1.93 1.88 1.76 1.58 1.35 1.10 0.93 0.88 0.91
 11   1.02 1.18 1.34 1.47 1.59 1.64 1.62 1.52 1.39 1.30 1.27 1.29 1.39 1.55 1.68 1.76 1.78 1.74 1.63 1.43 1.21 1.02 0.86 0.81
 12   0.83 0.91 1.09 1.25 1.38 1.50 1.59 1.63 1.60 1.48 1.36 1.31 1.32 1.38 1.47 1.57 1.68 1.71 1.66 1.50 1.30 1.10 0.94 0.78
 13   0.69 0.70 0.81 0.97 1.15 1.33 1.49 1.63 1.67 1.61 1.50 1.39 1.31 1.30 1.34 1.41 1.49 1.58 1.63 1.59 1.44 1.27 1.05 0.83
 14   0.66 0.58 0.62 0.73 0.92 1.17 1.40 1.58 1.68 1.71 1.64 1.51 1.37 1.25 1.19 1.23 1.33 1.44 1.55 1.62 1.59 1.45 1.24 1.00
 15   0.73 0.53 0.45 0.50 0.66 0.93 1.18 1.50 1.71 1.82 1.82 1.72 1.55 1.36 1.21 1.16 1.22 1.36 1.52 1.66 1.72 1.67 1.50 1.25
 16   0.94 0.67 0.50 0.44 0.54 0.78 1.10 1.40 1.71 1.89 1.96 1.89 1.67 1.46 1.25 1.12 1.10 1.20 1.40 1.60 1.77 1.83 1.75 1.55
 17   1.26 0.87 0.61 0.42 0.36 0.53 0.90 1.27 1.62 1.92 2.06 2.08 1.96 1.69 1.38 1.14 1.01 1.01 1.19 1.43 1.68 1.90 1.94 1.83
 18   1.59 1.28 0.80 0.47 0.34 0.36 0.61 1.01 1.44 1.83 2.13 2.24 2.18 1.96 1.59 1.23 0.97 0.87 0.98 1.25 1.52 1.82 2.02 2.03
 19   1.87 1.58 1.13 0.70 0.39 0.32 0.44 0.75 1.23 1.65 2.00 2.27 2.29 2.10 1.79 1.37 0.98 0.74 0.74 0.90 1.24 1.59 1.86 2.03
 20   2.01 1.80 1.47 0.99 0.55 0.35 0.34 0.50 0.89 1.39 1.78 2.11 2.29 2.23 1.96 1.55 1.10 0.74 0.58 0.65 0.89 1.28 1.63 1.92
 21   2.06 2.00 1.79 1.40 0.91 0.58 0.41 0.48 0.80 1.18 1.61 1.98 2.24 2.30 2.16 1.85 1.34 0.86 0.58 0.53 0.63 0.95 1.35 1.67
 22   1.93 2.05 1.95 1.70 1.33 0.90 0.62 0.55 0.65 0.98 1.39 1.75 2.04 2.25 2.21 1.97 1.60 1.10 0.74 0.52 0.44 0.53 0.77 1.25
 23   1.59 1.83 1.93 1.89 1.59 1.22 0.91 0.71 0.70 0.82 1.13 1.52 1.82 2.04 2.15 2.11 1.80 1.42 0.93 0.53 0.40 0.42 0.58 0.88
 24   1.22 1.49 1.77 1.85 1.78 1.56 1.26 0.99 0.87 0.87 1.01 1.31 1.60 1.83 1.98 2.00 1.87 1.63 1.22 0.84 0.54 0.39 0.41 0.56
 25   0.85 1.10 1.37 1.60 1.74 1.73 1.60 1.38 1.18 1.06 1.02 1.11 1.33 1.55 1.73 1.84 1.83 1.69 1.42 1.05 0.78 0.55 0.41 0.41
 26   0.57 0.80 1.03 1.26 1.54 1.68 1.72 1.66 1.48 1.29 1.18 1.14 1.18 1.35 1.51 1.66 1.76 1.78 1.69 1.52 1.24 0.94 0.70 0.51
 27   0.46 0.59 0.78 1.00 1.27 1.54 1.76 1.84 1.80 1.67 1.51 1.36 1.24 1.24 1.34 1.46 1.59 1.72 1.78 1.74 1.60 1.38 1.06 0.78
 28   0.58 0.50 0.56 0.74 0.99 1.31 1.62 1.84 1.94 1.91 1.78 1.55 1.34 1.20 1.18 1.22 1.34 1.52 1.68 1.78 1.78 1.68 1.43 1.07
 29   0.76 0.56 0.45 0.50 0.70 1.00 1.35 1.70 1.96 2.05 1.99 1.84 1.58 1.30 1.12 1.06 1.10 1.29 1.51 1.74 1.86 1.86 1.74 1.49
 30   1.11 0.76 0.54 0.46 0.50 0.74 1.12 1.50 1.82 2.07 2.14 2.04 1.78 1.50 1.18 0.98 0.93 1.04 1.26 1.51 1.74 1.88 1.86 1.69
 31   1.43 1.07 0.67 0.45 0.38 0.48 0.81 1.22 1.56 1.90 2.13 2.13 1.98 1.67 1.29 0.98 0.82 0.82 0.99 1.29 1.57 1.80 1.92 1.87
 ----------------------------------------------------------------------------------------------------------------------------
                                                                                               
 ----------------------------------------------------------------------------------------------------------------------------
 ----------------------------------------------------------------------------------------------------------------------------
                                                          SURVEY OF INDIA
                                                    MARINE GEODESY WING (G&RB)
                                                     HOURLY HEIGHTS IN METRES
  NAME OF PORT:- MARMAGAO                                                                           MONTH SEPT      YEAR 2016
 ----------------------------------------------------------------------------------------------------------------------------
 DAYS 0000 0001 0002 0003 0004 0005 0006 0007 0008 0009 0010 0011 0012 0013 0014 0015 0016 0017 0018 0019 0020 0021 0022 0023
 ----------------------------------------------------------------------------------------------------------------------------
  1   1.70 1.37 0.94 0.61 0.42 0.42 0.64 0.98 1.38 1.75 2.01 2.13 2.06 1.83 1.45 1.06 0.82 0.70 0.77 1.04 1.35 1.66 1.83 1.89
  2   1.84 1.61 1.20 0.83 0.51 0.40 0.50 0.75 1.16 1.56 1.87 2.07 2.11 1.94 1.59 1.16 0.84 0.60 0.60 0.80 1.11 1.46 1.73 1.87
  3   1.90 1.75 1.44 1.06 0.68 0.47 0.48 0.66 1.00 1.40 1.73 1.96 2.07 2.00 1.76 1.37 0.97 0.64 0.56 0.64 0.86 1.21 1.50 1.80
  4   1.92 1.89 1.71 1.35 0.99 0.72 0.58 0.60 0.82 1.22 1.56 1.81 2.00 2.03 1.85 1.54 1.12 0.79 0.60 0.56 0.68 0.97 1.31 1.62
  5   1.84 1.87 1.77 1.56 1.22 0.90 0.72 0.72 0.80 1.04 1.42 1.70 1.89 1.96 1.88 1.63 1.29 0.89 0.67 0.57 0.60 0.80 1.12 1.40
  6   1.64 1.81 1.84 1.67 1.42 1.16 0.96 0.86 0.88 1.04 1.30 1.60 1.81 1.92 1.88 1.73 1.46 1.12 0.82 0.65 0.62 0.70 0.95 1.27
  7   1.50 1.69 1.78 1.74 1.57 1.36 1.14 0.98 0.97 1.03 1.19 1.45 1.69 1.82 1.84 1.76 1.53 1.25 0.94 0.74 0.65 0.68 0.80 1.04
  8   1.28 1.48 1.62 1.66 1.62 1.49 1.30 1.14 1.07 1.09 1.18 1.36 1.55 1.74 1.78 1.73 1.60 1.40 1.15 0.93 0.76 0.69 0.74 0.90
  9   1.10 1.28 1.46 1.58 1.62 1.58 1.49 1.36 1.26 1.22 1.24 1.30 1.43 1.57 1.68 1.72 1.67 1.55 1.34 1.14 0.93 0.81 0.78 0.82
 10   0.92 1.09 1.31 1.46 1.58 1.66 1.66 1.61 1.52 1.42 1.34 1.34 1.41 1.48 1.56 1.62 1.64 1.61 1.52 1.36 1.18 1.03 0.90 0.82
 11   0.82 0.88 1.08 1.26 1.40 1.56 1.71 1.72 1.66 1.56 1.45 1.34 1.31 1.34 1.40 1.47 1.54 1.60 1.60 1.52 1.39 1.22 1.04 0.88
 12   0.76 0.76 0.86 1.03 1.20 1.42 1.62 1.76 1.78 1.73 1.62 1.50 1.35 1.27 1.27 1.30 1.38 1.50 1.61 1.64 1.58 1.43 1.23 0.99
 13   0.80 0.67 0.66 0.78 0.95 1.24 1.50 1.73 1.87 1.88 1.76 1.57 1.35 1.18 1.08 1.07 1.14 1.30 1.50 1.64 1.71 1.65 1.46 1.19
 14   0.93 0.68 0.55 0.58 0.73 1.00 1.31 1.64 1.89 2.00 1.96 1.82 1.57 1.26 1.05 0.94 0.96 1.09 1.33 1.58 1.76 1.83 1.74 1.54
 15   1.18 0.83 0.58 0.46 0.51 0.70 1.05 1.48 1.79 2.02 2.14 2.05 1.73 1.42 1.05 0.79 0.72 0.82 1.06 1.37 1.63 1.82 1.91 1.82
 16   1.52 1.13 0.78 0.49 0.38 0.49 0.78 1.23 1.65 2.01 2.17 2.19 2.04 1.62 1.20 0.84 0.61 0.58 0.77 1.08 1.48 1.81 2.06 2.07
 17   1.90 1.58 1.10 0.74 0.44 0.40 0.62 1.00 1.43 1.86 2.12 2.17 2.07 1.83 1.39 0.96 0.65 0.46 0.52 0.80 1.18 1.60 1.91 2.14
 18   2.11 1.90 1.52 1.04 0.70 0.52 0.54 0.82 1.24 1.63 2.01 2.23 2.22 2.01 1.67 1.16 0.73 0.42 0.29 0.45 0.84 1.28 1.71 2.09
 19   2.22 2.15 1.91 1.47 0.98 0.67 0.59 0.68 1.02 1.47 1.84 2.16 2.33 2.26 1.95 1.49 0.92 0.50 0.27 0.25 0.48 0.91 1.36 1.80
 20   2.12 2.21 2.13 1.85 1.40 1.00 0.77 0.72 0.89 1.25 1.64 1.93 2.18 2.26 2.13 1.82 1.30 0.74 0.38 0.26 0.30 0.58 1.02 1.48
 21   1.80 2.09 2.17 2.03 1.75 1.34 1.06 0.88 0.86 1.10 1.44 1.72 1.95 2.12 2.13 1.91 1.58 1.11 0.68 0.38 0.27 0.33 0.64 1.04
 22   1.44 1.76 1.96 2.04 1.94 1.67 1.37 1.16 1.04 1.04 1.19 1.45 1.70 1.89 1.98 1.95 1.76 1.47 1.07 0.72 0.51 0.42 0.47 0.77
 23   1.08 1.38 1.67 1.89 1.96 1.88 1.71 1.50 1.31 1.19 1.16 1.24 1.44 1.64 1.79 1.86 1.82 1.66 1.45 1.14 0.83 0.65 0.60 0.64
 24   0.80 1.07 1.34 1.59 1.82 1.90 1.89 1.78 1.62 1.45 1.28 1.20 1.26 1.39 1.53 1.63 1.69 1.69 1.58 1.42 1.20 0.98 0.76 0.66
 25   0.67 0.80 1.03 1.28 1.50 1.71 1.86 1.89 1.81 1.65 1.44 1.26 1.17 1.15 1.21 1.34 1.46 1.58 1.66 1.63 1.51 1.29 1.06 0.84
 26   0.71 0.66 0.72 0.91 1.14 1.42 1.66 1.86 1.92 1.84 1.66 1.42 1.17 1.04 1.01 1.05 1.18 1.35 1.53 1.65 1.66 1.57 1.39 1.12
 27   0.90 0.71 0.66 0.71 0.86 1.16 1.49 1.77 1.98 1.99 1.86 1.67 1.42 1.15 0.95 0.92 0.99 1.16 1.40 1.61 1.78 1.81 1.72 1.49
 28   1.20 0.94 0.73 0.65 0.71 0.95 1.26 1.57 1.86 2.02 2.01 1.88 1.62 1.26 0.95 0.80 0.79 0.95 1.18 1.44 1.69 1.84 1.88 1.76
 29   1.53 1.18 0.86 0.71 0.67 0.75 1.03 1.39 1.71 1.96 2.06 2.00 1.76 1.43 1.06 0.80 0.70 0.77 0.96 1.29 1.59 1.83 1.97 1.94
 30   1.77 1.46 1.11 0.83 0.66 0.69 0.89 1.25 1.59 1.86 2.03 2.07 1.92 1.63 1.16 0.82 0.62 0.61 0.79 1.12 1.46 1.79 1.98 2.03
 ----------------------------------------------------------------------------------------------------------------------------
                                                                                               
 ----------------------------------------------------------------------------------------------------------------------------
 ----------------------------------------------------------------------------------------------------------------------------
                                                          SURVEY OF INDIA
                                                    MARINE GEODESY WING (G&RB)
                                                     HOURLY HEIGHTS IN METRES
  NAME OF PORT:- MARMAGAO                                                                           MONTH OCTOBER   YEAR 2016
 ----------------------------------------------------------------------------------------------------------------------------
 DAYS 0000 0001 0002 0003 0004 0005 0006 0007 0008 0009 0010 0011 0012 0013 0014 0015 0016 0017 0018 0019 0020 0021 0022 0023
 ----------------------------------------------------------------------------------------------------------------------------
  1   1.94 1.71 1.34 1.01 0.78 0.70 0.82 1.14 1.50 1.78 2.00 2.08 1.96 1.70 1.27 0.85 0.60 0.55 0.64 0.90 1.33 1.70 1.94 2.07
  2   2.04 1.84 1.56 1.20 0.90 0.78 0.81 1.02 1.40 1.73 1.95 2.07 2.03 1.79 1.45 1.00 0.70 0.55 0.56 0.74 1.15 1.52 1.85 2.04
  3   2.10 2.02 1.80 1.45 1.12 0.91 0.88 1.01 1.25 1.58 1.85 2.00 2.04 1.90 1.61 1.16 0.80 0.59 0.51 0.63 0.91 1.35 1.69 1.92
  4   2.06 2.06 1.90 1.64 1.30 1.04 0.94 0.98 1.13 1.44 1.70 1.89 1.98 1.96 1.68 1.34 0.94 0.65 0.48 0.52 0.74 1.04 1.42 1.74
  5   1.92 1.98 1.94 1.78 1.50 1.20 1.04 1.01 1.08 1.28 1.57 1.76 1.89 1.90 1.75 1.50 1.13 0.79 0.60 0.54 0.60 0.82 1.19 1.49
  6   1.76 1.91 1.97 1.89 1.69 1.40 1.20 1.10 1.10 1.23 1.39 1.58 1.76 1.84 1.77 1.58 1.27 0.98 0.70 0.57 0.56 0.70 0.96 1.29
  7   1.54 1.75 1.88 1.89 1.76 1.57 1.37 1.22 1.17 1.20 1.30 1.47 1.64 1.77 1.79 1.65 1.43 1.18 0.92 0.73 0.64 0.68 0.84 1.11
  8   1.36 1.58 1.76 1.83 1.81 1.70 1.56 1.39 1.28 1.24 1.26 1.36 1.51 1.62 1.66 1.63 1.50 1.30 1.10 0.89 0.74 0.69 0.76 0.90
  9   1.14 1.35 1.53 1.68 1.77 1.77 1.69 1.57 1.45 1.34 1.27 1.28 1.37 1.47 1.55 1.58 1.55 1.41 1.24 1.07 0.90 0.85 0.87 0.95
 10   1.09 1.29 1.47 1.63 1.77 1.85 1.83 1.71 1.57 1.43 1.30 1.27 1.30 1.37 1.45 1.52 1.57 1.57 1.47 1.30 1.12 0.97 0.85 0.84
 11   0.93 1.09 1.27 1.46 1.66 1.80 1.86 1.84 1.74 1.54 1.36 1.23 1.16 1.16 1.24 1.34 1.45 1.56 1.62 1.57 1.42 1.24 1.04 0.90
 12   0.83 0.85 1.00 1.18 1.39 1.64 1.86 2.00 2.02 1.94 1.74 1.47 1.25 1.09 1.02 1.06 1.20 1.40 1.60 1.73 1.76 1.68 1.51 1.23
 13   0.97 0.82 0.78 0.88 1.06 1.32 1.64 1.90 2.04 2.03 1.89 1.64 1.30 1.05 0.84 0.78 0.89 1.17 1.44 1.71 1.88 1.93 1.85 1.59
 14   1.24 0.98 0.80 0.74 0.86 1.14 1.47 1.79 2.06 2.18 2.11 1.89 1.58 1.11 0.77 0.60 0.62 0.80 1.13 1.51 1.83 2.04 2.08 1.90
 15   1.63 1.26 0.93 0.74 0.70 0.86 1.22 1.63 1.94 2.16 2.18 2.05 1.73 1.23 0.77 0.44 0.30 0.44 0.80 1.27 1.67 2.02 2.20 2.17
 16   1.98 1.61 1.15 0.81 0.70 0.74 0.99 1.39 1.82 2.13 2.30 2.25 1.98 1.56 1.01 0.50 0.24 0.21 0.41 0.88 1.39 1.83 2.21 2.35
 17   2.28 2.03 1.58 1.14 0.83 0.72 0.84 1.20 1.60 1.93 2.21 2.33 2.22 1.88 1.40 0.77 0.30 0.12 0.14 0.44 0.90 1.44 1.96 2.28
 18   2.40 2.31 2.01 1.55 1.13 0.87 0.79 0.98 1.35 1.73 2.03 2.25 2.30 2.10 1.71 1.15 0.59 0.18 0.04 0.14 0.51 1.04 1.53 2.00
 19   2.27 2.38 2.25 1.91 1.46 1.08 0.89 0.87 1.10 1.42 1.75 2.02 2.18 2.17 1.91 1.50 0.93 0.43 0.19 0.11 0.21 0.67 1.13 1.60
 20   2.02 2.27 2.34 2.16 1.87 1.46 1.16 1.01 1.02 1.18 1.48 1.75 2.00 2.12 2.02 1.77 1.41 0.90 0.54 0.31 0.24 0.43 0.85 1.24
 21   1.64 2.02 2.22 2.23 2.10 1.83 1.49 1.25 1.15 1.15 1.27 1.53 1.74 1.87 1.92 1.85 1.64 1.32 0.97 0.66 0.47 0.46 0.61 0.93
 22   1.26 1.60 1.87 2.07 2.11 2.02 1.79 1.54 1.32 1.18 1.16 1.27 1.45 1.59 1.70 1.74 1.68 1.53 1.31 1.01 0.77 0.64 0.62 0.74
 23   0.98 1.26 1.53 1.76 1.94 2.00 1.94 1.77 1.56 1.35 1.18 1.14 1.22 1.34 1.45 1.55 1.63 1.64 1.56 1.40 1.18 1.00 0.85 0.81
 24   0.88 1.06 1.27 1.48 1.73 1.92 1.99 1.95 1.80 1.58 1.36 1.20 1.10 1.11 1.20 1.31 1.43 1.55 1.63 1.62 1.52 1.36 1.17 0.97
 25   0.90 0.93 1.06 1.25 1.47 1.70 1.88 1.96 1.93 1.80 1.57 1.32 1.13 0.98 0.97 1.07 1.22 1.39 1.58 1.74 1.78 1.69 1.52 1.30
 26   1.10 0.97 0.98 1.09 1.30 1.50 1.74 1.97 2.03 1.96 1.78 1.53 1.22 1.02 0.88 0.86 0.95 1.18 1.42 1.65 1.78 1.82 1.76 1.56
 27   1.30 1.10 0.95 0.94 1.07 1.26 1.51 1.78 1.95 1.97 1.88 1.67 1.36 1.07 0.83 0.71 0.76 0.96 1.25 1.52 1.75 1.88 1.91 1.80
 28   1.60 1.30 1.09 0.99 0.99 1.13 1.34 1.66 1.90 2.02 1.99 1.81 1.56 1.20 0.88 0.69 0.62 0.71 1.02 1.33 1.61 1.86 1.99 1.96
 29   1.80 1.57 1.26 1.06 0.96 0.98 1.17 1.48 1.75 1.93 1.96 1.86 1.66 1.34 0.93 0.61 0.50 0.53 0.77 1.11 1.47 1.77 1.99 2.06
 30   1.99 1.78 1.50 1.20 1.04 1.00 1.09 1.38 1.65 1.88 1.98 1.98 1.83 1.53 1.11 0.77 0.53 0.47 0.63 0.93 1.34 1.70 1.97 2.15
 31   2.13 1.98 1.74 1.39 1.15 1.04 1.06 1.24 1.53 1.77 1.94 1.97 1.82 1.55 1.15 0.73 0.47 0.40 0.51 0.76 1.20 1.60 1.90 2.12
 ----------------------------------------------------------------------------------------------------------------------------
                                                                                              
 ----------------------------------------------------------------------------------------------------------------------------
 ----------------------------------------------------------------------------------------------------------------------------
                                                          SURVEY OF INDIA
                                                    MARINE GEODESY WING (G&RB)
                                                     HOURLY HEIGHTS IN METRES
  NAME OF PORT:- MARMAGAO                                                                           MONTH NOVEMBER  YEAR 2016
 ----------------------------------------------------------------------------------------------------------------------------
 DAYS 0000 0001 0002 0003 0004 0005 0006 0007 0008 0009 0010 0011 0012 0013 0014 0015 0016 0017 0018 0019 0020 0021 0022 0023
 ----------------------------------------------------------------------------------------------------------------------------
  1   2.16 2.02 1.77 1.51 1.22 1.07 1.05 1.17 1.42 1.66 1.86 1.93 1.87 1.70 1.33 0.87 0.57 0.39 0.41 0.60 0.95 1.37 1.73 2.02
  2   2.15 2.08 1.87 1.62 1.40 1.15 1.05 1.10 1.29 1.52 1.74 1.88 1.88 1.72 1.47 1.06 0.65 0.44 0.40 0.48 0.71 1.17 1.56 1.88
  3   2.09 2.18 2.10 1.85 1.58 1.26 1.10 1.10 1.20 1.45 1.69 1.83 1.88 1.79 1.56 1.24 0.89 0.61 0.45 0.46 0.63 0.95 1.37 1.71
  4   1.97 2.12 2.10 1.96 1.74 1.46 1.25 1.16 1.22 1.35 1.53 1.71 1.85 1.83 1.69 1.47 1.17 0.82 0.58 0.52 0.58 0.79 1.16 1.49
  5   1.79 2.00 2.09 2.04 1.88 1.66 1.39 1.24 1.22 1.29 1.43 1.61 1.73 1.78 1.71 1.56 1.34 1.03 0.80 0.66 0.64 0.73 0.96 1.29
  6   1.57 1.78 1.95 2.00 1.92 1.74 1.53 1.36 1.25 1.22 1.28 1.39 1.52 1.61 1.63 1.57 1.41 1.20 0.96 0.76 0.66 0.69 0.81 1.05
  7   1.32 1.55 1.76 1.91 1.92 1.83 1.70 1.53 1.36 1.27 1.24 1.27 1.38 1.48 1.56 1.57 1.52 1.40 1.25 1.06 0.88 0.82 0.84 0.97
  8   1.22 1.42 1.62 1.78 1.92 1.94 1.87 1.73 1.55 1.36 1.24 1.18 1.20 1.27 1.36 1.45 1.53 1.55 1.48 1.34 1.18 1.04 0.94 0.93
  9   1.04 1.20 1.39 1.61 1.82 1.94 1.98 1.90 1.73 1.52 1.31 1.15 1.06 1.06 1.15 1.26 1.39 1.54 1.62 1.60 1.50 1.33 1.17 1.04
 10   0.98 1.05 1.20 1.42 1.66 1.88 2.02 2.05 1.98 1.80 1.54 1.27 1.05 0.93 0.96 1.08 1.27 1.51 1.75 1.87 1.86 1.74 1.57 1.37
 11   1.18 1.09 1.12 1.31 1.56 1.80 2.02 2.17 2.18 2.03 1.80 1.48 1.15 0.88 0.78 0.83 1.02 1.32 1.65 1.91 2.06 2.10 2.00 1.78
 12   1.45 1.24 1.16 1.20 1.38 1.63 1.92 2.17 2.30 2.26 2.06 1.72 1.33 0.90 0.63 0.56 0.68 0.99 1.39 1.75 2.07 2.28 2.30 2.10
 13   1.79 1.45 1.20 1.10 1.17 1.39 1.70 2.03 2.28 2.36 2.25 1.99 1.59 1.03 0.60 0.37 0.31 0.53 0.98 1.43 1.85 2.23 2.44 2.40
 14   2.18 1.83 1.43 1.19 1.10 1.18 1.47 1.83 2.13 2.36 2.42 2.23 1.88 1.36 0.75 0.36 0.15 0.21 0.57 1.05 1.55 2.09 2.45 2.59
 15   2.52 2.24 1.75 1.39 1.18 1.12 1.22 1.59 1.95 2.25 2.42 2.36 2.13 1.74 1.13 0.58 0.21 0.07 0.23 0.62 1.17 1.72 2.24 2.56
 16   2.67 2.54 2.25 1.77 1.38 1.22 1.24 1.49 1.82 2.15 2.38 2.46 2.33 2.03 1.54 0.90 0.46 0.25 0.25 0.51 1.03 1.57 2.06 2.51
 17   2.75 2.72 2.49 2.11 1.65 1.34 1.19 1.28 1.53 1.83 2.14 2.34 2.39 2.22 1.91 1.42 0.88 0.53 0.38 0.41 0.73 1.23 1.72 2.13
 18   2.54 2.72 2.66 2.43 2.03 1.62 1.36 1.28 1.35 1.60 1.86 2.07 2.24 2.28 2.17 1.93 1.52 1.04 0.73 0.54 0.53 0.79 1.23 1.63
 19   2.05 2.38 2.58 2.56 2.38 2.05 1.69 1.44 1.30 1.32 1.52 1.74 1.95 2.10 2.14 2.03 1.81 1.50 1.14 0.90 0.75 0.77 1.04 1.41
 20   1.78 2.09 2.41 2.55 2.51 2.30 2.03 1.77 1.54 1.40 1.39 1.50 1.67 1.85 2.00 2.03 1.95 1.78 1.55 1.30 1.12 1.00 1.03 1.22
 21   1.54 1.83 2.09 2.29 2.43 2.41 2.25 2.00 1.72 1.52 1.35 1.34 1.43 1.57 1.70 1.82 1.89 1.88 1.79 1.60 1.42 1.28 1.20 1.21
 22   1.38 1.63 1.86 2.06 2.24 2.33 2.30 2.16 1.92 1.69 1.49 1.31 1.25 1.28 1.38 1.50 1.63 1.76 1.82 1.78 1.67 1.52 1.39 1.28
 23   1.26 1.37 1.56 1.76 1.95 2.11 2.19 2.15 2.00 1.78 1.52 1.28 1.06 1.03 1.11 1.24 1.40 1.58 1.73 1.82 1.83 1.75 1.60 1.44
 24   1.30 1.29 1.38 1.55 1.72 1.90 2.06 2.12 2.07 1.92 1.69 1.40 1.13 0.96 0.90 1.00 1.18 1.40 1.62 1.82 1.93 1.92 1.84 1.70
 25   1.53 1.40 1.33 1.39 1.57 1.77 1.93 2.07 2.12 2.04 1.84 1.60 1.30 1.05 0.87 0.87 0.98 1.23 1.51 1.78 1.98 2.08 2.10 1.99
 26   1.78 1.60 1.47 1.42 1.45 1.57 1.79 1.98 2.10 2.10 1.96 1.71 1.28 0.90 0.71 0.65 0.71 0.87 1.07 1.29 1.49 1.64 1.70 1.63
 27   1.44 1.23 1.05 0.94 0.92 0.98 1.16 1.41 1.56 1.62 1.57 1.38 1.07 0.73 0.41 0.20 0.19 0.35 0.65 1.02 1.36 1.63 1.78 1.78
 28   1.65 1.45 1.20 0.97 0.88 0.92 1.05 1.27 1.46 1.58 1.57 1.43 1.17 0.83 0.47 0.16 0.06 0.15 0.38 0.76 1.16 1.46 1.69 1.80
 29   1.74 1.56 1.31 1.06 0.88 0.83 0.89 1.09 1.33 1.48 1.53 1.46 1.25 0.95 0.55 0.20 0.00-0.02 0.17 0.47 0.93 1.29 1.61 1.79
 30   1.78 1.64 1.43 1.14 0.89 0.77 0.77 0.88 1.14 1.36 1.48 1.47 1.35 1.11 0.69 0.31 0.03-0.07 0.02 0.26 0.68 1.15 1.50 1.73
 ----------------------------------------------------------------------------------------------------------------------------
                                                                                               
 ----------------------------------------------------------------------------------------------------------------------------
 ----------------------------------------------------------------------------------------------------------------------------
                                                          SURVEY OF INDIA
                                                    MARINE GEODESY WING (G&RB)
                                                     HOURLY HEIGHTS IN METRES
  NAME OF PORT:- MARMAGAO                                                                           MONTH DECEMBER  YEAR 2016
 ----------------------------------------------------------------------------------------------------------------------------
 DAYS 0000 0001 0002 0003 0004 0005 0006 0007 0008 0009 0010 0011 0012 0013 0014 0015 0016 0017 0018 0019 0020 0021 0022 0023
 ----------------------------------------------------------------------------------------------------------------------------
  1   1.82 1.78 1.58 1.30 1.03 0.80 0.72 0.80 1.00 1.25 1.41 1.48 1.44 1.23 0.92 0.51 0.14-0.05-0.06 0.08 0.40 0.85 1.25 1.58
  2   1.76 1.81 1.68 1.42 1.11 0.85 0.70 0.72 0.83 1.02 1.25 1.43 1.46 1.31 1.07 0.72 0.29 0.04-0.10-0.03 0.22 0.60 0.99 1.35
  3   1.64 1.76 1.73 1.58 1.27 0.96 0.77 0.68 0.69 0.85 1.08 1.26 1.35 1.32 1.15 0.90 0.54 0.19 0.03-0.02 0.09 0.36 0.77 1.14
  4   1.44 1.65 1.73 1.65 1.45 1.17 0.90 0.75 0.69 0.76 0.95 1.15 1.29 1.35 1.28 1.10 0.82 0.50 0.26 0.15 0.14 0.27 0.62 1.00
  5   1.32 1.57 1.74 1.75 1.64 1.39 1.12 0.91 0.80 0.79 0.90 1.38 1.65 1.78 1.81 1.71 1.52 1.28 1.04 0.83 0.74 0.80 0.97 1.28
  6   1.60 1.91 2.11 2.21 2.18 2.02 1.77 1.56 1.37 1.22 1.18 1.26 1.41 1.58 1.68 1.69 1.63 1.50 1.31 1.09 0.92 0.87 0.92 1.09
  7   1.38 1.68 1.93 2.12 2.17 2.10 1.95 1.74 1.50 1.27 1.12 1.12 1.22 1.34 1.47 1.60 1.68 1.68 1.59 1.42 1.25 1.14 1.08 1.11
  8   1.28 1.55 1.80 2.01 2.16 2.20 2.12 1.96 1.73 1.46 1.25 1.08 1.04 1.10 1.26 1.42 1.56 1.70 1.75 1.70 1.58 1.42 1.28 1.20
  9   1.22 1.36 1.56 1.79 2.00 2.14 2.18 2.11 1.93 1.66 1.34 1.05 0.88 0.84 0.92 1.11 1.33 1.58 1.78 1.87 1.85 1.72 1.56 1.39
 10   1.25 1.26 1.38 1.56 1.80 2.01 2.15 2.19 2.08 1.85 1.56 1.19 0.85 0.67 0.63 0.76 1.00 1.30 1.66 1.93 2.04 2.04 1.91 1.69
 11   1.45 1.33 1.33 1.40 1.58 1.84 2.06 2.20 2.18 2.02 1.78 1.41 0.95 0.60 0.38 0.36 0.58 0.92 1.31 1.73 2.03 2.15 2.15 1.99
 12   1.70 1.41 1.28 1.24 1.30 1.50 1.78 2.02 2.16 2.14 1.97 1.67 1.19 0.69 0.33 0.15 0.17 0.46 0.90 1.38 1.83 2.17 2.34 2.27
 13   2.03 1.73 1.47 1.24 1.16 1.28 1.53 1.79 2.05 2.19 2.14 1.91 1.56 1.06 0.51 0.14-0.01 0.07 0.44 0.94 1.45 1.97 2.33 2.47
 14   2.36 2.06 1.66 1.34 1.15 1.13 1.25 1.53 1.82 2.08 2.19 2.10 1.86 1.50 0.92 0.42 0.10-0.01 0.18 0.61 1.15 1.69 2.20 2.55
 15   2.62 2.48 2.15 1.68 1.38 1.22 1.20 1.34 1.70 1.99 2.21 2.28 2.16 1.92 1.50 0.90 0.44 0.19 0.15 0.35 0.83 1.38 1.92 2.38
 16   2.60 2.61 2.40 2.01 1.60 1.29 1.11 1.12 1.31 1.65 1.92 2.13 2.16 2.03 1.76 1.37 0.85 0.46 0.26 0.28 0.54 1.03 1.52 2.02
 17   2.40 2.58 2.52 2.30 1.91 1.54 1.24 1.10 1.13 1.33 1.63 1.90 2.07 2.10 1.94 1.66 1.24 0.79 0.47 0.34 0.41 0.73 1.23 1.67
 18   2.10 2.41 2.54 2.44 2.19 1.81 1.47 1.19 1.10 1.14 1.36 1.60 1.82 1.97 1.97 1.85 1.59 1.20 0.87 0.66 0.57 0.63 1.00 1.42
 19   1.82 2.14 2.38 2.45 2.32 2.07 1.71 1.42 1.19 1.08 1.12 1.30 1.50 1.69 1.82 1.82 1.71 1.54 1.29 1.01 0.86 0.83 0.94 1.25
 20   1.58 1.88 2.14 2.32 2.32 2.18 1.90 1.63 1.35 1.15 1.06 1.10 1.26 1.45 1.59 1.69 1.72 1.67 1.53 1.32 1.15 1.05 1.04 1.16
 21   1.39 1.64 1.91 2.09 2.19 2.18 2.03 1.79 1.55 1.31 1.12 1.01 1.02 1.17 1.35 1.50 1.63 1.70 1.68 1.60 1.48 1.37 1.30 1.28
 22   1.36 1.58 1.78 1.95 2.09 2.16 2.12 1.95 1.73 1.49 1.28 1.12 1.03 1.04 1.17 1.32 1.48 1.64 1.75 1.77 1.72 1.63 1.55 1.47
 23   1.43 1.47 1.62 1.78 1.93 2.03 2.07 2.03 1.87 1.67 1.44 1.21 1.05 0.97 1.00 1.11 1.29 1.50 1.68 1.81 1.87 1.85 1.76 1.67
 24   1.57 1.51 1.53 1.65 1.78 1.90 2.00 2.03 1.96 1.80 1.60 1.36 1.09 0.94 0.88 0.91 1.09 1.34 1.58 1.82 1.97 2.04 2.00 1.89
 25   1.74 1.62 1.56 1.60 1.72 1.84 1.97 2.06 2.06 1.94 1.75 1.51 1.23 0.98 0.80 0.78 0.87 1.11 1.39 1.70 1.96 2.11 2.14 2.08
 26   1.93 1.73 1.58 1.52 1.56 1.67 1.79 1.93 2.01 1.98 1.84 1.63 1.35 1.03 0.81 0.69 0.70 0.88 1.20 1.52 1.84 2.08 2.20 2.17
 27   2.03 1.84 1.65 1.48 1.43 1.48 1.61 1.78 1.94 2.00 1.92 1.73 1.48 1.15 0.85 0.64 0.61 0.73 1.00 1.36 1.70 2.00 2.21 2.24
 28   2.14 1.96 1.73 1.54 1.42 1.42 1.51 1.68 1.86 1.98 2.02 1.92 1.67 1.34 1.00 0.70 0.50 0.53 0.76 1.11 1.53 1.88 2.16 2.33
 29   2.29 2.12 1.88 1.63 1.44 1.36 1.39 1.54 1.74 1.94 2.03 1.99 1.80 1.53 1.15 0.80 0.55 0.46 0.60 0.88 1.30 1.72 2.08 2.32
 30   2.40 2.28 2.05 1.79 1.53 1.37 1.32 1.39 1.62 1.83 1.99 2.05 1.93 1.67 1.34 0.98 0.66 0.47 0.48 0.67 1.06 1.51 1.95 2.25
 31   2.41 2.38 2.20 1.94 1.65 1.38 1.26 1.27 1.41 1.66 1.88 2.00 1.98 1.81 1.56 1.22 0.82 0.56 0.48 0.59 0.86 1.32 1.77 2.13
 ----------------------------------------------------------------------------------------------------------------------------
                                                                                               
 ----------------------------------------------------------------------------------------------------------------------------
 ----------------------------------------------------------------------------------------------------------------------------
