                                                          SURVEY OF INDIA
                                                    MARINE GEODESY WING (G&RB)
                                                     HOURLY HEIGHTS IN METRES
  NAME OF PORT:- MARMAGAO                                                                           MONTH JANUARY   YEAR 2015
 ----------------------------------------------------------------------------------------------------------------------------
 DAYS 0000 0001 0002 0003 0004 0005 0006 0007 0008 0009 0010 0011 0012 0013 0014 0015 0016 0017 0018 0019 0020 0021 0022 0023
 ----------------------------------------------------------------------------------------------------------------------------
  1   1.52 1.40 1.44 1.57 1.68 1.82 1.95 2.02 1.92 1.75 1.48 1.12 0.80 0.58 0.46 0.47 0.69 1.04 1.38 1.68 1.90 2.05 2.04 1.86
  2   1.54 1.49 1.38 1.34 1.44 1.58 1.74 1.88 1.93 1.87 1.66 1.32 0.96 0.62 0.38 0.31 0.42 0.70 1.08 1.47 1.79 2.04 2.10 2.04
  3   1.85 1.56 1.38 1.24 1.21 1.35 1.53 1.74 1.88 1.88 1.76 1.56 1.22 0.84 0.52 0.28 0.24 0.44 0.80 1.22 1.62 1.96 2.18 2.20
  4   2.06 1.82 1.55 1.32 1.21 1.18 1.38 1.60 1.76 1.90 1.92 1.78 1.54 1.20 0.76 0.44 0.32 0.36 0.62 1.03 1.43 1.84 2.20 2.30
  5   2.28 2.07 1.79 1.49 1.22 1.13 1.21 1.40 1.62 1.80 1.94 1.90 1.70 1.40 1.02 0.63 0.36 0.27 0.42 0.70 1.20 1.64 1.97 2.19
  6   2.32 2.20 1.97 1.61 1.28 1.10 1.08 1.19 1.46 1.68 1.82 1.90 1.80 1.59 1.26 0.82 0.47 0.30 0.35 0.54 0.92 1.38 1.78 2.04
  7   2.20 2.26 2.08 1.72 1.36 1.14 1.02 1.00 1.24 1.52 1.74 1.86 1.84 1.67 1.38 1.00 0.66 0.41 0.32 0.48 0.78 1.18 1.60 1.94
  8   2.20 2.30 2.20 1.92 1.60 1.30 1.08 1.01 1.12 1.36 1.62 1.80 1.84 1.76 1.50 1.12 0.77 0.50 0.40 0.48 0.68 1.04 1.45 1.79
  9   2.10 2.28 2.26 2.02 1.78 1.45 1.18 1.00 1.02 1.19 1.44 1.64 1.77 1.81 1.70 1.52 1.22 0.92 0.70 0.64 0.67 0.92 1.28 1.66
 10   1.96 2.18 2.26 2.12 1.88 1.54 1.24 1.05 0.96 1.01 1.21 1.46 1.62 1.71 1.72 1.65 1.44 1.20 0.94 0.80 0.80 0.92 1.17 1.50
 11   1.80 2.06 2.20 2.16 1.98 1.70 1.37 1.12 1.00 0.94 1.01 1.26 1.47 1.60 1.67 1.65 1.56 1.38 1.15 0.99 0.94 0.98 1.10 1.40
 12   1.70 1.94 2.12 2.16 2.05 1.82 1.52 1.24 1.04 0.93 0.92 1.04 1.24 1.42 1.54 1.62 1.62 1.54 1.40 1.25 1.12 1.12 1.20 1.34
 13   1.60 1.82 2.01 2.10 2.08 1.94 1.72 1.42 1.18 1.00 0.90 0.94 1.10 1.26 1.41 1.52 1.62 1.66 1.61 1.48 1.38 1.32 1.30 1.38
 14   1.54 1.75 1.90 2.05 2.08 2.00 1.82 1.60 1.34 1.12 0.95 0.88 0.92 1.05 1.20 1.35 1.49 1.62 1.69 1.67 1.60 1.54 1.48 1.46
 15   1.52 1.64 1.80 1.94 2.00 2.02 1.92 1.77 1.58 1.32 1.10 0.90 0.80 0.84 0.98 1.16 1.34 1.54 1.74 1.84 1.86 1.78 1.70 1.62
 16   1.53 1.56 1.68 1.80 1.88 1.96 2.00 1.92 1.76 1.54 1.24 1.00 0.81 0.70 0.72 0.90 1.12 1.36 1.62 1.86 1.97 1.98 1.94 1.82
 17   1.66 1.56 1.54 1.64 1.76 1.87 1.94 2.00 1.94 1.75 1.50 1.16 0.82 0.63 0.52 0.58 0.80 1.10 1.42 1.78 2.02 2.12 2.13 2.06
 18   1.82 1.62 1.50 1.46 1.54 1.70 1.84 1.98 2.06 2.00 1.80 1.52 1.12 0.76 0.50 0.46 0.52 0.80 1.19 1.60 1.96 2.24 2.34 2.32
 19   2.18 1.90 1.62 1.44 1.43 1.53 1.70 1.94 2.09 2.16 2.07 1.87 1.52 1.02 0.66 0.42 0.35 0.52 0.84 1.32 1.78 2.14 2.41 2.50
 20   2.40 2.12 1.80 1.50 1.28 1.26 1.44 1.66 1.92 2.14 2.23 2.12 1.90 1.46 0.94 0.58 0.30 0.28 0.58 0.94 1.44 1.94 2.32 2.58
 21   2.60 2.34 2.02 1.62 1.28 1.12 1.10 1.36 1.70 1.96 2.22 2.26 2.13 1.86 1.38 0.84 0.42 0.25 0.32 0.62 1.11 1.64 2.12 2.62
 22   2.66 2.56 2.28 1.82 1.34 1.07 0.94 1.02 1.36 1.70 1.98 2.22 2.28 2.11 1.81 1.30 0.78 0.42 0.30 0.42 0.78 1.34 1.84 2.50
 23   2.58 2.65 2.46 2.10 1.61 1.17 0.86 0.78 0.94 1.29 1.62 1.94 2.19 2.21 2.02 1.72 1.20 0.73 0.50 0.44 0.58 1.00 1.58 2.00
 24   2.36 2.61 2.58 2.30 1.90 1.38 1.02 0.74 0.72 0.94 1.28 1.62 1.90 2.08 2.13 1.96 1.65 1.20 0.84 0.64 0.63 0.88 1.38 1.78
 25   2.16 2.44 2.62 2.50 2.14 1.70 1.26 0.88 0.72 0.72 0.94 1.24 1.54 1.82 2.01 2.04 1.92 1.66 1.24 1.00 0.90 0.92 1.14 1.46
 26   1.90 2.22 2.44 2.46 2.32 1.98 1.48 1.14 0.86 0.68 0.72 0.94 1.22 1.48 1.73 1.90 1.96 1.88 1.68 1.38 1.20 1.14 1.15 1.34
 27   1.65 1.93 2.16 2.32 2.32 2.13 1.84 1.44 1.10 0.88 0.72 0.71 0.88 1.13 1.40 1.64 1.80 1.89 1.86 1.72 1.52 1.35 1.30 1.32
 28   1.44 1.72 1.92 2.07 2.18 2.12 1.96 1.74 1.42 1.14 0.92 0.73 0.72 0.89 1.10 1.34 1.54 1.76 1.88 1.90 1.80 1.68 1.57 1.46
 29   1.42 1.58 1.74 1.86 2.00 2.08 2.05 1.94 1.73 1.44 1.20 0.94 0.78 0.74 0.84 1.04 1.30 1.56 1.78 1.92 2.02 1.98 1.86 1.72
 30   1.60 1.54 1.60 1.70 1.82 1.90 1.95 1.95 1.90 1.70 1.44 1.16 0.92 0.72 0.68 0.82 1.00 1.26 1.58 1.82 2.02 2.12 2.10 1.94
 31   1.74 1.62 1.54 1.56 1.62 1.72 1.84 1.94 1.94 1.87 1.70 1.40 1.10 0.87 0.66 0.64 0.76 1.06 1.37 1.68 1.98 2.14 2.20 2.12
 ----------------------------------------------------------------------------------------------------------------------------
                                                                                               
 ----------------------------------------------------------------------------------------------------------------------------
 ----------------------------------------------------------------------------------------------------------------------------
                                                          SURVEY OF INDIA
                                                    MARINE GEODESY WING (G&RB)
                                                     HOURLY HEIGHTS IN METRES
  NAME OF PORT:- MARMAGAO                                                                           MONTH FEBRUARY  YEAR 2015
 ----------------------------------------------------------------------------------------------------------------------------
 DAYS 0000 0001 0002 0003 0004 0005 0006 0007 0008 0009 0010 0011 0012 0013 0014 0015 0016 0017 0018 0019 0020 0021 0022 0023
 ----------------------------------------------------------------------------------------------------------------------------
  1   1.97 1.72 1.52 1.40 1.40 1.48 1.62 1.76 1.87 1.88 1.80 1.64 1.32 0.98 0.72 0.60 0.60 0.71 1.06 1.44 1.78 2.05 2.24 2.21
  2   2.08 1.92 1.62 1.38 1.28 1.33 1.47 1.64 1.82 1.92 1.94 1.80 1.58 1.28 0.94 0.68 0.54 0.62 0.88 1.24 1.62 1.95 2.20 2.31
  3   2.23 2.06 1.75 1.46 1.28 1.20 1.27 1.46 1.68 1.86 1.97 1.92 1.76 1.50 1.10 0.80 0.59 0.54 0.68 1.02 1.42 1.76 2.12 2.30
  4   2.28 2.14 1.90 1.56 1.28 1.12 1.10 1.29 1.56 1.80 1.97 2.00 1.92 1.72 1.38 0.98 0.68 0.58 0.60 0.82 1.20 1.66 1.95 2.18
  5   2.36 2.24 1.98 1.66 1.34 1.08 1.00 1.12 1.35 1.60 1.83 1.96 1.94 1.80 1.55 1.14 0.78 0.56 0.55 0.68 1.02 1.44 1.80 2.18
  6   2.24 2.20 2.03 1.72 1.35 1.04 0.90 0.98 1.16 1.44 1.70 1.90 1.94 1.88 1.68 1.38 0.98 0.75 0.62 0.64 0.90 1.30 1.68 1.96
  7   2.19 2.24 2.13 1.86 1.50 1.16 0.92 0.92 1.03 1.26 1.52 1.80 1.94 1.94 1.78 1.56 1.20 0.94 0.75 0.70 0.80 1.14 1.56 1.84
  8   2.09 2.22 2.18 1.96 1.64 1.26 0.96 0.84 0.84 0.98 1.28 1.60 1.78 1.84 1.79 1.68 1.42 1.10 0.88 0.80 0.85 1.05 1.40 1.73
  9   2.00 2.18 2.20 2.04 1.76 1.40 1.08 0.86 0.78 0.86 1.10 1.38 1.62 1.76 1.82 1.78 1.55 1.32 1.12 0.97 0.94 1.04 1.28 1.60
 10   1.86 2.04 2.12 2.08 1.85 1.57 1.24 0.98 0.82 0.80 0.92 1.17 1.42 1.62 1.76 1.78 1.69 1.55 1.37 1.21 1.11 1.12 1.28 1.52
 11   1.78 1.92 2.08 2.09 1.92 1.70 1.42 1.14 0.88 0.79 0.82 0.94 1.18 1.40 1.58 1.68 1.70 1.64 1.53 1.39 1.28 1.25 1.30 1.52
 12   1.66 1.82 1.93 1.98 1.96 1.82 1.58 1.32 1.04 0.86 0.79 0.82 0.96 1.16 1.36 1.52 1.70 1.72 1.70 1.66 1.56 1.45 1.42 1.44
 13   1.54 1.70 1.82 1.90 1.94 1.90 1.74 1.54 1.30 1.04 0.86 0.76 0.81 0.94 1.12 1.28 1.48 1.64 1.76 1.77 1.68 1.60 1.51 1.44
 14   1.44 1.54 1.62 1.72 1.82 1.84 1.78 1.68 1.50 1.22 0.98 0.78 0.68 0.68 0.80 1.00 1.26 1.49 1.70 1.84 1.89 1.84 1.74 1.60
 15   1.50 1.48 1.49 1.60 1.68 1.76 1.86 1.87 1.74 1.52 1.26 1.00 0.78 0.64 0.64 0.76 1.00 1.28 1.60 1.84 2.00 2.06 1.99 1.81
 16   1.62 1.49 1.39 1.38 1.47 1.62 1.76 1.88 1.90 1.79 1.55 1.26 0.94 0.60 0.42 0.44 0.62 0.88 1.28 1.66 1.98 2.20 2.20 2.07
 17   1.82 1.56 1.31 1.20 1.22 1.32 1.52 1.74 1.94 1.98 1.87 1.64 1.26 0.86 0.53 0.35 0.34 0.54 0.94 1.40 1.80 2.14 2.31 2.27
 18   2.04 1.70 1.32 1.08 0.94 0.99 1.18 1.48 1.80 2.00 2.04 1.92 1.68 1.26 0.74 0.42 0.28 0.32 0.66 1.16 1.60 2.04 2.38 2.48
 19   2.34 2.03 1.60 1.16 0.86 0.82 0.94 1.30 1.64 1.94 2.16 2.22 2.08 1.72 1.24 0.70 0.37 0.29 0.46 0.86 1.38 1.90 2.26 2.54
 20   2.54 2.28 1.88 1.38 0.90 0.66 0.62 0.86 1.24 1.60 1.98 2.26 2.26 2.09 1.72 1.18 0.68 0.45 0.38 0.64 1.10 1.60 2.06 2.44
 21   2.58 2.48 2.20 1.70 1.10 0.72 0.50 0.53 0.84 1.24 1.64 2.04 2.28 2.29 2.06 1.62 1.13 0.74 0.54 0.54 0.84 1.35 1.78 2.41
 22   2.48 2.58 2.42 2.05 1.48 0.94 0.58 0.44 0.54 0.88 1.27 1.68 2.06 2.22 2.22 2.04 1.64 1.18 0.88 0.74 0.78 1.12 1.58 1.94
 23   2.28 2.50 2.47 2.24 1.86 1.30 0.80 0.55 0.43 0.50 0.89 1.34 1.70 1.98 2.17 2.14 1.94 1.66 1.30 1.02 0.94 1.10 1.40 1.76
 24   2.02 2.25 2.40 2.38 2.12 1.74 1.20 0.82 0.60 0.51 0.59 0.97 1.29 1.59 1.85 2.00 2.01 1.83 1.59 1.32 1.15 1.14 1.23 1.50
 25   1.80 2.02 2.14 2.20 2.16 1.92 1.56 1.18 0.88 0.66 0.60 0.76 1.03 1.29 1.56 1.78 1.96 1.97 1.86 1.69 1.48 1.38 1.35 1.40
 26   1.58 1.78 1.92 2.02 2.05 1.98 1.76 1.48 1.19 0.96 0.73 0.70 0.80 1.02 1.24 1.45 1.67 1.80 1.86 1.82 1.72 1.60 1.46 1.28
 27   1.36 1.54 1.66 1.75 1.78 1.80 1.74 1.60 1.40 1.16 0.92 0.76 0.70 0.77 0.94 1.13 1.34 1.56 1.74 1.82 1.82 1.75 1.63 1.48
 28   1.36 1.34 1.44 1.53 1.62 1.70 1.72 1.70 1.62 1.46 1.22 1.00 0.84 0.78 0.84 0.96 1.16 1.40 1.62 1.82 1.96 1.98 1.93 1.76
 ----------------------------------------------------------------------------------------------------------------------------
                                                                                               
 ----------------------------------------------------------------------------------------------------------------------------
 ----------------------------------------------------------------------------------------------------------------------------
                                                          SURVEY OF INDIA
                                                    MARINE GEODESY WING (G&RB)
                                                     HOURLY HEIGHTS IN METRES
  NAME OF PORT:- MARMAGAO                                                                           MONTH MARCH     YEAR 2015
 ----------------------------------------------------------------------------------------------------------------------------
 DAYS 0000 0001 0002 0003 0004 0005 0006 0007 0008 0009 0010 0011 0012 0013 0014 0015 0016 0017 0018 0019 0020 0021 0022 0023
 ----------------------------------------------------------------------------------------------------------------------------
  1   1.56 1.46 1.41 1.45 1.52 1.60 1.71 1.82 1.84 1.75 1.59 1.38 1.13 0.91 0.80 0.86 1.01 1.23 1.50 1.75 1.96 2.10 2.08 1.96
  2   1.77 1.56 1.40 1.33 1.34 1.42 1.58 1.72 1.81 1.84 1.73 1.54 1.29 1.00 0.79 0.68 0.74 0.92 1.20 1.50 1.78 2.01 2.12 2.04
  3   1.83 1.60 1.38 1.17 1.10 1.17 1.38 1.52 1.68 1.80 1.77 1.66 1.41 1.12 0.86 0.66 0.60 0.71 1.01 1.35 1.68 1.92 2.08 2.05
  4   1.91 1.68 1.36 1.10 0.96 0.96 1.10 1.36 1.60 1.78 1.86 1.76 1.62 1.38 1.02 0.77 0.64 0.62 0.82 1.21 1.57 1.86 2.05 2.15
  5   2.06 1.78 1.47 1.16 0.95 0.88 0.98 1.20 1.52 1.77 1.88 1.92 1.82 1.56 1.26 0.92 0.68 0.61 0.73 1.01 1.40 1.72 1.98 2.13
  6   2.10 1.88 1.58 1.20 0.91 0.75 0.78 0.98 1.28 1.57 1.80 1.93 1.87 1.70 1.40 1.06 0.78 0.60 0.64 0.86 1.18 1.56 1.89 2.03
  7   2.11 1.94 1.66 1.28 0.90 0.66 0.61 0.77 1.06 1.39 1.66 1.84 1.92 1.81 1.55 1.20 0.86 0.70 0.66 0.80 1.10 1.48 1.78 2.02
  8   2.12 2.02 1.78 1.44 1.01 0.72 0.60 0.66 0.91 1.24 1.56 1.78 1.96 1.98 1.82 1.56 1.18 0.92 0.80 0.84 1.06 1.38 1.70 1.98
  9   2.08 2.10 1.95 1.63 1.22 0.86 0.62 0.58 0.74 1.00 1.39 1.68 1.86 1.95 1.90 1.68 1.36 1.08 0.90 0.85 0.98 1.24 1.56 1.84
 10   2.02 2.07 1.98 1.72 1.35 0.98 0.68 0.56 0.59 0.77 1.14 1.48 1.74 1.85 1.89 1.83 1.57 1.29 1.05 0.96 0.98 1.12 1.42 1.72
 11   1.91 2.03 2.02 1.83 1.52 1.18 0.84 0.65 0.58 0.64 0.92 1.30 1.56 1.78 1.91 1.92 1.78 1.56 1.31 1.16 1.10 1.17 1.34 1.60
 12   1.80 1.95 2.04 1.92 1.73 1.42 1.08 0.82 0.66 0.64 0.78 1.06 1.32 1.58 1.76 1.86 1.86 1.75 1.56 1.39 1.29 1.26 1.34 1.51
 13   1.68 1.84 1.96 1.94 1.86 1.64 1.37 1.08 0.84 0.74 0.75 0.85 1.08 1.36 1.56 1.72 1.82 1.84 1.76 1.62 1.46 1.38 1.34 1.40
 14   1.53 1.68 1.78 1.82 1.82 1.71 1.56 1.30 1.06 0.86 0.70 0.71 0.87 1.09 1.31 1.51 1.71 1.84 1.88 1.81 1.71 1.60 1.49 1.46
 15   1.48 1.56 1.68 1.77 1.84 1.80 1.72 1.59 1.38 1.14 0.92 0.82 0.78 0.89 1.08 1.30 1.53 1.75 1.92 1.98 1.96 1.84 1.70 1.54
 16   1.42 1.41 1.48 1.56 1.68 1.79 1.84 1.80 1.68 1.50 1.22 0.99 0.82 0.73 0.82 0.99 1.24 1.56 1.80 2.01 2.08 2.04 1.90 1.71
 17   1.43 1.29 1.21 1.24 1.36 1.52 1.70 1.80 1.82 1.74 1.50 1.21 0.92 0.68 0.57 0.68 0.88 1.22 1.58 1.88 2.10 2.14 2.11 1.86
 18   1.58 1.21 1.03 0.98 1.04 1.22 1.52 1.76 1.92 1.99 1.88 1.64 1.28 0.88 0.61 0.51 0.61 0.88 1.30 1.68 2.02 2.26 2.28 2.12
 19   1.76 1.38 1.02 0.74 0.70 0.88 1.16 1.50 1.86 2.08 2.11 2.04 1.74 1.30 0.90 0.60 0.52 0.68 1.04 1.50 1.88 2.24 2.44 2.36
 20   2.11 1.72 1.24 0.82 0.58 0.59 0.79 1.21 1.64 2.00 2.26 2.30 2.18 1.84 1.34 0.88 0.64 0.58 0.78 1.22 1.70 2.10 2.38 2.50
 21   2.35 2.10 1.62 1.01 0.60 0.39 0.47 0.81 1.25 1.66 2.10 2.34 2.38 2.22 1.80 1.27 0.88 0.68 0.67 0.97 1.44 1.86 2.21 2.48
 22   2.49 2.30 1.92 1.34 0.78 0.38 0.25 0.40 0.80 1.26 1.70 2.14 2.36 2.38 2.18 1.72 1.20 0.90 0.74 0.80 1.14 1.58 1.94 2.30
 23   2.49 2.40 2.12 1.70 1.08 0.60 0.30 0.20 0.44 0.88 1.30 1.76 2.16 2.30 2.29 2.00 1.60 1.18 0.93 0.84 0.94 1.30 1.72 2.02
 24   2.22 2.34 2.22 1.94 1.49 0.88 0.50 0.30 0.30 0.54 0.97 1.40 1.82 2.10 2.22 2.18 1.94 1.56 1.24 1.03 0.98 1.12 1.49 1.80
 25   1.97 2.18 2.20 2.02 1.72 1.28 0.84 0.54 0.43 0.47 0.76 1.12 1.49 1.82 2.05 2.17 2.08 1.89 1.61 1.30 1.18 1.17 1.32 1.59
 26   1.79 1.96 2.03 2.00 1.86 1.56 1.19 0.86 0.68 0.61 0.65 0.89 1.21 1.50 1.74 1.96 2.02 1.96 1.80 1.58 1.38 1.27 1.26 1.42
 27   1.50 1.68 1.78 1.81 1.78 1.63 1.40 1.14 0.92 0.76 0.68 0.73 0.94 1.16 1.40 1.63 1.80 1.87 1.83 1.73 1.57 1.42 1.32 1.27
 28   1.31 1.43 1.57 1.65 1.66 1.65 1.56 1.37 1.19 1.01 0.83 0.75 0.82 0.97 1.14 1.35 1.57 1.73 1.83 1.85 1.79 1.68 1.52 1.38
 29   1.26 1.32 1.37 1.44 1.50 1.57 1.59 1.56 1.45 1.32 1.16 0.97 0.87 0.87 0.96 1.13 1.35 1.54 1.71 1.83 1.88 1.82 1.69 1.55
 30   1.37 1.25 1.25 1.29 1.35 1.45 1.56 1.60 1.61 1.58 1.42 1.22 1.06 0.92 0.88 0.99 1.16 1.37 1.61 1.79 1.92 1.95 1.88 1.71
 31   1.51 1.30 1.17 1.16 1.21 1.30 1.45 1.59 1.68 1.73 1.66 1.50 1.29 1.09 0.96 0.91 1.03 1.24 1.49 1.70 1.90 2.03 2.03 1.89
 ----------------------------------------------------------------------------------------------------------------------------
                                                                                              
 ----------------------------------------------------------------------------------------------------------------------------
 ----------------------------------------------------------------------------------------------------------------------------
                                                          SURVEY OF INDIA
                                                    MARINE GEODESY WING (G&RB)
                                                     HOURLY HEIGHTS IN METRES
  NAME OF PORT:- MARMAGAO                                                                           MONTH APRIL     YEAR 2015
 ----------------------------------------------------------------------------------------------------------------------------
 DAYS 0000 0001 0002 0003 0004 0005 0006 0007 0008 0009 0010 0011 0012 0013 0014 0015 0016 0017 0018 0019 0020 0021 0022 0023
 ----------------------------------------------------------------------------------------------------------------------------
  1   1.69 1.37 1.17 1.09 1.07 1.17 1.35 1.52 1.72 1.84 1.82 1.73 1.55 1.28 1.05 0.95 0.95 1.11 1.33 1.62 1.87 2.05 2.09 2.03
  2   1.76 1.49 1.21 0.99 0.91 0.97 1.20 1.47 1.69 1.85 1.95 1.89 1.70 1.45 1.15 0.97 0.90 1.03 1.29 1.57 1.86 2.07 2.15 2.08
  3   1.85 1.57 1.23 1.00 0.83 0.85 1.07 1.37 1.65 1.91 2.01 2.01 1.91 1.69 1.35 1.07 0.91 0.95 1.11 1.47 1.80 2.00 2.08 2.13
  4   1.95 1.70 1.35 0.95 0.74 0.69 0.83 1.11 1.46 1.76 1.99 2.07 1.99 1.82 1.55 1.19 0.95 0.90 0.96 1.23 1.57 1.85 2.02 2.09
  5   1.98 1.74 1.39 0.97 0.63 0.49 0.56 0.80 1.17 1.55 1.83 2.01 2.07 1.94 1.69 1.35 1.01 0.89 0.89 1.06 1.40 1.71 1.95 2.07
  6   2.04 1.89 1.59 1.13 0.75 0.53 0.50 0.66 0.99 1.40 1.75 2.01 2.13 2.10 1.90 1.57 1.25 1.00 0.94 1.01 1.25 1.61 1.88 2.05
  7   2.07 1.97 1.68 1.30 0.87 0.57 0.42 0.48 0.73 1.15 1.53 1.82 2.04 2.11 2.01 1.79 1.47 1.18 1.00 1.04 1.21 1.50 1.78 1.97
  8   2.07 2.05 1.85 1.51 1.08 0.71 0.46 0.43 0.59 0.88 1.28 1.62 1.87 2.05 2.05 1.90 1.65 1.37 1.15 1.10 1.13 1.31 1.62 1.84
  9   1.93 2.00 1.88 1.62 1.27 0.88 0.61 0.43 0.45 0.67 1.03 1.39 1.69 1.90 2.03 2.00 1.83 1.57 1.35 1.20 1.17 1.25 1.45 1.67
 10   1.83 1.93 1.90 1.76 1.51 1.17 0.85 0.61 0.52 0.57 0.85 1.17 1.48 1.75 1.94 2.01 1.96 1.79 1.55 1.40 1.30 1.29 1.34 1.52
 11   1.67 1.81 1.86 1.81 1.65 1.40 1.14 0.87 0.66 0.62 0.71 1.01 1.28 1.52 1.75 1.93 1.99 1.95 1.81 1.64 1.47 1.37 1.32 1.42
 12   1.51 1.63 1.75 1.79 1.72 1.61 1.41 1.15 0.91 0.78 0.71 0.79 0.99 1.24 1.45 1.69 1.92 2.04 2.01 1.87 1.69 1.52 1.38 1.26
 13   1.33 1.41 1.53 1.63 1.69 1.69 1.64 1.47 1.23 1.03 0.85 0.77 0.85 1.03 1.25 1.48 1.72 1.95 2.03 2.01 1.91 1.72 1.50 1.34
 14   1.25 1.23 1.28 1.41 1.57 1.71 1.77 1.73 1.62 1.41 1.17 0.98 0.86 0.91 1.05 1.25 1.52 1.80 2.02 2.13 2.12 2.00 1.77 1.48
 15   1.21 1.05 1.01 1.11 1.30 1.49 1.72 1.85 1.87 1.77 1.57 1.25 1.01 0.85 0.85 0.98 1.20 1.52 1.83 2.07 2.19 2.18 1.97 1.64
 16   1.32 1.02 0.80 0.79 0.93 1.19 1.49 1.78 1.97 1.99 1.93 1.72 1.34 1.04 0.84 0.81 1.01 1.30 1.63 1.93 2.21 2.29 2.21 1.95
 17   1.57 1.16 0.76 0.53 0.59 0.85 1.16 1.55 1.89 2.11 2.20 2.08 1.81 1.36 1.03 0.83 0.81 1.06 1.39 1.73 2.09 2.31 2.35 2.21
 18   1.87 1.32 0.86 0.51 0.37 0.47 0.79 1.19 1.65 2.05 2.32 2.33 2.19 1.85 1.40 1.05 0.87 0.87 1.08 1.52 1.88 2.18 2.37 2.36
 19   2.13 1.73 1.13 0.64 0.28 0.20 0.33 0.77 1.23 1.69 2.12 2.36 2.39 2.18 1.80 1.33 1.00 0.85 0.91 1.18 1.61 1.93 2.22 2.36
 20   2.27 1.97 1.51 0.91 0.47 0.18 0.16 0.38 0.85 1.37 1.85 2.23 2.43 2.40 2.17 1.75 1.34 1.02 0.93 1.06 1.40 1.73 2.01 2.26
 21   2.33 2.19 1.82 1.33 0.77 0.36 0.23 0.28 0.57 1.08 1.60 1.98 2.34 2.48 2.35 2.02 1.60 1.25 1.05 1.03 1.22 1.54 1.80 2.08
 22   2.26 2.15 1.94 1.60 1.10 0.64 0.36 0.30 0.46 0.82 1.22 1.60 1.97 2.20 2.30 2.18 1.86 1.49 1.18 1.04 1.03 1.24 1.53 1.76
 23   1.93 2.02 1.94 1.75 1.45 0.94 0.58 0.43 0.40 0.52 0.90 1.30 1.62 1.94 2.16 2.19 2.05 1.78 1.45 1.24 1.13 1.12 1.30 1.53
 24   1.72 1.84 1.85 1.76 1.56 1.28 0.96 0.66 0.53 0.57 0.73 1.06 1.40 1.69 1.90 2.05 2.05 1.88 1.66 1.44 1.30 1.19 1.16 1.31
 25   1.50 1.62 1.68 1.67 1.58 1.42 1.20 0.96 0.81 0.71 0.71 0.87 1.16 1.41 1.62 1.82 1.92 1.89 1.80 1.66 1.49 1.28 1.20 1.21
 26   1.36 1.45 1.52 1.55 1.57 1.54 1.43 1.27 1.10 0.97 0.90 0.92 1.05 1.29 1.50 1.68 1.85 1.97 1.97 1.88 1.74 1.56 1.40 1.28
 27   1.26 1.28 1.37 1.45 1.53 1.60 1.59 1.50 1.41 1.30 1.17 1.08 1.07 1.18 1.35 1.53 1.70 1.86 1.96 1.94 1.84 1.68 1.50 1.34
 28   1.23 1.14 1.18 1.27 1.38 1.52 1.60 1.62 1.58 1.50 1.38 1.25 1.13 1.08 1.17 1.35 1.51 1.68 1.87 1.97 1.94 1.83 1.66 1.47
 29   1.26 1.14 1.06 1.10 1.22 1.40 1.57 1.68 1.71 1.69 1.62 1.48 1.28 1.16 1.12 1.20 1.37 1.54 1.76 1.94 1.99 1.91 1.78 1.58
 30   1.33 1.17 0.95 0.92 0.98 1.18 1.41 1.59 1.72 1.79 1.76 1.60 1.41 1.25 1.12 1.10 1.21 1.42 1.63 1.83 1.99 2.00 1.88 1.68
 ----------------------------------------------------------------------------------------------------------------------------
                                                                                               
 ----------------------------------------------------------------------------------------------------------------------------
 ----------------------------------------------------------------------------------------------------------------------------
                                                          SURVEY OF INDIA
                                                    MARINE GEODESY WING (G&RB)
                                                     HOURLY HEIGHTS IN METRES
  NAME OF PORT:- MARMAGAO                                                                           MONTH MAY       YEAR 2015
 ----------------------------------------------------------------------------------------------------------------------------
 DAYS 0000 0001 0002 0003 0004 0005 0006 0007 0008 0009 0010 0011 0012 0013 0014 0015 0016 0017 0018 0019 0020 0021 0022 0023
 ----------------------------------------------------------------------------------------------------------------------------
  1   1.40 1.10 0.85 0.80 0.83 0.97 1.25 1.52 1.73 1.90 1.92 1.82 1.64 1.42 1.21 1.10 1.11 1.24 1.50 1.73 1.90 2.00 1.94 1.78
  2   1.48 1.14 0.84 0.64 0.60 0.74 1.00 1.32 1.61 1.84 1.96 1.97 1.80 1.52 1.28 1.12 1.04 1.10 1.34 1.58 1.80 1.97 2.00 1.99
  3   1.60 1.22 0.86 0.62 0.54 0.58 0.80 1.16 1.56 1.86 2.04 2.10 2.01 1.81 1.52 1.25 1.12 1.10 1.23 1.49 1.73 1.93 2.06 2.00
  4   1.78 1.44 0.98 0.66 0.46 0.44 0.58 0.92 1.36 1.70 1.98 2.16 2.14 1.98 1.72 1.38 1.16 1.04 1.12 1.32 1.62 1.83 2.01 2.08
  5   1.90 1.60 1.22 0.78 0.43 0.38 0.44 0.63 1.10 1.50 1.88 2.10 2.21 2.15 1.91 1.58 1.29 1.13 1.07 1.18 1.46 1.68 1.82 1.94
  6   1.94 1.76 1.46 0.93 0.52 0.32 0.33 0.50 0.79 1.28 1.71 1.99 2.21 2.27 2.10 1.78 1.49 1.23 1.08 1.10 1.30 1.58 1.80 1.98
  7   2.03 1.88 1.63 1.22 0.82 0.46 0.29 0.36 0.58 1.00 1.36 1.76 2.07 2.22 2.20 1.98 1.67 1.40 1.18 1.09 1.14 1.39 1.64 1.80
  8   1.97 1.90 1.78 1.52 1.08 0.68 0.46 0.36 0.42 0.74 1.13 1.51 1.86 2.13 2.20 2.12 1.94 1.66 1.36 1.21 1.19 1.29 1.48 1.68
  9   1.86 1.93 1.89 1.66 1.38 1.09 0.72 0.48 0.44 0.60 0.91 1.26 1.62 1.92 2.12 2.18 2.10 1.86 1.57 1.34 1.23 1.20 1.24 1.47
 10   1.62 1.77 1.84 1.72 1.55 1.28 0.96 0.71 0.58 0.56 0.68 1.02 1.34 1.64 1.87 2.08 2.11 1.98 1.79 1.57 1.33 1.20 1.16 1.32
 11   1.38 1.50 1.60 1.65 1.60 1.47 1.27 0.99 0.78 0.64 0.62 0.76 1.02 1.33 1.62 1.86 1.99 2.04 1.94 1.72 1.48 1.28 1.10 1.06
 12   1.04 1.20 1.38 1.55 1.64 1.65 1.56 1.37 1.18 1.01 0.84 0.78 0.90 1.10 1.36 1.66 1.88 2.06 2.08 1.98 1.75 1.47 1.24 0.88
 13   0.94 0.96 1.07 1.23 1.42 1.57 1.69 1.70 1.59 1.40 1.15 0.92 0.86 0.97 1.18 1.38 1.61 1.87 2.06 2.08 1.96 1.74 1.44 1.08
 14   0.80 0.65 0.74 0.94 1.13 1.38 1.64 1.78 1.80 1.73 1.50 1.26 1.04 0.93 0.98 1.18 1.46 1.72 1.93 2.08 2.10 1.98 1.70 1.29
 15   0.94 0.68 0.52 0.54 0.78 1.14 1.41 1.69 1.89 1.92 1.87 1.68 1.37 1.10 0.94 1.00 1.20 1.50 1.78 2.00 2.17 2.16 1.96 1.60
 16   1.10 0.76 0.52 0.34 0.38 0.74 1.17 1.54 1.84 2.10 2.18 2.06 1.77 1.42 1.16 1.02 1.08 1.30 1.56 1.84 2.06 2.24 2.18 1.88
 17   1.50 1.00 0.56 0.28 0.21 0.38 0.74 1.19 1.58 2.00 2.30 2.32 2.13 1.82 1.44 1.18 1.06 1.10 1.36 1.66 1.92 2.22 2.30 2.08
 18   1.82 1.40 0.80 0.39 0.16 0.13 0.44 0.86 1.30 1.80 2.24 2.44 2.40 2.18 1.78 1.42 1.15 1.06 1.16 1.44 1.72 2.04 2.18 2.22
 19   2.05 1.68 1.14 0.70 0.30 0.12 0.28 0.58 1.04 1.54 2.00 2.30 2.44 2.38 2.12 1.72 1.40 1.12 1.04 1.20 1.52 1.80 2.04 2.16
 20   2.10 1.90 1.50 0.97 0.54 0.28 0.16 0.26 0.74 1.21 1.64 2.01 2.30 2.39 2.24 1.96 1.60 1.25 1.06 1.02 1.22 1.54 1.76 1.95
 21   2.05 1.92 1.68 1.32 0.80 0.44 0.26 0.22 0.40 0.88 1.32 1.70 2.04 2.24 2.24 2.12 1.82 1.42 1.14 1.00 1.04 1.26 1.52 1.69
 22   1.84 1.87 1.75 1.50 1.09 0.73 0.51 0.36 0.40 0.60 1.06 1.48 1.78 2.06 2.22 2.18 1.98 1.66 1.32 1.14 1.07 1.12 1.33 1.50
 23   1.64 1.76 1.76 1.61 1.40 1.06 0.80 0.62 0.52 0.59 0.88 1.24 1.52 1.82 2.03 2.08 2.02 1.82 1.53 1.32 1.18 1.08 1.10 1.32
 24   1.48 1.58 1.64 1.60 1.50 1.30 1.04 0.82 0.68 0.66 0.78 1.09 1.36 1.60 1.86 2.01 2.02 1.90 1.72 1.46 1.23 1.14 1.10 1.10
 25   1.30 1.39 1.50 1.55 1.50 1.42 1.27 1.06 0.92 0.84 0.84 0.96 1.17 1.40 1.64 1.80 1.90 1.91 1.78 1.60 1.39 1.20 1.08 1.02
 26   1.04 1.17 1.28 1.38 1.44 1.44 1.38 1.28 1.15 1.02 0.94 0.94 1.07 1.24 1.41 1.62 1.76 1.80 1.79 1.68 1.50 1.30 1.08 0.96
 27   0.92 0.94 1.04 1.18 1.28 1.38 1.42 1.40 1.31 1.20 1.10 1.02 0.99 1.08 1.22 1.40 1.60 1.72 1.75 1.71 1.62 1.44 1.20 0.96
 28   0.79 0.81 0.86 0.93 1.11 1.33 1.48 1.52 1.50 1.44 1.34 1.15 1.01 1.00 1.06 1.26 1.47 1.62 1.72 1.76 1.73 1.58 1.38 1.06
 29   0.84 0.70 0.64 0.72 0.90 1.09 1.30 1.50 1.58 1.57 1.51 1.38 1.19 1.05 1.02 1.10 1.24 1.42 1.58 1.70 1.75 1.66 1.47 1.14
 30   0.80 0.64 0.50 0.45 0.60 0.84 1.16 1.40 1.60 1.69 1.68 1.61 1.44 1.23 1.08 1.03 1.16 1.34 1.50 1.64 1.74 1.72 1.62 1.36
 31   0.98 0.66 0.46 0.36 0.40 0.60 0.92 1.27 1.54 1.72 1.83 1.77 1.58 1.36 1.17 1.04 1.04 1.16 1.34 1.54 1.70 1.77 1.68 1.49
 ----------------------------------------------------------------------------------------------------------------------------
                                                                                               
 ----------------------------------------------------------------------------------------------------------------------------
 ----------------------------------------------------------------------------------------------------------------------------
                                                          SURVEY OF INDIA
                                                    MARINE GEODESY WING (G&RB)
                                                     HOURLY HEIGHTS IN METRES
  NAME OF PORT:- MARMAGAO                                                                           MONTH JUNE      YEAR 2015
 ----------------------------------------------------------------------------------------------------------------------------
 DAYS 0000 0001 0002 0003 0004 0005 0006 0007 0008 0009 0010 0011 0012 0013 0014 0015 0016 0017 0018 0019 0020 0021 0022 0023
 ----------------------------------------------------------------------------------------------------------------------------
  1   1.10 0.78 0.44 0.28 0.24 0.36 0.72 1.12 1.46 1.75 1.94 1.96 1.89 1.64 1.37 1.17 1.04 1.08 1.21 1.44 1.66 1.84 1.82 1.66
  2   1.40 1.02 0.62 0.35 0.18 0.23 0.44 0.86 1.27 1.62 1.94 2.02 2.00 1.85 1.54 1.24 1.06 0.98 1.04 1.30 1.54 1.75 1.84 1.76
  3   1.57 1.26 0.75 0.42 0.16 0.10 0.24 0.57 1.04 1.44 1.82 2.06 2.14 2.02 1.76 1.46 1.18 1.02 0.99 1.14 1.40 1.64 1.80 1.87
  4   1.73 1.48 1.08 0.64 0.30 0.08 0.14 0.38 0.73 1.20 1.62 1.96 2.15 2.16 2.02 1.70 1.35 1.11 0.93 1.00 1.24 1.50 1.71 1.84
  5   1.72 1.74 1.40 1.00 0.55 0.22 0.14 0.23 0.50 0.92 1.40 1.80 2.07 2.20 2.18 2.00 1.64 1.37 1.12 1.02 1.06 1.34 1.62 1.74
  6   1.88 1.87 1.68 1.36 0.90 0.56 0.32 0.22 0.38 0.80 1.18 1.62 1.98 2.26 2.34 2.22 1.94 1.59 1.32 1.16 1.07 1.17 1.40 1.64
  7   1.80 1.90 1.88 1.68 1.39 1.04 0.66 0.50 0.54 0.70 1.02 1.48 1.84 2.13 2.35 2.40 2.18 1.88 1.58 1.32 1.16 1.09 1.25 1.50
  8   1.68 1.80 1.90 1.88 1.70 1.40 1.04 0.80 0.64 0.70 0.90 1.24 1.60 1.90 2.20 2.32 2.28 2.10 1.78 1.47 1.24 1.12 1.05 1.14
  9   1.36 1.58 1.72 1.80 1.78 1.63 1.40 1.14 0.92 0.83 0.85 1.08 1.38 1.68 1.92 2.16 2.30 2.27 2.06 1.72 1.44 1.20 1.06 1.00
 10   1.09 1.28 1.48 1.64 1.77 1.80 1.70 1.52 1.30 1.14 1.00 1.00 1.17 1.46 1.72 1.96 2.16 2.25 2.16 1.95 1.70 1.38 1.10 0.90
 11   0.80 0.94 1.12 1.34 1.58 1.75 1.84 1.82 1.70 1.50 1.28 1.20 1.20 1.30 1.54 1.78 2.02 2.17 2.23 2.14 1.96 1.70 1.31 0.98
 12   0.74 0.72 0.80 1.04 1.30 1.58 1.80 1.92 1.94 1.84 1.64 1.44 1.30 1.22 1.26 1.48 1.72 1.92 2.10 2.15 2.07 1.89 1.54 1.12
 13   0.74 0.56 0.51 0.62 0.85 1.24 1.60 1.86 2.05 2.10 1.98 1.75 1.50 1.34 1.26 1.32 1.51 1.72 1.92 2.07 2.14 2.08 1.82 1.44
 14   1.03 0.68 0.48 0.42 0.56 0.88 1.28 1.67 1.96 2.19 2.22 2.04 1.78 1.57 1.36 1.23 1.24 1.47 1.70 1.92 2.08 2.12 2.02 1.74
 15   1.30 0.88 0.52 0.24 0.26 0.54 0.90 1.32 1.74 2.10 2.30 2.31 2.10 1.84 1.54 1.34 1.24 1.27 1.48 1.74 1.98 2.12 2.16 2.00
 16   1.67 1.24 0.76 0.40 0.24 0.25 0.57 1.00 1.46 1.82 2.18 2.38 2.32 2.10 1.76 1.46 1.25 1.12 1.20 1.46 1.70 1.93 2.10 2.11
 17   1.78 1.48 1.02 0.56 0.28 0.20 0.32 0.68 1.12 1.54 1.95 2.25 2.40 2.28 2.02 1.70 1.38 1.20 1.14 1.26 1.54 1.78 1.98 2.08
 18   1.98 1.74 1.38 0.94 0.50 0.30 0.27 0.48 0.86 1.30 1.77 2.10 2.32 2.39 2.22 1.94 1.58 1.26 1.14 1.12 1.28 1.54 1.78 1.95
 19   2.00 1.92 1.58 1.26 0.85 0.52 0.34 0.36 0.68 1.09 1.55 1.90 2.18 2.28 2.27 2.07 1.70 1.37 1.19 1.10 1.16 1.40 1.66 1.83
 20   1.97 1.89 1.74 1.51 1.09 0.74 0.56 0.49 0.59 0.93 1.37 1.75 2.02 2.25 2.31 2.21 1.92 1.62 1.36 1.18 1.09 1.22 1.46 1.66
 21   1.81 1.87 1.84 1.68 1.39 1.05 0.75 0.65 0.71 0.89 1.19 1.57 1.87 2.15 2.28 2.23 2.06 1.81 1.56 1.28 1.17 1.17 1.29 1.51
 22   1.67 1.77 1.78 1.70 1.58 1.33 1.07 0.91 0.83 0.89 1.11 1.41 1.72 1.93 2.11 2.19 2.13 1.90 1.67 1.40 1.21 1.14 1.16 1.25
 23   1.57 1.69 1.72 1.70 1.65 1.51 1.30 1.14 1.03 0.98 1.08 1.28 1.58 1.81 1.99 2.08 2.05 1.92 1.74 1.51 1.29 1.17 1.12 1.18
 24   1.30 1.43 1.53 1.63 1.65 1.61 1.51 1.34 1.21 1.13 1.13 1.23 1.39 1.59 1.77 1.95 2.04 2.00 1.84 1.63 1.43 1.25 1.09 1.02
 25   1.05 1.17 1.29 1.43 1.53 1.58 1.59 1.52 1.39 1.28 1.22 1.20 1.28 1.43 1.62 1.79 1.89 1.89 1.83 1.70 1.50 1.30 1.12 0.95
 26   0.89 0.91 1.04 1.17 1.35 1.50 1.61 1.63 1.57 1.47 1.38 1.31 1.27 1.31 1.45 1.59 1.70 1.80 1.82 1.76 1.63 1.39 1.15 0.92
 27   0.79 0.72 0.79 0.95 1.11 1.35 1.53 1.64 1.67 1.65 1.54 1.43 1.33 1.29 1.32 1.44 1.58 1.72 1.79 1.78 1.68 1.52 1.26 0.97
 28   0.76 0.64 0.57 0.71 0.91 1.13 1.39 1.62 1.72 1.75 1.70 1.57 1.39 1.27 1.26 1.30 1.37 1.50 1.64 1.75 1.73 1.62 1.40 1.10
 29   0.77 0.53 0.41 0.40 0.57 0.83 1.15 1.43 1.63 1.81 1.86 1.79 1.59 1.40 1.23 1.18 1.25 1.41 1.56 1.69 1.78 1.75 1.63 1.36
 30   1.01 0.68 0.43 0.31 0.37 0.59 0.93 1.29 1.65 1.90 2.01 2.00 1.83 1.58 1.37 1.20 1.13 1.19 1.37 1.55 1.74 1.83 1.75 1.57
 ----------------------------------------------------------------------------------------------------------------------------
                                                                                               
 ----------------------------------------------------------------------------------------------------------------------------
 ----------------------------------------------------------------------------------------------------------------------------
                                                          SURVEY OF INDIA
                                                    MARINE GEODESY WING (G&RB)
                                                     HOURLY HEIGHTS IN METRES
  NAME OF PORT:- MARMAGAO                                                                           MONTH JULY      YEAR 2015
 ----------------------------------------------------------------------------------------------------------------------------
 DAYS 0000 0001 0002 0003 0004 0005 0006 0007 0008 0009 0010 0011 0012 0013 0014 0015 0016 0017 0018 0019 0020 0021 0022 0023
 ----------------------------------------------------------------------------------------------------------------------------
  1   1.19 0.79 0.45 0.18 0.11 0.28 0.57 0.99 1.37 1.73 1.99 2.06 1.96 1.73 1.43 1.19 1.05 1.03 1.15 1.37 1.61 1.78 1.81 1.76
  2   1.46 1.07 0.61 0.24 0.08 0.08 0.29 0.63 1.15 1.57 1.87 2.08 2.11 1.95 1.65 1.37 1.07 0.95 1.03 1.22 1.47 1.75 1.91 1.87
  3   1.71 1.47 0.99 0.52 0.21 0.06 0.12 0.42 0.89 1.35 1.79 2.09 2.21 2.18 1.99 1.61 1.29 1.07 0.94 1.02 1.31 1.59 1.83 1.96
  4   1.93 1.73 1.42 0.91 0.43 0.18 0.08 0.22 0.59 1.09 1.53 1.90 2.17 2.26 2.13 1.83 1.44 1.07 0.87 0.86 1.06 1.28 1.53 1.75
  5   1.87 1.82 1.59 1.27 0.75 0.39 0.15 0.11 0.32 0.73 1.24 1.64 1.99 2.18 2.21 1.98 1.65 1.23 0.91 0.73 0.73 0.91 1.21 1.47
  6   1.76 1.79 1.71 1.55 1.18 0.73 0.39 0.24 0.27 0.50 0.96 1.35 1.69 1.98 2.16 2.08 1.82 1.46 1.03 0.77 0.61 0.63 0.83 1.11
  7   1.39 1.58 1.67 1.61 1.42 1.13 0.79 0.47 0.39 0.45 0.73 1.11 1.49 1.79 2.01 2.11 1.99 1.71 1.32 0.91 0.67 0.57 0.55 0.75
  8   1.04 1.29 1.49 1.63 1.60 1.47 1.24 0.93 0.69 0.64 0.72 0.95 1.29 1.59 1.83 2.01 2.05 1.90 1.65 1.29 0.91 0.65 0.52 0.51
  9   0.75 1.00 1.22 1.43 1.57 1.62 1.56 1.35 1.07 0.91 0.86 0.90 1.09 1.37 1.60 1.80 1.95 1.96 1.80 1.50 1.18 0.87 0.60 0.44
 10   0.56 0.64 0.85 1.11 1.36 1.55 1.63 1.62 1.46 1.25 1.09 1.00 1.01 1.18 1.40 1.59 1.75 1.86 1.84 1.67 1.44 1.13 0.78 0.52
 11   0.33 0.39 0.55 0.77 1.05 1.35 1.59 1.69 1.69 1.60 1.41 1.25 1.12 1.12 1.22 1.37 1.55 1.72 1.85 1.85 1.71 1.47 1.11 0.75
 12   0.53 0.35 0.35 0.47 0.76 1.05 1.41 1.67 1.83 1.84 1.74 1.57 1.37 1.21 1.13 1.19 1.36 1.54 1.73 1.82 1.81 1.67 1.43 1.10
 13   0.74 0.43 0.27 0.27 0.45 0.77 1.13 1.48 1.75 1.91 1.87 1.69 1.49 1.29 1.15 1.11 1.18 1.33 1.51 1.67 1.79 1.79 1.65 1.41
 14   0.99 0.60 0.32 0.18 0.25 0.47 0.83 1.19 1.53 1.81 1.95 1.83 1.59 1.37 1.19 1.07 1.03 1.09 1.25 1.43 1.65 1.83 1.79 1.63
 15   1.35 0.92 0.53 0.29 0.16 0.25 0.55 0.97 1.35 1.69 2.01 2.08 2.01 1.77 1.43 1.13 0.97 0.95 1.06 1.29 1.51 1.69 1.79 1.72
 16   1.52 1.17 0.76 0.39 0.15 0.13 0.34 0.69 1.08 1.47 1.81 2.00 2.03 1.89 1.59 1.24 1.00 0.85 0.85 1.03 1.31 1.53 1.70 1.75
 17   1.61 1.37 1.04 0.64 0.30 0.16 0.19 0.47 0.87 1.27 1.65 1.91 2.05 2.01 1.77 1.45 1.14 0.89 0.80 0.92 1.16 1.43 1.65 1.75
 18   1.73 1.60 1.31 0.95 0.59 0.32 0.25 0.37 0.71 1.07 1.47 1.78 1.99 2.03 1.87 1.59 1.26 0.99 0.79 0.75 0.85 1.13 1.39 1.57
 19   1.69 1.66 1.42 1.09 0.74 0.44 0.27 0.28 0.51 0.86 1.26 1.57 1.82 1.99 1.97 1.73 1.41 1.11 0.87 0.81 0.85 0.98 1.23 1.47
 20   1.60 1.64 1.56 1.32 1.02 0.72 0.52 0.46 0.52 0.80 1.19 1.52 1.76 1.95 1.98 1.84 1.60 1.28 1.03 0.86 0.78 0.88 1.11 1.32
 21   1.54 1.62 1.60 1.45 1.20 0.93 0.71 0.61 0.61 0.78 1.06 1.38 1.64 1.84 1.92 1.90 1.68 1.36 1.10 0.92 0.79 0.78 0.92 1.10
 22   1.30 1.46 1.52 1.46 1.29 1.10 0.92 0.78 0.70 0.76 0.98 1.26 1.50 1.74 1.86 1.88 1.76 1.56 1.30 1.02 0.85 0.77 0.80 0.96
 23
 24
 25
 26
 27
 28
 29
 30
 31
 ----------------------------------------------------------------------------------------------------------------------------
                                                                                               
 ----------------------------------------------------------------------------------------------------------------------------
 ----------------------------------------------------------------------------------------------------------------------------
                                                          SURVEY OF INDIA
                                                    MARINE GEODESY WING (G&RB)
                                                     HOURLY HEIGHTS IN METRES
  NAME OF PORT:- MARMAGAO                                                                           MONTH AUGUST    YEAR 2015
 ----------------------------------------------------------------------------------------------------------------------------
 DAYS 0000 0001 0002 0003 0004 0005 0006 0007 0008 0009 0010 0011 0012 0013 0014 0015 0016 0017 0018 0019 0020 0021 0022 0023
 ----------------------------------------------------------------------------------------------------------------------------
  1   1.70 1.30 0.88 0.42 0.02-0.06 0.20 0.60 1.08 1.52 1.90 2.20 2.24 2.11 1.75 1.31 1.00 0.74 0.72 0.88 1.17 1.54 1.80 1.99
  2   1.92 1.74 1.30 0.80 0.40 0.17 0.13 0.36 0.80 1.32 1.72 2.10 2.31 2.30 2.06 1.66 1.24 0.84 0.64 0.66 0.90 1.26 1.60 1.89
  3   2.00 1.97 1.68 1.26 0.76 0.38 0.22 0.25 0.58 1.00 1.50 1.90 2.16 2.30 2.22 1.94 1.48 0.96 0.64 0.48 0.56 0.84 1.20 1.52
  4   1.82 1.96 1.91 1.66 1.18 0.76 0.50 0.38 0.46 0.76 1.26 1.68 2.00 2.26 2.28 2.12 1.74 1.30 0.84 0.54 0.44 0.58 0.87 1.18
  5   1.56 1.80 1.92 1.84 1.61 1.27 0.87 0.68 0.63 0.70 1.06 1.47 1.80 2.06 2.26 2.24 1.98 1.62 1.20 0.81 0.56 0.48 0.62 0.92
  6   1.17 1.50 1.76 1.88 1.84 1.66 1.36 1.04 0.90 0.88 0.98 1.28 1.62 1.88 2.09 2.20 2.08 1.84 1.48 1.08 0.75 0.57 0.50 0.64
  7   0.94 1.22 1.46 1.68 1.78 1.76 1.62 1.44 1.22 1.08 1.06 1.16 1.39 1.63 1.82 1.95 2.02 1.93 1.70 1.40 1.04 0.78 0.58 0.52
  8   0.64 0.90 1.12 1.34 1.56 1.72 1.74 1.68 1.52 1.32 1.22 1.20 1.27 1.42 1.59 1.72 1.83 1.86 1.78 1.60 1.34 1.03 0.74 0.56
  9   0.46 0.56 0.76 0.96 1.20 1.48 1.66 1.72 1.70 1.58 1.44 1.29 1.20 1.20 1.32 1.44 1.56 1.67 1.74 1.71 1.55 1.32 1.06 0.76
 10   0.52 0.46 0.52 0.68 0.94 1.24 1.52 1.72 1.82 1.82 1.74 1.56 1.36 1.24 1.22 1.26 1.39 1.53 1.64 1.74 1.72 1.56 1.33 1.04
 11   0.74 0.48 0.34 0.46 0.68 0.90 1.24 1.56 1.78 1.88 1.89 1.74 1.50 1.26 1.08 1.08 1.14 1.26 1.46 1.62 1.70 1.70 1.60 1.34
 12   1.05 0.68 0.44 0.35 0.40 0.70 1.04 1.36 1.66 1.92 2.02 1.94 1.74 1.48 1.22 1.04 1.02 1.12 1.29 1.49 1.66 1.77 1.74 1.54
 13   1.26 0.94 0.59 0.36 0.30 0.46 0.76 1.15 1.48 1.78 2.00 2.02 1.88 1.66 1.33 1.06 0.92 0.93 1.04 1.28 1.52 1.68 1.77 1.71
 14   1.52 1.18 0.78 0.48 0.30 0.34 0.54 0.88 1.26 1.60 1.88 2.00 1.96 1.77 1.46 1.15 0.93 0.78 0.84 1.06 1.32 1.58 1.74 1.76
 15   1.60 1.37 1.04 0.66 0.36 0.28 0.40 0.68 1.06 1.44 1.74 1.94 2.00 1.88 1.61 1.28 0.96 0.78 0.74 0.88 1.16 1.46 1.70 1.78
 16   1.70 1.53 1.24 0.88 0.55 0.38 0.37 0.56 0.90 1.30 1.64 1.88 2.00 1.94 1.72 1.42 1.06 0.81 0.70 0.76 0.96 1.28 1.56 1.74
 17   1.77 1.62 1.40 1.10 0.72 0.47 0.41 0.48 0.74 1.16 1.47 1.74 1.92 1.95 1.80 1.50 1.16 0.82 0.63 0.62 0.72 1.00 1.30 1.56
 18   1.70 1.68 1.53 1.26 0.90 0.60 0.47 0.45 0.61 0.98 1.37 1.66 1.86 1.94 1.84 1.62 1.30 0.94 0.68 0.60 0.70 0.95 1.24 1.48
 19   1.63 1.72 1.67 1.46 1.12 0.82 0.68 0.64 0.71 0.90 1.24 1.54 1.76 1.89 1.88 1.70 1.42 1.08 0.77 0.63 0.59 0.70 1.00 1.25
 20   1.45 1.61 1.66 1.52 1.32 1.07 0.87 0.72 0.68 0.87 1.12 1.39 1.63 1.80 1.84 1.76 1.58 1.24 0.94 0.68 0.60 0.68 0.84 1.09
 21   1.32 1.51 1.64 1.62 1.52 1.36 1.14 0.96 0.94 1.02 1.18 1.35 1.59 1.80 1.88 1.86 1.71 1.39 1.16 0.93 0.74 0.67 0.76 0.93
 22   1.14 1.40 1.55 1.63 1.62 1.55 1.42 1.27 1.14 1.12 1.20 1.32 1.49 1.64 1.76 1.80 1.74 1.58 1.37 1.07 0.84 0.73 0.68 0.73
 23   0.94 1.14 1.32 1.47 1.56 1.60 1.56 1.44 1.33 1.27 1.25 1.28 1.40 1.54 1.67 1.75 1.77 1.68 1.52 1.32 1.05 0.86 0.75 0.69
 24   0.73 0.92 1.12 1.32 1.48 1.60 1.68 1.68 1.56 1.46 1.38 1.34 1.34 1.42 1.51 1.61 1.68 1.71 1.66 1.51 1.32 1.10 0.88 0.74
 25   0.66 0.70 0.88 1.06 1.30 1.48 1.64 1.76 1.76 1.68 1.55 1.43 1.33 1.29 1.36 1.46 1.55 1.64 1.72 1.69 1.53 1.34 1.10 0.84
 26   0.64 0.57 0.60 0.76 1.02 1.30 1.59 1.77 1.87 1.90 1.78 1.62 1.47 1.32 1.26 1.30 1.39 1.52 1.67 1.78 1.76 1.64 1.44 1.14
 27   0.84 0.54 0.48 0.52 0.68 1.00 1.38 1.70 1.92 2.03 1.98 1.84 1.60 1.34 1.14 1.10 1.14 1.28 1.48 1.70 1.80 1.80 1.72 1.46
 28   1.04 0.68 0.42 0.28 0.38 0.66 1.02 1.40 1.78 2.00 2.10 1.98 1.72 1.42 1.14 0.92 0.86 0.99 1.24 1.52 1.77 1.92 1.92 1.76
 29   1.44 0.96 0.56 0.29 0.24 0.43 0.80 1.20 1.60 1.92 2.12 2.12 1.92 1.60 1.26 0.90 0.73 0.81 1.00 1.28 1.58 1.88 2.09 2.04
 30   1.82 1.39 0.90 0.50 0.26 0.24 0.46 0.92 1.39 1.80 2.10 2.20 2.06 1.76 1.40 1.00 0.66 0.48 0.54 0.84 1.24 1.60 1.92 2.10
 31   2.03 1.76 1.36 0.80 0.40 0.24 0.30 0.64 1.13 1.60 1.98 2.26 2.38 2.20 1.78 1.32 0.89 0.50 0.33 0.46 0.78 1.18 1.56 1.86
 ----------------------------------------------------------------------------------------------------------------------------
                                                                                               
 ----------------------------------------------------------------------------------------------------------------------------
 ----------------------------------------------------------------------------------------------------------------------------
                                                          SURVEY OF INDIA
                                                    MARINE GEODESY WING (G&RB)
                                                     HOURLY HEIGHTS IN METRES
  NAME OF PORT:- MARMAGAO                                                                           MONTH SEPT      YEAR 2015
 ----------------------------------------------------------------------------------------------------------------------------
 DAYS 0000 0001 0002 0003 0004 0005 0006 0007 0008 0009 0010 0011 0012 0013 0014 0015 0016 0017 0018 0019 0020 0021 0022 0023
 ----------------------------------------------------------------------------------------------------------------------------
  1   2.04 2.04 1.78 1.33 0.82 0.50 0.40 0.50 0.90 1.34 1.76 2.12 2.38 2.32 2.08 1.68 1.18 0.64 0.38 0.30 0.44 0.87 1.28 1.66
  2   1.98 2.10 2.00 1.70 1.30 0.88 0.60 0.50 0.66 1.08 1.53 1.90 2.20 2.42 2.33 2.01 1.46 0.96 0.50 0.28 0.26 0.48 0.85 1.24
  3   1.65 0.91 2.00 1.92 1.64 1.26 0.94 0.70 0.67 0.87 1.19 1.50 1.87 2.08 2.10 1.96 1.68 1.24 0.76 0.42 0.27 0.28 0.52 0.87
  4   1.22 1.56 1.82 1.88 1.82 1.63 1.28 1.02 0.86 0.84 1.02 1.33 1.58 1.82 1.95 1.96 1.80 1.53 1.14 0.75 0.49 0.34 0.38 0.62
  5   0.91 1.20 1.49 1.69 1.81 1.74 1.59 1.36 1.18 1.05 1.02 1.15 1.39 1.58 1.72 1.82 1.83 1.69 1.48 1.14 0.85 0.64 0.50 0.51
  6   0.72 0.95 1.22 1.44 1.62 1.74 1.74 1.64 1.49 1.34 1.20 1.14 1.20 1.35 1.49 1.59 1.66 1.68 1.63 1.44 1.16 0.93 0.73 0.59
  7   0.60 0.72 0.92 1.11 1.31 1.58 1.74 1.76 1.71 1.60 1.44 1.28 1.20 1.22 1.30 1.40 1.50 1.59 1.63 1.59 1.46 1.26 1.03 0.83
  8   0.65 0.60 0.71 0.90 1.15 1.38 1.60 1.80 1.86 1.84 1.73 1.49 1.31 1.22 1.18 1.22 1.34 1.49 1.62 1.71 1.70 1.56 1.40 1.17
  9   0.89 0.70 0.68 0.75 0.90 1.18 1.46 1.72 1.90 1.94 1.86 1.70 1.48 1.26 1.12 1.10 1.16 1.30 1.48 1.64 1.74 1.71 1.60 1.40
 10   1.11 0.87 0.64 0.58 0.70 0.94 1.26 1.56 1.82 1.96 1.96 1.86 1.66 1.36 1.10 0.96 0.98 1.12 1.29 1.49 1.68 1.78 1.76 1.64
 11   1.33 1.04 0.78 0.58 0.54 0.74 1.04 1.38 1.68 1.94 2.00 1.94 1.76 1.50 1.18 0.96 0.86 0.92 1.12 1.36 1.62 1.80 1.88 1.80
 12   1.62 1.30 0.98 0.72 0.61 0.64 0.88 1.24 1.58 1.86 2.04 2.10 1.96 1.68 1.30 1.02 0.86 0.86 0.97 1.24 1.52 1.76 1.93 1.98
 13   1.84 1.56 1.28 0.94 0.70 0.64 0.81 1.10 1.47 1.80 2.02 2.14 2.06 1.84 1.48 1.10 0.85 0.79 0.87 1.07 1.40 1.68 1.93 2.02
 14   1.96 1.76 1.47 1.12 0.80 0.70 0.78 0.98 1.36 1.70 1.94 2.10 2.09 1.94 1.60 1.18 0.92 0.75 0.72 0.88 1.20 1.52 1.79 2.00
 15   2.04 1.90 1.68 1.36 0.98 0.77 0.78 0.91 1.20 1.58 1.86 2.06 2.12 2.02 1.78 1.32 0.94 0.74 0.66 0.72 0.98 1.30 1.66 1.92
 16   2.02 2.00 1.84 1.52 1.18 0.96 0.84 0.86 1.10 1.42 1.70 1.94 2.08 2.04 1.81 1.51 1.08 0.78 0.59 0.61 0.84 1.08 1.42 1.74
 17   1.92 1.98 1.86 1.64 1.34 1.03 0.90 0.87 1.00 1.24 1.54 1.80 1.92 1.96 1.84 1.60 1.20 0.84 0.66 0.58 0.65 0.86 1.18 1.50
 18   1.74 1.88 1.90 1.74 1.49 1.22 1.04 0.93 1.00 1.17 1.40 1.67 1.83 1.90 1.87 1.66 1.34 1.00 0.72 0.57 0.59 0.74 0.96 1.24
 19   1.54 1.72 1.79 1.80 1.66 1.40 1.17 1.10 1.10 1.15 1.26 1.56 1.73 1.82 1.84 1.71 1.49 1.20 0.93 0.74 0.64 0.63 0.82 1.08
 20   1.30 1.50 1.71 1.80 1.76 1.62 1.42 1.22 1.16 1.15 1.22 1.38 1.56 1.68 1.73 1.72 1.58 1.38 1.10 0.84 0.68 0.60 0.64 0.84
 21   1.06 1.26 1.48 1.64 1.70 1.66 1.57 1.44 1.28 1.22 1.26 1.34 1.44 1.54 1.62 1.66 1.65 1.51 1.29 1.08 0.87 0.74 0.66 0.66
 22   0.86 1.09 1.28 1.46 1.62 1.70 1.69 1.62 1.50 1.38 1.30 1.26 1.28 1.34 1.43 1.53 1.61 1.60 1.48 1.32 1.13 0.92 0.79 0.70
 23   0.68 0.80 1.00 1.20 1.44 1.65 1.76 1.75 1.69 1.58 1.43 1.30 1.22 1.20 1.26 1.36 1.48 1.58 1.62 1.55 1.43 1.24 0.97 0.78
 24   0.64 0.66 0.76 0.92 1.16 1.44 1.72 1.86 1.86 1.78 1.65 1.44 1.21 1.08 1.06 1.12 1.25 1.42 1.58 1.68 1.68 1.56 1.35 1.00
 25   0.74 0.58 0.54 0.64 0.88 1.19 1.48 1.78 1.98 1.98 1.86 1.62 1.30 1.02 0.90 0.91 1.08 1.27 1.50 1.72 1.88 1.88 1.72 1.47
 26   1.07 0.77 0.54 0.54 0.70 1.00 1.36 1.70 2.00 2.13 2.08 1.89 1.56 1.10 0.79 0.68 0.70 0.88 1.20 1.56 1.85 2.02 2.02 1.82
 27   1.44 1.04 0.68 0.45 0.46 0.68 1.02 1.46 1.87 2.11 2.22 2.12 1.80 1.36 0.90 0.54 0.43 0.51 0.82 1.20 1.61 1.94 2.14 2.09
 28   1.90 1.44 0.95 0.58 0.44 0.45 0.72 1.24 1.64 2.00 2.25 2.26 2.08 1.64 1.10 0.64 0.30 0.25 0.42 0.82 1.30 1.70 2.12 2.26
 29   2.20 1.96 1.48 1.00 0.68 0.52 0.64 1.00 1.48 1.88 2.20 2.36 2.33 2.00 1.48 0.90 0.42 0.18 0.20 0.44 0.90 1.40 1.86 2.20
 30   2.32 2.20 1.88 1.40 0.94 0.68 0.60 0.80 1.18 1.60 1.98 2.24 2.32 2.18 1.78 1.24 0.62 0.28 0.10 0.16 0.50 1.02 1.50 1.90
 ----------------------------------------------------------------------------------------------------------------------------
                                                                                               
 ----------------------------------------------------------------------------------------------------------------------------
 ----------------------------------------------------------------------------------------------------------------------------
                                                          SURVEY OF INDIA
                                                    MARINE GEODESY WING (G&RB)
                                                     HOURLY HEIGHTS IN METRES
  NAME OF PORT:- MARMAGAO                                                                           MONTH OCTOBER   YEAR 2015
 ----------------------------------------------------------------------------------------------------------------------------
 DAYS 0000 0001 0002 0003 0004 0005 0006 0007 0008 0009 0010 0011 0012 0013 0014 0015 0016 0017 0018 0019 0020 0021 0022 0023
 ----------------------------------------------------------------------------------------------------------------------------
  1   2.26 2.30 2.16 1.84 1.40 1.00 0.78 0.76 1.02 1.36 1.72 2.04 2.24 2.26 2.02 1.64 1.10 0.60 0.28 0.16 0.26 0.67 1.12 1.60
  2   1.97 2.22 2.27 2.08 1.76 1.38 1.06 0.93 0.94 1.16 1.50 1.78 2.00 2.16 2.12 1.87 1.48 1.02 0.64 0.36 0.34 0.48 0.84 1.22
  3   1.62 1.94 2.13 2.16 2.04 1.77 1.44 1.20 1.10 1.12 1.29 1.58 1.82 1.96 2.01 1.98 1.76 1.44 1.03 0.76 0.56 0.50 0.67 1.00
  4   1.30 1.60 1.88 2.06 2.04 1.90 1.70 1.47 1.30 1.20 1.24 1.36 1.53 1.67 1.75 1.79 1.76 1.59 1.31 1.02 0.79 0.65 0.61 0.74
  5   1.02 1.30 1.52 1.74 1.90 1.90 1.82 1.67 1.48 1.30 1.22 1.21 1.28 1.40 1.51 1.60 1.64 1.60 1.49 1.33 1.11 0.94 0.80 0.76
  6   0.85 1.08 1.28 1.50 1.69 1.86 1.90 1.86 1.76 1.60 1.43 1.30 1.26 1.28 1.37 1.46 1.56 1.64 1.64 1.58 1.47 1.30 1.14 0.99
  7   0.96 1.01 1.14 1.30 1.53 1.74 1.90 2.02 1.98 1.85 1.64 1.45 1.32 1.24 1.22 1.30 1.44 1.57 1.66 1.70 1.69 1.60 1.44 1.26
  8   1.10 1.00 1.04 1.20 1.37 1.56 1.78 1.98 2.07 2.00 1.86 1.67 1.42 1.22 1.12 1.16 1.28 1.44 1.59 1.75 1.82 1.84 1.75 1.56
  9   1.30 1.11 1.00 1.06 1.20 1.42 1.68 1.92 2.08 2.14 2.04 1.86 1.58 1.30 1.10 1.02 1.10 1.28 1.50 1.72 1.89 1.96 1.92 1.76
 10   1.50 1.24 1.06 0.96 1.05 1.26 1.50 1.78 2.02 2.12 2.08 1.94 1.72 1.40 1.10 0.90 0.92 1.05 1.30 1.60 1.85 2.00 2.04 1.94
 11   1.74 1.42 1.18 1.00 0.94 1.08 1.32 1.64 1.87 2.03 2.11 2.07 1.82 1.48 1.16 0.78 0.73 0.84 1.10 1.40 1.68 1.97 2.10 2.02
 12   1.82 1.59 1.26 0.98 0.88 0.92 1.08 1.42 1.71 1.90 2.02 1.99 1.82 1.50 1.12 0.80 0.54 0.59 0.80 1.10 1.48 1.80 1.98 2.04
 13   1.94 1.70 1.38 1.10 0.89 0.84 0.94 1.22 1.56 1.80 1.96 1.99 1.86 1.58 1.20 0.85 0.56 0.50 0.58 0.86 1.20 1.60 1.88 2.01
 14   2.00 1.82 1.54 1.20 0.96 0.81 0.90 1.14 1.40 1.70 1.92 2.02 1.94 1.72 1.38 0.97 0.64 0.49 0.53 0.70 1.10 1.50 1.80 2.00
 15   2.10 1.98 1.78 1.44 1.14 0.99 0.94 1.02 1.30 1.60 1.86 2.00 2.00 1.85 1.54 1.18 0.80 0.52 0.44 0.60 0.96 1.38 1.74 1.96
 16   2.12 2.13 2.00 1.70 1.38 1.16 1.10 1.14 1.30 1.52 1.80 2.00 2.08 2.00 1.76 1.42 1.00 0.70 0.52 0.57 0.78 1.12 1.53 1.84
 17   2.09 2.22 2.17 1.94 1.70 1.40 1.22 1.18 1.27 1.47 1.72 1.90 2.00 2.00 1.82 1.56 1.19 0.86 0.59 0.52 0.63 0.92 1.26 1.60
 18   1.90 2.10 2.18 2.03 1.81 1.56 1.34 1.22 1.22 1.34 1.54 1.74 1.87 1.92 1.86 1.66 1.41 1.08 0.79 0.63 0.62 0.76 1.03 1.35
 19   1.71 1.96 2.08 2.10 1.99 1.78 1.54 1.40 1.32 1.31 1.41 1.59 1.74 1.82 1.85 1.80 1.58 1.32 1.08 0.82 0.76 0.77 0.90 1.19
 20   1.46 1.74 1.94 2.06 2.06 1.94 1.76 1.56 1.44 1.38 1.37 1.45 1.58 1.68 1.77 1.80 1.74 1.58 1.35 1.12 0.93 0.87 0.90 1.04
 21   1.30 1.56 1.76 1.94 2.05 2.08 2.00 1.82 1.66 1.52 1.41 1.39 1.47 1.57 1.65 1.72 1.76 1.73 1.64 1.47 1.25 1.08 0.94 0.94
 22   1.10 1.28 1.49 1.70 1.93 2.08 2.08 2.00 1.87 1.68 1.47 1.32 1.26 1.32 1.42 1.52 1.64 1.76 1.79 1.76 1.62 1.38 1.18 1.02
 23   0.96 1.05 1.22 1.46 1.73 1.94 2.12 2.18 2.12 1.96 1.68 1.41 1.24 1.12 1.12 1.26 1.44 1.66 1.84 1.92 1.91 1.80 1.56 1.30
 24   1.12 1.01 1.06 1.28 1.50 1.82 2.08 2.27 2.30 2.18 1.96 1.60 1.27 1.00 0.90 0.94 1.13 1.38 1.70 1.96 2.09 2.10 1.94 1.68
 25   1.28 1.08 0.98 1.00 1.18 1.49 1.82 2.12 2.32 2.32 2.15 1.85 1.41 0.97 0.73 0.64 0.70 1.00 1.38 1.74 2.06 2.24 2.26 2.06
 26   1.68 1.33 1.02 0.90 0.96 1.26 1.58 1.92 2.22 2.40 2.36 2.10 1.76 1.22 0.74 0.48 0.43 0.58 1.00 1.46 1.86 2.26 2.42 2.38
 27   2.12 1.70 1.28 1.00 0.87 1.00 1.34 1.70 2.06 2.30 2.40 2.32 2.08 1.50 0.90 0.44 0.22 0.28 0.56 1.02 1.52 2.04 2.35 2.48
 28   2.43 2.12 1.62 1.24 0.98 0.94 1.12 1.50 1.89 2.15 2.35 2.40 2.18 1.76 1.20 0.62 0.24 0.10 0.24 0.62 1.10 1.66 2.16 2.43
 29   2.52 2.38 2.06 1.54 1.20 1.00 0.96 1.20 1.60 1.90 2.16 2.32 2.29 2.00 1.60 1.02 0.52 0.19 0.13 0.32 0.71 1.27 1.78 2.18
 30   2.42 2.50 2.30 1.96 1.47 1.14 0.98 1.04 1.30 1.60 1.86 2.10 2.24 2.10 1.80 1.42 0.86 0.44 0.20 0.19 0.40 0.82 1.32 1.76
 31   2.10 2.34 2.34 2.10 1.72 1.34 1.10 1.00 1.04 1.30 1.59 1.79 1.97 2.03 1.90 1.66 1.28 0.79 0.50 0.30 0.28 0.56 1.00 1.38
 ----------------------------------------------------------------------------------------------------------------------------
                                                                                              
 ----------------------------------------------------------------------------------------------------------------------------
 ----------------------------------------------------------------------------------------------------------------------------
                                                          SURVEY OF INDIA
                                                    MARINE GEODESY WING (G&RB)
                                                     HOURLY HEIGHTS IN METRES
  NAME OF PORT:- MARMAGAO                                                                           MONTH NOVEMBER  YEAR 2015
 ----------------------------------------------------------------------------------------------------------------------------
 DAYS 0000 0001 0002 0003 0004 0005 0006 0007 0008 0009 0010 0011 0012 0013 0014 0015 0016 0017 0018 0019 0020 0021 0022 0023
 ----------------------------------------------------------------------------------------------------------------------------
  1   1.76 2.04 2.23 2.20 2.00 1.64 1.38 1.16 1.09 1.12 1.34 1.59 1.76 1.87 1.88 1.78 1.54 1.22 0.92 0.68 0.52 0.59 0.84 1.19
  2   1.53 1.86 2.08 2.20 2.16 1.98 1.72 1.47 1.31 1.22 1.22 1.38 1.56 1.68 1.74 1.74 1.67 1.52 1.26 1.01 0.84 0.80 0.88 1.03
  3   1.34 1.64 1.87 2.06 2.14 2.10 1.96 1.76 1.58 1.38 1.26 1.26 1.38 1.51 1.60 1.67 1.70 1.65 1.54 1.35 1.20 1.10 1.03 1.04
  4   1.22 1.47 1.68 1.87 2.06 2.12 2.08 1.97 1.81 1.59 1.38 1.30 1.27 1.31 1.42 1.55 1.63 1.68 1.68 1.62 1.52 1.38 1.24 1.15
  5   1.18 1.32 1.49 1.65 1.85 2.00 2.06 2.04 1.94 1.76 1.53 1.35 1.23 1.20 1.23 1.31 1.44 1.58 1.68 1.70 1.68 1.60 1.48 1.35
  6   1.26 1.24 1.33 1.47 1.64 1.81 1.94 2.03 2.02 1.88 1.66 1.44 1.22 1.08 1.06 1.10 1.24 1.42 1.61 1.72 1.78 1.78 1.68 1.52
  7   1.34 1.24 1.24 1.30 1.46 1.64 1.82 1.96 2.03 1.94 1.75 1.50 1.26 1.04 0.88 0.88 1.00 1.20 1.44 1.64 1.78 1.86 1.84 1.68
  8   1.48 1.31 1.18 1.17 1.29 1.45 1.66 1.84 1.94 1.96 1.83 1.62 1.34 1.04 0.83 0.75 0.84 1.02 1.32 1.58 1.78 1.94 2.00 1.90
  9   1.71 1.48 1.30 1.16 1.19 1.36 1.57 1.78 1.94 2.00 1.92 1.75 1.48 1.14 0.84 0.67 0.67 0.82 1.10 1.46 1.74 1.96 2.08 2.02
 10   1.86 1.63 1.38 1.18 1.15 1.22 1.40 1.67 1.88 1.98 1.96 1.84 1.58 1.24 0.86 0.66 0.60 0.64 0.89 1.28 1.64 1.90 2.10 2.14
 11   2.06 1.82 1.54 1.32 1.17 1.14 1.28 1.54 1.78 1.94 2.00 1.91 1.69 1.36 0.94 0.64 0.47 0.45 0.68 1.00 1.40 1.76 2.02 2.18
 12   2.14 1.94 1.70 1.40 1.19 1.10 1.16 1.36 1.64 1.86 1.96 1.94 1.78 1.49 1.10 0.68 0.44 0.34 0.48 0.76 1.16 1.56 1.91 2.14
 13   2.20 2.12 1.90 1.60 1.32 1.16 1.12 1.22 1.54 1.76 1.91 1.98 1.90 1.68 1.32 0.90 0.54 0.33 0.38 0.59 0.94 1.36 1.78 2.04
 14   2.24 2.21 2.06 1.78 1.42 1.19 1.12 1.18 1.36 1.58 1.76 1.90 1.91 1.76 1.45 1.06 0.66 0.41 0.34 0.37 0.66 1.10 1.54 1.84
 15   2.12 2.24 2.17 1.98 1.68 1.36 1.18 1.18 1.28 1.49 1.69 1.84 1.94 1.88 1.68 1.38 0.96 0.60 0.48 0.46 0.55 0.90 1.34 1.68
 16   1.98 2.23 2.26 2.10 1.88 1.57 1.30 1.19 1.18 1.30 1.50 1.68 1.80 1.80 1.70 1.50 1.18 0.78 0.58 0.45 0.47 0.70 1.06 1.40
 17   1.74 1.99 2.12 2.10 1.92 1.68 1.43 1.21 1.13 1.13 1.24 1.43 1.60 1.68 1.67 1.56 1.36 1.06 0.81 0.62 0.51 0.57 0.83 1.15
 18   1.48 1.74 1.97 2.01 1.98 1.86 1.60 1.36 1.19 1.08 1.11 1.24 1.37 1.50 1.57 1.58 1.50 1.34 1.11 0.89 0.72 0.64 0.72 0.92
 19   1.24 1.50 1.72 1.94 2.03 1.95 1.78 1.58 1.35 1.18 1.05 1.04 1.15 1.28 1.40 1.48 1.52 1.51 1.42 1.21 1.00 0.83 0.79 0.83
 20   1.00 1.30 1.53 1.74 1.93 1.99 1.93 1.78 1.55 1.27 1.06 0.95 0.92 0.97 1.12 1.28 1.43 1.57 1.60 1.52 1.36 1.20 1.04 0.96
 21   0.97 1.14 1.38 1.60 1.80 1.98 2.04 2.00 1.82 1.56 1.24 0.97 0.82 0.80 0.86 1.04 1.27 1.50 1.69 1.76 1.74 1.60 1.40 1.20
 22   1.08 1.06 1.20 1.40 1.62 1.88 2.08 2.16 2.08 1.88 1.50 1.14 0.84 0.65 0.58 0.70 0.96 1.28 1.60 1.84 2.00 1.98 1.83 1.56
 23   1.32 1.14 1.10 1.20 1.42 1.66 1.92 2.14 2.18 2.06 1.80 1.40 0.94 0.60 0.40 0.38 0.56 0.89 1.30 1.62 2.02 2.14 2.13 1.98
 24   1.64 1.35 1.18 1.13 1.20 1.46 1.76 2.02 2.19 2.20 2.04 1.68 1.20 0.72 0.36 0.16 0.20 0.49 0.96 1.42 1.86 2.20 2.33 2.25
 25   2.08 1.64 1.30 1.11 1.10 1.21 1.50 1.80 2.08 2.24 2.18 1.98 1.62 1.12 0.58 0.24 0.08 0.20 0.60 1.12 1.60 2.06 2.40 2.50
 26   2.40 2.09 1.70 1.36 1.15 1.12 1.34 1.64 1.93 2.19 2.27 2.20 1.98 1.58 1.00 0.50 0.18 0.09 0.30 0.72 1.28 1.76 2.18 2.48
 27   2.54 2.34 2.06 1.60 1.28 1.12 1.16 1.39 1.68 1.96 2.15 2.22 2.12 1.86 1.37 0.80 0.38 0.15 0.16 0.38 0.89 1.40 1.88 2.26
 28   2.48 2.46 2.28 1.88 1.48 1.20 1.10 1.11 1.34 1.66 1.90 2.09 2.14 1.97 1.67 1.23 0.74 0.43 0.26 0.29 0.62 1.12 1.60 2.00
 29   2.34 2.52 2.46 2.24 1.84 1.47 1.24 1.14 1.24 1.49 1.72 1.92 2.07 2.05 1.88 1.60 1.16 0.78 0.56 0.46 0.54 0.90 1.32 1.70
 30   2.06 2.34 2.44 2.32 2.06 1.68 1.40 1.22 1.14 1.21 1.43 1.62 1.80 1.90 1.86 1.68 1.40 1.06 0.77 0.61 0.61 0.77 1.13 1.48
 ----------------------------------------------------------------------------------------------------------------------------
                                                                                               
 ----------------------------------------------------------------------------------------------------------------------------
 ----------------------------------------------------------------------------------------------------------------------------
                                                          SURVEY OF INDIA
                                                    MARINE GEODESY WING (G&RB)
                                                     HOURLY HEIGHTS IN METRES
  NAME OF PORT:- MARMAGAO                                                                           MONTH DECEMBER  YEAR 2015
 ----------------------------------------------------------------------------------------------------------------------------
 DAYS 0000 0001 0002 0003 0004 0005 0006 0007 0008 0009 0010 0011 0012 0013 0014 0015 0016 0017 0018 0019 0020 0021 0022 0023
 ----------------------------------------------------------------------------------------------------------------------------
  1   1.82 2.10 2.20 2.22 2.14 1.89 1.60 1.32 1.17 1.14 1.26 1.46 1.62 1.74 1.77 1.74 1.61 1.37 1.10 0.88 0.81 0.84 1.00 1.30
  2   1.62 1.86 2.10 2.23 2.20 2.04 1.80 1.54 1.34 1.20 1.16 1.22 1.40 1.55 1.65 1.67 1.62 1.50 1.33 1.14 1.03 0.97 0.99 1.16
  3   1.38 1.66 1.87 2.00 2.08 2.04 1.89 1.70 1.46 1.26 1.13 1.11 1.17 1.26 1.36 1.46 1.53 1.54 1.47 1.36 1.25 1.17 1.11 1.12
  4   1.28 1.47 1.68 1.85 1.98 1.99 1.91 1.78 1.60 1.36 1.16 1.06 1.02 1.06 1.16 1.28 1.42 1.54 1.56 1.52 1.45 1.36 1.29 1.20
  5   1.18 1.30 1.48 1.64 1.78 1.86 1.89 1.82 1.68 1.48 1.27 1.07 0.93 0.90 0.94 1.08 1.24 1.42 1.58 1.64 1.62 1.55 1.46 1.36
  6   1.27 1.28 1.37 1.50 1.64 1.76 1.86 1.87 1.80 1.62 1.40 1.17 0.94 0.80 0.78 0.88 1.06 1.26 1.47 1.65 1.71 1.72 1.67 1.54
  7   1.36 1.27 1.26 1.38 1.52 1.63 1.76 1.85 1.86 1.76 1.57 1.26 0.95 0.75 0.63 0.67 0.84 1.08 1.34 1.58 1.78 1.86 1.82 1.72
  8   1.56 1.39 1.30 1.28 1.36 1.52 1.67 1.78 1.84 1.81 1.62 1.37 1.07 0.82 0.62 0.54 0.64 0.87 1.16 1.48 1.80 1.96 2.01 1.99
  9   1.80 1.57 1.40 1.32 1.34 1.44 1.63 1.79 1.91 1.93 1.83 1.64 1.31 0.98 0.68 0.50 0.55 0.74 1.04 1.40 1.73 2.01 2.19 2.20
 10   2.00 1.78 1.57 1.38 1.32 1.36 1.51 1.70 1.85 1.96 1.96 1.76 1.48 1.14 0.77 0.48 0.40 0.50 0.80 1.14 1.54 1.90 2.12 2.24
 11   2.18 1.92 1.65 1.40 1.26 1.22 1.31 1.54 1.74 1.89 1.95 1.87 1.62 1.26 0.80 0.46 0.28 0.27 0.44 0.82 1.28 1.68 2.02 2.22
 12   2.26 2.08 1.85 1.56 1.30 1.14 1.17 1.36 1.60 1.78 1.92 1.92 1.80 1.50 1.10 0.66 0.34 0.25 0.37 0.61 1.04 1.54 1.90 2.22
 13   2.34 2.28 2.10 1.86 1.46 1.27 1.20 1.24 1.47 1.74 1.91 2.02 1.98 1.78 1.40 0.96 0.59 0.38 0.34 0.48 0.86 1.32 1.74 2.07
 14   2.34 2.40 2.26 2.02 1.68 1.36 1.18 1.20 1.33 1.55 1.73 1.92 1.98 1.90 1.64 1.24 0.82 0.50 0.34 0.34 0.61 1.00 1.43 1.93
 15   2.16 2.32 2.34 2.16 1.84 1.53 1.24 1.12 1.12 1.28 1.52 1.74 1.86 1.86 1.76 1.53 1.06 0.70 0.47 0.36 0.44 0.76 1.18 1.52
 16   1.88 2.18 2.28 2.20 1.96 1.62 1.32 1.10 1.02 1.10 1.26 1.46 1.63 1.75 1.77 1.66 1.35 1.01 0.76 0.56 0.53 0.62 0.94 1.32
 17   1.72 2.00 2.20 2.30 2.20 1.91 1.55 1.32 1.13 1.03 1.06 1.24 1.43 1.58 1.73 1.75 1.62 1.40 1.12 0.92 0.76 0.74 0.88 1.18
 18   1.50 1.78 2.08 2.22 2.22 2.07 1.82 1.48 1.22 1.00 0.92 0.98 1.14 1.32 1.50 1.62 1.66 1.64 1.52 1.24 1.06 1.00 0.98 1.05
 19   1.32 1.64 1.87 2.09 2.22 2.20 2.00 1.74 1.44 1.16 0.88 0.80 0.84 0.98 1.16 1.37 1.54 1.65 1.66 1.58 1.38 1.20 1.09 1.05
 20   1.11 1.28 1.57 1.80 1.99 2.08 2.04 1.88 1.60 1.22 0.94 0.68 0.57 0.61 0.77 0.96 1.22 1.48 1.66 1.71 1.68 1.54 1.36 1.20
 21   1.14 1.14 1.34 1.58 1.76 1.92 2.00 2.00 1.82 1.55 1.14 0.82 0.51 0.38 0.45 0.64 0.90 1.20 1.57 1.78 1.89 1.88 1.76 1.54
 22   1.32 1.22 1.22 1.37 1.56 1.75 1.92 2.02 1.98 1.80 1.46 1.07 0.68 0.37 0.24 0.29 0.56 0.92 1.30 1.66 1.94 2.01 1.98 1.80
 23   1.55 1.28 1.16 1.18 1.28 1.46 1.68 1.87 1.95 1.88 1.69 1.36 0.86 0.49 0.18 0.08 0.16 0.48 0.92 1.36 1.76 2.04 2.14 2.09
 24   1.88 1.51 1.28 1.15 1.12 1.26 1.49 1.70 1.90 2.00 1.94 1.71 1.30 0.85 0.45 0.14 0.03 0.24 0.66 1.10 1.54 1.98 2.27 2.34
 25   2.20 1.94 1.58 1.28 1.15 1.14 1.26 1.53 1.78 1.98 2.02 1.94 1.67 1.27 0.74 0.33 0.10 0.06 0.32 0.77 1.28 1.69 2.02 2.35
 26   2.35 2.16 1.82 1.46 1.15 0.98 1.03 1.24 1.49 1.70 1.90 1.95 1.79 1.50 1.02 0.55 0.18 0.02 0.10 0.40 0.89 1.36 1.80 2.14
 27   2.30 2.26 2.06 1.70 1.30 1.02 0.90 0.98 1.22 1.48 1.70 1.83 1.86 1.68 1.38 0.94 0.52 0.22 0.16 0.28 0.62 1.12 1.58 1.94
 28   2.24 2.34 2.28 2.00 1.62 1.24 0.98 0.93 1.08 1.32 1.58 1.79 1.91 1.84 1.65 1.34 0.94 0.58 0.38 0.36 0.51 0.92 1.38 1.77
 29   2.09 2.34 2.35 2.19 1.87 1.48 1.17 1.02 0.99 1.14 1.43 1.66 1.84 1.88 1.77 1.55 1.28 0.96 0.67 0.52 0.59 0.82 1.22 1.62
 30   1.93 2.18 2.31 2.20 1.94 1.63 1.25 1.03 0.96 0.99 1.18 1.41 1.59 1.70 1.72 1.63 1.45 1.19 0.92 0.74 0.70 0.79 1.06 1.42
 31   1.73 2.03 2.17 2.18 2.03 1.79 1.48 1.23 1.02 0.96 1.01 1.21 1.40 1.55 1.63 1.64 1.57 1.39 1.15 0.97 0.88 0.89 0.99 1.27
 ----------------------------------------------------------------------------------------------------------------------------
                                                                                              
 ----------------------------------------------------------------------------------------------------------------------------
 ----------------------------------------------------------------------------------------------------------------------------
