                                                          SURVEY OF INDIA
                                                    MARINE GEODESY WING (G&RB)
                                                     HOURLY HEIGHTS IN METRES
  NAME OF PORT:- MARMAGAO                                                                           MONTH JANUARY   YEAR 2019
 ----------------------------------------------------------------------------------------------------------------------------
 DAYS 0000 0001 0002 0003 0004 0005 0006 0007 0008 0009 0010 0011 0012 0013 0014 0015 0016 0017 0018 0019 0020 0021 0022 0023
 ----------------------------------------------------------------------------------------------------------------------------
  1   1.34 1.34 1.40 1.55 1.72 1.87 1.99 2.01 1.91 1.69 1.41 1.09 0.80 0.64 0.59 0.71 0.96 1.26 1.57 1.83 1.98 2.02 1.97 1.82
  2   1.65 1.49 1.42 1.47 1.58 1.74 1.89 1.98 1.97 1.83 1.59 1.30 0.96 0.68 0.51 0.52 0.67 0.97 1.32 1.65 1.90 2.07 2.10 2.00
  3   1.82 1.60 1.43 1.38 1.41 1.52 1.70 1.85 1.93 1.90 1.76 1.49 1.14 0.79 0.50 0.37 0.46 0.70 1.02 1.42 1.79 2.07 2.22 2.22
  4   2.09 1.86 1.61 1.43 1.36 1.39 1.53 1.72 1.87 1.94 1.88 1.70 1.42 1.03 0.66 0.43 0.35 0.45 0.79 1.17 1.53 1.90 2.13 2.22
  5   2.18 1.98 1.73 1.50 1.34 1.30 1.37 1.53 1.72 1.88 1.92 1.82 1.57 1.25 0.86 0.51 0.35 0.37 0.58 0.95 1.38 1.78 2.07 2.24
  6   2.28 2.18 1.92 1.61 1.38 1.29 1.31 1.42 1.60 1.80 1.90 1.89 1.74 1.46 1.12 0.72 0.44 0.36 0.46 0.72 1.15 1.61 1.95 2.22
  7   2.33 2.28 2.08 1.80 1.49 1.28 1.22 1.27 1.46 1.70 1.88 1.94 1.88 1.67 1.34 0.98 0.66 0.45 0.41 0.58 0.96 1.44 1.82 2.13
  8   2.33 2.39 2.28 2.02 1.70 1.44 1.33 1.32 1.41 1.64 1.88 1.98 1.96 1.84 1.58 1.22 0.86 0.62 0.54 0.62 0.89 1.29 1.70 2.02
  9   2.25 2.34 2.28 2.10 1.81 1.50 1.29 1.23 1.28 1.45 1.66 1.83 1.90 1.85 1.68 1.40 1.06 0.76 0.63 0.62 0.74 1.08 1.48 1.82
 10   2.12 2.30 2.32 2.18 1.92 1.60 1.35 1.24 1.23 1.31 1.49 1.69 1.82 1.85 1.78 1.58 1.27 0.98 0.78 0.71 0.75 0.98 1.33 1.70
 11   2.00 2.22 2.33 2.30 2.03 1.73 1.46 1.29 1.22 1.24 1.37 1.56 1.73 1.80 1.78 1.68 1.46 1.20 0.97 0.82 0.80 0.92 1.20 1.54
 12   1.86 2.11 2.26 2.28 2.16 1.91 1.63 1.38 1.22 1.17 1.24 1.40 1.57 1.70 1.76 1.74 1.62 1.43 1.23 1.06 1.00 1.02 1.16 1.44
 13   1.75 2.00 2.18 2.24 2.18 2.02 1.78 1.50 1.27 1.13 1.10 1.18 1.32 1.47 1.58 1.64 1.64 1.56 1.42 1.26 1.14 1.10 1.16 1.33
 14   1.56 1.80 2.02 2.14 2.14 2.05 1.88 1.62 1.34 1.16 1.06 1.04 1.11 1.25 1.40 1.53 1.62 1.64 1.61 1.52 1.40 1.30 1.28 1.34
 15   1.50 1.70 1.90 2.04 2.10 2.08 1.99 1.80 1.50 1.21 1.02 0.92 0.90 0.97 1.12 1.30 1.46 1.60 1.69 1.71 1.65 1.54 1.44 1.40
 16   1.44 1.56 1.70 1.85 1.97 2.03 2.00 1.88 1.67 1.39 1.10 0.87 0.74 0.73 0.84 1.03 1.25 1.46 1.67 1.81 1.85 1.80 1.69 1.58
 17   1.52 1.53 1.60 1.71 1.84 1.96 2.03 2.00 1.85 1.60 1.32 1.02 0.77 0.65 0.65 0.75 0.98 1.29 1.58 1.86 2.03 2.07 1.98 1.83
 18   1.69 1.59 1.57 1.62 1.73 1.88 2.01 2.06 2.00 1.83 1.57 1.24 0.88 0.57 0.43 0.47 0.65 0.96 1.36 1.73 2.04 2.18 2.21 2.14
 19   1.94 1.70 1.54 1.50 1.55 1.68 1.84 2.00 2.08 2.02 1.82 1.50 1.10 0.70 0.40 0.30 0.35 0.62 1.07 1.48 1.90 2.20 2.36 2.35
 20   2.20 1.90 1.60 1.44 1.38 1.44 1.64 1.87 2.04 2.10 2.04 1.84 1.50 1.00 0.54 0.26 0.16 0.27 0.63 1.14 1.64 2.06 2.38 2.50
 21   2.44 2.14 1.80 1.50 1.30 1.25 1.37 1.62 1.89 2.10 2.18 2.11 1.82 1.38 0.87 0.42 0.14 0.08 0.28 0.72 1.24 1.74 2.20 2.52
 22   2.58 2.44 2.12 1.70 1.34 1.15 1.13 1.30 1.62 1.93 2.17 2.24 2.14 1.88 1.45 0.90 0.39 0.13 0.14 0.40 0.89 1.40 1.90 2.33
 23   2.59 2.61 2.40 2.00 1.51 1.15 0.98 1.01 1.25 1.58 1.91 2.16 2.23 2.10 1.80 1.35 0.79 0.35 0.17 0.23 0.50 1.00 1.54 2.00
 24   2.40 2.58 2.51 2.22 1.76 1.33 0.98 0.83 0.90 1.20 1.53 1.85 2.08 2.15 2.02 1.70 1.26 0.78 0.47 0.36 0.43 0.80 1.30 1.77
 25   2.20 2.48 2.54 2.40 2.07 1.60 1.13 0.81 0.72 0.84 1.16 1.50 1.80 1.98 2.02 1.88 1.60 1.22 0.86 0.60 0.55 0.68 1.05 1.49
 26   1.88 2.22 2.43 2.43 2.23 1.88 1.39 0.97 0.70 0.64 0.77 1.05 1.35 1.62 1.80 1.85 1.77 1.57 1.28 0.99 0.82 0.80 0.95 1.25
 27   1.60 1.92 2.18 2.31 2.26 2.00 1.63 1.25 0.92 0.70 0.64 0.79 1.04 1.30 1.53 1.69 1.77 1.76 1.64 1.43 1.23 1.11 1.10 1.24
 28   1.48 1.75 1.97 2.12 2.18 2.10 1.90 1.60 1.24 0.93 0.72 0.66 0.75 0.95 1.20 1.43 1.61 1.73 1.77 1.72 1.58 1.42 1.31 1.29
 29   1.36 1.55 1.75 1.90 1.99 2.00 1.93 1.75 1.48 1.15 0.88 0.70 0.64 0.73 0.90 1.11 1.34 1.56 1.74 1.82 1.80 1.71 1.60 1.50
 30   1.42 1.41 1.50 1.66 1.79 1.86 1.86 1.80 1.65 1.40 1.12 0.88 0.70 0.62 0.66 0.83 1.07 1.32 1.58 1.80 1.92 1.92 1.84 1.73
 31   1.60 1.51 1.50 1.54 1.62 1.72 1.80 1.83 1.78 1.66 1.45 1.15 0.87 0.67 0.59 0.63 0.83 1.10 1.40 1.67 1.88 2.00 2.02 1.93
 ----------------------------------------------------------------------------------------------------------------------------
                                                                                               
 ----------------------------------------------------------------------------------------------------------------------------
 ----------------------------------------------------------------------------------------------------------------------------
                                                          SURVEY OF INDIA
                                                    MARINE GEODESY WING (G&RB)
                                                     HOURLY HEIGHTS IN METRES
  NAME OF PORT:- MARMAGAO                                                                           MONTH FEBRUARY  YEAR 2019
 ----------------------------------------------------------------------------------------------------------------------------
 DAYS 0000 0001 0002 0003 0004 0005 0006 0007 0008 0009 0010 0011 0012 0013 0014 0015 0016 0017 0018 0019 0020 0021 0022 0023
 ----------------------------------------------------------------------------------------------------------------------------
  1   1.74 1.55 1.45 1.44 1.49 1.59 1.71 1.81 1.84 1.76 1.51 1.22 0.93 0.71 0.62 0.64 0.79 1.06 1.38 1.69 1.94 2.06 2.09 2.06
  2   1.94 1.71 1.50 1.39 1.38 1.44 1.56 1.72 1.82 1.83 1.76 1.60 1.33 1.03 0.74 0.56 0.54 0.67 0.97 1.31 1.67 1.98 2.20 2.24
  3   2.14 1.94 1.70 1.46 1.33 1.31 1.38 1.54 1.72 1.83 1.84 1.74 1.54 1.23 0.87 0.60 0.49 0.53 0.77 1.11 1.48 1.83 2.13 2.25
  4   2.24 2.11 1.84 1.55 1.33 1.23 1.27 1.44 1.62 1.77 1.87 1.86 1.71 1.44 1.10 0.74 0.55 0.50 0.62 0.92 1.36 1.74 2.06 2.26
  5   2.31 2.19 1.93 1.63 1.39 1.21 1.17 1.27 1.49 1.73 1.89 1.92 1.83 1.60 1.29 0.92 0.61 0.48 0.52 0.74 1.12 1.55 1.89 2.14
  6   2.27 2.23 2.01 1.72 1.39 1.15 1.06 1.10 1.30 1.55 1.78 1.89 1.88 1.74 1.50 1.12 0.74 0.54 0.49 0.61 0.92 1.37 1.76 2.06
  7   2.24 2.25 2.10 1.80 1.47 1.17 1.02 1.03 1.16 1.39 1.67 1.85 1.91 1.85 1.67 1.36 1.00 0.69 0.57 0.62 0.82 1.16 1.60 1.96
  8   2.19 2.26 2.20 1.98 1.61 1.26 1.01 0.92 0.97 1.17 1.44 1.68 1.84 1.87 1.75 1.52 1.16 0.87 0.69 0.63 0.73 1.01 1.45 1.79
  9   2.05 2.20 2.19 2.02 1.72 1.39 1.05 0.88 0.87 0.98 1.23 1.48 1.69 1.79 1.80 1.66 1.37 1.07 0.84 0.75 0.81 0.98 1.29 1.63
 10   1.94 2.15 2.19 2.09 1.84 1.50 1.17 0.94 0.81 0.82 1.01 1.26 1.49 1.67 1.75 1.70 1.53 1.28 1.05 0.90 0.85 0.95 1.19 1.47
 11   1.79 2.03 2.11 2.05 1.88 1.62 1.26 1.00 0.84 0.79 0.87 1.06 1.28 1.49 1.63 1.69 1.67 1.54 1.34 1.16 1.07 1.06 1.16 1.44
 12   1.73 1.95 2.07 2.10 2.02 1.80 1.49 1.20 0.95 0.79 0.76 0.86 1.07 1.30 1.50 1.63 1.68 1.66 1.56 1.40 1.26 1.21 1.25 1.37
 13   1.58 1.80 1.97 2.03 2.01 1.89 1.64 1.36 1.08 0.84 0.72 0.73 0.84 1.03 1.24 1.45 1.61 1.68 1.68 1.63 1.53 1.41 1.35 1.35
 14   1.41 1.60 1.80 1.92 1.95 1.89 1.76 1.55 1.27 1.01 0.78 0.64 0.63 0.73 0.92 1.14 1.36 1.58 1.74 1.79 1.76 1.69 1.58 1.48
 15   1.45 1.51 1.64 1.77 1.86 1.90 1.86 1.74 1.55 1.27 1.01 0.78 0.60 0.56 0.66 0.86 1.11 1.39 1.66 1.85 1.94 1.95 1.87 1.74
 16   1.61 1.52 1.52 1.61 1.74 1.86 1.93 1.94 1.86 1.65 1.36 1.06 0.74 0.52 0.47 0.58 0.80 1.09 1.47 1.80 2.03 2.13 2.12 1.99
 17   1.76 1.56 1.41 1.37 1.45 1.60 1.76 1.90 1.93 1.84 1.62 1.30 0.91 0.57 0.32 0.23 0.36 0.65 1.08 1.50 1.87 2.16 2.28 2.21
 18   1.99 1.70 1.38 1.24 1.23 1.31 1.49 1.71 1.91 2.01 1.93 1.70 1.31 0.87 0.47 0.22 0.15 0.32 0.73 1.20 1.65 2.07 2.36 2.41
 19   2.23 1.92 1.55 1.21 1.02 1.03 1.22 1.51 1.79 2.03 2.13 2.05 1.79 1.36 0.83 0.42 0.16 0.15 0.40 0.82 1.35 1.85 2.27 2.50
 20   2.49 2.27 1.85 1.40 1.02 0.89 0.92 1.18 1.57 1.91 2.18 2.28 2.14 1.81 1.33 0.75 0.36 0.19 0.28 0.64 1.15 1.67 2.16 2.50
 21   2.60 2.47 2.13 1.59 1.11 0.80 0.71 0.89 1.25 1.63 1.99 2.23 2.29 2.16 1.82 1.31 0.82 0.47 0.33 0.46 0.80 1.33 1.82 2.30
 22   2.56 2.59 2.37 1.95 1.40 0.90 0.62 0.60 0.80 1.19 1.60 1.97 2.23 2.29 2.14 1.81 1.35 0.86 0.61 0.55 0.67 1.08 1.56 2.00
 23   2.38 2.57 2.49 2.20 1.76 1.18 0.73 0.56 0.57 0.79 1.18 1.57 1.94 2.17 2.19 2.06 1.77 1.33 0.98 0.80 0.80 1.01 1.41 1.81
 24   2.18 2.45 2.55 2.41 2.07 1.58 1.06 0.77 0.64 0.66 0.90 1.28 1.64 1.94 2.13 2.17 2.05 1.79 1.47 1.22 1.09 1.09 1.28 1.60
 25   1.95 2.25 2.39 2.37 2.19 1.87 1.40 1.03 0.77 0.66 0.72 0.94 1.24 1.54 1.82 2.01 2.05 1.95 1.74 1.53 1.36 1.31 1.35 1.50
 26   1.73 1.98 2.14 2.21 2.17 1.99 1.69 1.34 1.04 0.82 0.72 0.79 1.00 1.26 1.50 1.71 1.87 1.94 1.91 1.79 1.64 1.52 1.48 1.48
 27   1.56 1.72 1.87 1.97 2.01 1.95 1.79 1.57 1.30 1.07 0.89 0.82 0.85 0.99 1.20 1.45 1.67 1.82 1.89 1.89 1.84 1.75 1.65 1.55
 28   1.49 1.52 1.62 1.72 1.80 1.83 1.77 1.64 1.45 1.23 1.02 0.86 0.79 0.82 0.94 1.12 1.33 1.54 1.74 1.88 1.95 1.92 1.81 1.70
 ----------------------------------------------------------------------------------------------------------------------------
                                                                                               
 ----------------------------------------------------------------------------------------------------------------------------
 ----------------------------------------------------------------------------------------------------------------------------
                                                          SURVEY OF INDIA
                                                    MARINE GEODESY WING (G&RB)
                                                     HOURLY HEIGHTS IN METRES
  NAME OF PORT:- MARMAGAO                                                                           MONTH MARCH     YEAR 2019
 ----------------------------------------------------------------------------------------------------------------------------
 DAYS 0000 0001 0002 0003 0004 0005 0006 0007 0008 0009 0010 0011 0012 0013 0014 0015 0016 0017 0018 0019 0020 0021 0022 0023
 ----------------------------------------------------------------------------------------------------------------------------
  1   1.58 1.50 1.48 1.53 1.60 1.68 1.73 1.72 1.64 1.50 1.30 1.08 0.89 0.77 0.75 0.84 1.04 1.28 1.54 1.77 1.90 1.94 1.92 1.82
  2   1.68 1.50 1.39 1.37 1.40 1.46 1.56 1.66 1.69 1.62 1.48 1.25 1.00 0.81 0.72 0.73 0.83 1.04 1.33 1.62 1.88 2.03 2.06 2.00
  3   1.82 1.60 1.42 1.33 1.31 1.35 1.45 1.60 1.72 1.74 1.68 1.52 1.28 1.00 0.77 0.68 0.71 0.87 1.15 1.48 1.77 2.00 2.12 2.11
  4   1.94 1.70 1.46 1.26 1.19 1.20 1.30 1.50 1.68 1.78 1.77 1.65 1.44 1.18 0.88 0.66 0.59 0.68 0.96 1.30 1.61 1.92 2.10 2.12
  5   2.02 1.83 1.55 1.28 1.12 1.08 1.15 1.37 1.62 1.80 1.87 1.84 1.66 1.39 1.06 0.79 0.63 0.62 0.82 1.15 1.54 1.86 2.10 2.22
  6   2.18 2.00 1.70 1.36 1.13 1.03 1.06 1.22 1.48 1.74 1.90 1.92 1.81 1.57 1.24 0.92 0.71 0.64 0.73 1.00 1.38 1.72 1.99 2.16
  7   2.16 2.01 1.73 1.41 1.11 0.94 0.92 1.06 1.30 1.58 1.81 1.93 1.92 1.77 1.47 1.09 0.77 0.63 0.64 0.84 1.19 1.59 1.91 2.13
  8   2.20 2.10 1.84 1.50 1.12 0.84 0.74 0.83 1.08 1.38 1.66 1.88 1.95 1.84 1.60 1.28 0.90 0.66 0.62 0.72 1.00 1.42 1.77 2.04
  9   2.18 2.16 1.97 1.61 1.20 0.90 0.70 0.66 0.82 1.15 1.49 1.78 1.94 1.94 1.79 1.52 1.16 0.86 0.72 0.76 0.96 1.29 1.66 1.95
 10   2.14 2.17 2.06 1.78 1.38 1.00 0.72 0.64 0.72 0.97 1.31 1.62 1.87 1.99 1.94 1.76 1.48 1.14 0.94 0.90 0.97 1.19 1.56 1.90
 11   2.10 2.18 2.12 1.90 1.57 1.12 0.80 0.62 0.62 0.78 1.05 1.38 1.67 1.86 1.93 1.89 1.66 1.38 1.14 1.00 0.97 1.08 1.38 1.68
 12   1.93 2.07 2.08 1.90 1.61 1.28 0.93 0.64 0.52 0.58 0.78 1.08 1.39 1.65 1.80 1.85 1.77 1.55 1.30 1.13 1.07 1.10 1.28 1.56
 13   1.78 1.93 1.98 1.90 1.72 1.44 1.06 0.76 0.58 0.53 0.62 0.84 1.13 1.40 1.62 1.77 1.81 1.73 1.56 1.39 1.26 1.19 1.22 1.37
 14   1.58 1.74 1.82 1.83 1.77 1.56 1.26 0.97 0.73 0.58 0.56 0.67 0.88 1.12 1.35 1.55 1.70 1.77 1.75 1.63 1.47 1.36 1.33 1.37
 15   1.49 1.66 1.77 1.80 1.78 1.70 1.54 1.30 1.04 0.82 0.66 0.62 0.69 0.86 1.10 1.34 1.58 1.77 1.88 1.90 1.82 1.70 1.60 1.53
 16   1.54 1.60 1.68 1.76 1.82 1.83 1.78 1.66 1.46 1.18 0.94 0.77 0.70 0.72 0.84 1.06 1.34 1.62 1.87 2.02 2.03 1.94 1.79 1.64
 17   1.50 1.42 1.43 1.52 1.62 1.72 1.79 1.79 1.70 1.52 1.24 0.96 0.72 0.62 0.63 0.76 1.02 1.36 1.69 1.97 2.14 2.17 2.10 1.89
 18   1.62 1.42 1.32 1.32 1.40 1.55 1.74 1.89 1.94 1.87 1.70 1.38 1.04 0.71 0.54 0.54 0.70 1.03 1.40 1.79 2.14 2.32 2.31 2.17
 19   1.86 1.51 1.26 1.11 1.11 1.27 1.52 1.79 2.00 2.08 2.03 1.83 1.47 1.01 0.66 0.46 0.48 0.73 1.09 1.50 1.95 2.30 2.42 2.38
 20   2.14 1.70 1.28 0.98 0.85 0.90 1.12 1.47 1.80 2.08 2.19 2.10 1.86 1.45 0.95 0.58 0.42 0.48 0.77 1.23 1.70 2.15 2.45 2.50
 21   2.38 2.02 1.54 1.04 0.74 0.65 0.78 1.16 1.56 1.93 2.22 2.34 2.26 1.99 1.50 1.00 0.66 0.54 0.65 1.04 1.52 1.94 2.34 2.58
 22   2.57 2.31 1.89 1.30 0.84 0.56 0.50 0.72 1.18 1.66 2.07 2.35 2.40 2.26 1.94 1.50 1.00 0.73 0.65 0.81 1.19 1.66 2.11 2.45
 23   2.54 2.41 2.11 1.64 1.00 0.57 0.38 0.42 0.77 1.22 1.65 2.06 2.32 2.37 2.24 1.90 1.43 1.06 0.83 0.81 1.02 1.46 1.89 2.23
 24   2.44 2.49 2.28 1.90 1.40 0.85 0.48 0.34 0.48 0.85 1.30 1.73 2.10 2.30 2.30 2.14 1.83 1.43 1.13 1.00 1.06 1.31 1.67 2.00
 25   2.26 2.37 2.32 2.03 1.64 1.19 0.75 0.49 0.45 0.63 1.00 1.40 1.76 2.05 2.19 2.17 2.00 1.72 1.40 1.20 1.14 1.19 1.42 1.70
 26   1.98 2.16 2.16 2.02 1.76 1.40 0.98 0.66 0.52 0.54 0.72 1.05 1.43 1.73 1.93 2.02 2.00 1.88 1.66 1.46 1.33 1.27 1.31 1.50
 27   1.73 1.89 1.96 1.92 1.77 1.53 1.25 0.95 0.74 0.64 0.66 0.85 1.14 1.42 1.66 1.82 1.90 1.90 1.83 1.70 1.57 1.46 1.41 1.46
 28   1.58 1.70 1.80 1.83 1.77 1.65 1.47 1.26 1.06 0.89 0.82 0.84 0.99 1.22 1.44 1.64 1.81 1.92 1.95 1.90 1.81 1.71 1.62 1.54
 29   1.51 1.55 1.63 1.68 1.70 1.68 1.62 1.52 1.36 1.19 1.03 0.94 0.92 1.00 1.16 1.35 1.54 1.72 1.86 1.92 1.90 1.83 1.73 1.62
 30   1.50 1.45 1.47 1.51 1.56 1.62 1.66 1.62 1.51 1.38 1.24 1.08 0.96 0.94 1.00 1.16 1.35 1.54 1.73 1.87 1.93 1.91 1.82 1.68
 31   1.53 1.41 1.34 1.34 1.39 1.47 1.56 1.62 1.62 1.54 1.40 1.24 1.07 0.94 0.92 1.00 1.16 1.37 1.60 1.84 2.00 2.03 1.98 1.86
 ----------------------------------------------------------------------------------------------------------------------------
                                                                                               
 ----------------------------------------------------------------------------------------------------------------------------
 ----------------------------------------------------------------------------------------------------------------------------
                                                          SURVEY OF INDIA
                                                    MARINE GEODESY WING (G&RB)
                                                     HOURLY HEIGHTS IN METRES
  NAME OF PORT:- MARMAGAO                                                                           MONTH APRIL     YEAR 2019
 ----------------------------------------------------------------------------------------------------------------------------
 DAYS 0000 0001 0002 0003 0004 0005 0006 0007 0008 0009 0010 0011 0012 0013 0014 0015 0016 0017 0018 0019 0020 0021 0022 0023
 ----------------------------------------------------------------------------------------------------------------------------
  1   1.65 1.44 1.28 1.20 1.24 1.36 1.52 1.66 1.72 1.72 1.64 1.47 1.28 1.10 0.96 0.93 1.04 1.26 1.51 1.77 1.99 2.10 2.11 1.99
  2   1.78 1.54 1.32 1.18 1.17 1.26 1.43 1.63 1.82 1.88 1.84 1.67 1.46 1.24 1.04 0.92 0.94 1.08 1.32 1.65 1.95 2.12 2.15 2.10
  3   1.93 1.65 1.35 1.10 1.00 1.07 1.25 1.48 1.71 1.88 1.95 1.89 1.70 1.43 1.13 0.90 0.85 0.93 1.18 1.50 1.80 2.04 2.18 2.15
  4   1.99 1.70 1.35 1.04 0.87 0.85 0.98 1.25 1.57 1.82 1.96 1.98 1.88 1.63 1.29 1.03 0.88 0.86 1.05 1.36 1.69 1.98 2.18 2.22
  5   2.07 1.80 1.46 1.04 0.79 0.72 0.80 1.06 1.40 1.77 2.00 2.11 2.09 1.89 1.50 1.14 0.96 0.90 0.96 1.23 1.58 1.90 2.14 2.22
  6   2.18 1.93 1.56 1.15 0.78 0.60 0.63 0.86 1.18 1.55 1.90 2.08 2.12 2.02 1.76 1.44 1.10 0.91 0.94 1.12 1.42 1.78 2.06 2.22
  7   2.23 2.06 1.76 1.34 0.90 0.62 0.57 0.63 0.90 1.33 1.70 1.99 2.16 2.17 1.99 1.66 1.32 1.08 0.98 1.00 1.28 1.64 1.93 2.14
  8   2.23 2.16 1.89 1.50 1.01 0.64 0.48 0.48 0.70 1.10 1.50 1.86 2.12 2.21 2.13 1.93 1.63 1.28 1.12 1.10 1.19 1.46 1.77 2.05
  9   2.18 2.15 1.98 1.70 1.27 0.83 0.55 0.45 0.49 0.79 1.25 1.62 1.92 2.13 2.19 2.10 1.86 1.53 1.28 1.20 1.23 1.40 1.66 1.92
 10   2.08 2.13 2.06 1.80 1.43 0.98 0.68 0.51 0.47 0.61 0.97 1.39 1.71 1.96 2.10 2.10 2.00 1.78 1.50 1.31 1.24 1.29 1.48 1.72
 11   1.91 2.00 1.99 1.85 1.60 1.26 0.89 0.64 0.50 0.50 0.73 1.03 1.34 1.64 1.90 2.05 2.07 1.94 1.70 1.50 1.40 1.36 1.40 1.54
 12   1.73 1.88 1.95 1.92 1.77 1.52 1.22 0.94 0.72 0.62 0.65 0.80 1.10 1.40 1.68 1.90 2.05 2.07 1.96 1.78 1.62 1.51 1.46 1.47
 13   1.58 1.71 1.80 1.83 1.79 1.68 1.52 1.29 1.00 0.80 0.70 0.72 0.85 1.09 1.35 1.60 1.82 1.98 2.05 2.00 1.86 1.70 1.54 1.42
 14   1.40 1.47 1.57 1.67 1.75 1.78 1.72 1.58 1.38 1.16 0.92 0.75 0.73 0.83 1.04 1.30 1.58 1.82 2.02 2.11 2.07 1.92 1.70 1.48
 15   1.31 1.23 1.27 1.40 1.55 1.68 1.76 1.77 1.70 1.56 1.30 1.01 0.80 0.73 0.79 0.97 1.24 1.56 1.86 2.10 2.18 2.12 1.95 1.68
 16   1.37 1.14 1.06 1.09 1.22 1.42 1.64 1.83 1.92 1.90 1.72 1.42 1.06 0.80 0.70 0.74 0.94 1.26 1.64 1.98 2.25 2.33 2.21 1.94
 17   1.57 1.19 0.93 0.83 0.87 1.11 1.42 1.74 1.99 2.08 2.04 1.85 1.52 1.12 0.85 0.74 0.77 0.99 1.37 1.76 2.12 2.30 2.29 2.12
 18   1.80 1.30 0.84 0.62 0.57 0.68 1.00 1.40 1.78 2.09 2.22 2.14 1.86 1.50 1.06 0.76 0.68 0.77 1.06 1.50 1.89 2.20 2.32 2.26
 19   1.98 1.57 1.00 0.56 0.34 0.35 0.60 1.04 1.47 1.86 2.17 2.28 2.24 1.95 1.53 1.10 0.82 0.76 0.92 1.25 1.64 2.00 2.29 2.37
 20   2.24 1.90 1.40 0.78 0.34 0.22 0.34 0.68 1.12 1.60 2.04 2.32 2.40 2.27 1.96 1.52 1.16 0.92 0.89 1.10 1.46 1.87 2.16 2.32
 21   2.30 2.07 1.65 1.10 0.55 0.26 0.18 0.33 0.77 1.24 1.70 2.10 2.33 2.38 2.20 1.82 1.42 1.12 0.95 1.01 1.27 1.60 1.90 2.18
 22   2.26 2.14 1.84 1.40 0.85 0.45 0.23 0.22 0.48 0.95 1.40 1.81 2.16 2.36 2.32 2.11 1.76 1.42 1.20 1.12 1.21 1.47 1.73 1.96
 23   2.10 2.09 1.95 1.67 1.14 0.73 0.46 0.35 0.39 0.67 1.10 1.52 1.89 2.18 2.27 2.19 1.97 1.67 1.40 1.23 1.19 1.32 1.54 1.76
 24   1.94 2.04 2.02 1.80 1.46 1.08 0.76 0.52 0.45 0.57 0.87 1.27 1.65 1.96 2.19 2.27 2.12 1.88 1.66 1.48 1.34 1.30 1.36 1.54
 25   1.74 1.87 1.87 1.76 1.57 1.32 1.02 0.76 0.62 0.60 0.74 1.00 1.31 1.60 1.84 2.00 2.04 1.94 1.77 1.59 1.43 1.32 1.30 1.38
 26   1.50 1.62 1.69 1.68 1.57 1.40 1.22 1.02 0.85 0.75 0.76 0.88 1.09 1.34 1.57 1.79 1.92 1.96 1.91 1.78 1.64 1.52 1.42 1.39
 27   1.42 1.48 1.56 1.62 1.62 1.57 1.46 1.32 1.16 1.03 0.96 0.98 1.08 1.25 1.44 1.64 1.82 1.95 1.98 1.94 1.86 1.74 1.58 1.44
 28   1.38 1.39 1.45 1.52 1.58 1.60 1.58 1.53 1.43 1.30 1.18 1.10 1.08 1.16 1.31 1.48 1.66 1.83 1.96 2.00 1.96 1.86 1.72 1.56
 29   1.40 1.30 1.30 1.36 1.44 1.52 1.60 1.63 1.58 1.47 1.35 1.23 1.13 1.09 1.14 1.28 1.48 1.70 1.88 1.98 2.00 1.95 1.80 1.60
 30   1.40 1.20 1.12 1.12 1.20 1.34 1.50 1.62 1.68 1.65 1.55 1.40 1.22 1.10 1.07 1.11 1.26 1.47 1.71 1.93 2.05 2.04 1.93 1.72
 ----------------------------------------------------------------------------------------------------------------------------
                                                                                            
 ----------------------------------------------------------------------------------------------------------------------------
 ----------------------------------------------------------------------------------------------------------------------------
                                                          SURVEY OF INDIA
                                                    MARINE GEODESY WING (G&RB)
                                                     HOURLY HEIGHTS IN METRES
  NAME OF PORT:- MARMAGAO                                                                           MONTH MAY       YEAR 2019
 ----------------------------------------------------------------------------------------------------------------------------
 DAYS 0000 0001 0002 0003 0004 0005 0006 0007 0008 0009 0010 0011 0012 0013 0014 0015 0016 0017 0018 0019 0020 0021 0022 0023
 ----------------------------------------------------------------------------------------------------------------------------
  1   1.47 1.20 1.04 0.98 1.00 1.16 1.38 1.60 1.74 1.80 1.76 1.64 1.44 1.24 1.09 1.06 1.15 1.38 1.64 1.86 2.04 2.12 2.06 1.86
  2   1.59 1.26 1.00 0.86 0.84 0.96 1.24 1.51 1.75 1.91 1.98 1.92 1.72 1.46 1.22 1.14 1.16 1.28 1.54 1.82 2.05 2.18 2.17 2.01
  3   1.74 1.38 1.00 0.80 0.74 0.84 1.11 1.44 1.74 1.99 2.14 2.12 1.94 1.67 1.39 1.20 1.12 1.16 1.36 1.64 1.92 2.11 2.15 2.04
  4   1.82 1.48 1.04 0.70 0.54 0.58 0.78 1.13 1.48 1.82 2.06 2.14 2.06 1.84 1.54 1.23 1.06 1.04 1.15 1.43 1.72 1.98 2.10 2.07
  5   1.87 1.56 1.13 0.70 0.42 0.36 0.46 0.76 1.20 1.62 1.94 2.10 2.11 2.00 1.73 1.40 1.14 1.00 1.03 1.25 1.58 1.85 2.02 2.07
  6   1.97 1.70 1.30 0.80 0.42 0.27 0.30 0.50 0.90 1.36 1.76 2.12 2.22 2.18 1.98 1.66 1.32 1.12 1.08 1.16 1.40 1.71 1.96 2.04
  7   2.02 1.86 1.54 1.07 0.62 0.32 0.23 0.30 0.63 1.06 1.46 1.87 2.13 2.22 2.15 1.89 1.53 1.25 1.08 1.08 1.25 1.53 1.78 1.94
  8   1.99 1.90 1.66 1.28 0.82 0.43 0.17 0.15 0.35 0.70 1.12 1.53 1.85 2.04 2.08 1.98 1.68 1.34 1.13 1.04 1.09 1.27 1.51 1.72
  9   1.83 1.83 1.70 1.43 1.00 0.61 0.33 0.18 0.20 0.40 0.84 1.24 1.60 1.90 2.07 2.06 1.88 1.62 1.36 1.17 1.12 1.18 1.33 1.53
 10   1.72 1.80 1.76 1.58 1.30 0.97 0.64 0.38 0.27 0.35 0.60 0.96 1.29 1.63 1.92 2.04 1.99 1.82 1.59 1.36 1.19 1.12 1.16 1.28
 11   1.44 1.59 1.65 1.59 1.45 1.23 0.93 0.63 0.40 0.32 0.38 0.63 0.92 1.26 1.58 1.86 1.95 1.90 1.76 1.56 1.34 1.16 1.06 1.08
 12   1.17 1.30 1.44 1.52 1.52 1.44 1.28 1.03 0.77 0.55 0.48 0.50 0.63 0.93 1.24 1.52 1.74 1.87 1.88 1.78 1.58 1.36 1.14 0.98
 13   0.94 1.03 1.15 1.27 1.39 1.48 1.48 1.36 1.18 0.97 0.76 0.63 0.62 0.73 1.00 1.36 1.66 1.86 1.97 1.98 1.88 1.62 1.34 1.07
 14   0.94 0.92 0.96 1.12 1.34 1.54 1.67 1.70 1.64 1.46 1.22 0.97 0.83 0.84 0.96 1.18 1.48 1.77 2.02 2.16 2.16 1.98 1.68 1.33
 15   1.02 0.82 0.76 0.82 1.02 1.30 1.56 1.78 1.87 1.84 1.63 1.36 1.10 0.90 0.84 0.94 1.16 1.44 1.75 2.00 2.14 2.12 1.90 1.53
 16   1.10 0.74 0.52 0.51 0.64 0.90 1.24 1.57 1.84 1.94 1.92 1.74 1.42 1.12 0.93 0.86 0.96 1.20 1.51 1.82 2.08 2.15 2.05 1.77
 17   1.33 0.88 0.48 0.26 0.28 0.50 0.84 1.25 1.64 1.94 2.08 2.03 1.78 1.44 1.10 0.90 0.87 0.98 1.24 1.58 1.87 2.08 2.10 1.93
 18   1.59 1.12 0.63 0.23 0.07 0.16 0.52 0.94 1.36 1.80 2.08 2.16 2.06 1.82 1.48 1.12 0.93 0.92 1.06 1.40 1.74 2.00 2.07 1.99
 19   1.70 1.31 0.84 0.40 0.08 0.06 0.25 0.60 1.10 1.56 1.94 2.20 2.25 2.11 1.80 1.46 1.16 0.99 1.00 1.21 1.50 1.80 2.00 2.04
 20   1.91 1.64 1.20 0.67 0.27 0.06 0.09 0.37 0.82 1.24 1.70 2.08 2.28 2.28 2.08 1.77 1.44 1.20 1.10 1.15 1.38 1.66 1.90 2.04
 21   2.04 1.84 1.52 1.10 0.60 0.28 0.19 0.27 0.62 1.06 1.48 1.88 2.19 2.30 2.28 2.06 1.72 1.41 1.22 1.16 1.23 1.44 1.70 1.90
 22   1.94 1.85 1.66 1.36 0.90 0.58 0.36 0.30 0.42 0.76 1.26 1.63 1.94 2.15 2.21 2.12 1.88 1.58 1.34 1.22 1.20 1.32 1.52 1.72
 23   1.87 1.86 1.73 1.50 1.20 0.86 0.58 0.43 0.43 0.66 1.02 1.38 1.70 1.96 2.12 2.13 2.01 1.78 1.54 1.36 1.26 1.25 1.35 1.50
 24   1.65 1.77 1.77 1.62 1.42 1.18 0.90 0.62 0.58 0.67 0.88 1.24 1.58 1.83 2.00 2.07 2.02 1.84 1.63 1.45 1.30 1.26 1.29 1.39
 25   1.55 1.64 1.64 1.58 1.45 1.28 1.07 0.88 0.77 0.76 0.88 1.13 1.40 1.64 1.84 2.00 2.05 1.99 1.82 1.64 1.47 1.36 1.31 1.34
 26   1.42 1.50 1.57 1.59 1.56 1.44 1.30 1.15 1.01 0.90 0.88 1.01 1.21 1.45 1.67 1.86 1.96 1.96 1.88 1.74 1.59 1.46 1.34 1.26
 27   1.23 1.30 1.38 1.45 1.50 1.52 1.47 1.37 1.25 1.14 1.04 1.00 1.12 1.31 1.53 1.74 1.90 1.99 2.00 1.95 1.83 1.66 1.45 1.25
 28   1.18 1.18 1.22 1.32 1.43 1.51 1.56 1.54 1.46 1.36 1.25 1.15 1.13 1.22 1.37 1.54 1.72 1.87 1.97 1.97 1.88 1.72 1.52 1.29
 29   1.11 1.00 1.00 1.08 1.20 1.36 1.50 1.58 1.59 1.54 1.43 1.25 1.18 1.18 1.24 1.37 1.55 1.73 1.88 1.97 1.96 1.83 1.62 1.34
 30   1.04 0.88 0.83 0.85 0.97 1.20 1.43 1.63 1.71 1.72 1.66 1.54 1.37 1.22 1.16 1.22 1.41 1.63 1.82 1.96 2.00 1.94 1.74 1.48
 31   1.18 0.92 0.74 0.70 0.79 1.00 1.30 1.59 1.80 1.90 1.88 1.75 1.59 1.42 1.28 1.23 1.30 1.48 1.70 1.90 2.03 2.06 1.96 1.67
 ----------------------------------------------------------------------------------------------------------------------------
                                                                                               
 ----------------------------------------------------------------------------------------------------------------------------
 ----------------------------------------------------------------------------------------------------------------------------
                                                          SURVEY OF INDIA
                                                    MARINE GEODESY WING (G&RB)
                                                     HOURLY HEIGHTS IN METRES
  NAME OF PORT:- MARMAGAO                                                                           MONTH JUNE      YEAR 2019
 ----------------------------------------------------------------------------------------------------------------------------
 DAYS 0000 0001 0002 0003 0004 0005 0006 0007 0008 0009 0010 0011 0012 0013 0014 0015 0016 0017 0018 0019 0020 0021 0022 0023
 ----------------------------------------------------------------------------------------------------------------------------
  1   1.34 0.99 0.69 0.54 0.58 0.78 1.06 1.40 1.70 1.98 2.08 2.00 1.80 1.57 1.35 1.22 1.22 1.34 1.56 1.79 1.98 2.05 1.96 1.74
  2   1.42 1.07 0.67 0.43 0.38 0.48 0.78 1.20 1.57 1.90 2.10 2.14 2.04 1.78 1.48 1.28 1.20 1.22 1.39 1.64 1.88 2.04 2.06 1.90
  3   1.60 1.20 0.80 0.43 0.27 0.32 0.52 0.93 1.35 1.74 2.10 2.27 2.26 2.08 1.78 1.50 1.30 1.24 1.30 1.52 1.82 2.04 2.15 2.07
  4   1.84 1.50 1.08 0.66 0.31 0.22 0.33 0.63 1.10 1.56 1.96 2.28 2.39 2.30 2.05 1.75 1.46 1.26 1.22 1.32 1.60 1.88 2.06 2.12
  5   2.04 1.74 1.32 0.88 0.42 0.20 0.16 0.34 0.70 1.20 1.70 2.08 2.30 2.35 2.24 1.98 1.62 1.34 1.19 1.20 1.38 1.63 1.86 2.02
  6   2.05 1.88 1.59 1.20 0.69 0.33 0.15 0.11 0.27 0.77 1.29 1.80 2.22 2.35 2.35 2.20 1.83 1.49 1.24 1.13 1.19 1.40 1.63 1.83
  7   1.95 1.97 1.87 1.47 1.00 0.53 0.24 0.18 0.24 0.59 1.05 1.47 1.89 2.25 2.35 2.30 2.08 1.76 1.42 1.20 1.15 1.22 1.40 1.61
  8   1.80 1.89 1.86 1.70 1.41 0.99 0.66 0.43 0.35 0.41 0.78 1.20 1.60 1.94 2.21 2.33 2.25 2.00 1.73 1.47 1.25 1.14 1.20 1.40
  9   1.63 1.80 1.85 1.82 1.70 1.45 1.14 0.88 0.67 0.59 0.64 1.01 1.35 1.70 2.01 2.23 2.33 2.30 2.04 1.73 1.47 1.30 1.22 1.26
 10   1.43 1.62 1.78 1.87 1.88 1.80 1.65 1.45 1.22 1.03 0.95 1.03 1.27 1.59 1.91 2.23 2.48 2.57 2.47 2.20 1.89 1.61 1.37 1.27
 11   1.29 1.41 1.59 1.78 1.93 2.02 2.01 1.90 1.70 1.49 1.30 1.22 1.29 1.49 1.74 2.02 2.29 2.47 2.50 2.39 2.17 1.87 1.51 1.25
 12   1.11 1.13 1.26 1.45 1.65 1.87 2.05 2.10 2.00 1.80 1.60 1.44 1.34 1.32 1.41 1.62 1.92 2.17 2.29 2.30 2.18 1.91 1.57 1.24
 13   0.93 0.81 0.81 0.94 1.20 1.49 1.79 2.01 2.11 2.09 1.89 1.67 1.50 1.39 1.37 1.48 1.68 1.90 2.12 2.26 2.26 2.09 1.78 1.39
 14   1.00 0.67 0.53 0.57 0.75 1.07 1.46 1.78 2.05 2.15 2.10 1.89 1.64 1.40 1.23 1.21 1.32 1.54 1.79 1.99 2.10 2.07 1.92 1.60
 15   1.16 0.76 0.49 0.40 0.45 0.71 1.11 1.51 1.89 2.13 2.23 2.20 1.98 1.71 1.47 1.29 1.26 1.37 1.59 1.82 2.02 2.12 2.08 1.80
 16   1.45 1.05 0.63 0.35 0.28 0.42 0.77 1.18 1.60 1.94 2.19 2.27 2.18 1.95 1.66 1.39 1.25 1.26 1.38 1.60 1.84 2.03 2.08 2.00
 17   1.69 1.29 0.83 0.43 0.23 0.25 0.48 0.85 1.32 1.78 2.18 2.30 2.28 2.13 1.85 1.57 1.34 1.20 1.21 1.38 1.64 1.88 1.98 1.96
 18   1.78 1.48 1.10 0.66 0.33 0.21 0.30 0.60 1.06 1.48 1.86 2.17 2.29 2.27 2.05 1.73 1.45 1.24 1.14 1.20 1.39 1.64 1.84 1.93
 19   1.88 1.68 1.35 0.93 0.57 0.33 0.30 0.45 0.77 1.20 1.64 2.03 2.24 2.26 2.07 1.83 1.59 1.37 1.20 1.18 1.29 1.55 1.80 1.90
 20   1.88 1.77 1.55 1.21 0.83 0.51 0.39 0.42 0.62 1.00 1.47 1.83 2.10 2.25 2.23 2.03 1.76 1.49 1.29 1.18 1.17 1.30 1.52 1.70
 21   1.81 1.82 1.68 1.40 1.05 0.75 0.53 0.46 0.53 0.86 1.23 1.59 1.89 2.12 2.19 2.10 1.90 1.64 1.40 1.23 1.19 1.29 1.43 1.59
 22   1.72 1.78 1.71 1.53 1.27 0.95 0.70 0.58 0.61 0.75 1.02 1.33 1.64 1.92 2.10 2.12 2.00 1.78 1.55 1.35 1.20 1.15 1.25 1.41
 23   1.55 1.62 1.63 1.55 1.38 1.15 0.92 0.74 0.65 0.71 0.91 1.18 1.48 1.74 1.91 2.00 2.00 1.89 1.65 1.42 1.25 1.15 1.11 1.18
 24   1.31 1.44 1.52 1.53 1.46 1.32 1.12 0.94 0.82 0.79 0.85 1.08 1.33 1.59 1.81 1.94 1.98 1.91 1.70 1.49 1.30 1.13 1.05 1.05
 25   1.11 1.25 1.38 1.45 1.46 1.42 1.30 1.14 1.02 0.95 0.94 1.00 1.18 1.42 1.64 1.82 1.91 1.92 1.83 1.65 1.43 1.22 1.05 0.97
 26   0.96 1.02 1.14 1.28 1.40 1.48 1.49 1.40 1.27 1.17 1.11 1.11 1.18 1.33 1.51 1.69 1.82 1.88 1.86 1.75 1.55 1.30 1.08 0.90
 27   0.81 0.83 0.94 1.08 1.23 1.38 1.52 1.57 1.54 1.42 1.29 1.18 1.14 1.20 1.37 1.56 1.72 1.85 1.89 1.83 1.68 1.45 1.16 0.93
 28   0.76 0.68 0.69 0.80 1.03 1.28 1.48 1.62 1.67 1.63 1.51 1.38 1.28 1.24 1.26 1.38 1.55 1.72 1.84 1.85 1.76 1.57 1.28 0.97
 29   0.72 0.53 0.49 0.59 0.82 1.13 1.42 1.67 1.81 1.83 1.75 1.62 1.47 1.33 1.25 1.28 1.41 1.60 1.78 1.88 1.89 1.79 1.55 1.26
 30   0.92 0.59 0.44 0.44 0.62 0.88 1.20 1.54 1.84 2.03 2.05 1.93 1.73 1.53 1.37 1.32 1.37 1.51 1.68 1.85 1.96 1.95 1.77 1.49
 ----------------------------------------------------------------------------------------------------------------------------
                                                                                               
 ----------------------------------------------------------------------------------------------------------------------------
 ----------------------------------------------------------------------------------------------------------------------------
                                                          SURVEY OF INDIA
                                                    MARINE GEODESY WING (G&RB)
                                                     HOURLY HEIGHTS IN METRES
  NAME OF PORT:- MARMAGAO                                                                           MONTH JULY      YEAR 2019
 ----------------------------------------------------------------------------------------------------------------------------
 DAYS 0000 0001 0002 0003 0004 0005 0006 0007 0008 0009 0010 0011 0012 0013 0014 0015 0016 0017 0018 0019 0020 0021 0022 0023
 ----------------------------------------------------------------------------------------------------------------------------
  1   1.13 0.75 0.38 0.29 0.35 0.60 0.94 1.34 1.73 2.05 2.14 2.10 1.94 1.70 1.47 1.32 1.28 1.33 1.54 1.75 1.91 1.99 1.95 1.71
  2   1.39 0.99 0.57 0.23 0.13 0.18 0.58 0.99 1.45 1.87 2.15 2.25 2.20 1.97 1.67 1.41 1.26 1.23 1.34 1.57 1.82 1.99 2.04 1.99
  3   1.69 1.27 0.78 0.38 0.13 0.11 0.27 0.69 1.13 1.67 2.04 2.29 2.34 2.26 1.96 1.61 1.33 1.19 1.21 1.37 1.61 1.85 2.03 2.05
  4   1.89 1.59 1.16 0.64 0.16 0.07 0.14 0.38 0.80 1.32 1.79 2.25 2.41 2.36 2.17 1.87 1.52 1.22 1.13 1.16 1.38 1.68 1.94 2.10
  5   2.10 1.95 1.64 1.22 0.69 0.30 0.22 0.29 0.61 1.08 1.57 2.02 2.40 2.51 2.44 2.19 1.83 1.48 1.20 1.14 1.24 1.49 1.77 2.02
  6   2.18 2.17 1.96 1.61 1.18 0.77 0.42 0.34 0.44 0.80 1.28 1.70 2.10 2.39 2.49 2.38 2.11 1.74 1.39 1.15 1.10 1.23 1.47 1.72
  7   1.95 2.09 2.07 1.90 1.59 1.17 0.81 0.60 0.54 0.64 1.01 1.47 1.89 2.21 2.44 2.48 2.33 2.00 1.63 1.29 1.07 1.04 1.15 1.38
  8   1.63 1.84 1.96 1.95 1.83 1.59 1.27 0.97 0.78 0.74 0.90 1.25 1.61 1.97 2.27 2.43 2.41 2.25 1.93 1.55 1.25 1.03 0.96 1.11
  9   1.35 1.59 1.79 1.93 1.97 1.87 1.66 1.38 1.15 1.01 0.99 1.15 1.42 1.72 2.01 2.20 2.29 2.26 2.07 1.74 1.43 1.16 0.93 0.82
 10   0.85 1.12 1.37 1.60 1.77 1.85 1.83 1.72 1.51 1.32 1.19 1.18 1.27 1.50 1.75 1.99 2.18 2.27 2.20 1.99 1.69 1.37 1.07 0.85
 11   0.82 0.89 1.05 1.28 1.53 1.75 1.89 1.91 1.84 1.69 1.53 1.39 1.34 1.38 1.53 1.71 1.89 2.05 2.12 2.05 1.85 1.57 1.23 0.91
 12   0.64 0.60 0.69 0.87 1.12 1.40 1.68 1.87 1.96 1.93 1.81 1.65 1.49 1.40 1.41 1.50 1.66 1.84 1.99 2.03 1.97 1.79 1.51 1.12
 13   0.80 0.58 0.51 0.59 0.83 1.14 1.45 1.74 2.00 2.08 2.02 1.87 1.67 1.49 1.37 1.37 1.46 1.60 1.76 1.89 1.95 1.91 1.68 1.35
 14   0.99 0.65 0.44 0.39 0.50 0.77 1.14 1.49 1.82 2.07 2.13 2.08 1.89 1.64 1.41 1.31 1.32 1.40 1.55 1.73 1.89 1.92 1.82 1.59
 15   1.21 0.87 0.55 0.35 0.34 0.50 0.86 1.27 1.65 1.95 2.17 2.19 2.09 1.88 1.63 1.41 1.30 1.33 1.45 1.63 1.81 1.95 1.95 1.80
 16   1.53 1.21 0.81 0.45 0.33 0.40 0.68 1.03 1.43 1.78 2.11 2.24 2.21 2.06 1.82 1.52 1.33 1.27 1.32 1.47 1.67 1.85 1.94 1.90
 17   1.73 1.47 1.09 0.66 0.40 0.35 0.46 0.78 1.20 1.59 1.92 2.17 2.25 2.16 1.93 1.63 1.36 1.19 1.19 1.29 1.50 1.71 1.85 1.89
 18   1.82 1.59 1.23 0.85 0.49 0.33 0.35 0.53 0.89 1.30 1.66 1.95 2.13 2.16 2.04 1.73 1.44 1.22 1.10 1.12 1.25 1.48 1.70 1.85
 19   1.86 1.75 1.45 1.07 0.70 0.47 0.39 0.47 0.74 1.12 1.52 1.87 2.13 2.19 2.12 1.87 1.56 1.29 1.10 1.07 1.13 1.33 1.57 1.76
 20   1.83 1.77 1.60 1.31 0.95 0.67 0.49 0.45 0.54 0.97 1.40 1.77 2.05 2.15 2.13 1.99 1.72 1.44 1.23 1.09 1.06 1.18 1.43 1.67
 21   1.80 1.82 1.73 1.54 1.21 0.93 0.75 0.67 0.73 0.95 1.30 1.64 1.95 2.15 2.19 2.10 1.92 1.63 1.35 1.18 1.09 1.09 1.19 1.45
 22   1.69 1.77 1.76 1.64 1.41 1.14 0.89 0.71 0.68 0.80 1.09 1.41 1.71 1.93 2.02 1.99 1.87 1.63 1.32 1.11 1.01 0.99 1.03 1.19
 23   1.43 1.57 1.62 1.60 1.49 1.28 1.04 0.85 0.79 0.81 0.97 1.24 1.54 1.81 1.99 2.03 1.95 1.75 1.48 1.21 1.00 0.90 0.89 0.97
 24   1.17 1.35 1.46 1.51 1.50 1.41 1.25 1.07 0.95 0.93 1.00 1.17 1.47 1.75 1.93 1.99 1.97 1.87 1.66 1.42 1.21 1.05 0.95 0.96
 25   1.07 1.23 1.39 1.53 1.60 1.60 1.52 1.42 1.31 1.21 1.19 1.26 1.42 1.61 1.78 1.91 1.96 1.92 1.77 1.55 1.28 1.04 0.87 0.80
 26   0.82 0.93 1.09 1.28 1.45 1.56 1.61 1.59 1.49 1.39 1.33 1.33 1.38 1.50 1.65 1.80 1.89 1.90 1.81 1.66 1.45 1.20 0.93 0.77
 27   0.71 0.73 0.86 1.05 1.27 1.49 1.63 1.70 1.69 1.62 1.53 1.46 1.42 1.43 1.54 1.66 1.79 1.87 1.87 1.79 1.63 1.40 1.16 0.89
 28   0.69 0.63 0.66 0.82 1.05 1.33 1.63 1.82 1.89 1.90 1.85 1.73 1.61 1.53 1.52 1.59 1.71 1.83 1.92 1.95 1.90 1.70 1.44 1.13
 29   0.85 0.65 0.58 0.62 0.80 1.13 1.46 1.77 1.99 2.09 2.09 1.99 1.75 1.58 1.48 1.46 1.55 1.68 1.81 1.92 1.96 1.89 1.68 1.37
 30   1.05 0.73 0.48 0.39 0.49 0.75 1.11 1.49 1.91 2.13 2.21 2.17 1.97 1.69 1.49 1.39 1.38 1.47 1.63 1.83 1.99 2.03 1.92 1.67
 31   1.33 0.92 0.54 0.29 0.27 0.47 0.80 1.22 1.65 2.08 2.32 2.38 2.26 1.97 1.67 1.43 1.33 1.35 1.51 1.73 1.96 2.14 2.18 2.05
 ----------------------------------------------------------------------------------------------------------------------------
                                                                                               
 ----------------------------------------------------------------------------------------------------------------------------
 ----------------------------------------------------------------------------------------------------------------------------
                                                          SURVEY OF INDIA
                                                    MARINE GEODESY WING (G&RB)
                                                     HOURLY HEIGHTS IN METRES
  NAME OF PORT:- MARMAGAO                                                                           MONTH AUGUST    YEAR 2019
 ----------------------------------------------------------------------------------------------------------------------------
 DAYS 0000 0001 0002 0003 0004 0005 0006 0007 0008 0009 0010 0011 0012 0013 0014 0015 0016 0017 0018 0019 0020 0021 0022 0023
 ----------------------------------------------------------------------------------------------------------------------------
  1   1.80 1.43 0.94 0.54 0.32 0.32 0.56 0.96 1.45 1.96 2.30 2.50 2.54 2.36 2.00 1.64 1.37 1.26 1.32 1.56 1.83 2.08 2.29 2.30
  2   2.16 1.86 1.36 0.86 0.49 0.31 0.36 0.66 1.16 1.65 2.17 2.51 2.64 2.56 2.28 1.87 1.46 1.22 1.15 1.26 1.55 1.92 2.26 2.38
  3   2.36 2.20 1.85 1.30 0.76 0.48 0.38 0.50 0.88 1.40 1.87 2.35 2.65 2.68 2.55 2.18 1.72 1.34 1.09 1.08 1.23 1.53 1.89 2.19
  4   2.36 2.34 2.14 1.80 1.26 0.82 0.60 0.55 0.72 1.13 1.62 2.10 2.46 2.68 2.69 2.44 2.00 1.53 1.12 0.96 0.97 1.20 1.50 1.82
  5   2.17 2.30 2.27 2.12 1.77 1.30 0.98 0.80 0.79 0.96 1.36 1.80 2.20 2.53 2.67 2.60 2.30 1.80 1.36 1.01 0.84 0.89 1.15 1.48
  6   1.78 2.06 2.22 2.18 2.00 1.72 1.42 1.19 1.01 0.97 1.19 1.57 1.92 2.20 2.42 2.50 2.39 2.10 1.64 1.24 0.92 0.77 0.80 1.05
  7   1.38 1.64 1.85 2.00 2.06 1.98 1.78 1.53 1.33 1.22 1.22 1.38 1.80 2.10 2.29 2.41 2.42 2.28 1.98 1.61 1.22 0.96 0.87 0.91
  8   1.08 1.34 1.61 1.82 1.99 2.09 2.08 1.94 1.74 1.60 1.52 1.52 1.62 1.84 2.05 2.20 2.28 2.27 2.14 1.88 1.52 1.20 0.94 0.82
  9   0.82 0.96 1.20 1.46 1.69 1.88 2.00 2.05 1.99 1.84 1.70 1.61 1.58 1.63 1.74 1.87 1.98 2.05 2.04 1.91 1.70 1.43 1.14 0.90
 10   0.80 0.80 0.90 1.10 1.34 1.64 1.88 2.02 2.07 2.00 1.85 1.71 1.60 1.53 1.54 1.64 1.76 1.87 1.94 1.94 1.83 1.62 1.35 1.08
 11   0.84 0.71 0.70 0.80 1.01 1.32 1.60 1.83 1.99 2.07 2.04 1.86 1.67 1.50 1.39 1.37 1.46 1.60 1.76 1.88 1.90 1.80 1.60 1.30
 12   1.02 0.76 0.60 0.57 0.75 1.04 1.34 1.64 1.90 2.07 2.13 2.04 1.86 1.66 1.47 1.34 1.35 1.44 1.58 1.72 1.84 1.87 1.75 1.52
 13   1.24 0.93 0.65 0.52 0.55 0.72 1.03 1.40 1.70 1.94 2.10 2.12 1.96 1.76 1.55 1.35 1.24 1.27 1.41 1.59 1.76 1.87 1.87 1.70
 14   1.46 1.16 0.82 0.55 0.48 0.56 0.80 1.16 1.52 1.82 2.06 2.16 2.12 1.90 1.63 1.37 1.19 1.15 1.24 1.41 1.62 1.80 1.87 1.80
 15   1.62 1.35 1.02 0.65 0.46 0.45 0.62 0.95 1.30 1.64 1.92 2.08 2.09 1.96 1.70 1.42 1.18 1.00 1.00 1.18 1.42 1.62 1.75 1.78
 16   1.70 1.50 1.15 0.73 0.43 0.33 0.42 0.65 1.01 1.42 1.76 1.99 2.07 1.97 1.74 1.43 1.11 0.94 0.90 0.98 1.18 1.47 1.68 1.76
 17   1.73 1.60 1.30 0.90 0.54 0.36 0.38 0.52 0.81 1.25 1.64 1.94 2.02 1.99 1.81 1.53 1.21 0.97 0.87 0.90 1.03 1.30 1.58 1.74
 18   1.78 1.70 1.51 1.14 0.78 0.53 0.44 0.50 0.74 1.16 1.52 1.79 2.00 2.07 1.99 1.74 1.39 1.04 0.87 0.84 0.91 1.12 1.43 1.68
 19   1.78 1.75 1.64 1.42 1.04 0.73 0.60 0.60 0.70 1.01 1.41 1.72 1.92 2.00 1.96 1.78 1.48 1.14 0.88 0.78 0.81 0.98 1.26 1.50
 20   1.70 1.76 1.71 1.56 1.27 0.94 0.73 0.67 0.75 0.98 1.27 1.60 1.84 1.98 2.00 1.87 1.58 1.25 0.98 0.81 0.74 0.82 1.02 1.29
 21   1.52 1.67 1.71 1.64 1.47 1.18 0.96 0.86 0.85 0.95 1.16 1.47 1.75 1.94 1.98 1.90 1.71 1.44 1.12 0.89 0.76 0.74 0.84 1.04
 22   1.28 1.50 1.64 1.68 1.60 1.43 1.21 1.06 1.00 1.01 1.12 1.36 1.64 1.82 1.90 1.90 1.82 1.60 1.32 1.03 0.86 0.79 0.80 0.92
 23   1.18 1.40 1.56 1.67 1.70 1.64 1.52 1.35 1.24 1.20 1.26 1.40 1.60 1.80 1.92 1.94 1.88 1.75 1.53 1.24 1.01 0.86 0.80 0.83
 24   0.95 1.15 1.37 1.56 1.68 1.74 1.72 1.64 1.54 1.45 1.42 1.46 1.57 1.71 1.84 1.91 1.92 1.86 1.72 1.52 1.27 1.06 0.90 0.82
 25   0.84 0.96 1.16 1.38 1.60 1.75 1.83 1.85 1.81 1.74 1.66 1.59 1.57 1.63 1.73 1.84 1.93 1.94 1.87 1.73 1.52 1.28 1.08 0.92
 26   0.80 0.76 0.88 1.10 1.34 1.59 1.82 1.96 2.00 1.96 1.87 1.77 1.65 1.58 1.60 1.66 1.76 1.87 1.92 1.88 1.77 1.60 1.32 1.03
 27   0.79 0.67 0.65 0.75 1.01 1.35 1.65 1.94 2.12 2.17 2.10 1.92 1.73 1.58 1.48 1.46 1.54 1.70 1.84 1.94 1.94 1.84 1.65 1.32
 28   0.94 0.67 0.50 0.48 0.55 0.90 1.33 1.69 2.00 2.20 2.22 2.10 1.86 1.59 1.35 1.26 1.28 1.40 1.61 1.80 1.96 2.00 1.90 1.62
 29   1.23 0.83 0.52 0.32 0.30 0.49 0.92 1.36 1.74 2.10 2.28 2.24 2.04 1.72 1.38 1.12 1.04 1.09 1.30 1.60 1.88 2.06 2.09 1.90
 30   1.56 1.18 0.72 0.36 0.20 0.28 0.57 1.04 1.53 1.96 2.30 2.44 2.33 2.03 1.58 1.21 0.93 0.82 0.96 1.27 1.60 1.93 2.18 2.18
 31   2.00 1.68 1.16 0.66 0.32 0.22 0.35 0.72 1.24 1.71 2.17 2.46 2.48 2.26 1.90 1.47 1.00 0.74 0.72 0.92 1.37 1.76 2.09 2.30
 ----------------------------------------------------------------------------------------------------------------------------
                                                                                               
 ----------------------------------------------------------------------------------------------------------------------------
 ----------------------------------------------------------------------------------------------------------------------------
                                                          SURVEY OF INDIA
                                                    MARINE GEODESY WING (G&RB)
                                                     HOURLY HEIGHTS IN METRES
  NAME OF PORT:- MARMAGAO                                                                           MONTH SEPT      YEAR 2019
 ----------------------------------------------------------------------------------------------------------------------------
 DAYS 0000 0001 0002 0003 0004 0005 0006 0007 0008 0009 0010 0011 0012 0013 0014 0015 0016 0017 0018 0019 0020 0021 0022 0023
 ----------------------------------------------------------------------------------------------------------------------------
  1   2.28 2.08 1.75 1.24 0.74 0.50 0.47 0.60 1.04 1.54 2.00 2.40 2.60 2.52 2.24 1.73 1.20 0.82 0.65 0.70 0.96 1.40 1.82 2.17
  2   2.37 2.34 2.15 1.72 1.20 0.84 0.62 0.62 0.90 1.32 1.75 2.19 2.51 2.57 2.38 2.06 1.52 0.94 0.64 0.53 0.63 0.97 1.43 1.83
  3   2.14 2.30 2.26 2.06 1.68 1.26 0.96 0.82 0.84 1.12 1.54 1.94 2.25 2.42 2.44 2.20 1.76 1.30 0.86 0.62 0.54 0.68 1.05 1.46
  4   1.82 2.11 2.26 2.19 2.00 1.70 1.38 1.12 1.06 1.16 1.38 1.70 2.00 2.22 2.33 2.28 2.02 1.65 1.19 0.82 0.64 0.61 0.73 1.08
  5   1.46 1.80 2.03 2.13 2.08 1.94 1.73 1.50 1.30 1.25 1.31 1.57 1.82 2.00 2.12 2.16 2.05 1.80 1.49 1.15 0.86 0.71 0.70 0.83
  6   1.08 1.40 1.70 1.90 2.00 2.02 1.96 1.80 1.62 1.46 1.40 1.49 1.64 1.79 1.91 1.98 1.96 1.86 1.70 1.46 1.16 0.95 0.83 0.81
  7   0.91 1.10 1.33 1.56 1.76 1.90 1.97 1.94 1.86 1.74 1.62 1.52 1.50 1.58 1.68 1.78 1.84 1.83 1.77 1.64 1.45 1.23 1.02 0.91
  8   0.88 0.93 1.10 1.30 1.52 1.73 1.89 1.98 1.98 1.90 1.78 1.64 1.50 1.44 1.48 1.54 1.60 1.66 1.70 1.70 1.62 1.47 1.24 1.02
  9   0.87 0.80 0.84 0.96 1.15 1.40 1.68 1.92 2.00 1.98 1.89 1.74 1.54 1.40 1.33 1.31 1.38 1.49 1.60 1.69 1.74 1.70 1.52 1.28
 10   1.05 0.88 0.80 0.80 0.92 1.18 1.46 1.73 1.93 2.05 2.05 1.95 1.74 1.49 1.33 1.24 1.26 1.35 1.49 1.67 1.78 1.78 1.68 1.52
 11   1.28 1.02 0.79 0.72 0.76 0.95 1.22 1.52 1.80 2.01 2.08 2.00 1.84 1.58 1.32 1.16 1.12 1.18 1.34 1.56 1.74 1.84 1.80 1.66
 12   1.44 1.16 0.86 0.69 0.64 0.76 1.04 1.36 1.68 1.94 2.06 2.06 1.92 1.66 1.38 1.13 0.99 0.98 1.13 1.36 1.60 1.78 1.85 1.76
 13   1.59 1.34 1.02 0.74 0.59 0.64 0.84 1.16 1.52 1.84 2.06 2.12 2.04 1.76 1.44 1.14 0.96 0.87 0.96 1.19 1.48 1.71 1.86 1.90
 14   1.84 1.57 1.22 0.86 0.68 0.64 0.79 1.07 1.41 1.77 2.07 2.17 2.10 1.88 1.58 1.20 0.94 0.82 0.84 1.03 1.33 1.63 1.84 1.94
 15   1.89 1.72 1.44 1.09 0.80 0.68 0.72 0.90 1.25 1.64 2.07 2.17 2.12 1.95 1.68 1.30 0.98 0.78 0.75 0.86 1.16 1.50 1.78 1.97
 16   2.04 1.98 1.64 1.28 0.96 0.77 0.73 0.87 1.16 1.50 1.84 2.07 2.16 2.06 1.80 1.42 1.06 0.80 0.70 0.74 1.00 1.32 1.68 1.93
 17   2.06 2.04 1.86 1.54 1.16 0.94 0.84 0.92 1.12 1.43 1.77 2.05 2.18 2.15 1.94 1.61 1.26 0.91 0.72 0.72 0.85 1.14 1.50 1.83
 18   2.02 2.08 2.01 1.80 1.43 1.14 1.00 0.98 1.12 1.36 1.65 1.93 2.10 2.14 2.04 1.76 1.37 1.00 0.75 0.68 0.76 1.00 1.32 1.64
 19   1.88 2.02 2.07 1.98 1.67 1.36 1.17 1.12 1.16 1.30 1.56 1.84 2.02 2.10 2.04 1.84 1.53 1.14 0.86 0.70 0.67 0.80 1.06 1.37
 20   1.66 1.88 2.00 1.98 1.85 1.66 1.42 1.26 1.26 1.38 1.56 1.76 1.92 2.01 2.03 1.94 1.74 1.45 1.17 1.02 0.98 1.03 1.14 1.28
 21   1.45 1.65 1.85 1.96 1.96 1.86 1.70 1.53 1.39 1.36 1.45 1.69 1.86 1.96 2.00 1.96 1.84 1.64 1.36 1.14 0.98 0.91 0.96 1.07
 22   1.22 1.42 1.64 1.82 1.92 1.94 1.87 1.74 1.62 1.52 1.49 1.55 1.66 1.78 1.86 1.89 1.85 1.73 1.56 1.37 1.15 0.94 0.84 0.88
 23   0.99 1.14 1.33 1.56 1.76 1.89 1.93 1.90 1.80 1.69 1.60 1.53 1.51 1.54 1.63 1.72 1.78 1.78 1.72 1.57 1.38 1.14 0.90 0.77
 24   0.80 0.92 1.09 1.29 1.52 1.76 1.96 2.02 1.98 1.84 1.68 1.54 1.42 1.36 1.40 1.48 1.57 1.66 1.72 1.71 1.60 1.40 1.12 0.86
 25   0.68 0.64 0.69 0.90 1.16 1.44 1.76 2.02 2.10 2.08 1.94 1.74 1.54 1.38 1.30 1.32 1.45 1.64 1.80 1.90 1.92 1.84 1.62 1.30
 26   0.96 0.74 0.64 0.70 0.94 1.26 1.63 2.00 2.28 2.35 2.29 2.04 1.70 1.40 1.20 1.10 1.15 1.36 1.64 1.90 2.07 2.10 2.00 1.72
 27   1.30 0.91 0.64 0.54 0.60 0.89 1.33 1.76 2.09 2.32 2.38 2.22 1.94 1.51 1.10 0.91 0.87 1.04 1.36 1.71 2.00 2.20 2.28 2.18
 28   1.83 1.32 0.90 0.62 0.50 0.64 1.04 1.48 1.92 2.28 2.48 2.46 2.20 1.80 1.30 0.86 0.66 0.71 0.98 1.39 1.80 2.15 2.38 2.40
 29   2.22 1.80 1.33 0.86 0.60 0.60 0.78 1.20 1.70 2.16 2.47 2.57 2.48 2.08 1.58 1.00 0.62 0.47 0.56 0.92 1.40 1.90 2.36 2.49
 30   2.44 2.20 1.80 1.29 0.90 0.72 0.74 1.02 1.48 1.94 2.30 2.52 2.56 2.33 1.90 1.30 0.76 0.48 0.41 0.58 0.98 1.48 2.00 2.43
 ----------------------------------------------------------------------------------------------------------------------------
                                                                                            
 ----------------------------------------------------------------------------------------------------------------------------
 ----------------------------------------------------------------------------------------------------------------------------
                                                          SURVEY OF INDIA
                                                    MARINE GEODESY WING (G&RB)
                                                     HOURLY HEIGHTS IN METRES
  NAME OF PORT:- MARMAGAO                                                                           MONTH OCTOBER   YEAR 2019
 ----------------------------------------------------------------------------------------------------------------------------
 DAYS 0000 0001 0002 0003 0004 0005 0006 0007 0008 0009 0010 0011 0012 0013 0014 0015 0016 0017 0018 0019 0020 0021 0022 0023
 ----------------------------------------------------------------------------------------------------------------------------
  1   2.52 2.43 2.20 1.84 1.34 1.02 0.92 0.95 1.20 1.66 2.15 2.48 2.52 2.42 2.14 1.64 1.04 0.62 0.40 0.38 0.62 1.10 1.58 2.02
  2   2.34 2.47 2.40 2.14 1.77 1.36 1.12 1.07 1.18 1.42 1.82 2.13 2.32 2.38 2.24 1.90 1.42 0.88 0.58 0.44 0.46 0.74 1.20 1.64
  3   2.04 2.32 2.40 2.30 2.06 1.74 1.43 1.26 1.23 1.37 1.61 1.88 2.10 2.23 2.18 1.98 1.67 1.21 0.81 0.60 0.57 0.66 0.94 1.37
  4   1.70 1.96 2.16 2.26 2.21 1.90 1.67 1.48 1.36 1.36 1.48 1.68 1.88 2.01 2.02 1.92 1.74 1.48 1.18 0.86 0.70 0.68 0.82 1.09
  5   1.38 1.64 1.88 2.06 2.11 2.06 1.91 1.74 1.60 1.52 1.52 1.58 1.68 1.79 1.87 1.89 1.84 1.70 1.50 1.28 1.06 0.92 0.88 0.95
  6   1.12 1.36 1.59 1.82 2.00 2.08 2.06 1.94 1.78 1.63 1.53 1.48 1.49 1.57 1.67 1.75 1.79 1.77 1.68 1.52 1.35 1.18 1.03 0.99
  7   1.03 1.15 1.32 1.54 1.76 1.95 2.05 2.06 1.97 1.81 1.66 1.54 1.44 1.40 1.44 1.52 1.61 1.68 1.70 1.66 1.56 1.42 1.26 1.12
  8   1.04 1.08 1.18 1.32 1.50 1.70 1.90 2.03 2.06 2.00 1.85 1.68 1.52 1.38 1.30 1.30 1.40 1.54 1.65 1.69 1.67 1.59 1.44 1.26
  9   1.08 0.96 0.98 1.11 1.30 1.50 1.71 1.91 2.05 2.08 1.98 1.80 1.58 1.38 1.26 1.22 1.26 1.38 1.56 1.71 1.80 1.79 1.70 1.54
 10   1.34 1.16 1.05 1.02 1.10 1.32 1.60 1.86 2.06 2.14 2.10 1.97 1.76 1.48 1.25 1.14 1.12 1.22 1.44 1.68 1.85 1.94 1.92 1.78
 11   1.56 1.30 1.06 0.96 0.98 1.12 1.40 1.70 1.96 2.10 2.14 2.05 1.74 1.47 1.25 1.11 1.08 1.15 1.34 1.57 1.78 1.91 1.97 1.94
 12   1.72 1.45 1.21 1.02 1.02 1.12 1.30 1.56 1.82 2.01 2.07 2.03 1.83 1.50 1.23 1.02 0.97 1.02 1.19 1.46 1.70 1.86 1.97 2.00
 13   1.90 1.58 1.31 1.14 1.07 1.10 1.26 1.48 1.71 1.94 2.05 2.04 1.89 1.62 1.24 0.95 0.80 0.82 0.95 1.21 1.57 1.84 2.00 2.06
 14   2.02 1.81 1.47 1.22 1.05 1.04 1.15 1.38 1.65 1.88 2.05 2.10 2.00 1.76 1.40 1.00 0.65 0.57 0.67 0.88 1.24 1.68 1.98 2.10
 15   2.10 2.00 1.74 1.36 1.10 0.98 1.01 1.18 1.52 1.83 2.06 2.17 2.14 1.90 1.52 1.10 0.76 0.56 0.56 0.69 1.00 1.46 1.80 2.04
 16   2.20 2.19 1.96 1.60 1.31 1.10 1.01 1.10 1.40 1.70 1.96 2.13 2.12 1.92 1.62 1.22 0.81 0.54 0.48 0.54 0.87 1.28 1.66 1.96
 17   2.14 2.22 2.16 1.78 1.44 1.18 1.04 1.08 1.24 1.54 1.81 2.00 2.07 1.98 1.77 1.42 0.98 0.69 0.52 0.48 0.65 0.99 1.37 1.77
 18   2.10 2.23 2.18 2.00 1.74 1.46 1.29 1.24 1.30 1.48 1.74 2.00 2.10 2.06 1.92 1.65 1.25 0.90 0.67 0.58 0.62 0.83 1.19 1.54
 19   1.88 2.12 2.20 2.16 1.99 1.76 1.52 1.40 1.40 1.49 1.66 1.85 1.98 2.02 1.98 1.82 1.53 1.16 0.90 0.72 0.68 0.75 0.99 1.30
 20   1.64 1.92 2.11 2.17 2.14 2.00 1.80 1.64 1.54 1.50 1.56 1.70 1.86 1.96 1.98 1.92 1.73 1.48 1.23 0.99 0.81 0.79 0.89 1.10
 21   1.36 1.63 1.89 2.06 2.12 2.08 1.97 1.82 1.68 1.58 1.56 1.61 1.70 1.80 1.89 1.92 1.86 1.70 1.48 1.24 1.06 0.96 0.94 1.02
 22   1.22 1.47 1.74 1.96 2.10 2.16 2.12 2.02 1.88 1.73 1.62 1.57 1.58 1.63 1.70 1.78 1.83 1.82 1.74 1.56 1.34 1.18 1.05 0.96
 23   0.98 1.12 1.35 1.60 1.86 2.06 2.18 2.21 2.16 2.00 1.78 1.58 1.48 1.50 1.55 1.64 1.77 1.88 1.93 1.88 1.78 1.65 1.46 1.24
 24   1.10 1.06 1.10 1.27 1.70 2.02 2.26 2.42 2.45 2.35 2.08 1.81 1.58 1.40 1.34 1.42 1.60 1.84 2.04 2.16 2.20 2.10 1.90 1.66
 25   1.40 1.22 1.19 1.32 1.60 1.90 2.26 2.62 2.77 2.70 2.48 2.20 1.86 1.54 1.34 1.26 1.36 1.60 1.90 2.15 2.32 2.40 2.30 2.02
 26   1.66 1.34 1.12 1.10 1.24 1.50 1.87 2.26 2.52 2.64 2.54 2.30 1.90 1.40 1.06 0.86 0.90 1.12 1.50 1.90 2.22 2.46 2.56 2.50
 27   2.10 1.70 1.34 1.14 1.13 1.30 1.60 2.01 2.40 2.60 2.64 2.50 2.10 1.60 1.06 0.70 0.56 0.65 1.02 1.49 1.94 2.32 2.56 2.56
 28   2.38 2.06 1.60 1.24 1.05 1.08 1.30 1.64 2.04 2.36 2.52 2.51 2.24 1.78 1.19 0.68 0.40 0.35 0.54 0.96 1.48 1.94 2.34 2.56
 29   2.54 2.31 1.90 1.42 1.15 1.04 1.08 1.36 1.74 2.08 2.34 2.46 2.36 1.98 1.46 0.84 0.40 0.23 0.26 0.54 1.02 1.54 2.02 2.40
 30   2.54 2.45 2.17 1.76 1.38 1.13 1.05 1.16 1.48 1.82 2.08 2.24 2.28 2.08 1.72 1.19 0.66 0.32 0.22 0.34 0.65 1.11 1.57 2.04
 31   2.38 2.50 2.42 2.16 1.84 1.50 1.28 1.27 1.43 1.66 1.92 2.16 2.26 2.19 1.94 1.56 1.03 0.68 0.48 0.43 0.55 0.98 1.46 1.86
 ----------------------------------------------------------------------------------------------------------------------------
                                                                                               
 ----------------------------------------------------------------------------------------------------------------------------
 ----------------------------------------------------------------------------------------------------------------------------
                                                          SURVEY OF INDIA
                                                    MARINE GEODESY WING (G&RB)
                                                     HOURLY HEIGHTS IN METRES
  NAME OF PORT:- MARMAGAO                                                                           MONTH NOVEMBER  YEAR 2019
 ----------------------------------------------------------------------------------------------------------------------------
 DAYS 0000 0001 0002 0003 0004 0005 0006 0007 0008 0009 0010 0011 0012 0013 0014 0015 0016 0017 0018 0019 0020 0021 0022 0023
 ----------------------------------------------------------------------------------------------------------------------------
  1   2.22 2.48 2.57 2.48 2.18 1.89 1.65 1.55 1.55 1.66 1.88 2.13 2.30 2.34 2.22 2.00 1.62 1.22 0.98 0.86 0.84 1.01 1.39 1.77
  2   2.10 2.38 2.54 2.52 2.38 2.14 1.86 1.68 1.58 1.56 1.66 1.81 1.95 2.02 2.00 1.86 1.66 1.36 1.08 0.90 0.81 0.86 1.04 1.34
  3   1.68 1.98 2.20 2.28 2.25 2.11 1.92 1.75 1.61 1.54 1.52 1.57 1.67 1.77 1.80 1.76 1.66 1.52 1.32 1.10 0.96 0.91 0.97 1.14
  4   1.36 1.60 1.84 2.02 2.10 2.08 1.99 1.85 1.71 1.58 1.49 1.46 1.51 1.60 1.67 1.69 1.64 1.54 1.41 1.29 1.18 1.10 1.12 1.25
  5   1.42 1.62 1.82 2.00 2.10 2.12 2.08 1.99 1.87 1.75 1.64 1.55 1.48 1.48 1.54 1.61 1.66 1.69 1.69 1.64 1.52 1.42 1.40 1.42
  6   1.46 1.52 1.59 1.67 1.75 1.82 1.87 1.89 1.88 1.84 1.77 1.64 1.40 1.31 1.30 1.34 1.44 1.58 1.67 1.71 1.68 1.59 1.46 1.33
  7   1.24 1.22 1.28 1.40 1.58 1.77 1.93 2.04 2.08 2.00 1.80 1.57 1.34 1.17 1.10 1.11 1.20 1.36 1.56 1.68 1.73 1.71 1.61 1.47
  8   1.31 1.16 1.12 1.19 1.36 1.56 1.76 1.92 2.02 2.00 1.84 1.60 1.34 1.07 0.89 0.86 0.93 1.12 1.38 1.58 1.72 1.80 1.76 1.62
  9   1.42 1.22 1.10 1.11 1.23 1.42 1.64 1.86 2.00 2.04 1.95 1.72 1.44 1.15 0.88 0.79 0.84 1.00 1.28 1.57 1.80 1.96 1.99 1.89
 10   1.71 1.48 1.27 1.15 1.20 1.35 1.56 1.82 2.04 2.10 2.04 1.85 1.60 1.31 1.02 0.78 0.70 0.80 1.03 1.36 1.69 1.95 2.10 2.10
 11   1.99 1.74 1.39 1.21 1.16 1.25 1.44 1.69 1.92 2.06 2.07 1.96 1.70 1.30 0.90 0.62 0.52 0.60 0.86 1.22 1.57 1.90 2.11 2.16
 12   2.08 1.87 1.54 1.28 1.15 1.18 1.31 1.54 1.80 2.00 2.08 2.00 1.71 1.34 0.90 0.58 0.40 0.42 0.66 1.02 1.41 1.81 2.10 2.21
 13   2.16 1.98 1.66 1.38 1.20 1.14 1.24 1.44 1.66 1.87 2.02 2.04 1.82 1.49 1.10 0.70 0.42 0.34 0.45 0.72 1.12 1.58 1.98 2.26
 14   2.30 2.18 1.96 1.66 1.36 1.21 1.21 1.34 1.58 1.83 2.00 2.04 1.96 1.71 1.34 0.86 0.50 0.32 0.31 0.48 0.85 1.28 1.74 2.14
 15   2.30 2.28 2.10 1.82 1.52 1.30 1.18 1.24 1.41 1.64 1.86 2.00 1.98 1.82 1.54 1.10 0.67 0.41 0.32 0.38 0.60 1.04 1.46 1.86
 16   2.15 2.28 2.26 2.10 1.78 1.50 1.33 1.30 1.37 1.56 1.78 1.95 2.03 1.98 1.76 1.40 1.00 0.70 0.48 0.40 0.50 0.82 1.24 1.62
 17   1.98 2.22 2.30 2.22 2.00 1.70 1.50 1.38 1.36 1.44 1.60 1.79 1.92 1.95 1.88 1.69 1.36 1.02 0.77 0.59 0.54 0.68 0.98 1.34
 18   1.67 1.99 2.18 2.26 2.18 1.97 1.71 1.52 1.40 1.37 1.44 1.60 1.76 1.86 1.87 1.78 1.60 1.32 1.04 0.83 0.69 0.68 0.85 1.14
 19   1.44 1.74 2.00 2.17 2.22 2.13 1.92 1.72 1.54 1.42 1.38 1.46 1.58 1.70 1.78 1.80 1.72 1.58 1.40 1.16 0.94 0.84 0.85 1.00
 20   1.24 1.52 1.80 2.06 2.20 2.22 2.15 1.98 1.76 1.55 1.37 1.32 1.36 1.46 1.58 1.68 1.74 1.75 1.68 1.50 1.30 1.14 1.02 1.00
 21   1.06 1.26 1.54 1.84 2.08 2.24 2.30 2.22 2.02 1.77 1.53 1.32 1.22 1.26 1.36 1.50 1.66 1.80 1.88 1.86 1.74 1.54 1.34 1.18
 22   1.12 1.17 1.34 1.60 1.90 2.15 2.30 2.36 2.27 1.98 1.67 1.36 1.10 1.00 1.04 1.16 1.36 1.65 1.88 2.00 2.04 1.96 1.74 1.50
 23
 24
 25
 26
 27
 28
 29   2.42 2.50 2.34 2.06 1.70 1.44 1.28 1.26 1.40 1.64 1.88 2.04 2.04 1.90 1.66 1.28 0.78 0.47 0.34 0.36 0.60 1.05 1.50 1.90
 30   2.20 2.37 2.37 2.23 1.94 1.64 1.43 1.31 1.31 1.42 1.64 1.86 1.97 1.95 1.80 1.53 1.16 0.80 0.60 0.52 0.58 0.86 1.26 1.66
 ----------------------------------------------------------------------------------------------------------------------------
                                                                                              
 ----------------------------------------------------------------------------------------------------------------------------
 ----------------------------------------------------------------------------------------------------------------------------
                                                          SURVEY OF INDIA
                                                    MARINE GEODESY WING (G&RB)
                                                     HOURLY HEIGHTS IN METRES
  NAME OF PORT:- MARMAGAO                                                                           MONTH DECEMBER  YEAR 2019
 ----------------------------------------------------------------------------------------------------------------------------
 DAYS 0000 0001 0002 0003 0004 0005 0006 0007 0008 0009 0010 0011 0012 0013 0014 0015 0016 0017 0018 0019 0020 0021 0022 0023
 ----------------------------------------------------------------------------------------------------------------------------
  1   2.02 2.26 2.35 2.30 2.15 1.92 1.66 1.46 1.37 1.39 1.51 1.68 1.80 1.85 1.80 1.66 1.41 1.10 0.85 0.71 0.68 0.81 1.10 1.43
  2   1.76 2.01 2.19 2.28 2.22 2.00 1.76 1.57 1.45 1.39 1.40 1.51 1.65 1.74 1.74 1.66 1.53 1.36 1.17 0.98 0.88 0.91 1.06 1.30
  3   1.58 1.85 2.08 2.23 2.23 2.13 1.95 1.75 1.57 1.44 1.38 1.40 1.50 1.62 1.69 1.70 1.66 1.58 1.45 1.29 1.15 1.09 1.11 1.25
  4   1.46 1.71 1.95 2.12 2.20 2.18 2.09 1.93 1.72 1.54 1.41 1.35 1.34 1.38 1.48 1.57 1.61 1.60 1.55 1.47 1.35 1.24 1.19 1.22
  5   1.34 1.51 1.69 1.87 2.02 2.09 2.05 1.93 1.75 1.55 1.39 1.25 1.18 1.19 1.24 1.31 1.40 1.51 1.59 1.59 1.51 1.41 1.33 1.28
  6   1.29 1.39 1.54 1.71 1.89 2.04 2.08 2.01 1.87 1.68 1.47 1.29 1.13 1.03 1.05 1.15 1.30 1.48 1.61 1.67 1.68 1.63 1.53 1.40
  7   1.33 1.35 1.44 1.58 1.73 1.87 1.99 2.05 2.00 1.83 1.59 1.35 1.12 0.97 0.90 0.96 1.13 1.35 1.57 1.73 1.81 1.82 1.76 1.63
  8   1.48 1.40 1.40 1.49 1.63 1.79 1.94 2.05 2.05 1.93 1.73 1.47 1.15 0.91 0.77 0.75 0.89 1.12 1.40 1.68 1.89 1.99 1.95 1.84
  9   1.68 1.51 1.42 1.40 1.50 1.66 1.85 2.00 2.07 2.01 1.85 1.58 1.27 0.91 0.69 0.63 0.71 0.93 1.27 1.59 1.88 2.09 2.16 2.09
 10   1.93 1.69 1.49 1.41 1.44 1.55 1.72 1.90 2.03 2.06 1.95 1.70 1.39 1.00 0.69 0.49 0.50 0.65 0.98 1.39 1.74 2.03 2.21 2.23
 11   2.15 1.90 1.60 1.45 1.39 1.43 1.60 1.80 1.98 2.09 2.08 1.91 1.62 1.19 0.78 0.45 0.41 0.51 0.79 1.19 1.60 1.98 2.26 2.38
 12   2.34 2.15 1.84 1.57 1.40 1.39 1.48 1.67 1.89 2.06 2.11 1.99 1.74 1.38 0.90 0.54 0.30 0.27 0.46 0.85 1.29 1.71 2.10 2.33
 13   2.40 2.29 2.03 1.70 1.44 1.31 1.33 1.47 1.70 1.95 2.08 2.03 1.87 1.60 1.19 0.71 0.37 0.23 0.29 0.53 1.00 1.47 1.88 2.23
 14   2.43 2.38 2.20 1.92 1.56 1.33 1.27 1.33 1.53 1.79 1.98 2.05 1.99 1.79 1.43 0.99 0.57 0.27 0.19 0.33 0.67 1.15 1.59 2.00
 15   2.29 2.39 2.31 2.08 1.73 1.41 1.26 1.23 1.31 1.52 1.77 1.95 2.00 1.91 1.65 1.30 0.88 0.50 0.31 0.31 0.50 0.87 1.30 1.75
 16   2.13 2.39 2.43 2.33 2.03 1.70 1.45 1.28 1.25 1.37 1.58 1.81 1.99 2.00 1.90 1.67 1.29 0.90 0.62 0.46 0.48 0.69 1.07 1.49
 17   1.88 2.19 2.38 2.37 2.23 1.96 1.63 1.39 1.25 1.21 1.30 1.50 1.72 1.87 1.89 1.80 1.59 1.29 0.96 0.73 0.63 0.67 0.88 1.21
 18   1.59 1.94 2.20 2.32 2.31 2.17 1.83 1.53 1.30 1.16 1.13 1.20 1.40 1.61 1.74 1.78 1.73 1.60 1.39 1.11 0.90 0.81 0.89 1.09
 19   1.37 1.69 1.99 2.20 2.30 2.27 2.09 1.75 1.45 1.21 1.07 1.05 1.13 1.28 1.47 1.65 1.76 1.76 1.67 1.50 1.29 1.13 1.04 1.03
 20   1.16 1.47 1.76 2.01 2.19 2.29 2.26 2.05 1.75 1.40 1.08 0.95 0.95 1.03 1.19 1.39 1.59 1.75 1.83 1.83 1.73 1.50 1.32 1.23
 21   1.26 1.37 1.57 1.79 2.02 2.20 2.28 2.20 1.99 1.66 1.31 1.00 0.82 0.76 0.83 1.04 1.31 1.59 1.80 1.93 1.98 1.90 1.71 1.51
 22   1.40 1.37 1.46 1.63 1.83 2.05 2.21 2.29 2.19 1.97 1.63 1.23 0.91 0.70 0.63 0.74 0.99 1.35 1.68 1.98 2.16 2.21 2.13 1.94
 23   1.71 1.57 1.49 1.51 1.65 1.87 2.06 2.19 2.23 2.10 1.85 1.48 1.05 0.70 0.49 0.45 0.63 0.95 1.33 1.73 2.08 2.29 2.32 2.23
 24   1.99 1.71 1.53 1.42 1.43 1.60 1.81 2.00 2.13 2.13 1.99 1.69 1.27 0.83 0.50 0.30 0.33 0.60 0.99 1.42 1.85 2.20 2.39 2.39
 25   2.25 1.99 1.69 1.49 1.40 1.43 1.61 1.83 2.03 2.15 2.10 1.89 1.55 1.10 0.66 0.40 0.27 0.36 0.69 1.13 1.59 2.00 2.31 2.46
 26   2.43 2.27 1.95 1.60 1.40 1.38 1.48 1.65 1.86 2.09 2.19 2.15 1.88 1.49 1.00 0.58 0.35 0.29 0.43 0.83 1.29 1.80 2.17 2.41
 27   2.50 2.40 2.17 1.78 1.50 1.34 1.29 1.39 1.66 1.89 2.03 2.07 1.94 1.70 1.30 0.83 0.49 0.30 0.29 0.51 0.97 1.43 1.85 2.17
 28   2.38 2.39 2.26 1.98 1.60 1.35 1.24 1.25 1.40 1.61 1.85 1.99 1.94 1.78 1.53 1.09 0.68 0.43 0.32 0.40 0.69 1.15 1.59 1.97
 29   2.26 2.36 2.29 2.03 1.71 1.45 1.25 1.16 1.21 1.40 1.63 1.81 1.88 1.83 1.62 1.33 0.99 0.69 0.48 0.42 0.53 0.95 1.37 1.75
 30   2.10 2.28 2.32 2.22 1.96 1.64 1.40 1.24 1.19 1.30 1.50 1.68 1.80 1.83 1.74 1.52 1.24 0.92 0.65 0.56 0.62 0.86 1.22 1.60
 31   1.92 2.14 2.25 2.22 2.06 1.80 1.50 1.30 1.20 1.18 1.30 1.48 1.64 1.73 1.72 1.62 1.42 1.17 0.92 0.75 0.74 0.84 1.04 1.42
 ----------------------------------------------------------------------------------------------------------------------------
                                                                                               
 ----------------------------------------------------------------------------------------------------------------------------
 ----------------------------------------------------------------------------------------------------------------------------
