                                                          SURVEY OF INDIA
                                                    MARINE GEODESY WING (G&RB)
                                                     HOURLY HEIGHTS IN METRES
  NAME OF PORT:- MARMAGAO                                                                           MONTH JANUARY   YEAR 2020
 ----------------------------------------------------------------------------------------------------------------------------
 DAYS 0000 0001 0002 0003 0004 0005 0006 0007 0008 0009 0010 0011 0012 0013 0014 0015 0016 0017 0018 0019 0020 0021 0022 0023
 ----------------------------------------------------------------------------------------------------------------------------
  1   1.76 1.95 2.15 2.20 2.09 1.88 1.64 1.41 1.22 1.13 1.13 1.27 1.44 1.55 1.60 1.57 1.47 1.32 1.14 0.98 0.91 0.93 1.06 1.30
  2   1.59 1.85 2.04 2.13 2.10 1.98 1.80 1.56 1.33 1.18 1.11 1.13 1.26 1.39 1.48 1.54 1.55 1.48 1.36 1.24 1.13 1.08 1.10 1.22
  3   1.45 1.69 1.89 2.01 2.05 2.02 1.87 1.65 1.42 1.23 1.09 1.02 1.06 1.17 1.30 1.40 1.47 1.51 1.49 1.41 1.33 1.25 1.19 1.20
  4   1.33 1.52 1.72 1.86 1.93 1.95 1.89 1.71 1.50 1.27 1.08 0.93 0.90 0.94 1.04 1.18 1.32 1.44 1.51 1.54 1.50 1.40 1.32 1.29
  5   1.33 1.45 1.59 1.72 1.82 1.89 1.88 1.79 1.62 1.37 1.14 0.95 0.81 0.76 0.82 0.95 1.11 1.32 1.50 1.62 1.66 1.64 1.55 1.45
  6   1.40 1.40 1.46 1.57 1.71 1.81 1.85 1.82 1.70 1.51 1.26 1.00 0.78 0.64 0.60 0.69 0.88 1.14 1.41 1.63 1.77 1.82 1.78 1.68
  7   1.54 1.45 1.44 1.51 1.61 1.72 1.83 1.89 1.87 1.72 1.48 1.21 0.92 0.66 0.52 0.53 0.67 0.96 1.29 1.59 1.87 2.00 2.01 1.95
  8   1.80 1.60 1.46 1.42 1.46 1.58 1.72 1.84 1.88 1.82 1.63 1.33 1.00 0.67 0.38 0.27 0.37 0.63 0.99 1.37 1.70 1.96 2.10 2.07
  9   1.92 1.71 1.51 1.37 1.33 1.40 1.55 1.73 1.87 1.88 1.76 1.54 1.22 0.84 0.44 0.20 0.18 0.36 0.69 1.12 1.57 1.93 2.19 2.26
 10   2.20 1.99 1.70 1.46 1.34 1.33 1.45 1.64 1.84 2.00 2.01 1.85 1.56 1.20 0.74 0.38 0.22 0.23 0.48 0.91 1.34 1.82 2.20 2.39
 11   2.42 2.28 1.97 1.62 1.39 1.30 1.32 1.48 1.70 1.90 2.02 2.01 1.84 1.50 1.02 0.55 0.25 0.14 0.24 0.55 1.04 1.56 2.00 2.36
 12   2.52 2.47 2.22 1.80 1.46 1.26 1.21 1.29 1.53 1.80 2.02 2.12 2.06 1.85 1.47 0.93 0.52 0.24 0.16 0.31 0.73 1.22 1.71 2.13
 13   2.44 2.51 2.37 2.05 1.66 1.32 1.13 1.12 1.26 1.53 1.81 2.04 2.11 2.01 1.77 1.34 0.83 0.47 0.28 0.25 0.47 0.94 1.42 1.88
 14   2.25 2.49 2.48 2.28 1.93 1.47 1.16 0.99 0.98 1.22 1.52 1.79 1.97 2.03 1.93 1.70 1.29 0.85 0.55 0.38 0.42 0.71 1.16 1.62
 15   2.03 2.36 2.48 2.42 2.14 1.75 1.34 1.03 0.87 0.93 1.16 1.44 1.69 1.87 1.93 1.83 1.60 1.27 0.94 0.67 0.56 0.66 0.98 1.36
 16   1.76 2.10 2.34 2.40 2.28 1.97 1.53 1.13 0.88 0.78 0.84 1.04 1.32 1.58 1.77 1.84 1.79 1.62 1.34 1.05 0.87 0.80 0.87 1.13
 17   1.49 1.81 2.09 2.24 2.25 2.10 1.78 1.33 1.00 0.76 0.65 0.69 0.91 1.16 1.40 1.58 1.69 1.70 1.58 1.35 1.13 1.01 0.99 1.06
 18   1.28 1.58 1.84 2.04 2.15 2.11 1.93 1.62 1.27 0.95 0.72 0.62 0.69 0.88 1.12 1.36 1.57 1.72 1.79 1.75 1.57 1.40 1.31 1.27
 19   1.30 1.45 1.72 1.94 2.08 2.14 2.11 1.94 1.61 1.25 0.95 0.72 0.59 0.63 0.81 1.05 1.31 1.58 1.79 1.90 1.93 1.86 1.69 1.50
 20   1.41 1.43 1.57 1.74 1.89 2.00 2.06 2.03 1.86 1.60 1.28 0.96 0.65 0.52 0.55 0.73 0.99 1.30 1.62 1.89 2.04 2.09 2.03 1.83
 21   1.64 1.52 1.48 1.51 1.66 1.80 1.91 1.97 1.95 1.80 1.54 1.21 0.84 0.58 0.48 0.52 0.73 1.04 1.38 1.74 2.05 2.21 2.25 2.15
 22   1.94 1.71 1.56 1.49 1.50 1.64 1.80 1.94 1.99 1.95 1.81 1.55 1.15 0.77 0.54 0.43 0.46 0.72 1.12 1.50 1.87 2.16 2.32 2.33
 23   2.21 1.97 1.69 1.50 1.41 1.43 1.58 1.78 1.94 2.01 1.95 1.78 1.50 1.11 0.70 0.45 0.37 0.48 0.77 1.19 1.61 1.99 2.28 2.43
 24   2.38 2.17 1.86 1.57 1.37 1.32 1.39 1.59 1.79 1.94 2.01 1.94 1.71 1.39 0.98 0.62 0.43 0.41 0.58 0.92 1.40 1.84 2.15 2.36
 25   2.42 2.32 2.06 1.70 1.42 1.28 1.28 1.42 1.65 1.86 2.01 2.05 1.93 1.66 1.28 0.92 0.60 0.43 0.48 0.79 1.21 1.64 2.03 2.32
 26   2.45 2.42 2.24 1.93 1.59 1.36 1.26 1.32 1.50 1.74 1.96 2.08 2.06 1.89 1.58 1.18 0.84 0.61 0.55 0.65 1.02 1.47 1.88 2.19
 27   2.40 2.47 2.36 2.08 1.72 1.44 1.25 1.21 1.32 1.56 1.81 2.00 2.07 1.97 1.74 1.43 1.07 0.76 0.60 0.65 0.88 1.30 1.69 2.04
 28   2.32 2.43 2.39 2.20 1.88 1.52 1.27 1.16 1.17 1.32 1.63 1.86 1.97 1.97 1.83 1.59 1.27 0.95 0.75 0.71 0.83 1.13 1.53 1.88
 29   2.17 2.35 2.40 2.31 2.00 1.63 1.32 1.15 1.11 1.19 1.43 1.65 1.81 1.90 1.88 1.72 1.47 1.18 0.95 0.86 0.89 1.05 1.37 1.73
 30   2.02 2.23 2.31 2.23 2.03 1.74 1.37 1.14 1.04 1.04 1.17 1.38 1.60 1.74 1.80 1.76 1.57 1.33 1.10 0.97 0.95 1.02 1.25 1.56
 31   1.84 2.06 2.19 2.21 2.08 1.81 1.48 1.22 1.05 1.01 1.04 1.20 1.43 1.61 1.71 1.72 1.65 1.51 1.33 1.17 1.09 1.13 1.28 1.52
 ----------------------------------------------------------------------------------------------------------------------------
                                                                                               
 ----------------------------------------------------------------------------------------------------------------------------
 ----------------------------------------------------------------------------------------------------------------------------
                                                          SURVEY OF INDIA
                                                    MARINE GEODESY WING (G&RB)
                                                     HOURLY HEIGHTS IN METRES
  NAME OF PORT:- MARMAGAO                                                                           MONTH FEBRUARY  YEAR 2020
 ----------------------------------------------------------------------------------------------------------------------------
 DAYS 0000 0001 0002 0003 0004 0005 0006 0007 0008 0009 0010 0011 0012 0013 0014 0015 0016 0017 0018 0019 0020 0021 0022 0023
 ----------------------------------------------------------------------------------------------------------------------------
  1   1.76 1.97 2.10 2.14 2.07 1.91 1.63 1.35 1.13 1.01 0.97 1.02 1.19 1.37 1.52 1.63 1.67 1.64 1.53 1.40 1.30 1.26 1.31 1.47
  2   1.65 1.84 2.01 2.11 2.09 1.97 1.75 1.52 1.29 1.08 0.95 0.92 0.97 1.15 1.33 1.47 1.57 1.64 1.65 1.60 1.51 1.45 1.42 1.44
  3   1.55 1.71 1.85 1.95 1.98 1.95 1.81 1.60 1.37 1.12 0.94 0.84 0.83 0.90 1.05 1.25 1.44 1.60 1.71 1.77 1.75 1.63 1.55 1.52
  4   1.53 1.60 1.71 1.82 1.90 1.92 1.86 1.72 1.53 1.30 1.07 0.87 0.73 0.72 0.83 1.01 1.23 1.47 1.69 1.81 1.87 1.87 1.79 1.69
  5   1.60 1.56 1.60 1.68 1.76 1.83 1.85 1.82 1.71 1.51 1.25 0.97 0.77 0.66 0.64 0.75 0.99 1.27 1.57 1.85 2.02 2.08 2.03 1.91
  6   1.77 1.63 1.56 1.57 1.63 1.73 1.84 1.89 1.85 1.74 1.55 1.26 0.90 0.66 0.54 0.56 0.69 0.95 1.34 1.69 2.01 2.23 2.25 2.14
  7   1.96 1.76 1.58 1.46 1.47 1.57 1.72 1.87 1.95 1.90 1.76 1.56 1.24 0.76 0.48 0.34 0.37 0.59 0.95 1.36 1.73 2.09 2.29 2.27
  8   2.12 1.91 1.65 1.40 1.31 1.35 1.49 1.71 1.90 2.00 1.95 1.78 1.50 1.04 0.61 0.28 0.18 0.27 0.58 1.05 1.49 1.92 2.25 2.38
  9   2.35 2.14 1.79 1.45 1.23 1.15 1.26 1.49 1.73 1.93 2.04 2.03 1.87 1.53 1.02 0.58 0.27 0.20 0.35 0.72 1.21 1.67 2.10 2.40
 10   2.46 2.35 2.08 1.75 1.38 1.08 1.04 1.18 1.47 1.76 2.02 2.18 2.17 1.95 1.54 1.00 0.54 0.29 0.23 0.43 0.86 1.37 1.85 2.28
 11   2.55 2.55 2.35 1.98 1.47 1.08 0.90 0.92 1.11 1.47 1.83 2.10 2.21 2.15 1.92 1.49 0.93 0.54 0.33 0.34 0.60 1.11 1.60 2.07
 12   2.45 2.59 2.50 2.23 1.77 1.23 0.89 0.75 0.83 1.10 1.52 1.90 2.15 2.22 2.13 1.84 1.36 0.90 0.63 0.54 0.67 1.06 1.53 1.97
 13   2.35 2.59 2.63 2.44 2.02 1.46 1.00 0.77 0.71 0.87 1.20 1.53 1.87 2.12 2.19 2.09 1.82 1.40 1.05 0.84 0.79 0.92 1.24 1.68
 14   2.10 2.39 2.51 2.48 2.21 1.75 1.22 0.85 0.64 0.62 0.83 1.17 1.53 1.81 2.00 2.08 2.01 1.77 1.47 1.21 1.06 1.05 1.27 1.59
 15   1.90 2.17 2.38 2.43 2.31 2.00 1.53 1.12 0.83 0.63 0.63 0.83 1.11 1.41 1.68 1.88 1.98 1.95 1.79 1.59 1.40 1.30 1.29 1.41
 16   1.69 1.94 2.11 2.20 2.21 2.08 1.80 1.46 1.13 0.82 0.67 0.69 0.86 1.10 1.36 1.60 1.82 1.95 1.98 1.93 1.75 1.59 1.51 1.50
 17   1.57 1.74 1.90 2.02 2.09 2.09 1.98 1.76 1.44 1.12 0.86 0.70 0.69 0.83 1.03 1.27 1.52 1.75 1.93 2.00 1.99 1.86 1.71 1.62
 18   1.57 1.57 1.63 1.76 1.87 1.92 1.91 1.83 1.66 1.43 1.15 0.90 0.74 0.71 0.79 0.96 1.19 1.46 1.75 1.96 2.07 2.08 1.99 1.85
 19   1.70 1.57 1.54 1.58 1.68 1.79 1.88 1.91 1.87 1.75 1.53 1.23 0.97 0.80 0.72 0.74 0.93 1.24 1.56 1.87 2.07 2.20 2.24 2.17
 20   1.96 1.75 1.60 1.54 1.56 1.65 1.77 1.89 1.96 1.95 1.81 1.57 1.27 0.97 0.76 0.69 0.74 1.00 1.31 1.66 1.97 2.20 2.33 2.33
 21   2.16 1.92 1.65 1.46 1.40 1.44 1.55 1.75 1.92 2.00 1.99 1.84 1.57 1.23 0.94 0.72 0.66 0.80 1.09 1.49 1.84 2.14 2.35 2.41
 22   2.31 2.09 1.78 1.49 1.35 1.32 1.39 1.59 1.84 1.99 2.03 1.98 1.79 1.50 1.12 0.81 0.65 0.66 0.90 1.23 1.60 1.95 2.23 2.35
 23   2.32 2.16 1.87 1.53 1.27 1.15 1.19 1.37 1.65 1.88 2.02 2.05 1.94 1.70 1.35 1.00 0.74 0.64 0.75 1.05 1.43 1.85 2.19 2.37
 24   2.42 2.31 2.04 1.69 1.39 1.18 1.13 1.26 1.53 1.80 2.02 2.12 2.07 1.90 1.62 1.22 0.91 0.75 0.73 0.91 1.28 1.70 2.08 2.32
 25   2.44 2.39 2.18 1.85 1.48 1.19 1.06 1.11 1.32 1.59 1.85 2.06 2.12 2.06 1.85 1.49 1.11 0.89 0.82 0.88 1.13 1.55 1.95 2.22
 26   2.40 2.43 2.27 1.96 1.60 1.27 1.04 1.02 1.17 1.40 1.70 1.97 2.11 2.10 1.96 1.71 1.32 1.03 0.90 0.91 1.07 1.44 1.87 2.17
 27   2.38 2.44 2.31 2.06 1.69 1.36 1.08 0.97 1.04 1.24 1.52 1.85 2.10 2.15 2.08 1.89 1.61 1.31 1.08 1.04 1.15 1.41 1.75 2.08
 28   2.31 2.43 2.39 2.19 1.86 1.50 1.19 1.04 1.01 1.12 1.40 1.70 1.93 2.05 2.07 1.99 1.80 1.51 1.27 1.16 1.18 1.35 1.65 1.93
 29   2.16 2.30 2.33 2.21 1.96 1.60 1.26 1.02 0.93 0.97 1.13 1.42 1.68 1.86 1.97 1.98 1.85 1.65 1.44 1.29 1.27 1.37 1.57 1.82
 ----------------------------------------------------------------------------------------------------------------------------
                                                                                               
 ----------------------------------------------------------------------------------------------------------------------------
 ----------------------------------------------------------------------------------------------------------------------------
                                                          SURVEY OF INDIA
                                                    MARINE GEODESY WING (G&RB)
                                                     HOURLY HEIGHTS IN METRES
  NAME OF PORT:- MARMAGAO                                                                           MONTH MARCH     YEAR 2020
 ----------------------------------------------------------------------------------------------------------------------------
 DAYS 0000 0001 0002 0003 0004 0005 0006 0007 0008 0009 0010 0011 0012 0013 0014 0015 0016 0017 0018 0019 0020 0021 0022 0023
 ----------------------------------------------------------------------------------------------------------------------------
  1   2.07 2.20 2.23 2.17 2.00 1.72 1.35 1.10 0.97 0.93 1.01 1.22 1.47 1.70 1.88 1.98 1.98 1.85 1.69 1.55 1.46 1.45 1.54 1.73
  2   1.92 2.08 2.16 2.14 2.04 1.85 1.57 1.27 1.06 0.96 0.97 1.09 1.28 1.49 1.70 1.85 1.92 1.92 1.86 1.77 1.66 1.60 1.61 1.69
  3   1.84 2.02 2.12 2.14 2.09 1.96 1.74 1.51 1.27 1.07 0.99 0.99 1.11 1.29 1.49 1.67 1.82 1.93 1.98 1.95 1.88 1.81 1.75 1.72
  4   1.76 1.84 1.92 1.98 1.99 1.93 1.80 1.63 1.42 1.18 0.98 0.88 0.87 0.94 1.08 1.27 1.49 1.70 1.85 1.92 1.93 1.89 1.80 1.70
  5   1.63 1.64 1.69 1.75 1.80 1.81 1.78 1.71 1.59 1.36 1.12 0.91 0.76 0.72 0.78 0.95 1.18 1.46 1.71 1.90 2.00 2.03 1.98 1.83
  6   1.66 1.56 1.52 1.57 1.65 1.73 1.80 1.84 1.81 1.64 1.43 1.18 0.92 0.70 0.64 0.73 0.95 1.24 1.58 1.88 2.13 2.27 2.26 2.09
  7   1.87 1.67 1.50 1.44 1.50 1.62 1.77 1.91 1.99 1.97 1.81 1.57 1.25 0.90 0.67 0.60 0.69 0.94 1.34 1.73 2.07 2.33 2.42 2.35
  8   2.14 1.85 1.54 1.33 1.29 1.37 1.55 1.81 2.00 2.10 2.10 1.96 1.62 1.21 0.82 0.57 0.51 0.66 1.01 1.46 1.90 2.27 2.51 2.52
  9   2.35 2.04 1.64 1.24 1.06 1.04 1.19 1.54 1.87 2.13 2.26 2.22 2.00 1.62 1.09 0.71 0.47 0.42 0.64 1.10 1.57 2.01 2.40 2.57
 10   2.47 2.20 1.77 1.28 0.92 0.77 0.83 1.11 1.51 1.88 2.19 2.31 2.25 2.01 1.57 1.03 0.64 0.47 0.48 0.80 1.27 1.80 2.20 2.50
 11   2.59 2.44 2.07 1.51 1.01 0.67 0.52 0.71 1.11 1.55 1.95 2.28 2.41 2.28 1.98 1.50 0.99 0.66 0.55 0.69 1.06 1.58 2.03 2.39
 12   2.58 2.56 2.29 1.81 1.21 0.74 0.42 0.43 0.70 1.17 1.60 2.00 2.29 2.36 2.23 1.92 1.44 1.04 0.78 0.74 0.90 1.34 1.79 2.16
 13   2.45 2.54 2.38 2.04 1.51 0.94 0.52 0.32 0.34 0.63 1.13 1.55 1.93 2.16 2.21 2.11 1.83 1.43 1.08 0.91 0.90 1.14 1.51 1.88
 14   2.13 2.29 2.31 2.13 1.76 1.24 0.71 0.40 0.29 0.35 0.71 1.15 1.53 1.85 2.07 2.13 2.06 1.80 1.44 1.20 1.10 1.15 1.37 1.67
 15   1.91 2.11 2.19 2.11 1.90 1.58 1.13 0.73 0.48 0.41 0.50 0.83 1.17 1.48 1.76 1.97 2.04 1.98 1.76 1.53 1.36 1.26 1.27 1.44
 16   1.65 1.83 1.96 1.99 1.90 1.71 1.44 1.08 0.78 0.59 0.53 0.64 0.91 1.19 1.46 1.68 1.85 1.93 1.90 1.78 1.62 1.47 1.40 1.42
 17   1.54 1.67 1.78 1.85 1.86 1.80 1.66 1.45 1.18 0.95 0.80 0.76 0.81 0.98 1.20 1.43 1.64 1.82 1.94 1.98 1.93 1.82 1.66 1.55
 18   1.50 1.50 1.56 1.66 1.74 1.76 1.73 1.66 1.53 1.36 1.14 0.92 0.85 0.87 1.00 1.20 1.42 1.64 1.85 2.00 2.06 2.03 1.91 1.75
 19   1.60 1.49 1.45 1.50 1.58 1.66 1.74 1.78 1.74 1.63 1.45 1.24 1.03 0.89 0.89 1.00 1.20 1.45 1.70 1.93 2.11 2.17 2.12 1.97
 20   1.75 1.55 1.39 1.33 1.36 1.47 1.60 1.73 1.80 1.79 1.70 1.52 1.27 1.03 0.87 0.86 0.98 1.21 1.49 1.77 2.03 2.19 2.22 2.13
 21   1.91 1.64 1.40 1.26 1.24 1.31 1.47 1.69 1.85 1.93 1.91 1.79 1.55 1.27 1.03 0.89 0.90 1.05 1.34 1.64 1.94 2.16 2.26 2.22
 22   2.07 1.79 1.50 1.23 1.11 1.14 1.30 1.53 1.77 1.95 1.99 1.95 1.76 1.47 1.19 0.96 0.85 0.92 1.15 1.47 1.80 2.07 2.25 2.28
 23   2.13 1.89 1.60 1.29 1.05 1.00 1.10 1.35 1.66 1.89 2.01 2.02 1.92 1.70 1.36 1.06 0.89 0.88 1.01 1.28 1.66 2.00 2.22 2.32
 24   2.26 2.03 1.71 1.36 1.07 0.92 1.01 1.23 1.53 1.80 2.01 2.13 2.10 1.91 1.61 1.28 1.00 0.88 0.94 1.19 1.56 1.91 2.20 2.36
 25   2.33 2.15 1.86 1.41 1.06 0.89 0.86 0.97 1.27 1.65 1.93 2.09 2.13 2.03 1.75 1.43 1.13 0.93 0.88 1.06 1.42 1.77 2.06 2.24
 26   2.30 2.20 1.91 1.53 1.12 0.81 0.73 0.80 1.05 1.45 1.80 2.03 2.15 2.14 2.00 1.70 1.38 1.14 1.03 1.08 1.35 1.69 2.00 2.21
 27   2.29 2.24 2.03 1.68 1.23 0.87 0.71 0.75 0.92 1.22 1.61 1.91 2.11 2.17 2.09 1.87 1.55 1.26 1.09 1.07 1.24 1.54 1.85 2.09
 28   2.22 2.23 2.09 1.79 1.33 0.97 0.74 0.66 0.74 1.01 1.35 1.72 2.02 2.13 2.13 2.02 1.78 1.48 1.28 1.21 1.26 1.44 1.73 2.01
 29   2.15 2.18 2.09 1.89 1.55 1.13 0.86 0.73 0.74 0.89 1.21 1.54 1.81 1.99 2.09 2.09 1.93 1.69 1.47 1.33 1.32 1.43 1.66 1.90
 30   2.08 2.16 2.11 1.95 1.69 1.34 0.98 0.78 0.71 0.77 1.00 1.31 1.61 1.87 2.02 2.09 2.04 1.88 1.69 1.53 1.45 1.46 1.58 1.77
 31   1.95 2.06 2.09 2.00 1.83 1.55 1.23 0.96 0.82 0.79 0.89 1.12 1.40 1.66 1.87 2.00 2.04 2.00 1.89 1.77 1.66 1.58 1.59 1.72
 ----------------------------------------------------------------------------------------------------------------------------
                                                                                               
 ----------------------------------------------------------------------------------------------------------------------------
 ----------------------------------------------------------------------------------------------------------------------------
                                                          SURVEY OF INDIA
                                                    MARINE GEODESY WING (G&RB)
                                                     HOURLY HEIGHTS IN METRES
  NAME OF PORT:- MARMAGAO                                                                           MONTH APRIL     YEAR 2020
 ----------------------------------------------------------------------------------------------------------------------------
 DAYS 0000 0001 0002 0003 0004 0005 0006 0007 0008 0009 0010 0011 0012 0013 0014 0015 0016 0017 0018 0019 0020 0021 0022 0023
 ----------------------------------------------------------------------------------------------------------------------------
  1   1.85 1.94 1.99 1.98 1.88 1.67 1.43 1.20 0.99 0.85 0.83 0.96 1.15 1.37 1.60 1.81 1.97 2.05 2.03 1.93 1.81 1.71 1.64 1.63
  2   1.70 1.80 1.87 1.89 1.86 1.78 1.65 1.47 1.26 1.06 0.90 0.86 0.95 1.13 1.34 1.56 1.77 1.93 2.00 2.02 1.98 1.89 1.77 1.63
  3   1.57 1.61 1.68 1.73 1.77 1.79 1.78 1.72 1.55 1.34 1.13 0.97 0.90 0.93 1.08 1.30 1.54 1.81 2.02 2.14 2.18 2.12 1.96 1.77
  4   1.60 1.52 1.52 1.58 1.67 1.77 1.86 1.90 1.86 1.72 1.50 1.22 0.99 0.87 0.89 1.01 1.25 1.55 1.89 2.16 2.31 2.35 2.22 1.97
  5   1.71 1.49 1.35 1.32 1.42 1.60 1.79 1.96 2.04 2.02 1.85 1.56 1.20 0.94 0.80 0.80 0.94 1.21 1.58 1.97 2.28 2.42 2.35 2.12
  6   1.81 1.46 1.17 1.00 1.05 1.23 1.50 1.82 2.07 2.18 2.16 1.95 1.61 1.24 0.92 0.74 0.75 0.96 1.35 1.78 2.19 2.44 2.53 2.42
  7   2.07 1.60 1.18 0.91 0.79 0.86 1.16 1.54 1.91 2.24 2.35 2.29 2.05 1.65 1.23 0.88 0.72 0.77 1.10 1.55 1.97 2.35 2.58 2.54
  8   2.30 1.88 1.37 0.91 0.61 0.53 0.73 1.18 1.62 2.06 2.42 2.53 2.45 2.15 1.70 1.26 0.96 0.85 0.94 1.30 1.80 2.21 2.53 2.64
  9   2.53 2.19 1.65 1.07 0.58 0.34 0.38 0.68 1.18 1.63 2.09 2.44 2.53 2.43 2.11 1.61 1.22 0.98 0.93 1.11 1.48 1.92 2.27 2.51
 10   2.51 2.32 1.93 1.32 0.69 0.29 0.15 0.29 0.62 1.16 1.66 2.12 2.41 2.47 2.36 2.02 1.56 1.23 1.02 1.02 1.29 1.69 2.03 2.30
 11   2.45 2.41 2.17 1.70 1.10 0.62 0.31 0.21 0.41 0.82 1.33 1.77 2.17 2.41 2.45 2.30 1.97 1.56 1.30 1.20 1.24 1.45 1.79 2.07
 12   2.23 2.29 2.21 1.92 1.46 0.94 0.58 0.35 0.31 0.53 0.94 1.39 1.79 2.12 2.33 2.34 2.16 1.90 1.61 1.36 1.27 1.33 1.52 1.77
 13   1.99 2.12 2.12 2.00 1.71 1.36 0.96 0.66 0.49 0.51 0.78 1.15 1.49 1.80 2.07 2.22 2.25 2.17 1.95 1.71 1.53 1.47 1.52 1.66
 14   1.82 1.94 1.98 1.96 1.85 1.65 1.36 1.06 0.84 0.72 0.74 1.00 1.29 1.57 1.83 2.07 2.23 2.25 2.15 1.97 1.80 1.66 1.57 1.58
 15   1.64 1.75 1.83 1.86 1.85 1.79 1.67 1.47 1.23 1.01 0.95 0.97 1.08 1.28 1.50 1.73 1.94 2.07 2.11 2.07 1.97 1.80 1.63 1.51
 16   1.45 1.46 1.53 1.62 1.68 1.70 1.68 1.60 1.48 1.32 1.14 0.98 0.97 1.09 1.26 1.46 1.65 1.82 1.97 2.06 2.06 1.93 1.76 1.57
 17   1.40 1.32 1.33 1.38 1.47 1.59 1.67 1.69 1.65 1.55 1.40 1.22 1.12 1.09 1.14 1.29 1.50 1.72 1.93 2.10 2.17 2.16 2.03 1.80
 18   1.56 1.38 1.30 1.28 1.35 1.49 1.63 1.75 1.82 1.81 1.72 1.54 1.33 1.18 1.12 1.16 1.34 1.56 1.78 2.00 2.17 2.22 2.15 1.96
 19   1.69 1.42 1.19 1.05 1.08 1.25 1.49 1.70 1.86 1.92 1.86 1.72 1.53 1.33 1.17 1.14 1.22 1.40 1.65 1.89 2.11 2.23 2.21 2.06
 20   1.79 1.51 1.26 1.05 0.99 1.14 1.35 1.59 1.84 1.99 2.04 1.99 1.81 1.55 1.32 1.17 1.16 1.31 1.57 1.84 2.11 2.26 2.26 2.17
 21   1.96 1.62 1.28 1.05 0.97 1.00 1.22 1.51 1.79 2.03 2.17 2.16 2.02 1.76 1.48 1.29 1.20 1.24 1.46 1.77 2.01 2.20 2.29 2.24
 22   2.04 1.70 1.33 1.00 0.81 0.80 0.97 1.27 1.63 1.90 2.10 2.18 2.14 1.95 1.62 1.34 1.20 1.19 1.30 1.58 1.87 2.11 2.28 2.30
 23   2.12 1.83 1.42 1.04 0.77 0.70 0.82 1.09 1.44 1.80 2.12 2.28 2.27 2.11 1.87 1.55 1.30 1.24 1.30 1.51 1.80 2.05 2.22 2.27
 24   2.18 1.95 1.56 1.06 0.76 0.63 0.67 0.87 1.24 1.66 2.01 2.26 2.34 2.28 2.05 1.75 1.46 1.29 1.26 1.39 1.64 1.90 2.13 2.25
 25   2.22 2.02 1.68 1.27 0.88 0.65 0.62 0.73 1.01 1.44 1.84 2.12 2.28 2.32 2.22 1.92 1.63 1.40 1.29 1.32 1.47 1.73 2.03 2.18
 26   2.20 2.06 1.74 1.36 0.95 0.67 0.53 0.55 0.78 1.18 1.59 1.90 2.14 2.28 2.27 2.07 1.80 1.53 1.31 1.28 1.38 1.58 1.80 2.01
 27   2.14 2.10 1.87 1.52 1.11 0.80 0.60 0.53 0.58 0.86 1.28 1.64 1.96 2.17 2.25 2.20 1.96 1.68 1.46 1.36 1.37 1.48 1.67 1.87
 28   2.00 2.01 1.90 1.71 1.38 1.00 0.73 0.59 0.60 0.75 1.06 1.41 1.73 2.00 2.15 2.19 2.08 1.86 1.64 1.46 1.39 1.41 1.53 1.69
 29   1.82 1.89 1.86 1.74 1.50 1.19 0.90 0.65 0.54 0.59 0.82 1.10 1.38 1.65 1.88 2.03 2.06 1.97 1.80 1.57 1.39 1.31 1.34 1.51
 30   1.68 1.78 1.82 1.79 1.69 1.48 1.19 0.97 0.82 0.72 0.72 0.90 1.18 1.46 1.72 1.93 2.06 2.08 2.02 1.88 1.72 1.55 1.42 1.40
 ----------------------------------------------------------------------------------------------------------------------------
                                                                                             
 ----------------------------------------------------------------------------------------------------------------------------
 ----------------------------------------------------------------------------------------------------------------------------
                                                          SURVEY OF INDIA
                                                    MARINE GEODESY WING (G&RB)
                                                     HOURLY HEIGHTS IN METRES
  NAME OF PORT:- MARMAGAO                                                                           MONTH MAY       YEAR 2020
 ----------------------------------------------------------------------------------------------------------------------------
 DAYS 0000 0001 0002 0003 0004 0005 0006 0007 0008 0009 0010 0011 0012 0013 0014 0015 0016 0017 0018 0019 0020 0021 0022 0023
 ----------------------------------------------------------------------------------------------------------------------------
  1   1.52 1.64 1.74 1.79 1.76 1.65 1.48 1.27 1.08 0.94 0.86 0.85 0.95 1.17 1.44 1.68 1.88 2.02 2.08 2.03 1.87 1.68 1.51 1.38
  2   1.34 1.40 1.48 1.57 1.65 1.68 1.66 1.56 1.39 1.18 0.99 0.88 0.86 0.97 1.17 1.42 1.68 1.93 2.09 2.13 2.07 1.86 1.60 1.34
  3   1.16 1.11 1.17 1.28 1.43 1.59 1.72 1.77 1.70 1.52 1.30 1.08 0.90 0.84 0.91 1.11 1.38 1.68 1.93 2.07 2.11 2.06 1.86 1.47
  4   1.12 0.94 0.89 0.94 1.14 1.39 1.62 1.81 1.90 1.84 1.66 1.40 1.13 0.92 0.84 0.91 1.15 1.47 1.78 2.05 2.24 2.28 2.09 1.76
  5   1.33 0.97 0.70 0.62 0.74 1.02 1.34 1.68 1.97 2.10 2.08 1.89 1.54 1.21 0.97 0.86 0.91 1.19 1.53 1.84 2.13 2.29 2.24 1.99
  6   1.56 1.03 0.62 0.36 0.32 0.53 0.93 1.35 1.76 2.07 2.22 2.20 1.97 1.61 1.23 0.98 0.93 1.01 1.36 1.72 2.05 2.30 2.35 2.21
  7   1.89 1.38 0.82 0.42 0.21 0.25 0.60 1.05 1.53 2.01 2.31 2.43 2.37 2.06 1.66 1.30 1.05 1.00 1.21 1.53 1.87 2.18 2.36 2.33
  8   2.13 1.70 1.11 0.58 0.19 0.04 0.21 0.59 1.13 1.59 2.09 2.42 2.47 2.35 2.04 1.62 1.26 1.05 1.04 1.29 1.64 1.94 2.19 2.32
  9   2.23 1.94 1.50 0.87 0.38 0.11 0.04 0.25 0.74 1.26 1.75 2.19 2.48 2.53 2.36 2.05 1.68 1.36 1.14 1.17 1.41 1.72 1.98 2.17
 10   2.23 2.10 1.79 1.32 0.76 0.35 0.15 0.13 0.37 0.90 1.38 1.85 2.18 2.40 2.43 2.25 1.94 1.59 1.33 1.21 1.23 1.43 1.69 1.93
 11   2.07 2.05 1.90 1.62 1.19 0.77 0.40 0.23 0.30 0.65 1.04 1.46 1.83 2.15 2.32 2.31 2.15 1.85 1.53 1.33 1.24 1.28 1.47 1.68
 12   1.86 1.95 1.91 1.72 1.46 1.13 0.77 0.50 0.40 0.54 0.86 1.21 1.55 1.87 2.15 2.27 2.23 2.04 1.77 1.55 1.40 1.32 1.35 1.52
 13   1.69 1.79 1.82 1.78 1.66 1.45 1.15 0.89 0.73 0.71 0.83 1.08 1.35 1.65 1.93 2.12 2.18 2.14 2.00 1.81 1.63 1.49 1.40 1.42
 14   1.51 1.60 1.66 1.70 1.69 1.59 1.42 1.23 1.03 0.90 0.90 0.99 1.16 1.41 1.66 1.89 2.07 2.13 2.07 1.93 1.77 1.60 1.43 1.28
 15   1.29 1.37 1.46 1.54 1.59 1.61 1.57 1.49 1.36 1.22 1.09 1.03 1.08 1.24 1.44 1.65 1.84 1.97 2.05 2.05 1.95 1.77 1.56 1.36
 16   1.26 1.23 1.24 1.33 1.45 1.55 1.61 1.62 1.56 1.47 1.35 1.23 1.13 1.15 1.28 1.46 1.66 1.83 1.97 2.04 2.02 1.91 1.72 1.49
 17   1.27 1.13 1.08 1.12 1.24 1.42 1.56 1.64 1.67 1.65 1.56 1.40 1.26 1.20 1.22 1.33 1.51 1.71 1.90 2.02 2.06 2.00 1.84 1.59
 18   1.35 1.13 0.97 0.93 1.05 1.23 1.43 1.61 1.73 1.78 1.72 1.60 1.44 1.29 1.22 1.26 1.40 1.57 1.76 1.94 2.06 2.03 1.85 1.60
 19   1.31 1.02 0.83 0.77 0.80 0.95 1.25 1.52 1.72 1.83 1.85 1.76 1.58 1.37 1.24 1.20 1.25 1.39 1.61 1.81 1.97 2.01 1.93 1.71
 20   1.40 1.11 0.82 0.62 0.61 0.76 1.04 1.35 1.62 1.82 1.92 1.91 1.74 1.51 1.31 1.21 1.20 1.27 1.46 1.67 1.85 1.95 1.90 1.71
 21   1.44 1.11 0.76 0.49 0.39 0.52 0.79 1.11 1.46 1.78 2.00 2.02 1.89 1.67 1.43 1.23 1.13 1.15 1.31 1.53 1.73 1.87 1.91 1.78
 22   1.54 1.21 0.80 0.45 0.30 0.36 0.55 0.86 1.28 1.64 1.89 2.02 1.98 1.82 1.58 1.33 1.13 1.06 1.16 1.35 1.57 1.77 1.86 1.80
 23   1.64 1.36 0.95 0.54 0.29 0.22 0.32 0.61 1.00 1.40 1.78 2.00 2.06 1.99 1.77 1.46 1.24 1.13 1.13 1.27 1.48 1.69 1.82 1.84
 24   1.73 1.48 1.11 0.65 0.34 0.20 0.20 0.41 0.74 1.19 1.59 1.91 2.07 2.06 1.92 1.65 1.35 1.16 1.10 1.15 1.32 1.56 1.75 1.83
 25   1.78 1.60 1.29 0.84 0.44 0.20 0.12 0.21 0.51 0.94 1.35 1.72 2.00 2.11 2.05 1.83 1.52 1.26 1.12 1.10 1.19 1.41 1.61 1.73
 26   1.76 1.69 1.46 1.11 0.67 0.36 0.19 0.20 0.40 0.73 1.13 1.50 1.80 2.01 2.06 1.97 1.74 1.46 1.23 1.12 1.15 1.29 1.46 1.63
 27   1.74 1.74 1.60 1.35 1.01 0.65 0.35 0.21 0.26 0.48 0.84 1.25 1.59 1.87 2.01 2.02 1.91 1.67 1.38 1.20 1.14 1.18 1.31 1.49
 28   1.65 1.72 1.68 1.54 1.31 0.97 0.67 0.48 0.42 0.47 0.70 1.03 1.34 1.66 1.92 2.06 2.01 1.83 1.62 1.40 1.22 1.14 1.16 1.27
 29   1.46 1.60 1.63 1.58 1.45 1.23 0.96 0.71 0.54 0.50 0.55 0.79 1.08 1.38 1.68 1.92 2.00 1.98 1.84 1.60 1.39 1.23 1.14 1.13
 30   1.25 1.40 1.51 1.58 1.59 1.51 1.34 1.12 0.90 0.76 0.70 0.76 0.95 1.22 1.51 1.80 2.02 2.08 2.04 1.86 1.64 1.41 1.19 1.02
 31   1.03 1.14 1.28 1.42 1.54 1.60 1.57 1.46 1.28 1.09 0.91 0.83 0.85 1.03 1.28 1.55 1.82 2.02 2.11 2.05 1.86 1.60 1.32 1.06
 ----------------------------------------------------------------------------------------------------------------------------
                                                                                               
 ----------------------------------------------------------------------------------------------------------------------------
 ----------------------------------------------------------------------------------------------------------------------------
                                                          SURVEY OF INDIA
                                                    MARINE GEODESY WING (G&RB)
                                                     HOURLY HEIGHTS IN METRES
  NAME OF PORT:- MARMAGAO                                                                           MONTH JUNE      YEAR 2020
 ----------------------------------------------------------------------------------------------------------------------------
 DAYS 0000 0001 0002 0003 0004 0005 0006 0007 0008 0009 0010 0011 0012 0013 0014 0015 0016 0017 0018 0019 0020 0021 0022 0023
 ----------------------------------------------------------------------------------------------------------------------------
  1   0.86 0.82 0.94 1.16 1.40 1.59 1.73 1.77 1.73 1.58 1.37 1.16 1.04 1.07 1.25 1.52 1.78 2.02 2.19 2.24 2.17 1.96 1.64 1.26
  2   0.98 0.84 0.86 0.98 1.19 1.51 1.81 2.00 2.11 2.11 1.97 1.70 1.46 1.32 1.31 1.42 1.62 1.88 2.16 2.35 2.41 2.34 2.12 1.68
  3   1.28 0.97 0.76 0.74 0.94 1.26 1.65 2.04 2.27 2.36 2.35 2.19 1.84 1.56 1.41 1.40 1.49 1.68 1.93 2.19 2.34 2.32 2.14 1.81
  4   1.33 0.86 0.51 0.37 0.42 0.72 1.11 1.57 1.96 2.23 2.37 2.35 2.11 1.77 1.46 1.29 1.27 1.40 1.65 1.91 2.17 2.31 2.26 2.00
  5   1.62 1.15 0.67 0.28 0.17 0.29 0.69 1.19 1.61 1.98 2.29 2.46 2.38 2.12 1.77 1.47 1.26 1.24 1.40 1.66 1.93 2.15 2.25 2.16
  6   1.88 1.47 0.92 0.45 0.14 0.13 0.32 0.74 1.23 1.68 2.16 2.42 2.45 2.34 2.10 1.66 1.32 1.21 1.24 1.42 1.76 2.00 2.14 2.15
  7   2.01 1.67 1.16 0.66 0.30 0.09 0.08 0.39 0.88 1.33 1.78 2.15 2.43 2.44 2.25 1.92 1.59 1.33 1.22 1.28 1.48 1.73 1.96 2.10
  8   2.09 1.91 1.59 1.08 0.62 0.32 0.19 0.31 0.64 1.06 1.55 1.95 2.28 2.44 2.42 2.20 1.85 1.52 1.30 1.23 1.32 1.53 1.74 1.90
  9   1.99 1.95 1.77 1.42 0.98 0.63 0.41 0.33 0.46 0.85 1.27 1.68 2.04 2.30 2.38 2.29 2.06 1.77 1.48 1.29 1.25 1.35 1.57 1.77
 10   1.90 1.93 1.86 1.67 1.38 0.99 0.69 0.51 0.48 0.70 1.06 1.41 1.76 2.06 2.25 2.28 2.18 1.95 1.68 1.44 1.29 1.26 1.33 1.50
 11   1.69 1.80 1.82 1.76 1.58 1.33 1.04 0.81 0.70 0.72 0.91 1.24 1.55 1.84 2.08 2.21 2.22 2.12 1.91 1.66 1.42 1.29 1.27 1.36
 12   1.51 1.65 1.75 1.78 1.72 1.59 1.41 1.21 1.06 1.01 1.08 1.25 1.47 1.72 1.95 2.14 2.24 2.23 2.14 1.97 1.76 1.58 1.45 1.38
 13   1.40 1.48 1.57 1.66 1.72 1.71 1.63 1.48 1.32 1.19 1.14 1.21 1.39 1.61 1.86 2.04 2.14 2.16 2.07 1.92 1.73 1.54 1.35 1.19
 14   1.13 1.20 1.32 1.45 1.56 1.65 1.68 1.62 1.48 1.34 1.24 1.21 1.28 1.42 1.59 1.76 1.93 2.05 2.07 2.01 1.88 1.68 1.46 1.23
 15   1.08 1.03 1.08 1.20 1.35 1.50 1.62 1.68 1.67 1.61 1.51 1.38 1.31 1.33 1.45 1.65 1.84 1.96 2.02 2.01 1.93 1.75 1.50 1.26
 16   1.06 0.93 0.91 1.03 1.22 1.42 1.62 1.76 1.82 1.82 1.76 1.66 1.54 1.44 1.44 1.55 1.72 1.89 2.01 2.06 2.02 1.88 1.68 1.42
 17   1.12 0.92 0.84 0.87 1.01 1.25 1.50 1.73 1.90 1.97 1.96 1.85 1.68 1.53 1.45 1.48 1.61 1.78 1.93 2.03 2.06 1.99 1.76 1.49
 18   1.22 0.94 0.75 0.71 0.81 1.03 1.33 1.65 1.89 2.03 2.08 2.01 1.86 1.69 1.54 1.45 1.45 1.57 1.73 1.87 1.97 1.97 1.86 1.61
 19   1.31 1.02 0.73 0.61 0.64 0.84 1.13 1.47 1.79 2.07 2.21 2.21 2.07 1.86 1.66 1.56 1.53 1.57 1.70 1.92 2.08 2.10 2.01 1.85
 20   1.56 1.13 0.80 0.61 0.55 0.63 0.92 1.31 1.69 2.04 2.30 2.36 2.28 2.10 1.88 1.66 1.53 1.53 1.64 1.84 2.03 2.15 2.16 2.07
 21   1.78 1.41 1.01 0.71 0.52 0.51 0.70 1.04 1.49 1.90 2.22 2.38 2.40 2.28 2.04 1.78 1.59 1.50 1.52 1.67 1.94 2.14 2.21 2.15
 22   1.92 1.61 1.24 0.85 0.56 0.43 0.48 0.79 1.20 1.67 2.07 2.37 2.48 2.40 2.19 1.92 1.67 1.48 1.42 1.49 1.70 1.98 2.12 2.13
 23   2.03 1.81 1.48 1.01 0.63 0.40 0.38 0.54 0.88 1.38 1.82 2.16 2.41 2.47 2.36 2.11 1.80 1.56 1.44 1.44 1.58 1.81 2.02 2.14
 24   2.15 2.05 1.78 1.37 1.00 0.65 0.47 0.51 0.78 1.16 1.60 1.98 2.31 2.51 2.52 2.33 2.04 1.71 1.48 1.40 1.46 1.66 1.88 2.06
 25   2.16 2.13 1.98 1.71 1.30 0.92 0.67 0.58 0.66 0.89 1.31 1.75 2.09 2.37 2.50 2.45 2.25 1.95 1.63 1.41 1.33 1.42 1.61 1.81
 26   1.96 2.03 2.02 1.90 1.60 1.23 0.92 0.71 0.63 0.73 1.04 1.43 1.82 2.16 2.35 2.40 2.34 2.10 1.74 1.44 1.30 1.26 1.32 1.48
 27   1.70 1.86 1.92 1.89 1.78 1.56 1.25 1.00 0.84 0.81 0.95 1.27 1.60 1.93 2.19 2.38 2.45 2.32 2.02 1.69 1.44 1.27 1.20 1.26
 28   1.42 1.62 1.80 1.92 1.94 1.85 1.66 1.43 1.20 1.06 1.03 1.13 1.40 1.72 2.00 2.24 2.37 2.36 2.20 1.94 1.60 1.28 1.07 1.01
 29   1.06 1.24 1.44 1.62 1.76 1.84 1.82 1.70 1.51 1.33 1.16 1.07 1.19 1.44 1.70 1.96 2.14 2.23 2.20 2.05 1.73 1.37 1.08 0.84
 30   0.74 0.82 1.00 1.22 1.46 1.69 1.86 1.90 1.82 1.65 1.46 1.29 1.23 1.32 1.50 1.72 1.92 2.09 2.17 2.14 1.95 1.62 1.25 0.88
 ----------------------------------------------------------------------------------------------------------------------------
                                                                                            
 ----------------------------------------------------------------------------------------------------------------------------
 ----------------------------------------------------------------------------------------------------------------------------
                                                          SURVEY OF INDIA
                                                    MARINE GEODESY WING (G&RB)
                                                     HOURLY HEIGHTS IN METRES
  NAME OF PORT:- MARMAGAO                                                                           MONTH JULY      YEAR 2020
 ----------------------------------------------------------------------------------------------------------------------------
 DAYS 0000 0001 0002 0003 0004 0005 0006 0007 0008 0009 0010 0011 0012 0013 0014 0015 0016 0017 0018 0019 0020 0021 0022 0023
 ----------------------------------------------------------------------------------------------------------------------------
  1   0.60 0.54 0.61 0.80 1.10 1.38 1.66 1.88 1.98 1.93 1.76 1.54 1.39 1.33 1.35 1.48 1.68 1.87 2.02 2.09 2.04 1.86 1.51 1.07
  2   0.70 0.41 0.36 0.48 0.73 1.04 1.40 1.77 2.05 2.16 2.14 1.97 1.72 1.51 1.39 1.40 1.51 1.69 1.90 2.06 2.11 2.03 1.83 1.50
  3   1.02 0.64 0.40 0.32 0.43 0.73 1.10 1.52 1.88 2.18 2.33 2.31 2.07 1.78 1.53 1.38 1.36 1.46 1.66 1.87 2.04 2.09 2.01 1.71
  4   1.29 0.90 0.53 0.23 0.14 0.38 0.78 1.19 1.65 2.05 2.30 2.38 2.32 2.11 1.83 1.59 1.43 1.39 1.51 1.72 1.94 2.12 2.15 2.04
  5   1.76 1.32 0.88 0.52 0.29 0.27 0.50 0.93 1.39 1.85 2.24 2.44 2.47 2.35 2.07 1.74 1.50 1.38 1.40 1.57 1.81 2.04 2.17 2.16
  6   2.00 1.71 1.29 0.83 0.52 0.37 0.39 0.70 1.12 1.60 2.00 2.34 2.50 2.46 2.23 1.94 1.63 1.38 1.28 1.35 1.57 1.82 2.02 2.12
  7   2.06 1.86 1.55 1.15 0.74 0.47 0.39 0.55 0.89 1.37 1.78 2.10 2.37 2.50 2.43 2.16 1.82 1.53 1.36 1.30 1.39 1.59 1.83 2.03
  8   2.07 1.99 1.78 1.43 1.07 0.77 0.54 0.52 0.74 1.13 1.51 1.86 2.16 2.36 2.37 2.21 1.93 1.62 1.35 1.18 1.15 1.34 1.57 1.77
  9   1.88 1.90 1.82 1.60 1.28 0.95 0.70 0.57 0.63 0.91 1.27 1.62 1.93 2.18 2.26 2.20 2.03 1.76 1.48 1.28 1.16 1.15 1.30 1.51
 10   1.69 1.77 1.76 1.64 1.45 1.19 0.91 0.74 0.70 0.79 1.05 1.43 1.77 2.03 2.17 2.19 2.07 1.85 1.56 1.33 1.17 1.11 1.15 1.29
 11   1.48 1.64 1.70 1.69 1.59 1.40 1.18 0.98 0.88 0.89 1.05 1.31 1.61 1.87 2.05 2.12 2.10 1.96 1.71 1.46 1.26 1.10 1.03 1.10
 12   1.24 1.38 1.48 1.55 1.56 1.52 1.40 1.23 1.08 1.04 1.07 1.19 1.43 1.66 1.86 1.99 2.03 1.96 1.80 1.58 1.35 1.13 0.97 0.92
 13   0.96 1.10 1.27 1.40 1.46 1.48 1.44 1.35 1.25 1.16 1.12 1.15 1.31 1.52 1.72 1.86 1.92 1.89 1.76 1.58 1.38 1.16 0.97 0.85
 14   0.84 0.93 1.06 1.20 1.34 1.47 1.53 1.50 1.42 1.34 1.28 1.25 1.28 1.40 1.58 1.74 1.85 1.90 1.86 1.72 1.51 1.30 1.08 0.90
 15   0.80 0.78 0.87 1.03 1.22 1.38 1.52 1.62 1.64 1.57 1.49 1.42 1.38 1.40 1.50 1.64 1.78 1.87 1.90 1.84 1.67 1.44 1.20 0.94
 16   0.73 0.66 0.70 0.82 1.02 1.26 1.49 1.69 1.82 1.86 1.80 1.67 1.54 1.46 1.46 1.53 1.64 1.76 1.84 1.85 1.77 1.62 1.39 1.11
 17   0.86 0.66 0.59 0.66 0.87 1.14 1.41 1.67 1.88 1.98 1.98 1.91 1.76 1.59 1.49 1.47 1.52 1.64 1.77 1.86 1.86 1.76 1.59 1.32
 18   1.00 0.73 0.56 0.50 0.62 0.88 1.20 1.53 1.84 2.04 2.12 2.08 1.90 1.70 1.54 1.44 1.42 1.51 1.65 1.78 1.86 1.85 1.73 1.50
 19   1.20 0.87 0.56 0.40 0.42 0.58 0.90 1.26 1.65 1.96 2.13 2.16 2.08 1.90 1.63 1.43 1.37 1.41 1.52 1.70 1.87 1.95 1.90 1.74
 20   1.48 1.09 0.72 0.42 0.30 0.39 0.63 1.00 1.40 1.79 2.12 2.27 2.25 2.09 1.79 1.51 1.37 1.32 1.38 1.55 1.76 1.94 2.01 1.96
 21   1.74 1.40 0.94 0.54 0.34 0.28 0.39 0.77 1.19 1.62 2.02 2.28 2.34 2.25 2.03 1.72 1.44 1.28 1.26 1.40 1.63 1.87 2.04 2.06
 22   1.97 1.75 1.32 0.83 0.49 0.30 0.31 0.50 0.88 1.37 1.79 2.13 2.37 2.41 2.22 1.91 1.56 1.26 1.14 1.23 1.42 1.66 1.90 2.07
 23   2.12 1.98 1.68 1.26 0.82 0.51 0.37 0.43 0.67 1.06 1.59 2.01 2.30 2.41 2.37 2.16 1.72 1.37 1.13 1.06 1.20 1.43 1.70 1.95
 24   2.10 2.08 1.92 1.62 1.18 0.80 0.54 0.47 0.55 0.88 1.38 1.79 2.14 2.37 2.45 2.35 2.04 1.58 1.24 1.04 1.01 1.13 1.39 1.67
 25   1.91 2.06 2.07 1.89 1.59 1.26 0.92 0.69 0.66 0.87 1.20 1.60 1.97 2.29 2.49 2.50 2.30 1.95 1.52 1.17 1.04 1.04 1.14 1.39
 26   1.69 1.90 2.04 2.06 1.92 1.65 1.34 1.05 0.93 0.94 1.13 1.45 1.81 2.12 2.31 2.41 2.37 2.13 1.71 1.35 1.08 0.90 0.89 1.04
 27   1.28 1.55 1.79 1.94 1.97 1.89 1.70 1.46 1.26 1.15 1.17 1.33 1.62 1.90 2.15 2.32 2.36 2.25 2.01 1.58 1.20 0.94 0.79 0.78
 28   0.95 1.20 1.44 1.68 1.87 1.95 1.91 1.77 1.60 1.44 1.33 1.32 1.46 1.67 1.88 2.08 2.20 2.19 2.06 1.83 1.49 1.16 0.86 0.69
 29   0.71 0.86 1.08 1.32 1.59 1.80 1.95 1.97 1.87 1.73 1.59 1.49 1.46 1.54 1.69 1.87 2.02 2.11 2.12 2.00 1.74 1.44 1.11 0.82
 30   0.63 0.62 0.75 0.97 1.24 1.57 1.83 2.00 2.06 2.03 1.90 1.72 1.58 1.51 1.53 1.65 1.80 1.92 2.01 2.01 1.93 1.73 1.39 1.00
 31   0.70 0.52 0.48 0.60 0.87 1.20 1.52 1.82 2.05 2.15 2.10 1.96 1.78 1.58 1.44 1.44 1.57 1.74 1.90 1.99 1.98 1.86 1.66 1.33
 ----------------------------------------------------------------------------------------------------------------------------
                                                                                               
 ----------------------------------------------------------------------------------------------------------------------------
 ----------------------------------------------------------------------------------------------------------------------------
                                                          SURVEY OF INDIA
                                                    MARINE GEODESY WING (G&RB)
                                                     HOURLY HEIGHTS IN METRES
  NAME OF PORT:- MARMAGAO                                                                           MONTH AUGUST    YEAR 2020
 ----------------------------------------------------------------------------------------------------------------------------
 DAYS 0000 0001 0002 0003 0004 0005 0006 0007 0008 0009 0010 0011 0012 0013 0014 0015 0016 0017 0018 0019 0020 0021 0022 0023
 ----------------------------------------------------------------------------------------------------------------------------
  1   0.95 0.61 0.44 0.43 0.55 0.87 1.25 1.60 1.94 2.20 2.30 2.21 1.98 1.71 1.47 1.36 1.35 1.45 1.63 1.80 1.94 1.97 1.84 1.60
  2   1.30 0.90 0.56 0.36 0.34 0.58 0.93 1.32 1.70 2.02 2.25 2.29 2.18 1.89 1.63 1.42 1.29 1.26 1.40 1.63 1.84 1.96 1.95 1.82
  3   1.61 1.27 0.80 0.46 0.32 0.41 0.69 1.04 1.45 1.87 2.20 2.30 2.25 2.10 1.86 1.52 1.28 1.16 1.20 1.45 1.71 1.92 2.01 1.99
  4   1.78 1.47 1.08 0.70 0.49 0.42 0.52 0.80 1.22 1.68 2.02 2.27 2.36 2.28 2.06 1.72 1.43 1.25 1.20 1.30 1.57 1.83 2.02 2.10
  5   2.05 1.88 1.61 1.21 0.81 0.64 0.63 0.74 1.04 1.48 1.90 2.32 2.49 2.45 2.27 1.97 1.64 1.31 1.19 1.22 1.42 1.71 1.96 2.10
  6   2.14 2.04 1.81 1.45 1.13 0.86 0.72 0.74 1.02 1.44 1.81 2.14 2.38 2.46 2.34 2.08 1.75 1.41 1.16 1.08 1.18 1.42 1.69 1.91
  7   2.03 2.04 1.91 1.66 1.31 1.00 0.82 0.75 0.87 1.20 1.59 1.94 2.18 2.29 2.26 2.10 1.82 1.45 1.17 1.01 1.02 1.15 1.39 1.66
  8   1.84 1.92 1.90 1.75 1.48 1.19 0.95 0.85 0.92 1.12 1.41 1.75 2.01 2.18 2.23 2.15 1.91 1.58 1.27 1.06 0.97 1.04 1.22 1.44
  9   1.69 1.83 1.87 1.83 1.66 1.44 1.20 1.04 1.03 1.14 1.33 1.60 1.89 2.10 2.20 2.16 1.99 1.74 1.42 1.17 1.02 0.99 1.06 1.24
 10   1.50 1.68 1.77 1.80 1.74 1.60 1.42 1.24 1.14 1.16 1.29 1.52 1.76 1.94 2.04 2.04 1.94 1.74 1.48 1.22 1.00 0.88 0.90 1.03
 11   1.20 1.37 1.52 1.62 1.68 1.66 1.55 1.42 1.31 1.27 1.31 1.44 1.61 1.78 1.92 1.97 1.94 1.84 1.66 1.39 1.16 1.00 0.90 0.88
 12   1.00 1.18 1.35 1.50 1.62 1.67 1.66 1.59 1.50 1.42 1.39 1.45 1.56 1.68 1.79 1.88 1.90 1.82 1.68 1.49 1.28 1.09 0.92 0.81
 13   0.80 0.94 1.12 1.30 1.46 1.61 1.70 1.72 1.67 1.60 1.53 1.48 1.49 1.57 1.66 1.74 1.80 1.80 1.74 1.60 1.40 1.20 1.00 0.84
 14   0.73 0.73 0.86 1.04 1.25 1.47 1.66 1.77 1.80 1.76 1.66 1.54 1.47 1.48 1.53 1.60 1.67 1.73 1.75 1.71 1.61 1.41 1.16 0.92
 15   0.72 0.66 0.69 0.83 1.03 1.28 1.56 1.79 1.94 1.98 1.90 1.77 1.65 1.55 1.49 1.50 1.58 1.66 1.75 1.80 1.76 1.64 1.43 1.15
 16   0.90 0.69 0.61 0.66 0.82 1.06 1.38 1.69 1.98 2.12 2.12 2.01 1.83 1.64 1.50 1.42 1.45 1.55 1.67 1.78 1.84 1.80 1.64 1.40
 17   1.08 0.78 0.55 0.45 0.52 0.76 1.11 1.50 1.84 2.07 2.20 2.18 2.03 1.77 1.51 1.34 1.27 1.35 1.54 1.73 1.88 1.95 1.90 1.71
 18   1.40 1.01 0.63 0.39 0.30 0.41 0.79 1.21 1.64 2.00 2.23 2.30 2.21 1.94 1.63 1.37 1.20 1.18 1.31 1.55 1.80 2.00 2.09 2.01
 19   1.72 1.38 0.99 0.59 0.35 0.32 0.57 0.94 1.40 1.83 2.22 2.37 2.35 2.17 1.81 1.45 1.17 1.04 1.11 1.36 1.65 1.94 2.16 2.18
 20   2.03 1.75 1.33 0.85 0.52 0.34 0.42 0.77 1.20 1.71 2.10 2.38 2.50 2.42 2.14 1.72 1.34 1.02 0.92 1.10 1.40 1.74 2.04 2.26
 21   2.27 2.10 1.79 1.33 0.87 0.55 0.48 0.61 0.97 1.47 1.90 2.28 2.54 2.55 2.33 1.92 1.41 1.04 0.80 0.79 1.02 1.38 1.76 2.07
 22   2.25 2.22 2.04 1.71 1.23 0.84 0.62 0.60 0.79 1.23 1.66 2.08 2.43 2.55 2.43 2.15 1.68 1.17 0.82 0.68 0.72 1.01 1.37 1.78
 23   2.09 2.21 2.19 2.05 1.69 1.28 1.00 0.83 0.85 1.12 1.51 1.87 2.20 2.46 2.49 2.31 1.96 1.48 1.00 0.72 0.62 0.70 0.98 1.34
 24   1.70 1.96 2.09 2.07 1.93 1.65 1.30 1.09 1.02 1.07 1.30 1.65 1.96 2.21 2.33 2.30 2.09 1.72 1.24 0.87 0.64 0.54 0.67 0.99
 25   1.30 1.59 1.82 1.98 1.99 1.88 1.66 1.43 1.26 1.20 1.26 1.48 1.72 1.93 2.09 2.15 2.09 1.86 1.55 1.16 0.84 0.64 0.56 0.65
 26   0.90 1.20 1.47 1.70 1.86 1.92 1.88 1.75 1.58 1.44 1.38 1.42 1.58 1.77 1.92 2.00 2.02 1.94 1.77 1.48 1.18 0.91 0.72 0.65
 27   0.69 0.89 1.12 1.36 1.61 1.82 1.93 1.93 1.84 1.71 1.58 1.49 1.47 1.51 1.62 1.73 1.81 1.84 1.79 1.66 1.44 1.18 0.90 0.70
 28   0.60 0.64 0.80 1.03 1.27 1.53 1.78 1.95 1.99 1.90 1.77 1.62 1.47 1.40 1.42 1.50 1.59 1.68 1.76 1.76 1.68 1.51 1.23 0.95
 29   0.72 0.61 0.62 0.74 0.95 1.26 1.60 1.86 2.03 2.10 2.05 1.89 1.68 1.50 1.40 1.38 1.43 1.55 1.70 1.83 1.86 1.78 1.58 1.33
 30   1.02 0.75 0.60 0.61 0.75 1.00 1.32 1.65 1.96 2.17 2.19 2.09 1.89 1.65 1.43 1.29 1.26 1.35 1.55 1.74 1.88 1.93 1.85 1.65
 31   1.32 1.00 0.72 0.58 0.59 0.76 1.09 1.44 1.76 2.06 2.23 2.20 2.01 1.73 1.42 1.19 1.10 1.17 1.35 1.58 1.80 1.92 1.92 1.80
 ----------------------------------------------------------------------------------------------------------------------------
                                                                                              
 ----------------------------------------------------------------------------------------------------------------------------
 ----------------------------------------------------------------------------------------------------------------------------
                                                          SURVEY OF INDIA
                                                    MARINE GEODESY WING (G&RB)
                                                     HOURLY HEIGHTS IN METRES
  NAME OF PORT:- MARMAGAO                                                                           MONTH SEPT      YEAR 2020
 ----------------------------------------------------------------------------------------------------------------------------
 DAYS 0000 0001 0002 0003 0004 0005 0006 0007 0008 0009 0010 0011 0012 0013 0014 0015 0016 0017 0018 0019 0020 0021 0022 0023
 ----------------------------------------------------------------------------------------------------------------------------
  1   1.55 1.18 0.83 0.57 0.47 0.62 0.91 1.25 1.66 1.97 2.18 2.22 2.12 1.89 1.54 1.23 1.02 0.98 1.09 1.34 1.61 1.83 1.95 1.91
  2   1.74 1.48 1.11 0.76 0.54 0.50 0.65 0.97 1.41 1.78 2.06 2.22 2.20 2.03 1.73 1.33 1.06 0.93 0.92 1.09 1.40 1.67 1.86 1.97
  3   1.93 1.72 1.38 0.96 0.68 0.54 0.59 0.81 1.20 1.58 1.95 2.15 2.19 2.08 1.84 1.46 1.15 0.94 0.86 0.96 1.20 1.52 1.81 1.98
  4   1.99 1.87 1.63 1.24 0.89 0.69 0.64 0.75 1.12 1.47 1.83 2.10 2.22 2.16 1.95 1.63 1.27 0.95 0.82 0.84 1.03 1.36 1.67 1.90
  5   1.99 1.95 1.79 1.53 1.17 0.87 0.79 0.83 1.04 1.39 1.77 2.07 2.21 2.20 2.06 1.79 1.39 1.07 0.89 0.84 0.93 1.19 1.53 1.81
  6   2.00 2.02 1.92 1.72 1.39 1.13 0.97 0.94 1.09 1.34 1.67 1.98 2.17 2.20 2.08 1.86 1.55 1.16 0.90 0.78 0.81 1.01 1.31 1.62
  7   1.82 1.93 1.94 1.83 1.56 1.28 1.09 1.02 1.08 1.24 1.52 1.81 1.99 2.06 2.03 1.88 1.58 1.26 0.96 0.77 0.73 0.84 1.08 1.36
  8   1.62 1.81 1.88 1.86 1.75 1.53 1.33 1.22 1.20 1.28 1.46 1.68 1.89 2.02 2.03 1.94 1.73 1.45 1.13 0.90 0.80 0.80 0.93 1.17
  9   1.43 1.66 1.80 1.86 1.83 1.71 1.55 1.42 1.35 1.35 1.46 1.63 1.81 1.92 1.96 1.92 1.79 1.58 1.32 1.05 0.88 0.83 0.87 1.00
 10   1.23 1.45 1.63 1.76 1.80 1.79 1.71 1.58 1.50 1.47 1.50 1.62 1.76 1.86 1.91 1.91 1.84 1.70 1.48 1.26 1.05 0.90 0.86 0.90
 11   1.04 1.24 1.44 1.62 1.76 1.83 1.83 1.78 1.70 1.61 1.56 1.58 1.64 1.72 1.79 1.82 1.81 1.76 1.66 1.48 1.27 1.09 0.95 0.90
 12   0.92 1.03 1.19 1.37 1.56 1.75 1.86 1.91 1.91 1.82 1.68 1.60 1.57 1.58 1.63 1.68 1.72 1.75 1.75 1.67 1.50 1.30 1.10 0.94
 13   0.83 0.84 0.94 1.09 1.30 1.54 1.78 1.96 2.00 1.98 1.88 1.74 1.58 1.48 1.48 1.53 1.60 1.69 1.77 1.80 1.73 1.56 1.35 1.10
 14   0.86 0.74 0.72 0.78 1.00 1.30 1.62 1.90 2.09 2.16 2.10 1.93 1.74 1.54 1.39 1.38 1.46 1.59 1.76 1.89 1.95 1.90 1.71 1.43
 15   1.11 0.81 0.63 0.62 0.73 1.00 1.40 1.78 2.08 2.24 2.26 2.17 1.90 1.60 1.37 1.24 1.23 1.38 1.60 1.83 2.02 2.09 2.03 1.82
 16   1.46 1.10 0.79 0.58 0.56 0.78 1.14 1.53 1.97 2.26 2.40 2.34 2.12 1.76 1.36 1.12 1.04 1.08 1.32 1.64 1.93 2.17 2.25 2.15
 17   1.87 1.49 1.03 0.68 0.50 0.58 0.87 1.28 1.72 2.14 2.41 2.46 2.33 2.00 1.50 1.10 0.84 0.79 0.95 1.28 1.66 2.02 2.24 2.32
 18   2.20 1.86 1.39 0.93 0.60 0.50 0.62 0.98 1.45 1.89 2.26 2.47 2.44 2.18 1.72 1.20 0.81 0.57 0.56 0.84 1.26 1.69 2.10 2.29
 19   2.28 2.14 1.81 1.28 0.86 0.60 0.56 0.80 1.18 1.64 2.04 2.37 2.48 2.36 1.98 1.42 0.92 0.53 0.39 0.52 0.88 1.32 1.79 2.22
 20   2.36 2.34 2.15 1.78 1.28 0.94 0.78 0.79 1.04 1.49 1.90 2.27 2.49 2.46 2.20 1.73 1.18 0.68 0.37 0.30 0.49 0.92 1.38 1.85
 21   2.15 2.29 2.29 2.14 1.77 1.32 1.07 0.99 1.04 1.33 1.73 2.06 2.30 2.35 2.24 1.95 1.45 0.91 0.53 0.38 0.37 0.59 1.01 1.45
 22   1.80 2.08 2.22 2.19 1.99 1.67 1.37 1.18 1.13 1.21 1.47 1.79 2.03 2.17 2.19 2.03 1.71 1.29 0.87 0.57 0.42 0.43 0.65 1.02
 23   1.37 1.69 1.99 2.12 2.10 1.95 1.73 1.49 1.37 1.35 1.41 1.59 1.80 1.94 1.99 1.96 1.84 1.56 1.20 0.89 0.66 0.54 0.57 0.76
 24   1.01 1.27 1.56 1.81 1.97 2.00 1.93 1.77 1.60 1.45 1.39 1.42 1.55 1.68 1.78 1.81 1.78 1.68 1.50 1.26 1.02 0.83 0.72 0.69
 25   0.77 0.99 1.26 1.51 1.73 1.89 1.95 1.92 1.81 1.67 1.55 1.46 1.43 1.47 1.54 1.62 1.69 1.73 1.68 1.54 1.37 1.17 0.98 0.83
 26   0.79 0.85 1.03 1.25 1.48 1.70 1.89 1.99 1.98 1.89 1.76 1.61 1.45 1.35 1.33 1.37 1.47 1.61 1.71 1.72 1.65 1.51 1.31 1.10
 27   0.91 0.82 0.87 1.03 1.24 1.46 1.71 1.96 2.10 2.11 2.00 1.83 1.61 1.39 1.25 1.22 1.30 1.46 1.64 1.74 1.77 1.72 1.59 1.37
 28   1.12 0.89 0.78 0.82 0.96 1.22 1.51 1.77 2.01 2.13 2.09 1.93 1.69 1.42 1.17 1.07 1.11 1.24 1.44 1.69 1.84 1.88 1.83 1.66
 29   1.41 1.10 0.89 0.79 0.83 1.01 1.31 1.67 1.97 2.11 2.13 2.05 1.85 1.54 1.23 1.03 0.97 1.06 1.28 1.54 1.77 1.92 1.97 1.88
 30   1.66 1.37 1.06 0.83 0.77 0.86 1.13 1.49 1.81 2.04 2.14 2.09 1.94 1.67 1.31 1.01 0.87 0.87 1.03 1.36 1.65 1.85 1.96 1.94
 ----------------------------------------------------------------------------------------------------------------------------
                                                                                               
 ----------------------------------------------------------------------------------------------------------------------------
 ----------------------------------------------------------------------------------------------------------------------------
                                                          SURVEY OF INDIA
                                                    MARINE GEODESY WING (G&RB)
                                                     HOURLY HEIGHTS IN METRES
  NAME OF PORT:- MARMAGAO                                                                           MONTH OCTOBER   YEAR 2020
 ----------------------------------------------------------------------------------------------------------------------------
 DAYS 0000 0001 0002 0003 0004 0005 0006 0007 0008 0009 0010 0011 0012 0013 0014 0015 0016 0017 0018 0019 0020 0021 0022 0023
 ----------------------------------------------------------------------------------------------------------------------------
  1   1.80 1.55 1.19 0.87 0.73 0.74 0.93 1.25 1.60 1.90 2.09 2.12 1.98 1.73 1.37 1.01 0.79 0.72 0.84 1.10 1.43 1.77 2.00 2.05
  2   1.80 1.55 1.19 0.87 0.73 0.74 0.93 1.25 1.60 1.90 2.09 2.12 1.98 1.73 1.37 1.01 0.79 0.72 0.84 1.10 1.43 1.77 1.98 2.07
  3   2.05 1.90 1.63 1.27 0.99 0.87 0.89 1.09 1.42 1.74 1.99 2.14 2.13 1.92 1.60 1.18 0.81 0.60 0.57 0.72 1.07 1.47 1.82 2.06
  4   2.13 2.06 1.87 1.54 1.19 1.01 0.97 1.05 1.31 1.66 1.93 2.10 2.15 2.03 1.74 1.36 0.95 0.67 0.57 0.63 0.88 1.27 1.65 1.94
  5   2.13 2.14 2.01 1.73 1.43 1.19 1.05 1.08 1.25 1.51 1.79 2.02 2.08 2.01 1.80 1.46 1.03 0.72 0.55 0.55 0.71 1.01 1.40 1.76
  6   1.99 2.09 2.04 1.86 1.63 1.37 1.17 1.11 1.20 1.41 1.67 1.88 2.00 1.98 1.82 1.55 1.21 0.87 0.63 0.55 0.62 0.85 1.17 1.49
  7   1.76 1.95 2.01 1.96 1.78 1.52 1.32 1.23 1.24 1.33 1.53 1.77 1.88 1.88 1.78 1.56 1.28 0.97 0.72 0.58 0.57 0.72 0.97 1.25
  8   1.53 1.77 1.87 1.86 1.77 1.60 1.39 1.26 1.23 1.27 1.39 1.59 1.73 1.79 1.76 1.65 1.45 1.15 0.87 0.68 0.59 0.61 0.77 1.00
  9   1.25 1.49 1.68 1.79 1.81 1.72 1.57 1.43 1.36 1.33 1.37 1.49 1.63 1.72 1.73 1.66 1.53 1.34 1.12 0.92 0.76 0.70 0.74 0.89
 10   1.12 1.35 1.59 1.75 1.82 1.83 1.78 1.69 1.59 1.50 1.45 1.47 1.54 1.63 1.69 1.69 1.62 1.50 1.35 1.19 1.02 0.89 0.81 0.81
 11   0.93 1.11 1.31 1.52 1.69 1.82 1.89 1.90 1.82 1.67 1.52 1.43 1.41 1.43 1.49 1.56 1.61 1.62 1.57 1.45 1.30 1.13 0.97 0.83
 12   0.76 0.84 1.00 1.21 1.43 1.65 1.86 1.97 1.95 1.83 1.67 1.50 1.36 1.29 1.28 1.33 1.44 1.57 1.65 1.66 1.60 1.45 1.24 1.01
 13   0.83 0.78 0.82 0.98 1.23 1.50 1.77 2.01 2.11 2.05 1.88 1.66 1.44 1.26 1.14 1.13 1.24 1.46 1.68 1.82 1.87 1.81 1.63 1.37
 14   1.07 0.83 0.70 0.75 0.96 1.27 1.59 1.91 2.17 2.24 2.11 1.83 1.51 1.17 0.93 0.85 0.92 1.17 1.45 1.72 1.93 2.01 1.92 1.68
 15   1.33 1.00 0.74 0.61 0.69 0.97 1.35 1.76 2.12 2.26 2.26 2.09 1.70 1.26 0.86 0.65 0.64 0.79 1.15 1.59 1.92 2.15 2.21 2.11
 16   1.86 1.47 0.98 0.75 0.69 0.83 1.15 1.57 2.00 2.27 2.37 2.29 1.95 1.47 0.91 0.55 0.37 0.39 0.77 1.21 1.64 2.08 2.30 2.32
 17   2.18 1.87 1.37 0.97 0.78 0.75 0.93 1.35 1.79 2.15 2.39 2.37 2.15 1.77 1.17 0.61 0.27 0.17 0.32 0.76 1.26 1.77 2.21 2.43
 18   2.42 2.23 1.84 1.33 1.01 0.85 0.87 1.11 1.54 1.92 2.22 2.37 2.30 1.97 1.49 0.87 0.36 0.09 0.10 0.36 0.81 1.37 1.86 2.26
 19   2.47 2.42 2.20 1.80 1.37 1.08 0.94 1.00 1.35 1.75 2.06 2.27 2.32 2.17 1.81 1.32 0.68 0.25 0.06 0.12 0.40 0.92 1.43 1.91
 20   2.24 2.40 2.35 2.12 1.72 1.35 1.08 1.04 1.17 1.43 1.74 2.00 2.15 2.12 1.94 1.60 1.05 0.54 0.23 0.10 0.16 0.51 0.98 1.44
 21   1.83 2.13 2.27 2.23 2.00 1.67 1.37 1.20 1.15 1.23 1.45 1.70 1.88 1.95 1.87 1.65 1.32 0.91 0.55 0.28 0.20 0.31 0.69 1.08
 22   1.42 1.74 2.00 2.10 2.06 1.88 1.60 1.38 1.25 1.21 1.28 1.48 1.65 1.74 1.76 1.70 1.56 1.31 0.97 0.72 0.56 0.51 0.60 0.87
 23   1.19 1.51 1.76 1.96 2.05 2.02 1.88 1.70 1.52 1.37 1.29 1.32 1.42 1.52 1.60 1.64 1.62 1.51 1.33 1.12 0.91 0.74 0.70 0.79
 24   0.98 1.20 1.43 1.66 1.85 1.96 1.97 1.89 1.74 1.58 1.43 1.34 1.32 1.34 1.40 1.47 1.53 1.57 1.55 1.44 1.28 1.11 0.97 0.89
 25   0.92 1.05 1.23 1.43 1.63 1.82 1.96 2.00 1.95 1.78 1.58 1.41 1.28 1.20 1.20 1.28 1.38 1.49 1.58 1.60 1.54 1.43 1.27 1.10
 26   0.98 0.98 1.09 1.25 1.45 1.66 1.86 2.02 2.08 1.98 1.78 1.55 1.33 1.17 1.09 1.10 1.19 1.35 1.53 1.67 1.72 1.68 1.56 1.38
 27   1.10 1.00 1.00 1.09 1.25 1.47 1.74 1.96 2.08 2.07 1.93 1.70 1.41 1.17 1.00 0.93 0.96 1.15 1.40 1.61 1.76 1.82 1.76 1.61
 28   1.40 1.17 1.02 1.03 1.14 1.32 1.58 1.84 2.05 2.10 2.03 1.79 1.49 1.18 0.94 0.80 0.80 0.97 1.26 1.54 1.76 1.88 1.90 1.79
 29   1.58 1.33 1.12 1.01 1.04 1.21 1.45 1.73 1.96 2.08 2.05 1.87 1.60 1.26 0.90 0.72 0.69 0.78 1.04 1.37 1.68 1.89 2.00 1.98
 30   1.81 1.53 1.24 1.08 1.05 1.12 1.32 1.62 1.87 2.02 2.05 1.93 1.71 1.41 1.01 0.68 0.51 0.57 0.81 1.14 1.49 1.80 2.02 2.07
 31   1.94 1.70 1.38 1.10 0.98 0.99 1.13 1.37 1.67 1.91 2.02 2.00 1.87 1.58 1.19 0.69 0.43 0.41 0.54 0.84 1.29 1.67 1.94 2.08
 ----------------------------------------------------------------------------------------------------------------------------
                                                                                               
 ----------------------------------------------------------------------------------------------------------------------------
 ----------------------------------------------------------------------------------------------------------------------------
                                                          SURVEY OF INDIA
                                                    MARINE GEODESY WING (G&RB)
                                                     HOURLY HEIGHTS IN METRES
  NAME OF PORT:- MARMAGAO                                                                           MONTH NOVEMBER  YEAR 2020
 ----------------------------------------------------------------------------------------------------------------------------
 DAYS 0000 0001 0002 0003 0004 0005 0006 0007 0008 0009 0010 0011 0012 0013 0014 0015 0016 0017 0018 0019 0020 0021 0022 0023
 ----------------------------------------------------------------------------------------------------------------------------
  1   2.06 1.88 1.59 1.30 1.08 0.98 1.08 1.30 1.58 1.83 1.98 1.98 1.84 1.53 1.16 0.77 0.49 0.38 0.47 0.72 1.12 1.55 1.89 2.09
  2   2.17 2.09 1.85 1.54 1.29 1.15 1.11 1.23 1.50 1.76 1.94 2.00 1.91 1.68 1.33 0.91 0.57 0.42 0.47 0.69 1.05 1.45 1.87 2.14
  3   2.28 2.27 2.13 1.87 1.57 1.35 1.27 1.32 1.49 1.76 1.99 2.09 2.04 1.87 1.60 1.26 0.83 0.58 0.52 0.62 0.84 1.13 1.40 1.66
  4   1.85 1.93 1.87 1.69 1.42 1.15 1.01 0.99 1.09 1.30 1.53 1.68 1.72 1.63 1.40 1.08 0.70 0.40 0.25 0.28 0.45 0.76 1.18 1.52
  5   1.80 1.96 1.97 1.87 1.68 1.41 1.23 1.16 1.17 1.30 1.62 1.90 1.99 1.95 1.82 1.58 1.19 0.87 0.69 0.61 0.65 0.87 1.22 1.59
  6   1.91 2.12 2.23 2.21 2.09 1.86 1.64 1.50 1.46 1.52 1.62 1.74 1.85 1.89 1.82 1.66 1.42 1.12 0.86 0.70 0.67 0.75 0.99 1.29
  7   1.62 1.87 2.05 2.15 2.13 2.00 1.79 1.62 1.52 1.50 1.54 1.66 1.78 1.84 1.81 1.72 1.57 1.39 1.18 0.97 0.85 0.85 0.95 1.13
  8   1.37 1.62 1.85 2.03 2.11 2.07 1.95 1.80 1.65 1.53 1.47 1.50 1.59 1.68 1.74 1.73 1.65 1.53 1.38 1.20 1.04 0.93 0.90 1.00
  9   1.19 1.41 1.63 1.86 2.03 2.12 2.12 2.01 1.84 1.67 1.52 1.43 1.41 1.45 1.51 1.57 1.63 1.65 1.62 1.50 1.31 1.14 1.00 0.95
 10   1.00 1.13 1.34 1.58 1.81 2.01 2.10 2.10 1.97 1.76 1.53 1.35 1.23 1.18 1.23 1.33 1.46 1.62 1.74 1.76 1.66 1.49 1.28 1.09
 11   0.96 0.98 1.12 1.33 1.59 1.87 2.08 2.18 2.17 2.02 1.72 1.41 1.19 1.04 1.01 1.10 1.29 1.56 1.80 1.93 1.94 1.86 1.66 1.37
 12   1.16 1.03 1.02 1.16 1.42 1.71 2.00 2.24 2.30 2.18 1.94 1.61 1.21 0.91 0.76 0.76 0.94 1.24 1.59 1.91 2.12 2.20 2.13 1.85
 13   1.55 1.30 1.13 1.08 1.21 1.49 1.80 2.13 2.34 2.35 2.23 1.95 1.43 0.96 0.58 0.40 0.43 0.60 0.85 1.17 1.53 1.95 2.24 2.20
 14   1.96 1.60 1.25 1.01 1.08 1.30 1.55 1.80 2.05 2.23 2.26 2.10 1.73 1.19 0.74 0.43 0.31 0.41 0.75 1.11 1.47 1.85 2.19 2.38
 15   2.27 2.00 1.65 1.33 1.12 1.23 1.45 1.72 1.96 2.18 2.33 2.26 1.96 1.50 0.94 0.52 0.26 0.25 0.48 0.90 1.34 1.78 2.18 2.43
 16   2.51 2.34 2.02 1.67 1.37 1.22 1.32 1.57 1.86 2.13 2.36 2.44 2.26 1.81 1.28 0.70 0.28 0.09 0.18 0.51 1.05 1.58 2.10 2.50
 17   2.66 2.64 2.44 2.08 1.68 1.42 1.33 1.43 1.72 2.01 2.25 2.39 2.37 2.16 1.76 1.17 0.70 0.36 0.23 0.32 0.70 1.28 1.79 2.22
 18   2.56 2.69 2.65 2.45 2.01 1.66 1.46 1.40 1.50 1.73 2.01 2.24 2.31 2.22 1.99 1.60 1.10 0.68 0.43 0.38 0.55 0.97 1.47 1.88
 19   2.25 2.53 2.62 2.51 2.27 1.96 1.64 1.46 1.41 1.54 1.75 1.97 2.12 2.13 2.04 1.85 1.51 1.12 0.81 0.61 0.56 0.77 1.14 1.50
 20   1.87 2.19 2.43 2.48 2.38 2.18 1.86 1.62 1.49 1.46 1.52 1.66 1.86 1.97 1.97 1.90 1.75 1.49 1.17 0.92 0.80 0.80 0.98 1.30
 21   1.62 1.92 2.18 2.34 2.38 2.30 2.11 1.88 1.67 1.51 1.46 1.53 1.63 1.72 1.81 1.87 1.84 1.70 1.47 1.22 1.01 0.90 0.94 1.12
 22   1.35 1.60 1.81 2.01 2.14 2.18 2.09 1.94 1.79 1.63 1.47 1.35 1.37 1.45 1.55 1.65 1.73 1.76 1.71 1.56 1.38 1.22 1.14 1.15
 23   1.28 1.44 1.60 1.76 1.90 2.02 2.07 2.04 1.94 1.77 1.54 1.36 1.30 1.31 1.36 1.46 1.56 1.66 1.73 1.72 1.66 1.56 1.43 1.30
 24   1.29 1.39 1.55 1.74 1.93 2.09 2.18 2.20 2.13 1.96 1.72 1.50 1.33 1.21 1.18 1.26 1.42 1.59 1.73 1.83 1.86 1.81 1.71 1.57
 25   1.42 1.35 1.42 1.55 1.72 1.91 2.08 2.17 2.16 2.03 1.82 1.54 1.28 1.09 1.02 1.03 1.16 1.39 1.66 1.84 1.93 1.93 1.83 1.68
 26   1.51 1.38 1.33 1.41 1.55 1.72 1.90 2.04 2.07 2.00 1.82 1.57 1.27 1.01 0.81 0.77 0.88 1.10 1.37 1.67 1.86 1.96 1.96 1.85
 27   1.66 1.48 1.34 1.32 1.42 1.57 1.74 1.90 2.02 2.03 1.90 1.65 1.35 1.05 0.78 0.62 0.66 0.86 1.16 1.50 1.78 1.95 2.04 2.02
 28   1.86 1.63 1.45 1.34 1.34 1.47 1.65 1.84 1.99 2.03 1.96 1.79 1.50 1.17 0.84 0.64 0.58 0.72 1.02 1.40 1.75 2.05 2.23 2.26
 29   2.14 1.93 1.68 1.49 1.41 1.43 1.56 1.74 1.92 2.05 2.06 1.90 1.66 1.31 0.97 0.69 0.54 0.56 0.79 1.11 1.56 1.92 2.16 2.26
 30   2.23 2.04 1.79 1.56 1.43 1.37 1.42 1.60 1.83 1.98 2.00 1.92 1.69 1.38 1.00 0.65 0.44 0.44 0.62 0.95 1.39 1.76 2.10 2.29
 ----------------------------------------------------------------------------------------------------------------------------
                                                                                               
 ----------------------------------------------------------------------------------------------------------------------------
 ----------------------------------------------------------------------------------------------------------------------------
                                                          SURVEY OF INDIA
                                                    MARINE GEODESY WING (G&RB)
                                                     HOURLY HEIGHTS IN METRES
  NAME OF PORT:- MARMAGAO                                                                           MONTH DECEMBER  YEAR 2020
 ----------------------------------------------------------------------------------------------------------------------------
 DAYS 0000 0001 0002 0003 0004 0005 0006 0007 0008 0009 0010 0011 0012 0013 0014 0015 0016 0017 0018 0019 0020 0021 0022 0023
 ----------------------------------------------------------------------------------------------------------------------------
  1   2.34 2.22 1.99 1.74 1.52 1.38 1.36 1.52 1.76 1.96 2.06 2.03 1.90 1.62 1.18 0.82 0.57 0.44 0.53 0.80 1.20 1.72 2.08 2.31
  2   2.44 2.41 2.23 1.96 1.67 1.49 1.43 1.50 1.65 1.84 2.02 2.06 1.93 1.65 1.34 1.05 0.76 0.53 0.43 0.60 0.97 1.36 1.77 2.10
  3   2.34 2.40 2.27 2.04 1.76 1.53 1.42 1.46 1.57 1.74 1.92 2.05 2.03 1.81 1.53 1.26 0.96 0.67 0.47 0.49 0.81 1.18 1.58 1.96
  4   2.20 2.33 2.33 2.17 1.95 1.73 1.54 1.43 1.48 1.64 1.83 2.01 2.08 2.01 1.83 1.53 1.16 0.85 0.63 0.56 0.66 0.97 1.35 1.70
  5   2.02 2.26 2.36 2.30 2.06 1.79 1.58 1.45 1.39 1.44 1.60 1.76 1.88 1.90 1.80 1.60 1.34 1.08 0.82 0.65 0.66 0.86 1.15 1.45
  6   1.72 1.95 2.12 2.18 2.09 1.91 1.67 1.42 1.21 1.22 1.35 1.53 1.69 1.79 1.80 1.70 1.54 1.29 0.98 0.76 0.69 0.71 0.86 1.11
  7   1.43 1.74 1.98 2.12 2.14 2.02 1.79 1.55 1.35 1.22 1.18 1.26 1.38 1.49 1.57 1.62 1.59 1.46 1.27 1.06 0.89 0.82 0.86 1.00
  8   1.24 1.54 1.83 2.06 2.17 2.16 2.04 1.84 1.61 1.40 1.23 1.16 1.22 1.34 1.47 1.58 1.66 1.68 1.62 1.47 1.29 1.14 1.05 1.06
  9   1.18 1.38 1.64 1.90 2.11 2.22 2.19 2.06 1.83 1.55 1.28 1.09 1.04 1.08 1.22 1.40 1.58 1.73 1.82 1.84 1.75 1.58 1.41 1.28
 10   1.23 1.30 1.55 1.80 2.02 2.22 2.35 2.32 2.14 1.85 1.53 1.21 0.99 0.93 0.98 1.12 1.36 1.67 1.90 2.03 2.08 2.03 1.85 1.60
 11   1.41 1.36 1.41 1.58 1.82 2.06 2.25 2.33 2.26 2.08 1.73 1.30 0.95 0.71 0.63 0.74 0.99 1.35 1.68 1.97 2.20 2.26 2.18 1.95
 12   1.70 1.51 1.43 1.47 1.64 1.90 2.13 2.30 2.33 2.22 1.93 1.55 1.06 0.66 0.41 0.34 0.55 0.90 1.31 1.73 2.11 2.36 2.41 2.32
 13   2.05 1.74 1.53 1.45 1.48 1.64 1.93 2.17 2.32 2.35 2.21 1.92 1.44 0.90 0.51 0.29 0.30 0.55 1.00 1.50 1.98 2.38 2.59 2.64
 14   2.48 2.17 1.85 1.59 1.49 1.54 1.74 2.00 2.23 2.39 2.36 2.18 1.84 1.32 0.78 0.34 0.18 0.24 0.60 1.06 1.57 2.05 2.46 2.66
 15   2.64 2.43 2.10 1.72 1.47 1.39 1.47 1.68 1.96 2.19 2.30 2.22 2.00 1.64 1.10 0.56 0.25 0.13 0.23 0.60 1.16 1.69 2.13 2.48
 16   2.61 2.56 2.33 1.93 1.59 1.36 1.30 1.39 1.66 1.92 2.13 2.23 2.16 1.91 1.52 0.98 0.48 0.20 0.13 0.32 0.72 1.26 1.77 2.18
 17   2.51 2.57 2.47 2.19 1.79 1.49 1.31 1.26 1.40 1.62 1.85 2.04 2.15 2.09 1.77 1.34 0.87 0.53 0.33 0.31 0.54 0.97 1.45 1.87
 18   2.23 2.47 2.52 2.36 2.05 1.69 1.42 1.28 1.28 1.38 1.60 1.83 1.99 1.99 1.87 1.65 1.28 0.90 0.63 0.48 0.51 0.81 1.21 1.61
 19   1.97 2.27 2.43 2.42 2.26 1.94 1.60 1.37 1.26 1.25 1.35 1.56 1.75 1.85 1.85 1.75 1.56 1.26 0.97 0.77 0.69 0.77 1.02 1.38
 20   1.73 2.03 2.26 2.35 2.27 2.10 1.83 1.54 1.32 1.22 1.23 1.34 1.48 1.62 1.71 1.72 1.67 1.54 1.32 1.09 0.97 0.95 1.05 1.27
 21   1.59 1.86 2.08 2.23 2.28 2.19 1.99 1.75 1.51 1.33 1.23 1.23 1.34 1.48 1.59 1.65 1.67 1.65 1.55 1.39 1.26 1.17 1.17 1.28
 22   1.48 1.72 1.97 2.15 2.23 2.21 2.12 1.94 1.69 1.46 1.28 1.19 1.19 1.28 1.41 1.53 1.63 1.70 1.71 1.67 1.56 1.47 1.41 1.41
 23   1.49 1.70 1.90 2.05 2.16 2.22 2.21 2.10 1.89 1.65 1.44 1.25 1.13 1.14 1.24 1.38 1.53 1.68 1.79 1.84 1.83 1.75 1.65 1.56
 24   1.56 1.69 1.83 1.97 2.09 2.19 2.23 2.16 2.01 1.81 1.56 1.33 1.14 1.05 1.09 1.22 1.40 1.60 1.79 1.91 1.97 1.97 1.89 1.77
 25   1.68 1.65 1.71 1.83 1.96 2.09 2.16 2.17 2.09 1.90 1.68 1.43 1.21 1.02 0.93 1.01 1.19 1.44 1.70 1.93 2.10 2.17 2.17 2.04
 26   1.87 1.78 1.76 1.79 1.87 1.98 2.10 2.17 2.16 2.04 1.82 1.55 1.27 1.02 0.87 0.82 0.92 1.18 1.49 1.78 2.01 2.15 2.19 2.13
 27   1.96 1.79 1.67 1.63 1.67 1.77 1.90 2.00 2.05 2.03 1.90 1.62 1.29 1.01 0.78 0.67 0.71 0.92 1.25 1.59 1.92 2.18 2.29 2.29
 28   2.17 1.96 1.77 1.65 1.61 1.66 1.79 1.94 2.06 2.07 1.97 1.78 1.50 1.11 0.80 0.59 0.55 0.67 1.01 1.37 1.73 2.07 2.29 2.35
 29   2.27 2.11 1.87 1.66 1.55 1.53 1.63 1.78 1.93 2.04 2.01 1.87 1.62 1.27 0.90 0.61 0.45 0.51 0.77 1.13 1.55 1.93 2.26 2.42
 30   2.43 2.32 2.06 1.76 1.60 1.53 1.54 1.67 1.88 2.04 2.09 2.01 1.79 1.50 1.10 0.72 0.46 0.39 0.53 0.90 1.33 1.72 2.10 2.37
 31   2.45 2.40 2.23 1.90 1.60 1.47 1.43 1.53 1.72 1.94 2.07 2.07 1.93 1.68 1.30 0.85 0.55 0.41 0.43 0.64 1.05 1.56 1.95 2.28
 ----------------------------------------------------------------------------------------------------------------------------
                                                                                               
 ----------------------------------------------------------------------------------------------------------------------------
 ----------------------------------------------------------------------------------------------------------------------------
