                                                          SURVEY OF INDIA
                                                    MARINE GEODESY WING (G&RB)
                                                     HOURLY HEIGHTS IN METRES
  NAME OF PORT:- MARMAGAO                                                                           MONTH JANUARY   YEAR 2021
 ----------------------------------------------------------------------------------------------------------------------------
 DAYS 0000 0001 0002 0003 0004 0005 0006 0007 0008 0009 0010 0011 0012 0013 0014 0015 0016 0017 0018 0019 0020 0021 0022 0023
 ----------------------------------------------------------------------------------------------------------------------------
  1   2.52 2.53 2.41 2.12 1.77 1.54 1.46 1.50 1.67 1.87 2.05 2.17 2.14 1.94 1.63 1.24 0.88 0.60 0.52 0.62 0.92 1.40 1.85 2.20
  2   2.47 2.62 2.55 2.32 1.98 1.68 1.49 1.45 1.54 1.70 1.92 2.14 2.20 2.11 1.92 1.61 1.17 0.87 0.68 0.63 0.80 1.18 1.62 2.02
  3   2.38 2.58 2.64 2.56 2.26 1.89 1.60 1.45 1.42 1.51 1.74 1.95 2.08 2.14 2.08 1.88 1.53 1.17 0.93 0.80 0.82 1.04 1.42 1.80
  4
  5
  6
  7
  8
  9   1.74 1.68 1.80 1.97 2.13 2.27 2.37 2.36 2.16 1.90 1.52 1.17 0.89 0.71 0.72 0.88 1.14 1.51 1.82 2.10 2.30 2.36 2.27 2.10
 10   1.90 1.72 1.68 1.75 1.87 2.02 2.16 2.25 2.24 2.06 1.76 1.34 0.96 0.67 0.51 0.48 0.67 1.08 1.48 1.83 2.21 2.40 2.44 2.37
 11   2.14 1.89 1.70 1.62 1.68 1.82 1.99 2.14 2.24 2.20 2.04 1.78 1.33 0.89 0.55 0.38 0.40 0.68 1.08 1.52 1.96 2.32 2.52 2.56
 12   2.44 2.16 1.86 1.64 1.54 1.59 1.76 1.96 2.13 2.24 2.22 1.98 1.63 1.14 0.72 0.42 0.32 0.45 0.78 1.22 1.75 2.17 2.51 2.67
 13   2.59 2.36 2.02 1.70 1.48 1.41 1.52 1.73 1.95 2.14 2.23 2.15 1.93 1.59 1.04 0.60 0.35 0.27 0.45 0.81 1.30 1.76 2.20 2.47
 14   2.58 2.49 2.23 1.85 1.53 1.30 1.22 1.38 1.64 1.87 2.08 2.15 2.07 1.86 1.49 0.96 0.53 0.32 0.32 0.54 0.96 1.48 1.96 2.28
 15   2.54 2.59 2.43 2.13 1.76 1.43 1.26 1.24 1.43 1.72 1.95 2.13 2.19 2.10 1.85 1.46 1.00 0.66 0.49 0.56 0.84 1.29 1.74 2.15
 16   2.46 2.66 2.63 2.38 2.02 1.64 1.37 1.23 1.25 1.48 1.75 1.97 2.10 2.12 2.00 1.71 1.30 0.96 0.69 0.62 0.76 1.09 1.52 1.92
 17   2.26 2.49 2.56 2.46 2.19 1.83 1.50 1.28 1.20 1.28 1.50 1.74 1.92 2.04 2.01 1.87 1.61 1.25 0.98 0.86 0.86 1.02 1.36 1.76
 18   2.09 2.34 2.49 2.48 2.27 1.98 1.64 1.38 1.22 1.17 1.28 1.53 1.76 1.92 1.99 1.94 1.78 1.56 1.32 1.14 1.08 1.17 1.38 1.70
 19   2.04 2.29 2.45 2.50 2.39 2.16 1.84 1.58 1.38 1.27 1.26 1.37 1.58 1.76 1.88 1.93 1.89 1.74 1.59 1.44 1.32 1.31 1.42 1.63
 20   1.92 2.15 2.31 2.39 2.36 2.22 1.98 1.69 1.46 1.29 1.19 1.20 1.33 1.50 1.64 1.76 1.83 1.82 1.74 1.60 1.49 1.45 1.49 1.59
 21   1.74 1.96 2.16 2.26 2.28 2.20 2.03 1.79 1.52 1.32 1.16 1.08 1.13 1.28 1.42 1.55 1.67 1.77 1.80 1.76 1.69 1.62 1.58 1.60
 22   1.70 1.83 1.99 2.12 2.17 2.14 2.04 1.88 1.65 1.44 1.25 1.11 1.03 1.03 1.12 1.30 1.49 1.66 1.82 1.94 2.00 1.99 1.91 1.82
 23   1.78 1.82 1.91 2.00 2.07 2.12 2.10 1.98 1.80 1.62 1.40 1.18 1.03 0.97 1.00 1.14 1.36 1.57 1.76 1.90 2.01 2.04 1.99 1.90
 24   1.82 1.77 1.76 1.82 1.90 1.96 1.98 1.96 1.86 1.68 1.47 1.24 1.02 0.86 0.80 0.87 1.05 1.30 1.58 1.80 1.97 2.06 2.07 1.99
 25   1.86 1.75 1.66 1.63 1.69 1.78 1.86 1.91 1.90 1.78 1.54 1.30 1.06 0.80 0.65 0.66 0.79 1.04 1.38 1.74 1.98 2.12 2.17 2.13
 26   2.02 1.86 1.68 1.59 1.58 1.68 1.82 1.94 1.98 1.92 1.78 1.57 1.24 0.95 0.73 0.61 0.64 0.85 1.22 1.57 1.88 2.18 2.34 2.34
 27   2.19 2.00 1.80 1.63 1.54 1.57 1.68 1.84 1.98 2.03 1.97 1.76 1.49 1.18 0.83 0.56 0.49 0.59 0.91 1.34 1.72 2.08 2.32 2.45
 28   2.40 2.18 1.89 1.65 1.50 1.47 1.58 1.75 1.92 2.06 2.10 2.00 1.78 1.46 1.05 0.70 0.50 0.47 0.68 1.03 1.50 1.92 2.26 2.46
 29   2.50 2.35 2.09 1.76 1.52 1.40 1.38 1.52 1.75 1.97 2.13 2.14 2.00 1.72 1.30 0.90 0.58 0.40 0.46 0.76 1.16 1.68 2.07 2.38
 30   2.53 2.48 2.27 1.92 1.56 1.33 1.24 1.30 1.57 1.84 2.05 2.16 2.11 1.95 1.65 1.16 0.76 0.49 0.40 0.59 0.94 1.42 1.87 2.26
 31   2.49 2.55 2.38 2.09 1.68 1.34 1.13 1.12 1.28 1.56 1.84 2.06 2.18 2.12 1.91 1.55 1.07 0.71 0.54 0.55 0.75 1.14 1.64 2.06
 ----------------------------------------------------------------------------------------------------------------------------
                                                                                               
 ----------------------------------------------------------------------------------------------------------------------------
 ----------------------------------------------------------------------------------------------------------------------------
                                                          SURVEY OF INDIA
                                                    MARINE GEODESY WING (G&RB)
                                                     HOURLY HEIGHTS IN METRES
  NAME OF PORT:- MARMAGAO                                                                           MONTH FEBRUARY  YEAR 2021
 ----------------------------------------------------------------------------------------------------------------------------
 DAYS 0000 0001 0002 0003 0004 0005 0006 0007 0008 0009 0010 0011 0012 0013 0014 0015 0016 0017 0018 0019 0020 0021 0022 0023
 ----------------------------------------------------------------------------------------------------------------------------
  1   2.36 2.54 2.48 2.25 1.84 1.46 1.13 0.99 1.00 1.20 1.51 1.80 2.05 2.15 2.06 1.80 1.44 1.08 0.79 0.65 0.70 1.00 1.46 1.88
  2   2.23 2.49 2.57 2.44 2.14 1.70 1.26 1.00 0.89 0.93 1.20 1.52 1.83 2.01 2.07 1.99 1.76 1.42 1.14 0.94 0.83 0.94 1.29 1.68
  3
  4
  5
  6
  7
  8
  9
 10
 11
 12
 13
 14
 15
 16
 17
 18
 19
 20
 21
 22
 23
 24
 25
 26
 27
 28
 ----------------------------------------------------------------------------------------------------------------------------
                                                                                               
 ----------------------------------------------------------------------------------------------------------------------------
 ----------------------------------------------------------------------------------------------------------------------------
                                                          SURVEY OF INDIA
                                                    MARINE GEODESY WING (G&RB)
                                                     HOURLY HEIGHTS IN METRES
  NAME OF PORT:- MARMAGAO                                                                           MONTH MARCH     YEAR 2021
 ----------------------------------------------------------------------------------------------------------------------------
 DAYS 0000 0001 0002 0003 0004 0005 0006 0007 0008 0009 0010 0011 0012 0013 0014 0015 0016 0017 0018 0019 0020 0021 0022 0023
 ----------------------------------------------------------------------------------------------------------------------------
  1
  2
  3
  4
  5
  6
  7
  8
  9
 10
 11
 12
 13
 14
 15
 16
 17
 18
 19
 20
 21
 22
 23
 24
 25
 26
 27
 28
 29
 30
 31
 ----------------------------------------------------------------------------------------------------------------------------
                                                          SURVEY OF INDIA
                                                    MARINE GEODESY WING (G&RB)
                                                     HOURLY HEIGHTS IN METRES
  NAME OF PORT:- MARMAGAO                                                                           MONTH APRIL     YEAR 2021
 ----------------------------------------------------------------------------------------------------------------------------
 DAYS 0000 0001 0002 0003 0004 0005 0006 0007 0008 0009 0010 0011 0012 0013 0014 0015 0016 0017 0018 0019 0020 0021 0022 0023
 ----------------------------------------------------------------------------------------------------------------------------
  1
  2
  3
  4
  5
  6
  7
  8
  9
 10
 11
 12
 13
 14
 15
 16
 17
 18
 19
 20
 21
 22
 23
 24
 25
 26
 27
 28
 29
 30
 ----------------------------------------------------------------------------------------------------------------------------
                                                          SURVEY OF INDIA
                                                    MARINE GEODESY WING (G&RB)
                                                     HOURLY HEIGHTS IN METRES
  NAME OF PORT:- MARMAGAO                                                                           MONTH MAY       YEAR 2021
 ----------------------------------------------------------------------------------------------------------------------------
 DAYS 0000 0001 0002 0003 0004 0005 0006 0007 0008 0009 0010 0011 0012 0013 0014 0015 0016 0017 0018 0019 0020 0021 0022 0023
 ----------------------------------------------------------------------------------------------------------------------------
  1
  2
  3
  4
  5
  6
  7
  8
  9
 10
 11
 12
 13
 14
 15
 16
 17
 18
 19
 20
 21
 22
 23
 24
 25
 26
 27
 28
 29
 30
 31
 ----------------------------------------------------------------------------------------------------------------------------
                                                          SURVEY OF INDIA
                                                    MARINE GEODESY WING (G&RB)
                                                     HOURLY HEIGHTS IN METRES
  NAME OF PORT:- MARMAGAO                                                                           MONTH JUNE      YEAR 2021
 ----------------------------------------------------------------------------------------------------------------------------
 DAYS 0000 0001 0002 0003 0004 0005 0006 0007 0008 0009 0010 0011 0012 0013 0014 0015 0016 0017 0018 0019 0020 0021 0022 0023
 ----------------------------------------------------------------------------------------------------------------------------
  1
  2
  3
  4
  5
  6
  7
  8
  9
 10
 11
 12
 13
 14
 15
 16
 17
 18
 19
 20
 21
 22
 23
 24
 25
 26
 27
 28
 29
 30
 ----------------------------------------------------------------------------------------------------------------------------
                                                          SURVEY OF INDIA
                                                    MARINE GEODESY WING (G&RB)
                                                     HOURLY HEIGHTS IN METRES
  NAME OF PORT:- MARMAGAO                                                                           MONTH JULY      YEAR 2021
 ----------------------------------------------------------------------------------------------------------------------------
 DAYS 0000 0001 0002 0003 0004 0005 0006 0007 0008 0009 0010 0011 0012 0013 0014 0015 0016 0017 0018 0019 0020 0021 0022 0023
 ----------------------------------------------------------------------------------------------------------------------------
  1
  2
  3
  4
  5
  6
  7
  8
  9
 10
 11
 12
 13
 14
 15
 16
 17
 18
 19
 20
 21
 22
 23
 24
 25
 26
 27
 28
 29
 30
 31
 ----------------------------------------------------------------------------------------------------------------------------
                                                          SURVEY OF INDIA
                                                    MARINE GEODESY WING (G&RB)
                                                     HOURLY HEIGHTS IN METRES
  NAME OF PORT:- MARMAGAO                                                                           MONTH AUGUST    YEAR 2021
 ----------------------------------------------------------------------------------------------------------------------------
 DAYS 0000 0001 0002 0003 0004 0005 0006 0007 0008 0009 0010 0011 0012 0013 0014 0015 0016 0017 0018 0019 0020 0021 0022 0023
 ----------------------------------------------------------------------------------------------------------------------------
  1
  2
  3
  4
  5
  6
  7
  8
  9
 10
 11
 12
 13
 14
 15
 16
 17
 18
 19
 20
 21
 22
 23
 24
 25
 26
 27
 28
 29
 30
 31
 ----------------------------------------------------------------------------------------------------------------------------
                                                          SURVEY OF INDIA
                                                    MARINE GEODESY WING (G&RB)
                                                     HOURLY HEIGHTS IN METRES
  NAME OF PORT:- MARMAGAO                                                                           MONTH SEPT      YEAR 2021
 ----------------------------------------------------------------------------------------------------------------------------
 DAYS 0000 0001 0002 0003 0004 0005 0006 0007 0008 0009 0010 0011 0012 0013 0014 0015 0016 0017 0018 0019 0020 0021 0022 0023
 ----------------------------------------------------------------------------------------------------------------------------
  1
  2
  3
  4
  5
  6
  7
  8
  9
 10
 11
 12
 13
 14
 15
 16
 17
 18
 19   1.41 1.01 0.71 0.56 0.61 0.79 1.11 1.51 1.85 2.12 2.25 2.19 1.98 1.65 1.31 1.03 0.87 0.95 1.19 1.46 1.73 1.92 2.03 1.96
 20   1.74 1.35 0.97 0.68 0.53 0.61 0.85 1.24 1.65 2.01 2.19 2.23 2.09 1.79 1.38 1.01 0.77 0.71 0.87 1.19 1.52 1.81 2.03 2.08
 21   1.99 1.67 1.28 0.88 0.66 0.62 0.79 1.11 1.53 1.90 2.15 2.24 2.17 1.95 1.56 1.11 0.79 0.65 0.69 0.94 1.31 1.64 1.95 2.13
 22   2.11 1.92 1.59 1.19 0.88 0.73 0.78 0.99 1.37 1.77 2.03 2.19 2.21 2.03 1.71 1.29 0.91 0.67 0.59 0.68 0.99 1.41 1.75 2.02
 23   2.13 2.03 1.80 1.49 1.11 0.85 0.81 0.95 1.20 1.57 1.89 2.09 2.16 2.09 1.83 1.43 0.99 0.71 0.57 0.56 0.75 1.11 1.51 1.85
 24
 25
 26
 27
 28   1.41 1.63 1.79 1.85 1.86 1.81 1.71 1.57 1.46 1.44 1.50 1.63 1.75 1.81 1.80 1.74 1.63 1.46 1.24 1.05 0.88 0.81 0.84 0.99
 29   1.23 1.44 1.61 1.73 1.81 1.83 1.79 1.72 1.63 1.54 1.49 1.51 1.58 1.65 1.69 1.67 1.60 1.48 1.36 1.20 1.03 0.89 0.83 0.85
 30   0.97 1.15 1.31 1.47 1.60 1.72 1.80 1.80 1.73 1.63 1.53 1.45 1.41 1.42 1.45 1.50 1.54 1.53 1.47 1.37 1.24 1.08 0.95 0.86
 ----------------------------------------------------------------------------------------------------------------------------
                                                                                               
 ----------------------------------------------------------------------------------------------------------------------------
 ----------------------------------------------------------------------------------------------------------------------------
                                                          SURVEY OF INDIA
                                                    MARINE GEODESY WING (G&RB)
                                                     HOURLY HEIGHTS IN METRES
  NAME OF PORT:- MARMAGAO                                                                           MONTH OCTOBER   YEAR 2021
 ----------------------------------------------------------------------------------------------------------------------------
 DAYS 0000 0001 0002 0003 0004 0005 0006 0007 0008 0009 0010 0011 0012 0013 0014 0015 0016 0017 0018 0019 0020 0021 0022 0023
 ----------------------------------------------------------------------------------------------------------------------------
  1   0.84 0.93 1.07 1.22 1.39 1.56 1.73 1.82 1.85 1.79 1.65 1.51 1.41 1.36 1.36 1.39 1.45 1.53 1.57 1.54 1.44 1.31 1.15 0.96
  2   0.83 0.77 0.81 0.96 1.16 1.41 1.65 1.82 1.90 1.88 1.77 1.62 1.47 1.32 1.24 1.26 1.35 1.47 1.59 1.68 1.69 1.58 1.41 1.22
  3   0.97 0.77 0.71 0.80 1.00 1.23 1.54 1.83 2.03 2.09 2.00 1.82 1.58 1.37 1.21 1.11 1.17 1.34 1.53 1.72 1.83 1.85 1.74 1.51
  4   1.19 0.92 0.71 0.64 0.75 1.05 1.35 1.69 1.97 2.17 2.17 1.99 1.72 1.39 1.09 0.92 0.93 1.07 1.31 1.60 1.81 1.95 1.95 1.79
  5   1.51 1.17 0.83 0.66 0.64 0.82 1.15 1.53 1.91 2.17 2.25 2.14 1.90 1.51 1.11 0.77 0.66 0.73 1.02 1.37 1.70 1.92 2.05 2.07
  6   1.87 1.53 1.09 0.81 0.66 0.69 0.97 1.41 1.77 2.10 2.31 2.30 2.07 1.73 1.29 0.81 0.52 0.50 0.67 1.07 1.49 1.87 2.17 2.29
  7   2.19 1.93 1.45 1.09 0.81 0.72 0.87 1.21 1.65 2.01 2.26 2.37 2.24 1.91 1.51 0.90 0.51 0.33 0.43 0.77 1.21 1.69 2.11 2.38
  8   2.39 2.24 1.96 1.53 1.13 0.94 0.91 1.12 1.53 1.91 2.19 2.40 2.41 2.13 1.71 1.19 0.62 0.36 0.32 0.44 0.85 1.35 1.77 2.23
  9   2.43 2.44 2.25 1.92 1.46 1.15 1.03 1.09 1.33 1.69 2.03 2.26 2.37 2.26 1.94 1.49 0.84 0.46 0.24 0.24 0.47 0.95 1.45 1.85
 10   2.22 2.39 2.39 2.19 1.87 1.53 1.27 1.20 1.29 1.55 1.81 2.06 2.27 2.29 2.12 1.73 1.25 0.76 0.45 0.28 0.35 0.59 1.05 1.47
 11   1.85 2.16 2.32 2.32 2.15 1.85 1.56 1.40 1.35 1.45 1.63 1.85 2.05 2.17 2.14 1.93 1.61 1.17 0.81 0.55 0.41 0.47 0.78 1.11
 12   1.46 1.81 2.11 2.27 2.25 2.09 1.85 1.64 1.50 1.48 1.56 1.70 1.85 1.97 2.01 1.92 1.74 1.48 1.20 0.92 0.71 0.62 0.71 0.91
 13   1.22 1.51 1.77 1.97 2.12 2.17 2.09 1.92 1.74 1.60 1.52 1.54 1.63 1.73 1.81 1.85 1.84 1.75 1.57 1.32 1.07 0.89 0.80 0.83
 14   1.00 1.23 1.48 1.71 1.91 2.05 2.13 2.09 1.96 1.79 1.60 1.48 1.44 1.48 1.56 1.64 1.71 1.76 1.76 1.68 1.50 1.29 1.05 0.93
 15   0.91 0.99 1.20 1.41 1.65 1.87 2.06 2.19 2.19 2.04 1.83 1.63 1.45 1.35 1.34 1.39 1.48 1.60 1.72 1.78 1.76 1.66 1.47 1.17
 16   0.99 0.92 0.99 1.14 1.38 1.64 1.89 2.14 2.23 2.21 2.07 1.77 1.50 1.31 1.19 1.17 1.25 1.43 1.68 1.85 1.93 1.90 1.79 1.55
 17   1.21 0.99 0.93 1.00 1.18 1.42 1.74 2.03 2.23 2.27 2.17 1.94 1.63 1.22 1.00 0.91 0.95 1.13 1.42 1.66 1.88 1.98 1.93 1.77
 18   1.47 1.17 0.96 0.88 0.95 1.17 1.47 1.79 2.02 2.16 2.13 1.97 1.69 1.27 0.93 0.72 0.64 0.76 1.10 1.42 1.71 1.93 2.01 1.93
 19   1.75 1.43 1.09 0.89 0.84 0.93 1.18 1.54 1.83 2.01 2.07 1.97 1.75 1.39 0.97 0.65 0.46 0.50 0.77 1.11 1.45 1.79 1.97 1.99
 20   1.86 1.64 1.27 0.80 0.72 0.80 1.01 1.30 1.65 1.87 1.99 1.97 1.77 1.42 1.00 0.59 0.36 0.34 0.52 0.86 1.27 1.60 1.86 2.00
 21   1.96 1.79 1.49 1.15 0.91 0.83 0.98 1.23 1.52 1.78 1.93 1.96 1.82 1.58 1.17 0.69 0.42 0.29 0.34 0.67 1.06 1.42 1.78 2.05
 22   2.12 1.99 1.73 1.41 1.13 0.99 0.96 1.13 1.42 1.69 1.93 2.01 1.96 1.71 1.35 0.91 0.56 0.39 0.40 0.56 0.93 1.37 1.73 2.05
 23   2.19 2.16 2.02 1.75 1.43 1.21 1.14 1.23 1.45 1.69 1.91 2.05 2.03 1.86 1.60 1.20 0.80 0.55 0.45 0.55 0.82 1.21 1.60 1.92
 24   2.15 2.24 2.13 1.92 1.65 1.41 1.29 1.28 1.40 1.59 1.82 1.97 2.03 1.97 1.72 1.39 0.97 0.67 0.52 0.51 0.68 1.03 1.40 1.74
 25   1.97 2.12 2.13 1.98 1.76 1.51 1.35 1.31 1.35 1.49 1.71 1.87 1.95 1.89 1.68 1.42 1.10 0.76 0.58 0.52 0.58 0.79 1.09 1.43
 26   1.71 1.93 2.02 1.97 1.82 1.61 1.43 1.32 1.30 1.35 1.49 1.65 1.73 1.74 1.66 1.47 1.21 0.87 0.67 0.57 0.55 0.66 0.92 1.19
 27   1.50 1.73 1.89 1.94 1.89 1.75 1.59 1.48 1.41 1.39 1.46 1.61 1.71 1.73 1.68 1.58 1.41 1.22 1.01 0.86 0.78 0.81 0.91 1.11
 28   1.35 1.59 1.78 1.90 1.93 1.88 1.78 1.68 1.57 1.49 1.45 1.50 1.60 1.66 1.67 1.63 1.53 1.39 1.24 1.08 0.94 0.89 0.92 1.01
 29   1.20 1.39 1.60 1.77 1.89 1.92 1.88 1.80 1.70 1.60 1.49 1.43 1.45 1.50 1.54 1.57 1.58 1.54 1.45 1.35 1.22 1.11 1.03 1.02
 30   1.08 1.21 1.41 1.59 1.76 1.91 2.00 1.99 1.89 1.75 1.61 1.50 1.41 1.37 1.40 1.45 1.51 1.58 1.61 1.58 1.49 1.35 1.21 1.07
 31   1.01 1.06 1.21 1.37 1.57 1.78 1.97 2.05 2.00 1.89 1.71 1.51 1.32 1.21 1.17 1.23 1.35 1.52 1.67 1.74 1.71 1.61 1.44 1.22
 ----------------------------------------------------------------------------------------------------------------------------
                                                                                               
 ----------------------------------------------------------------------------------------------------------------------------
 ----------------------------------------------------------------------------------------------------------------------------
                                                          SURVEY OF INDIA
                                                    MARINE GEODESY WING (G&RB)
                                                     HOURLY HEIGHTS IN METRES
  NAME OF PORT:- MARMAGAO                                                                           MONTH NOVEMBER  YEAR 2021
 ----------------------------------------------------------------------------------------------------------------------------
 DAYS 0000 0001 0002 0003 0004 0005 0006 0007 0008 0009 0010 0011 0012 0013 0014 0015 0016 0017 0018 0019 0020 0021 0022 0023
 ----------------------------------------------------------------------------------------------------------------------------
  1   1.05 0.97 1.01 1.17 1.38 1.62 1.83 2.01 2.11 2.07 1.87 1.59 1.25 1.05 0.97 0.98 1.11 1.37 1.63 1.79 1.88 1.87 1.73 1.49
  2   1.26 1.07 0.98 1.05 1.23 1.50 1.82 2.06 2.22 2.23 2.05 1.75 1.39 1.06 0.81 0.75 0.87 1.13 1.47 1.78 1.98 2.10 2.09 1.89
  3   1.59 1.31 1.11 1.01 1.09 1.35 1.67 1.98 2.24 2.33 2.21 1.96 1.55 1.10 0.73 0.51 0.49 0.75 1.14 1.51 1.88 2.18 2.29 2.22
  4   1.98 1.65 1.27 1.04 1.01 1.15 1.41 1.80 2.13 2.33 2.34 2.15 1.81 1.29 0.79 0.45 0.29 0.35 0.74 1.21 1.65 2.08 2.40 2.47
  5   2.33 2.05 1.66 1.35 1.12 1.10 1.30 1.66 1.99 2.25 2.39 2.33 2.05 1.63 1.03 0.53 0.19 0.17 0.37 0.79 1.34 1.89 2.32 2.54
  6   2.61 2.43 2.07 1.67 1.36 1.19 1.24 1.52 1.83 2.14 2.41 2.47 2.27 1.90 1.38 0.73 0.28 0.13 0.23 0.51 0.96 1.53 2.07 2.43
  7   2.63 2.65 2.43 2.07 1.65 1.40 1.31 1.36 1.65 1.95 2.17 2.33 2.33 2.11 1.69 1.09 0.59 0.26 0.12 0.21 0.61 1.12 1.59 2.09
  8   2.45 2.60 2.56 2.31 1.94 1.64 1.40 1.32 1.42 1.64 1.86 2.12 2.19 2.10 1.85 1.52 1.00 0.60 0.34 0.22 0.34 0.72 1.18 1.64
  9   2.03 2.33 2.46 2.42 2.17 1.83 1.58 1.43 1.35 1.42 1.64 1.84 1.99 2.04 1.96 1.78 1.46 1.04 0.72 0.51 0.42 0.56 0.90 1.28
 10   1.64 1.98 2.26 2.37 2.32 2.12 1.85 1.63 1.48 1.42 1.49 1.65 1.81 1.93 1.97 1.90 1.76 1.54 1.20 0.92 0.74 0.70 0.85 1.09
 11   1.44 1.74 2.00 2.24 2.34 2.28 2.12 1.92 1.69 1.52 1.44 1.44 1.53 1.63 1.73 1.78 1.78 1.69 1.55 1.32 1.06 0.93 0.89 0.96
 12   1.18 1.46 1.70 1.92 2.12 2.23 2.21 2.08 1.88 1.66 1.45 1.35 1.32 1.34 1.42 1.54 1.64 1.71 1.72 1.64 1.50 1.28 1.10 1.05
 13   1.10 1.28 1.48 1.67 1.87 2.07 2.20 2.21 2.09 1.84 1.60 1.37 1.19 1.13 1.15 1.26 1.44 1.63 1.76 1.82 1.79 1.68 1.47 1.28
 14   1.20 1.23 1.34 1.52 1.74 1.94 2.14 2.26 2.26 2.10 1.84 1.54 1.30 1.10 1.01 1.07 1.23 1.45 1.70 1.87 1.95 1.94 1.82 1.64
 15   1.42 1.31 1.30 1.40 1.56 1.78 1.98 2.16 2.25 2.20 1.95 1.63 1.32 1.02 0.84 0.80 0.93 1.16 1.48 1.74 1.92 2.00 1.96 1.82
 16   1.60 1.38 1.26 1.23 1.35 1.56 1.80 2.06 2.16 2.14 2.00 1.76 1.43 1.04 0.75 0.61 0.68 0.90 1.25 1.55 1.84 2.03 2.10 2.02
 17   1.84 1.65 1.45 1.33 1.34 1.50 1.74 1.99 2.15 2.23 2.18 1.98 1.67 1.30 0.93 0.69 0.64 0.86 1.20 1.54 1.89 2.18 2.34 2.38
 18   2.26 2.05 1.74 1.56 1.48 1.53 1.70 1.95 2.15 2.28 2.28 2.12 1.84 1.46 1.05 0.78 0.67 0.72 0.96 1.32 1.73 2.05 2.32 2.42
 19   2.38 2.22 1.94 1.66 1.53 1.49 1.59 1.81 2.02 2.18 2.21 2.09 1.88 1.55 1.12 0.78 0.57 0.54 0.71 1.06 1.48 1.88 2.22 2.40
 20   2.42 2.32 2.08 1.78 1.57 1.46 1.46 1.62 1.82 2.00 2.13 2.11 1.95 1.68 1.26 0.84 0.58 0.47 0.55 0.80 1.24 1.65 2.03 2.27
 21   2.39 2.38 2.18 1.90 1.60 1.43 1.39 1.50 1.68 1.86 2.04 2.10 2.02 1.78 1.45 0.99 0.66 0.50 0.51 0.70 1.03 1.45 1.85 2.20
 22   2.38 2.41 2.31 2.06 1.81 1.62 1.48 1.46 1.59 1.78 1.96 2.05 1.99 1.83 1.56 1.22 0.82 0.60 0.52 0.60 0.88 1.27 1.64 1.95
 23   2.22 2.34 2.32 2.17 1.89 1.62 1.46 1.38 1.43 1.60 1.76 1.88 1.93 1.85 1.64 1.32 0.96 0.68 0.52 0.52 0.66 0.98 1.36 1.69
 24   1.98 2.18 2.25 2.20 1.96 1.72 1.54 1.45 1.42 1.48 1.58 1.74 1.82 1.80 1.68 1.46 1.18 0.89 0.70 0.60 0.64 0.83 1.16 1.50
 25   1.76 1.99 2.14 2.16 2.05 1.83 1.62 1.48 1.42 1.43 1.53 1.65 1.76 1.82 1.77 1.63 1.40 1.18 0.96 0.82 0.78 0.86 1.10 1.39
 26   1.68 1.91 2.12 2.24 2.22 2.07 1.90 1.74 1.60 1.52 1.55 1.64 1.74 1.81 1.82 1.76 1.63 1.47 1.30 1.13 1.00 0.98 1.08 1.25
 27   1.50 1.74 1.96 2.12 2.21 2.17 2.04 1.89 1.74 1.58 1.47 1.44 1.50 1.57 1.64 1.69 1.70 1.64 1.53 1.38 1.21 1.08 1.06 1.15
 28   1.30 1.50 1.75 1.95 2.09 2.15 2.12 1.98 1.80 1.60 1.42 1.31 1.29 1.33 1.41 1.51 1.63 1.70 1.68 1.60 1.47 1.32 1.22 1.17
 29   1.20 1.33 1.55 1.76 1.96 2.12 2.18 2.12 1.96 1.75 1.50 1.30 1.15 1.12 1.18 1.32 1.50 1.68 1.81 1.86 1.81 1.68 1.51 1.37
 30   1.30 1.35 1.49 1.66 1.89 2.12 2.27 2.30 2.22 2.00 1.68 1.37 1.12 0.99 0.97 1.08 1.28 1.56 1.84 2.03 2.12 2.08 1.92 1.74
 ----------------------------------------------------------------------------------------------------------------------------
                                                                                               
 ----------------------------------------------------------------------------------------------------------------------------
 ----------------------------------------------------------------------------------------------------------------------------
                                                          SURVEY OF INDIA
                                                    MARINE GEODESY WING (G&RB)
                                                     HOURLY HEIGHTS IN METRES
  NAME OF PORT:- MARMAGAO                                                                           MONTH DECEMBER  YEAR 2021
 ----------------------------------------------------------------------------------------------------------------------------
 DAYS 0000 0001 0002 0003 0004 0005 0006 0007 0008 0009 0010 0011 0012 0013 0014 0015 0016 0017 0018 0019 0020 0021 0022 0023
 ----------------------------------------------------------------------------------------------------------------------------
  1   1.56 1.42 1.39 1.52 1.72 1.97 2.19 2.36 2.40 2.25 1.96 1.58 1.24 0.96 0.82 0.84 1.04 1.38 1.75 2.09 2.35 2.45 2.40 2.21
  2   1.94 1.73 1.61 1.59 1.72 1.92 2.17 2.42 2.52 2.46 2.26 1.87 1.42 0.96 0.69 0.58 0.64 0.96 1.40 1.82 2.20 2.47 2.58 2.49
  3   2.26 1.93 1.68 1.54 1.54 1.68 1.90 2.18 2.38 2.45 2.32 2.04 1.64 1.06 0.60 0.34 0.31 0.49 0.90 1.40 1.90 2.30 2.59 2.66
  4   2.52 2.26 1.90 1.64 1.50 1.53 1.72 2.01 2.25 2.42 2.45 2.26 1.90 1.40 0.76 0.30 0.14 0.24 0.56 1.05 1.56 2.04 2.46 2.71
  5   2.75 2.57 2.22 1.82 1.57 1.46 1.55 1.76 2.00 2.29 2.43 2.39 2.16 1.78 1.18 0.60 0.24 0.13 0.30 0.67 1.16 1.69 2.21 2.59
  6   2.79 2.79 2.60 2.21 1.83 1.58 1.48 1.58 1.82 2.05 2.28 2.40 2.37 2.14 1.74 1.12 0.60 0.28 0.20 0.35 0.78 1.25 1.71 2.18
  7   2.57 2.72 2.69 2.46 2.07 1.69 1.44 1.39 1.51 1.69 1.93 2.15 2.21 2.12 1.91 1.51 0.96 0.55 0.30 0.23 0.42 0.84 1.30 1.77
  8   2.17 2.47 2.61 2.51 2.25 1.87 1.54 1.37 1.33 1.43 1.61 1.82 2.00 2.09 2.04 1.78 1.45 1.04 0.71 0.49 0.49 0.71 1.09 1.51
  9   1.88 2.20 2.48 2.56 2.45 2.19 1.84 1.56 1.38 1.33 1.40 1.58 1.77 1.91 1.95 1.91 1.78 1.55 1.21 0.96 0.82 0.81 0.99 1.32
 10   1.71 2.01 2.28 2.45 2.47 2.38 2.16 1.81 1.55 1.36 1.29 1.35 1.49 1.64 1.75 1.83 1.85 1.78 1.61 1.35 1.15 1.05 1.04 1.18
 11   1.51 1.83 2.06 2.27 2.39 2.40 2.31 2.11 1.79 1.53 1.35 1.25 1.25 1.37 1.53 1.67 1.80 1.85 1.83 1.74 1.58 1.40 1.30 1.30
 12   1.43 1.65 1.89 2.08 2.23 2.33 2.34 2.23 1.99 1.73 1.47 1.26 1.14 1.17 1.28 1.44 1.61 1.76 1.88 1.92 1.85 1.73 1.59 1.47
 13   1.46 1.55 1.70 1.88 2.05 2.20 2.27 2.23 2.10 1.87 1.57 1.35 1.15 1.05 1.06 1.21 1.41 1.63 1.84 1.98 2.05 2.04 1.91 1.77
 14   1.66 1.62 1.67 1.79 1.95 2.10 2.25 2.29 2.23 2.08 1.83 1.57 1.28 1.04 0.97 1.04 1.21 1.44 1.73 1.97 2.14 2.21 2.18 2.06
 15   1.87 1.74 1.70 1.75 1.85 2.01 2.18 2.28 2.29 2.21 1.99 1.70 1.37 1.10 0.91 0.89 0.99 1.24 1.55 1.87 2.15 2.29 2.34 2.29
 16   2.13 1.91 1.77 1.73 1.77 1.89 2.06 2.23 2.31 2.28 2.14 1.89 1.55 1.23 0.97 0.86 0.89 1.08 1.39 1.71 2.06 2.33 2.48 2.47
 17   2.33 2.13 1.93 1.79 1.74 1.80 1.92 2.07 2.20 2.25 2.18 1.96 1.67 1.35 0.99 0.80 0.75 0.87 1.17 1.55 1.91 2.21 2.44 2.53
 18   2.45 2.31 2.08 1.85 1.73 1.72 1.82 1.99 2.14 2.21 2.18 2.03 1.79 1.47 1.08 0.80 0.66 0.73 0.95 1.33 1.72 2.25 2.49 2.57
 19   2.52 2.38 2.17 1.91 1.73 1.65 1.71 1.84 1.99 2.11 2.16 2.09 1.91 1.63 1.21 0.91 0.70 0.63 0.78 1.11 1.51 1.89 2.23 2.45
 20   2.56 2.51 2.31 2.02 1.81 1.68 1.65 1.73 1.89 2.05 2.17 2.15 1.99 1.75 1.40 1.02 0.73 0.58 0.63 0.86 1.19 1.65 2.03 2.29
 21   2.49 2.55 2.44 2.17 1.81 1.60 1.53 1.59 1.73 1.88 2.02 2.11 2.05 1.85 1.54 1.18 0.87 0.64 0.58 0.72 1.05 1.43 1.83 2.13
 22   2.41 2.53 2.49 2.31 2.01 1.76 1.60 1.55 1.63 1.79 1.97 2.10 2.13 2.01 1.79 1.49 1.13 0.86 0.71 0.71 0.95 1.28 1.68 2.05
 23   2.34 2.51 2.55 2.41 2.15 1.86 1.66 1.55 1.57 1.69 1.85 1.99 2.08 2.05 1.90 1.67 1.32 1.04 0.85 0.77 0.87 1.11 1.46 1.82
 24   2.15 2.37 2.49 2.47 2.31 1.99 1.73 1.59 1.54 1.58 1.71 1.84 1.97 2.03 1.97 1.82 1.60 1.31 1.03 0.90 0.89 1.02 1.27 1.60
 25   1.92 2.19 2.40 2.46 2.36 2.14 1.85 1.63 1.47 1.40 1.47 1.61 1.75 1.86 1.90 1.87 1.74 1.55 1.28 1.06 0.96 0.97 1.11 1.37
 26   1.70 1.96 2.19 2.34 2.36 2.21 1.99 1.73 1.49 1.33 1.27 1.35 1.49 1.61 1.70 1.75 1.74 1.65 1.51 1.33 1.17 1.09 1.10 1.24
 27   1.56 1.83 2.05 2.24 2.33 2.30 2.16 1.92 1.63 1.41 1.23 1.19 1.25 1.39 1.54 1.69 1.80 1.83 1.77 1.65 1.50 1.39 1.33 1.34
 28   1.49 1.71 1.92 2.13 2.27 2.31 2.22 2.03 1.75 1.45 1.17 1.03 1.01 1.07 1.22 1.39 1.60 1.76 1.85 1.87 1.81 1.67 1.53 1.43
 29   1.43 1.57 1.77 1.94 2.10 2.21 2.25 2.15 1.91 1.57 1.28 0.99 0.78 0.73 0.85 1.07 1.31 1.56 1.79 1.94 1.99 1.96 1.81 1.61
 30   1.51 1.51 1.61 1.77 1.95 2.10 2.18 2.18 2.05 1.77 1.43 1.09 0.78 0.57 0.54 0.69 0.99 1.29 1.65 1.94 2.15 2.23 2.18 1.95
 31   1.78 1.65 1.59 1.63 1.75 1.92 2.10 2.21 2.18 2.00 1.73 1.37 0.92 0.56 0.41 0.43 0.64 0.97 1.37 1.78 2.15 2.38 2.46 2.38
 ----------------------------------------------------------------------------------------------------------------------------
                                                                                               -----------------------------------------------------------------------------
 ----------------------------------------------------------------------------------------------------------------------------