                                                          SURVEY OF INDIA
                                                    MARINE GEODESY WING (G&RB)
                                                     HOURLY HEIGHTS IN METRES
  NAME OF PORT:- NANCOWRY                                                                           MONTH JANUARY   YEAR 2022
 ----------------------------------------------------------------------------------------------------------------------------
 DAYS 0000 0001 0002 0003 0004 0005 0006 0007 0008 0009 0010 0011 0012 0013 0014 0015 0016 0017 0018 0019 0020 0021 0022 0023
 ----------------------------------------------------------------------------------------------------------------------------
  1   0.19 0.05 0.06 0.25 0.53 0.89 1.19 1.33 1.25 1.05 0.75 0.45 0.21 0.05 0.07 0.25 0.61 1.03 1.39 1.63 1.65 1.44 1.15 0.75
  2   0.39 0.06-0.09-0.08 0.15 0.51 0.95 1.25 1.35 1.28 1.05 0.75 0.43 0.16-0.01 0.01 0.23 0.61 1.11 1.55 1.72 1.69 1.49 1.13
  3   0.67 0.29-0.03-0.16-0.09 0.16 0.61 1.01 1.34 1.41 1.28 1.02 0.73 0.39 0.12 0.01 0.07 0.31 0.73 1.23 1.63 1.75 1.67 1.41
  4   1.02 0.59 0.18-0.10-0.19-0.09 0.25 0.71 1.11 1.38 1.42 1.25 0.99 0.69 0.35 0.11 0.00 0.09 0.40 0.87 1.34 1.63 1.74 1.62
  5   1.31 0.93 0.47 0.12-0.12-0.18-0.02 0.35 0.75 1.13 1.33 1.33 1.14 0.87 0.57 0.29 0.09 0.04 0.19 0.49 0.93 1.43 1.67 1.66
  6   1.49 1.22 0.83 0.43 0.11-0.09-0.07 0.15 0.47 0.85 1.16 1.28 1.21 1.02 0.78 0.51 0.28 0.13 0.15 0.33 0.67 1.03 1.38 1.55
  7   1.51 1.33 1.03 0.69 0.35 0.08-0.07 0.00 0.24 0.55 0.89 1.15 1.21 1.12 0.95 0.73 0.49 0.29 0.21 0.26 0.44 0.71 1.01 1.28
  8   1.39 1.32 1.10 0.83 0.53 0.26 0.05 0.02 0.16 0.37 0.67 0.95 1.14 1.14 1.02 0.85 0.66 0.46 0.30 0.27 0.36 0.53 0.76 1.02
  9   1.21 1.22 1.12 0.93 0.72 0.49 0.29 0.18 0.21 0.33 0.57 0.81 1.03 1.13 1.10 0.99 0.83 0.65 0.49 0.39 0.38 0.47 0.63 0.81
 10   1.01 1.11 1.10 0.99 0.82 0.65 0.47 0.31 0.25 0.30 0.42 0.61 0.81 0.99 1.08 1.07 0.96 0.82 0.69 0.55 0.44 0.41 0.47 0.58
 11   0.73 0.85 0.93 0.95 0.88 0.75 0.63 0.51 0.40 0.36 0.41 0.53 0.67 0.83 0.98 1.06 1.08 1.02 0.91 0.78 0.64 0.52 0.46 0.47
 12   0.53 0.63 0.73 0.82 0.87 0.86 0.79 0.67 0.55 0.43 0.39 0.43 0.53 0.67 0.82 0.97 1.07 1.11 1.08 0.95 0.81 0.65 0.51 0.42
 13   0.40 0.45 0.55 0.66 0.78 0.85 0.86 0.80 0.70 0.58 0.46 0.38 0.40 0.50 0.64 0.80 0.97 1.08 1.14 1.12 0.98 0.81 0.62 0.46
 14   0.32 0.30 0.36 0.50 0.66 0.82 0.90 0.92 0.84 0.70 0.54 0.40 0.30 0.30 0.42 0.60 0.80 1.02 1.17 1.20 1.13 0.98 0.76 0.52
 15   0.30 0.18 0.19 0.30 0.48 0.68 0.86 0.98 0.98 0.84 0.66 0.47 0.32 0.24 0.25 0.40 0.64 0.89 1.12 1.28 1.30 1.15 0.92 0.63
 16   0.36 0.14 0.06 0.12 0.29 0.56 0.80 1.00 1.06 0.98 0.80 0.60 0.38 0.20 0.14 0.22 0.46 0.74 1.03 1.24 1.35 1.28 1.09 0.80
 17   0.48 0.20 0.00-0.01 0.10 0.36 0.65 0.92 1.05 1.04 0.88 0.67 0.44 0.21 0.08 0.08 0.24 0.54 0.88 1.21 1.38 1.40 1.24 0.98
 18   0.66 0.33 0.10-0.04 0.00 0.18 0.50 0.84 1.08 1.14 1.04 0.82 0.58 0.33 0.12 0.04 0.10 0.32 0.70 1.10 1.37 1.48 1.41 1.18
 19   0.86 0.51 0.20-0.03-0.09 0.04 0.30 0.70 1.02 1.17 1.15 1.02 0.80 0.52 0.26 0.08 0.03 0.18 0.48 0.90 1.29 1.48 1.50 1.34
 20   1.06 0.70 0.34 0.04-0.13-0.06 0.18 0.54 0.90 1.15 1.23 1.14 0.94 0.67 0.39 0.14 0.03 0.09 0.32 0.70 1.10 1.42 1.53 1.46
 21   1.26 0.92 0.55 0.20-0.02-0.08 0.04 0.34 0.74 1.08 1.22 1.20 1.08 0.84 0.54 0.28 0.09 0.06 0.18 0.46 0.86 1.22 1.46 1.46
 22   1.32 1.08 0.72 0.36 0.06-0.08-0.06 0.16 0.50 0.90 1.15 1.22 1.16 1.00 0.74 0.48 0.24 0.10 0.11 0.30 0.60 1.00 1.29 1.43
 23   1.38 1.15 0.88 0.54 0.22 0.00-0.03 0.04 0.30 0.70 1.00 1.19 1.20 1.10 0.90 0.64 0.38 0.18 0.14 0.22 0.42 0.72 1.06 1.28
 24   1.30 1.18 0.98 0.70 0.37 0.12-0.02 0.00 0.16 0.49 0.82 1.05 1.17 1.16 1.02 0.82 0.58 0.37 0.23 0.20 0.31 0.55 0.85 1.08
 25   1.20 1.20 1.06 0.86 0.60 0.34 0.12 0.04 0.10 0.28 0.56 0.86 1.08 1.16 1.12 1.00 0.81 0.60 0.42 0.30 0.28 0.36 0.54 0.78
 26   0.98 1.08 1.06 0.94 0.78 0.56 0.36 0.20 0.13 0.18 0.36 0.64 0.86 1.04 1.14 1.15 1.04 0.88 0.68 0.48 0.35 0.31 0.34 0.46
 27   0.62 0.79 0.89 0.91 0.84 0.72 0.56 0.40 0.26 0.18 0.20 0.36 0.54 0.78 0.96 1.09 1.12 1.07 0.94 0.77 0.57 0.40 0.30 0.28
 28   0.36 0.50 0.68 0.82 0.89 0.90 0.81 0.66 0.49 0.32 0.22 0.22 0.28 0.46 0.68 0.90 1.08 1.17 1.18 1.04 0.84 0.62 0.40 0.24
 29   0.18 0.19 0.32 0.52 0.72 0.88 0.94 0.90 0.73 0.54 0.36 0.20 0.13 0.16 0.34 0.59 0.89 1.13 1.26 1.28 1.16 0.94 0.64 0.35
 30   0.10 0.00 0.01 0.16 0.44 0.74 0.96 1.04 1.01 0.84 0.61 0.38 0.16 0.04 0.08 0.26 0.58 0.93 1.22 1.38 1.41 1.24 0.98 0.63
 31   0.30 0.00-0.14-0.10 0.08 0.44 0.80 1.08 1.20 1.14 0.94 0.66 0.38 0.12-0.03 0.02 0.22 0.58 1.02 1.34 1.52 1.52 1.30 0.96
 ----------------------------------------------------------------------------------------------------------------------------
                                                                                               
 ----------------------------------------------------------------------------------------------------------------------------
 ----------------------------------------------------------------------------------------------------------------------------
                                                          SURVEY OF INDIA
                                                    MARINE GEODESY WING (G&RB)
                                                     HOURLY HEIGHTS IN METRES
  NAME OF PORT:- NANCOWRY                                                                           MONTH FEBRUARY  YEAR 2022
 ----------------------------------------------------------------------------------------------------------------------------
 DAYS 0000 0001 0002 0003 0004 0005 0006 0007 0008 0009 0010 0011 0012 0013 0014 0015 0016 0017 0018 0019 0020 0021 0022 0023
 ----------------------------------------------------------------------------------------------------------------------------
  1   0.56 0.17-0.10-0.24-0.16 0.10 0.50 0.90 1.19 1.26 1.16 0.90 0.58 0.26 0.00-0.08 0.00 0.28 0.76 1.20 1.52 1.63 1.54 1.26
  2   0.88 0.42 0.04-0.20-0.26-0.14 0.20 0.68 1.18 1.34 1.34 1.18 0.90 0.56 0.20 0.00-0.04 0.10 0.40 0.86 1.32 1.59 1.64 1.50
  3   1.20 0.78 0.34-0.03-0.24-0.23-0.06 0.32 0.80 1.20 1.35 1.30 1.12 0.81 0.46 0.15 0.00 0.02 0.18 0.52 0.98 1.40 1.61 1.58
  4   1.34 1.02 0.60 0.22-0.10-0.20-0.13 0.12 0.62 1.04 1.32 1.38 1.25 1.01 0.70 0.36 0.10 0.00 0.06 0.30 0.70 1.14 1.42 1.51
  5   1.40 1.15 0.80 0.40 0.08-0.13-0.13 0.06 0.36 0.80 1.16 1.32 1.31 1.13 0.88 0.58 0.30 0.10 0.09 0.22 0.48 0.84 1.18 1.38
  6   1.36 1.17 0.92 0.60 0.29 0.08 0.02 0.10 0.30 0.64 1.02 1.26 1.30 1.19 1.00 0.76 0.50 0.28 0.16 0.18 0.34 0.62 0.91 1.16
  7   1.22 1.14 0.96 0.70 0.44 0.22 0.10 0.10 0.24 0.52 0.83 1.07 1.21 1.18 1.04 0.82 0.60 0.39 0.22 0.19 0.26 0.41 0.64 0.87
  8   1.02 1.04 0.93 0.75 0.54 0.36 0.22 0.20 0.26 0.44 0.68 0.90 1.05 1.11 1.06 0.93 0.75 0.58 0.44 0.34 0.32 0.40 0.54 0.69
  9   0.84 0.94 0.92 0.80 0.66 0.53 0.40 0.30 0.28 0.35 0.51 0.68 0.84 0.93 0.96 0.94 0.86 0.74 0.61 0.50 0.42 0.40 0.44 0.52
 10   0.64 0.72 0.76 0.76 0.70 0.60 0.50 0.42 0.38 0.38 0.43 0.54 0.66 0.78 0.88 0.92 0.92 0.87 0.79 0.69 0.58 0.48 0.42 0.40
 11   0.42 0.48 0.56 0.64 0.70 0.72 0.70 0.64 0.56 0.49 0.46 0.46 0.50 0.58 0.68 0.78 0.87 0.92 0.92 0.86 0.74 0.61 0.48 0.36
 12   0.29 0.30 0.37 0.48 0.61 0.72 0.79 0.79 0.72 0.60 0.48 0.38 0.35 0.38 0.49 0.65 0.83 0.98 1.07 1.09 1.00 0.84 0.64 0.46
 13   0.32 0.26 0.26 0.34 0.52 0.70 0.86 0.94 0.92 0.78 0.61 0.45 0.35 0.29 0.30 0.42 0.63 0.86 1.07 1.18 1.18 1.06 0.85 0.60
 14   0.34 0.15 0.08 0.12 0.27 0.50 0.74 0.92 1.00 0.92 0.75 0.56 0.36 0.23 0.18 0.23 0.42 0.72 1.00 1.22 1.30 1.26 1.10 0.78
 15   0.46 0.19 0.02 0.00 0.13 0.38 0.69 0.95 1.08 1.10 0.95 0.72 0.46 0.24 0.10 0.10 0.28 0.58 0.90 1.17 1.36 1.40 1.26 0.96
 16   0.62 0.28 0.05-0.06-0.02 0.22 0.56 0.90 1.12 1.18 1.06 0.84 0.58 0.30 0.10 0.01 0.08 0.34 0.70 1.12 1.38 1.48 1.38 1.12
 17   0.70 0.36 0.06-0.10-0.10 0.07 0.40 0.79 1.12 1.30 1.28 1.07 0.76 0.47 0.21 0.06 0.06 0.22 0.54 0.98 1.32 1.50 1.50 1.30
 18   0.96 0.56 0.22-0.03-0.10-0.02 0.24 0.68 1.04 1.31 1.36 1.24 1.00 0.64 0.32 0.10 0.02 0.10 0.34 0.74 1.18 1.46 1.56 1.42
 19   1.14 0.76 0.36 0.04-0.12-0.12 0.10 0.44 0.89 1.21 1.37 1.34 1.16 0.86 0.53 0.24 0.07 0.00 0.14 0.46 0.91 1.32 1.50 1.50
 20   1.32 0.96 0.56 0.22-0.05-0.16-0.06 0.20 0.64 1.09 1.37 1.43 1.31 1.08 0.72 0.41 0.15 0.03 0.08 0.31 0.66 1.06 1.38 1.48
 21   1.38 1.11 0.76 0.41 0.08-0.09-0.08 0.10 0.44 0.90 1.24 1.41 1.37 1.18 0.92 0.60 0.32 0.13 0.08 0.18 0.42 0.78 1.14 1.34
 22   1.32 1.15 0.88 0.56 0.26 0.02-0.07 0.02 0.24 0.64 1.00 1.25 1.33 1.24 1.04 0.78 0.50 0.26 0.12 0.13 0.26 0.53 0.82 1.10
 23   1.22 1.17 0.96 0.71 0.46 0.22 0.06 0.04 0.16 0.40 0.74 1.04 1.22 1.26 1.18 0.98 0.71 0.48 0.30 0.23 0.24 0.33 0.51 0.72
 24   0.92 0.98 0.93 0.80 0.62 0.43 0.25 0.17 0.22 0.36 0.54 0.76 0.96 1.09 1.10 1.02 0.88 0.69 0.50 0.35 0.28 0.28 0.36 0.48
 25   0.63 0.75 0.80 0.80 0.74 0.63 0.50 0.37 0.31 0.31 0.40 0.52 0.66 0.82 0.94 1.00 1.00 0.92 0.80 0.66 0.51 0.39 0.31 0.31
 26   0.36 0.48 0.60 0.72 0.78 0.78 0.72 0.62 0.50 0.40 0.35 0.36 0.42 0.54 0.72 0.88 1.01 1.06 1.05 0.96 0.78 0.62 0.46 0.30
 27   0.20 0.20 0.33 0.50 0.70 0.84 0.92 0.92 0.82 0.64 0.46 0.32 0.22 0.22 0.32 0.54 0.78 1.01 1.15 1.17 1.06 0.84 0.56 0.34
 28   0.14 0.02 0.04 0.18 0.44 0.74 0.95 1.05 1.04 0.92 0.69 0.46 0.24 0.14 0.15 0.32 0.60 0.94 1.23 1.38 1.39 1.23 0.97 0.62
 ----------------------------------------------------------------------------------------------------------------------------
                                                                                               
 ----------------------------------------------------------------------------------------------------------------------------
                                                          SURVEY OF INDIA
                                                    MARINE GEODESY WING (G&RB)
                                                     HOURLY HEIGHTS IN METRES
  NAME OF PORT:- NANCOWRY                                                                           MONTH MARCH     YEAR 2022
 ----------------------------------------------------------------------------------------------------------------------------
 DAYS 0000 0001 0002 0003 0004 0005 0006 0007 0008 0009 0010 0011 0012 0013 0014 0015 0016 0017 0018 0019 0020 0021 0022 0023
 ----------------------------------------------------------------------------------------------------------------------------
  1   0.28 0.03-0.10-0.05 0.16 0.50 0.85 1.14 1.26 1.18 0.97 0.71 0.42 0.17 0.04 0.09 0.32 0.65 1.05 1.42 1.56 1.51 1.26 0.90
  2   0.50 0.16-0.08-0.16-0.05 0.24 0.66 1.08 1.34 1.38 1.22 0.94 0.61 0.30 0.06-0.04 0.08 0.34 0.78 1.24 1.56 1.66 1.54 1.24
  3   0.80 0.34 0.00-0.18-0.19 0.02 0.42 0.89 1.29 1.50 1.47 1.24 0.90 0.51 0.18-0.05-0.07 0.10 0.48 0.96 1.40 1.68 1.68 1.45
  4   1.05 0.60 0.20-0.14-0.20-0.11 0.22 0.64 1.18 1.48 1.54 1.40 1.12 0.74 0.36 0.04-0.09 0.00 0.23 0.65 1.15 1.52 1.64 1.53
  5   1.26 0.86 0.41 0.06-0.14-0.13 0.09 0.48 0.98 1.39 1.54 1.49 1.28 0.92 0.56 0.21 0.01 0.00 0.15 0.40 0.80 1.23 1.49 1.51
  6   1.28 0.95 0.58 0.23-0.03-0.12-0.02 0.27 0.73 1.12 1.42 1.48 1.32 1.03 0.70 0.37 0.11 0.02 0.04 0.23 0.56 0.92 1.26 1.40
  7   1.30 1.04 0.72 0.39 0.13-0.03 0.00 0.20 0.52 0.94 1.32 1.43 1.36 1.15 0.87 0.57 0.31 0.10 0.08 0.22 0.43 0.74 1.07 1.25
  8   1.24 1.03 0.76 0.49 0.24 0.07 0.09 0.24 0.47 0.76 1.10 1.28 1.30 1.14 0.92 0.66 0.41 0.20 0.10 0.14 0.32 0.56 0.82 1.03
  9   1.08 0.99 0.80 0.56 0.35 0.20 0.16 0.21 0.36 0.63 0.89 1.10 1.17 1.14 1.00 0.78 0.56 0.40 0.29 0.25 0.30 0.45 0.69 0.87
 10   0.96 0.93 0.82 0.65 0.49 0.36 0.30 0.32 0.39 0.56 0.76 0.92 1.01 1.02 0.96 0.84 0.71 0.56 0.46 0.41 0.41 0.47 0.57 0.67
 11   0.74 0.75 0.71 0.64 0.57 0.49 0.44 0.43 0.47 0.55 0.64 0.75 0.84 0.91 0.93 0.90 0.83 0.75 0.66 0.58 0.52 0.50 0.51 0.55
 12   0.60 0.64 0.67 0.68 0.67 0.64 0.60 0.56 0.53 0.52 0.54 0.59 0.66 0.74 0.81 0.87 0.90 0.90 0.87 0.80 0.71 0.61 0.52 0.45
 13   0.42 0.43 0.51 0.60 0.70 0.76 0.78 0.77 0.72 0.65 0.57 0.52 0.52 0.56 0.64 0.76 0.88 0.99 1.04 1.04 0.98 0.84 0.64 0.48
 14   0.38 0.35 0.40 0.51 0.67 0.84 0.95 0.98 0.94 0.82 0.66 0.52 0.43 0.40 0.48 0.64 0.84 1.02 1.16 1.21 1.16 1.01 0.79 0.56
 15   0.38 0.25 0.23 0.35 0.55 0.80 0.99 1.11 1.11 0.99 0.79 0.59 0.41 0.29 0.29 0.43 0.67 0.95 1.22 1.35 1.36 1.22 0.98 0.68
 16   0.38 0.17 0.09 0.15 0.35 0.69 0.96 1.19 1.24 1.15 0.96 0.72 0.47 0.25 0.15 0.23 0.43 0.75 1.11 1.39 1.49 1.41 1.17 0.84
 17   0.49 0.17-0.02-0.03 0.11 0.43 0.83 1.19 1.37 1.36 1.17 0.89 0.57 0.29 0.13 0.09 0.21 0.51 0.91 1.28 1.53 1.58 1.38 1.05
 18   0.65 0.27 0.00-0.11-0.06 0.21 0.63 1.11 1.42 1.49 1.36 1.09 0.75 0.41 0.15-0.01 0.01 0.25 0.69 1.13 1.46 1.63 1.53 1.24
 19   0.85 0.45 0.10-0.15-0.13 0.07 0.43 0.98 1.40 1.59 1.54 1.32 0.99 0.57 0.23-0.02-0.07 0.09 0.41 0.87 1.35 1.57 1.55 1.35
 20   0.97 0.58 0.19-0.13-0.22-0.10 0.21 0.66 1.15 1.51 1.57 1.45 1.15 0.76 0.35 0.05-0.09-0.08 0.16 0.59 1.07 1.37 1.49 1.41
 21   1.23 0.89 0.56 0.21-0.05-0.14-0.05 0.24 0.63 1.09 1.41 1.52 1.42 1.17 0.84 0.47 0.13-0.02-0.01 0.13 0.41 0.81 1.13 1.27
 22   1.25 1.07 0.77 0.43 0.14-0.04-0.02 0.13 0.44 0.85 1.18 1.35 1.38 1.24 0.99 0.69 0.39 0.14 0.03 0.09 0.27 0.57 0.87 1.07
 23   1.12 1.05 0.89 0.63 0.39 0.17 0.05 0.08 0.31 0.61 0.88 1.14 1.27 1.25 1.09 0.88 0.65 0.41 0.25 0.17 0.22 0.37 0.57 0.79
 24   0.93 0.95 0.90 0.75 0.60 0.45 0.31 0.27 0.33 0.48 0.68 0.89 1.05 1.13 1.11 1.01 0.85 0.68 0.51 0.38 0.31 0.31 0.38 0.51
 25   0.67 0.77 0.81 0.80 0.74 0.64 0.54 0.46 0.41 0.41 0.47 0.59 0.73 0.87 0.97 1.02 1.01 0.93 0.79 0.65 0.51 0.39 0.32 0.32
 26   0.38 0.49 0.63 0.74 0.82 0.84 0.82 0.76 0.66 0.54 0.47 0.47 0.52 0.63 0.78 0.95 1.07 1.13 1.12 1.03 0.85 0.65 0.46 0.30
 27   0.22 0.26 0.40 0.59 0.79 0.95 1.03 1.01 0.90 0.75 0.57 0.42 0.32 0.34 0.47 0.67 0.90 1.14 1.25 1.26 1.12 0.90 0.60 0.35
 28   0.13 0.04 0.08 0.29 0.57 0.85 1.07 1.16 1.14 0.96 0.74 0.50 0.27 0.18 0.21 0.38 0.68 1.05 1.31 1.42 1.37 1.18 0.87 0.53
 29   0.23 0.01-0.05 0.06 0.35 0.73 1.09 1.31 1.35 1.22 0.97 0.67 0.37 0.17 0.05 0.11 0.37 0.75 1.17 1.48 1.55 1.40 1.13 0.77
 30   0.39 0.07-0.10-0.11 0.09 0.44 0.93 1.31 1.44 1.41 1.19 0.85 0.49 0.21 0.02 0.01 0.15 0.48 1.01 1.39 1.56 1.55 1.27 0.93
 31   0.53 0.15-0.09-0.16-0.05 0.28 0.73 1.21 1.44 1.50 1.37 1.09 0.72 0.36 0.05-0.06-0.03 0.23 0.65 1.11 1.44 1.50 1.39 1.11
 ----------------------------------------------------------------------------------------------------------------------------
                                                                                              
 ----------------------------------------------------------------------------------------------------------------------------
 ----------------------------------------------------------------------------------------------------------------------------
                                                          SURVEY OF INDIA
                                                    MARINE GEODESY WING (G&RB)
                                                     HOURLY HEIGHTS IN METRES
  NAME OF PORT:- NANCOWRY                                                                           MONTH APRIL     YEAR 2022
 ----------------------------------------------------------------------------------------------------------------------------
 DAYS 0000 0001 0002 0003 0004 0005 0006 0007 0008 0009 0010 0011 0012 0013 0014 0015 0016 0017 0018 0019 0020 0021 0022 0023
 ----------------------------------------------------------------------------------------------------------------------------
  1   0.71 0.33 0.04-0.13-0.10 0.11 0.53 0.99 1.39 1.56 1.51 1.27 0.93 0.52 0.19-0.02-0.10-0.03 0.37 0.85 1.30 1.50 1.47 1.22
  2   0.89 0.54 0.21-0.03-0.09 0.03 0.35 0.81 1.27 1.49 1.53 1.36 1.03 0.67 0.31 0.03-0.11-0.07 0.15 0.61 1.03 1.31 1.37 1.27
  3   1.00 0.67 0.32 0.05-0.07-0.01 0.24 0.61 1.07 1.39 1.50 1.42 1.17 0.85 0.47 0.18-0.02-0.04 0.09 0.41 0.85 1.15 1.28 1.25
  4   1.05 0.74 0.45 0.18 0.03 0.04 0.17 0.51 0.93 1.26 1.43 1.43 1.27 0.99 0.66 0.37 0.15 0.03 0.08 0.32 0.66 0.98 1.18 1.21
  5   1.10 0.85 0.60 0.36 0.17 0.11 0.19 0.45 0.75 1.02 1.24 1.35 1.30 1.10 0.84 0.55 0.31 0.16 0.16 0.30 0.51 0.76 0.97 1.08
  6   1.07 0.92 0.73 0.52 0.32 0.21 0.23 0.36 0.58 0.84 1.07 1.23 1.22 1.11 0.92 0.72 0.50 0.33 0.25 0.27 0.43 0.61 0.81 0.93
  7   0.96 0.91 0.77 0.61 0.43 0.33 0.30 0.35 0.51 0.71 0.91 1.06 1.12 1.10 1.00 0.83 0.67 0.51 0.39 0.36 0.41 0.53 0.65 0.78
  8   0.86 0.86 0.80 0.69 0.58 0.49 0.45 0.45 0.51 0.65 0.79 0.90 0.99 1.01 0.98 0.91 0.80 0.69 0.59 0.52 0.49 0.50 0.56 0.66
  9   0.77 0.82 0.82 0.79 0.73 0.67 0.62 0.59 0.59 0.62 0.68 0.75 0.83 0.90 0.95 0.97 0.95 0.89 0.81 0.73 0.65 0.57 0.51 0.49
 10   0.51 0.56 0.64 0.71 0.77 0.80 0.79 0.75 0.69 0.63 0.58 0.56 0.58 0.65 0.75 0.86 0.96 1.02 1.02 0.95 0.81 0.64 0.50 0.37
 11   0.31 0.34 0.46 0.61 0.76 0.88 0.93 0.92 0.84 0.72 0.60 0.49 0.44 0.47 0.59 0.74 0.94 1.10 1.18 1.14 1.00 0.82 0.61 0.40
 12   0.24 0.21 0.30 0.46 0.70 0.92 1.07 1.14 1.09 0.92 0.74 0.54 0.39 0.34 0.39 0.54 0.80 1.05 1.25 1.32 1.24 1.04 0.78 0.48
 13   0.23 0.12 0.12 0.24 0.54 0.86 1.15 1.29 1.27 1.13 0.90 0.64 0.41 0.25 0.21 0.34 0.60 0.92 1.22 1.40 1.42 1.26 0.96 0.61
 14   0.30 0.05-0.02 0.06 0.30 0.73 1.10 1.38 1.48 1.39 1.14 0.82 0.50 0.25 0.12 0.14 0.34 0.72 1.14 1.45 1.56 1.46 1.22 0.86
 15   0.48 0.12-0.06-0.05 0.10 0.52 0.98 1.39 1.58 1.59 1.39 1.08 0.68 0.32 0.10 0.01 0.10 0.44 0.92 1.34 1.55 1.57 1.40 1.10
 16   0.64 0.29 0.00-0.11-0.04 0.28 0.79 1.28 1.60 1.70 1.57 1.31 0.94 0.52 0.17-0.03-0.02 0.17 0.58 1.10 1.44 1.58 1.50 1.25
 17   0.88 0.47 0.12-0.10-0.11 0.04 0.48 1.04 1.48 1.70 1.71 1.52 1.18 0.74 0.34 0.06-0.08-0.02 0.24 0.70 1.16 1.44 1.50 1.38
 18   1.10 0.70 0.34 0.04-0.10-0.04 0.24 0.74 1.22 1.57 1.68 1.62 1.38 1.01 0.60 0.22-0.03-0.06 0.04 0.40 0.87 1.22 1.38 1.35
 19   1.18 0.84 0.54 0.25 0.02 0.00 0.13 0.48 0.92 1.30 1.52 1.56 1.44 1.16 0.80 0.44 0.14-0.02 0.00 0.18 0.52 0.94 1.18 1.25
 20   1.17 1.00 0.74 0.47 0.22 0.10 0.12 0.32 0.67 1.02 1.34 1.47 1.44 1.30 1.06 0.74 0.43 0.20 0.10 0.15 0.36 0.66 0.94 1.12
 21   1.14 1.07 0.89 0.70 0.49 0.32 0.24 0.30 0.48 0.74 1.02 1.26 1.35 1.31 1.16 0.94 0.68 0.47 0.30 0.22 0.25 0.42 0.64 0.84
 22   1.00 0.94 0.83 0.70 0.58 0.46 0.42 0.46 0.60 0.78 0.96 1.14 1.22 1.21 1.11 0.94 0.76 0.59 0.44 0.36 0.38 0.46 0.61 0.97
 23   0.76 0.88 0.94 0.95 0.90 0.80 0.68 0.57 0.51 0.50 0.56 0.68 0.82 0.98 1.10 1.16 1.14 1.04 0.90 0.72 0.54 0.42 0.34 0.34
 24   0.45 0.60 0.76 0.90 0.97 0.98 0.92 0.82 0.70 0.58 0.52 0.51 0.58 0.72 0.90 1.05 1.17 1.22 1.18 1.02 0.82 0.59 0.40 0.26
 25   0.22 0.31 0.50 0.72 0.96 1.10 1.14 1.10 0.96 0.80 0.64 0.50 0.42 0.46 0.61 0.82 1.06 1.23 1.30 1.24 1.04 0.78 0.50 0.30
 26   0.14 0.14 0.28 0.55 0.86 1.14 1.30 1.34 1.24 1.02 0.76 0.52 0.35 0.27 0.32 0.52 0.82 1.10 1.34 1.40 1.32 1.08 0.80 0.48
 27   0.24 0.11 0.12 0.28 0.62 1.00 1.32 1.44 1.43 1.24 0.96 0.66 0.39 0.21 0.14 0.26 0.52 0.88 1.24 1.42 1.42 1.28 1.00 0.68
 28   0.34 0.12 0.05 0.13 0.40 0.81 1.20 1.48 1.54 1.44 1.18 0.88 0.52 0.25 0.10 0.10 0.30 0.62 1.04 1.35 1.44 1.38 1.16 0.85
 29   0.50 0.22 0.05 0.07 0.24 0.60 1.06 1.42 1.60 1.60 1.40 1.07 0.74 0.41 0.15 0.08 0.16 0.40 0.78 1.20 1.45 1.50 1.30 1.01
 30   0.68 0.38 0.12 0.04 0.16 0.43 0.83 1.26 1.58 1.63 1.48 1.22 0.90 0.54 0.23 0.04 0.03 0.22 0.56 0.95 1.31 1.39 1.34 1.13
 ----------------------------------------------------------------------------------------------------------------------------
                                                                                              
 ----------------------------------------------------------------------------------------------------------------------------
 ----------------------------------------------------------------------------------------------------------------------------
                                                          SURVEY OF INDIA
                                                    MARINE GEODESY WING (G&RB)
                                                     HOURLY HEIGHTS IN METRES
  NAME OF PORT:- NANCOWRY                                                                           MONTH MAY       YEAR 2022
 ----------------------------------------------------------------------------------------------------------------------------
 DAYS 0000 0001 0002 0003 0004 0005 0006 0007 0008 0009 0010 0011 0012 0013 0014 0015 0016 0017 0018 0019 0020 0021 0022 0023
 ----------------------------------------------------------------------------------------------------------------------------
  1   0.74 0.44 0.19 0.04 0.06 0.28 0.64 1.04 1.38 1.58 1.55 1.31 1.00 0.64 0.31 0.10 0.02 0.11 0.37 0.72 1.10 1.29 1.28 1.13
  2   0.86 0.54 0.28 0.11 0.09 0.18 0.46 0.84 1.26 1.54 1.60 1.42 1.14 0.81 0.48 0.24 0.10 0.10 0.26 0.56 0.90 1.18 1.27 1.20
  3   1.00 0.72 0.48 0.24 0.12 0.17 0.38 0.70 1.06 1.38 1.50 1.44 1.24 0.94 0.63 0.36 0.14 0.08 0.18 0.43 0.73 1.02 1.18 1.17
  4   1.04 0.81 0.59 0.38 0.22 0.21 0.32 0.56 0.86 1.19 1.39 1.40 1.27 1.04 0.78 0.51 0.30 0.18 0.21 0.36 0.60 0.88 1.06 1.13
  5   1.06 0.91 0.71 0.51 0.34 0.28 0.34 0.50 0.74 1.02 1.24 1.33 1.30 1.14 0.94 0.74 0.54 0.36 0.30 0.36 0.51 0.74 0.92 1.00
  6   0.99 0.87 0.72 0.57 0.45 0.36 0.37 0.46 0.62 0.82 1.02 1.16 1.18 1.10 0.96 0.80 0.60 0.43 0.34 0.35 0.42 0.52 0.66 0.80
  7   0.84 0.81 0.74 0.64 0.55 0.46 0.40 0.41 0.50 0.63 0.79 0.93 1.01 1.01 0.95 0.85 0.72 0.58 0.45 0.38 0.38 0.43 0.50 0.59
  8   0.66 0.72 0.75 0.74 0.69 0.62 0.56 0.53 0.54 0.58 0.65 0.75 0.86 0.94 0.99 0.99 0.94 0.82 0.69 0.57 0.45 0.39 0.38 0.43
  9   0.52 0.65 0.76 0.82 0.84 0.83 0.79 0.70 0.62 0.57 0.56 0.60 0.68 0.77 0.88 0.96 0.98 0.96 0.88 0.74 0.60 0.45 0.34 0.32
 10   0.38 0.50 0.65 0.82 0.94 0.98 0.96 0.90 0.79 0.67 0.54 0.49 0.51 0.60 0.74 0.90 1.07 1.12 1.10 0.98 0.81 0.60 0.39 0.26
 11   0.23 0.31 0.47 0.71 0.95 1.13 1.21 1.17 1.02 0.83 0.64 0.47 0.39 0.41 0.55 0.75 0.99 1.18 1.26 1.21 1.03 0.79 0.53 0.27
 12   0.12 0.14 0.27 0.51 0.83 1.13 1.30 1.35 1.25 1.03 0.77 0.52 0.33 0.23 0.27 0.47 0.77 1.07 1.29 1.35 1.25 1.01 0.71 0.39
 13   0.13 0.03 0.07 0.29 0.65 1.06 1.39 1.54 1.53 1.33 1.03 0.69 0.39 0.17 0.11 0.22 0.49 0.85 1.23 1.41 1.40 1.19 0.90 0.55
 14   0.21-0.03-0.09 0.02 0.33 0.78 1.25 1.51 1.60 1.49 1.19 0.83 0.43 0.07-0.09-0.09 0.07 0.44 0.85 1.19 1.34 1.28 1.07 0.75
 15   0.37 0.02-0.15-0.11 0.06 0.44 0.91 1.33 1.57 1.61 1.43 1.10 0.71 0.29-0.03-0.14-0.07 0.15 0.51 0.95 1.27 1.35 1.26 1.01
 16   0.63 0.25-0.04-0.16-0.07 0.19 0.61 1.13 1.52 1.69 1.65 1.43 1.04 0.59 0.17-0.09-0.19-0.07 0.23 0.68 1.09 1.33 1.33 1.20
 17   0.93 0.57 0.23-0.02-0.09 0.06 0.37 0.81 1.21 1.49 1.63 1.54 1.25 0.85 0.45 0.11-0.11-0.13 0.03 0.37 0.78 1.11 1.28 1.25
 18   1.09 0.83 0.50 0.19-0.01 0.01 0.19 0.53 0.91 1.28 1.53 1.54 1.43 1.17 0.81 0.43 0.11-0.06-0.04 0.19 0.53 0.88 1.15 1.21
 19   1.15 1.01 0.80 0.50 0.17 0.11 0.17 0.37 0.69 1.02 1.36 1.51 1.51 1.34 1.09 0.77 0.47 0.20 0.07 0.12 0.32 0.59 0.87 1.09
 20   1.16 1.11 0.95 0.77 0.55 0.35 0.31 0.37 0.55 0.82 1.09 1.35 1.41 1.37 1.23 1.03 0.75 0.49 0.29 0.21 0.24 0.41 0.61 0.81
 21   1.00 1.06 1.03 0.93 0.77 0.63 0.51 0.47 0.51 0.63 0.81 1.02 1.21 1.31 1.29 1.19 1.02 0.79 0.57 0.41 0.32 0.34 0.43 0.59
 22   0.75 0.92 1.01 1.03 0.97 0.86 0.73 0.61 0.55 0.55 0.61 0.75 0.93 1.09 1.20 1.21 1.15 1.03 0.85 0.64 0.45 0.33 0.31 0.37
 23   0.51 0.67 0.87 1.01 1.07 1.07 0.98 0.86 0.73 0.61 0.54 0.57 0.67 0.82 0.97 1.11 1.18 1.18 1.09 0.93 0.71 0.49 0.33 0.26
 24   0.31 0.46 0.68 0.89 1.09 1.17 1.17 1.07 0.93 0.75 0.57 0.47 0.46 0.55 0.71 0.90 1.09 1.18 1.17 1.05 0.85 0.63 0.41 0.25
 25   0.22 0.28 0.45 0.73 1.01 1.19 1.27 1.23 1.10 0.91 0.68 0.46 0.34 0.33 0.47 0.67 0.92 1.12 1.21 1.18 1.05 0.85 0.60 0.38
 26   0.21 0.20 0.33 0.55 0.87 1.13 1.32 1.37 1.28 1.09 0.83 0.60 0.37 0.25 0.27 0.43 0.71 0.99 1.17 1.25 1.20 0.99 0.75 0.51
 27   0.31 0.23 0.24 0.41 0.71 1.05 1.31 1.46 1.45 1.28 1.03 0.75 0.45 0.25 0.19 0.26 0.49 0.79 1.06 1.23 1.25 1.13 0.91 0.65
 28   0.39 0.22 0.16 0.26 0.54 0.89 1.21 1.47 1.55 1.47 1.21 0.93 0.59 0.32 0.14 0.13 0.32 0.61 0.92 1.15 1.25 1.19 1.01 0.77
 29   0.49 0.28 0.17 0.17 0.37 0.68 1.04 1.35 1.52 1.55 1.38 1.09 0.75 0.42 0.17 0.06 0.11 0.35 0.69 1.01 1.23 1.29 1.16 0.93
 30   0.67 0.44 0.27 0.19 0.27 0.53 0.88 1.25 1.48 1.56 1.47 1.25 0.93 0.59 0.31 0.11 0.07 0.23 0.53 0.88 1.15 1.25 1.23 1.03
 31   0.75 0.50 0.28 0.16 0.18 0.31 0.65 1.01 1.31 1.51 1.51 1.37 1.09 0.73 0.45 0.21 0.07 0.11 0.31 0.65 0.94 1.15 1.21 1.10
 ----------------------------------------------------------------------------------------------------------------------------
                                                                                               
 ----------------------------------------------------------------------------------------------------------------------------
 ----------------------------------------------------------------------------------------------------------------------------
                                                          SURVEY OF INDIA
                                                    MARINE GEODESY WING (G&RB)
                                                     HOURLY HEIGHTS IN METRES
  NAME OF PORT:- NANCOWRY                                                                           MONTH JUNE      YEAR 2022
 ----------------------------------------------------------------------------------------------------------------------------
 DAYS 0000 0001 0002 0003 0004 0005 0006 0007 0008 0009 0010 0011 0012 0013 0014 0015 0016 0017 0018 0019 0020 0021 0022 0023
 ----------------------------------------------------------------------------------------------------------------------------
  1   0.87 0.64 0.41 0.21 0.17 0.25 0.53 0.87 1.21 1.45 1.50 1.40 1.20 0.92 0.59 0.31 0.14 0.12 0.24 0.48 0.79 1.08 1.18 1.12
  2   0.93 0.75 0.54 0.35 0.22 0.23 0.39 0.69 1.03 1.30 1.44 1.42 1.27 1.01 0.74 0.45 0.25 0.16 0.19 0.39 0.66 0.93 1.09 1.11
  3   0.99 0.82 0.63 0.45 0.29 0.25 0.34 0.54 0.82 1.11 1.31 1.35 1.27 1.08 0.81 0.54 0.31 0.19 0.18 0.27 0.47 0.75 0.95 1.02
  4   1.00 0.90 0.73 0.55 0.38 0.29 0.29 0.44 0.66 0.93 1.19 1.34 1.34 1.23 1.04 0.81 0.57 0.38 0.29 0.33 0.47 0.63 0.81 0.95
  5   1.01 0.98 0.88 0.75 0.59 0.47 0.42 0.47 0.63 0.83 1.05 1.20 1.27 1.25 1.15 0.97 0.77 0.56 0.41 0.33 0.37 0.48 0.65 0.81
  6   0.91 0.95 0.94 0.86 0.75 0.64 0.57 0.54 0.58 0.71 0.87 1.03 1.15 1.20 1.17 1.08 0.92 0.75 0.61 0.48 0.41 0.43 0.54 0.71
  7   0.85 0.98 1.05 1.06 1.00 0.88 0.77 0.68 0.63 0.63 0.72 0.87 1.01 1.12 1.18 1.19 1.12 0.97 0.81 0.65 0.48 0.40 0.42 0.54
  8   0.69 0.87 1.02 1.13 1.16 1.12 1.01 0.89 0.76 0.65 0.63 0.67 0.77 0.93 1.09 1.19 1.22 1.17 1.03 0.84 0.65 0.46 0.36 0.37
  9   0.45 0.62 0.89 1.11 1.25 1.31 1.26 1.13 0.93 0.75 0.58 0.51 0.54 0.65 0.85 1.05 1.21 1.28 1.23 1.05 0.83 0.61 0.39 0.29
 10   0.30 0.41 0.61 0.91 1.23 1.42 1.48 1.39 1.19 0.95 0.71 0.51 0.39 0.41 0.55 0.81 1.09 1.26 1.33 1.27 1.09 0.81 0.54 0.31
 11   0.19 0.21 0.37 0.73 1.07 1.36 1.54 1.59 1.45 1.18 0.87 0.58 0.35 0.21 0.22 0.43 0.77 1.07 1.29 1.35 1.29 1.07 0.75 0.44
 12   0.14 0.06 0.11 0.33 0.75 1.15 1.49 1.65 1.63 1.45 1.15 0.79 0.45 0.20 0.10 0.17 0.45 0.81 1.15 1.36 1.41 1.25 1.00 0.70
 13   0.39 0.15 0.05 0.13 0.41 0.83 1.29 1.60 1.73 1.67 1.42 1.07 0.67 0.31 0.09-0.01 0.09 0.38 0.83 1.17 1.36 1.38 1.22 0.95
 14   0.61 0.31 0.12 0.05 0.18 0.48 0.93 1.39 1.64 1.71 1.63 1.37 0.97 0.54 0.19-0.04-0.06 0.09 0.41 0.84 1.19 1.34 1.32 1.14
 15   0.85 0.53 0.25 0.04 0.03 0.19 0.53 0.98 1.39 1.62 1.66 1.52 1.24 0.86 0.47 0.14-0.03-0.01 0.17 0.55 0.93 1.21 1.31 1.25
 16   1.09 0.86 0.55 0.30 0.15 0.14 0.27 0.58 0.91 1.31 1.55 1.57 1.42 1.13 0.76 0.37 0.05-0.08-0.04 0.16 0.55 0.93 1.17 1.24
 17   1.18 1.01 0.76 0.49 0.27 0.17 0.23 0.42 0.76 1.15 1.46 1.60 1.56 1.39 1.10 0.78 0.47 0.19 0.08 0.11 0.33 0.67 0.96 1.17
 18   1.21 1.16 1.01 0.81 0.56 0.36 0.29 0.37 0.61 0.88 1.22 1.46 1.56 1.51 1.36 1.09 0.77 0.48 0.26 0.17 0.24 0.47 0.73 1.01
 19   1.21 1.27 1.23 1.11 0.93 0.71 0.52 0.47 0.54 0.72 0.96 1.21 1.41 1.47 1.41 1.25 1.01 0.75 0.50 0.31 0.28 0.37 0.55 0.79
 20   1.01 1.15 1.21 1.18 1.05 0.86 0.68 0.56 0.51 0.55 0.70 0.89 1.09 1.27 1.32 1.27 1.13 0.92 0.70 0.49 0.34 0.31 0.39 0.54
 21   0.77 0.96 1.09 1.17 1.17 1.08 0.91 0.75 0.62 0.56 0.59 0.68 0.84 1.00 1.15 1.22 1.19 1.05 0.87 0.67 0.47 0.35 0.35 0.42
 22   0.57 0.79 0.98 1.12 1.22 1.22 1.13 0.95 0.74 0.59 0.50 0.49 0.55 0.69 0.85 1.01 1.11 1.11 1.01 0.85 0.67 0.51 0.39 0.38
 23   0.45 0.58 0.75 0.95 1.13 1.26 1.25 1.12 0.93 0.75 0.57 0.44 0.42 0.49 0.66 0.83 1.00 1.11 1.10 0.99 0.83 0.64 0.44 0.32
 24   0.33 0.43 0.59 0.83 1.06 1.27 1.33 1.29 1.13 0.91 0.67 0.47 0.34 0.31 0.41 0.59 0.83 1.03 1.15 1.16 1.08 0.85 0.64 0.45
 25   0.32 0.32 0.41 0.63 0.91 1.17 1.36 1.41 1.33 1.15 0.89 0.63 0.41 0.29 0.27 0.41 0.63 0.90 1.08 1.16 1.14 0.99 0.78 0.55
 26   0.38 0.30 0.32 0.48 0.75 1.06 1.29 1.43 1.44 1.31 1.05 0.79 0.54 0.33 0.22 0.26 0.45 0.73 0.98 1.12 1.17 1.10 0.92 0.69
 27   0.46 0.31 0.24 0.31 0.51 0.81 1.12 1.38 1.50 1.46 1.25 0.95 0.67 0.39 0.20 0.17 0.31 0.55 0.85 1.09 1.22 1.22 1.05 0.84
 28   0.61 0.38 0.24 0.22 0.36 0.65 0.97 1.27 1.44 1.48 1.36 1.12 0.81 0.52 0.29 0.14 0.17 0.37 0.63 0.93 1.16 1.24 1.15 0.94
 29   0.71 0.47 0.29 0.20 0.25 0.45 0.79 1.10 1.33 1.47 1.45 1.27 0.97 0.67 0.40 0.20 0.12 0.21 0.47 0.81 1.09 1.20 1.20 1.06
 30   0.86 0.62 0.41 0.24 0.23 0.37 0.61 0.96 1.26 1.49 1.53 1.43 1.21 0.87 0.54 0.29 0.15 0.18 0.38 0.63 0.88 1.09 1.18 1.15
 ----------------------------------------------------------------------------------------------------------------------------
                                                                                               
 ----------------------------------------------------------------------------------------------------------------------------
 ----------------------------------------------------------------------------------------------------------------------------
                                                          SURVEY OF INDIA
                                                    MARINE GEODESY WING (G&RB)
                                                     HOURLY HEIGHTS IN METRES
  NAME OF PORT:- NANCOWRY                                                                           MONTH JULY      YEAR 2022
 ----------------------------------------------------------------------------------------------------------------------------
 DAYS 0000 0001 0002 0003 0004 0005 0006 0007 0008 0009 0010 0011 0012 0013 0014 0015 0016 0017 0018 0019 0020 0021 0022 0023
 ----------------------------------------------------------------------------------------------------------------------------
  1   0.97 0.75 0.52 0.33 0.25 0.31 0.50 0.76 1.13 1.43 1.55 1.51 1.31 1.05 0.74 0.46 0.26 0.17 0.26 0.50 0.79 1.03 1.18 1.19
  2   1.10 0.93 0.69 0.47 0.33 0.31 0.42 0.65 1.00 1.31 1.49 1.53 1.45 1.23 0.93 0.61 0.33 0.21 0.23 0.37 0.63 0.87 1.07 1.16
  3   1.15 1.05 0.85 0.61 0.43 0.32 0.36 0.54 0.79 1.06 1.33 1.44 1.40 1.24 1.02 0.75 0.47 0.28 0.21 0.28 0.47 0.69 0.93 1.11
  4   1.17 1.12 0.96 0.78 0.59 0.44 0.41 0.48 0.63 0.87 1.10 1.29 1.33 1.26 1.11 0.87 0.63 0.41 0.25 0.22 0.31 0.51 0.74 0.96
  5   1.11 1.13 1.05 0.90 0.75 0.59 0.47 0.46 0.53 0.66 0.88 1.11 1.25 1.27 1.18 1.02 0.81 0.58 0.39 0.27 0.24 0.31 0.49 0.71
  6   0.94 1.11 1.16 1.10 0.95 0.78 0.60 0.47 0.44 0.50 0.68 0.87 1.06 1.22 1.24 1.16 0.98 0.73 0.51 0.34 0.28 0.31 0.47 0.66
  7   0.87 1.05 1.17 1.19 1.11 0.97 0.80 0.65 0.56 0.53 0.57 0.70 0.87 1.01 1.11 1.14 1.08 0.95 0.79 0.59 0.40 0.30 0.30 0.37
  8   0.55 0.81 1.03 1.18 1.23 1.18 1.05 0.88 0.70 0.56 0.45 0.43 0.53 0.69 0.88 1.04 1.12 1.09 0.95 0.78 0.60 0.42 0.29 0.26
  9   0.35 0.55 0.80 1.05 1.23 1.32 1.30 1.16 0.95 0.71 0.50 0.35 0.33 0.41 0.58 0.80 0.99 1.11 1.13 1.05 0.83 0.63 0.41 0.26
 10   0.23 0.33 0.54 0.83 1.12 1.36 1.44 1.41 1.23 0.99 0.71 0.43 0.25 0.19 0.29 0.50 0.77 1.03 1.18 1.20 1.08 0.87 0.62 0.37
 11   0.19 0.12 0.22 0.45 0.83 1.21 1.46 1.55 1.48 1.27 0.98 0.67 0.37 0.13 0.05 0.19 0.45 0.78 1.10 1.28 1.31 1.16 0.93 0.63
 12   0.35 0.12 0.08 0.20 0.49 0.91 1.31 1.57 1.66 1.57 1.32 0.99 0.60 0.24 0.01-0.04 0.07 0.38 0.77 1.11 1.32 1.33 1.18 0.91
 13   0.59 0.30 0.09 0.07 0.17 0.49 0.93 1.37 1.65 1.73 1.62 1.37 0.95 0.52 0.17-0.03-0.05 0.08 0.45 0.89 1.25 1.40 1.37 1.20
 14   0.91 0.57 0.27 0.08 0.06 0.25 0.61 1.08 1.52 1.73 1.75 1.60 1.27 0.91 0.47 0.09-0.09-0.06 0.13 0.52 0.96 1.30 1.42 1.34
 15   1.13 0.83 0.51 0.22 0.06 0.11 0.32 0.67 1.13 1.53 1.72 1.68 1.45 1.11 0.71 0.32 0.02-0.09-0.04 0.23 0.65 1.06 1.33 1.37
 16   1.28 1.07 0.77 0.48 0.23 0.13 0.21 0.42 0.83 1.25 1.57 1.65 1.55 1.32 0.99 0.59 0.23-0.01-0.05 0.08 0.39 0.81 1.14 1.31
 17   1.31 1.20 0.99 0.72 0.42 0.22 0.18 0.28 0.54 0.89 1.26 1.49 1.55 1.42 1.16 0.83 0.50 0.21 0.05 0.05 0.23 0.55 0.91 1.21
 18   1.32 1.28 1.15 0.94 0.69 0.46 0.28 0.25 0.38 0.65 0.96 1.24 1.44 1.43 1.28 1.02 0.71 0.44 0.24 0.17 0.25 0.45 0.71 1.01
 19   1.18 1.24 1.19 1.05 0.85 0.62 0.44 0.38 0.41 0.53 0.74 0.98 1.17 1.26 1.22 1.09 0.85 0.62 0.40 0.27 0.27 0.36 0.54 0.81
 20   1.03 1.16 1.20 1.14 1.01 0.84 0.65 0.49 0.42 0.44 0.57 0.73 0.89 1.02 1.08 1.05 0.95 0.81 0.64 0.49 0.40 0.40 0.48 0.65
 21   0.85 1.02 1.13 1.16 1.11 1.01 0.88 0.73 0.59 0.51 0.52 0.59 0.71 0.84 0.95 1.01 0.99 0.89 0.76 0.63 0.51 0.45 0.46 0.54
 22   0.65 0.81 0.97 1.08 1.15 1.16 1.07 0.91 0.74 0.61 0.52 0.49 0.53 0.62 0.73 0.85 0.93 0.97 0.95 0.82 0.68 0.56 0.50 0.49
 23   0.53 0.63 0.77 0.93 1.05 1.14 1.16 1.08 0.94 0.77 0.61 0.49 0.42 0.43 0.52 0.65 0.81 0.93 0.97 0.95 0.85 0.72 0.57 0.47
 24   0.43 0.46 0.57 0.73 0.93 1.12 1.23 1.25 1.16 0.99 0.78 0.57 0.40 0.32 0.34 0.47 0.65 0.85 1.01 1.09 1.05 0.92 0.71 0.52
 25   0.36 0.31 0.36 0.53 0.77 1.01 1.22 1.35 1.33 1.18 0.94 0.67 0.45 0.27 0.21 0.27 0.45 0.68 0.93 1.07 1.09 0.98 0.81 0.60
 26   0.41 0.29 0.26 0.33 0.54 0.81 1.11 1.35 1.40 1.32 1.10 0.83 0.54 0.28 0.13 0.13 0.25 0.47 0.77 1.02 1.13 1.11 0.95 0.72
 27   0.50 0.27 0.19 0.21 0.39 0.67 1.01 1.31 1.48 1.47 1.29 1.03 0.73 0.43 0.19 0.11 0.13 0.35 0.65 0.97 1.17 1.23 1.13 0.92
 28   0.65 0.43 0.25 0.17 0.25 0.47 0.81 1.21 1.46 1.52 1.43 1.22 0.89 0.55 0.26 0.10 0.05 0.18 0.47 0.85 1.14 1.28 1.23 1.06
 29   0.82 0.57 0.33 0.20 0.20 0.33 0.65 1.05 1.39 1.55 1.55 1.39 1.07 0.73 0.39 0.14 0.02 0.09 0.37 0.70 1.05 1.22 1.27 1.16
 30   0.94 0.68 0.42 0.21 0.15 0.23 0.47 0.87 1.24 1.49 1.58 1.49 1.27 0.90 0.55 0.25 0.04 0.04 0.20 0.51 0.87 1.17 1.31 1.27
 31   1.11 0.88 0.58 0.31 0.17 0.16 0.33 0.61 1.01 1.35 1.53 1.51 1.35 1.07 0.71 0.39 0.13 0.03 0.08 0.35 0.69 1.04 1.26 1.30
 ----------------------------------------------------------------------------------------------------------------------------
                                                                                               
 ----------------------------------------------------------------------------------------------------------------------------
 ----------------------------------------------------------------------------------------------------------------------------
                                                          SURVEY OF INDIA
                                                    MARINE GEODESY WING (G&RB)
                                                     HOURLY HEIGHTS IN METRES
  NAME OF PORT:- NANCOWRY                                                                           MONTH AUGUST    YEAR 2022
 ----------------------------------------------------------------------------------------------------------------------------
 DAYS 0000 0001 0002 0003 0004 0005 0006 0007 0008 0009 0010 0011 0012 0013 0014 0015 0016 0017 0018 0019 0020 0021 0022 0023
 ----------------------------------------------------------------------------------------------------------------------------
  1   1.21 1.03 0.76 0.47 0.24 0.17 0.25 0.50 0.82 1.19 1.45 1.51 1.45 1.22 0.89 0.52 0.21 0.03 0.03 0.19 0.51 0.85 1.14 1.29
  2   1.31 1.17 0.95 0.68 0.45 0.27 0.24 0.37 0.61 0.92 1.19 1.36 1.36 1.22 0.98 0.69 0.37 0.15 0.07 0.12 0.29 0.61 0.93 1.17
  3   1.27 1.22 1.05 0.82 0.57 0.39 0.27 0.30 0.45 0.71 0.97 1.19 1.29 1.23 1.07 0.83 0.57 0.34 0.19 0.15 0.23 0.50 0.77 1.01
  4   1.21 1.23 1.15 1.01 0.82 0.62 0.45 0.36 0.39 0.53 0.73 0.95 1.13 1.19 1.11 0.96 0.76 0.53 0.33 0.21 0.20 0.32 0.51 0.73
  5   0.99 1.15 1.20 1.14 0.99 0.81 0.61 0.47 0.40 0.42 0.54 0.71 0.85 0.98 1.04 1.00 0.88 0.71 0.53 0.37 0.28 0.29 0.39 0.56
  6   0.77 0.96 1.09 1.15 1.14 1.03 0.88 0.71 0.57 0.47 0.44 0.49 0.61 0.73 0.85 0.94 0.95 0.88 0.76 0.63 0.51 0.41 0.36 0.41
  7   0.55 0.73 0.94 1.11 1.23 1.25 1.17 1.01 0.81 0.63 0.47 0.37 0.37 0.47 0.62 0.77 0.92 0.99 1.00 0.92 0.76 0.59 0.44 0.33
  8   0.33 0.43 0.61 0.85 1.10 1.26 1.33 1.28 1.11 0.90 0.67 0.42 0.25 0.22 0.30 0.49 0.74 0.97 1.12 1.15 1.03 0.85 0.63 0.43
  9   0.26 0.22 0.33 0.57 0.89 1.20 1.42 1.51 1.46 1.25 0.95 0.61 0.31 0.14 0.09 0.21 0.45 0.79 1.05 1.22 1.23 1.11 0.91 0.63
 10   0.39 0.19 0.16 0.29 0.56 0.96 1.32 1.57 1.63 1.52 1.25 0.89 0.51 0.19-0.02-0.03 0.12 0.47 0.89 1.22 1.37 1.37 1.20 0.93
 11   0.61 0.32 0.10 0.08 0.24 0.59 1.03 1.45 1.69 1.73 1.55 1.23 0.79 0.37 0.03-0.15-0.13 0.09 0.53 0.96 1.31 1.43 1.35 1.13
 12   0.83 0.51 0.19 0.04 0.05 0.27 0.70 1.17 1.55 1.76 1.71 1.49 1.12 0.69 0.28-0.04-0.17-0.09 0.21 0.68 1.13 1.41 1.47 1.37
 13   1.12 0.77 0.42 0.13 0.03 0.13 0.39 0.87 1.34 1.65 1.77 1.65 1.35 0.94 0.49 0.11-0.15-0.17 0.01 0.39 0.85 1.27 1.44 1.45
 14   1.28 0.99 0.65 0.32 0.09 0.07 0.19 0.51 0.93 1.31 1.57 1.58 1.39 1.10 0.74 0.35 0.03-0.13-0.03 0.21 0.63 1.04 1.35 1.45
 15   1.35 1.15 0.85 0.52 0.23 0.07 0.10 0.29 0.63 1.03 1.35 1.47 1.40 1.19 0.85 0.54 0.25 0.02 0.01 0.15 0.49 0.83 1.15 1.34
 16   1.33 1.18 0.95 0.68 0.42 0.21 0.13 0.25 0.49 0.79 1.12 1.31 1.33 1.20 0.97 0.71 0.46 0.24 0.15 0.20 0.38 0.72 1.01 1.22
 17   1.29 1.24 1.08 0.85 0.63 0.44 0.31 0.30 0.45 0.69 0.94 1.14 1.23 1.18 1.04 0.82 0.60 0.42 0.31 0.31 0.43 0.63 0.83 1.05
 18   1.19 1.22 1.13 0.97 0.80 0.62 0.49 0.43 0.47 0.63 0.79 0.94 1.04 1.06 1.01 0.88 0.72 0.58 0.49 0.46 0.50 0.61 0.79 0.95
 19   1.09 1.17 1.17 1.10 0.97 0.83 0.70 0.59 0.55 0.59 0.68 0.80 0.90 0.95 0.96 0.91 0.83 0.73 0.63 0.55 0.54 0.59 0.67 0.78
 20   0.89 0.99 1.05 1.07 1.04 0.96 0.87 0.79 0.71 0.66 0.66 0.69 0.73 0.77 0.81 0.84 0.86 0.85 0.81 0.75 0.69 0.64 0.62 0.65
 21   0.72 0.81 0.91 1.00 1.07 1.10 1.07 0.98 0.87 0.75 0.66 0.59 0.57 0.59 0.65 0.75 0.83 0.88 0.89 0.87 0.82 0.74 0.66 0.59
 22   0.57 0.61 0.71 0.85 1.02 1.15 1.21 1.20 1.11 0.94 0.77 0.61 0.48 0.40 0.43 0.54 0.69 0.85 0.97 1.01 0.96 0.86 0.71 0.56
 23   0.45 0.43 0.49 0.62 0.83 1.04 1.22 1.29 1.23 1.07 0.87 0.62 0.41 0.26 0.25 0.35 0.55 0.81 1.03 1.14 1.13 1.01 0.83 0.63
 24   0.43 0.34 0.34 0.45 0.68 0.98 1.26 1.41 1.44 1.31 1.07 0.80 0.52 0.27 0.17 0.21 0.39 0.68 0.97 1.17 1.24 1.16 0.97 0.72
 25   0.49 0.32 0.25 0.31 0.51 0.82 1.15 1.40 1.51 1.45 1.25 0.97 0.62 0.33 0.12 0.07 0.19 0.47 0.80 1.11 1.30 1.33 1.16 0.91
 26   0.61 0.34 0.17 0.14 0.27 0.54 0.91 1.30 1.55 1.57 1.41 1.11 0.77 0.42 0.13-0.02-0.01 0.21 0.56 0.96 1.30 1.43 1.33 1.07
 27   0.77 0.45 0.20 0.07 0.13 0.35 0.71 1.12 1.47 1.60 1.55 1.29 0.94 0.55 0.21-0.02-0.07 0.07 0.39 0.81 1.22 1.45 1.48 1.25
 28   0.94 0.61 0.31 0.11 0.05 0.16 0.49 0.95 1.33 1.56 1.60 1.41 1.05 0.69 0.31 0.03-0.11-0.07 0.17 0.61 1.05 1.39 1.50 1.41
 29   1.14 0.80 0.47 0.18 0.03 0.08 0.30 0.66 1.12 1.46 1.60 1.52 1.23 0.87 0.51 0.19-0.02-0.05 0.09 0.42 0.91 1.29 1.50 1.52
 30   1.31 0.99 0.65 0.33 0.11 0.06 0.16 0.43 0.83 1.25 1.51 1.52 1.34 1.05 0.71 0.34 0.11-0.01 0.03 0.29 0.67 1.10 1.39 1.48
 31   1.39 1.16 0.82 0.51 0.24 0.11 0.13 0.30 0.60 0.98 1.27 1.40 1.35 1.16 0.85 0.52 0.25 0.08 0.04 0.14 0.43 0.81 1.14 1.33
 ----------------------------------------------------------------------------------------------------------------------------
                                                                                               
 ----------------------------------------------------------------------------------------------------------------------------
 ----------------------------------------------------------------------------------------------------------------------------
                                                          SURVEY OF INDIA
                                                    MARINE GEODESY WING (G&RB)
                                                     HOURLY HEIGHTS IN METRES
  NAME OF PORT:- NANCOWRY                                                                           MONTH SEPT      YEAR 2022
 ----------------------------------------------------------------------------------------------------------------------------
 DAYS 0000 0001 0002 0003 0004 0005 0006 0007 0008 0009 0010 0011 0012 0013 0014 0015 0016 0017 0018 0019 0020 0021 0022 0023
 ----------------------------------------------------------------------------------------------------------------------------
  1   1.35 1.23 0.98 0.71 0.43 0.22 0.16 0.23 0.44 0.73 1.03 1.23 1.27 1.15 0.93 0.66 0.39 0.18 0.11 0.19 0.36 0.64 0.93 1.18
  2   1.31 1.29 1.15 0.93 0.68 0.47 0.32 0.30 0.37 0.51 0.75 0.97 1.10 1.10 1.00 0.84 0.63 0.42 0.28 0.25 0.33 0.49 0.72 0.99
  3   1.19 1.26 1.21 1.08 0.90 0.69 0.51 0.38 0.34 0.40 0.53 0.70 0.85 0.95 0.97 0.91 0.79 0.63 0.49 0.41 0.39 0.43 0.56 0.73
  4   0.88 1.00 1.07 1.09 1.02 0.86 0.72 0.59 0.49 0.42 0.42 0.47 0.58 0.68 0.78 0.85 0.89 0.89 0.82 0.66 0.52 0.45 0.43 0.47
  5   0.57 0.71 0.86 1.01 1.12 1.17 1.12 0.97 0.79 0.63 0.48 0.38 0.36 0.41 0.55 0.73 0.86 0.95 0.97 0.92 0.79 0.62 0.47 0.37
  6   0.34 0.40 0.55 0.79 1.03 1.21 1.29 1.25 1.05 0.82 0.58 0.36 0.19 0.14 0.19 0.39 0.69 0.93 1.10 1.13 1.04 0.85 0.62 0.39
  7   0.21 0.17 0.27 0.49 0.83 1.16 1.38 1.45 1.37 1.12 0.81 0.48 0.22 0.03-0.03 0.07 0.36 0.73 1.08 1.29 1.32 1.17 0.91 0.62
  8   0.33 0.13 0.09 0.18 0.49 0.91 1.31 1.55 1.62 1.47 1.17 0.79 0.41 0.09-0.10-0.11 0.09 0.49 0.94 1.29 1.43 1.40 1.20 0.89
  9   0.52 0.20 0.02 0.01 0.23 0.61 1.10 1.50 1.67 1.65 1.41 1.07 0.65 0.25-0.07-0.17-0.09 0.21 0.69 1.15 1.45 1.56 1.45 1.17
 10   0.81 0.43 0.15-0.02 0.04 0.29 0.73 1.25 1.59 1.71 1.62 1.33 0.93 0.53 0.15-0.13-0.17 0.03 0.41 0.93 1.35 1.56 1.57 1.38
 11   1.06 0.67 0.31 0.04-0.05 0.08 0.44 0.91 1.35 1.63 1.68 1.47 1.11 0.69 0.29-0.01-0.14-0.06 0.22 0.67 1.16 1.48 1.60 1.49
 12   1.21 0.87 0.50 0.18-0.05-0.04 0.18 0.58 1.06 1.44 1.56 1.49 1.23 0.88 0.54 0.22-0.02-0.06 0.14 0.46 0.92 1.32 1.56 1.53
 13   1.33 1.02 0.68 0.33 0.10 0.03 0.13 0.38 0.76 1.14 1.39 1.43 1.26 1.00 0.70 0.42 0.16 0.07 0.12 0.36 0.76 1.16 1.42 1.47
 14   1.38 1.17 0.85 0.54 0.25 0.10 0.12 0.28 0.60 0.94 1.22 1.33 1.29 1.09 0.82 0.54 0.31 0.17 0.17 0.31 0.62 0.96 1.26 1.39
 15   1.38 1.22 0.96 0.69 0.44 0.24 0.18 0.26 0.48 0.75 1.02 1.18 1.20 1.06 0.84 0.63 0.44 0.29 0.26 0.37 0.57 0.80 1.04 1.22
 16   1.27 1.21 1.01 0.79 0.61 0.44 0.36 0.38 0.50 0.66 0.84 0.98 1.04 1.01 0.89 0.72 0.56 0.45 0.38 0.40 0.51 0.70 0.89 1.04
 17   1.16 1.16 1.05 0.90 0.76 0.61 0.51 0.47 0.49 0.57 0.70 0.81 0.90 0.92 0.88 0.78 0.67 0.58 0.52 0.50 0.54 0.62 0.73 0.83
 18   0.94 1.02 1.04 0.99 0.90 0.81 0.72 0.64 0.59 0.57 0.59 0.64 0.70 0.75 0.78 0.78 0.76 0.73 0.69 0.65 0.61 0.60 0.63 0.69
 19   0.76 0.83 0.90 0.95 0.98 0.98 0.93 0.83 0.73 0.63 0.56 0.52 0.52 0.55 0.62 0.69 0.77 0.84 0.87 0.86 0.80 0.73 0.65 0.60
 20   0.60 0.65 0.74 0.84 0.96 1.06 1.10 1.06 0.92 0.76 0.62 0.49 0.41 0.39 0.45 0.58 0.75 0.91 1.00 1.01 0.95 0.82 0.69 0.56
 21   0.46 0.47 0.56 0.70 0.90 1.10 1.22 1.26 1.18 1.00 0.76 0.54 0.37 0.29 0.32 0.46 0.64 0.86 1.04 1.13 1.11 0.99 0.80 0.58
 22   0.40 0.34 0.38 0.51 0.76 1.03 1.26 1.38 1.37 1.18 0.93 0.64 0.38 0.20 0.12 0.22 0.48 0.78 1.08 1.29 1.32 1.18 0.96 0.68
 23   0.44 0.26 0.21 0.30 0.56 0.88 1.22 1.45 1.52 1.38 1.10 0.77 0.47 0.17 0.02 0.02 0.28 0.66 1.02 1.34 1.45 1.40 1.18 0.84
 24   0.54 0.26 0.10 0.10 0.31 0.65 1.06 1.42 1.58 1.54 1.28 0.92 0.56 0.22-0.01-0.06 0.06 0.40 0.82 1.26 1.52 1.54 1.34 1.01
 25   0.66 0.34 0.10 0.02 0.12 0.40 0.87 1.28 1.54 1.60 1.44 1.14 0.73 0.36 0.07-0.08-0.06 0.18 0.60 1.10 1.46 1.58 1.52 1.29
 26   0.90 0.47 0.16-0.01 0.00 0.21 0.60 1.06 1.43 1.60 1.56 1.31 0.94 0.51 0.19-0.06-0.12 0.06 0.40 0.94 1.38 1.61 1.61 1.42
 27   1.14 0.70 0.34 0.06-0.06 0.04 0.36 0.82 1.25 1.54 1.57 1.41 1.11 0.76 0.38 0.08-0.01 0.05 0.30 0.73 1.22 1.54 1.64 1.56
 28   1.34 0.94 0.58 0.23 0.02 0.03 0.21 0.58 1.00 1.36 1.51 1.44 1.22 0.90 0.58 0.22 0.02 0.02 0.20 0.56 1.02 1.40 1.60 1.58
 29   1.44 1.18 0.83 0.47 0.18 0.06 0.12 0.34 0.68 1.08 1.34 1.41 1.29 1.06 0.74 0.44 0.18 0.06 0.10 0.36 0.72 1.10 1.38 1.50
 30   1.44 1.27 0.96 0.65 0.36 0.14 0.12 0.22 0.48 0.80 1.10 1.26 1.24 1.06 0.84 0.61 0.40 0.22 0.19 0.30 0.54 0.85 1.13 1.34
 ----------------------------------------------------------------------------------------------------------------------------
                                                                                               
 ----------------------------------------------------------------------------------------------------------------------------
 ----------------------------------------------------------------------------------------------------------------------------
                                                          SURVEY OF INDIA
                                                    MARINE GEODESY WING (G&RB)
                                                     HOURLY HEIGHTS IN METRES
  NAME OF PORT:- NANCOWRY                                                                           MONTH OCTOBER   YEAR 2022
 ----------------------------------------------------------------------------------------------------------------------------
 DAYS 0000 0001 0002 0003 0004 0005 0006 0007 0008 0009 0010 0011 0012 0013 0014 0015 0016 0017 0018 0019 0020 0021 0022 0023
 ----------------------------------------------------------------------------------------------------------------------------
  1   1.41 1.30 1.10 0.84 0.60 0.38 0.24 0.22 0.33 0.54 0.78 1.00 1.10 1.08 0.96 0.78 0.60 0.42 0.31 0.32 0.41 0.58 0.82 1.04
  2   1.20 1.24 1.18 1.03 0.84 0.65 0.47 0.36 0.34 0.40 0.54 0.70 0.86 0.94 0.94 0.87 0.76 0.65 0.54 0.46 0.45 0.50 0.60 0.76
  3   0.90 1.02 1.08 1.10 1.06 0.92 0.76 0.60 0.47 0.39 0.36 0.40 0.52 0.66 0.79 0.89 0.91 0.88 0.80 0.69 0.58 0.49 0.46 0.50
  4   0.60 0.72 0.86 0.98 1.07 1.10 1.04 0.89 0.69 0.50 0.32 0.22 0.21 0.31 0.48 0.69 0.86 0.97 1.00 0.94 0.80 0.62 0.46 0.36
  5   0.32 0.40 0.59 0.82 1.05 1.22 1.28 1.19 1.00 0.72 0.46 0.24 0.10 0.08 0.20 0.44 0.74 1.00 1.15 1.20 1.10 0.88 0.64 0.41
  6   0.24 0.20 0.30 0.54 0.87 1.18 1.39 1.44 1.31 1.04 0.72 0.40 0.13-0.01 0.00 0.20 0.49 0.89 1.20 1.38 1.37 1.18 0.86 0.56
  7   0.30 0.10 0.09 0.24 0.56 0.94 1.32 1.51 1.51 1.30 1.00 0.60 0.24-0.02-0.12-0.02 0.24 0.70 1.13 1.40 1.48 1.36 1.13 0.80
  8   0.42 0.12-0.02 0.00 0.24 0.64 1.14 1.44 1.56 1.46 1.20 0.84 0.44 0.08-0.11-0.13 0.06 0.46 0.98 1.37 1.56 1.56 1.38 1.04
  9   0.68 0.23-0.02-0.10 0.02 0.34 0.85 1.25 1.50 1.54 1.36 1.04 0.65 0.26-0.02-0.14-0.02 0.30 0.77 1.25 1.54 1.64 1.55 1.30
 10   0.88 0.44 0.11-0.09-0.08 0.14 0.55 1.04 1.37 1.53 1.47 1.22 0.84 0.46 0.14-0.06-0.06 0.14 0.56 1.04 1.47 1.65 1.66 1.49
 11   1.11 0.61 0.25 0.01-0.06 0.05 0.37 0.83 1.21 1.45 1.46 1.30 0.99 0.63 0.31 0.07-0.01 0.11 0.43 0.87 1.29 1.55 1.60 1.53
 12   1.24 0.81 0.43 0.15-0.01 0.00 0.18 0.57 0.97 1.25 1.39 1.32 1.06 0.76 0.47 0.23 0.07 0.08 0.27 0.61 1.01 1.32 1.50 1.48
 13   1.25 0.95 0.64 0.33 0.10 0.03 0.09 0.35 0.73 1.03 1.23 1.27 1.13 0.87 0.60 0.37 0.18 0.16 0.29 0.55 0.83 1.13 1.36 1.41
 14   1.27 1.04 0.77 0.51 0.28 0.15 0.17 0.32 0.59 0.87 1.08 1.16 1.09 0.89 0.69 0.49 0.33 0.26 0.30 0.47 0.77 1.03 1.22 1.30
 15   1.24 1.08 0.87 0.67 0.48 0.32 0.30 0.37 0.53 0.73 0.90 1.01 1.00 0.88 0.73 0.58 0.45 0.38 0.38 0.45 0.59 0.79 0.99 1.13
 16   1.14 1.07 0.96 0.81 0.63 0.48 0.40 0.41 0.47 0.60 0.74 0.85 0.88 0.84 0.76 0.66 0.57 0.50 0.49 0.55 0.65 0.78 0.88 0.97
 17   1.02 1.02 0.98 0.89 0.80 0.70 0.62 0.55 0.53 0.56 0.61 0.66 0.72 0.77 0.82 0.84 0.83 0.80 0.76 0.72 0.69 0.69 0.72 0.77
 18   0.84 0.91 0.97 0.99 0.97 0.92 0.85 0.77 0.68 0.61 0.55 0.53 0.54 0.58 0.65 0.73 0.79 0.83 0.83 0.80 0.76 0.71 0.67 0.65
 19   0.67 0.73 0.83 0.92 1.00 1.04 1.03 0.95 0.79 0.64 0.51 0.42 0.39 0.43 0.53 0.67 0.85 0.96 1.01 1.00 0.91 0.79 0.65 0.53
 20   0.47 0.51 0.65 0.82 0.99 1.12 1.16 1.11 0.95 0.75 0.55 0.38 0.28 0.28 0.39 0.56 0.81 1.03 1.15 1.18 1.09 0.91 0.70 0.53
 21   0.41 0.38 0.46 0.65 0.89 1.10 1.24 1.26 1.15 0.92 0.66 0.42 0.22 0.15 0.21 0.39 0.68 0.97 1.22 1.33 1.30 1.12 0.85 0.59
 22   0.37 0.23 0.26 0.46 0.75 1.04 1.33 1.42 1.37 1.14 0.84 0.52 0.25 0.07 0.05 0.19 0.49 0.89 1.23 1.41 1.45 1.31 1.04 0.71
 23   0.39 0.18 0.11 0.19 0.45 0.83 1.21 1.42 1.47 1.31 1.01 0.66 0.32 0.07-0.03 0.03 0.29 0.71 1.15 1.49 1.61 1.53 1.29 0.93
 24   0.57 0.23 0.06 0.06 0.25 0.61 1.04 1.38 1.52 1.44 1.19 0.85 0.46 0.13-0.07-0.09 0.07 0.47 0.97 1.41 1.65 1.66 1.46 1.13
 25   0.75 0.32 0.04-0.07 0.02 0.31 0.77 1.21 1.49 1.52 1.37 1.10 0.69 0.32 0.03-0.09-0.01 0.29 0.75 1.24 1.61 1.74 1.63 1.35
 26   0.93 0.48 0.12-0.08-0.09 0.10 0.48 0.92 1.31 1.47 1.42 1.17 0.84 0.48 0.15-0.05-0.06 0.11 0.45 0.91 1.39 1.65 1.65 1.50
 27   1.15 0.71 0.33 0.02-0.09-0.02 0.21 0.61 1.01 1.31 1.40 1.30 1.01 0.70 0.38 0.13 0.04 0.07 0.28 0.71 1.19 1.49 1.58 1.53
 28   1.31 0.95 0.55 0.22 0.00-0.05 0.05 0.35 0.75 1.08 1.28 1.28 1.15 0.91 0.61 0.35 0.14 0.11 0.23 0.51 0.85 1.21 1.47 1.51
 29   1.39 1.13 0.83 0.51 0.22 0.05 0.07 0.24 0.53 0.83 1.09 1.19 1.15 1.00 0.77 0.55 0.35 0.22 0.25 0.41 0.68 0.99 1.23 1.40
 30   1.39 1.26 1.05 0.81 0.55 0.35 0.27 0.30 0.43 0.65 0.83 0.98 1.05 1.01 0.88 0.71 0.56 0.43 0.37 0.41 0.55 0.75 0.94 1.13
 31   1.23 1.24 1.15 0.99 0.80 0.61 0.44 0.36 0.36 0.43 0.57 0.69 0.81 0.90 0.93 0.90 0.81 0.70 0.59 0.53 0.54 0.60 0.70 0.85
 ----------------------------------------------------------------------------------------------------------------------------
                                                                                               
 ----------------------------------------------------------------------------------------------------------------------------
 ----------------------------------------------------------------------------------------------------------------------------
                                                          SURVEY OF INDIA
                                                    MARINE GEODESY WING (G&RB)
                                                     HOURLY HEIGHTS IN METRES
  NAME OF PORT:- NANCOWRY                                                                           MONTH NOVEMBER  YEAR 2022
 ----------------------------------------------------------------------------------------------------------------------------
 DAYS 0000 0001 0002 0003 0004 0005 0006 0007 0008 0009 0010 0011 0012 0013 0014 0015 0016 0017 0018 0019 0020 0021 0022 0023
 ----------------------------------------------------------------------------------------------------------------------------
  1   0.99 1.09 1.15 1.15 1.08 0.93 0.75 0.58 0.43 0.35 0.36 0.43 0.55 0.69 0.82 0.92 0.97 0.97 0.90 0.78 0.67 0.59 0.55 0.56
  2   0.64 0.84 1.01 1.14 1.19 1.16 1.03 0.85 0.65 0.45 0.30 0.25 0.31 0.45 0.67 0.91 1.07 1.16 1.15 1.05 0.88 0.68 0.52 0.42
  3   0.41 0.50 0.70 0.93 1.14 1.23 1.23 1.10 0.87 0.63 0.39 0.20 0.13 0.20 0.39 0.68 0.99 1.24 1.32 1.25 1.08 0.86 0.59 0.38
  4   0.27 0.29 0.46 0.73 1.02 1.24 1.33 1.28 1.08 0.85 0.56 0.28 0.11 0.08 0.19 0.45 0.85 1.23 1.42 1.47 1.36 1.11 0.83 0.50
  5   0.25 0.13 0.17 0.43 0.77 1.11 1.34 1.41 1.33 1.05 0.73 0.41 0.15-0.01 0.01 0.21 0.55 1.03 1.37 1.53 1.53 1.29 0.99 0.66
  6   0.32 0.08-0.01 0.07 0.37 0.73 1.15 1.31 1.31 1.19 0.89 0.59 0.32 0.14 0.07 0.16 0.42 0.76 1.15 1.42 1.49 1.40 1.13 0.83
  7   0.51 0.23 0.06 0.05 0.22 0.54 0.87 1.15 1.27 1.25 1.04 0.74 0.45 0.24 0.12 0.14 0.32 0.63 0.97 1.29 1.47 1.49 1.28 0.97
  8   0.66 0.37 0.15 0.07 0.15 0.38 0.71 1.01 1.22 1.27 1.12 0.86 0.58 0.31 0.15 0.10 0.21 0.47 0.83 1.18 1.43 1.52 1.41 1.15
  9   0.79 0.50 0.22 0.06 0.05 0.23 0.53 0.88 1.14 1.25 1.20 1.01 0.73 0.42 0.16 0.05 0.07 0.28 0.62 1.05 1.38 1.55 1.55 1.36
 10   1.02 0.65 0.33 0.07-0.01 0.06 0.30 0.68 1.04 1.26 1.30 1.16 0.90 0.62 0.35 0.17 0.12 0.21 0.46 0.84 1.18 1.44 1.52 1.42
 11   1.15 0.82 0.50 0.22 0.04 0.04 0.20 0.48 0.82 1.10 1.22 1.16 0.99 0.76 0.51 0.29 0.18 0.19 0.35 0.62 0.96 1.26 1.45 1.44
 12   1.26 0.97 0.68 0.42 0.20 0.11 0.15 0.34 0.64 0.95 1.12 1.14 1.00 0.80 0.60 0.42 0.26 0.22 0.32 0.54 0.82 1.09 1.29 1.34
 13   1.24 1.05 0.79 0.53 0.31 0.18 0.18 0.31 0.52 0.77 0.98 1.05 1.01 0.87 0.70 0.54 0.41 0.34 0.36 0.49 0.68 0.90 1.10 1.23
 14   1.22 1.10 0.93 0.74 0.53 0.37 0.28 0.31 0.42 0.58 0.75 0.88 0.92 0.88 0.77 0.64 0.52 0.43 0.40 0.44 0.55 0.70 0.87 1.02
 15   1.12 1.11 1.01 0.86 0.70 0.54 0.40 0.33 0.34 0.42 0.56 0.68 0.77 0.81 0.81 0.77 0.70 0.63 0.57 0.54 0.54 0.60 0.71 0.82
 16   0.92 0.98 0.98 0.93 0.83 0.70 0.56 0.46 0.39 0.37 0.39 0.48 0.60 0.72 0.80 0.84 0.84 0.81 0.73 0.64 0.56 0.52 0.52 0.58
 17   0.67 0.78 0.87 0.94 0.96 0.92 0.79 0.64 0.49 0.37 0.32 0.33 0.41 0.54 0.71 0.85 0.95 0.98 0.94 0.83 0.70 0.58 0.48 0.44
 18   0.48 0.60 0.74 0.89 1.01 1.05 1.00 0.85 0.68 0.47 0.31 0.21 0.22 0.34 0.52 0.76 0.98 1.12 1.15 1.08 0.92 0.73 0.54 0.38
 19   0.32 0.37 0.54 0.75 0.96 1.11 1.15 1.06 0.88 0.63 0.39 0.22 0.13 0.17 0.35 0.63 0.94 1.17 1.30 1.29 1.13 0.90 0.60 0.38
 20   0.22 0.18 0.28 0.50 0.80 1.05 1.21 1.21 1.06 0.82 0.52 0.27 0.07 0.03 0.16 0.42 0.79 1.13 1.40 1.48 1.40 1.18 0.86 0.54
 21   0.26 0.08 0.08 0.24 0.54 0.92 1.20 1.31 1.27 1.04 0.75 0.42 0.14-0.03-0.01 0.16 0.51 0.92 1.32 1.52 1.55 1.37 1.07 0.70
 22   0.34 0.04-0.07-0.02 0.22 0.56 1.02 1.28 1.33 1.20 0.94 0.60 0.24-0.01-0.11-0.04 0.22 0.62 1.07 1.47 1.58 1.53 1.30 0.91
 23   0.50 0.11-0.11-0.17-0.05 0.25 0.64 1.06 1.27 1.30 1.13 0.82 0.46 0.10-0.11-0.13 0.00 0.32 0.80 1.24 1.54 1.60 1.46 1.16
 24   0.76 0.31-0.02-0.20-0.19-0.03 0.34 0.78 1.17 1.30 1.24 1.02 0.71 0.34 0.05-0.10-0.10 0.07 0.44 0.93 1.34 1.57 1.57 1.36
 25   1.02 0.56 0.17-0.12-0.26-0.20 0.04 0.46 0.84 1.13 1.21 1.12 0.90 0.59 0.26 0.01-0.08-0.01 0.20 0.58 1.02 1.36 1.51 1.44
 26   1.22 0.89 0.49 0.13-0.13-0.20-0.09 0.16 0.52 0.86 1.08 1.12 1.01 0.77 0.50 0.24 0.04 0.00 0.08 0.35 0.70 1.09 1.37 1.46
 27   1.36 1.10 0.77 0.42 0.11-0.09-0.10 0.00 0.24 0.62 0.92 1.05 1.03 0.91 0.71 0.48 0.28 0.14 0.16 0.30 0.52 0.80 1.04 1.25
 28   1.30 1.20 1.00 0.72 0.42 0.15 0.02 0.02 0.15 0.36 0.64 0.86 0.99 0.99 0.90 0.74 0.55 0.39 0.29 0.30 0.39 0.56 0.77 1.02
 29   1.21 1.22 1.14 0.96 0.72 0.48 0.28 0.13 0.12 0.22 0.41 0.63 0.82 0.93 0.97 0.94 0.81 0.67 0.53 0.42 0.40 0.47 0.60 0.77
 30   0.97 1.14 1.18 1.13 0.99 0.80 0.58 0.39 0.25 0.21 0.26 0.38 0.60 0.80 0.94 1.02 1.03 0.96 0.81 0.66 0.53 0.45 0.45 0.53
 ----------------------------------------------------------------------------------------------------------------------------
                                                                                               
 ----------------------------------------------------------------------------------------------------------------------------
 ----------------------------------------------------------------------------------------------------------------------------
                                                          SURVEY OF INDIA
                                                    MARINE GEODESY WING (G&RB)
                                                     HOURLY HEIGHTS IN METRES
  NAME OF PORT:- NANCOWRY                                                                           MONTH DECEMBER  YEAR 2022
 ----------------------------------------------------------------------------------------------------------------------------
 DAYS 0000 0001 0002 0003 0004 0005 0006 0007 0008 0009 0010 0011 0012 0013 0014 0015 0016 0017 0018 0019 0020 0021 0022 0023
 ----------------------------------------------------------------------------------------------------------------------------
  1   0.70 0.86 1.02 1.11 1.12 1.01 0.81 0.59 0.41 0.26 0.20 0.24 0.38 0.56 0.81 1.00 1.12 1.15 1.06 0.90 0.72 0.55 0.41 0.35
  2   0.39 0.53 0.72 0.93 1.10 1.15 1.07 0.89 0.64 0.42 0.24 0.16 0.18 0.33 0.56 0.82 1.09 1.24 1.28 1.16 0.94 0.70 0.48 0.32
  3   0.25 0.29 0.42 0.68 0.94 1.12 1.20 1.12 0.90 0.64 0.40 0.23 0.14 0.17 0.34 0.64 0.95 1.21 1.36 1.35 1.19 0.96 0.67 0.42
  4   0.20 0.13 0.21 0.40 0.71 1.00 1.18 1.21 1.10 0.86 0.59 0.36 0.16 0.10 0.18 0.41 0.74 1.07 1.30 1.41 1.33 1.14 0.89 0.56
  5   0.26 0.09 0.04 0.16 0.45 0.79 1.06 1.19 1.17 1.00 0.73 0.44 0.22 0.09 0.10 0.24 0.53 0.87 1.20 1.41 1.42 1.28 1.02 0.71
  6   0.38 0.10-0.03 0.00 0.16 0.50 0.84 1.10 1.18 1.10 0.89 0.60 0.34 0.14 0.05 0.12 0.32 0.65 1.00 1.28 1.41 1.40 1.20 0.95
  7   0.58 0.21-0.01-0.07 0.04 0.28 0.64 0.98 1.12 1.14 0.98 0.74 0.48 0.23 0.05 0.05 0.19 0.45 0.79 1.16 1.36 1.44 1.33 1.07
  8   0.72 0.37 0.10-0.06-0.06 0.13 0.46 0.81 1.07 1.16 1.07 0.87 0.62 0.36 0.14 0.04 0.06 0.26 0.58 0.94 1.28 1.41 1.39 1.16
  9   0.86 0.51 0.21-0.01-0.08 0.01 0.25 0.62 0.91 1.08 1.11 0.95 0.72 0.46 0.24 0.08 0.06 0.20 0.44 0.76 1.11 1.37 1.42 1.28
 10   1.02 0.70 0.38 0.10-0.04-0.02 0.15 0.43 0.77 1.01 1.11 1.04 0.85 0.62 0.40 0.20 0.10 0.13 0.30 0.60 0.92 1.25 1.38 1.34
 11   1.17 0.89 0.57 0.31 0.08 0.01 0.10 0.31 0.57 0.85 1.03 1.08 0.97 0.78 0.54 0.31 0.18 0.14 0.23 0.46 0.77 1.06 1.27 1.33
 12   1.25 1.01 0.75 0.45 0.21 0.08 0.09 0.21 0.45 0.69 0.90 1.01 0.97 0.84 0.64 0.44 0.29 0.21 0.25 0.38 0.63 0.91 1.14 1.29
 13   1.29 1.15 0.93 0.67 0.41 0.23 0.13 0.17 0.35 0.57 0.81 0.98 1.02 0.94 0.81 0.63 0.48 0.35 0.32 0.39 0.55 0.74 0.97 1.15
 14   1.23 1.20 1.03 0.83 0.62 0.40 0.26 0.25 0.31 0.45 0.63 0.83 0.96 1.00 0.95 0.84 0.71 0.59 0.50 0.49 0.55 0.68 0.84 1.01
 15   1.13 1.17 1.13 0.99 0.81 0.62 0.45 0.35 0.33 0.39 0.52 0.68 0.84 0.97 1.02 1.00 0.91 0.78 0.68 0.60 0.57 0.60 0.69 0.81
 16   0.94 1.05 1.10 1.07 0.96 0.80 0.64 0.51 0.40 0.36 0.40 0.55 0.72 0.88 1.01 1.09 1.10 1.03 0.90 0.78 0.68 0.61 0.59 0.63
 17   0.75 0.89 1.02 1.08 1.06 0.96 0.82 0.67 0.51 0.37 0.32 0.36 0.50 0.71 0.91 1.08 1.18 1.19 1.10 0.96 0.80 0.62 0.51 0.49
 18   0.55 0.68 0.86 1.02 1.11 1.11 1.03 0.87 0.71 0.53 0.39 0.35 0.40 0.55 0.79 1.04 1.25 1.39 1.40 1.28 1.08 0.87 0.65 0.46
 19   0.37 0.40 0.56 0.80 1.01 1.16 1.18 1.09 0.89 0.66 0.44 0.26 0.21 0.27 0.45 0.73 1.06 1.32 1.47 1.45 1.27 1.05 0.81 0.54
 20   0.31 0.21 0.25 0.45 0.74 1.02 1.21 1.25 1.12 0.88 0.61 0.35 0.15 0.10 0.19 0.45 0.81 1.18 1.47 1.59 1.54 1.33 1.02 0.64
 21   0.30 0.12 0.07 0.13 0.40 0.75 1.11 1.29 1.30 1.14 0.85 0.53 0.24 0.05 0.02 0.16 0.47 0.91 1.31 1.62 1.70 1.56 1.27 0.91
 22   0.49 0.15-0.05-0.07 0.09 0.43 0.83 1.19 1.36 1.32 1.10 0.78 0.44 0.15-0.02 0.00 0.17 0.52 0.99 1.39 1.64 1.68 1.53 1.25
 23   0.77 0.35 0.01-0.16-0.14 0.06 0.43 0.85 1.23 1.37 1.31 1.07 0.74 0.39 0.11-0.05-0.01 0.22 0.59 1.11 1.52 1.70 1.64 1.44
 24   1.09 0.65 0.22-0.09-0.22-0.17 0.07 0.51 0.96 1.27 1.36 1.24 0.99 0.65 0.31 0.05-0.05 0.01 0.27 0.67 1.13 1.51 1.69 1.61
 25   1.37 0.93 0.49 0.09-0.16-0.25-0.15 0.14 0.55 0.99 1.25 1.29 1.16 0.93 0.61 0.29 0.07 0.05 0.15 0.38 0.78 1.21 1.54 1.62
 26   1.51 1.23 0.85 0.43 0.09-0.12-0.17-0.03 0.26 0.67 1.02 1.22 1.22 1.08 0.87 0.60 0.32 0.13 0.12 0.29 0.55 0.91 1.30 1.55
 27   1.55 1.39 1.11 0.77 0.41 0.11-0.08-0.06 0.12 0.41 0.77 1.05 1.19 1.17 1.03 0.83 0.60 0.38 0.25 0.25 0.38 0.64 0.95 1.24
 28   1.39 1.37 1.22 0.97 0.67 0.37 0.12 0.04 0.10 0.26 0.51 0.82 1.01 1.12 1.11 0.99 0.82 0.63 0.45 0.36 0.36 0.45 0.66 0.90
 29   1.11 1.23 1.20 1.06 0.85 0.62 0.37 0.19 0.13 0.21 0.38 0.61 0.87 1.05 1.14 1.13 1.02 0.84 0.65 0.49 0.41 0.40 0.49 0.63
 30   0.83 0.99 1.10 1.13 1.09 0.98 0.79 0.59 0.41 0.28 0.25 0.31 0.45 0.65 0.85 1.02 1.11 1.11 1.01 0.86 0.71 0.57 0.48 0.45
 31   0.00 0.00 0.00 0.00 0.00 0.00 0.00 0.00 0.00 0.00 0.00 0.00 0.00 0.00 0.00 0.00 0.00 0.00 0.00 0.00 0.00 0.00 0.00 0.00
 ----------------------------------------------------------------------------------------------------------------------------
                                                                                               
 ----------------------------------------------------------------------------------------------------------------------------
 ----------------------------------------------------------------------------------------------------------------------------
