                                                          SURVEY OF INDIA
                                                    MARINE GEODESY WING (G&RB)
                                                     HOURLY HEIGHTS IN METRES
  NAME OF PORT:- NANCOWRY                                                                           MONTH JANUARY   YEAR 2020
 ----------------------------------------------------------------------------------------------------------------------------
 DAYS 0000 0001 0002 0003 0004 0005 0006 0007 0008 0009 0010 0011 0012 0013 0014 0015 0016 0017 0018 0019 0020 0021 0022 0023
 ----------------------------------------------------------------------------------------------------------------------------
  1   1.26 1.17 0.97 0.70 0.43 0.24 0.11 0.11 0.23 0.43 0.68 0.91 1.04 1.02 0.91 0.74 0.55 0.40 0.31 0.32 0.41 0.60 0.82 1.01
  2   1.12 1.11 0.98 0.78 0.56 0.35 0.21 0.16 0.21 0.35 0.54 0.76 0.92 0.98 0.95 0.84 0.69 0.54 0.43 0.38 0.41 0.51 0.64 0.80
  3   0.94 1.00 0.97 0.86 0.68 0.49 0.33 0.24 0.23 0.29 0.42 0.60 0.77 0.91 0.97 0.94 0.85 0.72 0.59 0.50 0.46 0.48 0.54 0.64
  4   0.76 0.86 0.90 0.88 0.79 0.66 0.50 0.37 0.31 0.30 0.35 0.47 0.63 0.78 0.90 0.97 0.96 0.89 0.78 0.66 0.55 0.48 0.46 0.49
  5   0.58 0.69 0.79 0.86 0.86 0.79 0.68 0.55 0.42 0.35 0.33 0.37 0.47 0.62 0.79 0.94 1.03 1.04 0.97 0.84 0.69 0.54 0.43 0.37
  6   0.38 0.45 0.57 0.70 0.80 0.84 0.81 0.70 0.55 0.40 0.30 0.26 0.28 0.38 0.54 0.74 0.91 1.03 1.07 1.02 0.86 0.66 0.46 0.30
  7   0.23 0.24 0.32 0.47 0.64 0.80 0.88 0.85 0.73 0.56 0.40 0.27 0.21 0.24 0.37 0.58 0.81 1.05 1.22 1.23 1.11 0.91 0.64 0.41
  8   0.22 0.14 0.16 0.28 0.48 0.70 0.90 0.99 0.92 0.76 0.55 0.35 0.19 0.13 0.20 0.38 0.63 0.92 1.18 1.32 1.31 1.12 0.84 0.52
  9   0.24 0.06 0.00 0.08 0.27 0.53 0.80 1.00 1.06 0.98 0.74 0.49 0.25 0.09 0.06 0.15 0.38 0.68 1.02 1.28 1.40 1.36 1.10 0.76
 10   0.40 0.12-0.04-0.07 0.07 0.32 0.63 0.94 1.14 1.17 0.99 0.70 0.40 0.15 0.02 0.03 0.17 0.46 0.82 1.18 1.46 1.53 1.37 1.04
 11   0.62 0.25-0.04-0.16-0.11 0.10 0.40 0.76 1.06 1.19 1.14 0.92 0.61 0.30 0.06-0.05-0.01 0.21 0.56 0.97 1.35 1.56 1.53 1.30
 12   0.92 0.49 0.12-0.11-0.19-0.09 0.18 0.55 0.91 1.22 1.30 1.15 0.88 0.55 0.24 0.02-0.05 0.06 0.34 0.72 1.14 1.49 1.62 1.50
 13   1.16 0.75 0.32 0.02-0.19-0.19-0.02 0.28 0.64 0.99 1.24 1.26 1.08 0.77 0.43 0.15-0.03-0.06 0.09 0.39 0.79 1.17 1.46 1.54
 14   1.37 1.02 0.62 0.24-0.05-0.19-0.17 0.03 0.34 0.72 1.04 1.22 1.21 1.00 0.70 0.39 0.15 0.03 0.05 0.24 0.54 0.92 1.25 1.45
 15   1.47 1.24 0.88 0.50 0.16-0.07-0.17-0.11 0.12 0.47 0.80 1.08 1.21 1.13 0.90 0.63 0.37 0.18 0.07 0.10 0.29 0.58 0.90 1.18
 16   1.31 1.27 1.04 0.70 0.36 0.07-0.12-0.12-0.01 0.21 0.50 0.87 1.11 1.18 1.10 0.90 0.66 0.42 0.25 0.20 0.23 0.40 0.64 0.89
 17   1.10 1.20 1.15 0.94 0.67 0.41 0.18 0.05 0.02 0.13 0.34 0.61 0.88 1.06 1.13 1.05 0.88 0.67 0.46 0.31 0.26 0.30 0.43 0.61
 18   0.81 0.98 1.06 1.02 0.85 0.62 0.39 0.21 0.11 0.10 0.20 0.40 0.63 0.86 1.04 1.10 1.04 0.89 0.71 0.53 0.39 0.31 0.32 0.40
 19   0.54 0.70 0.85 0.93 0.91 0.81 0.64 0.47 0.32 0.22 0.20 0.25 0.41 0.62 0.82 1.01 1.10 1.08 0.98 0.82 0.64 0.47 0.36 0.32
 20   0.35 0.44 0.58 0.74 0.86 0.88 0.82 0.71 0.56 0.40 0.27 0.23 0.27 0.40 0.59 0.82 1.03 1.14 1.15 1.06 0.88 0.67 0.45 0.28
 21   0.20 0.21 0.30 0.48 0.69 0.88 0.93 0.90 0.78 0.60 0.42 0.27 0.20 0.22 0.33 0.53 0.79 1.05 1.19 1.22 1.13 0.94 0.68 0.42
 22   0.23 0.13 0.14 0.24 0.44 0.67 0.90 1.00 0.97 0.83 0.62 0.40 0.22 0.12 0.14 0.28 0.51 0.80 1.09 1.26 1.29 1.15 0.90 0.60
 23   0.30 0.10 0.02 0.07 0.23 0.49 0.76 1.00 1.09 1.03 0.84 0.60 0.34 0.16 0.09 0.14 0.31 0.60 0.92 1.24 1.39 1.37 1.16 0.84
 24   0.50 0.21 0.02-0.04 0.05 0.27 0.56 0.86 1.08 1.14 0.99 0.74 0.49 0.24 0.08 0.04 0.14 0.38 0.70 1.06 1.34 1.43 1.30 1.03
 25   0.68 0.33 0.06-0.09-0.08 0.08 0.36 0.70 1.02 1.15 1.13 0.93 0.66 0.37 0.14 0.02 0.04 0.25 0.55 0.90 1.26 1.47 1.44 1.22
 26   0.88 0.53 0.20-0.03-0.10-0.03 0.21 0.53 0.91 1.16 1.21 1.09 0.87 0.56 0.28 0.08 0.02 0.12 0.36 0.69 1.07 1.35 1.43 1.33
 27   1.07 0.73 0.36 0.06-0.09-0.09 0.05 0.34 0.67 0.99 1.17 1.13 0.96 0.68 0.38 0.12 0.00 0.03 0.19 0.48 0.85 1.21 1.40 1.38
 28   1.17 0.87 0.53 0.18-0.04-0.10-0.02 0.20 0.53 0.88 1.10 1.18 1.08 0.86 0.57 0.28 0.09 0.02 0.10 0.33 0.65 1.00 1.26 1.34
 29   1.22 0.96 0.62 0.28 0.04-0.07-0.05 0.12 0.41 0.74 1.03 1.16 1.12 0.96 0.70 0.44 0.21 0.06 0.08 0.22 0.46 0.79 1.08 1.24
 30   1.20 1.04 0.79 0.48 0.20 0.00-0.03 0.07 0.29 0.58 0.88 1.10 1.16 1.06 0.86 0.62 0.39 0.21 0.15 0.22 0.39 0.64 0.92 1.14
 31   1.19 1.09 0.87 0.60 0.34 0.13 0.02 0.05 0.20 0.44 0.72 0.97 1.10 1.08 0.94 0.74 0.52 0.34 0.22 0.22 0.33 0.51 0.73 0.94
 ----------------------------------------------------------------------------------------------------------------------------
                                                                                               
 ----------------------------------------------------------------------------------------------------------------------------
 ----------------------------------------------------------------------------------------------------------------------------
                                                          SURVEY OF INDIA
                                                    MARINE GEODESY WING (G&RB)
                                                     HOURLY HEIGHTS IN METRES
  NAME OF PORT:- NANCOWRY                                                                           MONTH FEBRUARY  YEAR 2020
 ----------------------------------------------------------------------------------------------------------------------------
 DAYS 0000 0001 0002 0003 0004 0005 0006 0007 0008 0009 0010 0011 0012 0013 0014 0015 0016 0017 0018 0019 0020 0021 0022 0023
 ----------------------------------------------------------------------------------------------------------------------------
  1   1.08 1.06 0.93 0.72 0.50 0.29 0.16 0.14 0.22 0.38 0.61 0.85 1.02 1.05 0.99 0.85 0.68 0.50 0.37 0.32 0.34 0.44 0.59 0.77
  2   0.90 0.94 0.90 0.78 0.60 0.42 0.27 0.20 0.21 0.30 0.46 0.65 0.82 0.94 0.96 0.92 0.81 0.66 0.52 0.43 0.39 0.40 0.47 0.58
  3   0.70 0.79 0.82 0.80 0.68 0.54 0.41 0.31 0.27 0.29 0.38 0.51 0.65 0.79 0.90 0.95 0.94 0.86 0.74 0.62 0.51 0.43 0.40 0.43
  4   0.50 0.59 0.68 0.74 0.74 0.68 0.59 0.50 0.42 0.36 0.35 0.39 0.49 0.63 0.78 0.92 0.99 1.00 0.93 0.81 0.67 0.53 0.41 0.35
  5   0.34 0.39 0.49 0.62 0.74 0.81 0.81 0.73 0.61 0.48 0.37 0.31 0.32 0.40 0.55 0.74 0.93 1.07 1.12 1.07 0.93 0.74 0.53 0.34
  6   0.23 0.21 0.26 0.40 0.58 0.77 0.90 0.92 0.83 0.67 0.48 0.32 0.23 0.23 0.33 0.50 0.74 1.00 1.18 1.24 1.16 0.97 0.71 0.45
  7   0.22 0.09 0.07 0.18 0.38 0.63 0.88 1.04 1.04 0.91 0.68 0.44 0.22 0.10 0.11 0.23 0.46 0.77 1.09 1.32 1.39 1.27 1.02 0.68
  8   0.33 0.07-0.06-0.05 0.11 0.39 0.69 0.99 1.15 1.14 0.93 0.66 0.39 0.14 0.00 0.01 0.19 0.49 0.88 1.26 1.50 1.52 1.30 0.94
  9   0.52 0.15-0.11-0.21-0.14 0.09 0.43 0.80 1.15 1.28 1.19 0.92 0.59 0.25 0.01-0.09-0.02 0.21 0.62 1.05 1.45 1.62 1.53 1.24
 10   0.80 0.36-0.03-0.26-0.32-0.17 0.14 0.57 0.99 1.32 1.38 1.21 0.89 0.50 0.17-0.05-0.12 0.01 0.32 0.79 1.25 1.58 1.67 1.49
 11   1.13 0.70 0.26-0.11-0.31-0.30-0.07 0.31 0.75 1.19 1.45 1.42 1.18 0.81 0.42 0.10-0.11-0.12 0.07 0.44 0.89 1.34 1.61 1.61
 12   1.36 0.98 0.54 0.11-0.20-0.34-0.25 0.02 0.47 0.92 1.30 1.48 1.37 1.09 0.73 0.36 0.06-0.09-0.05 0.18 0.54 0.98 1.38 1.56
 13   1.48 1.20 0.79 0.37 0.01-0.23-0.30-0.12 0.21 0.65 1.04 1.36 1.43 1.26 0.98 0.64 0.32 0.07-0.04 0.05 0.26 0.59 0.96 1.26
 14   1.39 1.27 0.99 0.63 0.27-0.02-0.16-0.12 0.06 0.36 0.73 1.10 1.33 1.30 1.12 0.85 0.54 0.26 0.07 0.02 0.11 0.31 0.62 0.92
 15   1.13 1.19 1.07 0.80 0.48 0.21 0.01-0.04 0.02 0.21 0.49 0.80 1.07 1.20 1.16 0.98 0.72 0.47 0.26 0.13 0.11 0.19 0.38 0.64
 16   0.85 0.97 0.97 0.84 0.64 0.39 0.21 0.10 0.08 0.17 0.34 0.54 0.76 0.94 1.04 1.02 0.88 0.69 0.51 0.36 0.26 0.22 0.26 0.36
 17   0.49 0.63 0.74 0.76 0.69 0.57 0.43 0.31 0.25 0.24 0.27 0.37 0.52 0.68 0.82 0.91 0.91 0.85 0.74 0.60 0.47 0.35 0.28 0.27
 18   0.30 0.38 0.48 0.59 0.66 0.67 0.64 0.55 0.44 0.34 0.28 0.28 0.34 0.45 0.59 0.74 0.86 0.93 0.93 0.86 0.71 0.55 0.38 0.27
 19   0.22 0.22 0.29 0.41 0.54 0.66 0.73 0.74 0.66 0.52 0.38 0.29 0.26 0.28 0.39 0.55 0.73 0.91 1.02 1.02 0.92 0.73 0.52 0.31
 20   0.14 0.06 0.08 0.19 0.37 0.56 0.73 0.83 0.83 0.71 0.53 0.34 0.20 0.14 0.17 0.32 0.52 0.77 0.99 1.13 1.13 0.98 0.74 0.46
 21   0.20 0.01-0.06-0.02 0.14 0.37 0.61 0.83 0.92 0.90 0.73 0.48 0.26 0.10 0.05 0.13 0.31 0.56 0.86 1.11 1.22 1.16 0.92 0.63
 22   0.32 0.06-0.09-0.11 0.03 0.27 0.55 0.85 1.05 1.06 0.90 0.66 0.39 0.17 0.02 0.02 0.16 0.41 0.74 1.07 1.30 1.35 1.18 0.88
 23   0.51 0.19-0.04-0.15-0.10 0.10 0.42 0.76 1.05 1.16 1.10 0.86 0.56 0.28 0.06-0.04 0.01 0.22 0.55 0.92 1.25 1.40 1.33 1.08
 24   0.74 0.37 0.06-0.14-0.17-0.01 0.28 0.62 0.96 1.16 1.21 1.04 0.77 0.45 0.18 0.00-0.03 0.11 0.38 0.73 1.08 1.32 1.39 1.24
 25   0.92 0.54 0.19-0.06-0.14-0.06 0.17 0.51 0.87 1.17 1.30 1.22 0.98 0.62 0.30 0.06-0.03 0.05 0.28 0.61 0.96 1.27 1.43 1.34
 26   1.09 0.72 0.36 0.07-0.09-0.08 0.10 0.38 0.74 1.06 1.26 1.28 1.10 0.79 0.45 0.17 0.00-0.03 0.12 0.40 0.77 1.12 1.33 1.34
 27   1.19 0.87 0.50 0.18-0.03-0.10 0.03 0.28 0.63 1.00 1.27 1.36 1.25 0.96 0.63 0.34 0.12 0.03 0.12 0.34 0.64 1.00 1.27 1.36
 28   1.24 0.98 0.65 0.34 0.10-0.03 0.05 0.26 0.55 0.91 1.22 1.38 1.29 1.09 0.80 0.50 0.24 0.09 0.12 0.27 0.51 0.82 1.11 1.29
 29   1.25 1.06 0.77 0.47 0.22 0.05 0.03 0.17 0.41 0.72 1.04 1.24 1.28 1.16 0.93 0.63 0.38 0.19 0.14 0.20 0.41 0.66 0.92 1.13
 ----------------------------------------------------------------------------------------------------------------------------
                                                                                              
 ----------------------------------------------------------------------------------------------------------------------------
 ----------------------------------------------------------------------------------------------------------------------------
                                                          SURVEY OF INDIA
                                                    MARINE GEODESY WING (G&RB)
                                                     HOURLY HEIGHTS IN METRES
  NAME OF PORT:- NANCOWRY                                                                           MONTH MARCH     YEAR 2020
 ----------------------------------------------------------------------------------------------------------------------------
 DAYS 0000 0001 0002 0003 0004 0005 0006 0007 0008 0009 0010 0011 0012 0013 0014 0015 0016 0017 0018 0019 0020 0021 0022 0023
 ----------------------------------------------------------------------------------------------------------------------------
  1   1.18 1.10 0.84 0.57 0.33 0.15 0.09 0.17 0.37 0.63 0.93 1.16 1.24 1.17 1.00 0.78 0.56 0.35 0.23 0.22 0.34 0.54 0.76 0.94
  2   1.03 0.98 0.83 0.63 0.42 0.27 0.21 0.23 0.35 0.56 0.78 0.98 1.10 1.10 1.01 0.85 0.67 0.51 0.38 0.31 0.33 0.44 0.60 0.75
  3   0.85 0.87 0.82 0.72 0.58 0.44 0.34 0.30 0.33 0.43 0.58 0.74 0.89 0.97 0.98 0.92 0.81 0.69 0.57 0.47 0.41 0.41 0.46 0.55
  4   0.65 0.74 0.77 0.75 0.68 0.59 0.50 0.43 0.40 0.41 0.47 0.56 0.67 0.79 0.88 0.92 0.91 0.85 0.76 0.66 0.56 0.48 0.43 0.42
  5   0.45 0.52 0.61 0.69 0.73 0.73 0.70 0.63 0.54 0.47 0.44 0.44 0.48 0.57 0.70 0.85 0.97 1.02 1.00 0.92 0.78 0.61 0.44 0.30
  6   0.23 0.25 0.35 0.50 0.68 0.81 0.88 0.85 0.76 0.62 0.47 0.34 0.28 0.32 0.44 0.63 0.85 1.04 1.15 1.16 1.04 0.84 0.60 0.36
  7   0.16 0.08 0.11 0.28 0.54 0.80 0.99 1.06 0.99 0.83 0.62 0.40 0.20 0.10 0.14 0.30 0.58 0.92 1.21 1.36 1.35 1.17 0.88 0.55
  8   0.22-0.02-0.09-0.01 0.22 0.57 0.94 1.16 1.22 1.11 0.88 0.58 0.30 0.10 0.01 0.08 0.31 0.64 1.08 1.42 1.56 1.48 1.21 0.85
  9   0.42 0.06-0.17-0.21-0.06 0.24 0.68 1.09 1.35 1.40 1.25 0.94 0.58 0.23 0.00-0.09 0.03 0.32 0.71 1.21 1.54 1.65 1.52 1.18
 10   0.70 0.24-0.11-0.30-0.28-0.03 0.37 0.88 1.35 1.59 1.53 1.28 0.90 0.47 0.11-0.08-0.11 0.06 0.44 0.91 1.40 1.71 1.74 1.51
 11   1.08 0.60 0.14-0.16-0.30-0.19 0.11 0.60 1.08 1.49 1.64 1.54 1.24 0.82 0.39 0.08-0.11-0.06 0.16 0.55 1.05 1.49 1.72 1.61
 12   1.30 0.87 0.38-0.03-0.26-0.30-0.10 0.25 0.78 1.27 1.57 1.61 1.41 1.07 0.64 0.26-0.02-0.14-0.11 0.20 0.64 1.07 1.44 1.57
 13   1.44 1.08 0.65 0.24-0.06-0.22-0.17 0.10 0.51 0.96 1.37 1.57 1.51 1.26 0.89 0.50 0.19 0.01-0.02 0.12 0.42 0.80 1.12 1.36
 14   1.38 1.16 0.86 0.52 0.20-0.01-0.05 0.07 0.37 0.74 1.13 1.40 1.46 1.34 1.08 0.78 0.45 0.22 0.10 0.11 0.26 0.52 0.85 1.13
 15   1.22 1.15 0.94 0.68 0.42 0.21 0.11 0.12 0.28 0.52 0.82 1.10 1.26 1.25 1.10 0.89 0.65 0.41 0.26 0.21 0.23 0.37 0.59 0.81
 16   0.98 1.01 0.94 0.77 0.58 0.42 0.30 0.26 0.29 0.41 0.60 0.81 1.01 1.11 1.07 0.94 0.78 0.60 0.45 0.34 0.29 0.31 0.39 0.52
 17   0.65 0.75 0.80 0.76 0.66 0.55 0.45 0.39 0.38 0.41 0.49 0.61 0.73 0.84 0.92 0.93 0.87 0.77 0.66 0.55 0.46 0.40 0.38 0.41
 18   0.47 0.54 0.61 0.66 0.68 0.67 0.64 0.60 0.56 0.52 0.49 0.50 0.57 0.66 0.76 0.84 0.90 0.92 0.89 0.81 0.70 0.57 0.45 0.37
 19   0.34 0.37 0.44 0.55 0.67 0.77 0.82 0.81 0.75 0.65 0.55 0.47 0.44 0.47 0.55 0.68 0.83 0.98 1.07 1.06 0.95 0.78 0.59 0.41
 20   0.29 0.25 0.28 0.40 0.56 0.74 0.88 0.96 0.95 0.83 0.66 0.49 0.38 0.35 0.38 0.50 0.69 0.91 1.10 1.20 1.17 1.02 0.79 0.53
 21   0.29 0.15 0.12 0.20 0.37 0.62 0.88 1.06 1.10 1.01 0.81 0.59 0.41 0.28 0.25 0.33 0.52 0.78 1.08 1.30 1.33 1.20 0.94 0.66
 22   0.36 0.14 0.04 0.07 0.24 0.53 0.83 1.10 1.24 1.16 0.96 0.71 0.46 0.22 0.12 0.18 0.37 0.64 0.93 1.22 1.38 1.33 1.10 0.79
 23   0.49 0.21 0.06 0.02 0.16 0.42 0.74 1.05 1.25 1.29 1.14 0.86 0.56 0.28 0.11 0.06 0.18 0.41 0.76 1.08 1.36 1.45 1.32 1.00
 24   0.62 0.30 0.05-0.03-0.01 0.25 0.59 0.95 1.27 1.40 1.32 1.08 0.74 0.40 0.15 0.05 0.09 0.28 0.60 1.00 1.33 1.48 1.42 1.17
 25   0.80 0.43 0.12-0.03-0.02 0.14 0.43 0.82 1.18 1.43 1.43 1.22 0.90 0.54 0.24 0.06 0.01 0.14 0.40 0.76 1.15 1.41 1.42 1.22
 26   0.90 0.53 0.21-0.02-0.09 0.03 0.30 0.66 1.09 1.38 1.48 1.36 1.08 0.70 0.36 0.11 0.00 0.04 0.25 0.56 0.94 1.29 1.42 1.31
 27   1.02 0.68 0.34 0.08-0.04 0.00 0.23 0.57 0.93 1.33 1.53 1.46 1.20 0.86 0.52 0.21 0.04 0.02 0.15 0.40 0.74 1.09 1.32 1.32
 28   1.14 0.84 0.50 0.21 0.05 0.02 0.16 0.43 0.77 1.12 1.39 1.46 1.29 1.01 0.67 0.35 0.12 0.04 0.10 0.30 0.57 0.90 1.18 1.30
 29   1.19 0.94 0.64 0.35 0.13 0.04 0.11 0.33 0.64 0.94 1.26 1.40 1.35 1.16 0.86 0.57 0.30 0.14 0.13 0.26 0.47 0.73 1.02 1.17
 30   1.18 1.01 0.76 0.50 0.28 0.14 0.14 0.27 0.50 0.77 1.06 1.26 1.30 1.17 0.93 0.67 0.44 0.26 0.19 0.24 0.38 0.58 0.81 0.99
 31   1.06 0.99 0.82 0.62 0.42 0.29 0.24 0.27 0.42 0.65 0.90 1.11 1.22 1.19 1.05 0.85 0.65 0.47 0.35 0.30 0.35 0.47 0.63 0.80
 ----------------------------------------------------------------------------------------------------------------------------
                                                                                               
 ----------------------------------------------------------------------------------------------------------------------------
 ----------------------------------------------------------------------------------------------------------------------------
                                                          SURVEY OF INDIA
                                                    MARINE GEODESY WING (G&RB)
                                                     HOURLY HEIGHTS IN METRES
  NAME OF PORT:- NANCOWRY                                                                           MONTH APRIL     YEAR 2020
 ----------------------------------------------------------------------------------------------------------------------------
 DAYS 0000 0001 0002 0003 0004 0005 0006 0007 0008 0009 0010 0011 0012 0013 0014 0015 0016 0017 0018 0019 0020 0021 0022 0023
 ----------------------------------------------------------------------------------------------------------------------------
  1   0.92 0.96 0.88 0.74 0.58 0.45 0.36 0.34 0.39 0.50 0.67 0.85 1.02 1.09 1.06 0.96 0.82 0.67 0.53 0.43 0.40 0.42 0.48 0.57
  2   0.67 0.76 0.79 0.77 0.70 0.61 0.52 0.46 0.45 0.48 0.56 0.67 0.79 0.90 0.99 1.02 0.98 0.88 0.76 0.63 0.51 0.42 0.38 0.38
  3   0.43 0.54 0.66 0.75 0.80 0.80 0.75 0.67 0.59 0.52 0.47 0.46 0.51 0.63 0.77 0.90 0.99 1.02 0.98 0.87 0.72 0.54 0.37 0.26
  4   0.25 0.30 0.43 0.62 0.80 0.95 1.01 0.95 0.83 0.68 0.53 0.41 0.38 0.42 0.55 0.74 0.96 1.14 1.23 1.20 1.01 0.78 0.50 0.26
  5   0.12 0.08 0.17 0.38 0.65 0.91 1.11 1.19 1.10 0.89 0.66 0.44 0.26 0.20 0.25 0.44 0.72 1.03 1.28 1.38 1.31 1.08 0.72 0.39
  6   0.12-0.03-0.04 0.11 0.40 0.75 1.08 1.32 1.38 1.22 0.93 0.61 0.31 0.13 0.08 0.18 0.42 0.80 1.16 1.44 1.55 1.38 1.03 0.61
  7   0.24-0.03-0.17-0.11 0.14 0.52 0.96 1.36 1.58 1.51 1.25 0.88 0.50 0.17-0.02-0.02 0.14 0.47 0.90 1.35 1.65 1.60 1.35 0.96
  8   0.49 0.09-0.17-0.24-0.10 0.23 0.70 1.20 1.58 1.68 1.53 1.22 0.79 0.36 0.03-0.13-0.07 0.16 0.57 1.01 1.42 1.65 1.55 1.24
  9   0.78 0.33-0.02-0.24-0.24-0.03 0.37 0.87 1.32 1.63 1.68 1.46 1.08 0.62 0.22-0.06-0.17-0.06 0.24 0.67 1.09 1.44 1.59 1.45
 10   1.04 0.58 0.18-0.12-0.26-0.17 0.11 0.56 1.05 1.47 1.65 1.58 1.32 0.92 0.49 0.11-0.11-0.17 0.00 0.33 0.77 1.16 1.42 1.46
 11   1.21 0.85 0.47 0.12-0.09-0.14 0.01 0.34 0.79 1.22 1.54 1.62 1.44 1.13 0.74 0.37 0.07-0.08-0.07 0.12 0.46 0.83 1.19 1.34
 12   1.26 1.04 0.72 0.40 0.15 0.00 0.03 0.23 0.54 0.92 1.28 1.46 1.42 1.22 0.93 0.62 0.32 0.10 0.03 0.10 0.29 0.56 0.88 1.09
 13   1.13 1.03 0.82 0.58 0.37 0.23 0.18 0.26 0.46 0.70 1.01 1.27 1.34 1.26 1.07 0.81 0.56 0.34 0.22 0.19 0.26 0.42 0.64 0.85
 14   0.99 1.00 0.89 0.73 0.57 0.43 0.35 0.35 0.42 0.57 0.75 0.96 1.10 1.14 1.08 0.94 0.75 0.57 0.42 0.33 0.32 0.38 0.49 0.64
 15   0.78 0.84 0.82 0.76 0.67 0.58 0.50 0.46 0.46 0.51 0.62 0.76 0.88 0.96 0.96 0.91 0.82 0.71 0.59 0.48 0.39 0.34 0.35 0.41
 16   0.50 0.61 0.68 0.71 0.71 0.69 0.65 0.59 0.53 0.50 0.51 0.56 0.64 0.74 0.83 0.90 0.92 0.90 0.83 0.72 0.60 0.47 0.37 0.32
 17   0.34 0.41 0.52 0.64 0.75 0.82 0.84 0.80 0.71 0.62 0.54 0.49 0.49 0.54 0.65 0.78 0.90 0.99 1.00 0.94 0.82 0.65 0.47 0.33
 18   0.26 0.27 0.36 0.52 0.70 0.87 0.98 0.99 0.90 0.75 0.59 0.45 0.37 0.37 0.44 0.58 0.78 0.95 1.07 1.10 1.00 0.80 0.58 0.39
 19   0.24 0.16 0.21 0.37 0.58 0.84 1.05 1.14 1.09 0.92 0.71 0.49 0.31 0.23 0.24 0.38 0.61 0.86 1.07 1.17 1.13 0.96 0.70 0.44
 20   0.23 0.11 0.11 0.25 0.48 0.76 1.02 1.20 1.21 1.08 0.86 0.59 0.36 0.20 0.15 0.23 0.42 0.72 0.99 1.21 1.27 1.15 0.90 0.58
 21   0.29 0.10 0.04 0.12 0.31 0.61 0.93 1.19 1.33 1.25 1.03 0.74 0.46 0.20 0.09 0.13 0.28 0.54 0.87 1.15 1.30 1.25 1.02 0.73
 22   0.40 0.16 0.04 0.04 0.19 0.48 0.83 1.16 1.37 1.38 1.21 0.92 0.60 0.30 0.12 0.06 0.14 0.36 0.71 1.02 1.26 1.33 1.17 0.91
 23   0.58 0.25 0.09 0.03 0.12 0.36 0.71 1.07 1.38 1.50 1.40 1.11 0.76 0.41 0.16 0.03 0.04 0.21 0.50 0.88 1.21 1.40 1.32 1.09
 24   0.74 0.42 0.16 0.03 0.04 0.22 0.53 0.94 1.30 1.49 1.44 1.24 0.93 0.56 0.24 0.04 0.00 0.11 0.35 0.69 1.07 1.32 1.36 1.17
 25   0.87 0.52 0.23 0.03 0.01 0.12 0.40 0.77 1.18 1.43 1.50 1.39 1.09 0.74 0.38 0.12 0.00 0.03 0.18 0.49 0.81 1.10 1.26 1.16
 26   0.92 0.62 0.34 0.12 0.01 0.07 0.26 0.58 0.98 1.30 1.45 1.39 1.18 0.88 0.53 0.25 0.04 0.01 0.10 0.34 0.66 0.99 1.19 1.20
 27   1.02 0.77 0.47 0.23 0.08 0.07 0.18 0.46 0.77 1.10 1.38 1.42 1.28 1.02 0.69 0.40 0.18 0.06 0.10 0.26 0.49 0.78 1.02 1.11
 28   1.02 0.83 0.61 0.38 0.20 0.12 0.15 0.30 0.58 0.90 1.16 1.28 1.25 1.12 0.87 0.60 0.37 0.20 0.14 0.18 0.34 0.56 0.81 0.99
 29   1.00 0.91 0.72 0.51 0.34 0.24 0.21 0.29 0.46 0.69 0.96 1.16 1.23 1.17 0.98 0.77 0.55 0.36 0.22 0.18 0.24 0.39 0.59 0.76
 30   0.86 0.87 0.78 0.65 0.51 0.38 0.31 0.31 0.39 0.53 0.71 0.90 1.04 1.08 1.03 0.91 0.75 0.58 0.41 0.29 0.26 0.30 0.40 0.53
 ----------------------------------------------------------------------------------------------------------------------------
                                                                                               
 ----------------------------------------------------------------------------------------------------------------------------
 ----------------------------------------------------------------------------------------------------------------------------
                                                          SURVEY OF INDIA
                                                    MARINE GEODESY WING (G&RB)
                                                     HOURLY HEIGHTS IN METRES
  NAME OF PORT:- NANCOWRY                                                                           MONTH MAY       YEAR 2020
 ----------------------------------------------------------------------------------------------------------------------------
 DAYS 0000 0001 0002 0003 0004 0005 0006 0007 0008 0009 0010 0011 0012 0013 0014 0015 0016 0017 0018 0019 0020 0021 0022 0023
 ----------------------------------------------------------------------------------------------------------------------------
  1   0.68 0.78 0.81 0.78 0.70 0.61 0.53 0.47 0.45 0.48 0.57 0.69 0.82 0.95 1.04 1.05 0.97 0.84 0.68 0.53 0.40 0.32 0.31 0.36
  2   0.47 0.60 0.74 0.83 0.85 0.83 0.76 0.65 0.55 0.48 0.45 0.47 0.55 0.68 0.84 0.99 1.06 1.05 0.95 0.78 0.58 0.39 0.25 0.19
  3   0.22 0.35 0.54 0.74 0.93 1.02 1.02 0.92 0.77 0.61 0.47 0.39 0.38 0.45 0.61 0.81 1.02 1.16 1.16 1.05 0.84 0.56 0.31 0.13
  4   0.06 0.12 0.28 0.53 0.83 1.10 1.25 1.23 1.06 0.83 0.58 0.35 0.23 0.21 0.32 0.53 0.80 1.08 1.29 1.28 1.12 0.83 0.51 0.20
  5   0.00-0.06 0.04 0.28 0.60 1.00 1.30 1.40 1.33 1.12 0.82 0.49 0.23 0.07 0.08 0.24 0.52 0.90 1.24 1.42 1.33 1.10 0.80 0.43
  6   0.06-0.14-0.16-0.02 0.31 0.73 1.17 1.44 1.51 1.38 1.10 0.73 0.35 0.07-0.06-0.03 0.16 0.52 0.92 1.26 1.43 1.33 1.08 0.70
  7   0.27-0.03-0.21-0.23 0.04 0.43 0.90 1.37 1.61 1.61 1.41 1.02 0.58 0.20-0.09-0.19-0.11 0.15 0.54 0.95 1.31 1.42 1.27 0.95
  8   0.51 0.14-0.11-0.24-0.16 0.12 0.56 1.03 1.43 1.61 1.52 1.24 0.84 0.36 0.00-0.22-0.28-0.12 0.20 0.62 1.01 1.27 1.30 1.10
  9   0.75 0.37 0.05-0.16-0.18-0.06 0.28 0.70 1.14 1.48 1.56 1.41 1.10 0.70 0.26-0.05-0.20-0.21-0.01 0.31 0.71 1.06 1.27 1.21
 10   1.00 0.70 0.31 0.02-0.09-0.08 0.11 0.44 0.84 1.24 1.46 1.48 1.30 0.99 0.57 0.22-0.04-0.14-0.07 0.16 0.48 0.80 1.07 1.16
 11   1.10 0.84 0.55 0.27 0.10 0.04 0.11 0.34 0.65 1.03 1.33 1.42 1.34 1.11 0.77 0.46 0.19 0.04 0.02 0.13 0.33 0.61 0.89 1.05
 12   1.06 0.94 0.73 0.50 0.30 0.18 0.17 0.30 0.52 0.80 1.10 1.27 1.28 1.18 0.96 0.70 0.43 0.23 0.13 0.14 0.25 0.44 0.68 0.86
 13   0.92 0.90 0.79 0.64 0.50 0.38 0.31 0.34 0.48 0.66 0.84 1.02 1.13 1.12 1.01 0.84 0.64 0.46 0.30 0.23 0.25 0.35 0.50 0.66
 14   0.78 0.82 0.80 0.73 0.64 0.54 0.45 0.41 0.43 0.52 0.66 0.80 0.93 1.00 1.00 0.94 0.82 0.68 0.55 0.43 0.36 0.36 0.41 0.50
 15   0.60 0.70 0.78 0.81 0.78 0.72 0.66 0.61 0.57 0.57 0.62 0.70 0.80 0.90 0.98 1.00 0.98 0.89 0.76 0.63 0.52 0.44 0.40 0.41
 16   0.49 0.61 0.73 0.85 0.92 0.91 0.84 0.76 0.68 0.62 0.59 0.59 0.63 0.71 0.82 0.94 1.01 1.02 0.96 0.84 0.68 0.52 0.40 0.37
 17   0.40 0.49 0.62 0.79 0.95 1.04 1.06 0.99 0.87 0.72 0.59 0.51 0.49 0.53 0.65 0.80 0.95 1.06 1.10 1.05 0.91 0.70 0.51 0.36
 18   0.32 0.36 0.49 0.71 0.94 1.13 1.20 1.18 1.06 0.90 0.72 0.56 0.46 0.44 0.51 0.67 0.87 1.05 1.16 1.14 1.01 0.82 0.60 0.38
 19   0.24 0.23 0.34 0.55 0.84 1.10 1.27 1.30 1.21 1.03 0.81 0.56 0.37 0.30 0.32 0.46 0.67 0.94 1.14 1.19 1.13 0.97 0.72 0.47
 20   0.28 0.20 0.24 0.41 0.68 0.99 1.23 1.35 1.35 1.20 0.95 0.68 0.40 0.24 0.19 0.28 0.48 0.78 1.05 1.22 1.24 1.10 0.87 0.59
 21   0.34 0.18 0.14 0.26 0.49 0.83 1.14 1.38 1.44 1.34 1.12 0.82 0.50 0.25 0.12 0.13 0.28 0.54 0.86 1.14 1.24 1.17 0.97 0.70
 22   0.42 0.20 0.09 0.14 0.32 0.60 0.97 1.32 1.46 1.46 1.26 0.97 0.63 0.33 0.12 0.05 0.13 0.34 0.67 1.00 1.20 1.24 1.12 0.87
 23   0.56 0.31 0.13 0.10 0.20 0.44 0.80 1.18 1.42 1.50 1.40 1.14 0.83 0.47 0.19 0.02 0.02 0.19 0.47 0.82 1.13 1.26 1.21 1.01
 24   0.72 0.41 0.10 0.03 0.07 0.25 0.56 0.94 1.30 1.46 1.47 1.28 1.01 0.64 0.30 0.07 0.00 0.06 0.26 0.56 0.95 1.19 1.24 1.09
 25   0.85 0.54 0.29 0.12 0.07 0.14 0.41 0.78 1.16 1.43 1.52 1.45 1.23 0.91 0.54 0.26 0.09 0.07 0.20 0.47 0.81 1.08 1.20 1.17
 26   1.02 0.78 0.48 0.26 0.16 0.19 0.34 0.63 1.01 1.30 1.46 1.48 1.35 1.10 0.75 0.43 0.21 0.11 0.14 0.30 0.60 0.90 1.08 1.15
 27   1.12 0.94 0.69 0.44 0.27 0.22 0.29 0.50 0.78 1.09 1.34 1.44 1.39 1.24 0.99 0.68 0.40 0.21 0.16 0.23 0.45 0.70 0.93 1.07
 28   1.11 1.04 0.88 0.68 0.47 0.34 0.32 0.41 0.62 0.88 1.15 1.36 1.41 1.36 1.19 0.95 0.68 0.45 0.29 0.26 0.37 0.56 0.77 0.97
 29   1.10 1.10 1.01 0.86 0.69 0.53 0.44 0.44 0.52 0.69 0.90 1.11 1.26 1.30 1.24 1.08 0.86 0.62 0.43 0.31 0.28 0.36 0.52 0.72
 30   0.92 1.03 1.06 1.01 0.90 0.76 0.63 0.54 0.52 0.58 0.72 0.90 1.07 1.20 1.26 1.23 1.11 0.93 0.73 0.54 0.38 0.30 0.34 0.47
 31   0.66 0.86 1.02 1.10 1.09 1.02 0.90 0.77 0.64 0.55 0.54 0.63 0.79 0.97 1.12 1.23 1.26 1.18 1.02 0.81 0.60 0.41 0.30 0.32
 ----------------------------------------------------------------------------------------------------------------------------
                                                                                              
 ----------------------------------------------------------------------------------------------------------------------------
 ----------------------------------------------------------------------------------------------------------------------------
                                                          SURVEY OF INDIA
                                                    MARINE GEODESY WING (G&RB)
                                                     HOURLY HEIGHTS IN METRES
  NAME OF PORT:- NANCOWRY                                                                           MONTH JUNE      YEAR 2020
 ----------------------------------------------------------------------------------------------------------------------------
 DAYS 0000 0001 0002 0003 0004 0005 0006 0007 0008 0009 0010 0011 0012 0013 0014 0015 0016 0017 0018 0019 0020 0021 0022 0023
 ----------------------------------------------------------------------------------------------------------------------------
  1   0.46 0.68 0.91 1.11 1.22 1.26 1.19 1.04 0.84 0.64 0.50 0.44 0.49 0.64 0.88 1.10 1.25 1.31 1.25 1.06 0.80 0.55 0.33 0.19
  2   0.20 0.33 0.62 0.95 1.21 1.38 1.44 1.35 1.16 0.92 0.65 0.43 0.33 0.38 0.56 0.85 1.14 1.33 1.40 1.32 1.10 0.83 0.52 0.27
  3   0.13 0.15 0.32 0.66 1.05 1.39 1.56 1.58 1.42 1.18 0.87 0.55 0.31 0.22 0.28 0.48 0.86 1.19 1.41 1.46 1.36 1.12 0.82 0.48
  4   0.21 0.10 0.16 0.39 0.79 1.23 1.54 1.68 1.66 1.46 1.17 0.78 0.44 0.17 0.11 0.19 0.46 0.87 1.26 1.47 1.50 1.34 1.07 0.74
  5   0.39 0.13 0.04 0.14 0.45 0.90 1.36 1.65 1.76 1.67 1.40 1.05 0.65 0.30 0.08 0.03 0.17 0.50 0.96 1.32 1.48 1.47 1.30 1.00
  6   0.65 0.34 0.12 0.09 0.25 0.58 1.06 1.50 1.76 1.79 1.65 1.38 0.98 0.58 0.24 0.02 0.00 0.15 0.50 0.97 1.32 1.46 1.41 1.21
  7   0.90 0.59 0.31 0.13 0.15 0.31 0.59 1.07 1.48 1.70 1.70 1.53 1.21 0.84 0.46 0.16 0.01 0.04 0.24 0.60 1.04 1.33 1.39 1.30
  8   1.06 0.79 0.52 0.28 0.14 0.20 0.42 0.78 1.23 1.56 1.66 1.61 1.39 1.09 0.72 0.40 0.14 0.04 0.12 0.37 0.73 1.09 1.28 1.29
  9   1.17 0.94 0.68 0.44 0.25 0.18 0.27 0.54 1.00 1.38 1.56 1.60 1.47 1.20 0.89 0.56 0.29 0.12 0.11 0.24 0.55 0.89 1.19 1.28
 10   1.23 1.07 0.84 0.61 0.40 0.28 0.31 0.47 0.78 1.16 1.41 1.50 1.48 1.31 1.06 0.78 0.47 0.26 0.17 0.20 0.40 0.71 0.98 1.14
 11   1.18 1.10 0.94 0.74 0.56 0.40 0.34 0.40 0.60 0.88 1.15 1.33 1.39 1.34 1.18 0.96 0.71 0.49 0.34 0.28 0.34 0.55 0.78 0.99
 12   1.09 1.10 1.04 0.92 0.76 0.60 0.49 0.47 0.53 0.70 0.96 1.19 1.32 1.35 1.26 1.10 0.90 0.70 0.50 0.38 0.38 0.47 0.65 0.86
 13   1.04 1.11 1.12 1.06 0.94 0.80 0.68 0.60 0.60 0.67 0.80 0.98 1.14 1.22 1.23 1.17 1.03 0.86 0.70 0.56 0.47 0.46 0.54 0.69
 14   0.84 0.99 1.08 1.10 1.06 0.98 0.87 0.76 0.67 0.64 0.68 0.78 0.92 1.07 1.16 1.18 1.13 1.03 0.89 0.72 0.56 0.47 0.45 0.52
 15   0.68 0.87 1.02 1.12 1.17 1.16 1.07 0.94 0.81 0.70 0.64 0.66 0.74 0.86 1.00 1.13 1.19 1.17 1.08 0.94 0.79 0.65 0.55 0.51
 16   0.56 0.70 0.89 1.07 1.20 1.27 1.26 1.17 1.04 0.88 0.73 0.63 0.61 0.68 0.82 1.00 1.14 1.20 1.19 1.08 0.91 0.73 0.57 0.45
 17   0.42 0.50 0.70 0.94 1.18 1.33 1.39 1.34 1.20 1.01 0.80 0.62 0.51 0.49 0.58 0.75 0.97 1.15 1.24 1.22 1.07 0.86 0.66 0.48
 18   0.39 0.40 0.52 0.74 1.02 1.27 1.46 1.50 1.40 1.18 0.92 0.68 0.49 0.39 0.39 0.56 0.83 1.08 1.28 1.35 1.27 1.08 0.83 0.59
 19   0.41 0.34 0.40 0.60 0.90 1.21 1.47 1.58 1.52 1.35 1.10 0.79 0.51 0.33 0.28 0.35 0.58 0.85 1.13 1.30 1.32 1.18 0.95 0.68
 20   0.43 0.28 0.25 0.37 0.63 0.99 1.34 1.59 1.64 1.52 1.29 0.97 0.66 0.40 0.23 0.23 0.38 0.66 0.99 1.30 1.40 1.32 1.13 0.86
 21   0.59 0.37 0.24 0.26 0.44 0.77 1.17 1.50 1.68 1.66 1.50 1.21 0.86 0.53 0.28 0.16 0.20 0.43 0.74 1.09 1.33 1.39 1.27 1.04
 22   0.74 0.47 0.28 0.22 0.28 0.53 0.90 1.31 1.62 1.70 1.60 1.38 1.06 0.69 0.37 0.16 0.10 0.19 0.49 0.86 1.21 1.38 1.35 1.17
 23   0.92 0.63 0.37 0.20 0.19 0.32 0.62 1.00 1.40 1.64 1.69 1.54 1.28 0.93 0.57 0.25 0.08 0.07 0.28 0.59 0.93 1.25 1.38 1.32
 24   1.10 0.84 0.57 0.36 0.21 0.20 0.39 0.71 1.14 1.54 1.71 1.67 1.48 1.15 0.81 0.48 0.23 0.11 0.14 0.36 0.70 1.05 1.28 1.37
 25   1.28 1.05 0.79 0.53 0.32 0.22 0.27 0.48 0.83 1.21 1.52 1.64 1.56 1.34 1.03 0.72 0.42 0.21 0.16 0.22 0.46 0.81 1.10 1.27
 26   1.30 1.20 1.00 0.75 0.52 0.35 0.31 0.41 0.65 0.99 1.35 1.54 1.58 1.47 1.25 0.96 0.66 0.40 0.22 0.19 0.32 0.54 0.82 1.08
 27   1.24 1.28 1.18 1.00 0.78 0.58 0.44 0.42 0.53 0.75 1.03 1.30 1.47 1.49 1.38 1.15 0.87 0.60 0.37 0.24 0.25 0.37 0.61 0.88
 28   1.14 1.29 1.30 1.20 1.01 0.81 0.63 0.50 0.47 0.54 0.71 0.94 1.18 1.34 1.37 1.28 1.11 0.88 0.63 0.42 0.29 0.29 0.41 0.63
 29   0.90 1.15 1.27 1.28 1.20 1.06 0.88 0.70 0.56 0.51 0.56 0.71 0.92 1.15 1.31 1.35 1.27 1.10 0.89 0.66 0.47 0.34 0.32 0.43
 30   0.64 0.90 1.14 1.32 1.37 1.32 1.18 1.00 0.81 0.65 0.54 0.53 0.63 0.81 1.04 1.22 1.30 1.26 1.14 0.95 0.72 0.53 0.40 0.36
 ----------------------------------------------------------------------------------------------------------------------------
                                                                                              
 ----------------------------------------------------------------------------------------------------------------------------
 ----------------------------------------------------------------------------------------------------------------------------
                                                          SURVEY OF INDIA
                                                    MARINE GEODESY WING (G&RB)
                                                     HOURLY HEIGHTS IN METRES
  NAME OF PORT:- NANCOWRY                                                                           MONTH JULY      YEAR 2020
 ----------------------------------------------------------------------------------------------------------------------------
 DAYS 0000 0001 0002 0003 0004 0005 0006 0007 0008 0009 0010 0011 0012 0013 0014 0015 0016 0017 0018 0019 0020 0021 0022 0023
 ----------------------------------------------------------------------------------------------------------------------------
  1   0.43 0.64 0.91 1.19 1.40 1.47 1.42 1.27 1.06 0.82 0.61 0.46 0.42 0.49 0.66 0.89 1.15 1.31 1.33 1.20 0.99 0.75 0.52 0.35
  2   0.28 0.34 0.55 0.87 1.19 1.44 1.53 1.49 1.33 1.09 0.80 0.52 0.34 0.28 0.33 0.54 0.82 1.12 1.28 1.28 1.18 0.98 0.72 0.46
  3   0.29 0.23 0.31 0.54 0.87 1.24 1.51 1.60 1.52 1.31 0.99 0.66 0.38 0.21 0.15 0.22 0.46 0.82 1.15 1.33 1.33 1.19 0.97 0.72
  4   0.46 0.24 0.19 0.29 0.56 0.96 1.33 1.58 1.66 1.53 1.26 0.94 0.59 0.27 0.08 0.05 0.18 0.47 0.85 1.21 1.38 1.33 1.14 0.89
  5   0.58 0.32 0.17 0.15 0.30 0.62 1.05 1.42 1.64 1.68 1.51 1.18 0.82 0.48 0.18 0.03 0.04 0.20 0.57 0.99 1.26 1.36 1.28 1.05
  6   0.76 0.48 0.25 0.13 0.15 0.34 0.73 1.17 1.52 1.69 1.64 1.41 1.09 0.73 0.38 0.12 0.00 0.06 0.30 0.66 1.06 1.34 1.35 1.22
  7   0.99 0.72 0.46 0.24 0.16 0.25 0.56 0.97 1.52 1.67 1.69 1.62 1.35 1.00 0.65 0.34 0.14 0.12 0.24 0.56 0.96 1.28 1.42 1.38
  8   1.19 0.94 0.66 0.42 0.28 0.30 0.47 0.77 1.15 1.50 1.70 1.70 1.53 1.23 0.88 0.53 0.25 0.14 0.18 0.38 0.71 1.06 1.33 1.38
  9   1.28 1.08 0.84 0.60 0.41 0.34 0.40 0.59 0.88 1.25 1.53 1.62 1.57 1.34 1.03 0.72 0.43 0.25 0.21 0.32 0.56 0.90 1.19 1.33
 10   1.32 1.19 1.01 0.79 0.57 0.42 0.40 0.49 0.74 1.06 1.35 1.54 1.57 1.45 1.20 0.92 0.60 0.38 0.28 0.30 0.44 0.73 1.08 1.27
 11   1.33 1.28 1.14 0.95 0.75 0.58 0.50 0.50 0.60 0.84 1.11 1.32 1.41 1.37 1.20 0.98 0.73 0.50 0.34 0.30 0.39 0.57 0.81 1.02
 12   1.17 1.20 1.15 1.02 0.85 0.67 0.54 0.50 0.55 0.69 0.88 1.10 1.23 1.26 1.19 1.03 0.82 0.62 0.45 0.34 0.35 0.49 0.68 0.89
 13   1.08 1.17 1.17 1.10 0.96 0.80 0.66 0.57 0.56 0.63 0.76 0.94 1.09 1.17 1.16 1.08 0.94 0.78 0.63 0.50 0.44 0.46 0.56 0.71
 14   0.88 1.03 1.13 1.14 1.08 0.97 0.85 0.73 0.64 0.61 0.65 0.76 0.88 1.00 1.09 1.11 1.06 0.94 0.79 0.65 0.55 0.50 0.52 0.62
 15   0.77 0.93 1.09 1.19 1.21 1.17 1.06 0.92 0.80 0.70 0.64 0.64 0.72 0.83 0.94 1.03 1.06 1.02 0.93 0.81 0.68 0.57 0.51 0.52
 16   0.60 0.74 0.92 1.10 1.23 1.28 1.23 1.11 0.96 0.80 0.65 0.55 0.53 0.60 0.72 0.87 0.99 1.04 1.03 0.97 0.84 0.69 0.55 0.47
 17   0.45 0.54 0.70 0.91 1.11 1.28 1.34 1.28 1.15 0.96 0.72 0.52 0.40 0.37 0.45 0.61 0.82 1.00 1.10 1.12 1.03 0.86 0.67 0.50
 18   0.39 0.38 0.47 0.67 0.94 1.19 1.40 1.43 1.35 1.17 0.92 0.64 0.43 0.30 0.29 0.42 0.62 0.87 1.09 1.20 1.17 1.01 0.80 0.57
 19   0.38 0.27 0.29 0.45 0.71 1.00 1.30 1.46 1.48 1.35 1.10 0.80 0.50 0.26 0.14 0.32 0.58 0.87 1.15 1.35 1.38 1.27 1.04 0.74
 20   0.47 0.27 0.16 0.17 0.34 0.62 0.95 1.17 1.24 1.18 0.98 0.72 0.46 0.26 0.17 0.22 0.41 0.74 1.12 1.45 1.60 1.55 1.36 1.06
 21   0.68 0.34 0.12 0.05 0.15 0.42 0.77 1.10 1.30 1.32 1.16 0.90 0.62 0.36 0.17 0.10 0.20 0.46 0.89 1.32 1.64 1.71 1.60 1.34
 22   0.96 0.58 0.26 0.04 0.00 0.16 0.50 0.91 1.25 1.41 1.37 1.16 0.88 0.56 0.30 0.13 0.10 0.26 0.59 1.02 1.44 1.72 1.73 1.58
 23   1.22 0.83 0.44 0.14-0.02 0.01 0.24 0.62 1.06 1.38 1.50 1.39 1.16 0.86 0.56 0.26 0.03-0.02 0.06 0.37 0.82 1.22 1.47 1.50
 24   1.34 1.08 0.76 0.47 0.24 0.16 0.25 0.53 0.95 1.40 1.70 1.78 1.65 1.38 0.99 0.62 0.26 0.03-0.01 0.14 0.48 0.91 1.26 1.44
 25   1.44 1.28 1.03 0.74 0.45 0.26 0.20 0.33 0.65 1.04 1.40 1.66 1.68 1.52 1.23 0.87 0.52 0.25 0.06 0.00 0.25 0.66 1.09 1.38
 26   1.50 1.45 1.26 1.01 0.74 0.48 0.32 0.30 0.43 0.72 1.08 1.44 1.59 1.54 1.36 1.10 0.79 0.48 0.24 0.13 0.19 0.42 0.79 1.13
 27   1.37 1.45 1.38 1.21 0.99 0.74 0.53 0.41 0.42 0.56 0.78 1.07 1.30 1.42 1.40 1.24 1.00 0.73 0.49 0.30 0.22 0.29 0.53 0.83
 28   1.14 1.36 1.40 1.34 1.20 1.01 0.81 0.63 0.49 0.45 0.54 0.73 0.95 1.13 1.23 1.23 1.13 0.95 0.76 0.58 0.42 0.34 0.36 0.52
 29   0.78 1.04 1.26 1.34 1.30 1.17 0.99 0.78 0.61 0.51 0.47 0.50 0.63 0.82 0.98 1.09 1.12 1.04 0.91 0.75 0.57 0.43 0.35 0.38
 30   0.50 0.71 0.94 1.16 1.27 1.29 1.22 1.06 0.88 0.69 0.52 0.42 0.40 0.48 0.63 0.82 0.99 1.07 1.05 0.95 0.80 0.64 0.50 0.40
 31   0.38 0.50 0.72 0.98 1.21 1.37 1.41 1.34 1.17 0.95 0.71 0.50 0.34 0.28 0.37 0.56 0.78 1.01 1.15 1.17 1.09 0.90 0.70 0.51
 ----------------------------------------------------------------------------------------------------------------------------
                                                                                              
 ----------------------------------------------------------------------------------------------------------------------------
 ----------------------------------------------------------------------------------------------------------------------------
                                                          SURVEY OF INDIA
                                                    MARINE GEODESY WING (G&RB)
                                                     HOURLY HEIGHTS IN METRES
  NAME OF PORT:- NANCOWRY                                                                           MONTH AUGUST    YEAR 2020
 ----------------------------------------------------------------------------------------------------------------------------
 DAYS 0000 0001 0002 0003 0004 0005 0006 0007 0008 0009 0010 0011 0012 0013 0014 0015 0016 0017 0018 0019 0020 0021 0022 0023
 ----------------------------------------------------------------------------------------------------------------------------
  1   0.37 0.31 0.40 0.62 0.92 1.21 1.41 1.44 1.38 1.21 0.96 0.68 0.42 0.26 0.22 0.33 0.58 0.88 1.15 1.28 1.25 1.12 0.93 0.68
  2   0.47 0.32 0.29 0.42 0.67 0.99 1.34 1.55 1.59 1.48 1.26 0.94 0.65 0.38 0.19 0.18 0.34 0.60 0.94 1.23 1.36 1.32 1.16 0.92
  3   0.65 0.42 0.29 0.29 0.48 0.80 1.16 1.51 1.69 1.68 1.50 1.22 0.86 0.52 0.23 0.12 0.18 0.40 0.74 1.08 1.38 1.43 1.34 1.12
  4   0.81 0.54 0.33 0.24 0.31 0.55 0.91 1.31 1.68 1.78 1.67 1.43 1.07 0.70 0.36 0.18 0.13 0.26 0.57 0.96 1.32 1.49 1.47 1.28
  5   1.02 0.71 0.42 0.28 0.27 0.41 0.71 1.13 1.51 1.76 1.77 1.59 1.26 0.91 0.54 0.23 0.12 0.16 0.37 0.75 1.14 1.40 1.47 1.39
  6   1.16 0.84 0.56 0.33 0.24 0.30 0.51 0.90 1.32 1.61 1.71 1.64 1.39 1.05 0.67 0.36 0.16 0.10 0.23 0.56 0.94 1.29 1.46 1.42
  7   1.26 1.03 0.73 0.48 0.30 0.25 0.39 0.70 1.07 1.42 1.62 1.60 1.45 1.17 0.82 0.50 0.25 0.15 0.18 0.39 0.78 1.13 1.37 1.45
  8   1.38 1.15 0.85 0.58 0.38 0.28 0.33 0.53 0.85 1.20 1.49 1.56 1.50 1.29 1.00 0.70 0.43 0.27 0.23 0.34 0.61 0.95 1.23 1.39
  9   1.38 1.23 1.00 0.74 0.50 0.36 0.35 0.48 0.73 0.99 1.24 1.41 1.43 1.30 1.06 0.79 0.52 0.32 0.26 0.33 0.52 0.81 1.08 1.29
 10   1.34 1.29 1.13 0.90 0.68 0.50 0.41 0.44 0.61 0.87 1.12 1.28 1.34 1.31 1.14 0.91 0.66 0.44 0.32 0.33 0.46 0.66 0.92 1.15
 11   1.28 1.30 1.19 1.01 0.82 0.65 0.54 0.51 0.56 0.70 0.89 1.08 1.18 1.20 1.14 0.98 0.79 0.60 0.48 0.44 0.48 0.60 0.77 0.95
 12   1.12 1.22 1.23 1.14 1.01 0.86 0.71 0.62 0.60 0.64 0.74 0.87 1.00 1.09 1.10 1.01 0.88 0.74 0.62 0.54 0.51 0.55 0.65 0.79
 13   0.96 1.10 1.17 1.16 1.08 0.97 0.86 0.76 0.68 0.65 0.67 0.75 0.85 0.95 1.01 1.01 0.96 0.87 0.77 0.67 0.60 0.58 0.60 0.69
 14   0.82 0.97 1.09 1.17 1.19 1.17 1.09 0.96 0.83 0.71 0.63 0.61 0.64 0.71 0.81 0.91 0.99 1.00 0.96 0.87 0.77 0.67 0.60 0.57
 15   0.61 0.71 0.86 1.03 1.18 1.26 1.26 1.18 1.05 0.88 0.70 0.55 0.50 0.52 0.62 0.77 0.94 1.05 1.09 1.06 0.96 0.82 0.66 0.52
 16   0.47 0.50 0.62 0.84 1.09 1.30 1.42 1.41 1.30 1.10 0.86 0.63 0.42 0.33 0.34 0.48 0.72 0.98 1.16 1.22 1.17 1.02 0.83 0.61
 17   0.42 0.32 0.37 0.54 0.83 1.16 1.43 1.57 1.53 1.35 1.07 0.77 0.46 0.24 0.18 0.24 0.47 0.80 1.12 1.31 1.35 1.25 1.04 0.76
 18   0.48 0.29 0.22 0.31 0.55 0.90 1.30 1.56 1.64 1.56 1.32 0.99 0.61 0.28 0.08 0.05 0.17 0.51 0.94 1.27 1.42 1.40 1.22 0.95
 19   0.60 0.32 0.12 0.09 0.26 0.60 1.05 1.46 1.70 1.74 1.58 1.31 0.89 0.47 0.12-0.05-0.01 0.21 0.64 1.10 1.41 1.52 1.45 1.21
 20   0.90 0.54 0.23 0.07 0.09 0.29 0.71 1.22 1.61 1.80 1.75 1.52 1.16 0.74 0.32 0.00-0.10 0.00 0.31 0.80 1.26 1.53 1.57 1.44
 21   1.17 0.82 0.47 0.19 0.06 0.17 0.48 0.96 1.44 1.73 1.81 1.67 1.40 0.98 0.54 0.14-0.12-0.14 0.07 0.49 0.99 1.42 1.62 1.61
 22   1.42 1.10 0.72 0.38 0.16 0.06 0.21 0.59 1.07 1.48 1.72 1.74 1.57 1.25 0.82 0.40 0.12-0.02-0.01 0.27 0.70 1.15 1.53 1.64
 23   1.56 1.36 1.00 0.66 0.34 0.17 0.16 0.32 0.73 1.20 1.55 1.70 1.63 1.43 1.10 0.74 0.36 0.11 0.01 0.14 0.47 0.91 1.30 1.56
 24   1.61 1.50 1.27 0.93 0.60 0.33 0.23 0.27 0.50 0.87 1.28 1.50 1.56 1.48 1.28 0.98 0.68 0.41 0.22 0.17 0.35 0.68 1.07 1.36
 25   1.52 1.54 1.41 1.18 0.91 0.64 0.43 0.35 0.41 0.64 0.94 1.19 1.33 1.36 1.29 1.11 0.87 0.62 0.42 0.35 0.40 0.58 0.82 1.09
 26   1.33 1.43 1.42 1.28 1.07 0.85 0.64 0.48 0.43 0.50 0.65 0.84 1.04 1.17 1.20 1.15 1.00 0.83 0.68 0.57 0.50 0.50 0.60 0.80
 27   1.01 1.19 1.30 1.32 1.25 1.08 0.89 0.73 0.60 0.52 0.54 0.64 0.78 0.92 1.04 1.10 1.08 0.99 0.88 0.77 0.66 0.58 0.55 0.59
 28   0.72 0.90 1.08 1.22 1.26 1.24 1.15 1.01 0.85 0.69 0.56 0.49 0.51 0.60 0.73 0.88 1.01 1.07 1.06 0.99 0.86 0.71 0.59 0.52
 29   0.54 0.64 0.79 0.97 1.16 1.29 1.32 1.27 1.10 0.90 0.69 0.50 0.39 0.38 0.46 0.64 0.86 1.06 1.17 1.17 1.09 0.94 0.75 0.57
 30   0.45 0.43 0.52 0.71 0.97 1.23 1.39 1.42 1.34 1.16 0.91 0.65 0.41 0.27 0.26 0.40 0.63 0.90 1.17 1.28 1.25 1.12 0.92 0.68
 31   0.46 0.32 0.31 0.45 0.70 1.01 1.34 1.52 1.54 1.40 1.15 0.81 0.49 0.26 0.15 0.18 0.38 0.67 1.01 1.27 1.36 1.30 1.11 0.82
 ----------------------------------------------------------------------------------------------------------------------------
                                                                                               
 ----------------------------------------------------------------------------------------------------------------------------
 ----------------------------------------------------------------------------------------------------------------------------
                                                          SURVEY OF INDIA
                                                    MARINE GEODESY WING (G&RB)
                                                     HOURLY HEIGHTS IN METRES
  NAME OF PORT:- NANCOWRY                                                                           MONTH SEPT      YEAR 2020
 ----------------------------------------------------------------------------------------------------------------------------
 DAYS 0000 0001 0002 0003 0004 0005 0006 0007 0008 0009 0010 0011 0012 0013 0014 0015 0016 0017 0018 0019 0020 0021 0022 0023
 ----------------------------------------------------------------------------------------------------------------------------
  1   0.54 0.32 0.20 0.24 0.44 0.78 1.18 1.49 1.59 1.54 1.35 1.04 0.68 0.35 0.14 0.08 0.20 0.50 0.88 1.23 1.43 1.43 1.28 1.01
  2   0.66 0.38 0.18 0.13 0.25 0.54 0.94 1.32 1.56 1.60 1.46 1.16 0.79 0.42 0.14 0.00 0.05 0.26 0.64 1.06 1.36 1.47 1.39 1.15
  3   0.82 0.49 0.21 0.08 0.12 0.34 0.72 1.16 1.51 1.63 1.58 1.37 1.00 0.61 0.27 0.06 0.00 0.14 0.48 0.90 1.27 1.49 1.50 1.34
  4   1.02 0.69 0.37 0.12 0.01 0.17 0.47 0.89 1.33 1.56 1.60 1.48 1.17 0.80 0.44 0.16 0.02 0.05 0.33 0.72 1.15 1.50 1.57 1.44
  5   1.17 0.86 0.50 0.24 0.12 0.17 0.37 0.74 1.18 1.50 1.62 1.53 1.28 0.93 0.57 0.27 0.06 0.01 0.32 0.72 1.17 1.48 1.57 1.49
  6   1.29 0.99 0.67 0.39 0.20 0.17 0.26 0.50 0.87 1.24 1.47 1.47 1.30 1.02 0.70 0.41 0.19 0.12 0.21 0.45 0.80 1.18 1.43 1.47
  7   1.36 1.12 0.82 0.51 0.27 0.16 0.22 0.42 0.71 1.07 1.34 1.40 1.33 1.12 0.84 0.54 0.30 0.19 0.21 0.37 0.65 1.01 1.30 1.41
  8   1.40 1.25 0.99 0.70 0.43 0.28 0.26 0.37 0.60 0.90 1.18 1.34 1.33 1.19 0.94 0.70 0.47 0.33 0.30 0.38 0.57 0.82 1.11 1.31
  9   1.36 1.27 1.09 0.85 0.62 0.44 0.36 0.40 0.53 0.72 0.97 1.14 1.19 1.13 0.97 0.76 0.56 0.42 0.36 0.40 0.52 0.72 0.95 1.15
 10   1.26 1.25 1.13 0.96 0.78 0.61 0.51 0.49 0.53 0.64 0.80 0.95 1.03 1.03 0.96 0.85 0.71 0.58 0.50 0.49 0.54 0.65 0.81 0.98
 11   1.13 1.16 1.14 1.07 0.96 0.83 0.70 0.62 0.59 0.60 0.65 0.74 0.83 0.89 0.90 0.87 0.81 0.73 0.65 0.59 0.56 0.57 0.64 0.74
 12   0.85 0.96 1.04 1.06 1.02 0.95 0.86 0.75 0.64 0.56 0.53 0.54 0.58 0.65 0.73 0.80 0.84 0.84 0.80 0.74 0.67 0.60 0.54 0.53
 13   0.58 0.69 0.82 0.95 1.06 1.10 1.08 1.00 0.86 0.70 0.54 0.42 0.39 0.42 0.52 0.68 0.85 0.98 1.02 0.98 0.89 0.75 0.60 0.48
 14   0.43 0.47 0.60 0.80 1.04 1.23 1.32 1.29 1.13 0.91 0.66 0.45 0.29 0.23 0.30 0.48 0.74 1.00 1.18 1.21 1.12 0.94 0.72 0.51
 15   0.34 0.28 0.36 0.57 0.87 1.17 1.40 1.49 1.40 1.18 0.89 0.55 0.26 0.09 0.07 0.20 0.46 0.84 1.13 1.32 1.32 1.16 0.90 0.60
 16   0.34 0.17 0.15 0.28 0.55 0.99 1.35 1.59 1.61 1.46 1.15 0.75 0.37 0.09-0.06-0.02 0.18 0.58 1.05 1.39 1.54 1.45 1.20 0.86
 17   0.48 0.18 0.04 0.07 0.28 0.67 1.15 1.54 1.74 1.70 1.45 1.09 0.65 0.26-0.03-0.13-0.01 0.32 0.82 1.32 1.61 1.69 1.53 1.20
 18   0.78 0.40 0.03-0.02 0.06 0.32 0.82 1.38 1.72 1.81 1.69 1.38 0.95 0.48 0.07-0.17-0.17 0.06 0.48 1.07 1.53 1.73 1.68 1.46
 19   1.12 0.66 0.26 0.00-0.04 0.12 0.50 1.01 1.52 1.77 1.78 1.60 1.26 0.79 0.34 0.00-0.17-0.10 0.19 0.72 1.27 1.63 1.75 1.68
 20   1.37 0.99 0.58 0.22 0.01 0.02 0.24 0.64 1.11 1.56 1.72 1.69 1.44 1.05 0.62 0.23-0.02-0.08 0.06 0.43 0.90 1.41 1.71 1.74
 21   1.56 1.24 0.84 0.44 0.15 0.03 0.07 0.32 0.72 1.15 1.50 1.59 1.50 1.22 0.88 0.50 0.21 0.04 0.05 0.24 0.61 1.06 1.44 1.59
 22   1.56 1.35 1.00 0.66 0.35 0.14 0.07 0.14 0.42 0.82 1.16 1.35 1.36 1.22 0.98 0.70 0.44 0.20 0.11 0.18 0.42 0.76 1.12 1.38
 23   1.46 1.38 1.16 0.87 0.58 0.34 0.19 0.20 0.32 0.52 0.81 1.07 1.20 1.20 1.04 0.84 0.62 0.44 0.34 0.34 0.44 0.61 0.83 1.06
 24   1.23 1.28 1.20 1.02 0.80 0.59 0.44 0.36 0.34 0.40 0.56 0.75 0.90 0.95 0.94 0.88 0.77 0.65 0.54 0.47 0.46 0.52 0.63 0.78
 25   0.95 1.06 1.09 1.05 0.94 0.81 0.68 0.56 0.46 0.42 0.43 0.52 0.64 0.76 0.85 0.89 0.88 0.83 0.76 0.68 0.60 0.54 0.52 0.58
 26   0.68 0.80 0.92 1.02 1.06 1.04 0.95 0.84 0.72 0.59 0.48 0.42 0.43 0.50 0.61 0.74 0.86 0.92 0.93 0.89 0.80 0.68 0.55 0.49
 27   0.50 0.58 0.71 0.88 1.05 1.19 1.20 1.10 0.94 0.76 0.57 0.40 0.30 0.30 0.40 0.59 0.80 0.99 1.12 1.13 1.04 0.89 0.70 0.53
 28   0.42 0.40 0.50 0.69 0.96 1.21 1.34 1.36 1.24 1.03 0.78 0.52 0.33 0.24 0.25 0.40 0.67 0.94 1.20 1.30 1.26 1.09 0.88 0.63
 29   0.40 0.30 0.31 0.48 0.77 1.09 1.38 1.52 1.48 1.30 1.02 0.71 0.43 0.22 0.15 0.23 0.46 0.84 1.18 1.40 1.42 1.28 1.06 0.75
 30   0.48 0.27 0.20 0.28 0.52 0.91 1.27 1.52 1.56 1.42 1.19 0.85 0.52 0.24 0.08 0.11 0.30 0.67 1.08 1.38 1.48 1.43 1.24 0.93
 ----------------------------------------------------------------------------------------------------------------------------
                                                                                               
 ----------------------------------------------------------------------------------------------------------------------------
 ----------------------------------------------------------------------------------------------------------------------------
                                                          SURVEY OF INDIA
                                                    MARINE GEODESY WING (G&RB)
                                                     HOURLY HEIGHTS IN METRES
  NAME OF PORT:- NANCOWRY                                                                           MONTH OCTOBER   YEAR 2020
 ----------------------------------------------------------------------------------------------------------------------------
 DAYS 0000 0001 0002 0003 0004 0005 0006 0007 0008 0009 0010 0011 0012 0013 0014 0015 0016 0017 0018 0019 0020 0021 0022 0023
 ----------------------------------------------------------------------------------------------------------------------------
  1   0.60 0.32 0.16 0.18 0.38 0.70 1.07 1.47 1.61 1.57 1.36 1.02 0.66 0.34 0.11 0.06 0.18 0.48 0.93 1.35 1.54 1.54 1.38 1.10
  2   0.73 0.40 0.18 0.10 0.20 0.49 0.90 1.33 1.56 1.58 1.45 1.16 0.80 0.44 0.16 0.02 0.08 0.32 0.74 1.20 1.52 1.61 1.52 1.26
  3   0.87 0.51 0.21 0.05 0.08 0.29 0.66 1.12 1.48 1.59 1.52 1.31 0.94 0.57 0.28 0.08 0.06 0.21 0.57 1.03 1.42 1.62 1.60 1.40
  4   1.06 0.70 0.36 0.12 0.06 0.18 0.45 0.88 1.30 1.52 1.53 1.36 1.07 0.70 0.37 0.17 0.11 0.18 0.42 0.88 1.31 1.60 1.65 1.49
  5   1.18 0.81 0.45 0.18 0.06 0.12 0.32 0.68 1.11 1.43 1.56 1.42 1.16 0.83 0.49 0.24 0.11 0.15 0.33 0.67 1.10 1.46 1.60 1.51
  6   1.28 0.96 0.61 0.32 0.17 0.14 0.25 0.50 0.89 1.23 1.42 1.38 1.20 0.92 0.64 0.38 0.20 0.18 0.28 0.54 0.90 1.24 1.46 1.49
  7   1.34 1.08 0.76 0.46 0.24 0.15 0.21 0.40 0.70 1.02 1.26 1.33 1.23 1.02 0.74 0.49 0.31 0.24 0.29 0.45 0.74 1.05 1.29 1.41
  8   1.33 1.15 0.90 0.64 0.42 0.29 0.26 0.35 0.56 0.84 1.06 1.18 1.16 1.03 0.83 0.60 0.41 0.32 0.32 0.42 0.63 0.90 1.13 1.26
  9   1.28 1.19 1.02 0.82 0.61 0.46 0.38 0.38 0.50 0.69 0.88 1.00 1.04 1.00 0.87 0.71 0.58 0.49 0.46 0.49 0.59 0.76 0.93 1.07
 10   1.14 1.14 1.08 0.96 0.80 0.66 0.56 0.52 0.54 0.60 0.70 0.81 0.90 0.94 0.92 0.86 0.78 0.69 0.62 0.59 0.59 0.64 0.74 0.86
 11   0.97 1.04 1.07 1.05 1.00 0.91 0.80 0.69 0.60 0.55 0.54 0.58 0.67 0.78 0.87 0.92 0.93 0.90 0.84 0.76 0.69 0.64 0.63 0.66
 12   0.74 0.87 1.01 1.11 1.16 1.14 1.07 0.95 0.78 0.62 0.49 0.43 0.44 0.53 0.68 0.84 0.98 1.06 1.06 0.98 0.84 0.70 0.57 0.48
 13   0.46 0.54 0.71 0.91 1.12 1.24 1.24 1.14 0.97 0.75 0.50 0.31 0.22 0.24 0.37 0.61 0.89 1.14 1.24 1.23 1.10 0.88 0.63 0.41
 14   0.27 0.25 0.36 0.63 0.96 1.27 1.44 1.45 1.30 1.01 0.70 0.38 0.13 0.04 0.09 0.30 0.67 1.06 1.36 1.48 1.38 1.15 0.83 0.51
 15   0.24 0.10 0.14 0.33 0.66 1.10 1.46 1.61 1.52 1.26 0.91 0.51 0.16-0.04-0.10 0.04 0.36 0.84 1.33 1.57 1.58 1.42 1.12 0.72
 16   0.34 0.04-0.05 0.00 0.30 0.76 1.27 1.60 1.64 1.52 1.20 0.80 0.36 0.01-0.18-0.17 0.07 0.50 1.08 1.56 1.74 1.70 1.45 1.06
 17   0.58 0.19-0.08-0.14 0.04 0.40 0.90 1.46 1.68 1.66 1.46 1.10 0.64 0.20-0.10-0.22-0.21-0.01 0.73 1.36 1.70 1.80 1.66 1.31
 18   0.88 0.41 0.04-0.14-0.15 0.08 0.56 1.04 1.43 1.60 1.54 1.30 0.90 0.48 0.10-0.16-0.17 0.03 0.44 1.06 1.55 1.82 1.78 1.52
 19   1.12 0.70 0.27-0.06-0.17-0.09 0.24 0.68 1.18 1.48 1.54 1.43 1.16 0.79 0.38 0.06-0.11-0.07 0.22 0.66 1.20 1.56 1.66 1.59
 20   1.37 0.96 0.55 0.17-0.08-0.12 0.02 0.34 0.80 1.18 1.35 1.36 1.21 0.95 0.62 0.25 0.04 0.00 0.10 0.36 0.79 1.25 1.48 1.49
 21   1.38 1.17 0.87 0.50 0.20 0.04 0.02 0.17 0.46 0.80 1.10 1.20 1.18 1.03 0.80 0.54 0.32 0.16 0.13 0.26 0.56 0.91 1.24 1.39
 22   1.38 1.24 1.00 0.68 0.40 0.20 0.11 0.15 0.32 0.59 0.86 1.02 1.06 1.01 0.89 0.72 0.54 0.39 0.32 0.34 0.47 0.72 0.97 1.16
 23   1.23 1.20 1.07 0.88 0.68 0.49 0.36 0.31 0.33 0.42 0.58 0.76 0.87 0.90 0.88 0.80 0.69 0.58 0.50 0.46 0.48 0.56 0.69 0.84
 24   0.96 1.00 0.99 0.93 0.81 0.68 0.56 0.46 0.41 0.40 0.42 0.50 0.60 0.70 0.76 0.78 0.78 0.76 0.71 0.65 0.59 0.55 0.55 0.58
 25   0.65 0.78 0.91 0.98 1.00 0.96 0.87 0.73 0.56 0.42 0.36 0.35 0.39 0.50 0.64 0.78 0.87 0.89 0.86 0.80 0.72 0.62 0.52 0.46
 26   0.47 0.58 0.73 0.88 1.00 1.05 1.05 0.99 0.84 0.59 0.40 0.28 0.23 0.26 0.42 0.64 0.84 0.98 1.04 1.01 0.88 0.70 0.52 0.39
 27   0.33 0.36 0.47 0.66 0.89 1.09 1.21 1.22 1.13 0.94 0.67 0.43 0.23 0.11 0.13 0.32 0.62 0.94 1.22 1.32 1.27 1.09 0.84 0.55
 28   0.30 0.23 0.28 0.46 0.74 1.01 1.13 1.10 0.95 0.73 0.50 0.30 0.18 0.17 0.26 0.48 0.74 1.01 1.16 1.18 1.08 0.90 0.68 0.46
 29   0.27 0.14 0.13 0.27 0.60 0.94 1.20 1.31 1.28 1.10 0.84 0.56 0.30 0.14 0.09 0.18 0.45 0.82 1.19 1.40 1.45 1.30 1.00 0.69
 30   0.39 0.17 0.09 0.18 0.44 0.80 1.15 1.36 1.39 1.28 1.04 0.71 0.39 0.16 0.08 0.14 0.34 0.72 1.12 1.42 1.53 1.45 1.21 0.88
 31   0.52 0.20 0.03 0.04 0.22 0.56 0.96 1.26 1.39 1.37 1.13 0.82 0.50 0.22 0.04 0.03 0.20 0.52 0.93 1.31 1.53 1.58 1.36 1.00
 ----------------------------------------------------------------------------------------------------------------------------
                                                                                               
 ----------------------------------------------------------------------------------------------------------------------------
 ----------------------------------------------------------------------------------------------------------------------------
                                                          SURVEY OF INDIA
                                                    MARINE GEODESY WING (G&RB)
                                                     HOURLY HEIGHTS IN METRES
  NAME OF PORT:- NANCOWRY                                                                           MONTH NOVEMBER  YEAR 2020
 ----------------------------------------------------------------------------------------------------------------------------
 DAYS 0000 0001 0002 0003 0004 0005 0006 0007 0008 0009 0010 0011 0012 0013 0014 0015 0016 0017 0018 0019 0020 0021 0022 0023
 ----------------------------------------------------------------------------------------------------------------------------
  1   0.60 0.27 0.03-0.05 0.05 0.35 0.73 1.10 1.30 1.35 1.26 1.00 0.62 0.28 0.07-0.02 0.08 0.33 0.74 1.16 1.45 1.54 1.48 1.23
  2   0.85 0.44 0.14-0.02 0.00 0.17 0.52 0.92 1.22 1.35 1.34 1.14 0.80 0.47 0.22 0.07 0.08 0.25 0.58 1.04 1.36 1.54 1.54 1.33
  3   1.00 0.64 0.30 0.07 0.00 0.11 0.38 0.74 1.11 1.33 1.34 1.20 0.95 0.62 0.33 0.14 0.07 0.18 0.46 0.84 1.24 1.47 1.54 1.42
  4   1.14 0.80 0.46 0.20 0.06 0.09 0.25 0.54 0.94 1.20 1.30 1.24 1.03 0.75 0.48 0.26 0.14 0.17 0.36 0.68 1.08 1.36 1.49 1.46
  5   1.24 0.98 0.65 0.36 0.19 0.14 0.24 0.46 0.76 1.04 1.18 1.19 1.07 0.86 0.62 0.40 0.25 0.23 0.35 0.58 0.91 1.20 1.37 1.40
  6   1.29 1.07 0.80 0.52 0.30 0.20 0.23 0.37 0.62 0.90 1.07 1.13 1.05 0.90 0.72 0.54 0.41 0.34 0.35 0.45 0.71 0.97 1.17 1.29
  7   1.31 1.16 0.95 0.72 0.51 0.36 0.30 0.36 0.50 0.70 0.88 1.00 1.03 0.98 0.86 0.71 0.55 0.44 0.42 0.48 0.61 0.80 1.00 1.16
  8   1.23 1.20 1.10 0.95 0.78 0.62 0.50 0.44 0.47 0.56 0.70 0.84 0.94 0.97 0.94 0.87 0.77 0.66 0.59 0.57 0.60 0.69 0.81 0.95
  9   1.08 1.14 1.14 1.08 0.97 0.83 0.70 0.58 0.50 0.49 0.54 0.63 0.75 0.88 0.97 1.00 0.99 0.94 0.85 0.76 0.69 0.65 0.66 0.73
 10   0.84 0.97 1.09 1.15 1.16 1.10 0.98 0.82 0.64 0.50 0.44 0.45 0.54 0.69 0.87 1.04 1.14 1.16 1.11 1.01 0.86 0.70 0.59 0.55
 11   0.60 0.72 0.92 1.11 1.25 1.30 1.24 1.08 0.86 0.62 0.42 0.32 0.31 0.42 0.65 0.91 1.15 1.32 1.37 1.30 1.11 0.88 0.64 0.45
 12   0.37 0.46 0.65 0.92 1.19 1.38 1.45 1.36 1.14 0.85 0.54 0.29 0.14 0.15 0.35 0.67 1.04 1.34 1.52 1.53 1.40 1.16 0.86 0.54
 13   0.31 0.24 0.32 0.58 0.97 1.33 1.54 1.58 1.42 1.13 0.79 0.42 0.15 0.02 0.09 0.36 0.80 1.24 1.58 1.71 1.67 1.47 1.12 0.73
 14   0.38 0.12 0.06 0.20 0.56 1.02 1.40 1.58 1.56 1.37 1.03 0.64 0.26 0.04-0.04 0.04 0.37 0.90 1.38 1.66 1.74 1.68 1.42 0.99
 15   0.50 0.12-0.05-0.06 0.17 0.60 1.14 1.49 1.61 1.52 1.28 0.91 0.50 0.12-0.14-0.14 0.10 0.52 1.10 1.55 1.76 1.78 1.59 1.24
 16   0.78 0.32-0.04-0.16-0.11 0.16 0.70 1.19 1.49 1.56 1.42 1.14 0.78 0.40 0.10-0.07-0.04 0.24 0.71 1.28 1.67 1.81 1.73 1.48
 17   1.08 0.64 0.24-0.05-0.16-0.04 0.30 0.81 1.24 1.47 1.45 1.29 1.00 0.65 0.31 0.07 0.00 0.10 0.41 0.94 1.43 1.70 1.76 1.64
 18   1.36 0.98 0.54 0.20-0.03-0.10 0.10 0.50 0.94 1.26 1.37 1.34 1.16 0.86 0.55 0.30 0.13 0.08 0.23 0.62 1.04 1.44 1.66 1.62
 19   1.46 1.21 0.86 0.50 0.23 0.09 0.09 0.30 0.64 1.00 1.19 1.24 1.18 1.02 0.80 0.55 0.34 0.24 0.27 0.44 0.78 1.14 1.42 1.51
 20   1.48 1.32 1.06 0.74 0.46 0.26 0.20 0.28 0.50 0.78 1.04 1.20 1.23 1.12 0.93 0.73 0.56 0.44 0.39 0.44 0.62 0.90 1.16 1.34
 21   1.40 1.33 1.18 0.98 0.74 0.52 0.39 0.35 0.40 0.56 0.77 0.94 1.04 1.06 1.01 0.90 0.76 0.64 0.56 0.54 0.58 0.72 0.90 1.07
 22   1.20 1.24 1.20 1.08 0.90 0.71 0.56 0.45 0.40 0.44 0.56 0.71 0.86 0.96 1.00 0.98 0.92 0.83 0.74 0.67 0.64 0.66 0.73 0.85
 23   0.99 1.08 1.13 1.13 1.07 0.95 0.80 0.64 0.54 0.49 0.50 0.56 0.67 0.82 0.94 1.02 1.05 1.03 0.96 0.86 0.76 0.67 0.62 0.64
 24   0.73 0.86 1.00 1.10 1.14 1.10 1.00 0.87 0.73 0.59 0.49 0.46 0.50 0.63 0.81 0.98 1.12 1.18 1.15 1.05 0.92 0.76 0.60 0.52
 25   0.53 0.62 0.76 0.93 1.08 1.16 1.14 1.03 0.84 0.64 0.48 0.38 0.36 0.44 0.64 0.94 1.14 1.22 1.24 1.21 1.10 0.88 0.66 0.50
 26   0.42 0.43 0.56 0.78 1.02 1.17 1.20 1.16 1.01 0.80 0.60 0.42 0.30 0.31 0.46 0.72 0.97 1.20 1.34 1.36 1.26 1.08 0.80 0.55
 27   0.37 0.33 0.36 0.54 0.84 1.10 1.24 1.26 1.16 0.96 0.73 0.50 0.30 0.25 0.30 0.52 0.80 1.11 1.38 1.46 1.40 1.22 0.96 0.71
 28
 29
 30
 ----------------------------------------------------------------------------------------------------------------------------
                                                                                               
 ----------------------------------------------------------------------------------------------------------------------------
 ----------------------------------------------------------------------------------------------------------------------------
                                                          SURVEY OF INDIA
                                                    MARINE GEODESY WING (G&RB)
                                                     HOURLY HEIGHTS IN METRES
  NAME OF PORT:- NANCOWRY                                                                           MONTH DECEMBER  YEAR 2020
 ----------------------------------------------------------------------------------------------------------------------------
 DAYS 0000 0001 0002 0003 0004 0005 0006 0007 0008 0009 0010 0011 0012 0013 0014 0015 0016 0017 0018 0019 0020 0021 0022 0023
 ----------------------------------------------------------------------------------------------------------------------------
  1
  2
  3   1.16 0.82 0.50 0.22 0.09 0.09 0.29 0.63 1.00 1.22 1.29 1.19 0.98 0.72 0.48 0.28 0.20 0.25 0.46 0.79 1.15 1.45 1.54 1.48
  4   1.25 0.94 0.62 0.32 0.14 0.10 0.20 0.48 0.81 1.13 1.28 1.26 1.11 0.88 0.64 0.40 0.24 0.20 0.33 0.60 0.93 1.27 1.48 1.49
  5   1.35 1.10 0.82 0.53 0.30 0.16 0.14 0.32 0.63 0.96 1.14 1.18 1.13 1.00 0.80 0.59 0.40 0.31 0.33 0.48 0.72 1.05 1.31 1.40
  6   1.40 1.27 1.03 0.76 0.52 0.32 0.22 0.25 0.42 0.70 0.92 1.06 1.10 1.06 0.93 0.76 0.59 0.46 0.40 0.42 0.59 0.83 1.08 1.25
  7   1.32 1.30 1.16 0.94 0.70 0.49 0.33 0.27 0.32 0.48 0.69 0.87 1.00 1.04 1.00 0.90 0.77 0.63 0.52 0.47 0.50 0.63 0.81 1.00
  8   1.15 1.21 1.18 1.06 0.90 0.71 0.50 0.35 0.28 0.32 0.46 0.64 0.83 0.98 1.07 1.07 1.01 0.91 0.76 0.61 0.52 0.50 0.57 0.70
  9   0.87 1.06 1.18 1.20 1.12 0.98 0.78 0.56 0.37 0.26 0.24 0.35 0.55 0.78 1.00 1.15 1.20 1.15 1.03 0.86 0.68 0.54 0.46 0.46
 10   0.58 0.78 0.99 1.15 1.20 1.16 1.01 0.79 0.55 0.33 0.20 0.17 0.28 0.50 0.78 1.06 1.26 1.34 1.30 1.14 0.90 0.66 0.46 0.34
 11   0.31 0.41 0.67 0.95 1.17 1.25 1.24 1.08 0.82 0.54 0.29 0.12 0.08 0.18 0.44 0.80 1.16 1.40 1.46 1.40 1.21 0.93 0.59 0.30
 12   0.13 0.13 0.30 0.58 0.93 1.20 1.32 1.29 1.11 0.82 0.50 0.22 0.03 0.00 0.14 0.43 0.83 1.26 1.54 1.57 1.46 1.20 0.86 0.50
 13   0.18 0.02 0.02 0.23 0.60 1.00 1.28 1.37 1.30 1.08 0.77 0.46 0.15-0.03-0.02 0.17 0.54 1.01 1.41 1.64 1.66 1.50 1.19 0.79
 14   0.37 0.04-0.11-0.08 0.23 0.62 1.02 1.28 1.37 1.28 1.06 0.75 0.40 0.12-0.02-0.01 0.24 0.64 1.15 1.50 1.67 1.66 1.44 1.08
 15   0.64 0.22-0.07-0.17-0.09 0.22 0.64 1.04 1.30 1.37 1.27 1.02 0.70 0.32 0.04-0.03 0.05 0.32 0.73 1.24 1.56 1.70 1.62 1.36
 16   0.99 0.57 0.18-0.10-0.18-0.02 0.31 0.75 1.15 1.35 1.34 1.18 0.92 0.61 0.28 0.06-0.02 0.11 0.45 0.87 1.33 1.62 1.64 1.40
 17   1.08 0.75 0.42 0.14-0.02-0.06 0.10 0.44 0.88 1.20 1.33 1.29 1.11 0.86 0.57 0.29 0.13 0.11 0.27 0.59 1.03 1.42 1.62 1.63
 18   1.40 1.08 0.74 0.40 0.12-0.02 0.02 0.22 0.60 0.97 1.20 1.28 1.20 1.02 0.78 0.50 0.29 0.20 0.23 0.38 0.76 1.16 1.46 1.57
 19   1.48 1.25 0.94 0.62 0.34 0.14 0.06 0.18 0.44 0.78 1.06 1.18 1.18 1.06 0.86 0.62 0.41 0.29 0.28 0.40 0.64 0.94 1.21 1.39
 20   1.41 1.29 1.06 0.78 0.50 0.30 0.19 0.20 0.35 0.58 0.84 1.06 1.14 1.11 1.01 0.85 0.66 0.50 0.41 0.42 0.55 0.75 1.00 1.21
 21   1.31 1.30 1.18 0.98 0.74 0.52 0.36 0.29 0.31 0.43 0.63 0.84 1.00 1.08 1.07 0.98 0.84 0.68 0.55 0.49 0.50 0.58 0.75 0.95
 22   1.10 1.18 1.17 1.07 0.92 0.74 0.55 0.40 0.36 0.39 0.51 0.68 0.85 1.00 1.08 1.07 0.99 0.88 0.76 0.66 0.60 0.60 0.67 0.79
 23   0.92 1.02 1.07 1.06 0.98 0.84 0.68 0.54 0.44 0.40 0.44 0.55 0.71 0.88 1.02 1.09 1.10 1.05 0.94 0.81 0.69 0.60 0.57 0.61
 24   0.70 0.82 0.92 0.98 1.00 0.96 0.86 0.73 0.59 0.47 0.42 0.47 0.58 0.73 0.90 1.07 1.17 1.18 1.13 1.02 0.88 0.74 0.60 0.53
 25   0.54 0.64 0.78 0.92 1.01 1.05 1.01 0.90 0.75 0.60 0.48 0.41 0.43 0.57 0.76 0.97 1.15 1.25 1.27 1.20 1.06 0.89 0.70 0.55
 26   0.47 0.47 0.58 0.75 0.92 1.04 1.09 1.05 0.94 0.77 0.60 0.47 0.42 0.47 0.62 0.83 1.05 1.24 1.35 1.35 1.24 1.06 0.84 0.60
 27   0.44 0.36 0.38 0.54 0.77 0.98 1.11 1.14 1.05 0.89 0.70 0.51 0.36 0.31 0.38 0.58 0.86 1.14 1.35 1.45 1.40 1.24 1.00 0.70
 28   0.45 0.29 0.24 0.33 0.56 0.85 1.07 1.17 1.16 1.03 0.84 0.62 0.41 0.28 0.27 0.40 0.64 0.97 1.30 1.49 1.50 1.41 1.19 0.88
 29   0.55 0.30 0.17 0.18 0.34 0.64 0.96 1.18 1.25 1.17 0.99 0.76 0.51 0.31 0.22 0.26 0.45 0.79 1.18 1.47 1.56 1.53 1.39 1.14
 30   0.82 0.43 0.12 0.01 0.12 0.43 0.78 1.11 1.29 1.30 1.18 0.96 0.69 0.42 0.22 0.18 0.29 0.55 0.95 1.33 1.60 1.65 1.55 1.29
 31   0.96 0.57 0.27 0.07 0.04 0.20 0.55 0.92 1.23 1.35 1.31 1.12 0.85 0.58 0.33 0.19 0.19 0.34 0.69 1.13 1.48 1.65 1.63 1.46
 ----------------------------------------------------------------------------------------------------------------------------
                                                                                              
 ----------------------------------------------------------------------------------------------------------------------------
 ----------------------------------------------------------------------------------------------------------------------------
