                                                          SURVEY OF INDIA
                                                    MARINE GEODESY WING (G&RB)
                                                     HOURLY HEIGHTS IN METRES
  NAME OF PORT:- NANCOWRY                                                                           MONTH JANUARY   YEAR 2019
 ----------------------------------------------------------------------------------------------------------------------------
 DAYS 0000 0001 0002 0003 0004 0005 0006 0007 0008 0009 0010 0011 0012 0013 0014 0015 0016 0017 0018 0019 0020 0021 0022 0023
 ----------------------------------------------------------------------------------------------------------------------------
  1   0.38 0.52 0.68 0.84 0.96 1.01 0.97 0.85 0.67 0.48 0.34 0.27 0.29 0.40 0.59 0.82 1.02 1.14 1.16 1.09 0.94 0.75 0.53 0.36
  2   0.29 0.30 0.43 0.63 0.83 0.98 1.06 1.01 0.88 0.69 0.49 0.34 0.27 0.30 0.45 0.66 0.92 1.14 1.28 1.29 1.18 0.96 0.70 0.47
  3   0.26 0.17 0.20 0.36 0.60 0.86 1.07 1.12 1.03 0.86 0.66 0.45 0.27 0.19 0.23 0.40 0.66 0.96 1.21 1.34 1.29 1.14 0.89 0.60
  4   0.34 0.16 0.08 0.18 0.42 0.72 0.99 1.16 1.17 1.03 0.81 0.56 0.31 0.14 0.09 0.22 0.46 0.81 1.13 1.37 1.44 1.33 1.09 0.80
  5   0.46 0.19 0.04 0.02 0.16 0.46 0.84 1.10 1.22 1.19 1.06 0.83 0.54 0.29 0.16 0.16 0.29 0.64 1.02 1.32 1.50 1.51 1.36 1.09
  6   0.74 0.42 0.16 0.04 0.09 0.29 0.68 1.04 1.24 1.28 1.18 0.96 0.66 0.39 0.18 0.09 0.16 0.36 0.78 1.19 1.48 1.56 1.44 1.21
  7   0.88 0.54 0.24 0.04-0.01 0.12 0.39 0.79 1.14 1.28 1.24 1.08 0.84 0.56 0.29 0.16 0.14 0.28 0.59 0.98 1.32 1.48 1.49 1.36
  8   1.07 0.75 0.39 0.14 0.02 0.08 0.29 0.66 1.02 1.23 1.28 1.18 0.98 0.72 0.45 0.23 0.14 0.22 0.46 0.82 1.19 1.46 1.54 1.46
  9   1.26 0.95 0.59 0.29 0.08 0.04 0.16 0.46 0.84 1.14 1.27 1.22 1.06 0.82 0.56 0.32 0.16 0.15 0.28 0.56 0.92 1.26 1.46 1.46
 10   1.32 1.04 0.69 0.39 0.16 0.04 0.08 0.27 0.59 0.91 1.16 1.22 1.14 0.96 0.72 0.48 0.29 0.22 0.28 0.46 0.75 1.08 1.37 1.44
 11   1.38 1.18 0.88 0.58 0.32 0.14 0.09 0.20 0.46 0.78 1.06 1.20 1.19 1.08 0.86 0.62 0.39 0.26 0.24 0.36 0.58 0.86 1.14 1.31
 12   1.35 1.24 1.02 0.72 0.44 0.24 0.16 0.22 0.39 0.64 0.94 1.14 1.20 1.16 1.02 0.81 0.61 0.44 0.37 0.42 0.58 0.79 1.02 1.22
 13   1.29 1.24 1.08 0.87 0.64 0.44 0.28 0.25 0.33 0.53 0.78 1.02 1.16 1.17 1.10 0.96 0.79 0.62 0.48 0.44 0.48 0.62 0.82 1.02
 14   1.15 1.19 1.14 0.98 0.78 0.58 0.43 0.35 0.35 0.46 0.65 0.86 1.04 1.15 1.16 1.10 0.99 0.85 0.71 0.59 0.53 0.56 0.68 0.82
 15   0.98 1.09 1.11 1.05 0.93 0.76 0.59 0.46 0.39 0.40 0.49 0.63 0.81 0.97 1.08 1.11 1.07 0.97 0.83 0.69 0.58 0.52 0.52 0.58
 16   0.71 0.85 0.96 1.00 0.98 0.88 0.75 0.61 0.48 0.40 0.39 0.46 0.60 0.77 0.95 1.09 1.15 1.14 1.06 0.92 0.76 0.60 0.49 0.44
 17   0.46 0.55 0.74 0.89 0.98 0.99 0.94 0.82 0.66 0.51 0.39 0.34 0.38 0.51 0.70 0.94 1.14 1.27 1.29 1.21 1.03 0.80 0.58 0.42
 18   0.34 0.34 0.46 0.64 0.86 1.05 1.10 1.05 0.90 0.69 0.49 0.34 0.26 0.29 0.44 0.68 0.99 1.26 1.42 1.42 1.30 1.08 0.81 0.52
 19   0.29 0.19 0.19 0.34 0.60 0.92 1.12 1.18 1.10 0.93 0.70 0.45 0.26 0.17 0.22 0.39 0.69 1.08 1.39 1.52 1.49 1.34 1.04 0.69
 20   0.34 0.12 0.00 0.06 0.29 0.66 1.04 1.26 1.31 1.21 0.98 0.68 0.38 0.16 0.06 0.13 0.35 0.72 1.16 1.49 1.63 1.56 1.34 0.99
 21   0.58 0.24-0.03-0.12-0.02 0.28 0.69 1.09 1.33 1.34 1.18 0.92 0.59 0.26 0.04-0.05 0.08 0.36 0.79 1.26 1.59 1.72 1.58 1.29
 22   0.89 0.48 0.09-0.15-0.18-0.06 0.29 0.78 1.19 1.42 1.45 1.26 0.92 0.56 0.22-0.01-0.04 0.12 0.46 0.94 1.39 1.69 1.74 1.58
 23   1.24 0.80 0.36-0.01-0.21-0.21 0.02 0.40 0.89 1.30 1.43 1.38 1.18 0.84 0.48 0.16-0.03-0.02 0.19 0.56 1.08 1.46 1.69 1.68
 24   1.45 1.08 0.64 0.24-0.08-0.19-0.14 0.14 0.56 1.02 1.38 1.47 1.36 1.09 0.76 0.42 0.14 0.01 0.08 0.29 0.66 1.14 1.49 1.65
 25   1.56 1.29 0.92 0.54 0.18-0.08-0.16-0.02 0.28 0.69 1.10 1.34 1.39 1.26 1.01 0.68 0.38 0.18 0.11 0.19 0.39 0.74 1.12 1.38
 26   1.47 1.34 1.08 0.76 0.42 0.14-0.04-0.06 0.12 0.42 0.82 1.14 1.30 1.29 1.14 0.90 0.65 0.42 0.25 0.19 0.30 0.52 0.83 1.15
 27   1.34 1.34 1.20 0.96 0.68 0.39 0.18 0.09 0.14 0.32 0.59 0.94 1.18 1.27 1.22 1.08 0.87 0.64 0.45 0.32 0.29 0.38 0.58 0.82
 28   1.02 1.14 1.14 1.02 0.83 0.62 0.42 0.28 0.24 0.29 0.46 0.69 0.93 1.10 1.18 1.14 1.03 0.85 0.66 0.52 0.43 0.41 0.48 0.60
 29   0.77 0.92 0.99 0.99 0.92 0.78 0.62 0.48 0.38 0.33 0.38 0.51 0.68 0.85 0.99 1.07 1.08 1.02 0.89 0.73 0.59 0.49 0.45 0.48
 30   0.56 0.67 0.79 0.89 0.93 0.90 0.81 0.68 0.55 0.44 0.38 0.39 0.48 0.62 0.79 0.94 1.05 1.10 1.06 0.95 0.80 0.64 0.50 0.40
 31   0.38 0.44 0.55 0.69 0.82 0.90 0.91 0.86 0.75 0.60 0.47 0.39 0.37 0.44 0.58 0.78 0.98 1.12 1.18 1.15 1.03 0.86 0.67 0.49
 ----------------------------------------------------------------------------------------------------------------------------
                                                                                               
 ----------------------------------------------------------------------------------------------------------------------------
 ----------------------------------------------------------------------------------------------------------------------------
                                                          SURVEY OF INDIA
                                                    MARINE GEODESY WING (G&RB)
                                                     HOURLY HEIGHTS IN METRES
  NAME OF PORT:- NANCOWRY                                                                           MONTH FEBRUARY  YEAR 2019
 ----------------------------------------------------------------------------------------------------------------------------
 DAYS 0000 0001 0002 0003 0004 0005 0006 0007 0008 0009 0010 0011 0012 0013 0014 0015 0016 0017 0018 0019 0020 0021 0022 0023
 ----------------------------------------------------------------------------------------------------------------------------
  1   0.34 0.28 0.32 0.45 0.65 0.84 0.96 0.99 0.93 0.80 0.62 0.46 0.34 0.30 0.39 0.56 0.78 1.02 1.20 1.28 1.22 1.05 0.82 0.58
  2   0.34 0.19 0.15 0.24 0.42 0.68 0.92 1.04 1.05 0.96 0.77 0.54 0.35 0.23 0.22 0.33 0.56 0.86 1.14 1.32 1.35 1.23 1.01 0.74
  3   0.44 0.22 0.09 0.09 0.25 0.49 0.79 1.04 1.15 1.11 0.96 0.72 0.47 0.28 0.17 0.20 0.36 0.62 0.96 1.24 1.38 1.35 1.19 0.91
  4   0.57 0.27 0.08 0.01 0.09 0.29 0.64 0.96 1.16 1.21 1.07 0.84 0.56 0.32 0.12 0.07 0.19 0.44 0.79 1.17 1.42 1.49 1.36 1.09
  5   0.72 0.39 0.10-0.06-0.04 0.15 0.44 0.83 1.13 1.26 1.19 1.01 0.74 0.45 0.19 0.06 0.08 0.27 0.58 0.96 1.29 1.48 1.46 1.26
  6   0.91 0.56 0.24-0.01-0.08 0.04 0.28 0.62 1.00 1.25 1.30 1.18 0.92 0.59 0.29 0.09 0.02 0.14 0.39 0.76 1.14 1.42 1.48 1.36
  7   1.07 0.74 0.39 0.08-0.08-0.06 0.15 0.48 0.87 1.16 1.32 1.28 1.10 0.79 0.46 0.19 0.06 0.07 0.24 0.56 0.97 1.29 1.47 1.42
  8   1.24 0.91 0.54 0.19-0.02-0.08 0.04 0.30 0.69 1.04 1.27 1.34 1.19 0.93 0.62 0.34 0.14 0.07 0.16 0.40 0.75 1.12 1.37 1.44
  9   1.28 0.99 0.68 0.35 0.08-0.06-0.01 0.19 0.52 0.88 1.16 1.32 1.25 1.04 0.75 0.48 0.26 0.12 0.12 0.26 0.54 0.90 1.17 1.34
 10   1.28 1.07 0.78 0.48 0.19 0.02-0.04 0.09 0.36 0.69 1.02 1.22 1.25 1.12 0.89 0.62 0.36 0.17 0.12 0.20 0.39 0.69 0.97 1.18
 11   1.23 1.10 0.87 0.62 0.36 0.13 0.03 0.08 0.26 0.54 0.86 1.09 1.21 1.17 1.01 0.79 0.56 0.36 0.24 0.22 0.34 0.54 0.79 1.01
 12   1.12 1.08 0.94 0.74 0.52 0.29 0.16 0.14 0.23 0.40 0.67 0.92 1.09 1.15 1.08 0.94 0.76 0.56 0.39 0.32 0.34 0.44 0.60 0.81
 13   0.98 1.02 0.97 0.84 0.67 0.48 0.31 0.22 0.24 0.34 0.52 0.73 0.92 1.04 1.09 1.04 0.93 0.78 0.62 0.49 0.42 0.42 0.49 0.62
 14   0.76 0.85 0.89 0.86 0.78 0.66 0.52 0.40 0.34 0.34 0.40 0.52 0.69 0.86 0.99 1.04 1.03 0.96 0.83 0.68 0.55 0.44 0.38 0.39
 15   0.47 0.59 0.71 0.80 0.85 0.84 0.77 0.66 0.54 0.43 0.37 0.38 0.46 0.59 0.75 0.92 1.06 1.11 1.08 0.98 0.82 0.64 0.48 0.34
 16   0.28 0.34 0.46 0.64 0.82 0.94 0.98 0.92 0.78 0.62 0.47 0.36 0.30 0.37 0.54 0.76 0.99 1.19 1.32 1.29 1.15 0.92 0.64 0.39
 17   0.22 0.15 0.20 0.37 0.62 0.89 1.09 1.14 1.06 0.88 0.64 0.42 0.24 0.17 0.22 0.42 0.69 1.04 1.34 1.46 1.40 1.21 0.91 0.57
 18   0.24 0.04-0.05 0.04 0.29 0.62 0.98 1.22 1.27 1.14 0.89 0.62 0.34 0.12 0.04 0.09 0.36 0.72 1.14 1.46 1.59 1.49 1.24 0.86
 19   0.44 0.10-0.14-0.18-0.05 0.26 0.68 1.05 1.16 1.08 0.88 0.59 0.24-0.08-0.29-0.36-0.25 0.08 0.62 1.28 1.57 1.64 1.47 1.13
 20   0.72 0.28-0.10-0.24-0.22 0.00 0.38 0.84 1.22 1.40 1.39 1.18 0.83 0.44 0.09-0.12-0.14 0.08 0.46 0.94 1.42 1.68 1.68 1.44
 21   1.02 0.56 0.12-0.19-0.33-0.25 0.05 0.49 0.99 1.39 1.53 1.42 1.14 0.74 0.34 0.02-0.15-0.12 0.14 0.56 1.06 1.48 1.68 1.59
 22   1.30 0.87 0.42 0.04-0.25-0.31-0.17 0.19 0.69 1.17 1.47 1.50 1.32 1.00 0.63 0.25-0.02-0.13-0.03 0.25 0.67 1.13 1.49 1.58
 23   1.43 1.10 0.70 0.30-0.03-0.22-0.21 0.02 0.41 0.90 1.29 1.49 1.45 1.23 0.89 0.52 0.20 0.02-0.03 0.10 0.39 0.83 1.18 1.40
 24   1.40 1.20 0.87 0.52 0.21-0.04-0.11-0.01 0.25 0.67 1.09 1.35 1.42 1.29 1.05 0.75 0.45 0.20 0.10 0.13 0.29 0.59 0.93 1.19
 25   1.30 1.22 1.01 0.73 0.43 0.19 0.06 0.06 0.20 0.50 0.87 1.18 1.30 1.27 1.12 0.87 0.61 0.39 0.23 0.19 0.27 0.45 0.70 0.95
 26   1.10 1.11 1.02 0.84 0.63 0.44 0.30 0.24 0.29 0.43 0.66 0.91 1.10 1.16 1.13 1.01 0.82 0.63 0.48 0.39 0.37 0.43 0.54 0.70
 27   0.85 0.93 0.93 0.86 0.74 0.61 0.49 0.39 0.35 0.40 0.53 0.69 0.86 1.00 1.06 1.04 0.95 0.82 0.68 0.57 0.49 0.45 0.45 0.49
 28   0.57 0.67 0.74 0.77 0.75 0.69 0.60 0.52 0.46 0.43 0.45 0.53 0.64 0.75 0.86 0.94 0.97 0.95 0.88 0.78 0.67 0.56 0.47 0.41
 ----------------------------------------------------------------------------------------------------------------------------
                                                                                               
 ----------------------------------------------------------------------------------------------------------------------------
 ----------------------------------------------------------------------------------------------------------------------------
                                                          SURVEY OF INDIA
                                                    MARINE GEODESY WING (G&RB)
                                                     HOURLY HEIGHTS IN METRES
  NAME OF PORT:- NANCOWRY                                                                           MONTH MARCH     YEAR 2019
 ----------------------------------------------------------------------------------------------------------------------------
 DAYS 0000 0001 0002 0003 0004 0005 0006 0007 0008 0009 0010 0011 0012 0013 0014 0015 0016 0017 0018 0019 0020 0021 0022 0023
 ----------------------------------------------------------------------------------------------------------------------------
  1   0.40 0.45 0.56 0.67 0.75 0.79 0.79 0.75 0.67 0.57 0.49 0.45 0.47 0.54 0.65 0.77 0.89 0.97 1.00 0.98 0.89 0.74 0.59 0.45
  2   0.35 0.32 0.35 0.45 0.60 0.75 0.87 0.90 0.86 0.75 0.60 0.46 0.35 0.33 0.40 0.55 0.75 0.95 1.09 1.14 1.07 0.93 0.72 0.50
  3   0.29 0.19 0.17 0.24 0.40 0.65 0.87 1.01 1.04 0.91 0.71 0.50 0.34 0.25 0.24 0.33 0.54 0.79 1.03 1.19 1.23 1.10 0.87 0.60
  4   0.33 0.14 0.05 0.09 0.23 0.48 0.75 0.99 1.10 1.02 0.83 0.60 0.37 0.20 0.15 0.20 0.37 0.65 0.97 1.23 1.33 1.25 1.00 0.73
  5   0.40 0.15-0.03-0.05 0.09 0.32 0.66 1.00 1.17 1.16 0.99 0.75 0.47 0.24 0.09 0.06 0.20 0.47 0.85 1.17 1.37 1.35 1.19 0.90
  6   0.54 0.20-0.06-0.15-0.06 0.18 0.59 0.98 1.24 1.29 1.18 0.94 0.63 0.32 0.09-0.01 0.07 0.29 0.68 1.08 1.37 1.45 1.34 1.08
  7   0.74 0.36 0.06-0.12-0.12 0.08 0.39 0.84 1.16 1.35 1.32 1.10 0.79 0.48 0.19-0.01-0.02 0.14 0.44 0.84 1.22 1.46 1.44 1.23
  8   0.89 0.52 0.18-0.07-0.14-0.02 0.24 0.62 1.06 1.34 1.46 1.34 1.02 0.64 0.30 0.06-0.06 0.04 0.32 0.69 1.14 1.44 1.53 1.38
  9   1.08 0.71 0.34 0.06-0.11-0.08 0.14 0.52 0.98 1.36 1.48 1.42 1.16 0.83 0.49 0.19-0.02-0.04 0.16 0.49 0.91 1.26 1.42 1.37
 10   1.14 0.84 0.48 0.16-0.08-0.12 0.04 0.35 0.76 1.21 1.42 1.42 1.26 0.96 0.62 0.29 0.06-0.05 0.06 0.31 0.66 1.06 1.32 1.36
 11   1.23 0.94 0.59 0.29 0.06-0.06 0.01 0.24 0.58 0.96 1.22 1.32 1.26 1.05 0.78 0.46 0.16-0.04-0.04 0.12 0.38 0.72 1.02 1.22
 12   1.18 1.00 0.72 0.41 0.16-0.02-0.08 0.07 0.33 0.66 1.04 1.27 1.28 1.15 0.92 0.65 0.37 0.16 0.04 0.07 0.29 0.57 0.84 1.04
 13   1.06 0.96 0.78 0.54 0.28 0.09 0.02 0.11 0.35 0.65 0.96 1.22 1.31 1.26 1.12 0.91 0.67 0.46 0.32 0.28 0.38 0.56 0.76 0.96
 14   1.06 1.05 0.94 0.79 0.62 0.46 0.36 0.36 0.44 0.61 0.84 1.08 1.24 1.28 1.23 1.11 0.94 0.76 0.59 0.47 0.44 0.50 0.61 0.76
 15   0.92 1.00 1.00 0.94 0.85 0.72 0.58 0.49 0.46 0.49 0.61 0.76 0.92 1.06 1.14 1.15 1.09 0.98 0.82 0.66 0.55 0.49 0.50 0.56
 16   0.65 0.76 0.87 0.93 0.93 0.88 0.78 0.68 0.59 0.52 0.51 0.56 0.68 0.83 0.98 1.10 1.18 1.18 1.11 0.99 0.81 0.63 0.49 0.40
 17   0.38 0.46 0.61 0.78 0.93 1.02 1.03 0.97 0.84 0.69 0.56 0.46 0.44 0.52 0.69 0.92 1.14 1.29 1.35 1.28 1.12 0.88 0.59 0.36
 18   0.22 0.19 0.28 0.48 0.76 1.02 1.19 1.24 1.16 0.97 0.72 0.49 0.34 0.30 0.39 0.58 0.88 1.20 1.46 1.55 1.46 1.22 0.84 0.48
 19   0.18-0.01-0.02 0.12 0.38 0.74 1.08 1.34 1.39 1.24 0.98 0.66 0.36 0.16 0.11 0.24 0.49 0.88 1.28 1.58 1.66 1.48 1.16 0.76
 20   0.36 0.06-0.14-0.12 0.09 0.46 0.94 1.34 1.54 1.48 1.27 0.94 0.56 0.22 0.02-0.04 0.15 0.49 0.92 1.39 1.67 1.67 1.44 1.06
 21   0.59 0.18-0.12-0.24-0.16 0.14 0.58 1.09 1.52 1.66 1.58 1.30 0.86 0.44 0.10-0.08-0.05 0.20 0.60 1.08 1.52 1.74 1.68 1.38
 22   0.96 0.48 0.08-0.18-0.24-0.09 0.29 0.78 1.30 1.66 1.70 1.52 1.16 0.74 0.32 0.02-0.11-0.02 0.26 0.70 1.18 1.58 1.72 1.56
 23   1.19 0.76 0.32-0.02-0.19-0.18 0.08 0.50 1.00 1.43 1.65 1.64 1.46 1.09 0.60 0.20-0.02-0.05 0.10 0.46 0.88 1.29 1.56 1.59
 24   1.41 1.04 0.62 0.23-0.05-0.12 0.04 0.36 0.77 1.22 1.56 1.66 1.53 1.22 0.84 0.46 0.14-0.02 0.03 0.26 0.59 0.98 1.31 1.49
 25   1.41 1.14 0.82 0.48 0.19 0.04 0.06 0.26 0.58 0.96 1.34 1.54 1.52 1.32 1.02 0.66 0.34 0.14 0.09 0.18 0.38 0.68 1.02 1.26
 26   1.32 1.18 0.92 0.64 0.38 0.19 0.14 0.23 0.48 0.78 1.09 1.34 1.42 1.35 1.14 0.86 0.58 0.36 0.24 0.24 0.35 0.56 0.81 1.03
 27   1.15 1.13 0.97 0.74 0.54 0.38 0.29 0.30 0.43 0.63 0.87 1.09 1.25 1.26 1.16 0.96 0.72 0.52 0.39 0.34 0.36 0.46 0.63 0.82
 28   0.94 0.97 0.92 0.79 0.64 0.52 0.44 0.42 0.48 0.59 0.74 0.91 1.06 1.11 1.08 1.00 0.87 0.73 0.61 0.52 0.48 0.48 0.53 0.63
 29   0.74 0.81 0.84 0.83 0.78 0.71 0.64 0.59 0.57 0.59 0.64 0.72 0.81 0.90 0.96 0.97 0.94 0.88 0.80 0.71 0.62 0.54 0.50 0.51
 30   0.56 0.62 0.69 0.75 0.80 0.82 0.80 0.75 0.69 0.63 0.58 0.56 0.59 0.67 0.78 0.89 0.97 1.01 0.99 0.92 0.82 0.69 0.55 0.44
 31   0.38 0.39 0.48 0.61 0.76 0.88 0.94 0.92 0.86 0.76 0.63 0.53 0.48 0.49 0.58 0.73 0.90 1.04 1.11 1.09 0.99 0.82 0.61 0.42
 ----------------------------------------------------------------------------------------------------------------------------
                                                                                               
 ----------------------------------------------------------------------------------------------------------------------------
 ----------------------------------------------------------------------------------------------------------------------------
                                                          SURVEY OF INDIA
                                                    MARINE GEODESY WING (G&RB)
                                                     HOURLY HEIGHTS IN METRES
  NAME OF PORT:- NANCOWRY                                                                           MONTH APRIL     YEAR 2019
 ----------------------------------------------------------------------------------------------------------------------------
 DAYS 0000 0001 0002 0003 0004 0005 0006 0007 0008 0009 0010 0011 0012 0013 0014 0015 0016 0017 0018 0019 0020 0021 0022 0023
 ----------------------------------------------------------------------------------------------------------------------------
  1   0.30 0.26 0.30 0.46 0.66 0.86 0.98 1.02 0.97 0.84 0.66 0.47 0.33 0.28 0.32 0.44 0.65 0.89 1.08 1.14 1.07 0.89 0.66 0.42
  2   0.22 0.11 0.11 0.22 0.42 0.68 0.94 1.09 1.12 1.01 0.78 0.54 0.32 0.18 0.16 0.26 0.48 0.76 1.04 1.21 1.24 1.10 0.86 0.56
  3   0.29 0.09 0.03 0.08 0.28 0.56 0.88 1.12 1.22 1.14 0.94 0.66 0.39 0.19 0.08 0.13 0.32 0.59 0.92 1.20 1.32 1.26 1.01 0.69
  4   0.36 0.09-0.06-0.07 0.09 0.38 0.74 1.08 1.28 1.29 1.10 0.82 0.52 0.23 0.06 0.02 0.15 0.41 0.74 1.09 1.34 1.36 1.16 0.86
  5   0.49 0.18-0.06-0.12-0.02 0.26 0.62 1.02 1.34 1.44 1.32 1.03 0.68 0.34 0.06-0.07-0.02 0.19 0.54 0.94 1.29 1.44 1.34 1.05
  6   0.68 0.32 0.04-0.12-0.08 0.12 0.44 0.92 1.29 1.49 1.46 1.22 0.89 0.49 0.16-0.06-0.09 0.06 0.34 0.74 1.12 1.38 1.39 1.21
  7   0.89 0.49 0.18-0.04-0.09 0.04 0.32 0.69 1.12 1.42 1.49 1.36 1.06 0.68 0.32 0.06-0.09-0.02 0.19 0.50 0.88 1.19 1.34 1.26
  8   0.98 0.64 0.28 0.02-0.12-0.08 0.16 0.51 0.91 1.29 1.49 1.46 1.23 0.88 0.49 0.19-0.02-0.08 0.06 0.32 0.66 1.05 1.27 1.26
  9   1.08 0.78 0.46 0.19-0.02-0.06 0.08 0.36 0.78 1.16 1.39 1.44 1.31 1.05 0.69 0.38 0.12-0.04-0.02 0.19 0.48 0.84 1.12 1.18
 10   1.10 0.89 0.62 0.34 0.12-0.01 0.04 0.23 0.52 0.96 1.28 1.39 1.38 1.22 0.94 0.64 0.36 0.18 0.12 0.19 0.39 0.64 0.89 1.08
 11   1.14 1.02 0.84 0.62 0.38 0.22 0.18 0.28 0.48 0.74 1.04 1.28 1.35 1.26 1.09 0.86 0.62 0.39 0.26 0.22 0.29 0.49 0.72 0.94
 12   1.08 1.06 0.95 0.78 0.58 0.44 0.34 0.32 0.44 0.62 0.84 1.06 1.19 1.22 1.16 1.02 0.82 0.63 0.47 0.36 0.33 0.39 0.52 0.69
 13   0.84 0.92 0.94 0.89 0.77 0.62 0.48 0.38 0.36 0.42 0.55 0.71 0.85 0.96 1.02 1.01 0.94 0.81 0.64 0.47 0.34 0.28 0.28 0.36
 14   0.48 0.62 0.74 0.81 0.82 0.78 0.69 0.59 0.50 0.44 0.42 0.46 0.58 0.73 0.88 1.00 1.05 1.02 0.93 0.78 0.59 0.40 0.26 0.20
 15   0.32 0.50 0.69 0.86 0.96 0.96 0.89 0.74 0.58 0.44 0.34 0.34 0.42 0.59 0.80 1.02 1.16 1.19 1.10 0.89 0.62 0.36 0.17 0.07
 16   0.04 0.08 0.22 0.45 0.74 0.99 1.17 1.18 1.06 0.84 0.60 0.39 0.24 0.19 0.31 0.53 0.81 1.12 1.32 1.36 1.24 0.98 0.65 0.32
 17   0.08-0.05-0.02 0.19 0.50 0.86 1.22 1.38 1.34 1.16 0.86 0.56 0.28 0.09 0.08 0.22 0.51 0.84 1.21 1.45 1.44 1.26 0.94 0.54
 18   0.18-0.07-0.16-0.09 0.19 0.59 1.04 1.39 1.56 1.48 1.26 0.88 0.48 0.19 0.06 0.08 0.24 0.58 0.99 1.36 1.58 1.54 1.30 0.89
 19   0.46 0.12-0.09-0.12 0.06 0.39 0.86 1.32 1.64 1.69 1.52 1.18 0.76 0.38 0.09-0.03 0.08 0.34 0.72 1.14 1.52 1.68 1.54 1.19
 20   0.76 0.36 0.05-0.09-0.04 0.22 0.63 1.09 1.54 1.78 1.69 1.42 1.04 0.62 0.24 0.03-0.04 0.13 0.44 0.88 1.28 1.56 1.61 1.42
 21   1.04 0.62 0.26 0.03-0.06 0.08 0.36 0.84 1.32 1.66 1.78 1.59 1.28 0.86 0.44 0.14-0.02 0.02 0.22 0.58 0.98 1.36 1.54 1.46
 22   1.16 0.82 0.46 0.18 0.04 0.08 0.28 0.64 1.04 1.44 1.68 1.66 1.42 1.06 0.66 0.32 0.12 0.05 0.15 0.38 0.69 1.06 1.33 1.39
 23   1.22 0.96 0.64 0.34 0.17 0.12 0.22 0.48 0.80 1.16 1.46 1.58 1.46 1.19 0.86 0.53 0.28 0.14 0.15 0.29 0.52 0.84 1.12 1.28
 24   1.24 1.04 0.79 0.54 0.33 0.23 0.26 0.40 0.68 0.98 1.30 1.48 1.44 1.26 1.02 0.74 0.49 0.32 0.26 0.32 0.49 0.72 0.98 1.18
 25   1.18 1.06 0.88 0.68 0.50 0.39 0.35 0.42 0.60 0.84 1.09 1.28 1.34 1.30 1.15 0.91 0.68 0.49 0.38 0.34 0.39 0.54 0.74 0.91
 26   0.98 0.98 0.90 0.78 0.66 0.56 0.49 0.49 0.58 0.73 0.91 1.07 1.16 1.17 1.12 0.98 0.81 0.66 0.54 0.47 0.45 0.49 0.59 0.72
 27   0.84 0.91 0.92 0.87 0.79 0.70 0.63 0.60 0.61 0.67 0.76 0.87 0.98 1.06 1.09 1.06 0.98 0.88 0.76 0.65 0.55 0.49 0.49 0.56
 28   0.65 0.74 0.82 0.87 0.87 0.84 0.79 0.74 0.69 0.65 0.64 0.69 0.78 0.88 0.96 1.02 1.04 1.01 0.93 0.81 0.68 0.56 0.48 0.45
 29   0.48 0.58 0.70 0.84 0.96 1.02 1.02 0.97 0.87 0.74 0.64 0.58 0.56 0.62 0.74 0.89 1.02 1.09 1.08 1.00 0.86 0.70 0.54 0.39
 30   0.34 0.38 0.51 0.72 0.96 1.13 1.19 1.15 1.04 0.87 0.69 0.54 0.46 0.49 0.59 0.76 0.98 1.16 1.24 1.22 1.09 0.89 0.66 0.46
 ----------------------------------------------------------------------------------------------------------------------------
                                                                                               
 ----------------------------------------------------------------------------------------------------------------------------
 ----------------------------------------------------------------------------------------------------------------------------
                                                          SURVEY OF INDIA
                                                    MARINE GEODESY WING (G&RB)
                                                     HOURLY HEIGHTS IN METRES
  NAME OF PORT:- NANCOWRY                                                                           MONTH MAY       YEAR 2019
 ----------------------------------------------------------------------------------------------------------------------------
 DAYS 0000 0001 0002 0003 0004 0005 0006 0007 0008 0009 0010 0011 0012 0013 0014 0015 0016 0017 0018 0019 0020 0021 0022 0023
 ----------------------------------------------------------------------------------------------------------------------------
  1   0.32 0.28 0.38 0.58 0.82 1.08 1.24 1.28 1.23 1.06 0.84 0.62 0.46 0.39 0.44 0.59 0.84 1.08 1.26 1.32 1.26 1.06 0.80 0.54
  2   0.34 0.22 0.25 0.39 0.69 1.01 1.26 1.39 1.38 1.23 0.96 0.68 0.44 0.27 0.24 0.34 0.58 0.88 1.17 1.32 1.33 1.19 0.94 0.63
  3   0.34 0.18 0.13 0.25 0.49 0.86 1.19 1.44 1.51 1.42 1.19 0.86 0.54 0.29 0.16 0.19 0.38 0.69 1.06 1.34 1.44 1.36 1.13 0.79
  4   0.46 0.22 0.09 0.12 0.31 0.66 1.08 1.44 1.59 1.54 1.33 0.99 0.64 0.32 0.12 0.06 0.18 0.46 0.86 1.22 1.42 1.42 1.26 0.96
  5   0.59 0.29 0.12 0.06 0.16 0.44 0.84 1.29 1.59 1.64 1.48 1.18 0.84 0.48 0.19 0.06 0.08 0.26 0.59 0.99 1.36 1.49 1.38 1.10
  6   0.74 0.42 0.18 0.02 0.06 0.26 0.62 1.12 1.49 1.69 1.64 1.44 1.08 0.70 0.34 0.09-0.01 0.08 0.39 0.79 1.19 1.44 1.43 1.28
  7   0.99 0.66 0.36 0.14 0.08 0.19 0.49 0.96 1.44 1.68 1.72 1.59 1.33 0.94 0.54 0.22 0.04 0.04 0.24 0.59 1.02 1.34 1.44 1.39
  8   1.16 0.88 0.56 0.28 0.12 0.13 0.32 0.66 1.12 1.48 1.64 1.62 1.45 1.14 0.78 0.43 0.19 0.06 0.14 0.39 0.78 1.11 1.33 1.38
  9   1.26 1.02 0.74 0.46 0.27 0.19 0.28 0.53 0.88 1.24 1.52 1.61 1.55 1.35 1.04 0.69 0.39 0.19 0.14 0.26 0.52 0.82 1.12 1.25
 10   1.24 1.10 0.89 0.67 0.45 0.30 0.28 0.39 0.64 0.98 1.28 1.48 1.52 1.42 1.19 0.89 0.62 0.39 0.26 0.26 0.37 0.60 0.89 1.09
 11   1.18 1.14 1.02 0.84 0.65 0.49 0.39 0.38 0.49 0.68 0.94 1.21 1.32 1.34 1.28 1.10 0.86 0.62 0.42 0.29 0.28 0.38 0.55 0.78
 12   0.96 1.05 1.06 1.00 0.89 0.75 0.62 0.52 0.49 0.54 0.66 0.84 1.05 1.21 1.27 1.23 1.12 0.96 0.76 0.56 0.42 0.34 0.36 0.48
 13   0.67 0.86 1.00 1.07 1.06 0.99 0.88 0.74 0.62 0.54 0.52 0.60 0.76 0.94 1.12 1.24 1.27 1.20 1.04 0.82 0.59 0.40 0.28 0.26
 14   0.34 0.54 0.78 0.99 1.16 1.21 1.18 1.07 0.88 0.67 0.52 0.46 0.48 0.59 0.77 0.99 1.19 1.29 1.26 1.12 0.89 0.64 0.39 0.22
 15   0.16 0.26 0.48 0.78 1.08 1.29 1.38 1.32 1.14 0.92 0.66 0.44 0.31 0.33 0.48 0.74 1.04 1.29 1.44 1.38 1.20 0.94 0.62 0.34
 16   0.14 0.08 0.18 0.46 0.88 1.26 1.49 1.54 1.44 1.22 0.89 0.59 0.34 0.19 0.19 0.36 0.69 1.09 1.36 1.47 1.42 1.22 0.88 0.54
 17   0.22 0.03 0.04 0.18 0.54 0.99 1.39 1.58 1.61 1.46 1.18 0.79 0.45 0.20 0.09 0.16 0.42 0.78 1.22 1.46 1.49 1.38 1.12 0.74
 18   0.39 0.14-0.01 0.06 0.30 0.72 1.19 1.59 1.72 1.66 1.44 1.06 0.66 0.32 0.08 0.02 0.14 0.46 0.96 1.34 1.54 1.52 1.32 1.04
 19   0.68 0.36 0.12 0.04 0.14 0.44 0.96 1.44 1.69 1.72 1.58 1.28 0.92 0.52 0.19 0.02-0.01 0.19 0.62 1.08 1.39 1.48 1.38 1.16
 20   0.84 0.48 0.16 0.04 0.04 0.22 0.63 1.13 1.49 1.68 1.64 1.44 1.12 0.72 0.34 0.08-0.02 0.07 0.34 0.74 1.12 1.37 1.44 1.32
 21   1.02 0.74 0.44 0.19 0.12 0.22 0.48 0.88 1.32 1.62 1.69 1.59 1.32 0.96 0.58 0.26 0.08 0.07 0.19 0.52 0.92 1.19 1.35 1.34
 22   1.14 0.86 0.58 0.34 0.19 0.19 0.34 0.64 1.02 1.37 1.55 1.56 1.39 1.12 0.79 0.49 0.26 0.13 0.15 0.34 0.64 0.98 1.23 1.28
 23   1.16 0.96 0.72 0.48 0.29 0.22 0.29 0.49 0.82 1.18 1.39 1.49 1.45 1.26 0.98 0.68 0.42 0.26 0.21 0.28 0.49 0.78 1.02 1.16
 24   1.18 1.04 0.84 0.64 0.46 0.36 0.36 0.48 0.68 0.96 1.22 1.39 1.42 1.32 1.12 0.86 0.60 0.39 0.28 0.29 0.42 0.62 0.84 1.04
 25   1.10 1.06 0.96 0.82 0.66 0.52 0.45 0.48 0.59 0.78 0.99 1.19 1.28 1.26 1.16 0.99 0.79 0.59 0.44 0.39 0.42 0.53 0.69 0.88
 26   1.02 1.06 1.03 0.92 0.79 0.67 0.58 0.53 0.56 0.68 0.84 1.01 1.13 1.18 1.16 1.09 0.97 0.80 0.64 0.52 0.46 0.44 0.49 0.65
 27   0.82 0.94 0.99 0.98 0.93 0.84 0.74 0.66 0.62 0.63 0.68 0.79 0.94 1.07 1.14 1.14 1.08 0.96 0.80 0.65 0.53 0.46 0.44 0.49
 28   0.62 0.78 0.94 1.03 1.06 1.04 0.97 0.86 0.74 0.66 0.63 0.66 0.76 0.88 0.99 1.08 1.12 1.09 1.00 0.85 0.68 0.52 0.40 0.39
 29   0.46 0.59 0.78 0.97 1.11 1.16 1.14 1.05 0.92 0.76 0.62 0.54 0.54 0.63 0.76 0.92 1.08 1.16 1.14 1.03 0.87 0.68 0.49 0.38
 30   0.36 0.43 0.59 0.84 1.08 1.25 1.31 1.24 1.08 0.88 0.68 0.52 0.42 0.44 0.55 0.74 0.98 1.17 1.26 1.19 1.02 0.81 0.58 0.38
 31   0.26 0.28 0.42 0.66 0.96 1.24 1.42 1.41 1.29 1.06 0.79 0.55 0.36 0.28 0.34 0.52 0.79 1.09 1.30 1.33 1.22 1.02 0.74 0.49
 ----------------------------------------------------------------------------------------------------------------------------
                                                                                               
 ----------------------------------------------------------------------------------------------------------------------------
 ----------------------------------------------------------------------------------------------------------------------------
                                                          SURVEY OF INDIA
                                                    MARINE GEODESY WING (G&RB)
                                                     HOURLY HEIGHTS IN METRES
  NAME OF PORT:- NANCOWRY                                                                           MONTH JUNE      YEAR 2019
 ----------------------------------------------------------------------------------------------------------------------------
 DAYS 0000 0001 0002 0003 0004 0005 0006 0007 0008 0009 0010 0011 0012 0013 0014 0015 0016 0017 0018 0019 0020 0021 0022 0023
 ----------------------------------------------------------------------------------------------------------------------------
  1   0.28 0.22 0.28 0.48 0.82 1.18 1.46 1.54 1.49 1.32 0.99 0.68 0.42 0.26 0.22 0.32 0.58 0.94 1.26 1.38 1.34 1.16 0.89 0.62
  2   0.34 0.18 0.16 0.29 0.59 0.99 1.39 1.59 1.62 1.49 1.25 0.92 0.57 0.29 0.16 0.16 0.36 0.72 1.12 1.39 1.44 1.34 1.09 0.80
  3   0.49 0.26 0.12 0.15 0.38 0.78 1.22 1.56 1.69 1.68 1.48 1.18 0.78 0.42 0.16 0.06 0.16 0.44 0.84 1.22 1.43 1.40 1.26 0.99
  4   0.68 0.39 0.16 0.08 0.18 0.47 0.92 1.35 1.64 1.76 1.65 1.41 1.06 0.64 0.28 0.08 0.02 0.19 0.56 0.98 1.29 1.43 1.39 1.22
  5   0.92 0.59 0.29 0.12 0.08 0.28 0.66 1.12 1.50 1.68 1.70 1.56 1.28 0.87 0.48 0.18 0.02 0.04 0.24 0.64 1.04 1.32 1.39 1.29
  6   1.08 0.82 0.49 0.24 0.12 0.16 0.39 0.78 1.20 1.54 1.69 1.66 1.46 1.14 0.74 0.36 0.12 0.02 0.09 0.38 0.74 1.09 1.33 1.37
  7   1.26 1.04 0.74 0.44 0.22 0.16 0.26 0.49 0.88 1.28 1.56 1.66 1.58 1.34 1.01 0.66 0.36 0.16 0.12 0.22 0.48 0.84 1.12 1.31
  8   1.32 1.20 0.98 0.72 0.48 0.34 0.29 0.42 0.66 0.98 1.28 1.49 1.53 1.44 1.24 0.93 0.60 0.34 0.19 0.20 0.32 0.56 0.86 1.12
  9   1.24 1.26 1.16 0.98 0.76 0.56 0.44 0.44 0.54 0.76 1.02 1.26 1.42 1.45 1.36 1.17 0.89 0.62 0.40 0.28 0.28 0.39 0.62 0.86
 10   1.06 1.21 1.24 1.15 0.99 0.80 0.64 0.54 0.52 0.58 0.76 0.96 1.18 1.33 1.38 1.32 1.16 0.94 0.72 0.51 0.36 0.30 0.39 0.58
 11   0.82 1.04 1.19 1.24 1.19 1.09 0.95 0.79 0.66 0.59 0.62 0.73 0.89 1.09 1.26 1.32 1.29 1.18 0.99 0.76 0.54 0.38 0.30 0.37
 12   0.54 0.76 1.02 1.21 1.30 1.30 1.22 1.06 0.86 0.69 0.58 0.55 0.59 0.78 0.98 1.16 1.27 1.29 1.20 1.03 0.80 0.56 0.38 0.32
 13   0.36 0.52 0.78 1.06 1.30 1.42 1.43 1.34 1.14 0.90 0.66 0.50 0.45 0.52 0.68 0.92 1.16 1.32 1.36 1.26 1.06 0.82 0.58 0.38
 14   0.29 0.34 0.52 0.82 1.16 1.42 1.56 1.53 1.36 1.08 0.79 0.54 0.34 0.27 0.34 0.55 0.86 1.16 1.38 1.39 1.28 1.06 0.79 0.54
 15   0.34 0.24 0.29 0.49 0.86 1.22 1.49 1.59 1.53 1.32 1.02 0.69 0.42 0.23 0.19 0.32 0.56 0.89 1.19 1.39 1.39 1.23 0.98 0.68
 16   0.39 0.24 0.22 0.32 0.59 0.99 1.36 1.59 1.64 1.52 1.28 0.96 0.59 0.32 0.16 0.16 0.29 0.59 0.96 1.32 1.42 1.36 1.18 0.89
 17   0.58 0.34 0.19 0.18 0.38 0.72 1.14 1.48 1.68 1.68 1.49 1.19 0.84 0.48 0.22 0.11 0.16 0.38 0.76 1.14 1.34 1.39 1.28 1.06
 18   0.76 0.46 0.24 0.18 0.24 0.49 0.89 1.29 1.58 1.68 1.58 1.34 0.99 0.64 0.32 0.09 0.06 0.22 0.48 0.84 1.19 1.33 1.32 1.18
 19   0.88 0.59 0.34 0.19 0.16 0.34 0.66 1.04 1.42 1.62 1.64 1.50 1.22 0.86 0.49 0.24 0.11 0.14 0.34 0.68 1.03 1.29 1.35 1.28
 20   1.07 0.79 0.52 0.29 0.22 0.29 0.52 0.86 1.24 1.49 1.62 1.57 1.38 1.06 0.72 0.42 0.22 0.14 0.24 0.49 0.82 1.14 1.29 1.28
 21   1.16 0.94 0.68 0.44 0.29 0.26 0.40 0.68 0.99 1.32 1.52 1.56 1.42 1.18 0.88 0.58 0.34 0.16 0.17 0.34 0.59 0.90 1.14 1.24
 22   1.18 1.02 0.79 0.57 0.39 0.29 0.32 0.49 0.74 1.04 1.29 1.42 1.39 1.26 1.02 0.74 0.46 0.28 0.22 0.26 0.44 0.72 0.99 1.16
 23   1.19 1.10 0.94 0.72 0.53 0.42 0.38 0.44 0.62 0.86 1.14 1.32 1.38 1.29 1.10 0.86 0.59 0.38 0.26 0.26 0.38 0.56 0.79 0.99
 24   1.08 1.09 1.02 0.86 0.69 0.54 0.45 0.42 0.51 0.69 0.92 1.14 1.26 1.26 1.14 0.96 0.77 0.58 0.43 0.32 0.31 0.43 0.65 0.85
 25   1.00 1.09 1.08 0.99 0.86 0.72 0.60 0.54 0.54 0.62 0.76 0.94 1.08 1.16 1.16 1.06 0.91 0.74 0.56 0.43 0.36 0.38 0.49 0.66
 26   0.84 0.99 1.05 1.04 0.98 0.87 0.74 0.62 0.54 0.52 0.58 0.69 0.83 0.96 1.04 1.06 1.01 0.87 0.69 0.53 0.42 0.36 0.38 0.48
 27   0.64 0.82 0.98 1.08 1.10 1.04 0.93 0.80 0.67 0.56 0.51 0.54 0.63 0.78 0.92 1.02 1.05 0.99 0.88 0.74 0.58 0.45 0.38 0.38
 28   0.49 0.68 0.88 1.06 1.16 1.18 1.14 1.02 0.84 0.66 0.54 0.46 0.46 0.58 0.74 0.92 1.05 1.11 1.06 0.94 0.76 0.58 0.42 0.34
 29   0.36 0.46 0.66 0.89 1.12 1.24 1.27 1.21 1.06 0.84 0.64 0.46 0.36 0.38 0.51 0.70 0.91 1.06 1.12 1.08 0.94 0.73 0.52 0.34
 30   0.26 0.28 0.44 0.68 0.98 1.24 1.39 1.39 1.28 1.08 0.82 0.54 0.34 0.25 0.28 0.42 0.69 0.96 1.17 1.22 1.14 0.96 0.72 0.45
 ----------------------------------------------------------------------------------------------------------------------------
                                                                                               
 ----------------------------------------------------------------------------------------------------------------------------
 ----------------------------------------------------------------------------------------------------------------------------
                                                          SURVEY OF INDIA
                                                    MARINE GEODESY WING (G&RB)
                                                     HOURLY HEIGHTS IN METRES
  NAME OF PORT:- NANCOWRY                                                                           MONTH JULY      YEAR 2019
 ----------------------------------------------------------------------------------------------------------------------------
 DAYS 0000 0001 0002 0003 0004 0005 0006 0007 0008 0009 0010 0011 0012 0013 0014 0015 0016 0017 0018 0019 0020 0021 0022 0023
 ----------------------------------------------------------------------------------------------------------------------------
  1   0.24 0.16 0.19 0.39 0.72 1.08 1.38 1.52 1.48 1.32 1.06 0.72 0.42 0.19 0.09 0.14 0.34 0.69 1.02 1.22 1.25 1.12 0.89 0.61
  2   0.33 0.14 0.06 0.16 0.39 0.79 1.18 1.46 1.58 1.49 1.26 0.94 0.56 0.26 0.06 0.01 0.14 0.46 0.86 1.17 1.32 1.28 1.12 0.82
  3   0.49 0.24 0.06 0.04 0.18 0.49 0.96 1.34 1.58 1.65 1.54 1.27 0.86 0.46 0.16-0.04-0.04 0.14 0.52 0.94 1.26 1.37 1.28 1.07
  4   0.78 0.44 0.16 0.02 0.04 0.26 0.64 1.10 1.49 1.72 1.68 1.49 1.16 0.78 0.39 0.08-0.08-0.02 0.22 0.68 1.08 1.34 1.42 1.29
  5   1.06 0.75 0.46 0.20 0.09 0.14 0.42 0.86 1.29 1.59 1.72 1.66 1.44 1.08 0.68 0.29 0.04-0.04 0.08 0.38 0.82 1.16 1.39 1.42
  6   1.29 1.03 0.72 0.42 0.19 0.14 0.26 0.54 0.96 1.38 1.65 1.72 1.60 1.36 1.02 0.62 0.28 0.08 0.04 0.16 0.49 0.89 1.22 1.39
  7   1.38 1.22 0.96 0.69 0.44 0.24 0.20 0.34 0.64 1.04 1.39 1.60 1.64 1.51 1.25 0.90 0.54 0.22 0.04 0.07 0.26 0.58 0.92 1.18
  8   1.33 1.30 1.16 0.94 0.69 0.46 0.34 0.34 0.46 0.74 1.08 1.36 1.50 1.49 1.35 1.08 0.78 0.48 0.26 0.14 0.18 0.34 0.64 0.96
  9   1.19 1.29 1.26 1.12 0.91 0.69 0.50 0.38 0.39 0.52 0.74 1.04 1.29 1.39 1.38 1.26 1.01 0.73 0.49 0.30 0.22 0.27 0.44 0.72
 10   0.98 1.18 1.28 1.24 1.11 0.92 0.73 0.55 0.44 0.44 0.54 0.71 0.94 1.16 1.26 1.24 1.13 0.96 0.74 0.52 0.34 0.28 0.31 0.44
 11   0.68 0.92 1.12 1.22 1.24 1.16 0.99 0.79 0.62 0.49 0.42 0.46 0.59 0.78 0.99 1.14 1.18 1.10 0.96 0.76 0.56 0.39 0.29 0.29
 12   0.42 0.64 0.88 1.12 1.28 1.32 1.24 1.08 0.88 0.66 0.48 0.36 0.36 0.48 0.68 0.90 1.08 1.14 1.09 0.96 0.80 0.62 0.45 0.32
 13   0.29 0.42 0.64 0.90 1.16 1.34 1.38 1.30 1.15 0.92 0.66 0.42 0.29 0.29 0.42 0.64 0.89 1.09 1.19 1.16 1.03 0.85 0.63 0.42
 14   0.26 0.25 0.38 0.59 0.92 1.22 1.39 1.42 1.32 1.14 0.88 0.59 0.36 0.24 0.23 0.38 0.64 0.96 1.16 1.24 1.20 1.07 0.86 0.59
 15   0.38 0.28 0.29 0.44 0.72 1.06 1.36 1.52 1.52 1.39 1.13 0.82 0.52 0.28 0.18 0.19 0.40 0.71 1.04 1.28 1.34 1.26 1.06 0.79
 16   0.54 0.32 0.24 0.29 0.52 0.84 1.18 1.46 1.58 1.52 1.34 1.06 0.74 0.42 0.19 0.14 0.22 0.48 0.84 1.15 1.34 1.36 1.24 0.99
 17   0.69 0.44 0.26 0.20 0.32 0.59 0.98 1.34 1.56 1.62 1.52 1.28 0.96 0.62 0.34 0.16 0.14 0.29 0.62 0.98 1.26 1.36 1.31 1.14
 18   0.89 0.64 0.38 0.26 0.26 0.45 0.78 1.14 1.46 1.62 1.59 1.43 1.14 0.79 0.48 0.24 0.12 0.18 0.42 0.76 1.09 1.29 1.34 1.25
 19   1.04 0.78 0.49 0.29 0.24 0.32 0.58 0.94 1.29 1.56 1.62 1.52 1.28 0.96 0.64 0.35 0.16 0.14 0.29 0.59 0.96 1.22 1.35 1.31
 20   1.14 0.89 0.64 0.42 0.29 0.29 0.43 0.72 1.09 1.41 1.56 1.52 1.36 1.12 0.78 0.46 0.26 0.18 0.24 0.46 0.78 1.11 1.32 1.34
 21   1.23 1.02 0.78 0.54 0.36 0.28 0.38 0.59 0.88 1.19 1.45 1.52 1.42 1.19 0.92 0.62 0.33 0.18 0.18 0.32 0.58 0.89 1.18 1.28
 22   1.23 1.08 0.88 0.64 0.42 0.29 0.29 0.44 0.67 0.97 1.24 1.38 1.36 1.19 0.94 0.67 0.43 0.24 0.16 0.24 0.46 0.74 1.00 1.19
 23   1.23 1.15 0.97 0.76 0.55 0.39 0.35 0.42 0.58 0.80 1.07 1.29 1.36 1.30 1.13 0.87 0.62 0.42 0.29 0.28 0.39 0.60 0.85 1.08
 24   1.19 1.19 1.08 0.92 0.74 0.58 0.44 0.42 0.51 0.68 0.89 1.09 1.22 1.24 1.14 0.96 0.74 0.52 0.36 0.29 0.34 0.49 0.69 0.92
 25   1.08 1.16 1.15 1.06 0.92 0.76 0.62 0.53 0.52 0.59 0.76 0.96 1.11 1.18 1.16 1.07 0.90 0.71 0.56 0.46 0.41 0.46 0.59 0.78
 26   0.98 1.12 1.19 1.19 1.12 1.00 0.83 0.68 0.59 0.58 0.64 0.75 0.90 1.02 1.09 1.09 1.01 0.88 0.74 0.60 0.49 0.44 0.49 0.62
 27   0.79 0.98 1.12 1.20 1.22 1.16 1.04 0.88 0.71 0.58 0.52 0.54 0.64 0.79 0.94 1.03 1.06 1.02 0.92 0.79 0.65 0.52 0.44 0.44
 28   0.54 0.72 0.94 1.14 1.28 1.32 1.26 1.14 0.96 0.76 0.56 0.44 0.42 0.52 0.68 0.86 1.03 1.12 1.11 1.02 0.88 0.71 0.53 0.41
 29   0.39 0.46 0.66 0.92 1.16 1.34 1.42 1.36 1.21 0.98 0.72 0.48 0.32 0.28 0.39 0.59 0.85 1.08 1.18 1.19 1.10 0.92 0.69 0.46
 30   0.29 0.26 0.39 0.62 0.92 1.24 1.46 1.52 1.44 1.24 0.96 0.64 0.36 0.19 0.16 0.32 0.58 0.89 1.18 1.34 1.32 1.17 0.92 0.64
 31   0.38 0.22 0.19 0.31 0.60 0.98 1.36 1.60 1.66 1.52 1.26 0.89 0.55 0.25 0.06 0.06 0.26 0.58 0.96 1.28 1.42 1.36 1.16 0.87
 ----------------------------------------------------------------------------------------------------------------------------
                                                                                               
 ----------------------------------------------------------------------------------------------------------------------------
 ----------------------------------------------------------------------------------------------------------------------------
                                                          SURVEY OF INDIA
                                                    MARINE GEODESY WING (G&RB)
                                                     HOURLY HEIGHTS IN METRES
  NAME OF PORT:- NANCOWRY                                                                           MONTH AUGUST    YEAR 2019
 ----------------------------------------------------------------------------------------------------------------------------
 DAYS 0000 0001 0002 0003 0004 0005 0006 0007 0008 0009 0010 0011 0012 0013 0014 0015 0016 0017 0018 0019 0020 0021 0022 0023
 ----------------------------------------------------------------------------------------------------------------------------
  1   0.54 0.29 0.14 0.12 0.30 0.65 1.10 1.49 1.72 1.74 1.57 1.22 0.79 0.42 0.12-0.07-0.03 0.22 0.62 1.06 1.39 1.48 1.42 1.18
  2   0.86 0.52 0.22 0.09 0.14 0.37 0.79 1.28 1.66 1.79 1.74 1.52 1.14 0.68 0.29-0.02-0.14-0.03 0.26 0.74 1.19 1.46 1.52 1.38
  3   1.14 0.78 0.42 0.16 0.06 0.15 0.42 0.89 1.39 1.69 1.79 1.68 1.42 1.02 0.58 0.19-0.07-0.12 0.04 0.39 0.88 1.29 1.53 1.56
  4   1.38 1.09 0.72 0.39 0.16 0.12 0.26 0.56 0.99 1.48 1.74 1.78 1.64 1.32 0.92 0.54 0.19-0.03-0.02 0.24 0.59 1.04 1.44 1.58
  5   1.54 1.32 1.02 0.69 0.39 0.22 0.22 0.38 0.69 1.14 1.52 1.69 1.68 1.49 1.18 0.82 0.48 0.22 0.09 0.14 0.39 0.79 1.19 1.45
  6   1.54 1.46 1.23 0.94 0.64 0.42 0.29 0.31 0.49 0.82 1.19 1.46 1.56 1.49 1.34 1.02 0.68 0.42 0.22 0.18 0.28 0.54 0.88 1.19
  7   1.40 1.44 1.33 1.12 0.87 0.64 0.46 0.38 0.42 0.59 0.86 1.16 1.38 1.44 1.36 1.17 0.92 0.66 0.43 0.29 0.28 0.42 0.66 0.92
  8   1.18 1.36 1.36 1.26 1.08 0.89 0.69 0.54 0.46 0.49 0.62 0.84 1.04 1.22 1.26 1.18 1.02 0.84 0.66 0.51 0.42 0.42 0.53 0.72
  9   0.94 1.14 1.24 1.24 1.17 1.03 0.86 0.69 0.56 0.49 0.49 0.59 0.74 0.89 1.04 1.08 1.04 0.93 0.82 0.68 0.56 0.47 0.46 0.54
 10   0.68 0.86 1.06 1.19 1.23 1.18 1.08 0.94 0.78 0.62 0.50 0.46 0.50 0.62 0.76 0.92 1.04 1.06 1.01 0.89 0.76 0.64 0.54 0.48
 11   0.52 0.62 0.78 0.96 1.12 1.22 1.24 1.16 1.02 0.84 0.66 0.49 0.43 0.46 0.58 0.74 0.91 1.04 1.10 1.06 0.96 0.81 0.63 0.49
 12   0.44 0.46 0.56 0.74 0.96 1.19 1.36 1.40 1.32 1.14 0.89 0.64 0.46 0.36 0.37 0.48 0.70 0.94 1.09 1.16 1.14 1.02 0.82 0.59
 13   0.42 0.36 0.39 0.56 0.79 1.09 1.36 1.48 1.48 1.34 1.08 0.79 0.49 0.31 0.22 0.26 0.46 0.76 1.02 1.19 1.22 1.12 0.92 0.69
 14   0.46 0.32 0.26 0.36 0.56 0.88 1.22 1.48 1.54 1.46 1.24 0.92 0.62 0.36 0.16 0.14 0.28 0.56 0.89 1.18 1.29 1.28 1.12 0.88
 15   0.58 0.36 0.24 0.26 0.42 0.72 1.08 1.42 1.59 1.59 1.46 1.18 0.84 0.48 0.22 0.09 0.16 0.39 0.76 1.08 1.32 1.40 1.30 1.08
 16   0.78 0.46 0.26 0.16 0.24 0.48 0.86 1.26 1.56 1.64 1.52 1.29 0.94 0.58 0.26 0.09 0.08 0.26 0.58 0.98 1.28 1.42 1.36 1.18
 17   0.89 0.58 0.29 0.14 0.16 0.33 0.69 1.09 1.46 1.64 1.61 1.44 1.12 0.76 0.39 0.15 0.04 0.14 0.38 0.79 1.16 1.41 1.46 1.32
 18   1.06 0.74 0.46 0.25 0.16 0.24 0.52 0.89 1.28 1.56 1.66 1.54 1.28 0.94 0.59 0.28 0.09 0.12 0.30 0.62 1.04 1.32 1.48 1.42
 19   1.22 0.94 0.62 0.36 0.18 0.19 0.38 0.68 1.06 1.38 1.60 1.59 1.42 1.09 0.78 0.46 0.24 0.12 0.19 0.46 0.86 1.19 1.44 1.51
 20   1.38 1.14 0.84 0.56 0.34 0.26 0.34 0.54 0.88 1.22 1.44 1.54 1.46 1.24 0.92 0.59 0.34 0.19 0.22 0.38 0.68 1.06 1.34 1.46
 21   1.42 1.26 0.98 0.72 0.49 0.34 0.34 0.46 0.68 0.99 1.30 1.48 1.44 1.28 1.04 0.74 0.46 0.28 0.22 0.32 0.54 0.84 1.14 1.34
 22   1.39 1.32 1.14 0.88 0.62 0.46 0.38 0.42 0.54 0.79 1.06 1.24 1.29 1.22 1.04 0.82 0.58 0.38 0.27 0.31 0.46 0.68 0.94 1.18
 23   1.32 1.32 1.22 1.04 0.82 0.64 0.48 0.44 0.51 0.66 0.88 1.08 1.18 1.19 1.11 0.95 0.74 0.56 0.44 0.39 0.44 0.58 0.76 0.98
 24   1.16 1.23 1.22 1.14 0.99 0.82 0.67 0.57 0.52 0.56 0.68 0.84 0.98 1.06 1.08 1.02 0.90 0.75 0.60 0.49 0.45 0.48 0.58 0.75
 25   0.94 1.09 1.18 1.18 1.12 1.02 0.89 0.75 0.62 0.54 0.52 0.59 0.72 0.84 0.93 0.98 0.98 0.93 0.83 0.70 0.59 0.54 0.54 0.59
 26   0.72 0.87 1.03 1.16 1.22 1.22 1.16 1.02 0.85 0.69 0.56 0.52 0.54 0.64 0.79 0.94 1.04 1.08 1.05 0.97 0.84 0.67 0.54 0.47
 27   0.49 0.62 0.84 1.06 1.26 1.38 1.40 1.33 1.18 0.96 0.72 0.49 0.38 0.37 0.49 0.68 0.89 1.09 1.20 1.19 1.09 0.92 0.69 0.48
 28   0.36 0.37 0.48 0.70 0.99 1.29 1.49 1.56 1.46 1.22 0.92 0.59 0.34 0.19 0.19 0.34 0.64 0.96 1.26 1.39 1.36 1.19 0.92 0.66
 29   0.38 0.26 0.26 0.42 0.72 1.12 1.48 1.70 1.75 1.56 1.26 0.89 0.52 0.22 0.08 0.12 0.34 0.70 1.16 1.48 1.59 1.52 1.26 0.92
 30   0.58 0.28 0.12 0.16 0.39 0.79 1.28 1.68 1.88 1.82 1.58 1.22 0.74 0.34 0.06-0.06 0.02 0.32 0.82 1.28 1.59 1.66 1.52 1.24
 31   0.84 0.46 0.16 0.04 0.16 0.46 0.94 1.46 1.82 1.94 1.84 1.54 1.12 0.59 0.18-0.09-0.15 0.06 0.46 1.02 1.52 1.76 1.76 1.54
 ----------------------------------------------------------------------------------------------------------------------------
                                                                                               
 ----------------------------------------------------------------------------------------------------------------------------
 ----------------------------------------------------------------------------------------------------------------------------
                                                          SURVEY OF INDIA
                                                    MARINE GEODESY WING (G&RB)
                                                     HOURLY HEIGHTS IN METRES
  NAME OF PORT:- NANCOWRY                                                                           MONTH SEPT      YEAR 2019
 ----------------------------------------------------------------------------------------------------------------------------
 DAYS 0000 0001 0002 0003 0004 0005 0006 0007 0008 0009 0010 0011 0012 0013 0014 0015 0016 0017 0018 0019 0020 0021 0022 0023
 ----------------------------------------------------------------------------------------------------------------------------
  1   1.19 0.79 0.42 0.12 0.04 0.18 0.49 1.06 1.56 1.88 1.94 1.76 1.39 0.96 0.48 0.12-0.12-0.09 0.18 0.66 1.19 1.59 1.78 1.72
  2   1.48 1.09 0.68 0.34 0.09 0.06 0.26 0.64 1.18 1.64 1.87 1.82 1.59 1.24 0.78 0.38 0.07-0.05 0.06 0.36 0.89 1.34 1.68 1.74
  3   1.62 1.36 0.99 0.63 0.32 0.14 0.18 0.36 0.82 1.28 1.64 1.74 1.67 1.42 1.06 0.66 0.29 0.12 0.09 0.26 0.62 1.08 1.46 1.67
  4   1.66 1.48 1.22 0.84 0.54 0.29 0.19 0.28 0.52 0.94 1.34 1.56 1.58 1.46 1.19 0.90 0.56 0.34 0.22 0.26 0.46 0.79 1.18 1.46
  5   1.56 1.48 1.29 1.07 0.79 0.54 0.38 0.36 0.46 0.68 0.99 1.28 1.39 1.38 1.22 0.99 0.78 0.58 0.44 0.38 0.48 0.69 0.96 1.22
  6   1.39 1.42 1.34 1.18 0.98 0.77 0.59 0.49 0.49 0.59 0.80 1.02 1.18 1.22 1.19 1.08 0.92 0.77 0.63 0.56 0.56 0.64 0.79 0.98
  7   1.16 1.26 1.29 1.24 1.12 0.99 0.88 0.74 0.64 0.62 0.69 0.79 0.92 1.02 1.06 1.04 0.98 0.89 0.81 0.74 0.69 0.67 0.69 0.79
  8   0.92 1.06 1.18 1.22 1.22 1.18 1.09 0.98 0.87 0.76 0.68 0.66 0.68 0.76 0.86 0.96 1.02 1.04 1.02 0.96 0.87 0.77 0.70 0.68
  9   0.71 0.79 0.94 1.08 1.19 1.26 1.25 1.18 1.06 0.88 0.72 0.58 0.54 0.56 0.64 0.78 0.93 1.06 1.11 1.09 1.01 0.89 0.74 0.59
 10   0.56 0.58 0.69 0.86 1.06 1.26 1.36 1.35 1.26 1.09 0.84 0.64 0.46 0.41 0.46 0.59 0.79 1.02 1.18 1.24 1.19 1.06 0.86 0.66
 11   0.49 0.44 0.49 0.66 0.89 1.16 1.38 1.46 1.42 1.26 1.02 0.72 0.46 0.33 0.29 0.39 0.62 0.89 1.16 1.29 1.29 1.18 0.97 0.74
 12   0.49 0.36 0.34 0.46 0.72 0.99 1.32 1.52 1.56 1.42 1.18 0.89 0.59 0.34 0.19 0.22 0.39 0.69 1.06 1.34 1.42 1.34 1.14 0.88
 13   0.58 0.34 0.22 0.28 0.46 0.78 1.16 1.46 1.59 1.54 1.34 1.04 0.69 0.38 0.16 0.12 0.24 0.52 0.89 1.26 1.48 1.49 1.32 1.06
 14   0.69 0.42 0.22 0.18 0.29 0.58 0.99 1.38 1.62 1.64 1.48 1.19 0.84 0.48 0.22 0.09 0.16 0.38 0.76 1.19 1.48 1.59 1.48 1.24
 15   0.88 0.56 0.28 0.16 0.19 0.38 0.78 1.22 1.56 1.66 1.59 1.38 1.04 0.66 0.34 0.14 0.12 0.26 0.59 1.06 1.44 1.59 1.62 1.42
 16   1.14 0.78 0.44 0.19 0.12 0.26 0.58 1.02 1.44 1.68 1.72 1.49 1.19 0.84 0.48 0.22 0.12 0.18 0.44 0.89 1.34 1.62 1.66 1.52
 17   1.28 0.94 0.58 0.29 0.16 0.22 0.46 0.84 1.28 1.62 1.69 1.58 1.35 0.99 0.62 0.32 0.16 0.18 0.38 0.76 1.19 1.49 1.64 1.58
 18   1.39 1.09 0.76 0.46 0.24 0.19 0.34 0.64 1.06 1.42 1.59 1.56 1.34 1.06 0.73 0.39 0.19 0.14 0.26 0.54 0.96 1.34 1.58 1.61
 19   1.46 1.22 0.86 0.58 0.34 0.22 0.26 0.46 0.78 1.16 1.39 1.44 1.36 1.14 0.85 0.55 0.30 0.22 0.26 0.44 0.76 1.14 1.41 1.52
 20   1.48 1.29 1.04 0.76 0.52 0.34 0.29 0.42 0.64 0.98 1.26 1.38 1.34 1.19 0.98 0.72 0.49 0.36 0.33 0.42 0.64 0.92 1.22 1.39
 21   1.44 1.34 1.18 0.96 0.69 0.52 0.42 0.44 0.58 0.78 1.02 1.18 1.24 1.19 1.06 0.89 0.68 0.52 0.44 0.46 0.59 0.79 0.99 1.19
 22   1.34 1.34 1.26 1.12 0.94 0.76 0.62 0.54 0.56 0.66 0.82 0.99 1.09 1.12 1.08 0.98 0.84 0.69 0.59 0.54 0.56 0.68 0.82 0.98
 23   1.14 1.23 1.26 1.23 1.12 0.98 0.82 0.69 0.61 0.60 0.65 0.74 0.85 0.94 1.01 1.04 1.01 0.94 0.85 0.76 0.69 0.66 0.68 0.75
 24   0.86 0.98 1.10 1.19 1.23 1.19 1.09 0.94 0.79 0.65 0.54 0.50 0.55 0.66 0.82 0.96 1.07 1.12 1.09 1.00 0.88 0.74 0.62 0.56
 25   0.58 0.68 0.84 1.06 1.24 1.36 1.36 1.26 1.09 0.86 0.64 0.47 0.37 0.38 0.52 0.74 0.99 1.19 1.29 1.26 1.14 0.94 0.70 0.53
 26   0.38 0.39 0.52 0.76 1.08 1.38 1.54 1.54 1.41 1.16 0.82 0.50 0.28 0.17 0.20 0.39 0.72 1.09 1.38 1.48 1.42 1.24 0.92 0.58
 27   0.32 0.19 0.24 0.39 0.78 1.18 1.52 1.66 1.59 1.38 1.06 0.68 0.29 0.02-0.06 0.04 0.32 0.78 1.22 1.54 1.58 1.46 1.18 0.82
 28   0.46 0.16 0.06 0.14 0.36 0.79 1.29 1.69 1.78 1.68 1.44 1.06 0.58 0.18-0.09-0.16-0.02 0.34 0.88 1.38 1.69 1.72 1.54 1.22
 29   0.78 0.38 0.08-0.06 0.04 0.34 0.79 1.34 1.74 1.79 1.68 1.36 0.92 0.44 0.04-0.22-0.19 0.06 0.49 1.08 1.56 1.78 1.72 1.46
 30   1.08 0.66 0.24-0.06-0.09 0.08 0.39 0.96 1.48 1.76 1.76 1.56 1.22 0.76 0.32-0.04-0.19-0.12 0.22 0.72 1.28 1.68 1.81 1.72
 ----------------------------------------------------------------------------------------------------------------------------
                                                                                               
 ----------------------------------------------------------------------------------------------------------------------------
 ----------------------------------------------------------------------------------------------------------------------------
                                                          SURVEY OF INDIA
                                                    MARINE GEODESY WING (G&RB)
                                                     HOURLY HEIGHTS IN METRES
  NAME OF PORT:- NANCOWRY                                                                           MONTH OCTOBER   YEAR 2019
 ----------------------------------------------------------------------------------------------------------------------------
 DAYS 0000 0001 0002 0003 0004 0005 0006 0007 0008 0009 0010 0011 0012 0013 0014 0015 0016 0017 0018 0019 0020 0021 0022 0023
 ----------------------------------------------------------------------------------------------------------------------------
  1   1.39 0.98 0.53 0.18-0.03-0.04 0.18 0.54 1.16 1.54 1.69 1.59 1.30 0.89 0.49 0.13-0.08-0.09 0.12 0.48 1.04 1.46 1.73 1.69
  2   1.48 1.14 0.74 0.34 0.06-0.04 0.08 0.34 0.76 1.22 1.48 1.53 1.39 1.13 0.76 0.39 0.13 0.03 0.08 0.35 0.74 1.19 1.52 1.65
  3   1.54 1.29 0.93 0.56 0.26 0.10 0.08 0.26 0.58 0.94 1.28 1.42 1.39 1.19 0.92 0.63 0.36 0.20 0.20 0.32 0.58 0.96 1.29 1.46
  4   1.44 1.32 1.09 0.79 0.50 0.29 0.22 0.26 0.42 0.68 0.96 1.16 1.21 1.14 0.98 0.78 0.56 0.39 0.32 0.34 0.52 0.74 0.99 1.22
  5   1.32 1.30 1.14 0.94 0.72 0.52 0.38 0.34 0.39 0.53 0.72 0.90 1.04 1.08 1.01 0.89 0.76 0.60 0.49 0.47 0.52 0.64 0.82 0.99
  6   1.12 1.16 1.12 1.02 0.89 0.73 0.59 0.49 0.45 0.49 0.57 0.69 0.81 0.89 0.92 0.89 0.82 0.74 0.66 0.59 0.56 0.60 0.67 0.76
  7   0.86 0.96 1.02 1.02 0.98 0.89 0.79 0.69 0.60 0.54 0.51 0.52 0.57 0.65 0.74 0.82 0.86 0.86 0.81 0.75 0.69 0.63 0.59 0.58
  8   0.61 0.69 0.82 0.94 1.02 1.04 0.99 0.90 0.78 0.65 0.52 0.42 0.39 0.45 0.56 0.69 0.84 0.95 0.99 0.95 0.85 0.72 0.59 0.49
  9   0.46 0.48 0.58 0.75 0.92 1.04 1.11 1.06 0.93 0.72 0.52 0.36 0.26 0.24 0.32 0.48 0.69 0.89 1.05 1.08 0.98 0.84 0.66 0.46
 10   0.34 0.29 0.36 0.55 0.78 1.02 1.18 1.22 1.12 0.94 0.69 0.44 0.26 0.14 0.17 0.34 0.56 0.80 1.06 1.18 1.15 0.99 0.76 0.52
 11   0.29 0.19 0.21 0.33 0.59 0.89 1.14 1.29 1.24 1.07 0.82 0.52 0.26 0.08 0.03 0.11 0.36 0.69 1.02 1.26 1.32 1.20 0.95 0.65
 12   0.36 0.16 0.06 0.14 0.39 0.69 1.04 1.32 1.39 1.28 1.02 0.69 0.39 0.14 0.00 0.05 0.26 0.57 0.94 1.29 1.47 1.38 1.12 0.84
 13   0.49 0.23 0.09 0.08 0.25 0.53 0.87 1.24 1.46 1.40 1.16 0.84 0.52 0.22 0.01-0.04 0.12 0.42 0.79 1.22 1.46 1.52 1.30 0.99
 14   0.62 0.31 0.08-0.03 0.06 0.29 0.64 1.04 1.39 1.48 1.30 1.00 0.66 0.33 0.08-0.04 0.02 0.24 0.62 1.08 1.46 1.58 1.42 1.14
 15   0.77 0.40 0.09-0.09-0.08 0.12 0.46 0.88 1.28 1.48 1.39 1.12 0.79 0.42 0.14-0.03-0.02 0.18 0.52 0.96 1.36 1.62 1.59 1.32
 16   0.99 0.60 0.25 0.02-0.06 0.08 0.34 0.69 1.12 1.39 1.46 1.24 0.94 0.60 0.26 0.04-0.06 0.06 0.32 0.69 1.12 1.48 1.59 1.46
 17   1.14 0.79 0.42 0.12-0.07-0.03 0.16 0.46 0.84 1.23 1.38 1.30 1.08 0.74 0.43 0.14-0.03-0.02 0.19 0.52 0.89 1.29 1.50 1.52
 18   1.29 0.96 0.59 0.26 0.06-0.02 0.08 0.32 0.62 0.98 1.24 1.29 1.14 0.89 0.59 0.29 0.09 0.06 0.16 0.39 0.76 1.08 1.36 1.47
 19   1.38 1.14 0.82 0.49 0.26 0.11 0.11 0.26 0.49 0.78 1.04 1.19 1.16 0.98 0.74 0.48 0.28 0.18 0.19 0.36 0.59 0.89 1.19 1.38
 20   1.38 1.22 0.98 0.72 0.46 0.28 0.18 0.19 0.34 0.56 0.82 1.02 1.08 1.02 0.86 0.66 0.48 0.36 0.29 0.34 0.48 0.68 0.92 1.12
 21   1.22 1.19 1.08 0.88 0.68 0.49 0.35 0.28 0.31 0.45 0.63 0.79 0.92 0.96 0.94 0.84 0.70 0.59 0.50 0.46 0.48 0.56 0.69 0.88
 22   1.06 1.13 1.13 1.08 0.96 0.82 0.66 0.49 0.41 0.40 0.46 0.58 0.69 0.82 0.92 0.94 0.91 0.84 0.75 0.64 0.56 0.52 0.53 0.62
 23   0.76 0.92 1.06 1.15 1.16 1.08 0.94 0.76 0.58 0.42 0.32 0.30 0.38 0.54 0.74 0.94 1.06 1.08 1.04 0.92 0.76 0.60 0.49 0.44
 24   0.48 0.62 0.79 1.02 1.19 1.26 1.22 1.08 0.86 0.59 0.36 0.22 0.16 0.19 0.42 0.69 0.98 1.19 1.26 1.19 1.02 0.78 0.52 0.35
 25   0.26 0.29 0.46 0.71 1.04 1.28 1.38 1.32 1.12 0.84 0.49 0.22 0.02-0.03 0.14 0.38 0.76 1.12 1.39 1.45 1.30 1.04 0.74 0.42
 26   0.19 0.09 0.14 0.36 0.69 1.12 1.42 1.55 1.44 1.16 0.79 0.39 0.09-0.09-0.09 0.09 0.44 0.88 1.29 1.53 1.52 1.34 1.04 0.64
 27   0.27 0.04-0.06 0.06 0.32 0.74 1.19 1.49 1.56 1.39 1.02 0.64 0.18-0.14-0.26-0.18 0.12 0.54 1.13 1.52 1.66 1.58 1.32 0.94
 28   0.48 0.09-0.14-0.16 0.04 0.38 0.79 1.28 1.58 1.54 1.32 0.94 0.49 0.12-0.16-0.26-0.09 0.26 0.76 1.29 1.66 1.74 1.58 1.22
 29   0.78 0.34 0.02-0.19-0.16 0.09 0.49 0.98 1.39 1.54 1.44 1.18 0.79 0.38-0.02-0.19-0.18 0.06 0.44 0.99 1.44 1.68 1.64 1.42
 30   1.02 0.58 0.18-0.12-0.22-0.09 0.22 0.66 1.12 1.38 1.44 1.29 0.98 0.60 0.28-0.02-0.12-0.02 0.28 0.69 1.18 1.49 1.62 1.52
 31   1.23 0.84 0.42 0.08-0.11-0.15 0.04 0.36 0.78 1.14 1.36 1.34 1.14 0.82 0.48 0.19 0.01 0.02 0.19 0.48 0.89 1.24 1.49 1.52
 ----------------------------------------------------------------------------------------------------------------------------
                                                                                               
 ----------------------------------------------------------------------------------------------------------------------------
 ----------------------------------------------------------------------------------------------------------------------------
                                                          SURVEY OF INDIA
                                                    MARINE GEODESY WING (G&RB)
                                                     HOURLY HEIGHTS IN METRES
  NAME OF PORT:- NANCOWRY                                                                           MONTH NOVEMBER  YEAR 2019
 ----------------------------------------------------------------------------------------------------------------------------
 DAYS 0000 0001 0002 0003 0004 0005 0006 0007 0008 0009 0010 0011 0012 0013 0014 0015 0016 0017 0018 0019 0020 0021 0022 0023
 ----------------------------------------------------------------------------------------------------------------------------
  1
  2
  3
  4
  5
  6   0.66 0.78 0.86 0.92 0.94 0.89 0.82 0.72 0.59 0.46 0.38 0.36 0.42 0.54 0.67 0.79 0.89 0.94 0.92 0.84 0.73 0.62 0.53 0.48
  7   0.49 0.56 0.69 0.86 0.97 1.02 0.98 0.88 0.73 0.55 0.39 0.28 0.25 0.29 0.46 0.68 0.86 0.99 1.06 1.02 0.90 0.72 0.54 0.39
  8   0.32 0.34 0.46 0.64 0.86 1.02 1.08 1.02 0.88 0.67 0.42 0.24 0.14 0.14 0.26 0.46 0.74 0.99 1.12 1.12 1.01 0.82 0.59 0.39
  9   0.21 0.17 0.25 0.42 0.66 0.92 1.09 1.12 1.02 0.82 0.56 0.32 0.14 0.06 0.12 0.32 0.65 0.96 1.18 1.29 1.22 1.02 0.76 0.48
 10   0.24 0.09 0.09 0.22 0.48 0.79 1.09 1.24 1.18 0.98 0.72 0.42 0.16 0.02 0.02 0.18 0.48 0.84 1.16 1.38 1.44 1.28 0.98 0.66
 11   0.34 0.09 0.02 0.08 0.29 0.64 0.99 1.24 1.30 1.18 0.92 0.62 0.30 0.08-0.01 0.08 0.32 0.68 1.08 1.38 1.52 1.39 1.14 0.79
 12   0.44 0.14-0.06-0.05 0.12 0.42 0.82 1.16 1.33 1.28 1.06 0.76 0.42 0.14-0.05-0.06 0.14 0.46 0.88 1.29 1.52 1.49 1.32 0.99
 13   0.58 0.24-0.02-0.09-0.02 0.22 0.59 0.99 1.26 1.32 1.20 0.92 0.56 0.26 0.02-0.08 0.02 0.29 0.66 1.12 1.46 1.57 1.46 1.18
 14   0.82 0.44 0.12-0.09-0.10 0.08 0.38 0.76 1.14 1.34 1.29 1.08 0.76 0.42 0.16-0.04-0.04 0.14 0.48 0.92 1.32 1.56 1.56 1.36
 15   1.02 0.64 0.28-0.02-0.12-0.07 0.16 0.52 0.92 1.19 1.28 1.18 0.92 0.62 0.32 0.09-0.02 0.08 0.32 0.66 1.09 1.42 1.56 1.46
 16   1.18 0.86 0.49 0.18-0.04-0.08 0.06 0.32 0.69 1.02 1.22 1.19 1.02 0.74 0.46 0.24 0.08 0.06 0.19 0.46 0.79 1.16 1.42 1.44
 17   1.28 0.99 0.69 0.36 0.12-0.02 0.02 0.17 0.44 0.74 1.01 1.14 1.07 0.88 0.64 0.42 0.24 0.14 0.16 0.34 0.58 0.86 1.14 1.31
 18   1.29 1.14 0.89 0.62 0.34 0.16 0.08 0.09 0.28 0.52 0.78 0.98 1.05 0.98 0.82 0.59 0.42 0.29 0.24 0.29 0.44 0.68 0.92 1.14
 19   1.24 1.22 1.06 0.84 0.59 0.38 0.22 0.14 0.17 0.29 0.49 0.72 0.89 0.98 0.95 0.84 0.68 0.53 0.42 0.36 0.38 0.49 0.65 0.86
 20   1.06 1.16 1.16 1.07 0.90 0.69 0.49 0.34 0.24 0.24 0.32 0.46 0.66 0.86 0.96 0.96 0.89 0.78 0.66 0.54 0.46 0.44 0.48 0.59
 21   0.76 0.93 1.06 1.12 1.08 0.94 0.74 0.54 0.36 0.22 0.16 0.22 0.38 0.59 0.82 0.99 1.08 1.06 0.95 0.80 0.63 0.48 0.36 0.34
 22   0.42 0.58 0.79 0.99 1.12 1.12 0.99 0.79 0.57 0.34 0.16 0.07 0.10 0.26 0.52 0.82 1.08 1.19 1.19 1.06 0.86 0.62 0.41 0.26
 23   0.22 0.30 0.48 0.74 1.04 1.22 1.22 1.08 0.84 0.56 0.28 0.06-0.06-0.02 0.19 0.49 0.88 1.22 1.39 1.36 1.19 0.92 0.58 0.24
 24   0.10 0.08 0.17 0.39 0.69 1.04 1.28 1.29 1.14 0.86 0.52 0.22-0.01-0.12-0.02 0.24 0.62 1.06 1.42 1.54 1.44 1.19 0.84 0.48
 25   0.16-0.04-0.06 0.10 0.39 0.76 1.14 1.38 1.37 1.16 0.82 0.44 0.12-0.09-0.14 0.04 0.34 0.78 1.24 1.56 1.62 1.45 1.12 0.74
 26   0.33 0.04-0.15-0.12 0.12 0.46 0.86 1.24 1.39 1.32 1.06 0.72 0.36 0.06-0.14-0.12 0.14 0.49 0.96 1.39 1.64 1.62 1.39 1.04
 27   0.59 0.19-0.08-0.18-0.09 0.18 0.56 0.98 1.29 1.42 1.26 0.92 0.56 0.22-0.06-0.16-0.06 0.24 0.62 1.08 1.45 1.63 1.49 1.22
 28   0.79 0.38 0.06-0.18-0.24-0.08 0.26 0.64 1.03 1.26 1.26 1.04 0.71 0.39 0.10-0.08-0.14 0.04 0.35 0.74 1.18 1.45 1.49 1.36
 29   1.06 0.64 0.26-0.06-0.19-0.16 0.04 0.38 0.76 1.06 1.22 1.16 0.89 0.58 0.29 0.09-0.04 0.02 0.24 0.56 0.92 1.24 1.44 1.42
 30   1.18 0.86 0.48 0.19-0.02-0.12-0.04 0.23 0.54 0.89 1.12 1.12 0.96 0.72 0.46 0.24 0.09 0.08 0.19 0.42 0.72 1.06 1.32 1.38
 ----------------------------------------------------------------------------------------------------------------------------
                                                                                               
 ----------------------------------------------------------------------------------------------------------------------------
 ----------------------------------------------------------------------------------------------------------------------------
                                                          SURVEY OF INDIA
                                                    MARINE GEODESY WING (G&RB)
                                                     HOURLY HEIGHTS IN METRES
  NAME OF PORT:- NANCOWRY                                                                           MONTH DECEMBER  YEAR 2019
 ----------------------------------------------------------------------------------------------------------------------------
 DAYS 0000 0001 0002 0003 0004 0005 0006 0007 0008 0009 0010 0011 0012 0013 0014 0015 0016 0017 0018 0019 0020 0021 0022 0023
 ----------------------------------------------------------------------------------------------------------------------------
  1   1.26 0.99 0.69 0.39 0.18 0.05 0.06 0.19 0.43 0.71 0.96 1.04 0.98 0.82 0.62 0.42 0.24 0.16 0.19 0.34 0.56 0.82 1.09 1.22
  2   1.20 1.07 0.84 0.58 0.34 0.17 0.10 0.14 0.28 0.48 0.72 0.91 0.96 0.89 0.75 0.58 0.43 0.34 0.31 0.36 0.49 0.68 0.88 1.06
  3   1.16 1.12 0.99 0.79 0.57 0.38 0.26 0.22 0.28 0.39 0.56 0.74 0.86 0.91 0.86 0.76 0.64 0.53 0.46 0.44 0.49 0.59 0.74 0.90
  4   1.02 1.06 0.98 0.82 0.64 0.49 0.38 0.32 0.32 0.39 0.53 0.67 0.79 0.86 0.88 0.85 0.78 0.67 0.58 0.53 0.52 0.56 0.65 0.77
  5   0.88 0.96 0.98 0.93 0.82 0.69 0.56 0.45 0.38 0.35 0.37 0.46 0.59 0.72 0.82 0.88 0.89 0.86 0.79 0.69 0.59 0.53 0.52 0.56
  6   0.65 0.77 0.86 0.92 0.94 0.90 0.81 0.67 0.52 0.40 0.34 0.34 0.42 0.55 0.71 0.86 0.96 0.99 0.96 0.87 0.73 0.59 0.49 0.44
  7   0.46 0.54 0.68 0.82 0.94 0.99 0.96 0.85 0.69 0.52 0.38 0.29 0.30 0.39 0.57 0.78 0.99 1.12 1.14 1.08 0.94 0.76 0.56 0.39
  8   0.33 0.38 0.48 0.66 0.88 1.03 1.08 1.02 0.88 0.68 0.46 0.29 0.24 0.28 0.42 0.64 0.89 1.14 1.28 1.28 1.18 0.94 0.68 0.46
  9   0.28 0.25 0.31 0.46 0.69 0.96 1.12 1.14 1.06 0.86 0.62 0.38 0.22 0.18 0.28 0.48 0.78 1.09 1.36 1.44 1.37 1.18 0.88 0.58
 10   0.32 0.19 0.19 0.32 0.54 0.84 1.14 1.26 1.19 1.02 0.76 0.49 0.26 0.14 0.16 0.32 0.58 0.94 1.29 1.52 1.52 1.38 1.09 0.76
 11   0.42 0.18 0.09 0.14 0.32 0.59 0.96 1.19 1.29 1.22 0.98 0.66 0.38 0.16 0.08 0.16 0.38 0.72 1.14 1.46 1.62 1.58 1.34 0.99
 12   0.59 0.28 0.06 0.04 0.16 0.39 0.72 1.04 1.26 1.32 1.14 0.84 0.54 0.24 0.06 0.04 0.18 0.48 0.88 1.28 1.50 1.58 1.46 1.14
 13   0.76 0.38 0.08-0.06-0.02 0.18 0.48 0.88 1.16 1.29 1.24 1.02 0.69 0.38 0.14 0.02 0.04 0.28 0.59 1.04 1.42 1.62 1.58 1.36
 14   0.96 0.59 0.22-0.04-0.12-0.02 0.22 0.54 0.94 1.20 1.26 1.14 0.88 0.56 0.26 0.06-0.01 0.10 0.36 0.72 1.18 1.46 1.56 1.46
 15   1.18 0.82 0.44 0.09-0.10-0.12 0.01 0.29 0.66 1.00 1.19 1.22 1.06 0.78 0.48 0.22 0.04 0.04 0.19 0.48 0.86 1.24 1.48 1.52
 16   1.36 1.06 0.69 0.34 0.07-0.08-0.08 0.10 0.39 0.74 1.05 1.21 1.18 0.99 0.72 0.44 0.22 0.09 0.12 0.32 0.58 0.89 1.20 1.43
 17   1.43 1.27 0.97 0.64 0.33 0.10-0.02 0.01 0.19 0.44 0.78 1.06 1.16 1.08 0.89 0.68 0.46 0.28 0.19 0.24 0.39 0.66 0.98 1.26
 18   1.38 1.33 1.16 0.88 0.58 0.32 0.12 0.04 0.09 0.26 0.52 0.84 1.02 1.09 1.04 0.90 0.69 0.50 0.36 0.30 0.34 0.48 0.69 0.94
 19   1.16 1.26 1.21 1.08 0.84 0.58 0.34 0.18 0.11 0.14 0.28 0.54 0.79 0.99 1.08 1.06 0.96 0.82 0.64 0.49 0.42 0.42 0.49 0.64
 20   0.84 1.04 1.16 1.14 1.04 0.86 0.64 0.42 0.26 0.18 0.19 0.32 0.52 0.79 1.02 1.12 1.14 1.07 0.92 0.74 0.56 0.43 0.38 0.42
 21   0.54 0.74 0.94 1.09 1.14 1.08 0.92 0.68 0.46 0.27 0.16 0.14 0.26 0.48 0.74 0.99 1.18 1.23 1.18 1.03 0.82 0.58 0.39 0.32
 22   0.32 0.39 0.58 0.79 1.02 1.12 1.09 0.95 0.74 0.49 0.29 0.16 0.14 0.26 0.48 0.76 1.08 1.28 1.35 1.28 1.09 0.84 0.56 0.34
 23   0.22 0.19 0.29 0.49 0.78 1.04 1.17 1.14 0.98 0.76 0.48 0.24 0.09 0.08 0.22 0.46 0.78 1.16 1.39 1.44 1.34 1.09 0.78 0.48
 24   0.18 0.08 0.09 0.24 0.48 0.78 1.09 1.19 1.16 1.01 0.74 0.46 0.19 0.06 0.08 0.24 0.54 0.92 1.28 1.48 1.49 1.34 1.06 0.68
 25   0.32 0.08-0.04 0.02 0.22 0.49 0.86 1.14 1.24 1.14 0.92 0.66 0.36 0.12 0.01 0.08 0.29 0.59 0.99 1.36 1.52 1.48 1.24 0.92
 26   0.48 0.16-0.06-0.12-0.02 0.24 0.59 0.98 1.19 1.22 1.09 0.86 0.56 0.26 0.07 0.00 0.12 0.38 0.74 1.14 1.44 1.56 1.44 1.16
 27   0.74 0.38 0.08-0.09-0.09 0.08 0.36 0.74 1.08 1.24 1.23 1.04 0.76 0.46 0.19 0.06 0.06 0.24 0.54 0.89 1.29 1.52 1.55 1.36
 28   1.02 0.64 0.29 0.02-0.09-0.04 0.18 0.49 0.86 1.15 1.26 1.16 0.94 0.68 0.38 0.16 0.06 0.12 0.36 0.68 1.04 1.36 1.50 1.44
 29   1.18 0.86 0.49 0.19-0.02-0.06 0.07 0.29 0.64 0.98 1.18 1.19 1.06 0.79 0.52 0.29 0.14 0.09 0.24 0.49 0.82 1.16 1.39 1.44
 30   1.29 1.02 0.68 0.38 0.14-0.01 0.02 0.18 0.44 0.75 1.04 1.16 1.11 0.92 0.69 0.46 0.26 0.15 0.19 0.38 0.64 0.94 1.22 1.36
 31   1.34 1.16 0.88 0.57 0.29 0.12 0.06 0.14 0.34 0.58 0.86 1.06 1.09 0.99 0.82 0.62 0.42 0.27 0.25 0.34 0.49 0.76 1.04 1.22
 ----------------------------------------------------------------------------------------------------------------------------
                                                                                              
 ----------------------------------------------------------------------------------------------------------------------------
 ----------------------------------------------------------------------------------------------------------------------------
