                                                          SURVEY OF INDIA
                                                    MARINE GEODESY WING (G&RB)
                                                     HOURLY HEIGHTS IN METRES
  NAME OF PORT:- NANCOWRY                                                                           MONTH JANUARY   YEAR 2021
 ----------------------------------------------------------------------------------------------------------------------------
 DAYS 0000 0001 0002 0003 0004 0005 0006 0007 0008 0009 0010 0011 0012 0013 0014 0015 0016 0017 0018 0019 0020 0021 0022 0023
 ----------------------------------------------------------------------------------------------------------------------------
  1   1.14 0.80 0.44 0.16 0.02 0.06 0.30 0.70 1.06 1.27 1.34 1.23 1.02 0.74 0.47 0.25 0.15 0.22 0.45 0.85 1.27 1.56 1.65 1.57
  2   1.36 1.03 0.65 0.32 0.11 0.04 0.15 0.42 0.83 1.17 1.34 1.31 1.16 0.94 0.66 0.40 0.20 0.16 0.33 0.63 1.04 1.42 1.61 1.59
  3   1.44 1.18 0.84 0.49 0.21 0.05 0.08 0.30 0.80 1.06 1.22 1.28 1.22 1.02 0.74 0.46 0.30 0.24 0.26 0.43 0.78 1.16 1.44 1.53
  4   1.50 1.30 1.02 0.70 0.40 0.17 0.08 0.16 0.42 0.76 1.06 1.26 1.29 1.22 1.06 0.80 0.53 0.32 0.25 0.34 0.56 0.85 1.18 1.41
  5   1.48 1.43 1.22 0.95 0.66 0.40 0.19 0.16 0.24 0.48 0.80 1.05 1.22 1.25 1.18 1.02 0.83 0.64 0.48 0.41 0.46 0.66 0.90 1.14
  6   1.32 1.37 1.30 1.10 0.88 0.64 0.40 0.24 0.20 0.36 0.58 0.84 1.10 1.30 1.35 1.28 1.12 0.93 0.72 0.60 0.55 0.58 0.72 0.93
  7   1.13 1.28 1.30 1.22 1.06 0.86 0.65 0.44 0.31 0.28 0.40 0.60 0.84 1.04 1.20 1.28 1.26 1.13 0.98 0.82 0.68 0.58 0.56 0.64
  8   0.80 0.98 1.13 1.20 1.18 1.06 0.88 0.68 0.50 0.36 0.32 0.38 0.56 0.80 1.05 1.24 1.35 1.34 1.24 1.07 0.87 0.70 0.54 0.46
  9   0.50 0.65 0.85 1.02 1.18 1.21 1.11 0.94 0.75 0.54 0.40 0.37 0.41 0.53 0.76 1.05 1.30 1.46 1.48 1.37 1.18 0.94 0.68 0.48
 10   0.34 0.36 0.50 0.72 0.94 1.16 1.22 1.16 1.00 0.78 0.56 0.32 0.26 0.32 0.50 0.77 1.14 1.40 1.55 1.54 1.41 1.19 0.90 0.58
 11   0.35 0.22 0.24 0.42 0.73 1.01 1.25 1.30 1.23 1.06 0.84 0.56 0.34 0.22 0.24 0.44 0.76 1.13 1.42 1.63 1.62 1.44 1.18 0.86
 12   0.50 0.22 0.10 0.18 0.39 0.72 1.05 1.30 1.37 1.28 1.06 0.80 0.54 0.31 0.18 0.26 0.50 0.88 1.28 1.56 1.67 1.63 1.44 1.12
 13   0.72 0.37 0.11 0.05 0.13 0.42 0.80 1.16 1.33 1.34 1.24 1.04 0.74 0.44 0.24 0.16 0.24 0.54 0.96 1.40 1.66 1.74 1.64 1.38
 14   1.00 0.62 0.26 0.05-0.01 0.12 0.48 0.87 1.20 1.35 1.34 1.18 0.94 0.64 0.36 0.16 0.15 0.30 0.66 1.10 1.49 1.70 1.74 1.57
 15   1.26 0.90 0.50 0.18 0.01 0.02 0.26 0.62 0.96 1.30 1.42 1.38 1.20 0.90 0.60 0.30 0.16 0.21 0.40 0.78 1.23 1.54 1.72 1.67
 16   1.34 0.99 0.64 0.30 0.10 0.06 0.21 0.53 0.88 1.15 1.34 1.37 1.25 1.04 0.75 0.50 0.28 0.19 0.32 0.60 1.00 1.35 1.58 1.62
 17   1.44 1.10 0.71 0.37 0.09 0.01 0.11 0.39 0.80 1.13 1.33 1.38 1.30 1.11 0.87 0.60 0.39 0.26 0.29 0.46 0.79 1.16 1.42 1.52
 18   1.50 1.34 1.06 0.76 0.46 0.22 0.14 0.24 0.50 0.83 1.10 1.27 1.31 1.20 1.01 0.80 0.56 0.40 0.36 0.46 0.67 0.97 1.23 1.40
 19   1.43 1.34 1.16 0.90 0.62 0.38 0.26 0.26 0.44 0.70 0.96 1.17 1.26 1.24 1.11 0.94 0.74 0.56 0.48 0.51 0.62 0.82 1.02 1.22
 20   1.30 1.28 1.16 0.96 0.73 0.52 0.36 0.31 0.38 0.58 0.80 1.02 1.16 1.22 1.18 1.06 0.90 0.74 0.60 0.54 0.58 0.70 0.84 1.00
 21   1.10 1.14 1.09 0.96 0.80 0.64 0.49 0.42 0.43 0.54 0.68 0.86 1.02 1.12 1.16 1.12 1.01 0.88 0.74 0.63 0.58 0.59 0.67 0.78
 22   0.88 0.97 1.00 0.96 0.86 0.74 0.64 0.54 0.49 0.50 0.58 0.69 0.82 0.95 1.05 1.10 1.09 1.02 0.92 0.81 0.70 0.62 0.62 0.68
 23   0.76 0.84 0.90 0.93 0.92 0.86 0.77 0.68 0.59 0.53 0.52 0.57 0.68 0.80 0.94 1.06 1.14 1.14 1.08 0.98 0.85 0.70 0.60 0.55
 24   0.54 0.57 0.66 0.76 0.86 0.90 0.89 0.82 0.71 0.61 0.52 0.48 0.52 0.62 0.77 0.94 1.10 1.20 1.22 1.17 1.04 0.86 0.66 0.52
 25   0.44 0.44 0.52 0.65 0.80 0.92 0.98 0.96 0.86 0.73 0.58 0.46 0.40 0.42 0.54 0.72 0.93 1.14 1.28 1.30 1.22 1.04 0.80 0.58
 26   0.38 0.29 0.30 0.42 0.63 0.86 1.03 1.09 1.04 0.92 0.73 0.54 0.36 0.30 0.34 0.48 0.73 1.02 1.28 1.43 1.43 1.28 1.04 0.76
 27   0.50 0.24 0.16 0.20 0.39 0.67 0.94 1.13 1.16 1.07 0.88 0.66 0.42 0.25 0.20 0.28 0.50 0.83 1.17 1.44 1.54 1.47 1.24 0.94
 28   0.56 0.24 0.06 0.02 0.16 0.48 0.83 1.12 1.25 1.22 1.08 0.87 0.60 0.34 0.16 0.15 0.30 0.62 1.02 1.36 1.55 1.58 1.43 1.15
 29   0.80 0.40 0.14 0.00 0.04 0.25 0.63 1.01 1.28 1.38 1.31 1.10 0.81 0.49 0.23 0.08 0.12 0.34 0.75 1.19 1.51 1.65 1.61 1.42
 30   1.06 0.66 0.28 0.00-0.09 0.01 0.30 0.78 1.17 1.37 1.38 1.26 1.02 0.70 0.32 0.11 0.04 0.16 0.48 0.93 1.38 1.64 1.70 1.55
 31   1.28 0.88 0.45 0.11-0.12-0.14 0.05 0.49 0.93 1.26 1.42 1.39 1.21 0.92 0.58 0.26 0.08 0.07 0.27 0.65 1.12 1.48 1.64 1.62
 ----------------------------------------------------------------------------------------------------------------------------
                                                                                               
 ----------------------------------------------------------------------------------------------------------------------------
 ----------------------------------------------------------------------------------------------------------------------------
                                                          SURVEY OF INDIA
                                                    MARINE GEODESY WING (G&RB)
                                                     HOURLY HEIGHTS IN METRES
  NAME OF PORT:- NANCOWRY                                                                           MONTH FEBRUARY  YEAR 2021
 ----------------------------------------------------------------------------------------------------------------------------
 DAYS 0000 0001 0002 0003 0004 0005 0006 0007 0008 0009 0010 0011 0012 0013 0014 0015 0016 0017 0018 0019 0020 0021 0022 0023
 ----------------------------------------------------------------------------------------------------------------------------
  1   1.44 1.11 0.66 0.28-0.01-0.13-0.07 0.26 0.71 1.10 1.36 1.44 1.36 1.16 0.86 0.51 0.23 0.08 0.14 0.40 0.82 1.24 1.50 1.57
  2   1.51 1.36 1.12 0.78 0.43 0.15 0.00 0.09 0.41 0.86 1.22 1.40 1.44 1.32 1.09 0.78 0.47 0.23 0.14 0.24 0.48 0.92 1.28 1.48
  3   1.52 1.32 0.95 0.56 0.20-0.04-0.14-0.05 0.19 0.57 0.96 1.27 1.40 1.37 1.22 1.00 0.73 0.48 0.30 0.25 0.38 0.64 0.98 1.24
  4   1.34 1.33 1.20 0.96 0.66 0.38 0.18 0.10 0.17 0.45 0.75 1.04 1.27 1.34 1.30 1.14 0.95 0.72 0.49 0.34 0.34 0.46 0.69 0.92
  5   1.10 1.18 1.16 1.04 0.83 0.60 0.39 0.24 0.21 0.31 0.52 0.78 1.03 1.21 1.29 1.28 1.16 0.98 0.77 0.58 0.46 0.44 0.52 0.66
  6   0.82 0.97 1.05 1.04 0.95 0.80 0.65 0.49 0.37 0.34 0.41 0.56 0.77 0.97 1.16 1.25 1.24 1.15 1.00 0.84 0.68 0.54 0.45 0.46
  7   0.57 0.70 0.84 0.94 0.98 0.96 0.88 0.76 0.62 0.48 0.40 0.42 0.51 0.67 0.87 1.06 1.21 1.28 1.26 1.14 0.96 0.77 0.57 0.42
  8   0.36 0.40 0.52 0.70 0.87 1.00 1.05 1.01 0.87 0.71 0.56 0.42 0.36 0.42 0.58 0.80 1.05 1.25 1.36 1.34 1.22 1.00 0.74 0.48
  9   0.28 0.18 0.23 0.40 0.65 0.91 1.09 1.16 1.10 0.95 0.74 0.52 0.34 0.26 0.31 0.48 0.76 1.08 1.34 1.47 1.45 1.30 1.04 0.74
 10   0.42 0.19 0.10 0.16 0.40 0.69 1.01 1.21 1.28 1.18 0.96 0.72 0.46 0.26 0.17 0.26 0.50 0.85 1.22 1.53 1.64 1.54 1.32 1.00
 11   0.62 0.30 0.07 0.01 0.15 0.43 0.82 1.14 1.34 1.34 1.21 0.97 0.66 0.36 0.16 0.10 0.25 0.58 0.96 1.36 1.64 1.66 1.50 1.22
 12   0.86 0.46 0.18 0.00 0.01 0.22 0.64 1.01 1.31 1.44 1.36 1.13 0.84 0.56 0.27 0.12 0.14 0.37 0.78 1.22 1.55 1.70 1.64 1.42
 13   1.08 0.64 0.28 0.02-0.04 0.08 0.38 0.83 1.24 1.44 1.45 1.30 1.05 0.72 0.38 0.14 0.04 0.14 0.43 0.88 1.38 1.63 1.66 1.53
 14   1.26 0.84 0.46 0.12-0.06-0.04 0.16 0.57 1.00 1.31 1.44 1.39 1.17 0.89 0.56 0.24 0.06 0.08 0.24 0.63 1.12 1.46 1.60 1.53
 15   1.31 1.00 0.66 0.30 0.04-0.04 0.08 0.39 0.82 1.18 1.42 1.42 1.27 1.02 0.72 0.40 0.17 0.08 0.12 0.37 0.79 1.27 1.51 1.53
 16   1.39 1.18 0.95 0.70 0.47 0.28 0.18 0.24 0.46 0.76 1.05 1.25 1.35 1.31 1.00 0.56 0.30 0.18 0.19 0.34 0.60 1.04 1.34 1.44
 17   1.36 1.12 0.86 0.58 0.32 0.14 0.12 0.24 0.48 0.88 1.18 1.34 1.34 1.22 1.00 0.72 0.47 0.30 0.25 0.32 0.50 0.82 1.13 1.35
 18   1.36 1.13 0.78 0.44 0.17 0.04 0.05 0.30 0.65 0.95 1.18 1.31 1.33 1.25 1.08 0.87 0.64 0.43 0.33 0.34 0.46 0.68 0.96 1.14
 19   1.20 1.14 0.99 0.80 0.57 0.38 0.27 0.30 0.46 0.67 0.90 1.12 1.24 1.26 1.16 1.00 0.82 0.64 0.51 0.45 0.49 0.62 0.80 0.97
 20   1.06 1.06 0.98 0.84 0.68 0.54 0.42 0.38 0.44 0.58 0.77 0.94 1.07 1.14 1.14 1.06 0.95 0.82 0.69 0.58 0.54 0.57 0.65 0.74
 21   0.83 0.88 0.88 0.82 0.73 0.62 0.51 0.42 0.42 0.50 0.61 0.72 0.84 0.94 1.01 1.03 1.00 0.92 0.83 0.74 0.64 0.56 0.53 0.54
 22   0.59 0.66 0.72 0.77 0.79 0.78 0.73 0.66 0.60 0.55 0.53 0.55 0.62 0.72 0.83 0.94 1.02 1.06 1.04 0.96 0.86 0.74 0.60 0.50
 23   0.46 0.47 0.53 0.64 0.76 0.85 0.89 0.86 0.77 0.66 0.56 0.48 0.45 0.49 0.60 0.78 0.96 1.11 1.20 1.19 1.09 0.93 0.72 0.50
 24   0.35 0.30 0.34 0.47 0.68 0.87 1.00 1.02 0.96 0.83 0.66 0.50 0.36 0.32 0.40 0.58 0.82 1.07 1.26 1.33 1.28 1.12 0.88 0.60
 25   0.36 0.16 0.13 0.23 0.45 0.73 0.98 1.11 1.11 1.01 0.84 0.62 0.38 0.22 0.19 0.32 0.56 0.89 1.20 1.44 1.48 1.36 1.12 0.78
 26   0.44 0.16 0.00 0.01 0.19 0.52 0.88 1.16 1.28 1.23 1.04 0.78 0.48 0.22 0.10 0.10 0.28 0.61 1.06 1.41 1.58 1.55 1.36 1.04
 27   0.64 0.27 0.00-0.13-0.04 0.24 0.67 1.07 1.36 1.39 1.26 1.03 0.70 0.38 0.10-0.04 0.04 0.33 0.79 1.28 1.58 1.68 1.58 1.30
 28   0.89 0.46 0.07-0.16-0.18 0.00 0.41 0.92 1.33 1.52 1.47 1.26 0.94 0.56 0.21-0.03-0.06 0.12 0.50 1.00 1.48 1.70 1.71 1.50
 ----------------------------------------------------------------------------------------------------------------------------
                                                                                               
 ----------------------------------------------------------------------------------------------------------------------------
 ----------------------------------------------------------------------------------------------------------------------------
                                                          SURVEY OF INDIA
                                                    MARINE GEODESY WING (G&RB)
                                                     HOURLY HEIGHTS IN METRES
  NAME OF PORT:- NANCOWRY                                                                           MONTH MARCH     YEAR 2021
 ----------------------------------------------------------------------------------------------------------------------------
 DAYS 0000 0001 0002 0003 0004 0005 0006 0007 0008 0009 0010 0011 0012 0013 0014 0015 0016 0017 0018 0019 0020 0021 0022 0023
 ----------------------------------------------------------------------------------------------------------------------------
  1   1.12 0.69 0.26-0.06-0.22-0.16 0.12 0.59 1.09 1.47 1.58 1.47 1.20 0.84 0.43 0.09-0.10-0.06 0.19 0.64 1.16 1.56 1.68 1.58
  2   1.28 0.88 0.46 0.08-0.18-0.25-0.12 0.26 0.82 1.28 1.56 1.60 1.46 1.07 0.69 0.32 0.06-0.06 0.00 0.29 0.72 1.20 1.50 1.55
  3   1.42 1.10 0.70 0.30-0.02-0.18-0.16 0.11 0.53 1.02 1.40 1.56 1.50 1.26 0.94 0.57 0.24 0.04 0.01 0.13 0.43 0.84 1.23 1.43
  4   1.43 1.25 0.95 0.58 0.26 0.04-0.02 0.07 0.34 0.75 1.16 1.40 1.46 1.35 1.12 0.80 0.50 0.24 0.12 0.13 0.30 0.59 0.93 1.16
  5   1.25 1.21 1.01 0.77 0.50 0.28 0.14 0.14 0.29 0.58 0.90 1.19 1.32 1.30 1.17 0.98 0.72 0.48 0.29 0.20 0.24 0.43 0.65 0.90
  6   1.04 1.08 1.02 0.84 0.65 0.47 0.32 0.27 0.32 0.46 0.64 0.86 1.02 1.12 1.11 1.02 0.87 0.71 0.54 0.40 0.34 0.36 0.46 0.58
  7   0.72 0.82 0.85 0.83 0.76 0.65 0.55 0.47 0.42 0.43 0.50 0.63 0.76 0.90 1.00 1.03 1.01 0.93 0.82 0.68 0.55 0.45 0.40 0.40
  8   0.46 0.56 0.65 0.74 0.81 0.82 0.78 0.70 0.61 0.52 0.47 0.47 0.53 0.64 0.76 0.90 1.01 1.07 1.06 0.98 0.84 0.69 0.52 0.36
  9   0.29 0.30 0.40 0.55 0.72 0.85 0.91 0.89 0.80 0.68 0.54 0.44 0.38 0.39 0.50 0.67 0.90 1.09 1.18 1.17 1.05 0.85 0.60 0.37
 10   0.20 0.10 0.10 0.25 0.50 0.75 0.96 1.03 1.00 0.88 0.68 0.48 0.31 0.24 0.26 0.41 0.65 0.94 1.18 1.26 1.24 1.10 0.84 0.55
 11   0.27 0.08 0.01 0.07 0.28 0.61 0.94 1.14 1.18 1.07 0.86 0.62 0.38 0.19 0.15 0.22 0.44 0.76 1.10 1.32 1.38 1.32 1.08 0.72
 12   0.40 0.12-0.05-0.08 0.09 0.40 0.79 1.12 1.27 1.24 1.06 0.81 0.49 0.24 0.06 0.04 0.20 0.50 0.90 1.27 1.47 1.46 1.24 0.94
 13   0.56 0.21-0.04-0.15-0.10 0.18 0.59 1.04 1.30 1.32 1.22 0.98 0.65 0.32 0.06-0.05 0.02 0.26 0.66 1.10 1.40 1.48 1.38 1.08
 14   0.72 0.37 0.07-0.12-0.10 0.08 0.42 0.85 1.20 1.40 1.38 1.13 0.80 0.48 0.16 0.00-0.01 0.13 0.43 0.82 1.24 1.48 1.46 1.22
 15   0.88 0.49 0.17-0.06-0.12-0.02 0.28 0.68 1.03 1.32 1.42 1.33 1.00 0.63 0.30 0.06-0.04 0.01 0.33 0.66 1.08 1.39 1.45 1.30
 16   1.04 0.70 0.30 0.04-0.08-0.04 0.20 0.60 1.04 1.34 1.45 1.38 1.14 0.84 0.50 0.18 0.00-0.02 0.14 0.44 0.84 1.19 1.34 1.34
 17   1.08 0.77 0.42 0.14-0.02-0.05 0.12 0.40 0.84 1.22 1.38 1.39 1.23 0.92 0.60 0.30 0.08 0.01 0.10 0.33 0.65 1.02 1.26 1.28
 18   1.16 0.90 0.60 0.32 0.12 0.04 0.12 0.34 0.66 1.04 1.30 1.38 1.28 1.06 0.77 0.46 0.24 0.14 0.15 0.31 0.55 0.83 1.09 1.19
 19   1.12 0.94 0.68 0.42 0.20 0.07 0.09 0.29 0.56 0.86 1.15 1.30 1.28 1.14 0.90 0.63 0.41 0.27 0.24 0.33 0.50 0.74 0.97 1.10
 20   1.08 0.96 0.78 0.56 0.37 0.26 0.26 0.35 0.54 0.80 1.03 1.21 1.24 1.17 1.01 0.78 0.55 0.39 0.32 0.36 0.47 0.63 0.78 0.92
 21   0.98 0.95 0.82 0.66 0.50 0.36 0.31 0.35 0.48 0.67 0.84 0.98 1.08 1.09 1.00 0.86 0.72 0.57 0.47 0.44 0.46 0.53 0.62 0.72
 22   0.78 0.80 0.76 0.68 0.58 0.48 0.43 0.43 0.49 0.58 0.68 0.81 0.93 0.99 0.99 0.94 0.85 0.75 0.66 0.58 0.52 0.49 0.50 0.53
 23   0.58 0.65 0.69 0.70 0.69 0.66 0.62 0.59 0.56 0.54 0.55 0.60 0.68 0.77 0.86 0.93 0.95 0.91 0.84 0.76 0.67 0.56 0.46 0.38
 24   0.36 0.40 0.50 0.60 0.70 0.76 0.78 0.75 0.67 0.58 0.49 0.43 0.43 0.50 0.63 0.79 0.93 1.03 1.06 1.00 0.88 0.70 0.52 0.36
 25   0.24 0.22 0.30 0.47 0.68 0.87 0.98 1.02 0.99 0.87 0.63 0.42 0.31 0.30 0.41 0.61 0.84 1.08 1.24 1.25 1.13 0.92 0.66 0.38
 26   0.18 0.08 0.08 0.25 0.50 0.81 1.08 1.19 1.15 0.99 0.76 0.51 0.29 0.19 0.20 0.36 0.64 0.98 1.30 1.46 1.43 1.22 0.94 0.60
 27   0.26 0.02-0.04 0.04 0.30 0.70 1.12 1.36 1.40 1.28 1.05 0.75 0.44 0.18 0.08 0.14 0.36 0.70 1.16 1.48 1.58 1.49 1.26 0.90
 28   0.42 0.08-0.14-0.16 0.01 0.37 0.88 1.30 1.52 1.53 1.33 1.00 0.64 0.28 0.04-0.04 0.10 0.42 0.90 1.34 1.66 1.66 1.48 1.12
 29   0.70 0.26-0.08-0.24-0.18 0.12 0.60 1.16 1.56 1.68 1.60 1.30 0.90 0.50 0.14-0.06-0.08 0.12 0.49 1.00 1.50 1.70 1.65 1.36
 30   0.94 0.44 0.07-0.20-0.24-0.10 0.30 0.86 1.43 1.72 1.76 1.58 1.24 0.80 0.39 0.08-0.08-0.05 0.23 0.68 1.23 1.63 1.68 1.51
 31   1.18 0.78 0.32 0.00-0.18-0.14 0.10 0.58 1.10 1.58 1.74 1.66 1.42 1.02 0.62 0.24-0.05-0.14-0.02 0.32 0.72 1.20 1.50 1.52
 ----------------------------------------------------------------------------------------------------------------------------
                                                                                               
 ----------------------------------------------------------------------------------------------------------------------------
 ----------------------------------------------------------------------------------------------------------------------------
                                                          SURVEY OF INDIA
                                                    MARINE GEODESY WING (G&RB)
                                                     HOURLY HEIGHTS IN METRES
  NAME OF PORT:- NANCOWRY                                                                           MONTH APRIL     YEAR 2021
 ----------------------------------------------------------------------------------------------------------------------------
 DAYS 0000 0001 0002 0003 0004 0005 0006 0007 0008 0009 0010 0011 0012 0013 0014 0015 0016 0017 0018 0019 0020 0021 0022 0023
 ----------------------------------------------------------------------------------------------------------------------------
  1   1.34 1.02 0.64 0.28 0.02-0.11 0.00 0.30 0.72 1.22 1.56 1.64 1.48 1.20 0.86 0.48 0.17-0.04-0.08 0.12 0.44 0.80 1.18 1.36
  2   1.32 1.08 0.77 0.45 0.19 0.02-0.04 0.14 0.42 0.88 1.30 1.52 1.50 1.34 1.06 0.72 0.38 0.14 0.02 0.06 0.24 0.52 0.86 1.14
  3   1.20 1.09 0.90 0.66 0.43 0.25 0.16 0.18 0.37 0.68 1.00 1.27 1.39 1.32 1.15 0.90 0.64 0.40 0.22 0.12 0.15 0.32 0.54 0.78
  4   0.96 0.98 0.90 0.76 0.60 0.46 0.34 0.29 0.34 0.48 0.70 0.93 1.11 1.17 1.11 0.98 0.83 0.64 0.48 0.36 0.30 0.30 0.40 0.52
  5   0.66 0.76 0.81 0.78 0.70 0.61 0.53 0.47 0.44 0.46 0.54 0.65 0.80 0.92 1.00 1.02 0.98 0.88 0.77 0.65 0.52 0.42 0.37 0.36
  6   0.42 0.53 0.63 0.72 0.79 0.81 0.78 0.71 0.63 0.56 0.51 0.51 0.58 0.68 0.80 0.93 1.02 1.04 1.00 0.91 0.76 0.60 0.44 0.30
  7   0.24 0.28 0.40 0.60 0.78 0.90 0.96 0.93 0.83 0.70 0.56 0.44 0.38 0.42 0.54 0.72 0.92 1.08 1.18 1.14 0.98 0.78 0.55 0.36
  8   0.20 0.14 0.23 0.41 0.65 0.86 1.05 1.10 1.04 0.87 0.70 0.49 0.32 0.25 0.30 0.44 0.70 0.96 1.18 1.28 1.20 0.99 0.74 0.46
  9   0.22 0.06 0.06 0.18 0.46 0.74 1.03 1.20 1.20 1.06 0.84 0.58 0.36 0.20 0.16 0.26 0.48 0.80 1.12 1.35 1.35 1.19 0.92 0.62
 10   0.30 0.10 0.01 0.06 0.30 0.64 1.02 1.28 1.35 1.24 1.04 0.80 0.51 0.27 0.11 0.12 0.32 0.64 1.02 1.32 1.42 1.32 1.09 0.78
 11   0.44 0.16-0.02-0.04 0.12 0.46 0.85 1.25 1.41 1.41 1.22 0.95 0.60 0.30 0.06 0.00 0.15 0.44 0.82 1.16 1.40 1.38 1.20 0.90
 12   0.56 0.26 0.02-0.06 0.06 0.34 0.74 1.16 1.46 1.50 1.36 1.10 0.76 0.44 0.16-0.01 0.02 0.22 0.58 1.02 1.32 1.42 1.28 1.04
 13   0.70 0.40 0.10-0.07-0.02 0.18 0.56 1.00 1.35 1.52 1.46 1.26 0.94 0.62 0.28 0.03-0.06 0.08 0.38 0.80 1.22 1.37 1.34 1.14
 14   0.86 0.56 0.29 0.08 0.03 0.14 0.42 0.84 1.24 1.46 1.46 1.34 1.10 0.70 0.36 0.10-0.05 0.04 0.30 0.65 1.00 1.26 1.30 1.20
 15   0.94 0.64 0.34 0.08-0.03 0.06 0.30 0.65 1.02 1.28 1.40 1.36 1.16 0.90 0.56 0.22 0.05 0.01 0.16 0.45 0.82 1.12 1.25 1.20
 16   1.00 0.78 0.49 0.22 0.06 0.04 0.26 0.56 0.92 1.22 1.40 1.42 1.27 1.00 0.70 0.40 0.18 0.07 0.10 0.36 0.70 0.94 1.12 1.14
 17   1.03 0.85 0.60 0.36 0.17 0.08 0.20 0.50 0.78 1.06 1.26 1.33 1.28 1.10 0.84 0.55 0.32 0.18 0.18 0.34 0.56 0.82 1.00 1.08
 18   1.03 0.92 0.78 0.62 0.48 0.38 0.35 0.44 0.66 0.90 1.10 1.23 1.25 1.14 0.94 0.72 0.50 0.34 0.27 0.30 0.46 0.64 0.82 0.96
 19   1.02 0.98 0.86 0.73 0.58 0.46 0.38 0.42 0.56 0.73 0.94 1.10 1.18 1.15 1.02 0.86 0.67 0.53 0.42 0.37 0.42 0.54 0.68 0.80
 20   0.90 0.92 0.86 0.76 0.67 0.58 0.51 0.50 0.57 0.66 0.80 0.94 1.05 1.11 1.11 1.04 0.92 0.79 0.67 0.57 0.50 0.50 0.56 0.64
 21   0.73 0.80 0.84 0.85 0.83 0.76 0.68 0.60 0.56 0.58 0.63 0.71 0.80 0.90 0.99 1.04 1.03 0.96 0.86 0.73 0.60 0.50 0.44 0.44
 22   0.50 0.59 0.71 0.82 0.90 0.92 0.88 0.80 0.72 0.64 0.57 0.55 0.60 0.69 0.83 0.98 1.09 1.14 1.09 0.97 0.79 0.62 0.46 0.35
 23   0.30 0.34 0.51 0.69 0.91 1.07 1.11 1.05 0.91 0.75 0.58 0.45 0.38 0.43 0.58 0.79 1.04 1.21 1.28 1.25 1.08 0.84 0.55 0.33
 24   0.18 0.14 0.26 0.51 0.80 1.10 1.29 1.34 1.23 0.99 0.74 0.50 0.34 0.26 0.31 0.53 0.87 1.18 1.41 1.49 1.36 1.09 0.75 0.42
 25   0.16-0.01 0.02 0.24 0.59 1.01 1.36 1.51 1.49 1.31 1.00 0.67 0.39 0.17 0.11 0.25 0.55 0.95 1.35 1.52 1.52 1.33 0.98 0.61
 26   0.26-0.02-0.12-0.04 0.34 0.78 1.28 1.58 1.66 1.58 1.32 0.95 0.56 0.25 0.07 0.02 0.21 0.58 1.06 1.47 1.63 1.57 1.31 0.92
 27   0.51 0.14-0.11-0.13 0.06 0.42 0.96 1.48 1.74 1.77 1.61 1.28 0.84 0.43 0.09-0.07-0.02 0.27 0.69 1.22 1.58 1.66 1.55 1.23
 28   0.80 0.38 0.06-0.14-0.09 0.17 0.65 1.18 1.65 1.82 1.79 1.55 1.18 0.73 0.29 0.00-0.11-0.01 0.33 0.81 1.32 1.58 1.57 1.38
 29   1.08 0.66 0.28 0.01-0.10 0.01 0.35 0.85 1.36 1.72 1.80 1.67 1.37 0.97 0.55 0.21-0.04-0.08 0.10 0.45 0.94 1.32 1.50 1.47
 30   1.19 0.91 0.55 0.25 0.04-0.01 0.18 0.54 1.00 1.46 1.68 1.72 1.56 1.24 0.86 0.50 0.14 0.02 0.05 0.24 0.60 0.96 1.28 1.40
 ----------------------------------------------------------------------------------------------------------------------------
                                                                                               
 ----------------------------------------------------------------------------------------------------------------------------
 ----------------------------------------------------------------------------------------------------------------------------
                                                          SURVEY OF INDIA
                                                    MARINE GEODESY WING (G&RB)
                                                     HOURLY HEIGHTS IN METRES
  NAME OF PORT:- NANCOWRY                                                                           MONTH MAY       YEAR 2021
 ----------------------------------------------------------------------------------------------------------------------------
 DAYS 0000 0001 0002 0003 0004 0005 0006 0007 0008 0009 0010 0011 0012 0013 0014 0015 0016 0017 0018 0019 0020 0021 0022 0023
 ----------------------------------------------------------------------------------------------------------------------------
  1   1.30 1.08 0.80 0.53 0.30 0.16 0.16 0.35 0.71 1.12 1.44 1.59 1.54 1.34 1.08 0.74 0.45 0.23 0.13 0.15 0.37 0.66 0.96 1.16
  2   1.20 1.11 0.90 0.68 0.50 0.35 0.28 0.34 0.52 0.82 1.11 1.32 1.40 1.35 1.19 0.95 0.70 0.48 0.30 0.24 0.32 0.48 0.73 0.93
  3   1.04 1.06 0.99 0.86 0.73 0.60 0.50 0.48 0.54 0.68 0.90 1.11 1.27 1.32 1.29 1.19 0.99 0.80 0.62 0.51 0.45 0.46 0.56 0.70
  4   0.84 0.93 0.97 0.95 0.88 0.78 0.69 0.60 0.58 0.63 0.73 0.84 0.96 1.08 1.15 1.15 1.08 0.96 0.80 0.64 0.51 0.43 0.43 0.48
  5   0.57 0.70 0.82 0.92 0.97 0.96 0.85 0.67 0.58 0.57 0.60 0.66 0.76 0.88 1.01 1.12 1.16 1.12 1.02 0.88 0.72 0.56 0.44 0.38
  6   0.40 0.52 0.66 0.83 0.98 1.06 1.07 1.00 0.88 0.76 0.63 0.55 0.54 0.62 0.76 0.94 1.10 1.19 1.19 1.10 0.95 0.78 0.56 0.40
  7   0.34 0.36 0.50 0.72 0.96 1.24 1.26 1.19 1.07 0.91 0.71 0.54 0.44 0.44 0.54 0.70 0.94 1.14 1.26 1.24 1.10 0.89 0.66 0.44
  8   0.24 0.21 0.31 0.52 0.80 1.08 1.26 1.32 1.22 1.05 0.82 0.58 0.39 0.30 0.34 0.50 0.74 1.04 1.26 1.32 1.25 1.04 0.80 0.54
  9   0.30 0.18 0.21 0.39 0.68 0.98 1.28 1.40 1.38 1.24 1.00 0.72 0.46 0.28 0.22 0.32 0.54 0.86 1.16 1.34 1.36 1.24 0.94 0.69
 10   0.44 0.24 0.16 0.28 0.54 0.88 1.22 1.46 1.52 1.42 1.18 0.88 0.56 0.30 0.15 0.16 0.34 0.62 1.00 1.29 1.40 1.32 1.10 0.84
 11   0.52 0.29 0.15 0.19 0.38 0.70 1.08 1.40 1.58 1.52 1.31 1.02 0.70 0.40 0.19 0.10 0.16 0.44 0.82 1.16 1.38 1.39 1.22 0.96
 12   0.64 0.38 0.19 0.11 0.20 0.48 0.88 1.29 1.54 1.58 1.44 1.18 0.88 0.54 0.27 0.10 0.10 0.27 0.58 0.99 1.28 1.36 1.28 1.08
 13   0.72 0.48 0.24 0.09 0.12 0.34 0.70 1.08 1.40 1.56 1.53 1.30 1.00 0.67 0.37 0.14 0.04 0.14 0.38 0.78 1.10 1.26 1.26 1.10
 14   0.82 0.56 0.33 0.15 0.12 0.24 0.52 0.92 1.27 1.49 1.53 1.42 1.15 0.84 0.50 0.24 0.10 0.10 0.28 0.59 0.92 1.17 1.26 1.18
 15   0.93 0.69 0.46 0.26 0.16 0.19 0.42 0.72 1.08 1.34 1.49 1.44 1.24 0.98 0.67 0.39 0.18 0.11 0.19 0.44 0.76 1.02 1.18 1.18
 16   1.04 0.82 0.58 0.38 0.25 0.20 0.30 0.56 0.89 1.20 1.39 1.43 1.32 1.11 0.85 0.58 0.34 0.22 0.24 0.36 0.60 0.84 1.05 1.13
 17   1.08 0.92 0.73 0.54 0.38 0.30 0.30 0.44 0.74 1.02 1.24 1.36 1.33 1.20 0.99 0.74 0.51 0.35 0.26 0.30 0.44 0.66 0.87 0.99
 18   1.03 0.96 0.81 0.66 0.50 0.40 0.38 0.44 0.62 0.82 1.03 1.18 1.24 1.20 1.05 0.88 0.68 0.49 0.36 0.32 0.36 0.51 0.68 0.82
 19   0.90 0.92 0.87 0.77 0.64 0.53 0.46 0.44 0.52 0.64 0.82 1.00 1.13 1.18 1.14 1.01 0.86 0.68 0.52 0.40 0.36 0.39 0.49 0.63
 20   0.76 0.88 0.93 0.92 0.85 0.76 0.66 0.59 0.56 0.58 0.67 0.79 0.94 1.06 1.14 1.13 1.06 0.92 0.75 0.59 0.44 0.36 0.34 0.43
 21   0.58 0.74 0.88 0.99 1.02 0.98 0.89 0.77 0.64 0.55 0.52 0.56 0.68 0.84 0.98 1.11 1.16 1.13 1.00 0.82 0.62 0.43 0.29 0.25
 22   0.34 0.51 0.74 0.97 1.16 1.24 1.20 1.08 0.89 0.70 0.53 0.44 0.44 0.54 0.73 0.96 1.18 1.29 1.25 1.09 0.86 0.60 0.37 0.19
 23   0.14 0.24 0.48 0.84 1.16 1.36 1.42 1.35 1.18 0.92 0.66 0.44 0.28 0.30 0.44 0.70 1.00 1.25 1.37 1.31 1.10 0.82 0.52 0.26
 24   0.08 0.02 0.15 0.47 0.90 1.25 1.48 1.56 1.45 1.20 0.88 0.57 0.30 0.15 0.13 0.32 0.66 1.05 1.36 1.44 1.34 1.10 0.80 0.52
 25   0.28 0.04-0.03 0.16 0.60 1.04 1.39 1.62 1.65 1.50 1.20 0.80 0.40 0.12 0.02 0.06 0.34 0.71 1.14 1.39 1.44 1.32 1.06 0.72
 26   0.32 0.04-0.07-0.03 0.26 0.66 1.16 1.58 1.77 1.70 1.46 1.08 0.66 0.29 0.00-0.11 0.02 0.34 0.79 1.19 1.46 1.48 1.30 0.99
 27   0.62 0.26 0.02-0.08 0.04 0.39 0.90 1.30 1.68 1.78 1.66 1.38 0.98 0.54 0.15-0.10-0.18-0.04 0.32 0.75 1.16 1.38 1.36 1.17
 28   0.82 0.50 0.20-0.01-0.02 0.14 0.46 0.94 1.38 1.64 1.66 1.50 1.20 0.80 0.40 0.08-0.11-0.14 0.06 0.45 0.89 1.21 1.36 1.28
 29   1.04 0.76 0.46 0.18 0.04 0.05 0.23 0.59 1.02 1.42 1.63 1.59 1.40 1.09 0.70 0.36 0.08-0.04 0.03 0.23 0.54 0.89 1.17 1.24
 30   1.16 0.95 0.72 0.43 0.23 0.14 0.23 0.44 0.75 1.14 1.42 1.52 1.45 1.27 0.99 0.69 0.41 0.17 0.06 0.14 0.38 0.68 0.94 1.12
 31   1.13 1.04 0.87 0.68 0.48 0.34 0.29 0.35 0.58 0.86 1.16 1.34 1.38 1.30 1.12 0.88 0.60 0.36 0.19 0.15 0.24 0.43 0.68 0.90
 ----------------------------------------------------------------------------------------------------------------------------
                                                                                               
 ----------------------------------------------------------------------------------------------------------------------------
 ----------------------------------------------------------------------------------------------------------------------------
                                                          SURVEY OF INDIA
                                                    MARINE GEODESY WING (G&RB)
                                                     HOURLY HEIGHTS IN METRES
  NAME OF PORT:- NANCOWRY                                                                           MONTH JUNE      YEAR 2021
 ----------------------------------------------------------------------------------------------------------------------------
 DAYS 0000 0001 0002 0003 0004 0005 0006 0007 0008 0009 0010 0011 0012 0013 0014 0015 0016 0017 0018 0019 0020 0021 0022 0023
 ----------------------------------------------------------------------------------------------------------------------------
  1   1.02 1.01 0.92 0.79 0.65 0.50 0.39 0.37 0.46 0.63 0.86 1.07 1.23 1.26 1.17 1.01 0.80 0.60 0.42 0.30 0.26 0.32 0.51 0.70
  2   0.88 0.96 0.97 0.92 0.81 0.70 0.59 0.51 0.50 0.56 0.69 0.85 1.04 1.15 1.16 1.10 0.97 0.80 0.64 0.47 0.36 0.33 0.39 0.52
  3   0.68 0.82 0.94 0.98 0.94 0.86 0.76 0.66 0.58 0.54 0.56 0.66 0.80 0.94 1.04 1.09 1.06 0.96 0.81 0.65 0.52 0.40 0.34 0.37
  4   0.48 0.65 0.83 0.98 1.05 1.04 0.96 0.85 0.73 0.62 0.53 0.51 0.56 0.68 0.84 0.97 1.05 1.04 0.96 0.82 0.66 0.50 0.37 0.32
  5   0.36 0.50 0.69 0.87 1.04 1.12 1.10 0.99 0.84 0.67 0.52 0.41 0.38 0.44 0.58 0.76 0.91 1.02 1.02 0.94 0.78 0.60 0.43 0.30
  6   0.26 0.32 0.46 0.68 0.92 1.10 1.19 1.16 1.03 0.84 0.62 0.44 0.33 0.31 0.39 0.58 0.78 0.98 1.08 1.06 0.94 0.74 0.56 0.38
  7   0.28 0.26 0.36 0.57 0.85 1.08 1.27 1.31 1.24 1.04 0.80 0.55 0.35 0.25 0.26 0.40 0.66 0.89 1.06 1.13 1.10 0.98 0.80 0.56
  8   0.34 0.24 0.25 0.39 0.66 0.94 1.21 1.33 1.32 1.18 0.93 0.64 0.38 0.22 0.17 0.25 0.46 0.73 0.98 1.12 1.14 1.03 0.83 0.59
  9   0.36 0.21 0.18 0.32 0.56 0.86 1.16 1.37 1.43 1.34 1.13 0.84 0.55 0.28 0.17 0.16 0.30 0.59 0.87 1.08 1.18 1.18 1.07 0.82
 10   0.52 0.32 0.21 0.21 0.40 0.68 1.02 1.34 1.49 1.49 1.33 1.08 0.77 0.47 0.24 0.14 0.20 0.42 0.72 1.02 1.19 1.20 1.09 0.90
 11   0.66 0.45 0.27 0.19 0.30 0.56 0.93 1.25 1.46 1.55 1.48 1.27 0.96 0.62 0.34 0.16 0.13 0.27 0.56 0.86 1.12 1.23 1.20 1.06
 12   0.80 0.56 0.36 0.24 0.26 0.43 0.74 1.06 1.34 1.53 1.53 1.38 1.12 0.78 0.47 0.24 0.14 0.20 0.42 0.72 0.99 1.18 1.23 1.14
 13   0.96 0.72 0.48 0.30 0.24 0.34 0.56 0.88 1.20 1.46 1.55 1.50 1.28 0.97 0.65 0.38 0.20 0.15 0.28 0.54 0.84 1.10 1.24 1.23
 14   1.08 0.86 0.63 0.42 0.28 0.25 0.40 0.68 0.98 1.28 1.48 1.50 1.38 1.14 0.84 0.56 0.32 0.20 0.20 0.38 0.64 0.90 1.10 1.17
 15   1.12 0.95 0.74 0.54 0.38 0.31 0.36 0.56 0.82 1.13 1.36 1.48 1.44 1.27 1.03 0.74 0.48 0.29 0.22 0.28 0.48 0.73 0.94 1.09
 16   1.14 1.08 0.92 0.74 0.54 0.41 0.38 0.46 0.63 0.90 1.14 1.34 1.40 1.35 1.18 0.92 0.66 0.44 0.28 0.24 0.33 0.52 0.76 0.96
 17   1.08 1.11 1.04 0.90 0.74 0.58 0.46 0.42 0.49 0.72 0.94 1.16 1.32 1.34 1.26 1.10 0.86 0.63 0.42 0.28 0.26 0.36 0.56 0.78
 18   0.96 1.09 1.12 1.06 0.92 0.77 0.62 0.52 0.51 0.58 0.75 0.94 1.11 1.23 1.26 1.20 1.04 0.84 0.62 0.41 0.30 0.28 0.37 0.54
 19   0.74 0.94 1.08 1.15 1.12 1.00 0.85 0.70 0.59 0.54 0.57 0.68 0.85 1.03 1.16 1.22 1.18 1.04 0.84 0.64 0.45 0.28 0.18 0.15
 20   0.17 0.26 0.49 0.84 1.17 1.46 1.55 1.53 1.37 1.10 0.80 0.50 0.30 0.22 0.32 0.56 0.88 1.17 1.32 1.32 1.20 0.96 0.68 0.42
 21   0.37 0.50 0.78 1.07 1.32 1.40 1.38 1.26 1.05 0.80 0.58 0.42 0.38 0.47 0.68 0.93 1.16 1.28 1.27 1.15 0.93 0.68 0.44 0.26
 22   0.18 0.26 0.49 0.84 1.17 1.46 1.56 1.53 1.37 1.10 0.80 0.50 0.30 0.23 0.32 0.56 0.88 1.18 1.33 1.32 1.20 0.96 0.68 0.42
 23   0.20 0.12 0.22 0.46 0.85 1.25 1.53 1.63 1.57 1.38 1.08 0.70 0.38 0.16 0.09 0.22 0.49 0.87 1.19 1.36 1.35 1.22 0.94 0.64
 24   0.36 0.17 0.11 0.24 0.54 0.96 1.42 1.66 1.73 1.62 1.37 1.01 0.64 0.30 0.08 0.03 0.17 0.53 0.94 1.26 1.38 1.35 1.20 0.94
 25   0.60 0.33 0.15 0.14 0.28 0.61 1.06 1.48 1.70 1.72 1.56 1.24 0.89 0.52 0.19-0.02-0.04 0.20 0.56 1.01 1.29 1.37 1.30 1.10
 26   0.79 0.50 0.24 0.10 0.12 0.35 0.73 1.16 1.50 1.66 1.65 1.48 1.18 0.78 0.40 0.09-0.04 0.00 0.26 0.62 1.04 1.26 1.32 1.24
 27   1.02 0.74 0.44 0.22 0.11 0.18 0.42 0.79 1.22 1.52 1.63 1.58 1.37 1.08 0.70 0.36 0.10-0.01 0.10 0.37 0.72 1.07 1.24 1.26
 28   1.13 0.92 0.66 0.42 0.21 0.16 0.30 0.57 0.92 1.28 1.53 1.57 1.47 1.24 0.92 0.60 0.29 0.12 0.09 0.22 0.54 0.86 1.09 1.23
 29   1.22 1.09 0.87 0.65 0.42 0.29 0.30 0.48 0.74 1.06 1.34 1.50 1.49 1.36 1.12 0.82 0.50 0.28 0.17 0.20 0.37 0.64 0.92 1.14
 30   1.20 1.16 1.04 0.84 0.63 0.46 0.38 0.42 0.56 0.84 1.12 1.34 1.43 1.40 1.24 1.01 0.75 0.50 0.33 0.28 0.35 0.53 0.76 0.98
 ----------------------------------------------------------------------------------------------------------------------------
                                                                                               
 ----------------------------------------------------------------------------------------------------------------------------
 ----------------------------------------------------------------------------------------------------------------------------
                                                          SURVEY OF INDIA
                                                    MARINE GEODESY WING (G&RB)
                                                     HOURLY HEIGHTS IN METRES
  NAME OF PORT:- NANCOWRY                                                                           MONTH JULY      YEAR 2021
 ----------------------------------------------------------------------------------------------------------------------------
 DAYS 0000 0001 0002 0003 0004 0005 0006 0007 0008 0009 0010 0011 0012 0013 0014 0015 0016 0017 0018 0019 0020 0021 0022 0023
 ----------------------------------------------------------------------------------------------------------------------------
  1   1.14 1.18 1.13 0.99 0.82 0.65 0.53 0.47 0.51 0.66 0.86 1.08 1.25 1.30 1.25 1.12 0.93 0.72 0.56 0.44 0.39 0.46 0.64 0.83
  2   1.03 1.17 1.22 1.15 1.01 0.86 0.72 0.61 0.56 0.59 0.68 0.86 1.03 1.17 1.22 1.19 1.07 0.90 0.73 0.58 0.46 0.42 0.50 0.68
  3   0.85 1.02 1.13 1.17 1.15 1.05 0.90 0.77 0.66 0.62 0.63 0.70 0.84 0.98 1.10 1.16 1.13 1.04 0.92 0.76 0.62 0.51 0.49 0.58
  4   0.73 0.88 1.05 1.17 1.23 1.21 1.13 1.01 0.86 0.72 0.62 0.59 0.64 0.76 0.90 1.02 1.12 1.15 1.09 0.95 0.79 0.64 0.55 0.52
  5   0.58 0.71 0.88 1.06 1.19 1.26 1.25 1.15 1.02 0.84 0.68 0.58 0.54 0.59 0.72 0.86 1.02 1.13 1.15 1.07 0.93 0.78 0.64 0.53
  6   0.48 0.52 0.67 0.86 1.10 1.28 1.34 1.29 1.18 1.02 0.82 0.65 0.52 0.48 0.54 0.68 0.86 1.02 1.15 1.16 1.05 0.88 0.73 0.60
  7   0.48 0.45 0.54 0.72 0.97 1.20 1.37 1.41 1.34 1.17 0.97 0.70 0.50 0.40 0.42 0.52 0.72 0.94 1.10 1.18 1.15 1.02 0.85 0.66
  8   0.50 0.40 0.43 0.58 0.82 1.10 1.35 1.49 1.48 1.34 1.12 0.83 0.58 0.36 0.28 0.34 0.52 0.74 0.97 1.17 1.23 1.16 1.00 0.77
  9   0.55 0.38 0.30 0.38 0.60 0.89 1.21 1.44 1.53 1.48 1.28 0.98 0.67 0.40 0.20 0.18 0.29 0.57 0.84 1.10 1.26 1.25 1.12 0.90
 10   0.68 0.45 0.29 0.28 0.46 0.70 1.04 1.35 1.56 1.62 1.50 1.22 0.90 0.54 0.27 0.11 0.17 0.38 0.68 1.00 1.22 1.32 1.25 1.04
 11   0.79 0.52 0.30 0.18 0.26 0.50 0.82 1.18 1.46 1.62 1.56 1.36 1.09 0.75 0.42 0.16 0.08 0.20 0.48 0.80 1.10 1.28 1.30 1.14
 12   0.92 0.66 0.40 0.21 0.15 0.30 0.56 0.90 1.26 1.50 1.58 1.46 1.20 0.86 0.52 0.23 0.04 0.02 0.18 0.51 0.85 1.12 1.25 1.21
 13   1.02 0.78 0.52 0.32 0.18 0.16 0.34 0.64 1.05 1.39 1.57 1.52 1.32 1.02 0.70 0.36 0.12 0.03 0.12 0.35 0.70 1.02 1.24 1.29
 14   1.17 0.95 0.70 0.49 0.30 0.23 0.32 0.56 0.88 1.20 1.48 1.56 1.45 1.24 0.92 0.60 0.30 0.13 0.09 0.24 0.52 0.83 1.12 1.26
 15   1.24 1.09 0.87 0.66 0.44 0.29 0.28 0.40 0.64 0.98 1.24 1.40 1.40 1.28 1.06 0.78 0.46 0.23 0.08 0.13 0.35 0.64 0.95 1.17
 16   1.28 1.24 1.10 0.90 0.67 0.48 0.36 0.36 0.50 0.72 1.02 1.26 1.39 1.36 1.19 0.98 0.70 0.44 0.25 0.17 0.23 0.43 0.69 0.96
 17   1.15 1.24 1.22 1.08 0.90 0.70 0.52 0.42 0.44 0.56 0.78 1.00 1.19 1.28 1.27 1.12 0.92 0.70 0.47 0.31 0.25 0.32 0.49 0.72
 18   0.96 1.14 1.22 1.20 1.09 0.92 0.75 0.58 0.48 0.46 0.55 0.71 0.91 1.08 1.17 1.17 1.08 0.90 0.68 0.47 0.32 0.26 0.32 0.48
 19   0.72 0.95 1.16 1.26 1.26 1.16 1.00 0.80 0.62 0.46 0.43 0.51 0.66 0.83 0.98 1.09 1.13 1.08 0.92 0.75 0.56 0.40 0.30 0.33
 20   0.49 0.68 0.92 1.16 1.32 1.37 1.29 1.13 0.91 0.69 0.52 0.41 0.42 0.52 0.70 0.91 1.07 1.16 1.14 1.02 0.82 0.60 0.43 0.29
 21   0.28 0.42 0.64 0.94 1.19 1.38 1.43 1.36 1.18 0.94 0.65 0.41 0.27 0.27 0.37 0.57 0.82 1.04 1.16 1.15 1.03 0.85 0.64 0.39
 22   0.22 0.22 0.34 0.56 0.88 1.22 1.43 1.50 1.43 1.24 0.93 0.61 0.30 0.14 0.12 0.25 0.50 0.80 1.06 1.22 1.22 1.09 0.88 0.60
 23   0.34 0.16 0.16 0.29 0.56 0.95 1.32 1.54 1.58 1.48 1.23 0.88 0.54 0.18 0.00-0.01 0.14 0.44 0.89 1.15 1.25 1.21 1.05 0.82
 24   0.55 0.31 0.17 0.21 0.39 0.70 1.07 1.40 1.57 1.56 1.42 1.14 0.79 0.45 0.12-0.02 0.02 0.23 0.58 0.99 1.20 1.28 1.20 1.01
 25   0.76 0.50 0.28 0.18 0.26 0.49 0.83 1.19 1.48 1.60 1.54 1.37 1.04 0.71 0.35 0.06-0.04 0.05 0.31 0.71 1.08 1.27 1.31 1.19
 26   0.97 0.70 0.45 0.24 0.18 0.30 0.58 0.97 1.30 1.55 1.62 1.52 1.31 0.95 0.62 0.26 0.00-0.06 0.08 0.40 0.85 1.17 1.34 1.34
 27   1.18 0.92 0.64 0.40 0.21 0.19 0.35 0.68 1.10 1.42 1.63 1.65 1.51 1.25 0.85 0.44 0.16 0.03 0.05 0.31 0.69 1.06 1.28 1.38
 28   1.34 1.16 0.86 0.60 0.36 0.23 0.29 0.51 0.86 1.20 1.48 1.62 1.58 1.36 1.02 0.68 0.36 0.14 0.08 0.22 0.52 0.85 1.16 1.34
 29   1.36 1.24 1.00 0.76 0.52 0.32 0.27 0.36 0.62 1.03 1.32 1.48 1.50 1.34 1.10 0.80 0.52 0.30 0.18 0.23 0.43 0.68 1.00 1.24
 30   1.37 1.33 1.16 0.94 0.70 0.51 0.36 0.36 0.54 0.78 1.05 1.26 1.36 1.34 1.18 0.94 0.72 0.51 0.34 0.30 0.37 0.56 0.83 1.08
 31   1.26 1.32 1.25 1.07 0.85 0.66 0.50 0.41 0.44 0.64 0.85 1.07 1.22 1.26 1.18 1.00 0.82 0.64 0.48 0.39 0.42 0.53 0.70 0.94
 ----------------------------------------------------------------------------------------------------------------------------
                                                                                               
 ----------------------------------------------------------------------------------------------------------------------------
 ----------------------------------------------------------------------------------------------------------------------------
                                                          SURVEY OF INDIA
                                                    MARINE GEODESY WING (G&RB)
                                                     HOURLY HEIGHTS IN METRES
  NAME OF PORT:- NANCOWRY                                                                           MONTH AUGUST    YEAR 2021
 ----------------------------------------------------------------------------------------------------------------------------
 DAYS 0000 0001 0002 0003 0004 0005 0006 0007 0008 0009 0010 0011 0012 0013 0014 0015 0016 0017 0018 0019 0020 0021 0022 0023
 ----------------------------------------------------------------------------------------------------------------------------
  1   1.10 1.20 1.23 1.18 1.00 0.84 0.71 0.62 0.59 0.62 0.73 0.89 1.02 1.10 1.12 1.07 0.94 0.79 0.65 0.55 0.50 0.51 0.59 0.75
  2   0.91 1.06 1.16 1.18 1.13 1.04 0.92 0.79 0.70 0.66 0.68 0.75 0.84 0.92 0.98 1.00 0.97 0.89 0.79 0.69 0.60 0.54 0.55 0.64
  3   0.76 0.90 1.02 1.13 1.19 1.18 1.08 0.94 0.81 0.70 0.62 0.59 0.62 0.70 0.79 0.88 0.94 0.96 0.92 0.84 0.74 0.66 0.60 0.59
  4   0.64 0.73 0.85 0.99 1.12 1.20 1.20 1.12 1.00 0.84 0.68 0.56 0.50 0.51 0.60 0.74 0.88 1.01 1.06 1.02 0.91 0.77 0.63 0.52
  5   0.48 0.52 0.63 0.82 1.03 1.21 1.31 1.30 1.21 1.02 0.78 0.57 0.42 0.36 0.39 0.54 0.72 0.91 1.07 1.10 1.03 0.90 0.74 0.57
  6   0.42 0.36 0.41 0.60 0.84 1.10 1.30 1.42 1.40 1.24 0.99 0.72 0.47 0.28 0.24 0.34 0.54 0.78 0.99 1.15 1.16 1.07 0.90 0.68
  7   0.44 0.29 0.26 0.40 0.65 0.95 1.22 1.42 1.51 1.44 1.20 0.92 0.58 0.28 0.14 0.15 0.34 0.60 0.91 1.17 1.30 1.26 1.08 0.84
  8   0.56 0.33 0.21 0.24 0.44 0.77 1.14 1.42 1.60 1.58 1.40 1.12 0.76 0.38 0.10 0.02 0.12 0.40 0.76 1.09 1.32 1.38 1.26 1.02
  9   0.70 0.44 0.25 0.15 0.18 0.46 0.86 1.24 1.55 1.65 1.56 1.33 1.00 0.58 0.25 0.03-0.01 0.14 0.48 0.92 1.24 1.42 1.39 1.22
 10   0.94 0.64 0.36 0.18 0.13 0.28 0.65 1.06 1.48 1.71 1.71 1.52 1.22 0.82 0.42 0.12-0.02 0.04 0.26 0.66 1.10 1.39 1.47 1.39
 11   1.17 0.87 0.52 0.25 0.11 0.14 0.38 0.76 1.20 1.58 1.72 1.63 1.42 1.06 0.65 0.28 0.02-0.06 0.06 0.41 0.86 1.22 1.48 1.50
 12   1.37 1.10 0.79 0.48 0.22 0.12 0.21 0.52 0.95 1.32 1.60 1.63 1.49 1.22 0.86 0.48 0.18 0.02-0.01 0.20 0.58 1.00 1.34 1.52
 13   1.46 1.23 0.95 0.64 0.38 0.19 0.16 0.34 0.66 1.04 1.38 1.56 1.52 1.34 1.06 0.70 0.37 0.13 0.02 0.05 0.34 0.71 1.11 1.36
 14   1.42 1.31 1.10 0.86 0.59 0.36 0.22 0.25 0.44 0.74 1.11 1.34 1.45 1.36 1.12 0.86 0.58 0.30 0.10 0.06 0.22 0.54 0.90 1.19
 15   1.36 1.36 1.25 1.05 0.80 0.58 0.38 0.28 0.34 0.52 0.80 1.08 1.23 1.24 1.14 0.94 0.74 0.51 0.28 0.16 0.18 0.38 0.62 0.92
 16   1.16 1.26 1.25 1.16 1.00 0.78 0.57 0.40 0.33 0.36 0.54 0.74 0.92 1.04 1.07 1.00 0.86 0.68 0.50 0.35 0.28 0.32 0.43 0.62
 17   0.84 1.02 1.14 1.17 1.13 1.02 0.87 0.67 0.52 0.45 0.44 0.50 0.64 0.79 0.91 0.97 0.96 0.89 0.78 0.62 0.47 0.36 0.32 0.38
 18   0.54 0.75 0.95 1.11 1.18 1.18 1.11 0.95 0.74 0.54 0.39 0.32 0.34 0.45 0.60 0.78 0.92 0.98 0.96 0.87 0.72 0.56 0.42 0.34
 19   0.36 0.50 0.68 0.90 1.09 1.25 1.31 1.25 1.06 0.84 0.56 0.35 0.22 0.20 0.30 0.53 0.79 0.97 1.11 1.13 1.03 0.86 0.66 0.44
 20   0.28 0.26 0.38 0.61 0.90 1.18 1.38 1.45 1.36 1.16 0.86 0.54 0.26 0.09 0.06 0.20 0.50 0.82 1.09 1.20 1.20 1.06 0.84 0.57
 21   0.31 0.16 0.14 0.26 0.54 0.92 1.27 1.52 1.56 1.41 1.16 0.80 0.46 0.16-0.02-0.03 0.14 0.49 0.91 1.20 1.31 1.27 1.12 0.80
 22   0.50 0.25 0.08 0.09 0.26 0.66 1.08 1.46 1.66 1.62 1.40 1.08 0.70 0.34 0.04-0.06 0.00 0.26 0.68 1.11 1.35 1.38 1.29 1.08
 23   0.75 0.45 0.18 0.05 0.11 0.38 0.84 1.30 1.61 1.71 1.59 1.34 0.96 0.56 0.19-0.06-0.10 0.05 0.40 0.90 1.28 1.46 1.44 1.28
 24   1.04 0.73 0.42 0.13 0.03 0.13 0.41 0.86 1.33 1.60 1.64 1.48 1.16 0.80 0.43 0.12-0.06-0.02 0.22 0.65 1.10 1.44 1.53 1.39
 25   1.18 0.86 0.55 0.27 0.05 0.05 0.32 0.68 1.14 1.50 1.65 1.58 1.34 0.96 0.58 0.28 0.05-0.04 0.10 0.44 0.91 1.28 1.55 1.53
 26   1.32 1.04 0.74 0.48 0.24 0.14 0.20 0.50 0.88 1.28 1.54 1.58 1.42 1.16 0.84 0.50 0.23 0.11 0.13 0.33 0.72 1.16 1.44 1.56
 27   1.47 1.22 0.92 0.62 0.39 0.20 0.20 0.37 0.76 1.11 1.39 1.49 1.40 1.18 0.94 0.63 0.38 0.22 0.21 0.37 0.64 0.98 1.28 1.44
 28   1.43 1.26 1.01 0.75 0.52 0.34 0.29 0.36 0.60 0.90 1.15 1.30 1.34 1.24 1.04 0.80 0.54 0.32 0.22 0.28 0.57 0.82 1.09 1.26
 29   1.34 1.30 1.11 0.88 0.66 0.48 0.39 0.40 0.53 0.74 0.97 1.13 1.16 1.12 1.01 0.87 0.69 0.48 0.32 0.31 0.46 0.72 0.95 1.13
 30   1.22 1.22 1.13 0.99 0.79 0.61 0.50 0.46 0.49 0.62 0.78 0.92 1.00 1.01 0.96 0.86 0.73 0.60 0.50 0.46 0.50 0.60 0.75 0.91
 31   1.04 1.10 1.10 1.03 0.92 0.79 0.67 0.58 0.54 0.55 0.62 0.72 0.82 0.89 0.90 0.86 0.79 0.72 0.64 0.57 0.52 0.53 0.60 0.72
 ----------------------------------------------------------------------------------------------------------------------------
                                                                                               
 ----------------------------------------------------------------------------------------------------------------------------
 ----------------------------------------------------------------------------------------------------------------------------
                                                          SURVEY OF INDIA
                                                    MARINE GEODESY WING (G&RB)
                                                     HOURLY HEIGHTS IN METRES
  NAME OF PORT:- NANCOWRY                                                                           MONTH SEPT      YEAR 2021
 ----------------------------------------------------------------------------------------------------------------------------
 DAYS 0000 0001 0002 0003 0004 0005 0006 0007 0008 0009 0010 0011 0012 0013 0014 0015 0016 0017 0018 0019 0020 0021 0022 0023
 ----------------------------------------------------------------------------------------------------------------------------
  1   0.84 0.95 1.02 1.06 1.04 0.96 0.86 0.77 0.68 0.60 0.57 0.59 0.64 0.70 0.76 0.82 0.86 0.86 0.81 0.75 0.69 0.63 0.59 0.60
  2   0.66 0.75 0.86 0.98 1.08 1.12 1.09 1.01 0.90 0.78 0.66 0.56 0.51 0.53 0.61 0.72 0.83 0.91 0.95 0.94 0.86 0.76 0.66 0.56
  3   0.51 0.56 0.68 0.86 1.03 1.17 1.25 1.24 1.15 0.99 0.80 0.60 0.46 0.40 0.45 0.59 0.78 0.97 1.09 1.13 1.07 0.94 0.78 0.60
  4   0.46 0.42 0.51 0.70 0.93 1.20 1.37 1.44 1.40 1.20 0.96 0.68 0.46 0.27 0.22 0.37 0.61 0.90 1.14 1.29 1.28 1.16 0.96 0.70
  5   0.47 0.33 0.33 0.45 0.72 1.04 1.36 1.55 1.59 1.44 1.16 0.84 0.52 0.26 0.12 0.15 0.38 0.67 1.05 1.33 1.40 1.31 1.11 0.83
  6   0.52 0.28 0.20 0.24 0.46 0.78 1.19 1.52 1.71 1.68 1.39 1.05 0.66 0.37 0.14 0.03 0.12 0.46 0.88 1.24 1.44 1.49 1.34 1.06
  7   0.70 0.32 0.10 0.05 0.23 0.54 1.00 1.40 1.66 1.72 1.55 1.22 0.84 0.47 0.13-0.06-0.04 0.18 0.62 1.10 1.43 1.58 1.49 1.24
  8   0.88 0.48 0.19 0.02 0.06 0.29 0.67 1.14 1.50 1.69 1.70 1.44 1.06 0.64 0.24-0.02-0.13 0.00 0.38 0.87 1.30 1.62 1.67 1.50
  9   1.18 0.77 0.42 0.13 0.00 0.14 0.44 0.86 1.35 1.68 1.75 1.59 1.30 0.90 0.46 0.10-0.12-0.11 0.16 0.56 1.06 1.48 1.68 1.65
 10   1.40 1.02 0.64 0.31 0.07 0.03 0.18 0.52 1.02 1.41 1.65 1.62 1.41 1.10 0.66 0.21-0.05-0.11 0.01 0.36 0.84 1.28 1.60 1.66
 11   1.50 1.24 0.89 0.56 0.25 0.04 0.08 0.34 0.72 1.14 1.49 1.60 1.50 1.26 0.94 0.56 0.25 0.04 0.04 0.20 0.54 1.00 1.38 1.58
 12   1.60 1.43 1.15 0.85 0.51 0.26 0.16 0.22 0.46 0.82 1.19 1.42 1.49 1.36 1.09 0.80 0.52 0.29 0.18 0.21 0.42 0.76 1.13 1.41
 13   1.52 1.48 1.30 1.03 0.76 0.46 0.30 0.26 0.35 0.58 0.86 1.12 1.26 1.25 1.11 0.92 0.66 0.45 0.30 0.28 0.37 0.57 0.84 1.11
 14   1.30 1.34 1.28 1.12 0.93 0.71 0.54 0.40 0.38 0.46 0.61 0.83 0.99 1.06 1.04 0.95 0.84 0.72 0.59 0.50 0.46 0.51 0.65 0.81
 15   1.00 1.14 1.20 1.19 1.11 0.98 0.81 0.65 0.52 0.44 0.45 0.54 0.66 0.78 0.89 0.94 0.95 0.91 0.82 0.70 0.60 0.52 0.48 0.52
 16   0.67 0.82 0.98 1.10 1.16 1.16 1.08 0.94 0.78 0.62 0.48 0.41 0.41 0.49 0.65 0.80 0.94 1.02 1.03 0.97 0.85 0.72 0.59 0.47
 17   0.44 0.52 0.70 0.91 1.11 1.27 1.32 1.22 1.06 0.86 0.62 0.42 0.26 0.22 0.31 0.52 0.76 1.00 1.16 1.20 1.12 0.95 0.74 0.52
 18   0.35 0.31 0.40 0.58 0.86 1.15 1.36 1.42 1.34 1.14 0.84 0.54 0.26 0.10 0.08 0.22 0.53 0.85 1.15 1.30 1.28 1.12 0.88 0.59
 19   0.33 0.15 0.13 0.28 0.56 0.94 1.30 1.50 1.50 1.33 1.07 0.74 0.38 0.09-0.04-0.02 0.23 0.61 1.01 1.31 1.40 1.31 1.09 0.78
 20   0.47 0.20 0.05 0.10 0.36 0.77 1.12 1.44 1.61 1.54 1.30 0.96 0.58 0.22-0.02-0.09 0.07 0.40 0.84 1.25 1.50 1.50 1.32 1.02
 21   0.68 0.35 0.11 0.01 0.12 0.42 0.84 1.28 1.58 1.62 1.45 1.17 0.78 0.42 0.12-0.02 0.00 0.22 0.66 1.10 1.45 1.56 1.48 1.18
 22   0.86 0.48 0.16-0.02-0.01 0.21 0.62 1.12 1.45 1.60 1.54 1.28 0.90 0.55 0.21 0.01-0.04 0.12 0.48 0.94 1.32 1.55 1.54 1.36
 23   1.05 0.68 0.33 0.10 0.00 0.09 0.39 0.87 1.28 1.51 1.54 1.38 1.09 0.71 0.39 0.12 0.03 0.09 0.33 0.79 1.20 1.48 1.57 1.44
 24   1.18 0.85 0.50 0.20 0.06 0.05 0.23 0.64 1.10 1.40 1.53 1.46 1.23 0.92 0.58 0.31 0.15 0.14 0.34 0.68 1.12 1.40 1.55 1.53
 25   1.34 1.06 0.76 0.42 0.21 0.13 0.25 0.53 0.96 1.26 1.42 1.44 1.33 1.04 0.72 0.46 0.24 0.14 0.23 0.54 0.92 1.26 1.43 1.49
 26   1.40 1.17 0.86 0.56 0.32 0.22 0.27 0.52 0.84 1.12 1.29 1.34 1.24 1.04 0.78 0.54 0.34 0.28 0.37 0.56 0.79 1.03 1.29 1.41
 27   1.35 1.17 0.96 0.72 0.53 0.38 0.35 0.44 0.66 0.92 1.13 1.23 1.25 1.17 0.97 0.72 0.48 0.29 0.27 0.44 0.68 0.90 1.11 1.27
 28   1.32 1.24 1.04 0.82 0.62 0.46 0.40 0.46 0.58 0.71 0.85 0.98 1.03 0.99 0.85 0.72 0.59 0.49 0.46 0.50 0.60 0.74 0.90 1.02
 29   1.09 1.09 1.00 0.88 0.74 0.63 0.52 0.46 0.48 0.57 0.68 0.79 0.88 0.92 0.89 0.80 0.71 0.62 0.54 0.50 0.52 0.61 0.72 0.82
 30   0.91 0.97 0.99 0.96 0.89 0.80 0.72 0.64 0.58 0.55 0.56 0.60 0.66 0.72 0.77 0.80 0.80 0.76 0.71 0.66 0.61 0.59 0.62 0.68
 ----------------------------------------------------------------------------------------------------------------------------
                                                                                               
 ----------------------------------------------------------------------------------------------------------------------------
 ----------------------------------------------------------------------------------------------------------------------------
                                                          SURVEY OF INDIA
                                                    MARINE GEODESY WING (G&RB)
                                                     HOURLY HEIGHTS IN METRES
  NAME OF PORT:- NANCOWRY                                                                           MONTH OCTOBER   YEAR 2021
 ----------------------------------------------------------------------------------------------------------------------------
 DAYS 0000 0001 0002 0003 0004 0005 0006 0007 0008 0009 0010 0011 0012 0013 0014 0015 0016 0017 0018 0019 0020 0021 0022 0023
 ----------------------------------------------------------------------------------------------------------------------------
  1   0.75 0.83 0.90 0.97 1.00 0.99 0.93 0.83 0.72 0.62 0.54 0.49 0.49 0.54 0.63 0.74 0.86 0.92 0.93 0.88 0.80 0.70 0.60 0.54
  2   0.55 0.62 0.74 0.89 1.03 1.12 1.14 1.06 0.89 0.69 0.50 0.38 0.32 0.34 0.44 0.60 0.80 0.96 1.04 1.02 0.92 0.76 0.57 0.45
  3   0.37 0.38 0.48 0.71 0.93 1.16 1.28 1.27 1.15 0.96 0.70 0.45 0.25 0.18 0.25 0.44 0.71 0.99 1.21 1.28 1.20 1.02 0.79 0.54
  4   0.35 0.26 0.28 0.46 0.75 1.09 1.37 1.46 1.42 1.19 0.89 0.56 0.25 0.06 0.02 0.16 0.48 0.86 1.20 1.40 1.39 1.23 0.98 0.66
  5   0.39 0.14 0.06 0.22 0.54 0.96 1.32 1.55 1.59 1.42 1.13 0.74 0.36 0.05-0.08-0.03 0.24 0.65 1.10 1.41 1.56 1.49 1.26 0.92
  6   0.54 0.24 0.05 0.04 0.24 0.60 1.02 1.48 1.67 1.61 1.38 1.00 0.56 0.21-0.06-0.12 0.00 0.36 0.82 1.30 1.65 1.69 1.50 1.14
  7   0.78 0.36 0.05-0.08-0.01 0.26 0.70 1.23 1.57 1.68 1.56 1.24 0.79 0.36-0.02-0.18-0.17 0.08 0.58 1.10 1.55 1.77 1.72 1.45
  8   1.02 0.58 0.18-0.06-0.14 0.00 0.34 0.85 1.30 1.57 1.61 1.38 1.00 0.55 0.16-0.10-0.20-0.08 0.28 0.80 1.30 1.64 1.72 1.58
  9   1.26 0.83 0.42 0.07-0.10-0.10 0.14 0.52 1.02 1.40 1.55 1.46 1.20 0.84 0.43 0.10-0.07-0.08 0.11 0.52 1.06 1.44 1.63 1.62
 10   1.41 1.08 0.66 0.30 0.02-0.06 0.02 0.26 0.72 1.14 1.40 1.41 1.26 1.01 0.68 0.40 0.14 0.03 0.09 0.33 0.76 1.18 1.44 1.54
 11   1.46 1.22 0.90 0.56 0.24 0.06 0.03 0.14 0.44 0.80 1.08 1.23 1.23 1.11 0.84 0.57 0.34 0.17 0.14 0.26 0.54 0.89 1.16 1.34
 12   1.39 1.30 1.08 0.80 0.50 0.28 0.14 0.16 0.31 0.54 0.79 0.97 1.06 1.05 0.93 0.76 0.57 0.40 0.29 0.29 0.43 0.66 0.88 1.07
 13   1.22 1.23 1.13 0.98 0.78 0.60 0.44 0.35 0.35 0.44 0.58 0.72 0.83 0.90 0.90 0.83 0.73 0.63 0.56 0.52 0.53 0.59 0.68 0.79
 14   0.93 1.05 1.10 1.08 1.00 0.87 0.73 0.60 0.48 0.40 0.37 0.43 0.54 0.66 0.76 0.83 0.86 0.84 0.78 0.71 0.63 0.56 0.52 0.54
 15   0.64 0.78 0.92 1.03 1.09 1.08 1.00 0.88 0.71 0.54 0.38 0.29 0.28 0.40 0.56 0.72 0.88 0.99 1.01 0.95 0.82 0.69 0.56 0.46
 16   0.44 0.52 0.68 0.87 1.05 1.18 1.22 1.16 0.99 0.73 0.47 0.29 0.20 0.18 0.30 0.55 0.81 1.04 1.16 1.17 1.06 0.89 0.67 0.49
 17   0.38 0.34 0.39 0.60 0.88 1.13 1.31 1.31 1.16 0.92 0.64 0.38 0.19 0.09 0.11 0.33 0.64 0.98 1.23 1.30 1.23 1.02 0.78 0.54
 18   0.34 0.19 0.18 0.34 0.66 1.00 1.28 1.40 1.34 1.14 0.85 0.53 0.26 0.06 0.02 0.16 0.48 0.88 1.16 1.36 1.40 1.28 1.00 0.68
 19   0.34 0.13 0.06 0.14 0.40 0.78 1.12 1.34 1.40 1.26 0.98 0.65 0.34 0.08-0.05-0.01 0.25 0.64 1.08 1.39 1.46 1.38 1.16 0.82
 20   0.46 0.17 0.01-0.01 0.15 0.52 0.94 1.28 1.42 1.39 1.17 0.84 0.50 0.17 0.00-0.05 0.11 0.48 0.96 1.32 1.50 1.50 1.32 1.02
 21   0.62 0.29 0.06-0.04 0.04 0.32 0.76 1.12 1.33 1.39 1.26 0.95 0.61 0.29 0.05-0.07 0.02 0.32 0.74 1.18 1.46 1.54 1.42 1.16
 22   0.76 0.40 0.16 0.00-0.02 0.21 0.54 0.96 1.26 1.38 1.29 1.06 0.76 0.44 0.17 0.02 0.04 0.22 0.59 1.00 1.36 1.54 1.52 1.30
 23   0.98 0.60 0.28 0.04-0.06 0.04 0.28 0.69 1.09 1.29 1.32 1.14 0.88 0.59 0.30 0.08 0.00 0.14 0.43 0.82 1.20 1.47 1.53 1.39
 24   1.10 0.76 0.43 0.18 0.03 0.04 0.22 0.57 0.94 1.20 1.30 1.22 1.00 0.70 0.42 0.16 0.01 0.07 0.30 0.62 0.99 1.28 1.43 1.38
 25   1.19 0.91 0.57 0.29 0.12 0.08 0.17 0.40 0.76 1.02 1.16 1.14 1.00 0.79 0.57 0.33 0.21 0.21 0.36 0.60 0.90 1.20 1.35 1.36
 26   1.25 1.03 0.76 0.52 0.31 0.22 0.26 0.45 0.67 0.90 1.06 1.12 1.05 0.88 0.68 0.49 0.36 0.30 0.35 0.55 0.77 1.01 1.19 1.26
 27   1.23 1.10 0.91 0.67 0.49 0.35 0.32 0.41 0.58 0.78 0.94 1.02 1.02 0.92 0.78 0.64 0.51 0.43 0.45 0.54 0.69 0.88 1.05 1.18
 28   1.22 1.16 1.02 0.85 0.69 0.57 0.49 0.50 0.58 0.70 0.82 0.91 0.96 0.95 0.89 0.80 0.72 0.64 0.59 0.60 0.67 0.78 0.90 1.00
 29   1.09 1.12 1.10 1.03 0.92 0.79 0.68 0.60 0.57 0.58 0.63 0.71 0.78 0.84 0.88 0.88 0.85 0.79 0.73 0.68 0.66 0.68 0.74 0.82
 30   0.90 0.97 1.02 1.05 1.03 0.95 0.85 0.73 0.62 0.54 0.51 0.53 0.58 0.67 0.78 0.88 0.97 1.00 0.97 0.89 0.81 0.73 0.66 0.63
 31   0.66 0.76 0.90 1.05 1.14 1.16 1.10 0.96 0.79 0.62 0.45 0.37 0.37 0.46 0.62 0.83 1.02 1.12 1.14 1.08 0.95 0.77 0.61 0.49
 ----------------------------------------------------------------------------------------------------------------------------
                                                                                               
 ----------------------------------------------------------------------------------------------------------------------------
 ----------------------------------------------------------------------------------------------------------------------------
                                                          SURVEY OF INDIA
                                                    MARINE GEODESY WING (G&RB)
                                                     HOURLY HEIGHTS IN METRES
  NAME OF PORT:- NANCOWRY                                                                           MONTH NOVEMBER  YEAR 2021
 ----------------------------------------------------------------------------------------------------------------------------
 DAYS 0000 0001 0002 0003 0004 0005 0006 0007 0008 0009 0010 0011 0012 0013 0014 0015 0016 0017 0018 0019 0020 0021 0022 0023
 ----------------------------------------------------------------------------------------------------------------------------
  1   0.46 0.53 0.72 0.92 1.12 1.25 1.27 1.17 0.98 0.75 0.50 0.30 0.20 0.23 0.41 0.70 1.00 1.24 1.37 1.37 1.24 1.00 0.76 0.54
  2   0.37 0.36 0.46 0.72 1.04 1.30 1.46 1.44 1.28 1.00 0.68 0.39 0.16 0.07 0.20 0.48 0.85 1.27 1.53 1.60 1.50 1.29 0.98 0.66
  3   0.35 0.21 0.23 0.46 0.85 1.25 1.50 1.60 1.52 1.26 0.92 0.54 0.22 0.02 0.01 0.20 0.58 1.05 1.49 1.71 1.72 1.56 1.28 0.88
  4   0.45 0.15 0.02 0.14 0.48 0.94 1.31 1.58 1.62 1.47 1.18 0.78 0.38 0.06-0.09-0.04 0.28 0.82 1.32 1.70 1.86 1.79 1.54 1.14
  5   0.66 0.27-0.02-0.07 0.12 0.54 1.08 1.50 1.69 1.69 1.46 1.12 0.67 0.29-0.02-0.10 0.04 0.46 1.02 1.54 1.85 1.93 1.80 1.45
  6   1.00 0.52 0.16-0.06-0.05 0.24 0.70 1.21 1.58 1.68 1.58 1.34 0.97 0.57 0.19-0.02-0.04 0.22 0.70 1.24 1.68 1.89 1.87 1.67
  7   1.30 0.84 0.40 0.08-0.07-0.01 0.30 0.76 1.22 1.52 1.58 1.44 1.16 0.80 0.46 0.16 0.02 0.09 0.40 0.88 1.34 1.69 1.82 1.78
  8   1.46 1.09 0.68 0.30 0.05-0.03 0.12 0.44 0.87 1.24 1.45 1.46 1.27 1.00 0.73 0.43 0.23 0.17 0.28 0.64 1.02 1.35 1.64 1.72
  9   1.56 1.27 0.94 0.60 0.33 0.16 0.16 0.31 0.59 0.93 1.19 1.36 1.35 1.17 0.94 0.70 0.48 0.35 0.35 0.48 0.78 1.08 1.34 1.53
 10   1.52 1.38 1.14 0.90 0.63 0.42 0.30 0.29 0.40 0.62 0.86 1.06 1.15 1.12 1.00 0.83 0.66 0.53 0.48 0.50 0.62 0.82 1.04 1.25
 11   1.37 1.36 1.26 1.10 0.89 0.70 0.54 0.44 0.42 0.50 0.64 0.82 0.96 1.04 1.05 1.01 0.92 0.82 0.72 0.66 0.65 0.71 0.84 1.00
 12   1.16 1.26 1.27 1.21 1.10 0.97 0.82 0.66 0.53 0.49 0.51 0.59 0.72 0.85 0.97 1.05 1.05 0.99 0.92 0.84 0.77 0.71 0.70 0.76
 13   0.89 1.02 1.15 1.22 1.23 1.18 1.07 0.92 0.73 0.59 0.50 0.48 0.56 0.70 0.87 1.05 1.19 1.25 1.22 1.10 0.96 0.82 0.69 0.63
 14   0.67 0.79 0.95 1.11 1.25 1.32 1.28 1.13 0.94 0.73 0.55 0.41 0.40 0.51 0.71 0.96 1.18 1.33 1.39 1.35 1.21 0.99 0.75 0.53
 15   0.46 0.51 0.68 0.92 1.13 1.31 1.39 1.33 1.15 0.90 0.61 0.41 0.31 0.33 0.49 0.75 1.05 1.32 1.46 1.47 1.34 1.14 0.86 0.60
 16   0.41 0.33 0.44 0.68 0.95 1.22 1.39 1.42 1.29 1.05 0.80 0.54 0.33 0.25 0.33 0.57 0.90 1.25 1.51 1.61 1.53 1.32 1.03 0.71
 17   0.43 0.26 0.27 0.47 0.75 1.06 1.33 1.46 1.40 1.20 0.95 0.65 0.38 0.21 0.20 0.35 0.69 1.10 1.42 1.61 1.64 1.49 1.21 0.88
 18   0.53 0.29 0.19 0.27 0.53 0.87 1.20 1.41 1.43 1.31 1.06 0.77 0.48 0.27 0.17 0.25 0.54 0.92 1.31 1.59 1.70 1.60 1.35 1.04
 19   0.67 0.38 0.15 0.12 0.31 0.64 1.03 1.31 1.45 1.40 1.21 0.93 0.65 0.38 0.23 0.23 0.41 0.72 1.16 1.51 1.70 1.69 1.52 1.25
 20   0.83 0.49 0.23 0.08 0.18 0.49 0.87 1.18 1.38 1.43 1.30 1.06 0.76 0.49 0.27 0.18 0.25 0.57 0.93 1.31 1.61 1.73 1.63 1.35
 21   0.98 0.62 0.32 0.12 0.11 0.29 0.61 0.99 1.26 1.39 1.35 1.17 0.91 0.64 0.38 0.21 0.22 0.41 0.73 1.13 1.46 1.66 1.64 1.47
 22   1.17 0.84 0.50 0.26 0.14 0.23 0.47 0.82 1.11 1.34 1.39 1.27 1.04 0.76 0.52 0.34 0.26 0.32 0.60 1.00 1.35 1.59 1.68 1.58
 23   1.33 1.02 0.67 0.39 0.20 0.16 0.32 0.64 0.95 1.21 1.37 1.34 1.15 0.90 0.63 0.43 0.33 0.33 0.48 0.80 1.14 1.41 1.56 1.56
 24   1.40 1.15 0.86 0.56 0.36 0.26 0.31 0.50 0.79 1.05 1.23 1.25 1.16 0.99 0.78 0.59 0.42 0.37 0.44 0.64 0.93 1.22 1.41 1.48
 25   1.40 1.21 0.98 0.73 0.51 0.37 0.35 0.47 0.65 0.84 1.03 1.16 1.15 1.04 0.88 0.71 0.56 0.47 0.47 0.58 0.80 1.04 1.25 1.36
 26   1.38 1.33 1.22 1.06 0.89 0.72 0.58 0.48 0.49 0.58 0.71 0.86 0.98 1.07 1.09 1.04 0.95 0.85 0.76 0.69 0.69 0.78 0.95 1.17
 27   1.33 1.33 1.22 1.06 0.89 0.72 0.56 0.47 0.49 0.58 0.72 0.86 0.98 1.07 1.09 1.04 0.95 0.85 0.76 0.69 0.69 0.76 0.88 1.02
 28   1.15 1.24 1.26 1.21 1.11 0.97 0.81 0.67 0.55 0.49 0.53 0.64 0.79 0.95 1.06 1.11 1.10 1.04 0.96 0.86 0.77 0.71 0.71 0.78
 29   0.90 1.02 1.15 1.23 1.23 1.16 1.02 0.85 0.67 0.48 0.41 0.46 0.59 0.77 0.95 1.13 1.25 1.29 1.23 1.10 0.95 0.80 0.66 0.62
 30   0.66 0.80 0.98 1.15 1.28 1.29 1.20 1.04 0.83 0.58 0.38 0.28 0.31 0.49 0.75 1.01 1.24 1.42 1.47 1.39 1.20 0.96 0.72 0.54
 ----------------------------------------------------------------------------------------------------------------------------
                                                                                               
 ----------------------------------------------------------------------------------------------------------------------------
 ----------------------------------------------------------------------------------------------------------------------------
                                                          SURVEY OF INDIA
                                                    MARINE GEODESY WING (G&RB)
                                                     HOURLY HEIGHTS IN METRES
  NAME OF PORT:- NANCOWRY                                                                           MONTH DECEMBER  YEAR 2021
 ----------------------------------------------------------------------------------------------------------------------------
 DAYS 0000 0001 0002 0003 0004 0005 0006 0007 0008 0009 0010 0011 0012 0013 0014 0015 0016 0017 0018 0019 0020 0021 0022 0023
 ----------------------------------------------------------------------------------------------------------------------------
  1   0.45 0.51 0.69 0.94 1.17 1.34 1.40 1.31 1.10 0.85 0.56 0.35 0.24 0.29 0.50 0.82 1.18 1.51 1.66 1.65 1.48 1.21 0.91 0.58
  2   0.33 0.27 0.37 0.62 0.97 1.25 1.43 1.46 1.33 1.05 0.75 0.41 0.16 0.07 0.15 0.47 0.87 1.27 1.58 1.71 1.65 1.43 1.10 0.71
  3   0.40 0.14 0.07 0.25 0.58 0.97 1.29 1.49 1.48 1.29 0.97 0.63 0.32 0.07 0.02 0.19 0.53 1.03 1.49 1.77 1.83 1.69 1.36 0.97
  4   0.55 0.21 0.04 0.04 0.24 0.65 1.05 1.39 1.56 1.50 1.25 0.92 0.55 0.25 0.05 0.03 0.23 0.67 1.23 1.65 1.84 1.81 1.61 1.22
  5   0.79 0.37 0.03-0.14-0.09 0.23 0.71 1.10 1.38 1.48 1.37 1.12 0.77 0.44 0.15-0.01 0.04 0.33 0.81 1.31 1.67 1.82 1.75 1.51
  6   1.11 0.71 0.26-0.03-0.13 0.00 0.31 0.75 1.13 1.37 1.43 1.33 1.05 0.77 0.45 0.20 0.07 0.16 0.49 0.91 1.34 1.67 1.81 1.71
  7   1.43 1.01 0.61 0.25-0.02-0.08 0.12 0.43 0.82 1.19 1.39 1.39 1.23 0.99 0.70 0.42 0.21 0.15 0.26 0.61 1.00 1.39 1.63 1.67
  8   1.51 1.23 0.86 0.53 0.21 0.03 0.01 0.17 0.50 0.81 1.07 1.25 1.25 1.09 0.87 0.62 0.41 0.26 0.26 0.41 0.72 1.04 1.35 1.54
  9   1.56 1.39 1.11 0.81 0.52 0.24 0.08 0.09 0.27 0.53 0.81 1.02 1.12 1.10 0.99 0.81 0.61 0.46 0.39 0.42 0.59 0.81 1.04 1.24
 10   1.38 1.37 1.22 1.01 0.76 0.51 0.34 0.24 0.25 0.41 0.64 0.85 1.02 1.10 1.08 0.98 0.85 0.71 0.60 0.53 0.55 0.66 0.82 1.00
 11   1.17 1.27 1.25 1.15 0.98 0.78 0.57 0.41 0.34 0.35 0.45 0.63 0.82 0.97 1.05 1.06 1.01 0.90 0.77 0.65 0.57 0.57 0.64 0.77
 12   0.92 1.05 1.15 1.17 1.11 0.98 0.80 0.64 0.49 0.39 0.39 0.48 0.64 0.82 0.99 1.10 1.13 1.09 0.99 0.88 0.75 0.64 0.57 0.59
 13   0.69 0.81 0.95 1.06 1.10 1.06 0.95 0.80 0.65 0.49 0.38 0.37 0.46 0.62 0.82 1.02 1.15 1.20 1.17 1.07 0.92 0.76 0.62 0.51
 14   0.48 0.57 0.73 0.91 1.09 1.17 1.12 0.98 0.82 0.65 0.50 0.39 0.39 0.49 0.67 0.91 1.12 1.27 1.31 1.25 1.12 0.94 0.74 0.54
 15   0.41 0.43 0.57 0.75 0.95 1.10 1.17 1.12 0.97 0.80 0.62 0.45 0.34 0.37 0.51 0.76 1.03 1.25 1.39 1.42 1.31 1.11 0.86 0.61
 16   0.37 0.29 0.35 0.55 0.79 1.01 1.15 1.19 1.10 0.93 0.73 0.53 0.37 0.30 0.37 0.59 0.88 1.17 1.40 1.52 1.52 1.41 1.17 0.75
 17   0.47 0.28 0.22 0.33 0.58 0.86 1.09 1.21 1.20 1.06 0.88 0.65 0.44 0.29 0.29 0.41 0.69 1.01 1.29 1.48 1.52 1.40 1.17 0.90
 18   0.57 0.32 0.19 0.20 0.39 0.68 0.98 1.17 1.25 1.21 1.05 0.79 0.56 0.34 0.25 0.30 0.51 0.83 1.17 1.46 1.58 1.52 1.34 1.07
 19   0.71 0.43 0.20 0.10 0.21 0.49 0.81 1.10 1.25 1.26 1.15 0.91 0.64 0.41 0.23 0.19 0.33 0.62 0.97 1.33 1.57 1.60 1.48 1.24
 20   0.93 0.61 0.32 0.12 0.11 0.30 0.65 0.99 1.22 1.30 1.22 1.04 0.79 0.51 0.31 0.19 0.24 0.46 0.78 1.17 1.49 1.61 1.57 1.37
 21   1.08 0.74 0.41 0.20 0.11 0.22 0.49 0.85 1.13 1.29 1.29 1.17 0.96 0.68 0.42 0.25 0.21 0.33 0.61 0.99 1.35 1.59 1.63 1.48
 22   1.24 0.93 0.55 0.29 0.11 0.12 0.32 0.65 0.94 1.18 1.27 1.23 1.05 0.84 0.58 0.36 0.23 0.23 0.43 0.77 1.13 1.42 1.56 1.56
 23   1.35 1.09 0.75 0.44 0.22 0.13 0.22 0.45 0.76 1.05 1.23 1.25 1.15 0.96 0.73 0.50 0.33 0.26 0.36 0.59 0.91 1.25 1.45 1.51
 24   1.43 1.23 0.92 0.63 0.36 0.19 0.18 0.32 0.59 0.90 1.12 1.22 1.21 1.07 0.89 0.69 0.51 0.37 0.37 0.49 0.74 1.05 1.31 1.45
 25   1.43 1.29 1.06 0.81 0.55 0.30 0.21 0.24 0.41 0.67 0.94 1.13 1.19 1.13 1.00 0.83 0.64 0.49 0.41 0.46 0.61 0.84 1.08 1.29
 26   1.37 1.32 1.17 0.97 0.71 0.47 0.31 0.24 0.29 0.47 0.72 0.93 1.07 1.14 1.11 0.99 0.84 0.69 0.56 0.51 0.53 0.65 0.85 1.05
 27   1.22 1.29 1.25 1.09 0.88 0.68 0.47 0.32 0.27 0.33 0.49 0.72 0.93 1.09 1.17 1.17 1.06 0.91 0.75 0.61 0.54 0.54 0.63 0.78
 28   0.97 1.11 1.17 1.16 1.05 0.86 0.66 0.47 0.33 0.27 0.32 0.47 0.69 0.92 1.10 1.20 1.22 1.15 1.01 0.85 0.68 0.55 0.49 0.54
 29   0.68 0.83 0.99 1.10 1.13 1.06 0.91 0.73 0.52 0.35 0.26 0.31 0.45 0.67 0.93 1.16 1.30 1.33 1.25 1.09 0.87 0.67 0.47 0.38
 30   0.39 0.53 0.75 0.98 1.15 1.21 1.15 0.99 0.77 0.54 0.33 0.23 0.25 0.39 0.64 0.93 1.18 1.40 1.47 1.41 1.20 0.96 0.68 0.41
 31   0.22 0.23 0.36 0.62 0.90 1.13 1.26 1.24 1.05 0.81 0.55 0.32 0.16 0.14 0.31 0.60 0.96 1.29 1.53 1.57 1.44 1.20 0.86 0.51
 ----------------------------------------------------------------------------------------------------------------------------
                                                                                              
 ----------------------------------------------------------------------------------------------------------------------------
 ----------------------------------------------------------------------------------------------------------------------------
