                                                          SURVEY OF INDIA
                                                    MARINE GEODESY WING (G&RB)
                                                     HOURLY HEIGHTS IN METRES
  NAME OF PORT:- CHENNAI                                                                            MONTH JANUARY   YEAR 2012
 ----------------------------------------------------------------------------------------------------------------------------
 DAYS 0000 0001 0002 0003 0004 0005 0006 0007 0008 0009 0010 0011 0012 0013 0014 0015 0016 0017 0018 0019 0020 0021 0022 0023
 ----------------------------------------------------------------------------------------------------------------------------
  1   1.19 1.24 1.18 1.05 0.92 0.79 0.67 0.61 0.61 0.73 0.86 0.98 1.08 1.15 1.18 1.10 1.01 0.92 0.83 0.77 0.74 0.81 0.90 0.99
  2   1.08 1.12 1.14 1.07 0.96 0.85 0.74 0.65 0.60 0.60 0.68 0.78 0.88 0.98 1.06 1.09 1.08 1.02 0.96 0.90 0.84 0.81 0.81 0.87
  3   0.93 0.97 1.00 1.01 0.97 0.91 0.82 0.72 0.64 0.59 0.59 0.64 0.73 0.83 0.94 1.02 1.07 1.08 1.02 0.95 0.88 0.82 0.77 0.75
  4   0.81 0.86 0.91 0.96 0.98 0.95 0.90 0.82 0.73 0.65 0.60 0.57 0.61 0.72 0.83 0.94 1.04 1.10 1.12 1.08 0.99 0.90 0.81 0.73
  5   0.68 0.71 0.77 0.84 0.92 0.96 0.96 0.87 0.77 0.67 0.57 0.47 0.46 0.52 0.61 0.75 0.90 1.04 1.11 1.11 1.06 0.94 0.82 0.70
  6   0.60 0.56 0.60 0.68 0.78 0.87 0.93 0.91 0.84 0.72 0.60 0.49 0.43 0.42 0.49 0.62 0.80 0.96 1.10 1.16 1.14 1.05 0.90 0.75
  7   0.64 0.54 0.52 0.56 0.67 0.78 0.89 0.94 0.92 0.83 0.68 0.54 0.41 0.33 0.36 0.49 0.68 0.87 1.05 1.17 1.22 1.15 1.00 0.82
  8   0.71 0.53 0.47 0.50 0.60 0.73 0.86 0.97 1.02 0.97 0.82 0.64 0.48 0.36 0.31 0.39 0.55 0.78 0.98 1.16 1.28 1.28 1.16 0.97
  9   0.76 0.58 0.45 0.44 0.52 0.66 0.83 1.00 1.08 1.06 0.94 0.73 0.53 0.36 0.26 0.30 0.44 0.66 0.91 1.14 1.30 1.33 1.25 1.09
 10   0.85 0.63 0.45 0.38 0.41 0.56 0.74 0.93 1.05 1.10 1.02 0.86 0.64 0.43 0.30 0.26 0.36 0.53 0.77 1.02 1.23 1.33 1.31 1.17
 11   0.94 0.70 0.47 0.34 0.31 0.40 0.57 0.79 0.98 1.10 1.09 0.99 0.80 0.57 0.37 0.28 0.28 0.39 0.60 0.85 1.09 1.26 1.31 1.23
 12   1.05 0.80 0.55 0.34 0.26 0.30 0.42 0.64 0.85 1.03 1.12 1.07 0.94 0.74 0.52 0.36 0.30 0.35 0.49 0.72 0.96 1.19 1.32 1.32
 13   1.20 0.99 0.73 0.51 0.35 0.30 0.36 0.53 0.76 0.97 1.12 1.14 1.06 0.89 0.70 0.53 0.42 0.40 0.50 0.69 0.93 1.14 1.30 1.37
 14   1.33 1.18 0.95 0.70 0.49 0.40 0.39 0.48 0.67 0.90 1.09 1.23 1.24 1.15 0.99 0.83 0.69 0.60 0.57 0.66 0.83 1.04 1.22 1.31
 15   1.33 1.24 1.05 0.83 0.62 0.47 0.39 0.42 0.54 0.73 0.93 1.10 1.18 1.20 1.14 1.00 0.84 0.70 0.62 0.62 0.70 0.84 0.99 1.11
 16   1.22 1.24 1.16 0.97 0.78 0.58 0.45 0.40 0.42 0.53 0.70 0.86 1.01 1.09 1.12 1.06 0.95 0.82 0.69 0.62 0.62 0.68 0.78 0.91
 17   1.02 1.12 1.14 1.07 0.91 0.76 0.61 0.50 0.45 0.47 0.55 0.68 0.83 0.96 1.06 1.10 1.08 1.00 0.88 0.77 0.69 0.65 0.67 0.74
 18   0.84 0.92 0.98 1.00 0.95 0.86 0.72 0.59 0.49 0.41 0.41 0.47 0.60 0.74 0.88 1.01 1.09 1.09 1.00 0.90 0.80 0.70 0.64 0.62
 19   0.67 0.73 0.81 0.88 0.92 0.91 0.83 0.71 0.58 0.47 0.40 0.37 0.41 0.54 0.69 0.84 0.99 1.07 1.08 1.01 0.89 0.75 0.62 0.53
 20   0.50 0.54 0.60 0.69 0.79 0.86 0.87 0.80 0.70 0.56 0.42 0.34 0.33 0.37 0.49 0.66 0.87 1.02 1.10 1.10 1.05 0.92 0.75 0.59
 21   0.46 0.42 0.44 0.54 0.67 0.80 0.89 0.92 0.84 0.72 0.55 0.38 0.26 0.22 0.28 0.43 0.65 0.85 1.03 1.12 1.15 1.04 0.88 0.67
 22   0.47 0.37 0.33 0.38 0.50 0.66 0.81 0.91 0.92 0.84 0.68 0.49 0.32 0.20 0.19 0.28 0.49 0.73 0.94 1.10 1.19 1.14 1.00 0.79
 23   0.55 0.38 0.27 0.26 0.34 0.53 0.73 0.88 0.98 0.97 0.85 0.67 0.47 0.29 0.19 0.21 0.34 0.56 0.80 1.02 1.16 1.20 1.12 0.94
 24   0.70 0.50 0.32 0.23 0.29 0.43 0.63 0.83 0.98 1.02 0.96 0.80 0.60 0.39 0.26 0.20 0.28 0.44 0.66 0.92 1.13 1.23 1.22 1.08
 25   0.87 0.63 0.40 0.26 0.23 0.31 0.48 0.69 0.87 1.00 1.00 0.90 0.74 0.53 0.33 0.22 0.22 0.32 0.51 0.76 0.99 1.16 1.20 1.13
 26   0.94 0.71 0.48 0.30 0.22 0.25 0.38 0.57 0.78 0.94 1.02 1.00 0.89 0.70 0.49 0.33 0.27 0.31 0.42 0.63 0.87 1.06 1.15 1.16
 27   1.02 0.81 0.58 0.39 0.26 0.23 0.30 0.47 0.67 0.86 0.97 0.98 0.92 0.78 0.59 0.41 0.30 0.28 0.36 0.49 0.69 0.89 1.02 1.06
 28   1.03 0.88 0.69 0.49 0.32 0.24 0.25 0.37 0.55 0.73 0.87 0.94 0.93 0.85 0.69 0.53 0.40 0.34 0.35 0.45 0.61 0.77 0.92 0.99
 29   0.98 0.89 0.77 0.60 0.43 0.32 0.28 0.34 0.46 0.63 0.79 0.89 0.93 0.90 0.82 0.68 0.55 0.45 0.42 0.44 0.55 0.67 0.80 0.89
 30   0.94 0.90 0.82 0.69 0.53 0.43 0.37 0.37 0.43 0.56 0.71 0.82 0.90 0.94 0.89 0.80 0.70 0.61 0.55 0.52 0.55 0.63 0.74 0.83
 31   0.89 0.91 0.86 0.77 0.64 0.52 0.42 0.38 0.40 0.48 0.60 0.72 0.81 0.88 0.90 0.87 0.81 0.75 0.69 0.63 0.60 0.64 0.70 0.76
 ----------------------------------------------------------------------------------------------------------------------------
                                                                                               
 ----------------------------------------------------------------------------------------------------------------------------
 ----------------------------------------------------------------------------------------------------------------------------
                                                          SURVEY OF INDIA
                                                    MARINE GEODESY WING (G&RB)
                                                     HOURLY HEIGHTS IN METRES
  NAME OF PORT:- CHENNAI                                                                            MONTH FEBRUARY  YEAR 2012
 ----------------------------------------------------------------------------------------------------------------------------
 DAYS 0000 0001 0002 0003 0004 0005 0006 0007 0008 0009 0010 0011 0012 0013 0014 0015 0016 0017 0018 0019 0020 0021 0022 0023
 ----------------------------------------------------------------------------------------------------------------------------
  1   0.81 0.86 0.84 0.78 0.71 0.62 0.53 0.45 0.42 0.46 0.53 0.61 0.70 0.79 0.85 0.88 0.88 0.84 0.79 0.73 0.68 0.65 0.66 0.69
  2   0.71 0.76 0.81 0.83 0.79 0.72 0.65 0.58 0.52 0.48 0.48 0.52 0.58 0.67 0.76 0.85 0.92 0.95 0.92 0.87 0.81 0.74 0.68 0.66
  3   0.67 0.70 0.75 0.80 0.83 0.84 0.78 0.71 0.63 0.56 0.51 0.49 0.53 0.60 0.70 0.80 0.90 0.99 1.02 0.99 0.92 0.82 0.73 0.64
  4   0.60 0.60 0.64 0.69 0.76 0.82 0.85 0.84 0.75 0.65 0.56 0.48 0.44 0.46 0.56 0.70 0.84 0.97 1.07 1.11 1.05 0.95 0.82 0.67
  5   0.55 0.49 0.51 0.56 0.67 0.78 0.87 0.89 0.86 0.75 0.62 0.49 0.40 0.36 0.42 0.54 0.70 0.88 1.04 1.14 1.15 1.07 0.92 0.71
  6   0.56 0.42 0.38 0.44 0.55 0.70 0.85 0.94 0.96 0.88 0.72 0.55 0.38 0.28 0.30 0.39 0.58 0.78 0.98 1.14 1.20 1.16 1.02 0.81
  7   0.58 0.44 0.34 0.35 0.46 0.62 0.82 0.98 1.04 1.01 0.87 0.68 0.45 0.30 0.24 0.29 0.45 0.67 0.93 1.13 1.24 1.24 1.13 0.91
  8   0.64 0.44 0.30 0.27 0.34 0.51 0.73 0.95 1.07 1.08 0.99 0.78 0.57 0.37 0.24 0.22 0.33 0.54 0.79 1.05 1.21 1.28 1.21 1.04
  9   0.77 0.52 0.31 0.23 0.25 0.40 0.61 0.86 1.06 1.14 1.11 0.97 0.73 0.49 0.30 0.21 0.26 0.40 0.65 0.90 1.13 1.28 1.28 1.14
 10   0.88 0.62 0.36 0.20 0.14 0.25 0.43 0.70 0.93 1.11 1.17 1.09 0.88 0.65 0.42 0.26 0.23 0.32 0.51 0.75 1.01 1.22 1.27 1.22
 11   1.04 0.76 0.50 0.27 0.15 0.16 0.29 0.51 0.77 0.98 1.12 1.12 1.01 0.81 0.59 0.38 0.28 0.27 0.38 0.57 0.81 1.04 1.18 1.19
 12   1.09 0.88 0.62 0.36 0.19 0.13 0.18 0.34 0.58 0.83 1.01 1.12 1.10 0.97 0.77 0.56 0.41 0.33 0.33 0.45 0.62 0.84 1.01 1.10
 13   1.10 0.98 0.77 0.55 0.35 0.24 0.20 0.28 0.43 0.65 0.85 1.01 1.08 1.04 0.93 0.76 0.60 0.47 0.41 0.43 0.54 0.68 0.84 0.98
 14   1.05 1.01 0.89 0.72 0.54 0.39 0.30 0.30 0.37 0.50 0.68 0.87 0.99 1.04 1.01 0.91 0.79 0.67 0.57 0.52 0.53 0.62 0.72 0.83
 15   0.92 0.95 0.92 0.81 0.68 0.55 0.43 0.36 0.35 0.41 0.54 0.68 0.84 0.94 1.00 1.01 0.94 0.86 0.77 0.68 0.62 0.58 0.60 0.67
 16   0.74 0.83 0.86 0.86 0.81 0.73 0.63 0.55 0.48 0.44 0.45 0.52 0.62 0.74 0.85 0.93 0.96 0.95 0.90 0.82 0.72 0.64 0.57 0.55
 17   0.55 0.63 0.70 0.76 0.79 0.80 0.74 0.66 0.57 0.48 0.43 0.40 0.44 0.54 0.66 0.79 0.90 0.98 1.00 0.95 0.86 0.74 0.62 0.52
 18   0.46 0.48 0.53 0.61 0.70 0.77 0.81 0.78 0.71 0.62 0.51 0.41 0.37 0.40 0.49 0.64 0.79 0.94 1.05 1.07 1.01 0.90 0.75 0.58
 19   0.46 0.38 0.39 0.47 0.59 0.72 0.83 0.88 0.84 0.74 0.61 0.47 0.36 0.29 0.34 0.47 0.65 0.84 1.02 1.12 1.12 1.04 0.88 0.70
 20   0.43 0.35 0.32 0.38 0.51 0.67 0.84 0.95 0.98 0.88 0.74 0.58 0.41 0.28 0.27 0.36 0.54 0.76 0.97 1.12 1.19 1.13 0.99 0.77
 21   0.53 0.35 0.26 0.27 0.38 0.55 0.75 0.91 0.99 0.97 0.85 0.66 0.47 0.32 0.25 0.28 0.40 0.62 0.85 1.06 1.17 1.15 1.05 0.85
 22   0.58 0.38 0.24 0.20 0.30 0.45 0.67 0.87 1.01 1.02 0.95 0.77 0.56 0.37 0.26 0.24 0.31 0.48 0.74 0.96 1.12 1.17 1.10 0.92
 23   0.68 0.44 0.26 0.20 0.25 0.37 0.59 0.82 0.98 1.06 1.03 0.90 0.68 0.46 0.30 0.22 0.25 0.39 0.60 0.84 1.03 1.13 1.13 1.01
 24   0.78 0.53 0.33 0.21 0.20 0.30 0.49 0.72 0.93 1.06 1.07 0.97 0.78 0.57 0.37 0.26 0.26 0.34 0.52 0.72 0.92 1.06 1.09 1.00
 25   0.81 0.57 0.37 0.23 0.18 0.24 0.40 0.60 0.82 1.00 1.05 1.02 0.88 0.68 0.50 0.35 0.28 0.31 0.44 0.63 0.82 0.97 1.04 1.00
 26   0.86 0.68 0.49 0.32 0.22 0.24 0.34 0.51 0.73 0.90 1.01 1.00 0.93 0.79 0.62 0.45 0.35 0.34 0.39 0.52 0.70 0.87 0.98 1.02
 27   0.88 0.77 0.59 0.42 0.31 0.27 0.29 0.43 0.61 0.78 0.92 0.97 0.96 0.86 0.72 0.57 0.46 0.40 0.40 0.48 0.61 0.76 0.89 0.92
 28   0.88 0.81 0.67 0.54 0.40 0.34 0.32 0.38 0.50 0.66 0.82 0.90 0.94 0.90 0.83 0.72 0.62 0.54 0.50 0.51 0.58 0.68 0.80 0.87
 29   0.90 0.85 0.76 0.63 0.51 0.42 0.36 0.37 0.45 0.56 0.69 0.80 0.86 0.88 0.85 0.78 0.70 0.62 0.56 0.53 0.55 0.62 0.69 0.76
 ----------------------------------------------------------------------------------------------------------------------------
                                                                                               
 ----------------------------------------------------------------------------------------------------------------------------
 ----------------------------------------------------------------------------------------------------------------------------
                                                          SURVEY OF INDIA
                                                    MARINE GEODESY WING (G&RB)
                                                     HOURLY HEIGHTS IN METRES
  NAME OF PORT:- CHENNAI                                                                            MONTH MARCH     YEAR 2012
 ----------------------------------------------------------------------------------------------------------------------------
 DAYS 0000 0001 0002 0003 0004 0005 0006 0007 0008 0009 0010 0011 0012 0013 0014 0015 0016 0017 0018 0019 0020 0021 0022 0023
 ----------------------------------------------------------------------------------------------------------------------------
  1   0.80 0.82 0.78 0.69 0.59 0.49 0.43 0.40 0.43 0.49 0.57 0.66 0.75 0.82 0.84 0.81 0.75 0.69 0.63 0.58 0.54 0.55 0.60 0.65
  2   0.69 0.73 0.74 0.70 0.62 0.54 0.46 0.41 0.38 0.39 0.44 0.52 0.60 0.68 0.75 0.79 0.79 0.74 0.68 0.62 0.57 0.52 0.49 0.51
  3   0.55 0.60 0.64 0.67 0.68 0.62 0.54 0.46 0.40 0.36 0.34 0.37 0.45 0.53 0.62 0.71 0.77 0.78 0.76 0.70 0.62 0.53 0.45 0.42
  4   0.38 0.42 0.48 0.54 0.59 0.62 0.63 0.57 0.48 0.40 0.33 0.30 0.31 0.40 0.50 0.61 0.72 0.83 0.86 0.85 0.75 0.63 0.50 0.40
  5   0.35 0.32 0.38 0.48 0.60 0.69 0.76 0.77 0.68 0.56 0.43 0.31 0.26 0.25 0.36 0.51 0.67 0.84 0.93 0.96 0.88 0.75 0.58 0.40
  6   0.26 0.22 0.25 0.35 0.51 0.69 0.82 0.86 0.82 0.70 0.55 0.40 0.26 0.20 0.23 0.35 0.54 0.76 0.95 1.05 1.04 0.94 0.76 0.55
  7   0.31 0.18 0.16 0.22 0.38 0.60 0.82 0.96 1.00 0.93 0.77 0.56 0.36 0.21 0.17 0.26 0.43 0.68 0.92 1.09 1.15 1.10 0.92 0.66
  8   0.38 0.21 0.11 0.12 0.25 0.47 0.74 0.96 1.08 1.08 0.95 0.74 0.49 0.28 0.18 0.17 0.32 0.54 0.82 1.04 1.19 1.20 1.08 0.83
  9   0.52 0.26 0.11 0.04 0.07 0.29 0.59 0.87 1.06 1.15 1.11 0.94 0.68 0.43 0.23 0.14 0.20 0.36 0.62 0.90 1.13 1.22 1.18 1.01
 10   0.69 0.43 0.16 0.02 0.02 0.17 0.44 0.74 1.00 1.17 1.20 1.13 0.84 0.56 0.31 0.16 0.16 0.25 0.45 0.73 0.97 1.13 1.16 1.05
 11   0.72 0.50 0.23 0.05-0.04 0.04 0.25 0.52 0.82 1.05 1.14 1.11 0.95 0.73 0.46 0.25 0.15 0.16 0.30 0.52 0.75 0.96 1.08 1.08
 12   0.86 0.67 0.41 0.18 0.06 0.02 0.13 0.33 0.60 0.88 1.05 1.13 1.09 0.94 0.70 0.49 0.31 0.23 0.25 0.36 0.56 0.77 0.93 1.01
 13   0.86 0.81 0.60 0.38 0.20 0.11 0.11 0.22 0.43 0.66 0.89 1.02 1.05 0.98 0.83 0.65 0.47 0.32 0.27 0.30 0.43 0.59 0.76 0.88
 14   0.96 0.94 0.78 0.61 0.44 0.31 0.25 0.26 0.36 0.52 0.72 0.88 0.97 1.00 0.95 0.83 0.67 0.53 0.43 0.36 0.38 0.49 0.62 0.73
 15   0.84 0.86 0.84 0.74 0.60 0.45 0.35 0.30 0.30 0.37 0.50 0.66 0.80 0.89 0.92 0.91 0.82 0.71 0.59 0.50 0.44 0.41 0.47 0.54
 16   0.65 0.70 0.74 0.76 0.70 0.60 0.50 0.42 0.36 0.34 0.40 0.48 0.59 0.71 0.81 0.87 0.88 0.83 0.74 0.63 0.53 0.45 0.40 0.41
 17   0.46 0.54 0.62 0.66 0.68 0.66 0.60 0.53 0.44 0.36 0.32 0.35 0.42 0.52 0.64 0.75 0.83 0.86 0.84 0.74 0.62 0.50 0.38 0.33
 18   0.35 0.36 0.45 0.55 0.64 0.72 0.72 0.67 0.58 0.47 0.37 0.31 0.31 0.36 0.48 0.62 0.76 0.86 0.90 0.87 0.77 0.62 0.46 0.31
 19   0.27 0.25 0.33 0.45 0.59 0.72 0.80 0.81 0.72 0.60 0.47 0.34 0.24 0.24 0.35 0.50 0.68 0.85 0.96 0.98 0.92 0.78 0.58 0.38
 20   0.22 0.18 0.20 0.32 0.49 0.68 0.81 0.86 0.84 0.73 0.55 0.39 0.26 0.20 0.24 0.36 0.55 0.73 0.90 0.96 0.94 0.82 0.62 0.41
 21   0.20 0.06 0.10 0.21 0.38 0.58 0.79 0.89 0.90 0.84 0.66 0.47 0.29 0.18 0.15 0.23 0.39 0.62 0.82 0.94 0.99 0.90 0.72 0.50
 22   0.28 0.08 0.06 0.12 0.28 0.49 0.70 0.86 0.94 0.90 0.76 0.54 0.35 0.19 0.12 0.15 0.28 0.48 0.69 0.86 0.98 0.95 0.78 0.58
 23   0.30 0.15 0.07 0.06 0.20 0.40 0.63 0.81 0.95 0.96 0.87 0.69 0.46 0.26 0.14 0.10 0.20 0.36 0.57 0.77 0.90 0.94 0.85 0.66
 24   0.40 0.19 0.04 0.01 0.09 0.25 0.51 0.73 0.90 0.98 0.94 0.80 0.60 0.38 0.20 0.10 0.13 0.27 0.45 0.66 0.84 0.92 0.90 0.78
 25   0.58 0.37 0.15 0.06 0.06 0.18 0.40 0.64 0.86 0.97 0.98 0.90 0.71 0.48 0.30 0.18 0.16 0.23 0.38 0.57 0.77 0.88 0.91 0.84
 26   0.60 0.42 0.24 0.12 0.08 0.17 0.33 0.55 0.77 0.92 1.00 0.95 0.81 0.63 0.43 0.27 0.19 0.18 0.32 0.48 0.66 0.83 0.90 0.87
 27   0.72 0.56 0.37 0.23 0.14 0.15 0.27 0.46 0.66 0.86 0.96 0.98 0.92 0.79 0.62 0.46 0.35 0.32 0.36 0.48 0.63 0.77 0.87 0.90
 28   0.88 0.70 0.52 0.34 0.25 0.22 0.28 0.39 0.58 0.76 0.91 0.96 0.95 0.88 0.74 0.59 0.46 0.40 0.40 0.46 0.56 0.67 0.75 0.78
 29   0.80 0.71 0.60 0.48 0.36 0.29 0.29 0.37 0.50 0.66 0.81 0.90 0.93 0.92 0.82 0.70 0.59 0.49 0.44 0.44 0.48 0.57 0.66 0.73
 30   0.75 0.74 0.66 0.56 0.46 0.36 0.31 0.32 0.38 0.48 0.58 0.68 0.78 0.82 0.80 0.74 0.65 0.56 0.48 0.43 0.42 0.46 0.51 0.56
 31   0.60 0.63 0.62 0.57 0.48 0.39 0.33 0.30 0.31 0.38 0.48 0.58 0.68 0.75 0.78 0.78 0.74 0.66 0.58 0.50 0.44 0.41 0.42 0.44
 ----------------------------------------------------------------------------------------------------------------------------
                                                                                               
 ----------------------------------------------------------------------------------------------------------------------------
 ----------------------------------------------------------------------------------------------------------------------------
                                                          SURVEY OF INDIA
                                                    MARINE GEODESY WING (G&RB)
                                                     HOURLY HEIGHTS IN METRES
  NAME OF PORT:- CHENNAI                                                                            MONTH APRIL     YEAR 2012
 ----------------------------------------------------------------------------------------------------------------------------
 DAYS 0000 0001 0002 0003 0004 0005 0006 0007 0008 0009 0010 0011 0012 0013 0014 0015 0016 0017 0018 0019 0020 0021 0022 0023
 ----------------------------------------------------------------------------------------------------------------------------
  1   0.49 0.54 0.59 0.62 0.60 0.55 0.49 0.43 0.38 0.36 0.38 0.47 0.56 0.64 0.72 0.77 0.78 0.75 0.68 0.58 0.49 0.42 0.37 0.35
  2   0.38 0.44 0.51 0.58 0.65 0.67 0.64 0.57 0.48 0.40 0.35 0.35 0.41 0.50 0.62 0.74 0.84 0.86 0.84 0.75 0.63 0.50 0.37 0.28
  3   0.26 0.27 0.36 0.50 0.68 0.78 0.80 0.75 0.66 0.54 0.40 0.31 0.30 0.36 0.49 0.66 0.81 0.92 0.96 0.90 0.78 0.60 0.40 0.24
  4   0.14 0.15 0.26 0.48 0.68 0.85 0.94 0.96 0.86 0.71 0.53 0.37 0.27 0.27 0.35 0.51 0.71 0.90 1.03 1.05 0.95 0.78 0.55 0.34
  5   0.15 0.12 0.18 0.34 0.57 0.80 0.98 1.08 1.04 0.88 0.67 0.46 0.28 0.20 0.25 0.38 0.61 0.86 1.03 1.14 1.10 0.96 0.72 0.44
  6   0.16 0.06 0.05 0.16 0.39 0.69 0.95 1.14 1.19 1.10 0.90 0.64 0.39 0.22 0.16 0.23 0.40 0.66 0.90 1.09 1.14 1.06 0.85 0.58
  7   0.28 0.07-0.06-0.01 0.18 0.47 0.78 1.06 1.21 1.23 1.09 0.85 0.58 0.34 0.16 0.13 0.22 0.44 0.72 0.96 1.13 1.14 1.02 0.77
  8   0.50 0.18-0.02-0.05 0.05 0.26 0.55 0.87 1.10 1.22 1.18 1.00 0.76 0.47 0.24 0.10 0.12 0.25 0.48 0.75 0.96 1.09 1.08 0.92
  9   0.65 0.35 0.10-0.04-0.06 0.08 0.32 0.62 0.90 1.09 1.18 1.13 0.95 0.70 0.46 0.25 0.14 0.16 0.28 0.52 0.75 0.92 1.00 0.99
 10   0.80 0.55 0.28 0.07-0.03 0.00 0.16 0.40 0.66 0.89 1.09 1.14 1.05 0.87 0.66 0.43 0.24 0.14 0.18 0.33 0.53 0.72 0.85 0.92
 11   0.83 0.68 0.49 0.30 0.14 0.07 0.11 0.24 0.46 0.71 0.90 1.00 1.01 0.95 0.82 0.64 0.44 0.27 0.21 0.27 0.39 0.53 0.67 0.80
 12   0.88 0.81 0.67 0.51 0.35 0.23 0.18 0.20 0.33 0.51 0.68 0.83 0.93 0.98 0.94 0.84 0.67 0.49 0.35 0.30 0.30 0.39 0.50 0.62
 13   0.72 0.79 0.76 0.68 0.56 0.43 0.33 0.26 0.28 0.36 0.48 0.62 0.75 0.85 0.92 0.90 0.80 0.68 0.56 0.44 0.36 0.34 0.39 0.48
 14   0.61 0.71 0.76 0.76 0.68 0.58 0.49 0.42 0.38 0.35 0.39 0.50 0.64 0.78 0.87 0.93 0.90 0.83 0.73 0.61 0.50 0.41 0.37 0.40
 15   0.49 0.59 0.69 0.76 0.80 0.79 0.73 0.65 0.57 0.51 0.47 0.49 0.56 0.68 0.80 0.92 0.96 0.95 0.88 0.78 0.65 0.52 0.40 0.36
 16   0.41 0.50 0.61 0.72 0.82 0.89 0.89 0.83 0.73 0.61 0.51 0.46 0.46 0.53 0.67 0.82 0.93 1.00 1.00 0.94 0.82 0.66 0.52 0.38
 17   0.34 0.41 0.52 0.64 0.76 0.86 0.95 0.95 0.90 0.78 0.66 0.55 0.46 0.46 0.52 0.64 0.80 0.95 1.04 1.05 0.96 0.81 0.63 0.46
 18   0.34 0.30 0.36 0.48 0.66 0.83 0.97 1.04 1.00 0.90 0.74 0.57 0.45 0.38 0.40 0.51 0.67 0.83 0.96 1.04 1.01 0.86 0.68 0.52
 19   0.35 0.27 0.27 0.38 0.54 0.73 0.92 1.05 1.05 0.98 0.83 0.65 0.50 0.38 0.34 0.40 0.53 0.71 0.86 0.96 1.00 0.92 0.74 0.56
 20   0.35 0.24 0.20 0.29 0.43 0.62 0.82 1.00 1.08 1.05 0.92 0.72 0.54 0.38 0.32 0.38 0.50 0.68 0.86 1.00 1.05 0.98 0.84 0.65
 21   0.44 0.26 0.18 0.24 0.38 0.60 0.84 1.04 1.13 1.12 1.03 0.84 0.65 0.47 0.36 0.33 0.42 0.58 0.76 0.92 1.03 1.03 0.91 0.74
 22   0.50 0.32 0.19 0.19 0.33 0.52 0.74 0.96 1.13 1.18 1.10 0.95 0.75 0.57 0.44 0.36 0.34 0.42 0.59 0.78 0.95 1.02 0.98 0.82
 23   0.58 0.35 0.25 0.22 0.28 0.43 0.64 0.86 1.06 1.16 1.16 1.07 0.87 0.67 0.52 0.43 0.41 0.46 0.58 0.75 0.89 1.00 0.98 0.88
 24   0.70 0.51 0.32 0.25 0.27 0.38 0.56 0.78 0.96 1.11 1.15 1.10 0.94 0.77 0.59 0.46 0.42 0.46 0.59 0.75 0.90 1.00 1.04 0.95
 25   0.77 0.58 0.42 0.30 0.26 0.33 0.48 0.69 0.92 1.07 1.16 1.14 1.04 0.85 0.67 0.54 0.43 0.40 0.45 0.58 0.72 0.85 0.94 0.96
 26
 27
 28
 29
 30
 ----------------------------------------------------------------------------------------------------------------------------
                                                                                               
 ----------------------------------------------------------------------------------------------------------------------------
 ----------------------------------------------------------------------------------------------------------------------------
                                                          SURVEY OF INDIA
                                                    MARINE GEODESY WING (G&RB)
                                                     HOURLY HEIGHTS IN METRES
  NAME OF PORT:- CHENNAI                                                                            MONTH MAY       YEAR 2012
 ----------------------------------------------------------------------------------------------------------------------------
 DAYS 0000 0001 0002 0003 0004 0005 0006 0007 0008 0009 0010 0011 0012 0013 0014 0015 0016 0017 0018 0019 0020 0021 0022 0023
 ----------------------------------------------------------------------------------------------------------------------------
  1
  2
  3   0.15 0.23 0.36 0.55 0.76 0.93 1.01 1.01 0.90 0.73 0.56 0.43 0.35 0.36 0.45 0.60 0.78 0.93 1.01 0.98 0.86 0.66 0.47 0.26
  4   0.10 0.07 0.17 0.36 0.62 0.86 1.04 1.10 1.06 0.92 0.73 0.52 0.35 0.28 0.32 0.45 0.59 0.75 0.92 1.04 1.02 0.88 0.66 0.42
  5   0.22 0.04 0.01 0.13 0.35 0.62 0.88 1.08 1.18 1.13 0.99 0.80 0.58 0.34 0.24 0.27 0.43 0.60 0.80 0.98 1.06 0.96 0.79 0.56
  6   0.31 0.08-0.03 0.04 0.19 0.44 0.70 0.96 1.14 1.19 1.08 0.90 0.68 0.43 0.24 0.19 0.28 0.45 0.66 0.88 1.02 1.03 0.90 0.72
  7   0.43 0.17 0.01-0.01 0.13 0.33 0.56 0.81 1.04 1.18 1.16 1.01 0.80 0.56 0.32 0.20 0.20 0.34 0.54 0.74 0.93 1.03 0.97 0.81
  8   0.55 0.29 0.06-0.04 0.00 0.19 0.44 0.68 0.93 1.14 1.28 1.27 1.09 0.85 0.59 0.39 0.28 0.28 0.37 0.60 0.81 0.98 1.07 1.05
  9   0.89 0.65 0.42 0.25 0.13 0.16 0.30 0.53 0.80 1.04 1.18 1.21 1.14 0.99 0.78 0.52 0.30 0.21 0.26 0.40 0.58 0.76 0.91 0.98
 10   0.92 0.79 0.61 0.40 0.24 0.16 0.20 0.36 0.57 0.81 1.02 1.14 1.17 1.08 0.92 0.74 0.52 0.35 0.26 0.30 0.42 0.56 0.72 0.84
 11   0.92 0.86 0.73 0.59 0.45 0.34 0.30 0.36 0.48 0.64 0.83 0.97 1.06 1.06 0.96 0.82 0.67 0.51 0.37 0.30 0.35 0.46 0.60 0.74
 12   0.84 0.85 0.78 0.69 0.58 0.48 0.39 0.36 0.43 0.55 0.68 0.80 0.93 1.04 1.07 1.00 0.88 0.74 0.61 0.48 0.40 0.41 0.47 0.56
 13   0.66 0.76 0.83 0.82 0.78 0.70 0.62 0.54 0.48 0.50 0.56 0.65 0.77 0.89 0.99 1.00 0.94 0.85 0.74 0.62 0.51 0.44 0.45 0.49
 14   0.57 0.67 0.77 0.86 0.87 0.84 0.77 0.70 0.62 0.55 0.55 0.59 0.66 0.76 0.86 0.93 0.96 0.93 0.84 0.72 0.60 0.49 0.41 0.42
 15   0.43 0.52 0.64 0.76 0.84 0.87 0.84 0.78 0.70 0.61 0.54 0.50 0.52 0.58 0.69 0.80 0.88 0.90 0.87 0.79 0.68 0.56 0.44 0.36
 16   0.38 0.49 0.60 0.72 0.84 0.94 0.96 0.92 0.83 0.73 0.62 0.52 0.49 0.52 0.58 0.68 0.80 0.88 0.92 0.89 0.79 0.65 0.50 0.39
 17   0.34 0.40 0.52 0.66 0.80 0.90 0.96 0.98 0.92 0.82 0.69 0.56 0.48 0.47 0.51 0.59 0.71 0.81 0.89 0.93 0.88 0.75 0.60 0.44
 18   0.33 0.32 0.42 0.56 0.71 0.86 0.96 1.02 1.04 0.96 0.80 0.64 0.50 0.44 0.44 0.52 0.65 0.78 0.89 0.94 0.91 0.80 0.66 0.50
 19   0.31 0.28 0.30 0.43 0.60 0.80 0.98 1.08 1.10 1.03 0.88 0.71 0.55 0.43 0.39 0.44 0.56 0.71 0.85 0.92 0.93 0.84 0.69 0.53
 20   0.36 0.27 0.24 0.33 0.50 0.68 0.87 1.02 1.10 1.08 0.94 0.77 0.59 0.46 0.42 0.43 0.49 0.62 0.78 0.91 0.96 0.88 0.74 0.57
 21   0.41 0.29 0.22 0.24 0.39 0.57 0.79 0.97 1.07 1.10 1.02 0.85 0.68 0.53 0.43 0.40 0.44 0.55 0.70 0.85 0.94 0.92 0.80 0.63
 22   0.46 0.34 0.26 0.21 0.32 0.49 0.70 0.90 1.05 1.13 1.09 0.96 0.77 0.58 0.44 0.34 0.31 0.40 0.53 0.67 0.82 0.90 0.88 0.78
 23   0.64 0.48 0.33 0.19 0.20 0.30 0.49 0.70 0.92 1.08 1.13 1.05 0.86 0.67 0.51 0.39 0.31 0.38 0.50 0.64 0.77 0.88 0.90 0.85
 24   0.72 0.56 0.40 0.25 0.17 0.26 0.41 0.60 0.81 1.00 1.14 1.12 0.98 0.79 0.60 0.45 0.35 0.32 0.43 0.58 0.72 0.84 0.90 0.89
 25   0.79 0.64 0.48 0.33 0.20 0.20 0.34 0.54 0.75 0.94 1.09 1.13 1.08 0.94 0.76 0.58 0.46 0.40 0.42 0.50 0.66 0.80 0.91 0.95
 26   0.88 0.77 0.61 0.48 0.38 0.34 0.36 0.46 0.59 0.76 0.94 1.06 1.09 1.00 0.83 0.65 0.51 0.40 0.35 0.38 0.49 0.60 0.71 0.81
 27   0.88 0.84 0.72 0.57 0.45 0.35 0.32 0.38 0.52 0.68 0.84 0.98 1.06 1.04 0.92 0.76 0.60 0.46 0.38 0.33 0.37 0.48 0.60 0.72
 28   0.82 0.86 0.78 0.67 0.54 0.44 0.38 0.38 0.48 0.61 0.75 0.89 1.00 1.05 1.00 0.87 0.72 0.56 0.44 0.35 0.33 0.42 0.52 0.64
 29   0.78 0.86 0.88 0.87 0.78 0.68 0.57 0.49 0.46 0.54 0.66 0.78 0.90 0.98 1.02 0.96 0.81 0.67 0.54 0.41 0.33 0.31 0.38 0.52
 30   0.70 0.80 0.86 0.90 0.89 0.82 0.72 0.61 0.52 0.48 0.55 0.66 0.78 0.88 0.96 1.00 0.96 0.85 0.72 0.57 0.43 0.33 0.29 0.40
 31   0.53 0.66 0.78 0.90 0.97 0.96 0.86 0.74 0.62 0.53 0.48 0.48 0.58 0.69 0.80 0.91 0.98 0.97 0.84 0.67 0.53 0.40 0.29 0.23
 ----------------------------------------------------------------------------------------------------------------------------
                                                                                               
 ----------------------------------------------------------------------------------------------------------------------------
 ----------------------------------------------------------------------------------------------------------------------------
                                                          SURVEY OF INDIA
                                                    MARINE GEODESY WING (G&RB)
                                                     HOURLY HEIGHTS IN METRES
  NAME OF PORT:- CHENNAI                                                                            MONTH JUNE      YEAR 2012
 ----------------------------------------------------------------------------------------------------------------------------
 DAYS 0000 0001 0002 0003 0004 0005 0006 0007 0008 0009 0010 0011 0012 0013 0014 0015 0016 0017 0018 0019 0020 0021 0022 0023
 ----------------------------------------------------------------------------------------------------------------------------
  1
  2
  3
  4
  5   0.46 0.26 0.10 0.10 0.30 0.55 0.80 1.02 1.19 1.26 1.19 1.02 0.78 0.54 0.35 0.23 0.25 0.40 0.61 0.80 0.97 1.04 0.99 0.82
  6   0.57 0.34 0.18 0.12 0.15 0.31 0.52 0.78 1.04 1.21 1.22 1.13 0.97 0.74 0.52 0.35 0.26 0.29 0.43 0.62 0.80 0.94 1.00 0.95
  7   0.79 0.58 0.38 0.24 0.20 0.24 0.38 0.58 0.82 1.04 1.18 1.18 1.08 0.92 0.71 0.51 0.35 0.29 0.33 0.46 0.63 0.79 0.92 0.96
  8   0.90 0.76 0.59 0.42 0.30 0.27 0.32 0.46 0.64 0.85 1.04 1.16 1.14 1.04 0.87 0.68 0.50 0.36 0.32 0.37 0.50 0.64 0.78 0.90
  9   0.92 0.86 0.74 0.60 0.45 0.35 0.34 0.40 0.53 0.70 0.88 1.04 1.14 1.13 0.99 0.82 0.65 0.49 0.36 0.35 0.41 0.53 0.65 0.77
 10   0.88 0.89 0.82 0.72 0.61 0.50 0.41 0.41 0.46 0.57 0.72 0.88 1.01 1.06 1.02 0.91 0.77 0.61 0.49 0.40 0.37 0.44 0.56 0.69
 11   0.81 0.91 0.92 0.89 0.80 0.70 0.60 0.54 0.54 0.60 0.70 0.81 0.92 1.02 1.04 1.00 0.90 0.79 0.67 0.57 0.50 0.52 0.58 0.66
 12   0.76 0.87 0.92 0.93 0.88 0.80 0.70 0.62 0.56 0.56 0.62 0.72 0.82 0.90 0.95 0.96 0.88 0.78 0.68 0.58 0.49 0.44 0.48 0.54
 13   0.62 0.72 0.82 0.88 0.90 0.86 0.78 0.70 0.63 0.57 0.55 0.59 0.66 0.74 0.80 0.84 0.84 0.78 0.68 0.57 0.47 0.39 0.37 0.40
 14   0.44 0.54 0.66 0.78 0.85 0.88 0.86 0.80 0.72 0.63 0.55 0.51 0.55 0.61 0.68 0.74 0.79 0.80 0.74 0.64 0.54 0.44 0.37 0.33
 15   0.34 0.45 0.57 0.69 0.80 0.87 0.89 0.85 0.78 0.67 0.57 0.51 0.47 0.51 0.58 0.66 0.75 0.81 0.82 0.77 0.65 0.52 0.42 0.36
 16   0.32 0.36 0.47 0.62 0.77 0.90 0.97 0.97 0.89 0.79 0.66 0.56 0.48 0.45 0.49 0.57 0.68 0.79 0.86 0.86 0.77 0.65 0.53 0.42
 17   0.32 0.28 0.38 0.52 0.68 0.84 0.98 1.04 1.04 0.94 0.77 0.62 0.48 0.40 0.39 0.46 0.58 0.71 0.82 0.87 0.85 0.73 0.58 0.44
 18   0.32 0.26 0.27 0.42 0.58 0.75 0.93 1.03 1.06 1.00 0.89 0.73 0.57 0.42 0.35 0.37 0.48 0.62 0.75 0.84 0.88 0.83 0.69 0.52
 19   0.34 0.24 0.21 0.30 0.46 0.64 0.82 1.00 1.08 1.05 0.96 0.82 0.66 0.49 0.36 0.33 0.40 0.54 0.68 0.80 0.87 0.88 0.78 0.59
 20   0.39 0.24 0.16 0.16 0.31 0.49 0.70 0.90 1.06 1.12 1.05 0.91 0.73 0.55 0.38 0.29 0.32 0.42 0.57 0.71 0.83 0.89 0.85 0.75
 21   0.55 0.34 0.20 0.14 0.20 0.33 0.53 0.77 0.96 1.07 1.07 0.99 0.82 0.63 0.45 0.31 0.25 0.30 0.42 0.59 0.75 0.85 0.89 0.82
 22   0.64 0.44 0.29 0.20 0.19 0.28 0.45 0.68 0.90 1.05 1.11 1.10 0.98 0.77 0.59 0.40 0.30 0.29 0.40 0.55 0.73 0.87 0.95 0.93
 23   0.82 0.60 0.42 0.28 0.20 0.25 0.39 0.58 0.80 1.00 1.11 1.12 1.03 0.85 0.63 0.46 0.32 0.27 0.30 0.44 0.61 0.78 0.91 0.95
 24   0.86 0.72 0.55 0.39 0.29 0.28 0.37 0.54 0.73 0.92 1.07 1.13 1.11 0.97 0.78 0.57 0.40 0.29 0.26 0.35 0.50 0.66 0.82 0.92
 25   0.94 0.85 0.70 0.54 0.42 0.34 0.34 0.47 0.64 0.83 0.99 1.09 1.13 1.06 0.90 0.69 0.50 0.35 0.30 0.31 0.41 0.55 0.70 0.84
 26   0.91 0.93 0.84 0.70 0.55 0.43 0.38 0.41 0.52 0.66 0.82 0.96 1.04 1.02 0.93 0.77 0.59 0.43 0.32 0.25 0.28 0.39 0.54 0.70
 27   0.83 0.93 0.94 0.84 0.72 0.60 0.50 0.44 0.45 0.54 0.67 0.80 0.91 0.97 0.97 0.86 0.71 0.56 0.41 0.30 0.25 0.27 0.37 0.53
 28   0.67 0.80 0.87 0.89 0.82 0.72 0.61 0.52 0.45 0.44 0.52 0.61 0.71 0.81 0.89 0.89 0.80 0.67 0.54 0.41 0.29 0.21 0.22 0.30
 29   0.43 0.59 0.76 0.87 0.91 0.87 0.77 0.66 0.54 0.44 0.40 0.44 0.53 0.63 0.72 0.80 0.82 0.76 0.65 0.52 0.38 0.25 0.15 0.15
 30   0.25 0.41 0.59 0.76 0.89 0.94 0.90 0.80 0.67 0.54 0.43 0.36 0.39 0.47 0.59 0.70 0.80 0.84 0.82 0.70 0.54 0.36 0.23 0.14
 ----------------------------------------------------------------------------------------------------------------------------
                                                                                               
 ----------------------------------------------------------------------------------------------------------------------------
 ----------------------------------------------------------------------------------------------------------------------------
                                                          SURVEY OF INDIA
                                                    MARINE GEODESY WING (G&RB)
                                                     HOURLY HEIGHTS IN METRES
  NAME OF PORT:- CHENNAI                                                                            MONTH JULY      YEAR 2012
 ----------------------------------------------------------------------------------------------------------------------------
 DAYS 0000 0001 0002 0003 0004 0005 0006 0007 0008 0009 0010 0011 0012 0013 0014 0015 0016 0017 0018 0019 0020 0021 0022 0023
 ----------------------------------------------------------------------------------------------------------------------------
  1   0.16 0.21 0.38 0.58 0.79 0.96 1.03 1.02 0.89 0.73 0.56 0.42 0.33 0.32 0.40 0.53 0.66 0.78 0.86 0.84 0.73 0.58 0.40 0.24
  2   0.12 0.12 0.24 0.44 0.67 0.90 1.07 1.14 1.10 0.95 0.75 0.55 0.38 0.28 0.30 0.40 0.56 0.74 0.88 0.96 0.94 0.81 0.59 0.39
  3   0.20 0.11 0.12 0.28 0.50 0.74 0.94 1.11 1.18 1.13 0.96 0.73 0.50 0.32 0.22 0.26 0.38 0.56 0.75 0.90 0.96 0.92 0.76 0.55
  4   0.32 0.16 0.09 0.16 0.33 0.56 0.80 0.99 1.15 1.22 1.11 0.89 0.63 0.38 0.20 0.12 0.18 0.34 0.55 0.76 0.90 0.96 0.88 0.72
  5   0.48 0.26 0.12 0.08 0.15 0.34 0.59 0.84 1.05 1.18 1.20 1.10 0.90 0.66 0.42 0.26 0.20 0.27 0.46 0.67 0.86 1.00 1.01 0.93
  6   0.75 0.52 0.32 0.20 0.18 0.28 0.49 0.75 1.00 1.18 1.28 1.24 1.10 0.88 0.61 0.42 0.29 0.28 0.37 0.54 0.76 0.92 1.02 1.06
  7   0.93 0.74 0.54 0.40 0.30 0.30 0.45 0.64 0.86 1.08 1.22 1.27 1.19 1.00 0.78 0.56 0.38 0.30 0.34 0.46 0.62 0.80 0.95 1.02
  8   1.00 0.84 0.67 0.50 0.36 0.30 0.36 0.51 0.70 0.89 1.06 1.17 1.16 1.06 0.86 0.66 0.49 0.36 0.32 0.38 0.53 0.70 0.87 1.00
  9   1.02 0.94 0.83 0.67 0.52 0.42 0.40 0.47 0.61 0.77 0.94 1.08 1.13 1.07 0.95 0.77 0.58 0.44 0.36 0.36 0.47 0.62 0.76 0.88
 10   0.96 0.96 0.88 0.78 0.63 0.51 0.46 0.48 0.57 0.70 0.83 0.96 1.04 1.06 0.97 0.82 0.67 0.53 0.42 0.40 0.44 0.52 0.64 0.78
 11   0.86 0.90 0.91 0.82 0.72 0.62 0.54 0.50 0.50 0.58 0.68 0.79 0.87 0.92 0.90 0.82 0.70 0.58 0.47 0.40 0.39 0.44 0.53 0.66
 12   0.76 0.84 0.88 0.88 0.80 0.71 0.64 0.58 0.54 0.54 0.58 0.64 0.71 0.78 0.82 0.82 0.74 0.65 0.57 0.50 0.44 0.43 0.47 0.54
 13   0.62 0.72 0.79 0.83 0.84 0.78 0.72 0.66 0.60 0.56 0.54 0.57 0.64 0.71 0.76 0.79 0.78 0.74 0.66 0.58 0.50 0.43 0.40 0.45
 14   0.52 0.60 0.68 0.75 0.81 0.83 0.81 0.76 0.70 0.64 0.59 0.56 0.57 0.61 0.66 0.71 0.75 0.77 0.74 0.68 0.60 0.51 0.45 0.42
 15   0.44 0.50 0.60 0.70 0.80 0.87 0.91 0.88 0.82 0.73 0.64 0.56 0.50 0.49 0.54 0.61 0.69 0.76 0.77 0.74 0.67 0.57 0.49 0.42
 16   0.36 0.40 0.49 0.61 0.75 0.88 0.98 1.00 0.96 0.85 0.72 0.59 0.49 0.45 0.46 0.52 0.62 0.72 0.80 0.83 0.78 0.68 0.54 0.40
 17   0.30 0.29 0.34 0.46 0.62 0.80 0.94 1.03 1.03 0.93 0.80 0.65 0.51 0.40 0.37 0.42 0.53 0.67 0.80 0.87 0.87 0.79 0.66 0.50
 18   0.33 0.26 0.24 0.32 0.50 0.70 0.89 1.00 1.06 1.01 0.87 0.70 0.52 0.37 0.29 0.30 0.38 0.55 0.70 0.82 0.89 0.84 0.72 0.54
 19   0.36 0.23 0.18 0.23 0.36 0.57 0.80 0.98 1.09 1.10 0.98 0.79 0.57 0.39 0.27 0.20 0.24 0.37 0.56 0.75 0.85 0.90 0.84 0.64
 20   0.42 0.22 0.11 0.11 0.20 0.42 0.66 0.89 1.04 1.09 1.03 0.86 0.66 0.44 0.24 0.14 0.15 0.28 0.44 0.62 0.80 0.89 0.87 0.72
 21   0.50 0.30 0.14 0.09 0.13 0.28 0.50 0.75 1.00 1.09 1.08 0.98 0.76 0.52 0.30 0.16 0.09 0.16 0.32 0.53 0.71 0.84 0.90 0.84
 22   0.67 0.44 0.25 0.14 0.13 0.20 0.40 0.63 0.86 1.03 1.08 1.02 0.87 0.62 0.38 0.20 0.09 0.08 0.21 0.40 0.62 0.80 0.91 0.90
 23   0.78 0.58 0.38 0.20 0.10 0.11 0.26 0.46 0.69 0.90 1.04 1.07 0.98 0.80 0.58 0.36 0.14 0.07 0.10 0.24 0.45 0.64 0.84 0.93
 24   0.88 0.75 0.58 0.38 0.23 0.16 0.19 0.34 0.53 0.76 0.92 1.02 1.01 0.88 0.71 0.50 0.28 0.14 0.10 0.16 0.33 0.52 0.72 0.88
 25   0.94 0.85 0.73 0.56 0.39 0.26 0.22 0.28 0.40 0.58 0.78 0.92 0.96 0.94 0.80 0.62 0.42 0.24 0.12 0.10 0.20 0.35 0.53 0.70
 26   0.80 0.85 0.82 0.72 0.57 0.44 0.34 0.32 0.36 0.46 0.62 0.76 0.88 0.93 0.89 0.77 0.60 0.44 0.28 0.18 0.15 0.23 0.37 0.52
 27   0.70 0.83 0.88 0.86 0.78 0.66 0.54 0.42 0.38 0.40 0.47 0.59 0.72 0.81 0.86 0.84 0.74 0.60 0.46 0.32 0.22 0.18 0.22 0.33
 28   0.50 0.66 0.81 0.90 0.90 0.83 0.72 0.61 0.50 0.42 0.40 0.44 0.51 0.62 0.73 0.80 0.78 0.72 0.62 0.49 0.36 0.25 0.20 0.25
 29   0.32 0.46 0.61 0.77 0.85 0.89 0.85 0.76 0.64 0.51 0.39 0.33 0.35 0.43 0.53 0.64 0.72 0.76 0.73 0.62 0.50 0.38 0.26 0.18
 30   0.14 0.24 0.40 0.60 0.76 0.90 0.94 0.90 0.79 0.62 0.46 0.32 0.24 0.25 0.32 0.44 0.58 0.70 0.78 0.76 0.64 0.49 0.32 0.18
 31   0.11 0.12 0.23 0.42 0.64 0.82 0.96 1.00 0.93 0.78 0.59 0.40 0.24 0.17 0.20 0.30 0.46 0.62 0.75 0.82 0.78 0.64 0.48 0.28
 ----------------------------------------------------------------------------------------------------------------------------
                                                                                               
 ----------------------------------------------------------------------------------------------------------------------------
 ----------------------------------------------------------------------------------------------------------------------------
                                                          SURVEY OF INDIA
                                                    MARINE GEODESY WING (G&RB)
                                                     HOURLY HEIGHTS IN METRES
  NAME OF PORT:- CHENNAI                                                                            MONTH AUGUST    YEAR 2012
 ----------------------------------------------------------------------------------------------------------------------------
 DAYS 0000 0001 0002 0003 0004 0005 0006 0007 0008 0009 0010 0011 0012 0013 0014 0015 0016 0017 0018 0019 0020 0021 0022 0023
 ----------------------------------------------------------------------------------------------------------------------------
  1   0.12 0.06 0.10 0.22 0.44 0.67 0.88 1.01 1.06 0.96 0.78 0.56 0.35 0.17 0.10 0.15 0.28 0.47 0.65 0.79 0.87 0.80 0.65 0.46
  2   0.24 0.09 0.01 0.07 0.24 0.48 0.72 0.93 1.06 1.06 0.94 0.74 0.48 0.26 0.12 0.10 0.18 0.35 0.56 0.76 0.89 0.90 0.82 0.66
  3   0.40 0.20 0.08 0.06 0.15 0.34 0.60 0.86 1.04 1.11 1.06 0.88 0.64 0.40 0.18 0.10 0.10 0.21 0.43 0.65 0.82 0.91 0.90 0.78
  4   0.54 0.33 0.14 0.06 0.12 0.23 0.45 0.68 0.92 1.06 1.06 0.97 0.80 0.55 0.31 0.15 0.10 0.14 0.30 0.51 0.72 0.86 0.93 0.86
  5   0.70 0.48 0.28 0.16 0.10 0.17 0.35 0.57 0.79 0.98 1.04 1.02 0.88 0.66 0.45 0.24 0.13 0.10 0.22 0.40 0.60 0.79 0.91 0.94
  6   0.84 0.64 0.45 0.27 0.18 0.17 0.25 0.43 0.64 0.83 0.96 1.00 0.94 0.74 0.54 0.34 0.19 0.14 0.17 0.33 0.51 0.70 0.83 0.90
  7   0.84 0.74 0.58 0.41 0.28 0.21 0.25 0.39 0.54 0.69 0.83 0.90 0.91 0.80 0.62 0.45 0.29 0.19 0.18 0.25 0.40 0.58 0.72 0.81
  8   0.84 0.78 0.66 0.51 0.40 0.32 0.30 0.34 0.44 0.59 0.72 0.81 0.84 0.80 0.69 0.53 0.38 0.26 0.23 0.24 0.31 0.45 0.60 0.71
  9   0.79 0.80 0.73 0.62 0.51 0.42 0.36 0.35 0.42 0.53 0.64 0.75 0.80 0.80 0.74 0.62 0.50 0.39 0.30 0.26 0.30 0.38 0.50 0.62
 10   0.72 0.80 0.81 0.74 0.65 0.57 0.50 0.46 0.48 0.52 0.58 0.65 0.73 0.78 0.78 0.70 0.61 0.52 0.43 0.36 0.34 0.37 0.44 0.54
 11   0.66 0.72 0.77 0.79 0.77 0.70 0.62 0.56 0.52 0.50 0.53 0.58 0.63 0.68 0.71 0.72 0.66 0.59 0.51 0.43 0.37 0.35 0.38 0.43
 12   0.52 0.61 0.70 0.77 0.81 0.80 0.74 0.68 0.62 0.56 0.52 0.51 0.55 0.60 0.65 0.68 0.70 0.66 0.57 0.48 0.40 0.36 0.33 0.33
 13   0.38 0.48 0.58 0.68 0.77 0.81 0.79 0.73 0.63 0.54 0.45 0.38 0.35 0.41 0.48 0.55 0.62 0.65 0.64 0.59 0.53 0.45 0.37 0.32
 14   0.27 0.33 0.42 0.55 0.67 0.77 0.83 0.83 0.74 0.63 0.51 0.41 0.35 0.33 0.38 0.47 0.56 0.64 0.71 0.71 0.61 0.50 0.39 0.29
 15   0.20 0.20 0.30 0.45 0.59 0.73 0.84 0.89 0.87 0.77 0.63 0.47 0.35 0.27 0.29 0.36 0.48 0.63 0.74 0.77 0.74 0.63 0.48 0.29
 16   0.15 0.13 0.17 0.29 0.46 0.66 0.85 0.96 0.96 0.88 0.74 0.54 0.36 0.24 0.21 0.26 0.41 0.58 0.72 0.82 0.87 0.79 0.63 0.43
 17   0.23 0.12 0.12 0.24 0.42 0.66 0.88 1.02 1.09 1.04 0.86 0.66 0.45 0.28 0.17 0.17 0.28 0.49 0.71 0.88 0.96 0.95 0.84 0.64
 18   0.41 0.24 0.16 0.16 0.31 0.54 0.76 0.96 1.11 1.13 1.07 0.85 0.61 0.41 0.25 0.18 0.23 0.39 0.62 0.83 0.99 1.07 1.02 0.85
 19   0.61 0.36 0.20 0.13 0.18 0.37 0.61 0.86 1.06 1.19 1.15 0.98 0.76 0.52 0.28 0.15 0.13 0.24 0.45 0.66 0.89 1.07 1.10 0.98
 20   0.76 0.53 0.33 0.21 0.17 0.24 0.46 0.73 0.96 1.09 1.15 1.06 0.86 0.60 0.35 0.13 0.03 0.07 0.21 0.48 0.74 0.95 1.05 1.03
 21   0.89 0.69 0.45 0.25 0.16 0.16 0.29 0.52 0.76 0.93 1.05 1.06 0.94 0.73 0.47 0.22 0.07 0.01 0.09 0.26 0.51 0.75 0.94 1.03
 22   0.96 0.78 0.57 0.35 0.19 0.13 0.19 0.34 0.55 0.76 0.91 0.99 0.96 0.80 0.59 0.36 0.16 0.03 0.03 0.15 0.36 0.58 0.78 0.93
 23   0.97 0.86 0.69 0.51 0.35 0.23 0.19 0.25 0.43 0.61 0.77 0.89 0.93 0.87 0.71 0.50 0.31 0.16 0.08 0.06 0.19 0.38 0.56 0.75
 24   0.86 0.87 0.83 0.70 0.55 0.41 0.31 0.27 0.33 0.45 0.58 0.71 0.81 0.84 0.79 0.66 0.50 0.36 0.25 0.19 0.18 0.27 0.43 0.58
 25   0.75 0.83 0.85 0.82 0.74 0.61 0.49 0.40 0.34 0.36 0.43 0.55 0.66 0.75 0.78 0.74 0.65 0.54 0.40 0.29 0.21 0.19 0.28 0.41
 26   0.55 0.67 0.77 0.82 0.82 0.75 0.64 0.54 0.46 0.39 0.38 0.43 0.51 0.59 0.67 0.71 0.73 0.70 0.62 0.51 0.40 0.33 0.29 0.33
 27   0.40 0.54 0.68 0.79 0.87 0.89 0.84 0.74 0.64 0.54 0.44 0.37 0.39 0.46 0.56 0.66 0.74 0.79 0.76 0.67 0.55 0.44 0.34 0.27
 28   0.29 0.38 0.50 0.66 0.82 0.93 0.97 0.93 0.81 0.67 0.53 0.39 0.32 0.32 0.42 0.55 0.68 0.80 0.88 0.84 0.74 0.60 0.44 0.29
 29   0.20 0.25 0.40 0.58 0.76 0.93 1.07 1.08 1.00 0.85 0.64 0.44 0.29 0.25 0.27 0.38 0.56 0.73 0.88 0.96 0.91 0.78 0.60 0.41
 30   0.21 0.17 0.21 0.38 0.59 0.82 1.00 1.11 1.10 0.99 0.79 0.58 0.37 0.22 0.18 0.26 0.42 0.64 0.86 0.99 1.03 0.95 0.77 0.56
 31   0.33 0.19 0.16 0.26 0.45 0.68 0.90 1.08 1.18 1.10 0.95 0.72 0.48 0.27 0.16 0.17 0.33 0.52 0.73 0.94 1.07 1.06 0.90 0.70
 ----------------------------------------------------------------------------------------------------------------------------
                                                                                               
 ----------------------------------------------------------------------------------------------------------------------------
 ----------------------------------------------------------------------------------------------------------------------------
                                                          SURVEY OF INDIA
                                                    MARINE GEODESY WING (G&RB)
                                                     HOURLY HEIGHTS IN METRES
  NAME OF PORT:- CHENNAI                                                                            MONTH SEPT      YEAR 2012
 ----------------------------------------------------------------------------------------------------------------------------
 DAYS 0000 0001 0002 0003 0004 0005 0006 0007 0008 0009 0010 0011 0012 0013 0014 0015 0016 0017 0018 0019 0020 0021 0022 0023
 ----------------------------------------------------------------------------------------------------------------------------
  1   0.49 0.29 0.16 0.14 0.28 0.51 0.74 0.97 1.12 1.14 1.00 0.81 0.59 0.38 0.23 0.15 0.23 0.43 0.65 0.85 1.03 1.09 0.98 0.79
  2   0.55 0.39 0.25 0.17 0.21 0.39 0.66 0.89 1.06 1.12 1.06 0.92 0.70 0.47 0.30 0.18 0.16 0.32 0.52 0.74 0.93 1.07 1.04 0.88
  3   0.66 0.51 0.36 0.23 0.16 0.30 0.52 0.75 0.94 1.06 1.08 0.95 0.76 0.55 0.37 0.21 0.12 0.23 0.41 0.61 0.82 1.00 1.05 0.95
  4   0.75 0.59 0.43 0.29 0.19 0.25 0.40 0.61 0.81 0.96 1.04 0.98 0.82 0.61 0.43 0.26 0.15 0.17 0.29 0.48 0.68 0.85 0.96 1.00
  5   0.85 0.70 0.53 0.36 0.25 0.20 0.29 0.45 0.63 0.78 0.88 0.91 0.84 0.67 0.50 0.33 0.19 0.13 0.21 0.36 0.54 0.71 0.85 0.92
  6   0.93 0.79 0.62 0.45 0.32 0.22 0.25 0.35 0.49 0.64 0.75 0.79 0.77 0.67 0.54 0.40 0.27 0.17 0.16 0.28 0.44 0.59 0.74 0.83
  7   0.89 0.84 0.70 0.54 0.39 0.30 0.25 0.29 0.39 0.51 0.62 0.69 0.73 0.69 0.58 0.46 0.34 0.25 0.22 0.24 0.35 0.49 0.61 0.70
  8   0.79 0.80 0.74 0.62 0.49 0.39 0.34 0.32 0.38 0.46 0.54 0.62 0.67 0.66 0.61 0.53 0.43 0.34 0.28 0.25 0.30 0.39 0.49 0.58
  9   0.69 0.74 0.74 0.69 0.63 0.57 0.51 0.46 0.43 0.45 0.50 0.56 0.62 0.67 0.65 0.60 0.54 0.48 0.42 0.37 0.35 0.36 0.41 0.49
 10   0.58 0.65 0.72 0.78 0.77 0.73 0.67 0.61 0.55 0.50 0.49 0.50 0.55 0.60 0.65 0.69 0.69 0.65 0.59 0.53 0.48 0.43 0.42 0.44
 11   0.52 0.61 0.70 0.77 0.82 0.83 0.81 0.76 0.69 0.60 0.52 0.49 0.49 0.53 0.60 0.68 0.76 0.80 0.78 0.71 0.62 0.51 0.43 0.39
 12   0.43 0.51 0.64 0.78 0.88 0.94 0.94 0.88 0.76 0.63 0.50 0.41 0.38 0.39 0.48 0.59 0.72 0.81 0.85 0.82 0.74 0.60 0.46 0.34
 13   0.23 0.35 0.48 0.63 0.80 0.95 1.00 0.98 0.88 0.72 0.56 0.40 0.30 0.27 0.34 0.49 0.65 0.81 0.91 0.93 0.84 0.70 0.53 0.36
 14   0.23 0.25 0.35 0.52 0.72 0.91 1.07 1.09 1.02 0.84 0.64 0.45 0.30 0.23 0.23 0.39 0.59 0.79 0.97 1.06 1.06 0.89 0.65 0.42
 15   0.17 0.15 0.24 0.39 0.61 0.85 1.04 1.16 1.14 1.00 0.78 0.55 0.33 0.19 0.16 0.27 0.49 0.72 0.97 1.13 1.16 1.08 0.87 0.64
 16   0.39 0.23 0.20 0.27 0.48 0.73 0.97 1.14 1.20 1.10 0.94 0.69 0.43 0.21 0.11 0.16 0.33 0.59 0.83 1.05 1.19 1.20 1.06 0.83
 17   0.53 0.36 0.21 0.19 0.31 0.57 0.82 1.04 1.20 1.18 1.06 0.82 0.52 0.26 0.07 0.02 0.12 0.35 0.63 0.89 1.13 1.22 1.16 0.99
 18   0.72 0.45 0.22 0.13 0.18 0.35 0.61 0.88 1.09 1.18 1.13 0.97 0.69 0.40 0.16 0.03 0.05 0.18 0.42 0.68 0.94 1.14 1.19 1.09
 19   0.88 0.61 0.35 0.18 0.12 0.19 0.38 0.64 0.87 1.05 1.11 1.04 0.84 0.59 0.36 0.16 0.06 0.10 0.27 0.52 0.78 1.01 1.17 1.17
 20   1.05 0.82 0.58 0.38 0.23 0.19 0.29 0.48 0.68 0.86 1.01 1.04 0.95 0.77 0.53 0.32 0.15 0.08 0.12 0.29 0.53 0.77 0.97 1.10
 21   1.10 0.95 0.74 0.53 0.38 0.29 0.27 0.35 0.51 0.67 0.83 0.93 0.95 0.86 0.70 0.53 0.36 0.25 0.22 0.30 0.45 0.63 0.81 0.96
 22   1.06 1.02 0.90 0.76 0.61 0.46 0.36 0.35 0.42 0.56 0.69 0.80 0.89 0.89 0.82 0.70 0.57 0.44 0.34 0.29 0.35 0.45 0.59 0.74
 23   0.89 0.97 0.96 0.89 0.78 0.66 0.54 0.46 0.42 0.45 0.54 0.63 0.72 0.79 0.84 0.82 0.73 0.64 0.54 0.45 0.39 0.37 0.44 0.55
 24   0.69 0.80 0.89 0.93 0.89 0.79 0.69 0.59 0.50 0.45 0.41 0.41 0.49 0.59 0.69 0.75 0.79 0.77 0.69 0.61 0.53 0.45 0.39 0.43
 25   0.53 0.65 0.76 0.87 0.93 0.93 0.83 0.73 0.63 0.54 0.46 0.39 0.38 0.45 0.56 0.67 0.78 0.84 0.83 0.77 0.70 0.62 0.53 0.45
 26   0.45 0.56 0.67 0.78 0.89 0.98 1.02 0.94 0.81 0.65 0.50 0.38 0.34 0.36 0.46 0.59 0.74 0.87 0.97 0.94 0.82 0.67 0.53 0.41
 27   0.33 0.37 0.47 0.62 0.78 0.94 1.06 1.08 0.96 0.79 0.61 0.42 0.32 0.30 0.35 0.49 0.65 0.81 0.95 1.03 0.97 0.83 0.68 0.56
 28   0.44 0.32 0.37 0.50 0.68 0.84 1.00 1.11 1.07 0.94 0.75 0.56 0.37 0.29 0.27 0.39 0.57 0.74 0.89 1.01 1.08 1.00 0.87 0.72
 29   0.56 0.43 0.33 0.38 0.55 0.73 0.90 1.06 1.15 1.03 0.83 0.62 0.42 0.28 0.25 0.28 0.43 0.65 0.88 1.07 1.17 1.13 0.98 0.75
 30   0.49 0.36 0.27 0.31 0.51 0.72 0.93 1.09 1.15 1.09 0.95 0.74 0.52 0.33 0.25 0.24 0.32 0.53 0.76 0.96 1.13 1.19 1.08 0.88
 ----------------------------------------------------------------------------------------------------------------------------
                                                                                               
 ----------------------------------------------------------------------------------------------------------------------------
 ----------------------------------------------------------------------------------------------------------------------------
                                                          SURVEY OF INDIA
                                                    MARINE GEODESY WING (G&RB)
                                                     HOURLY HEIGHTS IN METRES
  NAME OF PORT:- CHENNAI                                                                            MONTH OCTOBER   YEAR 2012
 ----------------------------------------------------------------------------------------------------------------------------
 DAYS 0000 0001 0002 0003 0004 0005 0006 0007 0008 0009 0010 0011 0012 0013 0014 0015 0016 0017 0018 0019 0020 0021 0022 0023
 ----------------------------------------------------------------------------------------------------------------------------
  1   0.62 0.46 0.34 0.31 0.40 0.61 0.82 1.00 1.12 1.13 1.02 0.82 0.59 0.39 0.27 0.23 0.28 0.42 0.63 0.86 1.05 1.17 1.15 0.99
  2   0.76 0.58 0.39 0.29 0.34 0.52 0.71 0.89 1.04 1.11 1.07 0.90 0.70 0.47 0.31 0.23 0.24 0.36 0.54 0.74 0.94 1.13 1.21 1.09
  3   0.90 0.70 0.51 0.34 0.29 0.35 0.52 0.69 0.86 0.98 1.00 0.91 0.72 0.51 0.33 0.22 0.21 0.29 0.44 0.66 0.89 1.03 1.09 1.06
  4   0.90 0.70 0.51 0.34 0.26 0.28 0.38 0.56 0.72 0.85 0.91 0.88 0.78 0.60 0.42 0.28 0.19 0.23 0.36 0.54 0.72 0.89 1.00 1.03
  5   0.93 0.75 0.59 0.42 0.30 0.27 0.32 0.43 0.60 0.75 0.83 0.85 0.80 0.66 0.50 0.35 0.25 0.21 0.27 0.41 0.59 0.75 0.88 0.95
  6   0.93 0.81 0.65 0.51 0.38 0.29 0.27 0.36 0.49 0.62 0.72 0.78 0.78 0.69 0.56 0.44 0.33 0.26 0.26 0.33 0.45 0.59 0.71 0.83
  7   0.90 0.85 0.75 0.63 0.50 0.41 0.35 0.36 0.43 0.53 0.62 0.69 0.73 0.72 0.64 0.54 0.45 0.36 0.30 0.32 0.40 0.52 0.63 0.75
  8   0.85 0.84 0.79 0.71 0.62 0.53 0.45 0.39 0.41 0.47 0.55 0.63 0.69 0.72 0.69 0.63 0.56 0.49 0.43 0.40 0.41 0.46 0.54 0.64
  9   0.74 0.78 0.80 0.79 0.74 0.68 0.61 0.55 0.51 0.51 0.53 0.57 0.62 0.67 0.71 0.71 0.68 0.63 0.57 0.52 0.49 0.49 0.51 0.56
 10   0.63 0.72 0.81 0.88 0.87 0.83 0.75 0.67 0.59 0.52 0.48 0.50 0.55 0.63 0.72 0.79 0.82 0.80 0.75 0.68 0.59 0.50 0.46 0.49
 11   0.55 0.67 0.78 0.88 0.95 0.94 0.87 0.76 0.64 0.53 0.43 0.38 0.42 0.50 0.61 0.72 0.83 0.90 0.89 0.83 0.73 0.62 0.52 0.44
 12   0.45 0.55 0.67 0.80 0.93 1.03 1.02 0.93 0.79 0.63 0.48 0.37 0.32 0.39 0.52 0.68 0.84 0.96 1.03 0.99 0.89 0.75 0.59 0.43
 13   0.33 0.41 0.52 0.66 0.82 0.97 1.03 1.01 0.89 0.73 0.54 0.36 0.25 0.20 0.26 0.43 0.64 0.85 1.01 1.07 1.04 0.91 0.71 0.49
 14   0.31 0.25 0.29 0.41 0.61 0.82 1.00 1.09 1.03 0.87 0.66 0.40 0.19 0.08 0.09 0.21 0.45 0.73 0.96 1.10 1.15 1.06 0.87 0.62
 15   0.38 0.23 0.17 0.25 0.44 0.68 0.90 1.05 1.08 1.00 0.81 0.55 0.29 0.09 0.01 0.07 0.27 0.54 0.85 1.08 1.23 1.21 1.07 0.82
 16   0.51 0.29 0.12 0.13 0.27 0.50 0.75 0.96 1.09 1.09 0.91 0.67 0.37 0.13-0.02-0.04 0.12 0.38 0.67 0.95 1.16 1.24 1.15 0.94
 17   0.66 0.40 0.22 0.13 0.19 0.37 0.63 0.88 1.05 1.14 1.05 0.86 0.62 0.36 0.14 0.03 0.06 0.24 0.51 0.79 1.06 1.21 1.26 1.14
 18   0.91 0.64 0.40 0.22 0.18 0.27 0.45 0.67 0.89 1.07 1.12 1.04 0.85 0.60 0.37 0.19 0.12 0.18 0.38 0.61 0.87 1.13 1.26 1.26
 19   1.10 0.87 0.63 0.42 0.26 0.23 0.32 0.53 0.75 0.95 1.06 1.08 1.00 0.82 0.59 0.38 0.24 0.17 0.24 0.42 0.66 0.89 1.09 1.19
 20   1.19 1.02 0.80 0.60 0.43 0.32 0.31 0.41 0.57 0.74 0.88 0.95 0.94 0.85 0.69 0.53 0.36 0.28 0.29 0.37 0.54 0.71 0.89 1.04
 21   1.13 1.09 0.98 0.81 0.64 0.51 0.40 0.35 0.42 0.55 0.69 0.82 0.88 0.90 0.83 0.75 0.64 0.53 0.45 0.41 0.46 0.59 0.73 0.90
 22   1.05 1.10 1.09 1.01 0.88 0.74 0.61 0.51 0.46 0.47 0.56 0.66 0.77 0.85 0.89 0.88 0.83 0.75 0.66 0.58 0.54 0.55 0.63 0.75
 23   0.87 0.99 1.06 1.07 1.02 0.93 0.81 0.70 0.59 0.52 0.51 0.56 0.65 0.75 0.85 0.91 0.93 0.91 0.85 0.77 0.69 0.62 0.59 0.63
 24   0.74 0.85 0.95 1.03 1.05 1.02 0.94 0.83 0.70 0.59 0.51 0.48 0.52 0.62 0.75 0.87 0.95 0.98 0.96 0.90 0.81 0.70 0.60 0.55
 25   0.59 0.71 0.83 0.95 1.04 1.07 1.03 0.94 0.83 0.71 0.61 0.53 0.51 0.56 0.67 0.81 0.95 1.07 1.11 1.07 0.96 0.82 0.69 0.58
 26   0.54 0.57 0.67 0.80 0.95 1.06 1.12 1.04 0.92 0.78 0.62 0.49 0.41 0.43 0.52 0.66 0.82 0.96 1.09 1.14 1.06 0.91 0.76 0.62
 27   0.48 0.47 0.55 0.66 0.83 0.99 1.10 1.10 1.03 0.89 0.71 0.53 0.41 0.36 0.45 0.59 0.76 0.92 1.07 1.18 1.15 1.01 0.84 0.67
 28   0.47 0.41 0.44 0.55 0.70 0.89 1.05 1.10 1.10 0.96 0.80 0.61 0.43 0.34 0.37 0.49 0.66 0.85 1.04 1.18 1.22 1.14 0.98 0.79
 29
 30
 31
 ----------------------------------------------------------------------------------------------------------------------------
                                                                                               
 ----------------------------------------------------------------------------------------------------------------------------
 ----------------------------------------------------------------------------------------------------------------------------
                                                          SURVEY OF INDIA
                                                    MARINE GEODESY WING (G&RB)
                                                     HOURLY HEIGHTS IN METRES
  NAME OF PORT:- CHENNAI                                                                            MONTH NOVEMBER  YEAR 2012
 ----------------------------------------------------------------------------------------------------------------------------
 DAYS 0000 0001 0002 0003 0004 0005 0006 0007 0008 0009 0010 0011 0012 0013 0014 0015 0016 0017 0018 0019 0020 0021 0022 0023
 ----------------------------------------------------------------------------------------------------------------------------
  1
  2
  3
  4
  5
  6
  7   0.98 1.01 1.00 0.94 0.82 0.71 0.60 0.52 0.48 0.51 0.57 0.66 0.75 0.81 0.84 0.84 0.78 0.71 0.64 0.59 0.54 0.54 0.63 0.72
  8   0.84 0.92 0.95 0.96 0.90 0.79 0.68 0.58 0.52 0.49 0.49 0.55 0.64 0.74 0.82 0.88 0.90 0.87 0.78 0.70 0.62 0.57 0.56 0.62
  9   0.72 0.83 0.92 0.96 0.97 0.92 0.83 0.70 0.56 0.46 0.42 0.45 0.51 0.63 0.76 0.87 0.96 0.99 0.96 0.88 0.76 0.66 0.60 0.60
 10   0.64 0.74 0.86 0.97 1.04 1.04 0.97 0.86 0.70 0.55 0.43 0.36 0.36 0.48 0.65 0.83 0.98 1.08 1.13 1.08 0.96 0.82 0.67 0.59
 11   0.53 0.59 0.72 0.87 0.99 1.08 1.10 1.03 0.88 0.70 0.52 0.38 0.33 0.38 0.51 0.71 0.95 1.14 1.24 1.28 1.18 1.00 0.81 0.64
 12   0.52 0.51 0.60 0.74 0.90 1.03 1.12 1.13 1.09 0.88 0.65 0.44 0.29 0.27 0.35 0.56 0.85 1.10 1.32 1.42 1.38 1.26 1.04 0.78
 13   0.57 0.44 0.46 0.60 0.78 1.01 1.19 1.28 1.23 1.06 0.80 0.56 0.35 0.21 0.24 0.39 0.64 0.92 1.20 1.40 1.48 1.41 1.22 0.95
 14   0.68 0.47 0.40 0.44 0.61 0.86 1.08 1.26 1.33 1.26 1.08 0.80 0.52 0.30 0.20 0.25 0.44 0.70 1.05 1.32 1.47 1.53 1.42 1.18
 15   0.89 0.63 0.45 0.37 0.44 0.65 0.90 1.14 1.28 1.34 1.25 1.03 0.76 0.49 0.32 0.27 0.33 0.54 0.82 1.14 1.38 1.53 1.54 1.40
 16   1.12 0.84 0.60 0.44 0.40 0.48 0.72 0.98 1.18 1.32 1.36 1.23 1.00 0.77 0.55 0.37 0.33 0.42 0.62 0.91 1.18 1.40 1.53 1.50
 17   1.34 1.08 0.85 0.61 0.46 0.44 0.54 0.75 0.97 1.17 1.30 1.30 1.18 1.00 0.79 0.58 0.46 0.45 0.57 0.77 1.00 1.24 1.44 1.50
 18   1.42 1.28 1.05 0.82 0.63 0.53 0.54 0.65 0.81 1.00 1.15 1.25 1.25 1.15 0.97 0.80 0.65 0.57 0.59 0.68 0.84 1.04 1.23 1.38
 19   1.42 1.37 1.23 1.04 0.86 0.70 0.61 0.59 0.68 0.83 0.97 1.10 1.19 1.22 1.12 1.00 0.88 0.76 0.68 0.67 0.78 0.92 1.08 1.24
 20   1.36 1.38 1.33 1.21 1.05 0.90 0.77 0.67 0.65 0.74 0.85 0.98 1.10 1.16 1.19 1.15 1.06 0.97 0.89 0.83 0.80 0.85 0.97 1.10
 21   1.20 1.30 1.34 1.30 1.20 1.07 0.96 0.84 0.75 0.76 0.83 0.93 1.03 1.13 1.20 1.23 1.21 1.17 1.08 1.00 0.95 0.93 0.94 1.01
 22   1.12 1.25 1.34 1.37 1.34 1.27 1.14 1.00 0.89 0.79 0.76 0.80 0.88 1.00 1.14 1.24 1.30 1.31 1.26 1.17 1.07 1.00 0.95 0.94
 23   0.98 1.06 1.15 1.24 1.28 1.25 1.16 1.06 0.94 0.81 0.71 0.68 0.70 0.80 0.93 1.06 1.17 1.26 1.25 1.18 1.07 0.96 0.85 0.76
 24   0.78 0.83 0.90 0.99 1.08 1.13 1.10 1.03 0.93 0.80 0.67 0.60 0.58 0.64 0.75 0.88 1.03 1.15 1.20 1.20 1.14 1.02 0.90 0.78
 25   0.66 0.68 0.74 0.86 0.98 1.08 1.12 1.09 0.99 0.86 0.72 0.60 0.51 0.52 0.64 0.81 0.98 1.12 1.22 1.28 1.22 1.12 0.97 0.83
 26   0.69 0.63 0.66 0.76 0.90 1.04 1.13 1.14 1.08 0.95 0.79 0.64 0.54 0.49 0.54 0.68 0.86 1.04 1.20 1.30 1.32 1.23 1.08 0.90
 27   0.72 0.64 0.62 0.68 0.80 0.94 1.08 1.14 1.13 1.03 0.88 0.72 0.56 0.46 0.45 0.54 0.72 0.93 1.14 1.27 1.33 1.28 1.16 0.97
 28   0.78 0.62 0.53 0.54 0.64 0.80 0.97 1.07 1.11 1.08 0.96 0.78 0.59 0.46 0.40 0.44 0.58 0.79 1.03 1.21 1.33 1.34 1.25 1.08
 29   0.84 0.66 0.53 0.50 0.56 0.70 0.86 1.03 1.13 1.14 1.04 0.88 0.68 0.49 0.36 0.34 0.43 0.63 0.86 1.10 1.25 1.31 1.26 1.11
 30   0.86 0.68 0.52 0.42 0.42 0.52 0.69 0.86 1.00 1.06 1.00 0.87 0.67 0.48 0.35 0.29 0.33 0.50 0.70 0.94 1.14 1.25 1.25 1.16
 ----------------------------------------------------------------------------------------------------------------------------
                                                                                               
 ----------------------------------------------------------------------------------------------------------------------------
 ----------------------------------------------------------------------------------------------------------------------------
                                                          SURVEY OF INDIA
                                                    MARINE GEODESY WING (G&RB)
                                                     HOURLY HEIGHTS IN METRES
  NAME OF PORT:- CHENNAI                                                                            MONTH DECEMBER  YEAR 2012
 ----------------------------------------------------------------------------------------------------------------------------
 DAYS 0000 0001 0002 0003 0004 0005 0006 0007 0008 0009 0010 0011 0012 0013 0014 0015 0016 0017 0018 0019 0020 0021 0022 0023
 ----------------------------------------------------------------------------------------------------------------------------
  1   0.96 0.75 0.55 0.40 0.37 0.45 0.58 0.76 0.92 1.02 1.03 0.95 0.79 0.60 0.43 0.31 0.31 0.42 0.57 0.78 1.03 1.18 1.25 1.20
  2   1.02 0.82 0.62 0.45 0.36 0.38 0.50 0.65 0.82 0.97 1.03 0.99 0.87 0.70 0.53 0.39 0.32 0.36 0.50 0.70 0.92 1.13 1.25 1.28
  3   1.21 1.05 0.84 0.64 0.50 0.46 0.50 0.62 0.79 0.94 1.04 1.07 1.02 0.89 0.73 0.56 0.47 0.45 0.54 0.70 0.90 1.10 1.23 1.30
  4   1.26 1.12 0.93 0.74 0.58 0.50 0.49 0.57 0.71 0.86 1.00 1.06 1.04 0.96 0.82 0.68 0.56 0.51 0.55 0.65 0.80 0.99 1.14 1.24
  5   1.24 1.16 1.02 0.82 0.66 0.55 0.49 0.51 0.60 0.73 0.85 0.96 1.02 1.00 0.91 0.80 0.68 0.59 0.56 0.60 0.70 0.83 1.00 1.12
  6   1.18 1.15 1.06 0.92 0.77 0.62 0.52 0.48 0.52 0.62 0.73 0.85 0.96 1.00 0.98 0.92 0.82 0.72 0.64 0.60 0.63 0.71 0.82 0.94
  7   1.05 1.09 1.08 1.00 0.88 0.75 0.63 0.52 0.47 0.50 0.58 0.70 0.82 0.92 0.98 0.99 0.95 0.86 0.76 0.68 0.63 0.63 0.70 0.82
  8   0.95 1.05 1.09 1.07 1.00 0.88 0.73 0.58 0.48 0.43 0.45 0.54 0.67 0.80 0.93 1.03 1.07 1.05 0.94 0.82 0.72 0.64 0.62 0.67
  9   0.77 0.88 0.98 1.03 1.02 0.96 0.85 0.68 0.53 0.42 0.37 0.39 0.50 0.65 0.83 1.00 1.10 1.14 1.11 0.98 0.83 0.69 0.58 0.54
 10   0.58 0.68 0.81 0.93 1.02 1.03 0.98 0.85 0.67 0.50 0.37 0.28 0.30 0.42 0.60 0.82 1.00 1.15 1.21 1.16 1.02 0.84 0.66 0.53
 11   0.47 0.50 0.62 0.77 0.92 1.03 1.07 1.01 0.84 0.64 0.43 0.26 0.19 0.23 0.36 0.60 0.85 1.08 1.23 1.28 1.20 1.03 0.82 0.60
 12   0.42 0.36 0.42 0.55 0.73 0.91 1.03 1.06 0.99 0.81 0.56 0.35 0.19 0.11 0.17 0.35 0.62 0.91 1.14 1.30 1.32 1.23 0.99 0.74
 13   0.47 0.33 0.28 0.35 0.52 0.74 0.96 1.09 1.11 1.00 0.79 0.53 0.29 0.12 0.04 0.12 0.35 0.63 0.93 1.19 1.32 1.30 1.16 0.90
 14   0.60 0.36 0.20 0.16 0.28 0.48 0.71 0.93 1.06 1.06 0.92 0.70 0.44 0.21 0.06 0.04 0.15 0.38 0.67 0.96 1.18 1.30 1.25 1.08
 15   0.79 0.51 0.28 0.14 0.14 0.27 0.48 0.72 0.93 1.06 1.04 0.90 0.68 0.44 0.23 0.10 0.10 0.23 0.45 0.74 1.03 1.20 1.28 1.22
 16   1.00 0.76 0.49 0.29 0.18 0.20 0.34 0.53 0.74 0.91 1.01 0.98 0.84 0.62 0.42 0.26 0.17 0.22 0.37 0.58 0.84 1.07 1.23 1.26
 17   1.16 0.95 0.71 0.47 0.29 0.22 0.27 0.41 0.60 0.80 0.97 1.04 0.99 0.86 0.68 0.50 0.37 0.30 0.32 0.47 0.68 0.90 1.09 1.21
 18   1.22 1.11 0.92 0.72 0.53 0.40 0.34 0.38 0.50 0.67 0.83 0.95 1.00 0.95 0.83 0.68 0.53 0.44 0.41 0.47 0.60 0.77 0.94 1.10
 19   1.17 1.15 1.04 0.86 0.67 0.52 0.41 0.37 0.43 0.55 0.70 0.83 0.93 0.96 0.92 0.83 0.71 0.60 0.52 0.50 0.55 0.65 0.78 0.91
 20   1.03 1.06 1.02 0.90 0.77 0.62 0.50 0.43 0.43 0.48 0.58 0.70 0.82 0.90 0.93 0.90 0.83 0.74 0.66 0.60 0.58 0.61 0.70 0.80
 21   0.90 0.95 0.96 0.92 0.83 0.71 0.60 0.49 0.44 0.44 0.49 0.57 0.67 0.78 0.86 0.90 0.89 0.84 0.76 0.67 0.60 0.56 0.57 0.62
 22   0.70 0.79 0.86 0.88 0.86 0.78 0.68 0.58 0.50 0.44 0.44 0.48 0.56 0.66 0.76 0.85 0.90 0.90 0.85 0.77 0.70 0.63 0.58 0.58
 23   0.62 0.68 0.75 0.80 0.82 0.80 0.74 0.65 0.56 0.48 0.42 0.41 0.45 0.54 0.66 0.78 0.88 0.95 0.96 0.90 0.82 0.73 0.64 0.56
 24   0.55 0.59 0.65 0.72 0.78 0.81 0.80 0.73 0.64 0.54 0.46 0.40 0.40 0.46 0.56 0.70 0.84 0.96 1.02 1.01 0.94 0.84 0.73 0.63
 25   0.56 0.55 0.58 0.66 0.75 0.83 0.86 0.84 0.76 0.66 0.54 0.44 0.39 0.41 0.51 0.65 0.81 0.96 1.08 1.13 1.09 0.99 0.84 0.70
 26   0.58 0.51 0.52 0.59 0.70 0.81 0.90 0.93 0.89 0.79 0.65 0.50 0.40 0.37 0.42 0.56 0.75 0.95 1.08 1.17 1.18 1.10 0.96 0.78
 27   0.61 0.51 0.48 0.54 0.66 0.80 0.93 1.01 1.02 0.93 0.76 0.59 0.43 0.35 0.35 0.44 0.61 0.84 1.03 1.18 1.24 1.19 1.07 0.90
 28   0.66 0.51 0.44 0.46 0.57 0.72 0.88 1.01 1.06 1.00 0.86 0.68 0.50 0.36 0.31 0.37 0.53 0.72 0.96 1.16 1.26 1.27 1.16 0.97
 29   0.76 0.57 0.40 0.36 0.47 0.63 0.80 0.96 1.05 1.05 0.96 0.75 0.57 0.40 0.31 0.32 0.44 0.62 0.84 1.06 1.24 1.28 1.23 1.07
 30   0.84 0.62 0.45 0.36 0.39 0.52 0.70 0.87 1.02 1.07 1.02 0.88 0.69 0.50 0.34 0.26 0.32 0.48 0.69 0.92 1.12 1.24 1.24 1.13
 31   0.90 0.70 0.50 0.35 0.32 0.40 0.55 0.73 0.90 1.01 1.02 0.93 0.75 0.54 0.35 0.24 0.23 0.36 0.54 0.78 1.02 1.18 1.24 1.21
 ----------------------------------------------------------------------------------------------------------------------------
                                                                                               
 ----------------------------------------------------------------------------------------------------------------------------
 ----------------------------------------------------------------------------------------------------------------------------
