                                                          SURVEY OF INDIA
                                                    MARINE GEODESY WING (G&RB)
                                                     HOURLY HEIGHTS IN METRES
  NAME OF PORT:- CHENNAI                                                                            MONTH JANUARY   YEAR 2022
 ----------------------------------------------------------------------------------------------------------------------------
 DAYS 0000 0001 0002 0003 0004 0005 0006 0007 0008 0009 0010 0011 0012 0013 0014 0015 0016 0017 0018 0019 0020 0021 0022 0023
 ----------------------------------------------------------------------------------------------------------------------------
  1
  2
  3
  4
  5
  6
  7   1.43 1.35 1.17 0.94 0.70 0.57 0.52 0.57 0.69 0.85 1.02 1.15 1.19 1.13 1.00 0.86 0.73 0.65 0.63 0.71 0.85 1.03 1.19 1.31
  8   1.36 1.33 1.20 1.03 0.83 0.68 0.58 0.56 0.62 0.75 0.90 1.03 1.12 1.14 1.08 0.97 0.85 0.75 0.68 0.67 0.75 0.87 1.00 1.15
  9   1.26 1.28 1.23 1.12 0.97 0.83 0.71 0.62 0.61 0.68 0.87 1.02 1.11 1.15 1.14 1.08 0.99 0.90 0.81 0.75 0.76 0.81 0.91 1.03
 10   1.15 1.21 1.21 1.15 1.04 0.92 0.78 0.68 0.62 0.62 0.68 0.78 0.90 1.01 1.08 1.10 1.07 0.99 0.92 0.85 0.80 0.79 0.83 0.90
 11   0.98 1.05 1.09 1.09 1.03 0.95 0.85 0.75 0.67 0.63 0.65 0.71 0.81 0.93 1.05 1.12 1.14 1.12 1.05 0.98 0.91 0.84 0.81 0.83
 12   0.88 0.94 1.00 1.04 1.04 1.00 0.92 0.82 0.72 0.65 0.63 0.65 0.71 0.80 0.92 1.02 1.10 1.14 1.13 1.07 0.99 0.92 0.85 0.81
 13   0.80 0.83 0.88 0.93 0.97 0.98 0.96 0.90 0.81 0.73 0.65 0.60 0.60 0.65 0.74 0.87 1.00 1.10 1.14 1.13 1.06 0.97 0.86 0.76
 14   0.70 0.71 0.75 0.81 0.87 0.92 0.94 0.92 0.85 0.75 0.65 0.55 0.51 0.53 0.60 0.74 0.90 1.06 1.15 1.17 1.13 1.03 0.90 0.79
 15   0.68 0.62 0.63 0.68 0.77 0.86 0.95 0.97 0.91 0.81 0.70 0.60 0.53 0.51 0.54 0.66 0.82 1.00 1.15 1.22 1.22 1.15 1.00 0.86
 16   0.73 0.64 0.61 0.63 0.71 0.84 0.95 1.04 1.05 0.96 0.82 0.67 0.56 0.49 0.49 0.58 0.74 0.94 1.09 1.23 1.29 1.26 1.15 0.98
 17   0.80 0.68 0.61 0.61 0.68 0.81 0.94 1.06 1.12 1.07 0.92 0.76 0.61 0.50 0.46 0.51 0.68 0.90 1.11 1.28 1.39 1.39 1.28 1.11
 18   0.90 0.74 0.63 0.59 0.65 0.77 0.92 1.06 1.16 1.18 1.08 0.91 0.73 0.56 0.47 0.51 0.64 0.84 1.06 1.27 1.42 1.47 1.40 1.24
 19   1.02 0.84 0.67 0.55 0.55 0.66 0.83 1.00 1.15 1.21 1.16 1.01 0.83 0.65 0.52 0.47 0.52 0.67 0.90 1.16 1.35 1.45 1.44 1.33
 20   1.12 0.92 0.72 0.58 0.54 0.59 0.72 0.90 1.06 1.17 1.19 1.10 0.93 0.73 0.58 0.48 0.47 0.57 0.76 1.01 1.25 1.41 1.45 1.39
 21   1.23 1.02 0.81 0.59 0.49 0.49 0.59 0.76 0.94 1.11 1.19 1.17 1.05 0.87 0.67 0.53 0.47 0.51 0.65 0.86 1.08 1.29 1.39 1.39
 22   1.27 1.10 0.89 0.65 0.49 0.43 0.46 0.59 0.75 0.92 1.07 1.12 1.08 0.94 0.78 0.61 0.50 0.48 0.56 0.70 0.90 1.11 1.27 1.32
 23   1.28 1.16 0.95 0.73 0.54 0.44 0.41 0.46 0.59 0.80 0.97 1.07 1.10 1.03 0.89 0.74 0.59 0.50 0.51 0.59 0.73 0.92 1.08 1.19
 24   1.22 1.16 1.03 0.83 0.63 0.47 0.39 0.40 0.47 0.61 0.76 0.91 1.01 1.04 0.99 0.85 0.71 0.60 0.53 0.52 0.60 0.74 0.90 1.03
 25   1.12 1.12 1.05 0.91 0.74 0.57 0.44 0.36 0.37 0.47 0.62 0.77 0.93 1.04 1.06 1.00 0.90 0.77 0.67 0.61 0.62 0.68 0.78 0.90
 26   1.01 1.07 1.06 0.99 0.85 0.69 0.55 0.44 0.38 0.40 0.50 0.64 0.79 0.94 1.05 1.07 1.03 0.93 0.81 0.71 0.62 0.59 0.62 0.71
 27   0.82 0.91 0.97 0.96 0.86 0.73 0.59 0.47 0.38 0.35 0.38 0.49 0.62 0.75 0.91 1.03 1.09 1.08 1.00 0.89 0.77 0.69 0.65 0.67
 28   0.74 0.83 0.92 1.00 1.03 1.00 0.92 0.78 0.64 0.53 0.46 0.46 0.52 0.63 0.80 0.98 1.13 1.21 1.20 1.14 1.02 0.87 0.75 0.65
 29   0.63 0.67 0.75 0.85 0.98 1.05 1.05 0.98 0.83 0.67 0.53 0.44 0.40 0.45 0.60 0.81 1.03 1.20 1.29 1.29 1.19 1.05 0.86 0.70
 30   0.58 0.55 0.60 0.72 0.86 0.99 1.08 1.09 1.02 0.88 0.68 0.52 0.40 0.37 0.45 0.62 0.85 1.11 1.30 1.40 1.39 1.26 1.07 0.83
 31   0.63 0.50 0.47 0.55 0.70 0.89 1.06 1.19 1.19 1.10 0.93 0.70 0.50 0.37 0.35 0.45 0.65 0.93 1.17 1.35 1.46 1.43 1.26 1.02
 ----------------------------------------------------------------------------------------------------------------------------
                                                                                               
 ----------------------------------------------------------------------------------------------------------------------------
 ----------------------------------------------------------------------------------------------------------------------------
                                                          SURVEY OF INDIA
                                                    MARINE GEODESY WING (G&RB)
                                                     HOURLY HEIGHTS IN METRES
  NAME OF PORT:- CHENNAI                                                                            MONTH FEBRUARY  YEAR 2022
 ----------------------------------------------------------------------------------------------------------------------------
 DAYS 0000 0001 0002 0003 0004 0005 0006 0007 0008 0009 0010 0011 0012 0013 0014 0015 0016 0017 0018 0019 0020 0021 0022 0023
 ----------------------------------------------------------------------------------------------------------------------------
  1   0.74 0.55 0.43 0.41 0.52 0.71 0.93 1.13 1.23 1.23 1.10 0.86 0.62 0.43 0.32 0.33 0.47 0.71 1.01 1.28 1.45 1.50 1.43 1.23
  2   0.95 0.68 0.47 0.36 0.40 0.53 0.77 1.02 1.19 1.28 1.23 1.06 0.81 0.56 0.38 0.30 0.35 0.52 0.78 1.09 1.32 1.48 1.48 1.35
  3   1.09 0.82 0.56 0.36 0.30 0.35 0.52 0.75 0.96 1.16 1.22 1.15 0.97 0.75 0.55 0.39 0.35 0.42 0.59 0.85 1.13 1.32 1.42 1.38
  4   1.21 0.98 0.70 0.44 0.31 0.30 0.39 0.57 0.81 1.02 1.16 1.18 1.07 0.87 0.67 0.47 0.38 0.38 0.48 0.69 0.93 1.15 1.30 1.31
  5   1.23 1.08 0.83 0.56 0.38 0.30 0.34 0.47 0.67 0.87 1.03 1.12 1.10 1.00 0.83 0.63 0.50 0.45 0.48 0.61 0.80 0.99 1.13 1.20
  6   1.18 1.07 0.89 0.69 0.50 0.39 0.37 0.44 0.59 0.77 0.95 1.14 1.19 1.11 0.91 0.75 0.61 0.51 0.47 0.53 0.67 0.82 0.96 1.05
  7   1.09 1.05 0.93 0.77 0.60 0.47 0.42 0.43 0.51 0.63 0.77 0.92 1.00 1.01 0.95 0.83 0.70 0.60 0.54 0.52 0.56 0.66 0.78 0.92
  8   0.99 1.00 0.96 0.85 0.72 0.60 0.52 0.49 0.52 0.61 0.72 0.82 0.91 0.98 0.99 0.95 0.85 0.75 0.65 0.61 0.63 0.68 0.75 0.83
  9   0.90 0.93 0.92 0.86 0.77 0.67 0.58 0.52 0.50 0.53 0.60 0.68 0.76 0.84 0.90 0.92 0.90 0.85 0.80 0.75 0.72 0.71 0.73 0.77
 10   0.82 0.86 0.87 0.85 0.80 0.74 0.67 0.60 0.55 0.54 0.57 0.63 0.71 0.80 0.88 0.96 1.00 0.99 0.95 0.90 0.85 0.79 0.74 0.71
 11   0.72 0.75 0.79 0.82 0.84 0.83 0.80 0.75 0.70 0.65 0.62 0.62 0.66 0.73 0.82 0.92 1.00 1.05 1.06 1.02 0.95 0.87 0.80 0.73
 12   0.68 0.69 0.73 0.79 0.85 0.89 0.89 0.86 0.79 0.70 0.62 0.55 0.53 0.57 0.66 0.79 0.91 1.03 1.10 1.11 1.07 0.98 0.85 0.74
 13   0.64 0.60 0.61 0.66 0.75 0.83 0.89 0.90 0.85 0.76 0.65 0.55 0.48 0.46 0.52 0.64 0.79 0.95 1.10 1.17 1.15 1.07 0.94 0.77
 14   0.63 0.56 0.55 0.59 0.69 0.79 0.90 0.95 0.93 0.87 0.76 0.62 0.50 0.45 0.48 0.57 0.73 0.97 1.13 1.22 1.24 1.18 1.04 0.85
 15   0.68 0.56 0.53 0.58 0.70 0.82 0.93 1.01 1.02 0.97 0.85 0.69 0.53 0.41 0.38 0.46 0.61 0.81 1.03 1.21 1.31 1.29 1.17 1.00
 16   0.78 0.60 0.50 0.47 0.52 0.68 0.86 1.03 1.12 1.12 1.02 0.84 0.62 0.46 0.39 0.43 0.55 0.77 0.99 1.19 1.33 1.35 1.25 1.07
 17   0.85 0.66 0.49 0.42 0.47 0.63 0.82 1.02 1.16 1.21 1.15 0.99 0.79 0.58 0.45 0.42 0.48 0.65 0.88 1.12 1.29 1.38 1.35 1.22
 18   1.01 0.79 0.59 0.48 0.48 0.59 0.76 0.98 1.17 1.26 1.25 1.11 0.92 0.71 0.53 0.42 0.43 0.55 0.78 1.01 1.23 1.36 1.37 1.28
 19   1.10 0.85 0.61 0.45 0.38 0.45 0.60 0.80 1.02 1.19 1.26 1.25 1.16 0.96 0.78 0.60 0.48 0.45 0.56 0.74 0.97 1.16 1.31 1.34
 20   1.23 0.99 0.72 0.50 0.37 0.37 0.48 0.66 0.92 1.14 1.25 1.26 1.18 1.01 0.78 0.60 0.48 0.45 0.55 0.74 0.97 1.16 1.31 1.35
 21   1.24 1.02 0.81 0.61 0.44 0.34 0.38 0.53 0.73 0.96 1.15 1.22 1.20 1.10 0.93 0.73 0.56 0.49 0.51 0.63 0.81 1.01 1.16 1.24
 22   1.23 1.11 0.93 0.71 0.53 0.37 0.33 0.37 0.53 0.76 0.93 1.06 1.13 1.12 1.01 0.86 0.70 0.56 0.52 0.56 0.68 0.83 0.98 1.11
 23   1.15 1.11 0.99 0.81 0.61 0.42 0.36 0.37 0.44 0.58 0.78 0.93 1.03 1.08 1.07 1.00 0.85 0.70 0.59 0.55 0.58 0.65 0.77 0.89
 24   0.98 1.01 0.97 0.87 0.72 0.58 0.44 0.38 0.38 0.45 0.59 0.76 0.90 1.00 1.05 1.05 0.98 0.87 0.74 0.64 0.59 0.59 0.64 0.74
 25   0.84 0.93 0.97 0.95 0.88 0.77 0.64 0.52 0.43 0.42 0.47 0.58 0.72 0.86 0.98 1.06 1.08 1.05 0.97 0.86 0.76 0.67 0.64 0.65
 26   0.69 0.76 0.84 0.91 0.93 0.90 0.83 0.72 0.60 0.52 0.48 0.48 0.53 0.65 0.81 0.96 1.08 1.14 1.14 1.08 0.97 0.84 0.70 0.60
 27   0.57 0.61 0.69 0.80 0.90 0.97 0.97 0.92 0.82 0.69 0.57 0.50 0.48 0.54 0.66 0.83 1.01 1.17 1.26 1.26 1.18 1.02 0.85 0.68
 28   0.56 0.53 0.56 0.65 0.79 0.95 1.04 1.06 1.01 0.88 0.73 0.57 0.48 0.45 0.52 0.68 0.90 1.12 1.30 1.37 1.34 1.20 1.01 0.78
 ----------------------------------------------------------------------------------------------------------------------------
                                                                                               
 ----------------------------------------------------------------------------------------------------------------------------
 ----------------------------------------------------------------------------------------------------------------------------
                                                          SURVEY OF INDIA
                                                    MARINE GEODESY WING (G&RB)
                                                     HOURLY HEIGHTS IN METRES
  NAME OF PORT:- CHENNAI                                                                            MONTH MARCH     YEAR 2022
 ----------------------------------------------------------------------------------------------------------------------------
 DAYS 0000 0001 0002 0003 0004 0005 0006 0007 0008 0009 0010 0011 0012 0013 0014 0015 0016 0017 0018 0019 0020 0021 0022 0023
 ----------------------------------------------------------------------------------------------------------------------------
  1   0.58 0.47 0.46 0.53 0.69 0.90 1.06 1.17 1.18 1.08 0.92 0.71 0.54 0.42 0.41 0.51 0.70 0.95 1.20 1.35 1.40 1.35 1.21 0.98
  2   0.69 0.50 0.42 0.43 0.55 0.75 0.99 1.17 1.26 1.23 1.10 0.89 0.67 0.49 0.42 0.47 0.62 0.87 1.14 1.35 1.49 1.49 1.36 1.14
  3   0.85 0.62 0.46 0.42 0.50 0.66 0.93 1.14 1.30 1.35 1.29 1.11 0.88 0.64 0.49 0.44 0.52 0.71 0.97 1.24 1.43 1.54 1.51 1.35
  4   1.08 0.84 0.62 0.49 0.50 0.62 0.83 1.10 1.31 1.42 1.43 1.33 1.12 0.88 0.70 0.58 0.55 0.66 0.89 1.14 1.35 1.50 1.52 1.40
  5   1.18 0.94 0.68 0.52 0.47 0.54 0.70 0.95 1.18 1.36 1.45 1.41 1.27 1.04 0.80 0.64 0.58 0.61 0.75 0.97 1.22 1.40 1.49 1.46
  6   1.30 1.10 0.85 0.62 0.49 0.50 0.62 0.83 1.06 1.28 1.40 1.42 1.31 1.14 0.94 0.74 0.62 0.58 0.63 0.80 0.98 1.16 1.30 1.33
  7   1.23 1.04 0.86 0.68 0.54 0.48 0.53 0.67 0.87 1.09 1.30 1.36 1.30 1.17 1.00 0.82 0.67 0.59 0.62 0.72 0.87 1.04 1.17 1.21
  8   1.17 1.05 0.88 0.70 0.53 0.46 0.47 0.57 0.73 0.94 1.08 1.17 1.19 1.14 1.02 0.87 0.72 0.61 0.58 0.63 0.75 0.87 1.00 1.08
  9   1.09 1.04 0.92 0.75 0.61 0.51 0.47 0.51 0.61 0.76 0.92 1.05 1.12 1.14 1.09 0.96 0.83 0.72 0.65 0.64 0.69 0.77 0.87 0.95
 10   1.00 1.00 0.94 0.83 0.71 0.61 0.54 0.54 0.59 0.69 0.84 0.98 1.07 1.10 1.09 1.04 0.97 0.89 0.81 0.76 0.76 0.80 0.86 0.91
 11   0.96 0.98 0.96 0.90 0.82 0.75 0.68 0.64 0.64 0.68 0.75 0.83 0.91 0.98 1.02 1.03 1.01 0.97 0.92 0.87 0.83 0.81 0.81 0.83
 12   0.87 0.90 0.92 0.92 0.89 0.83 0.77 0.71 0.67 0.66 0.68 0.72 0.79 0.86 0.94 1.01 1.05 1.06 1.04 0.99 0.93 0.86 0.81 0.77
 13   0.75 0.77 0.81 0.85 0.88 0.89 0.87 0.83 0.77 0.72 0.68 0.67 0.69 0.74 0.82 0.92 1.01 1.07 1.10 1.08 1.01 0.93 0.85 0.77
 14   0.71 0.71 0.75 0.82 0.89 0.97 1.01 1.00 0.94 0.85 0.75 0.67 0.64 0.67 0.74 0.85 0.99 1.12 1.19 1.20 1.15 1.05 0.92 0.77
 15   0.67 0.63 0.65 0.72 0.83 0.95 1.03 1.06 1.02 0.92 0.79 0.69 0.62 0.59 0.63 0.76 0.93 1.11 1.24 1.30 1.27 1.18 1.02 0.83
 16   0.65 0.57 0.57 0.64 0.78 0.94 1.07 1.15 1.15 1.08 0.92 0.76 0.61 0.54 0.55 0.66 0.84 1.04 1.22 1.34 1.36 1.29 1.10 0.88
 17   0.66 0.51 0.46 0.50 0.65 0.84 1.04 1.18 1.24 1.20 1.06 0.86 0.65 0.49 0.47 0.55 0.71 0.92 1.16 1.33 1.40 1.36 1.21 0.95
 18   0.72 0.51 0.40 0.39 0.49 0.70 0.95 1.16 1.29 1.30 1.21 1.02 0.77 0.57 0.46 0.47 0.59 0.79 1.09 1.31 1.44 1.44 1.32 1.09
 19   0.82 0.57 0.38 0.32 0.38 0.55 0.83 1.15 1.31 1.36 1.31 1.15 0.93 0.69 0.49 0.42 0.45 0.61 0.86 1.11 1.32 1.43 1.39 1.23
 20   0.96 0.70 0.45 0.30 0.28 0.39 0.62 0.94 1.18 1.35 1.38 1.29 1.09 0.83 0.61 0.44 0.41 0.50 0.70 0.95 1.18 1.34 1.39 1.33
 21   1.11 0.83 0.56 0.32 0.24 0.29 0.47 0.73 1.01 1.26 1.40 1.39 1.26 0.98 0.75 0.56 0.46 0.48 0.62 0.82 1.07 1.25 1.33 1.30
 22   1.14 0.92 0.65 0.42 0.31 0.30 0.41 0.63 0.91 1.15 1.31 1.37 1.31 1.14 0.92 0.71 0.55 0.48 0.53 0.67 0.88 1.08 1.21 1.25
 23   1.19 1.05 0.83 0.59 0.41 0.33 0.36 0.50 0.71 0.95 1.14 1.26 1.29 1.21 1.06 0.87 0.71 0.59 0.55 0.60 0.73 0.91 1.05 1.13
 24   1.16 1.11 0.97 0.77 0.57 0.44 0.40 0.44 0.55 0.74 0.92 1.07 1.17 1.20 1.15 1.03 0.88 0.75 0.64 0.59 0.63 0.74 0.85 0.95
 25   1.02 1.04 0.99 0.89 0.75 0.62 0.54 0.51 0.54 0.62 0.74 0.89 1.02 1.11 1.14 1.10 1.02 0.92 0.81 0.71 0.65 0.65 0.70 0.77
 26   0.85 0.91 0.94 0.93 0.88 0.80 0.71 0.63 0.58 0.58 0.63 0.73 0.85 0.96 1.06 1.13 1.14 1.10 1.03 0.94 0.85 0.78 0.73 0.72
 27   0.75 0.82 0.90 0.96 0.98 0.97 0.92 0.84 0.75 0.67 0.63 0.64 0.70 0.80 0.93 1.07 1.16 1.21 1.20 1.14 1.02 0.87 0.73 0.64
 28   0.61 0.64 0.71 0.82 0.93 1.02 1.04 1.00 0.91 0.78 0.67 0.59 0.57 0.62 0.75 0.90 1.07 1.21 1.28 1.27 1.17 1.01 0.82 0.66
 29   0.54 0.51 0.56 0.69 0.83 0.99 1.10 1.14 1.08 0.94 0.77 0.62 0.51 0.48 0.56 0.73 0.92 1.11 1.26 1.30 1.24 1.09 0.91 0.68
 30   0.52 0.44 0.46 0.56 0.75 0.93 1.08 1.18 1.17 1.07 0.91 0.70 0.53 0.45 0.46 0.56 0.77 1.00 1.23 1.35 1.35 1.24 1.04 0.81
 31   0.54 0.40 0.36 0.42 0.59 0.81 1.03 1.19 1.26 1.22 1.07 0.84 0.64 0.46 0.39 0.44 0.62 0.88 1.10 1.29 1.40 1.37 1.21 0.96
 ----------------------------------------------------------------------------------------------------------------------------
                                                                                               
 ----------------------------------------------------------------------------------------------------------------------------
 ----------------------------------------------------------------------------------------------------------------------------
                                                          SURVEY OF INDIA
                                                    MARINE GEODESY WING (G&RB)
                                                     HOURLY HEIGHTS IN METRES
  NAME OF PORT:- CHENNAI                                                                            MONTH APRIL     YEAR 2022
 ----------------------------------------------------------------------------------------------------------------------------
 DAYS 0000 0001 0002 0003 0004 0005 0006 0007 0008 0009 0010 0011 0012 0013 0014 0015 0016 0017 0018 0019 0020 0021 0022 0023
 ----------------------------------------------------------------------------------------------------------------------------
  1   0.68 0.46 0.33 0.33 0.44 0.68 0.92 1.15 1.29 1.32 1.24 1.05 0.82 0.60 0.47 0.46 0.55 0.75 1.03 1.22 1.35 1.38 1.27 1.06
  2   0.77 0.52 0.37 0.36 0.45 0.63 0.84 1.04 1.20 1.28 1.25 1.09 0.84 0.64 0.52 0.50 0.55 0.66 0.84 1.05 1.22 1.28 1.24 1.11
  3   0.92 0.72 0.53 0.42 0.42 0.55 0.73 0.93 1.12 1.23 1.28 1.23 1.06 0.85 0.64 0.54 0.53 0.62 0.77 0.95 1.12 1.23 1.23 1.13
  4   0.94 0.72 0.55 0.44 0.44 0.52 0.66 0.86 1.05 1.23 1.32 1.30 1.18 0.96 0.74 0.59 0.53 0.57 0.69 0.85 1.02 1.16 1.22 1.16
  5   1.00 0.80 0.63 0.47 0.42 0.45 0.58 0.77 0.98 1.17 1.29 1.29 1.21 1.05 0.86 0.71 0.60 0.58 0.63 0.75 0.90 1.02 1.09 1.10
  6   1.03 0.89 0.73 0.59 0.50 0.50 0.58 0.73 0.90 1.06 1.20 1.27 1.24 1.13 0.98 0.85 0.73 0.67 0.68 0.75 0.84 0.95 1.04 1.08
  7   1.05 0.96 0.83 0.71 0.60 0.54 0.57 0.66 0.79 0.94 1.09 1.17 1.19 1.15 1.07 0.96 0.85 0.76 0.72 0.73 0.79 0.88 0.96 1.01
  8   1.02 0.97 0.89 0.79 0.70 0.64 0.62 0.67 0.76 0.86 0.98 1.08 1.14 1.15 1.11 1.03 0.95 0.88 0.82 0.79 0.80 0.84 0.88 0.92
  9   0.95 0.94 0.89 0.82 0.75 0.69 0.68 0.70 0.75 0.82 0.92 1.00 1.06 1.10 1.10 1.07 1.02 0.97 0.93 0.89 0.86 0.84 0.84 0.85
 10   0.87 0.89 0.91 0.91 0.89 0.86 0.83 0.81 0.81 0.83 0.86 0.92 0.98 1.06 1.11 1.12 1.10 1.07 1.03 0.99 0.95 0.90 0.86 0.84
 11   0.84 0.86 0.90 0.93 0.95 0.95 0.93 0.89 0.84 0.80 0.80 0.82 0.86 0.93 1.00 1.08 1.14 1.15 1.13 1.08 1.01 0.93 0.83 0.76
 12   0.73 0.75 0.80 0.87 0.95 1.01 1.03 1.02 0.97 0.90 0.82 0.78 0.79 0.85 0.96 1.11 1.20 1.24 1.24 1.19 1.10 0.99 0.86 0.74
 13   0.66 0.66 0.71 0.80 0.92 1.04 1.12 1.14 1.08 0.96 0.81 0.69 0.63 0.66 0.75 0.88 1.02 1.17 1.26 1.25 1.15 0.99 0.84 0.68
 14   0.54 0.50 0.55 0.68 0.84 1.01 1.15 1.20 1.16 1.05 0.87 0.72 0.62 0.59 0.64 0.77 0.94 1.13 1.27 1.31 1.26 1.11 0.88 0.68
 15   0.50 0.41 0.43 0.54 0.74 0.96 1.15 1.27 1.29 1.18 1.01 0.82 0.66 0.53 0.53 0.64 0.82 1.05 1.22 1.34 1.34 1.22 0.98 0.70
 16   0.48 0.35 0.31 0.40 0.61 0.85 1.11 1.29 1.39 1.38 1.20 0.98 0.76 0.57 0.50 0.55 0.71 0.93 1.17 1.36 1.41 1.34 1.14 0.89
 17   0.61 0.40 0.29 0.32 0.49 0.71 1.02 1.29 1.44 1.48 1.36 1.15 0.88 0.66 0.52 0.46 0.55 0.75 1.01 1.22 1.37 1.39 1.26 1.02
 18   0.74 0.49 0.31 0.25 0.31 0.53 0.81 1.12 1.35 1.45 1.44 1.30 1.08 0.82 0.60 0.46 0.48 0.60 0.81 1.04 1.25 1.35 1.31 1.15
 19   0.89 0.66 0.42 0.26 0.25 0.37 0.61 0.91 1.16 1.38 1.45 1.37 1.21 0.95 0.71 0.51 0.42 0.45 0.59 0.80 1.01 1.16 1.22 1.14
 20   0.95 0.75 0.53 0.34 0.25 0.30 0.46 0.70 0.95 1.19 1.38 1.41 1.33 1.14 0.91 0.70 0.56 0.49 0.53 0.69 0.89 1.05 1.15 1.17
 21   1.09 0.93 0.74 0.55 0.41 0.38 0.44 0.60 0.82 1.05 1.21 1.30 1.32 1.23 1.06 0.86 0.68 0.57 0.54 0.60 0.71 0.85 0.97 1.04
 22   1.05 0.99 0.86 0.70 0.57 0.48 0.44 0.49 0.62 0.78 0.98 1.14 1.23 1.24 1.16 1.03 0.89 0.76 0.65 0.59 0.60 0.67 0.77 0.87
 23   0.96 0.99 0.96 0.87 0.76 0.65 0.58 0.55 0.57 0.64 0.77 0.91 1.04 1.14 1.19 1.16 1.07 0.95 0.83 0.71 0.63 0.60 0.64 0.71
 24   0.79 0.86 0.92 0.94 0.91 0.84 0.76 0.68 0.61 0.60 0.65 0.75 0.86 0.99 1.09 1.15 1.15 1.08 0.98 0.86 0.75 0.64 0.57 0.57
 25   0.63 0.71 0.80 0.90 0.95 0.95 0.91 0.83 0.74 0.65 0.58 0.59 0.68 0.80 0.94 1.06 1.15 1.17 1.11 1.00 0.85 0.69 0.55 0.44
 26   0.42 0.50 0.70 0.88 1.00 1.06 1.07 1.01 0.90 0.78 0.69 0.65 0.67 0.74 0.87 1.00 1.13 1.21 1.23 1.17 1.03 0.85 0.68 0.52
 27   0.45 0.48 0.57 0.73 0.92 1.08 1.17 1.19 1.11 0.95 0.79 0.65 0.58 0.58 0.68 0.82 0.99 1.16 1.26 1.26 1.16 0.98 0.79 0.58
 28   0.44 0.42 0.48 0.61 0.82 1.03 1.18 1.24 1.21 1.08 0.91 0.72 0.58 0.52 0.57 0.70 0.88 1.08 1.23 1.31 1.27 1.12 0.90 0.68
 29   0.47 0.38 0.40 0.50 0.72 0.96 1.15 1.28 1.31 1.24 1.08 0.87 0.70 0.56 0.53 0.60 0.76 0.94 1.13 1.26 1.29 1.19 1.01 0.75
 30   0.55 0.41 0.38 0.45 0.61 0.85 1.10 1.27 1.37 1.36 1.20 0.99 0.78 0.57 0.45 0.46 0.60 0.79 1.00 1.17 1.26 1.23 1.10 0.88
 ----------------------------------------------------------------------------------------------------------------------------
                                                                                               
 ----------------------------------------------------------------------------------------------------------------------------
 ----------------------------------------------------------------------------------------------------------------------------
                                                          SURVEY OF INDIA
                                                    MARINE GEODESY WING (G&RB)
                                                     HOURLY HEIGHTS IN METRES
  NAME OF PORT:- CHENNAI                                                                            MONTH MAY       YEAR 2022
 ----------------------------------------------------------------------------------------------------------------------------
 DAYS 0000 0001 0002 0003 0004 0005 0006 0007 0008 0009 0010 0011 0012 0013 0014 0015 0016 0017 0018 0019 0020 0021 0022 0023
 ----------------------------------------------------------------------------------------------------------------------------
  1   0.66 0.47 0.35 0.37 0.49 0.70 0.96 1.18 1.33 1.36 1.28 1.08 0.86 0.67 0.53 0.48 0.53 0.69 0.89 1.06 1.18 1.21 1.11 0.91
  2   0.71 0.49 0.35 0.33 0.40 0.57 0.82 1.05 1.22 1.30 1.27 1.15 0.96 0.74 0.57 0.47 0.48 0.60 0.78 0.97 1.09 1.13 1.08 0.95
  3   0.74 0.56 0.43 0.36 0.40 0.54 0.75 1.00 1.20 1.32 1.33 1.24 1.09 0.89 0.68 0.53 0.50 0.55 0.70 0.86 1.00 1.08 1.09 1.01
  4   0.82 0.66 0.51 0.41 0.41 0.49 0.66 0.88 1.09 1.21 1.26 1.23 1.14 0.97 0.77 0.61 0.51 0.52 0.60 0.72 0.86 0.99 1.04 1.02
  5   0.90 0.74 0.58 0.46 0.41 0.44 0.55 0.72 0.92 1.11 1.22 1.24 1.19 1.07 0.92 0.77 0.65 0.59 0.63 0.73 0.84 0.95 1.03 1.03
  6   0.97 0.85 0.73 0.60 0.51 0.48 0.53 0.65 0.82 1.00 1.13 1.19 1.19 1.12 1.01 0.89 0.75 0.66 0.63 0.66 0.73 0.80 0.88 0.93
  7   0.92 0.86 0.77 0.65 0.56 0.52 0.55 0.65 0.77 0.91 1.06 1.16 1.20 1.19 1.12 1.00 0.89 0.78 0.72 0.71 0.74 0.81 0.89 0.96
  8   0.98 0.96 0.91 0.83 0.74 0.67 0.65 0.68 0.74 0.84 0.97 1.07 1.15 1.20 1.19 1.13 1.03 0.94 0.86 0.79 0.76 0.78 0.83 0.88
  9   0.94 0.97 0.97 0.94 0.89 0.84 0.79 0.77 0.79 0.84 0.91 1.01 1.11 1.19 1.24 1.24 1.18 1.09 1.01 0.93 0.87 0.84 0.84 0.87
 10   0.92 1.00 1.07 1.11 1.11 1.06 1.00 0.93 0.88 0.85 0.88 0.95 1.04 1.13 1.21 1.26 1.27 1.22 1.14 1.04 0.95 0.86 0.79 0.79
 11   0.85 0.93 1.02 1.13 1.20 1.22 1.18 1.13 1.07 1.01 0.96 0.96 1.03 1.13 1.23 1.32 1.39 1.41 1.37 1.28 1.17 1.05 0.95 0.89
 12   0.90 0.96 1.06 1.20 1.31 1.37 1.38 1.32 1.20 1.08 0.96 0.87 0.86 0.92 1.03 1.15 1.25 1.33 1.32 1.24 1.09 0.93 0.78 0.65
 13   0.60 0.63 0.72 0.90 1.08 1.22 1.30 1.32 1.24 1.08 0.92 0.80 0.75 0.78 0.88 1.04 1.20 1.34 1.42 1.40 1.29 1.08 0.86 0.67
 14   0.53 0.52 0.62 0.81 1.03 1.23 1.40 1.48 1.43 1.30 1.11 0.93 0.79 0.73 0.77 0.91 1.09 1.27 1.40 1.44 1.34 1.15 0.92 0.70
 15   0.54 0.47 0.52 0.66 0.89 1.12 1.33 1.45 1.48 1.43 1.27 1.01 0.78 0.66 0.65 0.74 0.89 1.07 1.26 1.38 1.39 1.26 1.06 0.83
 16   0.64 0.52 0.46 0.47 0.55 0.76 1.08 1.34 1.53 1.57 1.42 1.16 0.91 0.68 0.56 0.57 0.67 0.87 1.07 1.25 1.36 1.34 1.18 0.93
 17   0.68 0.45 0.32 0.34 0.48 0.72 1.04 1.31 1.53 1.60 1.51 1.32 1.06 0.80 0.58 0.47 0.52 0.68 0.89 1.10 1.27 1.33 1.25 1.08
 18   0.81 0.59 0.42 0.33 0.37 0.53 0.80 1.08 1.33 1.50 1.53 1.44 1.23 0.98 0.75 0.56 0.49 0.55 0.70 0.91 1.10 1.25 1.30 1.25
 19   1.09 0.82 0.60 0.45 0.39 0.43 0.60 0.85 1.12 1.34 1.45 1.45 1.35 1.17 0.93 0.73 0.58 0.53 0.58 0.72 0.90 1.07 1.18 1.22
 20   1.16 0.97 0.78 0.62 0.51 0.48 0.55 0.70 0.92 1.14 1.30 1.40 1.40 1.29 1.11 0.94 0.77 0.65 0.62 0.67 0.81 0.94 1.06 1.16
 21   1.18 1.12 1.00 0.86 0.73 0.65 0.63 0.70 0.85 1.02 1.17 1.30 1.39 1.39 1.32 1.19 1.00 0.84 0.72 0.67 0.70 0.79 0.89 0.99
 22   1.08 1.11 1.07 0.99 0.88 0.79 0.73 0.71 0.76 0.85 0.99 1.14 1.28 1.37 1.38 1.31 1.20 1.06 0.92 0.80 0.69 0.65 0.72 0.83
 23   0.94 1.04 1.10 1.11 1.07 0.98 0.89 0.80 0.77 0.79 0.88 0.98 1.11 1.23 1.32 1.36 1.34 1.23 1.06 0.90 0.74 0.64 0.62 0.68
 24   0.78 0.88 1.00 1.14 1.24 1.26 1.19 1.04 0.89 0.80 0.79 0.84 0.93 1.03 1.14 1.21 1.24 1.21 1.12 0.98 0.85 0.73 0.64 0.62
 25   0.67 0.76 0.89 1.03 1.14 1.19 1.17 1.10 1.01 0.90 0.81 0.77 0.80 0.89 1.00 1.13 1.22 1.26 1.23 1.15 1.03 0.86 0.71 0.63
 26   0.63 0.68 0.80 0.97 1.12 1.25 1.30 1.27 1.17 1.03 0.90 0.80 0.76 0.80 0.88 1.00 1.13 1.21 1.23 1.18 1.07 0.93 0.75 0.62
 27   0.59 0.65 0.75 0.88 1.03 1.19 1.29 1.31 1.25 1.11 0.95 0.79 0.70 0.67 0.72 0.85 1.00 1.12 1.20 1.20 1.13 1.00 0.83 0.67
 28   0.57 0.56 0.63 0.77 0.96 1.13 1.27 1.33 1.32 1.23 1.08 0.91 0.76 0.67 0.67 0.75 0.88 1.02 1.14 1.19 1.17 1.07 0.92 0.72
 29   0.56 0.48 0.46 0.53 0.73 1.03 1.22 1.33 1.35 1.29 1.13 0.95 0.79 0.66 0.61 0.65 0.75 0.90 1.05 1.14 1.14 1.07 0.92 0.75
 30   0.54 0.43 0.41 0.50 0.65 0.87 1.09 1.27 1.35 1.33 1.21 1.05 0.86 0.69 0.59 0.56 0.63 0.77 0.93 1.08 1.14 1.10 0.98 0.81
 31   0.62 0.50 0.43 0.45 0.58 0.78 0.99 1.18 1.31 1.35 1.29 1.15 0.96 0.77 0.62 0.54 0.59 0.71 0.87 1.01 1.13 1.15 1.08 0.94
 ----------------------------------------------------------------------------------------------------------------------------
                                                                                               
 ----------------------------------------------------------------------------------------------------------------------------
 ----------------------------------------------------------------------------------------------------------------------------
                                                          SURVEY OF INDIA
                                                    MARINE GEODESY WING (G&RB)
                                                     HOURLY HEIGHTS IN METRES
  NAME OF PORT:- CHENNAI                                                                            MONTH JUNE      YEAR 2022
 ----------------------------------------------------------------------------------------------------------------------------
 DAYS 0000 0001 0002 0003 0004 0005 0006 0007 0008 0009 0010 0011 0012 0013 0014 0015 0016 0017 0018 0019 0020 0021 0022 0023
 ----------------------------------------------------------------------------------------------------------------------------
  1   0.74 0.58 0.46 0.44 0.50 0.64 0.85 1.09 1.27 1.35 1.34 1.25 1.09 0.90 0.74 0.63 0.59 0.65 0.77 0.90 1.02 1.10 1.10 0.99
  2   0.81 0.66 0.53 0.48 0.51 0.63 0.79 1.02 1.21 1.33 1.37 1.32 1.19 1.01 0.83 0.69 0.61 0.61 0.73 0.89 1.02 1.12 1.16 1.10
  3   0.98 0.82 0.67 0.55 0.53 0.59 0.71 0.89 1.13 1.30 1.37 1.35 1.26 1.11 0.95 0.79 0.69 0.67 0.71 0.82 0.94 1.05 1.12 1.11
  4   1.02 0.90 0.77 0.65 0.59 0.60 0.67 0.82 1.00 1.16 1.31 1.35 1.31 1.20 1.05 0.90 0.77 0.66 0.66 0.74 0.85 0.97 1.07 1.11
  5   1.08 0.99 0.87 0.76 0.66 0.61 0.64 0.75 0.90 1.06 1.20 1.29 1.31 1.26 1.16 1.03 0.89 0.77 0.70 0.71 0.77 0.86 0.97 1.04
  6   1.07 1.04 0.95 0.83 0.73 0.66 0.64 0.69 0.81 0.94 1.09 1.21 1.28 1.29 1.23 1.11 0.98 0.84 0.75 0.71 0.72 0.78 0.88 0.98
  7   1.07 1.11 1.09 1.03 0.95 0.86 0.79 0.76 0.80 0.91 1.02 1.13 1.23 1.29 1.29 1.22 1.11 0.99 0.85 0.74 0.68 0.69 0.75 0.85
  8   0.95 1.02 1.06 1.06 1.01 0.94 0.86 0.78 0.74 0.76 0.84 0.95 1.07 1.18 1.25 1.25 1.17 1.06 0.93 0.78 0.68 0.63 0.64 0.68
  9   0.76 0.89 1.02 1.10 1.14 1.11 1.02 0.88 0.75 0.68 0.71 0.82 0.94 1.07 1.16 1.22 1.22 1.15 1.02 0.86 0.73 0.60 0.56 0.58
 10   0.66 0.79 0.93 1.08 1.16 1.19 1.15 1.06 0.91 0.80 0.75 0.77 0.83 0.93 1.07 1.17 1.23 1.23 1.15 1.01 0.83 0.66 0.53 0.48
 11   0.52 0.63 0.80 1.00 1.17 1.28 1.32 1.26 1.13 0.95 0.81 0.72 0.71 0.77 0.89 1.03 1.15 1.22 1.21 1.11 0.96 0.78 0.59 0.44
 12   0.39 0.45 0.63 0.86 1.08 1.25 1.37 1.38 1.27 1.10 0.90 0.73 0.65 0.65 0.73 0.88 1.05 1.20 1.28 1.26 1.13 0.92 0.71 0.51
 13   0.37 0.36 0.47 0.67 0.92 1.16 1.37 1.48 1.47 1.31 1.11 0.89 0.71 0.60 0.60 0.71 0.89 1.07 1.21 1.28 1.25 1.08 0.84 0.61
 14   0.37 0.29 0.34 0.49 0.73 1.02 1.29 1.48 1.55 1.49 1.30 1.08 0.85 0.65 0.53 0.56 0.68 0.87 1.07 1.21 1.27 1.20 1.01 0.77
 15   0.47 0.30 0.23 0.27 0.45 0.73 1.03 1.29 1.45 1.50 1.42 1.24 1.00 0.77 0.58 0.50 0.55 0.71 0.93 1.12 1.27 1.32 1.23 1.04
 16   0.77 0.55 0.39 0.33 0.40 0.59 0.87 1.16 1.39 1.52 1.53 1.40 1.19 0.93 0.69 0.53 0.46 0.53 0.69 0.91 1.09 1.25 1.29 1.19
 17   0.98 0.77 0.55 0.43 0.40 0.49 0.67 0.92 1.20 1.42 1.53 1.51 1.37 1.17 0.90 0.69 0.55 0.50 0.57 0.74 0.91 1.07 1.17 1.17
 18   1.08 0.92 0.75 0.58 0.46 0.44 0.53 0.73 0.97 1.21 1.38 1.45 1.41 1.25 1.06 0.87 0.66 0.53 0.51 0.59 0.73 0.86 1.01 1.12
 19   1.12 1.04 0.89 0.73 0.60 0.52 0.51 0.61 0.79 0.97 1.15 1.30 1.39 1.37 1.25 1.05 0.85 0.65 0.54 0.52 0.59 0.72 0.85 0.96
 20   1.06 1.10 1.05 0.93 0.81 0.71 0.64 0.63 0.71 0.87 1.04 1.18 1.29 1.34 1.31 1.21 1.03 0.86 0.71 0.60 0.57 0.62 0.72 0.83
 21   0.95 1.04 1.09 1.07 0.99 0.89 0.79 0.73 0.71 0.77 0.88 1.02 1.15 1.24 1.27 1.24 1.15 0.99 0.82 0.69 0.61 0.59 0.63 0.71
 22   0.82 0.93 1.03 1.09 1.08 1.02 0.93 0.85 0.77 0.74 0.79 0.89 0.99 1.09 1.17 1.19 1.14 1.04 0.91 0.77 0.67 0.61 0.60 0.65
 23   0.75 0.86 0.97 1.06 1.12 1.12 1.05 0.95 0.86 0.78 0.73 0.75 0.82 0.92 1.02 1.10 1.14 1.11 1.03 0.92 0.79 0.67 0.61 0.62
 24   0.68 0.79 0.91 1.03 1.13 1.18 1.16 1.09 1.00 0.89 0.78 0.72 0.73 0.78 0.87 0.97 1.04 1.07 1.04 0.96 0.85 0.73 0.61 0.54
 25   0.55 0.62 0.74 0.89 1.04 1.14 1.19 1.18 1.10 0.97 0.84 0.76 0.72 0.73 0.80 0.89 0.99 1.08 1.11 1.07 0.98 0.84 0.69 0.58
 26   0.54 0.58 0.68 0.82 0.98 1.13 1.22 1.24 1.19 1.09 0.95 0.81 0.71 0.66 0.68 0.76 0.89 1.01 1.08 1.08 1.02 0.90 0.74 0.61
 27   0.55 0.57 0.64 0.76 0.92 1.09 1.21 1.27 1.27 1.21 1.09 0.92 0.78 0.67 0.63 0.66 0.75 0.89 1.01 1.08 1.08 1.01 0.85 0.67
 28   0.53 0.48 0.53 0.66 0.82 0.99 1.17 1.31 1.34 1.29 1.17 1.00 0.84 0.71 0.63 0.64 0.72 0.85 0.99 1.09 1.12 1.06 0.94 0.77
 29   0.58 0.48 0.47 0.53 0.67 0.87 1.08 1.25 1.33 1.35 1.29 1.13 0.95 0.78 0.67 0.63 0.68 0.79 0.94 1.07 1.15 1.15 1.06 0.91
 30   0.72 0.58 0.52 0.53 0.62 0.78 0.99 1.19 1.35 1.41 1.39 1.27 1.10 0.90 0.75 0.68 0.68 0.76 0.91 1.05 1.16 1.21 1.16 1.01
 ----------------------------------------------------------------------------------------------------------------------------
                                                                                               
 ----------------------------------------------------------------------------------------------------------------------------
 ----------------------------------------------------------------------------------------------------------------------------
                                                          SURVEY OF INDIA
                                                    MARINE GEODESY WING (G&RB)
                                                     HOURLY HEIGHTS IN METRES
  NAME OF PORT:- CHENNAI                                                                            MONTH JULY      YEAR 2022
 ----------------------------------------------------------------------------------------------------------------------------
 DAYS 0000 0001 0002 0003 0004 0005 0006 0007 0008 0009 0010 0011 0012 0013 0014 0015 0016 0017 0018 0019 0020 0021 0022 0023
 ----------------------------------------------------------------------------------------------------------------------------
  1   0.84 0.69 0.57 0.52 0.58 0.74 0.93 1.13 1.31 1.40 1.42 1.35 1.20 1.01 0.83 0.69 0.64 0.69 0.81 0.97 1.10 1.19 1.20 1.11
  2   0.95 0.78 0.63 0.54 0.55 0.63 0.78 0.97 1.17 1.35 1.45 1.42 1.31 1.15 0.97 0.81 0.70 0.69 0.77 0.89 1.02 1.13 1.19 1.17
  3   1.08 0.95 0.77 0.63 0.57 0.61 0.73 0.92 1.12 1.30 1.41 1.43 1.38 1.24 1.06 0.86 0.72 0.64 0.66 0.76 0.90 1.04 1.16 1.21
  4   1.15 1.01 0.87 0.73 0.64 0.62 0.67 0.79 0.97 1.13 1.28 1.37 1.35 1.25 1.09 0.92 0.76 0.65 0.64 0.69 0.79 0.91 1.05 1.14
  5   1.15 1.09 0.99 0.86 0.75 0.67 0.65 0.73 0.88 1.04 1.19 1.30 1.34 1.30 1.19 1.03 0.86 0.73 0.63 0.60 0.67 0.79 0.91 1.03
  6   1.11 1.12 1.05 0.94 0.83 0.73 0.68 0.69 0.76 0.89 1.03 1.15 1.23 1.25 1.19 1.06 0.90 0.75 0.63 0.56 0.57 0.65 0.77 0.91
  7   1.03 1.11 1.12 1.06 0.96 0.86 0.78 0.73 0.73 0.80 0.93 1.06 1.16 1.23 1.24 1.15 1.01 0.85 0.71 0.59 0.53 0.56 0.65 0.78
  8   0.93 1.04 1.11 1.13 1.10 1.03 0.95 0.86 0.78 0.76 0.81 0.91 1.01 1.11 1.17 1.17 1.11 0.99 0.85 0.71 0.59 0.52 0.53 0.62
  9   0.76 0.89 1.05 1.17 1.22 1.20 1.13 1.01 0.88 0.79 0.75 0.79 0.88 1.00 1.10 1.15 1.14 1.08 0.98 0.83 0.67 0.54 0.48 0.49
 10   0.56 0.71 0.91 1.09 1.21 1.26 1.23 1.13 1.00 0.86 0.74 0.68 0.71 0.82 0.93 1.03 1.11 1.13 1.08 0.97 0.81 0.64 0.51 0.42
 11   0.42 0.50 0.70 0.92 1.11 1.24 1.30 1.27 1.15 1.00 0.85 0.70 0.62 0.64 0.73 0.87 1.00 1.11 1.15 1.09 0.95 0.75 0.57 0.41
 12   0.33 0.35 0.48 0.68 0.91 1.13 1.30 1.36 1.30 1.15 0.96 0.77 0.61 0.54 0.57 0.69 0.85 1.01 1.14 1.20 1.15 1.02 0.81 0.59
 13   0.37 0.30 0.35 0.49 0.71 0.96 1.21 1.40 1.46 1.37 1.21 0.98 0.75 0.57 0.47 0.51 0.65 0.83 1.01 1.16 1.21 1.14 0.98 0.76
 14   0.49 0.33 0.27 0.34 0.52 0.76 1.02 1.25 1.40 1.42 1.31 1.12 0.88 0.63 0.46 0.39 0.45 0.61 0.82 1.02 1.16 1.20 1.11 0.92
 15   0.69 0.48 0.31 0.26 0.33 0.53 0.79 1.09 1.32 1.47 1.45 1.31 1.08 0.80 0.56 0.39 0.34 0.44 0.62 0.84 1.01 1.12 1.15 1.07
 16   0.90 0.68 0.46 0.34 0.33 0.42 0.64 0.89 1.16 1.37 1.49 1.46 1.32 1.08 0.81 0.58 0.44 0.40 0.50 0.67 0.85 1.00 1.13 1.15
 17   1.05 0.87 0.65 0.49 0.39 0.39 0.49 0.74 0.99 1.18 1.35 1.42 1.36 1.19 0.92 0.69 0.50 0.40 0.40 0.52 0.70 0.89 1.08 1.16
 18   1.13 1.02 0.83 0.63 0.48 0.41 0.47 0.63 0.85 1.07 1.24 1.35 1.37 1.30 1.13 0.90 0.70 0.53 0.46 0.50 0.63 0.78 0.96 1.12
 19   1.18 1.14 1.03 0.89 0.72 0.60 0.57 0.63 0.76 0.93 1.09 1.24 1.33 1.33 1.23 1.07 0.89 0.71 0.59 0.56 0.61 0.74 0.88 1.01
 20   1.13 1.18 1.15 1.03 0.90 0.78 0.69 0.66 0.70 0.78 0.90 1.05 1.16 1.21 1.19 1.10 0.95 0.80 0.65 0.54 0.53 0.59 0.71 0.85
 21   0.98 1.08 1.13 1.12 1.03 0.93 0.83 0.75 0.72 0.73 0.78 0.88 0.98 1.07 1.10 1.07 0.99 0.87 0.75 0.65 0.58 0.58 0.64 0.73
 22   0.83 0.93 1.02 1.07 1.07 1.02 0.95 0.87 0.80 0.76 0.76 0.81 0.88 0.95 1.00 1.02 1.00 0.93 0.83 0.73 0.65 0.60 0.61 0.66
 23   0.75 0.85 0.95 1.04 1.10 1.11 1.07 0.99 0.91 0.83 0.77 0.75 0.78 0.83 0.89 0.94 0.97 0.96 0.91 0.83 0.75 0.68 0.63 0.62
 24   0.66 0.73 0.83 0.95 1.05 1.11 1.13 1.10 1.03 0.92 0.82 0.75 0.71 0.72 0.76 0.82 0.90 0.95 0.96 0.91 0.82 0.73 0.63 0.56
 25   0.55 0.60 0.69 0.82 0.95 1.07 1.15 1.17 1.12 1.03 0.93 0.83 0.75 0.72 0.74 0.79 0.86 0.94 1.01 1.03 0.98 0.88 0.76 0.65
 26   0.58 0.59 0.65 0.77 0.92 1.06 1.18 1.23 1.21 1.13 0.99 0.86 0.73 0.64 0.61 0.66 0.76 0.87 0.98 1.03 1.01 0.91 0.77 0.62
 27   0.49 0.45 0.50 0.61 0.76 0.95 1.10 1.21 1.25 1.21 1.09 0.93 0.78 0.65 0.57 0.59 0.68 0.80 0.93 1.02 1.05 1.01 0.89 0.72
 28   0.55 0.47 0.46 0.52 0.65 0.83 1.02 1.21 1.29 1.28 1.18 1.03 0.84 0.66 0.55 0.52 0.58 0.72 0.87 1.01 1.10 1.10 1.00 0.85
 29   0.67 0.53 0.45 0.47 0.56 0.73 0.95 1.15 1.30 1.35 1.29 1.14 0.95 0.78 0.63 0.56 0.60 0.71 0.88 1.04 1.16 1.22 1.17 1.01
 30   0.83 0.67 0.52 0.48 0.54 0.69 0.90 1.15 1.34 1.45 1.43 1.33 1.14 0.93 0.73 0.60 0.56 0.64 0.81 0.99 1.15 1.25 1.25 1.13
 31   0.94 0.75 0.60 0.51 0.51 0.63 0.82 1.05 1.28 1.42 1.45 1.38 1.23 1.01 0.79 0.63 0.55 0.59 0.71 0.89 1.08 1.22 1.26 1.20
 ----------------------------------------------------------------------------------------------------------------------------
                                                                                              
 ----------------------------------------------------------------------------------------------------------------------------
 ----------------------------------------------------------------------------------------------------------------------------
                                                          SURVEY OF INDIA
                                                    MARINE GEODESY WING (G&RB)
                                                     HOURLY HEIGHTS IN METRES
  NAME OF PORT:- CHENNAI                                                                            MONTH AUGUST    YEAR 2022
 ----------------------------------------------------------------------------------------------------------------------------
 DAYS 0000 0001 0002 0003 0004 0005 0006 0007 0008 0009 0010 0011 0012 0013 0014 0015 0016 0017 0018 0019 0020 0021 0022 0023
 ----------------------------------------------------------------------------------------------------------------------------
  1   1.06 0.89 0.69 0.55 0.50 0.55 0.68 0.89 1.10 1.28 1.38 1.39 1.28 1.08 0.85 0.66 0.53 0.49 0.56 0.73 0.90 1.07 1.18 1.21
  2   1.14 0.99 0.81 0.65 0.53 0.52 0.60 0.81 1.03 1.22 1.36 1.40 1.34 1.20 1.00 0.78 0.61 0.52 0.54 0.65 0.82 0.99 1.14 1.24
  3   1.23 1.13 0.99 0.83 0.68 0.60 0.64 0.76 0.94 1.13 1.28 1.37 1.36 1.24 1.06 0.87 0.69 0.57 0.53 0.59 0.75 0.92 1.08 1.21
  4   1.25 1.22 1.13 0.99 0.84 0.72 0.67 0.71 0.83 0.98 1.12 1.25 1.30 1.27 1.14 0.97 0.81 0.64 0.55 0.55 0.63 0.78 0.93 1.11
  5   1.24 1.27 1.21 1.09 0.95 0.80 0.71 0.70 0.75 0.84 0.97 1.10 1.18 1.20 1.14 1.02 0.86 0.71 0.57 0.50 0.51 0.61 0.77 0.92
  6   1.06 1.15 1.18 1.14 1.05 0.94 0.83 0.75 0.73 0.76 0.83 0.95 1.06 1.13 1.15 1.10 0.99 0.85 0.73 0.61 0.54 0.54 0.62 0.74
  7   0.88 0.99 1.07 1.09 1.05 0.95 0.83 0.73 0.65 0.62 0.66 0.78 0.90 1.00 1.08 1.11 1.09 1.01 0.89 0.76 0.65 0.58 0.56 0.60
  8   0.74 0.88 1.01 1.15 1.24 1.25 1.21 1.13 1.01 0.91 0.83 0.78 0.80 0.87 0.97 1.06 1.13 1.15 1.11 1.01 0.87 0.72 0.61 0.55
  9   0.58 0.68 0.82 1.01 1.19 1.33 1.38 1.33 1.21 1.05 0.84 0.70 0.62 0.64 0.73 0.85 0.97 1.09 1.14 1.10 0.97 0.79 0.61 0.47
 10   0.38 0.39 0.52 0.72 0.94 1.15 1.30 1.34 1.29 1.14 0.96 0.76 0.58 0.45 0.40 0.45 0.60 0.96 1.11 1.15 1.09 0.95 0.75 0.55
 11   0.37 0.31 0.37 0.52 0.75 1.00 1.22 1.38 1.41 1.32 1.13 0.88 0.65 0.48 0.39 0.42 0.57 0.80 1.00 1.17 1.22 1.15 0.97 0.73
 12   0.47 0.31 0.27 0.33 0.52 0.77 1.04 1.27 1.41 1.41 1.25 1.04 0.77 0.53 0.35 0.32 0.38 0.58 0.80 1.01 1.17 1.21 1.13 0.92
 13   0.65 0.45 0.30 0.26 0.34 0.57 0.85 1.15 1.36 1.44 1.39 1.23 0.97 0.69 0.45 0.30 0.28 0.39 0.61 0.85 1.07 1.21 1.23 1.11
 14   0.86 0.63 0.44 0.33 0.35 0.46 0.71 0.99 1.25 1.43 1.49 1.43 1.22 0.95 0.68 0.47 0.38 0.42 0.57 0.77 1.03 1.26 1.37 1.34
 15   1.17 0.93 0.71 0.50 0.44 0.50 0.69 0.91 1.17 1.38 1.50 1.49 1.36 1.15 0.88 0.65 0.49 0.44 0.53 0.73 0.94 1.17 1.32 1.37
 16   1.29 1.12 0.93 0.75 0.61 0.55 0.60 0.76 0.96 1.15 1.30 1.37 1.33 1.18 0.95 0.75 0.56 0.45 0.45 0.57 0.75 0.95 1.11 1.20
 17   1.20 1.13 0.99 0.83 0.68 0.57 0.56 0.63 0.77 0.94 1.10 1.20 1.22 1.14 0.99 0.81 0.63 0.50 0.45 0.49 0.61 0.77 0.94 1.07
 18   1.13 1.12 1.03 0.89 0.73 0.61 0.54 0.55 0.65 0.80 0.95 1.08 1.16 1.17 1.09 0.95 0.78 0.64 0.54 0.52 0.58 0.71 0.85 1.00
 19   1.10 1.15 1.15 1.09 0.99 0.89 0.80 0.74 0.75 0.81 0.91 1.01 1.09 1.12 1.10 1.03 0.94 0.83 0.70 0.62 0.64 0.73 0.84 0.97
 20   1.09 1.18 1.20 1.17 1.10 1.01 0.93 0.86 0.83 0.84 0.89 0.94 0.99 1.03 1.04 1.02 0.97 0.90 0.82 0.75 0.72 0.73 0.77 0.85
 21   0.93 1.00 1.06 1.10 1.10 1.07 1.01 0.95 0.89 0.84 0.83 0.85 0.88 0.92 0.95 0.97 0.97 0.93 0.86 0.78 0.72 0.68 0.68 0.71
 22   0.76 0.83 0.91 0.99 1.06 1.09 1.09 1.06 1.01 0.94 0.87 0.80 0.76 0.76 0.79 0.84 0.90 0.94 0.93 0.88 0.81 0.74 0.68 0.65
 23   0.66 0.72 0.81 0.91 1.01 1.11 1.17 1.17 1.10 0.99 0.87 0.78 0.72 0.71 0.74 0.80 0.87 0.93 0.96 0.95 0.88 0.80 0.71 0.63
 24   0.58 0.59 0.66 0.77 0.90 1.04 1.15 1.20 1.18 1.09 0.96 0.84 0.74 0.67 0.67 0.74 0.85 0.96 1.06 1.10 1.06 0.97 0.86 0.74
 25   0.63 0.57 0.58 0.66 0.82 1.03 1.23 1.37 1.42 1.38 1.24 1.06 0.88 0.72 0.64 0.66 0.77 0.94 1.10 1.23 1.30 1.26 1.12 0.91
 26   0.66 0.57 0.58 0.66 0.82 1.03 1.23 1.37 1.42 1.38 1.24 1.06 0.88 0.72 0.64 0.66 0.77 0.94 1.10 1.23 1.30 1.26 1.12 0.91
 27   0.69 0.56 0.53 0.59 0.72 0.92 1.16 1.36 1.48 1.49 1.37 1.18 0.95 0.76 0.62 0.59 0.65 0.80 0.99 1.17 1.27 1.29 1.21 1.06
 28   0.87 0.64 0.54 0.55 0.65 0.82 1.03 1.24 1.42 1.46 1.39 1.23 1.00 0.79 0.62 0.54 0.55 0.68 0.90 1.10 1.27 1.35 1.30 1.14
 29   0.93 0.75 0.58 0.51 0.56 0.71 0.93 1.16 1.35 1.48 1.45 1.29 1.08 0.83 0.63 0.50 0.48 0.59 0.78 1.00 1.21 1.35 1.38 1.27
 30   1.06 0.86 0.66 0.54 0.51 0.60 0.76 0.98 1.22 1.41 1.44 1.36 1.18 0.94 0.70 0.52 0.44 0.48 0.65 0.88 1.12 1.31 1.40 1.36
 31   1.20 1.02 0.80 0.63 0.56 0.59 0.71 0.91 1.12 1.30 1.38 1.36 1.24 1.03 0.80 0.60 0.48 0.45 0.54 0.73 0.96 1.18 1.34 1.37
 ----------------------------------------------------------------------------------------------------------------------------
                                                                                               
 ----------------------------------------------------------------------------------------------------------------------------
 ----------------------------------------------------------------------------------------------------------------------------
                                                          SURVEY OF INDIA
                                                    MARINE GEODESY WING (G&RB)
                                                     HOURLY HEIGHTS IN METRES
  NAME OF PORT:- CHENNAI                                                                            MONTH SEPT      YEAR 2022
 ----------------------------------------------------------------------------------------------------------------------------
 DAYS 0000 0001 0002 0003 0004 0005 0006 0007 0008 0009 0010 0011 0012 0013 0014 0015 0016 0017 0018 0019 0020 0021 0022 0023
 ----------------------------------------------------------------------------------------------------------------------------
  1   1.31 1.16 0.96 0.78 0.62 0.58 0.64 0.79 1.00 1.21 1.33 1.36 1.30 1.14 0.94 0.72 0.56 0.48 0.50 0.62 0.81 1.01 1.20 1.32
  2   1.34 1.26 1.12 0.94 0.76 0.67 0.66 0.74 0.91 1.08 1.21 1.31 1.33 1.24 1.06 0.86 0.68 0.55 0.49 0.54 0.68 0.88 1.06 1.20
  3   1.29 1.30 1.24 1.11 0.95 0.82 0.73 0.72 0.80 0.93 1.06 1.18 1.24 1.24 1.15 1.02 0.87 0.74 0.64 0.62 0.68 0.80 0.94 1.10
  4   1.24 1.31 1.32 1.25 1.12 0.99 0.88 0.82 0.82 0.86 0.94 1.04 1.14 1.22 1.22 1.14 1.02 0.90 0.79 0.70 0.67 0.70 0.79 0.92
  5   1.04 1.15 1.24 1.26 1.22 1.13 1.03 0.94 0.85 0.79 0.80 0.86 0.94 1.02 1.08 1.10 1.08 1.01 0.91 0.80 0.71 0.65 0.65 0.70
  6   0.78 0.89 1.03 1.15 1.23 1.24 1.19 1.10 0.98 0.87 0.78 0.75 0.77 0.83 0.91 1.00 1.06 1.07 1.02 0.93 0.82 0.69 0.59 0.57
  7   0.60 0.68 0.82 0.98 1.14 1.24 1.28 1.24 1.13 1.00 0.87 0.75 0.67 0.67 0.75 0.88 1.01 1.12 1.16 1.13 1.04 0.91 0.76 0.62
  8   0.55 0.56 0.67 0.85 1.07 1.25 1.40 1.44 1.37 1.16 0.95 0.74 0.58 0.49 0.51 0.64 0.82 0.99 1.14 1.21 1.17 1.04 0.86 0.66
  9   0.48 0.43 0.49 0.66 0.88 1.12 1.32 1.45 1.47 1.36 1.15 0.90 0.66 0.51 0.46 0.54 0.73 0.95 1.14 1.29 1.32 1.24 1.04 0.84
 10   0.60 0.47 0.44 0.53 0.72 0.98 1.23 1.43 1.51 1.47 1.31 1.06 0.80 0.56 0.43 0.42 0.56 0.79 1.04 1.26 1.40 1.40 1.28 1.08
 11   0.82 0.61 0.49 0.48 0.58 0.82 1.10 1.35 1.51 1.56 1.47 1.26 1.01 0.73 0.54 0.44 0.48 0.66 0.90 1.16 1.35 1.43 1.39 1.24
 12   1.00 0.78 0.58 0.48 0.52 0.68 0.92 1.18 1.39 1.54 1.53 1.38 1.14 0.88 0.62 0.49 0.48 0.60 0.81 1.06 1.30 1.45 1.49 1.42
 13   1.25 0.98 0.76 0.61 0.56 0.64 0.83 1.06 1.30 1.44 1.48 1.39 1.18 0.95 0.72 0.54 0.46 0.50 0.68 0.91 1.14 1.32 1.42 1.40
 14   1.25 1.06 0.85 0.66 0.56 0.56 0.68 0.87 1.08 1.24 1.33 1.32 1.19 1.00 0.78 0.61 0.50 0.50 0.60 0.80 1.03 1.20 1.32 1.34
 15   1.26 1.10 0.90 0.73 0.62 0.57 0.62 0.76 0.94 1.10 1.21 1.23 1.18 1.05 0.88 0.70 0.58 0.52 0.56 0.68 0.86 1.04 1.18 1.25
 16   1.25 1.19 1.06 0.90 0.76 0.67 0.65 0.70 0.83 0.96 1.07 1.13 1.13 1.06 0.93 0.79 0.66 0.58 0.56 0.62 0.74 0.90 1.05 1.15
 17   1.20 1.17 1.07 0.96 0.86 0.78 0.72 0.72 0.78 0.88 0.98 1.04 1.06 1.04 0.97 0.88 0.79 0.72 0.68 0.68 0.73 0.84 0.94 1.03
 18   1.08 1.10 1.08 1.03 0.96 0.88 0.82 0.79 0.80 0.83 0.88 0.94 0.99 1.00 0.98 0.93 0.87 0.81 0.75 0.72 0.73 0.78 0.85 0.92
 19   0.99 1.04 1.07 1.07 1.04 1.00 0.96 0.91 0.86 0.83 0.83 0.86 0.91 0.95 0.96 0.95 0.92 0.88 0.84 0.80 0.77 0.77 0.79 0.83
 20   0.88 0.93 0.99 1.05 1.09 1.10 1.07 1.02 0.96 0.90 0.85 0.81 0.80 0.82 0.86 0.91 0.95 0.96 0.94 0.90 0.86 0.82 0.79 0.78
 21   0.80 0.85 0.92 1.00 1.07 1.13 1.15 1.12 1.06 0.98 0.90 0.84 0.80 0.79 0.83 0.90 0.99 1.06 1.11 1.11 1.06 0.98 0.89 0.81
 22   0.76 0.78 0.84 0.93 1.06 1.17 1.25 1.27 1.22 1.11 0.96 0.84 0.74 0.69 0.70 0.78 0.89 1.00 1.08 1.11 1.08 1.00 0.88 0.77
 23   0.68 0.67 0.73 0.86 1.01 1.17 1.29 1.35 1.32 1.20 1.06 0.89 0.74 0.64 0.64 0.74 0.88 1.03 1.15 1.24 1.25 1.17 1.03 0.87
 24   0.70 0.65 0.68 0.77 0.94 1.15 1.31 1.40 1.40 1.30 1.12 0.90 0.72 0.60 0.56 0.62 0.82 1.02 1.20 1.30 1.33 1.27 1.13 0.92
 25   0.72 0.61 0.58 0.64 0.80 1.03 1.24 1.39 1.45 1.39 1.22 1.01 0.78 0.60 0.54 0.58 0.74 0.94 1.16 1.34 1.43 1.42 1.28 1.08
 26   0.83 0.66 0.57 0.60 0.73 0.94 1.19 1.40 1.49 1.48 1.32 1.09 0.84 0.62 0.48 0.46 0.58 0.79 1.08 1.36 1.47 1.47 1.37 1.18
 27   0.92 0.71 0.58 0.54 0.60 0.75 0.99 1.26 1.44 1.50 1.45 1.25 0.99 0.74 0.54 0.47 0.52 0.71 0.96 1.23 1.46 1.55 1.52 1.36
 28   1.09 0.85 0.66 0.57 0.59 0.71 0.93 1.15 1.35 1.46 1.48 1.36 1.12 0.87 0.64 0.50 0.48 0.61 0.84 1.12 1.45 1.69 1.69 1.53
 29   1.30 1.06 0.82 0.66 0.58 0.64 0.81 1.02 1.25 1.41 1.46 1.39 1.20 0.96 0.72 0.55 0.46 0.52 0.71 0.95 1.21 1.43 1.53 1.52
 30   1.42 1.24 1.02 0.82 0.68 0.66 0.74 0.90 1.10 1.27 1.38 1.40 1.30 1.13 0.90 0.71 0.59 0.57 0.67 0.85 1.07 1.28 1.44 1.50
 ----------------------------------------------------------------------------------------------------------------------------
                                                                                               
 ----------------------------------------------------------------------------------------------------------------------------
 ----------------------------------------------------------------------------------------------------------------------------
                                                          SURVEY OF INDIA
                                                    MARINE GEODESY WING (G&RB)
                                                     HOURLY HEIGHTS IN METRES
  NAME OF PORT:- CHENNAI                                                                            MONTH OCTOBER   YEAR 2022
 ----------------------------------------------------------------------------------------------------------------------------
 DAYS 0000 0001 0002 0003 0004 0005 0006 0007 0008 0009 0010 0011 0012 0013 0014 0015 0016 0017 0018 0019 0020 0021 0022 0023
 ----------------------------------------------------------------------------------------------------------------------------
  1   1.47 1.36 1.16 0.97 0.79 0.72 0.73 0.84 0.99 1.14 1.25 1.30 1.29 1.19 1.00 0.83 0.68 0.59 0.59 0.69 0.87 1.04 1.21 1.34
  2   1.41 1.39 1.28 1.12 0.97 0.85 0.78 0.80 0.88 0.99 1.11 1.21 1.25 1.23 1.15 1.01 0.87 0.76 0.69 0.69 0.75 0.89 1.03 1.17
  3   1.29 1.34 1.33 1.26 1.15 1.03 0.93 0.85 0.83 0.86 0.92 0.99 1.07 1.12 1.12 1.08 1.01 0.92 0.83 0.76 0.72 0.76 0.86 0.99
  4   1.10 1.19 1.26 1.29 1.26 1.19 1.09 1.00 0.91 0.85 0.82 0.83 0.88 0.95 1.02 1.07 1.08 1.05 0.98 0.91 0.84 0.79 0.77 0.81
  5
  6
  7
  8
  9
 10
 11
 12
 13
 14
 15
 16
 17
 18   1.27 1.29 1.29 1.27 1.22 1.15 1.09 1.02 0.98 0.97 0.99 1.03 1.06 1.10 1.13 1.14 1.12 1.09 1.05 1.01 0.98 0.99 1.03 1.09
 19   1.15 1.21 1.27 1.31 1.32 1.29 1.23 1.16 1.08 1.00 0.95 0.95 0.99 1.03 1.08 1.13 1.18 1.19 1.16 1.10 1.04 0.99 0.96 0.97
 20   1.03 1.12 1.22 1.30 1.36 1.38 1.35 1.27 1.16 1.06 0.98 0.93 0.92 0.97 1.06 1.17 1.26 1.32 1.32 1.27 1.19 1.10 1.01 0.95
 21   0.95 1.01 1.15 1.28 1.38 1.44 1.45 1.40 1.30 1.16 1.02 0.92 0.87 0.89 1.00 1.13 1.27 1.39 1.45 1.42 1.31 1.18 1.05 0.95
 22   0.90 0.93 1.04 1.18 1.35 1.48 1.54 1.52 1.42 1.26 1.08 0.92 0.84 0.84 0.95 1.11 1.31 1.50 1.61 1.62 1.53 1.39 1.21 1.04
 23   0.94 0.95 1.02 1.16 1.36 1.55 1.67 1.69 1.59 1.42 1.20 0.99 0.84 0.79 0.86 1.03 1.25 1.47 1.64 1.73 1.69 1.54 1.34 1.14
 24   0.97 0.90 0.92 1.06 1.25 1.46 1.62 1.70 1.66 1.50 1.27 1.04 0.82 0.72 0.74 0.89 1.13 1.38 1.61 1.77 1.79 1.67 1.48 1.23
 25   0.99 0.87 0.85 0.92 1.10 1.33 1.54 1.66 1.67 1.56 1.33 1.07 0.81 0.64 0.58 0.67 0.88 1.17 1.45 1.66 1.78 1.74 1.57 1.32
 26   1.07 0.87 0.75 0.76 0.90 1.12 1.36 1.56 1.66 1.63 1.47 1.21 0.94 0.70 0.55 0.56 0.70 0.97 1.29 1.54 1.72 1.79 1.70 1.46
 27   1.18 0.94 0.76 0.68 0.74 0.92 1.16 1.39 1.56 1.63 1.54 1.32 1.05 0.79 0.60 0.53 0.59 0.79 1.09 1.39 1.64 1.79 1.78 1.65
 28   1.44 1.16 0.92 0.77 0.74 0.84 1.05 1.26 1.46 1.60 1.61 1.50 1.28 1.03 0.80 0.66 0.62 0.74 0.96 1.24 1.53 1.76 1.85 1.82
 29   1.64 1.42 1.18 0.96 0.84 0.83 0.94 1.14 1.34 1.51 1.58 1.55 1.42 1.22 1.00 0.80 0.69 0.69 0.80 1.02 1.26 1.50 1.67 1.74
 30   1.69 1.52 1.30 1.08 0.91 0.82 0.83 0.94 1.10 1.28 1.43 1.52 1.49 1.36 1.17 0.96 0.79 0.71 0.73 0.83 1.01 1.23 1.40 1.53
 31   1.58 1.53 1.40 1.22 1.04 0.90 0.82 0.83 0.92 1.04 1.15 1.26 1.32 1.29 1.18 1.05 0.91 0.80 0.74 0.77 0.88 1.03 1.19 1.34
 ----------------------------------------------------------------------------------------------------------------------------
                                                                                               
 ----------------------------------------------------------------------------------------------------------------------------
 ----------------------------------------------------------------------------------------------------------------------------
                                                          SURVEY OF INDIA
                                                    MARINE GEODESY WING (G&RB)
                                                     HOURLY HEIGHTS IN METRES
  NAME OF PORT:- CHENNAI                                                                            MONTH NOVEMBER  YEAR 2022
 ----------------------------------------------------------------------------------------------------------------------------
 DAYS 0000 0001 0002 0003 0004 0005 0006 0007 0008 0009 0010 0011 0012 0013 0014 0015 0016 0017 0018 0019 0020 0021 0022 0023
 ----------------------------------------------------------------------------------------------------------------------------
  1   1.44 1.47 1.43 1.33 1.19 1.04 0.92 0.84 0.82 0.86 0.95 1.04 1.13 1.19 1.18 1.12 1.03 0.94 0.85 0.78 0.78 0.86 0.98 1.12
  2   1.25 1.36 1.41 1.40 1.32 1.18 1.03 0.89 0.78 0.73 0.76 0.85 0.96 1.07 1.15 1.20 1.20 1.14 1.03 0.92 0.82 0.78 0.82 0.93
  3   1.05 1.16 1.27 1.35 1.38 1.34 1.22 1.07 0.90 0.73 0.67 0.69 0.76 0.87 1.00 1.12 1.21 1.23 1.19 1.09 0.98 0.87 0.80 0.79
  4   0.83 0.92 1.05 1.19 1.30 1.36 1.34 1.21 1.04 0.88 0.75 0.68 0.68 0.75 0.90 1.06 1.24 1.35 1.37 1.30 1.18 1.03 0.88 0.78
  5   0.74 0.78 0.91 1.07 1.23 1.35 1.37 1.30 1.16 0.93 0.75 0.65 0.63 0.68 0.80 0.97 1.16 1.33 1.41 1.39 1.28 1.13 0.95 0.81
  6   0.72 0.71 0.80 0.96 1.12 1.26 1.35 1.36 1.27 1.10 0.86 0.69 0.58 0.57 0.68 0.86 1.06 1.26 1.43 1.46 1.40 1.26 1.08 0.89
  7   0.75 0.68 0.70 0.81 1.03 1.22 1.34 1.37 1.32 1.19 1.01 0.79 0.60 0.50 0.52 0.68 0.90 1.14 1.37 1.52 1.53 1.44 1.25 1.03
  8   0.79 0.66 0.63 0.69 0.83 1.03 1.22 1.35 1.37 1.30 1.13 0.91 0.68 0.54 0.49 0.56 0.73 0.96 1.22 1.41 1.51 1.50 1.36 1.14
  9   0.88 0.70 0.60 0.59 0.69 0.87 1.06 1.22 1.32 1.32 1.19 0.98 0.76 0.59 0.49 0.49 0.62 0.83 1.08 1.31 1.45 1.49 1.41 1.24
 10   1.01 0.80 0.65 0.57 0.60 0.72 0.91 1.09 1.24 1.29 1.22 1.07 0.88 0.68 0.53 0.49 0.56 0.70 0.91 1.18 1.38 1.51 1.51 1.41
 11   1.22 1.04 0.87 0.72 0.68 0.74 0.88 1.08 1.24 1.33 1.32 1.23 1.08 0.89 0.69 0.60 0.60 0.67 0.84 1.06 1.26 1.41 1.51 1.50
 12   1.34 1.16 0.96 0.79 0.64 0.64 0.75 0.92 1.10 1.26 1.31 1.25 1.12 0.93 0.75 0.64 0.63 0.68 0.79 0.95 1.15 1.34 1.43 1.43
 13   1.35 1.20 1.05 0.89 0.79 0.75 0.79 0.90 1.03 1.17 1.27 1.28 1.19 1.04 0.88 0.70 0.60 0.60 0.73 0.89 1.05 1.21 1.35 1.42
 14   1.40 1.30 1.16 1.02 0.87 0.76 0.73 0.78 0.88 1.00 1.10 1.15 1.12 1.03 0.92 0.82 0.74 0.71 0.75 0.84 0.96 1.08 1.19 1.27
 15   1.28 1.24 1.15 1.05 0.93 0.83 0.78 0.78 0.83 0.90 0.97 1.02 1.05 1.04 0.99 0.92 0.84 0.78 0.77 0.81 0.89 0.99 1.09 1.17
 16   1.23 1.24 1.20 1.12 1.02 0.92 0.85 0.80 0.79 0.81 0.85 0.90 0.95 0.99 0.99 0.96 0.91 0.87 0.84 0.83 0.86 0.91 0.98 1.05
 17   1.11 1.16 1.17 1.14 1.08 1.01 0.93 0.86 0.80 0.78 0.80 0.85 0.92 0.99 1.04 1.07 1.06 1.01 0.95 0.90 0.86 0.85 0.88 0.94
 18   1.01 1.09 1.16 1.19 1.17 1.11 1.03 0.94 0.86 0.79 0.74 0.75 0.81 0.90 0.99 1.06 1.11 1.11 1.07 1.01 0.95 0.89 0.85 0.87
 19   0.93 1.02 1.11 1.18 1.22 1.21 1.14 1.04 0.92 0.80 0.72 0.69 0.73 0.81 0.92 1.06 1.19 1.26 1.26 1.19 1.10 1.00 0.90 0.83
 20   0.84 0.92 1.02 1.14 1.25 1.30 1.28 1.20 1.06 0.89 0.74 0.65 0.63 0.70 0.84 1.00 1.19 1.34 1.40 1.37 1.26 1.11 0.96 0.85
 21   0.80 0.83 0.92 1.07 1.24 1.35 1.39 1.34 1.21 1.02 0.81 0.69 0.64 0.66 0.76 0.95 1.18 1.38 1.53 1.55 1.45 1.28 1.08 0.91
 22   0.79 0.77 0.84 0.99 1.17 1.35 1.46 1.46 1.37 1.18 0.94 0.72 0.59 0.57 0.66 0.85 1.11 1.37 1.58 1.67 1.65 1.50 1.29 1.06
 23   0.85 0.75 0.76 0.89 1.07 1.28 1.44 1.51 1.48 1.33 1.08 0.83 0.62 0.50 0.51 0.64 0.90 1.18 1.45 1.63 1.68 1.60 1.40 1.16
 24   0.85 0.67 0.62 0.66 0.81 1.02 1.24 1.39 1.44 1.39 1.21 0.96 0.71 0.52 0.44 0.51 0.68 0.94 1.24 1.48 1.64 1.65 1.54 1.30
 25   1.02 0.80 0.64 0.58 0.66 0.84 1.06 1.26 1.39 1.41 1.29 1.07 0.81 0.60 0.44 0.41 0.50 0.70 1.00 1.27 1.49 1.61 1.57 1.42
 26   1.18 0.94 0.71 0.56 0.54 0.64 0.85 1.07 1.26 1.38 1.38 1.26 1.03 0.80 0.59 0.46 0.42 0.50 0.76 1.03 1.28 1.50 1.58 1.54
 27   1.39 1.15 0.92 0.72 0.61 0.59 0.68 0.86 1.06 1.22 1.30 1.27 1.15 0.96 0.76 0.60 0.50 0.52 0.65 0.86 1.11 1.34 1.49 1.55
 28   1.49 1.34 1.11 0.90 0.70 0.59 0.60 0.70 0.86 1.02 1.16 1.24 1.22 1.11 0.95 0.78 0.65 0.59 0.61 0.72 0.90 1.10 1.28 1.42
 29   1.47 1.43 1.29 1.10 0.90 0.75 0.65 0.64 0.72 0.84 0.98 1.10 1.18 1.19 1.12 1.01 0.88 0.76 0.70 0.71 0.79 0.93 1.10 1.26
 30   1.38 1.43 1.40 1.27 1.12 0.96 0.80 0.70 0.67 0.72 0.82 0.94 1.07 1.17 1.21 1.18 1.09 0.99 0.90 0.84 0.84 0.90 1.02 1.16
 ----------------------------------------------------------------------------------------------------------------------------
                                                                                               
 ----------------------------------------------------------------------------------------------------------------------------
 ----------------------------------------------------------------------------------------------------------------------------
                                                          SURVEY OF INDIA
                                                    MARINE GEODESY WING (G&RB)
                                                     HOURLY HEIGHTS IN METRES
  NAME OF PORT:- CHENNAI                                                                            MONTH DECEMBER  YEAR 2022
 ----------------------------------------------------------------------------------------------------------------------------
 DAYS 0000 0001 0002 0003 0004 0005 0006 0007 0008 0009 0010 0011 0012 0013 0014 0015 0016 0017 0018 0019 0020 0021 0022 0023
 ----------------------------------------------------------------------------------------------------------------------------
  1   1.31 1.42 1.46 1.43 1.34 1.20 1.04 0.88 0.78 0.74 0.77 0.86 0.99 1.13 1.25 1.31 1.30 1.23 1.14 1.04 0.96 0.92 0.95 1.05
  2   1.17 1.27 1.37 1.43 1.41 1.33 1.20 1.05 0.90 0.80 0.76 0.81 0.92 1.06 1.21 1.35 1.42 1.42 1.36 1.26 1.14 1.02 0.96 0.98
  3   1.06 1.17 1.30 1.43 1.50 1.50 1.41 1.26 1.09 0.94 0.83 0.79 0.85 0.98 1.16 1.32 1.46 1.54 1.53 1.45 1.32 1.18 1.05 0.98
  4   0.97 1.03 1.15 1.29 1.42 1.49 1.48 1.40 1.25 1.07 0.92 0.83 0.80 0.86 1.01 1.20 1.37 1.54 1.62 1.59 1.48 1.32 1.14 1.01
  5   0.94 0.94 1.02 1.14 1.29 1.42 1.48 1.45 1.35 1.18 0.95 0.81 0.76 0.80 0.90 1.06 1.27 1.44 1.57 1.62 1.56 1.42 1.26 1.12
  6   0.99 0.89 0.85 0.90 1.02 1.17 1.31 1.40 1.40 1.27 1.05 0.87 0.75 0.70 0.75 0.90 1.12 1.33 1.51 1.61 1.61 1.51 1.34 1.15
  7   0.97 0.86 0.84 0.91 1.03 1.18 1.32 1.42 1.43 1.34 1.17 0.98 0.82 0.72 0.71 0.81 1.00 1.24 1.44 1.60 1.65 1.60 1.46 1.27
  8   1.06 0.92 0.85 0.86 0.96 1.09 1.25 1.39 1.43 1.39 1.26 1.07 0.88 0.74 0.72 0.79 0.94 1.17 1.40 1.60 1.71 1.73 1.66 1.50
  9   1.31 1.15 1.04 1.00 1.05 1.19 1.36 1.52 1.63 1.66 1.59 1.43 1.22 1.04 0.93 0.92 1.03 1.22 1.45 1.68 1.85 1.90 1.80 1.60
 10   1.38 1.20 1.06 0.97 0.96 1.03 1.18 1.36 1.50 1.54 1.47 1.33 1.14 0.95 0.83 0.80 0.86 0.99 1.19 1.40 1.58 1.72 1.79 1.78
 11   1.65 1.42 1.14 0.98 0.92 0.95 1.04 1.18 1.33 1.43 1.47 1.43 1.31 1.17 1.02 0.91 0.87 0.92 1.06 1.28 1.46 1.58 1.64 1.62
 12   1.48 1.27 1.10 0.96 0.87 0.87 0.92 1.02 1.18 1.32 1.41 1.44 1.40 1.29 1.14 0.95 0.80 0.76 0.83 1.01 1.19 1.36 1.48 1.52
 13   1.48 1.35 1.16 1.01 0.91 0.86 0.86 0.93 1.10 1.25 1.33 1.34 1.29 1.19 1.06 0.92 0.84 0.81 0.85 0.95 1.10 1.24 1.39 1.46
 14   1.45 1.37 1.24 1.08 0.95 0.85 0.80 0.83 0.91 1.02 1.14 1.25 1.27 1.21 1.10 0.99 0.90 0.85 0.86 0.93 1.06 1.21 1.34 1.46
 15   1.51 1.49 1.40 1.26 1.11 0.98 0.90 0.87 0.89 0.96 1.06 1.14 1.19 1.21 1.18 1.11 1.01 0.94 0.91 0.93 0.99 1.09 1.21 1.34
 16   1.41 1.43 1.40 1.32 1.20 1.06 0.94 0.84 0.81 0.84 0.92 1.01 1.10 1.17 1.21 1.19 1.12 1.05 0.99 0.96 0.98 1.03 1.10 1.19
 17   1.27 1.32 1.33 1.28 1.20 1.10 0.99 0.88 0.80 0.78 0.82 0.90 1.00 1.11 1.20 1.25 1.25 1.20 1.12 1.04 0.97 0.93 0.95 1.01
 18   1.09 1.17 1.24 1.27 1.25 1.18 1.08 0.96 0.85 0.77 0.75 0.78 0.86 0.98 1.11 1.22 1.29 1.31 1.26 1.18 1.08 0.99 0.94 0.94
 19   0.98 1.06 1.16 1.25 1.30 1.28 1.19 1.05 0.92 0.80 0.70 0.67 0.73 0.85 0.99 1.16 1.30 1.40 1.41 1.34 1.22 1.08 0.95 0.88
 20   0.87 0.93 1.04 1.15 1.27 1.35 1.34 1.25 1.08 0.90 0.73 0.63 0.62 0.70 0.88 1.10 1.30 1.48 1.55 1.51 1.39 1.22 1.04 0.88
 21   0.81 0.81 0.87 1.00 1.15 1.28 1.34 1.30 1.18 1.01 0.81 0.62 0.53 0.55 0.67 0.88 1.14 1.36 1.55 1.64 1.58 1.38 1.16 0.96
 22   0.78 0.70 0.72 0.84 1.02 1.20 1.34 1.39 1.34 1.19 0.95 0.72 0.55 0.48 0.54 0.73 0.98 1.25 1.48 1.64 1.65 1.54 1.31 1.06
 23   0.80 0.64 0.59 0.64 0.81 1.01 1.21 1.35 1.38 1.29 1.08 0.82 0.60 0.44 0.41 0.52 0.73 1.04 1.33 1.56 1.68 1.64 1.48 1.25
 24   0.97 0.75 0.60 0.57 0.68 0.88 1.08 1.26 1.39 1.39 1.26 1.04 0.79 0.59 0.46 0.45 0.57 0.80 1.07 1.36 1.58 1.66 1.62 1.47
 25   1.24 1.00 0.73 0.57 0.55 0.66 0.87 1.07 1.26 1.37 1.36 1.21 0.99 0.77 0.58 0.46 0.47 0.66 0.89 1.13 1.39 1.54 1.54 1.44
 26   1.26 1.08 0.87 0.68 0.53 0.50 0.64 0.89 1.11 1.28 1.35 1.32 1.18 0.97 0.75 0.59 0.50 0.54 0.68 0.92 1.18 1.42 1.58 1.61
 27   1.52 1.34 1.08 0.80 0.60 0.50 0.53 0.64 0.84 1.04 1.19 1.26 1.23 1.09 0.90 0.72 0.59 0.54 0.59 0.73 0.96 1.19 1.38 1.50
 28   1.52 1.44 1.23 0.99 0.76 0.59 0.50 0.51 0.64 0.82 1.00 1.14 1.21 1.18 1.07 0.91 0.76 0.65 0.62 0.66 0.78 0.96 1.18 1.34
 29   1.42 1.41 1.32 1.14 0.94 0.73 0.58 0.50 0.52 0.63 0.79 0.95 1.07 1.13 1.11 1.02 0.89 0.77 0.68 0.65 0.69 0.79 0.93 1.10
 30   1.23 1.29 1.28 1.19 1.04 0.88 0.72 0.60 0.55 0.58 0.69 0.81 0.93 1.03 1.09 1.09 1.03 0.93 0.82 0.73 0.68 0.70 0.77 0.89
 31   1.02 1.12 1.18 1.18 1.12 0.99 0.85 0.71 0.61 0.56 0.58 0.66 0.79 0.92 1.04 1.12 1.14 1.10 1.00 0.90 0.81 0.75 0.73 0.78
 ----------------------------------------------------------------------------------------------------------------------------
                                                                                               
 ----------------------------------------------------------------------------------------------------------------------------
 ----------------------------------------------------------------------------------------------------------------------------
