                                                          SURVEY OF INDIA
                                                    MARINE GEODESY WING (G&RB)
                                                     HOURLY HEIGHTS IN METRES
  NAME OF PORT:- GARDEN REACH                                                                       MONTH JANUARY   YEAR 2020
 ----------------------------------------------------------------------------------------------------------------------------
 DAYS 0000 0001 0002 0003 0004 0005 0006 0007 0008 0009 0010 0011 0012 0013 0014 0015 0016 0017 0018 0019 0020 0021 0022 0023
 ----------------------------------------------------------------------------------------------------------------------------
  1   1.88 1.71 2.69 3.48 4.00 4.24 4.15 3.75 3.33 2.96 2.62 2.30 2.02 1.80 1.73 2.76 3.40 3.76 3.85 3.56 3.20 2.87 2.56 2.28
  2   2.04 1.84 2.10 2.96 3.61 3.93 4.05 3.96 3.45 3.04 2.72 2.45 2.20 1.97 1.80 2.35 3.04 3.52 3.76 3.71 3.41 3.07 2.77 2.50
  3   2.26 2.04 1.93 2.57 3.14 3.57 3.87 3.92 3.60 3.27 2.96 2.68 2.40 2.14 1.91 1.76 2.38 3.01 3.45 3.69 3.66 3.37 3.05 2.78
  4   2.53 2.32 2.16 2.26 2.75 3.20 3.55 3.77 3.84 3.56 3.26 2.97 2.69 2.41 2.16 1.98 1.97 2.58 3.07 3.45 3.68 3.69 3.42 3.13
  5   2.88 2.65 2.44 2.24 2.13 2.47 2.94 3.35 3.64 3.75 3.53 3.26 2.99 2.72 2.45 2.20 1.98 1.91 2.38 2.90 3.36 3.65 3.76 3.65
  6   3.40 3.12 2.85 2.57 2.32 2.10 2.01 2.52 3.07 3.49 3.69 3.63 3.35 3.04 2.77 2.50 2.24 2.00 1.84 2.04 2.75 3.29 3.68 3.88
  7   3.86 3.53 3.20 2.91 2.62 2.36 2.12 1.95 2.13 3.00 3.45 3.69 3.73 3.43 3.12 2.81 2.53 2.25 1.98 1.80 1.97 2.82 3.58 4.03
  8   4.21 4.05 3.69 3.32 2.98 2.66 2.35 2.06 1.89 2.31 3.11 3.60 3.82 3.80 3.50 3.13 2.80 2.49 2.19 1.91 1.71 1.95 3.27 4.03
  9   4.44 4.51 4.15 3.68 3.28 2.92 2.59 2.25 1.95 1.76 2.64 3.49 3.96 4.16 4.04 3.66 3.26 2.89 2.53 2.16 1.82 1.62 2.20 3.89
 10   4.57 4.77 4.69 4.20 3.68 3.21 2.81 2.43 2.07 1.76 1.58 2.91 3.75 4.15 4.25 4.04 3.60 3.16 2.76 2.38 2.03 1.68 1.48 3.24
 11   4.40 4.93 5.05 4.76 4.12 3.50 3.00 2.58 2.16 1.82 1.51 1.33 3.40 4.21 4.58 4.59 4.40 3.86 3.20 2.63 2.18 1.80 1.50 1.32
 12   3.85 4.74 5.12 5.09 4.52 3.84 3.30 2.80 2.36 1.97 1.65 1.40 1.30 3.83 4.57 4.72 4.44 3.87 3.33 2.86 2.43 2.01 1.64 1.43
 13   2.40 4.38 5.08 5.29 5.04 4.36 3.73 3.19 2.69 2.24 1.85 1.49 1.25 3.27 4.36 4.81 4.84 4.33 3.72 3.18 2.70 2.24 1.84 1.48
 14   1.29 3.64 4.71 5.23 5.29 4.80 4.16 3.53 3.02 2.54 2.11 1.73 1.42 1.25 2.88 4.42 4.84 4.72 4.16 3.56 3.05 2.61 2.18 1.81
 15   1.48 1.31 3.85 4.74 5.09 5.04 4.44 3.86 3.32 2.85 2.40 1.99 1.67 1.46 1.41 3.68 4.39 4.65 4.45 3.89 3.36 2.93 2.51 2.12
 16   1.75 1.53 2.16 3.70 4.42 4.72 4.64 4.12 3.60 3.12 2.66 2.20 1.76 1.49 1.49 2.46 3.66 4.28 4.48 4.26 3.74 3.27 2.86 2.49
 17   2.14 1.82 1.65 2.58 3.58 4.18 4.43 4.29 3.84 3.40 3.00 2.66 2.32 2.02 1.73 1.57 2.52 3.43 4.00 4.24 4.07 3.63 3.21 2.85
 18   2.50 2.18 1.89 1.74 2.54 3.36 3.89 4.12 4.06 3.75 3.36 2.98 2.61 2.27 1.98 1.72 1.60 2.47 3.23 3.74 4.02 4.02 3.66 3.28
 19   2.92 2.60 2.30 2.01 1.84 2.24 3.03 3.56 3.86 3.90 3.66 3.30 2.96 2.63 2.33 2.05 1.79 1.65 2.24 3.03 3.56 3.90 4.00 3.78
 20   3.40 3.04 2.72 2.42 2.15 1.93 1.84 2.53 3.07 3.45 3.61 3.52 3.22 2.90 2.60 2.32 2.04 1.79 1.64 1.92 2.76 3.42 3.88 4.06
 21   3.92 3.54 3.16 2.82 2.50 2.20 1.94 1.80 2.22 2.92 3.46 3.76 3.72 3.42 3.08 2.76 2.46 2.16 1.90 1.69 1.61 2.70 3.54 4.06
 22   4.24 4.10 3.66 3.26 2.92 2.58 2.28 2.00 1.80 2.02 3.00 3.56 3.88 3.94 3.68 3.28 2.90 2.56 2.23 1.94 1.68 1.56 2.86 3.88
 23   4.38 4.50 4.26 3.76 3.32 2.92 2.56 2.20 1.88 1.70 2.12 3.27 3.86 4.12 4.06 3.66 3.26 2.90 2.54 2.21 1.90 1.68 1.62 3.57
 24   4.38 4.73 4.73 4.26 3.72 3.24 2.82 2.42 2.06 1.72 1.54 2.56 3.57 4.10 4.26 4.02 3.56 3.12 2.74 2.38 2.02 1.68 1.50 2.70
 25   4.16 4.74 4.88 4.64 4.10 3.56 3.04 2.60 2.20 1.86 1.56 1.42 3.33 4.10 4.40 4.42 4.04 3.50 3.04 2.62 2.24 1.90 1.58 1.40
 26   3.60 4.56 4.96 5.00 4.54 3.92 3.36 2.90 2.48 2.06 1.70 1.50 2.36 3.76 4.40 4.60 4.36 3.80 3.31 2.90 2.50 2.13 1.76 1.52
 27   2.22 4.02 4.74 5.00 4.80 4.24 3.64 3.08 2.58 2.14 1.80 1.52 1.40 3.06 4.00 4.42 4.46 4.04 3.52 3.06 2.66 2.28 1.92 1.60
 28   1.40 3.04 4.26 4.76 4.86 4.50 3.90 3.36 2.92 2.50 2.12 1.76 1.52 1.92 3.50 4.22 4.50 4.32 3.86 3.36 2.92 2.54 2.20 1.86
 29   1.60 2.02 3.66 4.38 4.66 4.60 4.18 3.64 3.18 2.76 2.40 2.06 1.76 1.60 3.04 3.84 4.28 4.38 4.04 3.54 3.10 2.72 2.34 2.02
 30   1.76 1.66 3.10 3.98 4.44 4.52 4.24 3.76 3.28 2.88 2.52 2.18 1.88 1.71 2.46 3.46 4.02 4.28 4.20 3.84 3.42 3.02 2.64 2.30
 31   1.98 1.78 2.48 3.44 4.02 4.30 4.30 3.98 3.56 3.18 2.82 2.48 2.14 1.81 1.64 2.57 3.38 3.84 4.00 3.90 3.56 3.20 2.84 2.52
 ----------------------------------------------------------------------------------------------------------------------------
                                                                                               
 ----------------------------------------------------------------------------------------------------------------------------
 ----------------------------------------------------------------------------------------------------------------------------
                                                          SURVEY OF INDIA
                                                    MARINE GEODESY WING (G&RB)
                                                     HOURLY HEIGHTS IN METRES
  NAME OF PORT:- GARDEN REACH                                                                       MONTH FEBRUARY  YEAR 2020
 ----------------------------------------------------------------------------------------------------------------------------
 DAYS 0000 0001 0002 0003 0004 0005 0006 0007 0008 0009 0010 0011 0012 0013 0014 0015 0016 0017 0018 0019 0020 0021 0022 0023
 ----------------------------------------------------------------------------------------------------------------------------
  1   2.20 1.96 1.86 2.82 3.50 3.92 4.06 3.98 3.68 3.32 3.00 2.68 2.36 2.06 1.82 2.16 2.98 3.52 3.81 3.86 3.66 3.38 3.06 2.78
  2   2.49 2.22 2.00 2.28 2.98 3.46 3.76 3.82 3.70 3.45 3.16 2.86 2.58 2.28 2.00 1.82 2.28 2.92 3.36 3.62 3.68 3.54 3.28 3.02
  3   2.78 2.58 2.41 2.32 2.42 2.90 3.30 3.54 3.59 3.53 3.36 3.04 2.68 2.37 2.11 1.90 1.82 2.42 2.92 3.30 3.52 3.58 3.50 3.28
  4   3.02 2.78 2.54 2.30 2.14 2.14 2.56 2.96 3.26 3.40 3.38 3.22 2.98 2.74 2.48 2.24 2.00 1.86 2.24 2.72 3.18 3.51 3.63 3.63
  5   3.48 3.26 3.02 2.78 2.53 2.31 2.11 2.06 2.55 3.08 3.40 3.50 3.44 3.24 3.00 2.74 2.48 2.22 1.98 1.86 2.45 3.06 3.54 3.84
  6   3.90 3.80 3.58 3.30 3.00 2.70 2.42 2.16 1.98 2.48 3.06 3.46 3.66 3.64 3.46 3.20 2.92 2.64 2.36 2.06 1.84 2.24 3.18 3.81
  7   4.16 4.22 4.10 3.84 3.52 3.20 2.86 2.54 2.22 1.98 2.50 3.28 3.76 3.94 3.90 3.66 3.36 3.04 2.72 2.40 2.06 1.82 2.30 3.64
  8   4.36 4.56 4.52 4.24 3.84 3.40 2.98 2.60 2.21 1.86 1.64 2.70 3.70 4.20 4.32 4.12 3.76 3.36 2.96 2.56 2.16 1.78 1.52 2.92
  9   4.34 4.86 4.98 4.78 4.24 3.70 3.22 2.78 2.38 2.00 1.60 1.30 3.58 4.34 4.60 4.44 4.00 3.52 3.06 2.62 2.22 1.85 1.48 1.26
 10   3.96 4.84 5.20 5.04 4.50 3.78 3.16 2.60 2.14 1.76 1.42 1.20 2.80 4.26 4.86 4.96 4.50 3.84 3.24 2.75 2.28 1.86 1.48 1.22
 11   3.40 4.62 5.26 5.38 4.92 4.20 3.54 2.92 2.42 1.98 1.60 1.23 1.00 3.80 4.74 5.08 5.00 4.32 3.68 3.10 2.54 2.08 1.68 1.30
 12   1.04 4.02 4.98 5.38 5.28 4.60 3.94 3.34 2.80 2.28 1.84 1.48 1.16 0.92 4.06 4.84 5.10 4.90 4.20 3.60 3.00 2.48 2.00 1.62
 13   1.28 1.06 4.14 4.94 5.26 5.06 4.40 3.72 3.16 2.60 2.16 1.76 1.38 1.14 2.86 4.28 4.84 5.00 4.60 4.00 3.38 2.84 2.34 1.92
 14   1.56 1.32 2.36 4.10 4.76 4.98 4.66 4.06 3.40 2.88 2.42 2.02 1.64 1.34 1.16 3.22 4.24 4.64 4.50 4.10 3.62 3.10 2.64 2.20
 15   1.84 1.52 1.36 2.96 3.92 4.40 4.50 4.06 3.56 3.08 2.66 2.26 1.90 1.58 1.34 1.60 3.14 3.90 4.26 4.28 3.80 3.30 2.88 2.50
 16   2.12 1.80 1.56 1.70 2.90 3.62 4.00 4.06 3.60 3.18 2.80 2.44 2.12 1.82 1.54 1.40 2.20 3.04 3.62 3.96 4.00 3.60 3.18 2.80
 17   2.46 2.16 1.90 1.70 1.92 2.76 3.28 3.62 3.76 3.44 3.08 2.74 2.42 2.14 1.87 1.65 1.58 2.26 2.88 3.36 3.68 3.80 3.54 3.20
 18   2.88 2.56 2.28 2.04 1.86 1.82 2.34 2.84 3.24 3.48 3.44 3.18 2.86 2.56 2.28 2.00 1.76 1.60 1.78 2.50 3.08 3.52 3.78 3.80
 19   3.48 3.16 2.86 2.56 2.28 2.02 1.84 1.80 2.40 2.92 3.28 3.48 3.40 3.16 2.86 2.56 2.26 1.98 1.72 1.58 2.00 2.84 3.48 3.86
 20   3.96 3.74 3.38 3.02 2.70 2.38 2.06 1.78 1.60 2.12 2.89 3.36 3.62 3.68 3.36 3.00 2.66 2.34 2.04 1.74 1.54 1.78 3.10 3.78
 21   4.16 4.26 3.88 3.46 3.08 2.72 2.36 2.00 1.70 1.50 2.24 3.12 3.64 3.91 3.82 3.44 3.00 2.56 2.16 1.82 1.52 1.38 3.01 3.84
 22   4.31 4.51 4.40 3.90 3.38 2.94 2.52 2.12 1.76 1.46 1.30 2.88 3.68 4.12 4.22 3.88 3.40 2.96 2.54 2.16 1.80 1.48 1.28 3.36
 23   4.34 4.74 4.80 4.36 3.80 3.26 2.80 2.34 1.94 1.56 1.32 1.76 3.52 4.22 4.46 4.30 3.76 3.28 2.84 2.42 2.00 1.60 1.30 1.52
 24   4.00 4.70 4.94 4.72 4.16 3.56 3.06 2.58 2.14 1.72 1.40 1.24 3.30 4.20 4.56 4.60 4.08 3.56 3.08 2.64 2.20 1.80 1.46 1.24
 25   3.54 4.50 4.94 5.00 4.40 3.80 3.26 2.78 2.30 1.90 1.56 1.32 1.62 3.80 4.46 4.68 4.36 3.84 3.30 2.86 2.44 2.04 1.66 1.40
 26   2.10 4.00 4.70 4.92 4.68 4.06 3.50 2.98 2.50 2.08 1.70 1.38 1.22 3.50 4.40 4.76 4.72 4.20 3.62 3.12 2.68 2.24 1.88 1.54
 27   1.36 3.44 4.42 4.82 4.82 4.30 3.70 3.16 2.68 2.28 1.92 1.56 1.34 2.62 4.00 4.58 4.66 4.36 3.80 3.27 2.82 2.40 2.00 1.60
 28   1.40 2.56 3.86 4.48 4.70 4.42 3.84 3.34 2.90 2.48 2.08 1.76 1.52 1.46 3.48 4.24 4.54 4.50 3.94 3.44 3.00 2.60 2.20 1.86
 29   1.56 1.46 3.20 4.00 4.38 4.46 3.98 3.50 3.08 2.68 2.30 1.92 1.60 1.42 2.86 3.68 4.20 4.40 4.12 3.62 3.16 2.76 2.40 2.08
 ----------------------------------------------------------------------------------------------------------------------------
                                                                                               
 ----------------------------------------------------------------------------------------------------------------------------
 ----------------------------------------------------------------------------------------------------------------------------
                                                          SURVEY OF INDIA
                                                    MARINE GEODESY WING (G&RB)
                                                     HOURLY HEIGHTS IN METRES
  NAME OF PORT:- GARDEN REACH                                                                       MONTH MARCH     YEAR 2020
 ----------------------------------------------------------------------------------------------------------------------------
 DAYS 0000 0001 0002 0003 0004 0005 0006 0007 0008 0009 0010 0011 0012 0013 0014 0015 0016 0017 0018 0019 0020 0021 0022 0023
 ----------------------------------------------------------------------------------------------------------------------------
  1   1.76 1.58 2.50 3.44 3.98 4.20 4.02 3.62 3.20 2.81 2.45 2.10 1.80 1.56 1.78 3.06 3.73 4.10 4.16 3.72 3.32 2.95 2.60 2.26
  2   1.96 1.76 1.93 2.98 3.46 3.70 3.77 3.64 3.26 2.88 2.54 2.21 1.92 1.68 1.56 2.60 3.26 3.71 3.91 3.88 3.48 3.10 2.78 2.46
  3   2.17 1.92 1.80 2.44 3.05 3.52 3.74 3.72 3.40 3.05 2.72 2.42 2.14 1.90 1.72 1.90 2.76 3.24 3.58 3.76 3.68 3.36 3.02 2.73
  4   2.48 2.24 2.04 1.96 2.29 2.80 3.20 3.46 3.50 3.32 3.05 2.78 2.52 2.26 2.00 1.80 1.96 2.58 3.03 3.37 3.58 3.68 3.49 3.24
  5   2.97 2.70 2.46 2.25 2.07 1.96 2.08 2.64 3.04 3.31 3.42 3.22 2.95 2.68 2.40 2.14 1.90 1.79 2.02 2.58 3.08 3.52 3.84 3.94
  6   3.67 3.34 3.04 2.72 2.42 2.14 1.89 1.74 2.18 2.88 3.40 3.68 3.61 3.34 3.03 2.72 2.42 2.13 1.86 1.64 1.92 2.90 3.60 4.03
  7   4.19 4.00 3.60 3.20 2.84 2.50 2.18 1.88 1.64 1.85 3.00 3.64 3.96 3.97 3.60 3.20 2.82 2.46 2.10 1.78 1.52 1.42 3.42 4.28
  8   4.64 4.66 4.24 3.72 3.26 2.84 2.44 2.04 1.68 1.46 1.76 3.65 4.30 4.50 4.29 3.80 3.30 2.87 2.44 2.04 1.68 1.37 1.20 4.16
  9   5.36 5.78 5.06 4.30 3.66 3.12 2.62 2.16 1.77 1.40 1.19 3.50 4.45 4.93 5.00 4.48 3.83 3.24 2.72 2.23 1.81 1.42 1.20 3.40
 10   4.80 5.33 5.44 4.96 4.22 3.53 2.95 2.41 1.97 1.54 1.14 0.90 4.30 5.16 5.44 5.24 4.56 3.82 3.20 2.62 2.09 1.66 1.30 0.99
 11   4.20 5.20 5.66 5.50 4.80 4.04 3.40 2.82 2.28 1.80 1.36 0.98 0.78 4.40 5.28 5.54 5.20 4.44 3.68 3.06 2.50 1.98 1.54 1.19
 12   1.86 4.58 5.38 5.60 5.20 4.44 3.70 3.10 2.54 2.04 1.58 1.16 0.91 3.64 4.88 5.36 5.46 4.88 4.08 3.40 2.82 2.30 1.80 1.40
 13   1.04 2.82 4.66 5.24 5.34 4.84 4.12 3.44 2.86 2.32 1.88 1.46 1.06 0.80 4.44 5.22 5.42 5.10 4.36 3.64 3.04 2.50 2.00 1.58
 14   1.16 0.92 3.96 4.80 5.08 4.90 4.24 3.56 3.00 2.48 2.00 1.58 1.20 0.98 3.00 4.32 4.93 5.04 4.56 3.86 3.22 2.68 2.18 1.76
 15   1.36 1.10 1.32 3.48 4.22 4.50 4.36 3.80 3.24 2.76 2.30 1.90 1.56 1.26 1.10 2.98 3.86 4.36 4.50 4.12 3.56 3.04 2.60 2.18
 16   1.84 1.52 1.34 2.62 3.44 3.92 4.10 3.88 3.40 2.94 2.52 2.14 1.80 1.50 1.34 2.00 3.00 3.62 4.02 4.12 3.80 3.38 2.94 2.56
 17   2.18 1.85 1.64 1.80 2.60 3.20 3.56 3.70 3.52 3.18 2.82 2.50 2.18 1.90 1.68 1.64 2.24 2.84 3.30 3.64 3.80 3.70 3.38 3.04
 18   2.70 2.38 2.10 1.92 1.90 2.24 2.72 3.10 3.34 3.44 3.26 2.98 2.68 2.40 2.14 1.92 1.78 1.80 2.30 2.82 3.32 3.70 3.84 3.70
 19   3.40 3.04 2.72 2.40 2.10 1.86 1.72 1.90 2.54 3.04 3.42 3.60 3.48 3.18 2.86 2.54 2.22 1.92 1.70 1.70 2.54 3.24 3.82 4.12
 20   4.18 3.88 3.48 3.08 2.68 2.32 1.96 1.72 1.80 2.16 2.70 3.28 3.74 3.64 3.34 2.98 2.62 2.26 1.92 1.60 1.44 2.12 3.38 4.00
 21   4.32 4.32 3.88 3.42 3.00 2.58 2.18 1.80 1.52 1.40 2.72 3.58 4.08 4.20 4.00 3.58 3.14 2.74 2.36 2.00 1.68 1.48 2.96 3.98
 22   4.46 4.64 4.38 3.82 3.30 2.86 2.42 2.00 1.66 1.40 1.28 3.36 4.12 4.44 4.42 3.94 3.42 2.96 2.56 2.16 1.78 1.50 1.84 3.76
 23   4.50 4.84 4.68 4.20 3.60 3.04 2.53 2.12 1.74 1.38 1.16 2.92 4.04 4.52 4.64 4.30 3.74 3.18 2.70 2.24 1.84 1.46 1.24 3.16
 24   4.34 4.92 4.96 4.54 3.92 3.34 2.84 2.36 1.92 1.55 1.30 1.60 4.00 4.68 4.90 4.68 4.04 3.46 2.94 2.44 2.00 1.62 1.30 1.12
 25   4.00 4.76 5.00 4.82 4.22 3.60 3.04 2.52 2.06 1.66 1.30 1.10 3.60 4.56 5.00 4.98 4.42 3.80 3.20 2.70 2.22 1.80 1.42 1.20
 26   3.44 4.52 4.98 5.06 4.50 3.86 3.26 2.74 2.26 1.82 1.40 1.20 2.66 4.28 4.86 5.02 4.66 4.02 3.40 2.86 2.36 1.92 1.50 1.26
 27   2.68 4.10 4.76 5.00 4.70 4.06 3.44 2.88 2.40 2.00 1.60 1.24 1.02 3.84 4.68 5.00 4.90 4.30 3.66 3.10 2.60 2.15 1.76 1.44
 28   1.20 3.40 4.42 4.82 4.88 4.72 4.24 3.64 3.10 2.60 2.18 1.80 1.44 1.20 3.04 4.26 4.80 4.90 4.48 3.86 3.28 2.70 2.15 1.58
 29   1.31 2.54 3.86 4.50 4.69 4.40 3.84 3.28 2.80 2.36 1.95 1.60 1.31 1.18 3.50 4.38 4.72 4.60 4.09 3.53 3.01 2.56 2.14 1.80
 30   1.56 1.52 3.27 4.04 4.42 4.38 3.90 3.44 2.96 2.54 2.13 1.80 1.48 1.30 2.80 3.80 4.32 4.49 4.20 3.70 3.22 2.77 2.38 2.03
 31   1.72 1.57 2.60 3.48 4.02 4.25 4.00 3.56 3.12 2.73 2.34 2.00 1.66 1.48 2.26 3.28 3.90 4.23 4.24 3.86 3.40 3.00 2.64 2.29
 ----------------------------------------------------------------------------------------------------------------------------
                                                                                               
 ----------------------------------------------------------------------------------------------------------------------------
 ----------------------------------------------------------------------------------------------------------------------------
                                                          SURVEY OF INDIA
                                                    MARINE GEODESY WING (G&RB)
                                                     HOURLY HEIGHTS IN METRES
  NAME OF PORT:- GARDEN REACH                                                                       MONTH APRIL     YEAR 2020
 ----------------------------------------------------------------------------------------------------------------------------
 DAYS 0000 0001 0002 0003 0004 0005 0006 0007 0008 0009 0010 0011 0012 0013 0014 0015 0016 0017 0018 0019 0020 0021 0022 0023
 ----------------------------------------------------------------------------------------------------------------------------
  1   1.98 1.78 2.02 2.92 3.52 3.88 3.98 3.68 3.30 2.94 2.60 2.26 1.96 1.74 1.70 2.64 3.32 3.78 4.00 4.00 3.68 3.32 2.94 2.60
  2   2.30 2.07 1.94 2.08 2.72 3.24 3.56 3.70 3.54 3.22 2.90 2.60 2.30 2.02 1.82 2.00 2.66 3.16 3.54 3.80 3.88 3.76 3.48 3.16
  3   2.85 2.54 2.28 2.10 2.04 2.38 2.84 3.20 3.46 3.56 3.40 3.12 2.84 2.56 2.26 2.00 1.78 1.72 2.22 2.86 3.38 3.76 3.92 3.78
  4   3.46 3.12 2.80 2.48 2.16 1.88 1.70 1.90 2.70 3.28 3.68 3.80 3.60 3.24 2.90 2.56 2.24 1.92 1.64 1.52 2.58 3.48 4.08 4.32
  5   4.26 3.82 3.38 3.00 2.62 2.24 1.90 1.56 1.38 2.78 3.67 4.16 4.32 4.08 3.60 3.16 2.74 2.34 1.96 1.60 1.38 2.64 4.04 4.66
  6   4.88 4.60 4.04 3.48 2.98 2.52 2.10 1.72 1.38 1.14 3.50 4.58 4.96 4.88 4.38 3.76 3.20 2.68 2.20 1.80 1.40 1.14 3.74 4.84
  7   5.32 5.34 4.76 4.12 3.46 2.86 2.34 1.90 1.50 1.14 0.92 4.59 5.42 5.62 5.28 4.54 3.80 3.16 2.60 2.10 1.66 1.24 0.98 4.66
  8   5.58 5.80 5.52 4.80 4.00 3.32 2.72 2.20 1.72 1.28 1.01 3.84 5.20 5.82 5.86 5.18 4.36 3.62 3.00 2.40 1.90 1.48 1.08 0.84
  9   4.94 5.58 5.64 5.14 4.30 3.58 2.94 2.42 1.90 1.50 1.08 0.80 4.60 5.60 5.94 5.66 4.88 4.06 3.38 2.78 2.20 1.76 1.34 0.98
 10   4.28 5.34 5.80 5.70 4.96 4.12 3.42 2.82 2.28 1.80 1.32 1.00 3.32 5.00 5.68 5.90 5.62 5.06 4.40 3.78 3.16 2.60 2.12 1.70
 11   1.32 1.06 5.35 5.68 5.28 4.52 3.86 3.26 2.78 2.32 1.94 1.56 1.22 1.00 4.06 5.28 5.72 5.54 4.93 4.24 3.40 2.74 2.18 1.74
 12   1.36 1.12 4.30 4.96 5.10 4.78 4.10 3.46 2.94 2.48 2.08 1.68 1.32 1.06 4.18 5.04 5.32 5.14 4.56 3.98 3.40 2.86 2.42 2.02
 13   1.62 1.38 2.76 4.22 4.68 4.70 4.24 3.72 3.18 2.70 2.26 1.90 1.58 1.36 1.26 3.84 4.66 4.84 4.66 4.02 3.44 2.92 2.48 2.08
 14   1.72 1.50 2.28 3.46 4.04 4.30 4.20 3.72 3.24 2.78 2.35 1.98 1.64 1.46 2.16 3.26 3.94 4.34 4.44 4.10 3.62 3.14 2.70 2.34
 15   1.96 1.72 1.82 2.78 3.40 3.80 3.98 3.80 3.46 3.08 2.70 2.36 2.08 1.90 1.90 2.46 3.04 3.54 3.88 4.02 3.88 3.52 3.12 2.72
 16   2.36 2.04 1.84 1.84 2.38 2.86 3.24 3.50 3.62 3.48 3.18 2.84 2.54 2.26 2.00 1.84 1.98 2.54 3.08 3.52 3.84 3.96 3.76 3.44
 17   3.10 2.78 2.48 2.22 2.04 1.98 2.34 2.86 3.24 3.52 3.68 3.68 3.47 3.18 2.90 2.60 2.32 2.10 2.04 2.66 3.42 3.90 4.18 4.22
 18   3.90 3.50 3.14 2.78 2.42 2.10 1.88 1.98 2.82 3.46 3.88 4.12 4.08 3.76 3.36 3.00 2.64 2.28 1.96 1.79 2.60 3.46 4.04 4.28
 19   4.16 3.78 3.40 3.02 2.68 2.36 2.06 1.76 1.60 2.30 3.24 3.94 4.28 4.28 3.88 3.45 3.04 2.64 2.22 1.82 1.58 2.58 3.84 4.48
 20   4.73 4.46 3.94 3.44 2.99 2.58 2.16 1.78 1.50 1.68 3.38 4.16 4.56 4.62 4.22 3.72 3.22 2.79 2.36 1.98 1.64 1.44 3.44 4.34
 21   4.76 4.70 4.30 3.74 3.22 2.72 2.28 1.88 1.46 1.22 2.40 3.72 4.40 4.62 4.44 3.92 3.40 2.90 2.46 2.04 1.64 1.36 1.80 4.00
 22   4.80 4.96 4.72 4.14 3.52 2.98 2.48 2.02 1.64 1.30 1.12 4.06 4.86 5.16 5.12 4.56 3.90 3.32 2.78 2.28 1.86 1.46 1.22 3.70
 23   4.70 5.08 5.02 4.46 3.84 3.24 2.72 2.24 1.84 1.44 1.20 3.46 4.66 5.30 5.32 4.90 4.22 3.60 3.04 2.54 2.10 1.68 1.42 2.30
 24   4.36 5.04 5.22 4.88 4.28 3.64 3.10 2.60 2.14 1.74 1.40 1.18 4.44 5.22 5.45 5.28 4.62 3.94 3.34 2.80 2.32 1.89 1.54 1.24
 25   4.12 4.84 5.18 5.06 4.58 3.86 3.24 2.70 2.22 1.82 1.44 1.20 3.92 4.96 5.40 5.44 4.90 4.20 3.52 2.98 2.48 2.02 1.60 1.36
 26   2.88 4.26 4.94 5.08 4.70 4.04 3.42 2.90 2.42 2.00 1.60 1.36 2.60 4.32 5.04 5.28 5.06 4.40 3.76 3.18 2.64 2.20 1.84 1.54
 27   1.36 3.68 4.52 4.88 4.82 4.26 3.64 3.10 2.64 2.20 1.80 1.46 1.26 3.62 4.60 4.98 5.06 4.60 4.00 3.42 2.92 2.48 2.08 1.71
 28   1.50 2.64 3.84 4.48 4.72 4.42 3.88 3.36 2.88 2.42 2.00 1.64 1.42 2.40 4.06 4.70 4.94 4.80 4.24 3.66 3.16 2.70 2.30 1.95
 29   1.74 1.72 3.30 4.04 4.40 4.44 4.00 3.50 3.04 2.62 2.20 1.86 1.60 1.50 3.10 4.00 4.50 4.64 4.44 3.94 3.44 3.02 2.62 2.26
 30   1.96 1.78 2.40 3.43 3.94 4.18 4.20 3.82 3.36 2.94 2.56 2.20 1.88 1.66 2.24 3.22 3.88 4.28 4.40 4.20 3.80 3.40 3.02 2.66
 ----------------------------------------------------------------------------------------------------------------------------
                                                                                               
 ----------------------------------------------------------------------------------------------------------------------------
 ----------------------------------------------------------------------------------------------------------------------------
                                                          SURVEY OF INDIA
                                                    MARINE GEODESY WING (G&RB)
                                                     HOURLY HEIGHTS IN METRES
  NAME OF PORT:- GARDEN REACH                                                                       MONTH MAY       YEAR 2020
 ----------------------------------------------------------------------------------------------------------------------------
 DAYS 0000 0001 0002 0003 0004 0005 0006 0007 0008 0009 0010 0011 0012 0013 0014 0015 0016 0017 0018 0019 0020 0021 0022 0023
 ----------------------------------------------------------------------------------------------------------------------------
  1   2.32 2.02 1.92 2.50 3.20 3.66 3.92 3.88 3.62 3.28 2.94 2.62 2.32 2.06 1.92 2.24 3.04 3.62 4.02 4.22 4.10 3.80 3.46 3.10
  2   2.74 2.40 2.12 1.94 1.90 2.60 3.20 3.62 3.86 3.88 3.64 3.32 2.98 2.64 2.30 2.02 1.90 2.20 2.98 3.64 4.12 4.32 4.24 3.88
  3   3.48 3.08 2.70 2.34 2.02 1.82 1.80 2.60 3.32 3.88 4.20 4.18 3.82 3.40 3.01 2.64 2.28 1.94 1.74 2.26 3.40 4.10 4.50 4.54
  4   4.14 3.68 3.26 2.86 2.46 2.10 1.78 1.60 2.40 3.62 4.30 4.62 4.60 4.10 3.62 3.20 2.82 2.44 2.08 1.78 1.64 3.76 4.64 5.00
  5   4.92 4.38 3.80 3.30 2.82 2.36 1.96 1.60 1.38 2.70 4.46 5.16 5.38 5.04 4.42 3.80 3.22 2.70 2.24 1.84 1.52 1.32 4.52 5.32
  6   5.56 5.22 4.54 3.84 3.24 2.70 2.22 1.84 1.48 1.24 3.82 4.88 5.44 5.58 5.06 4.40 3.70 3.06 2.52 2.06 1.66 1.42 3.40 4.90
  7   5.58 5.62 5.12 4.34 3.60 2.96 2.44 2.02 1.62 1.24 1.00 4.92 5.76 6.02 5.72 4.92 4.18 3.44 2.84 2.30 1.82 1.36 1.08 4.20
  8   5.18 5.64 5.60 4.90 4.10 3.40 2.82 2.26 1.82 1.38 1.12 3.42 5.28 5.98 6.08 5.60 4.70 3.92 3.26 2.68 2.16 1.76 1.38 1.06
  9   4.40 5.28 5.62 5.42 4.78 4.00 3.32 2.74 2.20 1.76 1.32 1.06 4.16 5.26 5.80 5.80 5.18 4.34 3.64 3.04 2.48 2.00 1.56 1.25
 10   1.98 4.48 5.18 5.40 5.08 4.36 3.62 3.02 2.50 2.02 1.62 1.24 1.00 4.42 5.28 5.60 5.46 4.70 3.98 3.34 2.78 2.30 1.86 1.46
 11   1.20 3.20 4.30 4.72 4.82 4.42 3.78 3.16 2.64 2.20 1.80 1.38 1.16 2.50 4.28 5.00 5.30 5.10 4.40 3.72 3.12 2.62 2.18 1.78
 12   1.44 1.26 3.68 4.50 4.82 4.64 4.06 3.46 2.92 2.46 2.04 1.66 1.40 1.76 3.50 4.38 4.84 4.90 4.50 3.92 3.34 2.85 2.42 2.06
 13   1.72 1.53 2.50 3.56 4.12 4.36 4.24 3.74 3.28 2.84 2.42 2.08 1.78 1.62 3.00 3.78 4.26 4.52 4.54 4.14 3.68 3.22 2.80 2.42
 14   2.08 1.88 1.88 2.94 3.64 4.02 4.18 3.94 3.52 3.14 2.80 2.48 2.20 1.96 2.10 2.87 3.58 4.04 4.28 4.28 4.00 3.64 3.24 2.90
 15   2.56 2.26 2.07 2.20 2.86 3.42 3.73 3.86 3.72 3.46 3.20 2.92 2.64 2.41 2.26 2.28 2.82 3.36 3.79 4.08 4.20 4.07 3.76 3.41
 16   3.08 2.78 2.50 2.27 2.17 2.66 3.22 3.63 3.88 3.92 3.74 3.50 3.22 2.94 2.66 2.41 2.24 2.24 2.84 3.42 3.88 4.16 4.22 3.96
 17   3.61 3.28 2.93 2.58 2.28 2.08 2.16 2.80 3.40 3.82 4.02 4.03 3.76 3.41 3.05 2.70 2.40 2.12 1.98 2.44 3.40 3.98 4.32 4.34
 18   4.04 3.64 3.26 2.88 2.50 2.15 1.91 1.84 2.84 3.64 4.16 4.38 4.32 3.94 3.51 3.12 2.74 2.36 2.00 1.82 2.62 3.76 4.40 4.64
 19   4.50 4.06 3.60 3.16 2.71 2.30 1.92 1.68 1.98 3.98 4.70 4.96 4.94 4.51 3.96 3.44 2.98 2.54 2.12 1.82 1.70 3.40 4.32 4.72
 20   4.78 4.34 3.78 3.24 2.76 2.28 1.88 1.52 1.34 2.84 4.30 5.14 5.46 5.26 4.60 3.90 3.26 2.66 2.12 1.66 1.42 3.12 4.32 5.12
 21   5.50 5.38 4.80 4.10 3.52 2.96 2.48 2.04 1.64 1.40 4.54 5.44 5.74 5.66 4.96 4.27 3.60 3.04 2.52 2.10 1.72 1.48 4.26 5.16
 22   5.52 5.50 5.20 4.50 3.82 3.22 2.66 2.18 1.72 1.44 3.86 5.16 5.86 5.99 5.48 4.70 4.01 3.38 2.86 2.39 1.96 1.74 2.54 4.68
 23   5.58 5.82 5.54 4.84 4.14 3.54 3.00 2.52 2.10 1.74 1.52 4.60 5.62 6.02 5.94 5.22 4.46 3.78 3.20 2.70 2.26 1.88 1.64 4.06
 24   5.12 5.66 5.74 5.20 4.48 3.86 3.26 2.76 2.30 1.90 1.66 4.26 5.46 6.04 6.20 5.68 4.90 4.20 3.62 3.09 2.62 2.24 1.92 2.02
 25
 26
 27
 28
 29
 30
 31
 ----------------------------------------------------------------------------------------------------------------------------
                                                                                               
 ----------------------------------------------------------------------------------------------------------------------------
 ----------------------------------------------------------------------------------------------------------------------------
                                                          SURVEY OF INDIA
                                                    MARINE GEODESY WING (G&RB)
                                                     HOURLY HEIGHTS IN METRES
  NAME OF PORT:- GARDEN REACH                                                                       MONTH JUNE      YEAR 2020
 ----------------------------------------------------------------------------------------------------------------------------
 DAYS 0000 0001 0002 0003 0004 0005 0006 0007 0008 0009 0010 0011 0012 0013 0014 0015 0016 0017 0018 0019 0020 0021 0022 0023
 ----------------------------------------------------------------------------------------------------------------------------
  1
  2
  3
  4
  5
  6
  7
  8
  9
 10
 11
 12
 13
 14
 15
 16
 17
 18
 19
 20
 21
 22
 23   4.72 5.52 5.74 5.42 4.74 4.10 3.52 3.04 2.62 2.22 1.96 2.40 5.00 5.90 6.24 6.00 5.24 4.50 3.90 3.36 2.90 2.50 2.14 1.94
 24   4.00 5.08 5.66 5.72 5.20 4.50 3.88 3.32 2.86 2.46 2.08 1.88 4.08 5.24 5.88 6.06 5.64 4.90 4.26 3.68 3.19 2.78 2.42 2.08
 25   1.90 4.36 5.28 5.68 5.59 4.99 4.34 3.74 3.24 2.79 2.40 2.06 1.88 4.40 5.34 5.80 5.84 5.30 4.66 4.08 3.56 3.10 2.70 2.32
 26   2.12 2.82 4.44 5.16 5.46 5.28 4.72 4.16 3.64 3.16 2.70 2.28 2.04 2.42 4.50 5.34 5.70 5.56 5.04 4.42 3.88 3.36 2.90 2.52
 27   2.20 2.02 3.22 4.36 4.92 5.16 4.92 4.50 4.00 3.50 3.02 2.62 2.28 2.10 2.65 4.22 4.98 5.34 5.34 4.92 4.40 3.88 3.38 2.94
 28   2.56 2.26 2.04 2.42 4.04 4.76 5.08 4.98 4.50 4.00 3.52 3.10 2.70 2.36 2.14 2.58 4.00 4.76 5.10 5.08 4.68 4.18 3.68 3.24
 29   2.86 2.50 2.16 1.96 2.52 3.82 4.50 4.86 4.90 4.54 4.08 3.64 3.22 2.82 2.48 2.24 2.22 3.68 4.44 4.86 5.00 4.66 4.20 3.76
 30   3.32 2.90 2.54 2.22 2.02 2.52 3.72 4.46 4.86 4.96 4.66 4.24 3.80 3.38 2.96 2.60 2.32 2.24 3.30 4.20 4.72 4.98 4.78 4.36
 ----------------------------------------------------------------------------------------------------------------------------
                                                                                               
 ----------------------------------------------------------------------------------------------------------------------------
 ----------------------------------------------------------------------------------------------------------------------------
                                                          SURVEY OF INDIA
                                                    MARINE GEODESY WING (G&RB)
                                                     HOURLY HEIGHTS IN METRES
  NAME OF PORT:- GARDEN REACH                                                                       MONTH JULY      YEAR 2020
 ----------------------------------------------------------------------------------------------------------------------------
 DAYS 0000 0001 0002 0003 0004 0005 0006 0007 0008 0009 0010 0011 0012 0013 0014 0015 0016 0017 0018 0019 0020 0021 0022 0023
 ----------------------------------------------------------------------------------------------------------------------------
  1   3.90 3.48 3.06 2.68 2.36 2.18 2.20 3.64 4.46 4.96 5.12 4.92 4.46 4.00 3.56 3.12 2.74 2.40 2.22 2.92 4.16 4.80 5.08 5.00
  2   4.58 4.10 3.64 3.18 2.76 2.40 2.12 2.00 3.76 4.70 5.28 5.45 5.16 4.64 4.12 3.60 3.12 2.70 2.34 2.16 2.86 4.28 4.98 5.22
  3   5.02 4.54 4.04 3.56 3.08 2.68 2.30 2.02 1.90 4.10 5.18 5.72 5.80 5.32 4.64 4.06 3.52 3.02 2.62 2.26 2.06 3.62 4.64 5.30
  4   5.50 5.18 4.58 4.00 3.48 3.00 2.60 2.24 1.96 1.82 3.76 5.54 6.00 5.88 5.24 4.52 3.90 3.36 2.90 2.52 2.16 1.96 3.84 4.96
  5   5.48 5.58 5.08 4.42 3.84 3.32 2.88 2.46 2.10 1.94 3.00 5.04 5.88 6.18 5.86 5.10 4.34 3.74 3.24 2.80 2.42 2.10 1.94 4.46
  6   5.40 5.76 5.60 4.96 4.32 3.74 3.24 2.80 2.42 2.08 1.90 4.34 5.40 6.02 6.18 5.54 4.80 4.10 3.52 3.04 2.62 2.24 2.04 3.00
  7   4.76 5.54 5.80 5.46 4.76 4.10 3.56 3.08 2.66 2.28 1.96 1.80 4.74 5.72 6.12 5.96 5.28 4.52 3.92 3.38 2.92 2.52 2.18 1.98
  8   3.78 4.88 5.46 5.62 5.20 4.52 3.94 3.42 2.94 2.52 2.16 1.96 3.62 5.00 5.78 6.00 5.62 4.98 4.30 3.70 3.22 2.80 2.46 2.16
  9   2.00 4.12 4.98 5.40 5.40 4.84 4.26 3.74 3.26 2.84 2.46 2.16 2.00 4.20 5.20 5.58 5.60 5.16 4.54 4.02 3.54 3.10 2.70 2.32
 10   2.12 3.10 4.36 5.04 5.34 5.22 4.66 4.12 3.66 3.20 2.80 2.42 2.20 2.96 4.40 5.14 5.50 5.40 4.88 4.34 3.86 3.40 3.00 2.60
 11   2.32 2.20 3.80 4.62 5.06 5.13 4.82 4.32 3.86 3.40 3.00 2.66 2.38 2.26 3.68 4.46 4.96 5.18 4.92 4.48 4.02 3.56 3.10 2.72
 12   2.42 2.24 2.62 3.84 4.52 4.88 4.88 4.52 4.06 3.62 3.22 2.84 2.52 2.38 2.72 3.85 4.48 4.82 4.88 4.60 4.20 3.76 3.34 2.96
 13   2.64 2.38 2.30 3.20 3.96 4.48 4.72 4.64 4.32 3.92 3.52 3.14 2.84 2.60 2.52 3.06 3.88 4.46 4.76 4.76 4.48 4.10 3.68 3.28
 14   2.92 2.62 2.44 2.60 3.52 4.20 4.60 4.72 4.52 4.20 3.84 3.46 3.12 2.88 2.72 2.72 3.10 3.80 4.36 4.66 4.70 4.44 4.08 3.70
 15   3.32 3.00 2.78 2.68 2.88 3.50 4.16 4.62 4.78 4.70 4.44 4.06 3.72 3.44 3.20 3.02 2.94 3.12 3.80 4.32 4.66 4.80 4.58 4.26
 16   3.90 3.52 3.18 2.86 2.66 2.68 3.40 4.10 4.60 4.88 4.94 4.70 4.36 4.02 3.66 3.34 3.06 2.88 2.84 3.32 4.12 4.64 4.86 4.68
 17   4.34 3.92 3.52 3.14 2.86 2.64 2.56 3.12 4.06 4.74 5.12 5.22 4.96 4.58 4.14 3.72 3.32 2.98 2.70 2.58 3.18 4.18 4.74 5.00
 18   4.82 4.48 4.06 3.64 3.26 2.92 2.62 2.48 2.90 4.24 5.02 5.42 5.48 5.12 4.64 4.14 3.70 3.28 2.92 2.60 2.44 3.54 4.56 5.07
 19   5.24 5.00 4.56 4.10 3.62 3.18 2.80 2.46 2.32 3.18 4.64 5.42 5.74 5.70 5.20 4.62 4.10 3.60 3.14 2.76 2.46 2.34 4.10 4.98
 20   5.38 5.32 4.90 4.40 3.90 3.42 3.00 2.64 2.32 2.16 4.12 5.26 5.90 6.00 5.70 5.08 4.48 3.94 3.48 3.04 2.68 2.36 2.20 4.58
 21   5.42 5.74 5.54 5.00 4.40 3.86 3.36 2.92 2.54 2.22 2.08 4.68 5.70 6.18 6.10 5.48 4.80 4.20 3.64 3.18 2.78 2.44 2.26 2.80
 22   4.84 5.50 5.72 5.42 4.80 4.20 3.64 3.14 2.74 2.38 2.08 1.94 5.08 5.92 6.18 5.90 5.20 4.50 3.92 3.40 2.96 2.58 2.24 2.08
 23   4.20 5.40 6.00 6.00 5.38 4.66 4.06 3.52 3.06 2.66 2.32 2.14 3.98 5.58 6.18 6.28 5.76 5.02 4.34 3.78 3.30 2.88 2.52 2.24
 24   2.08 4.54 5.54 6.00 5.82 5.18 4.52 3.92 3.38 2.92 2.52 2.20 2.04 4.80 5.78 6.22 6.18 5.58 4.84 4.22 3.64 3.18 2.78 2.46
 25   2.28 2.66 4.72 5.56 5.92 5.68 5.06 4.40 3.82 3.30 2.90 2.56 2.28 2.12 4.84 5.70 6.06 5.92 5.30 4.66 4.08 3.54 3.10 2.74
 26   2.42 2.28 3.00 4.98 5.70 5.90 5.58 4.96 4.34 3.78 3.30 2.90 2.56 2.40 2.96 4.72 5.48 5.80 5.64 5.08 4.48 3.92 3.44 3.02
 27   2.70 2.42 2.28 3.54 4.80 5.44 5.66 5.38 4.84 4.28 3.74 3.28 2.90 2.56 2.42 3.38 4.58 5.24 5.54 5.30 4.78 4.24 3.70 3.28
 28   2.92 2.64 2.42 2.30 3.90 4.76 5.28 5.42 5.08 4.60 4.10 3.64 3.24 2.88 2.66 2.84 3.48 4.50 5.08 5.34 5.12 4.70 4.18 3.72
 29   3.32 2.98 2.72 2.57 2.58 3.90 4.74 5.22 5.34 5.02 4.60 4.16 3.74 3.36 3.04 2.80 2.70 3.18 4.20 4.82 5.12 4.98 4.58 4.16
 30   3.76 3.40 3.08 2.82 2.62 2.56 3.54 4.44 5.02 5.32 5.20 4.80 4.36 3.92 3.52 3.18 2.88 2.70 2.68 3.70 4.48 4.94 5.08 4.78
 31   4.36 3.94 3.52 3.16 2.86 2.62 2.52 3.10 4.30 5.02 5.40 5.48 5.10 4.62 4.12 3.70 3.32 2.98 2.70 2.58 3.38 4.46 5.06 5.28
 ----------------------------------------------------------------------------------------------------------------------------
                                                                                               
 ----------------------------------------------------------------------------------------------------------------------------
 ----------------------------------------------------------------------------------------------------------------------------
                                                          SURVEY OF INDIA
                                                    MARINE GEODESY WING (G&RB)
                                                     HOURLY HEIGHTS IN METRES
  NAME OF PORT:- GARDEN REACH                                                                       MONTH AUGUST    YEAR 2020
 ----------------------------------------------------------------------------------------------------------------------------
 DAYS 0000 0001 0002 0003 0004 0005 0006 0007 0008 0009 0010 0011 0012 0013 0014 0015 0016 0017 0018 0019 0020 0021 0022 0023
 ----------------------------------------------------------------------------------------------------------------------------
  1   5.02 4.62 4.18 3.74 3.34 2.98 2.68 2.50 2.76 4.40 5.24 5.68 5.68 5.26 4.72 4.20 3.70 3.26 2.86 2.52 2.40 3.52 4.68 5.30
  2   5.50 5.28 4.80 4.28 3.78 3.36 2.98 2.66 2.40 2.30 4.60 5.58 5.99 5.88 5.32 4.72 4.16 3.66 3.22 2.84 2.52 2.38 3.86 4.96
  3   5.52 5.68 5.30 4.74 4.20 3.68 3.24 2.86 2.52 2.36 3.20 5.08 5.84 6.10 5.80 5.18 4.54 3.96 3.48 3.08 2.74 2.44 2.30 4.52
  4   5.44 5.82 5.68 5.10 4.50 3.94 3.44 2.96 2.58 2.30 2.18 4.52 5.68 6.18 6.18 5.58 4.82 4.22 3.70 3.26 2.86 2.52 2.36 3.20
  5   5.24 5.94 6.11 5.62 4.94 4.34 3.78 3.28 2.84 2.50 2.38 3.38 5.38 6.18 6.40 6.08 5.40 4.68 4.10 3.62 3.20 2.86 2.58 2.44
  6   5.16 5.96 6.22 6.02 5.34 4.68 4.10 3.60 3.18 2.84 2.54 2.38 4.96 6.02 6.50 6.38 5.72 5.00 4.36 3.84 3.40 3.00 2.68 2.52
  7   4.00 5.38 6.04 6.18 5.78 5.08 4.48 3.92 3.48 3.08 2.74 2.58 3.65 5.42 6.18 6.42 6.02 5.34 4.70 4.16 3.66 3.26 2.92 2.66
  8   2.56 4.88 5.78 6.16 6.08 5.40 4.78 4.24 3.74 3.32 2.98 2.68 2.54 4.68 5.66 6.12 6.12 5.58 4.98 4.44 3.92 3.48 3.10 2.78
  9   2.62 3.70 5.10 5.80 6.00 5.60 5.04 4.48 3.92 3.46 3.08 2.76 2.66 3.76 5.00 5.72 6.00 5.76 5.20 4.64 4.13 3.70 3.32 3.00
 10   2.82 3.00 4.58 5.38 5.78 5.72 5.24 4.72 4.22 3.76 3.38 3.04 2.84 3.10 4.52 5.32 5.70 5.64 5.24 4.74 4.22 3.78 3.38 3.06
 11   2.82 2.74 3.90 4.86 5.38 5.58 5.30 4.84 4.38 3.92 3.56 3.26 3.02 2.96 3.58 4.52 5.08 5.32 5.20 4.84 4.40 3.98 3.58 3.26
 12   3.00 2.88 3.18 4.18 4.82 5.14 5.12 4.82 4.44 4.06 3.70 3.40 3.16 3.00 3.06 3.54 4.18 4.60 4.84 4.78 4.46 4.10 3.74 3.42
 13   3.16 2.94 2.86 3.18 3.96 4.48 4.78 4.82 4.60 4.30 3.98 3.70 3.42 3.26 3.19 3.22 3.54 4.00 4.38 4.58 4.54 4.36 4.08 3.78
 14   3.52 3.28 3.10 3.00 3.12 3.64 4.14 4.54 4.78 4.74 4.50 4.22 3.94 3.66 3.40 3.22 3.12 3.14 3.54 4.08 4.46 4.62 4.50 4.26
 15   3.98 3.70 3.43 3.18 3.00 2.94 3.16 3.86 4.42 4.80 4.94 4.80 4.52 4.16 3.82 3.52 3.26 3.06 2.98 3.38 4.17 4.64 4.90 4.92
 16   4.68 4.34 3.98 3.62 3.30 3.02 2.82 2.78 3.78 4.58 5.16 5.40 5.30 4.94 4.52 4.12 3.74 3.36 3.04 2.84 2.82 4.12 4.88 5.28
 17   5.32 4.98 4.54 4.10 3.68 3.30 2.98 2.70 2.58 4.18 5.10 5.66 5.78 5.42 4.88 4.38 3.90 3.50 3.12 2.78 2.44 2.24 4.48 5.28
 18   5.64 5.56 5.08 4.56 4.06 3.60 3.20 2.86 2.56 2.38 4.60 5.68 6.20 6.14 5.52 4.88 4.34 3.84 3.42 3.02 2.68 2.50 3.50 5.18
 19   5.82 6.00 5.60 4.98 4.44 3.94 3.50 3.10 2.76 2.46 2.26 5.30 6.22 6.54 6.18 5.38 4.66 4.10 3.64 3.24 2.88 2.56 2.38 4.64
 20   5.86 6.48 6.38 5.70 4.94 4.34 3.80 3.36 2.98 2.64 2.48 4.84 6.22 6.86 6.78 6.04 5.20 4.54 4.00 3.56 3.18 2.86 2.56 2.40
 21   5.58 6.54 6.86 6.48 5.64 4.86 4.28 3.78 3.38 3.00 2.70 2.54 4.88 6.64 7.01 6.70 5.82 4.98 4.38 3.90 3.48 3.10 2.76 2.56
 22   4.80 6.06 6.76 6.84 6.18 5.30 4.60 4.04 3.58 3.16 2.78 2.60 3.60 5.88 6.66 6.80 6.24 5.38 4.68 4.10 3.64 3.24 2.90 2.58
 23   2.40 4.78 6.08 6.74 6.50 5.74 5.02 4.38 3.88 3.44 3.06 2.70 2.48 4.50 5.88 6.46 6.42 5.78 5.08 4.46 3.96 3.50 3.10 2.76
 24   2.54 2.98 4.94 5.92 6.30 6.10 5.42 4.74 4.20 3.70 3.28 2.92 2.62 2.48 4.48 5.55 5.96 6.04 5.48 4.86 4.32 3.80 3.38 3.02
 25   2.70 2.54 3.20 4.86 5.62 5.92 5.70 5.12 4.56 4.00 3.52 3.14 2.82 2.60 2.60 4.20 5.08 5.54 5.50 5.06 4.58 4.08 3.62 3.22
 26   2.92 2.64 2.50 3.60 4.58 5.16 5.46 5.24 4.76 4.30 3.84 3.46 3.12 2.86 2.70 2.92 4.00 4.72 5.18 5.28 4.98 4.54 4.12 3.76
 27   3.44 3.16 2.96 2.94 3.76 4.60 5.16 5.40 5.32 4.98 4.60 4.20 3.84 3.54 3.30 3.14 3.18 3.80 4.46 4.86 5.02 4.78 4.42 4.10
 28   3.80 3.54 3.30 3.12 3.06 3.26 4.02 4.58 4.98 5.12 4.92 4.58 4.26 3.96 3.68 3.44 3.22 3.14 3.28 3.88 4.46 4.78 4.82 4.60
 29   4.30 4.00 3.70 3.44 3.20 3.02 2.94 3.28 4.18 4.80 5.20 5.24 4.94 4.54 4.16 3.78 3.46 3.18 2.94 2.82 3.40 4.26 4.86 5.12
 30   4.92 4.60 4.24 3.88 3.54 3.22 2.94 2.74 2.76 4.06 4.92 5.40 5.48 5.16 4.72 4.28 3.86 3.46 3.10 2.78 2.60 3.16 4.48 5.10
 31   5.38 5.14 4.74 4.28 3.84 3.44 3.10 2.80 2.62 2.64 4.48 5.32 5.74 5.66 5.16 4.64 4.16 3.68 3.28 2.92 2.60 2.44 3.24 4.46
 ----------------------------------------------------------------------------------------------------------------------------
                                                                                               
 ----------------------------------------------------------------------------------------------------------------------------
 ----------------------------------------------------------------------------------------------------------------------------
                                                          SURVEY OF INDIA
                                                    MARINE GEODESY WING (G&RB)
                                                     HOURLY HEIGHTS IN METRES
  NAME OF PORT:- GARDEN REACH                                                                       MONTH SEPT      YEAR 2020
 ----------------------------------------------------------------------------------------------------------------------------
 DAYS 0000 0001 0002 0003 0004 0005 0006 0007 0008 0009 0010 0011 0012 0013 0014 0015 0016 0017 0018 0019 0020 0021 0022 0023
 ----------------------------------------------------------------------------------------------------------------------------
  1   5.56 5.60 5.12 4.64 4.16 3.70 3.30 2.96 2.62 2.46 3.94 5.26 5.88 6.00 5.58 4.96 4.44 3.94 3.50 3.14 2.82 2.54 2.38 4.86
  2   5.70 5.90 5.50 4.90 4.34 3.88 3.46 3.10 2.78 2.50 2.36 4.70 5.74 6.14 6.00 5.44 4.78 4.22 3.76 3.36 2.96 2.64 2.48 4.10
  3   5.30 5.86 5.90 5.34 4.74 4.22 3.76 3.34 2.98 2.66 2.50 3.80 5.30 6.04 6.14 5.64 4.98 4.42 3.92 3.48 3.12 2.78 2.50 2.34
  4   5.02 5.76 6.04 5.68 5.04 4.40 3.92 3.48 3.10 2.76 2.46 2.30 4.94 5.78 6.10 5.89 5.16 4.54 4.04 3.60 3.20 2.84 2.52 2.36
  5   4.44 5.48 5.94 5.90 5.28 4.62 4.12 3.66 3.26 2.88 2.55 2.38 4.18 5.38 5.94 5.98 5.42 4.76 4.22 3.74 3.32 2.96 2.60 2.42
  6   3.68 5.04 5.70 5.90 5.50 4.84 4.30 3.86 3.42 3.04 2.72 2.48 2.43 4.76 5.50 5.82 5.58 4.98 4.40 3.94 3.50 3.12 2.78 2.46
  7   2.30 4.50 5.32 5.70 5.58 5.04 4.48 4.00 3.56 3.16 2.82 2.50 2.32 3.98 4.86 5.38 5.52 5.06 4.50 4.04 3.62 3.22 2.88 2.55
  8   2.35 3.58 4.70 5.30 5.50 5.18 4.64 4.16 3.74 3.34 2.98 2.65 2.46 3.18 4.30 4.92 5.20 5.06 4.58 4.12 3.72 3.34 2.98 2.68
  9   2.48 2.70 3.88 4.58 5.00 5.10 4.72 4.26 3.86 3.46 3.10 2.82 2.58 2.50 3.58 4.32 4.80 4.92 4.60 4.22 3.84 3.46 3.12 2.84
 10   2.62 2.55 3.47 4.27 4.74 4.96 4.80 4.43 4.04 3.68 3.37 3.08 2.87 2.75 3.09 3.87 4.43 4.68 4.56 4.28 3.96 3.64 3.32 3.03
 11   2.80 2.67 2.87 3.69 4.22 4.56 4.71 4.51 4.19 3.88 3.56 3.29 3.05 2.92 2.95 3.23 3.63 3.99 4.16 4.16 3.98 3.73 3.47 3.20
 12   2.97 2.80 2.71 2.90 3.52 3.96 4.28 4.44 4.31 4.08 3.83 3.57 3.35 3.16 3.01 2.92 2.91 3.10 3.50 3.87 4.10 4.13 3.97 3.71
 13   3.43 3.18 2.97 2.80 2.71 2.82 3.29 3.85 4.36 4.56 4.58 4.38 4.10 3.80 3.48 3.21 2.97 2.78 2.71 3.07 3.79 4.36 4.58 4.59
 14   4.28 3.91 3.60 3.28 3.00 2.77 2.63 2.79 3.84 4.47 4.91 5.11 4.83 4.45 4.08 3.70 3.34 3.02 2.73 2.55 2.87 4.11 4.76 5.07
 15   5.00 4.61 4.20 3.80 3.42 3.07 2.75 2.53 2.52 4.10 4.99 5.49 5.56 5.15 4.62 4.16 3.75 3.36 3.00 2.66 2.46 3.00 4.63 5.36
 16   5.58 5.34 4.82 4.32 3.87 3.43 3.05 2.73 2.45 2.31 4.81 5.70 6.07 5.88 5.20 4.58 4.11 3.68 3.28 2.92 2.58 2.38 4.28 5.50
 17   6.07 6.12 5.52 4.79 4.23 3.75 3.35 2.98 2.63 2.43 3.99 5.68 6.35 6.43 5.95 5.12 4.47 3.92 3.48 3.09 2.74 2.42 2.23 5.19
 18   6.18 6.59 6.32 5.48 4.68 4.07 3.56 3.12 2.76 2.40 2.20 5.15 6.28 6.75 6.50 5.70 4.79 4.10 3.54 3.10 2.70 2.34 2.11 4.10
 19   5.79 6.64 6.80 6.04 5.12 4.31 3.67 3.16 2.74 2.36 2.04 1.88 5.63 6.52 6.81 6.32 5.36 4.42 3.80 3.26 2.79 2.43 2.10 1.90
 20   5.16 6.16 6.72 6.72 5.80 4.86 4.10 3.44 2.96 2.58 2.26 2.08 3.90 5.80 6.48 6.46 5.80 4.94 4.20 3.60 3.06 2.60 2.22 2.00
 21   2.04 4.46 6.32 6.63 6.26 5.33 4.52 3.88 3.36 2.94 2.58 2.22 2.00 5.02 5.96 6.35 6.10 5.30 4.50 3.88 3.36 2.92 2.52 2.26
 22   2.63 4.40 5.70 6.30 6.40 5.76 4.94 4.24 3.70 3.22 2.81 2.42 2.24 3.40 5.10 5.88 6.05 5.70 4.96 4.30 3.76 3.30 2.90 2.56
 23   2.32 2.30 4.52 5.40 5.90 5.88 5.30 4.70 4.10 3.62 3.20 2.86 2.56 2.44 3.86 4.78 5.32 5.40 5.08 4.54 4.04 3.60 3.20 2.86
 24   2.56 2.40 3.10 4.24 4.96 5.34 5.30 4.90 4.40 3.96 3.56 3.20 2.90 2.68 2.64 3.52 4.26 4.72 4.88 4.64 4.28 3.86 3.48 3.16
 25   2.90 2.70 2.64 3.10 3.82 4.40 4.70 4.80 4.60 4.26 3.90 3.58 3.28 3.04 2.88 2.80 3.08 3.60 4.00 4.24 4.34 4.14 3.85 3.57
 26   3.30 3.08 2.90 2.78 2.72 2.89 3.54 4.06 4.42 4.60 4.48 4.18 3.84 3.52 3.24 3.00 2.84 2.76 2.80 3.34 3.90 4.26 4.40 4.26
 27   4.00 3.70 3.40 3.10 2.84 2.60 2.50 2.96 3.90 4.50 4.86 4.92 4.60 4.16 3.74 3.34 3.00 2.70 2.48 2.42 3.30 4.10 4.64 4.90
 28   4.72 4.38 3.98 3.56 3.20 2.90 2.62 2.46 2.84 4.16 4.90 5.28 5.22 4.78 4.30 3.80 3.38 3.00 2.68 2.44 2.36 3.80 4.70 5.18
 29   5.30 4.94 4.46 3.98 3.52 3.12 2.78 2.48 2.32 3.60 4.80 5.50 5.70 5.36 4.76 4.22 3.74 3.30 2.92 2.60 2.40 2.60 4.46 5.26
 30   5.60 5.50 4.96 4.39 3.89 3.44 3.05 2.70 2.42 2.27 4.30 5.24 5.76 5.72 5.16 4.56 4.04 3.56 3.16 2.80 2.46 2.30 3.70 4.98
 ----------------------------------------------------------------------------------------------------------------------------
                                                                                               
 ----------------------------------------------------------------------------------------------------------------------------
 ----------------------------------------------------------------------------------------------------------------------------
                                                          SURVEY OF INDIA
                                                    MARINE GEODESY WING (G&RB)
                                                     HOURLY HEIGHTS IN METRES
  NAME OF PORT:- GARDEN REACH                                                                       MONTH OCTOBER   YEAR 2020
 ----------------------------------------------------------------------------------------------------------------------------
 DAYS 0000 0001 0002 0003 0004 0005 0006 0007 0008 0009 0010 0011 0012 0013 0014 0015 0016 0017 0018 0019 0020 0021 0022 0023
 ----------------------------------------------------------------------------------------------------------------------------
  1   5.56 5.72 5.34 4.76 4.20 3.68 3.26 2.86 2.52 2.36 3.16 5.00 5.76 6.00 5.60 4.90 4.30 3.80 3.34 2.96 2.60 2.40 2.72 4.90
  2   5.76 6.04 5.76 5.05 4.42 3.90 3.44 3.06 2.72 2.44 2.28 4.80 5.82 6.18 5.96 5.24 4.52 4.00 3.52 3.12 2.78 2.46 2.28 4.60
  3   5.70 6.16 6.08 5.40 4.70 4.14 3.62 3.22 2.88 2.54 2.36 4.16 5.42 6.02 6.15 5.60 4.88 4.26 3.76 3.32 2.92 2.58 2.40 3.84
  4   5.36 6.00 6.20 5.72 5.00 4.38 3.88 3.40 3.04 2.72 2.44 2.32 4.80 5.66 6.00 5.80 5.12 4.50 3.98 3.50 3.12 2.78 2.50 2.34
  5   4.80 5.68 6.12 5.99 5.30 4.64 4.12 3.64 3.24 2.90 2.58 2.40 4.16 5.22 5.80 5.90 5.48 4.90 4.30 3.80 3.36 3.00 2.66 2.48
  6   3.64 5.04 5.70 5.86 5.62 5.00 4.42 3.92 3.48 3.12 2.81 2.58 2.54 4.50 5.34 5.70 5.58 5.00 4.46 3.96 3.50 3.10 2.80 2.56
  7   2.46 4.52 5.40 5.76 5.61 5.16 4.60 4.12 3.68 3.30 2.96 2.68 2.56 3.70 4.64 5.20 5.40 5.06 4.56 4.08 3.62 3.24 2.90 2.62
  8   2.48 3.54 4.54 5.13 5.40 5.20 4.78 4.28 3.84 3.44 3.08 2.80 2.64 2.94 4.04 4.72 5.06 5.00 4.60 4.14 3.72 3.36 3.04 2.76
  9   2.56 2.94 4.02 4.68 5.04 5.08 4.72 4.30 3.92 3.56 3.24 2.94 2.72 2.68 3.42 4.16 4.60 4.80 4.58 4.20 3.82 3.46 3.14 2.88
 10   2.70 2.66 3.38 4.06 4.56 4.80 4.72 4.40 4.02 3.70 3.40 3.14 2.92 2.80 2.92 3.44 3.92 4.24 4.36 4.22 3.96 3.68 3.40 3.14
 11   2.94 2.80 2.80 3.20 3.70 4.12 4.38 4.46 4.28 4.00 3.72 3.44 3.20 3.00 2.84 2.78 2.92 3.26 3.68 3.98 4.14 4.04 3.84 3.60
 12   3.36 3.12 2.92 2.76 2.70 2.92 3.60 4.10 4.48 4.66 4.50 4.20 3.90 3.60 3.30 3.02 2.78 2.64 2.76 3.48 4.10 4.54 4.76 4.54
 13   4.20 3.86 3.50 3.20 2.94 2.72 2.64 3.40 4.22 4.76 5.06 5.06 4.72 4.32 3.92 3.54 3.20 2.90 2.64 2.54 3.60 4.52 5.12 5.30
 14   5.00 4.56 4.14 3.72 3.36 3.00 2.68 2.52 3.48 4.70 5.38 5.68 5.52 4.94 4.44 4.00 3.60 3.22 2.90 2.58 2.40 4.08 5.22 5.78
 15   5.80 5.28 4.66 4.14 3.70 3.28 2.90 2.56 2.38 4.00 5.28 5.94 6.09 5.62 4.90 4.32 3.84 3.42 3.04 2.72 2.40 2.22 5.20 6.12
 16   6.40 6.12 5.32 4.56 4.00 3.50 3.10 2.72 2.38 2.20 4.86 5.96 6.40 6.30 5.54 4.76 4.12 3.58 3.14 2.76 2.40 2.20 4.00 5.90
 17   6.56 6.68 6.08 5.20 4.36 3.72 3.22 2.80 2.42 2.10 1.92 5.30 6.24 6.52 6.10 5.28 4.48 3.82 3.28 2.84 2.44 2.10 1.92 5.02
 18   6.24 6.84 6.70 5.90 4.92 4.16 3.56 3.04 2.58 2.18 1.98 3.70 5.60 6.30 6.48 5.94 5.04 4.28 3.64 3.12 2.68 2.30 1.96 1.78
 19   5.36 6.36 6.70 6.42 5.52 4.64 3.94 3.36 2.88 2.42 2.18 2.86 4.42 5.58 6.18 6.20 5.48 4.70 4.00 3.40 2.92 2.48 2.10 1.92
 20   3.10 5.26 6.08 6.34 5.94 5.10 4.32 3.72 3.21 2.76 2.36 2.02 1.86 4.16 5.28 5.76 5.66 5.00 4.30 3.72 3.24 2.82 2.42 2.08
 21   1.90 4.00 5.26 5.92 5.98 5.40 4.68 4.04 3.52 3.08 2.66 2.30 2.12 3.20 4.58 5.26 5.46 5.20 4.52 3.94 3.48 3.06 2.70 2.36
 22   2.18 3.20 4.54 5.28 5.60 5.48 4.86 4.26 3.76 3.32 2.94 2.64 2.43 2.40 3.76 4.54 5.00 5.06 4.72 4.22 3.76 3.36 2.98 2.66
 23   2.45 2.44 3.52 4.32 4.88 5.12 4.96 4.48 4.03 3.64 3.28 2.96 2.72 2.58 2.62 3.48 4.08 4.48 4.62 4.36 3.98 3.62 3.26 2.96
 24   2.72 2.60 2.80 3.50 4.04 4.44 4.66 4.66 4.38 4.04 3.72 3.40 3.10 2.86 2.70 2.78 3.26 3.66 3.96 4.16 4.20 4.02 3.76 3.46
 25   3.18 2.94 2.76 2.68 2.84 3.36 3.86 4.26 4.48 4.50 4.24 3.92 3.58 3.26 2.98 2.72 2.56 2.56 3.02 3.52 3.94 4.20 4.30 4.14
 26   3.86 3.53 3.22 2.92 2.66 2.52 2.60 3.40 4.00 4.44 4.66 4.50 4.15 3.78 3.42 3.08 2.78 2.50 2.32 2.48 3.34 3.98 4.42 4.60
 27   4.40 4.04 3.68 3.32 3.00 2.70 2.43 2.34 3.28 4.04 4.58 4.80 4.62 4.26 3.84 3.44 3.06 2.71 2.40 2.22 2.42 3.60 4.34 4.80
 28   4.94 4.58 4.10 3.68 3.28 2.92 2.60 2.34 2.25 3.42 4.30 4.82 5.00 4.62 4.14 3.72 3.30 2.88 2.52 2.18 2.04 3.02 4.20 4.93
 29   5.16 4.96 4.44 3.92 3.48 3.08 2.70 2.38 2.18 2.50 3.90 4.72 5.10 5.02 4.50 4.00 3.54 3.14 2.78 2.44 2.14 2.00 3.96 5.04
 30   5.40 5.40 4.86 4.28 3.76 3.32 2.92 2.54 2.22 2.06 3.32 4.52 5.08 5.20 4.80 4.26 3.76 3.32 2.92 2.56 2.22 2.04 3.58 4.84
 31   5.56 5.66 5.26 4.58 3.96 3.48 3.04 2.65 2.29 2.06 2.45 4.40 5.18 5.48 5.16 4.52 3.94 3.46 3.02 2.62 2.24 2.04 3.12 4.78
 ----------------------------------------------------------------------------------------------------------------------------
                                                                                               
 ----------------------------------------------------------------------------------------------------------------------------
 ----------------------------------------------------------------------------------------------------------------------------
                                                          SURVEY OF INDIA
                                                    MARINE GEODESY WING (G&RB)
                                                     HOURLY HEIGHTS IN METRES
  NAME OF PORT:- GARDEN REACH                                                                       MONTH NOVEMBER  YEAR 2020
 ----------------------------------------------------------------------------------------------------------------------------
 DAYS 0000 0001 0002 0003 0004 0005 0006 0007 0008 0009 0010 0011 0012 0013 0014 0015 0016 0017 0018 0019 0020 0021 0022 0023
 ----------------------------------------------------------------------------------------------------------------------------
  1   5.76 5.96 5.60 4.84 4.18 3.62 3.14 2.74 2.36 2.06 1.90 4.26 5.34 5.80 5.46 4.80 4.16 3.66 3.20 2.80 2.42 2.08 1.90 4.50
  2   5.50 5.96 5.84 5.20 4.48 3.88 3.40 2.96 2.58 2.24 2.05 3.56 4.78 5.34 5.46 5.10 4.42 3.86 3.39 2.96 2.56 2.22 2.04 3.32
  3   4.86 5.62 5.86 5.52 4.80 4.16 3.66 3.22 2.82 2.48 2.18 2.02 3.90 4.78 5.26 5.24 4.70 4.14 3.64 3.22 2.84 2.48 2.16 2.00
  4   4.00 4.96 5.46 5.52 5.06 4.42 3.85 3.38 2.98 2.62 2.28 2.12 2.96 4.12 4.80 5.10 4.84 4.30 3.78 3.34 2.94 2.58 2.26 2.10
  5   3.36 4.42 5.10 5.46 5.20 4.60 4.06 3.62 3.20 2.84 2.52 2.30 2.24 3.64 4.44 4.90 4.94 4.46 3.98 3.54 3.14 2.76 2.42 2.22
  6   2.70 3.73 4.50 5.03 5.21 4.89 4.45 4.00 3.54 3.09 2.68 2.37 2.25 2.92 3.81 4.40 4.69 4.56 4.12 3.66 3.26 2.90 2.58 2.28
  7   2.12 2.96 3.80 4.40 4.73 4.76 4.36 3.90 3.50 3.16 2.85 2.58 2.37 2.32 3.13 3.76 4.17 4.37 4.13 3.76 3.40 3.07 2.76 2.48
  8   2.26 2.21 3.04 3.68 4.13 4.41 4.45 4.15 3.76 3.40 3.07 2.77 2.51 2.34 2.34 3.01 3.54 3.92 4.12 4.00 3.72 3.39 3.09 2.81
  9   2.55 2.36 2.32 2.97 3.56 3.96 4.23 4.30 4.03 3.72 3.40 3.10 2.83 2.58 2.38 2.30 2.65 3.23 3.68 3.93 4.03 3.85 3.59 3.32
 10   3.05 2.79 2.54 2.37 2.39 3.00 3.56 3.97 4.22 4.21 3.94 3.61 3.30 2.99 2.70 2.45 2.25 2.18 2.73 3.40 3.92 4.25 4.36 4.08
 11   3.72 3.37 3.05 2.76 2.48 2.29 2.43 3.33 3.96 4.40 4.53 4.32 3.92 3.55 3.21 2.90 2.58 2.29 2.10 2.30 3.52 4.32 4.76 4.85
 12   4.39 3.95 3.57 3.21 2.86 2.53 2.24 2.09 3.44 4.28 4.77 4.93 4.60 4.09 3.64 3.26 2.89 2.56 2.27 2.04 2.00 4.06 4.95 5.36
 13   5.24 4.69 4.12 3.61 3.20 2.80 2.43 2.10 1.92 3.63 4.72 5.24 5.24 4.76 4.18 3.66 3.25 2.84 2.46 2.10 1.90 2.40 4.81 5.64
 14
 15
 16
 17
 18
 19   1.68 4.20 5.08 5.52 5.47 4.90 4.24 3.66 3.20 2.77 2.39 2.04 1.88 2.80 4.12 4.79 4.97 4.72 4.12 3.60 3.16 2.76 2.40 2.06
 20   1.90 2.70 3.93 4.65 5.05 5.02 4.50 3.94 3.48 3.06 2.70 2.36 2.06 1.92 2.90 3.76 4.21 4.40 4.22 3.88 3.46 3.06 2.68 2.32
 21   2.05 1.97 3.00 3.80 4.36 4.65 4.58 4.10 3.68 3.32 2.96 2.63 2.34 2.10 2.00 2.80 3.41 3.84 4.05 3.84 3.50 3.16 2.84 2.54
 22   2.28 2.10 2.20 2.94 3.50 3.93 4.18 4.16 3.88 3.50 3.12 2.80 2.48 2.22 2.00 1.92 2.60 3.16 3.58 3.83 3.76 3.48 3.16 2.84
 23   2.56 2.35 2.23 2.32 2.76 3.26 3.70 4.00 4.05 3.80 3.48 3.16 2.84 2.54 2.28 2.08 2.04 2.50 3.04 3.46 3.70 3.78 3.58 3.32
 24   3.06 2.80 2.56 2.36 2.22 2.34 2.84 3.35 3.76 4.00 3.94 3.66 3.32 3.00 2.68 2.40 2.16 2.00 2.16 2.84 3.38 3.80 4.00 3.96
 25   3.70 3.38 3.04 2.74 2.46 2.26 2.36 2.66 3.24 3.72 4.04 4.06 3.74 3.38 3.05 2.74 2.46 2.20 2.02 2.18 2.96 3.58 4.06 4.28
 26   4.16 3.76 3.40 3.08 2.78 2.48 2.22 2.10 2.70 3.44 4.00 4.30 4.22 3.84 3.44 3.10 2.76 2.44 2.14 1.96 2.20 3.26 4.04 4.46
 27   4.56 4.24 3.80 3.40 3.06 2.74 2.44 2.18 2.04 2.90 3.72 4.22 4.41 4.18 3.76 3.36 3.00 2.66 2.32 2.02 1.86 2.66 3.86 4.52
 28   4.78 4.66 4.12 3.64 3.24 2.88 2.54 2.24 2.01 1.96 3.24 3.98 4.42 4.50 4.10 3.64 3.22 2.84 2.50 2.20 1.96 1.90 3.56 4.52
 29   5.04 5.04 4.52 4.00 3.52 3.10 2.72 2.40 2.12 1.90 1.80 3.80 4.44 4.62 4.32 3.88 3.46 3.08 2.72 2.38 2.02 1.84 2.70 4.30
 30   5.06 5.26 5.00 4.36 3.82 3.36 2.96 2.60 2.28 2.00 1.88 3.42 4.26 4.64 4.68 4.20 3.70 3.30 2.92 2.56 2.22 1.94 1.78 3.90
 ----------------------------------------------------------------------------------------------------------------------------
                                                                                               
 ----------------------------------------------------------------------------------------------------------------------------
 ----------------------------------------------------------------------------------------------------------------------------
                                                          SURVEY OF INDIA
                                                    MARINE GEODESY WING (G&RB)
                                                     HOURLY HEIGHTS IN METRES
  NAME OF PORT:- GARDEN REACH                                                                       MONTH DECEMBER  YEAR 2020
 ----------------------------------------------------------------------------------------------------------------------------
 DAYS 0000 0001 0002 0003 0004 0005 0006 0007 0008 0009 0010 0011 0012 0013 0014 0015 0016 0017 0018 0019 0020 0021 0022 0023
 ----------------------------------------------------------------------------------------------------------------------------
  1   4.80 5.26 5.24 4.68 4.06 3.58 3.16 2.78 2.40 2.06 1.90 2.72 3.92 4.56 4.80 4.56 4.00 3.52 3.12 2.74 2.38 2.04 1.86 3.20
  2   4.60 5.16 5.36 5.02 4.42 3.86 3.38 2.98 2.60 2.28 2.00 1.88 3.62 4.36 4.72 4.70 4.18 3.68 3.28 2.90 2.54 2.24 1.96 1.80
  3   4.04 4.88 5.26 5.20 4.64 4.08 3.58 3.14 2.76 2.40 2.08 1.92 2.64 3.88 4.54 4.76 4.50 4.04 3.58 3.16 2.78 2.42 2.08 1.90
  4   3.00 4.20 4.86 5.06 4.86 4.30 3.78 3.36 3.00 2.66 2.36 2.08 1.96 3.20 4.16 4.60 4.68 4.22 3.74 3.32 2.94 2.60 2.30 2.06
  5   2.00 3.62 4.46 4.88 4.94 4.48 4.00 3.56 3.18 2.82 2.50 2.20 2.04 2.56 3.60 4.20 4.48 4.38 3.92 3.52 3.14 2.80 2.45 2.13
  6   1.96 2.76 3.72 4.34 4.70 4.68 4.18 3.74 3.38 3.04 2.74 2.44 2.16 2.04 2.84 3.56 4.02 4.28 4.16 3.74 3.36 3.04 2.72 2.42
  7   2.16 2.04 3.02 3.70 4.20 4.48 4.42 3.98 3.60 3.28 2.96 2.66 2.38 2.14 2.04 2.80 3.40 3.84 4.10 4.02 3.66 3.30 2.98 2.68
  8   2.42 2.20 2.14 2.94 3.52 3.98 4.24 4.28 3.92 3.56 3.24 2.94 2.64 2.36 2.12 2.00 2.56 3.20 3.68 4.00 4.08 3.76 3.42 3.12
  9   2.82 2.54 2.30 2.16 2.48 3.16 3.68 4.06 4.24 4.06 3.72 3.38 3.06 2.76 2.48 2.22 2.02 2.14 2.92 3.54 4.00 4.24 4.14 3.76
 10   3.40 3.10 2.80 2.54 2.30 2.18 2.86 3.54 4.06 4.36 4.32 3.94 3.56 3.22 2.88 2.56 2.26 2.04 1.98 2.92 3.74 4.30 4.58 4.50
 11   4.08 3.68 3.30 2.96 2.64 2.34 2.16 2.56 3.50 4.10 4.46 4.48 4.04 3.64 3.26 2.92 2.58 2.26 1.98 1.84 2.98 4.10 4.78 5.00
 12   4.78 4.24 3.74 3.32 2.94 2.58 2.26 2.04 2.36 3.66 4.38 4.74 4.70 4.22 3.76 3.36 3.00 2.64 2.30 1.98 1.80 3.68 4.64 5.08
 13   5.04 4.62 4.16 3.70 3.28 2.88 2.48 2.12 1.90 2.50 4.00 4.70 5.02 4.82 4.28 3.76 3.30 2.90 2.52 2.18 1.88 1.70 4.26 5.32
 14   5.70 5.70 5.20 4.66 4.10 3.56 3.06 2.58 2.12 1.88 2.80 4.30 4.98 5.18 4.84 4.22 3.64 3.14 2.68 2.28 1.92 1.72 2.08 4.60
 15   5.46 5.80 5.58 4.82 4.10 3.50 3.00 2.54 2.15 1.80 1.64 3.12 4.40 5.00 5.12 4.76 4.12 3.54 3.08 2.64 2.24 1.86 1.66 3.80
 16
 17
 18
 19
 20
 21
 22
 23
 24
 25
 26
 27
 28
 29
 30
 31
 ----------------------------------------------------------------------------------------------------------------------------
                                                                                               
 ----------------------------------------------------------------------------------------------------------------------------
 ----------------------------------------------------------------------------------------------------------------------------
