                                                          SURVEY OF INDIA
                                                    MARINE GEODESY WING (G&RB)
                                                     HOURLY HEIGHTS IN METRES
  NAME OF PORT:- GARDEN REACH                                                                       MONTH JANUARY   YEAR 2018
 ----------------------------------------------------------------------------------------------------------------------------
 DAYS 0000 0001 0002 0003 0004 0005 0006 0007 0008 0009 0010 0011 0012 0013 0014 0015 0016 0017 0018 0019 0020 0021 0022 0023
 ----------------------------------------------------------------------------------------------------------------------------
  1   5.27 5.17 4.59 4.01 3.53 3.08 2.68 2.32 2.01 1.78 3.08 4.10 4.66 4.88 4.51 3.99 3.51 3.08 2.71 2.37 2.05 1.78 2.36 4.48
  2   5.30 5.63 5.36 4.68 4.01 3.44 2.97 2.53 2.17 1.84 1.59 3.32 4.41 4.99 4.85 4.47 3.96 3.43 2.97 2.57 2.20 1.89 1.61 3.63
  3   4.89 5.49 5.71 5.25 4.53 3.85 3.28 2.81 2.39 2.03 1.72 1.47 3.68 4.67 5.12 5.11 4.51 3.88 3.33 2.85 2.44 2.08 1.75 1.51
  4   3.96 5.06 5.59 5.60 5.01 4.31 3.67 3.13 2.67 2.27 1.92 1.65 1.41 3.72 4.69 5.07 4.99 4.33 3.72 3.21 2.76 2.35 1.97 1.68
  5   1.43 3.95 4.95 5.39 5.31 4.69 4.04 3.48 3.01 2.57 2.21 1.89 1.62 2.15 3.88 4.64 4.95 4.65 4.03 3.48 3.00 2.60 2.23 1.92
  6   1.66 2.80 4.08 4.87 5.23 5.01 4.40 3.80 3.30 2.88 2.52 2.19 1.89 1.67 2.98 3.96 4.51 4.75 4.40 3.86 3.36 2.94 2.57 2.23
  7   1.95 1.76 3.08 4.05 4.61 4.88 4.60 4.05 3.55 3.12 2.76 2.44 2.14 1.89 1.74 3.07 3.85 4.29 4.43 4.03 3.57 3.15 2.78 2.48
  8   2.24 2.04 1.92 3.06 3.86 4.35 4.53 4.24 3.80 3.37 2.98 2.64 2.34 2.05 1.83 2.22 3.06 3.68 4.05 4.15 3.76 3.32 2.96 2.64
  9   2.37 2.14 1.95 2.31 3.10 3.69 4.04 4.13 3.79 3.43 3.07 2.75 2.46 2.20 1.97 1.80 2.32 2.98 3.48 3.83 3.95 3.71 3.38 3.05
 10   2.75 2.48 2.22 2.03 2.29 2.94 3.45 3.79 3.89 3.64 3.33 3.01 2.71 2.43 2.16 1.95 1.83 2.38 2.96 3.44 3.78 3.91 3.71 3.39
 11   3.09 2.80 2.54 2.30 2.13 2.11 2.65 3.16 3.53 3.75 3.65 3.36 3.05 2.75 2.47 2.21 1.99 1.87 2.21 2.83 3.37 3.75 3.95 3.85
 12   3.57 3.27 2.98 2.69 2.41 2.18 2.02 2.36 2.94 3.40 3.70 3.76 3.45 3.15 2.86 2.57 2.31 2.08 1.92 1.88 2.62 3.28 3.76 4.04
 13   4.03 3.67 3.33 3.02 2.72 2.43 2.14 1.93 2.14 2.84 3.35 3.67 3.77 3.49 3.18 2.87 2.59 2.30 2.03 1.80 1.73 2.70 3.46 3.97
 14   4.23 4.16 3.71 3.33 3.00 2.67 2.37 2.10 1.87 2.08 2.92 3.48 3.81 3.85 3.51 3.18 2.85 2.54 2.23 1.94 1.77 1.75 2.97 3.77
 15   4.22 4.38 4.09 3.67 3.27 2.90 2.56 2.25 1.97 1.77 2.41 3.24 3.81 4.07 3.97 3.55 3.17 2.83 2.49 2.17 1.89 1.68 2.37 3.66
 16   4.36 4.69 4.57 4.05 3.57 3.15 2.77 2.41 2.09 1.87 1.83 2.90 3.65 4.09 4.25 3.87 3.46 3.08 2.73 2.37 2.07 1.80 1.61 3.35
 17   4.27 4.75 4.89 4.46 3.91 3.43 3.02 2.65 2.29 1.98 1.74 2.40 3.45 4.11 4.43 4.31 3.84 3.37 2.98 2.62 2.27 1.96 1.70 2.27
 18   3.86 4.64 4.99 4.84 4.24 3.72 3.27 2.85 2.47 2.13 1.85 1.65 3.02 3.90 4.37 4.54 4.12 3.64 3.21 2.82 2.47 2.14 1.85 1.63
 19   3.50 4.43 4.92 5.02 4.51 3.96 3.46 3.02 2.63 2.27 1.95 1.73 2.27 3.55 4.29 4.63 4.45 3.92 3.45 3.04 2.67 2.31 1.99 1.74
 20   2.41 3.90 4.66 5.00 4.83 4.25 3.71 3.24 2.83 2.45 2.12 1.87 1.67 3.10 4.00 4.50 4.66 4.19 3.69 3.25 2.87 2.50 2.14 1.86
 21   1.65 3.23 4.19 4.73 4.89 4.47 3.93 3.45 3.02 2.64 2.30 2.01 1.75 2.20 3.50 4.19 4.53 4.39 3.86 3.41 3.01 2.65 2.30 1.99
 22   1.73 2.14 3.60 4.35 4.74 4.66 4.10 3.64 3.23 2.87 2.50 2.16 1.88 1.67 2.75 3.67 4.18 4.41 4.10 3.65 3.22 2.85 2.49 2.17
 23   1.89 1.73 2.91 3.75 4.27 4.50 4.25 3.81 3.38 2.97 2.61 2.29 2.03 1.84 1.82 3.00 3.77 4.19 4.30 3.88 3.43 3.06 2.71 2.38
 24   2.09 1.92 1.90 3.00 3.77 4.22 4.37 4.03 3.59 3.20 2.84 2.51 2.21 1.95 1.75 2.51 3.30 3.86 4.16 4.10 3.67 3.27 2.93 2.61
 25   2.33 2.09 1.91 2.45 3.22 3.74 4.07 4.12 3.73 3.35 3.00 2.67 2.37 2.10 1.87 1.72 2.53 3.21 3.69 3.97 3.97 3.60 3.25 2.92
 26   2.62 2.37 2.13 1.97 2.33 2.96 3.51 3.86 3.95 3.65 3.31 2.99 2.68 2.40 2.13 1.90 1.77 2.49 3.12 3.58 3.90 4.00 3.70 3.40
 27   3.09 2.80 2.52 2.27 2.07 1.98 2.57 3.16 3.59 3.85 3.77 3.45 3.13 2.82 2.51 2.22 1.96 1.76 2.00 2.70 3.37 3.83 4.10 4.05
 28   3.69 3.35 3.04 2.73 2.45 2.19 1.97 2.20 2.90 3.50 3.87 4.00 3.73 3.37 3.03 2.70 2.41 2.11 1.86 1.69 2.49 3.40 4.04 4.39
 29   4.41 4.01 3.61 3.23 2.88 2.54 2.23 1.97 1.78 2.69 3.52 4.03 4.27 4.03 3.62 3.22 2.85 2.50 2.17 1.89 1.65 2.39 3.70 4.50
 30   4.84 4.76 4.22 3.73 3.29 2.87 2.51 2.17 1.87 1.66 2.79 3.75 4.34 4.54 4.21 3.71 3.26 2.87 2.50 2.15 1.83 1.57 3.01 4.34
 31   5.02 5.25 4.99 4.37 3.75 3.25 2.79 2.38 2.03 1.72 1.48 3.40 4.36 4.83 4.91 4.38 3.82 3.31 2.87 2.46 2.05 1.73 1.46 3.71
 ----------------------------------------------------------------------------------------------------------------------------
                                                                                               
 ----------------------------------------------------------------------------------------------------------------------------
 ----------------------------------------------------------------------------------------------------------------------------
                                                          SURVEY OF INDIA
                                                    MARINE GEODESY WING (G&RB)
                                                     HOURLY HEIGHTS IN METRES
  NAME OF PORT:- GARDEN REACH                                                                       MONTH FEBRUARY  YEAR 2018
 ----------------------------------------------------------------------------------------------------------------------------
 DAYS 0000 0001 0002 0003 0004 0005 0006 0007 0008 0009 0010 0011 0012 0013 0014 0015 0016 0017 0018 0019 0020 0021 0022 0023
 ----------------------------------------------------------------------------------------------------------------------------
  1   4.81 5.32 5.49 5.03 4.31 3.65 3.11 2.61 2.19 1.83 1.53 1.27 3.72 4.66 5.11 5.05 4.42 3.77 3.20 2.70 2.24 1.86 1.53 1.26
  2   4.00 5.14 5.60 5.57 4.93 4.20 3.53 2.97 2.47 2.02 1.66 1.35 1.14 3.85 4.90 5.28 4.96 4.25 3.60 3.03 2.53 2.09 1.70 1.39
  3   2.57 4.30 5.20 5.59 5.29 4.59 3.87 3.29 2.75 2.29 1.87 1.53 1.26 3.29 4.49 5.09 5.24 4.69 4.01 3.38 2.86 2.37 1.94 1.61
  4   1.33 3.32 4.56 5.17 5.40 4.93 4.24 3.60 3.06 2.59 2.18 1.82 1.52 1.30 3.53 4.56 5.02 4.95 4.30 3.70 3.17 2.70 2.27 1.89
  5   1.57 1.38 3.53 4.50 4.96 5.00 4.45 3.85 3.32 2.85 2.41 2.03 1.73 1.47 2.49 3.70 4.45 4.77 4.53 3.93 3.38 2.93 2.51 2.12
  6   1.81 1.59 2.61 3.67 4.35 4.69 4.56 4.02 3.49 3.03 2.62 2.23 1.89 1.66 1.49 2.88 3.77 4.29 4.46 4.10 3.58 3.11 2.69 2.35
  7   2.04 1.81 1.70 2.95 3.73 4.18 4.37 4.15 3.70 3.25 2.83 2.45 2.11 1.85 1.63 2.29 3.15 3.76 4.14 4.22 3.83 3.41 2.99 2.63
  8   2.33 2.08 1.89 2.35 3.10 3.63 3.97 4.04 3.71 3.35 2.98 2.65 2.33 2.05 1.82 1.81 2.63 3.25 3.69 3.95 3.97 3.61 3.27 2.94
  9   2.63 2.37 2.15 2.03 2.50 3.08 3.50 3.78 3.88 3.61 3.29 2.98 2.68 2.40 2.14 1.94 2.06 2.63 3.13 3.52 3.80 3.91 3.66 3.37
 10   3.09 2.83 2.56 2.32 2.15 2.20 2.71 3.15 3.46 3.64 3.54 3.30 3.03 2.75 2.47 2.20 1.97 1.85 2.07 2.60 3.16 3.58 3.85 3.88
 11   3.60 3.30 3.00 2.70 2.40 2.13 1.96 2.08 2.69 3.17 3.49 3.63 3.50 3.22 2.93 2.62 2.33 2.06 1.85 1.73 2.35 3.10 3.65 3.98
 12   4.12 3.83 3.45 3.10 2.78 2.46 2.15 1.89 1.76 2.53 3.16 3.55 3.77 3.67 3.34 3.00 2.68 2.37 2.05 1.78 1.60 2.17 3.21 3.83
 13   4.19 4.22 3.82 3.38 3.01 2.65 2.31 1.98 1.72 1.59 2.60 3.32 3.76 3.93 3.74 3.36 2.96 2.60 2.26 1.94 1.66 1.46 2.69 3.72
 14   4.28 4.54 4.36 3.86 3.37 2.95 2.56 2.17 1.84 1.57 1.88 3.00 3.65 4.01 4.06 3.65 3.23 2.85 2.47 2.11 1.78 1.50 1.38 3.39
 15   4.28 4.71 4.72 4.20 3.65 3.15 2.73 2.31 1.93 1.63 1.37 2.49 3.46 4.07 4.33 4.12 3.62 3.14 2.71 2.32 1.98 1.66 1.38 2.65
 16   4.00 4.71 4.97 4.65 4.03 3.46 2.98 2.53 2.12 1.78 1.49 1.32 3.35 4.25 4.58 4.52 3.96 3.43 2.95 2.53 2.13 1.77 1.47 1.28
 17   3.59 4.55 4.98 4.93 4.33 3.74 3.20 2.73 2.29 1.92 1.61 1.36 3.02 4.02 4.57 4.77 4.34 3.75 3.21 2.77 2.33 1.95 1.63 1.37
 18   3.37 4.31 4.90 5.16 4.77 4.10 3.49 2.97 2.52 2.09 1.75 1.45 1.25 3.64 4.55 4.90 4.76 4.12 3.52 3.01 2.57 2.14 1.77 1.49
 19   1.27 3.65 4.60 5.01 4.95 4.33 3.73 3.18 2.73 2.31 1.94 1.64 1.36 3.04 4.20 4.77 4.97 4.51 3.89 3.32 2.84 2.41 2.01 1.69
 20   1.44 2.81 4.07 4.73 5.01 4.68 4.05 3.46 2.97 2.54 2.14 1.81 1.52 1.33 3.40 4.36 4.77 4.73 4.14 3.58 3.09 2.67 2.26 1.92
 21   1.64 1.45 3.35 4.23 4.70 4.77 4.25 3.69 3.18 2.77 2.37 2.00 1.69 1.45 2.90 3.86 4.41 4.68 4.41 3.85 3.33 2.91 2.53 2.17
 22   1.87 1.65 2.17 3.44 4.11 4.47 4.42 3.89 3.41 2.98 2.58 2.22 1.89 1.62 1.46 3.00 3.79 4.23 4.39 4.04 3.53 3.09 2.71 2.37
 23   2.05 1.83 1.67 2.75 3.48 3.95 4.19 4.02 3.58 3.15 2.76 2.41 2.08 1.81 1.61 2.23 3.12 3.72 4.09 4.20 3.85 3.43 3.04 2.70
 24   2.39 2.12 1.90 1.87 2.74 3.32 3.73 3.93 3.80 3.44 3.07 2.73 2.41 2.11 1.85 1.66 2.13 2.83 3.40 3.81 3.98 3.82 3.48 3.12
 25   2.80 2.49 2.20 1.97 1.84 2.24 2.84 3.32 3.64 3.77 3.54 3.20 2.88 2.57 2.27 1.98 1.75 1.64 2.35 3.01 3.51 3.85 3.99 3.78
 26   3.44 3.10 2.79 2.48 2.19 1.93 1.76 2.14 2.86 3.38 3.69 3.77 3.47 3.12 2.78 2.47 2.17 1.88 1.65 1.67 2.77 3.53 4.07 4.36
 27   4.27 3.86 3.41 3.03 2.67 2.34 2.02 1.77 1.62 2.83 3.57 3.98 4.16 3.92 3.50 3.08 2.70 2.34 1.98 1.70 2.77 3.53 4.07 4.50
 28   4.77 4.66 4.12 3.58 3.10 2.70 2.30 1.95 1.64 1.41 2.93 3.92 4.47 4.61 4.18 3.63 3.15 2.73 2.31 1.95 1.62 1.37 3.20 4.35
 ----------------------------------------------------------------------------------------------------------------------------
                                                                                              
 ----------------------------------------------------------------------------------------------------------------------------
 ----------------------------------------------------------------------------------------------------------------------------
                                                          SURVEY OF INDIA
                                                    MARINE GEODESY WING (G&RB)
                                                     HOURLY HEIGHTS IN METRES
  NAME OF PORT:- GARDEN REACH                                                                       MONTH MARCH     YEAR 2018
 ----------------------------------------------------------------------------------------------------------------------------
 DAYS 0000 0001 0002 0003 0004 0005 0006 0007 0008 0009 0010 0011 0012 0013 0014 0015 0016 0017 0018 0019 0020 0021 0022 0023
 ----------------------------------------------------------------------------------------------------------------------------
  1   4.95 5.17 4.84 4.17 3.57 3.05 2.58 2.17 1.80 1.51 1.27 3.55 4.51 4.93 4.89 4.29 3.66 3.14 2.65 2.21 1.84 1.53 1.26 3.82
  2   4.87 5.35 5.43 4.87 4.13 3.47 2.92 2.44 2.01 1.65 1.35 1.82 4.08 4.96 5.32 5.02 4.32 3.65 3.07 2.57 2.11 1.73 1.41 1.16
  3   4.20 5.23 5.65 5.44 4.73 3.96 3.35 2.79 2.30 1.89 1.54 1.23 3.65 4.79 5.31 5.40 4.87 4.10 3.45 2.89 2.38 1.96 1.58 1.29
  4   3.64 4.72 5.31 5.57 5.08 4.31 3.61 3.02 2.50 2.07 1.70 1.37 1.10 4.02 5.01 5.41 5.20 4.50 3.78 3.18 2.65 2.19 1.79 1.49
  5   1.21 3.84 4.87 5.35 5.31 4.67 3.94 3.34 2.81 2.34 1.94 1.60 1.30 3.09 4.26 4.95 5.20 4.78 4.08 3.41 2.88 2.41 2.01 1.65
  6   1.37 2.87 4.10 4.75 5.06 4.72 4.07 3.46 2.96 2.50 2.10 1.75 1.47 1.27 3.46 4.41 4.80 4.81 4.24 3.62 3.08 2.65 2.26 1.92
  7   1.61 1.44 3.27 4.12 4.54 4.63 4.17 3.59 3.09 2.66 2.26 1.91 1.61 1.37 2.48 3.59 4.19 4.47 4.32 3.75 3.20 2.77 2.41 2.05
  8   1.76 1.54 2.51 3.43 3.99 4.28 4.14 3.64 3.17 2.77 2.40 2.06 1.77 1.51 1.85 2.99 3.66 4.07 4.21 3.88 3.41 2.99 2.61 2.27
  9   1.96 1.73 1.92 2.75 3.41 3.81 3.93 3.64 3.22 2.85 2.50 2.17 1.89 1.67 1.57 2.39 3.09 3.53 3.81 3.86 3.55 3.15 2.76 2.42
 10   2.11 1.86 1.73 2.44 3.01 3.39 3.58 3.53 3.25 2.93 2.63 2.35 2.09 1.85 1.68 1.95 2.50 2.97 3.32 3.55 3.61 3.39 3.09 2.78
 11   2.49 2.23 2.04 1.98 2.35 2.75 3.06 3.27 3.33 3.21 2.98 2.74 2.51 2.30 2.09 1.94 2.01 2.30 2.69 3.07 3.39 3.61 3.65 3.41
 12   3.12 2.86 2.60 2.37 2.17 2.05 2.19 2.56 2.99 3.31 3.44 3.42 3.22 2.97 2.72 2.46 2.21 2.00 1.89 2.29 2.87 3.37 3.76 3.92
 13   3.78 3.40 3.03 2.71 2.42 2.15 1.94 1.89 2.38 2.92 3.32 3.56 3.65 3.41 3.08 2.75 2.45 2.17 1.88 1.64 1.88 2.79 3.47 3.94
 14   4.17 3.99 3.55 3.15 2.80 2.46 2.12 1.82 1.61 2.10 2.98 3.55 3.89 3.98 3.61 3.19 2.82 2.48 2.16 1.85 1.59 2.04 3.25 4.00
 15   4.45 4.47 4.05 3.55 3.11 2.71 2.33 1.98 1.69 1.49 2.83 3.65 4.14 4.37 4.13 3.61 3.14 2.74 2.37 1.99 1.68 1.43 3.05 4.07
 16   4.65 4.84 4.51 3.90 3.35 2.88 2.45 2.05 1.70 1.42 1.87 3.55 4.29 4.61 4.50 3.95 3.40 2.93 2.51 2.13 1.77 1.48 1.29 3.68
 17   4.64 5.06 5.03 4.46 3.81 3.25 2.75 2.31 1.93 1.58 1.29 3.23 4.27 4.81 4.98 4.53 3.88 3.29 2.80 2.35 1.96 1.63 1.34 3.21
 18   4.33 4.94 5.20 4.81 4.15 3.52 2.97 2.49 2.07 1.71 1.40 1.14 3.78 4.73 5.08 4.90 4.23 3.58 3.02 2.54 2.10 1.73 1.42 1.17
 19   3.84 4.85 5.38 5.74 4.60 3.82 3.21 2.69 2.22 1.85 1.51 1.22 3.08 4.33 4.97 5.24 4.75 4.07 3.40 2.85 2.37 1.93 1.57 1.29
 20   1.21 4.15 4.99 5.29 4.93 4.23 3.54 2.97 2.46 2.03 1.67 1.37 1.10 3.92 4.83 5.22 5.10 4.47 3.77 3.17 2.64 2.19 1.81 1.49
 21   1.23 3.32 4.48 5.04 5.17 4.63 3.93 3.30 2.77 2.30 1.89 1.54 1.25 3.15 4.41 4.99 5.20 4.75 4.08 3.47 2.90 2.42 2.02 1.69
 22   1.45 1.83 3.80 4.63 4.97 4.75 4.11 3.50 2.95 2.49 2.11 1.76 1.47 1.22 3.44 4.37 4.85 4.93 4.42 3.77 3.21 2.75 2.34 2.00
 23   1.69 1.50 2.69 3.67 4.31 4.65 4.25 3.67 3.15 2.72 2.35 2.02 1.71 1.45 2.39 3.48 4.18 4.56 4.47 3.96 3.43 2.97 2.59 2.23
 24   1.89 1.66 1.91 3.15 3.77 4.15 4.25 3.84 3.34 2.92 2.54 2.22 1.91 1.62 1.43 2.54 3.36 3.92 4.23 4.21 3.76 3.31 2.90 2.53
 25   2.21 1.94 1.74 1.95 2.86 3.40 3.75 3.89 3.63 3.23 2.86 2.53 2.22 1.93 1.68 1.57 2.40 3.12 3.58 3.93 4.05 3.77 3.36 2.99
 26   2.67 2.37 2.10 1.88 1.82 2.38 2.96 3.38 3.66 3.75 3.44 3.09 2.77 2.47 2.18 1.93 1.73 1.92 2.63 3.23 3.70 4.01 4.09 3.80
 27   3.44 3.10 2.81 2.53 2.24 1.99 1.83 2.35 3.02 3.51 3.82 3.89 3.57 3.20 2.87 2.53 2.22 1.91 1.67 1.91 2.96 3.61 4.07 4.28
 28   4.11 3.70 3.32 2.95 2.62 2.28 1.97 1.72 1.96 3.02 3.68 4.09 4.27 4.00 3.52 3.07 2.69 2.34 2.00 1.71 1.52 3.09 3.96 4.49
 29   4.69 4.47 3.96 3.45 2.99 2.59 2.18 1.84 1.53 1.47 3.46 4.30 4.71 4.71 4.21 3.65 3.15 2.73 2.32 1.94 1.62 1.39 3.75 4.67
 30   5.16 5.19 4.70 4.06 3.48 2.97 2.52 2.12 1.75 1.45 2.78 4.25 4.97 5.27 4.92 4.24 3.61 3.06 2.59 2.17 1.80 1.48 2.92 4.55
 31   5.31 5.58 5.25 4.55 3.85 3.28 2.75 2.28 1.89 1.57 1.27 3.81 4.87 5.37 5.38 4.75 4.02 3.39 2.88 2.40 1.96 1.60 1.29 3.85
 ----------------------------------------------------------------------------------------------------------------------------
                                                                                               
 ----------------------------------------------------------------------------------------------------------------------------
 ----------------------------------------------------------------------------------------------------------------------------
                                                          SURVEY OF INDIA
                                                    MARINE GEODESY WING (G&RB)
                                                     HOURLY HEIGHTS IN METRES
  NAME OF PORT:- GARDEN REACH                                                                       MONTH APRIL     YEAR 2018
 ----------------------------------------------------------------------------------------------------------------------------
 DAYS 0000 0001 0002 0003 0004 0005 0006 0007 0008 0009 0010 0011 0012 0013 0014 0015 0016 0017 0018 0019 0020 0021 0022 0023
 ----------------------------------------------------------------------------------------------------------------------------
  1   4.71 5.18 5.30 4.80 4.11 3.48 2.93 2.45 2.00 1.64 1.34 1.07 4.20 5.16 5.55 5.30 4.56 3.83 3.20 2.67 2.21 1.81 1.48 1.19
  2   4.01 4.76 4.99 4.57 3.91 3.30 2.81 2.39 2.03 1.72 1.42 1.15 3.03 4.32 4.98 5.20 4.76 4.08 3.40 2.85 2.37 1.95 1.57 1.27
  3   2.86 4.24 4.94 5.22 4.84 4.14 3.46 2.91 2.41 2.00 1.65 1.34 1.07 3.80 4.74 5.16 5.07 4.43 3.73 3.16 2.67 2.22 1.82 1.51
  4   1.25 3.45 4.37 4.88 4.97 4.39 3.71 3.15 2.68 2.27 1.87 1.56 1.30 3.19 4.28 4.83 5.02 4.59 3.95 3.37 2.86 2.43 2.05 1.72
  5   1.47 2.63 3.74 4.35 4.66 4.46 3.80 3.25 2.81 2.42 2.07 1.75 1.50 2.27 3.56 4.34 4.75 4.68 4.13 3.56 3.05 2.64 2.27 1.95
  6   1.71 2.02 3.14 3.81 4.18 4.36 4.03 3.53 3.04 2.62 2.25 1.92 1.64 1.47 3.06 3.84 4.29 4.47 4.19 3.69 3.19 2.78 2.42 2.12
  7   1.87 1.72 2.78 3.47 3.89 4.12 3.98 3.51 3.06 2.69 2.37 2.06 1.79 1.63 2.57 3.28 3.77 4.10 4.17 3.83 3.39 2.99 2.63 2.32
  8   2.03 1.83 1.96 2.53 3.02 3.29 3.42 3.42 3.26 2.92 2.58 2.27 2.01 1.80 1.72 2.25 2.90 3.43 3.81 3.99 3.80 3.36 2.98 2.67
  9   2.39 2.16 2.00 2.44 2.92 3.28 3.51 3.55 3.30 3.03 2.75 2.50 2.28 2.09 2.00 2.22 2.68 3.07 3.40 3.65 3.79 3.70 3.42 3.12
 10   2.85 2.58 2.34 2.12 1.96 2.17 2.66 3.03 3.28 3.44 3.43 3.24 3.00 2.76 2.51 2.28 2.07 1.92 2.24 2.87 3.37 3.72 3.90 3.79
 11   3.44 3.11 2.81 2.51 2.23 2.00 1.94 2.35 2.95 3.36 3.64 3.76 3.59 3.28 2.96 2.65 2.37 2.09 1.87 2.08 2.83 3.43 3.89 4.11
 12   3.95 3.55 3.14 2.80 2.47 2.15 1.87 1.67 2.13 2.92 3.50 3.90 4.07 3.83 3.42 3.03 2.69 2.36 2.05 1.80 1.67 2.82 3.69 4.11
 13   4.24 4.05 3.54 3.10 2.72 2.38 2.07 1.79 1.57 2.17 3.20 3.86 4.22 4.24 3.80 3.35 2.94 2.56 2.20 1.87 1.60 1.89 3.45 4.23
 14   4.67 4.64 4.16 3.62 3.14 2.73 2.33 1.95 1.64 1.40 3.13 4.09 4.59 4.81 4.47 3.88 3.35 2.89 2.47 2.08 1.76 1.49 3.20 4.35
 15   4.86 4.95 4.55 3.89 3.33 2.84 2.39 1.99 1.65 1.38 2.17 3.86 4.65 5.04 4.89 4.30 3.68 3.15 2.69 2.27 1.90 1.59 1.32 3.93
 16   4.80 5.20 5.19 4.57 3.89 3.29 2.79 2.33 1.93 1.60 1.31 3.37 4.69 5.29 5.50 5.00 4.25 3.57 3.02 2.53 2.10 1.72 1.41 2.99
 17   4.59 5.28 5.58 5.10 4.37 3.68 3.12 2.59 2.15 1.79 1.47 1.20 4.30 5.30 5.70 5.51 4.75 3.97 3.37 2.81 2.35 1.93 1.57 1.29
 18   4.09 4.99 5.38 5.35 4.65 3.91 3.30 2.77 2.31 1.91 1.60 1.31 3.83 5.00 5.59 5.74 5.13 4.41 3.73 3.16 2.65 2.23 1.85 1.55
 19   2.93 4.40 5.07 5.37 5.11 4.43 3.77 3.21 2.72 2.29 1.89 1.57 1.29 4.25 5.16 5.61 5.47 4.81 4.07 3.47 2.97 2.50 2.09 1.75
 20   1.48 3.69 4.61 5.15 5.30 4.77 4.07 3.46 2.97 2.54 2.12 1.77 1.48 3.45 4.53 5.17 5.47 5.16 4.47 3.82 3.27 2.81 2.38 2.02
 21   1.73 2.04 3.73 4.57 5.04 5.01 4.47 3.86 3.33 2.87 2.48 2.12 1.80 1.55 3.65 4.58 5.04 5.17 4.79 4.19 3.62 3.15 2.73 2.36
 22   2.03 1.79 2.17 3.41 4.10 4.45 4.45 3.98 3.49 3.06 2.68 2.32 1.99 1.72 1.97 3.26 4.03 4.49 4.64 4.36 3.86 3.36 2.93 2.55
 23   2.25 2.00 1.77 2.21 3.10 3.72 4.08 4.16 3.80 3.38 2.99 2.63 2.30 2.01 1.78 1.79 2.76 3.49 3.98 4.28 4.21 3.81 3.36 2.97
 24   2.62 2.28 1.99 1.76 1.70 2.27 3.09 3.59 3.82 3.80 3.50 3.11 2.77 2.45 2.16 1.89 1.73 2.11 2.93 3.55 3.99 4.21 4.00 3.59
 25   3.20 2.87 2.57 2.28 2.01 1.79 1.98 2.78 3.40 3.82 4.04 3.93 3.52 3.13 2.79 2.47 2.17 1.87 1.69 2.49 3.40 3.99 4.37 4.39
 26   4.02 3.60 3.20 2.82 2.48 2.13 1.83 1.59 2.26 3.26 3.91 4.29 4.28 3.86 3.41 3.01 2.65 2.31 1.95 1.69 2.27 3.51 4.13 4.41
 27   4.24 3.78 3.31 2.89 2.48 2.12 1.77 1.47 1.24 2.95 3.96 4.59 4.80 4.50 3.87 3.32 2.87 2.48 2.12 1.79 1.52 2.38 3.78 4.50
 28   4.84 4.70 4.10 3.56 3.06 2.61 2.20 1.81 1.50 1.22 3.50 4.35 4.76 4.89 4.42 3.78 3.24 2.80 2.40 2.05 1.73 1.48 2.86 4.13
 29   4.75 5.03 4.69 4.06 3.49 3.00 2.57 2.16 1.80 1.52 2.58 4.25 5.06 5.41 5.14 4.46 3.84 3.30 2.81 2.38 1.98 1.65 1.37 3.85
 30   4.77 5.18 5.16 4.58 3.90 3.33 2.85 2.40 2.01 1.69 1.45 3.74 4.80 5.40 5.54 4.92 4.20 3.56 3.01 2.54 2.12 1.76 1.45 2.85
 ----------------------------------------------------------------------------------------------------------------------------
                                                                                               
 ----------------------------------------------------------------------------------------------------------------------------
 ----------------------------------------------------------------------------------------------------------------------------
                                                          SURVEY OF INDIA
                                                    MARINE GEODESY WING (G&RB)
                                                     HOURLY HEIGHTS IN METRES
  NAME OF PORT:- GARDEN REACH                                                                       MONTH MAY       YEAR 2018
 ----------------------------------------------------------------------------------------------------------------------------
 DAYS 0000 0001 0002 0003 0004 0005 0006 0007 0008 0009 0010 0011 0012 0013 0014 0015 0016 0017 0018 0019 0020 0021 0022 0023
 ----------------------------------------------------------------------------------------------------------------------------
  1   4.38 4.98 5.13 4.64 3.98 3.39 2.89 2.42 2.04 1.71 1.44 2.16 4.02 4.88 5.32 5.18 4.51 3.84 3.28 2.79 2.37 2.00 1.68 1.41
  2   3.60 4.53 5.02 5.06 4.52 3.86 3.30 2.85 2.41 2.04 1.71 1.43 3.50 4.52 5.10 5.32 4.88 4.21 3.57 3.08 2.62 2.24 1.89 1.59
  3   2.70 4.00 4.59 4.83 4.43 3.80 3.27 2.84 2.48 2.13 1.83 1.57 1.92 3.72 4.54 4.97 4.92 4.32 3.70 3.19 2.74 2.34 1.99 1.70
  4   1.56 3.50 4.22 4.60 4.65 4.13 3.58 3.12 2.73 2.36 2.06 1.78 1.57 3.38 4.22 4.78 5.00 4.70 4.11 3.56 3.12 2.74 2.36 2.04
  5   1.77 3.04 3.86 4.37 4.64 4.48 3.96 3.48 3.10 2.73 2.36 2.01 1.76 2.60 3.76 4.44 4.81 4.80 4.36 3.85 3.40 3.04 2.68 2.34
  6   2.06 2.42 3.40 4.03 4.42 4.52 4.16 3.70 3.31 2.94 2.60 2.27 2.06 2.08 3.32 3.99 4.45 4.69 4.51 4.06 3.64 3.26 2.90 2.57
  7   2.28 2.12 2.90 3.61 4.07 4.33 4.25 3.89 3.51 3.17 2.85 2.56 2.29 2.13 2.72 3.46 3.95 4.26 4.35 4.16 3.77 3.39 3.03 2.72
  8   2.44 2.23 2.25 3.03 3.56 3.92 4.12 4.01 3.69 3.37 3.07 2.80 2.54 2.36 2.34 3.00 3.50 3.88 4.17 4.27 4.00 3.68 3.35 3.04
  9   2.77 2.54 2.35 2.28 2.80 3.26 3.59 3.85 3.96 3.77 3.50 3.24 2.98 2.74 2.53 2.37 2.34 2.88 3.43 3.83 4.07 4.08 3.78 3.46
 10   3.16 2.87 2.58 2.35 2.16 2.23 2.75 3.24 3.59 3.83 3.90 3.68 3.41 3.14 2.87 2.59 2.32 2.12 2.20 2.96 3.55 3.95 4.14 4.00
 11   3.67 3.35 3.03 2.72 2.42 2.16 1.98 2.47 3.22 3.78 4.20 4.36 4.06 3.67 3.29 2.96 2.64 2.36 2.12 2.05 3.25 3.98 4.38 4.52
 12   4.20 3.81 3.41 3.02 2.65 2.30 1.97 1.73 2.02 3.40 4.14 4.58 4.65 4.24 3.76 3.34 2.95 2.58 2.23 1.93 1.84 3.58 4.36 4.78
 13   4.78 4.38 3.85 3.40 2.98 2.60 2.22 1.90 1.65 3.29 4.37 4.98 5.24 4.94 4.35 3.78 3.28 2.84 2.44 2.10 1.80 2.14 4.18 4.92
 14   5.21 4.90 4.32 3.76 3.28 2.85 2.44 2.08 1.74 1.47 3.77 4.70 5.13 5.16 4.70 4.12 3.56 3.07 2.64 2.23 1.88 1.56 3.10 4.64
 15   5.30 5.48 5.06 4.35 3.68 3.12 2.62 2.20 1.82 1.51 2.96 4.76 5.58 5.94 5.56 4.82 4.08 3.46 2.92 2.45 2.05 1.70 1.41 4.40
 16   5.34 5.74 5.63 4.92 4.20 3.55 3.00 2.53 2.11 1.77 1.48 4.28 5.42 6.04 6.03 5.33 4.50 3.82 3.22 2.70 2.26 1.89 1.57 3.20
 17   4.60 5.28 5.56 5.12 4.40 3.74 3.17 2.68 2.25 1.88 1.54 1.26 4.36 5.44 5.97 5.88 5.18 4.34 3.63 3.05 2.54 2.12 1.73 1.42
 18   3.73 4.84 5.50 5.71 5.18 4.38 3.70 3.14 2.64 2.20 1.80 1.47 3.42 4.88 5.60 5.95 5.50 4.76 4.00 3.40 2.85 2.40 1.98 1.65
 19   1.35 3.96 4.95 5.43 5.33 4.64 3.90 3.30 2.82 2.39 2.00 1.68 1.40 3.58 4.65 5.30 5.53 5.14 4.43 3.75 3.23 2.76 2.32 1.96
 20   1.64 1.47 3.86 4.67 5.05 4.98 4.36 3.74 3.22 2.78 2.38 2.00 1.69 1.47 3.58 4.49 5.01 5.21 4.81 4.21 3.66 3.18 2.76 2.37
 21   2.03 1.79 2.16 3.50 4.24 4.62 4.60 4.11 3.60 3.16 2.76 2.39 2.08 1.80 1.64 3.28 4.16 4.68 4.86 4.60 4.05 3.53 3.07 2.69
 22   2.35 2.09 1.86 2.11 3.28 3.90 4.26 4.36 4.05 3.60 3.20 2.84 2.52 2.22 1.99 2.23 3.30 4.00 4.44 4.64 4.46 3.98 3.53 3.12
 23   2.77 2.45 2.16 1.92 1.84 2.80 3.50 3.96 4.26 4.29 3.89 3.45 3.04 2.70 2.40 2.15 2.01 2.73 3.53 4.04 4.36 4.40 4.01 3.57
 24   3.16 2.81 2.50 2.22 2.01 1.95 2.71 3.37 3.85 4.19 4.35 4.14 3.75 3.36 3.02 2.69 2.40 2.18 2.36 3.35 3.98 4.40 4.53 4.30
 25   3.90 3.49 3.12 2.76 2.42 2.13 1.92 2.41 3.38 4.09 4.51 4.63 4.34 3.89 3.47 3.08 2.74 2.42 2.13 2.00 3.25 4.07 4.52 4.69
 26   4.45 4.02 3.58 3.17 2.79 2.43 2.10 1.84 2.25 3.70 4.47 4.88 4.94 4.48 3.96 3.50 3.08 2.68 2.33 2.02 1.92 3.48 4.30 4.73
 27   4.84 4.44 3.96 3.50 3.10 2.70 2.32 1.97 1.70 2.72 4.00 4.74 5.11 4.97 4.41 3.81 3.32 2.88 2.50 2.15 1.85 2.17 3.79 4.62
 28   5.07 4.88 4.36 3.82 3.33 2.89 2.50 2.13 1.82 1.59 3.60 4.64 5.20 5.35 4.94 4.28 3.70 3.20 2.76 2.36 2.01 1.74 3.06 4.21
 29   4.86 5.12 4.80 4.20 3.64 3.16 2.74 2.34 1.98 1.68 1.49 4.22 5.18 5.60 5.29 4.60 3.96 3.40 2.93 2.50 2.12 1.81 1.61 4.00
 30   4.89 5.26 5.10 4.46 3.83 3.33 2.88 2.46 2.08 1.76 1.52 3.98 4.96 5.46 5.72 5.14 4.40 3.80 3.26 2.78 2.38 2.03 1.74 3.46
 31   4.66 5.22 5.46 5.04 4.36 3.76 3.24 2.80 2.40 2.07 1.76 3.00 4.63 5.38 5.68 5.42 4.74 4.08 3.48 2.97 2.54 2.16 1.82 1.59
 ----------------------------------------------------------------------------------------------------------------------------
                                                                                              
 ----------------------------------------------------------------------------------------------------------------------------
 ----------------------------------------------------------------------------------------------------------------------------
                                                          SURVEY OF INDIA
                                                    MARINE GEODESY WING (G&RB)
                                                     HOURLY HEIGHTS IN METRES
  NAME OF PORT:- GARDEN REACH                                                                       MONTH JUNE      YEAR 2018
 ----------------------------------------------------------------------------------------------------------------------------
 DAYS 0000 0001 0002 0003 0004 0005 0006 0007 0008 0009 0010 0011 0012 0013 0014 0015 0016 0017 0018 0019 0020 0021 0022 0023
 ----------------------------------------------------------------------------------------------------------------------------
  1   3.67 4.59 5.05 5.08 4.58 3.98 3.44 2.98 2.57 2.23 1.90 1.65 4.03 4.96 5.47 5.53 5.04 4.41 3.82 3.30 2.85 2.45 2.09 1.81
  2   2.82 3.87 4.53 4.88 4.69 4.13 3.60 3.14 2.72 2.32 1.95 1.70 2.50 4.00 4.84 5.23 5.11 4.53 3.94 3.44 3.00 2.60 2.24 1.97
  3   1.80 3.38 4.20 4.69 4.85 4.40 3.88 3.38 2.96 2.57 2.22 1.93 1.72 3.47 4.38 4.90 5.09 4.77 4.24 3.74 3.28 2.88 2.51 2.20
  4   1.94 2.40 3.51 4.22 4.58 4.55 4.09 3.64 3.24 2.87 2.48 2.10 1.87 2.34 3.54 4.26 4.68 4.76 4.37 3.89 3.46 3.05 2.71 2.38
  5   2.08 1.89 2.90 3.66 4.15 4.44 4.24 3.84 3.43 3.05 2.68 2.35 2.08 1.94 2.94 3.67 4.16 4.50 4.53 4.13 3.70 3.32 2.96 2.61
  6   2.30 2.08 2.07 3.01 3.64 4.05 4.23 4.01 3.63 3.27 2.93 2.60 2.30 2.07 2.24 2.94 3.62 4.10 4.40 4.40 4.01 3.64 3.29 2.95
  7   2.63 2.34 2.13 2.30 3.11 3.66 4.03 4.16 3.97 3.63 3.32 3.00 2.70 2.41 2.20 2.25 2.95 3.62 4.09 4.36 4.35 3.97 3.60 3.26
  8   2.94 2.62 2.36 2.16 2.36 3.16 3.68 4.05 4.23 4.13 3.80 3.46 3.15 2.85 2.57 2.35 2.24 2.74 3.53 4.09 4.45 4.52 4.18 3.79
  9   3.42 3.05 2.71 2.39 2.16 2.12 2.95 3.64 4.13 4.40 4.45 4.10 3.72 3.36 3.02 2.71 2.41 2.18 2.38 3.36 4.02 4.46 4.57 4.26
 10   3.88 3.50 3.12 2.74 2.40 2.10 1.89 2.74 3.72 4.35 4.71 4.71 4.28 3.84 3.45 3.06 2.69 2.36 2.08 2.02 3.46 4.28 4.78 4.90
 11   4.48 4.04 3.61 3.18 2.78 2.38 2.05 1.78 3.04 4.18 4.92 5.24 5.04 4.48 3.93 3.45 3.01 2.61 2.25 1.98 2.28 4.06 4.84 5.23
 12   5.08 4.58 4.02 3.52 3.08 2.64 2.26 1.92 1.65 3.66 4.76 5.46 5.71 5.32 4.62 4.02 3.48 3.00 2.58 2.24 1.90 1.68 4.22 5.11
 13   5.48 5.30 4.70 4.06 3.52 3.02 2.58 2.20 1.88 1.60 4.38 5.48 6.00 5.92 5.32 4.60 3.94 3.36 2.84 2.40 2.05 1.75 3.80 5.00
 14   5.70 5.90 5.44 4.68 4.01 3.44 2.91 2.46 2.07 1.75 1.50 4.90 5.92 6.31 5.98 5.26 4.44 3.80 3.24 2.72 2.28 1.93 1.62 4.00
 15   5.11 5.72 5.78 5.10 4.41 3.82 3.23 2.71 2.28 1.90 1.60 4.00 5.30 6.04 6.39 5.90 5.04 4.28 3.64 3.07 2.59 2.18 1.84 1.56
 16   4.37 5.35 5.82 5.81 5.18 4.41 3.77 3.18 2.68 2.26 1.89 1.61 4.30 5.46 6.11 6.28 5.70 4.88 4.12 3.54 2.99 2.54 2.12 1.80
 17   1.52 4.22 5.21 5.72 5.64 4.97 4.25 3.63 3.08 2.63 2.21 1.84 1.62 4.39 5.43 5.97 5.93 5.27 4.54 3.88 3.33 2.82 2.41 2.05
 18   1.74 1.64 4.18 5.08 5.47 5.29 4.62 3.98 3.41 2.92 2.49 2.12 1.80 2.60 4.32 5.15 5.60 5.52 4.94 4.26 3.67 3.16 2.70 2.32
 19   2.05 1.83 2.70 4.09 4.80 5.16 4.96 4.37 3.80 3.30 2.84 2.44 2.10 1.84 2.67 4.02 4.78 5.24 5.19 4.68 4.10 3.57 3.10 2.70
 20   2.38 2.13 1.92 3.21 4.17 4.73 4.96 4.73 4.20 3.68 3.23 2.82 2.46 2.16 1.95 3.00 3.95 4.62 4.98 4.89 4.42 3.90 3.44 3.02
 21   2.64 2.32 2.04 1.89 3.03 3.85 4.38 4.65 4.55 4.10 3.65 3.22 2.87 2.54 2.25 2.11 2.76 3.66 4.31 4.71 4.76 4.37 3.90 3.44
 22   3.06 2.71 2.39 2.12 1.99 2.76 3.55 4.12 4.48 4.60 4.30 3.90 3.51 3.15 2.82 2.49 2.26 2.34 3.34 4.05 4.52 4.74 4.50 4.08
 23   3.68 3.29 2.94 2.60 2.29 2.10 2.54 3.55 4.20 4.61 4.76 4.50 4.07 3.67 3.28 2.93 2.62 2.35 2.22 3.14 3.86 4.33 4.60 4.52
 24   4.11 3.72 3.35 2.98 2.61 2.30 2.08 2.30 3.40 4.20 4.74 4.98 4.77 4.28 3.81 3.38 2.98 2.61 2.28 2.04 2.86 3.72 4.27 4.54
 25   4.42 4.04 3.62 3.25 2.89 2.52 2.20 1.95 2.38 3.76 4.50 4.93 5.04 4.74 4.26 3.78 3.32 2.90 2.50 2.20 1.97 2.94 3.96 4.44
 26   4.64 4.58 4.12 3.68 3.29 2.90 2.54 2.20 1.94 2.10 3.84 4.60 4.97 4.74 4.38 3.96 3.50 3.08 2.68 2.32 2.04 1.85 3.41 4.22
 27   4.69 4.81 4.39 3.89 3.44 3.04 2.64 2.29 1.99 1.73 3.20 4.37 5.06 5.37 5.10 4.51 3.93 3.43 3.01 2.59 2.26 1.99 2.69 4.02
 28   4.69 5.02 4.87 4.35 3.85 3.41 2.98 2.57 2.21 1.93 2.15 4.19 5.11 5.57 5.50 4.95 4.28 3.75 3.28 2.86 2.49 2.17 1.92 3.43
 29   4.51 5.04 5.25 4.81 4.21 3.69 3.23 2.82 2.44 2.12 1.88 3.41 4.70 5.32 5.57 5.26 4.64 4.05 3.53 3.07 2.65 2.30 2.01 2.47
 30   4.02 4.78 5.11 5.04 4.50 3.99 3.53 3.09 2.67 2.33 2.03 1.81 4.15 5.00 5.45 5.47 4.98 4.35 3.81 3.33 2.90 2.53 2.21 1.99
 ----------------------------------------------------------------------------------------------------------------------------
                                                                                               
 ----------------------------------------------------------------------------------------------------------------------------
 ----------------------------------------------------------------------------------------------------------------------------
                                                          SURVEY OF INDIA
                                                    MARINE GEODESY WING (G&RB)
                                                     HOURLY HEIGHTS IN METRES
  NAME OF PORT:- GARDEN REACH                                                                       MONTH JULY      YEAR 2018
 ----------------------------------------------------------------------------------------------------------------------------
 DAYS 0000 0001 0002 0003 0004 0005 0006 0007 0008 0009 0010 0011 0012 0013 0014 0015 0016 0017 0018 0019 0020 0021 0022 0023
 ----------------------------------------------------------------------------------------------------------------------------
  1   3.69 4.48 4.95 5.14 4.80 4.23 3.72 3.27 2.85 2.46 2.15 1.90 3.29 4.50 5.15 5.45 5.22 4.62 4.05 3.57 3.13 2.71 2.36 2.10
  2   2.81 3.95 4.61 4.97 4.90 4.41 3.92 3.48 3.06 2.65 2.32 2.03 1.86 3.86 4.73 5.20 5.27 4.84 4.27 3.77 3.33 2.93 2.55 2.22
  3   1.97 2.88 3.91 4.50 4.82 4.65 4.19 3.73 3.29 2.89 2.50 2.19 1.93 2.99 4.11 4.77 5.12 5.01 4.48 3.97 3.51 3.08 2.66 2.32
  4   2.01 1.85 3.34 4.10 4.53 4.69 4.32 3.84 3.42 3.02 2.65 2.32 2.07 2.05 3.35 4.15 4.64 4.89 4.62 4.14 3.72 3.29 2.89 2.52
  5   2.21 1.98 2.19 3.33 4.02 4.41 4.47 4.07 3.67 3.27 2.89 2.54 2.25 2.03 2.61 3.57 4.19 4.59 4.66 4.30 3.87 3.48 3.09 2.70
  6   2.37 2.11 1.93 2.95 3.72 4.25 4.49 4.37 3.98 3.57 3.17 2.81 2.51 2.25 2.13 2.85 3.65 4.19 4.56 4.65 4.25 3.85 3.48 3.10
  7   2.74 2.45 2.17 2.04 2.93 3.63 4.13 4.40 4.38 4.00 3.62 3.26 2.93 2.62 2.37 2.25 2.77 3.58 4.15 4.51 4.60 4.25 3.85 3.45
  8   3.09 2.75 2.45 2.19 2.09 2.99 3.72 4.20 4.46 4.44 4.08 3.74 3.41 3.06 2.75 2.49 2.33 2.58 3.42 4.04 4.49 4.64 4.37 3.97
  9   3.60 3.22 2.88 2.56 2.28 2.09 2.70 3.64 4.26 4.66 4.77 4.38 3.97 3.60 3.24 2.91 2.59 2.32 2.21 3.21 4.04 4.52 4.76 4.53
 10   4.08 3.66 3.26 2.88 2.52 2.21 1.97 2.57 3.88 4.58 5.02 5.03 4.63 4.17 3.73 3.33 2.93 2.57 2.27 2.04 2.97 4.16 4.79 5.07
 11   4.83 4.30 3.81 3.37 2.95 2.55 2.21 1.93 2.25 4.11 4.98 5.44 5.43 4.95 4.35 3.81 3.34 2.89 2.51 2.19 1.93 3.13 4.44 5.13
 12   5.35 5.07 4.47 3.89 3.39 2.91 2.51 2.16 1.85 1.64 4.46 5.52 5.94 5.79 5.13 4.43 3.81 3.25 2.75 2.36 2.02 1.75 3.63 4.89
 13   5.51 5.71 5.19 4.49 3.85 3.30 2.79 2.38 2.01 1.73 3.21 5.06 5.90 6.25 5.85 5.12 4.35 3.73 3.11 2.63 2.21 1.85 1.58 4.31
 14   5.42 5.86 5.95 5.25 4.49 3.82 3.23 2.71 2.27 1.92 1.59 3.83 5.29 6.08 6.45 5.91 5.05 4.27 3.61 3.03 2.53 2.13 1.81 1.57
 15   4.54 5.51 5.97 5.88 5.14 4.39 3.74 3.15 2.64 2.21 1.87 1.57 4.49 5.73 6.42 6.48 5.80 4.92 4.17 3.55 2.96 2.49 2.10 1.80
 16   3.24 4.75 5.65 6.09 5.79 5.04 4.27 3.65 3.07 2.58 2.16 1.83 1.58 4.87 5.98 6.49 6.17 5.37 4.55 3.91 3.30 2.79 2.36 2.03
 17   1.79 3.71 5.06 5.75 6.00 5.61 4.87 4.15 3.55 3.01 2.56 2.18 1.85 3.47 4.97 5.75 6.08 5.73 5.01 4.29 3.69 3.13 2.67 2.30
 18   1.98 1.75 3.93 5.01 5.55 5.67 5.15 4.45 3.84 3.29 2.83 2.44 2.09 1.85 3.81 4.91 5.49 5.69 5.23 4.59 3.97 3.45 2.95 2.55
 19   2.21 1.99 2.01 3.88 4.78 5.23 5.25 4.75 4.15 3.63 3.16 2.75 2.38 2.10 2.30 3.75 4.65 5.17 5.23 4.85 4.29 3.75 3.29 2.88
 20   2.54 2.27 2.05 2.59 3.75 4.48 4.91 4.97 4.59 4.07 3.59 3.15 2.77 2.47 2.23 2.69 3.73 4.37 4.77 4.87 4.55 4.10 3.63 3.22
 21   2.86 2.55 2.30 2.21 2.95 3.73 4.36 4.75 4.84 4.50 4.05 3.64 3.25 2.91 2.62 2.44 2.79 3.65 4.25 4.65 4.77 4.48 4.08 3.71
 22   3.36 3.02 2.72 2.49 2.50 3.37 4.08 4.58 4.89 4.98 4.78 4.45 4.12 3.80 3.52 3.28 3.12 3.09 3.31 3.84 4.29 4.51 4.50 4.25
 23   3.91 3.57 3.23 2.91 2.61 2.38 2.72 3.57 4.23 4.71 4.89 4.70 4.35 3.99 3.63 3.26 2.91 2.61 2.49 2.99 3.70 4.23 4.53 4.56
 24   4.24 3.86 3.51 3.14 2.79 2.44 2.09 1.90 3.30 4.15 4.63 4.89 4.73 4.30 3.90 3.50 3.13 2.78 2.46 2.24 2.64 3.59 4.21 4.55
 25   4.59 4.25 3.87 3.48 3.10 2.75 2.42 2.15 2.06 3.39 4.31 4.91 5.14 4.92 4.40 3.91 3.47 3.05 2.66 2.32 2.04 2.69 3.82 4.48
 26   4.81 4.66 4.28 3.88 3.47 3.04 2.67 2.33 2.01 2.27 4.05 4.91 5.35 5.31 4.81 4.25 3.74 3.28 2.86 2.49 2.17 1.94 3.46 4.37
 27   4.85 5.06 4.73 4.23 3.78 3.31 2.89 2.51 2.19 1.91 3.25 4.53 5.23 5.63 5.35 4.79 4.17 3.64 3.15 2.72 2.35 2.02 1.92 3.93
 28   5.01 5.37 5.19 4.66 4.12 3.63 3.17 2.74 2.35 2.04 1.78 4.24 5.26 5.80 5.79 5.25 4.63 4.03 3.49 3.02 2.61 2.24 1.96 3.31
 29   4.66 5.36 5.43 4.92 4.41 3.93 3.46 3.00 2.61 2.27 1.97 3.47 4.95 5.71 6.02 5.71 5.02 4.39 3.80 3.27 2.81 2.44 2.13 1.89
 30   4.28 5.25 5.73 5.63 5.06 4.41 3.83 3.30 2.82 2.43 2.11 1.85 4.41 5.44 5.98 5.99 5.41 4.69 4.06 3.51 3.01 2.60 2.25 1.97
 31   3.84 4.97 5.63 5.85 5.37 4.69 4.07 3.50 3.01 2.57 2.21 1.90 3.11 4.93 5.71 6.06 5.70 5.02 4.33 3.77 3.25 2.80 2.43 2.11
 ----------------------------------------------------------------------------------------------------------------------------
                                                                                               
 ----------------------------------------------------------------------------------------------------------------------------
 ----------------------------------------------------------------------------------------------------------------------------
                                                          SURVEY OF INDIA
                                                    MARINE GEODESY WING (G&RB)
                                                     HOURLY HEIGHTS IN METRES
  NAME OF PORT:- GARDEN REACH                                                                       MONTH AUGUST    YEAR 2018
 ----------------------------------------------------------------------------------------------------------------------------
 DAYS 0000 0001 0002 0003 0004 0005 0006 0007 0008 0009 0010 0011 0012 0013 0014 0015 0016 0017 0018 0019 0020 0021 0022 0023
 ----------------------------------------------------------------------------------------------------------------------------
  1   1.88 4.01 4.98 5.53 5.61 5.03 4.38 3.81 3.28 2.82 2.46 2.13 1.89 4.07 5.07 5.64 5.76 5.30 4.65 4.08 3.53 3.05 2.63 2.30
  2   2.02 2.51 4.56 5.32 5.68 5.38 4.79 4.20 3.65 3.15 2.72 2.36 2.10 2.40 4.61 5.46 5.83 5.63 5.01 4.37 3.77 3.28 2.88 2.54
  3   2.25 2.01 3.97 4.90 5.40 5.53 5.10 4.53 3.99 3.47 2.99 2.61 2.31 2.09 3.61 4.60 5.21 5.53 5.19 4.67 4.13 3.62 3.13 2.73
  4   2.39 2.16 2.13 4.08 4.84 5.23 5.24 4.79 4.27 3.77 3.25 2.83 2.47 2.26 2.45 3.89 4.68 5.13 5.23 4.86 4.41 3.93 3.44 3.01
  5   2.66 2.36 2.14 2.81 4.03 4.69 5.05 5.02 4.60 4.13 3.68 3.24 2.88 2.57 2.35 2.57 3.67 4.39 4.82 4.97 4.68 4.26 3.81 3.37
  6   2.96 2.60 2.31 2.13 2.99 3.85 4.45 4.84 4.87 4.48 4.05 3.62 3.21 2.88 2.61 2.42 2.63 3.49 4.17 4.62 4.87 4.67 4.30 3.89
  7   3.46 3.07 2.73 2.42 2.22 2.63 3.70 4.33 4.75 4.97 4.84 4.49 4.07 3.66 3.28 2.97 2.78 2.72 3.29 4.05 4.63 4.99 5.02 4.68
  8   4.27 3.88 3.47 3.07 2.76 2.50 2.42 3.52 4.43 5.07 5.39 5.31 4.89 4.42 3.97 3.53 3.15 2.81 2.56 2.69 3.94 4.75 5.25 5.35
  9   4.95 4.49 4.04 3.57 3.13 2.75 2.43 2.20 3.19 4.59 5.41 5.80 5.65 5.09 4.51 3.98 3.47 3.04 2.65 2.34 2.13 4.01 5.03 5.60
 10   5.66 5.23 4.66 4.10 3.57 3.08 2.69 2.35 2.06 3.46 5.07 5.87 6.24 5.98 5.27 4.58 3.98 3.44 2.99 2.61 2.29 2.01 4.33 5.37
 11   5.91 5.99 5.48 4.77 4.14 3.55 3.07 2.64 2.30 1.99 3.81 5.51 6.28 6.55 6.03 5.21 4.44 3.80 3.25 2.80 2.42 2.10 1.82 4.83
 12   5.86 6.25 6.16 5.39 4.61 3.95 3.37 2.87 2.47 2.13 1.82 4.75 5.94 6.54 6.61 5.89 4.99 4.25 3.62 3.05 2.61 2.22 1.92 1.69
 13   5.13 6.13 6.47 6.07 5.26 4.43 3.78 3.20 2.71 2.31 1.98 1.70 4.94 6.15 6.69 6.53 5.71 4.83 4.10 3.45 2.93 2.50 2.12 1.82
 14   4.04 5.49 6.27 6.55 5.88 4.99 4.21 3.57 3.01 2.57 2.19 1.88 3.35 5.27 6.69 6.71 6.29 5.43 4.61 3.93 3.31 2.81 2.40 2.06
 15   1.79 4.57 5.70 6.30 6.35 5.58 4.75 4.02 3.43 2.91 2.49 2.16 1.91 4.62 5.92 6.52 6.62 5.96 5.11 4.35 3.75 3.21 2.77 2.41
 16   2.11 3.11 5.00 5.95 6.40 6.09 5.28 4.49 3.87 3.32 2.88 2.51 2.21 3.31 4.95 5.85 6.23 5.97 5.21 4.49 3.89 3.35 2.89 2.54
 17   2.25 2.07 3.94 5.03 5.65 5.88 5.47 4.79 4.13 3.57 3.06 2.67 2.33 2.11 3.81 4.79 5.41 5.64 5.30 4.68 4.07 3.53 3.08 2.69
 18   2.37 2.14 2.57 3.95 4.83 5.31 5.38 4.96 4.37 3.85 3.37 2.95 2.59 2.31 2.51 3.03 4.40 4.99 5.11 4.81 4.31 3.83 3.37 2.97
 19   2.65 2.41 2.32 3.21 4.01 4.57 4.92 4.92 4.55 4.12 3.71 3.31 2.96 2.69 2.51 2.95 3.71 4.26 4.59 4.69 4.45 4.09 3.73 3.37
 20   3.05 2.78 2.55 2.51 3.19 3.81 4.25 4.58 4.77 4.61 4.25 3.90 3.55 3.23 2.97 2.86 3.03 3.57 4.06 4.37 4.52 4.37 4.14 3.85
 21   3.57 3.27 3.01 2.82 2.77 3.05 3.58 4.07 4.48 4.72 4.72 4.45 4.11 3.78 3.44 3.11 2.82 2.65 2.82 3.52 4.04 4.39 4.53 4.36
 22   4.09 3.81 3.50 3.19 2.91 2.70 2.62 3.07 3.87 4.43 4.78 4.85 4.59 4.23 3.86 3.47 3.07 2.73 2.48 2.42 3.33 4.01 4.48 4.73
 23   4.66 4.35 3.97 3.59 3.20 2.83 2.51 2.27 2.52 3.73 4.43 4.85 5.05 4.81 4.38 3.94 3.52 3.11 2.73 2.43 2.23 3.20 4.12 4.66
 24   4.96 4.85 4.44 3.99 3.57 3.13 2.73 2.39 2.11 2.71 4.14 4.98 5.42 5.33 4.84 4.31 3.81 3.34 2.89 2.51 2.20 2.00 3.76 4.69
 25   5.16 5.28 4.83 4.31 3.80 3.32 2.87 2.50 2.16 1.91 3.84 4.91 5.52 5.81 5.39 4.70 4.09 3.56 3.06 2.66 2.30 2.01 3.01 4.55
 26   5.33 5.65 5.36 4.74 4.12 3.57 3.09 2.65 2.29 2.00 2.87 4.74 5.58 5.98 5.84 5.15 4.44 3.83 3.30 2.85 2.47 2.17 1.93 4.38
 27   5.40 5.90 5.82 5.15 4.46 3.83 3.30 2.83 2.47 2.14 1.88 4.27 5.49 6.11 6.23 5.63 4.85 4.16 3.58 3.08 2.67 2.32 2.03 3.41
 28   5.07 5.83 6.14 5.72 4.95 4.23 3.62 3.11 2.70 2.34 2.03 2.91 5.02 5.87 6.23 6.01 5.25 4.49 3.87 3.33 2.85 2.49 2.17 1.92
 29   4.53 5.53 6.06 6.01 5.32 4.58 3.94 3.38 2.90 2.51 2.17 1.90 4.37 5.45 6.07 6.15 5.61 4.79 4.11 3.53 3.03 2.62 2.27 1.98
 30   3.56 5.04 5.80 6.11 5.68 4.92 4.20 3.61 3.08 2.65 2.25 1.92 2.79 4.71 5.57 6.02 5.68 5.00 4.30 3.71 3.18 2.74 2.38 2.07
 31   1.82 4.41 5.40 5.88 5.80 5.14 4.44 3.83 3.29 2.84 2.50 2.18 1.90 3.90 5.00 5.61 5.82 5.31 4.60 3.98 3.44 2.96 2.56 2.22
 ----------------------------------------------------------------------------------------------------------------------------
                                                                                               
 ----------------------------------------------------------------------------------------------------------------------------
 ----------------------------------------------------------------------------------------------------------------------------
                                                          SURVEY OF INDIA
                                                    MARINE GEODESY WING (G&RB)
                                                     HOURLY HEIGHTS IN METRES
  NAME OF PORT:- GARDEN REACH                                                                       MONTH SEPT      YEAR 2018
 ----------------------------------------------------------------------------------------------------------------------------
 DAYS 0000 0001 0002 0003 0004 0005 0006 0007 0008 0009 0010 0011 0012 0013 0014 0015 0016 0017 0018 0019 0020 0021 0022 0023
 ----------------------------------------------------------------------------------------------------------------------------
  1   1.96 3.02 4.74 5.47 5.80 5.42 4.74 4.12 3.57 3.08 2.68 2.34 2.07 2.14 4.10 5.00 5.51 5.48 4.94 4.34 3.78 3.27 2.84 2.48
  2   2.20 1.99 3.76 4.72 5.25 5.42 5.01 4.46 3.90 3.41 2.97 2.61 2.32 2.13 3.36 4.31 4.94 5.27 5.06 4.56 4.04 3.57 3.09 2.70
  3   2.39 2.15 2.15 3.80 4.58 5.02 5.12 4.76 4.26 3.81 3.36 2.96 2.62 2.37 2.30 3.28 4.11 4.61 4.87 4.67 4.27 3.85 3.41 3.01
  4   2.67 2.40 2.21 2.65 3.68 4.31 4.69 4.78 4.50 4.13 3.73 3.33 2.97 2.68 2.49 2.45 2.94 3.63 4.14 4.47 4.58 4.29 3.95 3.58
  5   3.20 2.85 2.56 2.35 2.40 3.24 3.88 4.34 4.61 4.61 4.33 3.99 3.63 3.29 2.97 2.71 2.50 2.44 3.03 3.77 4.31 4.60 4.63 4.31
  6   3.93 3.54 3.13 2.76 2.45 2.23 2.25 3.34 4.13 4.68 4.94 4.88 4.56 4.20 3.83 3.45 3.12 2.87 2.76 3.38 4.14 4.67 5.03 5.20
  7   4.92 4.49 4.03 3.58 3.14 2.74 2.43 2.25 3.70 4.73 5.37 5.69 5.52 4.98 4.39 3.88 3.42 3.00 2.62 2.31 2.07 3.94 5.02 5.58
  8   5.63 5.26 4.65 4.08 3.56 3.08 2.66 2.32 2.04 3.36 5.00 5.85 6.11 5.74 5.04 4.36 3.78 3.26 2.82 2.47 2.17 1.91 4.50 5.49
  9   5.98 5.97 5.37 4.65 4.00 3.44 2.96 2.57 2.24 1.97 4.26 5.55 6.26 6.44 5.80 4.98 4.26 3.64 3.10 2.69 2.34 2.06 1.80 5.02
 10   6.06 6.48 6.22 5.41 4.62 3.90 3.29 2.82 2.43 2.12 1.84 4.95 6.10 6.60 6.50 5.68 4.82 4.08 3.44 2.94 2.52 2.16 1.88 3.52
 11   5.36 6.23 6.58 6.02 5.18 4.34 3.67 3.10 2.64 2.25 1.92 1.67 5.08 6.24 6.67 6.26 5.37 4.52 3.80 3.20 2.71 2.33 2.00 1.73
 12   4.55 5.78 6.30 6.42 5.67 4.85 4.07 3.41 2.87 2.45 2.10 1.80 3.80 5.38 6.16 6.40 5.72 4.88 4.12 3.47 2.90 2.48 2.13 1.83
 13   2.98 5.00 5.98 6.34 5.98 5.15 4.36 3.70 3.12 2.65 2.27 1.96 1.68 4.50 5.58 6.05 5.91 5.16 4.38 3.72 3.13 2.66 2.27 1.96
 14   1.71 4.00 5.16 5.79 5.96 5.37 4.62 3.94 3.34 2.85 2.45 2.11 1.84 2.60 4.48 5.32 5.64 5.32 4.70 4.02 3.40 2.88 2.45 2.12
 15   1.84 1.65 4.02 4.96 5.40 5.42 4.87 4.22 3.62 3.09 2.63 2.26 1.97 1.77 3.54 4.49 5.04 5.18 4.75 4.14 3.56 3.02 2.60 2.26
 16   1.98 1.79 3.10 4.18 4.78 5.12 4.88 4.38 3.83 3.33 2.87 2.49 2.19 1.97 2.76 3.76 4.44 4.79 4.66 4.24 3.77 3.27 2.83 2.49
 17   2.20 2.04 2.56 3.52 4.20 4.62 4.70 4.41 3.98 3.53 3.10 2.73 2.44 2.25 2.43 3.13 3.73 4.16 4.36 4.21 3.89 3.51 3.10 2.76
 18   2.51 2.35 2.33 2.86 3.46 3.90 4.20 4.32 4.14 3.83 3.49 3.16 2.86 2.62 2.48 2.56 3.00 3.43 3.73 3.91 3.91 3.70 3.45 3.20
 19   2.96 2.77 2.59 2.50 2.57 2.94 3.41 3.78 4.06 4.16 4.00 3.73 3.43 3.14 2.88 2.66 2.51 2.51 2.80 3.30 3.74 4.03 4.12 4.00
 20   3.75 3.46 3.16 2.86 2.62 2.48 2.50 2.94 3.77 4.36 4.65 4.65 4.41 4.06 3.70 3.32 3.01 2.82 2.76 3.16 3.76 4.26 4.64 4.88
 21   4.76 4.46 4.08 3.67 3.26 2.92 2.68 2.67 3.46 4.34 4.94 5.28 5.30 4.93 4.44 3.96 3.52 3.13 2.80 2.62 2.88 4.00 4.78 5.17
 22   5.15 4.74 4.28 3.82 3.36 2.94 2.60 2.33 2.60 3.92 4.86 5.34 5.40 5.00 4.48 3.96 3.48 3.04 2.66 2.34 2.11 3.26 4.48 5.12
 23   5.36 5.16 4.64 4.10 3.59 3.14 2.73 2.40 2.11 2.49 4.30 5.26 5.67 5.52 4.95 4.32 3.76 3.26 2.82 2.46 2.14 1.89 3.91 4.94
 24   5.47 5.58 5.12 4.50 3.92 3.39 2.93 2.55 2.22 1.94 3.30 4.80 5.54 5.80 5.40 4.70 4.06 3.52 3.06 2.65 2.31 2.01 2.84 4.52
 25   5.39 5.77 5.58 4.92 4.26 3.70 3.22 2.84 2.43 2.08 1.82 4.02 5.16 5.69 5.81 5.20 4.50 3.86 3.32 2.85 2.48 2.16 1.88 3.78
 26   5.10 5.74 5.92 5.42 4.70 4.02 3.44 2.95 2.53 2.16 1.84 2.60 4.74 5.58 5.87 5.54 4.79 4.09 3.49 2.96 2.54 2.20 1.90 1.71
 27   4.47 5.46 5.85 5.74 5.00 4.24 3.60 3.03 2.59 2.24 1.92 1.66 4.14 5.21 5.73 5.76 5.10 4.36 3.72 3.19 2.70 2.30 1.98 1.77
 28   3.68 4.99 5.69 5.88 5.34 4.56 3.86 3.27 2.78 2.40 2.05 1.81 3.02 4.76 5.54 5.82 5.44 4.68 3.98 3.38 2.86 2.44 2.10 1.78
 29   1.68 4.58 5.56 5.92 5.70 4.98 4.21 3.58 3.03 2.58 2.23 1.92 1.64 4.02 5.09 5.55 5.54 4.90 4.20 3.58 3.05 2.61 2.22 1.92
 30   1.64 3.80 4.88 5.48 5.66 5.17 4.50 3.88 3.31 2.83 2.42 2.10 1.85 2.45 4.03 4.82 5.17 5.01 4.43 3.81 3.31 2.90 2.54 2.21
 ----------------------------------------------------------------------------------------------------------------------------
                                                                                               
 ----------------------------------------------------------------------------------------------------------------------------
 ----------------------------------------------------------------------------------------------------------------------------
                                                          SURVEY OF INDIA
                                                    MARINE GEODESY WING (G&RB)
                                                     HOURLY HEIGHTS IN METRES
  NAME OF PORT:- GARDEN REACH                                                                       MONTH OCTOBER   YEAR 2018
 ----------------------------------------------------------------------------------------------------------------------------
 DAYS 0000 0001 0002 0003 0004 0005 0006 0007 0008 0009 0010 0011 0012 0013 0014 0015 0016 0017 0018 0019 0020 0021 0022 0023
 ----------------------------------------------------------------------------------------------------------------------------
  1   2.46 3.00 3.77 4.65 5.24 5.44 4.82 4.13 3.55 3.02 2.59 2.25 1.97 1.78 3.20 4.08 4.59 4.79 4.48 4.02 3.58 3.15 2.77 2.49
  2   2.14 2.40 3.06 3.84 4.44 4.79 4.74 4.28 3.80 3.37 2.96 2.61 2.30 2.06 2.06 3.12 3.80 4.22 4.40 4.20 3.80 3.38 2.99 2.63
  3   2.32 2.07 1.94 2.79 3.55 4.07 4.38 4.42 4.05 3.69 3.34 3.00 2.69 2.42 2.20 2.10 2.62 3.24 3.69 3.98 4.06 3.78 3.46 3.14
  4   2.82 2.54 2.26 2.03 2.26 3.00 3.56 3.98 4.24 4.23 3.92 3.57 3.25 2.92 2.60 2.32 2.10 2.02 2.56 3.22 3.71 4.04 4.14 3.84
  5   3.50 3.18 2.85 2.53 2.22 1.98 2.20 2.98 3.68 4.17 4.42 4.38 4.02 3.60 3.22 2.86 2.50 2.18 1.92 1.79 2.99 3.83 4.36 4.54
  6   4.32 3.90 3.48 3.09 2.72 2.36 2.06 1.82 2.65 3.86 4.58 4.89 4.82 4.27 3.74 3.23 2.76 2.36 2.02 1.80 1.78 3.12 4.24 4.80
  7   4.75 4.36 3.86 3.39 2.96 2.57 2.21 1.90 2.26 3.24 4.36 4.99 5.17 4.86 4.28 3.66 3.11 2.64 2.24 1.90 1.66 2.65 3.89 4.84
  8   5.23 4.95 4.40 3.82 3.29 2.84 2.43 2.06 1.75 2.69 3.84 4.86 5.45 5.46 4.90 4.20 3.58 3.01 2.52 2.12 1.78 1.52 3.52 4.77
  9   5.44 5.67 5.16 4.44 3.78 3.20 2.71 2.28 1.90 1.59 3.13 4.54 5.45 5.91 5.74 4.94 4.16 3.46 2.87 2.39 1.99 1.66 1.37 4.38
 10   5.52 6.02 6.10 5.36 4.46 3.74 3.10 2.57 2.13 1.75 1.43 3.56 5.02 5.86 6.15 5.52 4.69 3.89 3.24 2.68 2.23 1.87 1.55 3.04
 11   5.01 6.00 6.38 5.97 5.10 4.23 3.58 2.99 2.47 2.06 1.73 1.45 4.66 5.78 6.24 6.00 5.13 4.32 3.62 3.02 2.52 2.10 1.76 1.48
 12   4.48 5.62 6.10 6.14 5.43 4.56 3.84 3.23 2.70 2.27 1.92 1.61 3.88 5.15 5.84 5.99 5.38 4.56 3.86 3.27 2.76 2.33 1.98 1.69
 13   3.97 5.12 5.84 6.17 5.67 4.93 4.17 3.56 3.02 2.57 2.20 1.90 1.69 4.26 5.21 5.58 5.42 4.74 4.08 3.49 2.96 2.52 2.12 1.80
 14   1.54 3.62 4.68 5.28 5.46 4.98 4.31 3.68 3.18 2.73 2.33 2.00 1.72 2.04 3.96 4.76 5.03 4.74 4.21 3.63 3.14 2.70 2.30 2.00
 15   1.77 2.37 3.82 4.57 4.98 4.98 4.50 3.96 3.48 3.04 2.63 2.28 2.00 1.90 3.22 4.04 4.52 4.62 4.28 3.82 3.36 2.95 2.56 2.24
 16   2.00 2.08 3.10 3.90 4.36 4.60 4.48 4.04 3.61 3.21 2.84 2.52 2.25 2.06 2.56 3.32 3.87 4.16 4.15 3.82 3.48 3.12 2.77 2.46
 17   2.22 2.09 2.52 3.16 3.69 4.05 4.22 4.05 3.73 3.41 3.07 2.77 2.50 2.29 2.20 2.59 3.13 3.51 3.75 3.82 3.64 3.38 3.09 2.84
 18   2.61 2.42 2.34 2.50 2.96 3.37 3.70 3.92 3.98 3.77 3.51 3.23 2.96 2.70 2.47 2.33 2.30 2.59 3.05 3.42 3.67 3.75 3.63 3.41
 19   3.17 2.92 2.67 2.46 2.32 2.31 2.75 3.24 3.66 3.95 4.06 3.86 3.58 3.27 2.96 2.64 2.35 2.14 2.09 2.69 3.29 3.73 4.02 4.09
 20   3.85 3.54 3.21 2.88 2.56 2.27 2.10 2.42 3.28 3.87 4.26 4.38 4.12 3.78 3.41 3.04 2.68 2.34 2.07 1.91 2.63 3.48 4.08 4.41
 21   4.44 4.06 3.66 3.29 2.93 2.56 2.23 1.98 2.29 3.41 4.15 4.55 4.64 4.27 3.82 3.42 3.02 2.62 2.24 1.94 1.72 3.02 4.02 4.63
 22   4.84 4.58 4.08 3.59 3.16 2.76 2.38 2.06 1.82 2.98 4.10 4.80 5.06 4.81 4.26 3.74 3.28 2.82 2.42 2.06 1.78 2.14 4.08 4.94
 23   5.27 5.13 4.53 3.94 3.43 2.96 2.54 2.16 1.86 1.62 3.90 4.88 5.29 5.30 4.74 4.12 3.56 3.06 2.60 2.22 1.90 1.62 3.79 4.95
 24   5.48 5.59 5.09 4.38 3.76 3.22 2.74 2.34 2.00 1.70 2.90 4.54 5.33 5.59 5.23 4.54 3.87 3.28 2.81 2.38 2.03 1.72 1.47 4.42
 25   5.42 5.75 5.55 4.83 4.10 3.50 2.96 2.50 2.11 1.80 1.52 3.76 4.96 5.54 5.57 4.93 4.22 3.58 3.02 2.54 2.15 1.82 1.52 3.94
 26   5.12 5.74 5.89 5.32 4.58 3.84 3.26 2.73 2.29 1.95 1.65 1.56 4.33 5.32 5.64 5.38 4.65 3.96 3.36 2.82 2.38 2.02 1.68 1.42
 27   4.52 5.45 5.82 5.68 4.96 4.23 3.60 3.02 2.54 2.16 1.82 1.57 3.38 4.58 5.26 5.55 5.04 4.38 3.69 3.14 2.66 2.24 1.90 1.60
 28   3.20 4.74 5.49 5.82 5.46 4.69 3.98 3.38 2.86 2.42 2.06 1.74 1.53 3.84 4.82 5.28 5.28 4.64 3.98 3.42 2.91 2.47 2.10 1.78
 29   1.54 3.88 4.85 5.38 5.49 5.00 4.29 3.68 3.18 2.74 2.35 2.00 1.74 2.62 4.00 4.79 5.06 4.76 4.15 3.59 3.12 2.69 2.30 2.00
 30   1.76 2.46 3.88 4.67 5.07 5.00 4.44 3.90 3.40 2.94 2.58 2.25 1.98 1.82 2.92 3.88 4.46 4.70 4.40 3.90 3.42 2.98 2.58 2.26
 31   2.02 1.90 3.00 3.88 4.47 4.75 4.66 4.17 3.72 3.30 2.94 2.60 2.30 2.09 2.14 3.12 3.79 4.22 4.41 4.22 3.80 3.40 3.02 2.68
 ----------------------------------------------------------------------------------------------------------------------------
                                                                                               
 ----------------------------------------------------------------------------------------------------------------------------
 ----------------------------------------------------------------------------------------------------------------------------
                                                          SURVEY OF INDIA
                                                    MARINE GEODESY WING (G&RB)
                                                     HOURLY HEIGHTS IN METRES
  NAME OF PORT:- GARDEN REACH                                                                       MONTH NOVEMBER  YEAR 2018
 ----------------------------------------------------------------------------------------------------------------------------
 DAYS 0000 0001 0002 0003 0004 0005 0006 0007 0008 0009 0010 0011 0012 0013 0014 0015 0016 0017 0018 0019 0020 0021 0022 0023
 ----------------------------------------------------------------------------------------------------------------------------
  1   2.40 2.17 2.11 2.92 3.63 4.18 4.50 4.52 4.13 3.74 3.38 3.04 2.72 2.44 2.23 2.14 2.74 3.39 3.90 4.23 4.27 3.98 3.62 3.26
  2   2.90 2.52 2.15 2.04 2.38 3.17 3.76 4.20 4.42 4.33 4.00 3.64 3.30 2.96 2.64 2.38 2.15 2.08 2.82 3.48 3.99 4.32 4.36 4.02
  3   3.64 3.30 2.97 2.64 2.35 2.13 2.42 3.34 3.96 4.38 4.52 4.24 3.86 3.51 3.15 2.79 2.46 2.15 1.94 2.18 3.33 4.06 4.48 4.56
  4   4.29 3.89 3.50 3.13 2.77 2.44 2.17 2.00 3.14 3.98 4.52 4.78 4.60 4.18 3.74 3.30 2.90 2.53 2.18 1.92 1.78 3.62 4.50 4.96
  5   4.97 4.54 4.04 3.56 3.12 2.74 2.40 2.10 1.86 3.32 4.36 4.98 5.16 4.81 4.26 3.74 3.29 2.85 2.42 2.06 1.80 2.16 4.38 5.14
  6   5.42 5.16 4.60 4.00 3.47 3.00 2.58 2.22 1.91 1.68 3.98 4.88 5.26 5.18 4.60 4.02 3.50 3.02 2.60 2.25 1.91 1.72 3.72 4.96
  7   5.52 5.63 5.10 4.42 3.79 3.26 2.78 2.36 2.00 1.70 1.58 4.38 5.20 5.46 5.10 4.44 3.82 3.29 2.82 2.40 2.02 1.70 1.43 4.34
  8   5.28 5.65 5.52 4.86 4.18 3.58 3.04 2.56 2.16 1.84 1.54 3.44 4.75 5.26 5.36 4.81 4.13 3.53 3.02 2.56 2.16 1.83 1.53 3.43
  9   4.80 5.46 5.72 5.28 4.56 3.88 3.30 2.79 2.35 1.99 1.67 1.39 4.12 5.02 5.34 5.09 4.44 3.82 3.28 2.78 2.34 1.98 1.68 1.42
 10   4.21 5.14 5.51 5.44 4.84 4.15 3.55 3.00 2.56 2.21 1.88 1.57 3.11 4.28 4.90 5.08 4.63 4.02 3.47 2.98 2.56 2.18 1.86 1.60
 11   2.88 4.32 5.04 5.32 4.98 4.34 3.74 3.21 2.76 2.37 2.02 1.76 1.57 3.56 4.45 4.86 4.74 4.20 3.68 3.21 2.78 2.41 2.06 1.77
 12   1.62 3.62 4.54 5.02 5.13 4.56 3.94 3.46 3.02 2.64 2.28 1.98 1.75 2.88 3.83 4.36 4.58 4.31 3.90 3.44 3.02 2.64 2.30 2.02
 13   2.16 2.62 3.88 4.54 4.83 4.71 4.21 3.71 3.26 2.86 2.50 2.22 1.99 2.30 3.42 4.06 4.38 4.44 4.02 3.60 3.20 2.84 2.50 2.20
 14   1.98 2.56 3.54 4.16 4.54 4.65 4.30 3.87 3.48 3.11 2.78 2.47 2.21 2.08 2.90 3.60 4.06 4.28 4.16 3.78 3.40 3.06 2.75 2.46
 15   2.23 2.39 3.02 3.64 4.10 4.36 4.40 4.03 3.66 3.34 3.02 2.73 2.45 2.25 2.40 3.07 3.58 3.94 4.13 4.00 3.66 3.32 3.02 2.76
 16   2.53 2.38 2.54 3.04 3.54 3.91 4.15 4.20 3.96 3.64 3.32 3.02 2.74 2.48 2.28 2.23 2.70 3.18 3.54 3.78 3.85 3.66 3.40 3.14
 17   2.90 2.68 2.48 2.38 2.60 3.10 3.58 3.91 4.09 3.99 3.74 3.45 3.15 2.84 2.55 2.31 2.15 2.30 2.80 3.30 3.68 3.92 3.94 3.72
 18   3.44 3.15 2.87 2.62 2.40 2.24 2.48 3.10 3.64 3.98 4.11 3.86 3.54 3.21 2.89 2.59 2.31 2.08 1.95 2.56 3.22 3.74 4.09 4.19
 19   3.90 3.55 3.22 2.92 2.62 2.33 2.11 2.30 3.08 3.76 4.16 4.30 4.04 3.68 3.31 2.97 2.64 2.32 2.03 1.84 2.46 3.44 4.12 4.50
 20   4.52 4.12 3.68 3.28 2.92 2.60 2.31 2.03 2.25 3.36 4.08 4.48 4.57 4.20 3.78 3.37 3.00 2.64 2.30 2.00 1.79 2.90 4.14 4.80
 21   4.98 4.73 4.20 3.69 3.24 2.84 2.47 2.14 1.86 2.26 3.82 4.55 4.87 4.74 4.20 3.70 3.25 2.84 2.47 2.13 1.83 1.62 3.93 4.92
 22   5.36 5.25 4.68 4.09 3.55 3.08 2.64 2.28 1.94 1.68 3.26 4.48 5.02 5.14 4.62 4.03 3.51 3.04 2.62 2.24 1.92 1.64 3.24 4.74
 23   5.42 5.62 5.18 4.48 3.84 3.28 2.80 2.36 2.01 1.71 1.50 4.06 4.96 5.30 5.11 4.49 3.88 3.35 2.86 2.43 2.06 1.74 1.46 4.36
 24   5.38 5.83 5.70 5.00 4.30 3.67 3.10 2.62 2.22 1.86 1.58 2.80 4.42 5.16 5.40 5.00 4.33 3.72 3.18 2.70 2.26 1.91 1.59 1.37
 25   4.60 5.51 5.82 5.50 4.82 4.12 3.50 2.97 2.52 2.14 1.81 1.52 3.64 4.71 5.25 5.34 4.78 4.13 3.52 3.00 2.54 2.15 1.82 1.53
 26   3.72 4.88 5.52 5.70 5.26 4.55 3.92 3.36 2.86 2.44 2.07 1.77 1.58 3.97 4.84 5.22 5.05 4.48 3.86 3.32 2.85 2.43 2.08 1.79
 27   1.58 4.12 5.07 5.49 5.46 4.90 4.28 3.70 3.20 2.77 2.38 2.06 1.79 2.44 4.03 4.74 5.03 4.66 4.14 3.64 3.20 2.79 2.40 2.07
 28   1.82 2.48 3.94 4.78 5.17 5.09 4.56 4.01 3.52 3.09 2.70 2.35 2.06 1.83 2.80 3.86 4.48 4.74 4.44 3.95 3.48 3.07 2.70 2.35
 29   2.04 1.83 2.91 3.89 4.53 4.83 4.79 4.32 3.81 3.37 2.98 2.62 2.30 2.06 1.86 2.63 3.50 4.09 4.41 4.23 3.85 3.46 3.08 2.73
 30   2.41 2.14 1.96 2.67 3.48 4.07 4.44 4.53 4.19 3.77 3.39 3.02 2.68 2.37 2.11 1.91 2.29 3.15 3.75 4.09 4.19 3.89 3.51 3.16
 ----------------------------------------------------------------------------------------------------------------------------
                                                                                              
 ----------------------------------------------------------------------------------------------------------------------------
 ----------------------------------------------------------------------------------------------------------------------------
                                                          SURVEY OF INDIA
                                                    MARINE GEODESY WING (G&RB)
                                                     HOURLY HEIGHTS IN METRES
  NAME OF PORT:- GARDEN REACH                                                                       MONTH DECEMBER  YEAR 2018
 ----------------------------------------------------------------------------------------------------------------------------
 DAYS 0000 0001 0002 0003 0004 0005 0006 0007 0008 0009 0010 0011 0012 0013 0014 0015 0016 0017 0018 0019 0020 0021 0022 0023
 ----------------------------------------------------------------------------------------------------------------------------
  1   2.85 2.57 2.30 2.09 2.26 3.12 3.74 4.15 4.35 4.19 3.81 3.43 3.08 2.76 2.44 2.16 1.94 2.10 2.89 3.53 3.96 4.20 4.14 3.81
  2   3.45 3.11 2.80 2.50 2.23 2.04 2.59 3.39 3.96 4.27 4.28 3.92 3.53 3.17 2.83 2.52 2.23 1.98 1.80 2.49 3.41 3.99 4.34 4.37
  3   4.01 3.62 3.26 2.93 2.60 2.30 2.07 2.39 3.27 3.91 4.31 4.41 4.05 3.64 3.26 2.91 2.58 2.31 2.11 2.05 2.53 3.65 4.40 4.71
  4   4.67 4.16 3.71 3.30 2.95 2.61 2.28 1.99 2.27 3.39 4.09 4.46 4.51 4.13 3.69 3.29 2.94 2.61 2.31 1.99 1.73 2.94 4.15 4.75
  5   4.99 4.71 4.22 3.73 3.28 2.86 2.48 2.15 1.87 2.27 3.65 4.31 4.60 4.53 4.05 3.61 3.20 2.82 2.46 2.12 1.83 1.62 3.61 4.62
  6   5.11 5.11 4.59 4.03 3.51 3.04 2.63 2.27 1.97 1.71 2.77 3.91 4.50 4.71 4.41 3.94 3.47 3.05 2.67 2.31 1.97 1.71 2.48 4.27
  7   5.06 5.31 5.00 4.38 3.81 3.33 2.88 2.48 2.12 1.84 1.63 3.41 4.27 4.68 4.72 4.23 3.71 3.26 2.86 2.49 2.14 1.83 1.59 3.57
  8   4.70 5.19 5.20 4.69 4.09 3.57 3.09 2.67 2.28 1.95 1.71 2.19 3.61 4.31 4.62 4.49 3.99 3.51 3.08 2.69 2.31 1.98 1.71 1.53
  9   3.93 4.78 5.13 4.97 4.40 3.85 3.35 2.92 2.52 2.16 1.87 1.67 2.89 3.89 4.40 4.57 4.20 3.72 3.27 2.88 2.51 2.16 1.85 1.61
 10   3.21 4.33 4.86 5.04 4.66 4.10 3.59 3.13 2.73 2.36 2.03 1.76 2.01 3.46 4.17 4.49 4.35 3.90 3.45 3.05 2.67 2.30 1.98 1.73
 11   2.19 3.73 4.51 4.85 4.76 4.23 3.73 3.30 2.91 2.55 2.23 1.95 1.75 2.90 3.75 4.24 4.41 4.09 3.65 3.23 2.83 2.47 2.14 1.86
 12   1.67 3.01 3.93 4.53 4.75 4.36 3.90 3.49 3.10 2.73 2.41 2.11 1.88 2.12 3.25 3.90 4.23 4.19 3.83 3.45 3.07 2.70 2.36 2.08
 13   1.83 2.36 3.43 4.08 4.39 4.44 4.03 3.61 3.24 2.90 2.58 2.28 2.03 1.87 2.65 3.39 3.89 4.11 3.91 3.54 3.17 2.84 2.51 2.22
 14   1.99 1.91 2.83 3.55 4.02 4.26 4.16 3.78 3.40 3.07 2.74 2.44 2.16 1.95 2.10 2.86 3.43 3.80 3.95 3.66 3.31 3.00 2.71 2.44
 15   2.19 2.02 2.29 2.99 3.51 3.87 4.05 3.91 3.58 3.25 2.94 2.63 2.33 2.08 1.90 2.05 2.75 3.30 3.67 3.81 3.55 3.23 2.93 2.65
 16   2.42 2.24 2.06 2.40 2.96 3.42 3.77 3.93 3.73 3.42 3.10 2.81 2.54 2.28 2.06 1.91 2.24 2.75 3.20 3.55 3.72 3.57 3.31 3.05
 17   2.80 2.57 2.35 2.16 2.07 2.64 3.11 3.45 3.67 3.69 3.46 3.17 2.90 2.63 2.37 2.13 1.95 1.91 2.50 3.05 3.47 3.72 3.75 3.50
 18   3.19 2.89 2.61 2.35 2.12 1.96 2.24 2.85 3.39 3.70 3.84 3.77 3.43 3.05 2.70 2.39 2.12 1.90 1.73 2.00 2.87 3.49 3.91 4.11
 19   3.88 3.53 3.20 2.89 2.59 2.31 2.05 1.91 2.73 3.39 3.82 3.99 3.75 3.41 3.08 2.77 2.48 2.18 1.92 1.74 2.25 3.24 3.97 4.34
 20   4.39 3.98 3.57 3.20 2.86 2.53 2.24 1.98 1.86 3.05 3.76 4.18 4.29 3.97 3.58 3.21 2.87 2.52 2.19 1.89 1.68 2.39 3.80 4.55
 21   4.80 4.69 4.18 3.68 3.24 2.86 2.47 2.14 1.87 1.75 3.31 4.09 4.41 4.44 4.04 3.58 3.16 2.79 2.42 2.09 1.78 1.55 3.37 4.47
 22   5.02 5.15 4.71 4.13 3.59 3.13 2.70 2.29 1.95 1.68 1.57 3.60 4.36 4.63 4.47 3.98 3.48 3.05 2.67 2.29 1.94 1.66 1.42 3.93
 23   4.90 5.28 5.23 4.65 4.04 3.49 3.01 2.57 2.17 1.86 1.57 2.24 4.03 4.69 4.90 4.51 3.95 3.45 3.01 2.59 2.19 1.83 1.55 2.25
 24   4.51 5.29 5.55 5.21 4.57 3.92 3.35 2.85 2.42 2.04 1.72 1.46 3.23 4.32 4.86 4.99 4.46 3.87 3.35 2.90 2.47 2.08 1.75 1.47
 25   3.79 4.95 5.46 5.52 5.00 4.33 3.73 3.22 2.75 2.33 1.95 1.63 1.41 3.61 4.53 4.89 4.72 4.21 3.71 3.23 2.79 2.39 1.99 1.69
 26   1.44 3.99 4.92 5.33 5.29 4.74 4.11 3.52 3.04 2.61 2.23 1.88 1.63 1.45 3.69 4.50 4.82 4.65 4.08 3.55 3.10 2.69 2.29 1.95
 27   1.67 2.04 3.93 4.73 5.11 4.98 4.42 3.87 3.39 2.97 2.58 2.21 1.92 1.68 2.27 3.67 4.36 4.61 4.37 3.86 3.39 3.00 2.61 2.28
 28   1.96 1.71 2.67 3.81 4.47 4.79 4.68 4.15 3.66 3.23 2.86 2.51 2.18 1.91 1.69 2.37 3.39 3.99 4.26 4.12 3.67 3.26 2.89 2.56
 29   2.24 1.97 1.82 2.86 3.65 4.16 4.43 4.32 3.86 3.45 3.10 2.76 2.44 2.15 1.91 1.75 2.57 3.31 3.76 4.00 3.91 3.51 3.11 2.75
 30   2.43 2.16 1.97 1.87 2.41 3.14 3.70 3.98 4.03 3.69 3.31 2.97 2.65 2.35 2.08 1.85 1.75 2.21 2.91 3.53 3.88 3.77 3.39 3.04
 31   2.72 2.43 2.19 2.00 1.90 2.55 3.10 3.49 3.77 3.86 3.58 3.23 2.93 2.64 2.37 2.10 1.88 1.75 2.19 2.87 3.44 3.85 4.03 3.87
 ----------------------------------------------------------------------------------------------------------------------------
                                                                                               
 ----------------------------------------------------------------------------------------------------------------------------
 ----------------------------------------------------------------------------------------------------------------------------
