                                                          SURVEY OF INDIA
                                                    MARINE GEODESY WING (G&RB)
                                                     HOURLY HEIGHTS IN METRES
  NAME OF PORT:- GARDEN REACH                                                                       MONTH JANUARY   YEAR 2021
 ----------------------------------------------------------------------------------------------------------------------------
 DAYS 0000 0001 0002 0003 0004 0005 0006 0007 0008 0009 0010 0011 0012 0013 0014 0015 0016 0017 0018 0019 0020 0021 0022 0023
 ----------------------------------------------------------------------------------------------------------------------------
  1
  2   3.88 4.36 4.78 5.04 4.84 4.30 3.78 3.34 2.96 2.60 2.28 2.00 1.84 2.90 3.80 4.39 4.45 4.10 3.65 3.25 2.90 2.54 2.24 1.96
  3   3.02 3.74 4.29 4.76 4.93 4.58 4.05 3.58 3.20 2.84 2.48 2.15 1.95 2.24 3.38 4.02 4.42 4.28 3.84 3.49 3.10 2.76 2.44 2.16
  4   1.92 2.78 3.70 4.34 4.72 4.80 4.32 3.85 3.42 3.06 2.70 2.40 2.12 1.92 2.62 3.58 4.14 4.42 4.24 3.76 3.36 3.02 2.70 2.40
  5   2.10 1.94 2.96 3.72 4.28 4.56 4.50 4.00 3.60 3.26 2.92 2.60 2.32 2.08 1.92 2.84 3.60 4.06 4.28 4.10 3.66 3.30 2.98 2.69
  6   2.38 2.15 2.06 3.00 3.64 4.14 4.43 4.34 3.86 3.49 3.16 2.86 2.56 2.30 2.06 2.06 3.00 3.58 4.04 4.26 4.10 3.68 3.32 3.02
  7   2.72 2.46 2.24 2.16 2.96 3.54 4.02 4.28 4.22 3.80 3.44 3.16 2.84 2.54 2.28 2.06 2.02 2.86 3.44 3.90 4.18 4.16 3.76 3.42
  8   3.12 2.86 2.58 2.34 2.18 2.64 3.30 3.76 4.09 4.14 3.80 3.46 3.16 2.86 2.55 2.28 2.06 1.94 2.58 3.26 3.80 4.18 4.32 4.02
  9   3.62 3.30 3.02 2.73 2.46 2.23 2.16 2.94 3.49 3.90 4.12 3.96 3.58 3.24 2.95 2.66 2.38 2.13 1.94 2.20 3.14 3.84 4.29 4.56
 10   4.34 3.90 3.52 3.20 2.88 2.56 2.30 2.10 2.60 3.38 3.90 4.20 4.15 3.72 3.37 3.05 2.74 2.44 2.16 1.93 2.04 3.29 4.12 4.65
 11   4.84 4.54 4.04 3.58 3.22 2.88 2.54 2.26 2.04 2.56 3.58 4.12 4.43 4.32 3.89 3.46 3.12 2.78 2.42 2.13 1.89 1.92 3.90 4.72
 12   5.14 5.10 4.56 4.00 3.50 3.08 2.68 2.34 2.04 1.82 2.80 3.82 4.36 4.62 4.40 3.90 3.48 3.10 2.74 2.40 2.10 1.86 2.56 4.36
 13   5.12 5.40 5.18 4.56 3.92 3.40 2.98 2.58 2.22 1.94 1.73 2.96 4.04 4.56 4.74 4.46 3.90 3.44 3.04 2.68 2.32 2.02 1.78 3.16
 14   4.60 5.22 5.42 5.10 4.44 3.80 3.34 2.90 2.50 2.18 1.90 1.70 3.40 4.28 4.74 4.80 4.30 3.76 3.32 2.92 2.54 2.20 1.90 1.74
 15   3.96 4.82 5.26 5.34 4.82 4.20 3.64 3.20 2.78 2.40 2.08 1.84 2.34 3.88 4.56 4.87 4.70 4.12 3.60 3.16 2.78 2.42 2.12 1.86
 16   2.64 4.20 4.92 5.28 5.16 4.54 3.96 3.46 3.04 2.66 2.30 2.02 1.81 3.00 4.04 4.56 4.72 4.36 3.82 3.38 2.98 2.62 2.30 2.02
 17   1.82 3.14 4.14 4.72 4.90 4.62 4.06 3.58 3.20 2.82 2.48 2.18 1.92 1.88 3.32 4.04 4.44 4.44 4.00 3.52 3.14 2.79 2.44 2.16
 18   1.94 2.26 3.44 4.12 4.54 4.64 4.20 3.74 3.34 3.00 2.66 2.34 2.08 1.88 2.70 3.58 4.06 4.34 4.14 3.66 3.27 2.94 2.62 2.32
 19   2.08 1.95 2.96 3.68 4.20 4.48 4.38 3.92 3.52 3.18 2.86 2.54 2.28 2.04 2.16 3.18 3.76 4.16 4.26 3.90 3.52 3.16 2.84 2.56
 20   2.28 2.08 2.60 3.36 3.84 4.24 4.32 4.02 3.64 3.32 3.02 2.68 2.42 2.20 2.06 2.82 3.42 3.84 4.08 4.02 3.64 3.30 3.00 2.70
 21   2.42 2.20 2.16 2.88 3.38 3.74 3.98 3.92 3.56 3.24 2.96 2.68 2.42 2.16 2.00 2.30 2.98 3.42 3.76 3.92 3.76 3.44 3.16 2.90
 22   2.62 2.44 2.28 2.40 2.90 3.30 3.60 3.84 3.78 3.48 3.20 2.94 2.66 2.40 2.20 2.08 2.42 3.00 3.40 3.72 3.88 3.78 3.50 3.24
 23   3.02 2.78 2.57 2.40 2.36 2.68 3.08 3.40 3.64 3.68 3.46 3.20 2.96 2.70 2.46 2.24 2.08 2.20 2.76 3.18 3.58 3.84 3.95 3.76
 24   3.50 3.22 2.96 2.70 2.46 2.28 2.24 2.68 3.14 3.46 3.70 3.66 3.38 3.12 2.88 2.62 2.36 2.16 2.02 2.40 3.02 3.52 3.90 4.12
 25   4.04 3.68 3.36 3.08 2.80 2.52 2.30 2.16 2.54 3.12 3.56 3.82 3.84 3.54 3.22 2.94 2.64 2.38 2.12 1.94 2.14 2.96 3.56 4.04
 26   4.23 4.20 3.80 3.40 3.10 2.80 2.50 2.22 2.02 2.38 3.10 3.58 3.88 3.90 3.54 3.20 2.90 2.60 2.30 2.04 1.84 2.12 3.12 3.86
 27   4.34 4.52 4.26 3.80 3.40 3.08 2.74 2.44 2.16 1.94 2.48 3.30 3.80 4.10 4.02 3.58 3.20 2.90 2.58 2.26 2.00 1.78 2.54 3.56
 28   4.46 4.76 4.70 4.18 3.70 3.28 2.92 2.54 2.22 1.96 1.80 2.90 3.78 4.24 4.40 4.06 3.60 3.20 2.84 2.48 2.16 1.88 1.68 3.56
 29   4.52 4.98 5.12 4.70 4.12 3.56 3.14 2.74 2.36 2.04 1.80 2.10 3.74 4.42 4.76 4.62 4.08 3.56 3.16 2.76 2.40 2.08 1.72 1.99
 30   4.26 4.94 5.30 5.22 4.62 4.00 3.44 3.00 2.60 2.22 1.92 1.68 2.86 4.12 4.66 4.94 4.48 3.90 3.40 2.98 2.58 2.24 1.92 1.68
 31   3.48 4.62 5.06 5.36 5.04 4.33 3.75 3.23 2.83 2.43 2.06 1.78 1.60 3.44 4.42 4.84 4.82 4.24 3.70 3.22 2.82 2.42 2.10 1.86
 ----------------------------------------------------------------------------------------------------------------------------
                                                                                               
 ----------------------------------------------------------------------------------------------------------------------------
 ----------------------------------------------------------------------------------------------------------------------------
                                                          SURVEY OF INDIA
                                                    MARINE GEODESY WING (G&RB)
                                                     HOURLY HEIGHTS IN METRES
  NAME OF PORT:- GARDEN REACH                                                                       MONTH FEBRUARY  YEAR 2021
 ----------------------------------------------------------------------------------------------------------------------------
 DAYS 0000 0001 0002 0003 0004 0005 0006 0007 0008 0009 0010 0011 0012 0013 0014 0015 0016 0017 0018 0019 0020 0021 0022 0023
 ----------------------------------------------------------------------------------------------------------------------------
  1   2.22 3.80 4.76 5.24 5.32 4.66 4.04 3.48 3.03 2.63 2.24 1.92 1.66 2.20 4.06 4.72 5.00 4.76 4.14 3.54 3.08 2.68 2.30 1.98
  2   1.72 2.72 4.18 4.88 5.18 5.00 4.40 3.78 3.30 2.90 2.52 2.16 1.86 1.62 3.10 4.22 4.76 4.92 4.50 3.90 3.40 2.98 2.58 2.24
  3   1.96 1.76 3.22 4.16 4.68 4.90 4.60 4.00 3.52 3.14 2.76 2.42 2.10 1.86 1.74 3.34 4.12 4.56 4.64 4.18 3.66 3.26 2.88 2.54
  4   2.24 2.00 2.06 3.32 3.96 4.42 4.54 4.20 3.72 3.32 2.98 2.62 2.30 2.04 1.80 2.30 3.40 4.00 4.40 4.42 3.98 3.52 3.14 2.82
  5   2.50 2.24 2.02 2.50 3.30 3.82 4.20 4.30 3.92 3.52 3.16 2.84 2.54 2.24 2.00 1.84 2.60 3.38 3.86 4.22 4.30 3.90 3.50 3.16
  6   2.86 2.58 2.32 2.14 2.46 3.16 3.62 3.98 4.10 3.78 3.44 3.12 2.80 2.52 2.24 2.02 1.87 2.46 3.10 3.62 4.06 4.27 4.06 3.71
  7   3.30 2.96 2.68 2.42 2.20 2.06 2.54 3.04 3.46 3.76 3.88 3.64 3.30 2.98 2.68 2.39 2.12 1.89 1.93 2.66 3.26 3.80 4.18 4.22
  8   3.88 3.52 3.20 2.90 2.61 2.34 2.12 2.02 2.71 3.22 3.62 3.86 3.78 3.46 3.14 2.82 2.54 2.26 2.02 1.84 2.32 3.18 3.88 4.34
  9   4.50 4.18 3.74 3.34 3.02 2.72 2.40 2.14 1.96 2.60 3.34 3.80 4.10 4.12 3.72 3.34 3.00 2.70 2.38 2.10 1.86 2.13 3.40 4.20
 10   4.74 4.80 4.40 3.90 3.46 3.08 2.70 2.40 2.15 1.97 2.60 3.60 4.12 4.38 4.26 3.80 3.44 3.08 2.72 2.38 2.08 1.84 2.50 4.08
 11   4.82 5.10 4.98 4.40 3.84 3.38 2.94 2.56 2.22 1.94 1.72 3.00 4.02 4.54 4.70 4.36 3.82 3.38 3.00 2.62 2.27 1.96 1.75 2.88
 12   4.42 5.16 5.26 4.84 4.28 3.74 3.22 2.82 2.42 2.06 1.78 1.84 3.70 4.44 4.82 4.78 4.22 3.68 3.22 2.82 2.42 2.10 1.84 1.70
 13
 14
 15
 16
 17
 18   1.92 1.74 2.70 3.68 4.16 4.42 4.08 3.66 3.27 2.90 2.56 2.24 1.96 1.74 2.48 3.44 4.00 4.28 4.16 3.74 3.34 3.00 2.66 2.34
 19   2.08 1.88 2.08 3.02 3.72 4.16 4.16 3.72 3.34 2.98 2.64 2.38 2.08 1.86 1.96 2.92 3.52 3.88 4.04 3.84 3.46 3.10 2.72 2.34
 20
 21
 22
 23   3.50 3.18 2.94 2.70 2.44 2.20 2.03 2.16 2.74 3.18 3.50 3.64 3.46 3.18 2.90 2.62 2.38 2.12 1.94 1.88 2.60 3.26 3.80 4.14
 24   4.14 3.80 3.42 3.10 2.82 2.52 2.22 2.00 1.90 2.66 3.24 3.66 3.90 3.80 3.40 3.06 2.78 2.46 2.16 1.90 1.72 2.44 3.40 4.04
 25   4.38 4.38 3.96 3.52 3.16 2.84 2.50 2.20 1.94 1.76 2.76 3.52 3.98 4.16 3.92 3.50 3.12 2.80 2.46 2.14 1.88 1.68 2.96 4.08
 26   4.66 4.84 4.60 4.04 3.52 3.12 2.70 2.34 2.02 1.76 1.70 3.50 4.18 4.60 4.58 4.06 3.60 3.14 2.74 2.34 1.96 1.62 1.34 3.66
 27   4.50 5.10 5.04 4.58 4.00 3.42 2.92 2.50 2.10 1.78 1.50 2.65 4.22 4.77 4.96 4.57 3.99 3.46 2.96 2.54 2.16 1.80 1.50 2.74
 28   4.75 5.34 5.56 5.24 4.50 3.78 3.20 2.70 2.28 1.92 1.60 1.32 4.00 4.95 5.36 5.20 4.57 3.90 3.34 2.84 2.38 1.97 1.62 1.34
 ----------------------------------------------------------------------------------------------------------------------------
                                                                                               
 ----------------------------------------------------------------------------------------------------------------------------
 ----------------------------------------------------------------------------------------------------------------------------
                                                          SURVEY OF INDIA
                                                    MARINE GEODESY WING (G&RB)
                                                     HOURLY HEIGHTS IN METRES
  NAME OF PORT:- GARDEN REACH                                                                       MONTH MARCH     YEAR 2021
 ----------------------------------------------------------------------------------------------------------------------------
 DAYS 0000 0001 0002 0003 0004 0005 0006 0007 0008 0009 0010 0011 0012 0013 0014 0015 0016 0017 0018 0019 0020 0021 0022 0023
 ----------------------------------------------------------------------------------------------------------------------------
  1   4.34 5.14 5.62 5.66 5.08 4.24 3.56 3.00 2.50 2.08 1.72 1.30 2.76 4.52 5.26 5.50 5.20 4.46 3.68 3.10 2.60 2.20 1.84 1.52
  2   1.22 3.90 5.59 5.83 5.44 4.70 3.98 3.30 2.74 2.26 1.84 1.46 1.18 3.94 4.90 5.46 5.50 5.00 4.32 3.64 3.04 2.58 2.14 1.68
  3   1.34 2.08 4.20 5.16 5.55 5.65 5.12 4.43 3.60 2.78 2.06 1.62 1.35 1.14 4.04 4.88 5.32 5.24 4.62 3.95 3.30 2.78 2.36 1.85
  4   1.40 1.91 2.99 4.24 4.99 5.50 5.74 5.54 4.64 3.60 2.56 1.96 1.64 1.34 2.74 4.06 4.74 5.00 4.72 4.10 3.46 2.96 2.52 2.14
  5   1.80 1.56 2.48 3.80 4.42 4.72 4.60 4.00 3.44 3.00 2.60 2.24 1.90 1.64 1.50 3.20 3.98 4.48 4.62 4.34 3.80 3.26 2.84 2.46
  6   2.14 1.92 1.72 2.98 3.68 4.14 4.38 4.10 3.62 3.20 2.78 2.42 2.12 1.84 1.60 2.06 3.02 3.62 4.04 4.23 4.02 3.56 3.12 2.78
  7   2.42 2.12 1.86 1.74 2.54 3.20 3.64 3.86 3.76 3.40 2.98 2.63 2.32 2.04 1.80 1.62 2.08 2.90 3.48 3.90 4.12 4.02 3.56 3.24
  8   2.86 2.56 2.26 2.02 1.87 2.06 2.64 3.06 3.37 3.56 3.56 3.22 2.94 2.66 2.35 2.08 1.84 1.72 2.12 2.78 3.34 3.78 4.04 4.04
  9   3.62 3.28 2.96 2.66 2.36 2.08 1.82 2.00 2.68 3.27 3.70 3.87 3.74 3.40 3.04 2.74 2.42 2.10 1.82 1.64 2.38 3.26 3.86 4.22
 10   4.30 3.96 3.52 3.10 2.74 2.38 2.06 1.78 1.60 2.60 3.40 3.88 4.12 4.06 3.60 3.20 2.84 2.48 2.12 1.80 1.54 2.22 3.68 4.34
 11   4.61 4.50 3.98 3.42 2.96 2.58 2.20 1.86 1.56 1.38 2.94 4.00 4.42 4.56 4.18 3.66 3.18 2.78 2.38 2.02 1.70 1.46 3.36 4.46
 12   4.96 5.00 4.58 4.06 3.42 2.96 2.52 2.14 1.70 1.48 1.38 3.66 4.56 4.86 4.74 4.14 3.54 3.04 2.60 2.18 1.84 1.58 1.40 1.90
 13   3.62 5.02 5.23 4.86 4.34 3.67 3.17 2.71 2.31 1.90 1.96 2.53 4.06 4.73 5.02 4.99 4.39 3.76 3.16 2.70 2.34 1.93 2.12 2.90
 14   3.90 4.60 5.08 5.46 5.14 4.62 3.90 3.38 2.90 2.48 2.04 2.46 3.28 4.26 4.90 5.18 5.30 4.64 3.98 3.33 2.86 2.47 2.12 2.76
 15   3.50 4.26 5.00 5.44 5.69 5.42 4.90 4.23 3.55 3.00 2.34 1.99 2.98 4.26 4.88 5.06 4.68 3.98 3.38 2.88 2.42 2.04 1.70 1.40
 16   3.08 4.32 4.90 5.08 4.72 4.06 3.44 2.94 2.50 2.10 1.76 1.48 1.26 3.72 4.54 4.94 4.88 4.26 3.62 3.08 2.58 2.22 1.86 1.56
 17   1.38 3.66 4.44 4.82 4.82 4.28 3.64 3.12 2.68 2.28 1.90 1.62 1.32 3.20 4.22 4.76 4.88 4.46 3.82 3.28 2.82 2.40 2.04 1.72
 18   1.46 2.88 3.94 4.52 4.70 4.38 3.80 3.28 2.84 2.42 2.06 1.74 1.48 2.32 3.74 4.40 4.70 4.56 3.98 3.44 3.00 2.60 2.24 1.92
 19   1.66 2.04 3.36 3.96 4.36 4.34 3.89 3.36 2.94 2.56 2.20 1.90 1.64 1.48 2.02 3.18 4.22 4.36 4.02 3.52 3.08 2.70 2.34 2.02
 20   1.76 1.58 2.72 3.46 3.90 4.10 3.90 3.44 3.00 2.62 2.28 1.96 1.70 1.52 2.52 3.30 3.82 4.10 4.06 3.64 3.20 2.84 2.50 2.20
 21   1.92 1.70 2.32 3.06 3.52 3.82 3.84 3.46 3.05 2.70 2.38 2.10 1.83 1.64 2.08 2.86 3.36 3.72 3.88 3.72 3.34 2.99 2.66 2.38
 22   2.10 1.86 1.96 2.64 3.06 3.40 3.56 3.48 3.14 2.82 2.52 2.24 1.96 1.74 1.76 2.36 2.88 3.26 3.56 3.70 3.56 3.24 2.94 2.68
 23   2.44 2.22 2.08 2.08 2.40 2.70 2.96 3.20 3.28 3.18 2.94 2.72 2.48 2.24 1.98 1.82 1.88 2.36 2.76 3.16 3.46 3.62 3.62 3.36
 24   3.06 2.82 2.58 2.34 2.12 1.96 1.96 2.42 2.84 3.20 3.42 3.46 3.16 2.86 2.58 2.30 2.02 1.78 1.66 2.24 2.90 3.44 3.84 3.98
 25   3.84 3.44 3.08 2.76 2.46 2.14 1.88 1.70 2.10 2.86 3.36 3.70 3.78 3.48 3.10 2.74 2.44 2.10 1.82 1.58 1.98 3.12 3.84 4.28
 26   4.40 4.10 3.64 3.20 2.84 2.46 2.12 1.82 1.60 2.06 3.30 3.96 4.28 4.28 3.84 3.32 2.92 2.54 2.16 1.84 1.58 1.94 3.70 4.46
 27   4.88 4.84 4.32 3.74 3.22 2.82 2.40 2.00 1.70 1.42 2.76 4.06 4.72 4.94 4.62 4.00 3.40 2.90 2.50 2.10 1.76 1.48 2.90 4.38
 28   5.08 5.32 5.08 4.40 3.70 3.16 2.66 2.24 1.88 1.56 1.28 3.78 4.78 5.30 5.26 4.68 3.96 3.36 2.82 2.38 1.96 1.62 1.34 3.86
 29   4.96 5.46 5.52 4.94 4.26 3.60 3.04 2.56 2.12 1.76 1.46 2.70 4.60 5.44 5.78 5.48 4.68 3.88 3.24 2.68 2.22 1.82 1.48 1.40
 30   4.60 5.52 5.86 5.60 4.82 4.02 3.40 2.84 2.38 1.94 1.58 1.26 4.40 5.38 5.94 5.94 5.30 4.40 3.62 3.02 2.52 2.08 1.68 1.34
 31   4.40 5.32 5.94 5.92 5.26 4.36 3.64 3.06 2.54 2.08 1.70 1.38 3.12 4.94 5.72 6.08 5.70 4.86 4.02 3.34 2.78 2.30 1.86 1.50
 ----------------------------------------------------------------------------------------------------------------------------
                                                                                               
 ----------------------------------------------------------------------------------------------------------------------------
 ----------------------------------------------------------------------------------------------------------------------------
                                                          SURVEY OF INDIA
                                                    MARINE GEODESY WING (G&RB)
                                                     HOURLY HEIGHTS IN METRES
  NAME OF PORT:- GARDEN REACH                                                                       MONTH APRIL     YEAR 2021
 ----------------------------------------------------------------------------------------------------------------------------
 DAYS 0000 0001 0002 0003 0004 0005 0006 0007 0008 0009 0010 0011 0012 0013 0014 0015 0016 0017 0018 0019 0020 0021 0022 0023
 ----------------------------------------------------------------------------------------------------------------------------
  1   1.20 4.50 5.30 5.68 5.48 4.70 3.92 3.28 2.74 2.28 1.88 1.50 1.20 3.74 4.92 5.56 5.74 5.24 4.38 3.66 3.04 2.56 2.12 1.74
  2   1.44 2.86 4.50 5.14 5.42 5.10 4.34 3.66 3.10 2.62 2.18 1.80 1.48 1.22 3.78 4.70 5.20 5.24 4.72 4.00 3.38 2.88 2.44 2.04
  3   1.76 1.50 3.08 4.16 4.65 4.84 4.48 3.86 3.28 2.84 2.44 2.08 1.74 1.50 2.36 3.68 4.36 4.78 4.76 4.24 3.64 3.14 2.70 2.32
  4   2.02 1.76 1.82 3.14 4.76 5.18 4.52 3.96 3.46 3.00 2.62 2.26 1.94 1.70 1.58 2.66 3.42 3.96 4.28 4.34 3.94 3.48 3.02 2.66
  5   2.36 2.06 1.84 1.86 2.70 3.24 3.62 3.82 3.78 3.38 3.02 2.66 2.34 2.08 1.90 1.88 2.38 3.08 3.62 4.02 4.18 4.04 3.58 3.18
  6   2.80 2.52 2.24 2.00 1.92 2.36 2.88 3.26 3.55 3.66 3.56 3.24 2.96 2.66 2.42 2.18 1.98 1.98 2.60 3.20 3.70 4.04 4.16 3.98
  7   3.54 3.20 2.90 2.58 2.26 2.00 1.84 2.18 2.92 3.44 3.84 4.02 3.96 3.56 3.18 2.86 2.54 2.22 1.96 1.86 2.70 3.78 4.24 4.50
  8   4.44 4.06 3.64 3.20 2.80 2.40 2.00 1.64 1.68 2.84 3.88 4.36 4.48 4.24 3.76 3.32 2.96 2.58 2.24 1.94 1.80 3.36 4.18 4.68
  9   4.86 4.66 4.12 3.58 3.08 2.66 2.28 1.94 1.66 2.14 3.60 4.38 4.71 4.62 4.10 3.58 3.13 2.74 2.38 2.02 1.76 1.90 3.76 4.54
 10   4.98 4.96 4.46 3.86 3.34 2.90 2.46 2.10 1.74 1.50 3.10 4.24 4.78 4.99 4.66 4.04 3.46 3.00 2.56 2.18 1.86 1.58 2.88 4.28
 11   4.92 5.16 4.94 4.30 3.66 3.14 2.70 2.30 1.96 1.64 1.44 3.90 4.76 5.22 5.12 4.54 3.90 3.34 2.86 2.46 2.06 1.74 1.48 3.62
 12   4.58 5.04 5.14 4.60 3.94 3.38 2.92 2.50 2.10 1.78 1.50 3.30 4.44 5.02 5.20 4.90 4.20 3.58 3.08 2.62 2.24 1.90 1.60 2.56
 13   4.25 4.88 5.20 5.00 4.32 3.70 3.12 2.68 2.28 1.92 1.62 1.88 4.26 4.96 5.34 5.16 4.50 3.80 3.28 2.82 2.40 2.02 1.72 1.48
 14   3.80 4.62 5.09 5.10 4.56 3.90 3.36 2.90 2.51 2.13 1.76 1.42 3.86 4.76 5.26 5.26 4.92 4.26 3.64 3.16 2.72 2.34 1.98 1.66
 15   3.40 4.36 4.82 5.06 4.76 4.20 3.68 3.20 2.76 2.34 1.94 1.58 3.00 4.42 5.06 5.36 5.20 4.62 4.02 3.48 3.01 2.60 2.26 1.94
 16   2.20 3.98 4.68 4.96 4.80 4.36 3.90 3.42 2.96 2.52 2.10 1.76 1.52 3.48 4.80 5.19 5.16 4.62 3.98 3.47 3.04 2.64 2.28 2.00
 17   1.82 3.14 4.30 4.80 4.90 4.52 3.96 3.46 3.06 2.64 2.30 1.98 1.72 3.32 4.20 4.74 5.00 4.78 4.20 3.64 3.26 2.88 2.52 2.22
 18   2.02 2.72 3.62 4.10 4.40 4.44 3.96 3.50 3.12 2.78 2.46 2.18 1.96 2.76 3.68 4.22 4.58 4.62 4.24 3.78 3.36 3.00 2.70 2.40
 19   2.18 2.16 3.22 3.76 4.08 4.20 3.98 3.60 3.22 2.86 2.54 2.22 1.95 2.12 3.16 3.70 4.12 4.34 4.28 3.89 3.52 3.18 2.86 2.58
 20   2.34 2.24 2.74 3.38 3.74 3.98 4.00 3.70 3.36 3.06 2.78 2.50 2.26 2.14 2.58 3.18 3.60 3.92 4.12 4.10 3.80 3.52 3.24 2.98
 21   2.74 2.54 2.42 2.58 3.04 3.40 3.68 3.80 3.72 3.48 3.24 3.00 2.74 2.52 2.34 2.34 2.72 3.18 3.56 3.90 4.12 4.16 3.92 3.58
 22   3.28 3.00 2.70 2.44 2.24 2.12 2.44 2.96 3.40 3.72 3.90 3.85 3.54 3.24 2.96 2.68 2.38 2.12 1.93 2.90 3.52 3.98 4.20 4.10
 23   3.70 3.36 3.06 2.74 2.42 2.16 1.94 1.98 2.86 3.50 3.94 4.18 4.04 3.65 3.29 2.94 2.58 2.26 1.98 1.82 2.84 3.66 4.26 4.74
 24
 25
 26
 27
 28
 29   4.72 5.50 5.72 5.17 4.50 3.86 3.32 2.85 2.38 2.00 1.65 1.33 4.31 5.45 6.06 6.11 5.48 4.60 3.84 3.26 2.62 2.28 1.85 1.52
 30   3.30 4.74 5.36 5.64 5.22 4.46 3.70 3.18 2.66 2.24 1.84 1.54 1.26 4.57 5.42 5.84 5.72 5.00 4.20 3.56 3.02 2.55 2.16 1.80
 ----------------------------------------------------------------------------------------------------------------------------
                                                                                               
 ----------------------------------------------------------------------------------------------------------------------------
 ----------------------------------------------------------------------------------------------------------------------------
                                                          SURVEY OF INDIA
                                                    MARINE GEODESY WING (G&RB)
                                                     HOURLY HEIGHTS IN METRES
  NAME OF PORT:- GARDEN REACH                                                                       MONTH MAY       YEAR 2021
 ----------------------------------------------------------------------------------------------------------------------------
 DAYS 0000 0001 0002 0003 0004 0005 0006 0007 0008 0009 0010 0011 0012 0013 0014 0015 0016 0017 0018 0019 0020 0021 0022 0023
 ----------------------------------------------------------------------------------------------------------------------------
  1
  2
  3
  4
  5
  6
  7
  8
  9
 10
 11
 12
 13
 14
 15
 16
 17
 18
 19
 20
 21
 22
 23
 24
 25
 26
 27
 28
 29
 30
 31
 ----------------------------------------------------------------------------------------------------------------------------
                                                          SURVEY OF INDIA
                                                    MARINE GEODESY WING (G&RB)
                                                     HOURLY HEIGHTS IN METRES
  NAME OF PORT:- GARDEN REACH                                                                       MONTH JUNE      YEAR 2021
 ----------------------------------------------------------------------------------------------------------------------------
 DAYS 0000 0001 0002 0003 0004 0005 0006 0007 0008 0009 0010 0011 0012 0013 0014 0015 0016 0017 0018 0019 0020 0021 0022 0023
 ----------------------------------------------------------------------------------------------------------------------------
  1   2.20 1.98 2.62 3.74 4.31 4.67 4.68 4.24 3.78 3.36 2.96 2.59 2.30 2.07 2.55 3.68 4.32 4.76 4.91 4.60 4.11 3.68 3.24 2.85
  2   2.48 2.20 1.99 2.50 3.42 3.91 4.21 4.16 3.84 3.55 3.20 2.83 2.52 2.28 2.24 3.00 3.64 4.12 4.44 4.52 4.26 3.92 3.55 3.18
  3   2.76 2.46 2.19 2.01 2.55 3.32 3.83 4.16 4.24 3.90 3.59 3.24 2.93 2.64 2.40 2.24 2.40 3.12 3.70 4.17 4.44 4.32 3.94 3.56
  4   3.20 2.90 2.59 2.30 2.10 2.40 3.17 3.73 4.10 4.24 4.11 3.76 3.46 3.15 2.84 2.52 2.28 2.16 2.76 3.52 4.03 4.32 4.32 3.94
  5   3.56 3.26 2.92 2.61 2.32 2.16 2.24 3.09 3.70 4.12 4.35 4.32 3.96 3.64 3.30 2.95 2.60 2.30 2.10 2.60 3.51 4.02 4.31 4.22
  6   3.80 3.46 3.12 2.78 2.47 2.19 1.98 2.26 3.24 3.88 4.31 4.48 4.36 3.95 3.56 3.23 2.85 2.50 2.24 2.02 2.84 3.60 4.04 4.34
  7   4.20 3.82 3.50 3.12 2.76 2.44 2.16 1.92 2.28 3.56 4.20 4.68 4.79 4.49 4.03 3.58 3.21 2.84 2.47 2.18 2.00 3.21 4.10 4.52
  8   4.62 4.31 3.90 3.51 3.13 2.74 2.38 2.06 1.83 3.13 4.17 4.77 5.07 4.97 4.43 3.93 3.53 3.15 2.81 2.51 2.23 2.23 3.78 4.46
  9   4.83 4.90 4.46 3.93 3.51 3.08 2.66 2.29 1.98 1.71 3.61 4.55 5.12 5.30 4.95 4.35 3.79 3.35 2.93 2.55 2.23 1.99 3.13 4.23
 10   4.76 4.96 4.75 4.19 3.67 3.25 2.83 2.45 2.12 1.85 3.31 4.59 5.25 5.54 5.30 4.67 4.03 3.53 3.10 2.71 2.35 2.07 2.01 3.95
 11   4.63 5.01 5.07 4.53 3.96 3.47 3.05 2.66 2.31 1.99 1.80 4.23 5.11 5.61 5.64 5.10 4.41 3.83 3.37 2.95 2.57 2.25 1.99 3.32
 12   4.41 4.95 5.22 4.97 4.36 3.81 3.35 2.91 2.53 2.20 1.93 3.60 4.78 5.47 5.78 5.51 4.79 4.14 3.66 3.22 2.81 2.47 2.19 2.27
 13   4.01 4.78 5.27 5.33 4.82 4.22 3.68 3.21 2.80 2.44 2.12 1.95 4.28 5.23 5.79 5.78 5.18 4.53 3.95 3.51 3.07 2.71 2.41 2.21
 14   3.67 4.55 5.11 5.42 5.19 4.58 4.03 3.58 3.13 2.73 2.41 2.18 3.48 4.75 5.45 5.82 5.65 4.99 4.36 3.87 3.41 3.03 2.71 2.45
 15   2.23 3.93 4.71 5.23 5.35 4.89 4.36 3.87 3.45 3.03 2.67 2.37 2.19 4.03 4.85 5.44 5.63 5.27 4.65 4.11 3.66 3.25 2.87 2.56
 16   2.29 2.82 3.97 4.67 5.15 5.17 4.73 4.23 3.77 3.35 2.93 2.61 2.33 2.23 4.13 4.85 5.34 5.35 4.86 4.38 3.92 3.54 3.14 2.77
 17   2.46 2.27 3.08 4.15 4.79 5.09 5.01 4.57 4.13 3.73 3.34 2.93 2.67 2.47 3.35 4.25 4.79 5.17 5.16 4.74 4.33 3.93 3.55 3.19
 18   2.87 2.69 2.55 3.51 4.33 4.83 5.07 4.82 4.43 4.06 3.70 3.33 3.01 2.77 2.63 3.48 4.28 4.85 5.15 5.15 4.75 4.39 4.01 3.63
 19   3.25 2.99 2.73 2.59 3.25 4.20 4.73 5.08 5.14 4.84 4.53 4.19 3.85 3.51 3.19 2.93 3.05 3.97 4.48 4.89 5.10 4.95 4.52 4.11
 20   3.65 3.33 3.00 2.71 2.51 2.91 3.92 4.62 5.11 5.31 5.20 4.82 4.29 3.89 3.46 3.12 2.82 2.65 3.39 4.29 5.02 5.36 5.23 4.84
 21   4.33 3.95 3.53 3.14 2.82 2.58 3.47 4.27 4.93 5.35 5.57 5.43 4.97 4.47 4.01 3.55 3.18 2.86 2.64 3.40 4.63 5.22 5.59 5.43
 22   4.93 4.47 3.95 3.47 3.11 2.79 2.54 2.37 4.24 5.19 5.76 6.06 5.77 5.18 4.60 4.08 3.59 3.18 2.83 2.58 3.03 4.76 5.41 5.78
 23   5.58 5.02 4.45 3.91 3.46 3.08 2.75 2.49 2.29 4.11 5.36 6.13 6.31 5.99 5.28 4.61 4.07 3.59 3.14 2.78 2.51 3.15 4.90 5.62
 24   5.95 5.72 5.12 4.52 3.92 3.45 3.06 2.71 2.42 2.20 4.59 5.84 6.44 6.55 5.87 5.09 4.45 3.91 3.45 3.03 2.69 2.41 3.91 5.39
 25   5.98 6.18 5.78 5.07 4.43 3.85 3.39 2.95 2.62 2.35 2.11 5.27 6.10 6.62 6.45 5.87 4.87 4.27 3.72 3.26 2.87 2.55 2.19 4.31
 26   5.43 5.95 6.15 5.63 4.89 4.27 3.71 3.23 2.82 2.49 2.23 3.51 5.45 6.22 6.61 6.24 5.43 4.68 4.07 3.59 3.13 2.78 2.47 2.23
 27   4.40 5.31 5.89 5.98 5.43 4.73 4.12 3.59 3.13 2.72 2.43 2.18 4.07 5.39 6.10 6.41 5.97 5.19 4.51 3.94 3.49 3.07 2.70 2.43
 28   2.23 4.51 5.31 5.79 5.73 5.15 4.51 3.94 3.44 3.02 2.66 2.38 2.18 4.51 5.43 5.99 6.11 5.61 4.90 4.30 3.78 3.31 2.91 2.59
 29   2.31 3.39 4.76 5.37 5.71 5.45 4.87 4.31 3.79 3.31 2.91 2.59 2.33 3.31 4.73 5.47 5.89 5.78 5.23 4.63 4.07 3.58 3.14 2.79
 30   2.46 2.27 3.77 4.75 5.29 5.50 5.15 4.69 4.27 3.82 3.40 2.98 2.61 2.31 3.60 4.55 5.18 5.47 5.31 4.86 4.38 3.91 3.50 3.13
 ----------------------------------------------------------------------------------------------------------------------------
                                                                                               
 ----------------------------------------------------------------------------------------------------------------------------
 ----------------------------------------------------------------------------------------------------------------------------
                                                          SURVEY OF INDIA
                                                    MARINE GEODESY WING (G&RB)
                                                     HOURLY HEIGHTS IN METRES
  NAME OF PORT:- GARDEN REACH                                                                       MONTH JULY      YEAR 2021
 ----------------------------------------------------------------------------------------------------------------------------
 DAYS 0000 0001 0002 0003 0004 0005 0006 0007 0008 0009 0010 0011 0012 0013 0014 0015 0016 0017 0018 0019 0020 0021 0022 0023
 ----------------------------------------------------------------------------------------------------------------------------
  1   2.77 2.45 2.43 3.81 4.51 4.93 5.04 4.69 4.33 3.91 3.48 3.14 2.87 2.64 2.83 3.83 4.49 4.95 5.14 5.01 4.63 4.23 3.79 3.38
  2   3.05 2.78 2.53 2.52 3.55 4.27 4.69 4.87 4.71 4.35 3.97 3.58 3.20 2.91 2.67 2.65 3.62 4.25 4.69 4.91 4.75 4.38 4.01 3.61
  3   3.23 2.93 2.70 2.45 2.79 3.65 4.20 4.58 4.67 4.46 4.13 3.81 3.47 3.19 2.94 2.71 2.73 3.38 3.95 4.38 4.58 4.46 4.15 3.82
  4   3.43 3.07 2.77 2.55 2.53 3.10 3.72 4.15 4.46 4.53 4.35 4.10 3.80 3.51 3.17 2.87 2.69 2.63 3.19 3.78 4.22 4.51 4.47 4.14
  5   3.83 3.51 3.14 2.81 2.57 2.45 2.93 3.63 4.11 4.50 4.67 4.46 4.15 3.86 3.51 3.15 2.85 2.63 2.55 3.12 3.80 4.27 4.55 4.42
  6   4.07 3.79 3.45 3.11 2.77 2.52 2.37 2.66 3.60 4.20 4.64 4.83 4.66 4.33 3.97 3.59 3.21 2.87 2.61 2.43 3.12 3.93 4.38 4.65
  7   4.50 4.21 3.87 3.53 3.13 2.79 2.51 2.31 2.59 3.75 4.43 4.87 5.00 4.71 4.30 3.94 3.57 3.19 2.85 2.58 2.42 3.26 4.07 4.51
  8   4.69 4.55 4.18 3.79 3.39 2.97 2.61 2.33 2.11 2.99 4.13 4.73 5.11 5.09 4.69 4.23 3.81 3.39 2.98 2.63 2.39 2.30 3.53 4.33
  9   4.69 4.78 4.44 4.05 3.68 3.30 2.94 2.60 2.32 2.14 3.61 4.62 5.21 5.43 5.14 4.60 4.11 3.67 3.23 2.86 2.58 2.31 2.91 4.10
 10   4.69 4.99 4.75 4.35 3.97 3.61 3.27 2.93 2.58 2.30 2.35 4.29 5.11 5.61 5.63 5.07 4.47 3.96 3.50 3.09 2.75 2.47 2.26 3.66
 11   4.53 5.07 5.29 4.93 4.40 3.95 3.49 3.05 2.69 2.39 2.15 3.76 4.93 5.61 5.91 5.58 4.89 4.29 3.80 3.35 2.96 2.63 2.37 2.79
 12   4.53 5.19 5.58 5.39 4.82 4.26 3.76 3.28 2.87 2.54 2.26 2.27 4.82 5.64 6.08 5.96 5.30 4.60 4.03 3.55 3.11 2.78 2.46 2.23
 13   3.73 4.80 5.42 5.35 4.92 4.51 4.09 3.66 3.25 2.86 2.51 2.19 3.72 5.04 5.78 6.07 5.79 5.07 4.43 3.93 3.47 3.07 2.73 2.46
 14   2.27 4.29 5.08 5.56 5.33 4.83 4.33 3.87 3.42 3.02 2.61 2.27 2.14 4.19 5.22 5.90 5.95 5.39 4.74 4.20 3.73 3.31 2.91 2.61
 15   2.35 3.12 4.54 5.24 5.47 5.19 4.73 4.27 3.81 3.42 2.99 2.62 2.27 3.10 4.53 5.28 5.67 5.47 4.99 4.47 3.99 3.55 3.13 2.79
 16   2.50 2.30 3.53 4.74 5.27 5.29 4.90 4.49 4.05 3.63 3.27 2.89 2.59 2.37 3.55 4.63 5.27 5.56 5.36 4.79 4.25 3.79 3.36 2.97
 17   2.65 2.40 2.42 3.95 4.72 5.23 5.34 4.99 4.46 3.99 3.58 3.19 2.84 2.59 2.51 3.78 4.52 5.06 5.31 5.03 4.53 4.09 3.67 3.27
 18   2.89 2.62 2.39 2.72 3.87 4.55 5.03 5.21 4.90 4.43 3.99 3.62 3.23 2.91 2.65 2.55 3.49 4.24 4.75 5.04 4.91 4.50 4.11 3.73
 19   3.35 2.98 2.68 2.45 2.49 3.57 4.56 5.15 5.32 4.99 4.50 4.11 3.75 3.38 3.03 2.74 2.55 2.87 3.83 4.37 4.77 4.87 4.52 4.11
 20   3.75 3.39 3.03 2.73 2.50 2.38 3.27 4.06 4.60 4.93 4.98 4.62 4.19 3.83 3.44 3.06 2.74 2.48 2.39 3.39 4.11 4.59 4.83 4.63
 21   4.19 3.81 3.44 3.04 2.72 2.43 2.22 2.72 4.03 4.77 5.27 5.38 4.99 4.46 3.99 3.59 3.17 2.83 2.55 2.35 3.25 4.30 4.87 5.18
 22   5.02 4.59 4.21 3.82 3.43 3.04 2.64 2.30 2.36 4.19 5.07 5.63 5.67 5.16 4.55 4.05 3.59 3.17 2.81 2.53 2.34 3.67 4.68 5.29
 23   5.52 5.21 4.65 4.15 3.69 3.25 2.89 2.54 2.31 3.01 4.89 5.79 6.19 6.05 5.37 4.68 4.11 3.61 3.21 2.85 2.57 2.37 2.75 3.40
 24
 25
 26
 27   3.89 5.13 5.74 5.97 5.61 5.02 4.49 4.01 3.52 3.10 2.65 2.25 3.45 5.05 5.88 6.07 5.70 5.04 4.41 3.88 3.43 3.03 2.65 2.37
 28   2.11 4.15 5.09 5.53 5.61 5.11 4.58 4.08 3.63 3.24 2.87 2.52 2.25 3.84 4.97 5.57 5.80 5.46 4.81 4.26 3.80 3.35 2.93 2.64
 29
 30
 31   2.83 2.60 3.01 4.44 5.12 5.38 5.26 4.87 4.43 3.97 3.57 3.25 2.98 2.80 3.08 4.17 4.79 5.21 5.23 4.91 4.51 4.09 3.66 3.33
 ----------------------------------------------------------------------------------------------------------------------------
                                                                                                    
 ----------------------------------------------------------------------------------------------------------------------------
 ----------------------------------------------------------------------------------------------------------------------------
                                                          SURVEY OF INDIA
                                                    MARINE GEODESY WING (G&RB)
                                                     HOURLY HEIGHTS IN METRES
  NAME OF PORT:- GARDEN REACH                                                                       MONTH AUGUST    YEAR 2021
 ----------------------------------------------------------------------------------------------------------------------------
 DAYS 0000 0001 0002 0003 0004 0005 0006 0007 0008 0009 0010 0011 0012 0013 0014 0015 0016 0017 0018 0019 0020 0021 0022 0023
 ----------------------------------------------------------------------------------------------------------------------------
  1   3.00 2.78 2.75 4.13 4.77 5.14 5.28 5.00 4.61 4.24 3.86 3.51 3.25 3.05 3.08 3.97 4.65 5.05 5.16 5.03 4.68 4.29 3.90 3.55
  2   3.23 3.04 2.96 3.44 4.23 4.79 5.08 5.09 4.84 4.53 4.20 3.88 3.67 3.48 3.36 3.31 3.50 3.99 4.47 4.76 4.75 4.53 4.27 4.01
  3   3.72 3.49 3.31 3.12 3.12 3.80 4.44 4.88 5.07 5.00 4.65 4.29 3.96 3.71 3.50 3.33 3.17 3.15 3.39 3.94 4.40 4.65 4.59 4.28
  4   3.94 3.68 3.39 3.15 2.98 2.92 3.17 3.86 4.49 4.89 5.07 4.85 4.50 4.16 3.82 3.53 3.27 3.07 2.95 3.05 3.65 4.22 4.67 4.75
  5   4.50 4.19 3.86 3.53 3.23 3.01 2.83 2.85 3.60 4.51 5.09 5.45 5.30 4.90 4.45 3.98 3.59 3.25 2.95 2.75 2.81 3.98 4.75 5.23
  6   5.27 4.93 4.50 4.03 3.60 3.25 2.99 2.75 2.69 3.95 4.95 5.51 5.75 5.47 4.99 4.47 3.96 3.55 3.22 2.94 2.75 2.87 4.35 5.08
  7   5.55 5.50 5.05 4.55 4.03 3.59 3.25 2.94 2.71 2.63 4.61 5.47 6.02 6.03 5.53 4.94 4.35 3.85 3.44 3.11 2.82 2.60 3.67 4.85
  8   5.51 5.81 5.51 4.99 4.43 3.88 3.47 3.14 2.87 2.63 3.51 5.28 5.94 6.34 6.05 5.39 4.77 4.17 3.68 3.31 2.98 2.70 2.51 4.48
  9   5.43 5.98 5.99 5.49 4.86 4.25 3.75 3.34 3.01 2.75 2.51 4.73 5.79 6.41 6.51 5.89 5.15 4.53 4.01 3.57 3.22 2.91 2.66 3.65
 10   5.19 5.93 6.32 5.99 5.35 4.71 4.18 3.71 3.29 2.96 2.71 2.51 5.54 6.27 6.66 6.38 5.63 4.87 4.29 3.81 3.42 3.07 2.79 2.59
 11   4.65 5.70 6.27 6.35 5.76 5.05 4.41 3.88 3.46 3.10 2.81 2.58 4.55 5.84 6.43 6.61 6.00 5.22 4.57 4.05 3.61 3.25 2.91 2.66
 12   2.49 5.25 6.03 6.39 6.19 5.47 4.79 4.19 3.73 3.33 2.98 2.73 2.51 5.03 5.91 6.42 6.31 5.69 4.95 4.31 3.82 3.46 3.07 2.77
 13   2.56 3.78 5.33 6.02 6.32 5.95 5.24 4.56 4.01 3.56 3.17 2.80 2.56 3.70 5.37 6.10 6.38 6.01 5.32 4.65 4.10 3.66 3.26 2.94
 14   2.70 2.50 4.68 5.70 6.20 6.18 5.62 4.95 4.36 3.85 3.42 3.08 2.80 2.60 4.50 5.53 6.08 6.14 5.64 5.00 4.42 3.92 3.49 3.13
 15   2.86 2.62 3.18 4.94 5.65 6.07 5.83 5.29 4.70 4.16 3.69 3.31 3.00 2.78 2.86 4.40 5.23 5.72 5.65 5.18 4.67 4.16 3.71 3.36
 16   3.06 2.81 2.65 3.68 4.76 5.38 5.73 5.54 5.04 4.57 4.07 3.64 3.30 3.05 2.90 3.24 4.14 4.90 5.33 5.32 4.94 4.54 4.10 3.73
 17   3.38 3.12 2.91 2.84 3.50 4.36 4.96 5.36 5.36 5.04 4.62 4.19 3.81 3.50 3.24 3.05 3.06 3.70 4.43 4.92 5.13 5.02 4.64 4.25
 18   3.85 3.54 3.26 3.02 2.86 3.30 4.10 4.75 5.20 5.34 5.09 4.70 4.31 3.94 3.65 3.36 3.18 3.05 3.16 3.92 4.54 4.94 5.10 4.81
 19   4.45 4.12 3.74 3.42 3.16 2.94 2.83 3.34 4.40 5.04 5.50 5.50 5.20 4.70 4.26 3.86 3.52 3.25 3.02 2.92 3.78 4.54 5.10 5.34
 20   5.11 4.72 4.34 3.92 3.58 3.28 2.98 2.77 2.84 4.40 5.18 5.71 5.81 5.42 4.86 4.40 3.94 3.54 3.18 2.88 2.68 3.46 4.66 5.24
 21   5.57 5.40 4.94 4.46 3.98 3.56 3.22 2.90 2.64 2.50 4.65 5.55 6.06 6.07 5.52 4.90 4.38 3.90 3.50 3.16 2.86 2.62 3.82 5.04
 22   5.66 5.91 5.61 5.02 4.50 3.97 3.56 3.20 2.88 2.61 3.31 5.23 6.05 6.41 6.12 5.39 4.73 4.20 3.75 3.38 3.05 2.77 2.55 4.62
 23   5.54 6.04 6.09 5.55 4.92 4.38 3.90 3.50 3.14 2.83 2.58 4.59 5.72 6.35 6.35 5.77 5.03 4.44 3.94 3.52 3.15 2.84 2.58 3.70
 24   5.20 5.81 6.09 5.74 5.10 4.50 3.99 3.55 3.18 2.86 2.58 2.37 5.10 5.92 6.32 6.10 5.42 4.70 4.15 3.66 3.10 2.56 2.08 2.44
 25   4.50 5.42 5.92 6.01 5.48 4.82 4.29 3.80 3.38 3.02 2.72 2.46 3.90 5.30 5.90 6.14 5.74 5.02 4.45 3.94 3.51 3.14 2.82 2.56
 26   2.36 4.82 5.50 5.90 5.75 5.12 4.52 4.02 3.54 3.18 2.86 2.62 2.42 4.70 5.47 5.90 5.80 5.21 4.60 4.08 3.63 3.26 2.94 2.66
 27   2.46 4.16 5.12 5.64 5.75 5.28 4.72 4.21 3.70 3.34 3.00 2.72 2.54 4.10 5.04 5.62 5.78 5.32 4.74 4.24 3.77 3.38 3.05 2.78
 28   2.58 3.62 4.78 5.40 5.70 5.42 4.90 4.42 3.93 3.54 3.20 2.93 2.74 3.26 4.47 5.16 5.52 5.42 4.93 4.46 4.00 3.61 3.26 3.00
 29   2.78 2.88 4.17 4.88 5.38 5.44 5.03 4.60 4.14 3.74 3.40 3.14 2.91 2.91 3.98 4.68 5.16 5.31 4.97 4.58 4.17 3.78 3.44 3.18
 30   2.94 2.83 3.50 4.35 4.86 5.17 5.01 4.63 4.26 3.89 3.56 3.30 3.11 3.04 3.46 4.06 4.58 4.86 4.84 4.53 4.20 3.86 3.57 3.30
 31   3.10 2.95 3.02 3.72 4.33 4.75 4.89 4.67 4.36 4.06 3.76 3.53 3.36 3.25 3.28 3.54 3.94 4.29 4.43 4.36 4.16 3.93 3.67 3.46
 ----------------------------------------------------------------------------------------------------------------------------
                                                                                                   
 ----------------------------------------------------------------------------------------------------------------------------
 ----------------------------------------------------------------------------------------------------------------------------
                                                          SURVEY OF INDIA
                                                    MARINE GEODESY WING (G&RB)
                                                     HOURLY HEIGHTS IN METRES
  NAME OF PORT:- GARDEN REACH                                                                       MONTH SEPT      YEAR 2021
 ----------------------------------------------------------------------------------------------------------------------------
 DAYS 0000 0001 0002 0003 0004 0005 0006 0007 0008 0009 0010 0011 0012 0013 0014 0015 0016 0017 0018 0019 0020 0021 0022 0023
 ----------------------------------------------------------------------------------------------------------------------------
  1   3.26 3.12 3.05 3.19 3.62 4.06 4.39 4.49 4.36 4.16 3.94 3.76 3.58 3.42 3.30 3.22 3.23 3.38 3.66 3.91 4.12 4.10 3.97 3.81
  2   3.62 3.43 3.26 3.13 3.06 3.14 3.50 3.98 4.34 4.54 4.53 4.33 4.09 3.85 3.61 3.40 3.21 3.06 3.03 3.26 3.77 4.17 4.38 4.34
  3   4.12 3.89 3.62 3.37 3.14 2.94 2.82 3.04 3.74 4.34 4.77 4.99 4.78 4.46 4.10 3.74 3.46 3.17 2.93 2.78 3.04 3.90 4.46 4.85
  4   4.84 4.50 4.14 3.77 3.46 3.18 2.93 2.76 2.98 4.01 4.68 5.14 5.34 5.02 4.63 4.22 3.80 3.45 3.14 2.88 2.67 3.34 4.40 4.96
  5   5.26 5.13 4.70 4.29 3.85 3.47 3.14 2.88 2.66 3.22 4.58 5.24 5.63 5.56 5.04 4.57 4.12 3.69 3.34 3.02 2.77 2.61 4.14 5.04
  6   5.62 5.68 5.23 4.68 4.22 3.75 3.35 2.99 2.73 2.55 4.44 5.42 6.02 6.20 5.69 4.97 4.45 3.98 3.58 3.23 2.92 2.67 3.66 5.20
  7   6.02 6.30 5.99 5.22 4.61 4.14 3.69 3.32 3.01 2.74 4.18 5.52 6.38 6.66 6.34 5.52 4.82 4.33 3.86 3.49 3.14 2.86 2.61 5.01
  8   6.01 6.48 6.41 5.70 4.92 4.34 3.88 3.50 3.16 2.86 2.59 4.91 5.98 6.61 6.60 5.89 5.04 4.47 3.99 3.58 3.22 2.90 2.64 3.72
  9   5.48 6.25 6.62 6.26 5.44 4.68 4.16 3.70 3.32 2.98 2.70 2.46 5.42 6.24 6.64 6.29 5.50 4.73 4.18 3.71 3.31 3.00 2.70 2.45
 10   4.62 5.66 6.38 6.49 5.84 5.02 4.38 3.90 3.46 3.10 2.78 2.51 4.02 5.46 6.14 6.40 5.90 5.12 4.46 3.94 3.54 3.16 2.85 2.57
 11   2.36 4.94 5.76 6.29 6.17 5.46 4.74 4.20 3.74 3.34 3.01 2.72 2.52 4.62 5.55 6.08 6.08 5.48 4.76 4.26 3.81 3.42 3.06 2.78
 12   2.54 3.97 5.26 5.98 6.26 5.81 5.08 4.46 3.98 3.54 3.18 2.87 2.62 3.18 4.75 5.42 5.85 5.72 5.06 4.52 4.06 3.65 3.30 3.00
 13   2.75 2.66 4.29 5.20 5.79 5.96 5.48 4.86 4.37 3.96 3.60 3.29 3.08 3.06 4.09 4.82 5.38 5.61 5.30 4.86 4.42 4.02 3.62 3.30
 14   3.06 2.94 3.46 4.43 5.20 5.53 5.42 5.10 4.74 4.35 3.97 3.64 3.40 3.20 3.02 3.70 4.50 4.92 5.06 4.87 4.51 4.16 3.80 3.50
 15   3.27 3.12 3.04 3.43 4.06 4.54 4.90 5.06 4.79 4.49 4.18 3.86 3.58 3.35 3.15 3.02 3.10 3.62 4.18 4.50 4.57 4.34 4.09 3.81
 16   3.54 3.33 3.13 2.97 2.85 3.06 3.67 4.19 4.61 4.79 4.74 4.42 4.13 3.81 3.54 3.30 3.08 2.92 2.90 3.50 4.07 4.49 4.67 4.49
 17   4.20 3.92 3.62 3.34 3.10 2.89 2.74 3.08 3.98 4.58 5.02 5.15 4.86 4.52 4.17 3.78 3.44 3.14 2.88 2.69 2.98 4.02 4.62 5.00
 18   5.04 4.68 4.32 3.94 3.55 3.22 2.95 2.74 2.70 4.06 4.82 5.38 5.61 5.22 4.76 4.35 3.93 3.53 3.17 2.89 2.65 3.30 4.40 5.04
 19   5.46 5.30 4.85 4.42 3.98 3.58 3.24 2.94 2.69 2.60 4.64 5.38 5.88 5.86 5.28 4.75 4.31 3.86 3.45 3.10 2.84 2.58 4.08 5.09
 20   5.64 5.87 5.44 4.88 4.42 4.01 3.60 3.27 2.98 2.74 4.15 5.38 6.08 6.34 5.91 5.22 4.67 4.18 3.76 3.39 3.06 2.80 2.60 5.12
 21   5.90 6.31 6.15 5.42 4.82 4.34 3.88 3.48 3.15 2.87 2.62 5.16 6.08 6.50 6.36 5.61 4.92 4.36 3.91 3.52 3.16 2.86 2.63 4.86
 22   5.86 6.32 6.36 5.68 5.00 4.44 3.98 3.56 3.21 2.92 2.68 4.44 5.62 6.28 6.44 5.84 5.10 4.52 4.04 3.63 3.27 2.96 2.72 3.74
 23   5.32 6.00 6.34 6.00 5.25 4.63 4.12 3.68 3.32 3.02 2.76 2.56 5.02 5.82 6.19 5.98 5.30 4.66 4.18 3.74 3.36 3.04 2.76 2.55
 24   4.65 5.50 6.03 6.04 5.43 4.80 4.28 3.83 3.43 3.10 2.81 2.61 3.84 5.05 5.73 5.97 5.52 4.89 4.40 3.93 3.52 3.17 2.88 2.65
 25   3.77 5.04 5.69 5.99 5.61 5.01 4.50 4.03 3.61 3.25 2.96 2.71 2.59 4.45 5.17 5.64 5.52 4.97 4.47 4.05 3.63 3.26 2.95 2.69
 26   2.53 4.41 5.12 5.67 5.65 5.12 4.63 4.20 3.76 3.39 3.05 2.81 2.69 4.21 4.93 5.45 5.53 5.05 4.59 4.18 3.76 3.40 3.08 2.84
 27   2.69 3.97 4.71 5.25 5.48 5.15 4.71 4.31 3.91 3.53 3.21 2.96 2.80 3.45 4.29 4.84 5.12 4.97 4.56 4.20 3.83 3.49 3.16 2.92
 28   2.73 3.13 4.03 4.56 4.93 5.00 4.65 4.31 3.97 3.61 3.31 3.05 2.86 2.86 3.54 4.09 4.47 4.60 4.40 4.09 3.77 3.42 3.13 2.92
 29   2.85 3.16 3.83 4.42 4.83 4.97 4.81 4.57 4.33 4.09 3.84 3.60 3.42 3.29 3.37 3.81 4.16 4.37 4.25 4.05 3.86 3.62 3.40 3.21
 30   3.05 2.97 3.13 3.59 3.99 4.29 4.45 4.37 4.16 3.93 3.72 3.52 3.37 3.25 3.20 3.22 3.45 3.70 3.91 3.93 3.85 3.70 3.54 3.39
 ----------------------------------------------------------------------------------------------------------------------------
                                                                                                 
 ----------------------------------------------------------------------------------------------------------------------------
 ----------------------------------------------------------------------------------------------------------------------------
                                                          SURVEY OF INDIA
                                                    MARINE GEODESY WING (G&RB)
                                                     HOURLY HEIGHTS IN METRES
  NAME OF PORT:- GARDEN REACH                                                                       MONTH OCTOBER   YEAR 2021
 ----------------------------------------------------------------------------------------------------------------------------
 DAYS 0000 0001 0002 0003 0004 0005 0006 0007 0008 0009 0010 0011 0012 0013 0014 0015 0016 0017 0018 0019 0020 0021 0022 0023
 ----------------------------------------------------------------------------------------------------------------------------
  1   3.25 3.16 3.07 3.05 3.19 3.56 3.88 4.16 4.33 4.32 4.16 3.97 3.81 3.65 3.47 3.32 3.17 3.09 3.14 3.52 3.96 4.26 4.41 4.32
  2   4.13 3.93 3.72 3.51 3.32 3.17 3.11 3.60 4.21 4.70 5.04 5.01 4.76 4.47 4.16 3.85 3.59 3.36 3.17 3.08 3.57 4.34 4.88 5.19
  3   5.05 4.74 4.43 4.05 3.75 3.47 3.24 3.06 3.53 4.57 5.20 5.61 5.62 5.25 4.85 4.41 3.97 3.63 3.33 3.09 2.93 4.27 5.13 5.68
  4   5.81 5.44 4.98 4.49 4.03 3.66 3.37 3.12 2.93 3.94 5.13 5.80 6.07 5.73 5.20 4.69 4.21 3.81 3.48 3.20 2.96 2.81 5.09 5.81
  5   6.21 6.04 5.44 4.87 4.38 3.93 3.57 3.28 3.01 2.82 5.12 5.87 6.41 6.29 5.65 5.01 4.49 4.05 3.66 3.34 3.07 2.84 4.61 5.82
  6   6.40 6.60 6.01 5.25 4.69 4.19 3.78 3.43 3.13 2.89 4.12 5.73 6.41 6.67 6.21 5.45 4.80 4.29 3.86 3.50 3.21 2.95 2.73 5.73
  7   6.56 6.88 6.57 5.73 4.97 4.41 3.97 3.59 3.26 2.99 2.76 5.00 6.12 6.65 6.62 5.88 5.08 4.48 3.97 3.58 3.25 2.98 2.72 4.33
  8   6.06 6.72 6.92 6.34 5.44 4.68 4.12 3.69 3.33 3.03 2.77 2.56 5.52 6.34 6.66 6.28 5.41 4.67 4.11 3.67 3.29 2.98 2.72 2.52
  9   5.45 6.33 6.83 6.61 5.77 4.93 4.29 3.81 3.41 3.09 2.81 2.57 4.60 5.82 6.38 6.44 5.77 4.99 4.37 3.85 3.44 3.09 2.80 2.64
 10   3.97 5.61 6.29 6.57 6.11 5.28 4.58 4.04 3.56 3.20 2.89 2.64 2.43 4.73 5.61 6.05 5.91 5.25 4.61 4.09 3.63 3.23 2.89 2.64
 11   2.41 4.30 5.43 6.01 6.13 5.61 4.91 4.34 3.84 3.44 3.08 2.79 2.54 2.50 4.58 5.25 5.64 5.40 4.85 4.36 3.87 3.44 3.08 2.78
 12   2.59 2.67 4.10 4.96 5.47 5.57 5.14 4.60 4.12 3.69 3.33 3.02 2.77 2.60 2.92 4.20 4.76 5.09 4.90 4.49 4.06 3.68 3.33 3.03
 13   2.71 2.53 2.93 3.89 4.49 4.93 5.01 4.66 4.29 3.90 3.55 3.23 2.96 2.75 2.64 3.14 3.82 4.27 4.53 4.40 4.13 3.80 3.48 3.21
 14   2.98 2.80 2.71 3.01 3.65 4.17 4.53 4.72 4.53 4.24 3.94 3.61 3.33 3.10 2.92 2.80 2.84 3.21 3.65 4.05 4.29 4.23 4.04 3.77
 15   3.51 3.24 3.03 2.85 2.75 2.90 3.51 4.02 4.42 4.66 4.55 4.25 3.96 3.65 3.35 3.07 2.84 2.68 2.64 3.24 3.88 4.33 4.61 4.52
 16   4.21 3.93 3.63 3.31 3.04 2.80 2.63 2.90 3.85 4.47 4.87 4.96 4.61 4.25 3.92 3.55 3.20 2.89 2.65 2.50 3.21 4.03 4.58 4.92
 17   4.86 4.48 4.12 3.76 3.39 3.06 2.79 2.58 2.94 4.08 4.73 5.18 5.25 4.80 4.36 3.99 3.63 3.25 2.92 2.65 2.48 3.61 4.56 5.13
 18   5.40 5.16 4.65 4.23 3.84 3.44 3.12 2.84 2.65 3.83 4.89 5.50 5.74 5.42 4.87 4.43 4.04 3.62 3.28 2.97 2.72 3.75 4.88 5.54
 19   5.85 5.75 5.19 4.63 4.18 3.76 3.41 3.07 2.78 2.60 4.74 5.60 6.04 5.89 5.29 4.69 4.24 3.80 3.44 3.09 2.81 2.57 4.60 5.59
 20   6.10 6.16 5.57 4.88 4.37 3.91 3.52 3.17 2.87 2.63 4.08 5.24 5.88 6.09 5.67 5.00 4.47 4.02 3.60 3.24 2.92 2.65 3.20 5.05
 21   5.85 6.12 5.99 5.28 4.64 4.16 3.72 3.35 3.01 2.74 2.53 4.45 5.37 5.83 5.81 5.24 4.65 4.17 3.70 3.30 2.99 2.72 2.49 4.44
 22   5.53 6.03 6.15 5.57 4.93 4.40 3.93 3.52 3.17 2.88 2.64 3.57 4.89 5.58 5.84 5.53 4.93 4.43 3.95 3.52 3.17 2.90 2.67 3.40
 23   4.49 5.68 6.04 5.81 5.15 4.61 4.13 3.68 3.31 3.02 2.76 2.56 4.33 5.16 5.68 5.68 5.17 4.64 4.17 3.69 3.32 3.01 2.75 2.56
 24   4.33 5.30 5.78 5.84 5.29 4.73 4.28 3.81 3.42 3.09 2.83 2.61 3.70 4.77 5.37 5.61 5.24 4.72 4.27 3.81 3.41 3.08 2.80 2.59
 25   3.61 4.85 5.49 5.76 5.45 4.89 4.43 3.96 3.56 3.20 2.91 2.67 2.64 4.10 4.81 5.26 5.21 4.73 4.31 3.89 3.49 3.13 2.85 2.61
 26   2.75 4.21 4.85 5.33 5.33 4.88 4.45 4.05 3.64 3.30 3.01 2.77 2.61 3.35 4.18 4.72 4.98 4.72 4.30 3.96 3.59 3.25 2.95 2.71
 27   2.53 3.49 4.25 4.81 5.09 4.91 4.50 4.13 3.77 3.44 3.13 2.89 2.64 2.89 3.65 4.20 4.56 4.55 4.23 3.96 3.61 3.29 3.01 2.80
 28   2.64 2.92 3.68 4.21 4.62 4.73 4.43 4.10 3.77 3.46 3.20 2.97 2.81 2.80 3.08 3.53 3.92 4.13 4.09 3.85 3.60 3.34 3.08 2.88
 29   2.72 2.65 3.07 3.54 3.97 4.28 4.34 4.13 3.87 3.61 3.37 3.12 2.93 2.78 2.71 2.79 3.13 3.51 3.77 3.87 3.74 3.53 3.31 3.10
 30   2.88 2.73 2.65 2.69 3.01 3.39 3.71 3.94 4.02 3.92 3.65 3.40 3.15 2.93 2.73 2.58 2.53 2.65 3.04 3.45 3.77 3.95 3.89 3.64
 31   3.40 3.14 2.90 2.69 2.52 2.47 2.86 3.40 3.85 4.15 4.24 4.01 3.71 3.45 3.17 2.88 2.61 2.41 2.26 2.65 3.37 3.92 4.25 4.38
 ----------------------------------------------------------------------------------------------------------------------------
                                                                                               
 ----------------------------------------------------------------------------------------------------------------------------
 ----------------------------------------------------------------------------------------------------------------------------
                                                          SURVEY OF INDIA
                                                    MARINE GEODESY WING (G&RB)
                                                     HOURLY HEIGHTS IN METRES
  NAME OF PORT:- GARDEN REACH                                                                       MONTH NOVEMBER  YEAR 2021
 ----------------------------------------------------------------------------------------------------------------------------
 DAYS 0000 0001 0002 0003 0004 0005 0006 0007 0008 0009 0010 0011 0012 0013 0014 0015 0016 0017 0018 0019 0020 0021 0022 0023
 ----------------------------------------------------------------------------------------------------------------------------
  1   4.22 3.86 3.53 3.19 2.87 2.59 2.37 2.60 3.47 4.10 4.53 4.69 4.32 3.97 3.65 3.33 3.00 2.72 2.45 2.26 2.77 3.80 4.43 4.83
  2   4.83 4.34 3.93 3.58 3.26 2.93 2.64 2.40 2.59 3.79 4.47 4.89 4.91 4.43 3.99 3.65 3.31 2.93 2.61 2.35 2.13 3.34 4.56 5.16
  3   5.36 5.01 4.40 3.89 3.51 3.12 2.77 2.48 2.21 3.21 4.45 5.14 5.40 5.09 4.49 3.98 3.60 3.21 2.84 2.53 2.25 2.01 4.41 5.39
  4   5.83 5.80 5.07 4.36 3.81 3.37 2.96 2.60 2.31 2.05 3.97 5.05 5.62 5.68 5.04 4.40 3.85 3.41 3.00 2.65 2.33 2.07 3.69 5.35
  5   6.01 6.24 5.77 4.93 4.17 3.59 3.09 2.69 2.35 2.05 1.81 4.37 5.21 5.63 5.44 4.73 4.01 3.45 2.97 2.56 2.21 1.89 1.62 4.28
  6   5.41 6.00 6.05 5.35 4.51 3.77 3.19 2.73 2.33 1.97 1.69 2.25 4.60 5.29 5.63 5.24 4.49 3.78 3.24 2.76 2.37 2.01 1.72 1.45
  7   4.60 5.49 5.97 5.88 5.08 4.24 3.57 3.05 2.60 2.21 1.89 1.62 3.31 4.64 5.20 5.40 4.84 4.12 3.51 3.03 2.60 2.22 1.89 1.62
  8   2.93 4.61 5.30 5.65 5.38 4.61 3.89 3.37 2.89 2.49 2.14 1.84 1.61 3.53 4.51 4.96 5.03 4.44 3.82 3.32 2.89 2.49 2.13 1.85
  9   1.65 3.50 4.45 5.05 5.24 4.81 4.16 3.60 3.16 2.74 2.38 2.08 1.83 1.88 3.49 4.17 4.63 4.63 4.09 3.60 3.17 2.77 2.41 2.10
 10   1.85 2.11 3.41 4.13 4.68 4.83 4.45 3.92 3.45 3.09 2.71 2.37 2.09 1.89 2.45 3.37 3.89 4.26 4.25 3.79 3.37 3.01 2.68 2.37
 11   2.11 1.93 2.57 3.37 3.93 4.37 4.51 4.19 3.74 3.35 3.01 2.66 2.38 2.15 1.98 2.61 3.25 3.70 4.01 4.01 3.68 3.33 3.01 2.73
 12   2.44 2.23 2.17 2.66 3.25 3.74 4.14 4.31 4.12 3.76 3.42 3.12 2.80 2.51 2.28 2.11 2.29 2.93 3.41 3.76 3.94 3.81 3.50 3.23
 13   2.92 2.66 2.43 2.25 2.16 2.62 3.25 3.73 4.10 4.22 3.91 3.54 3.23 2.93 2.63 2.36 2.14 2.03 2.53 3.12 3.58 3.92 4.08 3.88
 14   3.51 3.20 2.91 2.62 2.35 2.14 2.13 2.94 3.57 4.05 4.29 4.15 3.75 3.40 3.08 2.76 2.45 2.20 2.00 2.16 3.08 3.65 4.15 4.37
 15   4.12 3.71 3.34 3.03 2.71 2.41 2.16 2.00 2.77 3.55 4.08 4.37 4.25 3.79 3.41 3.08 2.73 2.42 2.13 1.93 2.20 3.29 4.00 4.48
 16   4.57 4.17 3.73 3.33 2.99 2.65 2.33 2.06 1.90 2.90 3.74 4.24 4.45 4.18 3.70 3.32 2.96 2.64 2.31 2.04 1.82 2.61 3.80 4.49
 17   4.76 4.63 4.08 3.59 3.23 2.85 2.51 2.21 1.97 2.30 3.37 4.13 4.54 4.53 4.00 3.55 3.19 2.83 2.48 2.17 1.92 1.85 3.44 4.36
 18   4.84 4.90 4.42 3.89 3.43 3.06 2.68 2.34 2.06 1.86 2.97 4.18 4.74 4.97 4.66 4.16 3.73 3.36 2.99 2.66 2.36 2.14 3.30 4.56
 19   5.18 5.49 5.23 4.58 4.02 3.62 3.22 2.88 2.54 2.29 2.54 3.86 4.58 5.03 4.99 4.42 3.94 3.57 3.18 2.82 2.50 2.24 2.54 4.30
 20   5.14 5.53 5.48 4.84 4.24 3.78 3.38 3.01 2.68 2.41 2.22 3.54 4.42 4.94 5.13 4.74 4.18 3.76 3.38 2.99 2.65 2.36 2.13 3.66
 21   4.74 5.33 5.54 5.13 4.48 3.94 3.54 3.17 2.82 2.51 2.28 2.78 3.98 4.62 4.99 4.89 4.30 3.86 3.48 3.10 2.76 2.46 2.19 2.64
 22   4.22 4.93 5.33 5.32 4.68 4.12 3.70 3.32 2.96 2.64 2.37 2.20 3.32 4.16 4.68 4.86 4.50 4.00 3.60 3.26 2.90 2.57 2.28 2.06
 23   3.62 4.39 4.98 5.22 4.92 4.34 3.86 3.46 3.13 2.82 2.50 2.26 2.58 3.62 4.22 4.62 4.60 4.08 3.68 3.32 2.98 2.66 2.36 2.13
 24   2.74 3.70 4.38 4.82 4.88 4.38 3.92 3.56 3.22 2.88 2.59 2.32 2.14 2.78 3.72 4.20 4.47 4.26 3.78 3.42 3.10 2.78 2.48 2.22
 25   2.08 3.10 3.86 4.39 4.69 4.58 4.08 3.68 3.36 3.04 2.74 2.48 2.25 2.56 3.38 3.89 4.25 4.30 3.96 3.53 3.22 2.92 2.62 2.37
 26   2.18 2.68 3.46 3.99 4.42 4.57 4.22 3.85 3.50 3.21 2.90 2.64 2.41 2.27 2.74 3.40 3.82 4.11 4.09 3.72 3.41 3.12 2.83 2.55
 27   2.34 2.27 2.94 3.50 3.94 4.26 4.33 4.02 3.68 3.38 3.10 2.81 2.56 2.36 2.26 2.78 3.29 3.68 3.94 3.94 3.66 3.38 3.12 2.85
 28   2.60 2.42 2.34 2.74 3.27 3.68 4.02 4.18 4.02 3.70 3.43 3.17 2.86 2.61 2.41 2.26 2.54 3.10 3.50 3.84 4.03 3.94 3.62 3.38
 29   3.11 2.88 2.62 2.42 2.38 2.92 3.46 3.88 4.17 4.23 3.90 3.58 3.30 3.02 2.72 2.46 2.26 2.13 2.66 3.30 3.78 4.14 4.30 4.02
 30   3.66 3.38 3.10 2.82 2.56 2.34 2.46 3.22 3.76 4.18 4.38 4.07 3.68 3.34 3.06 2.74 2.44 2.20 2.01 2.54 3.46 4.12 4.54 4.66
 ----------------------------------------------------------------------------------------------------------------------------
                                                                                                  
 ----------------------------------------------------------------------------------------------------------------------------
 ----------------------------------------------------------------------------------------------------------------------------
                                                          SURVEY OF INDIA
                                                    MARINE GEODESY WING (G&RB)
                                                     HOURLY HEIGHTS IN METRES
  NAME OF PORT:- GARDEN REACH                                                                       MONTH DECEMBER  YEAR 2021
 ----------------------------------------------------------------------------------------------------------------------------
 DAYS 0000 0001 0002 0003 0004 0005 0006 0007 0008 0009 0010 0011 0012 0013 0014 0015 0016 0017 0018 0019 0020 0021 0022 0023
 ----------------------------------------------------------------------------------------------------------------------------
  1   4.22 3.82 3.46 3.14 2.84 2.54 2.30 2.22 3.26 3.90 4.37 4.54 4.22 3.80 3.44 3.13 2.80 2.50 2.22 1.98 2.58 3.97 4.75 5.12
  2   5.02 4.50 3.96 3.52 3.16 2.81 2.50 2.23 2.10 3.50 4.26 4.74 4.86 4.39 3.90 3.50 3.16 2.80 2.46 2.18 1.94 3.22 4.68 5.30
  3   5.58 5.29 4.59 3.92 3.46 3.04 2.66 2.32 2.04 2.00 3.75 4.73 5.14 5.06 4.45 3.88 3.44 3.04 2.66 2.32 2.02 1.78 4.37 5.34
  4   5.82 5.85 5.21 4.42 3.78 3.27 2.82 2.42 2.09 1.82 3.34 4.73 5.34 5.57 5.06 4.34 3.80 3.21 2.78 2.40 2.06 1.78 2.78 5.16
  5   6.01 6.28 5.94 5.10 4.22 3.56 2.98 2.50 2.09 1.76 1.49 3.88 4.99 5.54 5.58 4.94 4.16 3.55 3.02 2.58 2.18 1.86 1.56 4.32
  6   5.53 6.13 6.31 5.73 4.82 4.08 3.48 2.98 2.52 2.16 1.85 1.64 4.22 5.16 5.62 5.46 4.84 4.21 3.70 3.25 2.84 2.48 2.16 1.88
  7   3.78 5.13 5.81 5.96 5.40 4.72 4.12 3.64 3.25 2.86 2.53 2.10 1.91 4.01 4.97 5.42 5.38 4.76 4.14 3.65 3.18 2.78 2.42 2.14
  8   3.24 4.16 5.06 5.64 5.77 5.24 4.54 3.98 3.54 3.12 2.74 2.42 2.17 2.24 3.83 4.59 5.05 5.00 4.44 3.92 3.48 3.06 2.70 2.40
  9   2.18 2.52 3.90 4.67 5.20 5.29 4.82 4.28 3.82 3.42 3.02 2.67 2.38 2.18 2.61 3.65 4.24 4.63 4.60 4.12 3.69 3.30 2.93 2.61
 10   2.36 2.18 2.84 3.74 4.36 4.78 4.88 4.48 4.04 3.65 3.27 2.92 2.62 2.38 2.19 2.77 3.58 4.10 4.43 4.42 4.01 3.64 3.29 2.97
 11   2.66 2.45 2.30 2.84 3.54 4.11 4.52 4.67 4.34 3.94 3.59 3.24 2.92 2.62 2.40 2.23 2.70 3.40 3.88 4.22 4.30 3.98 3.66 3.34
 12   3.03 2.78 2.54 2.38 2.62 3.30 3.80 4.22 4.39 4.18 3.82 3.50 3.17 2.85 2.56 2.33 2.18 2.58 3.22 3.72 4.09 4.24 4.05 3.72
 13   3.42 3.17 2.88 2.62 2.44 2.47 3.04 3.60 4.02 4.25 4.14 3.77 3.45 3.16 2.85 2.55 2.32 2.14 2.36 3.00 3.58 4.06 4.29 4.18
 14   3.85 3.52 3.22 2.92 2.64 2.41 2.28 2.78 3.40 3.87 4.17 4.16 3.77 3.45 3.16 2.83 2.53 2.28 2.08 2.30 3.14 3.72 4.21 4.44
 15   4.30 3.90 3.54 3.22 2.90 2.61 2.37 2.21 2.86 3.54 4.02 4.29 4.20 3.78 3.46 3.14 2.81 2.50 2.25 2.05 2.40 3.34 4.01 4.46
 16   4.62 4.33 3.90 3.51 3.18 2.85 2.54 2.29 2.14 2.93 3.60 4.04 4.29 4.12 3.69 3.34 3.02 2.70 2.40 2.14 1.95 2.76 3.73 4.35
 17   4.76 4.72 4.22 3.78 3.42 3.08 2.74 2.44 2.20 2.12 3.18 3.80 4.24 4.36 3.98 3.58 3.24 2.90 2.57 2.27 2.01 2.51 3.10 3.65
 18
 19
 20   4.00 4.52 4.71 4.30 3.84 3.36 2.99 2.62 2.28 2.00 1.76 1.85 2.89 3.66 4.09 4.13 3.64 3.24 2.88 2.56 2.24 1.93 1.68 2.08
 21   3.59 4.25 4.66 4.62 4.07 3.57 3.18 2.82 2.47 2.16 1.90 1.72 2.64 3.50 4.16 4.45 4.19 3.70 3.30 2.96 2.64 2.32 2.04 1.81
 22   3.20 4.14 4.70 4.93 4.63 4.08 3.60 3.24 2.88 2.56 2.27 2.02 2.12 3.32 3.92 4.34 4.39 3.91 3.49 3.14 2.80 2.48 2.19 1.95
 23   2.40 3.68 4.37 4.79 4.80 4.28 3.80 3.40 3.07 2.74 2.44 2.16 1.98 2.77 3.60 4.08 4.39 4.18 3.68 3.32 3.00 2.67 2.36 2.08
 24   1.90 2.98 3.81 4.38 4.68 4.50 3.98 3.57 3.24 2.91 2.60 2.32 2.08 1.98 3.05 3.68 4.12 4.29 3.92 3.52 3.16 2.86 2.54 2.26
 25   2.06 2.36 3.33 3.96 4.40 4.55 4.20 3.76 3.40 3.09 2.77 2.48 2.22 2.01 2.47 3.24 3.76 4.10 4.12 3.71 3.36 3.04 2.72 2.44
 26   2.23 2.04 2.72 3.44 3.93 4.29 4.36 3.96 3.59 3.27 2.96 2.67 2.38 2.14 1.98 2.57 3.24 3.68 3.98 3.98 3.58 3.28 2.96 2.68
 27   2.45 2.23 2.10 2.74 3.35 3.80 4.12 4.18 3.81 3.48 3.16 2.86 2.58 2.32 2.09 1.94 2.58 3.20 3.64 3.94 4.00 3.66 3.34 3.04
 28   2.75 2.50 2.27 2.12 2.56 3.16 3.60 3.97 4.08 3.79 3.44 3.15 2.86 2.58 2.30 2.07 1.91 2.40 3.08 3.58 3.96 4.11 3.83 3.49
 29   3.16 2.90 2.63 2.38 2.18 2.20 2.90 3.43 3.81 4.02 3.84 3.46 3.14 2.87 2.58 2.30 2.06 1.90 2.24 3.00 3.60 4.04 4.28 4.10
 30   3.71 3.34 3.04 2.76 2.47 2.23 2.04 2.46 3.20 3.68 4.01 4.00 3.64 3.30 2.98 2.67 2.36 2.08 1.84 1.84 2.92 3.70 4.24 4.51
 31   4.35 3.86 3.46 3.12 2.80 2.50 2.23 2.00 2.20 3.08 3.63 4.04 4.12 3.70 3.32 2.98 2.68 2.36 2.07 1.80 1.64 3.00 4.05 4.63
 ----------------------------------------------------------------------------------------------------------------------------
                                                                                                
 ----------------------------------------------------------------------------------------------------------------------------
 ----------------------------------------------------------------------------------------------------------------------------
