                                                          SURVEY OF INDIA
                                                    MARINE GEODESY WING (G&RB)
                                                     HOURLY HEIGHTS IN METRES
  NAME OF PORT:- GARDEN REACH                                                                       MONTH JANUARY   YEAR 2022
 ----------------------------------------------------------------------------------------------------------------------------
 DAYS 0000 0001 0002 0003 0004 0005 0006 0007 0008 0009 0010 0011 0012 0013 0014 0015 0016 0017 0018 0019 0020 0021 0022 0023
 ----------------------------------------------------------------------------------------------------------------------------
  1   4.84 4.52 3.96 3.48 3.10 2.74 2.40 2.10 1.86 1.92 3.24 3.84 4.25 4.28 3.80 3.40 3.04 2.70 2.36 2.06 1.80 1.60 3.43 4.47
  2   4.98 5.10 4.64 4.02 3.48 3.05 2.66 2.30 1.98 1.71 1.75 3.53 4.17 4.56 4.47 3.89 3.44 3.06 2.69 2.35 2.03 1.76 1.54 3.94
  3   4.90 5.32 5.26 4.65 4.00 3.44 2.97 2.54 2.16 1.86 1.58 2.08 3.76 4.42 4.75 4.50 3.93 3.41 3.00 2.64 2.26 1.94 1.66 1.47
  4   4.32 5.12 5.49 5.26 4.60 3.91 3.37 2.88 2.45 2.08 1.76 1.49 2.86 4.06 4.65 4.84 4.43 3.94 3.36 2.92 2.51 2.15 1.82 1.56
  5   2.92 4.48 5.10 5.35 5.00 4.34 3.71 3.25 2.80 2.40 2.05 1.75 1.52 3.20 4.16 4.64 4.72 4.20 3.66 3.20 2.80 2.44 2.10 1.82
  6   1.60 3.46 4.46 5.00 5.15 4.78 4.12 3.56 3.14 2.75 2.36 2.06 1.78 1.66 3.46 4.18 4.59 4.50 3.90 3.42 3.02 2.66 2.31 2.02
  7   1.76 2.06 3.58 4.32 4.78 4.80 4.26 3.73 3.30 2.92 2.56 2.26 1.98 1.74 2.08 3.37 3.94 4.30 4.22 3.68 3.28 2.92 2.57 2.26
  8   1.98 1.76 2.46 3.47 4.04 4.44 4.40 3.90 3.47 3.10 2.76 2.42 2.12 1.88 1.72 2.72 3.48 3.92 4.18 3.96 3.51 3.13 2.80 2.49
  9   2.20 1.96 1.88 2.84 3.48 3.97 4.25 4.16 3.67 3.31 2.98 2.64 2.33 2.07 1.85 2.04 2.95 3.46 3.86 4.00 3.72 3.36 3.02 2.72
 10   2.42 2.18 1.99 2.22 2.96 3.47 3.86 4.06 3.84 3.46 3.13 2.82 2.52 2.23 2.00 1.84 2.40 2.98 3.44 3.76 3.86 3.58 3.25 2.96
 11   2.68 2.42 2.20 2.04 2.28 2.85 3.29 3.63 3.80 3.62 3.31 3.02 2.74 2.45 2.18 1.97 1.88 2.50 3.02 3.46 3.74 3.84 3.60 3.32
 12   3.02 2.74 2.46 2.24 2.04 1.93 2.34 2.98 3.39 3.64 3.62 3.30 3.00 2.74 2.47 2.22 2.00 1.90 2.40 2.88 3.30 3.61 3.82 3.74
 13   3.40 3.13 2.87 2.60 2.36 2.16 2.05 2.37 2.88 3.24 3.50 3.56 3.30 3.00 2.75 2.48 2.24 2.02 1.86 2.14 2.76 3.25 3.67 3.92
 14   3.86 3.54 3.23 2.93 2.65 2.38 2.14 1.96 2.16 2.80 3.25 3.58 3.65 3.40 3.11 2.84 2.54 2.26 2.00 1.80 1.77 2.54 3.25 3.77
 15   4.10 4.06 3.63 3.27 2.96 2.65 2.36 2.10 1.91 2.02 2.76 3.26 3.63 3.78 3.47 3.12 2.80 2.52 2.22 1.96 1.74 1.88 2.92 3.64
 16   4.11 4.28 4.00 3.55 3.18 2.86 2.54 2.24 1.98 1.80 2.28 3.00 3.45 3.74 3.72 3.32 2.98 2.68 2.38 2.09 1.84 1.62 2.18 3.32
 17   4.00 4.36 4.38 3.90 3.45 3.07 2.73 2.39 2.10 1.86 1.71 2.64 3.40 3.80 4.00 3.74 3.32 2.96 2.66 2.33 2.04 1.78 1.58 2.94
 18   3.88 4.44 4.60 4.32 3.79 3.34 2.94 2.60 2.29 1.98 1.75 1.90 3.12 3.72 4.10 4.15 3.68 3.26 2.90 2.56 2.22 1.93 1.68 2.08
 19   3.76 4.46 4.80 4.72 4.15 3.62 3.19 2.81 2.46 2.14 1.85 1.67 2.73 3.61 4.09 4.36 4.07 3.56 3.15 2.81 2.46 2.15 1.85 1.63
 20   3.17 4.15 4.69 4.89 4.51 3.95 3.43 3.04 2.67 2.32 2.02 1.77 1.91 3.33 3.95 4.35 4.37 3.83 3.39 3.01 2.65 2.32 2.00 1.75
 21   2.07 3.77 4.47 4.85 4.81 4.23 3.71 3.27 2.89 2.53 2.19 1.91 1.70 2.81 3.75 4.29 4.52 4.11 3.63 3.21 2.85 2.49 2.16 1.91
 22   1.69 3.12 4.03 4.61 4.81 4.47 3.93 3.47 3.09 2.72 2.37 2.08 1.83 1.75 3.31 3.93 4.33 4.45 3.81 3.36 2.99 2.65 2.31 2.00
 23   1.78 2.09 3.23 3.98 4.44 4.48 4.05 3.58 3.17 2.82 2.47 2.16 1.89 1.60 2.48 3.40 3.90 4.19 3.92 3.50 3.08 2.76 2.44 2.12
 24   1.84 1.64 2.48 3.34 3.92 4.26 4.14 3.62 3.22 2.87 2.54 2.22 1.94 1.70 1.60 2.68 3.42 3.86 4.04 3.72 3.29 2.93 2.60 2.30
 25   2.02 1.80 1.74 2.82 3.48 3.94 4.15 3.86 3.42 3.06 2.74 2.41 2.12 1.86 1.66 1.98 2.90 3.46 3.86 4.00 3.64 3.25 2.90 2.59
 26   2.28 2.03 1.85 2.04 2.88 3.40 3.80 3.94 3.64 3.26 2.92 2.64 2.32 2.06 1.81 1.64 2.08 2.80 3.36 3.72 3.88 3.64 3.27 2.94
 27   2.64 2.38 2.12 1.90 1.78 2.40 2.96 3.38 3.60 3.50 3.14 2.82 2.54 2.25 1.96 1.72 1.55 1.96 2.54 3.08 3.50 3.78 3.71 3.35
 28   3.02 2.76 2.48 2.22 1.98 1.81 2.10 2.72 3.14 3.44 3.48 3.15 2.87 2.60 2.32 2.06 1.82 1.62 1.52 2.20 2.86 3.40 3.81 3.96
 29   3.64 3.30 2.97 2.68 2.38 2.11 1.88 1.70 2.22 2.86 3.30 3.56 3.54 3.16 2.84 2.56 2.26 1.98 1.72 1.52 1.56 2.68 3.48 4.00
 30   4.20 4.00 3.50 3.11 2.78 2.46 2.14 1.88 1.66 1.98 2.90 3.42 3.78 3.82 3.42 3.06 2.72 2.42 2.10 1.80 1.56 1.42 3.00 3.96
 31   4.50 4.61 4.28 3.72 3.24 2.83 2.48 2.16 1.84 1.58 1.80 3.44 4.04 4.44 4.36 3.90 3.46 3.08 2.72 2.36 2.09 1.81 1.62 3.88
 ----------------------------------------------------------------------------------------------------------------------------
                                                                                               
 ----------------------------------------------------------------------------------------------------------------------------
 ----------------------------------------------------------------------------------------------------------------------------
                                                          SURVEY OF INDIA
                                                    MARINE GEODESY WING (G&RB)
                                                     HOURLY HEIGHTS IN METRES
  NAME OF PORT:- GARDEN REACH                                                                       MONTH FEBRUARY  YEAR 2022
 ----------------------------------------------------------------------------------------------------------------------------
 DAYS 0000 0001 0002 0003 0004 0005 0006 0007 0008 0009 0010 0011 0012 0013 0014 0015 0016 0017 0018 0019 0020 0021 0022 0023
 ----------------------------------------------------------------------------------------------------------------------------
  1   4.68 5.08 5.10 4.56 3.96 3.42 3.00 2.60 2.22 1.92 1.65 2.70 3.94 4.50 4.76 4.46 3.92 3.41 3.01 2.62 2.26 1.94 1.64 2.80
  2   4.48 5.12 5.45 5.17 4.52 3.82 3.30 2.82 2.35 2.00 1.69 1.44 1.46 4.40 4.90 4.96 4.42 3.80 3.28 2.84 2.44 2.06 1.64 1.46
  3   3.74 4.72 5.34 5.51 5.04 4.32 3.64 3.12 2.66 2.24 1.87 1.56 1.33 3.93 4.68 5.06 4.92 4.28 3.66 3.16 2.74 2.34 1.98 1.68
  4   1.42 4.00 4.80 5.28 5.28 4.66 4.02 3.46 3.01 2.60 2.20 1.92 1.67 3.22 4.38 4.90 5.08 4.56 3.96 3.44 3.02 2.60 2.22 1.90
  5   1.66 3.34 4.30 4.90 5.19 4.86 4.20 3.64 3.21 2.80 2.42 2.08 1.76 1.54 3.30 4.12 4.57 4.69 4.14 3.60 3.18 2.80 2.42 2.10
  6   1.82 1.66 3.22 4.10 4.58 4.80 4.37 3.80 3.36 2.98 2.60 2.26 1.95 1.72 2.34 3.56 4.16 4.53 4.36 3.82 3.37 3.00 2.62 2.30
  7   2.02 1.82 2.34 3.44 4.01 4.36 4.32 3.82 3.40 3.04 2.69 2.32 2.04 1.82 1.82 3.02 3.68 4.12 4.28 3.92 3.50 3.12 2.78 2.48
  8   2.16 1.96 1.98 2.92 3.50 3.94 4.12 3.88 3.48 3.13 2.80 2.48 2.19 1.95 1.78 2.58 3.26 3.70 3.99 3.94 3.56 3.22 2.90 2.60
  9   2.31 2.10 1.96 2.50 3.08 3.52 3.80 3.84 3.52 3.20 2.89 2.56 2.27 2.02 1.85 2.04 2.76 3.22 3.58 3.78 3.66 3.37 3.08 2.80
 10   2.50 2.29 2.11 2.12 2.62 3.04 3.36 3.55 3.49 3.22 2.97 2.71 2.44 2.20 2.00 1.89 2.22 2.72 3.12 3.42 3.60 3.56 3.33 3.10
 11   2.84 2.62 2.40 2.23 2.12 2.17 2.45 2.76 3.05 3.21 3.16 2.96 2.74 2.52 2.26 2.04 1.88 1.90 2.28 2.68 3.08 3.40 3.62 3.64
 12   3.42 3.17 2.92 2.63 2.40 2.16 2.01 2.06 2.52 2.90 3.22 3.39 3.28 3.04 2.79 2.52 2.24 2.00 1.79 1.72 2.26 2.88 3.40 3.74
 13   3.90 3.68 3.37 3.06 2.76 2.44 2.16 1.94 1.80 2.32 2.94 3.34 3.60 3.56 3.23 2.92 2.63 2.32 2.04 1.80 1.64 2.18 3.00 3.60
 14   4.02 4.14 3.86 3.46 3.12 2.80 2.47 2.16 1.91 1.74 2.38 3.10 3.54 3.80 3.70 3.30 2.96 2.64 2.32 2.01 1.76 1.60 2.60 3.54
 15   4.12 4.38 4.32 3.82 3.40 3.04 2.68 2.33 2.04 1.80 1.74 2.88 3.58 3.96 4.08 3.70 3.32 2.94 2.60 2.26 1.96 1.70 1.62 2.38
 16   4.20 4.68 4.77 4.28 3.78 3.30 2.94 2.56 2.20 1.90 1.66 2.38 3.54 4.08 4.38 4.20 3.74 3.27 2.91 2.54 2.18 1.88 1.64 2.70
 17   4.08 4.72 5.00 4.76 4.16 3.60 3.16 2.76 2.37 2.04 1.76 1.55 3.24 4.08 4.56 4.64 4.12 3.61 3.18 2.78 2.40 2.07 1.76 1.54
 18   3.82 4.62 5.08 5.08 4.52 3.90 3.38 2.96 2.53 2.18 1.86 1.60 2.60 4.00 4.58 4.84 4.54 3.94 3.40 2.98 2.58 2.21 1.88 1.61
 19   2.94 4.34 4.98 5.21 4.86 4.20 3.60 3.14 2.72 2.32 1.98 1.70 1.46 3.66 4.48 4.92 4.88 4.28 3.68 3.20 2.78 2.40 2.04 1.76
 20   1.50 3.94 4.70 5.12 5.10 4.50 3.88 3.40 2.92 2.54 2.18 1.88 1.62 2.82 4.20 4.84 5.13 4.78 4.14 3.56 3.12 2.72 2.34 2.00
 21   1.74 2.78 4.16 4.78 5.07 4.76 4.14 3.58 3.14 2.74 2.36 2.02 1.73 1.49 3.74 4.52 4.93 4.94 4.38 3.80 3.32 2.92 2.52 2.19
 22   1.90 1.70 3.62 4.36 4.78 4.87 4.36 3.80 3.36 2.98 2.60 2.24 1.96 1.71 2.46 3.70 4.32 4.69 4.54 4.02 3.54 3.16 2.78 2.44
 23   2.14 1.88 2.42 3.52 4.12 4.50 4.48 3.94 3.52 3.16 2.80 2.46 2.14 1.87 1.68 2.82 3.63 4.14 4.42 4.28 3.80 3.40 3.04 2.68
 24   2.38 2.10 1.91 2.66 3.40 3.86 4.16 4.06 3.62 3.28 2.95 2.62 2.32 2.04 1.84 2.08 2.96 3.52 3.95 4.20 4.10 3.68 3.32 2.98
 25   2.66 2.38 2.14 1.98 2.52 3.10 3.50 3.76 3.76 3.47 3.16 2.86 2.55 2.28 2.04 1.84 1.89 2.58 3.13 3.60 3.92 4.04 3.79 3.46
 26   3.12 2.84 2.55 2.28 2.10 2.02 2.58 3.06 3.44 3.62 3.58 3.31 3.02 2.75 2.44 2.18 1.96 1.78 1.92 2.63 3.24 3.72 4.08 4.16
 27   3.80 3.46 3.12 2.82 2.52 2.24 2.01 1.88 2.56 3.16 3.60 3.86 3.82 3.46 3.13 2.81 2.50 2.22 1.95 1.74 2.12 3.12 3.84 4.32
 28   4.46 4.20 3.76 3.36 3.02 2.68 2.36 2.07 1.85 2.28 3.24 3.82 4.16 4.18 3.74 3.36 3.00 2.68 2.32 2.02 1.76 1.68 3.42 4.24
 ----------------------------------------------------------------------------------------------------------------------------
                                                                                               
 ----------------------------------------------------------------------------------------------------------------------------
 ----------------------------------------------------------------------------------------------------------------------------
                                                          SURVEY OF INDIA
                                                    MARINE GEODESY WING (G&RB)
                                                     HOURLY HEIGHTS IN METRES
  NAME OF PORT:- GARDEN REACH                                                                       MONTH MARCH     YEAR 2022
 ----------------------------------------------------------------------------------------------------------------------------
 DAYS 0000 0001 0002 0003 0004 0005 0006 0007 0008 0009 0010 0011 0012 0013 0014 0015 0016 0017 0018 0019 0020 0021 0022 0023
 ----------------------------------------------------------------------------------------------------------------------------
  1   4.76 4.84 4.40 3.88 3.40 3.00 2.60 2.24 1.94 1.69 2.24 3.60 4.20 4.52 4.40 3.88 3.42 3.04 2.64 2.28 1.96 1.79 2.16 4.02
  2   4.74 5.17 5.00 4.40 3.80 3.30 2.86 2.46 2.10 1.80 1.54 2.88 4.08 4.64 4.87 4.50 3.92 3.40 2.98 2.57 2.20 1.88 1.60 3.22
  3   4.54 5.25 5.45 5.02 4.30 3.64 3.16 2.70 2.30 1.96 1.64 1.40 3.88 4.68 5.12 5.04 4.39 3.74 3.22 2.76 2.35 2.00 1.68 1.42
  4   4.18 5.06 5.48 5.36 4.66 3.96 3.38 2.90 2.46 2.08 1.74 1.47 3.02 4.37 4.97 5.21 4.80 4.12 3.48 2.96 2.52 2.15 1.82 1.53
  5   2.80 4.50 5.12 5.40 5.04 4.32 3.64 3.15 2.68 2.27 1.92 1.64 1.37 3.92 4.78 5.21 5.12 4.48 3.80 3.26 2.78 2.38 1.99 1.70
  6   1.42 4.02 4.72 5.19 5.12 4.48 3.80 3.28 2.82 2.42 2.04 1.76 1.48 3.00 4.24 4.84 5.09 4.71 4.04 3.44 2.98 2.58 2.20 1.86
  7   1.60 2.70 3.98 4.56 4.88 4.64 4.00 3.44 3.02 2.60 2.25 1.90 1.64 1.46 3.56 4.24 4.67 4.68 4.06 3.54 3.12 2.70 2.32 2.02
  8   1.76 1.82 3.30 4.00 4.44 4.52 4.12 3.50 3.08 2.70 2.34 2.04 1.76 1.55 2.76 3.63 4.16 4.41 4.18 3.65 3.22 2.86 2.49 2.16
  9   1.90 1.71 2.56 3.36 3.88 4.19 4.06 3.56 3.16 2.80 2.44 2.14 1.85 1.64 2.24 3.16 3.70 4.08 4.13 3.72 3.32 2.95 2.61 2.30
 10   2.02 1.84 2.28 3.02 3.50 3.85 3.92 3.56 3.20 2.86 2.55 2.24 1.98 1.77 1.88 2.78 3.39 3.73 3.95 3.84 3.47 3.12 2.80 2.50
 11   2.23 2.04 2.18 2.80 3.20 3.50 3.61 3.42 3.16 2.88 2.60 2.33 2.11 1.92 1.92 2.44 2.88 3.24 3.50 3.62 3.52 3.32 3.06 2.80
 12   2.56 2.38 2.27 2.34 2.54 2.80 3.01 3.17 3.18 3.05 2.85 2.62 2.39 2.20 2.07 2.02 2.20 2.52 2.84 3.12 3.38 3.54 3.58 3.41
 13   3.20 2.98 2.74 2.50 2.29 2.13 2.06 2.24 2.66 2.98 3.20 3.30 3.16 2.94 2.70 2.43 2.16 1.94 1.82 2.14 2.74 3.22 3.62 3.86
 14   3.82 3.54 3.22 2.92 2.60 2.28 2.02 1.82 1.90 2.66 3.21 3.59 3.75 3.58 3.23 2.89 2.58 2.26 1.96 1.73 1.80 2.74 3.46 3.96
 15   4.24 4.16 3.72 3.36 3.00 2.64 2.32 2.02 1.79 1.88 2.90 3.52 3.94 4.05 3.75 3.32 3.00 2.64 2.28 1.96 1.66 1.66 3.20 3.92
 16   4.42 4.54 4.26 3.76 3.32 2.96 2.60 2.26 1.98 1.72 2.32 3.54 4.10 4.43 4.31 3.80 3.38 3.02 2.64 2.28 1.96 1.71 2.70 3.90
 17   4.60 4.92 4.78 4.20 3.68 3.24 2.82 2.44 2.08 1.80 1.58 3.46 4.28 4.72 4.83 4.30 3.78 3.31 2.91 2.52 2.16 1.84 1.60 3.84
 18   4.72 5.12 5.15 4.58 3.94 3.42 2.98 2.56 2.20 1.88 1.60 2.82 4.26 4.85 5.12 4.82 4.18 3.60 3.12 2.68 2.30 1.96 1.66 3.06
 19   4.60 5.24 5.49 5.10 4.40 3.72 3.20 2.74 2.32 1.98 1.67 1.42 4.24 5.00 5.42 5.34 4.66 3.96 3.36 2.88 2.44 2.06 1.74 1.46
 20   4.20 5.04 5.50 5.48 4.82 4.08 3.48 2.98 2.52 2.14 1.82 1.53 3.42 4.80 5.44 5.73 5.32 4.58 3.84 3.32 2.78 2.32 1.94 1.64
 21   2.90 4.66 5.30 5.61 5.28 4.56 3.84 3.30 2.80 2.40 2.02 1.66 1.39 4.15 5.04 5.56 5.56 4.90 4.16 3.54 3.02 2.56 2.16 1.82
 22   1.54 3.88 4.74 5.27 5.39 4.84 4.12 3.52 3.04 2.60 2.20 1.88 1.60 2.86 4.40 5.04 5.44 5.20 4.52 3.83 3.31 2.85 2.44 2.09
 23   1.79 1.60 3.99 4.68 5.08 5.00 4.36 3.76 3.26 2.83 2.44 2.05 1.76 1.52 3.58 4.43 4.93 5.12 4.74 4.11 3.56 3.12 2.72 2.37
 24   2.06 1.84 3.07 3.95 4.39 4.75 4.49 3.95 3.47 3.08 2.68 2.32 2.04 1.79 2.45 3.56 4.23 4.65 4.79 4.41 3.91 3.47 3.09 2.72
 25   2.40 2.15 2.15 3.35 3.93 4.34 4.50 4.17 3.74 3.36 3.01 2.66 2.34 2.10 1.95 2.91 3.55 4.05 4.39 4.49 4.17 3.77 3.41 3.07
 26   2.75 2.48 2.28 2.41 3.20 3.69 4.04 4.18 3.99 3.66 3.33 2.99 2.69 2.35 2.13 1.99 2.37 3.04 3.52 3.90 4.14 4.09 3.77 3.46
 27   3.10 2.81 2.54 2.33 2.12 2.17 2.71 3.20 3.56 3.85 3.78 3.47 3.19 2.87 2.55 2.27 2.01 1.83 2.15 2.99 3.65 4.13 4.40 4.32
 28   3.90 3.53 3.17 2.84 2.56 2.29 2.01 2.00 2.87 3.47 3.89 4.15 4.07 3.67 3.29 2.95 2.61 2.31 2.04 1.86 2.82 3.73 4.35 4.72
 29   4.73 4.31 3.85 3.43 3.05 2.66 2.31 2.00 1.79 3.00 3.84 4.37 4.66 4.58 4.05 3.60 3.21 2.81 2.44 2.11 1.84 2.93 4.19 4.87
 30   5.21 5.07 4.47 3.91 3.44 3.01 2.59 2.23 1.91 1.65 3.64 4.60 5.03 5.20 4.72 4.11 3.58 3.14 2.72 2.35 2.02 1.74 3.87 4.85
 31   5.40 5.60 5.10 4.39 3.79 3.30 2.84 2.44 2.07 1.77 2.53 4.48 5.19 5.51 5.28 4.62 3.96 3.44 2.99 2.56 2.20 1.88 1.61 4.39
 ----------------------------------------------------------------------------------------------------------------------------
                                                                                               
 ----------------------------------------------------------------------------------------------------------------------------
 ----------------------------------------------------------------------------------------------------------------------------
                                                          SURVEY OF INDIA
                                                    MARINE GEODESY WING (G&RB)
                                                     HOURLY HEIGHTS IN METRES
  NAME OF PORT:- GARDEN REACH                                                                       MONTH APRIL     YEAR 2022
 ----------------------------------------------------------------------------------------------------------------------------
 DAYS 0000 0001 0002 0003 0004 0005 0006 0007 0008 0009 0010 0011 0012 0013 0014 0015 0016 0017 0018 0019 0020 0021 0022 0023
 ----------------------------------------------------------------------------------------------------------------------------
  1   5.29 5.76 5.63 4.90 4.19 3.60 3.11 2.67 2.25 1.92 1.63 4.18 5.07 5.61 5.74 5.12 4.39 3.76 3.24 2.79 2.39 2.04 1.73 3.97
  2   5.03 5.53 5.80 5.33 4.57 3.87 3.37 2.89 2.46 2.09 1.78 3.08 4.79 5.51 5.80 5.49 4.78 4.05 3.50 3.00 2.57 2.18 1.85 1.58
  3   4.25 5.08 5.55 5.46 4.79 4.07 3.50 3.01 2.58 2.20 1.88 1.59 4.09 5.05 5.55 5.59 5.01 4.28 3.65 3.17 2.72 2.34 2.00 1.72
  4   3.77 4.63 5.30 5.53 5.12 4.39 3.75 3.26 2.80 2.41 2.07 1.79 3.20 4.59 5.27 5.63 5.37 4.73 4.02 3.49 3.01 2.61 2.25 1.95
  5   1.77 4.05 4.83 5.20 5.11 4.52 3.91 3.42 2.98 2.57 2.23 1.91 1.64 3.84 4.59 5.07 5.19 4.71 4.11 3.59 3.15 2.75 2.39 2.09
  6   1.82 2.71 4.09 4.66 4.85 4.58 4.01 3.53 3.12 2.72 2.36 2.03 1.77 3.13 3.99 4.54 4.85 4.65 4.11 3.59 3.21 2.81 2.46 2.16
  7   1.89 2.69 3.62 4.19 4.50 4.43 3.91 3.48 3.07 2.69 2.37 2.08 1.81 2.01 3.29 3.99 4.45 4.57 4.20 3.72 3.31 2.95 2.57 2.27
  8   2.02 2.15 3.25 3.79 4.14 4.22 3.89 3.51 3.13 2.79 2.46 2.17 1.95 2.00 3.02 3.58 4.02 4.27 4.19 3.79 3.43 3.11 2.78 2.39
  9   2.06 2.18 2.78 3.35 3.75 3.95 3.87 3.55 3.23 2.93 2.61 2.34 2.12 2.08 2.69 3.22 3.60 3.89 4.00 3.84 3.56 3.30 3.03 2.76
 10   2.55 2.42 2.43 2.77 3.12 3.34 3.46 3.46 3.31 3.10 2.87 2.67 2.53 2.42 2.44 2.63 2.95 3.26 3.52 3.72 3.83 3.86 3.72 3.52
 11   3.28 3.03 2.80 2.62 2.51 2.54 2.73 3.03 3.24 3.40 3.49 3.48 3.32 3.08 2.85 2.62 2.41 2.31 2.54 3.05 3.50 3.83 4.04 4.02
 12   3.74 3.47 3.17 2.85 2.54 2.26 2.06 2.09 2.83 3.31 3.72 3.94 3.87 3.55 3.23 2.93 2.59 2.28 2.03 1.99 3.02 3.67 4.12 4.35
 13   4.27 3.87 3.49 3.16 2.83 2.48 2.20 1.99 2.31 3.26 3.83 4.27 4.41 4.20 3.78 3.40 3.04 2.66 2.35 2.13 2.10 3.39 4.17 4.71
 14   4.90 4.61 4.10 3.63 3.25 2.85 2.48 2.16 1.89 2.91 4.09 4.74 5.06 4.88 4.33 3.79 3.35 2.91 2.51 2.16 1.85 2.44 4.23 4.95
 15   5.25 5.11 4.53 3.92 3.43 2.98 2.57 2.19 1.87 1.59 3.76 4.76 5.26 5.35 4.80 4.16 3.54 3.05 2.63 2.21 1.76 1.42 3.95 4.84
 16   5.40 5.61 5.09 4.38 3.75 3.26 2.81 2.41 2.05 1.74 3.02 4.84 5.56 5.86 5.52 4.78 4.04 3.45 2.93 2.49 2.12 1.77 3.01 4.61
 17   5.32 5.78 5.58 4.83 4.08 3.48 2.98 2.53 2.12 1.78 1.48 4.21 5.29 5.91 6.03 5.40 4.57 3.86 3.29 2.77 2.32 1.95 1.64 3.72
 18   5.02 5.67 5.91 5.39 4.59 3.87 3.29 2.77 2.31 1.85 1.50 1.33 4.77 5.57 6.01 5.81 5.04 4.24 3.59 3.01 2.53 2.08 1.73 1.43
 19   4.25 5.18 5.67 5.63 4.98 4.19 3.55 3.01 2.53 2.13 1.78 1.47 3.91 5.09 5.75 6.03 5.53 4.71 3.96 3.38 2.85 2.39 1.99 1.68
 20   2.73 4.79 5.45 5.67 5.32 4.59 3.87 3.31 2.83 2.40 2.02 1.68 1.39 4.42 5.23 5.74 5.69 5.02 4.28 3.62 3.12 2.66 2.24 1.89
 21   1.59 3.41 4.47 5.01 5.23 4.79 4.11 3.53 3.06 2.63 2.26 1.89 1.59 2.79 4.15 4.87 5.27 5.15 4.55 3.89 3.39 2.96 2.55 2.20
 22   1.91 1.75 3.51 4.21 4.67 4.80 4.36 3.81 3.34 2.93 2.52 2.17 1.88 1.63 2.75 3.81 4.50 4.83 4.69 4.15 3.59 3.16 2.74 2.40
 23   2.10 1.87 2.19 3.25 3.82 4.20 4.25 3.85 3.47 3.07 2.71 2.37 2.09 1.87 1.91 2.93 3.55 4.06 4.39 4.39 3.98 3.56 3.16 2.81
 24   2.48 2.21 2.01 2.11 2.89 3.39 3.79 3.98 3.87 3.54 3.21 2.89 2.56 2.29 2.05 1.93 2.25 2.99 3.53 3.96 4.19 4.15 3.79 3.42
 25   3.06 2.75 2.44 2.16 1.95 2.04 2.67 3.18 3.57 3.81 3.81 3.54 3.24 2.95 2.63 2.34 2.07 1.88 2.35 3.19 3.79 4.19 4.33 4.12
 26   3.72 3.38 3.04 2.69 2.35 2.08 1.87 1.97 2.80 3.49 3.98 4.19 4.00 3.69 3.29 2.92 2.56 2.23 1.95 1.84 3.09 3.81 4.29 4.52
 27   4.37 3.90 3.48 3.09 2.71 2.35 2.03 1.76 2.09 3.36 3.99 4.43 4.55 4.28 3.78 3.35 2.99 2.59 2.23 1.93 1.71 3.21 4.12 4.62
 28   4.84 4.51 3.95 3.47 3.06 2.64 2.27 1.93 1.93 2.57 3.91 4.55 4.95 4.84 4.31 3.76 3.31 2.89 2.49 2.15 1.85 1.69 4.03 4.76
 29   5.15 5.05 4.46 3.84 3.36 2.88 2.45 2.08 1.76 1.48 3.73 4.80 5.32 5.46 4.92 4.28 3.66 3.18 2.75 2.38 2.06 1.77 3.74 4.71
 30   5.21 5.12 4.84 4.19 3.65 3.14 2.71 2.34 2.01 1.70 3.02 4.61 5.27 5.63 5.38 4.68 4.00 3.49 3.03 2.61 2.28 1.96 1.64 3.81
 ----------------------------------------------------------------------------------------------------------------------------
                                                                                               
 ----------------------------------------------------------------------------------------------------------------------------
 ----------------------------------------------------------------------------------------------------------------------------
                                                          SURVEY OF INDIA
                                                    MARINE GEODESY WING (G&RB)
                                                     HOURLY HEIGHTS IN METRES
  NAME OF PORT:- GARDEN REACH                                                                       MONTH MAY       YEAR 2022
 ----------------------------------------------------------------------------------------------------------------------------
 DAYS 0000 0001 0002 0003 0004 0005 0006 0007 0008 0009 0010 0011 0012 0013 0014 0015 0016 0017 0018 0019 0020 0021 0022 0023
 ----------------------------------------------------------------------------------------------------------------------------
  1   4.48 4.82 4.79 4.26 3.73 3.28 2.85 2.46 2.13 1.85 1.83 4.14 4.93 5.48 5.58 5.06 4.36 3.77 3.32 2.88 2.49 2.13 1.83 3.32
  2   4.65 5.21 5.42 4.92 4.26 3.63 3.13 2.67 2.29 1.94 1.66 3.33 4.76 5.41 5.69 5.33 4.59 3.92 3.39 2.93 2.52 2.16 1.88 1.68
  3   3.90 4.80 5.23 5.14 4.52 3.92 3.43 2.97 2.58 2.24 1.91 1.65 4.18 4.90 5.34 5.37 4.82 4.14 3.60 3.16 2.74 2.41 2.10 1.87
  4   3.36 4.08 4.65 4.97 4.70 4.10 3.61 3.18 2.74 2.37 2.05 1.77 3.00 4.32 4.86 5.14 4.94 4.37 3.77 3.33 2.92 2.55 2.24 1.97
  5   2.32 3.66 4.28 4.69 4.68 4.16 3.68 3.27 2.86 2.49 2.17 1.91 2.24 3.70 4.37 4.83 4.92 4.50 3.96 3.52 3.13 2.73 2.41 2.13
  6   1.94 2.96 3.74 4.26 4.53 4.31 3.74 3.30 2.92 2.56 2.25 2.00 1.85 3.05 3.82 4.38 4.66 4.61 4.13 3.68 3.31 2.93 2.58 2.29
  7   2.04 2.38 3.38 3.94 4.34 4.35 3.94 3.53 3.14 2.79 2.46 2.14 1.93 2.58 3.42 3.98 4.38 4.52 4.23 3.81 3.44 3.10 2.78 2.47
  8   2.24 2.18 2.90 3.46 3.88 4.10 3.98 3.61 3.28 2.96 2.63 2.33 2.08 2.04 2.78 3.40 3.86 4.20 4.32 4.12 3.76 3.43 3.12 2.84
  9   2.54 2.36 2.34 2.86 3.32 3.64 3.86 3.82 3.55 3.29 2.99 2.72 2.51 2.34 2.38 2.85 3.34 3.78 4.07 4.23 4.10 3.76 3.43 3.14
 10   2.84 2.58 2.39 2.36 2.67 3.20 3.59 3.87 3.97 3.82 3.56 3.26 3.02 2.78 2.59 2.53 2.74 3.24 3.68 4.06 4.33 4.38 4.10 3.76
 11   3.45 3.14 2.82 2.56 2.42 2.34 2.90 3.46 3.96 4.31 4.38 4.09 3.76 3.43 3.14 2.80 2.54 2.44 2.98 3.68 4.22 4.60 4.70 4.42
 12   4.01 3.64 3.30 2.93 2.58 2.32 2.18 2.89 3.70 4.34 4.72 4.84 4.46 4.06 3.62 3.26 2.90 2.58 2.33 2.52 3.80 4.54 4.94 5.06
 13   4.66 4.22 3.78 3.40 3.00 2.64 2.34 2.11 3.24 4.34 5.02 5.34 5.27 4.75 4.20 3.73 3.30 2.89 2.54 2.26 2.98 4.48 5.23 5.58
 14   5.18 4.78 4.28 3.78 3.35 2.94 2.56 2.26 1.97 4.07 5.12 5.74 5.95 5.50 4.81 4.18 3.65 3.18 2.78 2.42 2.14 3.52 4.90 5.55
 15   5.80 5.42 4.78 4.14 3.64 3.18 2.76 2.40 2.07 1.81 4.69 5.71 6.22 6.14 5.36 4.58 3.94 3.40 2.96 2.54 2.19 1.91 4.32 5.34
 16   5.85 6.02 5.40 4.66 3.98 3.44 2.96 2.55 2.20 1.89 4.02 5.44 6.14 6.45 5.99 5.13 4.33 3.70 3.20 2.75 2.38 2.06 1.77 3.73
 17   5.56 6.21 5.86 5.14 4.40 3.80 3.30 2.82 2.42 2.08 1.78 4.70 5.71 6.32 6.49 5.80 4.88 4.14 3.56 3.08 2.62 2.26 1.90 3.08
 18   4.96 5.64 5.93 5.57 4.80 4.10 3.54 3.02 2.58 2.22 1.89 1.62 4.92 5.74 6.21 6.03 5.32 4.50 3.88 3.36 2.88 2.47 2.14 1.86
 19   4.06 5.10 5.72 5.87 5.32 4.58 3.96 3.44 2.96 2.56 2.19 1.88 3.39 4.96 5.68 6.02 5.80 5.06 4.34 3.78 3.26 2.82 2.44 2.14
 20   1.91 4.18 4.94 5.38 5.44 4.90 4.26 3.70 3.25 2.82 2.45 2.16 1.90 3.52 4.60 5.28 5.65 5.48 4.86 4.22 3.70 3.28 2.87 2.52
 21   2.26 2.44 3.82 4.48 4.96 5.12 4.76 4.18 3.70 3.30 2.90 2.55 2.25 2.12 3.80 4.60 5.16 5.44 5.20 4.66 4.08 3.60 3.15 2.74
 22   2.40 2.11 1.98 3.52 4.19 4.58 4.83 4.68 4.16 3.70 3.32 2.91 2.50 2.18 2.00 3.14 3.84 4.46 4.76 4.77 4.34 3.88 3.44 3.06
 23   2.70 2.38 2.14 2.08 3.10 3.74 4.18 4.41 4.26 3.82 3.43 3.06 2.70 2.42 2.20 2.18 2.92 3.66 4.22 4.60 4.68 4.34 3.88 3.47
 24   3.10 2.78 2.45 2.20 2.07 2.81 3.46 3.96 4.28 4.40 4.10 3.70 3.32 2.94 2.62 2.31 2.18 2.66 3.34 3.94 4.42 4.67 4.50 4.04
 25   3.60 3.25 2.92 2.57 2.30 2.10 2.34 3.23 3.82 4.26 4.48 4.30 3.87 3.49 3.15 2.82 2.52 2.26 2.13 3.14 3.92 4.48 4.77 4.68
 26   4.19 3.74 3.34 2.96 2.58 2.28 2.04 2.22 3.44 4.16 4.66 4.83 4.56 4.08 3.63 3.27 2.92 2.58 2.29 2.11 3.36 4.10 4.60 4.79
 27   4.52 4.06 3.59 3.20 2.79 2.44 2.14 1.93 2.78 3.96 4.66 5.02 5.04 4.56 4.02 3.56 3.15 2.77 2.43 2.15 2.01 3.66 4.46 4.86
 28   4.98 4.56 4.04 3.56 3.14 2.71 2.36 2.06 1.84 3.42 4.36 4.96 5.24 5.00 4.42 3.82 3.40 2.98 2.60 2.28 2.02 2.78 4.04 4.68
 29   5.00 4.92 4.42 3.86 3.42 3.02 2.62 2.27 1.98 1.82 4.00 4.82 5.30 5.30 4.84 4.20 3.64 3.18 2.78 2.42 2.12 1.90 3.28 4.24
 30   4.72 4.96 4.72 4.14 3.64 3.22 2.78 2.42 2.10 1.84 3.24 4.34 5.06 5.42 5.20 4.58 3.96 3.47 3.04 2.66 2.34 2.17 2.50 3.95
 31   4.70 5.03 4.97 4.46 3.88 3.44 3.02 2.64 2.30 1.98 1.80 4.06 4.88 5.36 5.43 4.90 4.24 3.68 3.25 2.82 2.48 2.18 1.95 3.32
 ----------------------------------------------------------------------------------------------------------------------------
                                                                                               
 ----------------------------------------------------------------------------------------------------------------------------
 ----------------------------------------------------------------------------------------------------------------------------
                                                          SURVEY OF INDIA
                                                    MARINE GEODESY WING (G&RB)
                                                     HOURLY HEIGHTS IN METRES
  NAME OF PORT:- GARDEN REACH                                                                       MONTH JUNE      YEAR 2022
 ----------------------------------------------------------------------------------------------------------------------------
 DAYS 0000 0001 0002 0003 0004 0005 0006 0007 0008 0009 0010 0011 0012 0013 0014 0015 0016 0017 0018 0019 0020 0021 0022 0023
 ----------------------------------------------------------------------------------------------------------------------------
  1   4.12 4.68 4.92 4.65 4.08 3.60 3.20 2.76 2.40 2.09 1.80 3.00 4.42 5.00 5.34 5.16 4.53 3.94 3.46 3.04 2.67 2.36 2.08 2.12
  2   3.70 4.34 4.80 4.86 4.38 3.86 3.42 3.02 2.64 2.32 2.02 1.94 3.92 4.68 5.22 5.33 4.90 4.30 3.76 3.35 2.96 2.64 2.33 2.11
  3   3.16 3.96 4.48 4.78 4.58 4.10 3.64 3.26 2.86 2.50 2.20 1.94 2.96 4.08 4.76 5.14 5.07 4.54 4.00 3.54 3.17 2.80 2.49 2.20
  4   2.28 3.56 4.20 4.66 4.76 4.38 3.92 3.50 3.12 2.74 2.44 2.16 2.48 3.80 4.50 4.98 5.10 4.79 4.28 3.80 3.43 3.08 2.72 2.44
  5   2.22 2.88 3.84 4.38 4.68 4.65 4.21 3.78 3.40 3.04 2.70 2.40 2.18 2.82 3.94 4.56 4.90 4.92 4.52 4.04 3.62 3.28 2.94 2.62
  6   2.36 2.42 3.32 3.92 4.34 4.58 4.35 3.94 3.54 3.20 2.87 2.58 2.34 2.40 3.42 4.02 4.50 4.77 4.76 4.30 3.90 3.45 3.17 2.84
  7   2.52 2.34 2.50 3.36 3.86 4.24 4.40 4.22 3.86 3.54 3.22 2.93 2.66 2.43 2.40 2.80 3.38 4.34 4.69 4.58 4.21 3.85 3.46 3.14
  8   2.80 2.54 2.32 2.20 2.96 3.66 4.06 4.31 4.30 3.96 3.62 3.29 2.98 2.68 2.44 2.33 3.00 3.66 4.14 4.46 4.50 4.18 3.80 3.46
  9   3.14 2.82 2.54 2.33 2.28 3.08 3.66 4.10 4.38 4.40 4.09 3.75 3.44 3.14 2.84 2.58 2.38 2.70 3.50 4.06 4.44 4.60 4.34 3.94
 10   3.52 3.20 2.83 2.53 2.26 2.06 2.00 3.44 4.08 4.56 4.74 4.51 4.06 3.65 3.26 2.90 2.58 2.32 2.39 3.54 4.16 4.62 4.70 4.30
 11   3.94 3.58 3.22 2.82 2.50 2.22 2.04 2.74 3.88 4.54 4.98 5.09 4.68 4.18 3.70 3.32 2.95 2.60 2.30 2.18 3.64 4.33 4.76 4.86
 12   4.44 3.98 3.58 3.22 2.83 2.50 2.18 1.94 3.10 4.30 5.06 5.46 5.42 4.94 4.40 3.80 3.26 2.84 2.46 2.14 2.68 3.94 4.70 5.16
 13   5.14 4.74 4.14 3.64 3.22 2.80 2.42 2.10 1.82 3.46 4.80 5.56 5.88 5.61 4.92 4.22 3.65 3.17 2.74 2.37 2.05 1.80 4.26 5.00
 14   5.42 5.30 4.70 4.08 3.57 3.00 2.30 1.42 1.22 1.74 4.08 5.22 5.86 6.04 5.61 4.78 4.06 3.50 3.02 2.60 2.24 1.98 3.24 4.69
 15   5.30 5.49 4.98 4.36 3.76 3.26 2.82 2.44 2.09 1.78 1.54 4.60 5.48 5.93 5.90 5.24 4.48 3.82 3.26 2.80 2.38 2.05 1.74 3.16
 16   4.60 5.24 5.53 5.20 4.54 3.88 3.38 2.90 2.46 2.10 1.98 2.54 4.66 5.45 5.94 5.71 5.00 4.28 3.65 3.14 2.68 2.28 1.94 1.66
 17   3.52 4.66 5.22 5.41 5.00 4.33 3.70 3.12 2.74 2.34 2.00 1.70 3.18 4.64 5.36 5.74 5.61 4.90 4.18 3.62 3.12 2.68 2.26 1.93
 18   1.65 3.48 4.42 4.94 5.15 4.72 4.10 3.55 3.10 2.66 2.34 2.04 1.72 3.32 4.41 5.05 5.38 5.22 4.64 4.04 3.52 3.09 2.68 2.30
 19   1.96 1.70 3.18 4.10 4.57 4.75 4.36 3.84 3.38 2.97 2.58 2.24 1.96 1.76 3.26 4.06 4.64 4.98 4.89 4.36 3.84 3.40 3.02 2.62
 20   2.25 1.98 1.84 2.56 3.60 4.12 4.41 4.32 3.85 3.40 3.02 2.64 2.31 2.05 1.89 3.26 3.90 4.40 4.66 4.52 4.08 3.62 3.22 2.82
 21   2.44 2.14 1.90 1.78 3.10 3.78 4.14 4.30 3.96 3.54 3.16 2.82 2.50 2.21 1.95 2.02 3.10 3.72 4.24 4.58 4.45 3.98 3.54 3.16
 22   2.74 2.40 2.12 1.89 2.20 3.14 3.70 4.13 4.22 3.98 3.57 3.24 2.90 2.58 2.28 2.06 2.03 2.86 3.53 4.04 4.30 4.25 3.82 3.42
 23   2.99 2.66 2.34 2.04 1.84 2.24 3.06 3.60 4.04 4.27 4.16 3.73 3.36 3.00 2.70 2.40 2.15 2.04 2.78 3.50 3.98 4.28 4.26 3.84
 24   3.46 3.10 2.74 2.42 2.12 1.93 2.20 3.07 3.66 4.10 4.32 4.24 3.80 3.42 3.12 2.78 2.46 2.20 2.11 2.72 3.44 3.90 4.19 4.18
 25   3.74 3.40 3.05 2.70 2.37 2.09 1.86 2.16 3.18 3.90 4.32 4.54 4.38 3.90 3.50 3.16 2.79 2.49 2.20 2.04 2.76 3.56 4.12 4.37
 26   4.26 3.84 3.46 3.10 2.73 2.38 2.11 1.94 2.38 3.43 4.36 4.73 4.80 4.45 3.95 3.54 3.17 2.81 2.50 2.23 2.31 3.27 3.98 4.45
 27   4.58 4.32 3.88 3.49 3.11 2.75 2.41 2.14 2.01 3.12 4.12 4.82 5.14 5.06 4.52 4.00 3.58 3.18 2.82 2.50 2.26 2.58 3.78 4.40
 28   4.78 4.79 4.38 3.92 3.52 3.12 2.76 2.44 2.17 2.07 3.86 4.68 5.20 5.38 5.01 4.40 3.86 3.44 3.03 2.67 2.36 2.14 2.98 3.96
 29   4.54 4.80 4.74 4.26 3.80 3.40 3.00 2.64 2.32 2.08 2.84 4.26 4.98 5.40 5.32 4.76 4.20 3.68 3.24 2.84 2.50 2.22 2.06 3.50
 30   4.34 4.74 4.94 4.63 4.06 3.62 3.26 2.85 2.48 2.16 1.92 3.64 4.58 5.12 5.38 5.07 4.45 3.88 3.44 3.04 2.68 2.38 2.11 2.66
 ----------------------------------------------------------------------------------------------------------------------------
                                                                                               
 ----------------------------------------------------------------------------------------------------------------------------
 ----------------------------------------------------------------------------------------------------------------------------
                                                          SURVEY OF INDIA
                                                    MARINE GEODESY WING (G&RB)
                                                     HOURLY HEIGHTS IN METRES
  NAME OF PORT:- GARDEN REACH                                                                       MONTH JULY      YEAR 2022
 ----------------------------------------------------------------------------------------------------------------------------
 DAYS 0000 0001 0002 0003 0004 0005 0006 0007 0008 0009 0010 0011 0012 0013 0014 0015 0016 0017 0018 0019 0020 0021 0022 0023
 ----------------------------------------------------------------------------------------------------------------------------
  1   3.83 4.44 4.85 4.86 4.36 3.86 3.44 3.03 2.64 2.29 2.00 2.12 4.18 4.90 5.32 5.24 4.70 4.12 3.62 3.23 2.83 2.51 2.20 1.99
  2   3.34 4.13 4.68 4.93 4.62 4.07 3.60 3.20 2.81 2.47 2.20 1.96 3.42 4.46 5.06 5.32 5.06 4.46 3.88 3.46 3.08 2.72 2.43 2.18
  3   2.48 3.68 4.38 4.82 4.88 4.42 3.94 3.51 3.12 2.72 2.38 2.11 2.46 4.16 4.88 5.36 5.31 4.78 4.18 3.68 3.28 2.90 2.56 2.28
  4   2.08 3.20 4.16 4.74 4.98 4.68 4.14 3.64 3.28 2.90 2.56 2.26 2.04 3.48 4.42 5.04 5.28 4.98 4.46 3.88 3.46 3.08 2.72 2.43
  5   2.20 2.54 3.74 4.40 4.83 4.86 4.38 3.88 3.48 3.10 2.73 2.40 2.16 2.58 3.88 4.62 5.06 5.12 4.68 4.16 3.68 3.32 2.96 2.63
  6   2.39 2.24 3.10 3.98 4.58 4.89 4.81 4.35 3.87 3.50 3.12 2.78 2.51 2.31 3.10 4.16 4.66 5.05 5.08 4.66 4.17 3.74 3.36 3.00
  7   2.67 2.44 2.31 3.33 4.08 4.60 4.86 4.74 4.28 3.84 3.48 3.08 2.76 2.52 2.38 3.24 4.07 4.60 4.92 4.83 4.42 3.98 3.60 3.25
  8   2.91 2.63 2.40 2.43 3.44 4.12 4.60 4.83 4.69 4.25 3.84 3.52 3.20 2.88 2.64 2.51 3.20 3.94 4.47 4.80 4.82 4.44 4.00 3.62
  9   3.27 2.95 2.64 2.40 2.31 3.22 3.96 4.50 4.80 4.85 4.46 4.07 3.69 3.38 3.06 2.76 2.55 2.68 3.64 4.24 4.66 4.80 4.54 4.10
 10   3.70 3.38 3.04 2.72 2.46 2.27 2.86 3.82 4.44 4.89 5.08 4.70 4.24 3.82 3.47 3.14 2.84 2.56 2.52 3.58 4.26 4.72 4.90 4.66
 11   4.18 3.82 3.47 3.08 2.74 2.44 2.22 2.66 3.94 4.70 5.24 5.35 5.00 4.46 3.94 3.56 3.18 2.85 2.56 2.40 3.42 4.30 4.86 5.16
 12   5.00 4.50 4.02 3.60 3.22 2.84 2.52 2.24 2.50 4.30 5.22 5.82 5.83 5.38 4.70 4.07 3.60 3.18 2.82 2.52 2.28 3.78 4.78 5.37
 13   5.58 5.22 4.58 4.02 3.58 3.16 2.77 2.44 2.14 2.42 4.74 5.68 6.20 6.09 5.40 4.62 3.96 3.44 2.98 2.60 2.28 2.02 3.94 5.02
 14   5.66 5.86 5.36 4.62 4.00 3.52 3.04 2.64 2.30 2.00 3.28 5.02 5.98 6.40 6.22 5.46 4.62 4.00 3.44 2.98 2.58 2.26 1.97 4.20
 15   5.22 5.86 6.01 5.38 4.60 3.94 3.42 2.95 2.56 2.24 1.92 3.68 5.10 5.86 6.24 5.98 5.06 4.24 3.60 3.08 2.60 2.22 1.88 1.62
 16   4.26 5.06 5.64 5.66 5.02 4.26 3.62 3.11 2.64 2.25 1.93 1.62 3.96 5.16 5.86 6.14 5.68 4.82 4.04 3.46 2.96 2.52 2.16 1.85
 17   1.62 4.22 5.02 5.56 5.52 4.87 4.14 3.58 3.08 2.62 2.26 1.96 1.69 4.22 5.16 5.78 5.88 5.38 4.54 3.88 3.38 2.94 2.56 2.18
 18   1.88 2.96 4.50 5.22 5.59 5.33 4.62 3.96 3.42 2.96 2.56 2.24 1.94 2.94 4.44 5.20 5.65 5.51 4.90 4.20 3.67 3.19 2.74 2.40
 19   2.07 1.87 3.45 4.44 5.00 5.25 4.91 4.39 3.74 3.32 2.90 2.70 2.38 2.13 3.28 4.28 4.92 5.31 5.20 4.70 4.12 3.68 3.26 2.88
 20   2.50 2.26 2.18 3.62 4.32 4.83 5.02 4.70 4.20 3.72 3.36 2.95 2.63 2.36 2.28 3.37 4.10 4.60 4.88 4.80 4.32 3.88 3.48 3.08
 21   2.68 2.40 2.14 2.32 3.52 4.12 4.54 4.64 4.32 3.87 3.48 3.14 2.82 2.56 2.35 2.40 3.19 3.82 4.30 4.52 4.36 4.02 3.62 3.26
 22   2.88 2.62 2.35 2.16 2.78 3.50 3.98 4.32 4.49 4.52 3.83 3.39 3.08 2.78 2.52 2.36 2.48 3.16 3.66 4.06 4.27 4.18 3.80 3.45
 23   3.14 2.84 2.56 2.32 2.23 2.69 3.30 3.78 4.18 4.32 4.16 3.82 3.52 3.26 3.00 2.76 2.56 2.47 2.78 3.38 3.82 4.06 4.26 4.19
 24   3.80 3.44 3.12 2.82 2.60 2.36 2.84 3.46 3.92 4.25 4.48 4.42 3.98 3.64 3.35 3.04 2.74 2.51 2.34 2.64 3.32 3.76 4.08 4.18
 25   3.89 3.60 3.38 3.00 2.71 2.45 2.29 2.36 3.20 3.82 4.35 4.65 4.60 4.20 3.82 3.48 3.14 2.80 2.51 2.31 2.66 3.46 3.98 4.34
 26   4.38 4.02 3.66 3.34 3.02 2.68 2.40 2.18 2.34 3.38 4.14 4.62 4.85 4.67 4.16 3.76 3.40 3.05 2.71 2.42 2.21 2.76 3.66 4.20
 27   4.55 4.54 4.10 3.70 3.36 3.00 2.65 2.35 2.11 2.28 3.72 4.46 5.00 5.12 4.76 4.23 3.75 3.36 3.00 2.66 2.36 2.15 3.06 3.90
 28   4.44 4.70 4.57 4.08 3.66 3.31 2.92 2.57 2.28 2.01 2.80 4.14 4.80 5.23 5.14 4.58 4.04 3.54 3.14 2.76 2.43 2.12 1.96 3.58
 29   4.38 4.80 4.92 4.46 3.96 3.51 3.14 2.74 2.40 2.10 1.88 3.78 4.80 5.28 5.43 5.00 4.36 3.79 3.34 2.93 2.55 2.24 1.96 3.10
 30   4.38 4.90 5.13 4.88 4.32 3.77 3.33 2.92 2.56 2.04 1.62 2.62 4.42 5.17 5.57 5.42 4.92 4.44 3.94 3.46 2.98 2.62 2.27 2.04
 31   3.86 4.56 5.04 5.22 4.72 4.14 3.62 3.18 2.77 2.40 1.94 1.90 3.90 4.90 5.45 5.63 5.18 4.21 3.66 3.16 2.77 2.40 2.11 2.05
 ----------------------------------------------------------------------------------------------------------------------------
                                                                                               
 ----------------------------------------------------------------------------------------------------------------------------
 ----------------------------------------------------------------------------------------------------------------------------
                                                          SURVEY OF INDIA
                                                    MARINE GEODESY WING (G&RB)
                                                     HOURLY HEIGHTS IN METRES
  NAME OF PORT:- GARDEN REACH                                                                       MONTH AUGUST    YEAR 2022
 ----------------------------------------------------------------------------------------------------------------------------
 DAYS 0000 0001 0002 0003 0004 0005 0006 0007 0008 0009 0010 0011 0012 0013 0014 0015 0016 0017 0018 0019 0020 0021 0022 0023
 ----------------------------------------------------------------------------------------------------------------------------
  1   2.45 4.19 4.86 5.26 5.11 4.52 3.92 3.46 3.03 2.65 2.31 1.98 2.54 4.34 5.06 5.46 5.32 4.70 4.06 3.55 3.10 2.70 2.34 2.43
  2   2.80 3.52 4.44 5.00 5.21 4.78 4.15 3.62 3.20 2.79 2.43 2.08 1.82 3.62 4.60 5.18 5.39 4.96 4.32 3.76 3.32 2.80 2.33 1.76
  3   1.95 2.54 4.04 4.72 5.11 5.01 4.43 3.86 3.42 3.00 2.61 2.31 2.02 2.30 4.14 4.88 5.28 5.20 4.62 4.03 3.56 3.16 2.75 2.43
  4   2.14 1.92 3.42 4.40 4.92 5.16 4.81 4.24 3.73 3.33 2.91 2.55 2.26 2.03 3.40 4.30 4.86 5.14 4.90 4.36 3.82 3.42 3.00 2.66
  5   2.38 2.14 2.54 3.79 4.51 4.96 5.03 4.58 4.07 3.64 3.26 2.87 2.56 2.32 2.56 3.76 4.40 4.85 4.93 4.53 4.06 3.64 3.26 2.88
  6   2.54 2.31 2.16 3.08 3.92 4.51 4.85 4.84 4.42 3.98 3.58 3.20 2.86 2.60 2.42 2.87 3.72 4.28 4.70 4.79 4.46 4.02 3.64 3.25
  7   2.98 2.64 2.42 2.32 3.02 3.80 4.34 4.72 4.81 4.50 4.10 3.76 3.43 3.12 2.84 2.64 2.71 3.46 4.06 4.46 4.70 4.56 4.16 3.80
  8   3.44 3.14 2.82 2.58 2.44 2.68 3.52 4.16 4.64 4.88 4.80 4.40 4.02 3.67 3.32 3.01 2.74 2.58 2.94 3.72 4.22 4.62 4.80 4.56
  9   4.16 3.84 3.50 3.14 2.82 2.59 2.50 3.38 4.16 4.88 5.20 5.30 4.86 4.39 3.96 3.59 3.23 2.77 2.52 2.44 3.54 4.32 4.86 5.10
 10   4.82 4.42 3.98 3.62 3.22 2.85 2.51 2.26 2.70 4.40 5.20 5.70 5.70 5.22 4.56 4.00 3.56 3.12 2.76 2.47 2.24 3.66 4.70 5.24
 11   5.44 5.11 4.54 4.02 3.59 3.18 2.80 2.44 2.15 2.82 4.84 5.70 6.14 6.00 5.34 4.58 3.98 3.48 3.01 2.62 2.28 2.01 3.94 5.10
 12   5.65 5.91 5.36 4.64 4.02 3.54 3.03 2.63 2.31 2.02 3.14 5.18 6.00 6.38 6.06 5.26 4.46 3.82 3.26 2.79 2.40 2.08 1.70 2.04
 13   5.34 6.05 6.03 5.38 4.59 3.92 3.39 2.88 2.46 2.14 1.98 4.12 5.54 6.26 6.64 6.14 5.28 4.46 3.82 3.26 2.76 2.36 2.04 2.34
 14   4.74 5.72 6.26 6.28 5.44 4.62 3.94 3.38 2.87 2.48 2.16 1.87 5.12 6.08 6.87 6.91 6.12 5.22 4.44 3.86 3.32 2.84 2.47 2.40
 15   4.02 5.76 6.41 6.62 6.20 5.32 4.54 3.92 3.40 2.92 2.54 2.24 3.74 5.38 6.13 6.55 6.24 5.42 4.63 4.04 3.52 3.05 2.64 2.34
 16   2.04 4.46 5.48 6.04 6.21 5.58 4.78 4.14 3.58 3.08 2.68 2.36 2.08 3.72 5.02 5.66 5.96 5.59 4.84 4.20 3.68 3.18 2.78 2.50
 17   2.10 1.92 4.52 5.28 5.76 5.66 5.02 4.34 3.78 3.32 2.88 2.50 2.20 1.97 4.00 4.80 5.32 5.44 4.90 4.24 3.74 3.28 2.82 2.47
 18   2.14 1.90 3.34 4.46 5.03 5.31 5.04 4.41 3.90 3.40 2.98 2.56 2.24 2.01 3.00 4.00 4.62 4.98 4.90 4.38 3.87 3.23 2.73 2.37
 19   2.02 2.02 2.48 3.64 4.26 4.72 4.76 4.38 3.92 3.48 3.07 2.70 2.36 2.16 2.18 3.04 3.96 4.54 4.85 4.72 4.33 3.85 3.44 3.07
 20   2.78 2.52 2.47 2.92 3.85 4.34 4.67 4.65 4.32 3.94 3.59 3.25 2.95 2.70 2.45 2.35 3.13 3.91 4.43 4.73 4.66 4.25 3.62 2.82
 21   2.32 2.28 2.56 2.98 3.47 3.97 4.34 4.54 4.46 4.18 3.87 3.63 3.36 3.14 2.98 2.90 2.99 3.31 3.67 3.98 4.16 4.12 3.92 3.68
 22   3.44 3.18 2.95 2.78 2.67 2.76 3.29 3.74 4.14 4.36 4.42 4.20 3.91 3.65 3.36 3.07 2.82 2.63 2.64 3.06 3.75 4.10 4.21 4.12
 23   3.87 3.61 3.32 2.99 2.70 2.47 2.40 2.84 3.51 4.09 4.50 4.69 4.48 4.12 3.80 3.44 3.09 2.72 2.42 2.23 2.70 3.55 4.08 4.42
 24   4.38 4.12 3.76 3.42 3.02 2.64 2.36 2.17 2.54 3.60 4.32 4.78 4.96 4.86 4.40 3.95 3.52 3.08 2.71 2.40 2.18 3.02 3.96 4.48
 25   4.76 4.68 4.26 3.84 3.46 3.04 2.64 2.32 2.08 2.94 4.18 4.86 5.29 5.20 4.76 4.23 3.80 3.36 2.94 2.58 2.28 2.06 3.48 4.36
 26   4.90 5.11 4.78 4.23 3.79 3.36 2.92 2.55 2.24 2.00 3.62 4.62 5.18 5.50 5.22 4.60 4.05 3.60 3.14 2.76 2.42 2.12 2.60 4.24
 27   4.98 5.40 5.35 4.74 4.16 3.70 3.23 2.80 2.44 2.16 1.94 4.38 5.18 5.68 5.72 5.14 4.46 3.94 3.45 3.02 2.62 2.31 2.02 3.62
 28   4.74 5.26 5.52 5.18 4.52 3.95 3.46 3.00 2.62 2.28 2.00 3.60 4.86 5.54 5.86 5.45 4.76 4.12 3.60 3.12 2.72 2.39 2.06 1.86
 29   4.36 5.16 5.60 5.62 4.92 4.22 3.68 3.20 2.78 2.42 2.12 1.88 4.44 5.28 5.81 5.82 5.18 4.44 3.84 3.35 2.90 2.53 2.20 1.92
 30   3.90 5.02 5.65 5.86 5.38 4.58 3.96 3.46 2.98 2.58 2.24 1.94 3.78 5.06 5.73 5.97 5.54 4.78 4.10 3.58 3.08 2.67 2.32 2.02
 31   1.74 4.76 5.53 5.93 5.74 5.00 4.23 3.70 3.18 2.67 2.39 2.08 1.82 4.54 5.35 5.82 5.74 5.06 4.36 3.80 3.30 2.87 2.48 2.16
 ----------------------------------------------------------------------------------------------------------------------------
                                                                                               
 ----------------------------------------------------------------------------------------------------------------------------
 ----------------------------------------------------------------------------------------------------------------------------
                                                          SURVEY OF INDIA
                                                    MARINE GEODESY WING (G&RB)
                                                     HOURLY HEIGHTS IN METRES
  NAME OF PORT:- GARDEN REACH                                                                       MONTH SEPT      YEAR 2022
 ----------------------------------------------------------------------------------------------------------------------------
 DAYS 0000 0001 0002 0003 0004 0005 0006 0007 0008 0009 0010 0011 0012 0013 0014 0015 0016 0017 0018 0019 0020 0021 0022 0023
 ----------------------------------------------------------------------------------------------------------------------------
  1   1.86 4.06 5.10 5.69 5.83 5.32 4.55 3.92 3.40 2.96 2.58 2.24 1.94 3.82 4.86 5.44 5.89 5.24 4.58 3.96 3.49 3.01 2.62 2.29
  2   1.98 2.74 4.44 5.18 5.62 5.48 4.84 4.16 3.65 3.20 2.79 2.44 2.14 1.94 4.08 4.82 5.27 5.27 4.70 4.10 3.63 3.19 2.76 2.42
  3   2.10 1.90 3.52 4.48 5.07 5.34 5.06 4.46 3.92 3.50 3.08 2.71 2.40 2.15 3.04 4.00 4.55 4.93 4.89 4.40 3.93 3.53 3.09 2.72
  4   2.38 2.14 2.06 3.20 4.08 4.62 4.90 4.77 4.28 3.82 3.42 3.03 2.70 2.42 2.21 2.86 3.64 4.16 4.48 4.45 4.10 3.76 3.40 3.02
  5   2.70 2.42 2.22 2.32 3.12 3.78 4.24 4.56 4.55 4.18 3.83 3.48 3.12 2.80 2.56 2.35 2.42 3.10 3.62 4.02 4.24 4.16 3.82 3.52
  6   3.18 2.86 2.58 2.35 2.22 2.60 3.34 3.88 4.34 4.55 4.43 4.15 3.77 3.46 3.10 2.78 2.51 2.30 2.26 3.03 3.66 4.06 4.34 4.26
  7   3.94 3.60 3.24 2.87 2.55 2.27 2.06 2.34 3.52 4.26 4.79 4.97 4.68 4.20 3.74 3.34 2.92 2.54 2.22 1.98 2.48 3.64 4.32 4.75
  8   4.78 4.39 3.95 3.52 3.08 2.66 2.35 2.06 1.85 3.60 4.68 5.15 5.50 5.19 4.46 3.91 3.46 3.02 2.60 2.28 2.00 2.78 4.44 5.20
  9   5.61 5.40 4.74 4.12 3.64 3.16 2.74 2.38 2.08 1.86 4.58 5.60 6.16 6.08 5.40 4.60 3.96 3.45 2.98 2.58 2.24 1.96 3.92 5.26
 10   5.90 6.11 5.59 4.80 4.12 3.56 3.08 2.66 2.31 2.00 3.62 5.38 6.24 6.58 6.18 5.28 4.46 3.82 3.28 2.82 2.44 2.12 1.86 4.98
 11   5.94 6.44 6.34 5.58 4.62 3.86 3.08 2.28 1.90 2.28 3.63 5.01 5.99 6.54 6.68 5.93 5.00 4.25 3.62 3.10 2.68 2.23 2.02 4.14
 12   5.70 6.40 6.79 6.24 5.30 4.49 3.84 3.30 2.83 2.48 2.16 4.62 5.70 6.28 6.72 6.40 5.48 4.61 3.94 3.39 2.90 2.51 2.17 1.91
 13   5.00 6.01 6.58 6.48 5.74 4.82 4.14 3.56 3.10 2.70 2.36 2.07 4.60 5.74 6.34 6.44 5.82 4.86 4.18 3.62 3.12 2.70 2.34 2.06
 14   3.64 5.36 6.10 6.43 6.00 5.16 4.38 3.78 3.25 2.80 2.44 2.16 1.92 4.60 5.66 6.09 5.92 5.22 4.44 3.86 3.34 2.90 2.50 2.16
 15   1.90 4.40 5.31 5.84 5.95 5.38 4.63 4.04 3.52 3.05 2.65 2.30 2.04 3.50 4.61 5.20 5.61 5.28 4.68 4.06 3.55 3.09 2.69 2.37
 16   2.04 3.36 4.44 5.06 5.43 5.25 4.67 4.11 3.62 3.16 2.82 2.47 2.21 2.42 3.95 4.65 5.12 5.17 4.68 4.18 3.70 3.25 2.83 2.50
 17   2.20 2.24 3.82 4.53 5.08 5.20 4.82 4.36 3.87 3.43 3.02 2.72 2.45 2.38 3.42 4.14 4.62 4.85 4.62 4.20 3.78 3.39 2.98 2.66
 18   2.37 2.26 3.18 4.01 4.50 4.82 4.76 4.38 4.02 3.63 3.22 2.88 2.67 2.64 3.04 3.62 4.01 4.25 4.27 4.04 3.70 3.42 3.12 2.86
 19   2.64 2.57 2.78 3.35 3.90 4.26 4.43 4.31 4.02 3.74 3.45 3.17 2.99 2.90 2.92 3.10 3.34 3.62 3.81 3.82 3.72 3.57 3.40 3.26
 20   3.12 3.02 2.92 2.96 3.16 3.50 3.77 3.97 4.16 4.34 4.38 3.99 3.72 3.51 3.28 3.10 2.97 2.90 3.03 3.44 3.86 4.15 4.24 4.11
 21   3.88 3.65 3.40 3.14 2.93 2.80 2.86 3.38 3.90 4.32 4.59 4.62 4.34 4.05 3.72 3.39 3.06 2.78 2.55 2.50 3.16 3.88 4.38 4.65
 22   4.52 4.21 3.86 3.46 3.06 2.72 2.46 2.34 3.18 4.08 4.62 4.98 4.98 4.66 4.20 3.78 3.36 2.97 2.64 2.39 2.34 3.52 4.36 4.76
 23   5.00 4.74 4.28 3.86 3.42 3.00 2.64 2.37 2.19 3.54 4.62 5.10 5.38 5.18 4.63 4.13 3.64 3.19 2.79 2.47 2.19 2.70 4.24 4.94
 24   5.36 5.38 4.77 4.22 3.75 3.26 2.86 2.50 2.20 2.16 4.38 5.14 5.68 5.66 5.09 4.45 3.92 3.42 2.96 2.58 2.26 2.00 3.90 5.02
 25   5.62 5.85 5.33 4.64 4.04 3.53 3.06 2.66 2.30 2.02 3.80 5.14 5.82 6.01 5.55 4.76 4.13 3.58 3.11 2.69 2.34 2.04 1.92 4.80
 26   5.56 6.00 5.76 5.04 4.31 3.72 3.22 2.80 2.42 2.10 1.84 4.82 5.74 6.18 6.04 5.28 4.50 3.88 3.34 2.90 2.52 2.18 1.90 4.44
 27   5.52 6.11 6.21 5.54 4.72 4.06 3.49 3.02 2.61 2.26 1.97 3.90 5.38 6.07 6.28 5.68 4.84 4.12 3.54 3.06 2.64 2.28 1.98 2.84
 28   5.28 6.06 6.41 6.02 5.18 4.36 3.76 3.20 2.74 2.36 2.06 1.80 4.76 5.68 6.19 6.06 5.30 4.51 3.86 3.30 2.84 2.45 2.10 1.82
 29   4.32 5.58 6.72 6.39 5.70 4.82 4.10 3.52 3.00 2.58 2.22 1.88 3.44 4.98 5.70 6.00 5.54 4.74 4.06 3.50 3.00 2.58 2.22 1.93
 30   2.60 4.82 5.68 6.14 5.90 5.14 4.36 3.76 3.22 2.78 2.40 2.07 1.78 3.98 5.02 5.54 5.66 5.02 4.30 3.70 3.20 2.76 2.38 2.06
 ----------------------------------------------------------------------------------------------------------------------------
                                                                                               
 ----------------------------------------------------------------------------------------------------------------------------
 ----------------------------------------------------------------------------------------------------------------------------
                                                          SURVEY OF INDIA
                                                    MARINE GEODESY WING (G&RB)
                                                     HOURLY HEIGHTS IN METRES
  NAME OF PORT:- GARDEN REACH                                                                       MONTH OCTOBER   YEAR 2022
 ----------------------------------------------------------------------------------------------------------------------------
 DAYS 0000 0001 0002 0003 0004 0005 0006 0007 0008 0009 0010 0011 0012 0013 0014 0015 0016 0017 0018 0019 0020 0021 0022 0023
 ----------------------------------------------------------------------------------------------------------------------------
  1   1.81 3.80 4.92 5.54 5.80 5.34 4.62 3.98 3.46 2.98 2.60 2.26 1.98 2.84 4.18 4.86 5.28 5.08 4.48 3.92 3.42 2.98 2.58 2.26
  2   2.00 2.32 3.88 4.64 5.16 5.28 4.87 4.26 3.74 3.28 2.86 2.53 2.22 2.04 3.18 4.09 4.62 4.90 4.64 4.18 3.70 3.24 2.80 2.46
  3   2.20 2.01 2.78 3.76 4.38 4.78 4.88 4.49 4.04 3.61 3.21 2.82 2.54 2.34 2.36 3.20 3.82 4.25 4.42 4.20 3.86 3.50 3.16 2.84
  4   2.56 2.41 2.30 2.68 3.36 3.90 4.35 4.58 4.54 4.20 3.86 3.54 3.22 2.92 2.69 2.60 2.84 3.34 3.82 4.18 4.40 4.26 3.96 3.67
  5   3.34 3.02 2.75 2.58 2.48 2.68 3.34 3.93 4.42 4.71 4.68 4.26 3.90 3.58 3.22 2.88 2.59 2.40 2.46 3.24 3.86 4.35 4.63 4.61
  6   4.16 3.84 3.48 3.11 2.76 2.46 2.27 2.74 3.94 4.64 5.08 5.16 4.77 4.25 3.82 3.40 2.98 2.58 2.28 2.06 3.08 4.08 4.76 5.15
  7   5.10 4.58 4.11 3.66 3.22 2.80 2.46 2.18 2.28 4.16 5.02 5.58 5.68 5.16 4.52 3.98 3.50 3.03 2.66 2.30 2.04 3.40 4.70 5.42
  8   5.76 5.50 4.82 4.22 3.70 3.20 2.78 2.42 2.14 2.48 4.72 5.58 6.02 5.87 5.16 4.45 3.86 3.36 2.90 2.50 2.18 1.92 4.34 5.42
  9   6.06 6.14 5.52 4.72 4.09 3.53 3.05 2.64 2.30 2.02 4.04 5.38 6.02 6.25 5.68 4.88 4.18 3.62 3.14 2.70 2.34 2.05 3.10 5.22
 10   6.04 6.39 6.04 5.22 4.44 3.82 3.26 2.78 2.42 2.10 1.84 4.84 5.76 6.20 6.06 5.27 4.48 3.86 3.30 2.82 2.42 2.10 1.82 4.74
 11   5.80 6.32 6.34 5.60 4.75 4.06 3.46 2.96 2.54 2.20 1.90 4.04 5.34 5.98 6.19 5.64 4.78 4.10 3.52 3.00 2.58 2.24 1.92 3.58
 12   5.26 6.00 6.33 5.96 5.16 4.36 3.76 3.22 2.77 2.40 2.08 1.82 4.42 5.38 5.86 5.84 5.16 4.44 3.82 3.26 2.82 2.42 2.10 1.82
 13   4.40 5.28 5.86 6.01 5.40 4.64 4.01 3.46 2.98 2.60 2.26 1.96 3.06 4.50 5.22 5.56 5.24 4.56 3.94 3.42 2.96 2.56 2.20 1.94
 14   2.84 4.46 5.26 5.68 5.50 4.82 4.18 3.66 3.18 2.77 2.42 2.11 1.96 3.78 4.60 5.11 5.18 4.68 4.10 3.60 3.14 2.72 2.36 2.08
 15   1.96 3.88 4.68 5.23 5.38 4.96 4.38 3.84 3.38 2.94 2.58 2.31 2.10 3.10 4.06 4.64 4.96 4.74 4.22 3.78 3.32 2.90 2.54 2.26
 16   2.08 3.14 4.06 4.66 5.03 4.95 4.46 4.02 3.56 3.14 2.77 2.47 2.24 2.58 3.52 4.10 4.52 4.59 4.22 3.82 3.40 3.00 2.64 2.36
 17   2.21 2.65 3.54 4.12 4.55 4.72 4.49 4.09 3.68 3.30 2.95 2.67 2.47 2.51 3.13 3.67 4.07 4.26 4.15 3.86 3.53 3.19 2.88 2.62
 18   2.49 2.67 3.25 3.76 4.14 4.39 4.39 4.13 3.83 3.54 3.24 2.97 2.76 2.66 2.71 2.96 3.36 3.64 3.82 3.87 3.67 3.46 3.24 3.03
 19   2.86 2.74 2.71 2.91 3.25 3.61 3.87 4.05 4.09 3.89 3.64 3.44 3.19 2.98 2.80 2.67 2.59 2.69 2.99 3.39 3.71 3.90 3.93 3.78
 20   3.54 3.29 3.04 2.83 2.68 2.69 3.11 3.57 3.98 4.26 4.36 4.12 3.82 3.55 3.23 2.89 2.62 2.42 2.33 2.71 3.40 3.91 4.31 4.41
 21   4.15 3.84 3.53 3.15 2.80 2.51 2.34 2.61 3.43 4.02 4.44 4.62 4.37 4.01 3.63 3.27 2.89 2.56 2.30 2.15 2.84 3.75 4.37 4.75
 22   4.73 4.32 3.92 3.54 3.13 2.74 2.43 2.21 2.53 3.67 4.31 4.77 4.87 4.49 4.05 3.63 3.24 2.84 2.50 2.22 2.05 3.29 4.35 4.97
 23   5.21 4.92 4.37 3.85 3.42 2.98 2.59 2.27 2.04 3.08 4.38 5.11 5.45 5.23 4.61 4.05 3.59 3.14 2.73 2.37 2.08 2.12 4.61 5.48
 24   5.89 5.66 4.97 4.25 3.68 3.16 2.72 2.35 2.05 1.83 4.47 5.41 5.89 5.71 4.97 4.27 3.68 3.17 2.73 2.37 2.09 1.85 4.61 5.73
 25   6.28 6.36 5.69 4.82 4.17 3.52 3.00 2.57 2.22 1.95 4.22 5.39 6.04 6.25 5.77 4.92 4.24 3.67 3.16 2.73 2.36 2.06 3.05 5.35
 26   6.24 6.62 6.35 5.49 4.63 3.96 3.38 2.88 2.48 2.15 1.87 4.87 5.77 6.25 6.13 5.36 4.55 3.91 3.35 2.87 2.47 2.12 1.83 4.72
 27   5.81 6.48 6.62 5.89 4.97 4.21 3.57 3.03 2.58 2.21 1.90 2.73 5.01 5.79 6.15 5.77 4.96 4.21 3.59 3.05 2.59 2.23 1.89 1.65
 28   4.93 5.80 6.31 6.20 5.41 4.57 3.89 3.20 2.80 2.41 2.05 1.77 3.63 4.91 5.56 5.82 5.31 4.53 3.87 3.33 2.83 2.42 2.07 1.77
 29   2.97 4.88 5.67 6.06 5.76 5.01 4.27 3.64 3.11 2.66 2.29 1.99 1.74 3.75 4.76 5.28 5.40 4.84 4.16 3.59 3.11 2.67 2.29 1.97
 30   1.73 3.53 4.60 5.28 5.55 5.25 4.58 3.95 3.44 2.96 2.54 2.19 1.91 2.29 3.91 4.59 5.00 4.89 4.33 3.78 3.31 2.87 2.47 2.15
 31   1.89 2.37 3.81 4.53 5.05 5.14 4.72 4.14 3.64 3.22 2.81 2.47 2.18 1.99 2.93 3.83 4.34 4.60 4.43 3.96 3.54 3.13 2.73 2.40
 ----------------------------------------------------------------------------------------------------------------------------
                                                                                               
 ----------------------------------------------------------------------------------------------------------------------------
 ----------------------------------------------------------------------------------------------------------------------------
                                                          SURVEY OF INDIA
                                                    MARINE GEODESY WING (G&RB)
                                                     HOURLY HEIGHTS IN METRES
  NAME OF PORT:- GARDEN REACH                                                                       MONTH NOVEMBER  YEAR 2022
 ----------------------------------------------------------------------------------------------------------------------------
 DAYS 0000 0001 0002 0003 0004 0005 0006 0007 0008 0009 0010 0011 0012 0013 0014 0015 0016 0017 0018 0019 0020 0021 0022 0023
 ----------------------------------------------------------------------------------------------------------------------------
  1   2.14 1.97 2.75 3.53 4.23 4.65 4.77 4.44 3.99 3.57 3.18 2.80 2.49 2.23 2.08 2.67 3.42 3.91 4.24 4.31 3.98 3.61 3.25 2.91
  2   2.60 2.36 2.20 2.43 3.17 3.75 4.21 4.49 4.48 4.10 3.72 3.35 3.00 2.65 2.36 2.16 2.15 2.87 3.44 3.88 4.17 4.18 3.98 3.57
  3   3.25 2.94 2.64 2.39 2.21 2.33 3.09 3.73 4.20 4.48 4.41 3.96 3.58 3.24 2.87 2.55 2.25 2.03 2.08 3.03 3.67 4.15 4.41 4.35
  4   3.92 3.59 3.25 2.89 2.55 2.26 2.06 2.59 3.61 4.25 4.67 4.63 4.15 3.74 3.36 3.00 2.61 2.28 1.99 1.81 2.97 3.89 4.49 4.77
  5   4.61 4.15 3.70 3.31 2.91 2.53 2.19 1.95 2.46 3.80 4.49 4.89 4.85 4.31 3.80 3.38 2.95 2.54 2.18 1.88 1.68 3.51 4.53 5.06
  6   5.18 4.75 4.18 3.65 3.21 2.75 2.38 2.05 1.79 3.05 4.37 4.99 5.27 4.88 4.25 3.69 3.24 2.77 2.38 2.03 1.74 2.61 4.52 5.31
  7   5.65 5.39 4.71 4.03 3.49 2.97 2.55 2.19 1.88 1.65 3.87 4.76 5.26 5.29 4.71 4.09 3.55 3.07 2.63 2.25 1.92 1.65 3.86 5.00
  8   5.58 5.74 5.20 4.44 3.80 3.27 2.76 2.36 2.00 1.72 2.44 4.26 4.96 5.32 5.06 4.42 3.77 3.28 2.78 2.38 2.02 1.71 1.48 4.46
  9   5.30 5.72 5.50 4.80 4.08 3.49 2.96 2.52 2.13 1.83 1.56 3.16 4.40 4.98 5.22 4.74 4.10 3.54 3.06 2.62 2.22 1.90 1.62 3.42
 10   4.70 5.40 5.60 5.12 4.40 3.76 3.24 2.76 2.36 2.02 1.73 1.60 3.76 4.54 5.00 4.94 4.34 3.76 3.28 2.81 2.41 2.06 1.75 1.54
 11   4.08 4.86 5.34 5.30 4.67 4.02 3.47 3.00 2.56 2.21 1.91 1.68 2.92 3.94 4.58 4.86 4.50 3.92 3.42 2.98 2.56 2.18 1.88 1.61
 12   3.10 4.28 4.90 5.22 4.90 4.28 3.68 3.22 2.78 2.42 2.08 1.80 1.98 3.44 4.14 4.58 4.60 4.06 3.56 3.14 2.73 2.35 2.01 1.74
 13   2.02 3.65 4.42 4.86 4.90 4.38 3.83 3.36 2.95 2.57 2.22 1.96 1.76 2.78 3.58 4.12 4.39 4.18 3.67 3.24 2.88 2.49 2.14 1.88
 14   1.70 2.88 3.70 4.26 4.60 4.48 3.96 3.52 3.14 2.76 2.42 2.10 1.88 2.22 3.12 3.66 4.02 4.18 3.68 3.30 2.94 2.60 2.27 1.99
 15   1.82 2.48 3.26 3.80 4.17 4.29 3.95 3.56 3.22 2.88 2.56 2.27 2.04 1.95 2.66 3.24 3.63 3.85 3.76 3.42 3.10 2.80 2.50 2.21
 16   2.02 2.10 2.78 3.34 3.72 3.99 4.02 3.72 3.40 3.11 2.80 2.51 2.27 2.08 2.10 2.68 3.13 3.46 3.64 3.58 3.34 3.08 2.80 2.56
 17   2.34 2.20 2.32 2.79 3.20 3.56 3.78 3.86 3.62 3.37 3.11 2.84 2.56 2.32 2.16 2.10 2.46 2.89 3.24 3.54 3.66 3.58 3.32 3.08
 18   2.82 2.59 2.38 2.25 2.30 2.79 3.22 3.58 3.84 3.86 3.60 3.28 3.00 2.72 2.43 2.17 1.98 1.95 2.44 2.98 3.44 3.78 3.90 3.66
 19   3.34 3.08 2.78 2.48 2.22 2.04 2.24 2.88 3.38 3.72 3.89 3.73 3.39 3.09 2.80 2.47 2.17 1.92 1.76 2.18 3.02 3.64 4.06 4.23
 20   4.00 3.60 3.26 2.93 2.59 2.27 2.02 1.98 2.90 3.54 4.02 4.22 4.00 3.58 3.24 2.90 2.54 2.21 1.93 1.73 2.54 3.62 4.28 4.62
 21   4.56 4.12 3.66 3.27 2.90 2.53 2.20 1.96 2.20 3.36 4.02 4.44 4.50 4.08 3.64 3.24 2.87 2.48 2.14 1.83 1.62 3.12 4.38 4.98
 22   5.18 4.84 4.23 3.68 3.20 2.75 2.39 2.07 1.76 2.48 3.84 4.58 4.88 4.66 4.08 3.57 3.16 2.72 2.32 1.96 1.67 1.54 4.18 5.08
 23   5.48 5.36 4.80 4.19 3.63 3.11 2.61 2.17 1.79 1.50 3.34 4.40 4.92 5.07 4.54 3.95 3.40 2.94 2.48 2.10 1.75 1.45 3.42 4.93
 24   5.64 5.82 5.36 4.58 3.86 3.24 2.68 2.22 1.82 1.50 1.25 3.94 4.80 5.19 5.08 4.42 3.77 3.22 2.70 2.24 1.85 1.52 1.24 4.34
 25   5.38 5.82 5.80 5.10 4.30 3.60 3.00 2.47 2.00 1.64 1.32 2.35 4.32 5.10 5.30 4.90 4.20 3.56 3.02 2.50 2.06 1.67 1.36 2.34
 26   4.78 5.56 5.88 5.62 4.84 4.06 3.46 2.86 2.36 1.94 1.58 1.34 3.04 4.32 4.98 5.26 4.79 4.12 3.50 2.96 2.48 2.07 1.70 1.41
 27   3.10 4.56 5.30 5.64 5.33 4.62 3.93 3.39 2.84 2.37 1.99 1.68 1.49 3.15 4.22 4.77 4.99 4.54 3.93 3.39 2.90 2.46 2.08 1.75
 28   1.62 3.22 4.37 5.04 5.31 5.04 4.40 3.79 3.31 2.82 2.39 2.04 1.77 1.64 3.26 4.11 4.56 4.72 4.28 3.74 3.27 2.84 2.43 2.08
 29   1.80 1.82 3.34 4.18 4.78 4.98 4.75 4.18 3.66 3.24 2.80 2.40 2.09 1.84 1.98 3.24 3.90 4.37 4.49 4.14 3.66 3.24 2.83 2.45
 30   2.14 1.92 2.16 3.28 4.00 4.56 4.78 4.60 4.08 3.62 3.22 2.82 2.45 2.16 1.92 2.10 3.12 3.76 4.18 4.34 4.08 3.66 3.27 2.92
 ----------------------------------------------------------------------------------------------------------------------------
                                                                                               
 ----------------------------------------------------------------------------------------------------------------------------
 ----------------------------------------------------------------------------------------------------------------------------
                                                          SURVEY OF INDIA
                                                    MARINE GEODESY WING (G&RB)
                                                     HOURLY HEIGHTS IN METRES
  NAME OF PORT:- GARDEN REACH                                                                       MONTH DECEMBER  YEAR 2022
 ----------------------------------------------------------------------------------------------------------------------------
 DAYS 0000 0001 0002 0003 0004 0005 0006 0007 0008 0009 0010 0011 0012 0013 0014 0015 0016 0017 0018 0019 0020 0021 0022 0023
 ----------------------------------------------------------------------------------------------------------------------------
  1   2.58 2.28 2.06 2.28 2.98 3.70 4.23 4.51 4.47 4.00 3.58 3.18 2.78 2.45 2.16 1.92 1.90 2.80 3.44 3.89 4.19 4.18 3.80 3.46
  2   3.10 2.77 2.45 2.20 2.04 2.50 3.28 3.86 4.26 4.38 4.02 3.56 3.21 2.86 2.49 2.18 1.93 1.79 2.56 3.24 3.80 4.16 4.25 3.96
  3   3.58 3.23 2.90 2.55 2.24 2.01 1.95 2.89 3.58 4.05 4.26 4.06 3.60 3.24 2.88 2.54 2.17 1.90 1.71 2.38 3.25 3.88 4.30 4.42
  4   4.10 3.68 3.29 2.93 2.58 2.25 1.98 1.86 2.86 3.58 4.08 4.28 4.08 3.62 3.24 2.88 2.50 2.16 1.89 1.66 2.46 3.46 4.18 4.55
  5   4.62 4.18 3.72 3.32 2.94 2.56 2.20 1.94 1.80 2.96 3.72 4.20 4.38 4.12 3.64 3.24 2.88 2.49 2.12 1.86 1.66 2.78 3.90 4.58
  6   4.86 4.73 4.18 3.66 3.24 2.82 2.43 2.09 1.83 1.96 3.29 3.95 4.36 4.41 3.95 3.50 3.11 2.74 2.35 2.02 1.76 1.76 3.50 4.41
  7   4.94 5.04 4.60 4.04 3.51 3.08 2.65 2.27 1.86 1.72 2.40 3.56 4.38 4.65 4.40 3.88 3.43 3.04 2.64 2.26 1.94 1.68 2.52 4.02
  8   4.82 5.14 4.98 4.40 3.82 3.34 2.88 2.46 2.11 1.83 1.68 3.10 3.88 4.37 4.54 4.17 3.67 3.24 2.86 2.46 2.11 1.82 1.63 3.56
  9   4.54 5.03 5.16 4.72 4.12 3.60 3.15 2.71 2.32 2.02 1.77 2.30 3.60 4.22 4.58 4.50 3.94 3.48 3.08 2.68 2.28 1.96 1.70 2.98
 10   4.42 5.01 5.30 5.02 4.40 3.78 3.31 2.84 2.40 2.06 1.77 1.70 3.66 4.40 4.80 4.74 4.18 3.65 3.21 2.78 2.36 2.02 1.72 2.34
 11   4.12 4.85 5.26 5.18 4.61 4.00 3.51 3.06 2.64 2.28 1.99 1.78 2.70 3.74 4.34 4.66 4.48 3.96 3.52 3.11 2.68 2.32 2.02 1.76
 12   2.90 3.98 4.64 5.01 4.86 4.34 3.80 3.36 2.96 2.56 2.24 1.97 1.84 3.06 3.80 4.28 4.46 4.11 3.63 3.24 2.86 2.48 2.15 1.88
 13   1.84 3.30 4.04 4.54 4.73 4.44 3.92 3.49 3.11 2.74 2.39 2.10 1.88 2.42 3.32 3.85 4.20 4.18 3.72 3.32 2.99 2.65 2.30 2.03
 14   1.84 2.30 3.52 4.10 4.46 4.49 4.06 3.63 3.26 2.90 2.54 2.25 2.01 1.88 2.67 3.34 3.78 4.05 3.95 3.54 3.20 2.87 2.53 2.24
 15   2.04 2.42 2.94 3.60 4.08 4.36 4.31 3.88 3.52 3.18 2.84 2.50 2.21 2.00 2.04 2.86 3.40 3.80 3.98 3.78 3.44 3.11 2.80 2.51
 16   2.24 2.00 2.54 3.20 3.65 4.01 4.17 3.97 3.62 3.31 2.99 2.64 2.36 2.15 1.96 2.12 2.82 3.34 3.71 3.92 3.80 3.46 3.15 2.78
 17   2.40 2.09 2.05 2.28 2.96 3.43 3.80 4.02 3.89 3.58 3.28 3.00 2.68 2.40 2.14 1.97 2.13 2.77 3.34 3.80 4.10 3.93 3.60 3.31
 18   3.03 2.75 2.48 2.26 2.17 2.63 3.18 3.61 3.92 3.97 3.66 3.35 3.04 2.75 2.45 2.18 1.97 1.95 2.63 3.23 3.74 4.07 4.17 3.86
 19   3.52 3.22 2.91 2.60 2.32 2.13 2.34 3.04 3.56 3.92 4.05 3.76 3.41 3.11 2.80 2.48 2.18 1.93 1.76 2.44 3.26 3.86 4.26 4.40
 20   4.08 3.68 3.32 2.98 2.63 2.32 2.07 2.04 3.00 3.60 4.02 4.20 3.92 3.53 3.20 2.84 2.48 2.16 1.88 1.67 2.60 3.78 4.48 4.82
 21   4.78 4.28 3.80 3.36 2.95 2.55 2.20 1.93 1.90 3.22 3.90 4.32 4.42 4.02 3.58 3.22 2.83 2.44 2.10 1.82 1.60 3.12 4.36 4.96
 22   5.18 4.92 4.32 3.74 3.28 2.84 2.42 2.07 1.80 1.74 3.44 4.14 4.57 4.61 4.11 3.64 3.21 2.81 2.40 2.05 1.75 1.51 3.74 4.86
 23   5.42 5.53 5.05 4.35 3.72 3.18 2.66 2.22 1.84 1.56 1.92 3.84 4.54 4.90 4.74 4.14 3.60 3.13 2.68 2.28 1.98 1.57 1.34 4.38
 24   5.28 5.63 5.62 4.94 4.20 3.54 2.96 2.46 2.02 1.67 1.37 2.64 4.32 4.99 5.17 4.79 4.14 3.54 3.01 2.51 2.08 1.72 1.42 2.42
 25   4.82 5.72 5.88 5.40 4.66 4.07 3.44 2.86 2.36 1.94 1.59 1.32 3.54 4.61 5.17 5.29 4.81 4.16 3.53 3.00 2.48 2.07 1.72 1.41
 26   3.30 4.83 5.54 5.86 5.53 4.75 4.01 3.41 2.84 2.36 1.96 1.63 1.38 3.54 4.64 5.10 5.15 4.61 3.94 3.38 2.88 2.43 2.04 1.73
 27   1.47 3.80 4.81 5.45 5.64 5.18 4.44 3.80 3.28 2.76 2.34 1.99 1.72 1.54 3.60 4.40 4.88 4.92 4.36 3.80 3.28 2.82 2.41 2.06
 28   1.76 1.90 3.80 4.64 5.16 5.27 4.78 4.16 3.60 3.14 2.68 2.27 1.94 1.68 1.88 3.50 4.20 4.60 4.62 4.12 3.62 3.18 2.73 2.36
 29   2.02 1.77 2.28 3.50 4.26 4.62 4.80 4.40 3.84 3.40 3.00 2.56 2.21 1.92 1.70 2.34 3.38 4.02 4.39 4.40 3.94 3.52 3.11 2.73
 30   2.35 2.08 1.88 2.46 3.36 3.97 4.42 4.53 4.17 3.71 3.30 2.90 2.52 2.20 1.93 1.75 2.56 3.34 3.88 4.20 4.25 3.88 3.48 3.12
 31   2.75 2.42 2.15 1.97 2.38 3.20 3.76 4.16 4.30 4.00 3.59 3.16 2.84 2.50 2.20 1.95 1.82 2.58 3.26 3.74 4.08 4.18 3.88 3.53
 ----------------------------------------------------------------------------------------------------------------------------
                                                                                               
 ----------------------------------------------------------------------------------------------------------------------------
 ----------------------------------------------------------------------------------------------------------------------------
