                                                          SURVEY OF INDIA
                                                    MARINE GEODESY WING (G&RB)
                                                     HOURLY HEIGHTS IN METRES
  NAME OF PORT:- HALDIA                                                                             MONTH JANUARY   YEAR 2017
 ----------------------------------------------------------------------------------------------------------------------------
 DAYS 0000 0001 0002 0003 0004 0005 0006 0007 0008 0009 0010 0011 0012 0013 0014 0015 0016 0017 0018 0019 0020 0021 0022 0023
 ----------------------------------------------------------------------------------------------------------------------------
  1   5.49 5.29 4.60 3.76 2.95 2.28 1.70 1.37 1.39 2.14 3.40 4.45 4.99 5.00 4.40 3.60 2.86 2.23 1.61 1.33 1.40 2.23 3.60 4.68
  2   5.23 5.26 4.88 4.07 3.30 2.62 2.01 1.47 1.32 1.52 2.90 3.89 4.68 4.92 4.81 4.03 3.28 2.60 2.02 1.53 1.42 1.68 2.99 4.06
  3   4.90 5.25 5.20 4.53 3.75 3.01 2.38 1.85 1.43 1.38 1.91 3.14 4.15 4.75 4.86 4.54 3.76 3.05 2.43 1.90 1.47 1.47 2.22 3.27
  4   4.18 4.82 5.00 4.82 4.10 3.37 2.70 2.13 1.69 1.40 1.44 2.32 3.25 4.06 4.64 4.70 4.29 3.59 2.93 2.38 1.92 1.61 1.65 2.56
  5   3.34 4.16 4.70 4.86 4.65 3.95 3.27 2.63 2.08 1.66 1.52 1.68 2.56 3.36 4.12 4.55 4.61 4.20 3.57 2.99 2.43 1.99 1.80 1.89
  6   2.58 3.33 4.03 4.49 4.66 4.43 3.69 3.04 2.55 2.09 1.72 1.58 1.72 2.58 3.33 3.98 4.37 4.46 4.16 3.62 3.08 2.56 2.14 1.86
  7   1.87 2.38 3.06 3.74 4.26 4.46 4.30 3.87 3.28 2.70 2.19 1.80 1.65 1.82 2.40 3.14 3.80 4.29 4.52 4.46 4.03 3.47 2.96 2.44
  8   2.00 1.87 1.98 2.61 3.34 4.00 4.42 4.49 4.13 3.54 2.96 2.42 1.96 1.57 1.60 2.24 3.03 3.82 4.39 4.72 4.69 4.25 3.63 3.03
  9   2.48 2.04 1.70 1.71 2.30 3.21 3.95 4.43 4.55 4.22 3.59 2.96 2.38 1.91 1.53 1.42 1.80 2.79 3.73 4.51 4.97 4.99 4.50 3.82
 10   3.13 2.52 2.02 1.61 1.51 1.91 3.04 3.97 4.59 4.76 4.53 3.76 3.05 2.41 1.85 1.35 1.22 1.44 2.68 3.80 4.74 5.20 5.17 4.60
 11   3.79 3.03 2.39 1.86 1.39 1.31 1.60 2.98 4.03 4.70 4.91 4.62 3.81 3.07 2.39 1.79 1.28 1.20 1.65 3.80 4.80 5.34 5.51 5.38
 12   4.65 3.82 2.99 2.28 1.70 1.17 1.05 1.45 2.92 4.03 4.78 4.90 4.60 3.77 2.98 2.29 1.67 1.14 1.03 1.40 3.14 4.53 5.74 5.80
 13   5.30 4.41 3.60 2.77 2.07 1.43 0.84 0.84 1.79 3.24 4.39 5.38 5.41 4.68 3.69 2.88 2.13 1.53 1.02 0.92 1.54 3.42 4.73 5.52
 14   5.61 5.12 4.21 3.40 2.62 1.94 1.30 0.87 0.91 2.01 3.44 4.51 5.03 4.98 4.21 3.38 2.60 1.97 1.43 0.95 1.00 2.34 3.72 4.89
 15   5.45 5.43 4.76 3.93 3.12 2.42 1.83 1.28 0.96 1.12 2.52 3.77 4.74 4.99 4.64 3.80 3.06 2.30 1.76 1.26 1.09 1.58 3.15 4.29
 16   5.10 5.29 5.09 4.22 3.44 2.70 2.08 1.48 1.15 1.22 2.06 3.37 4.35 4.89 4.95 4.40 3.61 2.88 2.22 1.64 1.15 1.24 2.40 3.57
 17   4.51 5.07 5.18 4.70 3.92 3.20 2.53 2.00 1.58 1.44 1.74 2.93 3.87 4.54 4.87 4.69 3.99 3.28 2.66 2.10 1.62 1.53 1.96 3.10
 18   4.00 4.61 4.92 4.77 4.15 3.49 2.83 2.28 1.83 1.49 1.45 2.23 3.15 3.93 4.43 4.60 4.33 3.66 3.02 2.45 1.96 1.66 1.63 2.48
 19   3.36 4.04 4.47 4.60 4.27 3.70 3.08 2.49 2.04 1.65 1.56 1.81 2.62 3.35 4.00 4.39 4.44 4.00 3.44 2.89 2.36 1.94 1.82 2.10
 20   2.78 3.48 4.01 4.36 4.36 3.96 3.41 2.87 2.35 1.93 1.64 1.62 2.18 2.81 3.42 3.91 4.16 4.13 3.80 3.33 2.87 2.44 2.11 2.04
 21   2.36 2.90 3.42 3.86 4.08 4.01 3.73 3.28 2.82 2.35 1.94 1.71 1.75 2.19 2.73 3.33 3.77 4.05 4.08 3.82 3.43 3.03 2.62 2.33
 22   2.22 2.40 2.69 3.10 3.48 3.78 3.78 3.55 3.20 2.83 2.46 2.10 1.89 2.00 2.32 2.79 3.28 3.76 4.06 4.15 4.01 3.63 3.22 2.82
 23   2.41 2.15 2.07 2.32 2.81 3.31 3.73 3.99 3.92 3.53 3.06 2.60 2.16 1.87 1.76 1.98 2.53 3.18 3.83 4.33 4.55 4.44 3.95 3.42
 24   2.87 2.36 2.00 1.83 2.02 2.60 3.23 3.77 4.10 4.15 3.77 3.26 2.75 2.29 1.90 1.62 1.62 2.29 3.08 3.89 4.48 4.76 4.61 4.05
 25   3.40 2.80 2.27 1.87 1.66 1.84 2.69 3.40 4.00 4.34 4.35 3.87 3.23 2.69 2.17 1.74 1.44 1.45 2.43 3.39 4.32 4.88 5.04 4.65
 26   3.91 3.21 2.58 2.04 1.62 1.52 1.88 2.95 3.76 4.34 4.61 4.45 3.76 3.13 2.51 1.99 1.56 1.26 1.45 2.78 3.88 4.77 5.22 5.15
 27   4.48 3.72 2.98 2.33 1.76 1.39 1.34 2.15 3.29 4.23 4.73 4.85 4.36 3.63 2.93 2.30 1.77 1.32 1.19 1.67 3.18 4.42 5.21 5.43
 28   5.04 4.17 3.42 2.62 1.98 1.46 1.14 1.14 2.21 3.52 4.43 4.81 4.72 4.02 3.26 2.54 1.91 1.39 1.05 1.10 2.11 3.76 4.89 5.48
 29   5.46 4.75 3.90 3.03 2.27 1.60 1.09 0.90 1.29 2.98 4.24 5.08 5.14 4.63 3.76 2.92 2.20 1.60 1.10 0.96 1.40 3.24 4.52 5.40
 30   5.62 5.10 4.24 3.41 2.57 1.89 1.30 0.95 0.93 2.00 3.70 4.70 5.20 5.11 4.35 3.47 2.68 2.02 1.42 1.00 0.94 1.98 3.68 4.84
 31   5.51 5.50 4.76 3.88 3.02 2.25 1.60 1.06 0.82 1.23 3.02 4.20 4.98 5.22 4.83 3.94 3.16 2.42 1.80 1.20 0.92 1.28 2.90 4.18
 ----------------------------------------------------------------------------------------------------------------------------
                                                                                               
 ----------------------------------------------------------------------------------------------------------------------------
 ----------------------------------------------------------------------------------------------------------------------------
                                                          SURVEY OF INDIA
                                                    MARINE GEODESY WING (G&RB)
                                                     HOURLY HEIGHTS IN METRES
  NAME OF PORT:- HALDIA                                                                             MONTH FEBRUARY  YEAR 2017
 ----------------------------------------------------------------------------------------------------------------------------
 DAYS 0000 0001 0002 0003 0004 0005 0006 0007 0008 0009 0010 0011 0012 0013 0014 0015 0016 0017 0018 0019 0020 0021 0022 0023
 ----------------------------------------------------------------------------------------------------------------------------
  1   5.08 5.42 5.16 4.30 3.46 2.67 2.03 1.44 1.02 0.94 1.78 3.34 4.44 5.03 5.04 4.34 3.52 2.73 2.06 1.50 1.09 1.02 1.90 3.34
  2   5.03 5.38 5.16 4.52 3.76 3.00 2.29 1.72 1.30 1.02 0.99 2.13 3.60 4.50 4.91 4.75 4.02 3.24 2.52 1.90 1.35 1.03 1.30 2.60
  3   3.54 4.36 4.80 4.95 4.60 3.58 2.73 2.04 1.52 1.13 0.98 1.54 2.86 3.80 4.39 4.65 4.44 3.75 3.08 2.45 1.92 1.50 1.34 1.68
  4   2.62 3.50 4.15 4.45 4.25 3.73 3.11 2.54 2.00 1.56 1.20 1.18 1.96 2.92 3.73 4.26 4.48 4.38 3.80 3.15 2.58 2.09 1.75 1.59
  5   1.89 2.59 3.28 3.95 4.36 4.32 3.92 3.33 2.76 2.20 1.76 1.47 1.45 2.19 2.94 3.63 4.10 4.37 4.28 3.84 3.31 2.80 2.32 1.96
  6   1.72 1.82 2.36 3.04 3.64 4.08 4.23 4.00 3.46 2.91 2.38 1.95 1.62 1.51 1.86 2.60 3.30 3.89 4.28 4.42 4.22 3.73 3.19 2.67
  7   2.22 1.85 1.60 1.52 1.80 3.05 3.83 4.20 4.25 3.82 3.27 2.71 2.14 1.70 1.41 1.37 1.98 2.92 3.76 4.35 4.67 4.60 4.13 3.47
  8   2.84 2.29 1.83 1.47 1.53 2.00 2.93 3.73 4.25 4.44 4.13 3.46 2.84 2.22 1.73 1.35 1.20 1.53 2.75 3.80 4.60 5.01 4.94 4.35
  9   3.57 2.84 2.11 1.56 1.15 1.07 1.77 2.96 4.00 4.70 4.95 4.50 3.67 2.88 2.22 1.62 1.12 0.91 1.40 2.95 4.16 5.03 5.35 5.12
 10   4.35 3.53 2.79 2.07 1.44 1.04 0.97 1.85 3.33 4.38 4.96 5.02 4.35 3.53 2.73 2.04 1.40 0.94 0.86 1.66 3.46 4.72 5.49 5.57
 11   4.98 4.09 3.22 2.38 1.67 1.07 0.71 0.98 2.24 3.97 4.83 5.22 4.98 4.10 3.27 2.43 1.71 1.07 0.63 0.85 1.99 3.88 5.21 5.69
 12   5.50 4.67 3.73 2.82 1.97 1.32 0.81 0.60 1.12 3.09 4.36 5.17 5.35 4.78 3.80 2.94 2.19 1.53 0.94 0.60 0.91 3.07 4.43 5.36
 13   5.60 5.21 4.33 3.35 2.48 1.70 1.15 0.75 0.65 1.55 3.54 4.66 5.30 5.13 4.44 3.64 2.78 1.98 1.28 0.80 0.67 1.64 3.57 4.74
 14   5.41 5.42 4.81 3.92 3.06 2.20 1.45 0.91 0.71 1.06 2.91 4.12 4.97 5.23 4.84 3.96 3.12 2.36 1.66 1.10 0.82 1.14 3.06 4.17
 15   5.00 5.30 4.98 4.13 3.20 2.45 1.80 1.29 0.90 0.80 1.51 3.39 4.48 5.03 5.04 4.35 3.52 2.73 2.06 1.49 1.10 1.03 2.04 3.52
 16   4.46 4.99 5.01 4.41 3.53 2.77 2.13 1.54 1.16 1.10 1.71 2.96 4.13 4.99 5.03 4.55 3.83 3.11 2.46 1.90 1.45 1.32 1.91 3.10
 17   3.98 4.55 4.80 4.55 3.82 3.11 2.49 1.92 1.47 1.21 1.48 2.59 3.44 4.16 4.59 4.65 4.19 3.53 2.90 2.27 1.71 1.38 1.64 2.63
 18   3.39 4.04 4.46 4.62 4.39 3.62 2.89 2.32 1.88 1.54 1.48 2.06 2.92 3.63 4.16 4.45 4.34 3.87 3.28 2.76 2.26 1.93 1.83 2.24
 19   2.93 3.53 4.01 4.18 4.00 3.62 3.18 2.70 2.25 1.91 1.74 1.90 2.41 3.05 3.62 3.97 4.15 4.05 3.68 3.24 2.81 2.41 2.14 2.22
 20   2.50 3.00 3.53 3.97 4.10 3.93 3.57 3.19 2.83 2.47 2.18 2.01 2.09 2.48 2.92 3.35 3.70 3.91 3.95 3.73 3.43 3.09 2.75 2.47
 21   2.29 2.33 2.66 3.04 3.38 3.64 3.77 3.68 3.44 3.15 2.81 2.50 2.19 2.02 2.13 2.58 3.15 3.67 4.05 4.27 4.22 3.95 3.52 3.10
 22   2.68 2.30 2.02 1.92 2.32 3.05 3.64 3.91 3.98 3.82 3.47 3.04 2.56 2.18 1.86 1.76 2.14 2.92 3.63 4.18 4.49 4.50 4.11 3.57
 23   3.03 2.47 1.98 1.74 1.92 2.40 3.07 3.69 4.07 4.20 3.96 3.39 2.75 2.23 1.80 1.45 1.32 1.72 2.78 3.73 4.43 4.80 4.73 4.15
 24   3.45 2.79 2.18 1.60 1.22 1.36 2.02 2.99 3.80 4.35 4.54 4.17 3.47 2.82 2.18 1.68 1.28 1.13 1.70 3.10 4.25 4.98 5.24 4.98
 25   4.10 3.34 2.51 1.88 1.38 1.13 1.42 2.26 3.43 4.35 4.78 4.76 4.06 3.34 2.60 1.95 1.42 1.05 1.01 2.08 3.51 4.77 5.44 5.51
 26   4.81 3.90 3.02 2.27 1.62 1.08 0.82 1.20 2.98 4.17 4.99 5.26 4.80 3.92 3.07 2.32 1.68 1.07 0.80 1.16 3.12 4.46 5.49 5.77
 27   5.31 4.35 3.44 2.54 1.78 1.10 0.66 0.82 1.80 3.83 5.00 5.58 5.42 4.56 3.60 2.70 1.97 1.28 0.78 0.70 1.51 3.79 5.22 5.88
 28   5.80 4.96 3.94 2.99 2.14 1.40 0.80 0.58 1.02 3.00 4.54 5.49 5.70 5.12 4.11 3.19 2.34 1.62 1.03 0.64 0.62 1.88 4.37 5.53
 ----------------------------------------------------------------------------------------------------------------------------
                                                                                              
 ----------------------------------------------------------------------------------------------------------------------------
 ----------------------------------------------------------------------------------------------------------------------------
                                                          SURVEY OF INDIA
                                                    MARINE GEODESY WING (G&RB)
                                                     HOURLY HEIGHTS IN METRES
  NAME OF PORT:- HALDIA                                                                             MONTH MARCH     YEAR 2017
 ----------------------------------------------------------------------------------------------------------------------------
 DAYS 0000 0001 0002 0003 0004 0005 0006 0007 0008 0009 0010 0011 0012 0013 0014 0015 0016 0017 0018 0019 0020 0021 0022 0023
 ----------------------------------------------------------------------------------------------------------------------------
  1   5.87 5.51 4.52 3.56 2.61 1.68 0.96 0.51 0.47 1.43 3.56 4.87 5.59 5.57 4.78 3.80 2.94 2.10 1.34 0.80 0.67 1.42 3.35 4.70
  2   5.57 5.70 5.08 4.07 3.15 2.35 1.69 1.09 0.66 0.62 1.57 4.06 5.15 5.56 5.31 4.42 3.55 2.70 2.02 1.44 0.98 0.94 1.95 3.75
  3   4.83 5.39 5.34 4.63 3.73 2.91 2.19 1.57 0.98 0.84 1.50 3.24 4.42 5.15 5.33 4.89 4.02 3.25 2.52 1.87 1.30 1.11 1.42 3.01
  4   4.03 4.79 5.14 4.96 4.19 3.40 2.65 1.98 1.39 0.99 1.07 2.06 3.51 4.41 4.86 4.92 4.48 3.73 3.05 2.41 1.81 1.38 1.31 1.91
  5   3.13 4.25 5.06 5.08 4.57 3.87 3.23 2.59 2.02 1.52 1.35 1.56 2.73 3.62 4.29 4.65 4.68 4.26 3.61 3.00 2.46 2.00 1.69 1.66
  6   2.16 3.00 3.71 4.19 4.42 4.27 3.75 3.14 2.57 2.04 1.64 1.46 1.65 2.42 3.29 3.92 4.32 4.45 4.18 3.68 3.14 2.68 2.25 1.95
  7   1.79 2.02 2.59 3.21 3.74 4.09 4.19 3.86 3.33 2.86 2.38 1.95 1.68 1.66 2.06 2.86 3.53 4.08 4.42 4.49 4.17 3.65 3.14 2.66
  8   2.25 1.93 1.77 1.95 2.63 3.24 3.80 4.15 4.21 3.87 3.33 2.80 2.29 1.88 1.61 1.58 2.09 3.00 3.75 4.35 4.61 4.52 3.98 3.41
  9   2.84 2.33 1.90 1.61 1.58 2.16 3.18 3.92 4.39 4.52 4.23 3.65 3.04 2.44 1.89 1.50 1.43 1.90 3.07 4.03 4.70 5.01 4.89 4.26
 10   3.55 2.88 2.22 1.61 1.22 1.22 1.94 3.32 4.26 4.77 4.87 4.43 3.64 2.93 2.29 1.73 1.34 1.27 1.88 3.51 4.60 5.24 5.30 4.83
 11   4.03 3.24 2.55 1.92 1.38 1.18 1.48 2.71 3.97 4.75 5.14 5.07 4.44 3.56 2.78 2.09 1.49 1.10 1.04 1.70 3.72 4.89 5.45 5.43
 12   4.70 3.77 2.90 2.19 1.46 0.88 0.72 1.06 2.90 4.10 4.94 5.24 4.90 3.98 3.12 2.35 1.72 1.15 0.79 0.77 1.71 4.03 5.12 5.50
 13   5.25 4.33 3.44 2.60 1.90 1.28 0.80 0.71 1.40 3.27 4.50 5.20 5.27 4.58 3.62 2.79 2.08 1.44 0.96 0.84 1.50 3.39 4.80 5.30
 14   5.27 4.88 4.00 3.08 2.20 1.43 0.92 0.72 0.92 1.65 4.00 4.99 5.32 5.03 4.14 3.29 2.49 1.77 1.21 0.87 0.88 1.70 3.93 4.90
 15   5.34 5.15 4.29 3.45 2.65 1.92 1.34 0.96 0.91 1.49 3.33 4.51 5.16 5.24 4.61 3.69 2.87 2.14 1.55 1.11 1.00 1.70 3.33 4.43
 16   5.05 5.20 4.67 3.80 2.96 2.22 1.58 1.04 0.94 1.35 2.87 4.11 4.92 5.20 4.84 4.00 3.15 2.40 1.80 1.27 1.08 1.44 2.93 3.99
 17   4.72 5.04 4.79 3.97 3.19 2.47 1.88 1.38 1.14 1.30 2.05 3.56 4.44 4.90 4.90 4.27 3.51 2.83 2.17 1.65 1.30 1.27 1.86 3.49
 18   4.29 4.76 4.80 4.35 3.42 2.20 1.53 1.22 1.14 1.44 2.19 3.18 4.12 4.64 4.81 4.52 3.82 3.12 2.40 1.85 1.50 1.45 1.98 2.95
 19   3.88 4.40 4.56 4.21 3.56 2.76 2.12 1.67 1.36 1.30 1.63 2.68 3.50 4.14 4.49 4.49 3.98 3.37 2.79 2.23 1.82 1.62 1.85 2.60
 20   3.25 3.84 4.30 4.32 3.86 3.27 2.71 2.16 1.66 1.47 1.65 2.50 3.19 3.77 4.13 4.20 3.96 3.54 3.05 2.52 2.11 1.85 1.82 2.25
 21   2.77 3.33 3.77 3.98 3.87 3.45 3.00 2.57 2.14 1.88 1.84 2.06 2.59 3.09 3.55 3.91 4.08 4.00 3.63 3.24 2.85 2.46 2.17 2.10
 22   2.26 2.68 3.13 3.48 3.67 3.67 3.49 3.19 2.88 2.56 2.30 2.18 2.20 2.40 2.80 3.25 3.66 3.95 4.04 3.88 3.55 3.17 2.77 2.41
 23   2.14 2.06 2.19 2.58 3.05 3.46 3.75 3.80 3.63 3.30 2.91 2.51 2.12 1.89 1.90 2.25 2.85 3.51 4.04 4.34 4.32 4.00 3.50 3.00
 24   2.48 2.05 1.74 1.72 2.10 3.81 4.62 4.84 4.66 4.20 3.72 3.17 2.66 2.15 1.72 1.51 1.52 1.95 3.40 4.17 4.63 4.74 4.34 3.68
 25   3.01 2.38 1.86 1.45 1.36 1.69 2.84 3.70 4.32 4.60 4.46 3.93 3.25 2.63 2.01 1.55 1.28 1.26 1.80 3.78 4.68 5.02 4.88 4.40
 26   3.60 2.85 2.17 1.56 1.06 1.04 1.61 3.28 4.30 4.93 5.09 4.65 3.90 3.06 2.27 1.54 1.09 1.00 1.45 3.33 4.53 5.33 5.50 5.05
 27   4.16 3.31 2.52 1.83 1.18 0.78 0.72 1.48 4.08 5.14 5.54 5.30 4.40 3.53 2.65 1.92 1.25 0.86 0.82 1.66 4.09 5.39 5.92 5.70
 28   4.83 3.88 2.90 2.08 1.32 0.80 0.68 1.32 3.65 5.36 6.02 5.90 5.25 4.25 3.26 2.34 1.56 0.99 0.76 1.12 2.50 4.91 5.95 6.18
 29   5.67 4.49 3.44 2.45 1.60 0.91 0.65 0.98 2.50 4.50 5.77 6.22 5.93 4.93 3.92 2.92 2.06 1.34 0.82 0.74 1.42 4.93 6.00 6.28
 30   6.06 5.25 4.19 3.17 2.26 1.44 0.78 0.64 1.10 3.40 5.08 6.10 6.41 5.90 4.66 3.64 2.58 1.74 1.04 0.72 0.94 1.77 4.55 5.78
 31   6.19 5.81 4.74 3.79 2.81 1.97 1.24 0.79 0.75 1.28 4.03 5.49 6.04 6.00 5.30 4.27 3.35 2.52 1.72 1.14 0.96 1.35 3.52 4.86
 ----------------------------------------------------------------------------------------------------------------------------
                                                                                               
 ----------------------------------------------------------------------------------------------------------------------------
 ----------------------------------------------------------------------------------------------------------------------------
                                                          SURVEY OF INDIA
                                                    MARINE GEODESY WING (G&RB)
                                                     HOURLY HEIGHTS IN METRES
  NAME OF PORT:- HALDIA                                                                             MONTH APRIL     YEAR 2017
 ----------------------------------------------------------------------------------------------------------------------------
 DAYS 0000 0001 0002 0003 0004 0005 0006 0007 0008 0009 0010 0011 0012 0013 0014 0015 0016 0017 0018 0019 0020 0021 0022 0023
 ----------------------------------------------------------------------------------------------------------------------------
  1   5.65 5.72 5.34 4.21 3.34 2.50 1.80 1.11 0.84 0.96 2.17 4.24 5.57 5.85 5.66 4.92 3.97 3.10 2.36 1.62 1.30 1.38 2.04 3.81
  2   4.93 5.40 5.37 4.82 3.94 3.13 2.42 1.70 1.36 1.34 1.80 3.41 4.49 5.17 5.36 5.16 4.41 3.68 2.96 2.33 1.84 1.65 1.83 2.83
  3   3.89 4.64 5.07 5.05 4.52 3.79 3.05 2.37 1.81 1.41 1.25 1.48 3.18 4.38 4.82 4.91 4.70 4.00 2.90 1.80 1.37 1.38 1.66 2.23
  4   2.88 3.59 4.19 4.53 4.55 4.29 3.80 3.26 2.72 2.29 2.00 2.04 2.53 3.32 4.04 4.51 4.73 4.65 4.27 3.75 3.23 2.79 2.40 2.12
  5   2.04 2.22 2.95 3.53 4.02 4.23 4.22 3.96 3.58 3.18 2.78 2.43 2.34 2.51 3.02 3.57 4.04 4.42 4.59 4.49 4.11 3.61 3.13 2.63
  6   2.24 2.00 2.00 2.36 3.06 3.68 4.20 4.46 4.45 4.08 3.53 3.00 2.48 2.09 1.96 2.10 2.88 3.76 4.39 4.76 4.78 4.42 3.83 3.26
  7   2.75 2.26 1.87 1.80 2.03 2.90 3.72 4.32 4.66 4.67 4.21 3.56 2.96 2.42 1.96 1.75 1.80 2.51 3.68 4.46 4.89 4.95 4.54 3.81
  8   3.16 2.60 2.08 1.62 1.44 1.64 2.83 3.86 4.62 4.95 4.88 4.30 3.47 2.80 2.18 1.71 1.53 1.68 2.54 3.76 4.66 5.12 5.11 4.53
  9   3.77 3.07 2.41 1.77 1.38 1.34 1.72 3.23 4.23 4.99 5.16 4.87 4.07 3.29 2.60 1.97 1.46 1.32 1.54 3.00 4.21 5.03 5.26 5.06
 10   4.32 3.52 2.79 2.10 1.54 1.21 1.24 2.05 3.66 5.09 5.47 5.43 4.87 3.95 3.05 2.25 1.57 1.23 1.28 1.97 3.52 4.62 5.27 5.32
 11   4.89 3.99 3.18 2.43 1.79 1.20 1.00 1.24 3.08 4.32 5.29 5.42 5.17 4.20 3.34 2.54 1.85 1.20 1.00 1.23 2.98 4.23 5.09 5.40
 12   5.17 4.36 3.50 2.70 1.95 1.27 0.99 1.09 2.11 3.72 4.84 5.39 5.36 4.63 3.76 2.95 2.22 1.55 1.03 1.00 1.65 3.54 4.60 5.20
 13   5.28 4.74 3.75 2.97 2.27 1.62 1.12 1.05 1.56 3.28 4.52 5.26 5.44 5.05 4.13 3.32 2.56 1.90 1.30 1.14 1.42 3.12 4.25 4.97
 14   5.23 4.95 4.11 3.33 2.54 1.84 1.24 0.99 1.15 2.76 4.05 4.97 5.40 5.25 4.50 3.68 2.91 2.20 1.58 1.20 1.24 2.40 3.76 4.65
 15   5.11 5.06 4.43 3.62 2.86 2.20 1.54 1.04 1.05 1.87 3.55 4.55 5.16 5.22 4.82 4.03 3.29 2.60 1.99 1.50 1.42 1.88 3.19 4.13
 16   4.72 4.90 4.65 3.88 3.16 2.50 1.94 1.48 1.36 1.73 3.06 4.11 4.87 5.19 5.08 4.35 3.59 2.90 2.27 1.68 1.48 1.68 2.83 3.71
 17   4.37 4.65 4.55 4.10 3.54 2.90 2.20 1.63 1.36 1.60 2.75 3.75 4.50 4.92 4.95 4.45 3.77 3.15 2.61 2.15 1.84 1.85 2.38 3.28
 18   3.99 4.45 4.56 4.27 3.70 3.12 2.60 2.14 1.83 1.84 2.27 3.13 3.82 4.36 4.67 4.66 4.25 3.71 3.19 2.70 2.31 2.10 2.20 2.90
 19   3.58 4.16 4.48 4.50 4.24 3.77 3.32 2.91 2.58 2.39 2.49 3.00 3.60 4.16 4.58 4.77 4.71 4.40 4.00 3.57 3.15 2.75 2.50 2.52
 20   2.75 3.10 3.45 3.83 4.08 4.04 3.76 3.36 2.96 2.59 2.33 2.30 2.66 3.21 3.79 4.21 4.45 4.48 4.23 3.82 3.42 3.08 2.78 2.55
 21   2.52 2.73 3.10 3.55 3.92 4.21 4.33 4.24 3.94 3.50 3.05 2.62 2.36 2.40 2.80 3.42 4.06 4.52 4.81 4.80 4.51 4.00 3.41 2.82
 22   2.38 2.03 1.92 2.30 3.20 3.92 4.46 4.70 4.63 4.30 3.82 3.30 2.74 2.24 2.00 2.20 3.20 4.03 4.67 5.02 5.02 4.44 3.85 3.19
 23   2.62 2.10 1.69 1.60 2.04 3.32 4.28 4.96 5.15 4.96 4.30 3.70 3.08 2.49 1.92 1.74 1.96 3.12 4.22 5.02 5.45 5.39 4.79 4.02
 24   3.29 2.60 2.00 1.46 1.36 1.85 3.36 4.66 5.41 5.61 5.36 4.61 3.78 2.98 2.31 1.66 1.42 1.65 3.42 4.72 5.70 5.92 5.68 4.78
 25   3.90 3.00 2.22 1.46 1.02 1.08 2.50 4.18 5.39 5.99 5.90 5.21 4.27 3.42 2.58 1.85 1.20 1.08 1.59 3.94 5.32 6.13 6.17 5.46
 26   4.47 3.52 2.60 1.82 1.11 0.78 0.93 3.35 5.82 6.32 6.32 5.85 4.85 3.87 2.88 2.00 1.18 0.60 0.60 2.05 4.04 5.50 6.50 6.60
 27   5.65 4.40 3.31 2.35 1.48 0.87 0.52 0.68 3.49 5.14 6.18 6.42 5.84 4.71 3.70 2.79 1.80 1.02 0.57 0.76 2.69 4.48 5.71 6.18
 28   5.85 4.83 3.89 2.92 2.03 1.25 0.63 0.60 1.88 4.04 5.52 6.24 6.20 5.37 4.38 3.42 2.58 1.78 1.24 1.00 1.20 3.35 5.00 5.75
 29   5.92 5.49 4.49 3.59 2.67 1.94 1.20 0.78 0.94 2.84 4.48 5.51 6.02 5.87 4.98 4.07 3.27 2.52 1.80 1.27 1.14 1.77 3.50 4.73
 30   5.49 5.65 5.12 4.20 3.34 2.52 1.82 1.20 0.91 1.06 3.04 4.40 5.39 5.74 5.53 4.71 3.89 3.10 2.42 1.76 1.35 1.40 2.50 3.78
 ----------------------------------------------------------------------------------------------------------------------------
                                                                                               
 ----------------------------------------------------------------------------------------------------------------------------
 ----------------------------------------------------------------------------------------------------------------------------
                                                          SURVEY OF INDIA
                                                    MARINE GEODESY WING (G&RB)
                                                     HOURLY HEIGHTS IN METRES
  NAME OF PORT:- HALDIA                                                                             MONTH MAY       YEAR 2017
 ----------------------------------------------------------------------------------------------------------------------------
 DAYS 0000 0001 0002 0003 0004 0005 0006 0007 0008 0009 0010 0011 0012 0013 0014 0015 0016 0017 0018 0019 0020 0021 0022 0023
 ----------------------------------------------------------------------------------------------------------------------------
  1   4.62 5.03 4.98 4.31 3.52 2.79 2.12 1.56 1.21 1.24 2.38 3.66 4.53 5.12 5.30 4.95 4.18 3.47 2.84 2.28 1.84 1.54 1.54 2.10
  2   3.07 4.07 4.67 4.80 4.38 3.55 2.90 2.29 1.81 1.50 1.61 2.67 3.65 4.43 4.90 5.02 4.61 4.01 3.39 2.81 2.31 1.90 1.77 2.05
  3   2.87 3.60 4.18 4.50 4.48 4.03 3.45 2.89 2.41 2.02 1.85 2.07 2.77 3.44 4.12 4.56 4.74 4.56 4.08 3.55 3.03 2.58 2.19 1.91
  4   1.90 2.48 3.20 3.85 4.27 4.41 4.23 3.78 3.35 2.91 2.54 2.25 2.15 2.41 2.98 3.67 4.21 4.55 4.65 4.36 3.83 3.34 2.83 2.39
  5   2.07 1.97 2.21 2.87 3.56 4.09 4.42 4.50 4.25 3.78 3.27 2.77 2.35 2.06 2.07 2.73 3.58 4.25 4.65 4.76 4.49 3.97 3.45 2.91
  6   2.40 2.04 1.87 2.06 2.70 3.50 4.19 4.62 4.75 4.48 3.99 3.34 2.78 2.28 1.91 1.86 2.43 3.47 4.32 4.83 5.00 4.83 4.25 3.60
  7   2.87 2.20 1.66 1.42 1.59 2.60 3.55 4.30 4.66 4.72 4.47 3.80 3.17 2.59 2.11 1.75 1.72 2.35 3.35 4.25 4.96 5.12 4.74 4.04
  8   3.38 2.72 2.12 1.62 1.40 1.57 2.94 4.04 4.88 5.28 5.19 4.56 3.79 3.08 2.43 1.90 1.49 1.50 2.39 3.75 4.63 5.11 5.01 4.41
  9   3.68 2.97 2.29 1.70 1.29 1.22 1.75 3.61 4.64 5.26 5.41 5.03 4.20 3.43 2.67 2.02 1.48 1.28 1.59 3.17 4.30 5.05 5.30 5.14
 10   4.29 3.27 2.53 1.88 1.35 1.20 1.42 2.82 4.04 5.04 5.52 5.43 4.62 3.77 2.97 2.20 1.58 1.16 1.20 2.26 3.77 4.77 5.26 5.20
 11   4.55 3.72 2.96 2.25 1.56 1.05 1.04 2.05 3.61 4.79 5.53 5.64 5.12 4.20 3.39 2.64 1.96 1.38 1.17 1.48 3.00 4.22 4.96 5.03
 12   4.69 3.90 3.15 2.50 1.91 1.38 1.12 1.29 3.02 4.20 5.09 5.49 5.28 4.49 3.66 2.86 2.14 1.45 1.02 1.16 2.29 3.76 4.77 5.29
 13   5.24 4.53 3.70 2.91 2.21 1.51 1.00 0.99 2.04 3.61 4.74 5.36 5.42 4.88 4.05 3.26 2.54 1.82 1.28 1.12 1.53 3.10 4.16 4.89
 14   5.07 4.71 3.96 3.18 2.44 1.80 1.26 1.04 1.24 3.04 4.31 5.13 5.46 5.27 4.56 3.70 2.95 2.32 1.77 1.40 1.42 2.10 3.75 4.65
 15   4.99 4.92 4.28 3.54 2.86 2.23 1.68 1.29 1.29 2.18 3.76 4.64 5.16 5.20 4.76 4.04 3.25 2.60 2.00 1.58 1.48 1.94 3.11 3.98
 16   4.60 4.91 4.71 3.99 3.22 2.55 1.91 1.46 1.34 1.80 3.02 4.05 4.88 5.15 5.05 4.38 3.63 2.93 2.28 1.74 1.50 1.70 2.75 3.59
 17   4.23 4.65 4.72 4.21 3.55 2.90 2.36 1.87 1.55 1.68 2.62 3.47 4.22 4.74 4.92 4.69 4.05 3.42 2.81 2.27 1.88 1.77 2.09 2.81
 18   3.62 4.23 4.49 4.44 3.92 3.33 2.76 2.22 1.86 1.75 2.00 2.91 3.65 4.26 4.67 4.79 4.49 3.94 3.32 2.75 2.27 1.95 1.90 2.29
 19   3.17 3.89 4.45 4.69 4.52 3.93 3.33 2.74 2.21 1.90 1.89 2.40 3.06 3.65 4.17 4.47 4.55 4.30 3.86 3.39 2.90 2.45 2.12 1.98
 20   2.19 2.80 3.39 3.90 4.21 4.33 4.14 3.71 3.23 2.80 2.40 2.10 2.08 2.50 3.10 3.80 4.32 4.62 4.65 4.22 3.64 3.08 2.57 2.12
 21   1.77 1.60 1.78 2.85 3.76 4.31 4.53 4.47 4.07 3.52 2.97 2.46 2.01 1.75 1.89 2.64 3.45 4.17 4.63 4.81 4.54 3.92 3.31 2.69
 22   2.15 1.72 1.58 1.86 2.76 3.66 4.32 4.75 4.85 4.47 3.82 3.17 2.50 1.88 1.52 1.66 2.32 3.39 4.38 4.95 5.05 4.74 3.99 3.25
 23   2.52 1.85 1.39 1.25 1.50 2.92 4.03 4.80 5.30 5.23 4.62 3.83 3.02 2.29 1.62 1.26 1.24 2.00 3.52 4.57 5.20 5.30 4.76 3.91
 24   3.13 2.34 1.65 1.15 1.01 1.42 3.11 4.39 5.35 5.74 5.45 4.59 3.70 2.90 2.10 1.40 1.00 0.99 1.90 3.85 5.06 5.67 5.56 4.72
 25   3.82 2.99 2.21 1.53 0.93 0.76 1.18 3.41 4.90 5.85 6.13 5.68 4.83 3.78 2.80 1.97 1.26 0.89 0.90 1.97 4.28 5.40 5.86 5.67
 26   4.81 3.86 2.95 2.12 1.35 0.88 0.84 2.04 3.95 5.37 6.15 6.18 5.51 4.48 3.50 2.62 1.82 1.11 0.73 0.87 2.39 4.30 5.33 5.66
 27   5.24 4.32 3.36 2.49 1.70 0.97 0.65 0.83 2.09 4.02 5.50 6.07 6.00 5.09 4.11 3.19 2.35 1.58 1.13 1.02 1.52 3.44 4.76 5.63
 28   5.80 5.18 4.13 3.18 2.28 1.54 0.97 0.76 1.05 3.40 4.82 5.82 6.12 5.75 4.75 3.81 2.94 2.03 1.32 0.98 1.23 2.53 3.96 5.05
 29   5.65 5.55 4.75 3.23 2.05 1.24 0.75 0.60 0.89 2.35 3.86 5.04 5.76 5.88 5.35 4.40 3.54 2.77 2.12 1.60 1.35 1.61 2.89 3.95
 30   4.93 5.43 5.35 4.60 3.70 2.92 2.19 1.55 1.26 1.49 2.92 4.25 5.28 5.73 5.73 5.19 4.39 3.62 2.93 2.28 1.86 1.75 2.15 3.27
 31   4.27 4.91 5.22 5.18 4.49 3.70 2.97 2.39 1.96 1.90 2.42 3.44 4.45 5.22 5.58 5.50 4.90 4.17 3.41 2.77 2.18 1.73 1.73 2.41
 ----------------------------------------------------------------------------------------------------------------------------
                                                                                              
 ----------------------------------------------------------------------------------------------------------------------------
 ----------------------------------------------------------------------------------------------------------------------------
                                                          SURVEY OF INDIA
                                                    MARINE GEODESY WING (G&RB)
                                                     HOURLY HEIGHTS IN METRES
  NAME OF PORT:- HALDIA                                                                             MONTH JUNE      YEAR 2017
 ----------------------------------------------------------------------------------------------------------------------------
 DAYS 0000 0001 0002 0003 0004 0005 0006 0007 0008 0009 0010 0011 0012 0013 0014 0015 0016 0017 0018 0019 0020 0021 0022 0023
 ----------------------------------------------------------------------------------------------------------------------------
  1   3.51 4.31 4.83 4.99 4.78 4.24 3.65 3.04 2.55 2.20 2.11 2.45 3.20 4.03 4.67 5.10 5.19 4.86 4.36 3.75 3.16 2.62 2.26 2.20
  2   2.55 3.18 3.87 4.39 4.70 4.70 4.36 3.85 3.34 2.86 2.46 2.26 2.37 3.08 3.80 4.48 4.90 5.02 4.75 4.28 3.75 3.25 2.74 2.35
  3   2.15 2.29 3.04 3.73 4.34 4.71 4.80 4.57 4.12 3.66 3.17 2.73 2.42 2.42 2.89 3.57 4.25 4.68 4.88 4.77 4.35 3.81 3.28 2.78
  4   2.38 2.22 2.38 2.96 3.71 4.29 4.69 4.86 4.72 4.30 3.75 3.21 2.76 2.39 2.30 2.59 3.39 4.17 4.70 4.96 4.86 4.42 3.86 3.27
  5   2.76 2.28 2.02 2.04 2.68 3.52 4.32 4.90 5.12 5.00 4.50 3.87 3.21 2.60 2.12 2.02 2.41 3.22 4.08 4.67 4.93 4.78 4.19 3.57
  6   3.02 2.48 2.05 1.93 2.13 2.95 3.83 4.56 5.06 5.20 4.92 4.19 3.50 2.85 2.33 1.92 1.90 2.50 3.63 4.52 5.10 5.20 4.83 4.07
  7   3.35 2.71 2.14 1.70 1.62 2.04 3.25 4.37 5.22 5.54 5.38 4.66 3.82 3.10 2.46 1.94 1.72 1.90 3.05 4.10 4.92 5.31 5.21 4.57
  8   3.77 3.03 2.33 1.79 1.50 1.50 2.30 3.96 5.08 5.70 5.74 5.17 4.28 3.46 2.63 1.98 1.63 1.63 2.41 3.60 4.61 5.25 5.40 4.95
  9   4.15 3.37 2.68 2.00 1.49 1.42 1.89 3.41 4.64 5.55 5.90 5.69 4.87 4.01 3.16 2.40 1.81 1.58 1.80 2.95 4.05 4.91 5.39 5.40
 10   4.72 3.88 3.14 2.51 1.96 1.55 1.52 2.22 3.89 5.11 5.81 5.94 5.41 4.51 3.67 2.90 2.29 1.84 1.78 2.42 3.56 4.56 5.31 5.54
 11   5.25 4.35 3.56 2.84 2.19 1.68 1.50 1.83 3.33 4.48 5.51 5.93 5.84 5.01 4.08 3.17 2.38 1.77 1.50 1.68 2.84 4.05 4.99 5.57
 12   5.53 4.78 3.91 3.10 2.40 1.78 1.32 1.27 2.06 3.97 5.11 5.74 5.82 5.30 4.51 3.71 2.89 2.14 1.63 1.44 1.86 3.17 4.35 5.14
 13   5.48 5.22 4.49 3.71 2.96 2.26 1.65 1.42 1.74 3.24 4.45 5.36 5.78 5.63 4.98 4.18 3.42 2.74 2.14 1.73 1.72 2.50 3.84 4.87
 14   5.39 5.38 4.90 4.16 3.45 2.75 2.18 1.73 1.68 2.32 3.67 4.60 5.35 5.62 5.36 4.70 3.94 3.20 2.46 1.80 1.60 1.81 3.04 3.98
 15   4.78 5.18 5.14 4.59 3.82 3.12 2.43 1.80 1.55 1.75 2.97 4.03 4.88 5.39 5.47 5.00 4.28 3.54 2.86 2.25 1.83 1.70 2.10 3.00
 16   4.04 4.74 5.04 4.96 4.23 3.48 2.81 2.27 1.83 1.74 2.24 3.29 4.09 4.74 5.11 5.17 4.70 4.00 3.36 2.72 2.18 1.80 1.79 2.36
 17   3.37 4.19 4.70 4.92 4.75 4.17 3.53 2.92 2.39 2.01 1.95 2.43 3.34 4.09 4.65 5.01 5.06 4.67 4.05 3.43 2.83 2.35 2.01 2.00
 18   2.66 3.43 4.13 4.58 4.80 4.71 4.23 3.65 3.13 2.66 2.30 2.13 2.40 3.15 3.93 4.57 4.99 5.05 4.66 4.03 3.37 2.81 2.36 2.04
 19   1.99 2.48 3.30 3.99 4.55 4.84 4.84 4.50 3.95 3.39 2.88 2.47 2.21 2.24 2.86 3.70 4.48 4.95 5.10 4.90 4.29 3.63 3.00 2.40
 20   1.90 1.66 1.80 2.73 3.72 4.57 5.04 5.16 4.89 4.19 3.47 2.86 2.25 1.91 1.99 2.44 3.46 4.40 5.02 5.20 4.93 4.31 3.58 2.94
 21   2.32 1.80 1.56 1.74 2.69 3.75 4.66 5.25 5.39 5.06 4.28 3.54 2.83 2.19 1.73 1.59 1.94 3.25 4.35 5.12 5.43 5.22 4.48 3.70
 22   2.94 2.28 1.74 1.35 1.35 2.21 3.86 4.94 5.60 5.69 5.28 4.41 3.52 2.75 2.04 1.58 1.40 1.70 3.28 4.42 5.28 5.59 5.33 4.55
 23   3.71 2.90 2.10 1.38 1.09 1.27 2.65 4.06 5.32 5.98 6.00 5.40 4.39 3.55 2.74 1.97 1.41 1.25 1.69 3.40 4.69 5.52 5.77 5.29
 24   4.35 3.51 2.72 1.84 1.15 0.87 1.08 2.32 4.46 5.78 6.18 6.05 5.15 4.20 3.25 2.37 1.59 1.14 1.09 1.84 3.71 5.59 6.00 5.86
 25   5.18 4.16 3.33 2.53 1.72 1.03 0.88 1.43 3.62 5.04 6.06 6.35 5.99 4.99 4.02 3.16 2.45 1.79 1.30 1.23 2.00 5.42 6.18 6.33
 26   5.93 5.15 4.13 3.25 2.47 1.72 1.07 1.01 1.77 3.76 5.25 6.10 6.22 5.80 4.76 3.83 2.98 2.28 1.60 1.20 1.36 2.26 4.18 5.30
 27   5.85 5.71 4.89 3.92 3.04 2.25 1.53 1.15 1.18 2.16 4.16 5.42 6.11 6.15 5.38 4.41 3.52 2.74 2.05 1.55 1.48 2.07 3.23 4.48
 28   5.37 5.73 5.36 4.43 3.55 2.76 2.03 1.41 1.25 1.84 3.36 4.59 5.50 5.92 5.70 4.86 4.01 3.23 2.56 1.91 1.55 1.72 2.44 3.58
 29   4.62 5.32 5.45 4.96 4.09 3.30 2.62 2.07 1.66 1.64 2.40 3.76 4.76 5.45 5.66 5.28 4.52 3.73 3.01 2.40 1.86 1.62 1.89 2.93
 30   3.89 4.71 5.17 5.15 4.61 3.81 3.14 2.47 2.01 1.81 2.04 2.92 3.82 4.59 5.19 5.35 4.95 4.25 3.61 3.00 2.34 1.93 1.84 2.07
 ----------------------------------------------------------------------------------------------------------------------------
                                                                                               
 ----------------------------------------------------------------------------------------------------------------------------
 ----------------------------------------------------------------------------------------------------------------------------
                                                          SURVEY OF INDIA
                                                    MARINE GEODESY WING (G&RB)
                                                     HOURLY HEIGHTS IN METRES
  NAME OF PORT:- HALDIA                                                                             MONTH JULY      YEAR 2017
 ----------------------------------------------------------------------------------------------------------------------------
 DAYS 0000 0001 0002 0003 0004 0005 0006 0007 0008 0009 0010 0011 0012 0013 0014 0015 0016 0017 0018 0019 0020 0021 0022 0023
 ----------------------------------------------------------------------------------------------------------------------------
  1   2.95 3.83 4.52 4.92 4.95 4.48 3.85 3.19 2.59 2.12 2.00 2.46 3.19 3.92 4.50 4.87 4.92 4.64 4.12 3.53 2.98 2.43 2.05 1.96
  2   2.28 3.06 3.84 4.42 4.78 4.83 4.50 3.86 3.27 2.75 2.37 2.20 2.37 2.93 3.60 4.20 4.59 4.71 4.50 4.02 3.48 2.98 2.56 2.24
  3   2.16 2.47 3.13 3.80 4.30 4.61 4.68 4.43 4.01 3.55 3.05 2.62 2.38 2.36 2.73 3.34 3.97 4.41 4.64 4.60 4.17 3.63 3.15 2.66
  4   2.27 2.10 2.28 2.87 3.52 4.09 4.50 4.69 4.57 4.19 3.71 3.22 2.73 2.38 2.28 2.56 3.13 3.78 4.27 4.53 4.50 4.11 3.63 3.13
  5   2.62 2.19 1.92 1.94 2.62 3.44 4.18 4.71 4.92 4.79 4.26 3.64 3.03 2.52 2.11 1.95 2.28 3.02 3.76 4.37 4.63 4.61 4.16 3.55
  6   2.98 2.42 1.96 1.65 1.66 2.48 3.56 4.46 5.03 5.24 4.96 4.27 3.54 2.88 2.24 1.88 1.82 2.22 3.22 4.06 4.62 4.87 4.70 4.06
  7   3.41 2.76 2.23 1.75 1.56 1.83 3.00 4.09 4.90 5.35 5.35 4.80 4.03 3.32 2.64 2.07 1.72 1.68 2.33 3.57 4.43 4.94 5.05 4.69
  8   3.93 3.24 2.59 2.02 1.57 1.48 2.11 3.51 4.63 5.35 5.59 5.32 4.62 3.66 2.93 2.29 1.77 1.60 1.85 3.06 4.11 4.86 5.24 5.21
  9   4.50 3.69 3.04 2.41 1.85 1.46 1.44 2.23 4.06 5.14 5.73 5.79 5.17 4.35 3.59 2.80 2.18 1.70 1.60 2.19 3.45 4.50 5.16 5.30
 10   4.95 4.19 3.47 2.76 2.12 1.60 1.50 2.07 3.61 4.82 5.63 5.85 5.53 4.76 3.92 3.16 2.43 1.84 1.47 1.47 2.50 3.99 4.99 5.46
 11   5.40 4.72 3.87 3.07 2.37 1.68 1.23 1.21 2.15 3.89 5.02 5.68 5.78 5.23 4.34 3.49 2.78 2.07 1.50 1.32 1.68 3.07 4.62 5.76
 12   5.85 5.27 4.32 3.44 2.67 1.97 1.40 1.22 1.56 3.26 4.50 5.42 5.79 5.54 4.72 3.85 3.04 2.40 1.83 1.44 1.48 2.46 3.84 4.85
 13   5.34 5.34 4.58 3.73 3.00 2.34 1.80 1.41 1.43 2.25 3.62 4.73 5.45 5.64 5.25 4.51 3.69 3.01 2.40 1.82 1.55 1.82 3.04 4.08
 14   4.95 5.40 5.25 4.50 3.67 2.96 2.32 1.77 1.54 1.74 3.10 4.11 5.10 5.58 5.57 4.96 4.18 3.45 2.76 2.19 1.78 1.71 2.37 3.51
 15   4.48 5.14 5.33 4.95 4.18 3.48 2.80 2.27 1.86 1.82 2.40 3.53 4.50 5.24 5.55 5.35 4.64 3.90 3.21 2.62 2.14 1.84 1.89 2.78
 16   3.75 4.66 5.20 5.24 4.70 4.02 3.33 2.71 2.18 1.92 2.05 2.83 3.74 4.65 5.28 5.50 5.18 4.55 3.79 3.16 2.62 2.12 1.86 2.00
 17   2.69 3.55 4.55 5.15 5.11 4.58 3.95 3.34 2.83 2.44 2.28 2.55 3.19 3.94 4.65 5.21 5.37 5.13 4.55 3.90 3.27 2.72 2.32 2.14
 18   2.45 3.19 3.99 4.72 5.23 5.33 5.02 4.45 3.83 3.26 2.80 2.51 2.49 2.94 3.65 4.42 5.01 5.31 5.18 4.63 3.97 3.35 2.82 2.42
 19   2.21 2.38 3.10 3.93 4.66 5.24 5.41 5.15 4.60 3.99 3.38 2.80 2.36 2.19 2.51 3.26 4.16 4.82 5.27 5.32 4.90 4.30 3.62 2.92
 20   2.35 2.09 2.30 2.90 3.83 4.62 5.23 5.52 5.48 4.97 4.28 3.66 2.98 2.38 1.95 1.92 2.58 3.68 4.60 5.21 5.33 4.97 4.33 3.63
 21   2.91 2.26 1.77 1.64 2.00 3.22 4.36 5.26 5.70 5.61 4.97 4.19 3.36 2.67 2.04 1.60 1.54 2.20 3.60 4.69 5.34 5.50 5.03 4.31
 22   3.53 2.85 2.16 1.56 1.36 1.84 3.40 4.70 5.59 5.94 5.71 4.98 4.07 3.26 2.52 1.84 1.30 1.20 2.02 3.62 4.84 5.55 5.70 5.17
 23   4.30 3.48 2.68 1.96 1.34 1.20 1.69 3.56 5.05 6.02 6.30 6.01 5.04 4.12 3.30 2.56 1.86 1.36 1.28 2.02 3.94 5.18 5.79 5.78
 24   5.20 4.37 3.42 2.62 1.89 1.28 1.14 1.65 3.62 5.43 6.32 6.43 5.86 4.97 4.00 3.06 2.20 1.47 1.05 1.15 2.43 4.18 5.30 5.89
 25   5.83 5.15 4.15 3.20 2.35 1.61 1.06 1.02 2.02 4.27 5.62 6.33 6.29 5.53 4.56 3.54 2.68 1.90 1.25 0.98 1.30 3.33 4.64 5.69
 26   6.01 5.63 4.68 3.76 2.85 2.02 1.22 0.95 1.24 3.41 4.89 5.95 6.37 6.10 5.12 4.17 3.23 2.44 1.72 1.24 1.15 2.02 3.77 5.03
 27   5.78 5.86 5.22 4.32 3.39 2.49 1.77 1.27 1.20 2.08 3.84 5.15 5.94 6.02 5.42 4.54 3.67 2.86 2.10 1.50 1.25 1.57 2.98 4.19
 28   5.19 5.65 5.46 4.72 3.86 3.03 2.26 1.56 1.32 1.60 3.10 4.25 5.34 5.80 5.66 4.98 4.18 3.33 2.61 2.02 1.59 1.55 2.29 3.53
 29   4.56 5.30 5.53 5.06 4.27 3.40 2.64 2.05 1.69 1.70 2.42 3.59 4.57 5.19 5.40 5.05 4.39 3.71 2.99 2.40 1.90 1.66 1.85 2.89
 30   3.83 4.66 5.17 5.12 4.57 3.94 3.26 2.67 2.20 1.94 2.18 2.89 3.69 4.44 4.93 5.04 4.71 4.13 3.49 2.87 2.39 2.01 1.91 2.30
 31   3.06 3.83 4.51 4.86 4.84 4.39 3.80 3.20 2.75 2.43 2.30 2.55 3.13 3.72 4.25 4.58 4.64 4.40 3.95 3.42 2.95 2.56 2.26 2.22
 ----------------------------------------------------------------------------------------------------------------------------
                                                                                               
 ----------------------------------------------------------------------------------------------------------------------------
 ----------------------------------------------------------------------------------------------------------------------------
                                                          SURVEY OF INDIA
                                                    MARINE GEODESY WING (G&RB)
                                                     HOURLY HEIGHTS IN METRES
  NAME OF PORT:- HALDIA                                                                             MONTH AUGUST    YEAR 2017
 ----------------------------------------------------------------------------------------------------------------------------
 DAYS 0000 0001 0002 0003 0004 0005 0006 0007 0008 0009 0010 0011 0012 0013 0014 0015 0016 0017 0018 0019 0020 0021 0022 0023
 ----------------------------------------------------------------------------------------------------------------------------
  1   2.59 3.19 3.79 4.24 4.46 4.48 4.22 3.85 3.44 3.04 2.72 2.54 2.64 2.97 3.49 4.00 4.34 4.44 4.34 4.00 3.56 3.06 2.61 2.36
  2   2.32 2.50 3.01 3.55 4.01 4.32 4.50 4.48 4.20 3.82 3.36 2.86 2.51 2.39 2.59 3.00 3.58 4.06 4.35 4.40 4.10 3.64 3.14 2.68
  3   2.34 2.14 2.22 2.67 3.30 3.95 4.43 4.72 4.66 4.30 3.82 3.24 2.69 2.26 2.09 2.24 2.86 3.63 4.16 4.52 4.54 4.27 3.78 3.24
  4   2.73 2.27 1.97 1.90 2.26 3.11 4.01 4.65 5.03 4.98 4.47 3.81 3.14 2.58 2.10 1.84 1.99 2.84 3.67 4.31 4.71 4.72 4.27 3.72
  5   3.10 2.51 2.00 1.63 1.60 2.20 3.29 4.34 5.04 5.37 5.16 4.50 3.72 3.03 2.41 1.85 1.57 1.72 2.87 3.90 4.73 5.14 5.05 4.50
  6   3.74 3.01 2.30 1.75 1.40 1.55 2.53 3.94 5.04 5.70 5.70 5.10 4.29 3.47 2.73 2.08 1.58 1.46 2.07 3.51 4.60 5.31 5.52 5.11
  7   4.30 3.50 2.74 2.08 1.52 1.27 1.56 3.32 4.64 5.63 5.95 5.70 4.82 3.94 3.05 2.26 1.57 1.23 1.41 2.65 4.06 5.10 5.64 5.53
  8   4.83 3.96 3.11 2.36 1.70 1.24 1.19 2.03 3.97 5.30 5.97 6.03 5.36 4.46 3.54 2.70 2.00 1.42 1.22 1.74 3.58 4.76 5.60 5.79
  9   5.43 4.56 3.71 2.88 2.16 1.52 1.18 1.36 3.42 4.78 5.77 6.18 6.02 4.99 4.11 3.21 2.38 1.73 1.36 1.50 3.03 4.38 5.49 5.94
 10   5.80 5.10 4.22 3.33 2.52 1.85 1.38 1.36 2.29 4.08 5.37 5.99 6.04 5.48 4.57 3.67 2.82 2.10 1.55 1.32 1.74 3.60 4.84 5.69
 11   5.88 5.51 4.68 3.78 2.86 2.02 1.38 1.06 1.29 3.00 4.49 5.57 5.99 5.82 5.22 4.37 3.40 2.55 1.76 1.19 1.07 1.70 3.74 5.00
 12   5.72 5.82 5.26 4.40 3.57 2.74 2.00 1.34 1.05 1.36 3.37 4.63 5.53 5.82 5.41 4.51 3.68 2.80 2.05 1.43 1.00 0.97 2.04 3.93
 13   5.02 5.58 5.41 4.73 3.90 3.08 2.38 1.78 1.29 1.24 2.12 3.70 4.89 5.48 5.55 4.96 4.10 3.29 2.52 1.88 1.32 1.14 1.50 3.11
 14   4.30 5.19 5.48 5.13 4.40 3.63 2.90 2.26 1.74 1.44 1.62 2.91 3.90 4.78 5.27 5.20 4.64 3.88 3.15 2.50 1.94 1.50 1.42 1.95
 15   3.25 4.30 4.99 5.22 4.87 4.20 3.45 2.84 2.30 1.85 1.72 2.10 2.96 3.80 4.50 4.92 4.89 4.39 3.78 3.13 2.51 1.97 1.58 1.57
 16   2.20 3.15 4.02 4.60 4.90 4.76 4.25 3.63 3.03 2.52 2.12 1.92 2.09 2.68 3.42 4.09 4.56 4.70 4.44 3.90 3.30 2.71 2.19 1.80
 17   1.69 2.02 2.90 3.70 4.40 4.80 4.89 4.57 4.06 3.52 2.98 2.50 2.11 1.97 2.25 3.00 3.80 4.50 4.88 4.86 4.38 3.77 3.15 2.54
 18   2.05 1.78 1.82 2.57 3.48 4.33 4.92 5.18 5.06 4.57 3.96 3.33 2.77 2.34 2.06 2.08 2.82 3.66 4.49 5.06 5.18 4.80 4.11 3.44
 19   2.80 2.26 1.88 1.84 2.38 3.39 4.44 5.24 5.64 5.62 5.00 4.26 3.47 2.81 2.22 1.85 1.84 2.46 3.62 4.70 5.45 5.64 5.17 4.31
 20   3.55 2.78 2.16 1.65 1.44 1.80 3.34 4.70 5.71 6.16 5.95 5.09 4.16 3.33 2.59 1.92 1.48 1.44 2.36 3.78 5.08 5.81 5.92 5.32
 21   4.35 3.46 2.64 1.92 1.36 1.18 1.55 3.53 4.99 6.01 6.30 5.93 4.88 3.90 2.97 2.13 1.35 1.05 1.25 2.71 4.20 5.43 6.07 6.00
 22   5.16 4.17 3.19 2.41 1.63 1.07 1.04 1.85 3.92 5.42 6.28 6.35 5.60 4.53 3.56 2.60 1.81 1.18 0.90 1.15 3.01 4.53 5.75 6.18
 23   5.83 4.74 3.77 2.80 1.96 1.19 0.80 1.00 2.33 4.57 5.82 6.37 6.18 5.20 4.22 3.23 2.40 1.61 1.05 0.96 1.88 3.89 5.36 6.20
 24   6.27 5.51 4.43 3.48 2.58 1.81 1.21 1.05 1.75 3.77 5.29 6.19 6.39 5.86 4.73 3.80 2.89 2.05 1.41 1.09 1.35 3.13 4.58 5.90
 25   6.15 5.86 5.01 4.10 3.12 2.34 1.72 1.28 1.24 2.22 4.29 5.67 6.12 5.89 5.04 4.13 3.25 2.54 1.87 1.41 1.30 2.19 3.82 5.10
 26   5.85 5.96 5.34 4.37 3.50 2.69 1.96 1.42 1.41 2.32 3.76 4.94 5.73 5.86 5.38 4.47 3.66 2.86 2.14 1.60 1.42 1.79 3.18 4.38
 27   5.24 5.61 5.53 4.86 3.97 3.18 2.33 1.65 1.51 1.87 3.01 4.07 5.04 5.57 5.52 4.91 4.20 3.46 2.77 2.21 1.82 1.79 2.64 3.73
 28   4.67 5.33 5.55 5.29 4.56 3.84 3.15 2.52 2.17 2.16 2.84 3.71 4.57 5.19 5.39 5.10 4.51 3.85 3.22 2.67 2.31 2.21 2.66 3.46
 29   4.23 4.80 5.17 5.16 4.69 4.10 3.55 3.00 2.60 2.40 2.60 3.18 3.90 4.44 4.75 4.80 4.51 4.00 3.45 2.90 2.48 2.24 2.25 2.75
 30   3.40 3.97 4.45 4.73 4.67 4.24 3.76 3.32 2.91 2.59 2.50 2.77 3.22 3.69 4.10 4.35 4.39 4.16 3.81 3.40 2.98 2.65 2.48 2.55
 31   2.86 3.28 3.71 4.07 4.32 4.36 4.19 3.89 3.54 3.19 2.89 2.69 2.63 2.82 3.14 3.52 3.87 4.12 4.18 3.98 3.66 3.32 2.92 2.56
 ----------------------------------------------------------------------------------------------------------------------------
                                                                                               
 ----------------------------------------------------------------------------------------------------------------------------
 ----------------------------------------------------------------------------------------------------------------------------
                                                          SURVEY OF INDIA
                                                    MARINE GEODESY WING (G&RB)
                                                     HOURLY HEIGHTS IN METRES
  NAME OF PORT:- HALDIA                                                                             MONTH SEPT      YEAR 2017
 ----------------------------------------------------------------------------------------------------------------------------
 DAYS 0000 0001 0002 0003 0004 0005 0006 0007 0008 0009 0010 0011 0012 0013 0014 0015 0016 0017 0018 0019 0020 0021 0022 0023
 ----------------------------------------------------------------------------------------------------------------------------
  1   2.40 2.50 2.82 3.29 3.83 4.25 4.52 4.55 4.29 3.88 3.45 3.06 2.73 2.48 2.47 2.79 3.35 4.08 4.49 4.58 4.28 3.82 3.34 2.92
  2   2.57 2.30 2.20 2.44 2.95 3.58 4.23 4.72 4.90 4.65 4.17 3.62 3.05 2.56 2.19 2.04 2.26 3.06 3.88 4.43 4.69 4.65 4.23 3.70
  3   3.10 2.56 2.11 1.80 1.82 2.70 3.64 4.48 4.98 5.15 4.87 4.23 3.52 2.89 2.36 1.90 1.69 2.03 3.10 4.00 4.66 4.99 4.83 4.22
  4   3.57 2.92 2.33 1.81 1.48 1.68 2.84 3.98 4.88 5.43 5.45 4.87 4.00 3.29 2.60 2.01 1.54 1.44 2.09 3.42 4.52 5.17 5.36 4.97
  5   4.17 3.45 2.72 2.12 1.58 1.32 1.75 3.30 4.57 5.43 5.78 5.54 4.64 3.79 2.97 2.27 1.66 1.30 1.45 2.80 4.11 5.10 5.61 5.51
  6   4.77 3.89 3.08 2.38 1.70 1.24 1.16 2.08 3.87 5.22 5.90 5.99 5.17 4.21 3.32 2.56 1.85 1.22 1.00 1.51 3.51 4.92 5.72 5.87
  7   5.34 4.37 3.48 2.66 1.93 1.25 0.90 1.22 3.32 4.85 5.88 6.22 5.70 4.75 3.81 2.89 2.05 1.34 0.94 1.20 2.62 4.32 5.55 6.05
  8   5.87 4.96 3.99 3.08 2.30 1.59 1.08 0.98 2.02 4.00 5.43 6.14 6.02 5.27 4.27 3.31 2.46 1.76 1.18 0.96 1.58 3.64 5.08 5.91
  9   6.04 5.43 4.42 3.50 2.66 1.85 1.19 0.90 1.34 3.16 4.60 5.70 6.07 5.71 4.80 3.83 2.98 2.20 1.55 1.10 1.00 2.02 3.98 5.26
 10   5.89 5.83 5.20 4.28 3.34 2.52 1.79 1.22 1.05 1.79 3.60 4.86 5.69 5.80 5.30 4.36 3.52 2.72 2.00 1.35 1.03 1.45 3.24 4.57
 11   5.45 5.75 5.52 4.68 3.78 3.00 2.35 1.76 1.38 1.34 2.56 3.93 4.99 5.52 5.51 4.88 4.00 3.22 2.50 1.90 1.42 1.28 2.04 3.52
 12   4.65 5.32 5.55 5.18 4.38 3.59 2.82 2.18 1.65 1.39 1.91 3.15 4.17 4.90 5.20 5.00 4.31 3.60 2.93 2.35 1.85 1.58 1.95 2.89
 13   3.75 4.55 5.07 5.10 4.64 3.95 3.28 2.68 2.16 1.80 1.74 2.50 3.35 4.11 4.63 4.87 4.65 4.08 3.48 2.89 2.37 1.97 1.79 2.08
 14   2.90 3.72 4.40 4.78 4.84 4.49 3.90 3.33 2.79 2.34 2.02 2.00 2.40 2.95 3.55 4.09 4.47 4.56 4.20 3.70 3.19 2.71 2.28 1.97
 15   2.00 2.56 3.24 3.91 4.41 4.70 4.69 4.28 3.77 3.31 2.84 2.46 2.16 2.08 2.40 3.03 3.70 4.29 4.63 4.61 4.20 3.66 3.13 2.64
 16   2.21 1.95 1.99 2.64 3.39 4.13 4.66 4.94 4.81 4.29 3.72 3.07 2.55 2.13 1.84 1.82 2.54 3.40 4.25 4.79 4.98 4.65 3.98 3.35
 17   2.72 2.20 1.77 1.57 1.95 3.06 4.08 4.82 5.23 5.16 4.61 3.88 3.17 2.51 1.97 1.54 1.40 2.06 3.35 4.49 5.09 5.30 4.95 4.20
 18   3.44 2.74 2.15 1.60 1.27 1.70 3.08 4.34 5.26 5.69 5.48 4.72 3.86 3.06 2.36 1.74 1.32 1.26 2.47 3.89 5.16 5.78 5.69 4.96
 19   4.04 3.20 2.40 1.77 1.25 1.13 2.30 3.87 5.20 5.99 6.11 5.49 4.52 3.60 2.72 2.00 1.30 1.02 1.47 3.30 4.76 5.90 6.28 5.88
 20   4.87 3.93 3.00 2.18 1.50 1.10 1.54 3.15 4.64 5.84 6.39 6.24 5.23 4.30 3.35 2.53 1.80 1.26 1.18 2.16 4.00 5.53 6.38 6.55
 21   5.63 4.51 3.55 2.71 1.98 1.38 1.15 1.90 3.85 5.30 6.17 6.40 5.76 4.73 3.79 2.80 2.05 1.42 1.05 1.47 3.18 4.74 5.90 6.29
 22   6.03 5.07 4.14 3.22 2.48 1.80 1.31 1.25 2.53 4.35 5.62 6.17 6.13 5.31 4.35 3.43 2.65 1.94 1.40 1.32 2.66 4.11 5.22 6.01
 23   6.15 5.68 4.68 3.80 2.92 2.18 1.58 1.23 1.66 3.44 4.73 5.61 5.93 5.58 4.68 3.83 3.02 2.30 1.62 1.20 1.66 3.02 4.37 5.44
 24   5.88 5.80 5.07 4.17 3.37 2.58 1.92 1.40 1.30 2.57 4.01 5.09 5.63 5.63 5.05 4.21 3.42 2.64 2.04 1.53 1.40 2.30 3.61 4.82
 25   5.85 5.80 5.07 4.17 3.37 2.58 1.96 1.46 1.35 2.57 4.01 5.09 5.63 5.63 5.05 4.21 3.42 2.64 2.04 1.57 1.48 2.30 3.31 4.21
 26   4.97 5.40 5.42 4.77 3.93 3.15 2.51 1.92 1.53 1.90 2.90 3.81 4.62 5.10 5.10 4.70 3.99 3.30 2.70 2.14 1.72 1.65 2.62 3.68
 27   4.50 4.99 5.12 4.70 4.09 3.50 2.90 2.38 1.94 1.83 2.56 3.40 4.07 4.57 4.80 4.60 4.08 3.48 2.94 2.43 2.05 1.90 2.32 3.08
 28   3.86 4.44 4.76 4.72 4.32 3.81 3.32 2.83 2.43 2.22 2.42 2.93 3.50 3.99 4.30 4.40 4.21 3.83 3.40 3.00 2.65 2.47 2.54 2.90
 29   3.35 3.84 4.23 4.45 4.44 4.19 3.82 3.40 3.02 2.70 2.61 2.70 2.97 3.36 3.74 4.01 4.14 4.12 3.90 3.60 3.30 3.01 2.79 2.67
 30   2.78 3.05 3.40 3.82 4.20 4.42 4.49 4.30 3.95 3.57 3.19 2.89 2.68 2.62 2.84 3.22 3.67 4.04 4.26 4.29 4.05 3.70 3.34 2.98
 ----------------------------------------------------------------------------------------------------------------------------
                                                                                               
 ----------------------------------------------------------------------------------------------------------------------------
 ----------------------------------------------------------------------------------------------------------------------------
                                                          SURVEY OF INDIA
                                                    MARINE GEODESY WING (G&RB)
                                                     HOURLY HEIGHTS IN METRES
  NAME OF PORT:- HALDIA                                                                             MONTH OCTOBER   YEAR 2017
 ----------------------------------------------------------------------------------------------------------------------------
 DAYS 0000 0001 0002 0003 0004 0005 0006 0007 0008 0009 0010 0011 0012 0013 0014 0015 0016 0017 0018 0019 0020 0021 0022 0023
 ----------------------------------------------------------------------------------------------------------------------------
  1   2.64 2.38 2.34 2.79 3.50 4.11 4.60 4.82 4.70 4.27 3.78 3.30 2.84 2.40 2.16 2.39 2.92 3.65 4.29 4.71 4.80 4.50 4.00 3.44
  2   2.88 2.43 2.10 2.00 2.70 3.56 4.37 4.94 5.17 4.96 4.36 3.75 3.17 2.68 2.25 1.91 1.88 2.81 3.85 4.63 5.09 5.16 4.69 4.01
  3   3.40 2.78 2.25 1.80 1.66 2.41 3.58 4.63 5.30 5.53 5.19 4.44 3.63 2.92 2.29 1.76 1.47 1.88 3.15 4.31 5.20 5.57 5.39 4.65
  4   3.88 3.16 2.50 1.92 1.50 1.45 2.72 4.03 5.23 5.82 5.81 5.12 4.21 3.40 2.64 1.96 1.40 1.14 1.87 3.60 4.93 5.78 5.88 5.39
  5   4.50 3.63 2.80 2.07 1.45 1.13 1.54 3.15 4.58 5.74 6.15 5.83 4.88 3.91 3.02 2.26 1.62 1.10 1.00 2.30 4.23 5.58 6.15 6.03
  6   5.21 4.26 3.32 2.53 1.82 1.18 0.92 1.56 3.73 5.25 6.12 6.30 5.53 4.50 3.55 2.66 1.96 1.28 0.87 1.28 3.52 5.12 6.12 6.44
  7   5.95 4.84 3.89 2.93 2.18 1.51 1.00 1.00 2.60 4.36 5.63 6.14 5.96 5.01 4.00 3.04 2.27 1.51 0.98 0.90 1.96 4.00 5.53 6.21
  8   6.20 5.42 4.35 3.41 2.51 1.81 1.16 0.76 1.14 3.35 4.75 5.66 5.88 5.37 4.31 3.50 2.63 1.88 1.22 0.78 0.90 2.60 4.43 5.62
  9   6.10 5.85 4.92 3.99 3.07 2.26 1.58 1.00 0.81 1.64 3.66 4.98 5.79 5.73 5.06 4.12 3.25 2.43 1.72 1.08 0.75 1.41 3.62 4.93
 10   5.72 5.88 5.39 4.47 3.65 2.85 2.14 1.48 1.01 1.40 3.01 4.25 5.29 5.66 5.43 4.60 3.80 3.01 2.32 1.70 1.20 1.16 2.35 3.91
 11   4.98 5.57 5.59 5.02 4.21 3.47 2.80 2.22 1.76 1.51 2.00 3.22 4.27 4.97 5.25 4.95 4.22 3.50 2.85 2.28 1.81 1.54 1.92 3.09
 12   4.03 4.84 5.25 5.19 4.65 3.99 3.35 2.76 2.30 1.96 1.89 2.48 3.29 4.07 4.58 4.82 4.62 4.08 3.48 2.94 2.47 2.06 1.90 2.23
 13   3.02 3.85 4.52 4.93 4.98 4.60 4.05 3.52 3.00 2.58 2.28 2.17 2.52 3.09 3.69 4.19 4.53 4.56 4.26 3.83 3.35 2.80 2.41 2.35
 14   3.02 3.85 4.52 4.93 4.98 4.60 4.05 3.52 3.00 2.58 2.28 2.17 2.52 3.09 3.69 4.19 4.53 4.56 4.26 3.83 3.35 2.88 2.50 2.20
 15   1.98 1.92 2.25 2.83 3.58 4.32 4.83 5.03 4.85 4.29 3.70 3.08 2.55 2.11 1.84 1.83 2.55 3.59 4.43 4.97 5.08 4.72 4.10 3.41
 16   2.83 2.34 1.92 1.76 2.38 3.36 4.32 4.98 5.30 5.10 4.42 3.81 3.12 2.55 2.04 1.67 1.62 2.56 3.70 4.75 5.38 5.52 5.05 4.23
 17   3.48 2.77 2.18 1.70 1.50 2.22 3.55 4.65 5.33 5.55 5.18 4.41 3.55 2.83 2.22 1.64 1.32 1.68 2.92 4.20 5.30 5.79 5.68 4.88
 18   4.01 3.21 2.49 1.93 1.49 1.45 2.55 3.92 5.10 5.69 5.76 5.08 4.15 3.32 2.65 2.02 1.52 1.36 2.26 3.83 5.17 5.94 6.10 5.55
 19   4.51 3.66 2.84 2.17 1.62 1.36 1.88 3.42 4.85 5.78 6.12 5.76 4.74 3.83 2.93 2.20 1.64 1.34 1.81 3.22 4.79 6.12 6.68 6.40
 20   5.35 4.30 3.33 2.56 1.91 1.46 1.83 3.26 4.75 5.92 6.51 6.45 5.56 4.58 3.64 2.88 2.22 1.70 1.59 3.16 4.80 5.96 6.60 6.70
 21   6.16 5.11 4.10 3.13 2.30 1.62 1.25 1.79 3.60 4.91 5.78 6.02 5.51 4.64 3.63 2.80 2.06 1.37 0.80 0.86 2.73 4.53 5.70 6.11
 22   5.88 5.00 4.08 3.13 2.36 1.65 1.10 0.97 2.58 4.02 5.25 5.88 5.81 5.10 4.14 3.25 2.45 1.82 1.25 1.15 2.42 4.06 5.38 6.10
 23   6.14 5.44 4.53 3.66 2.83 2.17 1.61 1.28 1.77 3.43 4.64 5.49 5.76 5.34 4.49 3.70 2.94 2.27 1.65 1.28 1.73 3.26 4.54 5.52
 24   5.91 5.70 4.90 4.06 3.25 2.55 1.97 1.55 1.48 2.68 3.86 4.84 5.39 5.36 4.77 3.97 3.25 2.58 2.00 1.57 1.48 2.55 3.84 4.88
 25   5.47 5.58 5.10 4.32 3.60 2.89 2.30 1.80 1.59 2.11 3.32 4.20 4.86 5.10 4.82 4.20 3.53 2.91 2.33 1.86 1.64 2.12 3.15 4.09
 26   4.78 5.20 5.19 4.62 3.90 3.25 2.68 2.20 1.87 1.80 2.53 3.49 4.20 4.70 4.82 4.44 3.87 3.28 2.73 2.28 1.99 2.00 2.72 3.52
 27   4.22 4.73 4.95 4.73 4.24 3.71 3.15 2.66 2.30 2.13 2.45 3.05 3.72 4.25 4.52 4.49 4.09 3.63 3.16 2.73 2.43 2.34 2.63 3.15
 28   3.72 4.19 4.55 4.67 4.47 4.09 3.68 3.21 2.82 2.56 2.48 2.72 3.15 3.62 4.03 4.27 4.30 4.07 3.74 3.37 3.04 2.79 2.70 2.76
 29   3.02 3.40 3.81 4.17 4.39 4.42 4.18 3.83 3.43 3.03 2.71 2.51 2.53 2.80 3.24 3.67 4.01 4.22 4.20 4.02 3.73 3.40 3.08 2.76
 30   2.55 2.53 2.87 3.39 3.95 4.39 4.65 4.60 4.21 3.72 3.26 2.83 2.49 2.29 2.33 2.84 3.48 4.06 4.52 4.70 4.58 4.16 3.68 3.17
 31   2.70 2.32 2.14 2.37 3.13 3.91 4.56 4.95 4.96 4.49 3.85 3.24 2.65 2.19 1.86 1.80 2.44 3.36 4.22 4.84 5.12 4.92 4.29 3.63
 ----------------------------------------------------------------------------------------------------------------------------
                                                                                               
 ----------------------------------------------------------------------------------------------------------------------------
 ----------------------------------------------------------------------------------------------------------------------------
                                                          SURVEY OF INDIA
                                                    MARINE GEODESY WING (G&RB)
                                                     HOURLY HEIGHTS IN METRES
  NAME OF PORT:- HALDIA                                                                             MONTH NOVEMBER  YEAR 2017
 ----------------------------------------------------------------------------------------------------------------------------
 DAYS 0000 0001 0002 0003 0004 0005 0006 0007 0008 0009 0010 0011 0012 0013 0014 0015 0016 0017 0018 0019 0020 0021 0022 0023
 ----------------------------------------------------------------------------------------------------------------------------
  1   3.00 2.46 2.01 1.76 2.07 3.14 4.11 4.89 5.25 5.18 4.52 3.81 3.10 2.49 1.96 1.57 1.50 2.38 3.68 4.76 5.40 5.53 5.07 4.24
  2   3.48 2.76 2.16 1.65 1.38 1.84 3.30 4.50 5.34 5.64 5.32 4.45 3.61 2.82 2.14 1.51 1.15 1.52 2.87 4.20 5.36 5.88 5.78 5.07
  3   4.14 3.26 2.52 1.85 1.30 1.15 1.99 3.67 4.95 5.70 5.81 5.23 4.22 3.38 2.56 1.89 1.25 0.92 1.43 3.49 4.96 5.93 6.24 5.84
  4   4.80 3.85 2.97 2.24 1.59 1.00 0.92 2.47 4.09 5.40 5.94 5.86 5.01 4.00 3.08 2.29 1.52 0.91 0.72 1.84 3.93 5.45 6.23 6.30
  5   5.56 4.51 3.59 2.67 1.89 1.20 0.79 1.26 3.20 4.72 5.70 6.03 5.60 4.66 3.64 2.73 1.97 1.32 0.86 0.78 2.10 4.50 5.82 6.29
  6   6.09 5.13 4.12 3.20 2.37 1.67 1.08 0.84 1.58 3.54 4.93 5.74 5.82 5.15 4.12 3.23 2.40 1.70 1.05 0.73 1.25 3.45 4.91 5.86
  7   6.12 5.68 4.70 3.75 2.86 2.16 1.55 1.08 0.96 2.32 3.83 4.99 5.50 5.45 4.65 3.79 2.90 2.19 1.60 1.08 0.96 2.20 3.80 5.02
  8   5.71 5.76 5.16 4.26 3.44 2.67 2.04 1.46 1.08 1.47 2.82 3.98 4.95 5.27 5.03 4.29 3.48 2.72 2.09 1.47 1.12 1.49 2.86 3.95
  9   4.90 5.40 5.35 4.74 3.95 3.25 2.58 2.03 1.60 1.42 1.93 3.05 3.99 4.65 4.92 4.65 3.99 3.28 2.62 2.08 1.65 1.48 2.07 3.10
 10   4.04 4.70 5.05 5.00 4.43 3.77 3.13 2.54 2.08 1.75 1.68 2.27 3.09 3.85 4.37 4.58 4.38 3.83 3.28 2.73 2.26 1.90 1.80 2.37
 11   3.05 3.79 4.34 4.66 4.68 4.23 3.70 3.15 2.62 2.20 1.91 1.81 2.25 2.88 3.51 4.00 4.32 4.32 3.96 3.50 3.06 2.59 2.23 2.05
 12   2.19 2.77 3.40 3.97 4.43 4.58 4.40 3.92 3.42 2.90 2.43 2.07 1.89 2.00 2.54 3.14 3.75 4.28 4.47 4.36 3.95 3.48 3.01 2.56
 13   2.20 2.00 2.24 2.89 3.56 4.19 4.53 4.56 4.18 3.67 3.13 2.59 2.15 1.82 1.74 2.09 2.92 3.74 4.40 4.75 4.75 4.27 3.67 3.08
 14   2.54 2.11 1.81 1.80 2.47 3.43 4.18 4.65 4.80 4.45 3.81 3.23 2.64 2.14 1.73 1.52 1.83 2.90 3.85 4.62 5.05 5.00 4.44 3.71
 15   3.05 2.46 1.92 1.61 1.87 2.68 3.55 4.36 4.81 4.89 4.44 3.72 3.05 2.48 1.96 1.55 1.40 2.00 3.03 4.17 4.98 5.31 5.04 4.28
 16   3.56 2.82 2.22 1.70 1.50 1.93 3.03 4.02 4.83 5.27 5.10 4.46 3.65 2.93 2.28 1.76 1.40 1.35 2.33 3.88 5.09 5.66 5.58 4.92
 17   4.07 3.26 2.53 1.90 1.42 1.30 2.22 3.51 4.66 5.30 5.42 4.80 3.97 3.23 2.52 1.94 1.41 1.16 1.75 3.29 4.60 5.48 5.80 5.47
 18   4.60 3.73 2.95 2.25 1.63 1.20 1.58 2.67 3.98 4.92 5.39 5.27 4.53 3.70 2.95 2.30 1.75 1.34 1.25 2.52 3.93 5.12 5.75 5.75
 19   5.07 4.16 3.38 2.62 2.00 1.52 1.30 1.95 3.30 4.39 5.12 5.37 4.98 4.10 3.31 2.60 2.01 1.50 1.21 1.63 3.22 4.45 5.30 5.68
 20   5.42 4.55 3.74 2.96 2.30 1.78 1.41 1.34 2.42 3.72 4.66 5.15 5.16 4.47 3.68 2.94 2.23 1.65 1.27 1.19 2.22 3.78 4.89 5.54
 21   5.60 5.00 4.15 3.33 2.58 2.00 1.50 1.24 1.61 2.99 3.99 4.68 4.97 4.66 3.90 3.16 2.48 1.92 1.44 1.24 1.68 3.08 4.19 5.02
 22   5.42 5.18 4.42 3.64 2.89 2.26 1.74 1.42 1.35 2.23 3.45 4.32 4.80 4.86 4.24 3.52 2.82 2.21 1.73 1.42 1.35 2.31 3.62 4.58
 23   5.13 5.26 4.73 3.95 3.22 2.56 2.02 1.56 1.33 1.72 2.91 3.76 4.43 4.71 4.51 3.80 3.14 2.50 1.98 1.59 1.47 1.98 3.06 3.99
 24   4.68 5.04 4.90 4.26 3.56 2.90 2.34 1.86 1.55 1.48 2.22 3.31 4.10 4.65 4.65 4.14 3.51 2.91 2.34 1.85 1.58 1.84 2.67 3.50
 25   4.22 4.69 4.85 4.54 3.94 3.32 2.71 2.21 1.83 1.66 2.02 2.86 3.60 4.18 4.49 4.38 3.90 3.32 2.80 2.34 1.98 1.85 2.31 3.01
 26   3.72 4.29 4.64 4.70 4.35 3.80 3.25 2.72 2.31 1.99 1.89 2.35 3.05 3.68 4.14 4.36 4.21 3.78 3.33 2.89 2.49 2.20 2.12 2.50
 27   3.08 3.66 4.13 4.44 4.50 4.18 3.71 3.25 2.75 2.33 2.03 1.94 2.32 2.94 3.53 3.97 4.22 4.20 3.92 3.49 3.09 2.71 2.38 2.23
 28   2.35 2.80 3.37 3.90 4.33 4.53 4.38 3.94 3.41 2.90 2.43 2.06 1.89 2.14 2.61 3.19 3.77 4.20 4.40 4.30 3.92 3.48 3.03 2.60
 29   2.25 2.05 2.32 2.85 3.52 4.14 4.52 4.60 4.20 3.62 3.07 2.56 2.12 1.79 1.68 2.16 2.95 3.77 4.38 4.75 4.79 4.34 3.74 3.17
 30   2.62 2.18 1.86 1.78 2.45 3.36 4.18 4.71 4.85 4.48 3.79 3.15 2.53 2.02 1.62 1.46 1.89 2.98 3.96 4.72 5.16 5.11 4.51 3.78
 ----------------------------------------------------------------------------------------------------------------------------
                                                                                               
 ----------------------------------------------------------------------------------------------------------------------------
 ----------------------------------------------------------------------------------------------------------------------------
                                                          SURVEY OF INDIA
                                                    MARINE GEODESY WING (G&RB)
                                                     HOURLY HEIGHTS IN METRES
  NAME OF PORT:- HALDIA                                                                             MONTH DECEMBER  YEAR 2017
 ----------------------------------------------------------------------------------------------------------------------------
 DAYS 0000 0001 0002 0003 0004 0005 0006 0007 0008 0009 0010 0011 0012 0013 0014 0015 0016 0017 0018 0019 0020 0021 0022 0023
 ----------------------------------------------------------------------------------------------------------------------------
  1   3.11 2.48 1.97 1.56 1.51 2.36 3.42 4.35 4.90 5.04 4.57 3.82 3.03 2.37 1.84 1.40 1.21 1.88 3.27 4.46 5.31 5.61 5.29 4.58
  2   3.79 3.05 2.37 1.77 1.35 1.25 2.42 3.85 4.82 5.24 5.20 4.48 3.66 2.95 2.27 1.68 1.17 0.99 1.98 3.61 5.50 6.05 5.94 5.42
  3   4.56 3.62 2.80 2.09 1.56 1.15 1.18 2.44 4.18 5.17 5.55 5.26 4.42 3.53 2.71 1.98 1.38 0.98 0.92 2.20 4.19 5.55 6.11 6.01
  4   5.25 4.23 3.30 2.49 1.82 1.24 0.94 1.42 3.20 4.54 5.44 5.67 5.15 4.27 3.37 2.54 1.85 1.30 0.90 0.86 2.62 4.64 5.79 6.18
  5   5.91 4.88 3.90 3.00 2.25 1.62 1.16 0.98 1.64 3.42 4.70 5.55 5.70 4.95 4.03 3.13 2.34 1.62 1.02 0.77 1.37 3.50 4.87 5.82
  6   6.02 5.71 4.62 3.71 2.86 2.16 1.56 1.10 0.97 2.12 3.62 4.81 5.40 5.35 4.60 3.71 2.94 2.22 1.60 1.12 1.02 2.14 3.70 4.86
  7   5.61 5.64 5.14 4.30 3.45 2.68 2.02 1.47 1.15 1.45 2.64 3.82 4.81 5.20 5.07 4.29 3.49 2.74 2.10 1.52 1.16 1.47 2.78 3.96
  8   4.93 5.50 5.37 4.76 3.97 3.23 2.56 2.02 1.58 1.36 1.72 2.96 3.92 4.59 4.88 4.67 3.96 3.22 2.56 2.00 1.61 1.50 1.92 3.03
  9   3.94 4.68 5.09 5.05 4.41 3.67 3.00 2.40 1.92 1.61 1.58 2.23 3.13 4.00 4.60 4.87 4.63 3.96 3.26 2.62 2.17 1.88 1.84 2.43
 10   3.29 4.08 4.73 5.06 4.93 4.36 3.68 3.03 2.50 2.03 1.78 1.97 2.50 3.15 3.88 4.41 4.60 4.38 3.93 3.33 2.79 2.33 2.02 1.95
 11   2.38 3.10 3.83 4.37 4.67 4.60 4.12 3.58 3.04 2.53 2.12 1.86 1.84 2.32 2.98 3.65 4.18 4.53 4.55 4.18 3.67 3.18 2.71 2.33
 12   2.05 2.05 2.79 3.52 4.14 4.51 4.61 4.27 3.75 3.26 2.75 2.33 2.00 1.86 2.16 2.80 3.43 4.07 4.47 4.58 4.35 3.90 3.35 2.83
 13   2.40 2.08 2.00 2.52 3.20 3.89 4.36 4.56 4.38 3.92 3.34 2.80 2.33 1.94 1.74 1.98 2.70 3.48 4.16 4.63 4.84 4.62 4.02 3.44
 14   2.85 2.38 2.00 1.85 2.32 3.12 3.83 4.38 4.60 4.44 3.92 3.32 2.75 2.20 1.80 1.63 1.92 2.86 3.73 4.47 4.99 5.07 4.66 4.00
 15   3.31 2.70 2.22 1.84 1.77 2.40 3.30 4.07 4.57 4.78 4.52 3.92 3.24 2.61 2.09 1.68 1.49 1.91 3.03 4.03 4.85 5.26 5.17 4.56
 16   3.79 3.11 2.50 2.00 1.65 1.62 2.42 3.50 4.30 4.76 4.82 4.28 3.60 2.98 2.38 1.90 1.50 1.44 2.29 3.41 4.43 5.16 5.56 5.55
 17   4.73 3.71 2.90 2.24 1.78 1.56 1.82 2.84 3.77 4.49 4.92 4.75 4.10 3.37 2.69 2.12 1.62 1.32 1.66 2.81 3.92 4.87 5.38 5.40
 18   4.87 4.07 3.23 2.56 2.00 1.54 1.36 1.98 3.23 4.15 4.80 5.00 4.55 3.78 3.07 2.43 1.90 1.49 1.34 1.96 3.33 4.48 5.24 5.52
 19   5.19 4.46 3.61 2.87 2.21 1.65 1.31 1.65 2.70 3.69 4.54 4.94 4.90 4.21 3.45 2.76 2.17 1.67 1.33 1.35 2.35 3.88 4.92 5.41
 20   5.41 4.95 4.12 3.29 2.57 1.95 1.48 1.34 1.98 3.17 4.15 4.80 5.02 4.64 3.89 3.11 2.45 1.91 1.42 1.24 1.82 3.24 4.39 5.16
 21   5.44 5.16 4.35 3.56 2.83 2.22 1.66 1.32 1.62 2.62 3.66 4.50 4.91 4.89 4.25 3.46 2.78 2.18 1.65 1.25 1.28 2.32 3.74 4.76
 22   5.26 5.16 4.70 3.97 3.24 2.58 2.01 1.58 1.41 1.99 3.02 4.02 4.69 4.86 4.49 3.80 3.08 2.46 1.96 1.54 1.40 2.10 3.18 4.19
 23   4.85 5.12 4.97 4.33 3.56 2.89 2.31 1.86 1.52 1.54 2.38 3.46 4.28 4.69 4.70 4.18 3.48 2.83 2.29 1.82 1.57 1.87 2.78 3.65
 24   4.45 4.92 5.05 4.61 3.88 3.24 2.63 2.13 1.72 1.53 1.93 2.96 3.78 4.40 4.69 4.51 3.88 3.17 2.59 2.10 1.72 1.60 2.18 3.12
 25   3.89 4.50 4.80 4.72 4.18 3.55 2.95 2.45 2.00 1.68 1.64 2.35 3.22 3.90 4.36 4.50 4.18 3.64 3.06 2.52 2.12 1.85 1.86 2.46
 26   3.22 3.88 4.38 4.60 4.48 3.94 3.35 2.78 2.25 1.83 1.61 1.87 2.45 3.11 3.76 4.15 4.29 4.06 3.59 3.10 2.63 2.23 1.97 1.94
 27   2.43 3.00 3.58 4.04 4.28 4.18 3.75 3.26 2.77 2.31 1.90 1.66 1.85 2.39 3.04 3.66 4.11 4.36 4.29 3.83 3.36 2.88 2.44 2.12
 28   1.97 2.29 2.80 3.40 3.97 4.36 4.40 3.98 3.38 2.86 2.38 1.98 1.67 1.63 2.17 2.85 3.55 4.13 4.50 4.58 4.25 3.73 3.22 2.68
 29   2.26 1.91 1.85 2.42 3.24 3.88 4.36 4.57 4.31 3.72 3.12 2.55 2.08 1.72 1.55 1.82 2.69 3.52 4.24 4.71 4.86 4.55 3.95 3.30
 30   2.70 2.22 1.85 1.66 2.08 2.96 3.79 4.41 4.68 4.56 3.92 3.20 2.55 2.01 1.54 1.25 1.51 2.50 3.62 4.54 5.10 5.24 4.78 4.06
 31   3.34 2.65 2.10 1.62 1.37 1.74 2.82 3.86 4.62 4.89 4.73 4.00 3.27 2.54 1.91 1.38 1.07 1.34 2.62 3.90 5.00 5.53 5.52 4.90
 ----------------------------------------------------------------------------------------------------------------------------
                                                                                               
 ----------------------------------------------------------------------------------------------------------------------------
 ----------------------------------------------------------------------------------------------------------------------------
