                                                          SURVEY OF INDIA
                                                    MARINE GEODESY WING (G&RB)
                                                     HOURLY HEIGHTS IN METRES
  NAME OF PORT:- HALDIA                                                                             MONTH JANUARY   YEAR 2015
 ----------------------------------------------------------------------------------------------------------------------------
 DAYS 0000 0001 0002 0003 0004 0005 0006 0007 0008 0009 0010 0011 0012 0013 0014 0015 0016 0017 0018 0019 0020 0021 0022 0023
 ----------------------------------------------------------------------------------------------------------------------------
  1   2.42 2.06 1.80 1.83 2.56 3.30 3.90 4.34 4.48 4.15 3.57 2.96 2.40 1.99 1.67 1.61 2.30 3.18 3.96 4.67 5.03 4.92 4.30 3.62
  2   3.04 2.52 2.11 1.83 1.82 2.64 3.50 4.28 4.77 4.84 4.35 3.70 3.04 2.48 2.00 1.63 1.48 2.30 3.40 4.42 5.13 5.32 5.05 4.38
  3   3.62 2.96 2.40 1.96 1.64 1.69 2.70 3.62 4.40 4.85 4.89 4.38 3.66 3.00 2.40 1.90 1.50 1.33 2.32 3.50 4.64 5.30 5.46 5.09
  4   4.30 3.55 2.85 2.28 1.79 1.48 1.60 2.80 3.74 4.50 4.93 4.85 4.19 3.44 2.76 2.11 1.63 1.28 1.33 2.73 4.00 5.00 5.46 5.43
  5   4.80 4.00 3.25 2.59 2.01 1.59 1.34 1.80 3.10 4.08 4.79 5.03 4.75 4.00 3.27 2.57 1.98 1.50 1.19 1.70 3.29 4.48 5.28 5.57
  6   5.30 4.50 3.73 3.00 2.37 1.85 1.46 1.29 2.35 3.50 4.52 5.05 5.11 4.50 3.72 2.98 2.28 1.70 1.30 1.09 2.30 3.60 4.78 5.38
  7   5.50 5.00 4.20 3.40 2.70 2.10 1.60 1.29 1.40 2.80 3.94 4.78 5.14 4.98 4.20 3.42 2.70 2.07 1.55 1.18 1.40 3.00 4.20 5.12
  8   5.48 5.30 4.56 3.79 3.05 2.40 1.88 1.44 1.24 2.10 3.42 4.42 5.00 5.12 4.60 3.80 3.04 2.38 1.86 1.44 1.23 2.35 3.64 4.67
  9   5.23 5.36 4.85 4.07 3.31 2.62 2.08 1.60 1.25 1.30 2.70 3.85 4.63 4.99 4.82 4.10 3.32 2.63 2.08 1.64 1.34 1.80 3.09 4.17
 10   4.90 5.21 5.01 4.32 3.53 2.84 2.27 1.80 1.44 1.30 2.30 3.34 4.22 4.78 4.91 4.40 3.68 2.98 2.38 1.90 1.56 1.50 2.63 3.62
 11   4.48 4.97 5.06 4.60 3.89 3.20 2.58 2.08 1.67 1.41 1.70 2.81 3.71 4.42 4.80 4.68 4.00 3.30 2.67 2.14 1.78 1.58 2.10 3.10
 12   3.90 4.50 4.80 4.69 4.11 3.48 2.88 2.33 1.90 1.61 1.55 2.50 3.34 4.08 4.54 4.69 4.31 3.70 3.10 2.51 2.07 1.79 1.84 2.61
 13   3.40 4.05 4.50 4.66 4.37 3.80 3.20 2.61 2.14 1.80 1.66 2.00 2.76 3.49 4.10 4.47 4.54 4.20 3.64 3.07 2.55 2.18 1.98 2.13
 14   2.78 3.40 3.96 4.36 4.50 4.24 3.72 3.17 2.61 2.18 1.87 1.74 2.10 2.73 3.39 3.90 4.27 4.41 4.14 3.71 3.23 2.79 2.39 2.14
 15   2.16 2.67 3.22 3.75 4.15 4.30 4.13 3.70 3.22 2.71 2.24 1.90 1.76 2.04 2.62 3.24 3.81 4.28 4.52 4.41 4.00 3.50 3.03 2.60
 16   2.26 2.12 2.32 2.88 3.44 3.91 4.23 4.28 3.91 3.40 2.87 2.40 2.02 1.80 1.87 2.48 3.12 3.85 4.42 4.80 4.79 4.36 3.79 3.20
 17   2.69 2.26 1.98 1.92 2.58 3.25 3.88 4.32 4.49 4.21 3.70 3.10 2.51 2.08 1.74 1.55 1.97 2.95 3.84 4.57 5.02 5.03 4.54 3.92
 18   3.20 2.60 2.11 1.74 1.59 2.20 3.10 3.89 4.38 4.57 4.40 3.80 3.16 2.54 2.04 1.62 1.33 1.53 2.80 3.94 4.90 5.36 5.32 4.77
 19   4.00 3.23 2.56 1.99 1.53 1.31 1.90 3.09 4.03 4.67 4.90 4.57 3.80 3.08 2.44 1.86 1.40 1.05 1.37 2.98 4.30 5.33 5.66 5.42
 20   4.63 3.80 2.97 2.24 1.64 1.21 1.00 1.90 3.30 4.41 5.00 5.10 4.57 3.73 2.96 2.27 1.65 1.15 0.81 1.40 3.27 4.80 5.70 5.83
 21   5.39 4.46 3.60 2.70 2.00 1.40 0.91 0.69 1.90 3.59 4.80 5.32 5.22 4.49 3.64 2.80 2.06 1.44 0.92 0.61 1.70 3.70 5.27 5.91
 22   5.85 5.18 4.25 3.39 2.52 1.80 1.20 0.75 0.60 2.40 4.10 5.20 5.52 5.22 4.38 3.48 2.65 1.90 1.29 0.80 0.56 2.20 4.10 5.50
 23   5.94 5.75 4.90 4.00 3.10 2.30 1.60 1.04 0.64 1.00 3.10 4.63 5.41 5.52 5.00 4.09 3.25 2.43 1.76 1.18 0.76 0.90 3.10 4.65
 24   5.65 5.81 5.39 4.50 3.61 2.80 2.06 1.40 0.92 0.65 1.85 3.59 4.80 5.30 5.27 4.61 3.87 3.07 2.34 1.72 1.24 0.92 1.80 3.40
 25   4.64 5.30 5.41 4.88 4.04 3.25 2.53 1.90 1.39 1.00 0.92 2.43 3.71 4.64 5.04 4.91 4.21 3.45 2.75 2.15 1.68 1.31 1.24 2.50
 26   3.60 4.48 4.95 4.99 4.40 3.68 2.99 2.30 1.78 1.35 1.09 1.98 3.09 4.00 4.55 4.78 4.49 3.79 3.11 2.51 2.02 1.68 1.49 2.04
 27   2.98 3.78 4.31 4.61 4.49 3.90 3.27 2.64 2.10 1.66 1.37 1.39 2.30 3.18 3.88 4.32 4.49 4.20 3.64 3.08 2.53 2.10 1.80 1.75
 28   2.30 2.91 3.59 4.07 4.33 4.27 3.80 3.21 2.66 2.13 1.73 1.48 1.63 2.44 3.12 3.72 4.13 4.28 4.12 3.71 3.25 2.79 2.37 2.07
 29   1.95 2.18 2.68 3.22 3.70 4.01 4.05 3.78 3.30 2.80 2.32 1.96 1.70 1.79 2.28 2.85 3.41 3.88 4.14 4.18 3.90 3.48 3.00 2.57
 30   2.20 1.95 1.90 2.18 2.69 3.25 3.70 3.97 3.83 3.47 3.05 2.57 2.12 1.79 1.61 1.81 2.42 3.07 3.70 4.20 4.47 4.38 3.94 3.40
 31   2.88 2.38 1.98 1.71 1.73 2.40 3.04 3.63 4.00 4.08 3.78 3.22 2.70 2.20 1.80 1.50 1.48 2.20 3.00 3.80 4.37 4.65 4.50 4.00
 ----------------------------------------------------------------------------------------------------------------------------
                                                                                               
 ----------------------------------------------------------------------------------------------------------------------------
 ----------------------------------------------------------------------------------------------------------------------------
                                                          SURVEY OF INDIA
                                                    MARINE GEODESY WING (G&RB)
                                                     HOURLY HEIGHTS IN METRES
  NAME OF PORT:- HALDIA                                                                             MONTH FEBRUARY  YEAR 2015
 ----------------------------------------------------------------------------------------------------------------------------
 DAYS 0000 0001 0002 0003 0004 0005 0006 0007 0008 0009 0010 0011 0012 0013 0014 0015 0016 0017 0018 0019 0020 0021 0022 0023
 ----------------------------------------------------------------------------------------------------------------------------
  1   3.38 2.78 2.22 1.82 1.51 1.50 2.30 3.09 3.80 4.20 4.31 3.90 3.30 2.71 2.17 1.71 1.39 1.29 2.20 3.20 4.10 4.70 4.89 4.60
  2   3.90 3.20 2.56 2.01 1.59 1.31 1.42 2.50 3.37 4.10 4.50 4.46 3.90 3.19 2.51 1.98 1.51 1.15 1.14 2.48 3.60 4.52 5.01 5.00
  3   4.40 3.64 2.91 2.30 1.76 1.34 1.10 1.70 2.90 3.87 4.50 4.71 4.36 3.61 2.90 2.26 1.70 1.23 0.98 1.56 3.09 4.20 5.00 5.21
  4   4.90 4.10 3.31 2.61 2.00 1.49 1.11 1.02 2.30 3.50 4.38 4.80 4.79 4.10 3.34 2.60 2.00 1.47 1.06 0.97 2.40 3.71 4.71 5.23
  5   5.20 4.51 3.70 2.95 2.25 1.70 1.20 0.91 1.50 2.93 4.10 4.80 4.96 4.53 3.73 2.99 2.30 1.66 1.21 0.90 1.40 3.07 4.29 5.09
  6   5.26 4.90 4.04 3.25 2.51 1.90 1.36 0.96 0.84 2.20 3.50 4.45 4.90 4.73 4.10 3.32 2.60 1.92 1.41 1.00 0.88 2.41 3.77 4.77
  7   5.20 5.10 4.40 3.60 2.83 2.20 1.61 1.15 0.87 1.60 3.03 4.16 4.81 5.00 4.57 3.72 2.96 2.25 1.66 1.21 0.95 1.63 3.17 4.27
  8   4.91 5.09 4.63 3.83 3.10 2.40 1.85 1.36 1.00 1.00 2.40 3.60 4.41 4.82 4.71 4.00 3.21 2.52 1.94 1.47 1.10 1.20 2.60 3.77
  9   4.57 4.91 4.80 4.10 3.40 2.70 2.10 1.58 1.17 0.95 1.95 3.17 4.10 4.62 4.76 4.29 3.52 2.81 2.20 1.70 1.31 1.12 2.10 3.20
 10   4.11 4.61 4.73 4.30 3.60 2.90 2.30 1.80 1.38 1.08 1.40 2.60 3.50 4.18 4.51 4.45 3.86 3.16 2.54 2.01 1.60 1.33 1.47 2.66
 11   3.50 4.11 4.49 4.41 3.86 3.21 2.60 2.02 1.60 1.30 1.19 2.04 2.93 3.70 4.18 4.39 4.12 3.51 2.93 2.39 1.91 1.59 1.47 2.10
 12   2.92 3.63 4.10 4.32 4.11 3.51 2.90 2.38 1.91 1.54 1.30 1.50 2.45 3.19 3.78 4.14 4.23 3.91 3.39 2.86 2.40 2.00 1.76 1.90
 13   2.48 3.06 3.60 3.96 4.04 3.80 3.32 2.84 2.32 1.90 1.60 1.48 1.87 2.48 3.08 3.59 3.93 4.11 3.96 3.55 3.10 2.66 2.23 1.93
 14   1.82 2.05 2.59 3.13 3.60 3.84 3.86 3.53 3.10 2.62 2.19 1.81 1.60 1.62 2.11 2.70 3.30 3.77 4.15 4.22 3.94 3.50 3.00 2.54
 15   2.12 1.84 1.71 2.05 2.70 3.30 3.72 4.00 3.97 3.56 3.09 2.60 2.10 1.71 1.45 1.40 2.01 2.91 3.70 4.30 4.60 4.47 3.92 3.30
 16   2.71 2.20 1.76 1.46 1.40 2.25 3.10 3.78 4.20 4.32 4.00 3.38 2.79 2.21 1.74 1.37 1.14 1.70 2.90 3.94 4.69 5.00 4.81 4.19
 17   3.41 2.71 2.10 1.60 1.22 1.08 2.00 3.18 4.10 4.61 4.76 4.30 3.50 2.80 2.19 1.62 1.17 0.86 1.55 3.10 4.40 5.20 5.39 5.06
 18   4.21 3.40 2.60 1.97 1.39 0.97 0.75 2.00 3.50 4.61 5.10 5.08 4.40 3.55 2.75 2.00 1.40 0.90 0.59 1.50 3.46 5.00 5.70 5.70
 19   5.10 4.11 3.20 2.40 1.68 1.08 0.60 0.46 2.50 4.20 5.29 5.56 5.26 4.36 3.40 2.52 1.80 1.15 0.60 0.32 2.00 4.00 5.60 6.05
 20   5.71 4.81 3.82 2.90 2.06 1.30 0.70 0.28 0.50 3.10 4.76 5.65 5.70 5.00 4.06 3.14 2.25 1.50 0.86 0.39 0.25 2.86 4.61 5.80
 21   6.00 5.46 4.40 3.50 2.51 1.74 1.08 0.50 0.10 1.60 3.75 5.20 5.77 5.60 4.71 3.80 2.90 2.10 1.40 0.80 0.40 1.10 3.40 4.90
 22   5.72 5.70 5.00 4.10 3.16 2.30 1.59 1.00 0.51 0.32 2.50 4.20 5.27 5.56 5.21 4.31 3.43 2.57 1.83 1.24 0.76 0.54 2.15 3.70
 23   4.90 5.40 5.29 4.54 3.65 2.80 2.10 1.44 0.91 0.58 1.35 3.15 4.35 5.10 5.24 4.70 3.86 3.05 2.31 1.72 1.28 0.97 1.50 2.94
 24   4.00 4.70 5.01 4.70 3.94 3.20 2.50 1.90 1.40 1.02 1.00 2.50 3.55 4.43 4.87 4.88 4.30 3.55 2.84 2.21 1.70 1.34 1.21 2.30
 25   3.20 4.00 4.48 4.60 4.25 3.60 2.91 2.30 1.75 1.30 1.11 1.70 2.80 3.63 4.22 4.54 4.44 3.92 3.31 2.71 2.20 1.80 1.53 1.70
 26   2.55 3.21 3.81 4.16 4.23 3.95 3.48 2.90 2.40 1.90 1.59 1.52 2.20 3.00 3.66 4.09 4.30 4.21 3.80 3.35 2.93 2.50 2.18 2.02
 27   2.20 2.65 3.14 3.54 3.81 3.89 3.72 3.36 2.94 2.50 2.10 1.80 1.73 2.20 2.80 3.31 3.76 4.02 4.09 3.90 3.60 3.21 2.82 2.51
 28   2.30 2.18 2.30 2.62 3.01 3.41 3.69 3.76 3.56 3.25 2.90 2.50 2.15 1.91 1.90 2.29 2.80 3.35 3.80 4.07 4.11 3.87 3.47 3.01
 ----------------------------------------------------------------------------------------------------------------------------
                                                                                               
 ----------------------------------------------------------------------------------------------------------------------------
 ----------------------------------------------------------------------------------------------------------------------------
                                                          SURVEY OF INDIA
                                                    MARINE GEODESY WING (G&RB)
                                                     HOURLY HEIGHTS IN METRES
  NAME OF PORT:- HALDIA                                                                             MONTH MARCH     YEAR 2015
 ----------------------------------------------------------------------------------------------------------------------------
 DAYS 0000 0001 0002 0003 0004 0005 0006 0007 0008 0009 0010 0011 0012 0013 0014 0015 0016 0017 0018 0019 0020 0021 0022 0023
 ----------------------------------------------------------------------------------------------------------------------------
  1   2.60 2.20 1.90 1.78 2.10 2.64 3.28 3.72 3.98 3.98 3.62 3.15 2.64 2.21 1.84 1.60 1.78 2.52 3.30 3.96 4.40 4.52 4.27 3.71
  2   3.15 2.60 2.10 1.75 1.53 1.86 2.70 3.48 4.04 4.36 4.30 3.80 3.17 2.61 2.10 1.68 1.39 1.55 2.60 3.54 4.30 4.71 4.76 4.35
  3   3.68 2.98 2.35 1.86 1.48 1.25 1.71 2.82 3.73 4.37 4.61 4.38 3.70 3.02 2.40 1.84 1.40 1.14 1.70 3.00 4.09 4.78 5.04 4.81
  4   4.11 3.40 2.70 2.08 1.53 1.18 1.09 2.38 3.44 4.37 4.75 4.72 4.10 3.39 2.68 2.01 1.50 1.08 0.92 2.24 3.50 4.61 5.17 5.20
  5   4.55 3.80 2.98 2.30 1.68 1.16 0.84 1.16 2.66 3.76 4.52 4.78 4.50 3.78 3.00 2.30 1.69 1.20 0.85 1.20 2.91 4.19 5.06 5.32
  6   4.99 4.17 3.34 2.60 1.90 1.34 0.93 0.74 2.20 3.60 4.70 5.13 5.00 4.30 3.47 2.69 1.98 1.38 0.90 0.70 2.20 3.70 4.82 5.31
  7   5.21 4.50 3.68 2.88 2.14 1.52 1.01 0.65 1.30 3.00 4.20 4.90 5.10 4.70 3.83 3.00 2.26 1.60 1.09 0.72 1.10 3.00 4.23 5.10
  8   5.30 4.88 4.00 3.20 2.41 1.76 1.20 0.78 0.60 2.10 3.60 4.64 5.11 5.00 4.30 3.42 2.66 1.95 1.39 0.91 0.70 2.10 3.50 4.57
  9   5.11 5.08 4.35 3.54 2.74 2.07 1.50 0.99 0.65 1.30 3.00 4.14 4.87 5.06 4.60 3.79 2.98 2.25 1.63 1.14 0.80 1.30 2.90 4.09
 10   4.80 5.02 4.60 3.81 3.05 2.36 1.78 1.24 0.85 0.80 2.45 3.68 4.57 4.98 4.83 4.10 3.31 2.58 1.95 1.44 1.05 0.99 2.48 3.60
 11   4.48 4.84 4.77 4.10 3.31 2.60 2.00 1.50 1.07 0.83 1.90 3.13 4.10 4.67 4.83 4.40 3.61 2.90 2.30 1.78 1.38 1.14 1.90 3.00
 12   3.90 4.41 4.61 4.30 3.57 2.89 2.30 1.78 1.32 1.05 1.35 2.60 3.50 4.15 4.54 4.51 4.00 3.30 2.69 2.12 1.70 1.40 1.40 2.48
 13   3.30 3.93 4.30 4.37 3.90 3.27 2.69 2.11 1.64 1.32 1.22 2.00 2.83 3.60 4.11 4.40 4.30 3.80 3.20 2.63 2.15 1.78 1.58 1.90
 14   2.70 3.30 3.80 4.08 4.02 3.62 3.17 2.62 2.12 1.73 1.49 1.50 2.12 2.80 3.40 3.86 4.12 4.13 3.81 3.35 2.89 2.40 2.02 1.81
 15   1.85 2.40 2.95 3.42 3.74 3.88 3.71 3.32 2.89 2.43 2.00 1.72 1.60 1.85 2.40 3.00 3.59 4.00 4.20 4.10 3.70 3.21 2.76 2.30
 16   1.91 1.66 1.69 2.20 2.80 3.35 3.73 3.94 3.83 3.40 2.90 2.40 1.90 1.53 1.32 1.60 2.50 3.31 4.00 4.47 4.52 4.15 3.58 2.95
 17   2.40 1.90 1.51 1.30 1.60 2.59 3.40 4.03 4.40 4.38 3.90 3.20 2.61 2.08 1.62 1.26 1.18 2.23 3.30 4.30 4.90 5.02 4.60 3.90
 18   3.20 2.51 1.90 1.40 1.08 1.18 2.50 3.60 4.41 4.81 4.73 4.10 3.32 2.60 1.98 1.40 0.98 0.73 2.00 3.50 4.80 5.38 5.30 4.69
 19   3.85 3.04 2.28 1.62 1.04 0.66 0.62 2.60 4.00 5.02 5.33 5.00 4.16 3.28 2.48 1.75 1.11 0.65 0.48 2.40 4.10 5.45 5.81 5.50
 20   4.60 3.70 2.79 1.98 1.30 0.70 0.30 0.73 3.30 5.00 5.78 5.71 5.00 4.00 3.10 2.20 1.47 0.80 0.38 0.50 3.10 4.90 6.00 6.09
 21   5.40 4.30 3.33 2.41 1.64 0.98 0.40 0.02 2.00 4.20 5.50 6.08 5.78 4.80 3.82 2.86 2.00 1.29 0.69 0.28 1.40 3.60 5.40 6.16
 22   5.98 5.10 4.06 3.10 2.20 1.40 0.80 0.29-0.01 2.70 4.57 5.75 6.00 5.40 4.30 3.38 2.46 1.62 0.98 0.44 0.25 2.40 4.30 5.59
 23   5.94 5.50 4.50 3.57 2.65 1.84 1.20 0.61 0.20 1.40 3.60 5.18 5.80 5.69 4.90 3.98 3.10 2.29 1.60 1.00 0.58 1.00 3.00 4.41
 24   5.30 5.50 4.98 4.08 3.20 2.39 1.70 1.11 0.69 0.50 2.60 4.10 5.11 5.50 5.29 4.44 3.58 2.79 2.10 1.50 1.06 0.84 2.11 3.54
 25   4.50 5.05 5.06 4.40 3.60 2.86 2.20 1.60 1.10 0.80 1.70 3.20 4.21 4.90 5.11 4.72 3.97 3.22 2.54 1.99 1.50 1.20 1.50 2.78
 26   3.71 4.40 4.70 4.54 3.92 3.26 2.60 2.00 1.54 1.21 1.45 2.60 3.58 4.28 4.70 4.71 4.22 3.58 2.98 2.40 1.92 1.61 1.61 2.32
 27   3.10 3.76 4.19 4.34 4.09 3.55 3.02 2.50 2.00 1.70 1.60 2.18 2.88 3.59 4.06 4.31 4.29 3.92 3.43 2.96 2.52 2.18 1.95 2.02
 28   2.50 3.00 3.44 3.81 3.96 3.81 3.50 3.10 2.70 2.37 2.14 2.07 2.35 2.79 3.28 3.71 4.00 4.09 3.96 3.63 3.29 2.94 2.56 2.20
 29   2.08 2.28 2.58 2.97 3.32 3.58 3.72 3.70 3.48 3.12 2.78 2.47 2.20 2.14 2.41 2.84 3.38 3.80 4.11 4.19 3.97 3.60 3.21 2.82
 30   2.45 2.18 2.01 2.16 2.64 3.20 3.64 3.95 4.03 3.83 3.47 3.01 2.60 2.25 2.01 2.01 2.58 3.30 3.89 4.30 4.48 4.30 3.88 3.21
 31   2.65 2.14 1.80 1.54 1.51 2.50 3.19 3.80 4.17 4.30 4.02 3.49 2.90 2.39 1.93 1.60 1.50 2.29 3.25 3.93 4.48 4.71 4.50 3.95
 ----------------------------------------------------------------------------------------------------------------------------
                                                                                               
 ----------------------------------------------------------------------------------------------------------------------------
 ----------------------------------------------------------------------------------------------------------------------------
                                                          SURVEY OF INDIA
                                                    MARINE GEODESY WING (G&RB)
                                                     HOURLY HEIGHTS IN METRES
  NAME OF PORT:- HALDIA                                                                             MONTH APRIL     YEAR 2015
 ----------------------------------------------------------------------------------------------------------------------------
 DAYS 0000 0001 0002 0003 0004 0005 0006 0007 0008 0009 0010 0011 0012 0013 0014 0015 0016 0017 0018 0019 0020 0021 0022 0023
 ----------------------------------------------------------------------------------------------------------------------------
  1   3.31 2.72 2.20 1.80 1.50 1.60 2.60 3.60 4.30 4.69 4.71 4.21 3.60 3.00 2.40 1.92 1.60 1.68 2.80 3.80 4.69 5.10 5.09 4.60
  2   3.91 3.20 2.50 1.91 1.46 1.24 1.88 3.30 4.30 4.94 5.10 4.75 4.00 3.21 2.51 1.90 1.40 1.11 1.85 3.30 4.50 5.16 5.33 5.00
  3   4.38 3.54 2.80 2.09 1.50 1.08 0.98 2.60 4.00 5.00 5.36 5.18 4.40 3.59 2.75 2.01 1.42 0.97 0.80 2.50 3.92 5.06 5.43 5.30
  4   4.57 3.80 2.98 2.24 1.62 1.11 0.80 1.81 3.60 5.00 5.65 5.63 4.98 4.10 3.22 2.42 1.70 1.15 0.88 2.10 3.70 5.10 5.70 5.62
  5   4.92 4.10 3.20 2.40 1.70 1.15 0.72 0.90 3.11 4.60 5.56 5.79 5.40 4.57 3.70 2.80 2.00 1.40 0.94 0.84 2.60 4.24 5.25 5.53
  6   5.30 4.48 3.61 2.78 2.02 1.44 0.98 0.63 1.80 3.60 5.04 5.62 5.62 4.90 4.00 3.20 2.40 1.72 1.20 0.84 1.50 3.30 4.63 5.30
  7   5.41 4.90 4.02 3.23 2.50 1.86 1.30 0.85 0.80 2.80 4.22 5.25 5.60 5.31 4.49 3.66 2.81 2.16 1.58 1.11 0.95 2.40 3.87 4.69
  8   5.20 5.02 4.30 3.50 2.70 2.09 1.53 1.03 0.73 1.80 3.48 4.76 5.40 5.42 4.81 4.00 3.20 2.49 1.87 1.39 1.05 1.50 3.00 4.00
  9   4.74 5.02 4.70 3.90 3.17 2.50 1.90 1.40 1.02 0.94 2.51 3.66 4.53 5.04 5.00 4.40 3.60 2.85 2.21 1.70 1.30 1.09 2.20 3.40
 10   4.28 4.71 4.78 4.27 3.55 2.88 2.25 1.70 1.30 1.10 2.00 3.10 4.01 4.60 4.84 4.61 3.92 3.25 2.60 2.05 1.60 1.35 1.60 2.78
 11   3.68 4.24 4.55 4.49 3.91 3.30 2.68 2.10 1.65 1.34 1.40 2.50 3.40 4.02 4.50 4.68 4.39 3.79 3.14 2.60 2.12 1.74 1.50 1.60
 12   2.80 3.50 3.99 4.20 4.13 3.70 3.10 2.50 2.00 1.64 1.40 1.60 2.50 3.23 3.85 4.30 4.47 4.28 3.80 3.22 2.66 2.13 1.77 1.52
 13   1.70 2.47 3.09 3.61 3.94 4.04 3.72 3.29 2.80 2.30 1.90 1.66 1.63 2.03 2.74 3.47 4.02 4.40 4.41 4.06 3.50 2.91 2.40 1.99
 14   1.64 1.49 1.84 2.57 3.23 3.79 4.10 4.17 3.81 3.31 2.77 2.20 1.80 1.50 1.43 2.20 3.00 3.79 4.39 4.68 4.54 4.00 3.36 2.77
 15   2.20 1.75 1.40 1.25 1.90 2.87 3.70 4.28 4.54 4.38 3.80 3.10 2.50 1.95 1.51 1.21 1.50 2.70 3.74 4.51 4.93 4.86 4.26 3.50
 16   2.80 2.13 1.55 1.10 0.90 1.61 2.90 4.01 4.79 5.00 4.71 4.00 3.20 2.49 1.82 1.30 0.95 1.20 2.80 4.09 5.00 5.35 5.10 4.30
 17   3.49 2.70 1.99 1.40 0.92 0.70 2.00 3.50 4.70 5.49 5.55 5.05 4.10 3.27 2.46 1.80 1.20 0.80 1.30 3.24 4.75 5.56 5.68 5.05
 18   4.12 3.25 2.41 1.70 1.09 0.60 0.50 2.70 4.40 5.61 6.02 5.74 4.80 3.87 2.90 2.08 1.40 0.82 0.58 2.30 4.12 5.60 6.14 5.92
 19   5.01 4.10 3.11 2.24 1.51 0.89 0.41 0.80 3.40 5.10 6.10 6.22 5.52 4.50 3.60 2.60 1.80 1.10 0.60 0.50 2.86 4.70 5.76 6.03
 20   5.60 4.61 3.70 2.74 1.90 1.20 0.64 0.27 2.10 4.10 5.56 6.14 6.00 5.17 4.20 3.24 2.36 1.58 0.98 0.57 1.42 3.50 5.00 5.80
 21   5.82 5.18 4.24 3.38 2.49 1.71 1.10 0.61 0.80 3.20 4.72 5.78 6.06 5.60 4.70 3.80 2.82 2.00 1.38 0.86 0.69 2.50 3.90 5.04
 22   5.55 5.42 4.65 3.80 2.91 2.18 1.58 1.00 0.76 2.30 3.86 5.10 5.80 5.80 5.10 4.30 3.42 2.58 1.95 1.41 1.10 1.71 3.04 4.15
 23   5.00 5.15 4.97 4.20 3.28 2.40 1.88 1.43 1.07 0.97 2.60 3.82 4.73 5.23 5.20 4.57 3.77 3.05 2.40 1.90 1.30 1.33 2.25 3.25
 24   4.10 4.60 4.78 4.50 3.80 3.09 2.48 1.90 1.50 1.51 2.40 3.48 4.33 5.03 5.25 4.96 4.30 3.58 2.90 2.35 1.95 1.73 1.85 2.60
 25   3.40 4.01 4.31 4.31 3.80 3.20 2.58 2.08 1.75 1.60 1.90 2.60 3.32 3.94 4.42 4.62 4.39 3.75 3.15 2.60 2.08 1.80 1.64 2.05
 26   2.80 3.47 3.80 4.10 4.18 3.76 3.20 2.68 2.22 1.91 1.87 2.24 2.80 3.30 3.78 4.07 4.16 3.98 3.63 3.21 2.78 2.40 2.13 2.07
 27   2.26 2.68 3.13 3.59 3.88 3.96 3.76 3.43 3.08 2.69 2.34 2.18 2.23 2.60 3.02 3.50 3.89 4.13 4.17 3.93 3.58 3.15 2.70 2.16
 28   1.85 1.88 2.13 2.70 3.26 3.77 4.12 4.17 3.92 3.50 3.04 2.60 2.26 2.02 2.19 2.71 3.32 3.92 4.31 4.51 4.45 3.77 3.01 2.50
 29   2.10 1.87 2.00 2.53 3.06 3.47 3.81 4.12 4.28 4.11 3.63 3.16 2.66 2.19 1.88 1.78 2.38 3.14 3.90 4.40 4.61 4.42 3.90 3.30
 30   2.74 2.23 1.90 1.64 1.60 2.47 3.40 4.16 4.63 4.65 4.29 3.80 3.15 2.53 2.03 1.69 1.49 2.20 3.22 4.10 4.61 4.81 4.50 3.89
 ----------------------------------------------------------------------------------------------------------------------------
                                                                                               
 ----------------------------------------------------------------------------------------------------------------------------
 ----------------------------------------------------------------------------------------------------------------------------
                                                          SURVEY OF INDIA
                                                    MARINE GEODESY WING (G&RB)
                                                     HOURLY HEIGHTS IN METRES
  NAME OF PORT:- HALDIA                                                                             MONTH MAY       YEAR 2015
 ----------------------------------------------------------------------------------------------------------------------------
 DAYS 0000 0001 0002 0003 0004 0005 0006 0007 0008 0009 0010 0011 0012 0013 0014 0015 0016 0017 0018 0019 0020 0021 0022 0023
 ----------------------------------------------------------------------------------------------------------------------------
  1   3.20 2.53 2.00 1.59 1.32 1.70 2.90 3.99 4.69 5.00 4.92 4.30 3.55 2.89 2.24 1.76 1.43 1.60 2.83 3.89 4.60 4.96 4.89 4.18
  2   3.42 2.80 2.20 1.68 1.28 1.19 2.30 3.51 4.60 5.13 5.21 4.90 4.10 3.32 2.60 1.96 1.48 1.16 1.95 3.30 4.42 5.10 5.23 4.88
  3   4.03 3.20 2.42 1.80 1.22 0.89 1.10 2.80 4.30 5.20 5.60 5.39 4.52 3.69 2.81 2.09 1.43 0.95 1.00 2.70 4.00 4.99 5.29 5.09
  4   4.32 3.52 2.62 1.86 1.22 0.80 0.58 2.20 3.70 5.00 5.52 5.52 4.90 4.05 3.20 2.48 1.78 1.15 0.80 1.50 3.18 4.48 5.20 5.39
  5   4.94 4.11 3.31 2.57 1.82 1.21 0.77 0.70 2.70 4.20 5.37 5.74 5.50 4.68 3.80 2.90 2.12 1.47 0.97 0.80 2.32 3.80 4.93 5.38
  6   5.30 4.57 3.74 2.90 2.18 1.50 0.95 0.60 1.80 3.50 4.90 5.60 5.69 5.10 4.25 3.35 2.55 1.81 1.24 0.88 1.50 3.16 4.50 5.30
  7   5.52 5.10 4.29 3.42 2.59 1.89 1.22 0.78 0.80 2.68 4.16 5.39 5.81 5.50 4.67 3.80 2.92 2.16 1.54 1.08 1.00 2.40 3.70 4.73
  8   5.30 5.29 4.70 3.89 3.08 2.31 1.70 1.15 0.85 2.00 3.50 4.79 5.50 5.61 5.18 4.34 3.55 2.73 2.04 1.50 1.14 1.41 2.85 4.01
  9   4.90 5.21 4.99 4.24 3.50 2.72 2.09 1.50 1.10 1.18 2.62 3.80 4.72 5.28 5.28 4.75 4.01 3.24 2.58 1.97 1.51 1.31 2.04 3.20
 10   4.15 4.76 4.98 4.70 4.00 3.30 2.61 2.00 1.55 1.31 1.75 3.00 3.96 4.69 5.10 5.09 4.55 3.86 3.20 2.51 1.96 1.58 1.51 2.25
 11   3.25 4.12 4.61 4.81 4.50 3.91 3.30 2.70 2.20 1.75 1.55 2.00 2.90 3.83 4.45 4.84 4.82 4.45 3.88 3.24 2.59 2.10 1.71 1.58
 12   2.00 2.73 3.63 4.22 4.50 4.38 3.98 3.39 2.89 2.40 2.00 1.77 2.00 2.61 3.41 4.19 4.73 4.91 4.60 4.05 3.41 2.80 2.24 1.85
 13   1.68 1.91 2.69 3.50 4.17 4.57 4.66 4.38 3.89 3.30 2.73 2.25 1.85 1.72 2.14 3.00 3.94 4.58 4.95 4.91 4.46 3.80 3.16 2.45
 14   1.81 1.40 1.30 2.02 3.16 4.09 4.70 4.94 4.80 4.26 3.60 2.94 2.34 1.74 1.38 1.48 2.70 3.75 4.69 5.14 5.14 4.61 3.91 3.20
 15   2.41 1.80 1.32 1.04 1.60 3.00 4.10 5.00 5.40 5.24 4.61 3.89 3.08 2.36 1.70 1.20 1.05 2.50 3.80 4.92 5.42 5.38 4.80 3.99
 16   3.20 2.39 1.70 1.12 0.74 1.32 3.10 4.50 5.40 5.70 5.41 4.60 3.73 2.88 2.10 1.48 1.00 0.96 2.60 4.02 5.27 5.72 5.60 4.83
 17   4.00 3.00 2.13 1.42 0.80 0.41 1.50 3.49 5.00 5.90 6.00 5.41 4.50 3.60 2.70 1.96 1.30 0.87 1.10 2.94 4.43 5.43 5.74 5.40
 18   4.57 3.71 2.82 2.05 1.40 0.87 0.67 2.40 4.02 5.50 6.13 6.01 5.20 4.23 3.30 2.49 1.76 1.16 0.81 1.60 3.40 4.93 5.71 5.81
 19   5.20 4.27 3.35 2.50 1.78 1.14 0.70 1.10 3.29 4.89 5.92 6.24 5.70 4.71 3.80 2.90 2.12 1.48 1.00 0.87 2.40 3.95 5.24 5.83
 20   5.70 4.90 3.90 3.00 2.20 1.53 1.00 0.70 2.10 3.80 5.35 6.04 6.08 5.33 4.38 3.50 2.67 1.95 1.37 0.99 1.50 3.10 4.50 5.40
 21   5.71 5.30 4.40 3.51 2.67 1.94 1.34 0.91 1.20 3.10 4.57 5.70 6.04 5.86 4.79 3.88 3.06 2.30 1.69 1.27 1.30 2.58 3.86 4.90
 22   5.45 5.46 4.81 4.00 3.20 2.42 1.80 1.30 1.06 2.40 3.75 4.90 5.53 5.66 5.18 4.40 3.66 2.85 2.16 1.70 1.44 1.80 3.00 4.10
 23   4.86 5.25 5.11 4.49 3.70 3.00 2.32 1.78 1.41 1.80 3.04 4.18 4.92 5.32 5.26 4.72 4.07 3.38 2.67 2.10 1.73 1.70 2.51 3.40
 24   4.25 4.80 5.00 4.72 4.20 3.56 2.90 2.30 1.83 1.69 2.40 3.48 4.30 4.90 5.12 5.02 4.28 3.63 3.03 2.50 2.15 2.02 2.24 3.10
 25   3.80 4.31 4.64 4.60 4.28 3.73 3.21 2.76 2.40 2.20 2.40 3.05 3.73 4.41 4.87 4.96 4.66 4.17 3.65 3.10 2.60 2.27 2.14 2.54
 26   3.10 3.68 4.14 4.37 4.38 4.19 3.89 3.47 3.00 2.58 2.38 2.43 2.95 3.57 4.11 4.53 4.66 4.50 4.11 3.64 3.15 2.65 2.23 1.99
 27   2.13 2.80 3.55 4.16 4.60 4.65 4.32 3.82 3.36 2.96 2.64 2.54 2.66 3.02 3.49 3.97 4.36 4.60 4.54 4.22 3.83 3.39 2.91 2.51
 28   2.31 2.36 2.77 3.34 4.10 4.61 4.73 4.60 4.22 3.76 3.27 2.82 2.50 2.34 2.51 3.09 3.71 4.27 4.63 4.72 4.45 4.00 3.48 2.90
 29   2.47 2.20 2.22 2.52 3.20 3.90 4.42 4.79 4.84 4.50 3.93 3.37 2.82 2.35 2.02 2.09 2.89 3.70 4.39 4.83 4.91 4.66 4.10 3.49
 30   2.88 2.31 1.92 1.78 2.27 3.16 4.10 4.79 5.16 5.10 4.57 3.90 3.20 2.61 2.12 1.84 2.00 3.00 3.90 4.63 5.02 5.00 4.51 3.90
 31   3.21 2.58 2.01 1.64 1.58 2.50 3.60 4.60 5.30 5.52 5.21 4.54 3.80 3.03 2.32 1.80 1.54 2.10 3.20 4.28 5.00 5.30 5.25 4.58
 ----------------------------------------------------------------------------------------------------------------------------
                                                                                               
 ----------------------------------------------------------------------------------------------------------------------------
 ----------------------------------------------------------------------------------------------------------------------------
                                                          SURVEY OF INDIA
                                                    MARINE GEODESY WING (G&RB)
                                                     HOURLY HEIGHTS IN METRES
  NAME OF PORT:- HALDIA                                                                             MONTH JUNE      YEAR 2015
 ----------------------------------------------------------------------------------------------------------------------------
 DAYS 0000 0001 0002 0003 0004 0005 0006 0007 0008 0009 0010 0011 0012 0013 0014 0015 0016 0017 0018 0019 0020 0021 0022 0023
 ----------------------------------------------------------------------------------------------------------------------------
  1   3.90 3.16 2.44 1.81 1.40 1.54 2.80 4.00 5.00 5.62 5.65 5.10 4.30 3.50 2.71 2.04 1.53 1.25 2.00 3.50 4.70 5.34 5.48 5.04
  2   4.30 3.50 2.70 2.00 1.43 1.01 1.30 3.10 4.50 5.60 5.93 5.68 4.80 3.93 3.10 2.31 1.68 1.18 1.08 2.60 4.00 5.08 5.50 5.42
  3   4.76 3.91 3.10 2.31 1.70 1.20 0.90 2.00 3.70 5.20 5.90 5.96 5.37 4.40 3.50 2.70 2.01 1.40 0.99 1.30 3.04 4.43 5.38 5.61
  4   5.30 4.40 3.58 2.77 2.00 1.39 0.90 0.89 2.70 4.30 5.59 6.07 5.87 5.00 4.10 3.20 2.40 1.75 1.20 0.92 2.00 3.50 4.90 5.50
  5   5.58 5.03 4.14 3.34 2.56 1.86 1.23 0.80 1.30 3.30 4.80 5.80 6.06 5.60 4.65 3.80 2.94 2.23 1.63 1.14 1.13 2.70 4.00 5.00
  6   5.51 5.46 4.75 3.91 3.10 2.30 1.63 1.09 0.82 2.30 3.80 5.20 5.84 5.93 5.30 4.40 3.57 2.71 2.04 1.51 1.18 1.60 3.10 4.29
  7   5.14 5.46 5.20 4.44 3.70 2.90 2.20 1.60 1.20 1.36 2.87 4.10 5.17 5.64 5.58 4.92 4.18 3.36 2.66 2.01 1.55 1.29 1.96 3.24
  8   4.36 5.10 5.31 5.00 4.30 3.51 2.82 2.20 1.70 1.40 1.85 3.16 4.20 5.01 5.48 5.38 4.80 4.10 3.40 2.70 2.12 1.71 1.58 2.40
  9   3.50 4.40 4.94 5.06 4.71 4.11 3.48 2.88 2.30 1.90 1.73 2.30 3.30 4.25 4.95 5.29 5.20 4.70 4.02 3.37 2.72 2.15 1.76 1.60
 10   2.20 3.22 4.13 4.75 5.00 4.81 4.26 3.69 3.11 2.59 2.14 1.89 2.24 3.20 4.10 4.77 5.10 5.08 4.57 3.94 3.33 2.72 2.21 1.83
 11   1.71 2.40 3.30 4.10 4.62 4.90 4.80 4.40 3.86 3.30 2.80 2.35 2.09 2.20 2.94 3.74 4.44 4.91 5.04 4.73 4.00 3.30 2.70 2.14
 12   1.62 1.31 1.90 2.90 3.97 4.70 5.03 4.93 4.49 3.84 3.22 2.68 2.24 1.94 1.83 2.40 3.40 4.27 4.86 5.10 4.89 4.20 3.52 2.90
 13   2.30 1.80 1.46 1.60 2.70 3.70 4.51 5.10 5.23 4.97 4.37 3.60 2.90 2.32 1.81 1.56 1.90 3.10 4.10 4.80 5.10 4.98 4.30 3.51
 14   2.80 2.20 1.70 1.30 1.30 2.60 3.61 4.51 5.20 5.34 5.00 4.21 3.40 2.71 2.10 1.60 1.31 1.76 3.20 4.36 5.04 5.26 5.00 4.27
 15   3.50 2.83 2.15 1.61 1.20 1.20 2.60 4.00 5.10 5.63 5.65 5.00 4.20 3.32 2.60 1.96 1.48 1.19 2.00 3.40 4.57 5.30 5.41 4.99
 16   4.20 3.40 2.60 1.96 1.40 1.00 1.30 3.20 4.57 5.60 5.98 5.68 4.80 3.94 3.10 2.35 1.75 1.27 1.12 2.38 3.73 4.81 5.39 5.41
 17   4.80 4.00 3.19 2.50 1.81 1.34 1.06 1.80 3.50 5.00 5.76 5.92 5.40 4.55 3.71 2.91 2.25 1.70 1.31 1.40 2.81 3.98 5.00 5.44
 18   5.35 4.60 3.77 3.00 2.30 1.70 1.25 1.10 2.60 4.08 5.30 5.84 5.80 5.06 4.20 3.40 2.70 2.09 1.61 1.36 2.00 3.31 4.50 5.30
 19   5.54 5.19 4.30 3.48 2.70 2.10 1.60 1.28 2.00 3.50 4.80 5.72 5.98 5.50 4.62 3.80 3.02 2.40 1.90 1.56 1.70 2.83 3.90 4.90
 20   5.51 5.51 4.90 4.10 3.30 2.60 2.06 1.69 1.80 3.08 4.30 5.40 5.92 5.90 5.20 4.39 3.57 2.87 2.34 1.97 1.84 2.60 3.63 4.67
 21   5.38 5.63 5.21 4.47 3.61 2.90 2.31 1.91 1.85 2.74 3.82 5.00 5.71 5.90 5.50 4.73 4.00 3.29 2.69 2.21 2.06 2.20 3.10 4.11
 22   5.10 5.57 5.52 4.90 4.13 3.33 2.68 2.10 1.76 2.00 3.16 4.25 5.10 5.52 5.52 5.03 4.38 3.65 2.98 2.44 2.03 1.83 2.34 3.30
 23   4.22 4.87 5.23 5.02 4.46 3.81 3.16 2.60 2.15 1.98 2.43 3.40 4.20 4.84 5.17 5.02 4.57 4.00 3.40 2.81 2.34 2.01 1.99 2.44
 24   3.30 4.01 4.49 4.69 4.55 4.12 3.60 3.01 2.55 2.24 2.18 2.54 3.28 3.96 4.41 4.67 4.63 4.20 3.66 3.11 2.58 2.12 1.83 1.84
 25   2.55 3.30 3.91 4.31 4.48 4.28 3.87 3.40 2.94 2.47 2.15 2.02 2.30 3.00 3.69 4.16 4.37 4.32 3.95 3.49 2.99 2.50 2.10 1.88
 26   2.00 2.60 3.28 3.88 4.30 4.51 4.42 4.10 3.60 3.06 2.60 2.26 2.10 2.40 3.03 3.70 4.10 4.32 4.31 4.10 3.67 3.10 2.61 2.20
 27   1.90 1.90 2.48 3.14 3.79 4.30 4.57 4.62 4.36 3.87 3.35 2.80 2.30 2.00 2.01 2.70 3.48 4.10 4.50 4.61 4.30 3.81 3.28 2.71
 28   2.24 1.90 1.78 2.30 3.12 3.94 4.53 4.93 4.98 4.60 4.00 3.40 2.80 2.36 2.03 2.02 2.85 3.65 4.38 4.80 4.87 4.48 3.90 3.30
 29   2.70 2.20 1.82 1.68 2.27 3.28 4.20 4.93 5.31 5.20 4.65 4.00 3.30 2.62 2.11 1.75 1.80 2.70 3.64 4.57 5.04 5.09 4.60 3.93
 30   3.22 2.58 2.02 1.61 1.39 2.00 3.26 4.54 5.44 5.74 5.50 4.71 3.98 3.19 2.44 1.90 1.58 1.75 2.91 4.10 4.91 5.31 5.20 4.60
 ----------------------------------------------------------------------------------------------------------------------------
                                                                                               
 ----------------------------------------------------------------------------------------------------------------------------
 ----------------------------------------------------------------------------------------------------------------------------
                                                          SURVEY OF INDIA
                                                    MARINE GEODESY WING (G&RB)
                                                     HOURLY HEIGHTS IN METRES
  NAME OF PORT:- HALDIA                                                                             MONTH JULY      YEAR 2015
 ----------------------------------------------------------------------------------------------------------------------------
 DAYS 0000 0001 0002 0003 0004 0005 0006 0007 0008 0009 0010 0011 0012 0013 0014 0015 0016 0017 0018 0019 0020 0021 0022 0023
 ----------------------------------------------------------------------------------------------------------------------------
  1   3.80 3.00 2.37 1.83 1.37 1.18 2.25 3.63 4.95 5.77 5.88 5.35 4.53 3.64 2.79 2.08 1.46 1.14 1.65 3.15 4.49 5.27 5.49 5.17
  2   4.38 3.57 2.78 2.13 1.56 1.10 0.95 2.68 4.25 5.60 6.10 6.00 5.20 4.27 3.40 2.60 1.90 1.30 1.04 2.06 3.55 4.83 5.56 5.63
  3   5.05 4.20 3.35 2.58 1.89 1.30 0.85 0.86 3.10 4.63 5.86 6.25 5.90 4.97 4.05 3.10 2.30 1.65 1.13 0.92 2.30 3.90 5.15 5.65
  4   5.55 4.88 4.01 3.12 2.37 1.70 1.13 0.76 1.66 3.62 5.25 6.08 6.25 5.64 4.64 3.65 2.80 2.04 1.41 0.95 1.00 2.90 4.30 5.33
  5   5.70 5.45 4.64 3.70 2.87 2.16 1.54 1.04 0.86 2.53 4.16 5.50 6.04 5.97 5.20 4.25 3.34 2.55 1.90 1.36 1.01 1.65 3.26 4.60
  6   5.40 5.64 5.20 4.30 3.48 2.70 2.08 1.50 1.15 1.50 3.05 4.40 5.45 5.90 5.67 4.84 4.00 3.15 2.46 1.87 1.41 1.17 2.18 3.60
  7   4.79 5.43 5.53 4.95 4.13 3.31 2.60 2.00 1.50 1.25 2.00 3.35 4.59 5.40 5.71 5.40 4.58 3.77 3.00 2.35 1.80 1.38 1.26 2.53
  8   3.70 4.74 5.31 5.35 4.75 3.95 3.21 2.52 2.05 1.68 1.61 2.54 3.67 4.62 5.20 5.37 5.05 4.30 3.55 2.88 2.29 1.80 1.43 1.65
  9   2.85 3.95 4.69 5.10 5.04 4.60 3.90 3.25 2.61 2.15 1.85 2.00 2.73 3.75 4.60 5.12 5.27 5.04 4.40 3.76 3.10 2.46 1.99 1.77
 10   2.14 3.10 4.13 4.80 5.24 5.13 4.65 4.13 3.57 2.98 2.55 2.26 2.35 2.90 3.69 4.40 4.90 5.00 4.75 4.25 3.67 3.07 2.54 2.14
 11   1.91 2.18 2.96 3.75 4.45 4.89 5.03 4.80 4.31 3.80 3.25 2.74 2.32 2.08 2.36 3.16 3.97 4.57 4.96 4.80 4.26 3.68 3.05 2.48
 12   2.05 1.75 1.82 2.54 3.37 4.23 4.84 5.17 5.07 4.55 3.92 3.27 2.69 2.25 1.95 1.94 2.76 3.60 4.40 4.93 5.05 4.70 4.06 3.40
 13   2.80 2.25 1.85 1.65 2.07 3.14 4.07 4.87 5.31 5.36 4.85 4.16 3.45 2.80 2.25 1.87 1.69 2.40 3.40 4.36 4.98 5.20 4.86 4.13
 14   3.44 2.80 2.23 1.77 1.47 1.85 3.06 4.16 5.07 5.53 5.50 4.90 4.05 3.30 2.67 2.11 1.70 1.56 2.50 3.60 4.60 5.16 5.27 4.80
 15   4.04 3.31 2.64 2.07 1.59 1.31 1.93 3.35 4.63 5.50 5.76 5.48 4.70 3.88 3.08 2.40 1.86 1.47 1.50 2.86 4.04 4.83 5.26 5.13
 16   4.60 3.80 2.93 2.29 1.73 1.26 1.07 2.39 3.91 5.20 5.83 5.80 5.15 4.26 3.44 2.63 1.99 1.48 1.18 1.67 3.20 4.47 5.30 5.57
 17   5.13 4.25 3.44 2.67 2.02 1.45 1.03 1.20 3.17 4.65 5.70 6.07 5.68 4.80 3.90 3.02 2.28 1.65 1.18 1.13 2.55 3.72 4.82 5.34
 18   5.44 4.85 4.05 3.21 2.45 1.83 1.30 0.98 2.05 3.79 5.25 6.00 6.03 5.40 4.50 3.63 2.80 2.11 1.54 1.18 1.57 3.17 4.40 5.26
 19   5.56 5.29 4.50 3.70 2.91 2.20 1.58 1.20 1.40 3.20 4.50 5.48 5.85 5.60 4.82 4.00 3.20 2.48 1.90 1.44 1.30 2.50 3.85 4.97
 20   5.57 5.60 5.07 4.25 3.40 2.63 1.97 1.44 1.11 2.34 3.75 4.92 5.54 5.65 5.24 4.40 3.57 2.76 2.10 1.62 1.33 1.80 3.17 4.36
 21   5.20 5.57 5.35 4.50 3.70 2.95 2.35 1.87 1.49 1.95 3.17 4.35 5.25 5.67 5.52 4.76 3.95 3.17 2.50 1.97 1.58 1.56 2.70 3.76
 22   4.77 5.35 5.43 4.92 4.13 3.35 2.70 2.19 1.78 1.71 2.75 3.77 4.75 5.33 5.43 5.01 4.34 3.68 2.97 2.40 1.98 1.76 2.27 3.30
 23   4.30 4.96 5.26 5.14 4.60 3.95 3.32 2.69 2.24 2.06 2.45 3.36 4.30 5.00 5.28 5.25 4.70 4.00 3.35 2.79 2.31 2.09 2.13 2.76
 24   3.73 4.45 4.98 5.10 4.86 4.30 3.75 3.15 2.67 2.30 2.25 2.70 3.55 4.25 4.68 4.89 4.81 4.35 3.80 3.24 2.72 2.27 1.91 1.90
 25   2.64 3.50 4.20 4.64 4.82 4.60 4.15 3.59 3.09 2.65 2.33 2.31 2.70 3.30 3.90 4.30 4.50 4.40 4.06 3.56 2.97 2.50 2.14 1.95
 26   2.05 2.60 3.25 3.80 4.22 4.46 4.37 4.05 3.65 3.15 2.70 2.34 2.10 2.08 2.67 3.27 3.87 4.27 4.39 4.17 3.70 3.14 2.65 2.18
 27   1.84 1.65 2.13 2.83 3.52 4.03 4.43 4.55 4.37 3.81 3.25 2.70 2.25 1.90 1.82 2.35 3.06 3.76 4.23 4.45 4.24 3.80 3.25 2.65
 28   2.14 1.68 1.41 1.44 2.27 3.14 4.03 4.67 4.93 4.70 4.17 3.50 2.85 2.27 1.80 1.56 1.90 2.83 3.70 4.45 4.80 4.79 4.29 3.69
 29   3.00 2.37 1.83 1.43 1.35 2.35 3.59 4.61 5.27 5.39 4.93 4.24 3.40 2.63 2.04 1.57 1.40 2.00 3.15 4.16 4.80 5.05 4.84 4.24
 30   3.50 2.76 2.10 1.57 1.08 0.95 2.25 3.80 5.15 5.81 5.70 5.07 4.20 3.35 2.55 1.88 1.30 1.00 2.10 3.45 4.60 5.34 5.55 5.20
 31   4.35 3.50 2.62 1.90 1.30 0.88 0.64 2.70 4.55 5.84 6.34 6.15 5.15 4.15 3.25 2.40 1.66 1.08 0.74 1.70 3.70 5.10 5.75 5.76
 ----------------------------------------------------------------------------------------------------------------------------
                                                                                               

 ----------------------------------------------------------------------------------------------------------------------------
 ----------------------------------------------------------------------------------------------------------------------------
                                                          SURVEY OF INDIA
                                                    MARINE GEODESY WING (G&RB)
                                                     HOURLY HEIGHTS IN METRES
  NAME OF PORT:- HALDIA                                                                             MONTH AUGUST    YEAR 2015
 ----------------------------------------------------------------------------------------------------------------------------
 DAYS 0000 0001 0002 0003 0004 0005 0006 0007 0008 0009 0010 0011 0012 0013 0014 0015 0016 0017 0018 0019 0020 0021 0022 0023
 ----------------------------------------------------------------------------------------------------------------------------
  1   5.10 4.14 3.30 2.47 1.79 1.20 0.76 1.00 3.50 5.40 6.45 6.53 5.90 4.86 3.91 2.98 2.09 1.36 0.82 0.55 2.65 4.50 5.84 6.28
  2   6.03 5.10 4.20 3.20 2.30 1.55 1.00 0.60 1.88 4.20 6.00 6.70 6.57 5.70 4.67 3.60 2.61 1.70 1.17 0.70 1.20 3.60 5.30 6.34
  3   6.33 5.67 4.69 3.73 2.76 2.02 1.35 0.85 0.90 3.10 4.90 6.27 6.65 6.24 5.22 4.22 3.25 2.40 1.68 1.15 0.73 1.70 3.73 5.40
  4   6.23 6.20 5.55 4.54 3.55 2.70 2.00 1.37 0.95 1.40 3.55 5.20 6.20 6.37 5.90 4.90 3.97 3.05 2.27 1.63 1.13 0.95 2.50 4.25
  5   5.60 6.09 5.92 5.14 4.20 3.30 2.52 1.85 1.38 1.13 2.30 3.90 5.25 5.90 6.00 5.36 4.47 3.58 2.77 2.03 1.42 1.05 1.35 3.15
  6   4.57 5.50 5.80 5.47 4.70 3.87 3.05 2.37 1.81 1.40 1.47 2.85 4.00 5.00 5.48 5.42 4.86 4.10 3.34 2.61 2.00 1.50 1.28 2.10
  7   3.45 4.55 5.20 5.43 5.04 4.35 3.66 3.00 2.44 1.95 1.71 2.08 3.05 3.92 4.70 5.10 5.00 4.56 3.90 3.25 2.65 2.13 1.73 1.62
  8   2.40 3.30 4.20 4.83 5.06 4.85 4.33 3.75 3.20 2.75 2.35 2.14 2.28 2.90 3.65 4.35 4.80 4.89 4.50 3.97 3.40 2.87 2.40 2.07
  9   1.95 2.50 3.18 3.92 4.48 4.77 4.74 4.38 3.96 3.50 3.07 2.69 2.38 2.28 2.60 3.25 3.90 4.45 4.70 4.55 4.11 3.60 3.10 2.66
 10   2.30 2.10 2.25 2.80 3.54 4.25 4.75 4.96 4.80 4.33 3.80 3.30 2.85 2.43 2.14 2.20 2.86 3.65 4.40 4.84 4.90 4.50 4.00 3.44
 11   2.87 2.44 2.12 1.97 2.48 3.33 4.19 4.86 5.24 5.12 4.58 3.97 3.39 2.79 2.30 1.98 1.94 2.70 3.66 4.58 5.10 5.20 4.70 4.00
 12   3.38 2.76 2.25 1.86 1.74 2.45 3.49 4.60 5.36 5.66 5.45 4.76 4.00 3.30 2.70 2.17 1.81 1.87 2.84 3.98 4.96 5.45 5.43 4.87
 13   4.05 3.32 2.67 2.05 1.63 1.66 2.61 3.90 5.11 5.80 5.90 5.36 4.54 3.75 3.00 2.30 1.80 1.52 2.07 3.40 4.59 5.45 5.74 5.44
 14   4.59 3.80 3.05 2.38 1.73 1.36 1.65 3.23 4.65 5.70 6.11 5.84 5.03 4.17 3.30 2.54 1.90 1.42 1.31 2.60 3.95 5.15 5.79 5.80
 15   5.15 4.25 3.40 2.62 1.95 1.38 1.07 2.05 3.77 5.25 6.00 6.07 5.45 4.50 3.65 2.84 2.14 1.53 1.17 1.67 3.20 4.59 5.53 5.90
 16   5.60 4.70 3.84 2.95 2.20 1.53 1.05 1.12 3.08 4.48 5.65 6.08 5.85 5.13 4.18 3.28 2.41 1.78 1.25 1.00 2.47 4.00 5.17 5.89
 17   5.83 5.20 4.25 3.37 2.53 1.86 1.32 0.96 2.22 3.86 5.22 5.96 5.95 5.40 4.51 3.61 2.75 2.05 1.48 1.10 1.70 3.35 4.75 5.60
 18   5.94 5.57 4.74 3.91 3.03 2.25 1.64 1.16 1.17 2.86 4.32 5.38 5.79 5.59 4.87 3.94 3.10 2.35 1.70 1.21 1.05 2.49 3.80 4.90
 19   5.41 5.45 4.98 4.20 3.41 2.60 1.93 1.35 1.05 2.15 3.70 4.83 5.46 5.60 5.15 4.30 3.50 2.72 2.04 1.45 1.08 1.54 3.10 4.24
 20   5.12 5.40 5.20 4.54 3.75 2.98 2.30 1.70 1.23 1.20 2.77 3.96 4.85 5.23 5.16 4.57 3.80 3.02 2.35 1.80 1.30 1.07 2.06 3.27
 21   4.38 4.99 5.21 4.87 4.11 3.34 2.65 2.07 1.58 1.32 2.07 3.20 4.17 4.76 5.04 4.77 4.12 3.40 2.74 2.15 1.66 1.33 1.67 2.78
 22   3.75 4.47 4.90 4.91 4.43 3.70 3.03 2.43 1.97 1.63 1.94 2.87 3.70 4.37 4.84 4.90 4.45 3.80 3.18 2.59 2.10 1.75 1.73 2.39
 23   3.15 3.90 4.47 4.78 4.67 4.20 3.60 2.97 2.45 2.08 1.89 2.27 2.95 3.63 4.17 4.50 4.54 4.16 3.65 3.10 2.58 2.16 1.86 1.97
 24   2.60 3.30 3.90 4.41 4.66 4.50 4.07 3.58 3.10 2.65 2.35 2.26 2.47 2.94 3.47 3.95 4.30 4.44 4.20 3.80 3.30 2.74 2.37 2.10
 25   1.96 2.30 2.83 3.50 4.08 4.46 4.64 4.45 4.00 3.49 2.95 2.52 2.22 2.09 2.46 2.99 3.64 4.17 4.53 4.53 4.14 3.65 3.12 2.60
 26   2.20 1.95 2.02 2.60 3.28 4.02 4.69 5.05 5.03 4.55 3.93 3.30 2.69 2.23 1.95 1.99 2.74 3.60 4.40 4.89 5.01 4.70 4.10 3.44
 27   2.80 2.29 1.89 1.65 2.04 3.03 4.10 5.07 5.55 5.51 4.90 4.10 3.37 2.70 2.17 1.78 1.69 2.60 3.65 4.81 5.43 5.62 5.18 4.36
 28   3.55 2.80 2.20 1.67 1.34 1.85 3.29 4.77 5.85 6.19 5.90 4.97 4.05 3.20 2.40 1.75 1.28 1.27 2.75 4.10 5.40 6.05 5.99 5.34
 29   4.38 3.37 2.63 1.96 1.28 0.85 1.69 3.70 5.44 6.40 6.54 5.96 4.90 3.88 2.90 2.05 1.40 0.87 0.90 2.95 4.65 5.93 6.46 6.15
 30   5.13 4.11 3.12 2.30 1.55 1.00 0.67 2.40 4.40 6.05 6.72 6.60 5.69 4.54 3.45 2.46 1.66 1.10 0.65 1.25 3.50 5.35 6.40 6.61
 31   5.90 4.87 3.80 2.82 1.93 1.25 0.67 0.39 2.85 4.85 6.25 6.79 6.40 5.33 4.27 3.18 2.25 1.47 0.82 0.37 1.50 4.00 5.45 6.38
 ----------------------------------------------------------------------------------------------------------------------------
                                                                                               
 ----------------------------------------------------------------------------------------------------------------------------
 ----------------------------------------------------------------------------------------------------------------------------
                                                          SURVEY OF INDIA
                                                    MARINE GEODESY WING (G&RB)
                                                     HOURLY HEIGHTS IN METRES
  NAME OF PORT:- HALDIA                                                                             MONTH SEPT      YEAR 2015
 ----------------------------------------------------------------------------------------------------------------------------
 DAYS 0000 0001 0002 0003 0004 0005 0006 0007 0008 0009 0010 0011 0012 0013 0014 0015 0016 0017 0018 0019 0020 0021 0022 0023
 ----------------------------------------------------------------------------------------------------------------------------
  1   6.38 5.55 4.48 3.50 2.53 1.70 1.04 0.53 0.37 3.10 5.05 6.30 6.56 5.95 4.87 3.79 2.77 1.90 1.26 0.66 0.30 2.30 4.37 5.94
  2   6.47 6.20 5.26 4.20 3.14 2.30 1.57 0.96 0.59 1.77 3.80 5.40 6.29 6.24 5.50 4.50 3.50 2.60 1.83 1.20 0.73 1.00 3.10 4.76
  3   5.94 6.24 5.70 4.77 3.80 2.95 2.15 1.50 1.00 0.90 2.70 4.20 5.40 5.90 5.65 4.87 4.02 3.13 2.40 1.75 1.22 0.93 1.97 3.50
  4   4.90 5.72 5.80 5.26 4.40 3.56 2.78 2.10 1.60 1.30 1.90 3.25 4.40 5.20 5.45 5.15 4.40 3.63 2.90 2.27 1.70 1.35 1.44 2.66
  5   3.80 4.77 5.29 5.25 4.76 4.03 3.30 2.65 2.11 1.78 1.75 2.50 3.35 4.18 4.73 4.96 4.73 4.16 3.50 2.82 2.30 1.85 1.63 2.00
  6   2.94 3.77 4.41 4.80 4.84 4.47 3.90 3.33 2.79 2.34 2.07 2.10 2.60 3.17 3.80 4.30 4.54 4.45 4.05 3.53 3.05 2.59 2.20 2.07
  7   2.30 2.90 3.50 4.08 4.47 4.58 4.40 3.96 3.52 3.10 2.70 2.44 2.30 2.44 2.84 3.33 3.85 4.18 4.31 4.18 3.82 3.33 2.88 2.53
  8   2.29 2.30 2.63 3.12 3.73 4.20 4.46 4.53 4.27 3.87 3.40 2.90 2.50 2.16 1.99 2.31 2.85 3.55 4.14 4.53 4.54 4.15 3.65 3.15
  9   2.60 2.20 1.90 1.84 2.50 3.27 4.00 4.55 4.81 4.70 4.20 3.55 2.95 2.38 1.91 1.60 1.74 2.65 3.54 4.30 4.78 4.85 4.40 3.80
 10   3.10 2.50 2.00 1.59 1.47 2.33 3.33 4.30 4.95 5.19 4.83 4.17 3.45 2.77 2.15 1.67 1.38 1.75 2.84 3.90 4.73 5.15 5.00 4.30
 11   3.60 2.94 2.28 1.77 1.40 1.40 2.65 3.85 4.93 5.47 5.46 4.87 4.00 3.23 2.55 2.00 1.52 1.35 2.17 3.36 4.55 5.30 5.48 5.05
 12   4.25 3.47 2.73 2.12 1.59 1.30 1.67 3.05 4.35 5.30 5.65 5.40 4.56 3.75 2.96 2.27 1.73 1.32 1.36 2.70 4.10 5.17 5.69 5.55
 13   4.81 3.95 3.15 2.40 1.80 1.33 1.15 2.25 3.75 5.05 5.74 5.73 5.00 4.14 3.30 2.53 1.91 1.38 1.14 2.06 3.55 5.00 5.82 5.95
 14   5.40 4.47 3.60 2.80 2.05 1.48 1.10 1.53 3.34 4.74 5.70 5.95 5.45 4.57 3.70 2.85 2.15 1.56 1.20 1.45 3.07 4.50 5.65 6.13
 15   5.85 4.93 4.01 3.15 2.40 1.76 1.30 1.29 2.85 4.30 5.60 6.15 5.95 5.05 4.15 3.30 2.53 1.90 1.44 1.28 2.57 3.90 5.33 6.13
 16   6.15 5.40 4.50 3.55 2.73 2.10 1.53 1.21 2.11 3.70 5.17 5.97 6.10 5.45 4.56 3.66 2.80 2.13 1.52 1.15 1.60 3.29 4.80 5.83
 17   6.10 5.66 4.75 3.87 3.00 2.32 1.65 1.19 1.25 3.00 4.40 5.40 5.84 5.54 4.76 3.90 3.06 2.31 1.73 1.27 1.15 2.50 3.88 5.10
 18   5.73 5.74 5.06 4.20 3.40 2.63 2.00 1.47 1.16 2.00 3.50 4.70 5.44 5.51 4.97 4.13 3.30 2.58 2.00 1.47 1.15 1.76 3.15 4.35
 19   5.16 5.50 5.27 4.56 3.78 3.03 2.37 1.85 1.49 1.67 3.03 4.04 4.85 5.27 5.17 4.53 3.79 3.07 2.45 1.96 1.59 1.57 2.60 3.65
 20   4.60 5.22 5.34 4.95 4.20 3.52 2.83 2.29 1.91 1.80 2.69 3.61 4.54 5.20 5.29 4.90 4.30 3.67 3.03 2.54 2.20 2.10 2.56 3.35
 21   4.15 4.80 5.21 5.12 4.60 4.02 3.51 3.02 2.60 2.33 2.42 3.20 3.88 4.44 4.77 4.72 4.37 3.90 3.40 2.89 2.50 2.25 2.27 2.89
 22   3.49 4.00 4.45 4.75 4.75 4.42 3.98 3.53 3.10 2.71 2.45 2.48 2.96 3.49 3.92 4.24 4.42 4.30 4.00 3.60 3.17 2.78 2.50 2.32
 23   2.45 2.90 3.40 3.92 4.30 4.54 4.46 4.15 3.70 3.26 2.80 2.45 2.25 2.25 2.71 3.21 3.70 4.12 4.31 4.25 3.90 3.46 3.00 2.59
 24   2.23 2.00 2.10 2.74 3.45 4.15 4.70 4.92 4.70 4.16 3.58 2.97 2.43 1.97 1.71 1.96 2.80 3.63 4.33 4.80 4.84 4.54 3.90 3.27
 25   2.66 2.15 1.73 1.49 2.00 3.14 4.20 5.03 5.32 5.06 4.40 3.65 2.90 2.25 1.70 1.29 1.20 2.54 3.73 4.77 5.30 5.31 4.73 3.96
 26   3.23 2.53 1.92 1.41 1.09 1.74 3.33 4.68 5.53 5.73 5.30 4.48 3.65 2.90 2.17 1.50 1.00 0.85 2.36 3.85 5.17 5.72 5.62 4.93
 27   4.03 3.20 2.40 1.76 1.19 0.81 1.30 3.40 4.95 5.93 6.03 5.40 4.45 3.50 2.60 1.88 1.20 0.70 0.55 2.75 4.52 5.82 6.17 5.83
 28   4.85 3.92 2.97 2.15 1.45 0.87 0.53 1.85 3.96 5.73 6.35 6.15 5.19 4.10 3.15 2.25 1.45 0.80 0.37 0.95 3.46 5.25 6.33 6.38
 29   5.63 4.57 3.55 2.60 1.74 1.04 0.53 0.43 3.03 4.95 6.13 6.45 5.87 4.77 3.70 2.65 1.80 1.07 0.50 0.16 2.26 4.45 5.95 6.55
 30   6.33 5.30 4.18 3.16 2.24 1.47 0.84 0.43 1.10 3.50 5.15 6.08 6.23 5.43 4.30 3.30 2.37 1.60 0.94 0.47 0.50 3.15 5.00 6.10
 ----------------------------------------------------------------------------------------------------------------------------
                                                                                               
 ----------------------------------------------------------------------------------------------------------------------------
 ----------------------------------------------------------------------------------------------------------------------------
                                                          SURVEY OF INDIA
                                                    MARINE GEODESY WING (G&RB)
                                                     HOURLY HEIGHTS IN METRES
  NAME OF PORT:- HALDIA                                                                             MONTH OCTOBER   YEAR 2015
 ----------------------------------------------------------------------------------------------------------------------------
 DAYS 0000 0001 0002 0003 0004 0005 0006 0007 0008 0009 0010 0011 0012 0013 0014 0015 0016 0017 0018 0019 0020 0021 0022 0023
 ----------------------------------------------------------------------------------------------------------------------------
  1   6.39 5.85 4.76 3.80 2.86 1.99 1.33 0.80 0.57 2.36 4.05 5.40 5.97 5.77 4.91 3.93 2.99 2.18 1.50 0.93 0.58 1.80 3.57 5.10
  2   5.88 5.88 5.22 4.30 3.40 2.60 1.94 1.38 1.00 1.25 2.95 4.28 5.25 5.57 5.30 4.49 3.61 2.83 2.12 1.52 1.13 1.10 2.65 3.95
  3   5.01 5.55 5.50 4.84 4.00 3.20 2.51 1.92 1.50 1.35 2.25 3.30 4.30 4.94 5.13 4.77 4.05 3.30 2.63 2.05 1.60 1.41 1.95 3.10
  4   4.10 4.75 5.09 4.92 4.30 3.62 2.95 2.40 1.94 1.67 1.84 2.70 3.45 4.14 4.60 4.70 4.34 3.73 3.09 2.54 2.09 1.79 1.80 2.61
  5   3.35 4.04 4.53 4.76 4.55 4.03 3.47 2.90 2.40 2.05 1.93 2.37 2.85 3.40 3.90 4.26 4.34 4.05 3.63 3.13 2.70 2.37 2.17 2.33
  6   2.80 3.37 3.85 4.23 4.39 4.29 3.95 3.54 3.10 2.72 2.42 2.29 2.43 2.72 3.15 3.60 3.99 4.22 4.24 3.93 3.51 3.08 2.73 2.45
  7   2.35 2.60 2.97 3.45 3.93 4.27 4.46 4.35 3.96 3.54 3.10 2.73 2.43 2.41 2.56 2.87 3.33 3.86 4.26 4.52 4.45 4.03 3.55 3.08
  8   2.64 2.32 2.25 2.58 3.15 3.80 4.35 4.74 4.78 4.45 3.87 3.32 2.80 2.38 2.07 1.96 2.44 3.20 4.00 4.63 4.93 4.75 4.20 3.60
  9   3.00 2.48 2.09 1.89 2.25 3.09 3.95 4.64 5.04 5.03 4.50 3.84 3.22 2.65 2.14 1.75 1.65 2.50 3.47 4.42 5.01 5.17 4.87 4.17
 10   3.52 2.86 2.25 1.83 1.61 2.13 3.20 4.20 4.93 5.21 4.99 4.34 3.57 2.88 2.24 1.70 1.33 1.40 2.70 3.84 4.85 5.34 5.29 4.70
 11   3.90 3.10 2.42 1.86 1.40 1.27 2.30 3.55 4.73 5.32 5.39 4.83 4.01 3.25 2.50 1.85 1.34 1.09 1.89 3.33 4.66 5.42 5.62 5.20
 12   4.35 3.54 2.76 2.10 1.53 1.18 1.47 3.00 4.30 5.25 5.57 5.30 4.45 3.66 2.88 2.16 1.56 1.13 1.10 2.60 4.00 5.20 5.75 5.66
 13   4.90 4.00 3.20 2.45 1.80 1.30 1.05 2.08 3.54 4.80 5.45 5.55 4.97 4.07 3.25 2.48 1.80 1.25 0.97 1.75 3.38 4.86 5.73 5.90
 14   5.37 4.45 3.60 2.80 2.07 1.47 1.10 1.37 2.95 4.30 5.30 5.65 5.35 4.47 3.65 2.82 2.13 1.50 1.08 1.13 2.80 4.18 5.40 5.90
 15   5.73 4.90 4.00 3.18 2.40 1.74 1.23 1.00 2.20 3.67 4.90 5.53 5.57 4.95 4.08 3.25 2.47 1.82 1.28 0.99 1.80 3.35 4.73 5.57
 16   5.81 5.30 4.43 3.63 2.83 2.12 1.53 1.17 1.47 2.97 4.25 5.17 5.50 5.20 4.36 3.52 2.75 2.08 1.50 1.10 1.20 2.88 4.25 5.26
 17   5.74 5.53 4.70 3.90 3.09 2.33 1.73 1.24 1.11 2.47 3.75 4.80 5.35 5.34 4.65 3.80 3.02 2.32 1.73 1.23 1.03 2.20 3.55 4.75
 18   5.43 5.55 5.05 4.25 3.45 2.68 2.07 1.53 1.21 1.73 3.05 4.09 4.86 5.16 4.83 4.09 3.34 2.61 2.02 1.53 1.23 1.60 2.90 3.99
 19   4.77 5.20 5.13 4.56 3.80 3.07 2.46 1.92 1.55 1.45 2.45 3.35 4.20 4.72 4.85 4.46 3.80 3.15 2.53 2.02 1.64 1.45 2.10 3.09
 20   3.97 4.64 5.05 4.85 4.28 3.62 3.02 2.44 2.00 1.69 1.78 2.67 3.42 4.06 4.47 4.55 4.20 3.62 3.06 2.52 2.08 1.77 1.75 2.44
 21   3.17 3.87 4.38 4.67 4.58 4.12 3.58 3.05 2.52 2.12 1.87 1.97 2.65 3.26 3.83 4.20 4.34 4.09 3.65 3.15 2.72 2.30 2.03 1.96
 22   2.40 2.95 3.54 4.06 4.44 4.56 4.27 3.78 3.26 2.77 2.32 2.00 1.85 2.20 2.82 3.40 3.90 4.24 4.33 4.06 3.60 3.13 2.68 2.27
 23   1.96 1.87 2.40 3.08 3.80 4.35 4.67 4.60 4.13 3.53 2.95 2.40 1.97 1.67 1.57 2.30 3.09 3.87 4.42 4.72 4.59 4.06 3.46 2.87
 24   2.33 1.90 1.57 1.60 2.64 3.56 4.43 4.96 5.00 4.50 3.80 3.10 2.42 1.90 1.46 1.18 1.65 2.90 3.93 4.80 5.16 4.98 4.33 3.60
 25   2.90 2.25 1.70 1.30 1.25 2.30 3.50 4.60 5.26 5.28 4.70 3.85 3.07 2.36 1.75 1.20 0.87 1.30 3.03 4.35 5.38 5.68 5.33 4.50
 26   3.70 2.85 2.12 1.50 1.02 0.83 2.13 3.77 5.10 5.67 5.56 4.82 3.89 3.05 2.23 1.56 0.92 0.55 1.48 3.37 5.00 5.90 5.97 5.40
 27   4.45 3.55 2.65 1.90 1.25 0.76 0.72 2.74 4.40 5.60 5.98 5.60 4.58 3.67 2.73 1.90 1.20 0.60 0.29 2.02 4.13 5.70 6.35 6.18
 28   5.26 4.20 3.24 2.35 1.56 0.93 0.50 1.00 3.25 4.85 5.87 5.98 5.30 4.30 3.37 2.45 1.66 0.97 0.48 0.35 2.72 4.68 5.97 6.36
 29   6.00 4.92 3.95 3.02 2.15 1.40 0.85 0.53 1.65 3.55 5.07 5.83 5.79 5.00 4.00 3.05 2.23 1.50 0.90 0.52 1.30 3.33 5.00 5.92
 30   6.04 5.46 4.46 3.57 2.70 1.90 1.30 0.87 0.76 2.23 3.75 4.96 5.50 5.34 4.50 3.57 2.67 1.94 1.37 0.88 0.65 2.15 3.65 5.00
 31   5.58 5.54 4.83 3.93 3.10 2.30 1.73 1.24 0.97 1.45 2.90 4.05 4.93 5.19 4.80 3.95 3.15 2.40 1.80 1.30 1.04 1.60 3.00 4.27
 ----------------------------------------------------------------------------------------------------------------------------
                                                                                               
 ----------------------------------------------------------------------------------------------------------------------------
 ----------------------------------------------------------------------------------------------------------------------------
                                                          SURVEY OF INDIA
                                                    MARINE GEODESY WING (G&RB)
                                                     HOURLY HEIGHTS IN METRES
  NAME OF PORT:- HALDIA                                                                             MONTH NOVEMBER  YEAR 2015
 ----------------------------------------------------------------------------------------------------------------------------
 DAYS 0000 0001 0002 0003 0004 0005 0006 0007 0008 0009 0010 0011 0012 0013 0014 0015 0016 0017 0018 0019 0020 0021 0022 0023
 ----------------------------------------------------------------------------------------------------------------------------
  1   5.16 5.43 5.10 4.25 3.45 2.68 2.03 1.54 1.22 1.13 2.10 3.10 4.10 4.73 4.83 4.25 3.50 2.75 2.13 1.65 1.33 1.48 2.62 3.52
  2   4.34 4.88 5.03 4.60 3.86 3.16 2.50 2.00 1.60 1.46 1.85 2.76 3.52 4.14 4.52 4.46 3.94 3.27 2.65 2.06 1.69 1.53 1.95 2.81
  3   3.52 4.13 4.52 4.61 4.20 3.61 3.04 2.50 2.05 1.76 1.74 2.22 2.80 3.37 3.87 4.15 4.10 3.72 3.20 2.72 2.27 1.96 1.86 2.30
  4   2.86 3.45 3.93 4.25 4.27 3.98 3.54 3.05 2.60 2.20 1.96 1.93 2.25 2.70 3.19 3.60 3.87 3.96 3.78 3.42 3.05 2.70 2.40 2.26
  5   2.34 2.65 3.11 3.55 3.91 4.09 4.05 3.72 3.30 2.89 2.45 2.12 1.91 1.97 2.35 2.88 3.39 3.80 4.05 4.08 3.80 3.43 3.00 2.59
  6   2.20 2.00 2.10 2.63 3.20 3.75 4.10 4.20 3.94 3.50 3.05 2.55 2.14 1.85 1.70 2.04 2.64 3.30 3.90 4.30 4.40 4.10 3.57 3.00
  7   2.50 2.08 1.78 1.72 2.38 3.10 3.73 4.17 4.36 4.15 3.60 3.03 2.47 2.00 1.63 1.43 1.80 2.65 3.48 4.13 4.60 4.64 4.17 3.52
  8   2.90 2.32 1.86 1.53 1.49 2.35 3.17 3.97 4.45 4.60 4.20 3.52 2.82 2.24 1.72 1.33 1.15 2.00 3.00 4.00 4.66 4.92 4.64 3.94
  9   3.20 2.57 2.00 1.53 1.22 1.45 2.60 3.55 4.30 4.70 4.60 3.95 3.25 2.57 1.93 1.42 1.04 1.00 2.26 3.36 4.45 4.99 5.06 4.50
 10   3.70 2.90 2.23 1.65 1.19 0.98 1.84 3.05 4.07 4.73 4.92 4.50 3.72 2.95 2.25 1.61 1.10 0.79 1.36 2.82 4.07 5.00 5.33 5.05
 11   4.20 3.40 2.62 1.93 1.34 0.93 0.92 2.35 3.50 4.40 4.87 4.84 4.15 3.40 2.59 1.89 1.32 0.88 0.75 2.10 3.55 4.85 5.44 5.45
 12   4.75 3.85 3.02 2.27 1.62 1.12 0.85 1.54 3.00 4.10 4.87 5.08 4.67 3.84 3.03 2.25 1.62 1.07 0.75 1.30 2.94 4.25 5.26 5.58
 13   5.23 4.35 3.50 2.70 1.96 1.38 1.00 0.93 2.37 3.53 4.58 5.07 5.05 4.35 3.48 2.73 2.07 1.45 0.99 0.83 2.15 3.55 4.86 5.50
 14   5.56 4.93 4.06 3.23 2.43 1.81 1.33 1.01 1.63 3.06 4.19 4.96 5.18 4.81 3.92 3.15 2.43 1.78 1.24 0.92 1.51 3.10 4.38 5.28
 15   5.57 5.29 4.43 3.63 2.82 2.12 1.55 1.17 1.08 2.40 3.56 4.61 5.08 5.06 4.38 3.52 2.81 2.11 1.56 1.14 1.11 2.51 3.71 4.78
 16   5.33 5.38 4.81 4.00 3.21 2.52 1.94 1.48 1.21 1.88 3.01 4.06 4.76 5.02 4.76 3.98 3.26 2.57 1.98 1.53 1.23 1.54 2.90 3.99
 17   4.76 5.19 5.13 4.51 3.75 3.06 2.41 1.89 1.51 1.37 2.21 3.21 4.11 4.66 4.85 4.41 3.68 2.99 2.36 1.86 1.51 1.41 2.41 3.30
 18   4.16 4.76 5.06 4.85 4.20 3.51 2.85 2.28 1.86 1.58 1.69 2.65 3.46 4.16 4.56 4.61 4.19 3.56 2.94 2.41 1.96 1.69 1.71 2.52
 19   3.28 4.00 4.50 4.76 4.56 3.98 3.38 2.77 2.24 1.84 1.61 1.71 2.52 3.25 3.91 4.33 4.46 4.17 3.63 3.09 2.59 2.13 1.86 1.80
 20   2.31 2.94 3.62 4.17 4.54 4.55 4.11 3.53 2.99 2.41 1.99 1.68 1.58 2.16 2.83 3.48 4.01 4.32 4.30 3.91 3.42 2.91 2.44 2.07
 21   1.86 1.93 2.54 3.31 3.90 4.41 4.63 4.40 3.81 3.21 2.64 2.11 1.73 1.49 1.66 2.51 3.26 3.98 4.48 4.68 4.45 3.89 3.29 2.71
 22   2.19 1.81 1.59 1.85 2.83 3.70 4.33 4.73 4.62 4.03 3.38 2.72 2.16 1.71 1.38 1.30 2.16 3.15 4.12 4.78 5.06 4.81 4.14 3.41
 23   2.74 2.17 1.71 1.40 1.51 2.71 3.69 4.61 5.03 4.97 4.31 3.54 2.81 2.15 1.61 1.18 1.01 2.01 3.33 4.58 5.28 5.46 5.04 4.31
 24   3.46 2.74 2.06 1.54 1.20 1.31 2.71 3.96 4.96 5.35 5.15 4.38 3.51 2.71 2.03 1.46 1.00 0.83 2.24 3.71 5.10 5.78 5.72 5.10
 25   4.24 3.35 2.53 1.86 1.29 0.93 1.21 2.96 4.35 5.28 5.52 5.11 4.20 3.38 2.55 1.84 1.24 0.81 0.81 2.76 4.37 5.61 6.04 5.76
 26   4.91 4.01 3.06 2.26 1.61 1.08 0.76 1.61 3.38 4.80 5.58 5.59 4.94 4.01 3.11 2.31 1.61 1.01 0.64 1.27 3.38 5.01 5.98 6.11
 27   5.61 4.66 3.71 2.81 2.06 1.46 0.98 0.81 2.21 3.80 5.08 5.57 5.46 4.66 3.79 2.92 2.11 1.51 1.01 0.74 2.02 3.72 5.16 5.86
 28   5.89 5.26 4.38 3.47 2.65 1.95 1.41 1.01 1.03 2.65 3.96 5.01 5.36 5.12 4.26 3.45 2.67 1.96 1.39 0.98 0.94 2.61 4.08 5.15
 29   5.63 5.52 4.75 3.88 3.07 2.36 1.79 1.31 1.06 1.71 3.05 4.15 4.94 5.14 4.61 3.78 3.01 2.31 1.71 1.26 1.04 1.95 3.26 4.38
 30   5.14 5.36 5.01 4.24 3.48 2.77 2.17 1.63 1.32 1.31 2.51 3.46 4.33 4.81 4.81 4.17 3.41 2.71 2.11 1.66 1.32 1.47 2.70 3.65
 ----------------------------------------------------------------------------------------------------------------------------
                                                                                               
 ----------------------------------------------------------------------------------------------------------------------------
 ----------------------------------------------------------------------------------------------------------------------------
                                                          SURVEY OF INDIA
                                                    MARINE GEODESY WING (G&RB)
                                                     HOURLY HEIGHTS IN METRES
  NAME OF PORT:- HALDIA                                                                             MONTH DECEMBER  YEAR 2015
 ----------------------------------------------------------------------------------------------------------------------------
 DAYS 0000 0001 0002 0003 0004 0005 0006 0007 0008 0009 0010 0011 0012 0013 0014 0015 0016 0017 0018 0019 0020 0021 0022 0023
 ----------------------------------------------------------------------------------------------------------------------------
  1   4.48 4.97 5.05 4.57 3.86 3.19 2.56 2.05 1.62 1.43 1.88 2.91 3.69 4.31 4.66 4.55 3.95 3.31 2.66 2.09 1.71 1.51 1.98 2.99
  2   3.81 4.44 4.81 4.74 4.21 3.58 2.96 2.39 1.97 1.69 1.65 2.41 3.11 3.81 4.29 4.46 4.15 3.57 3.01 2.51 2.07 1.81 1.84 2.54
  3   3.23 3.87 4.31 4.48 4.31 3.81 3.28 2.78 2.28 1.91 1.70 1.86 2.51 3.11 3.70 4.11 4.24 3.99 3.58 3.08 2.63 2.26 2.01 2.10
  4   2.51 3.12 3.71 4.15 4.41 4.26 3.81 3.31 2.82 2.36 2.02 1.87 2.07 2.60 3.12 3.61 3.95 4.08 3.97 3.66 3.28 2.89 2.52 2.26
  5   2.21 2.54 3.01 3.53 3.96 4.19 4.18 3.86 3.43 2.96 2.52 2.18 1.96 2.01 2.49 3.00 3.54 3.99 4.28 4.31 3.99 3.55 3.12 2.69
  6   2.31 2.11 2.21 2.69 3.24 3.80 4.18 4.34 4.11 3.64 3.18 2.69 2.24 1.93 1.79 2.09 2.71 3.40 4.02 4.43 4.56 4.27 3.80 3.19
  7   2.67 2.24 1.98 1.94 2.51 3.19 3.79 4.23 4.41 4.16 3.63 3.08 2.54 2.10 1.74 1.55 1.91 2.77 3.66 4.34 4.78 4.80 4.37 3.71
  8   3.06 2.48 2.03 1.72 1.71 2.55 3.34 4.06 4.46 4.56 4.16 3.53 2.93 2.36 1.91 1.55 1.41 2.08 3.11 4.07 4.81 5.14 4.96 4.37
  9   3.57 2.90 2.31 1.85 1.55 1.68 2.68 3.69 4.31 4.71 4.70 4.13 3.45 2.79 2.21 1.71 1.36 1.28 2.41 3.51 4.60 5.22 5.32 4.82
 10   4.06 3.31 2.61 2.02 1.55 1.34 1.78 3.01 3.98 4.69 4.98 4.68 3.91 3.21 2.54 1.95 1.50 1.18 1.46 2.88 4.25 5.17 5.55 5.39
 11   4.62 3.85 3.06 2.32 1.71 1.31 1.28 2.40 3.58 4.55 5.08 5.08 4.46 3.71 2.96 2.28 1.66 1.17 0.96 2.01 3.58 4.94 5.65 5.69
 12   5.14 4.31 3.48 2.70 2.01 1.42 1.11 1.38 2.90 4.08 4.91 5.22 4.98 4.18 3.36 2.59 1.91 1.32 0.94 1.01 2.90 4.29 5.43 5.82
 13   5.59 4.81 3.93 3.08 2.32 1.71 1.23 1.00 1.97 3.38 4.45 5.05 5.12 4.56 3.74 2.94 2.27 1.62 1.15 0.85 1.61 3.31 4.64 5.48
 14   5.65 5.16 4.31 3.49 2.67 2.00 1.44 1.05 1.04 2.44 3.68 4.66 5.16 5.03 4.29 3.46 2.71 2.06 1.48 1.07 0.91 2.21 3.61 4.89
 15   5.50 5.49 4.84 4.01 3.19 2.47 1.87 1.38 1.08 1.40 2.79 3.91 4.71 4.98 4.70 3.94 3.18 2.48 1.91 1.42 1.11 1.41 2.81 3.93
 16   4.91 5.31 5.18 4.50 3.71 2.94 2.28 1.74 1.33 1.11 1.81 2.98 4.01 4.66 4.88 4.49 3.74 3.01 2.38 1.88 1.46 1.27 2.02 3.09
 17   4.09 4.80 5.12 4.91 4.21 3.48 2.78 2.17 1.71 1.37 1.31 2.36 3.31 4.12 4.62 4.70 4.21 3.51 2.89 2.30 1.87 1.56 1.52 2.31
 18   3.21 4.05 4.68 4.98 4.78 4.11 3.41 2.74 2.15 1.71 1.39 1.44 2.46 3.30 4.04 4.44 4.54 4.16 3.55 2.96 2.41 1.99 1.71 1.76
 19   2.49 3.21 3.91 4.46 4.73 4.49 3.92 3.31 2.63 2.08 1.67 1.41 1.56 2.41 3.16 3.84 4.26 4.45 4.19 3.68 3.14 2.61 2.14 1.82
 20   1.73 2.18 2.86 3.53 4.15 4.54 4.52 4.01 3.38 2.77 2.19 1.78 1.51 1.50 2.21 3.00 3.74 4.25 4.53 4.45 4.01 3.45 2.91 2.38
 21   1.98 1.74 1.81 2.51 3.27 3.98 4.45 4.59 4.21 3.58 2.96 2.36 1.91 1.58 1.43 1.97 2.87 3.71 4.36 4.77 4.77 4.36 3.71 3.10
 22   2.51 2.04 1.71 1.58 2.20 3.11 3.91 4.51 4.74 4.41 3.71 3.08 2.47 1.98 1.58 1.31 1.58 2.66 3.61 4.49 5.01 5.03 4.60 3.90
 23   3.16 2.53 2.01 1.60 1.35 1.81 2.91 3.93 4.61 4.86 4.55 3.81 3.11 2.46 1.91 1.46 1.17 1.41 2.71 3.88 4.84 5.33 5.26 4.70
 24   3.87 3.11 2.41 1.87 1.42 1.20 1.71 3.01 4.11 4.79 5.01 4.64 3.85 3.11 2.42 1.81 1.33 1.00 1.32 2.78 4.06 5.10 5.49 5.31
 25   4.56 3.73 2.96 2.26 1.65 1.22 1.01 1.76 3.06 4.11 4.79 4.90 4.31 3.51 2.71 2.07 1.47 0.96 0.69 1.40 2.99 4.31 5.18 5.38
 26   4.98 4.15 3.35 2.61 1.92 1.36 1.00 0.83 1.98 3.21 4.31 4.86 4.86 4.16 3.36 2.59 1.92 1.32 0.88 0.68 1.91 3.46 4.71 5.35
 27   5.36 4.71 3.87 3.04 2.29 1.64 1.13 0.82 1.11 2.44 3.66 4.70 4.93 4.65 3.81 3.07 2.34 1.73 1.19 0.88 1.24 2.86 4.16 5.09
 28   5.41 5.14 4.37 3.57 2.77 2.09 1.51 1.11 0.91 1.86 3.17 4.21 4.84 4.94 4.38 3.56 2.80 2.11 1.59 1.17 0.95 2.01 3.36 4.47
 29   5.11 5.25 4.78 4.01 3.21 2.51 1.90 1.41 1.11 1.28 2.56 3.61 4.46 4.84 4.65 3.91 3.19 2.51 1.91 1.48 1.16 1.44 2.81 3.86
 30   4.71 5.08 4.97 4.32 3.56 2.86 2.23 1.74 1.34 1.18 2.01 3.10 4.04 4.57 4.79 4.33 3.59 2.91 2.30 1.83 1.47 1.32 2.38 3.37
 31   4.24 4.81 4.97 4.60 3.91 3.21 2.57 2.03 1.62 1.35 1.51 2.64 3.51 4.18 4.55 4.55 3.97 3.29 2.68 2.13 1.71 1.48 1.80 2.77
 ----------------------------------------------------------------------------------------------------------------------------
                                                                                               
 ----------------------------------------------------------------------------------------------------------------------------
 ----------------------------------------------------------------------------------------------------------------------------
