                                                          SURVEY OF INDIA
                                                    MARINE GEODESY WING (G&RB)
                                                     HOURLY HEIGHTS IN METRES
  NAME OF PORT:- HALDIA                                                                             MONTH JANUARY   YEAR 2019
 ----------------------------------------------------------------------------------------------------------------------------
 DAYS 0000 0001 0002 0003 0004 0005 0006 0007 0008 0009 0010 0011 0012 0013 0014 0015 0016 0017 0018 0019 0020 0021 0022 0023
 ----------------------------------------------------------------------------------------------------------------------------
  1   2.20 1.90 1.81 2.30 2.93 3.58 4.02 4.25 4.07 3.57 3.05 2.55 2.08 1.70 1.55 1.72 2.44 3.16 3.86 4.38 4.59 4.39 3.79 3.21
  2   2.65 2.18 1.85 1.78 2.10 2.80 3.45 3.98 4.25 4.16 3.67 3.12 2.60 2.11 1.68 1.43 1.56 2.40 3.24 4.12 4.70 4.97 4.87 4.15
  3   3.35 2.61 2.00 1.60 1.55 2.00 2.80 3.61 4.13 4.37 4.22 3.66 3.10 2.54 2.02 1.58 1.30 1.42 2.40 3.45 4.34 4.85 4.95 4.46
  4   3.71 3.05 2.43 1.93 1.55 1.50 2.01 2.99 3.79 4.31 4.52 4.21 3.60 2.96 2.33 1.77 1.34 1.19 1.50 2.78 3.82 4.68 5.07 4.87
  5   4.25 3.50 2.82 2.20 1.64 1.24 1.32 2.22 3.18 4.02 4.49 4.55 4.10 3.42 2.77 2.12 1.58 1.17 1.10 1.83 3.15 4.25 4.99 5.21
  6   4.80 4.02 3.30 2.58 2.00 1.50 1.28 1.43 2.40 3.54 4.32 4.66 4.55 4.00 3.21 2.45 1.80 1.28 1.13 1.38 2.76 3.90 4.85 5.25
  7   5.17 4.41 3.63 2.91 2.24 1.62 1.23 1.25 1.96 3.12 4.12 4.66 4.78 4.30 3.50 2.82 2.16 1.55 1.12 1.10 1.90 3.27 4.44 5.19
  8   5.34 4.86 4.00 3.25 2.56 1.95 1.46 1.16 1.28 2.55 3.58 4.42 4.74 4.67 3.90 3.18 2.47 1.89 1.35 1.05 1.20 2.77 3.90 4.86
  9   5.25 5.18 4.45 3.66 2.92 2.26 1.62 1.18 1.14 1.90 3.15 4.17 4.75 4.82 4.32 3.62 2.87 2.19 1.62 1.18 1.19 2.10 3.35 4.45
 10   5.10 5.24 4.80 3.98 3.26 2.57 2.00 1.53 1.24 1.40 2.71 3.66 4.43 4.73 4.61 3.93 3.22 2.58 1.96 1.50 1.30 1.50 2.70 3.81
 11   4.62 5.02 4.97 4.30 3.55 2.88 2.30 1.75 1.32 1.30 2.10 3.10 4.00 4.58 4.67 4.21 3.48 2.86 2.27 1.74 1.40 1.45 2.22 3.18
 12   4.07 4.63 4.86 4.59 3.86 3.23 2.60 2.06 1.65 1.39 1.50 2.40 3.37 4.05 4.42 4.42 3.85 3.26 2.66 2.11 1.70 1.51 1.72 2.70
 13   3.46 4.11 4.51 4.57 4.11 3.50 2.90 2.30 1.80 1.45 1.42 1.98 2.83 3.52 4.07 4.31 4.10 3.56 3.02 2.50 2.05 1.70 1.68 2.18
 14   2.87 3.56 4.09 4.40 4.39 3.83 3.28 2.71 2.19 1.76 1.51 1.56 2.25 2.96 3.59 4.02 4.17 3.96 3.52 3.04 2.58 2.16 1.88 1.89
 15   2.32 2.90 3.45 3.90 4.14 4.08 3.65 3.14 2.64 2.13 1.75 1.52 1.59 2.20 2.80 3.41 3.87 4.08 4.01 3.62 3.18 2.76 2.34 2.02
 16   1.90 2.10 2.59 3.13 3.68 4.01 4.02 3.65 3.15 2.65 2.14 1.74 1.54 1.62 2.15 2.74 3.38 3.85 4.13 4.17 3.87 3.38 2.95 2.48
 17   2.10 1.85 1.78 2.00 2.82 3.84 4.18 4.15 3.87 3.39 2.88 2.35 1.91 1.55 1.45 1.69 2.47 3.19 3.87 4.32 4.51 4.31 3.77 3.21
 18   2.64 2.16 1.75 1.58 1.82 2.55 3.33 3.91 4.20 4.14 3.59 3.02 2.47 1.98 1.57 1.30 1.35 2.25 3.11 3.98 4.59 4.84 4.63 3.96
 19   3.30 2.66 2.12 1.68 1.38 1.52 2.40 3.31 4.04 4.41 4.38 3.74 3.08 2.50 1.93 1.45 1.11 1.10 2.13 3.30 4.38 5.00 5.10 4.65
 20   3.93 3.20 2.50 1.91 1.38 1.08 1.15 2.40 3.55 4.38 4.74 4.63 4.00 3.20 2.50 1.80 1.27 0.89 0.94 2.47 3.87 4.95 5.45 5.34
 21   4.60 3.76 2.93 2.21 1.50 1.00 0.83 1.38 2.80 4.13 4.84 5.03 4.58 3.78 3.02 2.27 1.62 1.07 0.66 0.80 2.73 4.16 5.26 5.67
 22   5.42 4.55 3.66 2.81 2.04 1.38 0.86 0.70 1.46 3.00 4.40 5.12 5.22 4.61 3.70 2.91 2.11 1.40 0.92 0.70 1.00 3.00 4.69 5.60
 23   5.78 5.24 4.32 3.43 2.54 1.80 1.10 0.60 0.68 1.97 3.63 4.75 5.36 5.21 4.38 3.51 2.67 1.94 1.18 0.67 0.75 1.78 3.64 4.97
 24   5.69 5.61 4.85 3.94 3.10 2.30 1.62 1.05 0.67 0.75 2.48 3.89 4.92 5.31 5.01 4.18 3.35 2.48 1.81 1.20 0.81 0.85 2.38 3.83
 25   4.88 5.41 5.26 4.48 3.63 2.85 2.14 1.53 1.05 0.90 1.12 2.78 3.91 4.68 4.98 4.70 4.00 3.18 2.45 1.83 1.33 1.01 1.24 2.50
 26   3.84 4.69 5.03 4.85 4.15 3.37 2.60 1.98 1.40 1.00 1.00 1.81 3.00 3.93 4.56 4.73 4.34 3.56 2.90 2.26 1.70 1.30 1.25 1.77
 27   2.80 3.80 4.45 4.62 4.37 3.65 3.00 2.37 1.83 1.43 1.14 1.19 2.00 3.00 3.82 4.31 4.40 4.03 3.37 2.77 2.20 1.76 1.49 1.57
 28   2.34 3.06 3.73 4.18 4.28 3.95 3.35 2.80 2.21 1.75 1.37 1.25 1.55 2.32 3.03 3.66 4.08 4.17 3.85 3.32 2.81 2.31 1.92 1.67
 29   1.78 2.39 2.96 3.52 3.86 3.94 3.64 3.16 2.69 2.19 1.78 1.50 1.43 1.75 2.35 2.99 3.54 3.91 4.03 3.80 3.38 2.97 2.55 2.15
 30   1.91 1.89 2.20 2.63 3.12 3.51 3.72 3.67 3.31 2.87 2.45 2.02 1.70 1.56 1.70 2.16 2.72 3.31 3.79 4.05 4.03 3.66 3.23 2.78
 31   2.35 1.95 1.75 1.80 2.28 2.81 3.30 3.66 3.74 3.53 3.13 2.70 2.25 1.88 1.59 1.52 1.90 2.58 3.29 3.88 4.25 4.40 4.30 3.94
 ----------------------------------------------------------------------------------------------------------------------------
                                                                                               
 ----------------------------------------------------------------------------------------------------------------------------
 ----------------------------------------------------------------------------------------------------------------------------
                                                          SURVEY OF INDIA
                                                    MARINE GEODESY WING (G&RB)
                                                     HOURLY HEIGHTS IN METRES
  NAME OF PORT:- HALDIA                                                                             MONTH FEBRUARY  YEAR 2019
 ----------------------------------------------------------------------------------------------------------------------------
 DAYS 0000 0001 0002 0003 0004 0005 0006 0007 0008 0009 0010 0011 0012 0013 0014 0015 0016 0017 0018 0019 0020 0021 0022 0023
 ----------------------------------------------------------------------------------------------------------------------------
  1   3.10 2.35 1.85 1.54 1.55 2.06 2.70 3.30 3.75 3.93 3.80 3.33 2.83 2.36 1.90 1.55 1.40 1.66 2.53 3.43 4.13 4.52 4.55 4.08
  2   3.45 2.83 2.29 1.83 1.53 1.54 2.06 2.84 3.52 3.98 4.13 3.87 3.31 2.77 2.22 1.75 1.38 1.31 1.77 2.81 3.76 4.44 4.72 4.65
  3   3.94 3.25 2.62 2.07 1.60 1.38 1.50 2.31 3.15 3.88 4.29 4.28 3.80 3.15 2.53 1.95 1.40 1.08 1.18 2.22 3.26 4.26 4.80 4.88
  4   4.40 3.64 2.95 2.31 1.74 1.30 1.15 1.59 2.60 3.60 4.27 4.51 4.28 3.54 2.88 2.23 1.68 1.23 1.05 1.33 2.85 3.96 4.76 5.10
  5   4.85 4.05 3.32 2.60 1.97 1.43 1.06 1.07 2.16 3.17 4.09 4.55 4.55 4.00 3.27 2.57 1.94 1.40 1.00 1.02 2.04 3.32 4.42 5.01
  6   5.05 4.55 3.70 2.96 2.28 1.70 1.23 1.04 1.40 2.81 3.82 4.55 4.81 4.52 3.78 3.05 2.30 1.70 1.22 0.98 1.23 2.85 3.97 4.85
  7   5.18 4.92 4.10 3.33 2.60 1.97 1.42 1.03 1.02 2.25 3.36 4.32 4.79 4.80 4.11 3.33 2.63 2.00 1.45 1.02 1.04 2.24 3.45 4.56
  8   5.10 5.14 4.50 3.76 2.92 2.24 1.60 1.10 0.98 1.57 2.80 4.00 4.66 4.86 4.48 3.80 3.05 2.28 1.60 1.10 0.99 1.56 2.98 4.08
  9   4.77 5.03 4.73 4.00 3.25 2.50 1.87 1.37 1.04 1.13 2.50 3.52 4.37 4.80 4.80 4.10 3.35 2.67 2.07 1.58 1.21 1.20 2.32 3.38
 10   4.28 4.71 4.72 4.11 3.33 2.67 2.09 1.52 1.10 0.97 1.52 2.71 3.65 4.32 4.54 4.30 3.55 2.88 2.26 1.76 1.35 1.25 1.64 2.82
 11   3.70 4.38 4.66 4.40 3.73 3.09 2.43 1.88 1.47 1.18 1.23 2.30 3.25 4.00 4.41 4.44 3.95 3.27 2.64 2.09 1.58 1.34 1.41 2.40
 12   3.17 3.87 4.34 4.46 4.04 3.40 2.80 2.19 1.68 1.30 1.23 1.72 2.50 3.42 4.03 4.34 4.23 3.76 3.11 2.55 2.03 1.65 1.54 1.84
 13   2.50 3.25 3.86 4.17 4.16 3.70 3.14 2.58 2.06 1.67 1.42 1.50 2.12 2.81 3.48 3.96 4.15 4.07 3.61 3.12 2.63 2.21 1.90 1.85
 14   2.14 2.66 3.17 3.64 3.90 3.90 3.57 3.10 2.62 2.16 1.78 1.54 1.60 2.13 2.72 3.31 3.78 4.03 4.03 3.71 3.28 2.85 2.44 2.08
 15   1.87 1.90 2.24 2.70 3.19 3.61 3.83 3.74 3.37 2.94 2.45 1.99 1.63 1.50 1.70 2.33 2.97 3.56 4.01 4.23 4.13 3.72 3.23 2.77
 16   2.30 1.92 1.69 1.73 2.23 2.86 3.41 3.78 3.79 3.40 2.90 2.48 2.04 1.71 1.46 1.53 2.10 2.80 3.57 4.21 4.63 4.65 4.22 3.60
 17   2.97 2.40 1.88 1.50 1.45 1.87 2.88 3.70 4.25 4.46 4.22 3.55 2.90 2.26 1.75 1.31 1.10 1.34 2.76 3.82 4.70 5.12 5.06 4.44
 18   3.67 2.92 2.25 1.67 1.19 1.02 1.50 2.91 3.96 4.61 4.79 4.50 3.75 2.98 2.22 1.58 1.03 0.80 1.08 2.90 4.20 5.21 5.56 5.35
 19   4.50 3.65 2.82 2.11 1.40 0.95 0.80 1.39 3.21 4.44 5.17 5.24 4.61 3.72 2.93 2.16 1.51 1.02 0.78 1.02 3.33 4.74 5.65 5.83
 20   5.32 4.32 3.45 2.59 1.82 1.10 0.58 0.58 1.88 3.70 5.00 5.56 5.41 4.58 3.66 2.77 1.95 1.20 0.60 0.50 1.55 3.64 5.06 5.83
 21   5.80 5.04 4.00 3.14 2.28 1.54 0.85 0.35 0.38 2.45 4.16 5.27 5.65 5.28 4.32 3.43 2.53 1.72 1.08 0.57 0.65 2.25 4.04 5.32
 22   5.84 5.62 4.70 3.75 2.87 2.04 1.25 0.68 0.50 0.89 2.80 4.52 5.40 5.55 5.00 4.00 3.16 2.31 1.58 1.01 0.75 0.94 2.63 4.32
 23   5.24 5.54 5.12 4.19 3.36 2.50 1.72 1.10 0.65 0.65 1.90 3.45 4.66 5.25 5.24 4.51 3.60 2.80 2.06 1.42 0.95 0.94 1.85 3.36
 24   4.52 5.13 5.19 4.60 3.70 2.92 2.20 1.52 1.05 0.85 1.00 2.40 3.86 4.70 5.03 4.80 4.05 3.30 2.57 1.95 1.41 1.09 1.34 2.60
 25   3.75 4.51 4.84 4.68 3.92 3.14 2.50 1.87 1.36 0.96 0.92 1.57 2.74 3.94 4.52 4.72 4.41 3.72 3.00 2.36 1.80 1.45 1.45 2.20
 26   3.09 3.83 4.38 4.63 4.42 3.69 2.94 2.20 1.55 1.28 1.38 1.86 2.72 3.48 4.05 4.33 4.25 3.85 3.28 2.75 2.27 1.85 1.66 1.79
 27   2.52 3.23 3.78 4.10 4.14 3.82 3.38 2.86 2.33 1.97 1.74 1.80 2.28 2.85 3.43 3.91 4.20 4.23 3.87 3.39 2.96 2.54 2.20 2.06
 28   2.22 2.59 2.98 3.40 3.65 3.70 3.46 3.11 2.71 2.38 2.10 1.90 1.90 2.14 2.48 2.85 3.25 3.62 3.77 3.75 3.51 3.15 2.73 2.39
 ----------------------------------------------------------------------------------------------------------------------------
                                                                                               
 ----------------------------------------------------------------------------------------------------------------------------
 ----------------------------------------------------------------------------------------------------------------------------
                                                          SURVEY OF INDIA
                                                    MARINE GEODESY WING (G&RB)
                                                     HOURLY HEIGHTS IN METRES
  NAME OF PORT:- HALDIA                                                                             MONTH MARCH     YEAR 2019
 ----------------------------------------------------------------------------------------------------------------------------
 DAYS 0000 0001 0002 0003 0004 0005 0006 0007 0008 0009 0010 0011 0012 0013 0014 0015 0016 0017 0018 0019 0020 0021 0022 0023
 ----------------------------------------------------------------------------------------------------------------------------
  1   2.12 2.07 2.22 2.50 2.90 3.22 3.45 3.53 3.34 3.03 2.68 2.38 2.13 1.94 1.92 2.14 2.53 3.06 3.60 4.00 4.18 3.98 3.58 3.13
  2   2.68 2.25 1.92 1.80 2.00 2.43 2.97 3.46 3.79 3.86 3.61 3.14 2.68 2.22 1.84 1.60 1.70 2.20 2.98 4.06 4.50 4.58 4.30 3.77
  3   3.21 2.66 2.16 1.78 1.56 1.66 2.41 3.12 3.75 4.14 4.23 3.80 3.21 2.69 2.15 1.60 1.30 1.34 2.28 3.20 4.05 4.57 4.73 4.38
  4   3.70 3.06 2.47 1.95 1.53 1.38 1.88 2.76 3.54 4.16 4.43 4.33 3.75 3.08 2.49 1.94 1.51 1.22 1.42 2.75 3.77 4.61 5.00 4.98
  5   4.34 3.60 2.90 2.26 1.71 1.27 1.30 2.25 3.31 4.19 4.70 4.75 4.21 3.47 2.80 2.14 1.61 1.15 1.10 1.96 3.27 4.37 5.20 5.77
  6   4.90 3.90 3.04 2.32 1.72 1.21 0.98 1.32 2.80 3.89 4.60 4.90 4.71 3.94 3.14 2.41 1.80 1.26 0.92 1.06 2.71 3.91 4.89 5.27
  7   5.10 4.24 3.44 2.67 2.00 1.40 0.96 1.00 2.00 3.30 4.33 4.85 4.90 4.30 3.44 2.68 2.02 1.40 0.95 1.00 1.83 3.32 4.55 5.19
  8   5.24 4.62 3.72 2.97 2.24 1.58 1.05 0.85 1.35 2.97 4.12 4.85 5.10 4.76 3.83 3.08 2.31 1.68 1.17 0.87 1.10 2.86 4.04 4.96
  9   5.30 5.04 4.14 3.36 2.59 1.90 1.29 0.87 0.90 2.29 3.53 4.57 5.13 5.09 4.38 3.53 2.77 2.08 1.40 0.95 1.00 1.99 3.41 4.54
 10   5.11 5.16 4.56 3.70 2.95 2.27 1.60 1.10 0.95 1.53 3.20 4.26 4.99 5.18 4.86 4.20 3.37 2.56 1.86 1.25 1.10 1.45 2.80 4.02
 11   4.73 5.02 4.78 4.05 3.25 2.52 1.88 1.33 0.95 1.00 2.43 3.85 4.97 5.20 4.98 4.24 3.48 2.76 2.12 1.55 1.15 1.20 2.11 3.22
 12   4.20 4.75 4.81 4.26 3.49 2.80 2.16 1.50 1.05 1.04 1.71 2.80 3.90 4.51 4.77 4.53 3.90 3.14 2.50 1.94 1.50 1.35 1.58 2.60
 13   3.59 4.27 4.57 4.47 3.85 3.14 2.52 1.96 1.51 1.20 1.32 2.20 3.26 4.00 4.42 4.52 4.09 3.44 2.86 2.29 1.80 1.50 1.55 2.26
 14   3.02 3.69 4.15 4.30 4.02 3.45 2.84 2.26 1.79 1.43 1.40 1.82 2.66 3.37 3.98 4.31 4.31 3.90 3.36 2.86 2.36 1.98 1.74 1.85
 15   2.30 2.93 3.42 3.79 3.91 3.74 3.32 2.84 2.35 1.85 1.58 1.60 2.02 2.62 3.24 3.77 4.11 4.19 3.92 3.50 2.90 2.31 1.65 1.32
 16   1.40 1.80 2.32 2.82 3.27 3.65 3.89 3.79 3.35 2.86 2.41 2.00 1.69 1.65 2.05 2.74 3.42 3.96 4.28 4.31 3.96 3.50 3.04 2.56
 17   2.16 1.85 1.77 2.00 2.60 3.19 3.72 4.05 4.08 3.74 3.23 2.74 2.25 1.80 1.51 1.60 2.29 3.08 3.85 4.38 4.50 4.23 3.68 3.06
 18   2.43 1.85 1.40 1.33 1.74 2.46 3.19 3.76 4.09 4.18 3.96 3.44 2.86 2.26 1.70 1.29 1.18 1.59 2.77 3.90 4.72 5.12 5.02 4.33
 19   3.59 2.85 2.16 1.50 1.02 1.00 1.72 3.13 4.22 4.90 5.08 4.63 3.84 3.03 2.28 1.62 1.03 0.90 1.35 3.20 4.55 5.40 5.62 5.18
 20   4.25 3.40 2.58 1.80 1.15 0.70 0.75 2.20 3.84 5.07 5.62 5.42 4.50 3.64 2.74 1.92 1.20 0.60 0.55 1.85 3.81 5.27 6.02 5.87
 21   4.94 4.00 3.10 2.20 1.50 0.86 0.44 0.48 2.93 4.57 5.72 6.01 5.35 4.31 3.38 2.40 1.62 0.85 0.40 0.45 2.57 4.45 5.75 6.20
 22   5.80 4.68 3.72 2.74 1.89 1.16 0.50 0.38 1.28 3.63 5.16 6.04 6.08 5.24 4.15 3.20 2.23 1.46 0.83 0.41 0.48 3.30 4.83 5.85
 23   6.04 5.26 4.21 3.34 2.33 1.54 0.78 0.20 0.25 2.25 4.05 5.34 5.95 5.64 4.66 3.67 2.68 1.85 1.10 0.55 0.39 1.95 3.68 5.03
 24   5.71 5.60 4.70 3.80 2.90 2.05 1.40 0.81 0.48 0.83 3.13 4.39 5.29 5.54 5.12 4.12 3.29 2.40 1.71 1.14 0.74 0.90 2.80 4.03
 25   4.95 5.31 5.05 4.14 3.36 2.56 1.89 1.31 0.88 0.74 2.27 3.53 4.60 5.16 5.18 4.53 3.67 2.91 2.19 1.62 1.14 0.97 1.93 3.18
 26   4.18 4.73 4.87 4.35 3.55 2.88 2.21 1.68 1.24 1.10 1.76 2.93 3.90 4.55 4.88 4.68 3.95 3.27 2.56 1.94 1.46 1.17 1.36 2.40
 27   3.36 4.09 4.44 4.39 3.78 3.15 2.56 2.00 1.58 1.38 1.60 2.46 3.24 3.95 4.47 4.63 4.29 3.66 3.09 2.52 2.05 1.74 1.80 2.35
 28   2.99 3.60 4.02 4.17 3.90 3.44 2.96 2.47 2.05 1.77 1.79 2.22 2.82 3.39 3.89 4.18 4.21 3.90 3.47 3.05 2.63 2.29 2.14 2.24
 29   2.59 3.04 3.42 3.69 3.82 3.71 3.41 3.07 2.75 2.46 2.28 2.29 2.52 2.84 3.21 3.55 3.83 3.95 3.92 3.71 3.42 3.11 2.79 2.55
 30   2.45 2.48 2.73 3.02 3.28 3.50 3.62 3.63 3.46 3.21 2.94 2.67 2.44 2.30 2.34 2.64 3.08 3.53 3.88 4.05 4.04 3.77 3.43 3.06
 31   2.69 2.37 2.18 2.22 2.53 3.00 3.42 3.78 3.94 3.89 3.58 3.20 2.77 2.39 2.07 1.98 2.31 2.98 3.67 4.23 4.57 4.61 4.22 3.65
 ----------------------------------------------------------------------------------------------------------------------------
                                                                                               
 ----------------------------------------------------------------------------------------------------------------------------
 ----------------------------------------------------------------------------------------------------------------------------
                                                          SURVEY OF INDIA
                                                    MARINE GEODESY WING (G&RB)
                                                     HOURLY HEIGHTS IN METRES
  NAME OF PORT:- HALDIA                                                                             MONTH APRIL     YEAR 2019
 ----------------------------------------------------------------------------------------------------------------------------
 DAYS 0000 0001 0002 0003 0004 0005 0006 0007 0008 0009 0010 0011 0012 0013 0014 0015 0016 0017 0018 0019 0020 0021 0022 0023
 ----------------------------------------------------------------------------------------------------------------------------
  1   3.07 2.55 2.10 1.70 1.49 1.62 2.76 3.74 4.33 4.52 4.18 3.60 3.04 2.52 2.09 1.80 1.82 2.35 3.15 3.92 4.48 4.77 4.69 4.10
  2   3.43 2.84 2.27 1.82 1.50 1.55 2.42 3.33 4.13 4.62 4.71 4.30 3.59 2.96 2.36 1.86 1.47 1.34 2.35 3.96 4.80 5.10 5.12 4.74
  3   3.94 3.24 2.51 1.90 1.38 1.12 1.50 2.96 3.96 4.65 4.93 4.72 4.10 3.28 2.60 1.99 1.49 1.25 1.47 3.00 4.13 4.93 5.27 5.12
  4   4.36 3.57 2.77 2.08 1.50 1.06 1.02 2.35 3.60 4.68 5.22 5.22 4.67 3.83 3.09 2.35 1.74 1.22 1.01 2.10 3.60 4.80 5.44 5.45
  5   4.84 3.99 3.20 2.40 1.74 1.13 0.86 1.49 3.27 4.57 5.37 5.54 5.08 4.17 3.38 2.56 1.88 1.25 0.84 1.02 2.98 4.30 5.09 5.32
  6   5.04 4.25 3.46 2.67 1.92 1.37 0.96 0.98 2.87 4.24 5.30 5.71 5.47 4.57 3.71 2.87 2.10 1.45 0.97 0.74 2.28 3.75 4.82 5.18
  7   4.97 4.27 3.41 2.65 1.87 1.25 0.81 0.85 2.25 3.40 4.54 5.15 5.27 4.78 3.95 3.21 2.41 1.80 1.25 0.94 1.32 3.02 4.32 5.28
  8   5.59 5.17 4.25 3.37 2.50 1.81 1.21 0.73 0.60 2.57 4.00 4.93 5.38 5.25 4.65 3.91 3.09 2.27 1.64 1.10 0.98 1.88 3.39 4.50
  9   5.16 5.16 4.35 3.60 2.84 2.22 1.62 1.13 0.90 1.55 3.20 4.36 5.20 5.42 5.01 4.15 3.40 2.66 2.03 1.53 1.20 1.34 2.82 3.85
 10   4.53 4.90 4.81 4.11 3.44 2.76 2.11 1.60 1.21 1.28 2.67 3.74 4.68 5.20 5.24 4.71 3.87 3.16 2.45 1.89 1.46 1.40 2.34 3.31
 11   4.15 4.62 4.73 4.28 3.55 2.93 2.32 1.81 1.40 1.21 1.93 3.00 3.92 4.53 4.87 4.75 4.10 3.42 2.82 2.27 1.84 1.58 1.68 2.58
 12   3.37 4.02 4.40 4.42 3.99 3.40 2.84 2.28 1.86 1.53 1.58 2.40 3.19 3.88 4.39 4.60 4.41 3.87 3.34 2.79 2.30 1.93 1.74 1.91
 13   2.49 3.15 3.66 4.10 4.19 4.03 3.45 2.90 2.38 1.96 1.68 1.70 2.31 2.97 3.65 4.14 4.40 4.35 3.93 3.47 3.00 2.56 2.21 1.96
 14   1.97 2.31 2.83 3.34 3.80 4.00 3.92 3.62 3.26 2.85 2.44 2.07 1.85 1.93 2.47 3.12 3.75 4.18 4.40 4.34 3.97 3.50 3.05 2.61
 15   2.22 1.95 1.86 2.20 2.83 3.65 4.15 4.32 4.23 3.86 3.34 2.82 2.32 1.94 1.69 1.83 2.75 3.56 4.20 4.63 4.73 4.43 3.81 3.20
 16   2.60 2.10 1.68 1.44 1.61 2.60 3.50 4.25 4.68 4.73 4.22 3.54 2.84 2.24 1.70 1.30 1.25 2.19 3.33 4.49 5.03 5.19 4.80 3.94
 17   3.21 2.50 1.87 1.27 0.89 0.91 2.44 3.70 4.78 5.25 5.17 4.45 3.56 2.82 2.11 1.50 0.98 0.79 2.32 3.69 4.80 5.41 5.45 4.73
 18   3.84 3.04 2.26 1.57 0.99 0.59 0.66 2.79 4.25 5.25 5.73 5.37 4.36 3.48 2.59 1.85 1.18 0.72 0.69 2.50 4.03 5.23 5.71 5.51
 19   4.57 3.68 2.80 2.03 1.34 0.75 0.41 1.37 3.34 4.79 5.65 5.78 5.13 4.11 3.23 2.32 1.61 0.97 0.53 0.75 3.11 4.55 5.54 5.82
 20   5.31 4.26 3.38 2.41 1.64 1.03 0.50 0.45 2.48 3.85 5.19 6.03 5.85 4.81 3.83 2.88 2.02 1.32 0.77 0.47 2.13 3.80 5.11 5.75
 21   5.64 4.80 3.88 3.00 2.11 1.43 0.85 0.48 1.02 3.40 4.86 5.77 5.98 5.32 4.35 3.45 2.50 1.75 1.13 0.65 0.65 2.74 3.80 4.63
 22   5.13 5.02 4.30 3.53 2.66 1.87 1.24 0.70 0.42 2.19 3.86 5.43 5.73 5.59 4.80 3.88 3.04 2.31 1.67 1.13 0.93 1.62 3.13 4.20
 23   4.95 5.29 4.83 3.86 3.06 2.33 1.71 1.14 0.85 1.33 3.00 4.16 5.02 5.34 5.08 4.22 3.44 2.68 2.03 1.50 1.13 1.20 2.40 3.51
 24   4.38 4.74 4.70 4.07 3.35 2.66 2.07 1.56 1.17 1.15 2.40 3.42 4.34 4.83 4.95 4.54 3.77 3.10 2.42 1.87 1.51 1.49 2.11 3.04
 25   3.86 4.40 4.57 4.35 3.65 2.98 2.36 1.88 1.50 1.45 2.05 2.91 3.76 4.35 4.68 4.65 4.11 3.50 2.94 2.37 1.94 1.68 1.82 2.60
 26   3.33 3.93 4.25 4.24 3.87 3.37 2.85 2.37 2.00 1.87 2.02 2.73 3.40 3.92 4.31 4.43 4.27 3.87 3.40 2.92 2.50 2.18 2.10 2.37
 27   2.86 3.43 3.82 4.01 3.98 3.71 3.31 2.93 2.60 2.40 2.34 2.49 2.82 3.17 3.62 4.01 4.22 4.20 3.94 3.55 3.19 2.84 2.60 2.46
 28   2.52 2.83 3.18 3.47 3.65 3.72 3.64 3.45 3.21 2.95 2.73 2.59 2.55 2.65 2.89 3.28 3.68 4.00 4.20 4.15 3.87 3.52 3.17 2.81
 29   2.53 2.36 2.43 2.77 3.24 3.67 3.93 4.03 3.93 3.61 3.24 2.88 2.52 2.27 2.25 2.54 3.12 3.73 4.22 4.51 4.53 4.22 3.75 3.27
 30   2.78 2.41 2.15 2.13 2.60 3.25 3.80 4.23 4.43 4.35 3.81 3.32 2.82 2.35 1.98 1.85 2.23 3.12 3.92 4.52 4.75 4.64 4.11 3.47
 ----------------------------------------------------------------------------------------------------------------------------
                                                                                               
 ----------------------------------------------------------------------------------------------------------------------------
 ----------------------------------------------------------------------------------------------------------------------------
                                                          SURVEY OF INDIA
                                                    MARINE GEODESY WING (G&RB)
                                                     HOURLY HEIGHTS IN METRES
  NAME OF PORT:- HALDIA                                                                             MONTH MAY       YEAR 2019
 ----------------------------------------------------------------------------------------------------------------------------
 DAYS 0000 0001 0002 0003 0004 0005 0006 0007 0008 0009 0010 0011 0012 0013 0014 0015 0016 0017 0018 0019 0020 0021 0022 0023
 ----------------------------------------------------------------------------------------------------------------------------
  1   2.88 2.37 1.94 1.61 1.65 2.38 3.27 4.10 4.69 4.88 4.57 3.95 3.28 2.65 2.08 1.60 1.55 2.24 3.39 4.41 5.06 5.26 4.89 4.07
  2   3.35 2.63 2.00 1.44 1.25 1.60 2.95 4.12 4.98 5.37 5.20 4.44 3.71 2.99 2.34 1.81 1.42 1.54 2.80 3.90 4.96 5.49 5.34 4.62
  3   3.87 3.12 2.40 1.83 1.38 1.08 2.04 3.48 4.61 5.26 5.36 4.95 4.30 3.30 2.54 1.88 1.34 0.99 1.79 3.30 4.55 5.38 5.54 5.25
  4   4.74 4.18 3.55 2.69 1.80 1.15 1.05 2.49 4.00 5.10 5.55 5.34 4.60 3.76 2.89 2.08 1.35 0.80 0.65 2.04 3.76 5.20 5.79 5.60
  5   4.70 3.82 2.85 2.08 1.37 0.80 0.52 2.05 3.79 5.28 6.05 5.95 5.09 4.19 3.30 2.43 1.72 1.15 0.90 1.60 3.41 4.78 5.70 5.84
  6   5.31 4.34 3.43 2.60 1.83 1.17 0.71 0.80 3.20 4.74 5.77 6.12 5.70 4.83 3.94 3.03 2.24 1.60 1.10 1.05 2.27 3.76 4.98 5.69
  7   5.68 4.94 4.00 3.20 2.38 1.70 1.11 0.83 1.86 3.72 5.14 5.90 5.98 5.46 4.51 3.64 2.80 2.08 1.48 1.14 1.39 3.04 4.36 5.35
  8   5.70 5.40 4.53 3.68 2.80 2.08 1.45 1.00 0.98 2.86 4.22 5.29 5.80 5.70 5.01 4.16 3.33 2.53 1.86 1.30 1.25 2.11 3.51 4.67
  9   5.29 5.38 4.85 4.02 3.26 2.50 1.87 1.31 1.05 1.81 3.40 4.57 5.33 5.61 5.34 4.54 3.78 3.00 2.35 1.81 1.43 1.52 2.70 3.80
 10   4.67 5.09 5.03 4.43 3.69 2.98 2.32 1.78 1.37 1.38 2.56 3.57 4.44 5.00 5.20 4.91 4.22 3.55 2.90 2.35 1.89 1.68 1.92 2.94
 11   3.84 4.47 4.78 4.67 4.14 3.51 2.86 2.27 1.80 1.54 1.70 2.74 3.54 4.25 4.77 4.96 4.68 4.06 3.48 2.89 2.38 2.01 1.88 2.18
 12   2.85 3.60 4.17 4.48 4.46 4.07 3.52 2.98 2.45 2.02 1.76 1.88 2.50 3.29 4.04 4.54 4.75 4.58 4.13 3.66 3.16 2.68 2.27 2.04
 13   2.09 2.54 3.10 3.63 4.07 4.30 4.28 3.97 3.53 3.04 2.50 2.10 1.91 2.05 2.78 3.56 4.20 4.68 4.82 4.60 4.10 3.60 3.05 2.54
 14   2.11 1.79 1.74 2.25 3.07 3.77 4.33 4.65 4.59 4.03 3.45 2.88 2.37 2.01 1.85 2.20 3.09 3.99 4.70 4.93 4.70 4.21 3.62 2.95
 15   2.41 1.90 1.50 1.45 2.00 3.01 3.95 4.68 5.00 4.94 4.35 3.61 2.92 2.35 1.86 1.63 1.86 3.00 4.06 4.84 5.20 4.92 4.35 3.77
 16   3.08 2.44 1.86 1.42 1.18 1.57 3.10 4.34 5.23 5.52 5.24 4.40 3.63 2.87 2.18 1.62 1.26 1.54 3.10 4.26 5.15 5.45 5.23 4.51
 17   3.75 2.95 2.21 1.62 1.10 1.05 2.31 3.73 5.13 5.81 5.76 5.11 4.20 3.39 2.56 1.88 1.29 1.10 2.02 3.60 4.92 5.63 5.64 5.13
 18   4.27 3.44 2.58 1.90 1.28 0.98 1.08 3.13 4.56 5.61 6.00 5.65 4.75 3.93 3.06 2.28 1.62 1.15 1.03 2.46 3.90 5.07 5.60 5.54
 19   4.84 4.00 3.23 2.41 1.73 1.11 0.88 1.53 3.53 4.99 5.87 5.92 5.29 4.34 3.50 2.67 1.96 1.36 1.01 1.34 3.07 4.31 5.23 5.52
 20   5.21 4.36 3.54 2.75 2.02 1.42 0.98 0.86 2.57 4.03 5.27 5.74 5.64 4.94 4.07 3.24 2.48 1.82 1.31 1.07 1.86 3.30 4.47 5.12
 21   5.21 4.78 4.00 3.25 2.50 1.89 1.33 1.10 1.50 3.24 4.50 5.36 5.63 5.30 4.44 3.68 2.98 2.27 1.68 1.28 1.30 2.66 3.79 4.76
 22   5.18 5.08 4.43 3.66 2.93 2.28 1.72 1.24 1.18 2.44 3.65 4.72 5.30 5.40 4.90 4.13 3.39 2.69 2.11 1.66 1.52 2.16 3.25 4.22
 23   4.80 4.83 4.47 3.78 3.16 2.52 1.93 1.47 1.30 1.92 3.17 4.12 4.83 5.12 5.07 4.52 3.81 3.20 2.57 2.07 1.76 1.82 2.73 3.65
 24   4.42 4.80 4.76 4.28 3.66 3.10 2.52 2.06 1.74 1.83 2.83 3.79 4.52 4.98 5.12 4.86 4.21 3.57 2.94 2.34 1.87 1.74 2.16 3.05
 25   3.82 4.32 4.50 4.41 4.04 3.46 2.90 2.41 2.07 2.02 2.45 3.24 3.96 4.58 4.93 4.92 4.44 3.88 3.31 2.75 2.25 1.85 1.82 2.36
 26   3.05 3.66 4.18 4.30 4.06 3.65 3.16 2.67 2.28 2.10 2.20 2.67 3.20 3.77 4.18 4.44 4.42 4.08 3.64 3.20 2.73 2.39 2.18 2.23
 27   2.66 3.20 3.71 4.02 4.10 3.89 3.53 3.18 2.84 2.56 2.36 2.35 2.63 3.10 3.53 3.97 4.30 4.39 4.21 3.85 3.40 2.94 2.56 2.33
 28   2.28 2.45 2.92 3.38 3.77 4.00 4.05 3.90 3.58 3.24 2.91 2.58 2.36 2.35 2.67 3.23 3.83 4.29 4.51 4.36 3.95 3.53 3.10 2.62
 29   2.23 1.95 2.00 2.60 3.20 3.73 4.07 4.25 4.14 3.75 3.33 2.93 2.50 2.13 2.00 2.23 2.95 3.68 4.20 4.53 4.49 4.08 3.60 3.14
 30   2.67 2.24 1.96 2.00 2.51 3.25 3.92 4.38 4.59 4.48 4.01 3.47 2.96 2.50 2.15 2.02 2.24 3.17 3.99 4.56 4.76 4.65 4.13 3.60
 31   3.00 2.41 1.93 1.66 1.80 2.70 3.56 4.33 4.80 4.92 4.62 4.03 3.42 2.79 2.26 1.80 1.70 2.31 3.36 4.32 4.88 4.99 4.64 3.95
 ----------------------------------------------------------------------------------------------------------------------------
                                                                                               
 ----------------------------------------------------------------------------------------------------------------------------
 ----------------------------------------------------------------------------------------------------------------------------
                                                          SURVEY OF INDIA
                                                    MARINE GEODESY WING (G&RB)
                                                     HOURLY HEIGHTS IN METRES
  NAME OF PORT:- HALDIA                                                                             MONTH JUNE      YEAR 2019
 ----------------------------------------------------------------------------------------------------------------------------
 DAYS 0000 0001 0002 0003 0004 0005 0006 0007 0008 0009 0010 0011 0012 0013 0014 0015 0016 0017 0018 0019 0020 0021 0022 0023
 ----------------------------------------------------------------------------------------------------------------------------
  1   3.27 2.64 2.10 1.63 1.45 1.84 3.01 4.08 4.83 5.10 5.04 4.42 3.70 3.04 2.42 1.91 1.54 1.60 2.55 3.62 4.55 5.03 5.09 4.58
  2   3.81 3.12 2.44 1.86 1.35 1.18 2.05 3.47 4.66 5.40 5.61 5.28 4.41 3.64 2.88 2.22 1.69 1.40 1.60 3.05 4.23 5.14 5.35 5.07
  3   4.35 3.63 2.90 2.14 1.50 1.14 1.29 2.37 3.68 4.90 5.56 5.55 4.93 4.17 3.39 2.60 1.91 1.35 1.10 1.76 3.42 4.66 5.35 5.43
  4   4.82 3.92 3.15 2.46 1.82 1.30 1.05 1.53 3.40 4.79 5.71 6.03 5.63 4.67 3.83 3.07 2.30 1.68 1.25 1.30 2.71 3.97 5.00 5.44
  5   5.35 4.61 3.80 3.02 2.25 1.62 1.13 1.02 2.48 3.98 5.34 6.01 5.92 5.20 4.35 3.48 2.67 1.97 1.46 1.30 1.81 3.23 4.46 5.16
  6   5.28 4.90 4.16 3.28 2.47 1.80 1.20 0.96 1.26 2.83 4.20 5.30 5.77 5.63 4.83 3.97 3.18 2.48 1.90 1.45 1.35 1.77 3.14 4.29
  7   5.05 5.26 4.88 4.02 3.25 2.53 1.94 1.40 1.15 1.76 3.32 4.57 5.39 5.61 5.26 4.40 3.63 2.87 2.27 1.70 1.38 1.44 2.30 3.40
  8   4.37 4.95 5.07 4.51 3.70 3.00 2.36 1.83 1.40 1.26 2.40 3.40 4.43 5.13 5.38 5.10 4.32 3.61 2.93 2.38 1.90 1.60 1.62 2.52
  9   3.48 4.33 4.81 4.90 4.38 3.66 3.03 2.41 1.95 1.63 1.70 2.64 3.47 4.39 4.94 5.14 4.86 4.20 3.54 2.91 2.40 2.00 1.74 1.87
 10   2.74 3.55 4.27 4.70 4.76 4.34 3.72 3.13 2.57 2.13 1.83 1.90 2.64 3.44 4.23 4.82 5.05 4.85 4.22 3.63 3.03 2.52 2.12 1.87
 11   1.93 2.55 3.37 4.04 4.55 4.73 4.53 3.94 3.38 2.82 2.33 2.01 1.94 2.47 3.27 4.09 4.72 5.01 4.90 4.34 3.71 3.12 2.57 2.14
 12   1.84 1.80 2.26 3.06 3.87 4.48 4.83 4.81 4.30 3.70 3.10 2.57 2.14 1.92 2.10 2.94 3.82 4.54 4.94 4.94 4.45 3.82 3.21 2.62
 13   2.11 1.70 1.50 1.65 2.57 3.79 4.69 5.15 5.24 4.80 3.97 3.18 2.50 1.95 1.62 1.66 2.56 3.54 4.50 5.06 5.17 4.68 3.94 3.28
 14   2.61 2.04 1.61 1.48 1.90 3.07 4.12 5.00 5.40 5.32 4.66 3.88 3.16 2.53 1.95 1.50 1.52 2.54 3.67 4.63 5.10 4.98 4.40 3.60
 15   2.95 2.39 1.90 1.46 1.35 2.00 3.18 4.51 5.40 5.80 5.52 4.70 3.88 3.16 2.50 1.97 1.65 1.80 3.04 4.12 4.91 5.28 5.08 4.43
 16   3.78 3.10 2.40 1.82 1.31 1.12 2.35 3.73 4.97 5.55 5.64 5.20 4.40 3.66 2.88 2.24 1.70 1.52 2.01 3.25 4.35 5.12 5.38 5.11
 17   4.35 3.61 2.85 2.20 1.61 1.18 1.21 2.73 4.12 5.30 5.84 5.73 4.92 4.10 3.26 2.50 1.87 1.33 1.25 2.33 3.62 4.78 5.40 5.46
 18   4.81 3.95 3.21 2.50 1.87 1.34 1.12 1.90 3.43 4.82 5.65 5.98 5.46 4.58 3.78 2.95 2.28 1.71 1.38 1.61 3.06 4.15 5.06 5.40
 19   5.19 4.40 3.60 2.85 2.23 1.65 1.21 1.25 2.62 3.96 5.15 5.74 5.65 5.06 4.27 3.48 2.66 2.02 1.50 1.35 2.08 3.18 4.17 4.92
 20   5.17 4.84 4.08 3.35 2.62 2.02 1.50 1.25 1.75 3.26 4.50 5.38 5.70 5.44 4.65 3.87 3.09 2.45 1.93 1.60 1.75 2.78 3.73 4.60
 21   5.09 5.12 4.45 3.66 2.94 2.36 1.87 1.52 1.61 2.60 3.83 4.86 5.36 5.47 5.06 4.25 3.53 2.87 2.33 1.94 1.78 2.42 3.41 4.27
 22   5.00 5.25 5.00 4.26 3.52 2.88 2.32 1.90 1.91 2.60 3.60 4.56 5.20 5.44 5.20 4.64 4.00 3.30 2.69 2.21 1.90 1.95 2.76 3.67
 23   4.47 4.94 5.01 4.48 3.77 3.15 2.57 2.10 1.91 2.10 3.03 3.82 4.59 5.11 5.25 4.88 4.28 3.67 3.04 2.51 2.11 1.91 2.14 3.00
 24   3.78 4.46 4.83 4.76 4.21 3.60 2.95 2.44 2.08 2.04 2.50 3.22 3.91 4.48 4.83 4.88 4.50 3.92 3.40 2.85 2.40 2.05 2.06 2.52
 25   3.26 3.98 4.48 4.69 4.52 4.06 3.56 3.03 2.60 2.31 2.29 2.68 3.25 3.85 4.33 4.64 4.67 4.33 3.83 3.36 2.85 2.45 2.22 2.30
 26   2.76 3.44 3.98 4.33 4.46 4.36 4.06 3.61 3.21 2.83 2.54 2.42 2.61 3.10 3.65 4.15 4.51 4.66 4.44 3.95 3.45 2.94 2.52 2.27
 27   2.27 2.68 3.30 3.83 4.21 4.45 4.41 4.13 3.76 3.36 2.95 2.62 2.38 2.41 2.80 3.39 3.99 4.43 4.63 4.47 4.02 3.52 3.01 2.50
 28   2.10 1.96 2.42 3.08 3.70 4.20 4.56 4.67 4.51 4.06 3.58 2.98 2.45 2.10 2.07 2.50 3.23 3.96 4.43 4.65 4.54 4.06 3.52 2.99
 29   2.53 2.12 1.95 2.10 2.92 3.66 4.35 4.82 4.97 4.73 4.12 3.47 2.86 2.36 2.00 2.01 2.44 3.23 4.02 4.59 4.89 4.69 4.12 3.44
 30   2.72 2.15 1.77 1.66 1.96 2.87 3.89 4.76 5.32 5.36 4.88 4.05 3.30 2.67 2.11 1.72 1.75 2.49 3.50 4.50 5.08 5.17 4.70 3.96
 ----------------------------------------------------------------------------------------------------------------------------
                                                                                               
 ----------------------------------------------------------------------------------------------------------------------------
 ----------------------------------------------------------------------------------------------------------------------------
                                                          SURVEY OF INDIA
                                                    MARINE GEODESY WING (G&RB)
                                                     HOURLY HEIGHTS IN METRES
  NAME OF PORT:- HALDIA                                                                             MONTH JULY      YEAR 2019
 ----------------------------------------------------------------------------------------------------------------------------
 DAYS 0000 0001 0002 0003 0004 0005 0006 0007 0008 0009 0010 0011 0012 0013 0014 0015 0016 0017 0018 0019 0020 0021 0022 0023
 ----------------------------------------------------------------------------------------------------------------------------
  1   3.24 2.58 2.02 1.57 1.35 1.83 3.06 4.34 5.32 5.73 5.52 4.78 3.97 3.23 2.57 2.02 1.68 1.82 2.69 3.82 4.90 5.52 5.56 4.90
  2   4.08 3.34 2.73 2.17 1.72 1.60 2.16 3.63 5.00 5.87 6.21 5.69 4.70 3.92 3.05 2.40 1.80 1.47 1.66 3.04 4.33 5.38 5.79 5.56
  3   4.74 3.95 3.13 2.30 1.71 1.23 1.15 2.52 4.11 5.54 6.22 6.18 5.36 4.39 3.44 2.60 1.92 1.41 1.25 1.95 3.51 4.89 5.70 5.87
  4   5.29 4.36 3.50 2.67 1.95 1.30 0.92 1.15 3.27 4.85 5.88 6.36 6.04 5.18 4.26 3.32 2.49 1.81 1.20 1.08 1.94 3.61 4.98 5.73
  5   5.79 5.15 4.21 3.36 2.53 1.83 1.21 0.96 1.54 3.55 5.10 5.98 6.27 5.77 4.76 3.90 3.01 2.24 1.57 1.12 1.18 2.51 4.01 5.27
  6   5.91 5.78 4.89 4.01 3.13 2.37 1.72 1.17 1.12 2.30 3.86 5.23 5.99 6.10 5.57 4.70 3.86 3.01 2.28 1.68 1.29 1.38 2.72 4.07
  7   5.09 5.59 5.46 4.78 3.97 3.20 2.48 1.86 1.37 1.30 2.59 3.94 5.09 5.67 5.67 5.16 4.41 3.58 2.81 2.13 1.59 1.21 1.44 2.92
  8   4.13 5.04 5.41 5.22 4.52 3.73 3.06 2.36 1.83 1.58 1.92 3.04 4.15 5.06 5.53 5.46 4.90 4.23 3.52 2.79 2.15 1.65 1.52 2.01
  9   3.22 4.29 4.99 5.23 5.05 4.46 3.80 3.14 2.55 2.10 1.93 2.22 3.18 4.10 4.81 5.25 5.25 4.76 4.13 3.46 2.80 2.21 1.75 1.63
 10   2.19 3.17 4.10 4.72 4.96 4.86 4.38 3.74 3.19 2.66 2.20 2.01 2.17 2.96 3.84 4.48 4.92 4.90 4.45 3.91 3.35 2.78 2.27 1.90
 11   1.78 2.19 3.10 3.96 4.56 4.89 4.91 4.57 4.07 3.55 3.04 2.58 2.25 2.26 2.70 3.43 4.19 4.72 4.90 4.65 4.10 3.55 2.97 2.43
 12   1.99 1.75 2.00 2.86 3.73 4.43 4.90 5.03 4.78 4.26 3.64 3.07 2.53 2.10 1.97 2.47 3.36 4.10 4.61 4.80 4.61 4.11 3.52 3.00
 13   2.50 2.10 1.87 2.02 2.83 3.66 4.42 4.96 5.12 4.91 4.30 3.71 3.10 2.55 2.10 1.90 2.06 3.07 3.94 4.56 4.85 4.73 4.22 3.60
 14   3.02 2.41 1.98 1.69 1.75 2.64 3.55 4.50 5.08 5.24 4.92 4.29 3.60 2.91 2.34 1.90 1.66 2.08 3.17 4.03 4.67 4.92 4.72 4.18
 15   3.45 2.81 2.25 1.78 1.47 1.56 2.80 3.90 4.87 5.38 5.41 4.93 4.20 3.45 2.76 2.17 1.69 1.50 2.20 3.30 4.18 4.83 5.02 4.72
 16   3.97 3.31 2.67 2.13 1.63 1.45 1.65 3.08 4.28 5.21 5.57 5.37 4.67 3.88 3.13 2.54 1.91 1.44 1.43 2.44 3.50 4.46 4.99 5.03
 17   4.55 3.79 3.08 2.43 1.87 1.41 1.25 2.02 3.42 4.73 5.52 5.67 5.25 4.40 3.59 2.82 2.21 1.68 1.44 1.66 2.80 4.02 4.93 5.20
 18   4.98 4.20 3.48 2.76 2.15 1.63 1.28 1.38 2.85 4.06 5.20 5.66 5.60 4.93 4.10 3.35 2.63 2.04 1.62 1.51 2.24 3.40 4.42 5.06
 19   5.21 4.75 3.92 3.21 2.56 1.98 1.53 1.35 2.10 3.51 4.77 5.49 5.73 5.36 4.51 3.75 3.02 2.39 1.89 1.57 1.68 2.83 3.87 4.80
 20   5.21 5.15 4.45 3.70 2.98 2.38 1.87 1.49 1.60 3.00 4.18 5.17 5.63 5.61 4.91 4.13 3.40 2.71 2.14 1.68 1.63 2.32 3.45 4.56
 21   5.14 5.29 4.88 4.11 3.38 2.73 2.16 1.70 1.52 2.29 3.54 4.62 5.31 5.52 5.19 4.41 3.66 2.95 2.35 1.87 1.65 1.85 2.90 4.04
 22   4.89 5.25 5.14 4.44 3.73 3.05 2.45 1.95 1.68 1.94 3.00 4.00 4.89 5.33 5.30 4.70 3.98 3.31 2.70 2.20 1.82 1.80 2.48 3.44
 23   4.40 5.00 5.17 4.81 4.10 3.46 2.81 2.28 1.92 1.90 2.60 3.49 4.35 5.04 5.30 5.07 4.44 3.76 3.12 2.58 2.11 1.86 2.03 3.00
 24   3.86 4.64 5.04 5.01 4.42 3.81 3.19 2.64 2.24 2.05 2.31 3.18 3.95 4.62 5.02 5.05 4.61 4.01 3.40 2.81 2.32 1.95 1.90 2.50
 25   3.28 4.00 4.63 4.82 4.65 4.13 3.57 3.04 2.60 2.27 2.24 2.63 3.24 3.94 4.51 4.88 4.83 4.35 3.83 3.22 2.68 2.27 2.02 2.13
 26   2.71 3.53 4.15 4.55 4.67 4.45 4.02 3.54 3.10 2.69 2.42 2.38 2.64 3.13 3.69 4.19 4.54 4.63 4.37 3.87 3.38 2.82 2.36 2.05
 27   2.08 2.63 3.27 3.92 4.36 4.61 4.61 4.31 3.84 3.37 2.90 2.52 2.32 2.41 2.88 3.46 4.04 4.55 4.74 4.49 3.96 3.44 2.90 2.43
 28   2.08 2.06 2.51 3.15 3.88 4.47 4.88 4.96 4.65 4.18 3.64 3.19 2.77 2.48 2.49 2.88 3.49 4.14 4.66 4.92 4.80 4.30 3.73 3.20
 29   2.74 2.39 2.27 2.53 3.18 3.98 4.71 5.33 5.61 5.41 4.86 4.23 3.65 3.05 2.60 2.40 2.56 3.30 4.21 4.93 5.32 5.25 4.65 3.98
 30   3.31 2.71 2.21 1.88 1.95 2.87 3.97 5.03 5.62 5.77 5.35 4.66 3.93 3.18 2.54 2.02 1.75 2.00 3.20 4.28 5.12 5.46 5.30 4.64
 31   3.85 3.14 2.44 1.86 1.39 1.34 2.50 3.94 5.21 5.85 5.91 5.41 4.60 3.76 2.92 2.21 1.61 1.29 1.51 3.09 4.32 5.30 5.62 5.35
 ----------------------------------------------------------------------------------------------------------------------------
                                                                                               
 ----------------------------------------------------------------------------------------------------------------------------
 ----------------------------------------------------------------------------------------------------------------------------
                                                          SURVEY OF INDIA
                                                    MARINE GEODESY WING (G&RB)
                                                     HOURLY HEIGHTS IN METRES
  NAME OF PORT:- HALDIA                                                                             MONTH AUGUST    YEAR 2019
 ----------------------------------------------------------------------------------------------------------------------------
 DAYS 0000 0001 0002 0003 0004 0005 0006 0007 0008 0009 0010 0011 0012 0013 0014 0015 0016 0017 0018 0019 0020 0021 0022 0023
 ----------------------------------------------------------------------------------------------------------------------------
  1   4.53 3.75 2.92 2.20 1.55 1.05 0.95 2.65 4.30 5.60 6.24 6.07 5.21 4.38 3.44 2.63 1.93 1.34 1.10 1.52 3.38 4.82 5.70 5.92
  2   5.42 4.42 3.56 2.71 1.96 1.31 0.86 1.00 3.31 5.00 6.08 6.51 6.05 5.10 4.15 3.22 2.35 1.65 1.05 0.95 2.04 3.81 5.32 6.11
  3   6.06 5.17 4.21 3.30 2.40 1.66 1.00 0.78 1.58 3.74 5.33 6.25 6.47 5.73 4.71 3.77 2.82 2.07 1.38 0.91 0.78 2.47 4.16 5.53
  4   6.11 5.90 4.94 4.01 3.02 2.20 1.48 0.79 0.65 2.10 3.95 5.48 6.20 6.12 5.20 4.25 3.32 2.47 1.75 1.15 0.81 1.06 3.16 4.57
  5   5.60 5.91 5.40 4.45 3.58 2.68 1.95 1.30 0.80 0.86 3.00 4.45 5.47 5.98 5.81 5.00 4.05 3.09 2.34 1.71 1.18 0.95 1.72 3.35
  6   4.71 5.65 5.83 5.30 4.30 3.46 2.68 2.01 1.48 1.28 2.10 3.42 4.58 5.48 5.83 5.57 4.74 3.94 3.18 2.53 2.00 1.68 1.78 2.75
  7   3.79 4.88 5.54 5.67 5.17 4.37 3.70 3.07 2.63 2.32 2.40 3.32 4.23 5.09 5.55 5.60 5.17 4.56 3.90 3.22 2.60 2.17 2.08 2.51
  8   3.59 4.56 5.35 5.70 5.66 5.15 4.47 3.84 3.23 2.78 2.63 2.85 3.34 4.00 4.64 5.07 5.16 4.89 4.37 3.75 3.19 2.70 2.34 2.18
  9   2.51 3.30 4.03 4.57 4.92 4.93 4.56 4.11 3.61 3.14 2.73 2.40 2.38 2.90 3.50 4.08 4.51 4.70 4.50 4.05 3.58 3.11 2.70 2.40
 10   2.24 2.39 2.94 3.60 4.22 4.62 4.82 4.71 4.25 3.75 3.27 2.85 2.50 2.32 2.58 3.13 3.71 4.19 4.52 4.55 4.26 3.85 3.41 2.97
 11   2.58 2.28 2.21 2.55 3.20 3.90 4.45 4.87 4.92 4.52 4.00 3.42 2.85 2.40 2.14 2.19 2.80 3.50 4.15 4.58 4.70 4.50 3.95 3.44
 12   2.92 2.47 2.10 1.95 2.18 2.80 3.58 4.62 5.13 5.22 4.80 4.19 3.52 2.93 2.44 2.09 2.02 2.53 3.30 4.07 4.62 4.88 4.72 4.11
 13   3.47 2.87 2.33 1.90 1.75 2.29 3.35 4.49 5.28 5.56 5.35 4.80 4.17 3.52 2.86 2.31 1.98 2.05 2.82 3.81 4.62 5.16 5.25 4.81
 14   4.14 3.52 2.85 2.31 1.89 1.79 2.47 3.75 4.90 5.62 5.82 5.46 4.70 3.97 3.17 2.50 1.95 1.64 1.93 3.10 4.20 4.98 5.37 5.28
 15   4.64 3.95 3.23 2.54 1.90 1.50 1.60 2.86 4.18 5.24 5.80 5.73 5.04 4.30 3.50 2.70 2.04 1.52 1.36 2.11 3.46 4.57 5.22 5.41
 16   5.00 4.18 3.44 2.74 2.10 1.54 1.28 1.83 3.48 4.74 5.60 5.84 5.46 4.62 3.83 3.03 2.38 1.83 1.41 1.43 2.76 3.95 4.97 5.44
 17   5.36 4.68 3.92 3.17 2.42 1.76 1.22 1.03 2.37 3.80 4.98 5.69 5.66 5.05 4.25 3.40 2.60 1.97 1.46 1.20 2.06 3.49 4.71 5.49
 18   5.67 5.24 4.24 3.40 2.61 1.96 1.36 1.12 1.88 3.40 4.57 5.53 5.86 5.48 4.61 3.79 3.03 2.35 1.75 1.39 1.62 3.12 4.34 5.27
 19   5.60 5.44 4.69 3.92 3.15 2.47 1.90 1.46 1.58 3.00 4.25 5.20 5.68 5.69 5.03 4.21 3.43 2.74 2.18 1.70 1.53 2.10 3.37 4.58
 20   5.35 5.59 5.22 4.37 3.62 2.90 2.30 1.78 1.53 2.14 3.48 4.57 5.41 5.68 5.34 4.54 3.78 3.04 2.43 1.91 1.58 1.71 2.96 4.03
 21   4.98 5.42 5.36 4.65 3.91 3.24 2.61 2.08 1.74 1.81 2.90 3.88 4.76 5.30 5.40 4.81 4.03 3.35 2.75 2.18 1.76 1.65 2.30 3.42
 22   4.46 5.16 5.35 4.96 4.18 3.51 2.87 2.34 1.96 1.87 2.58 3.46 4.28 4.91 5.20 5.01 4.32 3.65 3.05 2.48 2.02 1.82 2.02 3.00
 23   3.94 4.69 5.11 5.10 4.50 3.83 3.23 2.66 2.24 2.04 2.31 3.04 3.76 4.40 4.84 4.90 4.50 3.93 3.37 2.76 2.28 1.94 2.00 2.60
 24   3.28 4.08 4.63 4.90 4.73 4.20 3.66 3.12 2.63 2.32 2.30 2.58 3.10 3.69 4.19 4.52 4.58 4.26 3.77 3.29 2.76 2.34 2.06 2.14
 25   2.61 3.27 3.90 4.37 4.63 4.60 4.25 3.78 3.35 2.96 2.65 2.48 2.59 2.90 3.35 3.87 4.23 4.45 4.40 4.04 3.56 3.08 2.61 2.29
 26   2.23 2.58 3.08 3.66 4.23 4.67 4.82 4.66 4.21 3.76 3.29 2.85 2.53 2.32 2.47 3.00 3.62 4.18 4.55 4.62 4.38 3.86 3.31 2.75
 27   2.30 1.98 2.00 2.60 3.38 4.26 4.82 5.08 4.90 4.50 3.98 3.44 2.89 2.35 1.94 1.82 2.25 3.12 3.99 4.67 4.95 4.68 4.02 3.35
 28   2.67 2.05 1.58 1.47 2.25 3.46 4.57 5.31 5.46 5.28 4.85 4.20 3.43 2.73 2.10 1.59 1.34 1.68 2.81 4.02 5.00 5.34 5.07 4.20
 29   3.38 2.56 1.90 1.38 1.08 1.24 2.91 4.39 5.40 6.03 5.88 5.14 4.22 3.42 2.60 1.90 1.33 1.08 1.71 3.49 4.90 5.74 5.84 5.20
 30   4.23 3.37 2.50 1.80 1.15 0.82 1.30 3.50 5.07 5.95 6.39 6.00 5.07 4.11 3.12 2.33 1.58 1.04 0.79 1.86 3.80 5.34 6.16 6.12
 31   5.14 4.19 3.26 2.36 1.60 1.00 0.67 1.87 4.02 5.67 6.42 6.53 5.82 4.75 3.87 2.88 2.06 1.33 0.80 0.65 2.42 4.30 5.80 6.42
 ----------------------------------------------------------------------------------------------------------------------------
                                                                                               
 ----------------------------------------------------------------------------------------------------------------------------
 ----------------------------------------------------------------------------------------------------------------------------
                                                          SURVEY OF INDIA
                                                    MARINE GEODESY WING (G&RB)
                                                     HOURLY HEIGHTS IN METRES
  NAME OF PORT:- HALDIA                                                                             MONTH SEPT      YEAR 2019
 ----------------------------------------------------------------------------------------------------------------------------
 DAYS 0000 0001 0002 0003 0004 0005 0006 0007 0008 0009 0010 0011 0012 0013 0014 0015 0016 0017 0018 0019 0020 0021 0022 0023
 ----------------------------------------------------------------------------------------------------------------------------
  1   6.20 5.07 4.05 3.05 2.12 1.35 0.75 0.60 2.06 4.16 5.81 6.57 6.41 5.35 4.38 3.41 2.61 1.80 1.14 0.73 0.64 3.09 4.77 6.01
  2   6.48 6.06 4.90 3.93 2.83 1.98 1.29 0.84 0.83 3.10 4.64 5.95 6.50 6.20 5.12 4.20 3.20 2.30 1.54 0.95 0.72 1.95 3.82 5.32
  3   6.24 6.30 5.42 4.40 3.41 2.50 1.75 1.15 0.91 2.05 3.86 5.12 5.99 6.24 5.64 4.63 3.77 2.87 2.15 1.53 1.15 1.24 2.94 4.34
  4   5.48 6.03 5.89 4.97 4.05 3.18 2.42 1.80 1.38 1.47 2.85 4.11 5.23 5.83 5.80 5.08 4.32 3.53 2.78 2.16 1.68 1.60 2.38 3.52
  5   4.66 5.43 5.69 5.33 4.46 3.72 3.01 2.40 1.98 1.90 2.50 3.47 4.29 5.01 5.36 5.13 4.54 3.90 3.24 2.65 2.19 1.98 2.13 3.02
  6   3.92 4.64 5.14 5.21 4.73 4.10 3.44 2.85 2.42 2.22 2.45 3.04 3.64 4.23 4.73 4.88 4.63 4.11 3.60 3.08 2.69 2.44 2.42 2.73
  7   3.33 3.94 4.47 4.87 4.95 4.62 4.08 3.56 3.07 2.70 2.55 2.65 3.06 3.50 3.91 4.23 4.41 4.36 4.03 3.67 3.28 2.93 2.72 2.71
  8   2.89 3.22 3.64 4.04 4.43 4.60 4.48 4.16 3.72 3.30 2.95 2.76 2.70 2.78 3.00 3.38 3.78 4.12 4.30 4.27 3.95 3.61 3.29 2.97
  9   2.72 2.55 2.63 3.06 3.58 4.10 4.46 4.63 4.57 4.22 3.76 3.31 2.90 2.52 2.30 2.36 2.84 3.45 3.98 4.34 4.42 4.23 3.82 3.38
 10   2.93 2.50 2.20 2.18 2.70 3.44 4.16 4.64 4.88 4.82 4.44 3.85 3.30 2.72 2.22 1.92 1.95 2.64 3.38 4.14 4.60 4.61 4.24 3.77
 11   3.20 2.64 2.15 1.81 1.78 2.50 3.55 4.48 5.05 5.18 5.03 4.41 3.72 3.10 2.43 1.81 1.39 1.50 2.60 3.67 4.48 4.94 4.91 4.28
 12   3.55 2.83 2.20 1.68 1.34 1.53 3.00 4.14 5.03 5.53 5.66 5.25 4.57 3.69 2.80 2.07 1.55 1.31 1.92 3.43 4.48 5.09 5.30 4.83
 13   4.04 3.29 2.53 1.95 1.48 1.41 2.40 3.76 4.74 5.41 5.77 5.53 4.77 3.98 3.21 2.46 1.82 1.31 1.22 2.49 3.88 5.05 5.62 5.52
 14   4.72 3.87 3.05 2.31 1.65 1.18 1.25 2.90 4.24 5.30 5.78 5.78 5.18 4.36 3.55 2.79 2.09 1.44 1.15 1.60 3.34 4.60 5.50 5.67
 15   5.13 4.20 3.33 2.54 1.81 1.26 1.04 2.05 3.70 4.98 5.74 5.90 5.56 4.70 3.86 3.07 2.28 1.60 1.12 1.11 2.98 4.30 5.43 5.81
 16   5.45 4.52 3.61 2.77 2.05 1.41 1.06 1.39 2.88 4.35 5.34 5.79 5.72 5.03 4.18 3.37 2.66 1.95 1.30 1.02 2.20 3.77 5.06 5.73
 17   5.67 4.82 3.88 3.01 2.22 1.50 1.05 1.04 2.28 3.92 4.95 5.68 5.86 5.28 4.41 3.62 2.87 2.16 1.49 1.05 1.30 3.09 4.44 5.48
 18   5.81 5.39 4.40 3.52 2.66 1.95 1.45 1.20 1.53 3.25 4.42 5.25 5.78 5.60 4.75 3.90 3.08 2.38 1.75 1.32 1.20 2.20 3.70 4.92
 19   5.59 5.67 4.85 3.95 3.10 2.38 1.80 1.45 1.39 2.33 3.80 4.80 5.35 5.51 5.10 4.28 3.48 2.80 2.15 1.60 1.35 1.79 3.12 4.23
 20   5.06 5.39 5.11 4.42 3.57 2.81 2.20 1.76 1.60 1.87 2.76 3.72 4.53 5.02 5.02 4.48 3.78 3.10 2.51 1.97 1.58 1.60 2.62 3.60
 21   4.49 4.99 5.06 4.51 3.83 3.18 2.57 2.04 1.80 1.90 2.44 3.11 4.00 5.00 5.60 5.10 4.30 3.58 2.87 2.32 1.88 1.70 2.00 2.80
 22   3.75 4.47 4.78 4.70 4.12 3.54 2.94 2.49 2.20 2.08 2.22 2.68 3.22 3.80 4.23 4.42 4.28 3.82 3.33 2.82 2.40 2.11 2.15 2.60
 23   3.21 3.87 4.35 4.56 4.50 4.18 3.70 3.25 2.91 2.61 2.45 2.48 2.72 3.06 3.48 3.95 4.35 4.43 4.26 3.79 3.33 2.90 2.58 2.47
 24   2.59 2.97 3.52 4.08 4.52 4.72 4.66 4.40 4.02 3.68 3.34 3.00 2.77 2.70 2.86 3.26 3.76 4.34 4.80 4.90 4.55 4.01 3.42 2.90
 25   2.47 2.23 2.26 2.86 3.79 4.62 5.05 5.20 5.10 4.60 3.98 3.40 2.80 2.33 1.97 1.92 2.40 3.19 4.06 4.68 4.94 4.69 4.01 3.30
 26   2.75 2.20 1.77 1.62 2.05 3.36 4.38 5.17 5.43 5.36 4.85 4.13 3.42 2.78 2.18 1.70 1.53 1.87 2.81 4.04 4.98 5.38 5.21 4.34
 27   3.51 2.75 2.06 1.55 1.33 1.50 3.05 4.32 5.30 5.77 5.65 4.96 4.13 3.40 2.57 1.87 1.30 1.05 1.50 3.42 4.87 5.72 5.80 5.22
 28   4.19 3.30 2.45 1.74 1.18 0.96 1.50 3.70 5.05 5.88 6.14 5.87 4.89 3.98 3.05 2.24 1.51 0.97 0.73 2.20 4.00 5.40 6.17 6.12
 29   5.34 4.25 3.31 2.41 1.62 1.00 0.78 1.42 3.66 5.30 6.23 6.27 5.60 4.50 3.61 2.65 1.88 1.19 0.72 0.65 2.88 4.62 5.93 6.42
 30   6.11 4.94 3.98 2.96 2.10 1.37 0.86 0.65 2.86 4.97 6.00 6.39 6.11 5.08 4.15 3.14 2.27 1.55 0.90 0.64 1.29 3.71 5.20 6.22
 ----------------------------------------------------------------------------------------------------------------------------
                                                                                               
 ----------------------------------------------------------------------------------------------------------------------------
 ----------------------------------------------------------------------------------------------------------------------------
                                                          SURVEY OF INDIA
                                                    MARINE GEODESY WING (G&RB)
                                                     HOURLY HEIGHTS IN METRES
  NAME OF PORT:- HALDIA                                                                             MONTH OCTOBER   YEAR 2019
 ----------------------------------------------------------------------------------------------------------------------------
 DAYS 0000 0001 0002 0003 0004 0005 0006 0007 0008 0009 0010 0011 0012 0013 0014 0015 0016 0017 0018 0019 0020 0021 0022 0023
 ----------------------------------------------------------------------------------------------------------------------------
  1   6.38 5.68 4.61 3.62 2.62 1.80 1.15 0.73 0.81 3.04 4.80 5.86 6.05 5.38 4.35 3.46 2.57 1.78 1.16 0.73 0.67 3.03 4.62 5.77
  2   6.19 5.85 4.91 3.95 2.97 2.16 1.40 0.90 0.88 2.42 3.92 4.98 5.73 5.66 4.99 4.12 3.38 2.57 1.92 1.37 1.04 1.26 3.04 4.80
  3   5.50 5.72 5.47 4.63 3.83 2.99 2.29 1.67 1.28 1.36 2.50 3.80 4.78 5.28 5.17 4.50 3.79 3.06 2.46 1.90 1.43 1.32 2.01 3.32
  4   4.36 5.06 5.32 5.00 4.26 3.60 2.90 2.34 1.82 1.59 1.89 2.90 3.86 4.53 4.81 4.56 3.95 3.37 2.83 2.28 1.84 1.62 1.84 2.76
  5   3.67 4.39 4.82 4.85 4.42 3.85 3.29 2.70 2.21 1.90 2.00 2.55 3.20 3.83 4.24 4.35 4.11 3.65 3.17 2.68 2.28 2.00 2.02 2.58
  6   3.15 3.78 4.24 4.45 4.38 4.03 3.58 3.10 2.66 2.35 2.25 2.43 2.78 3.23 3.62 3.90 3.95 3.75 3.48 3.20 2.90 2.63 2.50 2.48
  7   2.65 3.00 3.39 3.79 4.05 4.13 4.03 3.74 3.40 3.03 2.70 2.45 2.35 2.45 2.80 3.23 3.57 3.82 3.90 3.81 3.59 3.31 2.97 2.68
  8   2.46 2.45 2.64 3.02 3.50 3.93 4.24 4.32 4.15 3.78 3.40 2.96 2.55 2.24 2.15 2.30 2.86 3.42 3.94 4.29 4.38 4.11 3.67 3.20
  9   2.73 2.37 2.14 2.23 2.77 3.38 4.00 4.46 4.68 4.51 4.02 3.53 3.03 2.56 2.15 1.94 2.08 2.82 3.55 4.22 4.64 4.72 4.28 3.70
 10   3.14 2.62 2.20 1.93 1.95 2.67 3.49 4.30 4.82 4.98 4.59 4.01 3.35 2.74 2.20 1.77 1.60 2.03 3.03 3.97 4.63 4.96 4.82 4.18
 11   3.52 2.90 2.32 1.85 1.54 1.78 3.02 4.03 4.80 5.18 5.07 4.50 3.76 3.07 2.43 1.85 1.41 1.37 2.40 3.49 4.51 5.10 5.26 4.80
 12   3.98 3.31 2.62 2.04 1.55 1.33 2.06 3.40 4.50 5.19 5.42 5.10 4.21 3.47 2.73 2.10 1.52 1.25 1.57 3.07 4.18 5.06 5.42 5.22
 13   4.42 3.68 2.93 2.28 1.70 1.27 1.35 2.86 3.95 4.94 5.44 5.36 4.57 3.80 3.06 2.32 1.70 1.19 1.03 2.33 3.70 4.84 5.50 5.57
 14   4.93 4.01 3.26 2.50 1.85 1.30 1.04 1.72 3.37 4.56 5.29 5.53 5.06 4.13 3.36 2.57 1.93 1.32 0.94 1.24 3.10 4.30 5.29 5.67
 15   5.33 4.42 3.60 2.80 2.10 1.47 1.03 1.08 2.73 3.97 5.04 5.47 5.35 4.54 3.67 2.87 2.14 1.50 1.01 0.92 2.50 3.90 5.15 5.70
 16   5.59 4.82 3.91 3.13 2.38 1.73 1.22 1.02 2.02 3.49 4.64 5.32 5.45 4.82 4.00 3.28 2.54 1.89 1.28 1.00 1.42 3.23 4.47 5.38
 17   5.67 5.25 4.34 3.56 2.80 2.13 1.53 1.14 1.25 2.83 3.95 4.86 5.28 5.13 4.38 3.57 2.85 2.18 1.61 1.14 1.10 2.50 3.75 4.85
 18   5.38 5.38 4.78 3.93 3.20 2.50 1.90 1.40 1.25 2.03 3.28 4.24 4.88 5.06 4.57 3.82 3.15 2.50 1.93 1.42 1.20 1.80 3.25 4.25
 19   4.98 5.29 5.00 4.25 3.53 2.86 2.28 1.77 1.45 1.69 2.75 3.70 4.43 4.82 4.77 4.17 3.54 2.88 2.30 1.81 1.46 1.50 2.54 3.51
 20   4.40 4.91 5.07 4.61 3.92 3.30 2.68 2.16 1.72 1.63 2.28 3.11 3.84 4.37 4.59 4.32 3.73 3.17 2.60 2.12 1.70 1.57 2.22 3.02
 21   3.80 4.39 4.73 4.66 4.13 3.58 3.02 2.50 2.11 1.87 1.98 2.47 3.07 3.66 4.10 4.30 4.11 3.68 3.19 2.71 2.28 2.00 1.98 2.41
 22   2.96 3.55 4.07 4.43 4.49 4.17 3.75 3.28 2.82 2.44 2.19 2.16 2.42 2.82 3.25 3.72 4.02 4.13 3.91 3.53 3.11 2.68 2.32 2.10
 23   2.17 2.61 3.12 3.70 4.17 4.45 4.47 4.10 3.65 3.20 2.72 2.32 2.05 1.98 2.30 2.82 3.41 3.96 4.31 4.33 3.99 3.48 2.95 2.47
 24   2.09 1.84 1.90 2.56 3.26 4.00 4.52 4.76 4.57 4.02 3.45 2.88 2.42 1.98 1.64 1.58 2.27 3.14 3.99 4.58 4.82 4.51 3.82 3.21
 25   2.60 2.12 1.75 1.63 2.34 3.34 4.38 5.05 5.32 5.00 4.26 3.56 2.93 2.32 1.87 1.47 1.40 2.47 3.61 4.79 5.43 5.47 4.84 4.00
 26   3.20 2.43 1.81 1.24 0.91 1.69 3.31 4.59 5.42 5.64 5.12 4.27 3.46 2.63 1.97 1.30 0.79 0.57 2.38 4.02 5.40 5.97 5.74 4.87
 27   3.95 3.01 2.21 1.50 0.95 0.61 1.90 3.80 5.22 5.90 5.81 5.07 4.10 3.23 2.34 1.59 0.99 0.53 0.40 3.03 4.78 5.94 6.32 5.76
 28   4.61 3.70 2.67 1.90 1.19 0.71 0.45 2.50 4.26 5.59 6.09 5.74 4.78 3.94 2.96 2.10 1.34 0.81 0.38 0.74 3.70 5.22 6.17 6.32
 29   5.50 4.35 3.42 2.45 1.60 1.01 0.59 0.50 3.14 4.70 5.77 6.03 5.46 4.46 3.57 2.55 1.72 1.00 0.50 0.40 2.47 4.33 5.75 6.34
 30   5.99 4.96 3.97 2.97 2.06 1.30 0.75 0.52 1.76 3.65 5.05 5.73 5.68 4.96 3.99 3.14 2.25 1.52 0.95 0.55 0.82 3.27 4.72 5.75
 31   6.02 5.48 4.45 3.62 2.66 1.91 1.30 0.84 0.75 2.57 3.89 4.90 5.39 5.24 4.47 3.60 2.80 2.10 1.46 0.98 0.85 2.10 3.52 4.74
 ----------------------------------------------------------------------------------------------------------------------------
                                                                                               
 ----------------------------------------------------------------------------------------------------------------------------
 ----------------------------------------------------------------------------------------------------------------------------
                                                          SURVEY OF INDIA
                                                    MARINE GEODESY WING (G&RB)
                                                     HOURLY HEIGHTS IN METRES
  NAME OF PORT:- HALDIA                                                                             MONTH NOVEMBER  YEAR 2019
 ----------------------------------------------------------------------------------------------------------------------------
 DAYS 0000 0001 0002 0003 0004 0005 0006 0007 0008 0009 0010 0011 0012 0013 0014 0015 0016 0017 0018 0019 0020 0021 0022 0023
 ----------------------------------------------------------------------------------------------------------------------------
  1   5.39 5.44 4.90 4.00 3.23 2.46 1.83 1.30 1.05 1.52 2.80 3.90 4.64 4.92 4.61 3.85 3.12 2.51 1.91 1.41 1.15 1.40 2.56 3.69
  2   4.57 5.01 4.99 4.38 3.61 2.93 2.30 1.79 1.40 1.31 2.18 3.01 3.81 4.39 4.55 4.16 3.48 2.89 2.28 1.81 1.46 1.45 2.28 3.08
  3   3.86 4.40 4.67 4.50 3.90 3.33 2.71 2.20 1.80 1.56 1.90 2.64 3.30 3.86 4.23 4.40 4.30 3.91 2.92 2.23 1.89 1.74 2.13 2.74
  4   3.36 3.90 4.26 4.30 4.08 3.62 3.15 2.64 2.22 1.95 1.96 2.27 2.70 3.20 3.58 3.82 3.81 3.54 3.20 2.83 2.50 2.26 2.20 2.41
  5   2.80 3.16 3.60 3.91 4.07 3.98 3.67 3.29 2.87 2.47 2.20 2.13 2.31 2.60 2.94 3.34 3.65 3.78 3.73 3.48 3.18 2.85 2.56 2.37
  6   2.34 2.47 2.80 3.21 3.63 3.96 4.04 3.87 3.51 3.11 2.67 2.33 2.04 1.96 2.20 2.61 3.13 3.64 4.00 4.13 3.96 3.56 3.14 2.72
  7   2.34 2.08 2.10 2.54 3.09 3.69 4.16 4.38 4.23 3.80 3.32 2.86 2.38 2.01 1.78 1.84 2.41 3.16 3.83 4.33 4.48 4.27 3.79 3.30
  8   2.73 2.29 1.95 1.88 2.36 3.04 3.78 4.44 4.75 4.68 4.12 3.54 2.91 2.35 1.96 1.76 1.95 2.73 3.55 4.24 4.67 4.69 4.22 3.64
  9   3.04 2.52 2.12 1.86 1.96 2.61 3.55 4.44 4.78 4.75 4.44 3.96 3.40 2.70 1.90 1.49 1.38 2.23 3.30 4.30 4.86 5.02 4.70 4.06
 10   3.38 2.68 2.11 1.67 1.46 2.10 3.10 3.75 4.40 4.80 4.69 4.21 3.50 2.72 2.03 1.46 1.02 1.00 2.51 3.88 5.04 5.49 5.36 4.71
 11   3.89 3.12 2.31 1.70 1.22 1.06 2.23 3.53 4.66 5.29 5.36 4.90 4.13 3.39 2.58 1.88 1.31 0.96 1.35 3.17 4.58 5.51 5.82 5.38
 12   4.46 3.67 2.83 2.11 1.48 1.06 1.13 2.60 3.93 4.98 5.42 5.20 4.45 3.59 2.78 2.04 1.43 0.96 0.85 2.40 3.89 5.21 5.80 5.72
 13   4.94 4.02 3.20 2.40 1.72 1.21 0.97 1.82 3.36 4.56 5.26 5.43 4.90 4.10 3.23 2.43 1.77 1.19 0.92 1.26 3.12 4.43 5.42 5.78
 14   5.40 4.48 3.65 2.81 2.10 1.50 1.09 1.15 2.54 3.75 4.84 5.27 5.20 4.52 3.64 2.86 2.10 1.51 1.01 0.81 2.15 3.66 4.96 5.62
 15   5.64 5.00 4.08 3.30 2.50 1.86 1.33 1.08 1.62 3.07 4.10 4.91 5.23 4.88 4.02 3.27 2.52 1.85 1.32 1.05 1.38 3.04 4.23 5.18
 16   5.56 5.31 4.50 3.70 2.92 2.25 1.69 1.29 1.35 2.38 3.45 4.41 4.94 5.01 4.38 3.59 2.92 2.24 1.67 1.25 1.20 2.27 3.44 4.55
 17   5.16 5.32 4.86 4.08 3.35 2.66 2.10 1.63 1.40 1.75 2.89 3.77 4.43 4.78 4.67 4.00 3.31 2.66 2.07 1.62 1.36 1.60 2.78 3.73
 18   4.56 5.00 5.01 4.46 3.75 3.13 2.51 2.02 1.65 1.63 2.30 3.14 3.80 4.34 4.60 4.41 3.78 3.19 2.59 2.06 1.70 1.58 2.10 3.00
 19   3.83 4.44 4.78 4.72 4.23 3.64 3.06 2.50 2.03 1.73 1.68 2.12 2.84 3.47 4.03 4.32 4.21 3.73 3.21 2.68 2.19 1.87 1.73 2.10
 20   2.81 3.49 4.08 4.46 4.56 4.24 3.70 3.17 2.64 2.21 1.90 1.79 2.04 2.61 3.20 3.76 4.10 4.18 3.94 3.47 3.02 2.57 2.17 1.92
 21   1.95 2.47 3.06 3.71 4.23 4.50 4.40 3.91 3.38 2.84 2.34 1.95 1.66 1.63 2.10 2.76 3.44 4.00 4.32 4.33 3.93 3.40 2.88 2.38
 22   1.98 1.75 1.83 2.57 3.30 3.98 4.45 4.55 4.20 3.65 3.05 2.50 2.02 1.65 1.42 1.55 2.42 3.34 4.16 4.62 4.74 4.32 3.67 3.04
 23   2.43 1.95 1.60 1.55 2.32 3.26 4.12 4.65 4.81 4.38 3.70 3.13 2.53 2.00 1.52 1.20 1.26 2.47 3.59 4.64 5.15 5.17 4.60 3.87
 24   3.12 2.39 1.81 1.40 1.28 2.20 3.32 4.34 4.87 5.00 4.57 3.85 3.12 2.47 1.83 1.31 0.97 1.16 2.73 4.02 5.16 5.58 5.35 4.59
 25   3.74 2.94 2.16 1.56 1.12 1.15 2.31 3.63 4.74 5.22 5.16 4.59 3.73 3.04 2.32 1.67 1.11 0.92 1.29 3.10 4.57 5.55 5.80 5.34
 26   4.40 3.58 2.72 2.00 1.37 0.98 1.10 2.68 3.99 4.97 5.32 5.12 4.38 3.57 2.76 2.02 1.40 0.92 0.72 1.95 3.73 5.18 5.87 5.80
 27   5.05 4.12 3.24 2.38 1.68 1.15 0.94 1.50 3.14 4.29 5.06 5.32 4.90 4.07 3.30 2.54 1.84 1.26 0.86 0.92 2.68 4.15 5.37 5.81
 28   5.56 4.69 3.82 2.99 2.18 1.57 1.11 0.96 2.02 3.36 4.51 5.07 5.10 4.52 3.65 2.94 2.21 1.62 1.12 0.88 1.75 3.30 4.66 5.43
 29   5.61 5.12 4.21 3.45 2.64 1.99 1.44 1.11 1.35 2.72 3.80 4.61 4.94 4.79 4.05 3.32 2.61 1.99 1.49 1.13 1.22 2.64 3.75 4.82
 30   5.31 5.26 4.62 3.82 3.08 2.42 1.85 1.41 1.28 2.02 3.02 3.84 4.50 4.73 4.41 3.67 3.02 2.38 1.86 1.45 1.26 1.93 3.06 4.04
 ----------------------------------------------------------------------------------------------------------------------------
                                                                                               
 ----------------------------------------------------------------------------------------------------------------------------
 ----------------------------------------------------------------------------------------------------------------------------
                                                          SURVEY OF INDIA
                                                    MARINE GEODESY WING (G&RB)
                                                     HOURLY HEIGHTS IN METRES
  NAME OF PORT:- HALDIA                                                                             MONTH DECEMBER  YEAR 2019
 ----------------------------------------------------------------------------------------------------------------------------
 DAYS 0000 0001 0002 0003 0004 0005 0006 0007 0008 0009 0010 0011 0012 0013 0014 0015 0016 0017 0018 0019 0020 0021 0022 0023
 ----------------------------------------------------------------------------------------------------------------------------
  1   4.77 5.07 4.84 4.15 3.46 2.81 2.23 1.77 1.48 1.55 2.52 3.36 4.02 4.41 4.47 3.93 3.31 2.71 2.16 1.75 1.47 1.54 2.54 3.38
  2   4.12 4.60 4.78 4.43 3.80 3.22 2.59 2.09 1.73 1.55 1.95 2.60 3.33 3.93 4.23 4.14 3.62 3.07 2.56 2.07 1.75 1.68 2.03 2.76
  3   3.45 4.07 4.47 4.51 4.08 3.52 3.00 2.44 2.02 1.76 1.78 2.28 2.90 3.47 3.88 4.03 3.79 3.38 2.94 2.50 2.11 1.90 1.99 2.46
  4   2.99 3.54 3.95 4.16 4.11 3.72 3.25 2.76 2.29 1.90 1.72 1.85 2.28 2.72 3.20 3.58 3.74 3.60 3.26 2.89 2.55 2.23 2.04 2.11
  5   2.46 2.86 3.31 3.68 3.92 3.91 3.60 3.15 2.72 2.32 2.02 1.81 1.84 2.20 2.63 3.09 3.49 3.73 3.74 3.48 3.14 2.79 2.48 2.22
  6   2.08 2.26 2.60 3.06 3.52 3.89 4.01 3.78 3.35 2.89 2.43 2.10 1.84 1.78 2.04 2.52 3.00 3.53 3.88 4.03 3.85 3.48 3.07 2.65
  7   2.25 1.96 1.86 2.23 2.84 3.45 3.92 4.12 3.95 3.50 2.96 2.52 2.09 1.76 1.59 1.81 2.43 3.08 3.73 4.16 4.36 4.16 3.67 3.14
  8   2.61 2.17 1.83 1.72 2.15 2.89 3.62 4.14 4.34 4.15 3.55 3.01 2.50 2.05 1.69 1.52 1.69 2.63 3.45 4.16 4.61 4.65 4.25 3.59
  9   3.00 2.43 1.97 1.63 1.65 2.30 3.09 3.87 4.36 4.50 4.10 3.53 2.96 2.39 1.89 1.50 1.35 1.73 2.85 3.85 4.62 4.95 4.82 4.17
 10   3.48 2.83 2.24 1.77 1.44 1.48 2.53 3.42 4.24 4.65 4.66 4.19 3.46 2.83 2.23 1.72 1.31 1.24 2.01 3.23 4.40 5.09 5.28 4.84
 11   4.05 3.34 2.63 2.03 1.51 1.27 1.64 2.86 3.85 4.60 4.85 4.60 3.95 3.22 2.54 1.91 1.40 1.06 1.26 2.80 4.07 5.11 5.47 5.27
 12   4.50 3.68 2.91 2.20 1.58 1.17 1.16 2.38 3.53 4.50 4.93 4.97 4.35 3.61 2.88 2.18 1.56 1.04 0.80 1.84 3.56 4.92 5.60 5.61
 13   4.97 4.08 3.28 2.47 1.78 1.25 0.96 1.42 2.90 4.10 4.79 5.15 4.87 4.10 3.30 2.57 1.91 1.31 0.88 0.85 2.52 3.99 5.19 5.64
 14   5.49 4.70 3.83 3.00 2.23 1.61 1.16 0.96 1.87 3.19 4.24 4.85 5.03 4.58 3.76 3.05 2.33 1.71 1.19 0.95 1.32 2.98 4.20 5.14
 15   5.45 5.12 4.30 3.53 2.74 2.05 1.51 1.12 1.10 2.04 3.11 4.05 4.77 4.86 4.27 3.52 2.84 2.19 1.61 1.15 0.94 1.87 3.24 4.41
 16   5.08 5.26 4.80 4.00 3.28 2.58 1.94 1.47 1.23 1.35 2.33 3.32 4.27 4.71 4.70 4.02 3.30 2.63 2.08 1.58 1.22 1.25 2.42 3.39
 17   4.37 4.91 5.00 4.50 3.77 3.11 2.46 1.93 1.52 1.30 1.52 2.40 3.33 4.13 4.50 4.46 3.86 3.16 2.57 2.01 1.55 1.34 1.52 2.63
 18   3.50 4.29 4.75 4.75 4.23 3.56 2.92 2.31 1.85 1.48 1.35 1.54 2.44 3.22 3.93 4.27 4.24 3.70 3.12 2.60 2.06 1.62 1.45 1.67
 19   2.47 3.28 3.95 4.36 4.48 4.09 3.48 2.91 2.35 1.90 1.56 1.38 1.56 2.34 3.03 3.71 4.11 4.22 3.89 3.34 2.84 2.33 1.92 1.65
 20   1.70 2.40 3.01 3.67 4.11 4.28 4.00 3.45 2.93 2.40 1.94 1.56 1.43 1.56 2.30 2.96 3.62 4.10 4.29 4.11 3.57 3.07 2.58 2.12
 21   1.76 1.70 2.12 2.83 3.51 4.02 4.27 4.13 3.66 3.14 2.66 2.14 1.73 1.43 1.36 1.86 2.71 3.49 4.10 4.43 4.36 3.85 3.30 2.72
 22   2.26 1.84 1.58 1.71 2.50 3.32 3.95 4.29 4.25 3.70 3.15 2.65 2.16 1.76 1.40 1.25 1.60 2.63 3.54 4.34 4.70 4.66 4.05 3.40
 23   2.78 2.19 1.75 1.44 1.53 2.40 3.25 4.03 4.39 4.36 3.89 3.28 2.68 2.11 1.65 1.27 1.19 1.62 2.82 3.90 4.70 5.00 4.73 4.00
 24   3.29 2.60 2.01 1.51 1.21 1.32 2.46 3.38 4.15 4.48 4.42 3.87 3.21 2.63 2.06 1.57 1.16 1.05 1.80 3.17 4.38 5.11 5.28 4.80
 25   3.98 3.26 2.52 1.90 1.39 1.12 1.43 2.71 3.70 4.45 4.71 4.56 3.92 3.28 2.60 1.97 1.46 1.07 1.09 2.21 3.53 4.72 5.30 5.30
 26   4.65 3.81 3.06 2.33 1.71 1.24 1.04 1.72 2.93 3.92 4.60 4.78 4.42 3.75 3.01 2.32 1.73 1.22 0.96 1.22 2.78 4.06 4.95 5.33
 27   5.05 4.23 3.45 2.68 2.01 1.45 1.08 1.15 2.29 3.32 4.26 4.68 4.66 4.06 3.33 2.63 2.00 1.50 1.08 0.95 1.90 3.26 4.41 5.01
 28   5.15 4.63 3.79 3.06 2.31 1.71 1.22 0.96 1.20 2.34 3.38 4.23 4.59 4.55 3.83 3.11 2.41 1.82 1.33 1.00 1.06 2.48 3.60 4.62
 29   5.08 5.00 4.28 3.52 2.80 2.16 1.61 1.17 1.02 1.66 2.86 3.77 4.45 4.64 4.21 3.44 2.79 2.14 1.62 1.21 1.10 1.87 3.12 4.14
 30   4.77 4.96 4.54 3.77 3.10 2.42 1.87 1.42 1.17 1.36 2.37 3.28 4.09 4.48 4.46 3.78 3.08 2.50 1.94 1.52 1.23 1.37 2.57 3.47
 31   4.33 4.78 4.80 4.20 3.50 2.85 2.24 1.74 1.39 1.25 1.88 2.67 3.48 4.11 4.37 4.15 3.55 2.91 2.32 1.85 1.52 1.45 2.06 2.97
 ----------------------------------------------------------------------------------------------------------------------------
                                                                                               
 ----------------------------------------------------------------------------------------------------------------------------
 ----------------------------------------------------------------------------------------------------------------------------
