                                                          SURVEY OF INDIA
                                                    MARINE GEODESY WING (G&RB)
                                                     HOURLY HEIGHTS IN METRES
  NAME OF PORT:- HALDIA                                                                             MONTH JANUARY   YEAR 2016
 ----------------------------------------------------------------------------------------------------------------------------
 DAYS 0000 0001 0002 0003 0004 0005 0006 0007 0008 0009 0010 0011 0012 0013 0014 0015 0016 0017 0018 0019 0020 0021 0022 0023
 ----------------------------------------------------------------------------------------------------------------------------
  1   3.60 4.23 4.63 4.67 4.17 3.50 2.90 2.30 1.87 1.55 1.48 2.10 2.98 3.70 4.18 4.40 4.25 3.70 3.15 2.60 2.10 1.77 1.73 2.29
  2   3.07 3.79 4.28 4.50 4.35 3.85 3.30 2.74 2.22 1.82 1.60 1.77 2.47 3.10 3.70 4.08 4.20 4.01 3.58 3.11 2.61 2.22 1.97 2.00
  3   2.52 3.10 3.63 4.04 4.23 4.11 3.70 3.20 2.71 2.24 1.90 1.73 1.92 2.46 3.04 3.60 3.97 4.17 4.08 3.70 3.25 2.80 2.42 2.10
  4   2.06 2.43 2.90 3.40 3.81 4.03 4.00 3.70 3.25 2.78 2.32 1.97 1.77 1.90 2.35 2.88 3.45 3.88 4.17 4.21 3.92 3.50 3.03 2.60
  5   2.22 2.02 2.10 2.58 3.11 3.60 3.97 4.08 3.89 3.43 2.95 2.48 2.05 1.75 1.70 2.05 2.63 3.30 3.90 4.35 4.45 4.21 3.68 3.10
  6   2.60 2.15 1.86 1.90 2.30 2.91 3.52 4.00 4.19 4.03 3.53 3.00 2.49 2.02 1.63 1.46 1.72 2.57 3.35 4.10 4.60 4.73 4.37 3.72
  7   3.05 2.50 2.00 1.60 1.59 2.18 2.92 3.63 4.13 4.36 4.18 3.57 2.93 2.38 1.89 1.45 1.25 1.57 2.65 3.63 4.47 4.92 4.90 4.30
  8   3.60 2.90 2.30 1.81 1.46 1.45 2.20 3.10 3.92 4.42 4.50 4.16 3.47 2.83 2.23 1.72 1.29 1.19 1.60 2.94 4.15 4.94 5.24 4.99
  9   4.23 3.47 2.76 2.10 1.52 1.16 1.21 2.30 3.45 4.28 4.71 4.68 4.03 3.32 2.62 1.98 1.45 1.01 0.98 2.00 3.50 4.70 5.37 5.39
 10   4.81 3.96 3.12 2.40 1.70 1.17 0.88 1.12 2.50 3.62 4.50 4.83 4.63 3.84 3.05 2.31 1.68 1.13 0.76 0.80 2.53 4.00 5.38 5.54
 11   5.30 4.45 3.60 2.77 2.00 1.39 0.93 0.92 1.70 3.12 4.28 4.95 5.03 4.45 3.59 2.80 2.10 1.45 0.94 0.84 1.40 3.20 4.60 5.47
 12   5.63 5.10 4.19 3.32 2.48 1.77 1.15 0.77 0.90 2.20 3.58 4.65 5.12 4.97 4.15 3.33 2.54 1.85 1.26 0.83 0.85 2.15 3.73 5.00
 13   5.57 5.47 4.71 3.89 3.03 2.27 1.61 1.05 0.73 1.05 2.75 4.00 4.90 5.13 4.80 3.95 3.15 2.40 1.75 1.20 0.83 1.04 2.80 4.03
 14   5.05 5.46 5.24 4.45 3.60 2.80 2.08 1.45 0.94 0.92 1.70 3.13 4.25 4.94 5.05 4.48 3.66 2.90 2.20 1.65 1.17 1.05 1.70 3.10
 15   4.23 4.95 5.18 4.83 4.00 3.30 2.56 1.92 1.43 1.08 1.10 2.25 3.40 4.37 4.85 4.86 4.22 3.45 2.76 2.15 1.67 1.31 1.32 2.40
 16   3.35 4.25 4.80 4.90 4.48 3.71 3.00 2.35 1.80 1.40 1.16 1.30 2.60 3.52 4.27 4.65 4.57 3.93 3.24 2.60 2.05 1.63 1.43 1.67
 17   2.65 3.43 4.09 4.52 4.55 4.17 3.48 2.81 2.22 1.74 1.35 1.27 1.75 2.70 3.50 4.12 4.46 4.42 3.90 3.30 2.71 2.20 1.81 1.61
 18   1.80 2.55 3.20 3.83 4.27 4.37 4.07 3.47 2.86 2.27 1.80 1.40 1.34 1.85 2.65 3.36 3.92 4.29 4.33 3.98 3.47 2.94 2.44 2.02
 19   1.74 1.70 2.12 2.80 3.46 3.96 4.23 4.15 3.70 3.12 2.58 2.07 1.70 1.47 1.60 2.34 3.03 3.70 4.19 4.40 4.28 3.82 3.27 2.72
 20   2.23 1.86 1.63 1.75 2.45 3.15 3.80 4.18 4.20 3.87 3.28 2.70 2.16 1.73 1.41 1.36 1.85 2.70 3.48 4.10 4.50 4.53 4.10 3.40
 21   2.80 2.25 1.77 1.42 1.35 1.83 2.75 3.47 3.99 4.12 3.91 3.30 2.70 2.13 1.65 1.25 1.16 1.65 2.72 3.66 4.40 4.80 4.76 4.20
 22   3.50 2.86 2.20 1.70 1.34 1.33 1.98 2.95 3.80 4.32 4.40 4.10 3.40 2.73 2.13 1.55 1.10 0.96 1.53 2.80 3.90 4.70 5.02 4.83
 23   4.15 3.40 2.70 2.10 1.50 1.05 1.03 1.88 2.98 3.87 4.45 4.48 4.05 3.30 2.60 2.00 1.40 1.00 0.95 1.77 3.15 4.32 5.05 5.17
 24   4.75 3.92 3.17 2.45 1.82 1.32 1.01 1.15 2.36 3.43 4.24 4.64 4.52 3.74 2.98 2.30 1.70 1.13 0.82 0.95 2.30 3.65 4.67 5.15
 25   5.08 4.40 3.60 2.80 2.14 1.57 1.11 0.95 1.47 2.83 3.87 4.58 4.70 4.33 3.53 2.78 2.12 1.52 1.04 0.93 1.40 3.07 4.30 5.10
 26   5.27 4.85 4.00 3.20 2.45 1.80 1.26 0.89 1.00 2.16 3.40 4.36 4.85 4.77 4.04 3.25 2.52 1.86 1.33 0.92 1.05 2.35 3.60 4.66
 27   5.12 5.09 4.37 3.60 2.83 2.15 1.54 1.01 0.95 1.60 2.90 3.96 4.65 4.80 4.43 3.63 2.93 2.25 1.68 1.13 1.00 1.65 3.05 4.17
 28   4.83 5.00 4.71 3.94 3.20 2.50 1.87 1.30 0.97 1.05 2.30 3.40 4.25 4.67 4.60 3.94 3.20 2.52 1.92 1.40 1.08 1.15 2.40 3.45
 29   4.33 4.79 4.77 4.14 3.41 2.70 2.11 1.57 1.12 1.10 1.74 2.90 3.85 4.47 4.65 4.30 3.57 2.87 2.30 1.77 1.32 1.32 2.00 3.07
 30   3.95 4.60 4.75 4.33 3.71 3.03 2.42 1.89 1.40 1.22 1.40 2.58 3.44 4.16 4.54 4.52 3.95 3.25 2.64 2.11 1.70 1.42 1.63 2.72
 31   3.50 4.14 4.49 4.48 3.96 3.32 2.71 2.17 1.75 1.42 1.47 2.09 2.97 3.70 4.17 4.39 4.15 3.59 3.00 2.46 1.97 1.60 1.59 2.17
 ----------------------------------------------------------------------------------------------------------------------------
                                                                                               
 ----------------------------------------------------------------------------------------------------------------------------
 ----------------------------------------------------------------------------------------------------------------------------
                                                          SURVEY OF INDIA
                                                    MARINE GEODESY WING (G&RB)
                                                     HOURLY HEIGHTS IN METRES
  NAME OF PORT:- HALDIA                                                                             MONTH FEBRUARY  YEAR 2016
 ----------------------------------------------------------------------------------------------------------------------------
 DAYS 0000 0001 0002 0003 0004 0005 0006 0007 0008 0009 0010 0011 0012 0013 0014 0015 0016 0017 0018 0019 0020 0021 0022 0023
 ----------------------------------------------------------------------------------------------------------------------------
  1   2.95 3.64 4.10 4.32 4.12 3.56 2.99 2.43 2.00 1.62 1.43 1.69 2.50 3.16 3.90 4.40 4.41 3.91 3.40 2.90 2.40 2.02 1.81 1.93
  2   2.52 3.10 3.60 3.95 4.04 3.84 3.37 2.90 2.43 2.00 1.71 1.69 2.00 2.50 3.07 3.59 3.92 4.04 3.85 3.44 3.02 2.60 2.25 2.03
  3   2.03 2.37 2.80 3.27 3.64 3.79 3.69 3.33 2.94 2.47 2.11 1.83 1.72 1.93 2.33 2.85 3.40 3.82 4.06 4.04 3.70 3.27 2.85 2.43
  4   2.08 1.86 1.89 2.32 2.81 3.30 3.63 3.77 3.61 3.20 2.73 2.31 1.95 1.63 1.50 1.55 1.96 3.00 3.72 4.17 4.34 4.12 3.65 3.09
  5   2.56 2.11 1.77 1.64 1.94 2.61 3.20 3.75 4.03 4.02 3.62 3.07 2.54 2.07 1.68 1.39 1.45 2.27 3.08 3.92 4.48 4.70 4.48 3.88
  6   3.20 2.59 2.05 1.56 1.38 1.55 2.52 3.32 3.98 4.32 4.32 3.78 3.12 2.52 1.95 1.44 1.19 1.28 2.25 3.26 4.30 4.92 5.05 4.60
  7   3.84 3.09 2.42 1.84 1.36 1.15 1.39 2.67 3.67 4.38 4.70 4.54 3.82 3.11 2.40 1.80 1.18 0.82 0.96 2.40 3.58 4.99 5.44 5.32
  8   4.57 3.71 2.85 2.12 1.48 0.90 0.86 1.60 3.16 4.30 4.90 5.06 4.55 3.67 2.88 2.14 1.48 0.98 0.81 1.28 3.22 4.60 5.55 5.75
  9   5.27 4.30 3.40 2.55 1.82 1.12 0.70 0.79 2.12 3.72 4.88 5.36 5.22 4.41 3.51 2.62 1.85 1.15 0.56 0.45 1.80 3.70 5.60 5.85
 10   5.58 4.91 3.95 3.01 2.11 1.29 0.70 0.51 0.75 2.95 4.42 5.34 5.58 5.08 4.15 3.24 2.34 1.59 0.90 0.60 0.74 2.60 4.36 5.55
 11   5.93 5.60 4.60 3.70 2.75 1.92 1.19 0.60 0.56 1.46 3.55 4.94 5.50 5.25 4.60 3.87 3.02 2.23 1.42 0.78 0.59 1.18 3.28 4.69
 12   5.60 5.79 5.28 4.33 3.39 2.51 1.78 1.03 0.50 0.66 2.10 3.98 5.08 5.52 5.33 4.49 3.58 2.74 1.98 1.20 0.70 0.75 1.95 3.60
 13   4.80 5.38 5.38 4.68 3.77 2.96 2.19 1.44 0.75 0.53 1.00 2.88 4.15 5.00 5.26 4.90 4.10 3.27 2.51 1.90 1.38 1.10 1.25 2.63
 14   3.75 4.65 5.04 4.92 4.20 3.41 2.68 2.04 1.39 1.02 1.05 1.95 3.14 4.13 4.72 4.85 4.49 3.75 3.08 2.40 1.85 1.38 1.27 1.82
 15   2.90 3.75 4.36 4.63 4.48 3.85 3.15 2.47 1.91 1.48 1.22 1.30 2.35 3.13 3.93 4.42 4.48 4.22 3.58 3.00 2.40 1.91 1.55 1.53
 16   2.04 2.80 3.48 4.02 4.27 4.19 3.66 3.05 2.47 1.95 1.57 1.37 1.57 2.40 3.10 3.74 4.14 4.32 4.15 3.70 3.19 2.67 2.23 1.90
 17   1.77 1.92 2.55 3.15 3.68 4.00 4.02 3.78 3.28 2.78 2.28 1.91 1.65 1.65 2.19 2.82 3.40 3.93 4.24 4.29 3.99 3.54 3.09 2.62
 18   2.23 1.93 1.81 2.06 2.68 3.28 3.80 4.08 4.06 3.67 3.15 2.65 2.19 1.83 1.60 1.69 2.45 3.14 3.82 4.30 4.55 4.47 4.00 3.45
 19   2.92 2.40 1.98 1.67 1.69 2.33 3.07 3.78 4.22 4.37 4.05 3.47 2.85 2.32 1.83 1.48 1.46 2.12 3.05 3.95 4.60 4.89 4.73 4.16
 20   3.47 2.82 2.26 1.81 1.44 1.48 2.38 3.31 4.10 4.53 4.60 4.13 3.42 2.78 2.20 1.69 1.28 1.23 2.12 3.28 4.33 4.98 5.15 4.81
 21   4.06 3.31 2.62 2.04 1.54 1.22 1.29 2.66 3.69 4.45 4.92 4.79 4.08 3.32 2.62 1.99 1.37 1.00 1.10 2.61 3.82 4.89 5.37 5.34
 22   4.69 3.85 3.00 2.31 1.55 1.05 1.00 1.58 3.08 4.20 4.86 5.00 4.62 3.81 2.92 2.25 1.63 1.10 0.99 1.73 3.32 4.57 5.35 5.56
 23   5.13 4.23 3.41 2.66 1.95 1.37 1.02 1.15 2.32 3.76 4.86 5.28 5.12 4.39 3.49 2.67 1.90 1.32 0.96 1.10 2.47 3.91 5.14 5.61
 24   5.54 4.75 3.91 3.07 2.29 1.53 1.05 1.00 1.80 3.41 4.63 5.31 5.38 4.85 4.00 3.19 2.45 1.76 1.16 1.00 1.51 3.37 4.60 5.39
 25   5.59 5.20 4.33 3.46 2.66 1.94 1.24 0.94 1.10 2.43 3.82 4.92 5.30 5.19 4.44 3.57 2.75 2.05 1.38 1.09 1.20 2.46 3.76 4.86
 26   5.29 5.23 4.52 3.72 2.86 2.20 1.64 1.17 1.15 1.66 3.15 4.30 5.06 5.23 4.80 3.99 3.23 2.50 1.88 1.31 1.12 1.51 2.99 4.15
 27   4.93 5.17 4.77 3.94 3.19 2.56 1.98 1.46 1.10 1.16 2.44 3.54 4.50 4.96 4.93 4.25 3.44 2.73 2.12 1.56 1.30 1.40 2.58 3.59
 28   4.39 4.83 4.84 4.23 3.44 2.74 2.14 1.57 1.21 1.24 2.01 3.09 4.09 4.76 4.89 4.52 3.75 3.08 2.44 1.85 1.41 1.35 1.88 3.00
 29   3.90 4.55 4.72 4.45 3.72 3.02 2.38 1.80 1.37 1.24 1.53 2.66 3.52 4.19 4.59 4.57 4.00 3.30 2.69 2.11 1.61 1.46 1.70 2.73
 ----------------------------------------------------------------------------------------------------------------------------
                                                                                               
 ----------------------------------------------------------------------------------------------------------------------------
 ----------------------------------------------------------------------------------------------------------------------------
                                                          SURVEY OF INDIA
                                                    MARINE GEODESY WING (G&RB)
                                                     HOURLY HEIGHTS IN METRES
  NAME OF PORT:- HALDIA                                                                             MONTH MARCH     YEAR 2016
 ----------------------------------------------------------------------------------------------------------------------------
 DAYS 0000 0001 0002 0003 0004 0005 0006 0007 0008 0009 0010 0011 0012 0013 0014 0015 0016 0017 0018 0019 0020 0021 0022 0023
 ----------------------------------------------------------------------------------------------------------------------------
  1   3.53 4.12 4.45 4.44 3.89 3.25 2.65 2.11 1.68 1.42 1.47 2.33 3.14 3.84 4.28 4.36 4.17 3.64 3.09 2.53 2.00 1.68 1.76 2.41
  2   3.09 3.68 4.10 4.24 4.03 3.57 3.10 2.59 2.12 1.80 1.70 1.94 2.60 3.23 3.76 4.09 4.15 4.00 3.60 3.15 2.71 2.31 2.07 2.09
  3   2.49 2.94 3.40 3.77 3.92 3.81 3.51 3.11 2.72 2.34 2.04 1.91 2.03 2.48 2.96 3.46 3.85 4.08 4.07 3.83 3.46 3.07 2.69 2.37
  4   2.19 2.26 2.59 3.01 3.43 3.71 3.80 3.72 3.41 3.07 2.68 2.30 1.97 1.82 1.99 2.53 3.06 3.63 4.05 4.29 4.24 3.90 3.41 2.91
  5   2.44 2.06 1.81 1.84 2.45 3.01 3.58 3.94 4.03 3.90 3.47 2.98 2.50 2.06 1.70 1.57 1.96 2.79 3.60 4.26 4.66 4.65 4.18 3.53
  6   2.91 2.32 1.86 1.51 1.60 2.09 2.91 3.69 4.23 4.48 4.27 3.67 3.00 2.41 1.92 1.50 1.24 1.47 2.77 3.85 4.70 5.08 4.93 4.28
  7   3.50 2.77 2.12 1.55 1.10 1.11 1.90 3.20 4.17 4.73 4.82 4.31 3.55 2.81 2.20 1.62 1.14 0.96 1.44 3.10 4.44 5.31 5.53 5.11
  8   4.24 3.41 2.56 1.85 1.20 0.68 0.80 2.08 3.56 4.75 5.25 5.14 4.41 3.52 2.70 1.98 1.33 0.77 0.70 1.77 3.70 5.23 5.86 5.75
  9   4.93 4.00 3.08 2.19 1.45 0.83 0.49 0.73 3.20 4.65 5.64 5.82 5.31 4.28 3.37 2.43 1.69 1.00 0.55 0.69 2.40 4.44 5.72 6.12
 10   5.71 4.67 3.72 2.74 1.91 1.18 0.55 0.44 1.34 3.70 5.23 5.92 5.80 4.94 3.94 2.95 2.05 1.26 0.66 0.35 0.69 3.23 4.80 5.94
 11   6.04 5.32 4.24 3.27 2.30 1.41 0.68 0.21 0.33 2.24 4.33 5.61 6.00 5.60 4.70 3.64 2.71 1.87 1.15 0.55 0.48 1.50 3.72 5.30
 12   5.90 5.74 4.83 3.88 2.85 2.00 1.30 0.65 0.34 0.44 3.01 4.59 5.62 5.79 5.20 4.19 3.31 2.50 1.74 1.10 0.70 0.73 2.45 4.09
 13   5.20 5.53 5.24 4.37 3.46 2.59 1.84 1.13 0.52 0.48 1.37 3.09 4.34 5.09 5.21 4.62 3.74 2.92 2.22 1.62 1.11 0.83 1.15 2.84
 14   4.00 4.75 4.99 4.66 3.83 3.06 2.36 1.76 1.17 0.83 0.85 2.55 3.64 4.47 4.85 4.75 4.10 3.38 2.69 2.06 1.51 1.25 1.37 2.17
 15   3.13 4.00 4.47 4.49 4.17 3.52 2.87 2.22 1.67 1.27 1.17 1.56 2.77 3.70 4.33 4.61 4.50 3.96 3.32 2.74 2.22 1.82 1.62 1.80
 16   2.54 3.25 3.86 4.27 4.27 3.93 3.40 2.88 2.28 1.78 1.49 1.54 2.09 2.85 3.49 3.99 4.29 4.28 3.91 3.41 2.92 2.46 2.06 1.85
 17   1.90 2.35 2.87 3.32 3.74 3.91 3.81 3.44 3.01 2.57 2.13 1.84 1.76 2.00 2.54 3.09 3.63 4.02 4.21 4.11 3.76 3.27 2.83 2.43
 18   2.07 1.89 1.90 2.25 2.91 3.43 3.83 3.98 3.87 3.47 3.03 2.60 2.19 1.90 1.80 2.01 2.65 3.34 3.93 4.34 4.45 4.22 3.74 3.25
 19   2.74 2.26 1.90 1.76 1.92 2.60 3.33 3.94 4.26 4.29 3.90 3.36 2.80 2.27 1.86 1.58 1.66 2.58 3.43 4.16 4.60 4.69 4.37 3.81
 20   3.24 2.60 2.00 1.52 1.34 1.53 2.60 3.52 4.24 4.62 4.60 4.02 3.33 2.70 2.12 1.55 1.27 1.42 2.55 3.55 4.44 4.89 4.90 4.37
 21   3.62 2.92 2.25 1.68 1.30 1.22 1.78 3.04 4.06 4.72 4.93 4.61 3.89 3.16 2.45 1.85 1.25 1.02 1.37 2.85 4.05 4.90 5.22 4.98
 22   4.22 3.42 2.63 1.95 1.38 0.96 0.94 2.20 3.46 4.50 5.03 5.01 4.37 3.54 2.75 2.04 1.39 1.00 0.99 2.06 3.45 4.65 5.22 5.22
 23   4.61 3.81 3.02 2.23 1.65 1.12 0.91 1.29 2.99 4.21 5.03 5.20 4.77 3.90 3.06 2.31 1.66 1.11 0.80 1.15 2.94 4.22 5.13 5.35
 24   4.98 4.20 3.33 2.52 1.81 1.15 0.75 0.78 2.32 3.87 5.01 5.40 5.20 4.41 3.55 2.71 1.95 1.26 0.85 0.82 2.10 3.69 4.92 5.42
 25   5.31 4.53 3.70 2.95 2.10 1.43 0.84 0.72 1.50 3.27 4.61 5.38 5.45 4.81 3.92 3.10 2.32 1.66 1.11 0.95 1.48 3.14 4.36 5.19
 26   5.34 4.90 4.04 3.28 2.49 1.80 1.21 0.81 0.79 2.60 4.00 5.05 5.42 5.18 4.38 3.53 2.72 2.06 1.47 1.02 1.00 2.51 3.90 4.90
 27   5.30 5.17 4.43 3.62 2.81 2.10 1.48 1.02 0.99 2.15 3.54 4.73 5.31 5.36 4.81 4.00 3.21 2.44 1.80 1.31 1.29 2.09 3.42 4.49
 28   5.08 5.15 4.66 3.91 3.13 2.41 1.77 1.23 1.00 1.29 2.93 4.01 4.74 5.05 4.84 4.12 3.38 2.65 2.05 1.55 1.22 1.37 2.74 3.70
 29   4.49 4.84 4.74 4.13 3.40 2.68 2.05 1.54 1.19 1.27 2.40 3.44 4.34 4.84 4.93 4.52 3.81 3.13 2.48 1.96 1.58 1.55 2.35 3.31
 30   4.12 4.60 4.71 4.35 3.67 3.02 2.41 1.86 1.41 1.44 1.94 2.94 3.80 4.39 4.72 4.66 4.13 3.50 2.94 2.42 2.01 1.77 1.92 2.68
 31   3.36 4.02 4.42 4.33 3.85 3.31 2.78 2.33 1.96 1.72 1.77 2.41 3.03 3.67 4.28 4.53 4.42 3.94 3.45 2.97 2.50 2.19 2.15 2.39
 ----------------------------------------------------------------------------------------------------------------------------
                                                                                               
 ----------------------------------------------------------------------------------------------------------------------------
 ----------------------------------------------------------------------------------------------------------------------------
                                                          SURVEY OF INDIA
                                                    MARINE GEODESY WING (G&RB)
                                                     HOURLY HEIGHTS IN METRES
  NAME OF PORT:- HALDIA                                                                             MONTH APRIL     YEAR 2016
 ----------------------------------------------------------------------------------------------------------------------------
 DAYS 0000 0001 0002 0003 0004 0005 0006 0007 0008 0009 0010 0011 0012 0013 0014 0015 0016 0017 0018 0019 0020 0021 0022 0023
 ----------------------------------------------------------------------------------------------------------------------------
  1   3.04 3.58 3.96 4.12 4.08 3.78 3.36 2.90 2.44 2.04 1.82 1.90 2.50 3.14 3.68 4.11 4.29 4.26 4.02 3.63 3.24 2.84 2.49 2.25
  2   2.19 2.50 2.97 3.47 3.81 3.97 3.90 3.60 3.24 2.85 2.51 2.23 2.04 2.14 2.57 3.16 3.73 4.15 4.38 4.33 3.99 3.52 3.08 2.62
  3   2.24 1.99 2.00 2.49 3.05 3.59 3.99 4.18 4.13 3.77 3.31 2.84 2.43 2.07 1.81 1.92 2.67 3.53 4.20 4.66 4.80 4.51 3.92 3.31
  4   2.72 2.19 1.76 1.53 1.82 2.84 3.63 4.30 4.68 4.63 4.15 3.55 2.92 2.30 1.80 1.48 1.52 2.50 3.64 4.63 5.12 5.17 4.72 4.00
  5   3.24 2.52 1.87 1.27 1.06 1.45 3.00 4.14 5.01 5.32 5.09 4.44 3.67 2.89 2.15 1.54 1.06 1.16 2.39 3.64 5.03 5.51 5.40 4.71
  6   3.85 2.96 1.99 1.31 0.80 0.66 1.12 3.28 5.11 5.77 5.79 5.23 4.29 3.43 2.58 1.79 1.10 0.71 0.75 2.97 4.72 5.80 6.07 5.50
  7   4.50 3.58 2.62 1.83 1.15 0.62 0.50 1.14 4.27 5.69 6.25 5.98 4.97 4.01 3.05 2.20 1.46 0.87 0.77 1.30 3.76 5.50 6.20 6.00
  8   5.15 4.16 3.19 2.24 1.40 0.70 0.26 0.27 2.94 4.73 6.02 6.30 5.76 4.74 3.77 2.75 1.91 1.15 0.53 0.50 2.08 4.19 5.76 6.29
  9   5.98 5.00 4.00 3.02 2.08 1.28 0.62 0.38 0.80 3.67 5.45 6.27 6.19 5.51 4.47 3.52 2.60 1.82 1.18 0.70 0.67 2.53 4.43 5.64
 10   6.00 5.57 4.60 3.65 2.72 1.94 1.17 0.52 0.46 1.93 3.93 5.38 5.95 5.81 5.02 4.12 3.20 2.41 1.72 1.10 0.77 1.03 3.18 4.56
 11   5.40 5.53 5.04 4.12 3.30 2.47 1.82 1.20 0.76 0.81 2.74 4.29 5.24 5.61 5.35 4.53 3.70 2.92 2.24 1.68 1.23 1.20 2.05 3.38
 12   4.52 5.09 5.17 4.69 3.83 3.06 2.39 1.75 1.25 1.10 1.69 3.19 4.30 4.96 5.15 4.83 4.12 3.38 2.72 2.12 1.66 1.36 1.55 2.73
 13   3.64 4.37 4.74 4.67 4.11 3.42 2.74 2.11 1.63 1.48 1.80 2.43 3.30 4.14 4.68 4.82 4.48 3.85 3.27 2.67 2.16 1.81 1.74 2.18
 14   2.95 3.65 4.13 4.33 4.21 3.78 3.23 2.67 2.20 1.82 1.65 1.90 2.60 3.34 3.97 4.40 4.55 4.34 3.87 3.39 2.96 2.56 2.25 2.13
 15   2.32 2.79 3.22 3.70 4.02 4.12 3.89 3.51 3.09 2.65 2.26 2.01 2.02 2.40 3.02 3.63 4.05 4.30 4.30 4.08 3.66 3.28 2.91 2.58
 16   2.31 2.27 2.47 2.87 3.36 3.77 4.04 4.12 3.98 3.64 3.23 2.82 2.47 2.24 2.31 2.80 3.39 4.00 4.43 4.60 4.50 4.12 3.70 3.23
 17   2.74 2.28 1.99 1.99 2.46 3.20 3.80 4.23 4.37 4.15 3.73 3.19 2.67 2.19 1.85 1.84 2.34 3.20 4.01 4.55 4.77 4.62 4.16 3.61
 18   3.01 2.45 1.98 1.66 1.68 2.55 3.48 4.31 4.76 4.86 4.57 3.95 3.30 2.70 2.10 1.68 1.64 2.40 3.47 4.33 4.85 4.93 4.53 3.89
 19   3.19 2.62 2.09 1.68 1.43 1.67 2.87 3.87 4.65 5.06 4.97 4.40 3.68 2.94 2.27 1.74 1.34 1.34 2.70 3.92 4.84 5.23 5.14 4.61
 20   3.88 3.15 2.45 1.84 1.38 1.30 2.03 3.45 4.54 5.17 5.30 4.91 4.11 3.34 2.55 1.86 1.34 1.21 1.64 3.27 4.49 5.19 5.33 5.03
 21   4.33 3.55 2.78 2.10 1.45 1.15 1.35 2.85 4.20 5.10 5.52 5.33 4.55 3.74 3.00 2.21 1.52 1.13 1.20 2.59 4.04 5.14 5.53 5.26
 22   4.63 3.80 2.99 2.24 1.64 1.12 0.99 1.60 3.47 4.83 5.50 5.56 4.88 4.11 3.28 2.51 1.88 1.26 0.98 1.45 3.43 4.79 5.45 5.51
 23   5.00 4.15 3.35 2.54 1.85 1.26 0.81 0.89 3.04 4.48 5.41 5.70 5.36 4.51 3.76 2.90 2.20 1.61 1.19 1.36 3.07 4.44 5.31 5.61
 24   5.32 4.57 3.76 2.91 2.11 1.45 0.93 0.87 1.63 3.51 4.92 5.52 5.54 4.90 4.03 3.22 2.42 1.80 1.24 0.99 1.46 3.35 4.57 5.23
 25   5.34 4.86 4.04 3.28 2.50 1.87 1.31 0.92 1.18 3.13 4.39 5.29 5.58 5.25 4.45 3.68 2.90 2.22 1.63 1.20 1.21 2.60 3.84 4.80
 26   5.18 5.10 4.41 3.66 2.89 2.22 1.56 1.13 1.14 2.15 3.61 4.72 5.34 5.41 4.86 4.06 3.32 2.62 2.01 1.48 1.36 1.85 3.19 4.16
 27   4.77 5.00 4.72 4.00 3.29 2.65 2.02 1.51 1.20 1.45 2.86 3.98 4.79 5.11 5.00 4.32 3.61 2.90 2.28 1.73 1.48 1.53 2.63 3.62
 28   4.40 4.78 4.74 4.15 3.47 2.86 2.30 1.82 1.48 1.48 2.38 3.42 4.27 4.79 4.95 4.65 4.02 3.37 2.76 2.24 1.81 1.57 1.80 2.89
 29   3.76 4.34 4.56 4.39 3.81 3.21 2.63 2.14 1.71 1.61 1.92 2.80 3.64 4.33 4.73 4.76 4.37 3.79 3.28 2.72 2.22 1.80 1.58 1.77
 30   2.78 3.64 4.09 4.28 4.13 3.68 3.21 2.71 2.31 1.95 1.80 1.98 2.66 3.37 4.05 4.49 4.62 4.37 3.86 3.31 2.77 2.31 1.95 1.83
 ----------------------------------------------------------------------------------------------------------------------------
                                                                                               
 ----------------------------------------------------------------------------------------------------------------------------
 ----------------------------------------------------------------------------------------------------------------------------
                                                          SURVEY OF INDIA
                                                    MARINE GEODESY WING (G&RB)
                                                     HOURLY HEIGHTS IN METRES
  NAME OF PORT:- HALDIA                                                                             MONTH MAY       YEAR 2016
 ----------------------------------------------------------------------------------------------------------------------------
 DAYS 0000 0001 0002 0003 0004 0005 0006 0007 0008 0009 0010 0011 0012 0013 0014 0015 0016 0017 0018 0019 0020 0021 0022 0023
 ----------------------------------------------------------------------------------------------------------------------------
  1   2.14 2.79 3.35 3.78 4.08 4.12 3.90 3.53 3.14 2.73 2.29 1.94 1.89 2.31 2.90 3.63 4.18 4.54 4.55 4.27 3.75 3.22 2.72 2.25
  2   1.93 1.89 2.48 3.03 3.64 4.08 4.26 4.24 3.95 3.54 3.05 2.57 2.10 1.74 1.71 2.42 3.29 4.12 4.69 4.91 4.73 4.00 3.35 2.82
  3   2.26 1.80 1.54 1.70 2.49 3.49 4.29 4.81 4.94 4.67 3.98 3.34 2.65 2.10 1.66 1.54 2.09 3.26 4.32 4.96 5.17 4.88 4.18 3.41
  4   2.54 1.80 1.12 0.74 0.74 1.81 3.15 4.80 5.44 5.46 4.89 4.06 3.28 2.52 1.86 1.34 1.16 1.60 3.22 4.36 5.18 5.36 5.02 4.17
  5   3.39 2.59 1.95 1.29 0.87 0.89 2.26 3.65 4.93 5.59 5.86 5.74 4.42 3.37 2.47 1.75 1.17 0.95 1.40 3.45 4.79 5.62 5.57 4.90
  6   3.99 3.21 2.47 1.72 1.16 0.74 0.77 2.77 4.40 5.60 6.04 5.75 4.78 3.85 2.90 2.15 1.46 0.90 0.96 2.01 3.91 5.35 5.85 5.76
  7   5.00 4.00 3.06 2.24 1.58 0.98 0.57 0.79 3.48 5.09 6.06 6.24 5.62 4.53 3.57 2.66 1.94 1.28 0.82 0.99 2.73 4.40 5.57 5.94
  8   5.52 4.51 3.55 2.65 1.91 1.22 0.60 0.53 1.60 3.80 5.55 6.24 6.16 5.31 4.28 3.36 2.50 1.75 1.17 0.84 1.07 3.12 4.49 5.36
  9   5.64 5.36 4.40 3.48 2.61 1.87 1.29 0.80 0.78 2.51 4.17 5.41 5.84 5.67 4.78 3.89 3.05 2.32 1.70 1.21 1.16 1.81 3.38 4.51
 10   5.23 5.34 4.82 3.94 3.17 2.42 1.84 1.35 1.10 1.42 3.16 4.42 5.25 5.54 5.25 4.44 3.68 2.99 2.31 1.77 1.30 1.35 2.36 3.42
 11   4.32 4.90 4.99 4.44 3.61 2.89 2.16 1.55 1.13 1.12 2.12 3.34 4.37 5.05 5.26 4.94 4.17 3.44 2.75 2.17 1.70 1.48 1.69 2.73
 12   3.76 4.40 4.74 4.64 4.06 3.41 2.75 2.17 1.73 1.48 1.60 2.77 3.61 4.40 4.83 4.91 4.51 3.90 3.28 2.72 2.20 1.84 1.70 2.02
 13   2.91 3.69 4.27 4.52 4.44 3.95 3.34 2.78 2.29 1.92 1.80 2.15 3.14 3.91 4.49 4.76 4.73 4.32 3.78 3.25 2.75 2.34 2.04 1.99
 14   2.39 3.04 3.60 4.02 4.26 4.16 3.75 3.37 3.02 2.76 2.59 2.55 2.80 3.32 3.82 4.24 4.52 4.55 4.25 3.88 3.48 3.05 2.65 2.37
 15   2.19 2.30 2.76 3.37 3.91 4.19 4.24 4.05 3.71 3.30 2.87 2.54 2.32 2.41 2.91 3.49 4.07 4.44 4.62 4.60 4.24 3.60 3.06 2.57
 16   2.10 1.91 2.14 2.70 3.39 3.95 4.38 4.57 4.50 4.17 3.62 3.09 2.64 2.27 2.19 2.52 3.21 3.90 4.40 4.70 4.70 4.32 3.81 3.25
 17   2.65 2.20 1.90 1.90 2.48 3.35 4.14 4.65 4.88 4.78 4.32 3.68 3.05 2.54 2.16 2.00 2.35 3.30 4.10 4.78 4.87 4.68 4.20 3.62
 18   3.05 2.44 1.95 1.67 1.70 2.62 3.58 4.44 4.94 5.05 4.67 4.01 3.35 2.80 2.30 1.94 1.95 2.62 3.62 4.45 4.94 5.06 4.71 4.02
 19   3.39 2.75 2.24 1.82 1.71 2.04 3.11 4.26 5.12 5.43 5.30 4.65 3.87 3.12 2.44 1.90 1.50 1.64 2.94 4.04 4.89 5.26 5.15 4.55
 20   3.72 3.00 2.31 1.77 1.39 1.46 2.51 3.85 5.07 5.69 5.72 5.17 4.34 3.54 2.77 2.14 1.68 1.58 2.17 3.44 4.54 5.24 5.45 5.11
 21   4.21 3.34 2.58 1.89 1.34 1.02 1.26 2.86 4.29 5.38 5.79 5.62 4.78 3.88 3.02 2.31 1.74 1.30 1.35 2.82 4.14 5.17 5.60 5.44
 22   4.67 3.80 2.99 2.25 1.72 1.36 1.40 2.44 3.85 5.11 5.84 5.94 5.36 4.46 3.54 2.74 2.05 1.50 1.32 1.96 3.50 4.65 5.40 5.58
 23   5.15 4.32 3.51 2.70 2.02 1.36 1.11 1.61 3.31 4.75 5.74 6.05 5.76 4.90 4.06 3.20 2.50 1.84 1.41 1.42 2.70 3.98 5.00 5.57
 24   5.44 4.85 4.05 3.04 2.22 1.60 1.22 1.26 2.50 3.80 5.00 5.69 5.89 5.51 4.65 3.78 2.96 2.28 1.71 1.42 1.78 3.29 4.46 5.26
 25   5.60 5.30 4.45 3.66 2.90 2.25 1.75 1.37 1.43 3.02 4.28 5.34 5.86 5.80 5.04 4.17 3.42 2.68 2.04 1.52 1.54 2.55 3.67 4.60
 26   5.42 5.59 5.00 4.12 3.30 2.60 2.08 1.64 1.65 2.44 3.60 4.70 5.50 5.69 5.30 4.60 3.86 3.13 2.52 2.00 1.66 1.79 3.09 4.10
 27   4.95 5.34 5.28 4.79 3.94 3.14 2.52 2.00 1.65 1.80 3.06 4.10 5.02 5.53 5.58 5.04 4.30 3.57 2.94 2.42 1.97 1.88 2.35 3.35
 28   4.32 4.94 5.11 4.98 4.40 3.59 2.90 2.36 1.96 1.86 2.25 3.29 4.22 4.85 5.24 5.28 4.85 4.14 3.46 2.82 2.32 1.97 1.96 2.53
 29   3.40 4.18 4.67 4.88 4.71 4.11 3.54 3.01 2.50 2.10 2.10 2.69 3.48 4.14 4.69 5.04 5.09 4.70 4.09 3.48 2.90 2.42 2.05 2.03
 30   2.56 3.35 4.12 4.65 4.92 4.81 4.27 3.70 3.19 2.79 2.38 2.17 2.40 3.12 3.81 4.52 5.02 5.13 4.90 4.25 3.64 3.01 2.50 2.11
 31   1.90 2.20 2.92 3.77 4.55 4.98 5.01 4.69 4.15 3.52 2.95 2.46 2.12 2.12 2.75 3.56 4.47 5.05 5.34 5.14 4.48 3.79 3.14 2.60
 ----------------------------------------------------------------------------------------------------------------------------
                                                                                               
 ----------------------------------------------------------------------------------------------------------------------------
 ----------------------------------------------------------------------------------------------------------------------------
                                                          SURVEY OF INDIA
                                                    MARINE GEODESY WING (G&RB)
                                                     HOURLY HEIGHTS IN METRES
  NAME OF PORT:- HALDIA                                                                             MONTH JUNE      YEAR 2016
 ----------------------------------------------------------------------------------------------------------------------------
 DAYS 0000 0001 0002 0003 0004 0005 0006 0007 0008 0009 0010 0011 0012 0013 0014 0015 0016 0017 0018 0019 0020 0021 0022 0023
 ----------------------------------------------------------------------------------------------------------------------------
  1   2.18 1.91 2.08 2.95 3.77 4.54 5.09 5.29 5.08 4.36 3.70 3.00 2.50 2.10 1.91 2.20 3.29 4.27 5.00 5.50 5.49 4.70 3.87 3.17
  2   2.55 2.00 1.65 1.68 2.70 3.70 4.66 5.37 5.59 5.37 4.63 3.88 3.15 2.57 2.07 1.78 1.91 3.23 4.33 5.24 5.64 5.51 4.78 3.97
  3   3.20 2.54 1.98 1.56 1.60 2.50 3.83 5.13 5.89 6.07 5.63 4.75 3.86 3.11 2.36 1.80 1.49 1.68 3.29 4.57 5.56 5.88 5.57 4.72
  4   3.87 3.02 2.31 1.72 1.26 1.30 2.63 4.27 5.62 6.35 6.37 5.61 4.60 3.67 2.82 2.05 1.50 1.30 1.89 3.59 5.00 5.82 6.00 5.56
  5   4.58 3.68 2.86 2.17 1.51 1.09 1.09 3.14 4.70 5.97 6.52 6.35 5.34 4.37 3.50 2.67 1.99 1.46 1.35 2.10 3.80 5.20 5.96 6.07
  6   5.42 4.46 3.57 2.73 1.99 1.30 1.01 1.50 3.57 5.12 6.19 6.45 6.10 5.05 4.10 3.25 2.46 1.78 1.33 1.35 2.65 3.80 5.10 6.01
  7   5.98 5.21 4.30 3.37 2.56 1.85 1.25 1.14 2.10 4.00 5.46 6.26 6.32 5.70 4.78 3.87 3.00 2.28 1.72 1.37 1.57 3.26 4.57 5.58
  8   5.90 5.71 4.80 3.96 3.13 2.42 1.77 1.32 1.38 3.03 4.41 5.64 6.17 6.04 5.23 4.34 3.54 2.82 2.11 1.66 1.55 2.11 3.48 4.70
  9   5.44 5.68 5.24 4.40 3.60 2.83 2.20 1.66 1.50 2.02 3.46 4.68 5.57 5.89 5.60 4.80 4.00 3.24 2.60 2.05 1.72 1.96 2.95 3.79
 10   4.65 5.39 5.39 4.82 4.03 3.26 2.59 2.00 1.63 1.75 2.90 3.88 4.78 5.37 5.48 5.10 4.42 3.66 2.95 2.37 1.96 1.82 2.30 3.31
 11   4.18 4.79 5.11 4.95 4.40 3.80 3.14 2.55 2.12 1.95 2.29 3.25 4.18 4.82 5.19 5.22 4.83 4.16 3.55 2.96 2.45 2.16 2.22 2.71
 12   3.46 4.14 4.64 4.85 4.76 4.36 3.81 3.24 2.75 2.34 2.20 2.58 3.42 4.21 4.82 5.05 4.95 4.58 4.06 3.52 2.98 2.57 2.35 2.40
 13   2.95 3.54 4.09 4.64 4.84 4.68 4.30 3.82 3.35 2.92 2.58 2.45 2.74 3.27 3.94 4.44 4.69 4.66 4.40 3.95 3.41 2.98 2.60 2.42
 14   2.47 2.74 3.28 3.82 4.29 4.64 4.70 4.35 3.84 3.35 2.90 2.57 2.43 2.63 3.33 3.94 4.43 4.78 4.80 4.53 4.02 3.55 3.10 2.71
 15   2.36 2.27 2.45 3.03 3.59 4.19 4.68 4.88 4.78 4.30 3.76 3.30 2.84 2.53 2.47 2.78 3.45 4.10 4.63 4.85 4.72 4.20 3.63 3.12
 16   2.62 2.23 2.05 2.23 3.00 3.80 4.49 5.01 5.20 4.97 4.31 3.73 3.15 2.69 2.36 2.39 2.82 3.59 4.24 4.78 5.03 4.80 4.20 3.61
 17   3.02 2.52 2.09 2.00 2.30 3.18 4.02 4.82 5.31 5.38 4.97 4.28 3.64 3.03 2.56 2.22 2.30 3.00 3.80 4.59 5.08 5.19 4.80 4.12
 18   3.50 2.91 2.45 2.10 1.98 2.42 3.46 4.51 5.43 5.76 5.62 4.88 4.10 3.40 2.80 2.32 2.05 2.31 3.30 4.28 5.07 5.46 5.43 4.87
 19   4.10 3.40 2.74 2.23 1.83 1.87 3.03 4.10 5.26 5.90 5.97 5.47 4.71 3.93 3.15 2.52 2.08 2.00 2.44 3.56 4.68 5.37 5.63 5.35
 20   4.59 3.81 3.14 2.52 1.95 1.69 1.91 3.39 4.70 5.71 6.14 5.94 5.14 4.31 3.46 2.76 2.17 1.78 1.84 2.84 3.97 5.02 5.60 5.62
 21   5.03 4.18 3.50 2.78 2.13 1.66 1.69 2.37 3.87 5.21 5.97 6.08 5.70 4.82 3.98 3.19 2.49 1.94 1.62 1.90 3.31 4.52 5.33 5.67
 22   5.49 4.72 3.92 3.18 2.44 1.84 1.41 1.42 2.97 4.35 5.54 6.04 6.01 5.29 4.42 3.60 2.78 2.17 1.70 1.70 2.31 3.62 4.80 5.47
 23   5.55 5.22 4.50 3.63 2.84 2.16 1.65 1.48 1.95 3.51 4.87 5.69 6.03 5.74 4.88 4.07 3.28 2.58 2.00 1.62 1.70 2.92 4.04 5.02
 24   5.50 5.50 4.92 4.16 3.38 2.66 2.04 1.58 1.60 2.66 3.92 5.08 5.71 5.80 5.38 4.57 3.78 3.02 2.40 1.90 1.63 1.92 3.27 4.31
 25   5.15 5.51 5.33 4.57 3.79 3.06 2.47 1.95 1.59 1.81 3.23 4.35 5.32 5.75 5.74 5.07 4.24 3.50 2.84 2.25 1.83 1.81 2.47 3.57
 26   4.64 5.28 5.44 5.05 4.28 3.51 2.86 2.31 1.89 1.93 2.56 3.68 4.73 5.45 5.76 5.51 4.75 3.98 3.28 2.65 2.13 1.84 1.90 2.88
 27   3.85 4.75 5.30 5.40 4.90 4.16 3.47 2.84 2.37 2.05 2.16 2.99 3.86 4.75 5.47 5.66 5.38 4.68 3.99 3.33 2.75 2.25 2.18 2.68
 28   3.36 4.15 4.96 5.38 5.36 4.89 4.22 3.62 3.12 2.72 2.52 2.65 3.26 4.04 4.73 5.36 5.65 5.43 4.81 4.12 3.45 2.91 2.51 2.27
 29   2.38 3.13 3.94 4.68 5.21 5.38 5.13 4.53 3.93 3.41 2.96 2.61 2.49 2.82 3.63 4.40 5.12 5.50 5.41 4.84 4.11 3.47 2.88 2.42
 30   2.13 2.17 2.95 3.76 4.57 5.17 5.42 5.31 4.73 4.11 3.52 2.98 2.52 2.26 2.35 3.17 4.06 4.95 5.45 5.46 4.94 4.23 3.57 2.96
 ----------------------------------------------------------------------------------------------------------------------------
                                                                                               
 ----------------------------------------------------------------------------------------------------------------------------
 ----------------------------------------------------------------------------------------------------------------------------
                                                          SURVEY OF INDIA
                                                    MARINE GEODESY WING (G&RB)
                                                     HOURLY HEIGHTS IN METRES
  NAME OF PORT:- HALDIA                                                                             MONTH JULY      YEAR 2016
 ----------------------------------------------------------------------------------------------------------------------------
 DAYS 0000 0001 0002 0003 0004 0005 0006 0007 0008 0009 0010 0011 0012 0013 0014 0015 0016 0017 0018 0019 0020 0021 0022 0023
 ----------------------------------------------------------------------------------------------------------------------------
  1   2.48 2.10 2.05 2.58 3.56 4.58 5.33 5.73 5.62 5.03 4.30 3.65 3.01 2.53 2.20 2.22 2.95 3.91 4.92 5.51 5.62 5.19 4.42 3.68
  2   2.99 2.43 2.01 1.85 2.20 3.37 4.51 5.50 6.03 5.99 5.40 4.57 3.76 3.09 2.48 2.06 2.00 2.72 3.90 5.06 5.73 5.81 5.31 4.52
  3   3.71 2.98 2.38 1.86 1.58 1.92 3.42 4.84 5.83 6.25 6.01 5.27 4.49 3.67 2.84 2.15 1.65 1.60 2.54 3.93 5.17 5.81 5.89 5.49
  4   4.68 3.81 2.98 2.27 1.70 1.36 1.50 3.65 5.10 6.17 6.52 6.20 5.29 4.46 3.46 2.71 2.04 1.50 1.55 2.71 4.20 5.37 5.94 5.93
  5   5.24 4.40 3.53 2.68 1.99 1.40 1.20 1.78 3.82 5.28 6.21 6.38 5.92 5.01 4.05 3.20 2.48 1.90 1.42 1.46 3.06 4.37 5.46 6.00
  6   5.79 4.99 4.10 3.24 2.40 1.78 1.28 1.24 2.94 4.41 5.67 6.34 6.28 5.56 4.71 3.77 2.92 2.16 1.56 1.28 1.75 3.51 4.82 5.64
  7   5.87 5.44 4.59 3.73 2.87 2.13 1.54 1.20 1.50 3.46 4.86 5.81 6.20 5.93 5.03 4.19 3.35 2.59 1.99 1.57 1.50 2.67 3.92 5.03
  8   5.63 5.64 5.03 4.20 3.37 2.66 2.03 1.56 1.50 2.58 3.96 5.16 5.84 5.92 5.37 4.57 3.76 3.03 2.41 1.89 1.61 1.97 3.30 4.36
  9   5.19 5.56 5.32 4.57 3.80 3.04 2.40 1.90 1.72 2.11 3.42 4.53 5.38 5.71 5.58 4.93 4.22 3.50 2.84 2.30 1.95 1.92 2.82 3.78
 10   4.71 5.32 5.43 4.96 4.20 3.50 2.84 2.30 1.90 1.87 2.72 3.73 4.72 5.30 5.47 5.18 4.53 3.80 3.09 2.52 2.11 1.92 2.18 3.20
 11   4.08 4.79 5.20 5.12 4.55 3.89 3.21 2.62 2.16 1.97 2.37 3.33 4.16 4.83 5.25 5.24 4.75 4.11 3.48 2.90 2.44 2.10 2.11 2.75
 12   3.55 4.34 4.89 5.09 4.91 4.40 3.75 3.20 2.74 2.34 2.27 2.66 3.43 4.12 4.71 4.98 4.89 4.41 3.85 3.33 2.81 2.44 2.22 2.31
 13   2.88 3.61 4.21 4.65 4.82 4.64 4.24 3.75 3.24 2.81 2.53 2.50 2.87 3.42 3.96 4.44 4.72 4.71 4.36 3.89 3.42 2.94 2.55 2.33
 14   2.39 2.83 3.45 3.99 4.49 4.75 4.68 4.36 3.93 3.48 3.07 2.77 2.58 2.70 3.03 3.63 4.15 4.52 4.64 4.48 3.99 3.49 3.05 2.61
 15   2.31 2.26 2.62 3.21 3.84 4.40 4.75 4.82 4.60 4.16 3.66 3.22 2.74 2.36 2.30 2.72 3.40 3.99 4.46 4.67 4.53 4.15 3.67 3.17
 16   2.65 2.22 2.14 2.37 2.97 3.65 4.30 4.79 4.97 4.82 4.37 3.87 3.31 2.75 2.34 2.24 2.65 3.40 4.13 4.65 4.80 4.55 4.05 3.48
 17   3.00 2.48 2.08 1.85 2.02 2.96 3.93 4.81 5.23 5.24 4.93 4.37 3.66 3.01 2.45 2.03 1.93 2.32 3.36 4.26 4.87 5.07 4.83 4.18
 18   3.54 2.89 2.32 1.84 1.53 1.76 2.91 4.03 4.95 5.42 5.47 4.97 4.20 3.47 2.75 2.13 1.60 1.63 2.50 3.64 4.66 5.21 5.27 4.74
 19   3.99 3.26 2.57 1.97 1.50 1.32 1.66 3.30 4.65 5.62 5.91 5.57 4.74 3.90 3.07 2.32 1.74 1.33 1.40 2.80 4.09 5.14 5.54 5.40
 20   4.71 3.91 3.07 2.34 1.70 1.28 1.28 2.17 3.84 5.27 6.00 6.03 5.43 4.51 3.66 2.82 2.12 1.50 1.21 1.58 3.28 4.57 5.46 5.73
 21   5.31 4.44 3.63 2.90 2.07 1.39 1.08 1.21 3.06 4.52 5.77 6.26 5.98 5.07 4.16 3.27 2.47 1.80 1.25 1.20 2.36 3.84 5.20 5.88
 22   5.82 5.09 4.20 3.32 2.51 1.88 1.31 1.21 1.96 3.79 5.41 6.26 6.40 5.67 4.71 3.84 2.85 2.13 1.45 1.08 1.26 2.98 4.42 5.60
 23   6.02 5.67 4.84 3.90 2.99 2.23 1.62 1.16 1.14 2.66 4.24 5.67 6.34 6.25 5.37 4.47 3.53 2.72 2.02 1.41 1.20 1.77 3.51 4.98
 24   5.78 5.96 5.46 4.54 3.68 2.84 2.15 1.56 1.30 1.73 3.44 4.83 5.82 6.19 5.92 4.96 4.13 3.28 2.51 1.92 1.53 1.54 2.87 4.00
 25   5.22 5.85 5.85 5.21 4.42 3.57 2.85 2.25 1.76 1.75 2.57 3.88 5.02 5.78 5.88 5.38 4.65 3.88 3.14 2.51 1.98 1.67 1.84 3.15
 26   4.32 5.30 5.72 5.62 4.95 4.18 3.41 2.79 2.28 1.93 1.96 3.01 4.03 4.95 5.58 5.56 4.97 4.34 3.71 3.00 2.40 1.95 1.68 1.94
 27   3.17 4.25 5.03 5.35 5.13 4.54 3.87 3.19 2.65 2.21 1.95 2.04 2.89 3.76 4.58 5.15 5.23 4.76 4.14 3.47 2.82 2.29 1.85 1.72
 28   2.12 3.14 4.05 4.74 5.12 5.00 4.52 3.92 3.36 2.79 2.38 2.09 2.07 2.68 3.45 4.19 4.73 4.96 4.77 4.19 3.57 3.00 2.48 2.04
 29   1.77 1.93 2.87 3.72 4.43 4.87 4.98 4.68 4.23 3.67 3.12 2.62 2.23 1.99 2.13 2.93 3.71 4.36 4.82 4.84 4.44 3.84 3.20 2.63
 30   2.16 1.79 1.71 2.38 3.24 4.12 4.74 5.12 5.05 4.65 3.97 3.34 2.73 2.23 1.85 1.81 2.55 3.50 4.38 4.90 5.00 4.64 4.00 3.37
 31   2.72 2.21 1.81 1.69 2.03 3.02 4.00 4.87 5.37 5.38 4.86 4.12 3.35 2.71 2.14 1.73 1.66 2.30 3.46 4.53 5.19 5.37 4.96 4.16
 ----------------------------------------------------------------------------------------------------------------------------
                                                                                               
 ----------------------------------------------------------------------------------------------------------------------------
 ----------------------------------------------------------------------------------------------------------------------------
                                                          SURVEY OF INDIA
                                                    MARINE GEODESY WING (G&RB)
                                                     HOURLY HEIGHTS IN METRES
  NAME OF PORT:- HALDIA                                                                             MONTH AUGUST    YEAR 2016
 ----------------------------------------------------------------------------------------------------------------------------
 DAYS 0000 0001 0002 0003 0004 0005 0006 0007 0008 0009 0010 0011 0012 0013 0014 0015 0016 0017 0018 0019 0020 0021 0022 0023
 ----------------------------------------------------------------------------------------------------------------------------
  1   3.43 2.73 2.10 1.65 1.48 1.82 3.18 4.40 5.43 5.83 5.65 4.90 4.12 3.30 2.64 2.05 1.62 1.64 2.38 3.65 4.81 5.49 5.65 5.19
  2   4.21 3.41 2.68 2.07 1.52 1.35 1.80 2.94 4.80 5.87 6.23 5.88 4.92 4.07 3.24 2.56 1.97 1.57 1.65 2.89 4.20 5.36 5.92 5.83
  3   5.04 4.13 3.27 2.52 1.91 1.44 1.48 2.59 4.16 5.60 6.37 6.38 5.67 4.67 3.75 2.93 2.30 1.72 1.58 2.12 3.63 5.02 6.00 6.25
  4   5.73 4.77 3.90 2.98 2.26 1.68 1.34 1.75 3.52 5.09 6.22 6.65 6.32 5.30 4.37 3.47 2.73 2.10 1.68 1.72 2.94 4.29 5.62 6.29
  5   6.22 5.47 4.49 3.55 2.74 2.07 1.54 1.52 2.64 4.21 6.50 6.74 6.48 5.76 4.79 3.87 3.03 2.36 1.79 1.55 1.89 3.50 4.89 5.84
  6   6.18 5.78 4.93 4.02 3.17 2.41 1.79 1.44 1.60 3.45 4.81 5.85 6.25 5.95 5.12 4.28 3.42 2.72 2.08 1.60 1.65 2.56 3.95 5.16
  7   5.87 5.93 5.39 4.44 3.69 2.85 2.21 1.66 1.63 2.60 4.06 5.22 5.88 5.91 5.36 4.45 3.62 2.88 2.30 1.78 1.53 1.92 3.43 4.62
  8   5.64 5.86 5.45 4.57 3.85 3.13 2.47 1.91 1.60 1.90 3.16 4.22 5.13 5.57 5.42 4.75 3.98 3.28 2.65 2.08 1.70 1.75 2.70 3.73
  9   4.67 5.26 5.39 4.98 4.27 3.53 2.81 2.24 1.77 1.67 2.29 3.35 4.15 4.69 4.87 4.59 4.06 3.53 2.91 2.29 1.85 1.54 1.55 2.42
 10   3.53 4.26 4.66 4.72 4.36 3.82 3.23 2.58 2.07 1.78 1.97 2.93 3.78 4.68 4.89 4.78 4.36 3.84 3.26 2.67 2.18 1.92 1.91 2.44
 11   3.37 4.10 4.63 4.86 4.73 4.33 3.82 3.30 2.80 2.48 2.38 2.68 3.31 3.94 4.43 4.69 4.65 4.27 3.82 3.32 2.79 2.41 2.19 2.28
 12   2.95 3.53 4.08 4.45 4.63 4.51 4.14 3.77 3.37 2.98 2.71 2.62 2.87 3.28 3.80 4.19 4.48 4.52 4.28 3.90 3.48 3.01 2.65 2.40
 13   2.42 2.81 3.30 3.85 4.35 4.65 4.70 4.48 4.09 3.67 3.25 2.87 2.60 2.53 2.85 3.36 3.90 4.34 4.56 4.50 4.15 3.72 3.27 2.81
 14   2.45 2.26 2.35 2.85 3.52 4.19 4.70 4.94 4.82 4.40 3.90 3.37 2.88 2.45 2.23 2.31 2.87 3.63 4.32 4.77 4.84 4.44 3.92 3.40
 15   2.83 2.39 1.98 1.95 2.51 3.39 4.40 5.05 5.35 5.26 4.65 3.96 3.31 2.70 2.20 1.85 1.90 2.95 4.00 4.71 5.12 5.17 4.65 4.01
 16   3.29 2.64 2.11 1.66 1.62 2.24 3.47 4.80 5.57 5.81 5.52 4.77 3.95 3.10 2.44 1.90 1.53 1.74 3.06 4.22 5.17 5.90 5.95 4.90
 17   3.98 3.17 2.45 1.90 1.57 1.66 2.66 3.96 5.31 6.01 6.04 5.34 4.33 3.43 2.57 1.93 1.45 1.42 1.97 3.57 4.90 5.80 6.08 5.70
 18   4.84 3.95 3.10 2.39 1.70 1.34 1.44 3.43 4.99 6.12 6.58 6.31 5.34 4.39 3.42 2.55 1.80 1.27 1.25 2.22 4.03 5.44 6.17 6.16
 19   5.43 4.42 3.53 2.65 1.92 1.28 0.92 1.58 3.76 5.45 6.46 6.70 6.03 4.89 3.89 2.91 2.13 1.47 0.96 0.95 2.87 4.55 5.86 6.41
 20   6.10 5.09 4.11 3.12 2.27 1.55 0.90 0.86 2.24 4.27 5.82 6.59 6.52 5.50 4.48 3.34 2.52 1.80 1.18 0.80 1.35 3.56 5.16 6.11
 21   6.33 5.77 4.69 3.74 2.78 2.04 1.40 0.88 0.90 3.02 4.70 5.89 6.34 6.00 5.03 4.07 3.12 2.32 1.63 1.01 0.94 1.91 3.86 5.32
 22   6.08 6.07 5.39 4.45 3.53 2.67 1.95 1.30 1.30 2.13 3.75 5.10 5.84 6.02 5.62 4.69 3.79 2.93 2.21 1.58 1.05 1.20 2.80 4.33
 23   5.51 5.95 5.75 4.98 4.06 3.20 2.45 1.84 1.37 1.38 2.57 3.94 5.13 5.76 5.73 5.12 4.27 3.43 2.67 2.01 1.48 1.28 1.70 3.30
 24   4.56 5.43 5.73 5.40 4.52 3.72 2.96 2.32 1.82 1.51 1.80 3.08 4.08 5.00 5.43 5.34 4.70 3.94 3.22 2.55 1.97 1.54 1.50 2.42
 25   3.52 4.57 5.18 5.29 5.00 4.27 3.59 2.95 2.41 2.00 1.93 2.37 3.18 3.99 4.70 5.09 5.02 4.48 3.85 3.21 2.63 2.17 1.86 1.94
 26   2.75 3.59 4.40 4.92 5.05 4.79 4.24 3.69 3.12 2.69 2.32 2.18 2.48 3.11 3.80 4.42 4.82 4.87 4.51 3.95 3.45 2.92 2.49 2.25
 27   2.27 2.72 3.37 4.01 4.57 4.88 4.82 4.46 4.03 3.55 3.07 2.69 2.42 2.35 2.68 3.29 3.90 4.42 4.76 4.72 4.34 3.86 3.32 2.82
 28   2.46 2.22 2.34 2.95 3.63 4.32 4.84 5.07 4.94 4.49 3.92 3.37 2.84 2.40 2.12 2.15 2.75 3.52 4.30 4.85 5.04 4.73 4.15 3.56
 29   2.94 2.45 2.06 1.95 2.39 3.32 4.26 5.05 5.44 5.38 4.85 4.13 3.44 2.83 2.32 1.93 1.87 2.52 3.55 4.55 5.15 5.34 5.03 4.32
 30   3.64 2.94 2.37 1.80 1.50 1.92 3.28 4.42 5.37 5.79 5.64 4.95 4.11 3.32 2.65 2.08 1.64 1.61 2.67 3.85 4.96 5.50 5.60 5.13
 31   4.28 3.50 2.77 2.19 1.64 1.51 2.17 3.62 5.05 5.85 6.08 5.70 4.87 3.98 3.01 2.29 1.65 1.24 1.40 3.09 4.54 5.51 5.94 5.75
 ----------------------------------------------------------------------------------------------------------------------------
                                                                                               
 ----------------------------------------------------------------------------------------------------------------------------
 ----------------------------------------------------------------------------------------------------------------------------
                                                          SURVEY OF INDIA
                                                    MARINE GEODESY WING (G&RB)
                                                     HOURLY HEIGHTS IN METRES
  NAME OF PORT:- HALDIA                                                                             MONTH SEPT      YEAR 2016
 ----------------------------------------------------------------------------------------------------------------------------
 DAYS 0000 0001 0002 0003 0004 0005 0006 0007 0008 0009 0010 0011 0012 0013 0014 0015 0016 0017 0018 0019 0020 0021 0022 0023
 ----------------------------------------------------------------------------------------------------------------------------
  1   4.95 3.70 2.31 1.40 1.04 1.28 1.92 3.06 4.44 5.62 6.22 6.05 5.12 4.23 3.36 2.61 1.91 1.55 1.64 2.55 4.02 5.28 5.94 5.94
  2   5.34 4.41 3.51 2.50 1.65 1.07 0.93 1.69 3.36 4.80 5.77 6.03 5.57 4.70 3.76 2.82 2.02 1.27 1.00 1.28 3.18 4.60 5.66 6.07
  3   5.81 4.90 3.88 2.97 2.16 1.49 1.00 0.95 2.75 4.30 5.52 6.00 5.80 5.08 4.15 3.17 2.35 1.67 1.07 1.00 2.14 3.83 5.30 6.05
  4   6.12 5.41 4.43 3.50 2.45 1.56 1.00 0.93 1.77 3.60 5.08 5.90 6.01 5.58 4.56 3.57 2.74 2.05 1.45 1.06 1.18 3.12 4.49 5.58
  5   6.01 5.68 4.76 3.78 2.95 2.22 1.61 1.17 1.22 3.04 4.57 5.59 6.00 5.63 4.68 3.79 2.93 2.21 1.57 1.11 1.35 2.35 3.72 4.83
  6   5.48 5.55 5.07 4.30 3.38 2.60 1.90 1.42 1.44 2.24 3.63 4.75 5.42 5.57 5.18 4.36 3.55 2.78 2.15 1.59 1.35 1.72 3.26 4.43
  7   5.30 5.64 5.51 4.78 3.95 3.17 2.49 1.91 1.53 1.77 3.27 4.42 5.22 5.55 5.39 4.90 3.98 3.22 2.57 2.04 1.68 1.74 2.88 3.91
  8   4.87 5.42 5.50 5.12 4.38 3.68 2.98 2.42 2.02 2.01 2.85 3.80 4.64 5.18 5.23 4.93 4.27 3.66 3.04 2.52 2.13 2.10 2.52 3.40
  9   4.25 4.93 5.29 5.21 4.68 4.10 3.48 2.91 2.49 2.23 2.42 3.21 3.98 4.55 4.91 4.88 4.44 3.92 3.37 2.83 2.46 2.26 2.38 2.96
 10   3.62 4.27 4.73 4.92 4.76 4.36 3.88 3.37 2.94 2.66 2.67 2.87 3.34 3.85 4.30 4.54 4.56 4.24 3.84 3.39 2.97 2.72 2.66 2.82
 11   3.16 3.58 4.02 4.40 4.62 4.62 4.35 3.95 3.56 3.21 2.95 2.80 2.80 3.05 3.44 3.87 4.24 4.44 4.42 4.13 3.74 3.33 2.98 2.74
 12   2.69 2.78 3.12 3.54 4.00 4.45 4.80 4.92 4.70 4.10 3.55 3.08 2.73 2.55 2.58 2.99 3.59 4.15 4.59 4.75 4.61 4.17 3.68 3.17
 13   2.71 2.34 2.15 2.34 3.08 3.88 4.62 5.15 5.25 4.87 4.24 3.60 3.00 2.53 2.14 2.12 2.53 3.41 4.28 4.97 5.27 5.12 4.54 3.87
 14   3.22 2.66 2.20 1.86 1.92 3.10 4.07 5.05 5.60 5.65 5.12 4.36 3.55 2.85 2.27 1.79 1.74 2.19 3.49 4.61 5.37 5.63 5.37 4.57
 15   3.80 3.06 2.40 1.83 1.42 1.60 3.06 4.40 5.53 6.02 5.84 5.07 4.12 3.25 2.49 1.84 1.34 1.31 2.34 3.83 5.17 5.88 5.94 5.38
 16   4.41 3.52 2.68 1.99 1.38 1.00 1.50 3.61 5.14 6.10 6.36 6.02 4.96 3.96 2.99 2.20 1.54 0.99 1.00 2.77 4.53 5.79 6.37 6.18
 17   5.30 4.28 3.30 2.47 1.72 1.04 0.95 2.00 4.05 5.63 6.42 6.38 5.57 4.52 3.56 2.64 1.86 1.22 0.71 0.90 3.51 5.16 6.25 6.46
 18   6.01 4.90 3.90 2.90 2.10 1.29 0.65 0.65 2.70 4.78 6.19 6.75 6.46 5.36 4.24 3.19 2.30 1.46 0.78 0.69 2.04 4.32 5.88 6.58
 19   6.58 5.65 4.54 3.56 2.61 1.81 1.19 0.75 1.00 3.60 5.34 6.31 6.52 5.86 4.76 3.76 2.78 1.98 1.29 0.81 0.78 3.12 4.87 6.00
 20   6.42 6.08 5.02 4.06 3.11 2.29 1.59 1.04 0.96 2.38 4.18 5.57 6.20 6.06 5.20 4.20 3.24 2.40 1.71 1.10 0.95 1.80 3.70 5.20
 21   6.06 6.18 5.60 4.62 3.73 2.86 2.20 1.62 1.23 1.59 3.22 4.63 5.60 5.94 5.64 4.71 3.88 3.04 2.38 1.79 1.36 1.43 2.85 4.05
 22   5.19 5.76 5.70 5.08 4.21 3.42 2.72 2.19 1.78 1.83 2.57 3.60 4.64 5.34 5.55 5.16 4.38 3.59 2.88 2.34 1.87 1.70 2.19 3.30
 23   4.28 5.03 5.39 5.29 4.68 3.96 3.33 2.77 2.30 2.03 2.21 2.94 3.74 4.44 4.95 5.06 4.85 4.23 3.60 3.00 2.50 2.15 2.16 2.68
 24   3.39 4.13 4.72 5.10 5.05 4.67 4.10 3.59 3.06 2.66 2.42 2.47 2.95 3.48 4.03 4.46 4.72 4.69 4.36 3.88 3.36 2.82 2.32 1.90
 25   1.99 2.90 3.73 4.34 4.74 4.85 4.70 4.33 3.88 3.48 3.07 2.66 2.36 2.52 3.02 3.51 4.02 4.48 4.72 4.66 4.25 3.79 3.28 2.86
 26   2.52 2.34 2.55 3.11 3.74 4.31 4.72 4.90 4.74 4.26 3.74 3.21 2.72 2.33 2.12 2.25 2.92 3.69 4.34 4.78 4.89 4.58 4.02 3.43
 27   2.90 2.42 2.06 2.00 2.55 3.34 4.28 4.96 5.17 5.02 4.49 3.84 3.18 2.59 2.11 1.79 1.80 2.81 3.77 4.64 5.20 5.30 4.88 4.15
 28   3.45 2.76 2.20 1.76 1.79 2.42 3.57 4.64 5.29 5.50 5.23 4.47 3.71 3.00 2.35 1.84 1.47 1.61 2.98 4.15 5.13 5.59 5.44 4.76
 29   3.98 3.16 2.46 1.87 1.44 1.44 2.86 4.12 5.26 5.79 5.75 5.09 4.20 3.38 2.62 2.02 1.53 1.48 2.22 3.67 5.02 5.80 5.93 5.46
 30   4.50 3.66 2.81 2.19 1.61 1.32 1.80 3.50 4.83 5.64 5.93 5.66 4.67 3.83 2.98 2.29 1.69 1.28 1.42 3.10 4.53 5.66 6.16 5.96
 ----------------------------------------------------------------------------------------------------------------------------
                                                                                               
 ----------------------------------------------------------------------------------------------------------------------------
 ----------------------------------------------------------------------------------------------------------------------------
                                                          SURVEY OF INDIA
                                                    MARINE GEODESY WING (G&RB)
                                                     HOURLY HEIGHTS IN METRES
  NAME OF PORT:- HALDIA                                                                             MONTH OCTOBER   YEAR 2016
 ----------------------------------------------------------------------------------------------------------------------------
 DAYS 0000 0001 0002 0003 0004 0005 0006 0007 0008 0009 0010 0011 0012 0013 0014 0015 0016 0017 0018 0019 0020 0021 0022 0023
 ----------------------------------------------------------------------------------------------------------------------------
  1   5.02 4.14 3.21 2.47 1.84 1.31 1.26 2.76 4.18 5.47 6.09 6.02 5.25 4.28 3.41 2.58 1.92 1.30 1.30 2.12 3.76 5.24 6.09 6.21
  2   5.60 4.55 3.63 2.76 2.10 1.50 1.20 1.71 3.56 5.03 5.90 6.02 5.61 4.56 3.68 2.83 2.12 1.48 1.05 1.26 3.23 4.69 5.79 6.20
  3   5.97 4.96 4.06 3.14 2.39 1.73 1.20 1.19 2.80 4.27 5.42 5.95 5.81 4.93 4.01 3.09 2.35 1.73 1.19 1.17 2.45 3.96 5.30 5.99
  4   6.03 5.40 4.42 3.53 2.68 2.00 1.38 1.21 1.80 3.54 4.80 5.64 5.82 5.34 4.32 3.52 2.72 2.00 1.42 1.26 1.80 3.42 4.72 5.61
  5   5.90 5.61 4.72 3.89 3.03 2.35 1.77 1.34 1.39 2.98 4.23 5.23 5.66 5.47 4.67 3.83 3.07 2.41 1.85 1.42 1.46 2.62 3.83 4.93
  6   5.64 5.72 5.19 4.32 3.55 2.88 2.18 1.67 1.51 2.09 3.35 4.43 5.15 5.28 5.01 4.21 3.50 2.79 2.21 1.67 1.56 2.15 3.32 4.35
  7   5.12 5.47 5.32 4.61 3.86 3.16 2.54 2.06 1.76 1.90 3.05 3.92 4.72 5.18 5.11 4.52 3.85 3.18 2.59 2.15 1.89 2.08 2.90 3.84
  8   4.62 5.13 5.23 4.87 4.20 3.57 2.98 2.47 2.13 2.13 2.81 3.52 4.19 4.68 4.87 4.69 4.12 3.53 2.96 2.49 2.19 2.08 2.40 3.32
  9   3.99 4.54 4.84 4.86 4.53 4.01 3.51 2.99 2.61 2.39 2.57 3.15 3.69 4.19 4.50 4.56 4.35 3.98 3.55 3.10 2.73 2.51 2.53 2.91
 10   3.46 3.93 4.35 4.66 4.70 4.49 4.05 3.64 3.17 2.81 2.58 2.58 2.95 3.39 3.80 4.16 4.39 4.41 4.17 3.78 3.40 3.00 2.73 2.64
 11   2.74 2.99 3.40 3.89 4.34 4.62 4.68 4.38 3.98 3.50 3.03 2.63 2.37 2.43 2.83 3.34 3.93 4.40 4.69 4.68 4.33 3.85 3.37 2.87
 12   2.49 2.25 2.35 2.93 3.63 4.33 4.87 5.11 4.90 4.38 3.77 3.11 2.57 2.11 1.92 2.10 2.95 3.76 4.55 5.08 5.19 4.85 4.20 3.56
 13   2.90 2.35 1.93 1.86 2.41 3.50 4.56 5.32 5.58 5.31 4.55 3.76 3.03 2.36 1.83 1.46 1.52 2.88 4.06 5.02 5.62 5.78 5.45 4.27
 14   3.34 2.60 2.01 1.52 1.47 2.25 3.70 5.04 5.84 6.00 5.47 4.54 3.64 2.77 2.10 1.50 1.03 1.28 3.18 4.65 5.77 6.21 5.97 5.03
 15   4.10 3.17 2.40 1.73 1.18 1.15 2.28 4.01 5.53 6.28 6.25 5.41 4.35 3.36 2.49 1.76 1.14 0.77 1.25 3.57 5.16 6.20 6.46 5.95
 16   4.81 3.85 2.91 2.13 1.46 0.93 0.93 2.78 4.37 5.73 6.33 6.11 5.20 4.16 3.14 2.31 1.60 0.90 0.66 1.33 3.97 5.73 6.55 6.59
 17   5.85 4.66 3.63 2.66 1.84 1.09 0.61 0.67 3.17 4.92 6.03 6.42 5.97 4.78 3.78 2.79 2.00 1.21 0.56 0.59 2.58 4.72 6.04 6.64
 18   6.45 5.37 4.30 3.27 2.40 1.69 1.02 0.69 1.15 3.72 5.24 6.13 6.23 5.47 4.36 3.39 2.48 1.77 1.13 0.66 0.70 3.60 5.20 6.21
 19   6.55 6.01 4.85 3.85 2.93 2.16 1.40 0.90 0.92 2.53 4.21 5.49 6.06 5.86 4.93 3.97 3.03 2.25 1.45 0.90 0.90 2.17 3.99 5.40
 20   6.10 6.10 5.34 4.41 3.50 2.72 2.04 1.50 1.11 1.29 3.10 4.36 5.32 5.65 5.32 4.47 3.64 2.82 2.15 1.52 1.20 1.28 2.89 4.07
 21   5.12 5.64 5.57 4.95 4.09 3.30 2.61 2.06 1.62 1.60 2.15 3.29 4.37 5.05 5.16 4.89 4.15 3.43 2.70 2.12 1.68 1.54 2.01 3.23
 22   4.20 4.91 5.29 5.18 4.59 3.87 3.24 2.60 2.12 1.80 1.85 2.63 3.39 4.19 4.66 4.80 4.55 3.94 3.36 2.77 2.29 1.96 1.96 2.47
 23   3.24 3.98 4.56 4.91 4.83 4.40 3.82 3.28 2.73 2.32 2.12 2.17 2.62 3.25 3.79 4.24 4.46 4.39 4.05 3.57 3.05 2.67 2.40 2.28
 24   2.48 3.05 3.60 4.16 4.56 4.70 4.48 3.99 3.51 3.04 2.63 2.36 2.22 2.40 2.80 3.36 3.95 4.37 4.53 4.38 3.95 3.51 3.07 2.67
 25   2.40 2.40 2.67 3.20 3.79 4.30 4.59 4.63 4.31 3.85 3.35 2.83 2.42 2.10 2.04 2.40 3.09 3.86 4.75 5.00 4.88 4.46 3.90 3.35
 26   2.80 2.37 2.12 2.17 3.01 3.76 4.47 4.92 5.00 4.70 4.13 3.51 2.90 2.38 2.01 1.90 2.17 3.17 4.15 4.90 5.30 5.17 4.57 3.88
 27   3.26 2.71 2.27 1.98 2.09 3.12 4.03 4.87 5.33 5.31 4.72 4.06 3.37 2.72 2.21 1.80 1.72 2.30 3.42 4.47 5.21 5.50 5.22 4.48
 28   3.71 2.99 2.40 1.92 1.66 1.98 3.26 4.32 5.06 5.47 5.32 4.60 3.88 3.10 2.45 1.94 1.55 1.62 2.67 3.87 5.00 5.62 5.68 5.06
 29   4.21 3.42 2.71 2.16 1.70 1.65 2.29 3.54 4.60 5.27 5.48 5.07 4.28 3.47 2.74 2.12 1.60 1.32 1.76 3.32 4.67 5.62 5.94 5.66
 30   4.70 3.87 3.02 2.37 1.82 1.44 1.54 3.08 4.30 5.20 5.63 5.47 4.70 3.76 3.01 2.35 1.75 1.39 1.56 2.87 4.28 5.44 6.02 5.94
 31   5.18 4.24 3.45 2.63 2.02 1.52 1.46 2.20 3.71 4.97 5.65 5.72 5.12 4.21 3.38 2.69 2.02 1.48 1.30 1.82 3.62 5.02 5.87 6.08
 ----------------------------------------------------------------------------------------------------------------------------
                                                                                               
 ----------------------------------------------------------------------------------------------------------------------------
 ----------------------------------------------------------------------------------------------------------------------------
                                                          SURVEY OF INDIA
                                                    MARINE GEODESY WING (G&RB)
                                                     HOURLY HEIGHTS IN METRES
  NAME OF PORT:- HALDIA                                                                             MONTH NOVEMBER  YEAR 2016
 ----------------------------------------------------------------------------------------------------------------------------
 DAYS 0000 0001 0002 0003 0004 0005 0006 0007 0008 0009 0010 0011 0012 0013 0014 0015 0016 0017 0018 0019 0020 0021 0022 0023
 ----------------------------------------------------------------------------------------------------------------------------
  1   5.56 4.61 3.75 2.94 2.30 1.73 1.33 1.39 3.09 4.39 5.31 5.69 5.44 4.58 3.72 2.90 2.25 1.67 1.25 1.38 3.03 4.33 5.47 5.91
  2   5.80 4.99 4.07 3.24 2.50 1.90 1.44 1.39 2.15 3.62 4.75 5.40 5.52 4.95 4.05 3.30 2.53 1.97 1.45 1.34 2.05 3.64 4.89 5.62
  3   5.81 5.37 4.47 3.68 2.86 2.24 1.73 1.37 1.54 3.07 4.17 5.04 5.44 5.21 4.42 3.69 2.96 2.22 1.70 1.28 1.38 2.94 4.20 5.15
  4   5.66 5.58 4.88 4.05 3.24 2.56 2.04 1.59 1.58 2.45 3.60 4.56 5.18 5.25 4.71 3.91 3.17 2.51 1.99 1.52 1.48 2.34 3.49 4.55
  5   5.27 5.45 5.11 4.36 3.59 2.88 2.29 1.88 1.65 1.88 3.04 3.91 4.77 5.20 5.08 4.36 3.60 2.94 2.37 1.92 1.75 2.07 3.14 4.10
  6   4.90 5.34 5.26 4.70 4.00 3.36 2.75 2.27 2.00 2.05 2.63 3.40 4.18 4.68 4.85 4.55 3.96 3.40 2.82 2.34 2.03 1.99 2.65 3.43
  7   4.18 4.74 5.04 4.91 4.42 3.85 3.30 2.78 2.34 2.11 2.17 2.82 3.47 4.08 4.48 4.62 4.38 3.90 3.40 2.90 2.47 2.20 2.20 2.80
  8   3.40 4.06 4.54 4.79 4.73 4.38 3.82 3.33 2.81 2.41 2.18 2.21 2.76 3.33 3.88 4.27 4.44 4.35 3.97 3.53 3.11 2.70 2.41 2.30
  9   2.56 3.04 3.64 4.15 4.56 4.71 4.49 4.02 3.51 3.00 2.58 2.21 2.08 2.32 2.94 3.55 4.09 4.46 4.57 4.35 3.91 3.45 2.99 2.56
 10   2.25 2.14 2.43 3.07 3.82 4.45 4.81 4.84 4.40 3.81 3.24 2.66 2.17 1.84 1.82 2.44 3.29 4.10 4.66 4.99 4.89 4.41 3.80 3.17
 11   2.61 2.14 1.88 1.97 2.89 3.81 4.66 5.19 5.23 4.71 4.00 3.31 2.62 2.10 1.64 1.43 1.86 3.14 4.26 5.06 5.48 5.37 4.70 3.95
 12   3.22 2.55 2.03 1.62 1.65 2.56 3.76 4.84 5.48 5.54 5.00 4.16 3.33 2.61 2.00 1.47 1.20 1.56 3.24 4.60 5.54 5.87 5.64 4.80
 13   3.93 3.08 2.39 1.82 1.32 1.32 2.52 4.04 5.28 5.67 5.60 4.98 3.90 3.04 2.28 1.65 1.13 1.10 2.08 3.93 5.45 6.16 6.21 5.55
 14   4.51 3.60 2.73 2.04 1.45 1.01 1.12 3.19 4.66 5.68 6.02 5.67 4.61 3.70 2.79 2.04 1.39 0.85 0.86 2.50 4.50 5.89 6.47 6.22
 15   5.37 4.33 3.34 2.50 1.79 1.22 0.83 1.16 3.47 4.84 5.73 5.90 5.37 4.34 3.40 2.51 1.81 1.20 0.71 0.79 3.06 4.57 5.90 6.38
 16   6.10 5.06 4.04 3.13 2.30 1.52 1.00 0.84 1.45 3.53 4.93 5.71 5.72 4.88 3.87 2.90 2.16 1.44 0.90 0.86 1.66 3.69 5.14 5.99
 17   6.12 5.52 4.45 3.55 2.70 2.02 1.43 1.00 1.08 2.51 3.91 5.00 5.55 5.43 4.56 3.65 2.80 2.09 1.45 1.00 1.00 2.50 3.98 5.19
 18   5.55 5.48 5.00 4.13 3.26 2.50 1.90 1.43 1.10 1.32 2.97 4.19 5.03 5.35 5.05 4.19 3.41 2.62 2.00 1.50 1.18 1.44 3.10 4.25
 19   5.13 5.53 5.42 4.72 3.88 3.11 2.45 1.92 1.50 1.46 2.16 3.29 4.28 4.86 5.04 4.62 3.87 3.15 2.50 1.98 1.60 1.66 2.37 3.46
 20   4.39 5.01 5.26 4.99 4.32 3.59 2.91 2.32 1.87 1.64 1.80 2.67 3.46 4.19 4.63 4.75 4.40 3.79 3.20 2.61 2.13 1.84 1.89 2.74
 21   3.52 4.24 4.73 4.90 4.74 4.22 3.60 3.00 2.48 2.10 1.87 2.04 2.74 3.38 3.97 4.40 4.50 4.31 3.83 3.33 2.84 2.43 2.19 2.25
 22   2.78 3.35 3.90 4.36 4.63 4.57 4.17 3.64 3.16 2.67 2.26 2.01 2.06 2.60 3.19 3.76 4.20 4.47 4.45 4.06 3.61 3.17 2.73 2.39
 23   2.18 2.35 3.05 3.60 4.13 4.47 4.56 4.29 3.81 3.30 2.83 2.39 2.10 2.05 2.35 2.90 3.50 4.06 4.48 4.60 4.38 3.92 3.42 2.93
 24   2.48 2.15 2.14 2.70 3.44 4.20 4.85 4.84 4.48 3.99 3.47 2.95 2.43 2.06 1.85 2.07 2.70 3.60 4.88 5.80 5.80 5.10 4.30 3.55
 25   2.93 2.42 2.08 1.99 2.42 3.19 3.89 4.45 4.71 4.59 4.06 3.47 2.87 2.32 1.91 1.65 1.76 2.74 3.60 4.43 4.98 5.13 4.78 4.08
 26   3.41 2.75 2.25 1.88 1.84 2.34 3.27 4.07 4.61 4.86 4.65 4.02 3.37 2.73 2.17 1.77 1.49 1.67 2.89 3.92 4.75 5.22 5.23 4.67
 27   3.91 3.17 2.53 2.02 1.65 1.76 2.54 3.53 4.36 4.86 4.95 4.55 3.81 3.13 2.55 1.99 1.52 1.45 2.09 3.37 4.49 5.21 5.47 5.20
 28   4.37 3.59 2.83 2.23 1.69 1.42 1.65 2.97 3.94 4.70 5.08 4.96 4.25 3.50 2.75 2.13 1.62 1.23 1.22 2.76 3.99 5.05 5.52 5.50
 29   4.84 4.00 3.18 2.48 1.86 1.45 1.48 2.18 3.44 4.45 5.05 5.10 4.72 3.89 3.12 2.42 1.85 1.37 1.32 1.85 3.43 4.70 5.49 5.71
 30   5.33 4.41 3.62 2.83 2.18 1.65 1.30 1.42 2.83 3.93 4.78 5.21 5.07 4.30 3.48 2.75 2.13 1.58 1.19 1.32 2.60 3.97 5.12 5.63
 ----------------------------------------------------------------------------------------------------------------------------
                                                                                               
 ----------------------------------------------------------------------------------------------------------------------------
 ----------------------------------------------------------------------------------------------------------------------------
                                                          SURVEY OF INDIA
                                                    MARINE GEODESY WING (G&RB)
                                                     HOURLY HEIGHTS IN METRES
  NAME OF PORT:- HALDIA                                                                             MONTH DECEMBER  YEAR 2016
 ----------------------------------------------------------------------------------------------------------------------------
 DAYS 0000 0001 0002 0003 0004 0005 0006 0007 0008 0009 0010 0011 0012 0013 0014 0015 0016 0017 0018 0019 0020 0021 0022 0023
 ----------------------------------------------------------------------------------------------------------------------------
  1   5.61 4.93 4.06 3.23 2.50 1.80 1.24 1.23 1.88 3.20 4.33 5.11 5.16 4.51 3.68 2.93 2.26 1.62 1.28 1.33 2.29 3.69 4.89 5.55
  2   5.64 5.06 4.19 3.39 2.63 2.04 1.48 1.26 1.69 3.03 4.12 4.84 5.16 4.90 4.09 3.32 2.60 2.02 1.54 1.33 1.64 3.12 4.30 5.29
  3   5.56 5.38 4.57 3.80 3.02 2.38 1.84 1.45 1.47 2.42 3.46 4.38 4.93 5.00 4.52 3.72 2.99 2.34 1.84 1.47 1.47 2.39 3.49 4.55
  4   5.20 5.39 5.00 4.20 3.43 2.73 2.17 1.70 1.45 1.67 2.79 3.67 4.41 4.83 4.70 4.00 3.31 2.64 2.10 1.70 1.47 1.74 2.89 3.79
  5   4.57 5.00 4.98 4.42 3.70 3.02 2.41 1.95 1.61 1.59 2.13 3.08 3.90 4.50 4.75 4.47 3.80 3.15 2.55 2.05 1.71 1.70 2.32 3.20
  6   4.04 4.62 4.93 4.76 4.18 3.54 2.92 2.34 1.90 1.63 1.66 2.42 3.19 3.94 4.44 4.55 4.29 3.66 3.10 2.56 2.09 1.83 1.86 2.58
  7   3.33 4.02 4.54 4.79 4.63 4.11 3.50 2.91 2.37 1.95 1.69 1.80 2.54 3.21 3.89 4.32 4.45 4.24 3.72 3.23 2.72 2.30 2.05 2.04
  8   2.57 3.16 3.82 4.37 4.68 4.64 4.15 3.58 3.01 2.45 2.04 1.78 1.79 2.38 3.05 3.75 4.25 4.56 4.50 4.10 3.59 3.08 2.60 2.21
  9   1.98 2.17 2.79 3.42 4.04 4.51 4.67 4.39 3.80 3.24 2.64 2.18 1.85 1.75 2.08 2.82 3.59 4.24 4.69 4.79 4.51 3.97 3.39 2.80
 10   2.32 1.99 1.88 2.29 3.09 3.84 4.44 4.70 4.59 4.00 3.38 2.79 2.25 1.87 1.61 1.62 2.55 3.46 4.37 4.94 5.18 4.97 4.29 3.58
 11   2.91 2.36 1.94 1.66 1.87 2.97 3.85 4.68 5.05 4.93 4.28 3.54 2.84 2.24 1.74 1.35 1.38 2.70 3.89 5.09 6.12 6.08 5.25 4.34
 12   3.44 2.72 2.12 1.63 1.42 1.87 3.17 4.24 5.02 5.34 5.06 4.22 3.47 2.72 2.07 1.51 1.12 1.17 2.90 4.30 5.55 6.01 5.90 5.12
 13   4.22 3.35 2.56 1.92 1.38 1.17 1.74 3.29 4.58 5.32 5.53 5.10 4.22 3.35 2.57 1.89 1.29 0.83 0.90 3.09 4.67 5.79 6.24 5.97
 14   4.96 4.04 3.08 2.28 1.60 1.08 0.97 1.62 3.52 4.83 5.54 5.62 4.98 4.01 3.17 2.38 1.71 1.12 0.73 1.11 3.32 4.83 5.77 6.08
 15   5.70 4.73 3.86 2.97 2.22 1.58 1.00 0.88 1.82 3.52 4.78 5.41 5.40 4.62 3.69 2.88 2.17 1.54 1.04 0.97 1.77 3.61 4.95 5.78
 16   5.92 5.40 4.44 3.60 2.72 2.05 1.47 1.09 1.09 2.39 3.79 4.90 5.46 5.30 4.47 3.55 2.75 2.08 1.54 1.10 1.11 2.72 4.24 5.26
 17   5.78 5.73 5.01 4.11 3.24 2.50 1.92 1.42 1.25 1.52 3.07 4.25 5.08 5.34 5.05 4.19 3.39 2.64 2.05 1.56 1.26 1.71 3.22 4.40
 18   5.24 5.57 5.38 4.56 3.77 3.02 2.38 1.85 1.45 1.47 2.34 3.38 4.36 4.95 5.08 4.57 3.80 3.05 2.41 1.90 1.55 1.63 2.57 3.60
 19   4.54 5.11 5.27 4.91 4.18 3.47 2.78 2.24 1.81 1.55 1.66 2.70 3.64 4.40 4.83 4.84 4.30 3.59 2.95 2.36 1.94 1.69 1.87 2.98
 20   3.83 4.53 4.95 5.00 4.55 3.89 3.23 2.63 2.12 1.77 1.66 2.09 2.94 3.72 4.30 4.66 4.62 4.12 3.52 2.94 2.40 2.01 1.88 2.30
 21   3.08 3.77 4.31 4.62 4.61 4.18 3.62 3.07 2.52 2.00 1.80 1.93 2.37 2.98 3.62 4.12 4.40 4.37 3.95 3.45 2.98 2.50 2.16 2.04
 22   2.37 2.92 3.50 3.98 4.33 4.37 4.04 3.57 3.09 2.58 2.16 1.91 1.95 2.33 2.88 3.46 3.95 4.25 4.32 4.07 3.62 3.21 2.78 2.39
 23   2.20 2.29 2.77 3.29 3.82 4.17 4.29 4.07 3.61 3.12 2.64 2.22 1.94 1.92 2.20 2.72 3.35 3.91 4.32 4.47 4.30 3.85 3.36 2.89
 24   2.44 2.15 2.16 2.48 3.05 3.62 4.07 4.28 4.19 3.75 3.25 2.80 2.35 1.99 1.79 1.90 2.57 3.25 3.95 4.45 4.67 4.51 3.98 3.40
 25   2.83 2.36 2.03 1.95 2.28 2.95 3.60 4.11 4.39 4.32 3.85 3.32 2.78 2.31 1.91 1.60 1.66 2.53 3.34 4.12 4.69 4.91 4.67 4.11
 26   3.36 2.75 2.26 1.92 1.80 2.19 3.05 3.78 4.41 4.65 4.42 3.84 3.25 2.70 2.18 1.77 1.52 1.70 2.80 3.72 4.57 5.07 5.14 4.65
 27   3.90 3.21 2.58 2.08 1.71 1.68 2.27 3.21 3.99 4.50 4.68 4.34 3.64 2.99 2.40 1.90 1.51 1.38 1.90 3.04 4.11 4.90 5.42 5.65
 28   5.51 4.90 3.75 2.25 1.61 1.40 1.68 2.64 3.57 4.39 4.82 4.83 4.27 3.42 2.74 2.09 1.60 1.27 1.33 2.74 3.89 4.91 5.40 5.39
 29   4.75 3.93 3.13 2.45 1.92 1.48 1.41 2.09 3.22 4.24 4.87 5.02 4.61 3.82 3.10 2.41 1.84 1.38 1.25 1.70 3.25 4.50 5.37 5.59
 30   5.30 4.47 3.65 2.86 2.20 1.65 1.30 1.39 2.61 3.72 4.58 5.01 4.98 4.31 3.52 2.78 2.17 1.64 1.22 1.28 2.39 3.69 4.88 5.48
 31   5.53 4.95 4.09 3.30 2.57 1.94 1.44 1.17 1.59 2.98 4.12 4.80 5.08 4.82 4.01 3.25 2.55 1.94 1.45 1.11 1.31 2.97 4.17 5.12
 ----------------------------------------------------------------------------------------------------------------------------
                                                                                               
 ----------------------------------------------------------------------------------------------------------------------------
 ----------------------------------------------------------------------------------------------------------------------------
