                                                          SURVEY OF INDIA
                                                    MARINE GEODESY WING (G&RB)
                                                     HOURLY HEIGHTS IN METRES
  NAME OF PORT:- HALDIA                                                                             MONTH JANUARY   YEAR 2018
 ----------------------------------------------------------------------------------------------------------------------------
 DAYS 0000 0001 0002 0003 0004 0005 0006 0007 0008 0009 0010 0011 0012 0013 0014 0015 0016 0017 0018 0019 0020 0021 0022 0023
 ----------------------------------------------------------------------------------------------------------------------------
  1   4.04 3.31 2.55 1.92 1.40 1.25 1.80 3.10 4.20 4.85 5.12 4.77 3.98 3.18 2.48 1.86 1.32 0.95 1.04 2.88 4.39 5.46 5.89 5.68
  2   4.84 3.97 3.11 2.35 1.70 1.20 0.98 1.62 3.26 4.40 5.10 5.28 4.88 3.92 3.10 2.37 1.73 1.22 0.93 1.10 3.19 4.72 5.66 5.95
  3   5.75 4.70 3.81 2.94 2.18 1.55 1.03 0.79 1.58 3.38 4.62 5.31 5.38 4.70 3.77 3.00 2.26 1.63 1.05 0.80 1.54 3.54 4.96 5.77
  4   5.92 5.31 4.41 3.56 2.72 2.02 1.43 0.99 0.80 1.96 3.56 4.74 5.31 5.22 4.40 3.51 2.73 2.05 1.48 1.02 0.81 2.12 3.71 4.91
  5   5.60 5.61 4.96 4.06 3.25 2.53 1.91 1.38 1.05 1.05 2.57 3.84 4.79 5.18 4.97 4.10 3.31 2.60 1.99 1.51 1.14 1.25 2.90 4.12
  6   4.98 5.44 5.34 4.62 3.80 3.07 2.42 1.87 1.42 1.22 1.60 2.95 3.99 4.72 4.96 4.69 3.99 3.19 2.53 1.99 1.55 1.35 1.97 3.19
  7   4.16 4.87 5.16 4.96 4.21 3.52 2.86 2.28 1.83 1.47 1.34 2.19 3.19 4.03 4.54 4.69 4.28 3.60 2.98 2.39 1.92 1.61 1.53 2.47
  8   3.30 4.09 4.60 4.83 4.55 4.00 3.30 2.67 2.16 1.76 1.51 1.60 2.53 3.27 3.92 4.32 4.42 4.03 3.45 2.90 2.35 1.95 1.72 1.82
  9   2.52 3.28 3.92 4.33 4.44 4.12 3.59 3.04 2.50 2.05 1.70 1.54 1.89 2.48 3.15 3.72 4.11 4.22 3.99 3.51 3.01 2.53 2.14 1.90
 10   1.97 2.50 3.14 3.68 4.06 4.16 3.91 3.46 3.00 2.51 2.09 1.79 1.69 1.95 2.53 3.12 3.66 4.05 4.20 4.03 3.63 3.19 2.75 2.33
 11   2.07 2.03 2.34 2.83 3.34 3.77 3.96 3.94 3.59 3.13 2.71 2.26 1.91 1.72 1.88 2.45 3.06 3.60 4.05 4.28 4.17 3.77 3.31 2.84
 12   2.39 2.06 1.89 2.08 2.60 3.19 3.68 3.98 4.03 3.67 3.20 2.75 2.30 1.95 1.70 1.72 2.15 2.86 3.57 4.16 4.44 4.40 3.99 3.37
 13   2.84 2.34 1.96 1.69 1.71 2.42 3.10 3.63 3.99 4.07 3.71 3.20 2.71 2.23 1.83 1.54 1.48 2.05 2.92 3.72 4.32 4.64 4.51 3.90
 14   3.31 2.72 2.20 1.80 1.53 1.60 2.46 3.21 3.81 4.14 4.18 3.70 3.10 2.52 2.02 1.58 1.32 1.39 2.24 3.20 4.05 4.60 4.78 4.40
 15   3.77 3.13 2.51 2.00 1.61 1.43 1.80 2.74 3.55 4.15 4.45 4.32 3.64 3.00 2.43 1.90 1.51 1.32 1.50 2.80 3.86 4.66 5.05 4.94
 16   4.24 3.51 2.82 2.24 1.73 1.39 1.49 2.28 3.20 4.00 4.47 4.57 4.01 3.33 2.66 2.10 1.65 1.28 1.13 2.11 3.42 4.50 5.12 5.28
 17   4.82 3.98 3.20 2.59 2.02 1.56 1.28 1.53 2.77 3.80 4.46 4.77 4.61 3.84 3.13 2.48 1.91 1.45 1.13 1.31 2.84 4.00 4.91 5.32
 18   5.20 4.47 3.68 2.93 2.28 1.75 1.34 1.15 1.93 3.18 4.14 4.72 4.89 4.39 3.56 2.88 2.24 1.70 1.27 1.05 1.93 3.42 4.54 5.22
 19   5.36 4.93 4.04 3.29 2.58 1.99 1.50 1.16 1.27 2.64 3.68 4.55 4.91 4.79 3.98 3.23 2.56 1.97 1.48 1.11 1.22 2.79 3.97 4.88
 20   5.30 5.20 4.47 3.66 2.92 2.27 1.74 1.28 1.10 1.91 3.20 4.22 4.83 4.98 4.42 3.62 2.92 2.29 1.74 1.31 1.13 1.93 3.32 4.38
 21   5.04 5.23 4.80 4.01 3.26 2.60 2.00 1.51 1.19 1.39 2.65 3.77 4.49 4.82 4.71 3.92 3.23 2.58 2.00 1.52 1.22 1.31 2.74 3.78
 22   4.63 5.06 5.03 4.36 3.58 2.91 2.29 1.72 1.30 1.15 1.78 2.97 3.90 4.54 4.73 4.38 3.62 2.90 2.34 1.84 1.43 1.28 2.07 3.15
 23   4.02 4.60 4.86 4.66 3.87 3.22 2.58 2.03 1.56 1.29 1.38 2.40 3.30 4.08 4.54 4.64 4.06 3.40 2.79 2.23 1.81 1.50 1.50 2.50
 24   3.36 4.10 4.56 4.73 4.32 3.64 3.01 2.42 1.95 1.56 1.33 1.75 2.66 3.58 4.20 4.50 4.42 3.84 3.27 2.71 2.23 1.87 1.64 1.93
 25   2.77 3.50 4.08 4.42 4.46 4.01 3.40 2.81 2.27 1.83 1.50 1.37 1.92 2.78 3.50 4.03 4.32 4.29 3.83 3.29 2.80 2.33 2.00 1.83
 26   2.04 2.64 3.24 3.84 4.22 4.31 3.95 3.42 2.89 2.34 1.92 1.62 1.50 2.00 2.74 3.40 3.93 4.27 4.34 4.01 3.56 3.10 2.61 2.22
 27   1.94 1.86 2.22 2.81 3.45 3.94 4.21 4.11 3.62 3.10 2.56 2.07 1.70 1.47 1.56 2.29 3.00 3.73 4.30 4.53 4.44 3.98 3.45 2.90
 28   2.40 2.01 1.74 1.71 2.36 3.10 3.77 4.22 4.37 4.04 3.46 2.87 2.29 1.82 1.46 1.35 1.89 2.86 3.74 4.44 4.83 4.83 4.32 3.64
 29   3.00 2.42 1.92 1.54 1.36 1.90 2.98 3.82 4.41 4.62 4.35 3.61 2.95 2.35 1.83 1.41 1.11 1.33 2.79 3.86 4.75 5.20 5.14 4.51
 30   3.75 3.02 2.36 1.80 1.36 1.11 1.59 2.94 3.98 4.65 4.87 4.57 3.75 3.04 2.35 1.75 1.25 0.90 1.27 2.88 4.19 5.18 5.59 5.40
 31   4.61 3.77 2.97 2.25 1.64 1.15 0.87 1.47 3.20 4.33 5.05 5.20 4.65 3.75 2.98 2.24 1.61 1.06 0.70 1.07 3.24 4.64 5.61 5.83
 ----------------------------------------------------------------------------------------------------------------------------
                                                                                               
 ----------------------------------------------------------------------------------------------------------------------------
 ----------------------------------------------------------------------------------------------------------------------------
                                                          SURVEY OF INDIA
                                                    MARINE GEODESY WING (G&RB)
                                                     HOURLY HEIGHTS IN METRES
  NAME OF PORT:- HALDIA                                                                             MONTH FEBRUARY  YEAR 2018
 ----------------------------------------------------------------------------------------------------------------------------
 DAYS 0000 0001 0002 0003 0004 0005 0006 0007 0008 0009 0010 0011 0012 0013 0014 0015 0016 0017 0018 0019 0020 0021 0022 0023
 ----------------------------------------------------------------------------------------------------------------------------
  1   5.39 4.47 3.55 2.69 1.93 1.34 0.82 0.58 1.46 3.60 4.90 5.39 5.30 4.42 3.51 2.66 1.92 1.32 0.76 0.50 1.75 3.82 5.26 5.93
  2   5.85 5.03 4.06 3.16 2.33 1.64 1.08 0.70 0.53 2.65 4.13 5.16 5.54 5.00 4.16 3.30 2.50 1.78 1.19 0.77 0.57 2.56 4.26 5.41
  3   5.85 5.48 4.64 3.74 2.86 2.10 1.46 0.92 0.65 1.46 3.10 4.47 5.33 5.44 4.71 3.85 3.05 2.30 1.61 1.02 0.76 1.60 3.40 4.70
  4   5.43 5.63 5.04 4.18 3.36 2.60 1.92 1.37 1.00 0.87 2.27 3.66 4.65 5.23 5.15 4.37 3.52 2.80 2.12 1.57 1.14 0.97 2.35 3.70
  5   4.68 5.20 5.19 4.57 3.74 3.00 2.32 1.76 1.29 1.02 1.60 2.90 3.97 4.71 4.99 4.63 3.93 3.20 2.52 1.96 1.48 1.24 1.81 3.02
  6   3.94 4.62 4.94 4.78 4.07 3.36 2.70 2.11 1.65 1.32 1.23 2.25 3.23 4.07 4.59 4.76 4.28 3.60 2.93 2.33 1.87 1.56 1.49 2.40
  7   3.27 4.03 4.51 4.66 4.34 3.73 3.10 2.50 2.00 1.61 1.41 1.83 2.62 3.46 4.15 4.55 4.50 4.02 3.45 2.90 2.40 1.97 1.77 2.12
  8   2.74 3.40 3.94 4.27 4.33 3.96 3.42 2.90 2.41 2.02 1.75 1.70 2.25 2.91 3.52 4.00 4.24 4.22 3.85 3.39 2.94 2.51 2.20 2.12
  9   2.38 2.82 3.32 3.77 4.04 4.09 3.81 3.39 2.97 2.56 2.20 1.97 2.00 2.36 2.86 3.41 3.85 4.10 4.16 3.93 3.56 3.18 2.79 2.47
 10   2.27 2.30 2.56 2.99 3.42 3.72 3.85 3.77 3.48 3.08 2.70 2.33 2.03 1.91 2.07 2.45 2.96 3.52 3.96 4.20 4.17 3.84 3.38 2.93
 11   2.50 2.14 1.93 2.04 2.44 3.00 3.52 3.82 3.92 3.73 3.35 2.91 2.47 2.10 1.81 1.69 2.00 2.60 3.42 4.20 4.53 4.49 4.15 3.60
 12   3.05 2.51 2.03 1.70 1.62 2.15 2.85 3.46 3.93 4.13 3.95 3.45 2.91 2.42 1.96 1.58 1.41 1.78 2.60 3.54 4.26 4.62 4.59 4.07
 13   3.42 2.81 2.24 1.81 1.47 1.36 2.12 2.96 3.69 4.19 4.34 3.95 3.32 2.70 2.17 1.71 1.33 1.16 1.92 2.98 3.98 4.64 4.92 4.60
 14   3.97 3.25 2.59 2.02 1.54 1.20 1.21 2.10 3.24 4.00 4.49 4.72 4.62 3.60 2.56 1.88 1.42 1.07 0.98 2.32 3.59 4.52 5.03 5.07
 15   4.48 3.64 2.91 2.22 1.64 1.17 0.94 1.50 2.75 3.77 4.43 4.64 4.22 3.57 2.88 2.21 1.65 1.18 0.91 1.45 2.90 4.16 5.02 5.32
 16   4.90 4.12 3.31 2.55 1.90 1.37 1.00 0.88 2.29 3.50 4.42 4.88 4.81 4.05 3.26 2.55 1.91 1.37 0.97 0.80 2.17 3.68 4.75 5.32
 17   5.26 4.53 3.66 2.88 2.17 1.62 1.10 0.83 1.44 3.03 4.19 4.82 5.06 4.63 3.75 2.99 2.27 1.68 1.16 0.85 1.15 3.07 4.31 5.22
 18   5.49 5.11 4.20 3.30 2.52 1.87 1.31 0.90 0.74 2.17 3.64 4.66 5.17 5.06 4.26 3.42 2.68 2.00 1.44 1.00 0.82 2.19 3.62 4.73
 19   5.30 5.27 4.51 3.70 2.92 2.22 1.59 1.06 0.80 1.46 2.95 4.27 5.06 5.20 4.76 4.00 3.15 2.37 1.73 1.22 0.99 1.60 3.07 4.26
 20   5.02 5.28 4.85 4.10 3.31 2.57 1.95 1.41 1.03 0.91 2.36 3.70 4.58 5.05 5.02 4.29 3.52 2.81 2.16 1.62 1.24 1.10 2.34 3.55
 21   4.50 5.02 5.07 4.44 3.62 2.91 2.27 1.72 1.28 1.06 1.65 3.07 4.07 4.73 4.95 4.77 3.91 3.20 2.58 2.05 1.59 1.32 1.60 2.86
 22   3.86 4.50 4.83 4.70 3.98 3.20 2.55 2.01 1.57 1.25 1.14 2.18 3.26 4.13 4.61 4.73 4.27 3.59 2.96 2.38 1.92 1.58 1.47 2.26
 23   3.13 3.89 4.38 4.54 4.18 3.62 3.00 2.40 1.91 1.52 1.35 1.76 2.60 3.48 4.12 4.46 4.53 4.11 3.51 2.98 2.49 2.08 1.81 1.78
 24   2.40 3.04 3.65 4.08 4.25 4.00 3.55 3.04 2.53 2.08 1.72 1.56 1.86 2.53 3.22 3.82 4.18 4.33 4.08 3.62 3.12 2.68 2.28 1.99
 25   1.90 2.10 2.58 3.16 3.66 3.97 4.04 3.80 3.36 2.85 2.35 1.94 1.66 1.62 2.00 2.68 3.40 3.97 4.30 4.32 3.98 3.46 2.98 2.56
 26   2.18 1.86 1.68 2.00 2.64 3.27 3.78 4.08 4.11 3.74 3.21 2.67 2.15 1.78 1.51 1.47 2.06 3.00 3.85 4.49 4.79 4.68 4.12 3.49
 27   2.87 2.32 1.87 1.52 1.41 2.10 3.08 3.92 4.43 4.57 4.19 3.55 2.90 2.31 1.81 1.37 1.14 1.70 2.97 4.02 4.82 5.16 5.01 4.33
 28   3.59 2.88 2.25 1.72 1.28 1.04 1.60 3.07 4.14 4.81 4.96 4.50 3.78 3.00 2.30 1.72 1.22 0.93 1.53 3.15 4.40 5.22 5.53 5.22
 ----------------------------------------------------------------------------------------------------------------------------
                                                                                               
 ----------------------------------------------------------------------------------------------------------------------------
 ----------------------------------------------------------------------------------------------------------------------------
                                                          SURVEY OF INDIA
                                                    MARINE GEODESY WING (G&RB)
                                                     HOURLY HEIGHTS IN METRES
  NAME OF PORT:- HALDIA                                                                             MONTH MARCH     YEAR 2018
 ----------------------------------------------------------------------------------------------------------------------------
 DAYS 0000 0001 0002 0003 0004 0005 0006 0007 0008 0009 0010 0011 0012 0013 0014 0015 0016 0017 0018 0019 0020 0021 0022 0023
 ----------------------------------------------------------------------------------------------------------------------------
  1   4.42 3.49 2.71 2.01 1.45 1.00 0.84 1.95 3.47 4.58 5.23 5.22 4.48 3.60 2.82 2.10 1.48 0.93 0.70 1.62 3.59 4.96 5.74 5.74
  2   5.06 4.10 3.22 2.42 1.71 1.13 0.75 0.72 2.60 4.17 5.24 5.59 5.30 4.46 3.53 2.67 1.94 1.34 0.85 0.65 2.36 4.09 5.44 5.99
  3   5.72 4.90 3.94 3.02 2.23 1.55 0.98 0.66 1.50 3.38 4.77 5.66 5.70 5.00 4.07 3.22 2.40 1.69 1.10 0.74 1.06 3.36 4.82 5.70
  4   5.86 5.30 4.37 3.41 2.56 1.83 1.25 0.80 0.62 2.36 4.02 5.13 5.70 5.53 4.65 3.73 2.86 2.11 1.49 0.98 0.74 1.95 3.74 5.00
  5   5.66 5.61 4.82 3.88 3.03 2.27 1.64 1.10 0.80 1.50 3.16 4.46 5.28 5.49 4.96 4.10 3.25 2.45 1.82 1.27 0.91 1.16 3.01 4.18
  6   5.01 5.27 4.93 4.10 3.24 2.54 1.92 1.41 1.06 0.99 1.99 3.30 4.40 5.00 5.11 4.58 3.77 3.03 2.35 1.80 1.36 1.16 1.93 3.23
  7   4.19 4.76 4.91 4.52 3.75 3.00 2.35 1.81 1.35 1.12 1.46 2.60 3.65 4.40 4.71 4.62 3.98 3.30 2.64 2.10 1.67 1.39 1.50 2.76
  8   3.67 4.26 4.58 4.49 3.88 3.22 2.61 2.05 1.62 1.32 1.36 2.38 3.30 3.96 4.40 4.54 4.21 3.62 3.01 2.44 1.97 1.64 1.56 2.30
  9   3.07 3.72 4.15 4.27 3.92 3.40 2.85 2.31 1.88 1.57 1.49 2.10 2.80 3.40 3.89 4.16 4.14 3.81 3.32 2.84 2.40 2.05 1.87 2.14
 10   2.70 3.26 3.66 3.85 3.77 3.48 3.09 2.68 2.30 1.97 1.79 1.89 2.30 2.81 3.26 3.62 3.83 3.84 3.62 3.30 2.93 2.58 2.27 2.16
 11   2.30 2.60 2.96 3.26 3.45 3.50 3.38 3.18 2.91 2.64 2.40 2.25 2.21 2.35 2.60 2.94 3.33 3.67 3.86 3.91 3.72 3.38 2.98 2.63
 12   2.36 2.26 2.29 2.52 2.87 3.25 3.54 3.70 3.65 3.44 3.14 2.80 2.46 2.20 2.09 2.20 2.64 3.20 3.73 4.07 4.21 4.05 3.68 3.21
 13   2.76 2.36 2.05 1.90 2.10 2.60 3.20 3.66 3.91 3.93 3.65 3.20 2.72 2.29 1.90 1.62 1.68 2.36 3.13 3.85 4.34 4.55 4.32 3.76
 14   3.13 2.57 2.08 1.66 1.52 1.80 2.60 3.36 3.98 4.32 4.28 3.79 3.18 2.64 2.12 1.70 1.43 1.60 2.62 3.60 4.33 4.77 4.83 4.29
 15   3.57 2.92 2.34 1.85 1.44 1.27 1.94 3.02 3.96 4.52 4.70 4.38 3.68 3.00 2.36 1.82 1.35 1.10 1.76 3.12 4.20 4.92 5.12 4.79
 16   3.95 3.16 2.46 1.86 1.33 0.98 1.46 2.67 3.83 4.57 4.91 4.86 4.22 3.43 2.71 2.06 1.54 1.11 0.94 2.06 3.66 4.79 5.42 5.45
 17   4.80 3.90 3.10 2.36 1.72 1.17 0.81 1.50 3.04 4.25 5.05 5.30 4.96 4.09 3.22 2.48 1.82 1.24 0.87 1.50 3.02 4.29 5.22 5.52
 18   5.31 4.53 3.67 2.86 2.08 1.36 0.84 0.63 2.18 3.77 4.86 5.36 5.27 4.50 3.60 2.76 2.10 1.48 0.94 0.70 1.64 3.49 4.72 5.50
 19   5.55 4.83 3.88 3.07 2.27 1.60 0.98 0.61 1.20 2.86 4.24 5.20 5.34 5.16 4.18 3.33 2.52 1.82 1.22 0.80 0.70 2.68 4.18 5.19
 20   5.55 5.20 4.30 3.44 2.63 1.90 1.30 0.80 0.55 1.95 3.67 4.80 5.32 5.39 4.68 3.76 2.96 2.23 1.60 1.08 0.78 1.56 3.33 4.55
 21   5.32 5.46 4.85 3.90 3.09 2.31 1.66 1.11 0.72 1.37 2.99 4.28 5.15 5.46 5.06 4.20 3.41 2.63 1.96 1.40 1.02 1.50 2.62 3.82
 22   4.76 5.18 5.01 4.24 3.44 2.71 2.04 1.47 1.00 0.82 2.03 3.42 4.49 5.10 5.19 4.61 3.80 3.07 2.40 1.87 1.44 1.24 1.95 3.15
 23   4.12 4.70 4.88 4.40 3.71 3.02 2.38 1.82 1.34 1.20 1.70 2.84 3.79 4.50 4.82 4.73 4.12 3.44 2.81 2.25 1.79 1.47 1.57 2.42
 24   3.30 4.02 4.45 4.56 4.14 3.46 2.80 2.21 1.73 1.39 1.32 1.97 2.96 3.75 4.29 4.55 4.43 3.94 3.30 2.73 2.24 1.87 1.68 1.88
 25   2.53 3.18 3.75 4.10 4.17 3.87 3.33 2.77 2.26 1.85 1.62 1.72 2.15 2.82 3.48 3.99 4.28 4.29 3.98 3.47 2.98 2.53 2.16 1.91
 26   1.88 2.19 2.70 3.25 3.72 3.96 3.98 3.70 3.25 2.76 2.32 1.96 1.77 1.88 2.35 2.97 3.54 4.02 4.36 4.43 4.16 3.70 3.20 2.76
 27   2.35 2.02 1.84 1.95 2.45 3.22 3.84 4.15 4.20 3.87 3.33 2.82 2.31 1.90 1.63 1.68 2.22 3.17 3.92 4.42 4.64 4.50 4.00 3.37
 28   2.81 2.28 1.85 1.55 1.60 2.23 3.16 3.95 4.47 4.61 4.30 3.71 3.05 2.42 1.91 1.51 1.43 1.97 3.19 4.17 4.83 5.08 4.83 4.16
 29   3.48 2.79 2.13 1.61 1.22 1.12 2.30 3.55 4.53 5.01 5.05 4.51 3.70 2.99 2.29 1.71 1.22 1.02 2.07 3.56 4.74 5.40 5.50 4.99
 30   4.22 3.41 2.60 1.88 1.33 0.93 0.90 2.82 4.25 5.16 5.53 5.15 4.31 3.49 2.69 1.97 1.40 0.94 0.85 2.82 4.36 5.44 5.86 5.62
 31   4.73 3.84 2.94 2.16 1.54 0.96 0.64 1.70 3.66 5.00 5.76 5.69 4.93 4.00 3.16 2.35 1.64 1.05 1.36 2.30 3.70 4.80 5.46 5.56
 ----------------------------------------------------------------------------------------------------------------------------
                                                                                               
 ----------------------------------------------------------------------------------------------------------------------------
 ----------------------------------------------------------------------------------------------------------------------------
                                                          SURVEY OF INDIA
                                                    MARINE GEODESY WING (G&RB)
                                                     HOURLY HEIGHTS IN METRES
  NAME OF PORT:- HALDIA                                                                             MONTH APRIL     YEAR 2018
 ----------------------------------------------------------------------------------------------------------------------------
 DAYS 0000 0001 0002 0003 0004 0005 0006 0007 0008 0009 0010 0011 0012 0013 0014 0015 0016 0017 0018 0019 0020 0021 0022 0023
 ----------------------------------------------------------------------------------------------------------------------------
  1   5.02 4.23 3.39 2.52 1.80 1.19 0.74 0.64 2.18 4.09 5.29 5.92 5.71 4.70 3.70 2.83 2.04 1.38 0.83 0.63 2.02 3.74 4.97 5.39
  2   4.90 4.10 3.30 2.60 1.96 1.40 0.90 0.59 1.30 3.20 4.48 5.32 5.56 5.03 4.08 3.23 2.42 1.76 1.16 0.76 1.20 2.92 4.22 5.16
  3   5.48 5.11 4.14 3.30 2.49 1.78 1.14 0.70 0.59 2.32 3.79 4.89 5.47 5.36 4.55 3.66 2.85 2.15 1.55 1.04 0.84 1.98 3.45 4.54
  4   5.14 5.22 4.52 3.65 2.92 2.22 1.54 1.02 0.90 1.72 3.25 4.37 5.10 5.31 4.86 4.02 3.25 2.55 1.97 1.49 1.20 1.56 3.03 4.02
  5   4.65 4.91 4.71 3.90 3.18 2.50 1.88 1.43 1.22 1.45 2.90 3.98 4.64 5.02 4.99 4.28 3.62 3.02 2.43 1.92 1.56 1.52 2.55 3.41
  6   4.10 4.50 4.62 4.41 3.71 3.00 2.35 1.74 1.40 1.33 2.26 3.30 4.15 4.62 4.79 4.55 3.90 3.30 2.72 2.23 1.88 1.73 2.22 3.12
  7   3.81 4.28 4.48 4.31 3.78 3.18 2.62 2.10 1.70 1.68 2.20 2.99 3.67 4.18 4.48 4.52 4.16 3.61 3.10 2.62 2.23 1.95 1.88 2.22
  8   2.90 3.44 3.90 4.14 3.94 3.60 3.00 2.60 2.28 2.07 2.00 2.20 2.65 3.24 3.82 4.22 4.38 4.15 3.65 3.16 2.71 2.37 2.21 2.39
  9   2.80 3.24 3.60 3.79 3.79 3.56 3.27 2.96 2.68 2.46 2.34 2.40 2.63 2.96 3.34 3.69 3.94 4.05 4.00 3.74 3.42 3.07 2.76 2.46
 10   2.26 2.28 2.50 2.90 3.32 3.61 3.73 3.70 3.55 3.30 3.00 2.70 2.43 2.25 2.30 2.67 3.19 3.73 4.12 4.29 4.17 3.80 3.33 2.87
 11   2.48 2.20 2.12 2.25 2.73 3.27 3.74 4.05 4.06 3.90 3.52 3.09 2.66 2.29 1.97 1.89 2.48 3.16 3.80 4.29 4.51 4.35 3.87 3.27
 12   2.74 2.27 1.92 1.67 1.74 2.40 3.20 3.90 4.31 4.49 4.17 3.58 2.98 2.40 2.00 1.70 1.60 2.25 3.15 3.98 4.57 4.65 4.38 3.70
 13   3.07 2.55 2.12 1.72 1.50 1.73 2.67 3.66 4.30 4.63 4.67 4.10 3.40 2.80 2.21 1.76 1.44 1.37 2.53 3.58 4.52 5.00 5.05 4.45
 14   3.69 3.03 2.35 1.80 1.31 1.13 1.85 3.26 4.25 4.89 5.10 4.62 3.97 3.26 2.56 1.96 1.47 1.13 1.43 3.12 4.34 5.14 5.38 4.82
 15   3.91 3.18 2.50 1.86 1.27 0.92 1.23 2.63 3.90 4.81 5.29 5.28 4.57 3.72 2.97 2.25 1.63 1.13 0.90 1.96 3.62 4.88 5.51 5.52
 16   4.80 3.87 3.06 2.27 1.59 0.98 0.66 1.90 3.27 4.57 5.55 5.83 5.26 4.33 3.47 2.60 1.87 1.26 0.83 0.74 2.91 4.42 5.50 5.89
 17   5.44 4.47 3.60 2.68 1.90 1.27 0.86 0.77 2.30 4.12 5.46 6.03 5.74 4.90 3.92 3.00 2.17 1.33 0.83 0.68 1.81 3.70 5.00 5.81
 18   5.82 5.01 4.03 3.12 2.27 1.60 0.95 0.45 0.90 3.37 4.88 5.77 6.03 5.40 4.50 3.64 2.80 2.05 1.42 1.06 1.63 2.77 4.20 5.10
 19   5.45 5.41 4.60 3.75 2.92 2.14 1.40 0.76 0.61 2.05 3.82 5.12 5.81 5.90 5.64 4.60 3.43 2.60 1.87 1.32 1.00 1.37 3.30 4.57
 20   5.33 5.50 5.02 4.20 3.32 2.50 1.68 1.08 0.92 1.50 3.16 4.43 5.28 5.66 5.44 4.68 3.85 3.07 2.37 1.81 1.39 1.30 2.32 3.62
 21   4.58 5.15 5.22 4.66 3.86 3.10 2.30 1.58 1.26 1.21 2.27 3.62 4.60 5.21 5.36 5.00 4.28 3.58 2.91 2.36 1.88 1.57 1.72 2.73
 22   3.63 4.35 4.68 4.60 4.04 3.31 2.62 2.01 1.50 1.40 1.61 2.70 3.60 4.30 4.72 4.89 4.62 4.00 3.41 2.83 2.33 1.93 1.74 1.78
 23   2.60 3.40 4.02 4.39 4.38 3.92 3.26 2.62 2.20 1.90 1.73 1.74 2.43 3.14 3.84 4.35 4.58 4.47 4.04 3.53 2.99 2.46 2.00 1.78
 24   1.80 2.08 2.60 3.33 3.93 4.17 4.05 3.68 3.21 2.74 2.35 2.03 1.85 1.94 2.33 3.06 3.84 4.34 4.50 4.40 3.98 3.41 2.88 2.46
 25   2.11 1.84 1.75 2.33 3.03 3.74 4.22 4.41 4.25 3.74 3.18 2.66 2.21 1.85 1.63 1.92 2.88 3.73 4.35 4.72 4.74 4.36 3.78 3.23
 26   2.64 2.15 1.75 1.50 1.88 2.75 3.77 4.53 4.72 4.61 4.05 3.41 2.80 2.26 1.80 1.50 1.80 2.77 3.76 4.54 4.93 4.76 4.10 3.35
 27   2.63 2.01 1.50 1.06 0.89 1.78 3.07 4.43 5.10 5.16 4.72 4.00 3.24 2.48 1.80 1.33 1.23 1.90 2.90 3.96 4.79 5.19 5.01 4.22
 28   3.40 2.70 2.05 1.44 0.92 0.61 2.13 3.50 4.46 5.00 5.14 4.74 3.75 3.00 2.40 1.88 1.39 1.10 1.58 3.14 4.40 5.11 5.34 4.95
 29   4.10 3.35 2.61 1.97 1.38 0.99 1.36 3.50 4.60 5.28 5.67 5.38 4.70 3.88 3.07 2.35 1.73 1.22 0.95 1.85 3.56 4.79 5.42 5.45
 30   4.81 3.95 3.14 2.39 1.75 1.16 0.91 2.30 3.65 4.88 5.72 5.92 5.20 4.19 3.30 2.50 1.76 1.12 0.77 1.35 3.02 4.42 5.35 5.33
 ----------------------------------------------------------------------------------------------------------------------------
                                                                                               
 ----------------------------------------------------------------------------------------------------------------------------
 ----------------------------------------------------------------------------------------------------------------------------
                                                          SURVEY OF INDIA
                                                    MARINE GEODESY WING (G&RB)
                                                     HOURLY HEIGHTS IN METRES
  NAME OF PORT:- HALDIA                                                                             MONTH MAY       YEAR 2018
 ----------------------------------------------------------------------------------------------------------------------------
 DAYS 0000 0001 0002 0003 0004 0005 0006 0007 0008 0009 0010 0011 0012 0013 0014 0015 0016 0017 0018 0019 0020 0021 0022 0023
 ----------------------------------------------------------------------------------------------------------------------------
  1   4.81 4.02 3.24 2.45 1.80 1.30 1.09 1.50 2.80 4.03 5.20 5.63 5.51 4.72 3.77 2.94 2.22 1.64 1.14 0.94 2.05 3.51 4.60 5.24
  2   5.32 4.68 3.81 3.06 2.33 1.72 1.18 0.91 1.73 3.39 4.72 5.33 5.57 5.17 4.27 3.46 2.72 2.07 1.55 1.18 1.32 2.88 4.02 4.76
  3   5.07 4.67 3.81 3.10 2.51 1.98 1.52 1.17 1.22 2.45 3.72 4.80 5.29 5.28 4.55 3.68 3.02 2.33 1.80 1.38 1.25 2.32 3.42 4.34
  4   4.86 4.97 4.43 3.64 2.97 2.35 1.85 1.42 1.26 2.25 3.41 4.42 5.05 5.16 4.95 4.16 3.40 2.78 2.21 1.77 1.53 2.00 3.20 4.10
  5   4.69 4.88 4.69 4.04 3.40 2.77 2.20 1.72 1.49 1.85 3.07 4.12 4.71 5.00 5.03 4.51 3.82 3.18 2.60 2.14 1.84 1.96 2.70 3.64
  6   4.32 4.68 4.73 4.28 3.72 3.15 2.60 2.11 1.82 1.90 2.60 3.46 4.22 4.70 4.93 4.76 4.25 3.63 3.04 2.56 2.19 2.02 2.25 3.08
  7   3.80 4.27 4.53 4.42 4.03 3.52 3.04 2.56 2.25 2.12 2.35 3.00 3.66 4.25 4.57 4.59 4.39 3.94 3.40 2.90 2.47 2.19 2.15 2.53
  8   3.22 3.78 4.14 4.30 4.17 3.81 3.37 2.96 2.60 2.37 2.40 2.70 3.16 3.78 4.38 4.80 4.90 4.76 4.20 3.50 3.02 2.66 2.40 2.32
  9   2.57 2.98 3.40 3.78 4.01 4.06 3.87 3.57 3.26 2.96 2.69 2.47 2.28 2.23 3.06 3.65 4.11 4.37 4.34 4.04 3.62 3.20 2.79 2.44
 10   2.23 2.25 2.55 3.01 3.47 3.84 4.07 4.10 3.86 3.51 3.17 2.83 2.49 2.24 2.16 2.62 3.24 3.89 4.32 4.51 4.33 3.90 3.39 2.90
 11   2.45 2.12 1.91 2.00 2.58 3.51 4.11 4.52 4.70 4.43 3.78 3.20 2.70 2.32 1.96 1.81 2.50 3.65 4.40 4.81 4.87 4.52 3.92 3.25
 12   2.60 2.14 1.77 1.51 1.68 2.71 3.62 4.49 4.95 5.01 4.51 3.73 3.09 2.50 2.00 1.63 1.59 2.61 3.70 4.59 5.11 5.15 4.61 3.82
 13   3.12 2.49 1.93 1.47 1.28 2.01 3.35 4.53 5.26 5.50 5.20 4.49 3.66 2.90 2.26 1.70 1.31 1.30 2.81 4.06 5.04 5.48 5.15 4.40
 14   3.64 2.98 2.35 1.70 1.14 0.89 2.40 3.67 4.75 5.37 5.41 4.95 4.17 3.40 2.61 1.90 1.26 0.84 1.40 3.26 4.61 5.52 5.78 5.25
 15   4.26 3.40 2.54 1.81 1.16 0.78 1.10 3.18 4.64 5.76 6.20 5.82 4.96 4.02 3.06 2.29 1.63 1.08 0.85 2.25 3.90 5.27 5.94 5.88
 16   5.07 4.11 3.19 2.31 1.60 1.04 0.68 1.52 3.70 5.32 5.90 6.00 5.70 4.90 3.70 2.70 1.95 1.29 0.89 0.87 2.94 4.40 5.35 5.65
 17   5.36 4.50 3.59 2.74 2.03 1.38 0.79 0.53 1.89 3.78 5.60 6.38 6.25 5.40 4.19 3.25 2.34 1.68 1.09 0.78 1.47 3.40 4.82 5.73
 18   5.89 5.25 4.30 3.36 2.48 1.74 1.14 0.76 1.38 3.30 4.65 5.59 5.99 5.70 4.86 3.95 2.98 2.24 1.55 1.00 0.79 2.04 3.53 4.83
 19   5.49 5.46 4.69 3.73 2.93 2.17 1.55 1.09 0.96 2.17 3.38 4.57 5.31 5.50 5.40 4.60 3.75 2.98 2.22 1.63 1.23 1.19 2.40 3.57
 20   4.61 5.16 5.16 4.50 3.70 3.00 2.30 1.71 1.30 1.23 1.80 3.54 4.63 5.20 5.34 5.00 4.33 3.58 2.90 2.28 1.78 1.54 1.69 2.81
 21   3.76 4.44 4.81 4.70 4.13 3.54 2.90 2.31 1.82 1.53 1.70 2.57 3.55 4.39 4.91 5.05 4.68 4.08 3.46 2.90 2.39 1.98 1.74 1.88
 22   2.66 3.47 4.13 4.47 4.52 4.14 3.60 3.08 2.59 2.18 1.90 1.96 2.45 3.29 4.03 4.59 4.82 4.69 4.22 3.62 3.06 2.56 2.12 1.82
 23   1.86 2.35 3.00 3.71 4.20 4.48 4.46 4.02 3.43 2.90 2.43 2.11 2.03 2.23 2.95 3.70 4.29 4.59 4.61 4.18 3.60 3.08 2.61 2.23
 24   2.00 1.96 2.46 3.04 3.68 4.20 4.50 4.56 4.21 3.62 3.12 2.70 2.38 2.12 2.05 2.71 3.53 4.22 4.64 4.77 4.51 3.99 3.43 2.86
 25   2.37 1.98 1.78 2.03 2.89 3.74 4.36 4.78 4.86 4.49 3.98 3.41 2.81 2.32 1.94 1.80 2.45 3.33 4.17 4.76 4.96 4.75 4.14 3.48
 26   2.87 2.28 1.79 1.53 1.76 2.80 3.82 4.68 5.15 5.18 4.70 3.94 3.23 2.63 2.09 1.71 1.65 2.46 3.49 4.41 4.95 5.09 4.68 3.97
 27   3.33 2.67 2.10 1.58 1.35 1.79 3.08 4.17 5.00 5.29 5.15 4.51 3.81 3.15 2.48 1.92 1.52 1.51 2.66 3.76 4.65 5.12 5.10 4.52
 28   3.73 3.04 2.38 1.84 1.38 1.21 2.24 3.57 4.76 5.44 5.57 5.11 4.25 3.51 2.76 2.14 1.62 1.34 1.80 3.19 4.34 5.04 5.27 4.99
 29   4.14 3.40 2.70 2.03 1.44 1.10 1.37 3.09 4.44 5.41 5.80 5.60 4.72 3.92 3.11 2.42 1.83 1.39 1.34 2.62 3.89 4.96 5.43 5.33
 30   4.57 3.71 2.96 2.29 1.67 1.22 1.13 2.62 4.04 5.30 5.92 5.91 5.23 4.34 3.51 2.80 2.13 1.62 1.33 1.68 3.19 4.42 5.30 5.61
 31   5.25 4.38 3.60 2.80 2.14 1.57 1.23 1.52 3.16 4.51 5.57 5.95 5.63 4.85 4.01 3.18 2.44 1.83 1.36 1.23 2.45 3.68 4.72 5.30
 ----------------------------------------------------------------------------------------------------------------------------
                                                                                               
 ----------------------------------------------------------------------------------------------------------------------------
 ----------------------------------------------------------------------------------------------------------------------------
                                                          SURVEY OF INDIA
                                                    MARINE GEODESY WING (G&RB)
                                                     HOURLY HEIGHTS IN METRES
  NAME OF PORT:- HALDIA                                                                             MONTH JUNE      YEAR 2018
 ----------------------------------------------------------------------------------------------------------------------------
 DAYS 0000 0001 0002 0003 0004 0005 0006 0007 0008 0009 0010 0011 0012 0013 0014 0015 0016 0017 0018 0019 0020 0021 0022 0023
 ----------------------------------------------------------------------------------------------------------------------------
  1   5.40 4.86 3.98 3.21 2.45 1.87 1.38 1.20 2.45 3.83 5.00 5.60 5.76 5.21 4.35 3.56 2.84 2.22 1.68 1.35 1.57 2.99 3.91 4.61
  2   4.94 4.77 3.98 3.25 2.58 1.97 1.49 1.19 1.52 3.05 4.10 4.86 5.37 5.30 4.68 3.89 3.16 2.55 2.02 1.61 1.47 2.33 3.40 4.30
  3   4.87 5.01 4.53 3.76 3.10 2.46 1.94 1.50 1.39 2.38 3.47 4.50 5.10 5.30 4.94 4.25 3.55 2.91 2.36 1.95 1.73 2.01 3.07 3.90
  4   4.53 4.83 4.73 4.09 3.43 2.82 2.29 1.87 1.61 1.81 2.85 3.83 4.54 4.96 5.03 4.60 3.94 3.35 2.79 2.31 1.91 1.73 2.18 3.16
  5   4.00 4.49 4.69 4.48 3.97 3.33 2.75 2.27 1.95 1.85 2.41 3.16 3.93 4.51 4.80 4.82 4.35 3.77 3.23 2.70 2.27 1.95 1.92 2.45
  6   3.24 3.90 4.34 4.50 4.22 3.74 3.19 2.68 2.26 2.06 2.06 2.58 3.26 3.92 4.45 4.74 4.70 4.28 3.72 3.17 2.65 2.25 2.04 2.19
  7   2.80 3.43 4.00 4.33 4.41 4.15 3.74 3.26 2.81 2.43 2.20 2.23 2.66 3.27 3.90 4.42 4.69 4.67 4.24 3.70 3.17 2.68 2.33 2.13
  8   2.22 2.78 3.41 3.98 4.36 4.52 4.35 4.02 3.61 3.18 2.78 2.44 2.30 2.47 3.00 3.70 4.35 4.75 4.89 4.61 3.98 3.30 2.68 2.20
  9   2.00 2.02 2.62 3.27 3.94 4.48 4.73 4.71 4.33 3.82 3.32 2.80 2.35 2.07 2.11 2.73 3.49 4.28 4.80 4.94 4.61 3.98 3.34 2.71
 10   2.23 1.85 1.68 2.12 3.09 3.98 4.66 5.03 5.06 4.50 3.82 3.13 2.56 2.10 1.76 1.84 2.67 3.63 4.55 5.08 5.22 4.80 4.04 3.28
 11   2.64 2.07 1.57 1.34 1.86 3.10 4.28 5.11 5.49 5.33 4.77 4.02 3.23 2.52 1.98 1.62 1.53 2.72 3.90 4.89 5.43 5.42 4.80 4.00
 12   3.25 2.54 1.87 1.36 1.12 1.98 3.44 4.72 5.62 5.94 5.63 4.77 3.91 3.18 2.50 1.86 1.35 1.17 2.67 3.90 5.07 5.63 5.55 4.78
 13   3.90 3.14 2.35 1.73 1.22 1.02 2.21 3.86 5.32 6.16 6.31 5.66 4.70 3.84 2.98 2.27 1.65 1.19 1.62 3.09 4.51 5.63 6.04 5.73
 14   4.80 3.92 3.01 2.26 1.58 1.04 0.81 2.55 4.35 5.80 6.45 6.40 5.51 4.51 3.55 2.71 2.05 1.43 1.07 1.65 3.40 4.78 5.77 6.08
 15   5.50 4.52 3.60 2.72 1.96 1.30 0.82 0.67 3.09 4.79 6.00 6.56 6.30 5.21 4.25 3.29 2.42 1.80 1.28 1.07 2.04 3.70 5.10 5.85
 16   5.94 5.35 4.41 3.46 2.60 1.93 1.30 0.86 1.39 3.74 5.28 6.28 6.40 5.90 5.00 4.05 3.15 2.37 1.71 1.27 1.10 2.42 3.82 5.18
 17   5.79 5.76 5.00 4.08 3.20 2.43 1.78 1.21 0.95 2.38 3.97 5.28 6.03 6.11 5.43 4.48 3.60 2.81 2.15 1.60 1.26 1.75 2.87 4.13
 18   5.14 5.54 5.36 4.54 3.70 2.93 2.27 1.69 1.28 1.57 2.48 3.91 5.06 5.64 5.72 5.17 4.34 3.55 2.81 2.18 1.70 1.50 1.73 3.02
 19   4.03 4.85 5.22 5.11 4.40 3.65 2.96 2.33 1.83 1.53 1.81 2.90 3.87 4.73 5.32 5.43 4.94 4.18 3.46 2.81 2.34 1.94 1.73 2.17
 20   3.25 4.16 4.83 5.06 4.91 4.30 3.64 3.02 2.47 2.05 1.87 2.27 3.18 4.00 4.74 5.17 5.15 4.62 3.96 3.33 2.71 2.23 1.89 1.76
 21   2.37 3.19 3.98 4.56 4.84 4.72 4.22 3.63 3.09 2.60 2.23 2.07 2.32 3.07 3.86 4.52 4.90 4.96 4.57 3.93 3.30 2.74 2.31 2.00
 22   1.96 2.33 3.02 3.71 4.30 4.71 4.78 4.51 4.00 3.48 3.00 2.56 2.24 2.20 2.60 3.37 4.12 4.70 4.95 4.78 4.25 3.65 3.10 2.59
 23   2.21 2.02 2.15 2.81 3.62 4.31 4.79 4.96 4.80 4.25 3.66 3.08 2.57 2.22 2.14 2.50 3.28 3.99 4.55 4.84 4.77 4.28 3.70 3.10
 24   2.60 2.15 1.87 1.91 2.67 3.55 4.28 4.87 5.15 4.98 4.46 3.75 3.03 2.46 2.01 1.79 2.06 3.00 3.90 4.46 4.73 4.67 4.17 3.54
 25   2.94 2.40 1.95 1.64 1.74 2.80 3.80 4.60 5.16 5.25 4.97 4.40 3.62 2.85 2.24 1.81 1.68 2.13 3.15 4.10 4.70 4.88 4.79 4.20
 26   3.54 2.93 2.33 1.84 1.54 1.58 2.79 3.90 4.81 5.26 5.16 4.71 4.00 3.31 2.62 2.05 1.65 1.50 2.37 3.48 4.40 4.93 5.01 4.54
 27   3.80 3.13 2.48 1.96 1.49 1.28 1.86 3.20 4.41 5.25 5.58 5.42 4.61 3.80 3.07 2.40 1.87 1.54 1.90 3.03 4.00 4.77 5.20 5.14
 28   4.43 3.68 2.97 2.33 1.78 1.45 1.43 2.84 4.16 5.18 5.74 5.73 5.10 4.25 3.51 2.78 2.17 1.70 1.51 2.12 3.44 4.52 5.22 5.40
 29   4.95 4.10 3.36 2.68 2.05 1.60 1.40 1.93 3.43 4.65 5.49 5.75 5.45 4.63 3.80 3.03 2.40 1.87 1.54 1.71 2.97 4.06 4.85 5.23
 30   5.17 4.51 3.70 3.00 2.36 1.82 1.44 1.39 2.78 3.99 5.03 5.59 5.65 5.12 4.28 3.50 2.78 2.20 1.76 1.61 2.33 3.55 4.56 5.11
 ----------------------------------------------------------------------------------------------------------------------------
                                                                                               
 ----------------------------------------------------------------------------------------------------------------------------
 ----------------------------------------------------------------------------------------------------------------------------
                                                          SURVEY OF INDIA
                                                    MARINE GEODESY WING (G&RB)
                                                     HOURLY HEIGHTS IN METRES
  NAME OF PORT:- HALDIA                                                                             MONTH JULY      YEAR 2018
 ----------------------------------------------------------------------------------------------------------------------------
 DAYS 0000 0001 0002 0003 0004 0005 0006 0007 0008 0009 0010 0011 0012 0013 0014 0015 0016 0017 0018 0019 0020 0021 0022 0023
 ----------------------------------------------------------------------------------------------------------------------------
  1   5.24 4.86 4.12 3.32 2.63 2.09 1.61 1.38 2.00 3.47 4.57 5.29 5.60 5.41 4.70 3.90 3.15 2.51 2.00 1.66 1.78 3.00 3.98 4.76
  2   5.11 5.03 4.46 3.72 3.02 2.40 1.88 1.51 1.49 2.59 3.72 4.75 5.32 5.46 5.05 4.29 3.55 2.86 2.28 1.84 1.70 2.12 3.12 4.02
  3   4.73 4.99 4.79 4.17 3.45 2.70 2.00 1.41 1.45 2.00 3.15 4.16 4.94 5.30 5.23 4.62 3.87 3.14 2.49 1.93 1.50 1.52 2.46 3.70
  4   4.40 4.78 4.85 4.40 3.70 3.05 2.47 2.00 1.70 1.69 2.67 3.53 4.25 4.80 5.06 4.91 4.26 3.55 2.92 2.34 1.91 1.61 1.59 2.67
  5   3.56 4.20 4.59 4.68 4.21 3.60 3.03 2.46 2.02 1.77 1.99 2.86 3.67 4.36 4.80 4.92 4.61 3.93 3.29 2.66 2.15 1.78 1.64 2.21
  6   3.12 3.93 4.49 4.73 4.58 4.05 3.48 2.88 2.41 2.08 1.98 2.26 3.07 4.13 4.82 4.99 4.90 4.45 3.84 3.26 2.73 2.23 1.90 1.85
  7   2.39 3.16 3.84 4.39 4.64 4.58 4.12 3.55 3.05 2.60 2.26 2.14 2.45 3.02 3.74 4.40 4.80 4.85 4.52 3.92 3.30 2.70 2.20 1.91
  8   1.88 2.50 3.25 3.95 4.49 4.73 4.65 4.23 3.72 3.24 2.76 2.40 2.21 2.35 2.89 3.63 4.29 4.75 4.90 4.64 4.08 3.45 2.84 2.36
  9   2.01 1.90 2.24 3.06 3.88 4.52 4.94 5.04 4.72 4.06 3.44 2.88 2.42 2.09 2.00 2.46 3.36 4.20 4.83 5.07 4.84 4.20 3.48 2.84
 10   2.31 1.89 1.64 1.85 2.85 3.82 4.72 5.25 5.35 4.96 4.26 3.51 2.86 2.30 1.88 1.70 2.12 3.18 4.21 5.01 5.34 5.13 4.38 3.61
 11   2.87 2.26 1.77 1.46 1.54 2.74 3.86 4.97 5.65 5.72 5.15 4.30 3.50 2.75 2.10 1.62 1.44 2.05 3.31 4.45 5.31 5.58 5.20 4.40
 12   3.58 2.76 2.10 1.55 1.16 1.15 2.76 4.36 5.47 6.09 6.04 5.28 4.30 3.42 2.60 1.93 1.40 1.19 1.90 3.40 4.80 5.68 5.84 5.40
 13   4.40 3.45 2.68 1.98 1.35 0.94 1.14 3.18 4.90 6.00 6.30 6.14 5.22 4.20 3.21 2.40 1.78 1.30 1.09 1.79 3.57 5.15 6.00 6.12
 14   5.40 4.44 3.55 2.68 1.95 1.32 0.88 1.29 3.27 5.00 6.12 6.45 6.28 5.40 4.25 3.27 2.46 1.81 1.35 1.21 2.30 3.88 5.26 6.06
 15   6.10 5.40 4.34 3.43 2.58 1.92 1.32 1.04 1.94 3.90 5.66 6.60 6.65 6.10 5.14 4.05 3.06 2.30 1.67 1.30 1.39 2.95 4.50 5.60
 16   6.11 5.94 5.06 4.10 3.18 2.39 1.74 1.24 1.29 2.84 4.55 5.80 6.54 6.50 5.56 4.57 3.62 2.80 2.12 1.60 1.41 2.00 3.31 4.76
 17   5.77 6.03 5.69 4.81 3.91 3.04 2.27 1.63 1.28 1.78 3.43 4.88 5.78 6.10 5.80 5.06 4.17 3.30 2.57 1.95 1.48 1.36 2.27 3.68
 18   4.92 5.67 5.70 5.13 4.28 3.51 2.78 2.18 1.70 1.50 2.25 3.55 4.72 5.56 5.80 5.42 4.68 3.90 3.16 2.53 2.00 1.66 1.70 2.73
 19   3.83 4.79 5.33 5.35 4.82 4.10 3.44 2.78 2.26 1.90 1.92 2.72 3.78 4.74 5.30 5.42 5.04 4.40 3.70 3.06 2.50 2.08 1.90 2.00
 20   2.59 3.69 4.64 5.10 5.12 4.66 4.05 3.43 2.90 2.45 2.21 2.32 2.94 3.75 4.48 4.98 5.12 4.86 4.31 3.73 3.20 2.71 2.37 2.28
 21   2.52 3.13 3.89 4.56 4.98 5.07 4.77 4.24 3.71 3.20 2.80 2.55 2.60 3.15 3.86 4.48 4.89 5.03 4.81 4.40 3.92 3.40 2.92 2.56
 22   2.50 2.80 3.44 4.19 4.78 5.05 5.11 4.95 4.62 4.25 3.88 3.53 3.26 3.15 3.22 3.49 3.92 4.35 4.61 4.62 4.36 3.95 3.48 3.01
 23   2.60 2.34 2.42 3.00 3.72 4.37 4.87 5.06 4.91 4.50 4.01 3.50 3.00 2.61 2.44 2.60 3.11 3.80 4.38 4.70 4.72 4.42 3.92 3.39
 24   2.86 2.42 2.15 2.16 2.61 3.45 4.25 4.87 5.11 4.98 4.45 3.85 3.26 2.75 2.33 2.08 2.19 2.98 3.75 4.39 4.77 4.78 4.38 3.84
 25   3.27 2.74 2.28 1.94 1.86 2.40 3.38 4.38 5.13 5.36 5.20 4.54 3.83 3.14 2.54 2.00 1.74 2.05 2.80 3.78 4.58 4.97 4.91 4.46
 26   3.80 3.12 2.52 2.01 1.62 1.60 2.62 3.83 4.90 5.53 5.50 4.94 4.15 3.46 2.78 2.21 1.77 1.66 2.27 3.40 4.36 5.00 5.20 4.88
 27   4.19 3.51 2.82 2.25 1.74 1.41 1.59 3.12 4.36 5.31 5.74 5.59 4.85 4.03 3.21 2.48 1.88 1.40 1.40 2.69 3.85 4.80 5.32 5.30
 28   4.69 3.93 3.23 2.56 1.96 1.45 1.26 2.30 3.87 5.13 5.84 5.80 5.30 4.46 3.64 2.90 2.20 1.60 1.31 1.75 3.26 4.48 5.25 5.50
 29   5.21 4.40 3.58 2.88 2.24 1.66 1.30 1.62 3.28 4.74 5.71 6.04 5.80 4.95 4.05 3.27 2.51 1.90 1.44 1.30 2.44 3.82 4.93 5.56
 30   5.62 5.00 4.10 3.30 2.55 1.91 1.37 1.18 1.99 3.74 5.12 5.93 6.03 5.40 4.53 3.70 2.91 2.22 1.60 1.22 1.57 3.13 4.53 5.40
 31   5.70 5.40 4.50 3.63 2.78 2.07 1.48 1.03 1.13 3.08 4.51 5.48 5.93 5.65 4.86 3.97 3.12 2.33 1.72 1.28 1.30 2.10 3.57 4.74
 ----------------------------------------------------------------------------------------------------------------------------
                                                                                               
 ----------------------------------------------------------------------------------------------------------------------------
 ----------------------------------------------------------------------------------------------------------------------------
                                                          SURVEY OF INDIA
                                                    MARINE GEODESY WING (G&RB)
                                                     HOURLY HEIGHTS IN METRES
  NAME OF PORT:- HALDIA                                                                             MONTH AUGUST    YEAR 2018
 ----------------------------------------------------------------------------------------------------------------------------
 DAYS 0000 0001 0002 0003 0004 0005 0006 0007 0008 0009 0010 0011 0012 0013 0014 0015 0016 0017 0018 0019 0020 0021 0022 0023
 ----------------------------------------------------------------------------------------------------------------------------
  1   5.36 5.40 4.72 3.85 3.10 2.38 1.78 1.28 1.10 2.24 3.54 4.74 5.48 5.61 5.16 4.36 3.53 2.76 2.08 1.51 1.16 1.62 2.97 4.20
  2   5.10 5.42 5.21 4.45 3.67 2.89 2.22 1.67 1.28 1.42 2.98 4.18 5.20 5.64 5.51 4.79 3.95 3.16 2.48 1.91 1.48 1.39 2.51 3.63
  3   4.67 5.27 5.36 4.87 4.16 3.45 2.75 2.17 1.74 1.60 2.28 3.35 4.35 5.03 5.26 5.08 4.40 3.69 2.97 2.38 1.83 1.48 1.56 2.74
  4   3.74 4.68 5.13 5.10 4.57 3.90 3.23 2.60 2.10 1.80 1.87 2.83 3.80 4.55 5.00 5.10 4.74 4.16 3.50 2.84 2.29 1.86 1.72 1.98
  5   2.97 3.89 4.58 4.94 4.90 4.42 3.83 3.26 2.70 2.25 2.02 2.12 2.78 3.59 4.30 4.79 4.90 4.65 4.02 3.39 2.74 2.23 1.85 1.80
  6   2.18 3.15 4.05 4.58 4.80 4.75 4.42 3.85 3.27 2.78 2.38 2.16 2.24 2.76 3.46 4.10 4.59 4.80 4.67 4.22 3.62 3.00 2.44 2.00
  7   1.90 2.21 2.93 3.70 4.39 4.84 4.96 4.86 4.43 3.90 3.36 2.90 2.61 2.55 2.76 3.34 4.03 4.63 5.01 5.06 4.70 4.12 3.52 2.98
  8   2.52 2.21 2.23 2.71 3.49 4.38 5.09 5.45 5.43 4.90 4.22 3.60 3.03 2.56 2.24 2.30 2.91 3.82 4.66 5.22 5.33 5.00 4.40 3.65
  9   2.98 2.40 1.97 1.84 2.16 3.24 4.40 5.31 5.70 5.71 5.14 4.29 3.50 2.81 2.22 1.78 1.74 2.30 3.53 4.72 5.48 5.62 5.26 4.42
 10   3.65 2.90 2.24 1.68 1.38 1.65 3.20 4.61 5.79 6.20 6.06 5.21 4.36 3.48 2.71 2.07 1.52 1.32 2.09 3.64 5.02 5.80 5.92 5.43
 11   4.48 3.60 2.77 2.07 1.47 1.03 1.30 3.39 5.00 6.12 6.53 6.04 5.17 4.25 3.30 2.50 1.81 1.24 1.04 2.37 3.97 5.46 6.19 6.18
 12   5.32 4.30 3.40 2.55 1.84 1.18 0.82 1.65 3.90 5.57 6.49 6.62 6.04 4.88 3.90 2.96 2.20 1.56 1.11 1.01 2.84 4.42 5.74 6.37
 13   6.30 5.13 4.17 3.20 2.37 1.64 1.03 0.78 2.20 4.24 5.87 6.68 6.60 5.57 4.50 3.56 2.68 1.94 1.30 0.91 1.21 3.49 5.10 6.12
 14   6.43 6.05 4.92 3.80 2.92 2.15 1.48 1.02 1.08 3.40 4.93 6.08 6.65 6.44 5.40 4.35 3.40 2.59 1.92 1.40 1.23 2.27 3.89 5.34
 15   6.26 6.40 5.68 4.62 3.65 2.83 2.18 1.64 1.46 2.50 4.08 5.49 6.40 6.64 6.12 5.06 4.12 3.24 2.57 2.02 1.67 1.87 3.20 4.60
 16   5.75 6.30 6.20 5.28 4.38 3.48 2.74 2.14 1.77 1.99 3.24 4.54 5.63 6.13 5.97 5.19 4.38 3.57 2.85 2.25 1.86 1.75 2.54 3.69
 17   4.82 5.58 5.87 5.46 4.66 3.90 3.17 2.55 2.07 1.87 2.44 3.58 4.60 5.28 5.56 5.34 4.70 3.96 3.28 2.67 2.17 1.89 2.00 2.86
 18   3.83 4.73 5.28 5.35 5.00 4.32 3.67 3.04 2.54 2.20 2.24 2.92 3.75 4.44 4.96 5.13 4.84 4.28 3.70 3.14 2.64 2.30 2.22 2.60
 19   3.30 4.04 4.60 4.95 4.96 4.60 4.12 3.61 3.12 2.70 2.50 2.67 3.16 3.76 4.28 4.63 4.72 4.53 4.16 3.73 3.27 2.85 2.55 2.50
 20   2.76 3.26 3.85 4.33 4.65 4.81 4.76 4.42 3.97 3.51 3.14 2.94 3.00 3.28 3.73 4.15 4.43 4.55 4.51 4.27 3.95 3.58 3.24 2.99
 21   2.88 3.00 3.29 3.70 4.17 4.60 4.84 4.87 4.65 4.26 3.78 3.34 2.95 2.70 2.74 3.10 3.62 4.15 4.54 4.65 4.51 4.16 3.79 3.38
 22   3.02 2.71 2.63 2.83 3.30 3.92 4.55 4.94 5.00 4.74 4.30 3.75 3.20 2.71 2.38 2.36 2.72 3.38 4.03 4.56 4.83 4.74 4.36 3.85
 23   3.32 2.80 2.33 2.03 2.12 2.80 3.71 4.52 5.05 5.21 4.95 4.36 3.68 3.07 2.53 2.13 2.00 2.48 3.35 4.18 4.77 5.06 4.96 4.37
 24   3.73 3.10 2.53 2.06 1.76 1.90 3.05 4.11 5.03 5.50 5.50 4.92 4.20 3.42 2.75 2.18 1.76 1.69 2.68 3.70 4.62 5.20 5.33 4.89
 25   4.20 3.46 2.77 2.18 1.69 1.48 2.10 3.62 4.92 5.65 5.85 5.44 4.60 3.70 2.98 2.33 1.78 1.48 1.82 3.15 4.42 5.22 5.45 5.39
 26   4.66 3.87 3.10 2.42 1.83 1.41 1.63 2.92 4.38 5.52 6.06 6.00 5.12 4.24 3.42 2.71 2.12 1.63 1.45 2.52 3.90 5.10 5.84 5.92
 27   5.30 4.38 3.50 2.75 2.10 1.52 1.27 2.10 3.70 5.10 6.06 6.32 5.85 4.85 3.90 3.07 2.39 1.77 1.40 1.69 3.26 4.63 5.67 6.09
 28   5.90 4.90 4.00 3.16 2.44 1.78 1.33 1.32 3.04 4.70 5.73 6.23 6.15 5.17 4.27 3.38 2.61 1.97 1.50 1.40 2.52 3.99 5.25 5.95
 29   6.01 5.30 4.35 3.48 2.69 2.00 1.43 1.20 2.00 3.69 5.12 5.98 6.10 5.56 4.60 3.68 2.88 2.18 1.59 1.15 1.43 3.21 4.69 5.63
 30   6.00 5.73 4.80 3.90 3.08 2.30 1.70 1.30 1.19 2.87 4.40 5.40 5.90 5.79 4.98 4.12 3.30 2.53 1.90 1.36 1.15 2.33 3.77 5.03
 31   5.74 5.80 5.20 4.33 3.54 2.78 2.14 1.56 1.26 1.95 3.49 4.67 5.43 5.60 5.32 4.53 3.70 2.95 2.28 1.68 1.31 1.55 3.16 4.42
 ----------------------------------------------------------------------------------------------------------------------------
                                                                                              
 ----------------------------------------------------------------------------------------------------------------------------
 ----------------------------------------------------------------------------------------------------------------------------
                                                          SURVEY OF INDIA
                                                    MARINE GEODESY WING (G&RB)
                                                     HOURLY HEIGHTS IN METRES
  NAME OF PORT:- HALDIA                                                                             MONTH SEPT      YEAR 2018
 ----------------------------------------------------------------------------------------------------------------------------
 DAYS 0000 0001 0002 0003 0004 0005 0006 0007 0008 0009 0010 0011 0012 0013 0014 0015 0016 0017 0018 0019 0020 0021 0022 0023
 ----------------------------------------------------------------------------------------------------------------------------
  1   5.35 5.63 5.40 4.64 3.84 3.13 2.48 1.93 1.55 1.61 2.69 3.82 4.84 5.38 5.40 4.94 4.18 3.45 2.78 2.20 1.79 1.66 2.27 3.43
  2   4.53 5.17 5.36 5.06 4.38 3.66 3.01 2.46 2.03 1.88 2.30 3.20 4.15 4.84 5.17 5.03 4.46 3.82 3.15 2.53 2.04 1.70 1.71 2.66
  3   3.63 4.49 4.97 5.05 4.71 4.12 3.50 2.92 2.43 2.10 2.06 2.60 3.32 4.04 4.57 4.80 4.66 4.18 3.60 3.00 2.48 2.11 1.96 2.16
  4   2.86 3.66 4.32 4.71 4.72 4.44 4.00 3.49 2.97 2.54 2.28 2.25 2.52 3.04 3.60 4.11 4.47 4.50 4.24 3.80 3.30 2.78 2.36 2.10
  5   2.12 2.60 3.27 3.90 4.37 4.65 4.62 4.31 3.88 3.43 2.98 2.60 2.31 2.26 2.57 3.15 3.80 4.37 4.69 4.67 4.28 3.70 3.16 2.62
  6   2.20 1.93 1.98 2.58 3.45 4.22 4.81 5.06 4.98 4.63 4.18 3.67 3.13 2.73 2.63 2.80 3.40 4.10 4.72 5.12 5.19 4.97 4.35 3.68
  7   2.98 2.41 1.98 1.90 2.44 3.51 4.51 5.34 5.69 5.63 4.98 4.16 3.39 2.72 2.13 1.67 1.52 2.27 3.60 4.79 5.52 5.65 5.15 4.33
  8   3.57 2.81 2.18 1.62 1.28 1.63 3.25 4.70 5.70 6.08 5.77 4.94 4.02 3.18 2.47 1.86 1.35 1.20 2.27 3.79 5.15 5.86 5.89 5.24
  9   4.28 3.47 2.65 1.96 1.37 1.03 1.50 3.54 5.12 6.13 6.25 5.83 4.80 3.82 2.91 2.20 1.54 1.04 0.86 2.42 4.23 5.69 6.36 6.20
 10   5.20 4.24 3.26 2.43 1.69 1.05 0.80 1.80 3.94 5.53 6.41 6.49 5.64 4.53 3.60 2.66 1.91 1.26 0.80 0.72 3.03 4.80 5.99 6.32
 11   6.02 4.85 3.80 2.90 2.09 1.40 0.84 0.62 2.60 4.57 5.92 6.40 6.23 5.10 4.12 3.15 2.30 1.60 0.98 0.70 1.51 3.62 5.23 6.16
 12   6.30 5.55 4.44 3.45 2.57 1.86 1.22 0.77 1.00 3.49 5.00 5.97 6.11 5.58 4.62 3.68 2.77 2.00 1.34 0.82 0.61 2.60 4.32 5.57
 13   6.15 6.00 5.00 4.03 3.10 2.30 1.63 1.04 0.78 1.88 3.73 5.10 5.80 5.81 5.10 4.16 3.32 2.56 1.86 1.22 0.89 1.56 3.18 4.60
 14   5.52 5.78 5.52 4.62 3.70 2.88 2.18 1.55 1.13 1.23 2.75 4.06 4.97 5.40 5.22 4.44 3.63 2.87 2.20 1.64 1.22 1.18 2.45 3.66
 15   4.68 5.24 5.28 4.74 4.00 3.22 2.50 1.90 1.49 1.42 2.38 3.40 4.33 4.91 5.06 4.62 3.90 3.18 2.55 1.98 1.55 1.45 2.00 3.00
 16   4.02 4.75 5.03 4.85 4.27 3.56 2.91 2.30 1.85 1.68 2.10 2.90 3.72 4.40 4.71 4.61 4.12 3.52 2.94 2.37 1.98 1.85 2.16 2.82
 17   3.54 4.16 4.57 4.66 4.40 3.88 3.32 2.75 2.33 2.10 2.20 2.62 3.20 3.72 4.11 4.28 4.16 3.79 3.35 2.89 2.47 2.25 2.25 2.60
 18   3.08 3.55 3.94 4.22 4.27 4.11 3.77 3.38 2.98 2.62 2.45 2.52 2.80 3.14 3.48 3.74 3.88 3.90 3.74 3.48 3.20 2.91 2.68 2.56
 19   2.62 2.83 3.15 3.54 3.89 4.14 4.17 4.07 3.77 3.40 3.03 2.71 2.54 2.53 2.70 3.05 3.47 3.86 4.12 4.17 4.00 3.68 3.30 2.93
 20   2.63 2.50 2.54 2.75 3.22 3.93 4.56 4.80 4.77 4.48 4.03 3.53 3.09 2.85 2.82 3.00 3.38 3.87 4.33 4.72 4.94 4.92 4.49 3.93
 21   3.36 2.98 2.80 2.78 2.98 3.67 4.48 5.12 5.43 5.40 4.96 4.29 3.62 3.06 2.64 2.46 2.58 3.10 4.03 4.85 5.29 5.27 4.77 4.06
 22   3.38 2.80 2.32 2.03 2.09 2.87 3.85 4.78 5.40 5.50 5.14 4.40 3.63 2.95 2.36 1.93 1.84 2.23 3.33 4.38 5.10 5.35 5.18 4.50
 23   3.80 3.11 2.48 1.96 1.60 1.66 2.96 4.12 5.14 5.65 5.60 4.92 4.13 3.40 2.66 2.03 1.50 1.32 2.15 3.52 4.66 5.36 5.59 5.21
 24   4.34 3.52 2.83 2.21 1.66 1.29 1.47 3.13 4.37 5.34 5.75 5.48 4.69 3.82 3.02 2.30 1.66 1.19 1.08 2.65 4.06 5.11 5.64 5.61
 25   4.87 4.00 3.22 2.47 1.82 1.29 1.00 2.11 3.69 4.99 5.70 5.76 5.12 4.23 3.42 2.59 1.91 1.33 0.95 1.50 3.30 4.63 5.52 5.81
 26   5.37 4.52 3.65 2.85 2.15 1.54 1.07 1.06 2.93 4.38 5.43 5.83 5.40 4.64 3.76 2.90 2.15 1.52 1.01 0.82 2.52 4.00 5.26 5.81
 27   5.73 4.90 3.96 3.13 2.36 1.75 1.16 0.90 1.99 3.70 5.02 5.66 5.74 5.19 4.30 3.38 2.60 1.88 1.25 0.87 1.52 3.30 4.67 5.60
 28   5.90 5.43 4.46 3.62 2.80 2.13 1.53 1.12 1.06 3.00 4.43 5.42 5.75 5.47 4.57 3.70 2.91 2.17 1.53 1.00 0.83 2.52 4.06 5.30
 29   5.88 5.76 4.94 4.06 3.23 2.46 1.81 1.24 1.01 2.02 3.60 4.84 5.51 5.56 4.89 4.01 3.25 2.50 1.88 1.30 1.03 1.79 3.41 4.70
 30   5.48 5.66 5.25 4.45 3.59 2.82 2.20 1.66 1.28 1.44 2.90 4.06 4.84 5.23 5.09 4.35 3.56 2.88 2.25 1.70 1.27 1.21 2.54 3.68
 ----------------------------------------------------------------------------------------------------------------------------
                                                                                               
 ----------------------------------------------------------------------------------------------------------------------------
 ----------------------------------------------------------------------------------------------------------------------------
                                                          SURVEY OF INDIA
                                                    MARINE GEODESY WING (G&RB)
                                                     HOURLY HEIGHTS IN METRES
  NAME OF PORT:- HALDIA                                                                             MONTH OCTOBER   YEAR 2018
 ----------------------------------------------------------------------------------------------------------------------------
 DAYS 0000 0001 0002 0003 0004 0005 0006 0007 0008 0009 0010 0011 0012 0013 0014 0015 0016 0017 0018 0019 0020 0021 0022 0023
 ----------------------------------------------------------------------------------------------------------------------------
  1   4.70 5.25 5.29 4.73 3.98 3.32 2.64 2.08 1.64 1.50 2.25 3.24 4.05 4.67 4.86 4.60 4.00 3.37 2.73 2.17 1.70 1.47 1.77 2.89
  2   3.80 4.50 4.93 4.93 4.44 3.82 3.20 2.65 2.20 1.90 1.88 2.54 3.25 3.90 4.35 4.56 4.34 3.86 3.28 2.72 2.24 1.90 1.90 2.30
  3   3.00 3.68 4.25 4.61 4.60 4.26 3.77 3.28 2.80 2.42 2.14 2.08 2.35 2.82 3.36 3.83 4.15 4.23 3.98 3.58 3.13 2.65 2.20 1.91
  4   1.99 2.44 3.10 3.73 4.20 4.49 4.46 4.12 3.66 3.18 2.72 2.32 2.03 1.93 2.25 2.78 3.39 3.94 4.30 4.39 4.06 3.56 3.02 2.54
  5   2.12 1.82 1.88 2.40 3.13 3.88 4.44 4.73 4.66 4.18 3.57 3.02 2.50 2.02 1.67 1.62 2.12 3.06 3.95 4.57 4.80 4.63 4.06 3.37
  6   2.74 2.20 1.77 1.60 1.80 2.82 3.82 4.65 5.14 5.14 4.57 3.80 3.11 2.46 1.90 1.44 1.34 1.70 3.05 4.17 4.97 5.26 5.04 4.30
  7   3.48 2.72 2.12 1.58 1.24 1.38 2.96 4.20 5.12 5.59 5.40 4.60 3.78 3.01 2.30 1.62 1.11 1.10 2.04 3.62 4.92 5.65 5.70 5.04
  8   4.16 3.30 2.48 1.80 1.22 0.96 1.58 3.40 4.84 5.74 5.80 5.31 4.48 3.53 2.68 1.88 1.22 0.85 0.79 2.80 4.50 5.68 6.12 5.90
  9   4.88 3.95 3.04 2.25 1.55 1.05 0.92 2.48 4.18 5.50 6.10 6.02 5.03 4.06 3.13 2.30 1.60 1.08 0.90 1.73 3.81 5.43 6.30 6.40
 10   5.60 4.48 3.50 2.63 1.90 1.31 1.06 1.81 3.59 5.12 6.10 6.33 5.90 4.80 3.71 2.80 2.06 1.50 1.13 1.20 3.03 4.70 5.96 6.62
 11   6.50 5.36 4.27 3.26 2.41 1.75 1.25 1.11 2.67 4.26 5.67 6.40 6.38 5.31 4.24 3.26 2.44 1.72 1.20 1.06 2.12 3.84 5.38 6.24
 12   6.36 5.60 4.60 3.69 2.80 2.05 1.48 1.26 2.00 3.60 4.96 5.84 6.10 5.61 4.75 3.80 2.97 2.18 1.52 1.26 1.90 3.30 4.74 5.73
 13   6.19 6.05 5.22 4.20 3.22 2.39 1.72 1.38 1.60 2.89 4.12 5.03 5.55 5.44 4.71 3.91 3.10 2.37 1.75 1.29 1.40 2.26 3.45 4.63
 14   5.35 5.48 5.00 4.18 3.40 2.66 2.00 1.54 1.46 2.10 3.20 4.26 4.88 5.06 4.80 4.20 3.50 2.82 2.22 1.73 1.47 1.72 2.80 3.82
 15   4.63 5.08 5.10 4.57 3.88 3.24 2.61 2.11 1.75 1.80 2.45 3.37 4.13 4.61 4.70 4.30 3.70 3.10 2.52 2.07 1.81 1.88 2.45 3.31
 16   4.00 4.47 4.70 4.53 4.06 3.52 2.97 2.45 2.10 1.96 2.24 2.77 3.40 3.92 4.23 4.22 3.92 3.44 2.95 2.49 2.17 2.04 2.26 2.76
 17   3.34 3.84 4.20 4.33 4.16 3.80 3.37 2.94 2.52 2.27 2.23 2.45 2.85 3.28 3.64 3.82 3.85 3.67 3.40 3.08 2.78 2.53 2.46 2.57
 18   2.84 3.20 3.57 3.89 4.06 4.07 3.88 3.54 3.17 2.83 2.57 2.40 2.38 2.54 2.86 3.23 3.59 3.81 3.88 3.75 3.48 3.17 2.87 2.59
 19   2.42 2.41 2.64 3.03 3.49 3.91 4.19 4.23 4.00 3.61 3.18 2.76 2.38 2.13 2.12 2.40 2.94 3.51 3.99 4.28 4.29 3.98 3.52 3.05
 20   2.58 2.21 2.02 2.21 2.86 3.56 4.18 4.57 4.67 4.38 3.86 3.30 2.74 2.28 1.93 1.80 2.14 2.80 3.56 4.25 4.67 4.73 4.26 3.67
 21   3.10 2.54 2.10 1.80 1.88 2.66 3.56 4.32 4.82 4.96 4.50 3.78 3.12 2.53 2.00 1.60 1.48 2.21 3.26 4.22 4.86 5.12 4.80 4.05
 22   3.36 2.70 2.14 1.71 1.51 2.14 3.27 4.30 4.99 5.28 5.11 4.33 3.56 2.84 2.24 1.70 1.30 1.32 2.67 3.83 4.89 5.42 5.40 4.75
 23   3.92 3.16 2.44 1.87 1.40 1.22 2.33 3.60 4.76 5.42 5.51 4.88 4.00 3.23 2.47 1.82 1.30 1.12 1.93 3.53 4.83 5.60 5.77 5.28
 24   4.32 3.51 2.72 2.07 1.51 1.13 1.42 3.12 4.43 5.37 5.72 5.45 4.68 3.80 2.95 2.21 1.58 1.08 0.96 2.57 4.05 5.30 5.86 5.80
 25   4.99 4.01 3.15 2.40 1.74 1.20 1.01 2.07 3.65 4.92 5.63 5.73 5.06 4.20 3.34 2.50 1.80 1.24 1.00 1.65 3.43 4.84 5.77 6.05
 26   5.61 4.68 3.72 2.86 2.16 1.55 1.12 1.17 2.84 4.16 5.27 5.74 5.51 4.70 3.80 2.94 2.20 1.57 1.08 0.98 2.37 3.90 5.21 5.88
 27   5.91 5.15 4.21 3.37 2.56 1.90 1.33 1.08 1.72 3.22 4.51 5.35 5.60 5.16 4.22 3.37 2.61 1.94 1.36 1.00 1.52 3.23 4.60 5.58
 28   5.94 5.68 4.73 3.82 3.00 2.30 1.70 1.26 1.20 2.59 3.86 4.83 5.38 5.38 4.65 3.77 3.02 2.32 1.75 1.30 1.14 1.62 3.72 4.88
 29   5.50 5.63 5.13 4.35 3.55 2.80 2.16 1.66 1.44 1.80 3.04 4.16 4.87 5.21 5.03 4.19 3.43 2.74 2.20 1.73 1.48 1.72 2.96 4.00
 30   4.80 5.27 5.29 4.65 3.91 3.23 2.61 2.14 1.79 1.70 2.27 3.17 4.02 4.62 4.91 4.63 3.97 3.31 2.75 2.27 1.90 1.75 2.17 2.98
 31   3.87 4.60 5.00 5.01 4.50 3.84 3.23 2.70 2.26 2.00 1.98 2.44 3.22 3.90 4.37 4.55 4.40 3.93 3.38 2.87 2.41 2.12 2.10 2.48
 ----------------------------------------------------------------------------------------------------------------------------
                                                                                               
 ----------------------------------------------------------------------------------------------------------------------------
 ----------------------------------------------------------------------------------------------------------------------------
                                                          SURVEY OF INDIA
                                                    MARINE GEODESY WING (G&RB)
                                                     HOURLY HEIGHTS IN METRES
  NAME OF PORT:- HALDIA                                                                             MONTH NOVEMBER  YEAR 2018
 ----------------------------------------------------------------------------------------------------------------------------
 DAYS 0000 0001 0002 0003 0004 0005 0006 0007 0008 0009 0010 0011 0012 0013 0014 0015 0016 0017 0018 0019 0020 0021 0022 0023
 ----------------------------------------------------------------------------------------------------------------------------
  1   3.09 3.77 4.36 4.74 4.76 4.40 3.86 3.33 2.83 2.43 2.18 2.13 2.41 2.93 3.55 4.10 4.45 4.50 4.20 3.72 3.23 2.78 2.41 2.22
  2   2.32 2.79 3.38 4.00 4.49 4.72 4.60 4.18 3.65 3.15 2.66 2.25 2.02 2.04 2.42 3.03 3.70 4.24 4.57 4.56 4.21 3.70 3.20 2.72
  3   2.28 2.03 2.13 2.74 3.56 4.24 4.67 4.83 4.55 4.00 3.41 2.84 2.36 1.96 1.71 1.76 2.60 3.56 4.34 4.83 4.95 4.63 4.00 3.34
  4   2.74 2.24 1.88 1.75 2.47 3.42 4.25 4.83 5.07 4.83 4.24 3.50 2.84 2.28 1.80 1.49 1.56 2.60 3.70 4.65 5.18 5.25 4.78 4.00
  5   3.30 2.63 2.06 1.60 1.50 2.37 3.50 4.55 5.17 5.37 5.07 4.30 3.51 2.80 2.15 1.62 1.36 1.62 2.83 4.06 5.12 5.59 5.48 4.76
  6   3.90 3.12 2.40 1.83 1.37 1.29 2.60 3.83 4.86 5.41 5.38 4.83 4.06 3.33 2.58 1.92 1.34 0.98 1.45 3.10 4.47 5.48 5.83 5.55
  7   4.61 3.76 2.92 2.21 1.60 1.16 1.11 2.71 4.00 5.07 5.53 5.38 4.50 3.66 2.88 2.18 1.54 1.02 0.81 2.03 3.75 5.04 5.74 5.76
  8   5.03 4.06 3.22 2.44 1.78 1.23 0.92 1.57 3.34 4.59 5.39 5.55 4.99 4.12 3.32 2.52 1.85 1.28 0.88 1.36 3.04 4.47 5.50 5.87
  9   5.54 4.58 3.72 2.87 2.12 1.52 1.05 0.94 2.50 3.81 4.86 5.38 5.31 4.51 3.64 2.86 2.16 1.60 1.13 0.90 2.17 3.66 5.20 5.61
 10   5.55 4.97 4.10 3.32 2.54 1.90 1.36 1.07 1.01 3.03 4.22 4.91 5.21 4.86 4.05 3.26 2.52 1.88 1.38 1.08 1.43 2.99 4.40 5.20
 11   5.46 5.22 4.52 3.70 2.90 2.23 1.70 1.30 1.27 2.50 3.62 4.44 4.90 4.91 4.26 3.49 2.80 2.16 1.66 1.30 1.30 2.58 3.90 4.69
 12   5.13 5.22 4.70 3.91 3.22 2.54 2.02 1.58 1.42 2.02 3.00 3.88 4.52 4.80 4.60 3.90 3.18 2.52 2.00 1.60 1.45 2.04 3.06 4.00
 13   4.72 5.09 5.01 4.37 3.68 3.05 2.46 2.00 1.73 1.81 2.64 3.47 4.18 4.60 4.69 4.24 3.58 2.96 2.43 2.01 1.77 2.00 2.70 3.60
 14   4.38 4.80 4.90 4.60 4.06 3.44 2.84 2.35 2.03 2.00 2.46 3.10 3.75 4.24 4.47 4.38 3.90 3.37 2.89 2.43 2.13 2.10 2.60 3.26
 15   3.85 4.32 4.60 4.63 4.30 3.78 3.28 2.81 2.42 2.16 2.23 2.66 3.21 3.72 4.08 4.25 4.11 3.78 3.37 2.97 2.62 2.41 2.44 2.74
 16   3.17 3.64 4.05 4.31 4.39 4.17 3.81 3.38 2.93 2.56 2.30 2.23 2.45 2.90 3.38 3.75 3.96 4.01 3.83 3.53 3.22 2.91 2.65 2.54
 17   2.66 2.95 3.33 3.74 4.13 4.30 4.24 3.92 3.50 3.05 2.66 2.34 2.18 2.26 2.63 3.10 3.58 3.98 4.19 4.17 3.92 3.55 3.16 2.77
 18   2.46 2.30 2.43 2.86 3.41 3.96 4.30 4.38 4.12 3.65 3.14 2.68 2.29 2.00 1.92 2.22 2.86 3.52 4.09 4.45 4.52 4.20 3.66 3.17
 19   2.67 2.27 1.99 2.03 2.60 3.33 4.00 4.49 4.66 4.40 3.80 3.17 2.63 2.17 1.81 1.64 2.00 2.80 3.70 4.41 4.85 4.90 4.45 3.78
 20   3.17 2.57 2.12 1.80 1.73 2.61 3.57 4.32 4.81 4.95 4.49 3.75 3.11 2.52 2.02 1.62 1.46 2.04 3.19 4.26 5.01 5.32 5.10 4.36
 21   3.62 2.90 2.27 1.76 1.45 1.62 2.86 3.90 4.70 5.14 5.04 4.31 3.53 2.83 2.18 1.64 1.25 1.23 2.62 3.90 5.00 5.56 5.56 4.95
 22   4.10 3.27 2.55 1.93 1.44 1.24 1.93 3.30 4.46 5.18 5.34 4.88 4.05 3.26 2.50 1.84 1.28 0.98 1.60 3.23 4.58 5.54 5.82 5.49
 23   4.57 3.72 2.88 2.18 1.55 1.14 1.15 2.50 3.84 4.90 5.44 5.36 4.60 3.75 2.95 2.21 1.56 1.03 0.88 2.03 3.83 5.23 5.93 5.97
 24   5.29 4.32 3.48 2.64 1.98 1.39 1.05 1.26 2.99 4.34 5.20 5.51 5.19 4.38 3.47 2.65 1.95 1.37 0.94 0.96 2.88 4.40 5.46 5.90
 25   5.79 4.87 4.01 3.20 2.40 1.78 1.27 1.08 1.84 3.30 4.69 5.39 5.49 5.00 4.15 3.27 2.50 1.84 1.28 1.00 1.49 3.31 4.70 5.57
 26   5.82 5.55 4.62 3.78 3.00 2.30 1.72 1.31 1.18 2.34 3.58 4.68 5.26 5.25 4.63 3.80 3.05 2.33 1.74 1.28 1.16 2.22 3.59 4.78
 27   5.51 5.66 5.30 4.47 3.60 2.85 2.22 1.70 1.40 1.48 2.72 3.90 4.71 5.10 5.06 4.32 3.56 2.88 2.27 1.77 1.42 1.45 2.68 3.88
 28   4.75 5.28 5.30 4.84 4.12 3.38 2.71 2.15 1.72 1.51 1.86 2.80 3.80 4.56 4.89 4.75 4.12 3.38 2.73 2.19 1.76 1.57 1.95 2.90
 29   3.90 4.67 5.09 5.10 4.57 3.89 3.27 2.66 2.16 1.77 1.62 2.04 2.80 3.64 4.29 4.61 4.52 4.04 3.43 2.88 2.36 2.00 1.86 2.13
 30   2.88 3.70 4.36 4.74 4.82 4.50 3.93 3.32 2.74 2.27 1.92 1.78 2.00 2.60 3.35 4.00 4.38 4.46 4.16 3.70 3.17 2.66 2.24 2.01
 ----------------------------------------------------------------------------------------------------------------------------
                                                                                               
 ----------------------------------------------------------------------------------------------------------------------------
 ----------------------------------------------------------------------------------------------------------------------------
                                                          SURVEY OF INDIA
                                                    MARINE GEODESY WING (G&RB)
                                                     HOURLY HEIGHTS IN METRES
  NAME OF PORT:- HALDIA                                                                             MONTH DECEMBER  YEAR 2018
 ----------------------------------------------------------------------------------------------------------------------------
 DAYS 0000 0001 0002 0003 0004 0005 0006 0007 0008 0009 0010 0011 0012 0013 0014 0015 0016 0017 0018 0019 0020 0021 0022 0023
 ----------------------------------------------------------------------------------------------------------------------------
  1   2.08 2.60 3.29 3.94 4.44 4.65 4.55 4.06 3.48 2.93 2.39 1.98 1.79 1.93 2.40 3.07 3.75 4.30 4.55 4.47 4.06 3.53 3.01 2.50
  2   2.12 1.96 2.16 2.80 3.60 4.24 4.60 4.61 4.26 3.70 3.12 2.55 2.06 1.74 1.66 2.00 2.76 3.60 4.36 4.76 4.76 4.33 3.70 3.12
  3   2.60 2.13 1.85 1.99 2.62 3.45 4.20 4.68 4.78 4.45 3.81 3.14 2.54 2.05 1.66 1.54 1.85 2.80 3.83 4.62 5.05 5.05 4.49 3.76
  4   3.10 2.49 2.03 1.70 1.66 2.62 3.55 4.30 4.77 4.82 4.40 3.73 3.05 2.45 1.94 1.52 1.36 1.84 2.90 4.05 4.93 5.32 5.14 4.41
  5   3.67 2.96 2.34 1.84 1.50 1.60 2.75 3.81 4.50 4.89 4.89 4.26 3.55 2.91 2.26 1.75 1.32 1.18 2.16 3.43 4.63 5.30 5.49 5.02
  6   4.20 3.42 2.70 2.09 1.57 1.32 1.79 2.80 3.85 4.67 4.98 4.77 4.10 3.35 2.65 2.04 1.54 1.18 1.27 2.75 4.40 5.50 5.72 5.44
  7   4.72 3.89 3.13 2.43 1.85 1.40 1.28 2.11 3.20 4.20 4.85 5.02 4.51 3.80 3.05 2.37 1.78 1.28 1.10 1.84 3.28 4.50 5.28 5.54
  8   5.14 4.36 3.53 2.76 2.12 1.61 1.26 1.33 2.60 3.70 4.47 4.87 4.80 4.12 3.38 2.68 2.05 1.55 1.17 1.10 2.48 3.65 4.73 5.33
  9   5.35 4.68 3.88 3.14 2.44 1.90 1.48 1.29 1.91 3.08 4.04 4.65 4.86 4.48 3.73 2.98 2.28 1.72 1.28 1.11 1.86 3.20 4.33 5.04
 10   5.32 4.98 4.20 3.45 2.73 2.13 1.66 1.33 1.43 2.71 3.74 4.39 4.75 4.68 4.01 3.33 2.64 2.07 1.60 1.28 1.38 2.72 3.82 4.66
 11   5.13 5.13 4.50 3.76 3.07 2.44 1.93 1.52 1.39 2.12 3.13 4.00 4.55 4.72 4.37 3.70 2.99 2.36 1.88 1.51 1.40 2.16 3.21 4.12
 12   4.74 5.00 4.75 4.10 3.41 2.76 2.22 1.76 1.55 1.86 2.60 3.50 4.17 4.54 4.50 3.95 3.32 2.73 2.15 1.70 1.52 1.90 2.75 3.65
 13   4.34 4.75 4.79 4.40 3.73 3.11 2.53 2.06 1.73 1.65 2.18 2.93 3.67 4.19 4.42 4.20 3.71 3.07 2.50 2.03 1.75 1.78 2.32 3.07
 14   3.80 4.34 4.62 4.51 4.00 3.42 2.86 2.38 1.94 1.71 1.83 2.40 3.13 3.73 4.14 4.27 3.96 3.48 2.96 2.46 2.06 1.87 2.06 2.56
 15   3.20 3.80 4.20 4.38 4.23 3.80 3.27 2.73 2.26 1.91 1.75 1.95 2.42 3.02 3.57 3.92 4.03 3.82 3.41 2.99 2.58 2.25 2.08 2.23
 16   2.64 3.18 3.67 4.00 4.15 4.03 3.66 3.18 2.70 2.25 1.94 1.82 2.03 2.47 3.03 3.50 3.83 3.98 3.84 3.55 3.20 2.83 2.50 2.22
 17   2.10 2.26 2.66 3.22 3.74 4.05 4.06 3.78 3.31 2.82 2.36 2.02 1.84 1.90 2.26 2.80 3.40 3.89 4.13 4.11 3.78 3.32 2.87 2.41
 18   2.07 1.91 2.06 2.50 3.06 3.58 4.01 4.20 4.03 3.54 2.96 2.45 2.00 1.67 1.55 1.80 2.48 3.27 3.93 4.37 4.52 4.30 3.80 3.20
 19   2.63 2.17 1.80 1.66 2.22 2.99 3.68 4.21 4.40 4.15 3.58 3.02 2.48 2.02 1.64 1.45 1.72 2.65 3.57 4.27 4.75 4.88 4.44 3.75
 20   3.11 2.51 2.00 1.64 1.54 2.25 3.13 3.96 4.52 4.70 4.30 3.64 3.01 2.42 1.92 1.50 1.23 1.49 2.70 3.83 4.72 5.18 5.13 4.53
 21   3.74 3.03 2.38 1.86 1.46 1.36 2.29 3.32 4.20 4.71 4.82 4.30 3.55 2.88 2.25 1.68 1.18 0.96 1.78 3.23 4.49 5.27 5.50 5.11
 22   4.25 3.48 2.70 2.03 1.48 1.13 1.14 2.47 3.60 4.52 4.90 4.81 4.08 3.32 2.61 1.93 1.40 0.96 0.81 2.18 3.62 4.87 5.55 5.60
 23   5.00 4.08 3.24 2.45 1.81 1.28 0.95 1.14 2.78 3.98 4.83 5.16 4.91 4.10 3.26 2.46 1.75 1.19 0.81 0.89 2.76 4.19 5.33 5.79
 24   5.59 4.71 3.82 2.98 2.23 1.63 1.12 0.93 1.65 3.00 4.26 5.03 5.25 4.76 3.90 3.04 2.27 1.63 1.06 0.77 1.52 3.16 4.62 5.54
 25   5.82 5.42 4.52 3.64 2.82 2.11 1.52 1.06 0.92 1.94 3.34 4.50 5.06 5.17 4.50 3.62 2.87 2.16 1.58 1.08 0.89 2.00 3.50 4.74
 26   5.49 5.62 5.12 4.21 3.41 2.64 2.00 1.46 1.12 1.07 2.38 3.58 4.56 5.00 5.02 4.27 3.46 2.73 2.10 1.59 1.26 1.14 2.53 3.78
 27   4.75 5.32 5.38 4.78 3.98 3.24 2.55 1.98 1.54 1.28 1.53 2.74 3.80 4.53 4.87 4.76 4.06 3.30 2.63 2.07 1.62 1.38 1.78 2.80
 28   3.87 4.68 5.10 5.12 4.50 3.74 3.06 2.42 1.93 1.52 1.35 1.74 2.60 3.52 4.26 4.60 4.50 3.92 3.24 2.64 2.13 1.76 1.66 2.16
 29   3.00 3.80 4.45 4.81 4.75 4.19 3.54 2.92 2.33 1.91 1.62 1.60 2.06 2.84 3.56 4.13 4.43 4.38 3.92 3.30 2.77 2.26 1.90 1.76
 30   2.00 2.60 3.39 3.98 4.35 4.43 4.06 3.50 2.90 2.38 1.94 1.65 1.60 1.96 2.61 3.30 3.90 4.28 4.31 3.96 3.45 2.94 2.42 2.04
 31   1.85 2.00 2.55 3.24 3.81 4.15 4.18 3.83 3.33 2.83 2.36 1.97 1.72 1.67 1.95 2.54 3.22 3.83 4.28 4.45 4.23 3.76 3.19 2.66
 ----------------------------------------------------------------------------------------------------------------------------
                                                                                               
 ----------------------------------------------------------------------------------------------------------------------------
 ----------------------------------------------------------------------------------------------------------------------------
