                                                          SURVEY OF INDIA
                                                    MARINE GEODESY WING (G&RB)
                                                     HOURLY HEIGHTS IN METRES
  NAME OF PORT:- HALDIA                                                                             MONTH JANUARY   YEAR 2021
 ----------------------------------------------------------------------------------------------------------------------------
 DAYS 0000 0001 0002 0003 0004 0005 0006 0007 0008 0009 0010 0011 0012 0013 0014 0015 0016 0017 0018 0019 0020 0021 0022 0023
 ----------------------------------------------------------------------------------------------------------------------------
  1   5.42 4.90 4.09 3.38 2.66 2.07 1.59 1.33 1.67 2.83 3.80 4.51 4.94 4.74 3.95 3.28 2.68 2.08 1.60 1.28 1.39 2.90 3.96 5.00
  2   5.41 5.30 4.59 3.81 3.12 2.49 1.93 1.54 1.39 2.10 3.20 4.13 4.74 4.96 4.60 3.80 3.12 2.48 1.94 1.49 1.32 1.97 3.30 4.35
  3   5.12 5.34 5.04 4.25 3.55 2.87 2.29 1.78 1.46 1.45 2.55 3.46 4.31 4.77 4.81 4.18 3.46 2.81 2.25 1.69 1.35 1.50 2.80 3.73
  4   4.66 5.17 5.23 4.59 3.85 3.18 2.57 2.05 1.66 1.56 1.98 2.79 3.64 4.40 4.81 4.72 4.07 3.45 2.81 2.27 1.83 1.60 1.90 2.99
  5   3.84 4.57 5.01 5.00 4.43 3.74 3.11 2.53 2.06 1.69 1.65 2.20 3.00 3.74 4.39 4.69 4.56 3.97 3.38 2.80 2.33 1.97 1.87 2.26
  6   3.09 3.87 4.52 4.88 4.80 4.22 3.59 2.99 2.44 2.01 1.72 1.80 2.40 3.09 3.81 4.39 4.67 4.53 3.96 3.39 2.87 2.41 2.10 2.05
  7   2.46 3.17 3.87 4.43 4.71 4.62 4.08 3.48 2.94 2.42 2.02 1.78 1.75 2.25 2.98 3.67 4.24 4.57 4.61 4.22 3.67 3.19 2.69 2.29
  8   2.04 2.14 2.80 3.46 4.07 4.45 4.56 4.20 3.61 3.05 2.52 2.15 1.85 1.71 2.01 2.76 3.47 4.15 4.59 4.76 4.52 3.95 3.39 2.85
  9   2.40 2.06 1.99 2.40 3.12 3.78 4.28 4.51 4.34 3.77 3.20 2.73 2.26 1.91 1.66 1.71 2.50 3.30 4.15 4.75 5.05 4.86 4.21 3.60
 10   2.98 2.46 2.03 1.79 2.02 2.94 3.65 4.30 4.60 4.53 4.00 3.43 2.76 2.05 1.65 1.55 1.93 2.59 3.51 4.49 5.10 5.28 4.91 4.15
 11   3.46 2.81 2.25 1.82 1.75 2.08 3.01 4.00 4.63 4.85 4.64 4.12 3.44 2.82 2.26 1.67 1.38 1.52 2.30 3.60 4.80 5.43 5.53 5.05
 12   4.23 3.49 2.75 2.10 1.57 1.34 1.65 2.99 3.94 4.67 4.96 4.71 4.07 3.38 2.70 2.09 1.62 1.27 1.30 2.62 4.00 5.20 5.72 5.65
 13   4.90 4.04 3.29 2.52 1.89 1.40 1.22 1.85 3.10 4.21 4.93 5.10 4.76 3.98 3.25 2.55 1.93 1.44 1.17 1.35 2.97 4.30 5.40 5.79
 14   5.55 4.70 3.88 3.07 2.31 1.71 1.31 1.35 2.10 3.36 4.39 4.99 5.15 4.92 4.37 3.38 2.49 1.88 1.40 1.28 1.90 3.40 4.70 5.51
 15   5.74 5.29 4.39 3.60 2.81 2.14 1.61 1.27 1.39 2.74 3.81 4.69 5.16 5.06 4.30 3.50 2.81 2.18 1.69 1.35 1.40 2.60 3.89 5.00
 16   5.60 5.59 4.88 4.00 3.27 2.55 1.96 1.49 1.30 1.76 2.95 4.05 4.82 5.09 4.74 4.00 3.29 2.62 2.07 1.61 1.40 1.87 3.16 4.25
 17   5.04 5.32 5.06 4.30 3.52 2.81 2.25 1.73 1.41 1.42 2.25 3.26 4.22 4.77 4.89 4.30 3.53 2.89 2.30 1.85 1.50 1.52 2.70 3.60
 18   4.46 4.95 5.05 4.55 3.77 3.10 2.50 2.00 1.62 1.45 1.73 2.76 3.68 4.35 4.69 4.57 3.87 3.26 2.69 2.17 1.69 1.59 2.16 3.10
 19   3.89 4.52 4.88 4.78 4.18 3.51 2.91 2.37 1.95 1.65 1.66 2.52 3.32 4.02 4.50 4.60 4.25 3.60 3.05 2.51 2.09 1.85 2.00 2.90
 20   3.58 4.20 4.57 4.69 4.32 3.71 3.18 2.63 2.18 1.87 1.78 2.25 2.98 3.63 4.15 4.42 4.35 3.90 3.37 2.86 2.40 2.05 2.01 2.55
 21   3.14 3.67 4.09 4.32 4.21 3.75 3.24 2.76 2.28 1.95 1.81 1.95 2.59 3.16 3.73 4.10 4.25 4.08 3.69 3.30 2.92 2.59 2.40 2.40
 22   2.72 3.08 3.50 3.88 4.12 4.11 3.78 3.34 2.90 2.47 2.16 2.02 2.21 2.67 3.16 3.66 4.01 4.18 4.10 3.81 3.47 3.14 2.83 2.59
 23   2.48 2.61 2.89 3.25 3.63 3.91 3.97 3.76 3.37 2.97 2.58 2.27 2.11 2.14 2.51 2.96 3.42 3.86 4.19 4.30 4.15 3.79 3.40 3.00
 24   2.62 2.37 2.27 2.44 2.89 3.35 3.74 3.98 3.97 3.66 3.26 2.83 2.42 2.10 1.97 2.17 2.73 3.35 3.93 4.35 4.54 4.39 3.92 3.45
 25   2.95 2.52 2.21 2.12 2.36 2.90 3.43 3.92 4.18 4.15 3.81 3.39 2.91 2.44 2.06 1.81 1.82 2.43 3.13 3.86 4.42 4.73 4.62 4.09
 26   3.48 2.92 2.43 2.05 1.79 1.89 2.69 3.34 3.91 4.26 4.27 3.84 3.28 2.75 2.28 1.87 1.58 1.59 2.46 3.30 4.17 4.75 4.97 4.67
 27   3.97 3.35 2.75 2.24 1.85 1.62 1.80 2.80 3.53 4.18 4.52 4.40 3.78 3.15 2.56 2.03 1.61 1.36 1.65 2.86 3.95 4.80 5.22 5.08
 28   4.39 3.66 2.97 2.35 1.81 1.45 1.40 2.10 3.16 4.02 4.58 4.82 4.42 3.66 3.04 2.38 1.80 1.35 1.17 1.72 3.25 4.48 5.31 5.51
 29   5.10 4.27 3.50 2.76 2.10 1.58 1.26 1.31 2.63 3.70 4.63 5.05 5.04 4.40 3.58 2.86 2.16 1.60 1.20 1.15 2.20 3.64 4.90 5.56
 30   5.65 5.00 4.12 3.33 2.55 1.89 1.37 1.07 1.40 2.87 4.03 4.86 5.16 4.88 4.10 3.32 2.57 1.93 1.40 1.05 1.16 2.96 4.26 5.34
 31   5.70 5.42 4.55 3.72 2.94 2.16 1.57 1.10 0.96 1.72 3.32 4.45 5.15 5.25 4.65 3.75 2.98 2.27 1.65 1.10 1.00 2.08 3.62 4.86
 ----------------------------------------------------------------------------------------------------------------------------
                                                                                              
 ----------------------------------------------------------------------------------------------------------------------------
 ----------------------------------------------------------------------------------------------------------------------------
                                                          SURVEY OF INDIA
                                                    MARINE GEODESY WING (G&RB)
                                                     HOURLY HEIGHTS IN METRES
  NAME OF PORT:- HALDIA                                                                             MONTH FEBRUARY  YEAR 2021
 ----------------------------------------------------------------------------------------------------------------------------
 DAYS 0000 0001 0002 0003 0004 0005 0006 0007 0008 0009 0010 0011 0012 0013 0014 0015 0016 0017 0018 0019 0020 0021 0022 0023
 ----------------------------------------------------------------------------------------------------------------------------
  1   5.55 5.60 4.92 4.05 3.27 2.50 1.82 1.31 0.99 1.08 2.38 3.74 4.79 5.27 5.15 4.35 3.50 2.80 2.13 1.56 1.18 1.14 2.40 3.71
  2   4.57 5.33 5.45 4.99 4.16 3.14 2.45 1.77 1.23 1.03 1.50 2.70 4.03 4.91 5.21 4.90 4.06 3.34 2.69 2.09 1.61 1.32 1.50 2.96
  3   4.00 4.81 5.19 5.06 4.27 3.54 2.87 2.26 1.70 1.30 1.21 2.00 3.20 4.22 4.85 5.00 4.56 3.77 3.16 2.55 2.00 1.60 1.59 2.20
  4   3.22 4.07 4.69 4.93 4.61 3.88 3.23 2.60 2.09 1.67 1.38 1.52 2.59 3.46 4.22 4.70 4.75 4.31 3.62 3.03 2.47 2.06 1.77 1.78
  5   2.73 3.44 4.11 4.53 4.66 4.22 3.58 3.01 2.46 2.03 1.70 1.59 1.94 2.78 3.51 4.16 4.57 4.67 4.29 3.69 3.17 2.64 2.27 2.01
  6   2.06 2.71 3.27 3.83 4.24 4.38 4.09 3.56 3.05 2.53 2.11 1.82 1.75 2.03 2.72 3.32 3.94 4.35 4.55 4.38 3.91 3.43 2.91 2.49
  7   2.17 2.04 2.21 2.71 3.22 3.70 4.03 4.11 3.83 3.36 2.87 2.41 2.04 1.78 1.80 2.30 2.91 3.61 4.21 4.61 4.65 4.24 3.67 3.17
  8   2.64 2.24 1.95 1.92 2.42 3.00 3.56 4.02 4.20 4.07 3.65 3.18 2.66 2.21 1.85 1.61 1.75 2.60 3.33 4.08 4.66 4.91 4.70 4.06
  9   3.42 2.83 2.32 1.90 1.65 1.76 2.69 3.41 4.05 4.43 4.48 3.98 3.32 2.78 2.25 1.81 1.48 1.48 2.40 3.39 4.36 5.00 5.21 4.85
 10   4.08 3.40 2.73 2.19 1.72 1.49 1.72 2.86 3.72 4.45 4.81 4.67 4.02 3.37 2.75 2.18 1.72 1.35 1.36 2.61 3.80 4.86 5.42 5.45
 11   4.79 3.98 3.23 2.51 1.90 1.43 1.25 1.86 3.13 4.18 4.85 5.02 4.68 3.94 3.24 2.53 1.94 1.45 1.17 1.56 3.18 4.40 5.36 5.63
 12   5.28 4.40 3.57 2.79 2.05 1.49 1.12 1.11 2.20 3.58 4.57 5.05 5.08 4.47 3.66 2.92 2.23 1.60 1.15 1.06 2.06 3.62 4.91 5.55
 13   5.60 4.93 4.00 3.22 2.37 1.73 1.23 0.97 1.48 2.80 4.10 4.94 5.22 4.91 4.07 3.32 2.64 1.96 1.41 1.07 1.16 2.90 4.16 5.27
 14   5.62 5.34 4.47 3.60 2.79 2.06 1.48 1.07 1.00 2.10 3.50 4.58 5.16 5.19 4.50 3.66 2.91 2.24 1.64 1.15 1.07 2.30 3.67 4.85
 15   5.40 5.43 4.74 3.87 3.07 2.34 1.72 1.25 1.03 1.43 2.75 3.92 4.80 5.12 4.88 4.05 3.30 2.62 2.00 1.53 1.22 1.44 2.91 3.97
 16   4.88 5.23 5.05 4.25 3.52 2.75 2.12 1.59 1.23 1.20 2.29 3.40 4.40 4.92 5.01 4.43 3.64 2.96 2.34 1.80 1.35 1.25 2.43 3.48
 17   4.40 4.93 5.00 4.41 3.61 2.94 2.33 1.80 1.38 1.21 1.93 2.93 3.82 4.45 4.73 4.47 3.83 3.20 2.55 2.04 1.65 1.40 1.80 2.98
 18   3.82 4.45 4.76 4.57 3.87 3.20 2.57 2.04 1.60 1.33 1.48 2.56 3.48 4.18 4.61 4.63 4.07 3.41 2.85 2.34 1.92 1.63 1.65 2.69
 19   3.40 4.07 4.46 4.50 4.00 3.37 2.81 2.27 1.85 1.65 1.75 2.25 3.00 3.69 4.17 4.42 4.23 3.70 3.20 2.68 2.24 1.94 1.96 2.46
 20   3.01 3.58 3.97 4.17 4.00 3.57 3.08 2.58 2.14 1.82 1.69 2.00 2.64 3.21 3.71 4.05 4.15 3.94 3.51 3.09 2.69 2.37 2.23 2.38
 21   2.77 3.11 3.43 3.67 3.75 3.60 3.27 2.89 2.53 2.22 2.00 2.03 2.37 2.75 3.19 3.60 3.85 3.95 3.83 3.54 3.26 2.95 2.69 2.49
 22   2.45 2.52 2.72 2.97 3.27 3.49 3.60 3.55 3.28 2.92 2.60 2.36 2.16 2.13 2.42 2.80 3.26 3.69 4.04 4.22 4.13 3.82 3.43 3.03
 23   2.62 2.29 2.11 2.15 2.51 3.00 3.49 3.83 3.92 3.75 3.36 2.92 2.54 2.19 1.92 1.86 2.20 2.79 3.48 4.11 4.53 4.62 4.27 3.72
 24   3.20 2.68 2.23 1.90 1.77 2.20 2.90 3.55 4.03 4.28 4.11 3.61 3.04 2.57 2.13 1.75 1.51 1.86 2.83 3.65 4.40 4.82 4.81 4.30
 25   3.65 3.05 2.47 1.92 1.56 1.47 2.20 3.14 3.92 4.42 4.52 4.15 3.55 3.04 2.49 1.96 1.45 1.29 1.77 3.07 4.13 4.91 5.25 5.05
 26   4.25 3.50 2.81 2.19 1.63 1.28 1.30 2.36 3.47 4.34 4.89 5.00 4.40 3.60 2.90 2.21 1.56 1.05 0.94 1.80 3.50 4.80 5.52 5.61
 27   5.00 4.10 3.30 2.50 1.76 1.18 0.82 1.01 2.88 4.10 5.05 5.40 5.08 4.27 3.40 2.59 1.84 1.24 0.80 0.87 3.00 4.38 5.59 5.94
 28   5.60 4.60 3.70 2.79 2.00 1.32 0.76 0.63 1.85 3.64 4.80 5.62 5.65 4.87 3.89 3.03 2.20 1.35 0.74 0.62 1.66 3.77 5.18 5.95
 ----------------------------------------------------------------------------------------------------------------------------
                                                                                               
 ----------------------------------------------------------------------------------------------------------------------------
 ----------------------------------------------------------------------------------------------------------------------------
                                                          SURVEY OF INDIA
                                                    MARINE GEODESY WING (G&RB)
                                                     HOURLY HEIGHTS IN METRES
  NAME OF PORT:- HALDIA                                                                             MONTH MARCH     YEAR 2021
 ----------------------------------------------------------------------------------------------------------------------------
 DAYS 0000 0001 0002 0003 0004 0005 0006 0007 0008 0009 0010 0011 0012 0013 0014 0015 0016 0017 0018 0019 0020 0021 0022 0023
 ----------------------------------------------------------------------------------------------------------------------------
  1   5.91 5.18 4.25 3.35 2.46 1.67 1.08 0.68 0.70 2.70 4.10 5.39 5.80 5.50 4.70 3.80 3.00 2.10 1.42 0.80 0.59 1.70 4.10 5.24
  2   5.95 5.80 5.10 4.01 3.09 2.19 1.48 0.90 0.51 0.86 3.28 4.70 5.65 5.88 5.30 4.30 3.43 2.57 1.81 1.20 0.73 0.94 3.20 4.51
  3   5.54 5.77 5.30 4.30 3.40 2.55 1.81 1.16 0.72 0.65 2.05 3.50 4.82 5.55 5.57 4.82 3.87 3.09 2.34 1.68 1.16 0.96 1.80 3.40
  4   4.57 5.29 5.41 4.80 3.87 3.06 2.35 1.71 1.19 0.90 1.25 2.71 3.80 4.81 5.25 5.19 4.45 3.65 2.95 2.30 1.77 1.39 1.37 2.70
  5   3.68 4.55 4.96 4.90 4.31 3.57 2.89 2.27 1.77 1.40 1.40 2.10 3.10 4.02 4.70 5.05 5.10 4.65 3.86 2.95 2.24 1.81 1.69 2.17
  6   3.11 3.88 4.41 4.67 4.45 3.87 3.30 2.69 2.18 1.72 1.51 1.57 2.45 3.19 3.86 4.37 4.60 4.41 3.90 3.35 2.83 2.34 1.99 1.86
  7   2.20 2.85 3.45 3.89 4.11 4.01 3.62 3.20 2.70 2.28 1.96 1.75 1.90 2.46 3.01 3.57 4.00 4.32 4.30 3.97 3.53 3.07 2.65 2.34
  8   2.16 2.20 2.55 2.97 3.41 3.75 3.90 3.79 3.49 3.09 2.70 2.31 2.06 1.93 2.03 2.50 3.04 3.66 4.11 4.45 4.49 4.09 3.59 3.13
  9   2.67 2.30 2.05 2.02 2.49 3.06 3.65 4.04 4.20 4.09 3.74 3.27 2.80 2.34 1.96 1.67 1.81 2.69 3.46 4.14 4.61 4.75 4.49 3.85
 10   3.24 2.65 2.14 1.74 1.58 2.03 2.98 3.75 4.31 4.57 4.43 4.00 3.41 2.80 2.21 1.73 1.39 1.40 2.63 3.64 4.44 4.89 4.99 4.48
 11   3.70 2.97 2.36 1.70 1.24 1.20 2.13 3.28 4.20 4.71 4.86 4.57 3.75 3.07 2.43 1.84 1.32 1.02 1.43 3.06 4.23 5.17 5.43 5.07
 12   4.20 3.39 2.62 1.95 1.35 0.94 0.90 2.53 3.80 4.71 5.12 5.09 4.35 3.54 2.77 2.08 1.36 1.00 1.34 2.28 3.74 4.96 5.54 5.47
 13   4.66 3.76 2.94 2.17 1.50 0.98 0.74 1.23 3.10 4.30 5.12 5.41 4.98 4.10 3.30 2.46 1.75 1.15 0.68 0.66 2.46 4.00 5.15 5.59
 14   5.34 4.41 3.53 2.70 1.93 1.36 0.91 0.79 1.92 3.43 4.60 5.26 5.38 4.80 3.86 3.07 2.30 1.67 1.19 0.93 1.45 3.26 4.49 5.37
 15   5.55 4.98 4.00 3.19 2.39 1.73 1.17 0.84 1.22 2.83 4.06 5.04 5.41 5.17 4.25 3.41 2.60 1.90 1.23 0.90 1.12 2.80 4.00 5.02
 16   5.40 5.21 4.32 3.49 2.70 1.97 1.40 0.97 0.94 2.20 3.56 4.66 5.29 5.33 4.68 3.80 3.03 2.30 1.65 1.15 1.03 2.00 3.37 4.48
 17   5.12 5.21 4.63 3.77 3.00 2.30 1.70 1.15 0.96 1.65 3.15 4.13 4.98 5.25 5.00 4.19 3.41 2.69 2.06 1.55 1.20 1.44 2.91 3.90
 18   4.75 5.08 4.86 4.07 3.33 2.62 2.01 1.50 1.17 1.25 2.66 3.64 4.50 4.99 5.02 4.38 3.61 2.96 2.35 1.85 1.47 1.43 2.52 3.41
 19   4.24 4.69 4.75 4.20 3.47 2.83 2.24 1.70 1.30 1.27 2.12 3.12 3.94 4.56 4.80 4.57 3.91 3.28 2.65 2.13 1.74 1.55 2.00 2.97
 20   3.72 4.31 4.55 4.31 3.65 3.07 2.50 1.99 1.62 1.44 1.77 2.75 3.56 4.17 4.55 4.56 4.10 3.48 2.96 2.43 2.03 1.80 1.90 2.71
 21   3.38 3.95 4.24 4.26 3.78 3.25 2.75 2.25 1.90 1.68 1.85 2.50 3.14 3.73 4.15 4.33 4.12 3.68 3.24 2.76 2.37 2.12 2.11 2.53
 22   2.99 3.45 3.80 3.94 3.81 3.43 3.00 2.59 2.20 1.97 1.93 2.28 2.71 3.19 3.64 3.95 4.08 3.99 3.67 3.32 2.99 2.67 2.46 2.40
 23   2.52 2.78 3.05 3.33 3.52 3.60 3.52 3.30 3.02 2.75 2.45 2.23 2.18 2.39 2.73 3.14 3.55 3.87 4.03 4.02 3.78 3.44 3.10 2.76
 24   2.49 2.28 2.22 2.47 2.82 3.22 3.61 3.82 3.82 3.52 3.11 2.73 2.39 2.10 1.87 1.95 2.50 3.13 3.73 4.21 4.48 4.36 3.93 3.41
 25   2.89 2.39 2.02 1.78 1.80 2.50 3.14 3.76 4.15 4.26 3.91 3.43 2.88 2.39 1.90 1.56 1.51 2.34 3.24 4.02 4.65 4.90 4.71 4.06
 26   3.43 2.80 2.25 1.78 1.46 1.41 2.50 3.46 4.25 4.70 4.73 4.16 3.48 2.86 2.24 1.74 1.36 1.30 2.46 3.60 4.70 5.25 5.34 4.77
 27   3.95 3.19 2.48 1.85 1.30 1.00 1.33 3.00 4.15 5.08 5.33 5.00 4.22 3.50 2.70 2.03 1.44 0.93 1.13 3.00 4.22 5.28 5.69 5.50
 28   4.62 3.70 2.77 2.07 1.40 0.91 0.75 1.74 3.60 4.80 5.60 5.64 4.99 4.18 3.33 2.50 1.70 1.12 0.74 1.20 3.14 4.68 5.78 6.00
 29   5.25 4.15 3.12 2.36 1.66 1.03 0.65 0.63 2.16 4.26 5.57 6.16 5.76 4.85 3.86 2.90 2.02 1.18 0.58 0.59 2.65 4.43 5.95 6.55
 30   5.99 4.86 3.85 2.87 1.97 1.30 0.75 0.44 0.83 3.74 5.38 6.34 6.34 5.54 4.44 3.46 2.44 1.63 0.96 0.59 1.02 3.80 5.34 6.25
 31   6.27 5.32 4.24 3.21 2.24 1.45 0.84 0.43 0.42 2.44 4.50 5.76 6.40 6.11 5.00 4.00 3.07 2.16 1.38 0.76 0.62 2.30 4.06 5.38
 ----------------------------------------------------------------------------------------------------------------------------
                                                                                               
 ----------------------------------------------------------------------------------------------------------------------------
 ----------------------------------------------------------------------------------------------------------------------------
                                                          SURVEY OF INDIA
                                                    MARINE GEODESY WING (G&RB)
                                                     HOURLY HEIGHTS IN METRES
  NAME OF PORT:- HALDIA                                                                             MONTH APRIL     YEAR 2021
 ----------------------------------------------------------------------------------------------------------------------------
 DAYS 0000 0001 0002 0003 0004 0005 0006 0007 0008 0009 0010 0011 0012 0013 0014 0015 0016 0017 0018 0019 0020 0021 0022 0023
 ----------------------------------------------------------------------------------------------------------------------------
  1   5.91 5.67 4.68 3.80 2.82 1.97 1.17 0.65 0.43 1.03 3.33 4.75 5.78 5.99 5.42 4.53 3.67 2.79 2.04 1.39 0.97 1.00 3.00 4.26
  2   5.31 5.61 5.25 4.30 3.47 2.67 1.97 1.24 0.72 0.62 2.17 3.52 4.65 5.38 5.53 4.97 4.11 3.40 2.68 2.05 1.52 1.23 1.55 3.03
  3   4.03 4.81 5.04 4.71 3.89 3.20 2.51 1.94 1.49 1.25 1.45 2.63 3.60 4.47 4.97 5.08 4.54 3.83 3.19 2.54 2.02 1.59 1.59 2.51
  4   3.32 4.00 4.46 4.59 4.21 3.58 3.01 2.41 1.90 1.62 1.69 2.20 2.97 3.67 4.28 4.63 4.64 4.25 3.72 3.20 2.69 2.28 1.95 1.89
  5   2.37 3.07 3.63 3.94 4.05 3.94 3.61 3.27 2.91 2.55 2.27 2.14 2.24 2.65 3.27 3.88 4.31 4.53 4.37 3.92 3.45 2.98 2.56 2.17
  6   2.14 2.34 2.77 3.19 3.57 3.84 3.93 3.80 3.53 3.21 2.84 2.55 2.30 2.21 2.40 2.87 3.47 3.97 4.38 4.55 4.38 3.98 3.55 3.08
  7   2.62 2.26 2.05 2.10 2.70 3.31 3.83 4.23 4.39 4.24 3.89 3.37 2.93 2.49 2.12 1.91 2.21 3.12 3.94 4.56 4.87 4.86 4.40 3.79
  8   3.18 2.64 2.20 1.89 1.87 2.70 3.57 4.29 4.75 4.88 4.64 4.10 3.46 2.88 2.31 1.88 1.67 2.14 3.32 4.25 4.92 5.19 5.00 4.19
  9   3.52 2.90 2.37 1.87 1.50 1.66 2.92 3.86 4.65 5.01 5.02 4.49 3.74 3.13 2.51 1.89 1.45 1.64 2.56 3.56 4.67 5.23 5.35 4.80
 10   3.94 3.20 2.51 1.85 1.34 1.19 1.90 3.36 4.34 5.00 5.26 5.10 4.28 3.55 2.88 2.23 1.67 1.26 1.26 2.86 4.00 5.08 5.63 5.63
 11   4.66 3.72 2.95 2.22 1.60 1.15 1.12 2.21 3.63 4.75 5.38 5.48 4.85 3.97 3.18 2.43 1.79 1.30 1.19 2.15 3.56 4.70 5.30 5.40
 12   4.76 3.90 3.15 2.39 1.74 1.24 0.99 1.62 3.14 4.28 5.26 5.52 5.21 4.44 3.64 2.85 2.15 1.60 1.19 1.21 2.74 3.96 5.06 5.49
 13   5.37 4.55 3.66 2.85 2.07 1.47 1.00 0.99 2.63 3.84 5.02 5.61 5.55 4.86 3.96 3.17 2.43 1.85 1.34 1.31 2.21 3.57 4.65 5.38
 14   5.53 4.88 3.99 3.20 2.38 1.68 1.12 0.99 2.20 3.64 4.85 5.61 5.72 5.22 4.40 3.57 2.76 2.09 1.44 1.19 1.70 3.20 4.37 5.29
 15   5.53 5.19 4.28 3.48 2.66 1.97 1.32 0.97 1.40 3.11 4.40 5.40 5.67 5.46 4.69 3.86 3.09 2.37 1.83 1.45 1.52 2.83 3.90 4.81
 16   5.27 5.21 4.46 3.66 2.92 2.25 1.65 1.23 1.19 2.35 3.61 4.70 5.34 5.47 4.97 4.15 3.42 2.75 2.17 1.70 1.54 2.19 3.40 4.31
 17   4.96 5.14 4.73 4.00 3.30 2.64 2.05 1.58 1.38 2.03 3.16 4.08 4.82 5.16 5.10 4.62 3.88 3.20 2.59 2.14 1.86 1.99 2.90 3.64
 18   4.35 4.65 4.63 4.23 3.58 3.04 2.51 2.05 1.80 1.96 2.86 3.73 4.44 4.81 4.91 4.51 3.90 3.35 2.83 2.41 2.13 2.12 2.64 3.26
 19   4.03 4.42 4.48 4.19 3.74 3.21 2.70 2.25 1.93 1.90 2.40 3.22 3.86 4.32 4.60 4.57 4.13 3.65 3.19 2.74 2.40 2.24 2.49 3.02
 20   3.60 4.00 4.19 4.16 3.80 3.36 2.94 2.56 2.24 2.15 2.31 2.73 3.27 3.75 4.07 4.30 4.33 4.15 3.79 3.33 2.80 2.49 2.40 2.55
 21   2.82 3.17 3.53 3.83 3.96 3.87 3.65 3.34 3.04 2.75 2.54 2.45 2.60 2.91 3.28 3.68 4.07 4.31 4.37 4.17 3.86 3.49 3.11 2.70
 22   2.40 2.21 2.30 2.72 3.16 3.62 3.96 4.15 4.07 3.74 3.38 3.00 2.59 2.20 1.97 2.16 3.07 3.76 4.29 4.53 4.45 4.00 3.53 3.06
 23   2.56 2.17 1.90 1.93 2.30 3.10 3.78 4.29 4.52 4.33 3.84 3.33 2.80 2.30 1.88 1.74 2.13 3.06 3.85 4.50 4.89 4.90 4.38 3.74
 24   3.14 2.54 2.00 1.60 1.52 2.26 3.25 4.20 4.85 5.05 4.77 4.19 3.47 2.87 2.30 1.82 1.60 1.82 3.17 4.17 5.00 5.30 5.15 4.41
 25   3.63 2.94 2.30 1.72 1.28 1.21 2.46 3.82 5.06 5.55 5.58 4.94 4.01 3.24 2.46 1.82 1.30 1.25 2.44 3.86 5.07 5.62 5.63 4.94
 26   4.07 3.27 2.43 1.75 1.15 0.70 0.90 3.08 4.62 5.80 6.18 5.75 4.72 3.90 3.00 2.18 1.50 0.99 0.92 2.97 4.50 5.72 6.10 5.71
 27   4.78 3.87 2.93 2.09 1.35 0.86 0.75 1.95 4.03 5.47 6.38 6.43 5.67 4.60 3.66 2.63 1.84 1.18 0.76 1.20 3.60 5.10 6.04 6.24
 28   5.60 4.50 3.54 2.56 1.75 1.06 0.50 0.45 2.97 4.84 6.10 6.60 6.24 5.27 4.25 3.25 2.28 1.54 0.90 0.77 1.90 3.86 5.41 6.11
 29   6.02 5.04 4.06 3.15 2.23 1.45 0.80 0.49 1.10 3.70 5.29 6.23 6.47 5.90 4.84 3.90 2.86 2.06 1.35 0.88 0.79 2.79 4.25 5.50
 30   5.90 5.47 4.50 3.65 2.76 1.97 1.32 0.85 0.75 2.60 4.22 5.34 6.05 6.08 5.32 4.45 3.57 2.70 2.00 1.38 1.00 1.28 3.07 4.21
 ----------------------------------------------------------------------------------------------------------------------------
                                                                                               
 ----------------------------------------------------------------------------------------------------------------------------
 ----------------------------------------------------------------------------------------------------------------------------
                                                          SURVEY OF INDIA
                                                    MARINE GEODESY WING (G&RB)
                                                     HOURLY HEIGHTS IN METRES
  NAME OF PORT:- HALDIA                                                                             MONTH MAY       YEAR 2021
 ----------------------------------------------------------------------------------------------------------------------------
 DAYS 0000 0001 0002 0003 0004 0005 0006 0007 0008 0009 0010 0011 0012 0013 0014 0015 0016 0017 0018 0019 0020 0021 0022 0023
 ----------------------------------------------------------------------------------------------------------------------------
  1   4.96 5.09 4.75 3.98 3.30 2.60 2.00 1.52 1.23 1.48 2.91 3.97 5.00 5.51 5.55 4.92 4.07 3.36 2.72 2.10 1.63 1.41 2.01 3.30
  2   4.22 4.84 5.00 4.55 3.81 3.18 2.54 2.00 1.63 1.56 2.16 3.27 4.10 4.81 5.18 5.10 4.47 3.82 3.10 2.47 2.02 1.63 1.52 1.80
  3   2.30 3.00 3.53 3.96 4.21 4.19 3.77 3.35 2.95 2.59 2.26 2.06 2.12 2.79 3.53 4.03 4.42 4.55 4.31 3.84 3.36 2.91 2.51 2.19
  4   2.30 3.00 3.53 3.96 4.21 4.19 3.77 3.35 2.95 2.59 2.26 2.06 2.12 2.79 3.53 4.03 4.42 4.55 4.31 3.84 3.36 2.91 2.51 2.19
  5   2.10 2.31 2.78 3.24 3.67 3.98 4.09 3.93 3.65 3.32 2.94 2.60 2.35 2.28 2.60 3.20 3.81 4.30 4.60 4.53 4.15 3.59 3.10 2.60
  6   2.20 1.90 1.96 2.53 3.06 3.60 3.96 4.21 4.20 3.96 3.60 3.18 2.72 2.34 2.06 2.10 2.76 3.43 4.10 4.55 4.77 4.49 3.88 3.29
  7   2.70 2.26 1.89 1.75 2.10 3.02 3.73 4.35 4.67 4.59 4.15 3.53 3.02 2.51 2.09 1.80 1.83 2.83 3.62 4.35 4.79 4.92 4.47 3.77
  8   3.16 2.55 2.00 1.50 1.44 2.05 3.16 4.14 4.77 4.99 4.75 4.09 3.46 2.83 2.26 1.77 1.49 1.78 3.10 3.98 4.60 5.02 4.90 4.22
  9   3.50 2.91 2.27 1.76 1.38 1.37 2.54 3.64 4.64 5.11 5.15 4.64 3.84 3.18 2.52 1.96 1.51 1.41 2.26 3.50 4.44 4.96 5.08 4.57
 10   3.76 3.05 2.40 1.85 1.40 1.28 1.85 3.17 4.27 5.00 5.35 5.13 4.38 3.64 2.93 2.28 1.65 1.30 1.53 3.08 4.05 4.91 5.23 5.08
 11   4.30 3.53 2.81 2.17 1.58 1.18 1.23 2.68 3.87 4.91 5.51 5.47 4.81 4.04 3.30 2.57 1.95 1.45 1.33 2.10 3.27 4.51 5.09 5.05
 12   4.50 3.70 3.01 2.36 1.77 1.31 1.25 2.13 3.52 4.53 5.35 5.57 5.18 4.35 3.57 2.80 2.17 1.65 1.29 1.52 2.94 4.05 4.93 5.25
 13   5.00 4.15 3.40 2.71 2.05 1.43 1.13 1.47 2.96 4.32 5.24 5.72 5.56 4.78 3.85 3.13 2.48 1.86 1.38 1.34 2.44 3.52 4.45 4.99
 14   5.06 4.40 3.63 2.94 2.27 1.68 1.23 1.18 2.22 3.56 4.69 5.34 5.50 5.13 4.29 3.50 2.76 2.16 1.69 1.42 1.73 3.08 4.03 4.76
 15   5.00 4.78 3.98 3.28 2.57 2.00 1.53 1.30 1.65 2.77 3.98 4.84 5.27 5.26 4.64 3.90 3.23 2.61 2.10 1.72 1.67 2.46 3.46 4.29
 16   4.78 4.86 4.36 3.59 2.89 2.36 1.88 1.53 1.55 2.35 3.40 4.30 4.92 5.15 5.00 4.30 3.64 3.00 2.45 2.01 1.75 1.98 3.07 3.91
 17   4.52 4.78 4.60 3.92 3.30 2.67 2.16 1.75 1.56 1.98 2.92 3.87 4.53 4.91 4.95 4.53 3.87 3.27 2.71 2.26 1.94 1.90 2.57 3.41
 18   4.07 4.51 4.60 4.20 3.63 3.04 2.51 2.05 1.79 1.81 2.45 3.26 3.98 4.51 4.77 4.70 4.21 3.67 3.15 2.62 2.25 2.05 2.12 2.76
 19   3.41 3.91 4.25 4.24 3.86 3.37 2.91 2.45 2.10 1.94 2.11 2.75 3.38 3.93 4.32 4.52 4.45 4.10 3.67 3.20 2.74 2.33 2.08 2.06
 20   2.60 3.16 3.71 4.06 4.19 4.00 3.63 3.21 2.80 2.45 2.24 2.21 2.48 3.10 3.70 4.14 4.45 4.55 4.28 3.81 3.35 2.85 2.45 2.13
 21   1.98 2.27 2.91 3.47 3.93 4.23 4.25 4.00 3.67 3.27 2.82 2.40 2.07 2.05 2.57 3.32 3.98 4.48 4.69 4.62 4.10 3.55 3.00 2.47
 22   2.07 1.80 1.78 2.49 3.35 4.06 4.56 4.73 4.47 4.01 3.48 2.93 2.40 1.99 1.75 2.10 3.09 3.87 4.53 4.90 4.89 4.27 3.61 3.00
 23   2.44 1.97 1.59 1.56 2.22 3.28 4.25 4.91 5.14 5.00 4.24 3.58 2.90 2.29 1.82 1.52 1.76 3.15 4.15 4.95 5.25 5.08 4.27 3.54
 24   2.83 2.22 1.60 1.22 1.23 2.46 3.77 4.81 5.62 5.79 5.27 4.41 3.64 2.95 2.20 1.60 1.34 1.74 3.22 4.34 5.31 5.64 5.28 4.43
 25   3.43 2.21 1.53 1.37 1.56 2.18 3.20 4.57 5.94 6.61 6.46 5.47 4.42 3.53 2.67 1.97 1.51 1.63 2.95 4.20 5.64 6.44 6.52 5.89
 26   4.85 3.90 3.05 2.29 1.75 1.62 2.24 3.94 5.54 7.14 7.80 7.10 5.84 4.53 3.50 2.50 1.87 1.48 1.61 2.90 4.76 6.38 6.94 6.47
 27   5.22 4.08 3.05 2.19 1.65 1.29 1.37 2.38 4.86 6.36 7.11 6.97 6.18 5.04 4.00 2.97 2.01 1.38 1.23 1.85 3.85 5.24 6.10 6.23
 28   5.56 4.60 3.66 2.70 1.91 1.31 1.00 1.10 3.26 5.56 6.59 6.91 6.50 5.60 4.57 3.58 2.66 1.91 1.26 0.98 1.50 3.67 5.08 5.94
 29   5.98 5.11 4.17 3.26 2.40 1.66 1.12 0.84 1.00 2.90 4.75 5.91 6.34 6.05 5.07 4.18 3.28 2.58 1.92 1.42 1.34 2.10 3.70 4.83
 30   5.46 5.50 4.78 3.96 3.20 2.42 1.79 1.29 1.21 1.90 3.51 4.75 5.54 5.78 5.41 4.61 3.81 3.06 2.42 1.89 1.55 1.68 3.00 4.06
 31   4.84 5.17 5.01 4.31 3.57 2.90 2.33 1.90 1.65 1.70 2.50 3.53 4.43 5.04 5.30 5.12 4.45 3.78 3.17 2.55 2.04 1.72 1.80 2.85
 ----------------------------------------------------------------------------------------------------------------------------
                                                                                               
 ----------------------------------------------------------------------------------------------------------------------------
 ----------------------------------------------------------------------------------------------------------------------------
                                                          SURVEY OF INDIA
                                                    MARINE GEODESY WING (G&RB)
                                                     HOURLY HEIGHTS IN METRES
  NAME OF PORT:- HALDIA                                                                             MONTH JUNE      YEAR 2021
 ----------------------------------------------------------------------------------------------------------------------------
 DAYS 0000 0001 0002 0003 0004 0005 0006 0007 0008 0009 0010 0011 0012 0013 0014 0015 0016 0017 0018 0019 0020 0021 0022 0023
 ----------------------------------------------------------------------------------------------------------------------------
  1   3.74 4.45 4.80 4.81 4.30 3.63 3.04 2.48 2.10 1.89 2.05 2.91 3.70 4.36 4.88 5.01 4.80 4.24 3.69 3.09 2.54 2.10 1.87 2.01
  2   2.72 3.47 4.10 4.40 4.34 3.97 3.49 3.05 2.65 2.36 2.28 2.57 3.12 3.66 4.18 4.63 4.78 4.53 4.13 3.64 3.10 2.60 2.22 2.00
  3   2.21 2.83 3.52 4.06 4.43 4.45 4.10 3.70 3.30 2.95 2.63 2.38 2.36 2.71 3.26 3.83 4.37 4.70 4.70 4.25 3.70 3.21 2.77 2.37
  4   2.11 2.15 2.72 3.34 3.92 4.36 4.54 4.35 4.01 3.62 3.22 2.81 2.44 2.25 2.40 3.04 3.67 4.25 4.62 4.69 4.27 3.75 3.26 2.78
  5   2.40 2.15 2.13 2.60 3.30 3.98 4.44 4.65 4.61 4.30 3.86 3.36 2.82 2.38 2.09 2.10 2.90 3.70 4.30 4.67 4.61 4.17 3.60 3.03
  6   2.60 2.20 1.91 1.92 2.63 3.40 4.12 4.65 4.85 4.71 4.24 3.71 3.16 2.62 2.18 1.90 2.04 3.04 3.80 4.35 4.67 4.60 4.05 3.54
  7   2.94 2.46 2.04 1.66 1.82 2.90 3.82 4.51 5.00 5.17 4.87 4.30 3.64 3.03 2.47 2.00 1.78 2.26 3.31 4.25 4.86 4.99 4.63 3.97
  8   3.41 2.78 2.20 1.68 1.52 2.10 3.36 4.35 4.96 5.31 5.26 4.73 4.02 3.39 2.87 2.34 1.93 1.84 2.54 3.52 4.46 5.04 5.17 4.75
  9   3.98 3.33 2.54 1.96 1.48 1.32 2.20 3.50 4.60 5.28 5.57 5.30 4.57 3.85 3.07 2.43 1.90 1.56 1.77 3.10 4.07 4.90 5.21 5.05
 10   4.27 3.53 2.80 2.18 1.68 1.36 1.59 3.06 4.17 5.12 5.74 5.62 4.96 4.15 3.38 2.70 2.06 1.60 1.50 2.45 3.68 4.60 5.19 5.30
 11   4.75 3.91 3.16 2.50 1.92 1.47 1.40 2.39 3.70 4.73 5.60 5.92 5.46 4.59 3.79 2.95 2.33 1.83 1.58 1.90 3.20 4.25 5.08 5.45
 12   5.24 4.39 3.62 2.86 2.23 1.71 1.41 1.63 3.17 4.35 5.42 6.00 5.86 5.11 4.31 3.51 2.79 2.26 1.81 1.75 2.65 3.78 4.77 5.45
 13   5.57 5.02 4.18 3.37 2.63 2.01 1.54 1.49 2.60 3.87 5.07 5.78 6.00 5.46 4.63 3.81 3.04 2.44 1.98 1.86 2.49 3.58 4.63 5.37
 14   5.62 5.26 4.42 3.69 2.92 2.32 1.85 1.65 1.91 3.17 4.37 5.46 5.98 5.91 5.17 4.35 3.55 2.97 2.44 2.07 2.00 2.76 3.72 4.68
 15   5.33 5.51 5.10 4.30 3.53 2.84 2.27 1.87 1.75 2.36 3.75 4.80 5.54 5.82 5.54 4.78 4.00 3.32 2.72 2.20 1.85 1.91 2.83 3.81
 16   4.66 5.25 5.30 4.77 4.07 3.30 2.61 2.09 1.73 1.73 2.74 3.91 4.83 5.38 5.59 5.27 4.57 3.82 3.16 2.56 2.09 1.88 2.12 3.20
 17   4.11 4.86 5.19 5.14 4.55 3.93 3.33 2.70 2.30 2.11 2.34 3.30 4.15 4.79 5.19 5.31 4.94 4.34 3.73 3.14 2.66 2.29 2.13 2.53
 18   3.37 4.26 4.90 5.18 4.95 4.34 3.76 3.22 2.77 2.40 2.25 2.61 3.35 4.17 4.80 5.24 5.31 4.89 4.34 3.78 3.30 2.76 2.35 2.17
 19   2.48 3.26 4.11 4.73 5.11 5.18 4.83 4.33 3.80 3.31 2.86 2.55 2.52 3.05 3.73 4.33 4.77 5.04 4.99 4.50 3.85 3.23 2.65 2.20
 20   1.93 1.97 2.85 3.65 4.51 5.07 5.25 5.15 4.70 3.89 3.26 2.73 2.32 2.12 2.48 3.40 4.32 4.96 5.27 5.09 4.45 3.77 3.13 2.56
 21   2.12 1.77 1.82 2.74 3.78 4.68 5.30 5.47 5.31 4.87 4.19 3.48 2.86 2.35 2.03 2.05 3.07 4.00 4.86 5.37 5.41 4.80 4.06 3.40
 22   2.76 2.21 1.74 1.56 2.17 3.60 4.80 5.61 5.87 5.70 5.13 4.30 3.57 2.90 2.31 1.83 1.72 2.83 3.97 4.87 5.45 5.49 4.89 4.10
 23   3.37 2.70 2.08 1.55 1.35 2.10 3.62 5.00 5.87 6.13 5.83 5.09 4.37 3.56 2.76 2.07 1.55 1.47 2.83 4.11 5.13 5.61 5.59 4.90
 24   4.14 3.35 2.62 1.92 1.30 1.18 2.30 4.08 5.51 6.21 6.36 5.89 4.99 4.14 3.17 2.42 1.65 1.10 1.37 3.25 4.52 5.57 5.89 5.59
 25   4.68 3.90 3.05 2.33 1.60 1.11 1.10 2.95 4.64 5.91 6.38 6.32 5.67 4.77 3.85 2.95 2.17 1.56 1.17 1.50 3.38 4.66 5.58 5.85
 26   5.40 4.51 3.68 2.86 2.15 1.50 1.09 1.30 3.46 4.80 5.80 6.34 6.26 5.45 4.59 3.64 2.80 2.06 1.51 1.29 1.91 3.60 4.82 5.57
 27   5.72 5.20 4.31 3.51 2.73 2.07 1.50 1.18 1.62 3.11 4.65 5.76 6.16 5.98 5.05 4.18 3.33 2.59 1.91 1.51 1.53 2.76 4.00 5.06
 28   5.54 5.44 4.71 3.91 3.14 2.43 1.89 1.45 1.36 2.06 3.54 4.90 5.70 5.96 5.68 4.85 4.03 3.25 2.63 2.02 1.58 1.57 2.86 4.04
 29   5.03 5.46 5.31 4.67 3.91 3.18 2.51 1.93 1.50 1.73 2.86 4.05 5.06 5.61 5.73 5.30 4.57 3.78 3.10 2.46 1.85 1.60 1.92 3.20
 30   4.25 5.05 5.31 5.02 4.35 3.65 3.05 2.47 2.02 1.84 2.26 3.38 4.25 4.93 5.32 5.37 4.86 4.20 3.56 2.93 2.37 1.93 1.82 2.41
 ----------------------------------------------------------------------------------------------------------------------------
                                                                                               
 ----------------------------------------------------------------------------------------------------------------------------
 ----------------------------------------------------------------------------------------------------------------------------
                                                          SURVEY OF INDIA
                                                    MARINE GEODESY WING (G&RB)
                                                     HOURLY HEIGHTS IN METRES
  NAME OF PORT:- HALDIA                                                                             MONTH JULY      YEAR 2021
 ----------------------------------------------------------------------------------------------------------------------------
 DAYS 0000 0001 0002 0003 0004 0005 0006 0007 0008 0009 0010 0011 0012 0013 0014 0015 0016 0017 0018 0019 0020 0021 0022 0023
 ----------------------------------------------------------------------------------------------------------------------------
  1   3.48 4.27 4.75 4.89 4.61 4.07 3.47 2.88 2.44 2.22 2.30 2.90 3.66 4.30 4.81 5.07 4.99 4.57 4.02 3.43 2.79 2.25 1.90 1.90
  2   2.53 3.26 4.02 4.62 4.80 4.63 4.11 3.58 3.06 2.61 2.32 2.28 2.78 3.46 4.11 4.60 4.86 4.79 4.33 3.76 3.21 2.68 2.29 2.05
  3   2.08 2.87 3.63 4.17 4.55 4.65 4.39 3.95 3.53 3.14 2.80 2.50 2.50 2.79 3.27 3.87 4.33 4.61 4.53 4.15 3.61 3.07 2.60 2.28
  4   2.17 2.51 3.06 3.65 4.15 4.45 4.56 4.45 4.04 3.59 3.15 2.71 2.46 2.37 2.69 3.26 3.81 4.30 4.57 4.50 4.02 3.55 3.04 2.57
  5   2.22 2.16 2.56 3.15 3.79 4.29 4.61 4.74 4.53 4.18 3.73 3.21 2.76 2.41 2.27 2.57 3.12 3.81 4.33 4.66 4.61 4.16 3.65 3.09
  6   2.60 2.25 2.04 2.25 2.86 3.65 4.35 4.82 5.01 4.80 4.38 3.85 3.26 2.75 2.31 2.06 2.29 3.10 3.83 4.42 4.69 4.68 4.27 3.72
  7   3.14 2.57 2.15 1.88 2.01 2.88 3.77 4.57 5.03 5.18 4.91 4.33 3.73 3.12 2.56 2.15 1.96 2.37 3.15 3.95 4.51 4.77 4.66 4.11
  8   3.43 2.76 2.23 1.78 1.59 2.12 3.14 4.14 4.81 5.20 5.28 4.88 4.15 3.47 2.86 2.28 1.86 1.75 2.45 3.37 4.23 4.78 4.98 4.62
  9   3.91 3.26 2.64 2.13 1.71 1.65 2.46 3.50 4.53 5.15 5.44 5.40 4.70 4.00 3.27 2.62 2.10 1.73 1.69 2.85 3.76 4.64 5.11 5.10
 10   4.50 3.73 3.07 2.48 1.97 1.55 1.49 2.85 4.00 5.00 5.61 5.70 5.24 4.47 3.66 2.94 2.36 1.81 1.61 2.00 3.19 4.19 4.98 5.32
 11   5.09 4.29 3.54 2.82 2.25 1.73 1.41 1.83 3.36 4.50 5.60 5.94 5.71 4.87 4.06 3.26 2.58 2.06 1.69 1.72 2.85 3.86 4.74 5.46
 12   5.55 4.74 3.90 3.06 2.40 1.88 1.44 1.45 2.58 3.96 5.34 6.04 6.06 5.41 4.57 3.70 2.90 2.31 1.80 1.51 1.89 3.18 4.33 5.27
 13   5.63 5.34 4.48 3.66 2.87 2.21 1.65 1.28 1.65 3.22 4.50 5.70 6.16 5.95 5.11 4.30 3.49 2.81 2.25 1.79 1.75 2.50 3.72 4.83
 14   5.54 5.70 5.13 4.26 3.45 2.73 2.10 1.65 1.59 2.46 3.82 5.00 5.82 6.04 5.56 4.83 4.08 3.30 2.60 2.06 1.72 1.72 2.94 4.04
 15   5.11 5.61 5.56 4.85 4.00 3.25 2.59 2.05 1.71 1.78 3.08 4.20 5.11 5.64 5.72 5.22 4.50 3.76 3.04 2.44 1.97 1.69 2.00 3.23
 16   4.26 5.16 5.52 5.34 4.60 3.85 3.15 2.51 2.04 1.80 2.16 3.33 4.28 5.17 5.64 5.50 4.78 4.07 3.34 2.70 2.20 1.82 1.75 2.56
 17   3.60 4.55 5.25 5.42 5.00 4.30 3.62 2.97 2.45 2.08 2.00 2.64 3.50 4.36 5.04 5.40 5.17 4.55 3.94 3.30 2.66 2.21 1.92 1.93
 18   2.80 3.66 4.50 5.07 5.27 5.05 4.49 3.85 3.25 2.71 2.30 2.15 2.66 3.45 4.25 4.82 5.13 4.99 4.47 3.89 3.28 2.71 2.25 1.96
 19   2.05 2.82 3.66 4.40 4.95 5.15 5.02 4.54 3.98 3.42 2.90 2.47 2.22 2.29 2.94 3.70 4.40 4.87 5.02 4.68 4.06 3.50 2.91 2.40
 20   2.03 1.93 2.38 3.26 4.08 4.73 5.10 5.13 4.77 4.23 3.63 2.99 2.43 2.02 1.96 2.52 3.32 4.12 4.73 5.00 4.78 4.18 3.53 2.88
 21   2.33 1.85 1.62 1.93 2.95 4.00 4.90 5.44 5.55 5.18 4.50 3.77 3.06 2.50 2.03 1.87 2.28 3.20 4.11 4.89 5.28 5.18 4.51 3.79
 22   3.11 2.47 1.90 1.53 1.70 2.80 3.97 5.08 5.74 5.86 5.46 4.65 3.86 3.07 2.44 1.91 1.70 2.20 3.26 4.34 5.19 5.61 5.41 4.61
 23   3.84 3.10 2.42 1.90 1.47 1.63 3.08 4.45 5.72 6.30 6.36 5.70 4.74 3.95 3.13 2.47 1.97 1.77 2.26 3.62 4.78 5.71 6.00 5.62
 24   4.75 4.00 3.09 2.40 1.77 1.42 1.76 3.50 4.97 6.10 6.50 6.40 5.56 4.63 3.66 2.79 2.09 1.55 1.51 2.20 3.71 4.97 5.81 6.02
 25   5.46 4.62 3.73 2.85 2.13 1.54 1.13 1.40 3.55 4.92 6.12 6.57 6.24 5.14 4.20 3.20 2.43 1.72 1.27 1.28 2.86 4.18 5.47 6.00
 26   5.83 5.01 4.14 3.26 2.47 1.77 1.22 1.03 1.86 4.10 5.46 6.18 6.46 5.96 4.90 4.00 3.13 2.35 1.76 1.28 1.30 2.84 4.15 5.32
 27   5.87 5.67 4.88 4.00 3.08 2.33 1.70 1.19 1.19 2.50 4.06 5.40 6.00 6.00 5.32 4.47 3.60 2.80 2.12 1.52 1.11 1.47 3.13 4.35
 28   5.30 5.50 5.10 4.40 3.58 2.79 2.14 1.56 1.22 1.67 3.24 4.37 5.34 5.66 5.45 4.71 3.91 3.06 2.40 1.79 1.40 1.40 2.90 4.00
 29   4.91 5.27 5.04 4.54 3.90 3.15 2.37 1.80 1.49 1.82 2.60 3.50 4.60 5.24 5.39 4.99 4.33 3.60 2.88 2.32 1.83 1.65 2.28 3.47
 30   4.40 5.04 5.20 4.86 4.20 3.47 2.78 2.20 1.79 1.71 2.35 3.26 4.18 4.88 5.27 5.15 4.60 3.90 3.26 2.64 2.14 1.80 1.87 2.99
 31   4.06 4.76 5.11 5.03 4.50 3.92 3.35 2.86 2.42 2.18 2.40 2.98 3.75 4.55 5.06 5.07 4.69 4.17 3.60 2.97 2.46 2.09 2.02 2.58
 ----------------------------------------------------------------------------------------------------------------------------
                                                                                               
 ----------------------------------------------------------------------------------------------------------------------------
 ----------------------------------------------------------------------------------------------------------------------------
                                                          SURVEY OF INDIA
                                                    MARINE GEODESY WING (G&RB)
                                                     HOURLY HEIGHTS IN METRES
  NAME OF PORT:- HALDIA                                                                             MONTH AUGUST    YEAR 2021
 ----------------------------------------------------------------------------------------------------------------------------
 DAYS 0000 0001 0002 0003 0004 0005 0006 0007 0008 0009 0010 0011 0012 0013 0014 0015 0016 0017 0018 0019 0020 0021 0022 0023
 ----------------------------------------------------------------------------------------------------------------------------
  1   3.46 4.25 4.80 5.02 4.85 4.44 3.99 3.45 2.94 2.58 2.46 2.82 3.30 3.87 4.37 4.69 4.68 4.37 3.92 3.47 3.00 2.62 2.37 2.41
  2   2.95 3.60 4.20 4.63 4.73 4.53 4.15 3.74 3.37 3.08 2.89 2.78 2.88 3.21 3.62 4.07 4.40 4.52 4.34 4.00 3.56 3.13 2.68 2.57
  3   2.65 2.94 3.45 3.97 4.44 4.65 4.61 4.36 4.06 3.70 3.36 3.06 2.80 2.70 2.85 3.19 3.66 4.14 4.42 4.45 4.19 3.77 3.24 2.80
  4   2.49 2.37 2.57 3.03 3.63 4.25 4.66 4.78 4.60 4.26 3.87 3.41 2.99 2.60 2.36 2.42 2.81 3.34 3.91 4.34 4.51 4.33 3.89 3.35
  5   2.83 2.41 2.10 2.11 2.65 3.41 4.28 4.91 5.21 5.12 4.67 4.06 3.49 2.94 2.41 2.04 1.99 2.64 3.41 4.24 4.81 5.01 4.66 4.06
  6   3.43 2.83 2.29 1.90 1.90 2.52 3.50 4.52 5.22 5.48 5.29 4.74 4.07 3.38 2.77 2.23 1.81 1.87 2.66 3.62 4.53 5.10 5.20 4.65
  7   3.94 3.28 2.61 2.05 1.61 1.58 2.76 4.04 4.99 5.67 5.79 5.30 4.60 3.81 3.07 2.39 1.81 1.44 1.74 3.12 4.15 4.94 5.34 5.20
  8   4.46 3.69 3.01 2.35 1.70 1.25 1.54 3.00 4.44 5.48 5.97 5.84 5.05 4.21 3.28 2.50 1.84 1.31 1.28 2.42 3.45 4.57 5.30 5.51
  9   5.02 4.17 3.28 2.50 1.80 1.22 1.04 1.79 3.66 4.97 5.87 6.01 5.56 4.70 3.84 2.98 2.20 1.52 1.18 1.56 3.16 4.26 5.25 5.76
 10   5.41 4.57 3.72 2.89 2.13 1.48 1.03 1.02 2.96 4.40 5.51 6.15 6.15 5.40 4.56 3.65 2.85 2.11 1.48 1.08 1.38 3.27 4.62 5.66
 11   5.94 5.46 4.53 3.66 2.81 2.06 1.42 1.00 1.36 3.55 4.76 5.76 6.21 5.91 5.01 4.13 3.24 2.46 1.82 1.29 1.19 1.93 3.71 5.07
 12   5.81 5.87 5.22 4.31 3.41 2.61 1.80 1.22 1.16 1.90 3.78 5.07 5.92 6.06 5.50 4.55 3.66 2.85 2.18 1.58 1.14 1.10 2.94 4.34
 13   5.46 5.86 5.66 4.68 3.79 2.95 2.14 1.51 1.14 1.28 2.75 4.16 5.37 5.91 5.86 5.03 4.17 3.36 2.58 1.92 1.38 1.19 1.90 3.52
 14   4.85 5.72 5.86 5.28 4.38 3.54 2.76 2.07 1.53 1.43 2.20 3.56 4.63 5.51 5.80 5.43 4.58 3.78 3.05 2.40 1.80 1.38 1.37 2.80
 15   3.98 5.10 5.63 5.53 4.83 4.06 3.30 2.62 2.08 1.73 1.84 2.64 3.70 4.64 5.25 5.35 4.86 4.21 3.51 2.86 2.33 1.88 1.73 2.14
 16   3.22 4.23 5.03 5.40 5.31 4.80 4.10 3.44 2.89 2.45 2.16 2.30 3.00 3.70 4.45 5.00 5.14 4.80 4.21 3.59 3.02 2.54 2.20 2.09
 17   2.50 3.22 4.02 4.70 5.12 5.21 4.86 4.36 3.83 3.35 2.90 2.51 2.40 2.76 3.35 4.08 4.59 4.90 4.89 4.42 3.85 3.30 2.83 2.42
 18   2.26 2.46 3.13 3.86 4.59 5.06 5.20 5.05 4.61 4.01 3.49 3.03 2.65 2.43 2.49 2.97 3.66 4.35 4.80 4.94 4.74 4.19 3.59 3.04
 19   2.57 2.24 2.12 2.47 3.40 4.35 5.11 5.45 5.40 4.97 4.40 3.83 3.20 2.70 2.29 2.15 2.57 3.46 4.22 4.82 5.16 5.04 4.50 3.90
 20   3.28 2.68 2.19 1.87 1.90 2.95 4.13 5.10 5.63 5.77 5.41 4.70 3.92 3.25 2.60 2.05 1.67 1.84 2.94 3.98 4.90 5.33 5.31 4.73
 21   3.96 3.23 2.57 1.99 1.54 1.52 2.70 4.12 5.32 5.88 6.02 5.55 4.76 3.94 3.15 2.43 1.80 1.33 1.59 3.07 4.28 5.30 5.67 5.50
 22   4.63 3.83 3.00 2.32 1.68 1.27 1.30 2.85 4.30 5.64 6.22 6.09 5.14 4.30 3.42 2.60 1.88 1.36 1.28 2.40 3.85 5.14 5.81 5.85
 23   5.18 4.26 3.43 2.59 1.90 1.33 1.03 1.60 3.44 4.90 5.90 6.30 5.95 5.04 4.14 3.21 2.39 1.67 1.16 1.15 2.80 4.18 5.37 5.85
 24   5.66 4.87 4.01 3.17 2.37 1.69 1.17 1.18 2.30 3.96 5.20 6.03 6.13 5.40 4.55 3.64 2.77 2.06 1.48 1.10 1.41 3.42 4.62 5.60
 25   5.84 5.42 4.57 3.72 2.89 2.14 1.52 1.07 1.25 2.96 4.40 5.61 5.98 5.75 4.82 3.96 3.11 2.37 1.69 1.23 1.27 2.82 4.14 5.30
 26   5.76 5.69 5.13 4.30 3.43 2.62 1.96 1.36 1.31 2.16 3.74 5.03 5.70 5.76 5.15 4.28 3.37 2.59 1.97 1.43 1.38 2.17 3.59 4.80
 27   5.51 5.60 5.26 4.61 3.73 2.92 2.26 1.69 1.39 1.83 3.30 4.51 5.38 5.66 5.35 4.57 3.70 2.90 2.25 1.75 1.56 1.98 3.28 4.34
 28   5.28 5.56 5.38 4.90 4.10 3.25 2.59 2.14 1.87 2.01 3.13 4.00 4.80 5.34 5.43 4.85 4.14 3.46 2.81 2.33 1.98 1.98 2.92 3.86
 29   4.70 5.24 5.35 5.00 4.40 3.70 3.10 2.61 2.25 2.26 2.83 3.60 4.35 4.90 5.18 4.95 4.35 3.77 3.15 2.66 2.29 2.18 2.57 3.40
 30   4.18 4.75 5.04 4.91 4.34 3.78 3.25 2.88 2.62 2.55 2.80 3.29 3.84 4.31 4.71 4.81 4.50 4.05 3.57 3.08 2.67 2.41 2.45 2.97
 31   3.60 4.20 4.64 4.81 4.59 4.17 3.76 3.42 3.14 2.96 2.95 3.18 3.50 3.81 4.16 4.36 4.39 4.19 3.87 3.49 3.15 2.82 2.67 2.84
 ----------------------------------------------------------------------------------------------------------------------------
                                                                                               
 ----------------------------------------------------------------------------------------------------------------------------
 ----------------------------------------------------------------------------------------------------------------------------
                                                          SURVEY OF INDIA
                                                    MARINE GEODESY WING (G&RB)
                                                     HOURLY HEIGHTS IN METRES
  NAME OF PORT:- HALDIA                                                                             MONTH SEPT      YEAR 2021
 ----------------------------------------------------------------------------------------------------------------------------
 DAYS 0000 0001 0002 0003 0004 0005 0006 0007 0008 0009 0010 0011 0012 0013 0014 0015 0016 0017 0018 0019 0020 0021 0022 0023
 ----------------------------------------------------------------------------------------------------------------------------
  1   3.19 3.60 4.00 4.32 4.46 4.36 4.13 3.88 3.63 3.39 3.19 3.06 3.05 3.17 3.39 3.66 3.88 4.07 4.13 4.03 3.82 3.53 3.22 2.97
  2   2.86 2.90 3.16 3.52 3.96 4.29 4.48 4.52 4.36 4.08 3.74 3.39 3.03 2.78 2.71 2.88 3.21 3.67 4.09 4.31 4.34 4.12 3.76 3.32
  3   2.87 2.54 2.37 2.61 3.13 3.76 4.36 4.78 4.95 4.79 4.40 3.91 3.34 2.86 2.43 2.18 2.34 2.97 3.66 4.27 4.74 4.87 4.50 3.97
  4   3.38 2.83 2.38 2.07 2.15 2.97 3.79 4.60 5.15 5.34 5.11 4.57 3.85 3.21 2.62 2.15 1.88 2.00 3.02 3.95 4.75 5.23 5.25 4.70
  5   3.95 3.27 2.65 2.15 1.80 1.92 3.16 4.21 5.11 5.68 5.68 5.04 4.18 3.43 2.74 2.23 1.82 1.79 2.60 3.75 4.66 5.48 5.70 5.20
  6   4.31 3.57 2.86 2.21 1.72 1.60 2.16 3.62 4.77 5.68 6.22 5.98 5.05 4.16 3.26 2.55 1.98 1.57 1.66 2.98 4.34 5.62 6.31 6.30
  7   5.43 4.40 3.44 2.65 2.05 1.62 1.89 3.55 5.01 6.16 6.74 6.62 5.56 4.61 3.67 2.88 2.21 1.61 1.38 1.88 3.64 5.10 6.22 6.60
  8   6.16 4.93 3.94 2.95 2.16 1.50 1.34 2.04 3.90 5.42 6.45 6.63 6.28 5.20 4.36 3.36 2.55 1.70 1.15 1.21 2.36 3.91 5.50 6.45
  9   6.60 5.76 4.64 3.65 2.67 1.78 1.10 0.99 2.66 4.27 5.80 6.54 6.59 5.86 4.80 3.85 3.00 2.15 1.52 1.05 1.00 2.94 4.48 5.91
 10   6.50 6.31 5.16 4.18 3.13 2.26 1.56 1.04 1.28 3.36 4.82 5.92 6.39 6.16 5.40 4.40 3.50 2.64 1.90 1.36 1.23 1.75 3.54 5.02
 11   6.06 6.36 5.87 4.85 3.86 3.01 2.27 1.69 1.56 2.18 3.72 4.96 5.90 6.19 5.88 4.96 4.06 3.24 2.51 1.91 1.48 1.68 3.05 4.40
 12   5.64 6.31 6.17 5.34 4.37 3.44 2.71 2.10 1.70 1.85 3.00 4.10 5.22 5.84 5.88 5.23 4.36 3.59 2.95 2.42 2.02 2.02 2.86 3.93
 13   5.00 5.84 6.11 5.69 4.84 4.04 3.30 2.81 2.55 2.57 3.00 3.80 4.57 5.23 5.56 5.44 4.92 4.19 3.52 2.94 2.54 2.32 2.41 3.25
 14   4.12 4.86 5.40 5.60 5.34 4.74 4.10 3.52 3.07 2.74 2.70 3.14 3.72 4.26 4.70 5.01 5.00 4.55 3.96 3.39 2.95 2.64 2.58 2.81
 15   3.38 3.93 4.45 4.83 4.95 4.76 4.40 4.02 3.63 3.25 2.93 2.69 2.76 3.10 3.53 4.04 4.44 4.60 4.40 4.00 3.64 3.26 2.93 2.66
 16   2.53 2.65 3.11 3.67 4.20 4.62 4.82 4.70 4.38 3.97 3.55 3.13 2.78 2.53 2.48 2.85 3.37 3.94 4.41 4.62 4.45 4.08 3.68 3.21
 17   2.77 2.43 2.19 2.35 3.08 3.85 4.57 5.06 5.20 4.91 4.40 3.78 3.20 2.70 2.29 2.00 2.04 2.95 3.75 4.48 4.93 5.00 4.57 3.96
 18   3.36 2.80 2.32 1.95 1.97 2.84 3.81 4.76 5.43 5.63 5.32 4.57 3.88 3.14 2.56 2.03 1.67 1.70 2.94 3.94 4.80 5.32 5.34 4.66
 19   3.96 3.24 2.60 2.03 1.56 1.55 2.70 3.94 5.10 5.76 5.83 5.15 4.34 3.48 2.70 2.00 1.44 1.36 2.38 3.70 4.90 5.60 5.90 5.73
 20   4.70 3.67 2.82 2.00 1.40 1.23 1.76 3.36 4.50 5.60 6.17 5.96 5.10 4.18 3.27 2.47 1.77 1.27 1.33 2.28 3.95 5.34 6.05 6.17
 21   5.48 4.46 3.53 2.71 1.85 1.21 1.17 2.44 4.17 5.60 6.35 6.33 5.64 4.68 3.77 2.90 2.12 1.46 1.07 1.56 3.55 4.97 5.95 6.28
 22   5.84 4.78 3.87 3.00 2.20 1.55 1.20 1.65 3.66 4.97 6.04 6.38 5.90 5.02 4.18 3.20 2.43 1.62 1.17 1.17 2.74 4.20 5.54 6.16
 23   6.06 5.11 4.20 3.30 2.50 1.81 1.32 1.29 2.49 3.98 5.20 6.00 6.00 5.26 4.37 3.48 2.71 2.09 1.50 1.20 1.66 3.45 4.74 5.71
 24   6.02 5.60 4.58 3.72 2.90 2.20 1.61 1.22 1.54 3.13 4.40 5.26 5.76 5.55 4.64 3.84 3.01 2.40 1.77 1.29 1.29 2.80 4.05 5.18
 25   5.75 5.71 4.86 4.06 3.20 2.50 1.90 1.42 1.42 2.65 3.80 4.77 5.36 5.48 4.94 4.13 3.36 2.67 2.10 1.60 1.50 2.10 3.50 4.57
 26   5.40 5.65 5.22 4.40 3.62 2.90 2.32 1.87 1.85 2.60 3.70 4.60 5.30 5.50 5.11 4.30 3.58 2.95 2.38 1.97 1.81 2.16 3.27 4.22
 27   5.03 5.38 5.15 4.47 3.82 3.20 2.62 2.20 2.08 2.36 3.16 4.00 4.65 5.02 5.02 4.46 3.81 3.22 2.72 2.28 1.98 2.04 2.86 3.71
 28   4.40 4.86 5.00 4.65 4.05 3.49 2.99 2.54 2.28 2.29 2.75 3.37 4.00 4.42 4.62 4.43 3.89 3.37 2.91 2.52 2.31 2.45 2.98 3.65
 29   4.28 4.80 4.97 4.80 4.38 3.95 3.50 3.04 2.80 2.80 2.98 3.31 3.76 4.17 4.37 4.31 4.05 3.74 3.40 3.07 2.80 2.68 2.84 3.20
 30   3.62 3.98 4.28 4.44 4.35 4.14 3.86 3.57 3.34 3.16 3.08 3.12 3.30 3.52 3.73 3.93 4.05 3.97 3.81 3.59 3.38 3.17 3.02 2.96
 ----------------------------------------------------------------------------------------------------------------------------
                                                                                               
 ----------------------------------------------------------------------------------------------------------------------------
 ----------------------------------------------------------------------------------------------------------------------------
                                                          SURVEY OF INDIA
                                                    MARINE GEODESY WING (G&RB)
                                                     HOURLY HEIGHTS IN METRES
  NAME OF PORT:- HALDIA                                                                             MONTH OCTOBER   YEAR 2021
 ----------------------------------------------------------------------------------------------------------------------------
 DAYS 0000 0001 0002 0003 0004 0005 0006 0007 0008 0009 0010 0011 0012 0013 0014 0015 0016 0017 0018 0019 0020 0021 0022 0023
 ----------------------------------------------------------------------------------------------------------------------------
  1   3.08 3.30 3.60 3.88 4.12 4.26 4.30 4.17 3.98 3.70 3.44 3.22 3.00 2.85 2.85 3.08 3.43 3.83 4.12 4.29 4.26 4.02 3.65 3.28
  2   2.93 2.69 2.61 2.94 3.46 4.00 4.44 4.73 4.78 4.55 4.13 3.65 3.15 2.72 2.38 2.25 2.50 3.14 3.79 4.38 4.75 4.81 4.38 3.88
  3   3.30 2.78 2.30 2.09 2.40 3.20 4.04 4.74 5.21 5.27 4.80 4.18 3.44 2.81 2.20 1.77 1.75 2.69 3.70 4.57 5.18 5.35 4.95 4.20
  4   3.42 2.70 2.08 1.56 1.46 2.48 3.62 4.59 5.31 5.64 5.35 4.71 3.99 3.26 2.50 1.82 1.31 1.18 2.10 3.48 4.67 5.56 5.79 5.35
  5   4.50 3.60 2.70 1.91 1.20 1.10 2.18 3.72 4.97 5.81 5.99 5.40 4.54 3.62 2.81 1.93 1.28 0.98 1.40 2.80 4.20 5.52 6.17 6.04
  6   5.11 4.17 3.13 2.20 1.40 0.91 0.90 2.90 4.40 5.72 6.30 6.07 5.20 4.18 3.17 2.28 1.48 0.84 0.61 1.50 3.55 5.05 6.12 6.50
  7   5.93 4.79 3.66 2.64 1.70 1.01 0.70 1.28 3.54 5.00 6.16 6.38 5.66 4.62 3.66 2.75 1.93 1.16 0.71 1.01 2.50 4.20 5.79 6.63
  8   6.50 5.40 4.30 3.16 2.17 1.35 0.73 0.68 2.50 4.14 5.66 6.28 5.99 5.22 4.28 3.26 2.30 1.50 0.85 0.56 1.10 3.30 4.90 6.12
  9   6.59 6.10 4.92 3.78 2.70 1.82 1.16 0.74 1.13 3.26 4.66 5.82 6.18 5.70 4.67 3.75 2.88 2.03 1.27 0.77 0.70 2.38 3.86 5.38
 10   6.20 6.23 5.40 4.36 3.30 2.38 1.60 1.00 0.86 1.90 3.58 4.87 5.70 5.75 5.08 4.15 3.27 2.36 1.62 1.02 0.92 1.86 3.41 4.68
 11   5.66 5.95 5.51 4.53 3.62 2.77 2.03 1.45 1.15 1.46 2.70 3.80 4.80 5.31 5.32 4.70 3.85 3.10 2.47 1.91 1.46 1.40 2.37 3.40
 12   4.42 5.16 5.45 5.21 4.41 3.63 2.92 2.31 1.83 1.62 2.01 2.86 3.76 4.52 4.90 4.85 4.25 3.60 2.96 2.42 1.99 1.80 2.16 2.92
 13   3.72 4.40 4.87 5.02 4.67 4.08 3.47 2.90 2.44 2.13 2.06 2.46 3.06 3.62 4.11 4.44 4.49 4.12 3.65 3.21 2.76 2.41 2.37 2.64
 14   3.06 3.61 4.15 4.56 4.76 4.70 4.35 3.91 3.45 3.02 2.72 2.58 2.68 2.93 3.29 3.69 4.11 4.35 4.39 4.16 3.79 3.41 3.04 2.76
 15   2.63 2.74 3.11 3.60 4.15 4.59 4.82 4.78 4.43 4.00 3.49 3.01 2.62 2.36 2.35 2.66 3.20 3.86 4.37 4.72 4.74 4.38 3.86 3.36
 16   2.87 2.48 2.22 2.38 3.01 3.80 4.57 5.06 5.18 4.85 4.24 3.65 3.02 2.50 2.14 2.00 2.36 3.13 3.90 4.53 5.01 5.12 4.72 4.10
 17   3.41 2.84 2.35 2.04 2.14 3.04 3.86 4.75 5.36 5.50 5.00 4.28 3.59 2.95 2.36 1.90 1.87 2.60 3.62 4.62 5.28 5.54 5.32 4.55
 18   3.76 3.06 2.50 2.07 1.95 2.56 3.54 4.55 5.50 5.91 5.70 5.06 4.28 3.48 2.73 2.11 1.62 1.81 3.05 4.14 5.15 5.77 5.89 5.53
 19   4.57 3.69 2.85 2.20 1.69 1.62 2.80 4.16 5.24 5.94 6.10 5.48 4.60 3.82 3.00 2.35 1.77 1.44 1.88 3.46 4.65 5.72 6.20 6.05
 20   5.06 4.10 3.20 2.43 1.78 1.38 1.70 3.40 4.57 5.52 6.00 5.89 5.05 4.18 3.36 2.58 1.92 1.35 1.28 2.56 3.88 5.14 5.92 6.11
 21   5.64 4.57 3.62 2.77 2.03 1.38 1.27 2.26 3.65 4.85 5.66 5.88 5.36 4.44 3.64 2.80 2.12 1.47 1.17 1.70 3.27 4.47 5.57 6.12
 22   6.06 5.14 4.18 3.27 2.48 1.83 1.38 1.49 3.04 4.15 5.17 5.64 5.57 4.84 4.00 3.12 2.41 1.81 1.32 1.33 2.56 3.85 5.03 5.80
 23   5.99 5.47 4.45 3.58 2.75 2.03 1.51 1.48 2.30 3.57 4.68 5.43 5.62 5.20 4.35 3.55 2.78 2.12 1.52 1.32 1.96 3.40 4.50 5.45
 24   5.84 5.64 4.67 3.80 2.97 2.30 1.75 1.45 1.83 3.12 4.24 5.06 5.46 5.30 4.45 3.70 2.92 2.27 1.71 1.32 1.48 2.90 4.04 4.97
 25   5.56 5.58 4.96 4.03 3.23 2.57 2.03 1.65 1.69 2.46 3.65 4.57 5.14 5.22 4.75 3.98 3.27 2.65 2.09 1.68 1.76 2.60 3.58 4.52
 26   5.16 5.39 5.10 4.33 3.60 2.93 2.40 1.96 1.83 2.29 3.17 3.92 4.57 4.93 4.88 4.27 3.62 2.96 2.45 2.02 1.89 2.31 3.20 4.03
 27   4.66 5.07 5.14 4.95 4.38 3.53 2.87 2.33 2.09 2.22 2.84 3.51 4.15 4.54 4.58 4.30 3.77 3.23 2.75 2.40 2.21 2.40 2.95 3.64
 28   4.22 4.66 4.85 4.66 4.13 3.59 3.13 2.76 2.50 2.44 2.71 3.18 3.64 3.97 4.20 4.25 4.00 3.61 3.22 2.86 2.60 2.52 2.72 3.16
 29   3.60 4.01 4.36 4.50 4.37 4.00 3.62 3.22 2.91 2.73 2.69 2.80 3.03 3.33 3.64 3.89 4.05 3.99 3.74 3.43 3.13 2.88 2.72 2.77
 30   2.98 3.28 3.60 3.91 4.13 4.24 4.15 3.81 3.45 3.08 2.79 2.59 2.56 2.68 2.91 3.25 3.62 3.96 4.18 4.18 3.90 3.53 3.15 2.75
 31   2.49 2.41 2.68 3.08 3.60 4.10 4.44 4.52 4.30 3.83 3.36 2.83 2.38 2.08 2.03 2.40 3.00 3.67 4.25 4.67 4.76 4.39 3.80 3.21
 ----------------------------------------------------------------------------------------------------------------------------
                                                                                               
 ----------------------------------------------------------------------------------------------------------------------------
 ----------------------------------------------------------------------------------------------------------------------------
                                                          SURVEY OF INDIA
                                                    MARINE GEODESY WING (G&RB)
                                                     HOURLY HEIGHTS IN METRES
  NAME OF PORT:- HALDIA                                                                             MONTH NOVEMBER  YEAR 2021
 ----------------------------------------------------------------------------------------------------------------------------
 DAYS 0000 0001 0002 0003 0004 0005 0006 0007 0008 0009 0010 0011 0012 0013 0014 0015 0016 0017 0018 0019 0020 0021 0022 0023
 ----------------------------------------------------------------------------------------------------------------------------
  1   2.68 2.25 1.99 2.23 2.97 3.77 4.46 4.93 5.07 4.71 4.05 3.48 2.93 2.42 1.98 1.71 1.95 2.82 3.70 4.57 5.12 5.27 4.80 4.04
  2   3.34 2.72 2.20 1.83 1.85 2.84 3.76 4.64 5.22 5.35 4.86 4.10 3.38 2.75 2.16 1.65 1.35 1.64 3.05 4.20 5.23 5.68 5.62 4.80
  3   3.85 3.04 2.34 1.75 1.38 1.63 3.12 4.23 5.25 5.69 5.60 4.84 3.93 3.21 2.46 1.77 1.17 1.13 1.94 3.50 4.93 5.91 6.26 5.84
  4   4.68 3.73 2.77 2.01 1.40 1.15 1.67 3.46 4.70 5.63 5.99 5.64 4.55 3.70 2.81 2.02 1.36 0.90 0.89 2.76 4.33 5.74 6.48 6.47
  5   5.48 4.30 3.23 2.35 1.61 1.08 0.96 2.46 3.95 5.27 5.99 6.03 5.33 4.32 3.40 2.47 1.70 1.02 0.70 1.11 3.36 4.94 6.08 6.62
  6   6.29 5.00 3.93 2.90 2.04 1.39 0.97 1.09 3.06 4.36 5.52 6.00 5.82 5.01 3.94 3.00 2.13 1.46 0.97 1.00 1.98 3.86 5.40 6.25
  7   6.40 5.66 4.49 3.55 2.50 1.76 1.20 1.01 1.45 3.26 4.72 5.50 5.75 5.30 4.20 3.35 2.50 1.85 1.23 0.98 1.55 3.33 4.65 5.70
  8   6.11 5.86 4.80 3.88 2.91 2.19 1.66 1.24 1.19 1.90 3.30 4.45 5.28 5.49 5.00 4.04 3.27 2.60 2.02 1.53 1.29 1.76 3.16 4.27
  9   5.24 5.65 5.62 4.77 3.88 3.11 2.42 1.89 1.52 1.52 2.50 3.53 4.44 5.12 5.46 5.35 4.30 3.38 2.54 2.03 1.67 1.66 2.58 3.51
 10   4.40 5.05 5.35 5.16 4.35 3.69 3.01 2.46 2.03 1.84 2.16 2.90 3.68 4.32 4.70 4.75 4.30 3.67 3.13 2.61 2.21 1.98 2.22 2.98
 11   3.70 4.35 4.85 5.08 4.83 4.21 3.61 3.05 2.55 2.16 2.08 2.39 2.96 3.52 4.04 4.40 4.50 4.23 3.75 3.30 2.90 2.60 2.46 2.68
 12   3.11 3.64 4.19 4.61 4.86 4.78 4.30 3.81 3.31 2.84 2.53 2.35 2.44 2.86 3.36 3.86 4.26 4.45 4.37 4.03 3.69 3.32 2.96 2.71
 13   2.58 2.72 3.21 3.79 4.36 4.74 4.86 4.56 4.07 3.59 3.06 2.66 2.38 2.28 2.51 3.03 3.57 4.10 4.50 4.64 4.52 4.10 3.60 3.15
 14   2.72 2.41 2.36 2.82 3.47 4.20 4.71 4.97 4.81 4.30 3.76 3.19 2.70 2.33 2.08 2.22 2.97 3.67 4.35 4.80 5.04 4.81 4.18 3.57
 15   3.00 2.53 2.15 2.08 2.78 3.54 4.32 4.85 5.06 4.83 4.27 3.73 3.14 2.62 2.16 1.87 1.96 2.83 3.64 4.46 5.04 5.26 4.97 4.20
 16   3.51 2.87 2.36 1.98 1.96 2.64 3.53 4.37 4.95 5.15 4.86 4.15 3.46 2.91 2.37 1.93 1.69 2.04 3.05 3.95 4.85 5.37 5.43 4.80
 17   4.00 3.29 2.62 2.10 1.79 1.90 2.94 3.81 4.62 5.16 5.23 4.69 3.95 3.26 2.64 2.10 1.72 1.70 2.40 3.40 4.43 5.29 5.60 5.41
 18   4.54 3.74 2.98 2.30 1.69 1.49 2.23 3.30 4.19 4.95 5.30 5.10 4.32 3.63 2.93 2.35 1.86 1.57 1.88 3.10 4.17 5.20 5.71 5.76
 19   5.06 4.13 3.37 2.65 2.06 1.71 1.77 2.80 3.80 4.77 5.32 5.42 4.84 4.02 3.30 2.60 2.02 1.62 1.59 2.56 3.72 4.87 5.63 5.89
 20   5.53 4.54 3.75 2.96 2.33 1.88 1.79 2.37 3.41 4.36 5.15 5.44 5.20 4.40 3.70 2.98 2.33 1.82 1.55 1.94 3.27 4.36 5.35 5.79
 21   5.70 4.87 4.03 3.20 2.51 2.00 1.70 1.82 2.80 3.79 4.76 5.28 5.28 4.60 3.78 3.06 2.39 1.88 1.58 1.59 2.84 3.94 5.05 5.61
 22   5.68 5.00 4.11 3.36 2.64 2.09 1.76 1.68 2.22 3.26 4.14 4.90 5.21 4.91 4.17 3.46 2.80 2.23 1.76 1.54 2.00 3.22 4.22 5.11
 23   5.53 5.46 4.67 3.90 3.13 2.53 2.04 1.76 1.90 2.73 3.57 4.36 4.90 4.94 4.45 3.70 3.07 2.50 2.03 1.69 1.75 2.70 3.63 4.50
 24   5.12 5.32 4.93 4.15 3.45 2.78 2.27 1.88 1.76 2.25 3.13 3.85 4.44 4.81 4.72 4.07 3.40 2.79 2.29 1.90 1.80 2.30 3.19 4.02
 25   4.70 5.11 5.07 4.47 3.77 3.14 2.60 2.18 1.97 2.14 2.77 3.43 4.07 4.53 4.69 4.35 3.74 3.16 2.65 2.23 1.98 2.13 2.88 3.60
 26   4.27 4.75 4.98 4.71 4.13 3.57 3.01 2.54 2.20 2.12 2.46 3.02 3.60 4.11 4.44 4.50 4.13 3.62 3.13 2.66 2.32 2.20 2.57 3.16
 27   3.76 4.30 4.65 4.74 4.44 3.96 3.43 2.92 2.53 2.29 2.24 2.54 3.03 3.53 3.97 4.27 4.32 4.05 3.65 3.23 2.83 2.54 2.42 2.68
 28   3.10 3.60 4.04 4.42 4.59 4.47 4.11 3.67 3.17 2.77 2.46 2.29 2.46 2.88 3.36 3.81 4.17 4.40 4.33 4.01 3.60 3.18 2.77 2.49
 29   2.42 2.78 3.26 3.82 4.32 4.61 4.66 4.40 3.89 3.41 2.90 2.47 2.10 2.04 2.34 2.90 3.50 4.10 4.54 4.72 4.56 4.05 3.50 2.95
 30   2.54 2.25 2.28 2.90 3.52 4.18 4.63 4.84 4.62 4.07 3.49 2.92 2.41 2.03 1.78 1.86 2.68 3.46 4.28 4.86 5.15 4.97 4.26 3.60
 ----------------------------------------------------------------------------------------------------------------------------
                                                                                               
 ----------------------------------------------------------------------------------------------------------------------------
 ----------------------------------------------------------------------------------------------------------------------------
                                                          SURVEY OF INDIA
                                                    MARINE GEODESY WING (G&RB)
                                                     HOURLY HEIGHTS IN METRES
  NAME OF PORT:- HALDIA                                                                             MONTH DECEMBER  YEAR 2021
 ----------------------------------------------------------------------------------------------------------------------------
 DAYS 0000 0001 0002 0003 0004 0005 0006 0007 0008 0009 0010 0011 0012 0013 0014 0015 0016 0017 0018 0019 0020 0021 0022 0023
 ----------------------------------------------------------------------------------------------------------------------------
  1   2.95 2.43 2.05 1.95 2.54 3.34 4.11 4.74 5.02 4.78 4.06 3.43 2.80 2.30 1.85 1.58 1.79 2.90 3.93 4.93 5.51 5.60 5.05 4.15
  2   3.40 2.70 2.14 1.75 1.74 2.76 3.67 4.62 5.20 5.31 4.90 4.11 3.38 2.78 2.17 1.67 1.35 1.54 2.88 4.02 5.27 5.87 5.96 5.26
  3   4.24 3.41 2.58 1.93 1.48 1.46 2.62 3.76 4.81 5.41 5.54 4.93 4.06 3.30 2.51 1.85 1.30 1.02 1.51 3.16 4.60 5.63 6.25 6.00
  4   4.90 3.98 3.03 2.24 1.60 1.19 1.38 2.92 4.34 5.31 5.84 5.60 4.72 3.85 2.95 2.17 1.50 1.00 1.30 2.44 4.14 5.54 6.51 6.70
  5   5.80 4.47 3.46 2.50 1.77 1.26 1.16 1.92 3.43 4.81 5.74 6.02 5.36 4.30 3.30 2.43 1.73 1.17 9.91 9.03 8.05 3.06 3.26 0.85
  6   6.28 4.90 3.80 2.77 1.98 1.45 1.18 1.40 2.69 3.97 5.10 5.72 5.73 5.14 4.17 3.26 2.52 1.90 1.31 1.11 1.76 3.41 4.71 5.75
  7   6.16 5.90 4.92 3.94 2.98 2.26 1.67 1.34 1.42 2.50 3.68 4.73 5.41 5.58 4.95 4.00 3.27 2.56 1.99 1.54 1.40 2.06 3.42 4.53
  8   5.46 5.87 5.64 4.70 3.88 3.04 2.35 1.83 1.56 1.65 2.60 3.65 4.50 5.10 5.16 4.57 3.77 3.13 2.48 2.00 1.67 1.72 2.80 3.72
  9   4.61 5.26 5.48 5.13 4.40 3.60 2.87 2.31 1.91 1.74 1.92 2.75 3.54 4.24 4.70 4.80 4.30 3.62 3.01 2.49 2.08 1.83 2.03 2.92
 10   3.66 4.41 4.93 5.12 4.80 4.10 3.46 2.81 2.33 1.97 1.88 2.20 2.90 3.60 4.16 4.57 4.66 4.27 3.70 3.18 2.70 2.33 2.14 2.38
 11   3.00 3.60 4.23 4.70 4.93 4.70 4.08 3.51 2.95 2.50 2.15 2.03 2.26 2.83 3.43 3.99 4.37 4.54 4.31 3.84 3.38 2.93 2.57 2.35
 12   2.41 2.87 3.43 3.98 4.46 4.68 4.56 4.06 3.51 2.97 2.48 2.13 2.03 2.29 2.82 3.38 3.90 4.32 4.51 4.36 3.95 3.50 3.06 2.69
 13   2.45 2.42 2.80 3.29 3.86 4.32 4.55 4.43 3.97 3.53 3.03 2.60 2.25 2.04 2.13 2.66 3.23 3.83 4.33 4.60 4.56 4.15 3.67 3.17
 14   2.70 2.36 2.20 2.44 3.06 3.66 4.20 4.51 4.49 4.06 3.52 3.01 2.55 2.18 1.92 2.00 2.61 3.27 3.93 4.48 4.79 4.74 4.23 3.64
 15   3.06 2.58 2.19 2.00 2.38 3.10 3.78 4.37 4.63 4.52 4.02 3.48 2.95 2.48 2.09 1.82 1.86 2.66 3.44 4.20 4.76 5.01 4.80 4.15
 16   3.50 2.91 2.39 2.01 1.89 2.40 3.16 3.89 4.40 4.63 4.44 3.85 3.30 2.77 2.29 1.85 1.68 1.97 2.94 3.79 4.56 5.04 5.12 4.64
 17   3.94 3.29 2.66 2.17 1.84 1.85 2.56 3.40 4.15 4.62 4.76 4.42 3.76 3.15 2.58 2.09 1.73 1.74 2.25 3.24 4.19 4.89 5.24 5.10
 18   4.35 3.64 2.96 2.37 1.93 1.69 1.94 2.97 3.76 4.43 4.77 4.67 4.14 3.46 2.86 2.30 1.85 1.54 1.55 2.60 3.59 4.52 5.13 5.30
 19   4.86 4.13 3.34 2.61 2.06 1.66 1.52 2.00 2.90 3.75 4.36 4.63 4.38 3.64 2.98 2.36 1.85 1.49 1.45 2.10 3.23 4.27 5.01 5.27
 20   5.00 4.17 3.46 2.71 2.14 1.75 1.47 1.52 2.43 3.42 4.12 4.60 4.69 4.10 3.34 2.77 2.15 1.71 1.39 1.41 2.44 3.50 4.53 5.11
 21   5.22 4.70 3.88 3.18 2.50 2.00 1.61 1.48 1.95 2.93 3.79 4.51 4.80 4.55 3.76 3.09 2.48 1.93 1.53 1.40 1.96 3.21 4.23 4.96
 22   5.24 5.03 4.26 3.50 2.78 2.21 1.79 1.50 1.52 2.50 3.35 4.15 4.63 4.70 4.15 3.45 2.84 2.23 1.81 1.48 1.50 2.70 3.68 4.60
 23   5.10 5.18 4.63 3.85 3.16 2.52 2.03 1.68 1.54 2.02 2.90 3.75 4.38 4.72 4.53 3.81 3.16 2.57 2.08 1.67 1.47 1.93 3.06 3.93
 24   4.66 4.99 4.91 4.21 3.53 2.90 2.37 1.92 1.64 1.65 2.36 3.10 3.83 4.41 4.64 4.31 3.62 3.00 2.46 2.01 1.70 1.80 2.56 3.40
 25   4.20 4.72 4.91 4.60 3.91 3.30 2.70 2.20 1.87 1.68 1.86 2.58 3.34 3.98 4.39 4.50 4.07 3.46 2.92 2.40 2.00 1.78 2.02 2.82
 26   3.59 4.24 4.63 4.72 4.30 3.67 3.12 2.57 2.13 1.83 1.76 2.13 2.76 3.44 3.98 4.30 4.30 3.88 3.35 2.87 2.41 2.00 1.94 2.34
 27   2.97 3.62 4.16 4.49 4.53 4.06 3.50 2.98 2.48 2.10 1.80 1.72 2.02 2.74 3.38 3.91 4.25 4.32 3.98 3.48 3.01 2.56 2.21 2.06
 28   2.28 2.83 3.46 3.95 4.33 4.40 4.07 3.51 3.01 2.54 2.17 1.86 1.70 1.92 2.62 3.27 3.87 4.30 4.40 4.20 3.70 3.21 2.73 2.32
 29   2.07 2.09 2.61 3.21 3.83 4.21 4.38 4.26 3.78 3.20 2.71 2.30 1.88 1.65 1.78 2.54 3.30 3.89 4.40 4.64 4.51 3.97 3.40 2.82
 30   2.36 1.95 1.78 2.09 2.86 3.56 4.11 4.41 4.31 3.82 3.30 2.74 2.26 1.81 1.47 1.45 2.15 3.00 3.83 4.51 4.89 4.85 4.25 3.54
 31   2.90 2.35 1.92 1.62 1.68 2.62 3.40 4.05 4.43 4.45 4.00 3.35 2.82 2.22 1.76 1.39 1.35 1.94 3.02 4.10 4.89 5.22 5.05 4.26
 ----------------------------------------------------------------------------------------------------------------------------
                                                                                               
 ----------------------------------------------------------------------------------------------------------------------------
 ----------------------------------------------------------------------------------------------------------------------------
