                                                          SURVEY OF INDIA
                                                    MARINE GEODESY WING (G&RB)
                                                     HOURLY HEIGHTS IN METRES
  NAME OF PORT:- NEW MANGALORE                                                                      MONTH JANUARY   YEAR 2022
 ----------------------------------------------------------------------------------------------------------------------------
 DAYS 0000 0001 0002 0003 0004 0005 0006 0007 0008 0009 0010 0011 0012 0013 0014 0015 0016 0017 0018 0019 0020 0021 0022 0023
 ----------------------------------------------------------------------------------------------------------------------------
  1   1.63 1.46 1.30 1.17 1.14 1.20 1.38 1.49 1.53 1.49 1.38 1.17 0.86 0.49 0.22 0.06 0.05 0.24 0.50 0.77 1.08 1.40 1.66 1.81
  2   1.79 1.66 1.46 1.25 1.15 1.16 1.25 1.40 1.50 1.54 1.53 1.41 1.14 0.79 0.43 0.18 0.04 0.09 0.38 0.78 1.18 1.52 1.79 1.92
  3   1.93 1.77 1.53 1.28 1.11 1.08 1.15 1.28 1.41 1.53 1.57 1.54 1.40 1.14 0.80 0.42 0.13-0.03-0.02 0.27 0.65 1.03 1.39 1.70
  4   1.91 1.96 1.87 1.60 1.30 1.06 0.95 1.00 1.15 1.31 1.46 1.57 1.56 1.40 1.11 0.76 0.37 0.13 0.05 0.18 0.46 0.83 1.21 1.56
  5   1.82 1.97 1.95 1.75 1.44 1.16 0.93 0.88 0.96 1.12 1.30 1.48 1.56 1.52 1.33 1.05 0.77 0.43 0.18 0.15 0.34 0.63 0.95 1.31
  6   1.66 1.94 2.03 1.94 1.72 1.39 1.10 0.93 0.88 0.94 1.08 1.26 1.42 1.50 1.47 1.32 1.06 0.74 0.45 0.33 0.40 0.62 0.90 1.19
  7   1.55 1.79 1.93 1.93 1.79 1.50 1.19 0.94 0.78 0.75 0.87 1.02 1.18 1.31 1.39 1.37 1.23 1.01 0.78 0.57 0.42 0.43 0.72 1.03
  8   1.30 1.55 1.77 1.85 1.81 1.66 1.36 1.07 0.85 0.71 0.71 0.82 0.95 1.08 1.23 1.32 1.31 1.22 1.06 0.88 0.74 0.71 0.81 0.98
  9   1.19 1.39 1.62 1.77 1.79 1.71 1.53 1.31 1.03 0.81 0.67 0.68 0.79 0.92 1.06 1.19 1.27 1.30 1.27 1.17 1.03 0.95 0.95 1.01
 10   1.14 1.33 1.48 1.62 1.69 1.68 1.58 1.42 1.19 0.95 0.77 0.65 0.65 0.73 0.87 1.01 1.14 1.24 1.30 1.31 1.26 1.17 1.11 1.11
 11   1.16 1.27 1.39 1.50 1.58 1.60 1.56 1.47 1.31 1.10 0.90 0.72 0.62 0.63 0.70 0.83 0.99 1.15 1.27 1.35 1.37 1.34 1.28 1.22
 12   1.20 1.23 1.30 1.37 1.43 1.48 1.50 1.47 1.37 1.18 0.95 0.78 0.63 0.53 0.54 0.63 0.78 0.95 1.14 1.29 1.41 1.45 1.42 1.37
 13   1.32 1.28 1.26 1.28 1.34 1.40 1.45 1.44 1.38 1.27 1.09 0.88 0.70 0.55 0.47 0.51 0.63 0.80 1.01 1.21 1.37 1.49 1.53 1.51
 14   1.44 1.37 1.30 1.27 1.27 1.30 1.34 1.39 1.41 1.33 1.15 0.95 0.76 0.61 0.48 0.41 0.47 0.66 0.88 1.11 1.34 1.50 1.61 1.63
 15   1.55 1.43 1.32 1.22 1.18 1.20 1.26 1.33 1.35 1.32 1.23 1.08 0.90 0.66 0.47 0.35 0.35 0.49 0.71 0.94 1.22 1.43 1.57 1.62
 16   1.59 1.50 1.37 1.22 1.10 1.09 1.15 1.23 1.31 1.34 1.28 1.16 0.98 0.77 0.57 0.39 0.28 0.33 0.53 0.79 1.06 1.31 1.50 1.65
 17   1.69 1.61 1.47 1.30 1.13 1.05 1.07 1.14 1.24 1.33 1.32 1.23 1.09 0.89 0.65 0.42 0.25 0.23 0.38 0.63 0.91 1.17 1.42 1.63
 18   1.73 1.67 1.50 1.33 1.17 1.05 1.01 1.08 1.19 1.29 1.36 1.35 1.23 1.05 0.84 0.60 0.38 0.29 0.33 0.51 0.79 1.07 1.36 1.58
 19   1.73 1.75 1.67 1.48 1.28 1.11 1.02 1.05 1.15 1.27 1.39 1.45 1.41 1.27 1.06 0.82 0.55 0.37 0.35 0.47 0.69 0.99 1.27 1.56
 20   1.77 1.83 1.75 1.58 1.37 1.17 1.02 0.99 1.07 1.19 1.31 1.40 1.46 1.44 1.29 1.07 0.81 0.57 0.44 0.47 0.60 0.85 1.15 1.45
 21   1.72 1.89 1.89 1.76 1.55 1.30 1.09 0.99 1.01 1.10 1.22 1.35 1.46 1.50 1.43 1.23 0.97 0.75 0.56 0.48 0.56 0.79 1.05 1.35
 22   1.62 1.84 1.93 1.83 1.63 1.37 1.13 0.97 0.91 0.94 1.05 1.19 1.35 1.44 1.41 1.29 1.11 0.90 0.69 0.56 0.56 0.73 0.97 1.21
 23   1.50 1.72 1.83 1.80 1.62 1.38 1.12 0.91 0.75 0.73 0.82 0.96 1.12 1.25 1.33 1.32 1.21 1.04 0.85 0.70 0.62 0.67 0.85 1.08
 24   1.33 1.56 1.69 1.73 1.62 1.42 1.17 0.91 0.71 0.58 0.57 0.63 0.75 0.89 1.05 1.19 1.25 1.21 1.11 0.97 0.83 0.75 0.78 0.89
 25   1.05 1.23 1.43 1.61 1.67 1.60 1.45 1.24 0.97 0.73 0.56 0.53 0.60 0.73 0.89 1.09 1.25 1.31 1.27 1.17 1.06 0.99 0.99 1.07
 26   1.21 1.39 1.56 1.64 1.63 1.55 1.41 1.19 0.92 0.69 0.51 0.45 0.49 0.63 0.80 1.00 1.18 1.30 1.35 1.33 1.26 1.16 1.09 1.09
 27   1.16 1.28 1.40 1.51 1.58 1.56 1.45 1.27 1.04 0.78 0.56 0.41 0.34 0.37 0.51 0.70 0.93 1.13 1.30 1.42 1.46 1.41 1.33 1.25
 28   1.22 1.23 1.29 1.36 1.43 1.47 1.47 1.39 1.24 1.01 0.73 0.49 0.30 0.24 0.32 0.49 0.71 0.96 1.20 1.40 1.55 1.57 1.51 1.41
 29   1.30 1.22 1.20 1.25 1.32 1.39 1.43 1.42 1.32 1.16 0.97 0.72 0.46 0.25 0.13 0.17 0.35 0.59 0.85 1.12 1.42 1.58 1.65 1.59
 30   1.46 1.33 1.22 1.15 1.15 1.21 1.29 1.38 1.42 1.37 1.24 1.01 0.71 0.41 0.19 0.10 0.13 0.32 0.59 0.91 1.25 1.54 1.73 1.79
 31   1.87 1.58 1.35 1.20 1.11 1.12 1.23 1.35 1.44 1.51 1.51 1.38 1.13 0.80 0.47 0.22 0.10 0.15 0.38 0.68 0.99 1.29 1.59 1.81
 ----------------------------------------------------------------------------------------------------------------------------
                                                                                               
 ----------------------------------------------------------------------------------------------------------------------------
 ----------------------------------------------------------------------------------------------------------------------------
                                                          SURVEY OF INDIA
                                                    MARINE GEODESY WING (G&RB)
                                                     HOURLY HEIGHTS IN METRES
  NAME OF PORT:- NEW MANGALORE                                                                      MONTH FEBRUARY  YEAR 2022
 ----------------------------------------------------------------------------------------------------------------------------
 DAYS 0000 0001 0002 0003 0004 0005 0006 0007 0008 0009 0010 0011 0012 0013 0014 0015 0016 0017 0018 0019 0020 0021 0022 0023
 ----------------------------------------------------------------------------------------------------------------------------
  1   1.87 1.76 1.51 1.26 1.05 0.95 1.01 1.14 1.30 1.46 1.54 1.50 1.36 1.10 0.72 0.39 0.14 0.05 0.18 0.41 0.76 1.16 1.48 1.73
  2   1.89 1.85 1.63 1.33 1.04 0.83 0.77 0.87 1.05 1.25 1.41 1.50 1.49 1.32 1.03 0.66 0.37 0.23 0.24 0.33 0.50 0.75 1.09 1.46
  3   1.69 1.76 1.69 1.52 1.23 0.93 0.72 0.66 0.75 0.95 1.23 1.40 1.46 1.38 1.20 0.98 0.71 0.44 0.29 0.33 0.57 0.88 1.24 1.59
  4   1.85 1.98 1.97 1.81 1.46 1.11 0.84 0.70 0.73 0.91 1.14 1.33 1.51 1.60 1.54 1.36 1.11 0.80 0.55 0.49 0.59 0.83 1.13 1.45
  5   1.74 1.92 1.98 1.86 1.62 1.25 0.90 0.70 0.61 0.69 0.87 1.06 1.26 1.44 1.49 1.42 1.27 1.09 0.87 0.67 0.64 0.76 0.99 1.27
  6   1.55 1.75 1.89 1.89 1.72 1.45 1.15 0.86 0.63 0.54 0.61 0.76 0.95 1.15 1.31 1.35 1.29 1.16 1.00 0.83 0.71 0.75 0.92 1.14
  7   1.34 1.54 1.68 1.72 1.62 1.43 1.16 0.86 0.62 0.50 0.49 0.61 0.79 0.98 1.13 1.26 1.32 1.28 1.19 1.08 0.97 0.92 0.98 1.13
  8   1.29 1.46 1.61 1.68 1.63 1.51 1.33 1.10 0.87 0.64 0.55 0.58 0.69 0.84 0.98 1.15 1.28 1.33 1.31 1.25 1.18 1.12 1.10 1.15
  9   1.25 1.37 1.47 1.54 1.55 1.47 1.33 1.17 0.95 0.74 0.57 0.48 0.51 0.62 0.76 0.91 1.05 1.19 1.28 1.31 1.28 1.23 1.19 1.18
 10   1.20 1.25 1.32 1.38 1.39 1.35 1.26 1.15 1.00 0.83 0.63 0.49 0.45 0.52 0.65 0.78 0.91 1.05 1.16 1.24 1.30 1.32 1.29 1.23
 11   1.17 1.13 1.14 1.21 1.27 1.29 1.27 1.20 1.10 0.98 0.83 0.69 0.56 0.49 0.52 0.66 0.83 1.00 1.17 1.33 1.45 1.51 1.49 1.40
 12   1.28 1.19 1.15 1.15 1.18 1.22 1.26 1.28 1.28 1.23 1.10 0.95 0.78 0.63 0.53 0.57 0.71 0.88 1.09 1.29 1.44 1.55 1.62 1.62
 13   1.55 1.42 1.30 1.21 1.19 1.22 1.24 1.24 1.21 1.12 0.97 0.78 0.62 0.49 0.41 0.40 0.52 0.74 0.97 1.19 1.35 1.46 1.51 1.51
 14   1.46 1.37 1.26 1.17 1.12 1.12 1.16 1.22 1.27 1.29 1.26 1.16 1.01 0.81 0.60 0.48 0.47 0.55 0.75 0.98 1.24 1.48 1.65 1.72
 15   1.68 1.57 1.42 1.25 1.13 1.09 1.13 1.22 1.31 1.39 1.41 1.34 1.20 1.00 0.75 0.56 0.47 0.47 0.61 0.87 1.15 1.41 1.67 1.82
 16   1.84 1.77 1.62 1.40 1.17 1.06 1.06 1.15 1.27 1.38 1.45 1.44 1.36 1.18 0.92 0.68 0.49 0.42 0.49 0.73 1.02 1.30 1.57 1.75
 17   1.79 1.74 1.59 1.33 1.10 0.95 0.92 0.99 1.13 1.30 1.44 1.52 1.49 1.33 1.10 0.84 0.60 0.44 0.45 0.62 0.89 1.20 1.50 1.73
 18   1.85 1.83 1.69 1.45 1.16 0.94 0.82 0.84 0.97 1.16 1.35 1.50 1.54 1.48 1.31 1.04 0.78 0.56 0.43 0.45 0.66 0.96 1.25 1.54
 19   1.75 1.85 1.81 1.66 1.40 1.05 0.79 0.63 0.65 0.80 0.99 1.22 1.43 1.52 1.47 1.25 1.02 0.78 0.58 0.53 0.65 0.87 1.15 1.44
 20   1.65 1.82 1.84 1.75 1.54 1.19 0.90 0.69 0.72 0.92 1.14 1.31 1.44 1.50 1.47 1.34 1.15 0.95 0.76 0.67 0.73 0.91 1.24 1.60
 21   1.75 1.77 1.65 1.44 1.15 0.87 0.67 0.53 0.48 0.53 0.68 0.95 1.27 1.47 1.55 1.51 1.39 1.21 0.99 0.82 0.78 0.89 1.10 1.33
 22   1.55 1.72 1.79 1.71 1.51 1.21 0.87 0.61 0.40 0.38 0.49 0.70 0.96 1.21 1.38 1.47 1.45 1.34 1.17 1.01 0.92 0.93 1.05 1.23
 23   1.40 1.56 1.65 1.63 1.48 1.25 1.00 0.73 0.45 0.30 0.29 0.38 0.56 0.79 1.03 1.21 1.33 1.36 1.31 1.21 1.11 1.02 1.01 1.10
 24   1.24 1.38 1.51 1.59 1.55 1.40 1.19 0.96 0.67 0.43 0.37 0.42 0.55 0.70 0.89 1.09 1.29 1.41 1.44 1.40 1.32 1.23 1.17 1.17
 25   1.22 1.31 1.40 1.45 1.45 1.40 1.29 1.11 0.88 0.62 0.44 0.36 0.38 0.46 0.60 0.79 1.02 1.26 1.40 1.46 1.45 1.39 1.32 1.25
 26   1.21 1.23 1.30 1.37 1.42 1.43 1.39 1.31 1.17 0.95 0.72 0.52 0.39 0.35 0.41 0.55 0.77 1.01 1.24 1.42 1.54 1.56 1.50 1.41
 27   1.31 1.25 1.22 1.23 1.27 1.32 1.36 1.38 1.34 1.23 1.02 0.78 0.55 0.36 0.30 0.34 0.51 0.73 0.98 1.25 1.46 1.58 1.61 1.53
 28   1.40 1.26 1.11 1.04 1.04 1.10 1.20 1.29 1.37 1.38 1.25 1.03 0.82 0.57 0.36 0.28 0.34 0.51 0.80 1.11 1.40 1.63 1.77 1.77
 ----------------------------------------------------------------------------------------------------------------------------
                                                                                              
 ----------------------------------------------------------------------------------------------------------------------------
 ----------------------------------------------------------------------------------------------------------------------------
                                                          SURVEY OF INDIA
                                                    MARINE GEODESY WING (G&RB)
                                                     HOURLY HEIGHTS IN METRES
  NAME OF PORT:- NEW MANGALORE                                                                      MONTH MARCH     YEAR 2022
 ----------------------------------------------------------------------------------------------------------------------------
 DAYS 0000 0001 0002 0003 0004 0005 0006 0007 0008 0009 0010 0011 0012 0013 0014 0015 0016 0017 0018 0019 0020 0021 0022 0023
 ----------------------------------------------------------------------------------------------------------------------------
  1   1.61 1.39 1.19 1.01 0.92 0.93 1.06 1.20 1.33 1.43 1.45 1.34 1.11 0.85 0.54 0.30 0.24 0.33 0.54 0.81 1.18 1.50 1.73 1.82
  2   1.77 1.59 1.30 1.01 0.80 0.72 0.79 0.96 1.16 1.34 1.49 1.50 1.38 1.15 0.81 0.50 0.31 0.28 0.41 0.70 1.01 1.33 1.63 1.82
  3   1.85 1.72 1.45 1.12 0.83 0.65 0.63 0.79 1.00 1.23 1.44 1.57 1.58 1.45 1.20 0.84 0.56 0.43 0.44 0.64 0.92 1.25 1.55 1.79
  4   1.92 1.87 1.67 1.33 0.97 0.69 0.56 0.62 0.81 1.06 1.28 1.49 1.60 1.58 1.45 1.23 0.91 0.64 0.45 0.48 0.78 1.08 1.34 1.57
  5   1.75 1.83 1.74 1.52 1.15 0.82 0.53 0.43 0.55 0.77 1.04 1.28 1.53 1.66 1.62 1.43 1.16 0.85 0.63 0.59 0.73 0.97 1.23 1.51
  6   1.71 1.80 1.79 1.63 1.32 0.97 0.70 0.49 0.44 0.57 0.86 1.13 1.40 1.59 1.63 1.54 1.37 1.14 0.91 0.79 0.81 0.97 1.18 1.43
  7   1.68 1.81 1.80 1.65 1.42 1.10 0.79 0.55 0.47 0.55 0.76 0.98 1.21 1.45 1.57 1.57 1.47 1.30 1.10 0.94 0.91 0.99 1.13 1.30
  8   1.46 1.61 1.66 1.58 1.38 1.13 0.87 0.60 0.44 0.44 0.56 0.74 0.96 1.17 1.36 1.46 1.45 1.35 1.20 1.05 0.97 0.98 1.06 1.19
  9   1.32 1.46 1.54 1.52 1.39 1.21 1.00 0.76 0.55 0.47 0.50 0.60 0.74 0.88 1.04 1.19 1.33 1.40 1.39 1.32 1.21 1.14 1.13 1.17
 10   1.24 1.29 1.30 1.27 1.20 1.11 1.00 0.87 0.72 0.61 0.59 0.67 0.83 1.04 1.20 1.34 1.43 1.46 1.44 1.39 1.33 1.27 1.24 1.26
 11   1.31 1.35 1.37 1.37 1.34 1.28 1.20 1.08 0.95 0.81 0.67 0.61 0.63 0.74 0.89 1.03 1.19 1.32 1.43 1.50 1.51 1.46 1.35 1.24
 12   1.18 1.18 1.22 1.25 1.24 1.18 1.07 0.94 0.81 0.68 0.58 0.52 0.52 0.58 0.67 0.77 0.87 0.98 1.09 1.20 1.26 1.25 1.20 1.13
 13   1.06 1.01 0.99 1.02 1.09 1.11 1.08 1.00 0.89 0.75 0.64 0.54 0.48 0.49 0.57 0.67 0.77 0.88 0.99 1.11 1.21 1.26 1.25 1.21
 14   1.16 1.12 1.11 1.13 1.19 1.25 1.27 1.23 1.13 1.01 0.90 0.80 0.72 0.64 0.59 0.59 0.69 0.95 1.15 1.35 1.47 1.53 1.54 1.49
 15   1.38 1.25 1.13 1.02 0.98 1.01 1.10 1.18 1.23 1.24 1.20 1.11 0.95 0.73 0.58 0.50 0.53 0.67 0.85 1.07 1.29 1.49 1.58 1.56
 16   1.46 1.30 1.12 0.94 0.84 0.86 0.96 1.08 1.18 1.27 1.30 1.23 1.05 0.82 0.60 0.43 0.37 0.42 0.55 0.77 1.00 1.23 1.43 1.50
 17   1.48 1.38 1.19 0.93 0.62 0.41 0.32 0.35 0.48 0.74 1.02 1.27 1.31 1.19 0.99 0.72 0.51 0.49 0.64 0.87 1.16 1.37 1.53 1.57
 18   1.54 1.46 1.30 1.05 0.74 0.49 0.41 0.50 0.69 0.92 1.17 1.30 1.29 1.17 0.89 0.65 0.48 0.41 0.45 0.67 0.88 1.13 1.37 1.56
 19   1.58 1.49 1.33 1.10 0.83 0.55 0.56 0.69 0.87 1.07 1.28 1.43 1.47 1.39 1.24 1.03 0.77 0.56 0.45 0.48 0.66 0.96 1.27 1.52
 20   1.62 1.60 1.45 1.13 0.85 0.72 0.72 0.80 0.95 1.12 1.28 1.41 1.45 1.41 1.32 1.17 0.97 0.75 0.63 0.66 0.85 1.09 1.37 1.69
 21   1.75 1.67 1.50 1.24 0.86 0.50 0.30 0.27 0.36 0.53 0.78 1.10 1.39 1.54 1.55 1.45 1.27 1.04 0.77 0.67 0.72 0.90 1.16 1.38
 22   1.54 1.60 1.54 1.37 1.09 0.74 0.41 0.18 0.11 0.19 0.38 0.66 1.08 1.38 1.50 1.48 1.33 1.11 0.87 0.75 0.74 0.85 1.05 1.23
 23   1.41 1.52 1.49 1.33 1.07 0.72 0.40 0.14 0.03 0.10 0.32 0.57 0.85 1.12 1.34 1.43 1.41 1.28 1.10 0.93 0.81 0.80 0.92 1.09
 24   1.24 1.38 1.41 1.33 1.17 0.93 0.59 0.31 0.13 0.10 0.18 0.35 0.61 0.89 1.10 1.29 1.38 1.37 1.29 1.17 1.04 0.95 0.94 1.02
 25   1.13 1.22 1.28 1.29 1.22 1.08 0.90 0.70 0.51 0.35 0.22 0.19 0.24 0.37 0.56 0.77 1.01 1.23 1.39 1.42 1.36 1.24 1.13 1.07
 26   1.07 1.10 1.13 1.13 1.05 0.92 0.76 0.60 0.41 0.21 0.13 0.21 0.41 0.64 0.87 1.10 1.30 1.39 1.39 1.33 1.25 1.17 1.09 1.02
 27   0.95 0.91 0.91 0.96 1.02 1.04 1.02 0.96 0.87 0.74 0.57 0.41 0.31 0.30 0.42 0.59 0.79 1.00 1.18 1.33 1.41 1.38 1.29 1.17
 28   1.12 1.17 1.26 1.28 1.22 1.12 1.05 1.03 1.05 1.05 1.00 0.92 0.83 0.74 0.67 0.61 0.57 0.60 0.78 1.10 1.30 1.40 1.41 1.36
 29   1.26 1.09 0.87 0.68 0.59 0.64 0.78 0.94 1.06 1.14 1.13 1.00 0.78 0.56 0.38 0.30 0.37 0.53 0.75 0.99 1.25 1.45 1.58 1.57
 30   1.39 1.15 0.89 0.71 0.59 0.58 0.69 0.87 1.10 1.26 1.33 1.31 1.16 0.90 0.63 0.43 0.33 0.39 0.61 0.88 1.15 1.37 1.55 1.62
 31   1.58 1.36 1.05 0.77 0.57 0.53 0.63 0.85 1.07 1.30 1.47 1.53 1.47 1.29 1.01 0.77 0.57 0.54 0.67 0.90 1.17 1.45 1.67 1.77
 ----------------------------------------------------------------------------------------------------------------------------
                                                                                              
 ----------------------------------------------------------------------------------------------------------------------------
 ----------------------------------------------------------------------------------------------------------------------------
                                                          SURVEY OF INDIA
                                                    MARINE GEODESY WING (G&RB)
                                                     HOURLY HEIGHTS IN METRES
  NAME OF PORT:- NEW MANGALORE                                                                      MONTH APRIL     YEAR 2022
 ----------------------------------------------------------------------------------------------------------------------------
 DAYS 0000 0001 0002 0003 0004 0005 0006 0007 0008 0009 0010 0011 0012 0013 0014 0015 0016 0017 0018 0019 0020 0021 0022 0023
 ----------------------------------------------------------------------------------------------------------------------------
  1   1.73 1.57 1.25 0.91 0.63 0.49 0.47 0.62 0.89 1.15 1.39 1.56 1.58 1.47 1.27 1.02 0.73 0.60 0.62 0.81 1.03 1.26 1.50 1.69
  2   1.75 1.63 1.37 1.03 0.67 0.41 0.32 0.44 0.66 0.93 1.26 1.50 1.63 1.61 1.47 1.22 0.94 0.76 0.71 0.81 1.00 1.22 1.47 1.65
  3   1.72 1.62 1.40 1.12 0.75 0.46 0.28 0.31 0.53 0.78 1.05 1.33 1.55 1.63 1.55 1.35 1.12 0.91 0.77 0.75 0.89 1.09 1.29 1.50
  4   1.61 1.57 1.43 1.19 0.86 0.55 0.31 0.24 0.37 0.61 0.88 1.13 1.40 1.57 1.59 1.49 1.29 1.09 0.92 0.85 0.91 1.06 1.23 1.39
  5   1.54 1.58 1.48 1.25 0.99 0.72 0.45 0.31 0.34 0.51 0.73 1.01 1.30 1.49 1.58 1.57 1.46 1.27 1.09 0.94 0.91 1.00 1.13 1.28
  6   1.42 1.49 1.44 1.27 1.03 0.77 0.55 0.36 0.28 0.36 0.53 0.76 1.03 1.25 1.44 1.50 1.45 1.33 1.15 1.01 0.93 0.93 1.02 1.13
  7   1.23 1.31 1.34 1.27 1.10 0.89 0.68 0.47 0.36 0.39 0.53 0.72 0.92 1.12 1.29 1.43 1.45 1.39 1.29 1.18 1.08 1.03 1.03 1.09
  8   1.22 1.33 1.35 1.28 1.16 1.01 0.84 0.64 0.50 0.44 0.46 0.57 0.74 0.94 1.12 1.29 1.37 1.39 1.35 1.26 1.15 1.08 1.05 1.05
  9   1.09 1.17 1.23 1.25 1.21 1.10 0.97 0.84 0.71 0.58 0.52 0.56 0.67 0.80 0.96 1.15 1.28 1.36 1.38 1.35 1.28 1.21 1.13 1.08
 10   1.07 1.11 1.16 1.20 1.22 1.22 1.18 1.11 1.02 0.92 0.81 0.72 0.71 0.77 0.88 1.01 1.15 1.27 1.38 1.44 1.43 1.36 1.27 1.19
 11   1.11 1.07 1.08 1.12 1.16 1.16 1.09 0.97 0.86 0.76 0.67 0.63 0.66 0.73 0.82 0.92 1.05 1.18 1.33 1.44 1.47 1.44 1.35 1.21
 12   1.05 0.97 0.95 0.97 1.01 1.06 1.11 1.15 1.15 1.10 1.00 0.87 0.73 0.64 0.62 0.69 0.80 0.95 1.15 1.33 1.45 1.47 1.42 1.30
 13   1.15 1.00 0.84 0.69 0.63 0.68 0.81 0.99 1.17 1.23 1.17 1.01 0.86 0.72 0.62 0.60 0.67 0.83 1.01 1.23 1.40 1.49 1.48 1.40
 14   1.25 1.07 0.91 0.79 0.74 0.79 0.92 1.10 1.29 1.39 1.37 1.27 1.13 0.96 0.77 0.64 0.62 0.72 0.87 1.05 1.26 1.47 1.61 1.59
 15   1.42 1.16 0.90 0.82 0.83 0.91 1.02 1.14 1.27 1.41 1.53 1.51 1.36 1.13 0.91 0.67 0.60 0.66 0.84 1.09 1.31 1.49 1.59 1.61
 16   1.52 1.33 1.03 0.74 0.46 0.39 0.51 0.77 1.02 1.29 1.51 1.67 1.70 1.62 1.43 1.20 0.95 0.79 0.83 1.00 1.24 1.48 1.64 1.69
 17   1.62 1.45 1.17 0.81 0.50 0.29 0.28 0.50 0.80 1.10 1.35 1.56 1.59 1.46 1.18 0.91 0.74 0.71 0.78 0.93 1.15 1.39 1.55 1.56
 18   1.46 1.27 1.01 0.70 0.42 0.22 0.13 0.20 0.45 0.81 1.17 1.61 1.76 1.76 1.63 1.39 1.11 0.89 0.82 0.90 1.14 1.37 1.55 1.65
 19   1.66 1.55 1.25 0.90 0.52 0.22 0.09 0.15 0.40 0.70 1.07 1.42 1.69 1.81 1.78 1.62 1.37 1.12 0.93 0.88 1.00 1.20 1.39 1.56
 20   1.65 1.60 1.43 1.13 0.70 0.34 0.15 0.10 0.18 0.45 0.78 1.15 1.49 1.69 1.77 1.72 1.53 1.27 1.03 0.93 0.97 1.11 1.27 1.44
 21   1.60 1.66 1.57 1.31 0.96 0.64 0.30 0.17 0.18 0.29 0.56 0.88 1.19 1.44 1.64 1.77 1.75 1.57 1.35 1.15 1.03 1.04 1.15 1.28
 22   1.39 1.44 1.43 1.36 1.22 0.98 0.62 0.37 0.26 0.26 0.38 0.60 0.88 1.16 1.40 1.58 1.68 1.63 1.47 1.27 1.10 1.00 1.02 1.10
 23   1.19 1.27 1.32 1.30 1.22 1.09 0.91 0.71 0.54 0.41 0.41 0.51 0.67 0.87 1.11 1.34 1.49 1.57 1.55 1.45 1.31 1.19 1.08 1.00
 24   0.95 0.94 0.97 1.03 1.11 1.17 1.17 1.12 1.03 0.88 0.72 0.59 0.53 0.57 0.69 0.86 1.04 1.24 1.43 1.55 1.57 1.48 1.30 1.08
 25   0.95 0.93 0.97 1.03 1.11 1.17 1.17 1.12 1.03 0.88 0.72 0.59 0.53 0.57 0.69 0.86 1.04 1.24 1.43 1.55 1.57 1.48 1.30 1.10
 26   0.92 0.78 0.73 0.77 0.86 0.98 1.10 1.20 1.23 1.17 1.03 0.87 0.69 0.59 0.61 0.70 0.85 1.04 1.24 1.43 1.55 1.55 1.42 1.19
 27   0.99 0.79 0.61 0.57 0.63 0.77 0.93 1.11 1.26 1.33 1.29 1.13 0.95 0.78 0.68 0.67 0.79 0.97 1.16 1.38 1.55 1.63 1.56 1.37
 28   1.11 0.85 0.59 0.48 0.49 0.60 0.79 1.03 1.25 1.40 1.46 1.40 1.24 1.02 0.84 0.73 0.75 0.87 1.07 1.29 1.47 1.60 1.61 1.49
 29   1.25 0.95 0.69 0.48 0.39 0.45 0.67 0.90 1.15 1.40 1.58 1.59 1.46 1.27 1.07 0.90 0.80 0.80 0.92 1.13 1.34 1.51 1.57 1.52
 30   1.37 1.13 0.81 0.53 0.31 0.29 0.41 0.64 0.92 1.21 1.46 1.64 1.65 1.53 1.32 1.11 0.91 0.82 0.88 1.06 1.26 1.43 1.56 1.57
 ----------------------------------------------------------------------------------------------------------------------------
                                                                                               
 ----------------------------------------------------------------------------------------------------------------------------
 ----------------------------------------------------------------------------------------------------------------------------
                                                          SURVEY OF INDIA
                                                    MARINE GEODESY WING (G&RB)
                                                     HOURLY HEIGHTS IN METRES
  NAME OF PORT:- NEW MANGALORE                                                                      MONTH MAY       YEAR 2022
 ----------------------------------------------------------------------------------------------------------------------------
 DAYS 0000 0001 0002 0003 0004 0005 0006 0007 0008 0009 0010 0011 0012 0013 0014 0015 0016 0017 0018 0019 0020 0021 0022 0023
 ----------------------------------------------------------------------------------------------------------------------------
  1   1.45 1.23 0.95 0.66 0.39 0.25 0.25 0.36 0.55 0.85 1.19 1.45 1.61 1.60 1.44 1.23 1.02 0.84 0.79 0.90 1.11 1.30 1.44 1.48
  2   1.41 1.23 1.00 0.73 0.43 0.16 0.11 0.24 0.50 0.79 1.13 1.40 1.63 1.70 1.61 1.41 1.17 0.97 0.89 0.93 1.05 1.21 1.35 1.45
  3   1.46 1.33 1.10 0.84 0.53 0.27 0.15 0.21 0.43 0.70 1.03 1.35 1.53 1.61 1.57 1.43 1.25 1.07 0.93 0.89 0.96 1.10 1.24 1.35
  4   1.38 1.32 1.15 0.91 0.63 0.37 0.21 0.19 0.33 0.55 0.83 1.13 1.41 1.56 1.62 1.55 1.39 1.17 1.01 0.93 0.93 1.01 1.13 1.23
  5   1.30 1.31 1.22 1.03 0.77 0.51 0.32 0.22 0.28 0.44 0.67 0.99 1.25 1.44 1.55 1.53 1.41 1.25 1.08 0.97 0.92 0.95 1.03 1.13
  6   1.23 1.27 1.21 1.05 0.84 0.61 0.41 0.29 0.29 0.38 0.57 0.81 1.07 1.27 1.39 1.45 1.43 1.32 1.17 1.04 0.94 0.92 0.99 1.19
  7   1.44 1.56 1.54 1.34 1.05 0.78 0.58 0.44 0.38 0.42 0.54 0.73 0.94 1.15 1.32 1.40 1.37 1.27 1.14 1.03 0.93 0.88 0.91 0.99
  8   1.07 1.12 1.11 1.01 0.85 0.67 0.50 0.39 0.37 0.44 0.57 0.73 0.87 1.03 1.18 1.27 1.30 1.27 1.18 1.07 0.96 0.86 0.82 0.85
  9   0.91 0.97 0.99 0.97 0.91 0.82 0.72 0.61 0.51 0.45 0.44 0.50 0.61 0.75 0.92 1.06 1.19 1.28 1.31 1.27 1.18 1.06 0.96 0.87
 10   0.82 0.81 0.84 0.90 0.95 0.98 0.96 0.89 0.80 0.71 0.62 0.56 0.57 0.65 0.79 0.95 1.10 1.21 1.28 1.29 1.25 1.17 1.05 0.91
 11   0.76 0.66 0.64 0.67 0.75 0.87 0.98 1.07 1.10 1.07 1.00 0.90 0.79 0.69 0.66 0.71 0.83 1.01 1.17 1.28 1.30 1.23 1.09 0.93
 12   0.76 0.59 0.44 0.42 0.53 0.70 0.86 0.98 1.01 0.95 0.86 0.76 0.68 0.66 0.72 0.83 0.96 1.10 1.25 1.38 1.41 1.30 1.09 0.90
 13   0.79 0.73 0.72 0.77 0.84 0.92 1.00 1.08 1.16 1.23 1.24 1.14 0.99 0.83 0.69 0.67 0.75 0.91 1.08 1.25 1.37 1.41 1.31 1.11
 14   0.87 0.60 0.35 0.22 0.25 0.39 0.60 0.84 1.08 1.28 1.39 1.37 1.23 1.01 0.83 0.74 0.74 0.82 0.96 1.14 1.30 1.39 1.37 1.23
 15   1.00 0.71 0.43 0.22 0.13 0.18 0.41 0.67 0.95 1.25 1.48 1.55 1.43 1.19 0.98 0.82 0.73 0.75 0.87 1.04 1.23 1.37 1.39 1.26
 16   1.01 0.72 0.43 0.19 0.11 0.17 0.39 0.65 0.96 1.29 1.56 1.67 1.63 1.49 1.31 1.10 0.90 0.76 0.77 0.95 1.18 1.36 1.44 1.38
 17   1.18 0.90 0.58 0.26 0.00-0.17-0.17-0.05 0.19 0.58 1.12 1.49 1.63 1.61 1.45 1.20 0.96 0.79 0.70 0.74 0.92 1.12 1.27 1.34
 18   1.30 1.10 0.80 0.44 0.10-0.09-0.17-0.13 0.05 0.37 0.76 1.23 1.53 1.63 1.61 1.49 1.23 0.90 0.77 0.76 0.84 1.00 1.16 1.31
 19   1.36 1.28 1.07 0.71 0.37 0.11-0.09-0.17-0.09 0.15 0.56 0.94 1.34 1.57 1.67 1.63 1.41 1.17 0.95 0.85 0.84 0.89 1.02 1.21
 20   1.34 1.36 1.27 1.08 0.81 0.48 0.22 0.06 0.03 0.17 0.47 0.77 1.07 1.39 1.62 1.70 1.63 1.43 1.22 1.03 0.91 0.89 0.96 1.10
 21   1.21 1.27 1.28 1.23 1.08 0.84 0.57 0.32 0.13 0.11 0.26 0.52 0.84 1.18 1.41 1.57 1.61 1.53 1.36 1.14 0.93 0.78 0.73 0.77
 22   0.87 0.98 1.07 1.11 1.09 1.01 0.87 0.65 0.43 0.33 0.37 0.52 0.72 0.96 1.19 1.38 1.51 1.56 1.51 1.35 1.13 0.92 0.85 0.88
 23   0.96 1.07 1.17 1.22 1.23 1.19 1.10 0.97 0.81 0.67 0.60 0.63 0.73 0.87 1.05 1.25 1.43 1.56 1.59 1.52 1.37 1.19 0.97 0.78
 24   0.62 0.56 0.57 0.64 0.75 0.89 1.05 1.11 1.05 0.92 0.76 0.63 0.63 0.75 0.91 1.09 1.26 1.41 1.52 1.54 1.47 1.32 1.10 0.87
 25   0.74 0.73 0.80 0.91 1.01 1.11 1.19 1.23 1.23 1.17 1.07 0.97 0.91 0.91 0.96 1.05 1.16 1.29 1.42 1.49 1.47 1.37 1.18 0.92
 26   0.71 0.53 0.46 0.50 0.63 0.83 1.00 1.17 1.31 1.37 1.31 1.13 0.97 0.89 0.88 0.95 1.11 1.27 1.39 1.46 1.45 1.35 1.12 0.86
 27   0.65 0.47 0.37 0.38 0.52 0.73 0.95 1.17 1.37 1.48 1.47 1.38 1.25 1.10 0.99 0.93 0.94 1.04 1.19 1.34 1.46 1.47 1.39 1.21
 28   0.94 0.63 0.40 0.28 0.29 0.41 0.60 0.84 1.11 1.35 1.49 1.52 1.45 1.29 1.13 1.00 0.92 0.93 1.05 1.20 1.32 1.39 1.37 1.26
 29   1.08 0.85 0.59 0.36 0.22 0.25 0.43 0.67 0.93 1.23 1.46 1.59 1.57 1.45 1.27 1.10 0.97 0.91 0.95 1.07 1.19 1.29 1.31 1.23
 30   1.05 0.82 0.56 0.30 0.18 0.17 0.25 0.41 0.69 1.04 1.44 1.60 1.60 1.50 1.35 1.18 1.00 0.90 0.93 1.04 1.17 1.28 1.34 1.31
 31   1.16 0.93 0.69 0.42 0.21 0.15 0.23 0.45 0.74 1.06 1.35 1.57 1.67 1.64 1.51 1.33 1.13 0.99 0.94 1.01 1.14 1.27 1.35 1.35
 ----------------------------------------------------------------------------------------------------------------------------
                                                                                               
 ----------------------------------------------------------------------------------------------------------------------------
 ----------------------------------------------------------------------------------------------------------------------------
                                                          SURVEY OF INDIA
                                                    MARINE GEODESY WING (G&RB)
                                                     HOURLY HEIGHTS IN METRES
  NAME OF PORT:- NEW MANGALORE                                                                      MONTH JUNE      YEAR 2022
 ----------------------------------------------------------------------------------------------------------------------------
 DAYS 0000 0001 0002 0003 0004 0005 0006 0007 0008 0009 0010 0011 0012 0013 0014 0015 0016 0017 0018 0019 0020 0021 0022 0023
 ----------------------------------------------------------------------------------------------------------------------------
  1   1.25 1.07 0.84 0.59 0.35 0.20 0.19 0.30 0.47 0.69 0.99 1.28 1.50 1.60 1.56 1.43 1.24 1.05 0.93 0.91 1.00 1.12 1.22 1.27
  2   1.26 1.18 1.00 0.75 0.49 0.29 0.22 0.29 0.52 0.79 1.08 1.37 1.56 1.64 1.63 1.52 1.35 1.19 1.04 0.95 0.95 1.03 1.13 1.22
  3   1.26 1.22 1.08 0.87 0.63 0.41 0.26 0.24 0.39 0.65 0.91 1.16 1.38 1.53 1.59 1.53 1.39 1.21 1.04 0.93 0.90 0.97 1.07 1.17
  4   1.24 1.23 1.12 0.95 0.75 0.58 0.42 0.32 0.34 0.46 0.69 1.01 1.25 1.45 1.58 1.59 1.49 1.33 1.15 1.01 0.93 0.93 0.98 1.07
  5   1.18 1.23 1.21 1.09 0.93 0.78 0.61 0.46 0.43 0.52 0.71 0.93 1.16 1.36 1.51 1.57 1.53 1.41 1.26 1.11 0.96 0.91 0.93 1.01
  6   1.12 1.22 1.24 1.18 1.04 0.89 0.74 0.58 0.48 0.50 0.63 0.78 0.97 1.18 1.36 1.49 1.55 1.52 1.41 1.27 1.13 1.00 0.90 0.89
  7   0.96 1.06 1.13 1.15 1.12 1.05 0.95 0.84 0.73 0.65 0.64 0.71 0.84 1.01 1.23 1.41 1.50 1.52 1.47 1.37 1.23 1.08 0.95 0.87
  8   0.86 0.90 0.98 1.06 1.12 1.14 1.10 1.02 0.93 0.83 0.76 0.74 0.79 0.94 1.12 1.29 1.41 1.50 1.52 1.46 1.33 1.17 0.98 0.82
  9   0.73 0.71 0.77 0.87 0.99 1.11 1.18 1.18 1.13 1.02 0.89 0.81 0.81 0.90 1.04 1.18 1.33 1.43 1.48 1.46 1.35 1.13 0.88 0.69
 10   0.55 0.49 0.54 0.66 0.82 0.98 1.14 1.24 1.26 1.22 1.14 1.03 0.95 0.93 1.00 1.12 1.25 1.37 1.47 1.51 1.43 1.23 0.97 0.74
 11   0.53 0.40 0.36 0.45 0.65 0.85 1.08 1.29 1.41 1.45 1.39 1.27 1.13 1.04 1.02 1.06 1.16 1.29 1.42 1.50 1.49 1.38 1.22 1.02
 12   0.78 0.55 0.32 0.29 0.42 0.63 0.92 1.26 1.50 1.68 1.78 1.79 1.70 1.52 1.35 1.20 1.16 1.22 1.34 1.43 1.42 1.32 1.13 0.90
 13   0.68 0.46 0.24 0.16 0.21 0.39 0.64 0.92 1.26 1.52 1.62 1.58 1.42 1.21 1.00 0.94 0.97 1.06 1.21 1.34 1.39 1.33 1.18 0.99
 14   0.79 0.55 0.29 0.08 0.02 0.08 0.28 0.60 1.00 1.33 1.67 1.80 1.78 1.62 1.40 1.19 1.02 0.98 1.07 1.21 1.35 1.46 1.47 1.38
 15   1.17 0.87 0.53 0.29 0.17 0.13 0.21 0.41 0.74 1.13 1.50 1.77 1.88 1.84 1.62 1.37 1.14 0.99 0.99 1.07 1.22 1.37 1.48 1.49
 16   1.38 1.13 0.77 0.44 0.24 0.14 0.13 0.25 0.48 0.83 1.25 1.52 1.72 1.81 1.78 1.64 1.42 1.14 0.93 0.87 0.97 1.14 1.30 1.41
 17   1.44 1.39 1.27 1.08 0.80 0.52 0.28 0.15 0.20 0.47 0.77 1.14 1.49 1.75 1.84 1.81 1.69 1.52 1.30 1.04 0.87 0.86 0.95 1.13
 18   1.28 1.31 1.21 0.90 0.53 0.24 0.10 0.06 0.11 0.26 0.49 0.79 1.07 1.36 1.60 1.65 1.55 1.36 1.16 0.98 0.91 0.96 1.12 1.30
 19   1.41 1.44 1.40 1.29 1.11 0.88 0.60 0.35 0.25 0.34 0.60 0.90 1.26 1.57 1.75 1.76 1.64 1.44 1.23 1.05 0.94 0.91 1.01 1.20
 20   1.39 1.47 1.48 1.42 1.30 1.13 0.92 0.70 0.52 0.50 0.61 0.80 1.02 1.26 1.49 1.67 1.76 1.75 1.63 1.37 1.10 0.87 0.73 0.70
 21   0.77 0.89 1.04 1.19 1.24 1.21 1.11 0.96 0.80 0.68 0.66 0.75 0.95 1.17 1.35 1.49 1.59 1.61 1.51 1.30 1.05 0.83 0.66 0.56
 22   0.56 0.65 0.78 0.93 1.07 1.18 1.22 1.16 1.06 0.94 0.85 0.81 0.84 0.94 1.07 1.21 1.36 1.48 1.49 1.41 1.25 1.04 0.80 0.60
 23   0.50 0.48 0.51 0.59 0.72 0.89 1.05 1.19 1.25 1.22 1.08 0.92 0.90 0.97 1.11 1.27 1.44 1.54 1.56 1.49 1.36 1.19 0.99 0.77
 24   0.52 0.44 0.49 0.62 0.80 0.99 1.14 1.26 1.33 1.31 1.19 1.04 0.97 0.98 1.04 1.12 1.20 1.29 1.38 1.43 1.38 1.20 0.98 0.78
 25   0.57 0.39 0.27 0.31 0.51 0.76 0.98 1.19 1.37 1.49 1.52 1.44 1.31 1.20 1.11 1.07 1.11 1.21 1.32 1.39 1.39 1.30 1.14 0.95
 26   0.71 0.51 0.34 0.27 0.37 0.60 0.84 1.11 1.31 1.47 1.56 1.56 1.44 1.30 1.17 1.07 1.03 1.07 1.17 1.27 1.32 1.30 1.21 1.03
 27   0.81 0.58 0.39 0.24 0.24 0.41 0.63 0.91 1.18 1.38 1.54 1.59 1.55 1.42 1.27 1.13 1.01 0.98 1.04 1.14 1.24 1.30 1.25 1.11
 28   0.93 0.75 0.54 0.34 0.23 0.28 0.47 0.73 1.00 1.26 1.46 1.59 1.59 1.49 1.33 1.18 1.03 0.95 0.97 1.07 1.19 1.27 1.28 1.22
 29   1.08 0.86 0.63 0.37 0.21 0.20 0.31 0.53 0.79 1.06 1.33 1.53 1.61 1.56 1.42 1.23 1.05 0.91 0.86 0.91 1.02 1.12 1.19 1.19
 30   1.10 0.93 0.70 0.43 0.24 0.17 0.20 0.34 0.59 0.86 1.14 1.37 1.51 1.53 1.45 1.29 1.10 0.95 0.84 0.83 0.92 1.03 1.13 1.18
 ----------------------------------------------------------------------------------------------------------------------------
                                                                                              
 ----------------------------------------------------------------------------------------------------------------------------
 ----------------------------------------------------------------------------------------------------------------------------
                                                          SURVEY OF INDIA
                                                    MARINE GEODESY WING (G&RB)
                                                     HOURLY HEIGHTS IN METRES
  NAME OF PORT:- NEW MANGALORE                                                                      MONTH JULY      YEAR 2022
 ----------------------------------------------------------------------------------------------------------------------------
 DAYS 0000 0001 0002 0003 0004 0005 0006 0007 0008 0009 0010 0011 0012 0013 0014 0015 0016 0017 0018 0019 0020 0021 0022 0023
 ----------------------------------------------------------------------------------------------------------------------------
  1   1.16 1.05 0.86 0.60 0.36 0.19 0.11 0.19 0.39 0.64 0.94 1.24 1.44 1.53 1.51 1.39 1.21 1.02 0.88 0.83 0.87 0.99 1.16 1.24
  2   1.23 1.15 0.99 0.78 0.54 0.32 0.19 0.15 0.26 0.50 0.80 1.10 1.35 1.49 1.52 1.43 1.25 1.06 0.89 0.81 0.82 0.89 0.99 1.10
  3   1.17 1.16 1.07 0.91 0.67 0.44 0.27 0.19 0.22 0.39 0.65 0.95 1.22 1.41 1.49 1.46 1.31 1.11 0.94 0.80 0.77 0.84 0.94 1.04
  4   1.13 1.18 1.16 1.05 0.87 0.65 0.46 0.33 0.31 0.46 0.70 0.97 1.24 1.46 1.55 1.51 1.35 1.14 0.96 0.83 0.75 0.75 0.84 0.96
  5   1.08 1.16 1.16 1.08 0.91 0.74 0.57 0.45 0.42 0.50 0.72 0.93 1.13 1.31 1.47 1.53 1.48 1.31 1.12 0.93 0.75 0.65 0.65 0.73
  6   0.84 0.95 1.05 1.10 1.10 1.04 0.93 0.83 0.73 0.65 0.65 0.76 0.94 1.13 1.29 1.41 1.43 1.34 1.17 0.99 0.80 0.63 0.53 0.53
  7   0.61 0.74 0.87 0.97 1.01 0.97 0.83 0.67 0.54 0.48 0.53 0.67 0.86 1.06 1.28 1.41 1.46 1.43 1.33 1.17 0.99 0.78 0.59 0.47
  8   0.50 0.63 0.77 0.92 1.05 1.13 1.15 1.11 1.03 0.94 0.86 0.82 0.86 0.99 1.17 1.31 1.40 1.40 1.31 1.15 0.94 0.72 0.52 0.37
  9   0.29 0.31 0.46 0.64 0.82 1.00 1.14 1.21 1.21 1.13 1.03 0.94 0.90 0.95 1.06 1.17 1.26 1.32 1.32 1.24 1.06 0.82 0.56 0.30
 10   0.16 0.15 0.31 0.53 0.77 0.99 1.19 1.31 1.34 1.30 1.20 1.10 1.02 0.98 1.01 1.10 1.19 1.25 1.28 1.25 1.10 0.86 0.60 0.35
 11   0.16 0.07 0.09 0.28 0.52 0.79 1.07 1.31 1.46 1.51 1.48 1.37 1.26 1.15 1.04 0.98 1.01 1.09 1.19 1.29 1.32 1.25 1.07 0.83
 12   0.57 0.32 0.13-0.01-0.02 0.19 0.48 0.81 1.13 1.43 1.58 1.60 1.51 1.35 1.15 1.01 0.96 1.01 1.16 1.31 1.39 1.36 1.15 0.86
 13   0.60 0.38 0.21 0.10 0.06 0.14 0.37 0.66 0.95 1.30 1.61 1.69 1.63 1.45 1.23 1.05 0.91 0.85 0.91 1.06 1.23 1.32 1.28 1.14
 14   0.95 0.70 0.43 0.14-0.08-0.15 0.02 0.34 0.69 1.05 1.40 1.66 1.77 1.71 1.50 1.25 1.04 0.88 0.85 0.95 1.12 1.27 1.33 1.29
 15   1.18 1.00 0.77 0.47 0.17-0.04-0.06 0.15 0.59 1.11 1.45 1.66 1.78 1.80 1.69 1.44 1.15 0.88 0.75 0.78 0.95 1.17 1.35 1.49
 16   1.51 1.34 0.96 0.60 0.30 0.10-0.01 0.01 0.23 0.57 0.95 1.26 1.51 1.60 1.57 1.44 1.24 0.98 0.75 0.65 0.71 0.87 1.03 1.21
 17   1.36 1.38 1.27 1.05 0.74 0.41 0.19 0.09 0.19 0.45 0.79 1.15 1.44 1.65 1.73 1.64 1.39 1.05 0.78 0.57 0.51 0.60 0.76 0.93
 18   1.12 1.25 1.29 1.18 0.95 0.69 0.46 0.29 0.25 0.40 0.68 0.94 1.20 1.45 1.65 1.69 1.55 1.29 0.97 0.72 0.53 0.47 0.54 0.69
 19   0.87 1.05 1.18 1.23 1.18 1.04 0.83 0.65 0.52 0.50 0.64 0.87 1.10 1.36 1.57 1.67 1.60 1.41 1.16 0.87 0.63 0.46 0.39 0.45
 20   0.62 0.80 0.97 1.09 1.15 1.12 1.01 0.86 0.69 0.61 0.63 0.75 0.91 1.10 1.28 1.39 1.42 1.33 1.15 0.95 0.74 0.53 0.36 0.25
 21   0.22 0.30 0.45 0.62 0.80 0.95 1.01 0.97 0.88 0.79 0.74 0.76 0.85 0.98 1.11 1.23 1.30 1.26 1.12 0.87 0.62 0.40 0.27 0.24
 22   0.34 0.52 0.69 0.84 0.97 1.06 1.11 1.11 1.07 1.00 0.93 0.89 0.90 0.96 1.04 1.12 1.18 1.20 1.16 1.05 0.87 0.66 0.47 0.28
 23   0.18 0.21 0.34 0.51 0.68 0.87 1.02 1.14 1.20 1.19 1.11 1.03 0.97 0.95 0.97 1.01 1.05 1.09 1.10 1.05 0.95 0.80 0.62 0.42
 24   0.29 0.25 0.28 0.39 0.54 0.70 0.89 1.07 1.19 1.26 1.25 1.17 1.08 0.99 0.94 0.94 0.97 1.01 1.06 1.08 1.03 0.92 0.76 0.55
 25   0.38 0.27 0.21 0.23 0.32 0.46 0.64 0.84 1.03 1.18 1.27 1.26 1.17 1.07 0.97 0.90 0.88 0.91 0.96 1.00 1.03 1.00 0.88 0.73
 26   0.56 0.40 0.24 0.15 0.17 0.29 0.49 0.73 0.96 1.17 1.33 1.38 1.32 1.19 1.05 0.95 0.88 0.86 0.91 0.99 1.06 1.07 0.98 0.83
 27   0.67 0.52 0.37 0.25 0.20 0.27 0.46 0.69 0.95 1.19 1.36 1.45 1.43 1.31 1.17 1.03 0.91 0.85 0.87 0.95 1.03 1.07 1.05 0.96
 28   0.81 0.65 0.49 0.33 0.23 0.23 0.37 0.59 0.86 1.12 1.33 1.47 1.50 1.42 1.27 1.09 0.94 0.84 0.83 0.91 1.02 1.12 1.18 1.15
 29   1.01 0.81 0.59 0.37 0.19 0.12 0.15 0.28 0.53 0.79 1.06 1.31 1.45 1.45 1.33 1.15 0.99 0.85 0.78 0.81 0.92 1.05 1.15 1.18
 30   1.11 0.94 0.74 0.52 0.30 0.16 0.13 0.23 0.49 0.73 1.00 1.22 1.39 1.48 1.47 1.37 1.18 0.97 0.81 0.73 0.77 0.89 1.02 1.13
 31   1.17 1.13 1.02 0.85 0.63 0.41 0.22 0.18 0.28 0.48 0.74 1.04 1.29 1.44 1.49 1.40 1.23 1.02 0.83 0.66 0.60 0.67 0.81 0.96
 ----------------------------------------------------------------------------------------------------------------------------
                                                                                              
 ----------------------------------------------------------------------------------------------------------------------------
 ----------------------------------------------------------------------------------------------------------------------------
                                                          SURVEY OF INDIA
                                                    MARINE GEODESY WING (G&RB)
                                                     HOURLY HEIGHTS IN METRES
  NAME OF PORT:- NEW MANGALORE                                                                      MONTH AUGUST    YEAR 2022
 ----------------------------------------------------------------------------------------------------------------------------
 DAYS 0000 0001 0002 0003 0004 0005 0006 0007 0008 0009 0010 0011 0012 0013 0014 0015 0016 0017 0018 0019 0020 0021 0022 0023
 ----------------------------------------------------------------------------------------------------------------------------
  1   1.04 1.07 1.04 0.95 0.80 0.60 0.38 0.13 0.01 0.05 0.28 0.92 1.21 1.31 1.29 1.16 0.92 0.69 0.49 0.37 0.38 0.49 0.66 0.82
  2   0.98 1.06 1.01 0.83 0.62 0.39 0.19 0.13 0.19 0.35 0.59 0.86 1.11 1.25 1.29 1.21 1.01 0.77 0.55 0.37 0.29 0.35 0.49 0.66
  3   0.84 1.00 1.03 0.95 0.78 0.60 0.42 0.30 0.26 0.35 0.55 0.77 1.01 1.19 1.31 1.29 1.12 0.89 0.67 0.44 0.28 0.26 0.34 0.49
  4   0.65 0.83 0.95 0.98 0.94 0.83 0.68 0.54 0.45 0.45 0.65 0.85 1.01 1.16 1.28 1.30 1.21 1.01 0.78 0.52 0.32 0.21 0.20 0.32
  5   0.49 0.65 0.83 0.96 1.00 0.98 0.90 0.77 0.64 0.60 0.64 0.76 0.90 1.04 1.17 1.24 1.21 1.07 0.87 0.64 0.44 0.23 0.13 0.15
  6   0.26 0.41 0.58 0.77 0.90 0.98 0.99 0.94 0.85 0.76 0.72 0.75 0.84 0.94 1.05 1.13 1.14 1.08 0.94 0.74 0.51 0.29 0.13 0.04
  7   0.07 0.19 0.35 0.57 0.75 0.91 1.03 1.09 1.08 1.01 0.93 0.86 0.85 0.91 0.99 1.06 1.12 1.13 1.08 0.95 0.73 0.51 0.27 0.09
  8   0.02 0.05 0.16 0.33 0.53 0.76 0.95 1.11 1.21 1.20 1.12 1.03 0.95 0.90 0.91 0.95 1.01 1.07 1.09 1.04 0.92 0.73 0.47 0.25
  9   0.08-0.02-0.05 0.01 0.17 0.45 0.73 0.98 1.16 1.28 1.30 1.21 1.08 0.95 0.86 0.84 0.89 1.00 1.09 1.13 1.11 1.00 0.79 0.55
 10   0.30 0.08-0.05-0.09 0.01 0.23 0.53 0.83 1.10 1.32 1.47 1.46 1.31 1.13 0.96 0.84 0.78 0.80 0.90 1.04 1.13 1.15 1.09 0.98
 11   0.82 0.63 0.37 0.13-0.01 0.03 0.24 0.51 0.82 1.14 1.37 1.48 1.45 1.27 1.05 0.84 0.71 0.67 0.73 0.85 1.02 1.13 1.15 1.09
 12   0.93 0.66 0.40 0.14-0.09-0.15-0.07 0.13 0.39 0.72 1.07 1.33 1.43 1.35 1.09 0.83 0.61 0.45 0.45 0.63 0.83 1.03 1.19 1.23
 13   1.17 0.97 0.64 0.28 0.03-0.12-0.11 0.08 0.37 0.70 1.04 1.38 1.55 1.51 1.23 0.87 0.54 0.36 0.32 0.43 0.65 0.88 1.07 1.17
 14   1.18 1.08 0.84 0.47 0.18-0.01-0.06 0.03 0.25 0.53 0.83 1.13 1.38 1.47 1.36 1.00 0.60 0.33 0.17 0.16 0.33 0.57 0.80 1.03
 15   1.20 1.22 1.07 0.80 0.47 0.19 0.09 0.14 0.34 0.62 0.87 1.15 1.39 1.50 1.47 1.28 0.94 0.58 0.25 0.07 0.07 0.29 0.54 0.77
 16   0.99 1.15 1.19 1.14 1.02 0.85 0.64 0.47 0.41 0.49 0.73 1.01 1.24 1.42 1.45 1.34 1.09 0.76 0.41 0.18 0.05 0.08 0.29 0.51
 17   0.73 0.95 1.09 1.10 0.90 0.63 0.42 0.29 0.29 0.44 0.65 0.85 1.05 1.21 1.31 1.28 1.12 0.89 0.60 0.31 0.13 0.05 0.11 0.28
 18   0.49 0.69 0.90 1.01 1.02 0.96 0.85 0.71 0.59 0.56 0.65 0.81 0.97 1.11 1.21 1.23 1.13 0.94 0.73 0.53 0.34 0.18 0.14 0.21
 19   0.37 0.58 0.77 0.90 0.99 1.03 1.00 0.92 0.82 0.74 0.73 0.81 0.92 1.05 1.15 1.20 1.17 1.05 0.89 0.71 0.51 0.35 0.22 0.21
 20   0.28 0.42 0.59 0.75 0.88 0.97 1.03 1.04 0.99 0.91 0.84 0.82 0.84 0.91 1.00 1.06 1.07 1.03 0.96 0.86 0.75 0.61 0.45 0.31
 21   0.23 0.22 0.26 0.35 0.49 0.67 0.85 1.02 1.08 1.06 1.00 0.94 0.91 0.92 0.96 1.01 1.04 1.04 1.00 0.92 0.82 0.71 0.58 0.43
 22   0.28 0.17 0.17 0.23 0.35 0.53 0.73 0.93 1.09 1.17 1.16 1.07 0.98 0.92 0.90 0.92 0.96 1.01 1.05 1.05 1.00 0.90 0.77 0.63
 23   0.48 0.32 0.22 0.20 0.25 0.38 0.59 0.87 1.15 1.27 1.31 1.29 1.23 1.13 1.01 0.89 0.83 0.84 0.90 0.96 0.99 0.96 0.84 0.61
 24   0.39 0.26 0.22 0.25 0.34 0.49 0.71 0.94 1.17 1.38 1.43 1.39 1.26 1.12 0.97 0.85 0.78 0.79 0.86 0.95 0.99 0.96 0.79 0.49
 25   0.35 0.30 0.31 0.37 0.46 0.61 0.80 1.01 1.17 1.25 1.27 1.24 1.17 1.08 0.98 0.87 0.75 0.66 0.64 0.71 0.85 0.96 1.00 0.97
 26   0.89 0.76 0.58 0.37 0.20 0.14 0.25 0.48 0.75 1.03 1.25 1.36 1.36 1.29 1.17 1.04 0.92 0.80 0.69 0.64 0.65 0.68 0.71 0.69
 27   0.61 0.48 0.34 0.21 0.11 0.10 0.21 0.47 0.81 1.09 1.28 1.41 1.43 1.31 1.11 0.91 0.74 0.65 0.67 0.79 0.90 0.96 0.95 0.88
 28   0.76 0.60 0.43 0.28 0.15 0.14 0.31 0.55 0.78 1.00 1.21 1.38 1.44 1.38 1.20 1.00 0.83 0.70 0.66 0.69 0.76 0.84 0.91 0.96
 29   0.98 0.94 0.83 0.65 0.44 0.25 0.16 0.22 0.45 0.71 1.04 1.31 1.45 1.43 1.27 1.00 0.73 0.50 0.39 0.41 0.57 0.75 0.94 1.13
 30   1.27 1.25 1.09 0.87 0.62 0.40 0.29 0.32 0.49 0.71 0.94 1.14 1.30 1.35 1.28 1.05 0.78 0.48 0.31 0.30 0.40 0.59 0.83 1.06
 31   1.21 1.28 1.28 1.19 1.01 0.78 0.55 0.41 0.42 0.67 0.95 1.22 1.39 1.46 1.40 1.21 0.97 0.70 0.48 0.40 0.42 0.54 0.72 0.93
 ----------------------------------------------------------------------------------------------------------------------------
                                                                                               
 ----------------------------------------------------------------------------------------------------------------------------
 ----------------------------------------------------------------------------------------------------------------------------
                                                          SURVEY OF INDIA
                                                    MARINE GEODESY WING (G&RB)
                                                     HOURLY HEIGHTS IN METRES
  NAME OF PORT:- NEW MANGALORE                                                                      MONTH SEPT      YEAR 2022
 ----------------------------------------------------------------------------------------------------------------------------
 DAYS 0000 0001 0002 0003 0004 0005 0006 0007 0008 0009 0010 0011 0012 0013 0014 0015 0016 0017 0018 0019 0020 0021 0022 0023
 ----------------------------------------------------------------------------------------------------------------------------
  1   1.14 1.28 1.32 1.24 1.09 0.91 0.73 0.61 0.59 0.70 0.92 1.15 1.32 1.42 1.42 1.29 1.05 0.81 0.62 0.47 0.38 0.37 0.43 0.57
  2   0.74 0.92 1.12 1.24 1.24 1.15 1.02 0.88 0.78 0.76 0.84 1.00 1.16 1.29 1.35 1.33 1.20 0.98 0.76 0.56 0.44 0.40 0.46 0.61
  3   0.83 1.08 1.25 1.36 1.39 1.34 1.21 1.08 0.99 0.96 1.02 1.15 1.28 1.37 1.40 1.38 1.30 1.16 0.99 0.78 0.56 0.36 0.28 0.34
  4   0.53 0.77 0.97 1.13 1.26 1.34 1.34 1.25 1.15 1.06 1.03 1.07 1.14 1.21 1.27 1.32 1.32 1.26 1.13 0.93 0.69 0.53 0.41 0.38
  5   0.43 0.59 0.79 0.96 1.11 1.24 1.34 1.37 1.32 1.22 1.13 1.06 1.04 1.08 1.14 1.21 1.24 1.22 1.13 0.99 0.80 0.61 0.42 0.26
  6   0.24 0.29 0.42 0.61 0.82 1.03 1.22 1.36 1.42 1.38 1.28 1.17 1.09 1.04 1.03 1.05 1.10 1.16 1.18 1.13 1.01 0.80 0.61 0.42
  7   0.28 0.21 0.23 0.35 0.53 0.75 1.04 1.26 1.41 1.46 1.40 1.28 1.11 0.94 0.84 0.83 0.88 0.98 1.08 1.14 1.14 1.07 0.92 0.68
  8   0.44 0.26 0.16 0.13 0.21 0.45 0.70 0.96 1.25 1.41 1.46 1.39 1.23 1.04 0.87 0.73 0.66 0.71 0.85 1.02 1.15 1.19 1.12 0.93
  9   0.72 0.49 0.26 0.12 0.10 0.23 0.48 0.77 1.11 1.37 1.56 1.57 1.43 1.19 0.94 0.70 0.56 0.59 0.73 0.93 1.15 1.35 1.45 1.39
 10   1.19 0.91 0.61 0.37 0.22 0.23 0.43 0.73 1.05 1.33 1.60 1.72 1.66 1.44 1.13 0.81 0.55 0.47 0.57 0.77 0.99 1.22 1.40 1.47
 11   1.42 1.25 0.93 0.61 0.37 0.28 0.38 0.65 0.96 1.26 1.53 1.69 1.71 1.55 1.26 0.90 0.53 0.33 0.30 0.46 0.72 1.00 1.23 1.43
 12   1.51 1.43 1.21 0.91 0.63 0.43 0.40 0.55 0.80 1.07 1.36 1.59 1.66 1.58 1.38 1.06 0.69 0.37 0.19 0.21 0.45 0.76 1.03 1.28
 13   1.46 1.50 1.37 1.16 0.89 0.63 0.49 0.51 0.69 0.95 1.19 1.44 1.59 1.57 1.40 1.14 0.78 0.45 0.23 0.17 0.27 0.50 0.79 1.06
 14   1.34 1.47 1.46 1.32 1.12 0.87 0.68 0.62 0.68 0.90 1.16 1.35 1.49 1.54 1.47 1.27 0.98 0.65 0.35 0.22 0.22 0.38 0.63 0.89
 15   1.18 1.39 1.47 1.44 1.29 1.11 0.92 0.78 0.76 0.85 1.00 1.17 1.33 1.41 1.38 1.24 1.04 0.76 0.49 0.28 0.20 0.25 0.42 0.63
 16   0.85 1.04 1.22 1.29 1.27 1.16 1.00 0.87 0.81 0.82 0.91 1.05 1.18 1.26 1.26 1.17 1.00 0.80 0.56 0.33 0.21 0.23 0.34 0.51
 17   0.71 0.89 1.07 1.19 1.23 1.19 1.08 0.97 0.87 0.82 0.85 0.94 1.05 1.14 1.17 1.12 0.99 0.82 0.61 0.43 0.30 0.26 0.31 0.44
 18   0.60 0.75 0.90 1.03 1.09 1.09 1.04 0.97 0.90 0.87 0.89 0.94 1.00 1.05 1.07 1.06 1.01 0.92 0.80 0.67 0.52 0.42 0.37 0.37
 19   0.44 0.57 0.71 0.86 0.99 1.09 1.16 1.18 1.15 1.09 1.02 0.97 0.96 0.98 1.01 1.03 1.02 0.97 0.90 0.81 0.71 0.61 0.51 0.45
 20   0.44 0.48 0.57 0.72 0.86 0.99 1.12 1.20 1.22 1.19 1.12 1.05 0.98 0.91 0.87 0.87 0.89 0.91 0.92 0.89 0.83 0.75 0.65 0.54
 21   0.44 0.41 0.45 0.54 0.67 0.81 0.97 1.11 1.22 1.25 1.21 1.12 1.03 0.94 0.86 0.82 0.82 0.86 0.92 0.97 0.97 0.92 0.81 0.67
 22   0.56 0.46 0.40 0.42 0.52 0.69 0.88 1.07 1.23 1.31 1.31 1.23 1.12 0.99 0.87 0.77 0.77 0.83 0.92 1.01 1.08 1.09 1.03 0.91
 23   0.75 0.58 0.45 0.39 0.42 0.55 0.75 0.98 1.19 1.37 1.42 1.38 1.26 1.10 0.90 0.76 0.70 0.73 0.85 0.97 1.10 1.18 1.19 1.12
 24   0.96 0.77 0.59 0.46 0.41 0.47 0.65 0.86 1.12 1.31 1.43 1.45 1.34 1.14 0.91 0.71 0.59 0.57 0.67 0.84 1.00 1.15 1.25 1.25
 25   1.14 0.97 0.74 0.53 0.41 0.42 0.56 0.78 1.03 1.27 1.45 1.49 1.40 1.20 0.92 0.69 0.51 0.47 0.57 0.78 0.99 1.17 1.31 1.36
 26   1.28 1.10 0.82 0.59 0.45 0.43 0.57 0.80 1.03 1.26 1.45 1.53 1.47 1.28 1.00 0.70 0.45 0.34 0.39 0.57 0.78 1.01 1.21 1.36
 27   1.38 1.28 1.06 0.82 0.58 0.46 0.47 0.68 0.92 1.14 1.35 1.50 1.49 1.35 1.08 0.76 0.48 0.25 0.22 0.34 0.55 0.76 0.98 1.20
 28   1.39 1.44 1.32 1.09 0.83 0.61 0.54 0.65 0.86 1.08 1.29 1.47 1.53 1.44 1.17 0.86 0.53 0.27 0.14 0.20 0.40 0.68 0.97 1.25
 29   1.47 1.56 1.49 1.32 1.09 0.88 0.71 0.68 0.81 1.02 1.22 1.44 1.56 1.51 1.33 1.05 0.70 0.41 0.19 0.15 0.24 0.44 0.68 0.95
 30   1.22 1.41 1.52 1.51 1.32 1.08 0.89 0.79 0.81 0.93 1.11 1.28 1.40 1.43 1.32 1.10 0.82 0.50 0.24 0.13 0.15 0.28 0.53 0.82
 ----------------------------------------------------------------------------------------------------------------------------
                                                                                               
 ----------------------------------------------------------------------------------------------------------------------------
 ----------------------------------------------------------------------------------------------------------------------------
                                                          SURVEY OF INDIA
                                                    MARINE GEODESY WING (G&RB)
                                                     HOURLY HEIGHTS IN METRES
  NAME OF PORT:- NEW MANGALORE                                                                      MONTH OCTOBER   YEAR 2022
 ----------------------------------------------------------------------------------------------------------------------------
 DAYS 0000 0001 0002 0003 0004 0005 0006 0007 0008 0009 0010 0011 0012 0013 0014 0015 0016 0017 0018 0019 0020 0021 0022 0023
 ----------------------------------------------------------------------------------------------------------------------------
  1   1.09 1.32 1.44 1.46 1.37 1.20 1.04 0.90 0.84 0.89 1.03 1.18 1.31 1.37 1.34 1.20 0.99 0.72 0.45 0.23 0.15 0.18 0.34 0.54
  2   0.80 1.06 1.28 1.41 1.44 1.36 1.23 1.09 0.96 0.92 0.96 1.06 1.16 1.25 1.28 1.22 1.08 0.86 0.61 0.38 0.22 0.17 0.23 0.39
  3   0.59 0.83 1.04 1.22 1.34 1.37 1.31 1.20 1.08 0.98 0.94 0.95 1.00 1.06 1.11 1.13 1.11 1.04 0.90 0.70 0.48 0.30 0.23 0.25
  4   0.33 0.46 0.62 0.79 0.98 1.13 1.25 1.30 1.25 1.13 0.99 0.92 0.92 0.95 0.99 1.03 1.06 1.06 1.00 0.88 0.73 0.57 0.41 0.31
  5   0.31 0.41 0.58 0.76 0.93 1.12 1.31 1.41 1.42 1.34 1.21 1.09 0.98 0.90 0.87 0.90 0.98 1.08 1.14 1.13 1.06 0.92 0.74 0.57
  6   0.45 0.41 0.46 0.58 0.75 0.95 1.18 1.38 1.49 1.48 1.39 1.22 1.02 0.85 0.72 0.68 0.73 0.84 0.98 1.11 1.18 1.14 1.00 0.83
  7   0.65 0.49 0.40 0.40 0.51 0.71 0.95 1.18 1.40 1.50 1.45 1.30 1.08 0.82 0.59 0.46 0.48 0.60 0.77 0.99 1.16 1.25 1.23 1.10
  8   0.90 0.67 0.48 0.36 0.36 0.51 0.77 1.05 1.29 1.48 1.54 1.49 1.34 1.14 0.91 0.66 0.52 0.54 0.65 0.83 1.06 1.27 1.31 1.21
  9   1.03 0.83 0.65 0.50 0.42 0.45 0.58 0.80 1.06 1.38 1.54 1.52 1.38 1.12 0.74 0.40 0.22 0.18 0.26 0.41 0.62 0.88 1.16 1.33
 10   1.38 1.26 1.00 0.72 0.51 0.44 0.53 0.77 1.01 1.24 1.44 1.51 1.43 1.21 0.88 0.50 0.23 0.14 0.18 0.32 0.56 0.80 1.08 1.33
 11   1.48 1.46 1.30 1.02 0.76 0.60 0.58 0.73 0.95 1.17 1.38 1.53 1.52 1.34 1.06 0.68 0.35 0.17 0.12 0.22 0.46 0.80 1.12 1.38
 12   1.56 1.60 1.51 1.30 0.98 0.77 0.69 0.74 0.90 1.10 1.26 1.40 1.46 1.39 1.15 0.84 0.54 0.27 0.13 0.12 0.27 0.54 0.86 1.19
 13   1.42 1.56 1.56 1.45 1.26 1.01 0.82 0.76 0.82 0.98 1.15 1.28 1.36 1.34 1.19 0.94 0.64 0.36 0.13 0.08 0.16 0.36 0.62 0.98
 14   1.26 1.43 1.50 1.44 1.28 1.10 0.94 0.84 0.82 0.90 1.03 1.20 1.35 1.39 1.30 1.06 0.82 0.60 0.36 0.24 0.24 0.33 0.50 0.73
 15   0.92 1.11 1.29 1.42 1.42 1.31 1.14 0.95 0.86 0.87 0.93 1.02 1.11 1.19 1.20 1.11 0.94 0.70 0.46 0.30 0.26 0.34 0.51 0.70
 16   0.92 1.14 1.28 1.35 1.34 1.27 1.18 1.10 1.02 0.98 1.01 1.10 1.20 1.27 1.27 1.21 1.08 0.92 0.76 0.60 0.44 0.37 0.41 0.60
 17   0.81 1.00 1.17 1.30 1.38 1.39 1.34 1.26 1.18 1.10 1.05 1.05 1.11 1.19 1.24 1.23 1.18 1.08 0.96 0.83 0.70 0.60 0.58 0.65
 18   0.78 0.93 1.08 1.22 1.33 1.40 1.43 1.41 1.34 1.26 1.18 1.12 1.08 1.07 1.09 1.13 1.14 1.11 1.05 0.97 0.88 0.78 0.68 0.66
 19   0.70 0.81 0.93 1.06 1.18 1.28 1.37 1.41 1.39 1.32 1.23 1.14 1.06 1.01 0.99 1.00 1.02 1.04 1.05 1.02 0.95 0.87 0.78 0.70
 20   0.68 0.71 0.78 0.88 0.99 1.12 1.24 1.35 1.38 1.34 1.24 1.12 1.01 0.91 0.83 0.81 0.84 0.89 0.95 1.00 1.02 0.99 0.91 0.81
 21   0.71 0.64 0.62 0.64 0.71 0.83 1.00 1.18 1.32 1.36 1.32 1.20 1.06 0.93 0.79 0.71 0.71 0.77 0.87 0.96 1.05 1.10 1.09 1.01
 22   0.89 0.77 0.69 0.66 0.70 0.83 1.02 1.21 1.36 1.44 1.44 1.34 1.15 0.96 0.77 0.64 0.63 0.70 0.82 0.98 1.13 1.26 1.31 1.27
 23   1.17 1.02 0.86 0.76 0.73 0.79 0.92 1.12 1.32 1.48 1.51 1.43 1.25 1.00 0.78 0.60 0.52 0.56 0.70 0.90 1.13 1.35 1.46 1.46
 24   1.36 1.15 0.94 0.78 0.68 0.68 0.81 1.03 1.23 1.41 1.51 1.48 1.32 1.08 0.78 0.52 0.36 0.36 0.48 0.72 1.00 1.27 1.49 1.57
 25   1.51 1.35 1.11 0.90 0.73 0.67 0.76 0.94 1.14 1.34 1.46 1.47 1.31 1.04 0.71 0.40 0.20 0.14 0.25 0.48 0.75 1.06 1.34 1.54
 26   1.57 1.50 1.33 1.10 0.87 0.71 0.71 0.86 1.07 1.25 1.39 1.45 1.39 1.19 0.80 0.40 0.14 0.00 0.02 0.20 0.46 0.80 1.15 1.45
 27   1.62 1.63 1.51 1.24 0.97 0.78 0.75 0.82 0.97 1.14 1.30 1.42 1.43 1.26 0.95 0.60 0.24 0.02-0.06 0.04 0.30 0.64 1.00 1.35
 28   1.65 1.73 1.67 1.50 1.24 1.00 0.86 0.86 0.95 1.10 1.29 1.44 1.49 1.41 1.16 0.86 0.50 0.20 0.03 0.01 0.18 0.46 0.78 1.16
 29   1.48 1.67 1.75 1.70 1.50 1.24 1.04 0.94 0.95 1.06 1.21 1.36 1.47 1.46 1.30 1.03 0.74 0.41 0.18 0.07 0.12 0.34 0.61 0.92
 30   1.26 1.58 1.74 1.76 1.64 1.47 1.29 1.12 1.05 1.07 1.17 1.29 1.42 1.49 1.44 1.28 1.06 0.78 0.48 0.26 0.21 0.29 0.50 0.75
 31   1.06 1.39 1.61 1.73 1.73 1.64 1.49 1.31 1.16 1.09 1.11 1.18 1.27 1.34 1.39 1.37 1.27 1.07 0.83 0.61 0.43 0.38 0.44 0.60
 ----------------------------------------------------------------------------------------------------------------------------
                                                                                               
 ----------------------------------------------------------------------------------------------------------------------------
 ----------------------------------------------------------------------------------------------------------------------------
                                                          SURVEY OF INDIA
                                                    MARINE GEODESY WING (G&RB)
                                                     HOURLY HEIGHTS IN METRES
  NAME OF PORT:- NEW MANGALORE                                                                      MONTH NOVEMBER  YEAR 2022
 ----------------------------------------------------------------------------------------------------------------------------
 DAYS 0000 0001 0002 0003 0004 0005 0006 0007 0008 0009 0010 0011 0012 0013 0014 0015 0016 0017 0018 0019 0020 0021 0022 0023
 ----------------------------------------------------------------------------------------------------------------------------
  1   0.81 1.04 1.28 1.48 1.62 1.68 1.64 1.50 1.34 1.20 1.12 1.11 1.14 1.21 1.31 1.37 1.36 1.28 1.16 1.00 0.82 0.66 0.59 0.64
  2   0.80 1.00 1.19 1.39 1.56 1.69 1.74 1.70 1.56 1.38 1.23 1.12 1.07 1.07 1.10 1.15 1.22 1.28 1.28 1.21 1.08 0.91 0.78 0.70
  3   0.70 0.80 0.94 1.11 1.29 1.47 1.62 1.68 1.62 1.46 1.24 1.04 0.91 0.84 0.84 0.89 0.99 1.10 1.20 1.26 1.26 1.16 1.00 0.86
  4   0.77 0.75 0.81 0.93 1.08 1.27 1.48 1.62 1.66 1.57 1.41 1.18 0.95 0.76 0.64 0.66 0.77 0.93 1.10 1.25 1.38 1.40 1.32 1.17
  5   1.02 0.88 0.82 0.85 0.96 1.12 1.34 1.53 1.65 1.68 1.59 1.40 1.14 0.86 0.63 0.53 0.58 0.72 0.94 1.16 1.37 1.54 1.56 1.47
  6   1.32 1.16 1.01 0.91 0.93 1.06 1.25 1.43 1.59 1.70 1.67 1.51 1.25 0.93 0.64 0.42 0.36 0.46 0.67 0.94 1.21 1.44 1.63 1.66
  7   1.56 1.38 1.15 0.95 0.85 0.91 1.10 1.30 1.46 1.58 1.62 1.54 1.34 1.03 0.68 0.39 0.29 0.32 0.46 0.73 1.00 1.32 1.58 1.69
  8   1.68 1.57 1.36 1.12 0.93 0.87 0.96 1.12 1.28 1.43 1.53 1.51 1.33 1.08 0.74 0.43 0.19 0.14 0.28 0.57 0.86 1.19 1.48 1.67
  9   1.71 1.63 1.44 1.20 1.00 0.87 0.87 0.99 1.15 1.32 1.45 1.45 1.33 1.12 0.81 0.50 0.22 0.10 0.12 0.31 0.63 0.93 1.24 1.54
 10   1.68 1.68 1.56 1.34 1.11 0.94 0.87 0.92 1.03 1.18 1.32 1.38 1.34 1.16 0.90 0.60 0.32 0.14 0.09 0.22 0.50 0.80 1.12 1.40
 11   1.60 1.68 1.65 1.50 1.24 1.03 0.91 0.89 0.98 1.11 1.24 1.32 1.32 1.22 1.02 0.78 0.52 0.26 0.12 0.13 0.34 0.62 0.91 1.22
 12   1.47 1.62 1.64 1.55 1.36 1.16 1.00 0.89 0.90 1.00 1.13 1.23 1.28 1.26 1.13 0.92 0.68 0.47 0.28 0.21 0.26 0.44 0.74 1.03
 13   1.28 1.48 1.58 1.56 1.45 1.30 1.14 1.01 0.95 0.98 1.06 1.16 1.24 1.26 1.18 1.04 0.86 0.67 0.48 0.36 0.34 0.48 0.70 0.92
 14   1.18 1.40 1.54 1.57 1.52 1.40 1.24 1.10 1.02 1.02 1.07 1.14 1.20 1.22 1.19 1.10 0.96 0.80 0.64 0.49 0.44 0.50 0.64 0.80
 15   1.00 1.20 1.38 1.49 1.49 1.42 1.32 1.19 1.06 1.00 1.00 1.04 1.09 1.14 1.16 1.13 1.05 0.92 0.79 0.66 0.57 0.55 0.60 0.73
 16   0.90 1.10 1.28 1.41 1.48 1.47 1.40 1.30 1.18 1.06 0.98 0.95 0.96 0.99 1.02 1.03 1.02 0.98 0.90 0.80 0.70 0.64 0.64 0.70
 17   0.82 0.95 1.09 1.23 1.35 1.42 1.42 1.36 1.25 1.14 1.04 0.95 0.92 0.93 0.97 1.01 1.05 1.07 1.05 0.99 0.91 0.82 0.75 0.75
 18   0.81 0.93 1.06 1.20 1.34 1.43 1.48 1.47 1.38 1.23 1.09 0.98 0.89 0.84 0.84 0.88 0.95 1.03 1.12 1.14 1.10 1.03 0.95 0.88
 19   0.85 0.88 0.96 1.06 1.19 1.32 1.43 1.48 1.44 1.32 1.16 0.98 0.83 0.72 0.66 0.69 0.79 0.91 1.05 1.17 1.23 1.22 1.14 1.03
 20   0.94 0.90 0.91 0.97 1.08 1.22 1.36 1.46 1.48 1.40 1.26 1.06 0.86 0.66 0.55 0.54 0.62 0.78 0.95 1.14 1.32 1.40 1.39 1.31
 21   1.19 1.05 0.97 0.96 1.03 1.15 1.28 1.41 1.49 1.49 1.38 1.13 0.87 0.61 0.43 0.38 0.46 0.65 0.88 1.10 1.33 1.50 1.56 1.50
 22   1.36 1.21 1.07 0.99 1.00 1.11 1.26 1.41 1.52 1.54 1.44 1.24 1.00 0.70 0.40 0.24 0.24 0.42 0.68 0.98 1.30 1.54 1.70 1.73
 23   1.63 1.43 1.24 1.08 1.01 1.05 1.19 1.34 1.49 1.55 1.48 1.30 1.04 0.70 0.38 0.14 0.05 0.14 0.41 0.73 1.05 1.38 1.63 1.73
 24   1.71 1.58 1.36 1.13 0.97 0.93 1.02 1.17 1.32 1.44 1.47 1.36 1.12 0.80 0.46 0.16-0.03-0.09 0.05 0.36 0.71 1.11 1.44 1.66
 25   1.75 1.71 1.56 1.32 1.10 0.96 0.94 1.05 1.22 1.37 1.48 1.49 1.34 1.06 0.72 0.38 0.09-0.07-0.05 0.21 0.56 0.92 1.29 1.60
 26   1.79 1.86 1.76 1.53 1.30 1.11 1.01 1.04 1.16 1.30 1.44 1.53 1.49 1.34 1.10 0.74 0.37 0.12-0.02 0.01 0.28 0.60 0.93 1.30
 27   1.62 1.84 1.90 1.80 1.56 1.31 1.11 1.02 1.05 1.15 1.28 1.42 1.49 1.46 1.30 1.02 0.73 0.40 0.18 0.09 0.20 0.46 0.75 1.09
 28   1.44 1.72 1.86 1.88 1.75 1.53 1.32 1.13 1.03 1.06 1.16 1.26 1.36 1.42 1.39 1.25 1.04 0.75 0.47 0.30 0.28 0.40 0.62 0.88
 29   1.18 1.49 1.68 1.77 1.76 1.62 1.41 1.21 1.04 0.96 0.98 1.08 1.19 1.28 1.33 1.32 1.22 1.05 0.82 0.59 0.48 0.50 0.63 0.81
 30   1.02 1.28 1.51 1.70 1.78 1.75 1.63 1.44 1.24 1.06 0.98 0.98 1.04 1.13 1.21 1.28 1.31 1.26 1.13 0.98 0.83 0.73 0.71 0.78
 ----------------------------------------------------------------------------------------------------------------------------
                                                                                               
 ----------------------------------------------------------------------------------------------------------------------------
 ----------------------------------------------------------------------------------------------------------------------------
                                                          SURVEY OF INDIA
                                                    MARINE GEODESY WING (G&RB)
                                                     HOURLY HEIGHTS IN METRES
  NAME OF PORT:- NEW MANGALORE                                                                      MONTH DECEMBER  YEAR 2022
 ----------------------------------------------------------------------------------------------------------------------------
 DAYS 0000 0001 0002 0003 0004 0005 0006 0007 0008 0009 0010 0011 0012 0013 0014 0015 0016 0017 0018 0019 0020 0021 0022 0023
 ----------------------------------------------------------------------------------------------------------------------------
  1   0.93 1.13 1.36 1.54 1.69 1.76 1.73 1.61 1.40 1.18 0.97 0.85 0.84 0.90 0.99 1.09 1.19 1.27 1.29 1.23 1.13 1.01 0.90 0.86
  2   0.92 1.07 1.22 1.39 1.56 1.68 1.73 1.69 1.55 1.30 1.07 0.88 0.74 0.72 0.78 0.89 1.04 1.18 1.30 1.37 1.35 1.26 1.15 1.03
  3   0.98 1.04 1.16 1.29 1.41 1.55 1.66 1.69 1.62 1.45 1.27 1.10 0.93 0.81 0.78 0.87 1.01 1.15 1.27 1.35 1.38 1.32 1.22 1.12
  4   1.07 1.07 1.12 1.19 1.29 1.41 1.52 1.62 1.64 1.54 1.33 1.05 0.78 0.56 0.42 0.41 0.56 0.77 1.00 1.24 1.48 1.59 1.58 1.48
  5   1.35 1.22 1.10 1.06 1.10 1.22 1.34 1.46 1.52 1.48 1.34 1.13 0.88 0.58 0.36 0.26 0.30 0.48 0.71 0.98 1.26 1.46 1.58 1.60
  6   1.52 1.38 1.21 1.09 1.05 1.09 1.21 1.33 1.42 1.44 1.36 1.18 0.93 0.66 0.42 0.26 0.22 0.34 0.60 0.89 1.20 1.46 1.63 1.70
  7   1.67 1.54 1.34 1.18 1.07 1.04 1.11 1.24 1.36 1.43 1.42 1.32 1.10 0.83 0.56 0.28 0.19 0.29 0.52 0.80 1.13 1.44 1.67 1.76
  8   1.73 1.61 1.42 1.24 1.09 1.04 1.09 1.20 1.32 1.40 1.43 1.38 1.24 1.02 0.72 0.44 0.26 0.24 0.34 0.58 0.90 1.20 1.50 1.70
  9   1.79 1.76 1.64 1.44 1.23 1.04 0.99 1.06 1.18 1.29 1.37 1.36 1.26 1.07 0.82 0.56 0.32 0.20 0.21 0.39 0.66 0.98 1.31 1.55
 10   1.73 1.77 1.69 1.52 1.33 1.14 1.03 1.03 1.12 1.26 1.36 1.39 1.34 1.20 1.00 0.74 0.48 0.30 0.25 0.33 0.54 0.82 1.10 1.38
 11   1.61 1.76 1.77 1.64 1.43 1.22 1.07 1.02 1.04 1.11 1.20 1.28 1.30 1.22 1.05 0.84 0.59 0.37 0.24 0.25 0.40 0.61 0.87 1.14
 12   1.42 1.61 1.68 1.60 1.44 1.26 1.09 0.98 0.92 0.94 1.02 1.11 1.16 1.15 1.05 0.88 0.68 0.48 0.30 0.24 0.32 0.50 0.74 1.00
 13   1.24 1.45 1.56 1.56 1.45 1.27 1.11 0.98 0.90 0.90 0.96 1.06 1.15 1.18 1.14 1.04 0.90 0.72 0.56 0.42 0.39 0.50 0.72 0.96
 14   1.18 1.38 1.56 1.62 1.57 1.44 1.29 1.14 1.02 0.97 0.99 1.04 1.11 1.18 1.20 1.14 1.03 0.90 0.77 0.64 0.56 0.60 0.73 0.90
 15   1.09 1.34 1.54 1.64 1.64 1.56 1.42 1.27 1.13 1.01 0.95 0.96 1.02 1.09 1.15 1.17 1.12 1.02 0.90 0.78 0.71 0.72 0.79 0.92
 16   1.08 1.25 1.40 1.52 1.60 1.60 1.52 1.36 1.20 1.05 0.96 0.92 0.94 1.00 1.06 1.11 1.15 1.15 1.09 0.99 0.90 0.86 0.89 0.97
 17   1.08 1.20 1.32 1.43 1.52 1.53 1.44 1.29 1.14 0.98 0.87 0.80 0.79 0.85 0.94 1.03 1.12 1.20 1.22 1.18 1.09 1.00 0.93 0.93
 18   1.02 1.24 1.43 1.57 1.67 1.69 1.60 1.42 1.22 1.01 0.84 0.72 0.66 0.69 0.78 0.89 1.00 1.12 1.22 1.31 1.34 1.31 1.23 1.15
 19   1.10 1.11 1.18 1.29 1.41 1.50 1.56 1.55 1.43 1.25 1.02 0.78 0.62 0.52 0.51 0.62 0.80 0.99 1.17 1.36 1.48 1.52 1.46 1.35
 20   1.24 1.16 1.15 1.20 1.30 1.41 1.51 1.56 1.52 1.38 1.14 0.90 0.66 0.47 0.37 0.39 0.54 0.74 1.00 1.27 1.50 1.62 1.65 1.59
 21   1.48 1.36 1.26 1.24 1.28 1.37 1.47 1.56 1.60 1.53 1.35 1.11 0.82 0.52 0.32 0.28 0.37 0.57 0.84 1.16 1.47 1.72 1.81 1.82
 22   1.73 1.59 1.42 1.31 1.28 1.32 1.42 1.54 1.62 1.62 1.51 1.31 1.00 0.68 0.33 0.16 0.14 0.29 0.54 0.88 1.25 1.60 1.83 1.91
 23   1.88 1.76 1.56 1.36 1.22 1.19 1.28 1.43 1.54 1.59 1.57 1.46 1.21 0.89 0.53 0.22 0.07 0.07 0.28 0.56 0.90 1.29 1.64 1.89
 24   1.97 1.91 1.72 1.49 1.27 1.16 1.16 1.24 1.38 1.51 1.58 1.56 1.39 1.12 0.80 0.49 0.21 0.03-0.01 0.14 0.48 0.82 1.22 1.56
 25   1.82 1.94 1.88 1.69 1.42 1.16 1.00 1.00 1.10 1.24 1.38 1.50 1.52 1.41 1.18 0.84 0.46 0.16 0.00 0.00 0.21 0.52 0.86 1.28
 26   1.66 1.86 1.90 1.82 1.64 1.39 1.14 0.92 0.81 0.82 0.94 1.10 1.26 1.38 1.38 1.27 1.06 0.77 0.47 0.26 0.22 0.33 0.56 0.95
 27   1.50 1.75 1.86 1.84 1.66 1.39 1.14 0.92 0.82 0.82 0.94 1.11 1.27 1.38 1.38 1.26 1.06 0.77 0.47 0.26 0.21 0.33 0.56 0.86
 28   1.22 1.52 1.74 1.82 1.77 1.60 1.30 1.03 0.82 0.69 0.72 0.87 1.03 1.19 1.32 1.34 1.27 1.12 0.88 0.64 0.49 0.50 0.67 0.88
 29   1.13 1.42 1.68 1.80 1.80 1.70 1.48 1.20 0.94 0.69 0.60 0.65 0.78 0.92 1.08 1.20 1.26 1.23 1.10 0.92 0.73 0.64 0.66 0.83
 30   1.04 1.24 1.43 1.62 1.72 1.69 1.56 1.34 1.06 0.80 0.63 0.55 0.57 0.68 0.83 0.99 1.14 1.22 1.23 1.18 1.08 0.96 0.87 0.87
 31   0.96 1.14 1.32 1.50 1.61 1.65 1.60 1.47 1.26 1.00 0.73 0.55 0.48 0.52 0.63 0.78 0.95 1.12 1.26 1.30 1.27 1.20 1.11 1.03
 ----------------------------------------------------------------------------------------------------------------------------
                                                                                               
 ----------------------------------------------------------------------------------------------------------------------------
 ----------------------------------------------------------------------------------------------------------------------------
