                                                          SURVEY OF INDIA
                                                    MARINE GEODESY WING (G&RB)
                                                     HOURLY HEIGHTS IN METRES
  NAME OF PORT:- NEW MANGLORE                                                                       MONTH JANUARY   YEAR 2017
 ----------------------------------------------------------------------------------------------------------------------------
 DAYS 0000 0001 0002 0003 0004 0005 0006 0007 0008 0009 0010 0011 0012 0013 0014 0015 0016 0017 0018 0019 0020 0021 0022 0023
 ----------------------------------------------------------------------------------------------------------------------------
  1   1.54 1.53 1.38 1.13 0.90 0.73 0.68 0.74 0.88 1.05 1.22 1.37 1.46 1.45 1.31 1.11 0.88 0.65 0.48 0.43 0.50 0.74 1.05 1.36
  2   1.60 1.76 1.79 1.70 1.53 1.30 1.07 0.90 0.85 0.93 1.07 1.22 1.35 1.42 1.39 1.25 1.06 0.83 0.62 0.48 0.48 0.65 0.89 1.16
  3   1.42 1.63 1.78 1.81 1.72 1.50 1.24 1.02 0.86 0.84 0.94 1.10 1.26 1.37 1.38 1.28 1.12 0.93 0.74 0.59 0.55 0.63 0.81 1.06
  4   1.34 1.57 1.72 1.76 1.68 1.48 1.22 0.98 0.79 0.72 0.76 0.87 1.01 1.15 1.25 1.28 1.21 1.08 0.92 0.76 0.65 0.65 0.78 0.97
  5   1.20 1.42 1.61 1.71 1.70 1.60 1.40 1.16 0.93 0.74 0.68 0.72 0.84 0.99 1.13 1.24 1.30 1.27 1.17 1.03 0.90 0.81 0.82 0.95
  6   1.15 1.35 1.54 1.68 1.74 1.69 1.55 1.34 1.10 0.88 0.70 0.62 0.64 0.76 0.91 1.07 1.21 1.32 1.34 1.26 1.16 1.06 0.98 0.98
  7   1.06 1.20 1.35 1.50 1.63 1.66 1.60 1.45 1.22 0.98 0.72 0.53 0.44 0.47 0.60 0.79 0.97 1.16 1.30 1.33 1.29 1.21 1.12 1.04
  8   1.03 1.10 1.20 1.31 1.42 1.52 1.56 1.52 1.36 1.14 0.86 0.60 0.40 0.32 0.34 0.48 0.68 0.91 1.13 1.34 1.44 1.43 1.35 1.24
  9   1.14 1.07 1.07 1.15 1.25 1.36 1.46 1.50 1.44 1.29 1.05 0.75 0.48 0.29 0.21 0.24 0.40 0.66 0.94 1.23 1.46 1.58 1.58 1.47
 10   1.33 1.19 1.08 1.05 1.10 1.22 1.35 1.46 1.51 1.48 1.30 1.01 0.69 0.38 0.18 0.15 0.25 0.46 0.72 1.06 1.40 1.65 1.74 1.71
 11   1.58 1.37 1.17 1.04 1.01 1.08 1.22 1.39 1.52 1.56 1.50 1.31 1.02 0.67 0.35 0.13 0.10 0.22 0.51 0.87 1.24 1.56 1.81 1.90
 12   1.83 1.62 1.37 1.14 1.00 0.99 1.10 1.27 1.45 1.58 1.62 1.56 1.38 1.07 0.70 0.38 0.16 0.15 0.30 0.60 0.94 1.30 1.66 1.86
 13   1.90 1.83 1.61 1.31 1.06 0.88 0.85 0.96 1.15 1.36 1.52 1.57 1.48 1.25 0.92 0.55 0.22 0.04 0.05 0.28 0.64 1.01 1.36 1.65
 14   1.83 1.89 1.82 1.58 1.26 0.96 0.79 0.79 0.93 1.10 1.26 1.39 1.44 1.39 1.18 0.92 0.65 0.42 0.26 0.25 0.42 0.76 1.12 1.50
 15   1.72 1.79 1.70 1.44 1.14 0.86 0.66 0.64 0.76 0.95 1.14 1.32 1.45 1.46 1.33 1.10 0.82 0.51 0.30 0.26 0.39 0.68 1.03 1.36
 16   1.67 1.84 1.86 1.76 1.53 1.19 0.90 0.73 0.71 0.82 0.99 1.18 1.35 1.46 1.48 1.39 1.19 0.92 0.64 0.46 0.46 0.64 0.91 1.21
 17   1.52 1.76 1.84 1.81 1.65 1.37 1.07 0.82 0.67 0.65 0.74 0.91 1.11 1.28 1.37 1.36 1.24 1.06 0.84 0.64 0.55 0.60 0.78 1.03
 18   1.30 1.55 1.69 1.72 1.63 1.45 1.20 0.95 0.74 0.63 0.64 0.75 0.92 1.09 1.23 1.31 1.30 1.21 1.07 0.91 0.77 0.72 0.79 0.96
 19   1.18 1.39 1.55 1.63 1.62 1.51 1.32 1.10 0.87 0.68 0.60 0.63 0.74 0.89 1.04 1.16 1.22 1.21 1.13 1.02 0.92 0.85 0.85 0.93
 20   1.08 1.25 1.40 1.51 1.54 1.48 1.35 1.18 0.99 0.80 0.64 0.59 0.63 0.74 0.87 1.00 1.13 1.23 1.28 1.26 1.20 1.12 1.06 1.05
 21   1.12 1.24 1.36 1.47 1.53 1.52 1.44 1.32 1.17 1.00 0.82 0.68 0.63 0.66 0.76 0.89 1.03 1.15 1.25 1.31 1.32 1.28 1.22 1.16
 22   1.14 1.17 1.24 1.31 1.38 1.41 1.38 1.30 1.19 1.05 0.90 0.73 0.58 0.51 0.55 0.67 0.83 0.98 1.12 1.25 1.35 1.38 1.34 1.27
 23   1.19 1.13 1.11 1.14 1.20 1.26 1.31 1.31 1.24 1.10 0.94 0.78 0.62 0.51 0.48 0.55 0.68 0.84 1.01 1.19 1.34 1.44 1.45 1.39
 24   1.30 1.22 1.16 1.13 1.14 1.19 1.26 1.32 1.33 1.26 1.11 0.94 0.76 0.59 0.46 0.43 0.53 0.69 0.88 1.10 1.31 1.48 1.57 1.55
 25   1.43 1.30 1.18 1.08 1.06 1.10 1.18 1.26 1.33 1.34 1.27 1.13 0.95 0.76 0.57 0.42 0.39 0.48 0.69 0.93 1.18 1.40 1.58 1.66
 26   1.61 1.47 1.30 1.15 1.04 1.01 1.07 1.19 1.31 1.38 1.37 1.26 1.07 0.85 0.62 0.41 0.33 0.40 0.60 0.86 1.14 1.40 1.63 1.74
 27   1.70 1.56 1.38 1.21 1.06 1.01 1.05 1.17 1.30 1.41 1.46 1.40 1.24 1.01 0.73 0.48 0.32 0.31 0.45 0.69 0.98 1.24 1.48 1.67
 28   1.74 1.67 1.47 1.26 1.07 0.94 0.91 1.00 1.14 1.28 1.40 1.45 1.37 1.15 0.90 0.63 0.40 0.30 0.34 0.56 0.82 1.12 1.43 1.68
 29   1.81 1.79 1.61 1.39 1.17 0.97 0.85 0.88 1.03 1.20 1.38 1.52 1.52 1.38 1.15 0.87 0.60 0.40 0.33 0.44 0.68 0.99 1.33 1.64
 30   1.85 1.89 1.78 1.57 1.30 1.05 0.87 0.81 0.88 1.06 1.27 1.46 1.54 1.50 1.33 1.06 0.79 0.55 0.42 0.43 0.62 0.88 1.18 1.53
 31   1.84 1.94 1.88 1.66 1.40 1.12 0.89 0.77 0.78 0.95 1.16 1.38 1.55 1.61 1.53 1.35 1.10 0.85 0.63 0.54 0.61 0.82 1.08 1.39
 ----------------------------------------------------------------------------------------------------------------------------
                                                                                               
 ----------------------------------------------------------------------------------------------------------------------------
 ----------------------------------------------------------------------------------------------------------------------------
                                                          SURVEY OF INDIA
                                                    MARINE GEODESY WING (G&RB)
                                                     HOURLY HEIGHTS IN METRES
  NAME OF PORT:- NEW MANGLORE                                                                       MONTH FEBRUARY  YEAR 2017
 ----------------------------------------------------------------------------------------------------------------------------
 DAYS 0000 0001 0002 0003 0004 0005 0006 0007 0008 0009 0010 0011 0012 0013 0014 0015 0016 0017 0018 0019 0020 0021 0022 0023
 ----------------------------------------------------------------------------------------------------------------------------
  1   1.70 1.91 1.93 1.82 1.59 1.30 1.02 0.82 0.73 0.76 0.94 1.16 1.37 1.53 1.59 1.50 1.31 1.06 0.82 0.67 0.68 0.81 1.03 1.30
  2   1.60 1.81 1.90 1.85 1.68 1.40 1.10 0.83 0.66 0.62 0.74 0.95 1.16 1.35 1.47 1.48 1.38 1.20 1.01 0.83 0.74 0.78 0.96 1.19
  3   1.42 1.65 1.79 1.80 1.67 1.44 1.15 0.87 0.64 0.52 0.52 0.64 0.81 1.00 1.19 1.34 1.40 1.36 1.23 1.07 0.91 0.80 0.82 0.97
  4   1.16 1.36 1.53 1.64 1.64 1.53 1.33 1.07 0.80 0.56 0.40 0.38 0.51 0.72 0.94 1.15 1.30 1.37 1.35 1.24 1.12 1.02 0.98 1.03
  5   1.15 1.29 1.44 1.56 1.60 1.56 1.43 1.23 1.00 0.77 0.57 0.46 0.46 0.60 0.79 0.99 1.18 1.35 1.48 1.52 1.48 1.39 1.29 1.20
  6   1.14 1.16 1.28 1.42 1.54 1.60 1.57 1.44 1.25 1.02 0.78 0.55 0.38 0.36 0.48 0.68 0.88 1.08 1.26 1.40 1.47 1.46 1.37 1.26
  7   1.16 1.11 1.12 1.19 1.28 1.37 1.44 1.44 1.36 1.19 0.99 0.78 0.56 0.37 0.29 0.33 0.53 0.78 1.06 1.32 1.49 1.57 1.56 1.45
  8   1.30 1.17 1.07 1.04 1.09 1.19 1.29 1.37 1.40 1.35 1.20 0.96 0.68 0.40 0.23 0.21 0.32 0.54 0.80 1.10 1.38 1.57 1.63 1.58
  9   1.40 1.19 1.02 0.90 0.86 0.92 1.05 1.19 1.31 1.37 1.34 1.15 0.86 0.58 0.30 0.15 0.14 0.26 0.50 0.79 1.12 1.41 1.60 1.67
 10   1.62 1.44 1.14 0.85 0.73 0.77 0.90 1.06 1.22 1.36 1.44 1.41 1.24 0.95 0.60 0.32 0.18 0.20 0.40 0.69 1.00 1.33 1.62 1.77
 11   1.76 1.61 1.34 1.05 0.82 0.73 0.77 0.95 1.14 1.33 1.49 1.55 1.48 1.26 0.94 0.59 0.34 0.24 0.28 0.54 0.85 1.20 1.52 1.76
 12   1.82 1.75 1.52 1.18 0.88 0.66 0.61 0.70 0.89 1.11 1.31 1.46 1.53 1.49 1.28 0.88 0.53 0.30 0.25 0.34 0.60 0.92 1.28 1.58
 13   1.75 1.75 1.60 1.30 1.00 0.74 0.56 0.54 0.68 0.93 1.19 1.38 1.47 1.45 1.29 1.05 0.75 0.47 0.32 0.33 0.51 0.80 1.16 1.45
 14   1.66 1.74 1.68 1.44 1.12 0.83 0.59 0.47 0.52 0.72 0.98 1.22 1.41 1.47 1.40 1.23 0.99 0.73 0.49 0.40 0.47 0.70 0.97 1.26
 15   1.54 1.67 1.66 1.50 1.24 0.96 0.70 0.50 0.44 0.54 0.74 0.95 1.16 1.32 1.35 1.28 1.12 0.92 0.71 0.56 0.54 0.65 0.86 1.13
 16   1.39 1.57 1.61 1.54 1.37 1.11 0.83 0.59 0.45 0.44 0.57 0.78 1.01 1.21 1.34 1.37 1.29 1.15 0.99 0.84 0.74 0.76 0.90 1.09
 17   1.30 1.47 1.58 1.58 1.47 1.28 1.02 0.78 0.58 0.48 0.50 0.66 0.84 1.03 1.20 1.30 1.32 1.24 1.12 1.00 0.90 0.85 0.91 1.04
 18   1.19 1.34 1.45 1.48 1.42 1.27 1.09 0.90 0.70 0.54 0.50 0.58 0.74 0.92 1.09 1.23 1.32 1.33 1.27 1.18 1.08 1.01 0.99 1.04
 19   1.15 1.27 1.38 1.44 1.43 1.35 1.23 1.08 0.92 0.77 0.67 0.65 0.71 0.83 0.97 1.11 1.24 1.33 1.36 1.33 1.27 1.19 1.12 1.08
 20   1.11 1.19 1.27 1.34 1.38 1.37 1.30 1.19 1.04 0.87 0.72 0.61 0.58 0.63 0.74 0.87 1.01 1.15 1.26 1.33 1.34 1.29 1.23 1.17
 21   1.12 1.11 1.15 1.20 1.25 1.29 1.28 1.21 1.10 0.97 0.83 0.71 0.61 0.55 0.57 0.68 0.84 1.01 1.16 1.28 1.36 1.39 1.37 1.30
 22   1.22 1.16 1.13 1.14 1.18 1.23 1.28 1.29 1.23 1.12 0.98 0.82 0.66 0.54 0.50 0.54 0.66 0.84 1.03 1.21 1.36 1.45 1.44 1.34
 23   1.23 1.13 1.04 0.99 0.99 1.06 1.15 1.23 1.25 1.18 1.06 0.91 0.75 0.60 0.47 0.42 0.48 0.65 0.85 1.08 1.29 1.46 1.54 1.52
 24   1.42 1.27 1.13 1.01 0.94 0.96 1.05 1.16 1.26 1.33 1.32 1.17 0.97 0.74 0.53 0.42 0.43 0.55 0.74 0.96 1.20 1.43 1.58 1.64
 25   1.60 1.42 1.22 1.04 0.90 0.87 0.95 1.09 1.24 1.36 1.39 1.31 1.13 0.92 0.68 0.47 0.39 0.46 0.67 0.92 1.19 1.47 1.67 1.75
 26   1.70 1.52 1.30 1.07 0.88 0.81 0.87 1.02 1.20 1.38 1.48 1.47 1.35 1.14 0.87 0.57 0.37 0.31 0.41 0.66 0.95 1.26 1.53 1.69
 27   1.72 1.60 1.35 1.06 0.80 0.62 0.58 0.70 0.91 1.13 1.33 1.46 1.45 1.31 1.05 0.74 0.48 0.34 0.34 0.50 0.80 1.11 1.40 1.64
 28   1.72 1.66 1.46 1.19 0.86 0.58 0.47 0.53 0.73 0.94 1.16 1.36 1.49 1.48 1.29 1.03 0.73 0.50 0.40 0.45 0.71 1.03 1.32 1.60
 ----------------------------------------------------------------------------------------------------------------------------
                                                                                               
 ----------------------------------------------------------------------------------------------------------------------------
 ----------------------------------------------------------------------------------------------------------------------------
                                                          SURVEY OF INDIA
                                                    MARINE GEODESY WING (G&RB)
                                                     HOURLY HEIGHTS IN METRES
  NAME OF PORT:- NEW MANGLORE                                                                       MONTH MARCH     YEAR 2017
 ----------------------------------------------------------------------------------------------------------------------------
 DAYS 0000 0001 0002 0003 0004 0005 0006 0007 0008 0009 0010 0011 0012 0013 0014 0015 0016 0017 0018 0019 0020 0021 0022 0023
 ----------------------------------------------------------------------------------------------------------------------------
  1   1.76 1.77 1.63 1.35 1.00 0.68 0.45 0.43 0.58 0.80 1.06 1.30 1.49 1.57 1.51 1.31 1.03 0.77 0.60 0.56 0.69 0.94 1.21 1.48
  2   1.70 1.79 1.75 1.52 1.21 0.86 0.57 0.42 0.43 0.62 0.88 1.15 1.44 1.63 1.65 1.54 1.31 1.03 0.80 0.70 0.73 0.94 1.21 1.48
  3   1.71 1.84 1.84 1.69 1.41 1.06 0.73 0.46 0.38 0.44 0.66 0.92 1.16 1.39 1.56 1.59 1.49 1.29 1.08 0.90 0.82 0.88 1.08 1.32
  4   1.56 1.73 1.80 1.76 1.60 1.33 0.97 0.66 0.46 0.42 0.51 0.71 0.95 1.19 1.43 1.58 1.59 1.50 1.34 1.17 1.04 0.99 1.03 1.18
  5   1.36 1.54 1.69 1.76 1.72 1.51 1.23 0.95 0.66 0.48 0.44 0.53 0.72 0.93 1.14 1.34 1.50 1.56 1.51 1.37 1.21 1.09 1.06 1.11
  6   1.22 1.35 1.48 1.57 1.59 1.51 1.35 1.12 0.86 0.63 0.46 0.42 0.48 0.64 0.86 1.07 1.27 1.42 1.50 1.49 1.40 1.28 1.18 1.13
  7   1.15 1.22 1.31 1.41 1.49 1.50 1.44 1.32 1.15 0.95 0.75 0.59 0.49 0.50 0.63 0.81 1.00 1.20 1.38 1.50 1.54 1.50 1.40 1.28
  8   1.18 1.11 1.10 1.17 1.26 1.35 1.42 1.43 1.36 1.19 0.96 0.74 0.56 0.47 0.49 0.61 0.80 1.02 1.25 1.46 1.61 1.63 1.56 1.43
  9   1.28 1.14 1.04 1.02 1.07 1.17 1.28 1.38 1.43 1.41 1.26 1.02 0.78 0.57 0.44 0.43 0.56 0.75 0.98 1.23 1.46 1.62 1.64 1.55
 10   1.38 1.16 0.96 0.83 0.82 0.90 1.03 1.17 1.30 1.39 1.38 1.27 1.04 0.74 0.49 0.37 0.39 0.52 0.74 1.00 1.30 1.54 1.68 1.68
 11   1.54 1.29 1.04 0.84 0.71 0.70 0.83 1.01 1.20 1.38 1.48 1.46 1.30 1.03 0.74 0.47 0.35 0.38 0.55 0.82 1.12 1.38 1.61 1.69
 12   1.65 1.42 1.12 0.85 0.66 0.58 0.61 0.78 1.01 1.23 1.39 1.46 1.42 1.25 0.96 0.66 0.44 0.37 0.41 0.64 0.91 1.20 1.47 1.61
 13   1.62 1.50 1.23 0.92 0.66 0.48 0.44 0.53 0.75 1.01 1.26 1.42 1.46 1.38 1.14 0.85 0.56 0.37 0.35 0.47 0.73 1.01 1.28 1.49
 14   1.56 1.51 1.32 1.03 0.70 0.45 0.35 0.39 0.57 0.84 1.10 1.32 1.45 1.45 1.33 1.10 0.82 0.57 0.43 0.45 0.64 0.89 1.17 1.41
 15   1.52 1.52 1.38 1.13 0.82 0.54 0.34 0.31 0.43 0.69 0.97 1.22 1.40 1.48 1.44 1.29 1.05 0.78 0.58 0.54 0.63 0.83 1.08 1.31
 16   1.47 1.53 1.49 1.32 1.08 0.83 0.58 0.40 0.39 0.56 0.81 1.06 1.29 1.45 1.47 1.40 1.23 1.00 0.79 0.67 0.68 0.83 1.03 1.25
 17   1.43 1.52 1.49 1.34 1.11 0.84 0.59 0.42 0.40 0.50 0.69 0.93 1.17 1.37 1.47 1.46 1.36 1.16 0.96 0.81 0.77 0.82 0.97 1.14
 18   1.30 1.42 1.45 1.38 1.18 0.95 0.72 0.54 0.43 0.44 0.59 0.79 1.00 1.20 1.36 1.42 1.40 1.28 1.11 0.95 0.86 0.86 0.94 1.09
 19   1.26 1.41 1.46 1.40 1.25 1.07 0.89 0.73 0.60 0.52 0.52 0.63 0.81 1.02 1.23 1.37 1.39 1.32 1.22 1.11 1.01 0.95 0.94 0.99
 20   1.10 1.21 1.30 1.32 1.25 1.10 0.90 0.69 0.53 0.46 0.48 0.58 0.72 0.87 1.04 1.19 1.30 1.32 1.28 1.21 1.14 1.07 1.02 1.02
 21   1.08 1.16 1.24 1.29 1.28 1.20 1.07 0.93 0.79 0.66 0.58 0.56 0.63 0.75 0.89 1.03 1.16 1.27 1.33 1.33 1.27 1.19 1.11 1.05
 22   1.03 1.05 1.10 1.16 1.20 1.21 1.17 1.07 0.95 0.83 0.71 0.62 0.59 0.63 0.75 0.90 1.04 1.18 1.30 1.38 1.40 1.35 1.26 1.16
 23   1.07 1.00 0.99 1.03 1.09 1.14 1.17 1.15 1.07 0.96 0.84 0.72 0.62 0.58 0.61 0.73 0.88 1.03 1.18 1.31 1.40 1.41 1.36 1.25
 24   1.12 1.00 0.91 0.88 0.92 1.00 1.09 1.17 1.20 1.16 1.02 0.86 0.71 0.59 0.54 0.57 0.68 0.84 1.02 1.20 1.34 1.38 1.34 1.24
 25   1.11 0.97 0.85 0.79 0.80 0.89 1.01 1.14 1.25 1.29 1.24 1.10 0.92 0.72 0.56 0.52 0.59 0.76 0.98 1.20 1.41 1.56 1.60 1.53
 26   1.32 1.09 0.88 0.74 0.69 0.75 0.90 1.09 1.27 1.40 1.43 1.35 1.16 0.90 0.68 0.54 0.52 0.61 0.81 1.07 1.32 1.56 1.70 1.68
 27   1.46 1.19 0.93 0.71 0.56 0.55 0.71 0.92 1.14 1.33 1.48 1.51 1.38 1.14 0.89 0.66 0.49 0.48 0.64 0.90 1.20 1.45 1.64 1.72
 28   1.67 1.43 1.14 0.82 0.57 0.45 0.48 0.70 0.98 1.25 1.50 1.66 1.65 1.46 1.20 0.93 0.69 0.57 0.59 0.81 1.10 1.38 1.64 1.81
 29   1.81 1.60 1.30 0.96 0.63 0.41 0.37 0.49 0.74 1.05 1.36 1.60 1.71 1.68 1.48 1.18 0.87 0.67 0.62 0.71 0.93 1.21 1.48 1.69
 30   1.76 1.69 1.46 1.10 0.70 0.39 0.24 0.26 0.48 0.79 1.11 1.44 1.67 1.72 1.65 1.43 1.12 0.85 0.66 0.64 0.80 1.04 1.29 1.54
 31   1.70 1.71 1.54 1.25 0.90 0.52 0.22 0.14 0.21 0.48 0.80 1.12 1.44 1.65 1.68 1.56 1.33 1.07 0.82 0.71 0.74 0.92 1.16 1.39
 ----------------------------------------------------------------------------------------------------------------------------
                                                                                               
 ----------------------------------------------------------------------------------------------------------------------------
 ----------------------------------------------------------------------------------------------------------------------------
                                                          SURVEY OF INDIA
                                                    MARINE GEODESY WING (G&RB)
                                                     HOURLY HEIGHTS IN METRES
  NAME OF PORT:- NEW MANGLORE                                                                       MONTH APRIL     YEAR 2017
 ----------------------------------------------------------------------------------------------------------------------------
 DAYS 0000 0001 0002 0003 0004 0005 0006 0007 0008 0009 0010 0011 0012 0013 0014 0015 0016 0017 0018 0019 0020 0021 0022 0023
 ----------------------------------------------------------------------------------------------------------------------------
  1   1.57 1.66 1.63 1.42 1.11 0.73 0.39 0.19 0.16 0.26 0.51 0.83 1.16 1.43 1.61 1.64 1.52 1.30 1.07 0.88 0.78 0.80 0.95 1.15
  2   1.34 1.47 1.52 1.44 1.24 0.94 0.61 0.34 0.15 0.15 0.30 0.55 0.84 1.13 1.39 1.53 1.54 1.44 1.25 1.02 0.84 0.81 0.86 1.00
  3   1.15 1.28 1.38 1.40 1.31 1.14 0.90 0.65 0.40 0.26 0.27 0.43 0.66 0.92 1.15 1.35 1.48 1.51 1.44 1.28 1.12 0.99 0.93 0.96
  4   1.05 1.17 1.28 1.35 1.35 1.26 1.10 0.90 0.69 0.50 0.38 0.38 0.52 0.71 0.92 1.13 1.31 1.44 1.49 1.45 1.30 1.13 0.99 0.93
  5   0.94 1.00 1.08 1.16 1.22 1.25 1.22 1.12 0.96 0.79 0.63 0.51 0.45 0.47 0.60 0.79 0.99 1.19 1.36 1.45 1.44 1.36 1.22 1.06
  6   0.92 0.84 0.83 0.89 0.98 1.08 1.18 1.23 1.20 1.08 0.91 0.73 0.57 0.49 0.51 0.64 0.82 1.02 1.23 1.41 1.52 1.53 1.43 1.27
  7   1.08 0.89 0.75 0.71 0.77 0.92 1.09 1.25 1.38 1.39 1.27 1.02 0.76 0.57 0.51 0.55 0.70 0.90 1.13 1.36 1.54 1.58 1.51 1.34
  8   1.12 0.89 0.71 0.62 0.63 0.75 0.91 1.07 1.23 1.34 1.34 1.19 0.98 0.78 0.61 0.51 0.52 0.68 0.89 1.11 1.32 1.46 1.49 1.40
  9   1.20 0.94 0.70 0.51 0.45 0.50 0.66 0.88 1.09 1.27 1.37 1.35 1.19 0.98 0.76 0.58 0.52 0.57 0.75 0.97 1.19 1.37 1.48 1.48
 10   1.36 1.10 0.81 0.58 0.45 0.43 0.52 0.70 0.93 1.16 1.36 1.44 1.41 1.26 1.01 0.75 0.58 0.55 0.66 0.87 1.10 1.33 1.51 1.59
 11   1.55 1.34 1.04 0.70 0.43 0.36 0.41 0.62 0.86 1.09 1.32 1.50 1.54 1.47 1.28 1.02 0.77 0.63 0.63 0.77 0.96 1.17 1.38 1.52
 12   1.52 1.36 1.10 0.79 0.49 0.30 0.28 0.39 0.62 0.90 1.16 1.39 1.50 1.48 1.35 1.13 0.88 0.68 0.61 0.66 0.84 1.05 1.24 1.37
 13   1.39 1.30 1.09 0.80 0.53 0.30 0.20 0.23 0.43 0.68 0.94 1.23 1.43 1.48 1.42 1.24 0.99 0.77 0.67 0.68 0.80 0.96 1.14 1.30
 14   1.38 1.35 1.14 0.86 0.59 0.37 0.23 0.22 0.34 0.58 0.88 1.19 1.42 1.49 1.46 1.33 1.13 0.92 0.76 0.71 0.76 0.90 1.07 1.23
 15   1.34 1.34 1.23 1.03 0.75 0.46 0.27 0.21 0.26 0.44 0.70 1.00 1.27 1.43 1.48 1.42 1.26 1.06 0.89 0.78 0.77 0.88 1.03 1.18
 16   1.28 1.31 1.24 1.08 0.86 0.59 0.37 0.28 0.30 0.42 0.61 0.84 1.09 1.29 1.41 1.42 1.34 1.20 1.05 0.91 0.83 0.85 0.96 1.08
 17   1.19 1.25 1.24 1.12 0.94 0.75 0.55 0.38 0.30 0.32 0.47 0.67 0.88 1.08 1.25 1.33 1.33 1.24 1.13 1.02 0.92 0.86 0.88 0.95
 18   1.04 1.13 1.17 1.13 1.01 0.85 0.68 0.52 0.38 0.34 0.40 0.55 0.74 0.95 1.14 1.27 1.31 1.27 1.17 1.06 0.96 0.88 0.84 0.86
 19   0.92 1.00 1.06 1.08 1.03 0.91 0.76 0.62 0.49 0.40 0.39 0.48 0.63 0.80 0.96 1.11 1.23 1.29 1.28 1.20 1.09 0.99 0.91 0.88
 20   0.90 0.95 1.01 1.06 1.08 1.05 0.96 0.85 0.73 0.62 0.55 0.56 0.65 0.76 0.88 1.01 1.13 1.22 1.24 1.19 1.09 0.98 0.86 0.75
 21   0.68 0.68 0.73 0.81 0.90 0.98 1.01 0.98 0.89 0.78 0.66 0.57 0.55 0.62 0.74 0.87 1.02 1.17 1.30 1.36 1.34 1.25 1.12 0.98
 22   0.87 0.82 0.84 0.91 0.99 1.07 1.13 1.14 1.09 0.99 0.87 0.75 0.65 0.61 0.65 0.76 0.91 1.07 1.23 1.37 1.46 1.46 1.34 1.15
 23   0.97 0.79 0.66 0.64 0.71 0.82 0.95 1.08 1.18 1.21 1.17 1.05 0.87 0.71 0.63 0.64 0.74 0.90 1.09 1.28 1.43 1.49 1.44 1.30
 24   1.08 0.84 0.63 0.50 0.48 0.58 0.76 0.96 1.15 1.28 1.33 1.27 1.10 0.89 0.70 0.59 0.60 0.72 0.89 1.09 1.30 1.46 1.52 1.45
 25   1.22 0.93 0.62 0.38 0.28 0.32 0.52 0.75 1.00 1.27 1.44 1.49 1.42 1.20 0.93 0.72 0.61 0.61 0.74 0.96 1.19 1.40 1.52 1.52
 26   1.38 1.07 0.72 0.40 0.15 0.11 0.20 0.44 0.73 1.05 1.36 1.52 1.53 1.42 1.18 0.88 0.65 0.54 0.57 0.77 1.01 1.23 1.40 1.49
 27   1.46 1.23 0.90 0.49 0.16-0.01-0.01 0.14 0.42 0.80 1.16 1.46 1.59 1.58 1.44 1.16 0.83 0.61 0.55 0.64 0.84 1.08 1.34 1.53
 28   1.55 1.40 1.12 0.75 0.33-0.01-0.14-0.09 0.16 0.50 0.89 1.33 1.60 1.68 1.62 1.39 1.06 0.77 0.65 0.68 0.84 1.05 1.26 1.45
 29   1.54 1.49 1.20 0.86 0.48 0.12-0.14-0.16 0.04 0.35 0.68 1.07 1.42 1.62 1.66 1.56 1.32 1.03 0.78 0.66 0.68 0.83 1.03 1.24
 30   1.40 1.46 1.38 1.15 0.77 0.40 0.10-0.10-0.08 0.13 0.42 0.74 1.10 1.41 1.60 1.64 1.50 1.24 0.97 0.77 0.68 0.73 0.87 1.05
 ----------------------------------------------------------------------------------------------------------------------------
                                                                                               
 ----------------------------------------------------------------------------------------------------------------------------
 ----------------------------------------------------------------------------------------------------------------------------
                                                          SURVEY OF INDIA
                                                    MARINE GEODESY WING (G&RB)
                                                     HOURLY HEIGHTS IN METRES
  NAME OF PORT:- NEW MANGLORE                                                                       MONTH MAY       YEAR 2017
 ----------------------------------------------------------------------------------------------------------------------------
 DAYS 0000 0001 0002 0003 0004 0005 0006 0007 0008 0009 0010 0011 0012 0013 0014 0015 0016 0017 0018 0019 0020 0021 0022 0023
 ----------------------------------------------------------------------------------------------------------------------------
  1   1.25 1.39 1.39 1.25 1.02 0.74 0.43 0.16 0.03 0.05 0.26 0.55 0.87 1.20 1.44 1.57 1.56 1.43 1.23 1.02 0.83 0.74 0.78 0.90
  2   1.05 1.19 1.29 1.31 1.23 1.02 0.77 0.54 0.32 0.22 0.25 0.44 0.70 0.98 1.27 1.48 1.57 1.55 1.43 1.22 1.00 0.80 0.66 0.66
  3   0.78 0.93 1.08 1.19 1.20 1.12 0.96 0.78 0.59 0.43 0.38 0.44 0.59 0.80 1.04 1.29 1.49 1.61 1.62 1.50 1.23 0.95 0.75 0.69
  4   0.73 0.81 0.90 0.99 1.07 1.12 1.11 1.03 0.90 0.74 0.58 0.49 0.49 0.61 0.78 0.97 1.16 1.32 1.43 1.46 1.39 1.22 1.02 0.83
  5   0.67 0.64 0.69 0.78 0.89 1.00 1.10 1.18 1.19 1.10 0.94 0.78 0.65 0.62 0.70 0.86 1.04 1.22 1.38 1.48 1.49 1.39 1.20 0.99
  6   0.80 0.65 0.61 0.66 0.78 0.92 1.07 1.21 1.30 1.29 1.16 1.00 0.85 0.75 0.72 0.80 0.95 1.12 1.30 1.47 1.59 1.60 1.52 1.36
  7   1.15 0.93 0.70 0.56 0.56 0.66 0.84 1.05 1.26 1.39 1.40 1.30 1.12 0.95 0.83 0.80 0.86 1.00 1.17 1.34 1.47 1.52 1.48 1.35
  8   1.12 0.87 0.60 0.44 0.41 0.49 0.67 0.88 1.11 1.37 1.54 1.56 1.44 1.19 0.97 0.83 0.81 0.90 1.06 1.23 1.39 1.49 1.49 1.36
  9   1.10 0.82 0.58 0.43 0.39 0.47 0.70 0.99 1.26 1.48 1.59 1.60 1.50 1.32 1.11 0.93 0.83 0.84 0.96 1.12 1.29 1.43 1.50 1.46
 10   1.30 1.05 0.76 0.50 0.33 0.33 0.49 0.74 1.02 1.29 1.50 1.61 1.59 1.48 1.29 1.06 0.88 0.84 0.92 1.06 1.21 1.35 1.46 1.48
 11   1.38 1.14 0.84 0.54 0.35 0.30 0.38 0.60 0.87 1.18 1.42 1.58 1.64 1.59 1.42 1.21 1.00 0.83 0.82 0.94 1.13 1.32 1.47 1.52
 12   1.45 1.21 0.92 0.65 0.38 0.20 0.17 0.28 0.58 0.92 1.22 1.47 1.61 1.62 1.53 1.36 1.15 0.96 0.85 0.86 1.00 1.16 1.32 1.43
 13   1.43 1.30 1.09 0.83 0.58 0.36 0.26 0.28 0.48 0.77 1.08 1.38 1.56 1.63 1.60 1.47 1.28 1.07 0.91 0.89 0.97 1.09 1.22 1.34
 14   1.41 1.38 1.18 0.95 0.73 0.49 0.33 0.33 0.45 0.69 0.97 1.22 1.43 1.57 1.62 1.57 1.40 1.20 1.03 0.92 0.89 0.97 1.10 1.24
 15   1.34 1.36 1.27 1.08 0.85 0.62 0.44 0.38 0.40 0.53 0.76 1.03 1.28 1.47 1.57 1.54 1.42 1.25 1.09 0.95 0.87 0.89 1.00 1.13
 16   1.24 1.29 1.24 1.12 0.95 0.74 0.54 0.39 0.36 0.43 0.64 0.90 1.15 1.36 1.51 1.56 1.50 1.36 1.21 1.06 0.95 0.93 1.03 1.23
 17   1.39 1.45 1.39 1.25 1.08 0.90 0.72 0.57 0.46 0.46 0.60 0.79 1.00 1.21 1.38 1.50 1.52 1.44 1.28 1.11 0.96 0.86 0.83 0.88
 18   0.97 1.06 1.12 1.12 1.05 0.94 0.80 0.65 0.52 0.45 0.49 0.65 0.83 1.01 1.19 1.35 1.45 1.45 1.37 1.22 1.07 0.94 0.85 0.82
 19   0.85 0.91 0.98 1.04 1.07 1.04 0.96 0.86 0.75 0.65 0.60 0.62 0.74 0.90 1.07 1.25 1.41 1.50 1.48 1.38 1.24 1.08 0.93 0.81
 20   0.77 0.80 0.87 0.95 1.03 1.09 1.11 1.06 0.95 0.83 0.72 0.66 0.67 0.77 0.92 1.09 1.25 1.39 1.47 1.47 1.35 1.16 0.96 0.78
 21   0.65 0.61 0.63 0.73 0.84 0.95 1.04 1.09 1.07 0.98 0.84 0.72 0.66 0.67 0.75 0.87 1.01 1.15 1.28 1.35 1.34 1.21 1.02 0.80
 22   0.56 0.40 0.34 0.40 0.55 0.72 0.89 1.03 1.13 1.14 1.05 0.89 0.74 0.65 0.64 0.74 0.87 1.00 1.14 1.27 1.36 1.35 1.20 0.88
 23   0.59 0.37 0.22 0.18 0.26 0.47 0.74 0.99 1.19 1.30 1.30 1.16 0.97 0.80 0.69 0.66 0.74 0.90 1.09 1.27 1.39 1.40 1.28 1.04
 24   0.74 0.40 0.17 0.03 0.04 0.20 0.47 0.76 1.03 1.30 1.45 1.45 1.28 1.03 0.82 0.68 0.66 0.76 0.93 1.13 1.31 1.43 1.43 1.25
 25   0.96 0.60 0.27 0.04-0.04 0.00 0.20 0.50 0.87 1.19 1.44 1.55 1.50 1.28 1.03 0.83 0.69 0.67 0.78 0.97 1.17 1.34 1.42 1.35
 26   1.13 0.78 0.40 0.06-0.16-0.19-0.05 0.23 0.59 0.98 1.31 1.54 1.62 1.53 1.28 1.00 0.76 0.59 0.59 0.75 0.95 1.13 1.29 1.38
 27   1.32 1.04 0.68 0.28-0.10-0.28-0.27-0.11 0.23 0.64 1.02 1.34 1.56 1.67 1.65 1.48 1.21 0.93 0.70 0.64 0.72 0.88 1.08 1.28
 28   1.41 1.38 1.20 0.91 0.52 0.10-0.18-0.25-0.16 0.12 0.46 0.86 1.26 1.54 1.67 1.63 1.40 1.11 0.84 0.65 0.59 0.68 0.84 1.02
 29   1.20 1.29 1.25 1.07 0.78 0.44 0.11-0.12-0.13 0.05 0.42 0.82 1.18 1.46 1.59 1.57 1.41 1.12 0.83 0.64 0.57 0.61 0.74 0.91
 30   1.09 1.23 1.22 1.06 0.82 0.55 0.27 0.06-0.02 0.02 0.23 0.57 0.94 1.25 1.46 1.54 1.49 1.30 1.05 0.83 0.65 0.56 0.60 0.74
 31   0.90 1.06 1.15 1.15 1.06 0.88 0.65 0.39 0.21 0.18 0.28 0.49 0.76 1.05 1.29 1.48 1.52 1.44 1.27 1.08 0.90 0.73 0.61 0.62
 ----------------------------------------------------------------------------------------------------------------------------
                                                                                               
 ----------------------------------------------------------------------------------------------------------------------------
 ----------------------------------------------------------------------------------------------------------------------------
                                                          SURVEY OF INDIA
                                                    MARINE GEODESY WING (G&RB)
                                                     HOURLY HEIGHTS IN METRES
  NAME OF PORT:- NEW MANGLORE                                                                       MONTH JUNE      YEAR 2017
 ----------------------------------------------------------------------------------------------------------------------------
 DAYS 0000 0001 0002 0003 0004 0005 0006 0007 0008 0009 0010 0011 0012 0013 0014 0015 0016 0017 0018 0019 0020 0021 0022 0023
 ----------------------------------------------------------------------------------------------------------------------------
  1   0.72 0.85 0.98 1.08 1.10 1.04 0.91 0.74 0.56 0.41 0.36 0.43 0.56 0.71 0.88 1.06 1.23 1.34 1.36 1.28 1.12 0.93 0.73 0.53
  2   0.44 0.44 0.51 0.63 0.76 0.89 0.96 0.92 0.77 0.60 0.50 0.50 0.61 0.83 1.06 1.26 1.43 1.49 1.42 1.23 1.01 0.79 0.61 0.53
  3   0.55 0.62 0.72 0.83 0.93 1.00 1.02 0.99 0.91 0.81 0.70 0.60 0.56 0.60 0.71 0.87 1.03 1.17 1.26 1.27 1.18 1.02 0.82 0.58
  4   0.40 0.30 0.30 0.38 0.53 0.69 0.84 0.96 1.02 1.02 0.95 0.83 0.71 0.65 0.66 0.73 0.85 0.99 1.13 1.22 1.22 1.14 0.96 0.73
  5   0.52 0.34 0.25 0.26 0.37 0.55 0.74 0.92 1.06 1.15 1.16 1.06 0.91 0.75 0.58 0.48 0.49 0.70 0.94 1.12 1.21 1.20 1.08 0.86
  6   0.63 0.43 0.26 0.13 0.13 0.29 0.53 0.74 0.94 1.10 1.20 1.19 1.06 0.91 0.77 0.66 0.65 0.75 0.88 1.02 1.14 1.16 1.09 0.93
  7   0.68 0.44 0.24 0.10 0.10 0.21 0.43 0.65 0.87 1.10 1.26 1.29 1.22 1.06 0.89 0.74 0.67 0.70 0.81 0.95 1.08 1.16 1.16 1.04
  8   0.82 0.58 0.36 0.17 0.11 0.16 0.34 0.60 0.87 1.14 1.33 1.42 1.40 1.28 1.11 0.93 0.78 0.72 0.76 0.88 1.03 1.14 1.18 1.13
  9   0.99 0.76 0.46 0.24 0.14 0.15 0.28 0.49 0.78 1.10 1.33 1.45 1.46 1.36 1.18 1.00 0.83 0.72 0.72 0.83 0.97 1.10 1.18 1.19
 10   1.09 0.88 0.60 0.36 0.17 0.10 0.13 0.31 0.60 0.92 1.22 1.42 1.51 1.48 1.34 1.14 0.94 0.78 0.72 0.76 0.89 1.06 1.22 1.29
 11   1.25 1.07 0.80 0.56 0.33 0.17 0.12 0.21 0.48 0.76 1.04 1.29 1.48 1.53 1.46 1.30 1.13 0.96 0.82 0.77 0.82 0.95 1.10 1.21
 12   1.20 1.04 0.80 0.55 0.34 0.19 0.13 0.16 0.33 0.59 0.88 1.18 1.40 1.51 1.50 1.35 1.14 0.94 0.80 0.76 0.80 0.90 1.02 1.14
 13   1.22 1.22 1.07 0.82 0.56 0.35 0.21 0.20 0.28 0.49 0.77 1.04 1.29 1.47 1.54 1.49 1.30 1.07 0.88 0.76 0.74 0.82 0.95 1.09
 14   1.22 1.24 1.14 0.96 0.75 0.52 0.32 0.22 0.25 0.38 0.55 0.75 0.96 1.19 1.38 1.50 1.52 1.41 1.19 0.96 0.82 0.78 0.80 0.89
 15   0.99 1.08 1.15 1.15 1.05 0.89 0.70 0.52 0.38 0.36 0.48 0.78 1.08 1.33 1.50 1.57 1.54 1.39 1.20 1.01 0.86 0.78 0.77 0.86
 16   0.98 1.07 1.10 1.05 0.93 0.80 0.68 0.59 0.52 0.50 0.56 0.70 0.92 1.15 1.36 1.48 1.50 1.40 1.18 0.87 0.60 0.50 0.53 0.63
 17   0.75 0.87 0.97 1.04 1.06 0.99 0.87 0.74 0.61 0.51 0.52 0.64 0.81 0.99 1.16 1.32 1.42 1.42 1.32 1.16 0.95 0.76 0.60 0.53
 18   0.56 0.66 0.78 0.90 1.00 1.03 0.99 0.91 0.81 0.72 0.65 0.64 0.72 0.87 1.05 1.23 1.37 1.43 1.40 1.24 1.06 0.88 0.70 0.55
 19   0.49 0.54 0.65 0.76 0.87 0.97 1.05 1.08 1.04 0.96 0.88 0.81 0.80 0.88 1.02 1.17 1.32 1.44 1.48 1.44 1.30 1.09 0.84 0.62
 20   0.46 0.40 0.44 0.59 0.78 0.97 1.16 1.29 1.34 1.29 1.16 1.02 0.92 0.90 0.98 1.12 1.26 1.39 1.49 1.52 1.44 1.22 0.96 0.66
 21   0.42 0.30 0.28 0.38 0.58 0.84 1.09 1.30 1.46 1.52 1.48 1.32 1.15 1.00 0.93 0.94 1.05 1.20 1.36 1.49 1.54 1.48 1.26 0.94
 22   0.65 0.38 0.18 0.15 0.25 0.49 0.80 1.10 1.36 1.56 1.65 1.61 1.44 1.23 1.04 0.95 0.95 1.04 1.20 1.36 1.50 1.56 1.48 1.27
 23   1.00 0.66 0.34 0.09 0.04 0.13 0.41 0.77 1.10 1.44 1.69 1.74 1.66 1.46 1.23 1.03 0.91 0.93 1.06 1.23 1.41 1.54 1.54 1.41
 24   1.14 0.82 0.46 0.13-0.08-0.10 0.12 0.47 0.84 1.20 1.55 1.75 1.80 1.68 1.44 1.16 0.94 0.85 0.90 1.06 1.23 1.40 1.52 1.55
 25   1.42 1.15 0.78 0.38 0.07-0.07-0.04 0.22 0.58 0.98 1.38 1.66 1.82 1.84 1.69 1.38 1.07 0.86 0.78 0.85 1.02 1.21 1.39 1.52
 26   1.54 1.39 1.10 0.77 0.41 0.10-0.01 0.08 0.33 0.67 1.10 1.48 1.73 1.84 1.81 1.57 1.26 0.97 0.74 0.66 0.74 0.94 1.16 1.34
 27   1.45 1.42 1.26 1.00 0.66 0.32 0.10 0.05 0.16 0.46 0.80 1.15 1.50 1.71 1.78 1.70 1.46 1.13 0.85 0.66 0.60 0.68 0.88 1.09
 28   1.28 1.38 1.37 1.21 0.95 0.66 0.38 0.18 0.16 0.29 0.58 0.94 1.26 1.53 1.71 1.75 1.62 1.30 1.00 0.78 0.67 0.66 0.76 0.93
 29   1.12 1.27 1.34 1.31 1.17 0.92 0.62 0.39 0.31 0.34 0.52 0.77 1.07 1.34 1.54 1.64 1.62 1.48 1.20 0.92 0.71 0.60 0.59 0.67
 30   0.80 0.94 1.07 1.16 1.18 1.10 0.94 0.74 0.58 0.50 0.51 0.63 0.84 1.08 1.28 1.45 1.52 1.49 1.35 1.13 0.89 0.67 0.54 0.50
 ----------------------------------------------------------------------------------------------------------------------------
                                                                                               
 ----------------------------------------------------------------------------------------------------------------------------
 ----------------------------------------------------------------------------------------------------------------------------
                                                          SURVEY OF INDIA
                                                    MARINE GEODESY WING (G&RB)
                                                     HOURLY HEIGHTS IN METRES
  NAME OF PORT:- NEW MANGLORE                                                                       MONTH JULY      YEAR 2017
 ----------------------------------------------------------------------------------------------------------------------------
 DAYS 0000 0001 0002 0003 0004 0005 0006 0007 0008 0009 0010 0011 0012 0013 0014 0015 0016 0017 0018 0019 0020 0021 0022 0023
 ----------------------------------------------------------------------------------------------------------------------------
  1   0.54 0.66 0.81 0.97 1.10 1.14 1.08 0.93 0.77 0.66 0.62 0.65 0.76 0.91 1.10 1.28 1.39 1.42 1.36 1.20 1.00 0.82 0.66 0.52
  2   0.45 0.50 0.63 0.78 0.92 1.05 1.13 1.14 1.08 0.98 0.88 0.81 0.81 0.89 1.02 1.16 1.30 1.39 1.39 1.30 1.14 0.96 0.78 0.62
  3   0.48 0.44 0.48 0.60 0.74 0.88 1.00 1.09 1.12 1.09 1.02 0.93 0.86 0.85 0.90 0.99 1.09 1.18 1.24 1.23 1.14 0.98 0.78 0.60
  4   0.44 0.34 0.33 0.42 0.58 0.77 0.95 1.09 1.18 1.20 1.16 1.06 0.95 0.86 0.84 0.89 0.99 1.10 1.19 1.24 1.22 1.12 0.93 0.73
  5   0.54 0.39 0.31 0.32 0.42 0.61 0.80 1.00 1.18 1.30 1.32 1.26 1.15 1.03 0.94 0.90 0.91 0.97 1.06 1.14 1.18 1.15 1.00 0.82
  6   0.65 0.48 0.34 0.26 0.27 0.40 0.62 0.88 1.12 1.31 1.39 1.37 1.27 1.12 0.98 0.90 0.88 0.93 1.02 1.11 1.17 1.17 1.08 0.90
  7   0.68 0.46 0.28 0.18 0.17 0.27 0.48 0.73 0.98 1.21 1.36 1.41 1.39 1.30 1.18 1.05 0.92 0.81 0.76 0.78 0.88 1.00 1.07 1.06
  8   0.94 0.76 0.55 0.33 0.15 0.06 0.09 0.28 0.52 0.80 1.10 1.30 1.35 1.27 1.11 0.92 0.76 0.69 0.72 0.85 1.00 1.10 1.13 1.06
  9   0.88 0.64 0.42 0.22 0.08 0.04 0.13 0.34 0.63 0.96 1.24 1.40 1.43 1.37 1.23 1.07 0.92 0.80 0.74 0.76 0.87 1.02 1.14 1.15
 10   1.02 0.82 0.60 0.39 0.21 0.10 0.10 0.26 0.52 0.80 1.10 1.34 1.44 1.43 1.30 1.10 0.90 0.72 0.63 0.64 0.78 0.94 1.08 1.14
 11   1.08 0.89 0.66 0.42 0.18 0.04 0.04 0.19 0.46 0.73 0.98 1.20 1.36 1.43 1.38 1.23 1.02 0.81 0.64 0.56 0.58 0.72 0.90 1.04
 12   1.11 1.08 0.90 0.64 0.38 0.16 0.04 0.05 0.22 0.48 0.76 1.04 1.28 1.42 1.44 1.36 1.17 0.93 0.72 0.60 0.59 0.69 0.84 1.00
 13   1.09 1.07 0.88 0.64 0.42 0.23 0.12 0.10 0.19 0.39 0.67 0.97 1.22 1.39 1.48 1.46 1.30 1.04 0.79 0.60 0.51 0.52 0.63 0.80
 14   0.98 1.10 1.12 1.03 0.83 0.60 0.38 0.24 0.23 0.36 0.58 0.85 1.10 1.30 1.44 1.48 1.40 1.18 0.93 0.72 0.56 0.51 0.56 0.69
 15   0.84 0.98 1.07 1.08 1.00 0.84 0.64 0.46 0.33 0.34 0.54 0.78 1.01 1.23 1.41 1.49 1.47 1.31 1.10 0.86 0.64 0.49 0.47 0.56
 16   0.70 0.85 0.98 1.06 1.06 0.98 0.83 0.67 0.54 0.48 0.52 0.68 0.89 1.09 1.26 1.38 1.42 1.36 1.20 0.98 0.76 0.54 0.40 0.39
 17   0.47 0.62 0.78 0.93 1.03 1.06 1.02 0.92 0.79 0.68 0.64 0.69 0.81 0.97 1.14 1.29 1.38 1.39 1.29 1.11 0.89 0.66 0.44 0.30
 18   0.28 0.37 0.54 0.78 1.05 1.24 1.28 1.18 0.98 0.78 0.65 0.63 0.70 0.84 0.98 1.12 1.24 1.30 1.29 1.19 1.02 0.78 0.50 0.29
 19   0.19 0.18 0.27 0.46 0.68 0.88 1.08 1.24 1.30 1.23 1.09 0.94 0.85 0.84 0.92 1.05 1.19 1.31 1.38 1.36 1.22 1.01 0.76 0.50
 20   0.25 0.10 0.10 0.25 0.48 0.74 1.01 1.24 1.40 1.43 1.35 1.20 1.04 0.91 0.87 0.91 1.01 1.14 1.26 1.34 1.34 1.20 0.94 0.64
 21   0.33 0.10 0.02 0.07 0.24 0.49 0.76 1.02 1.28 1.48 1.54 1.47 1.29 1.10 0.95 0.87 0.88 0.98 1.11 1.24 1.33 1.34 1.24 0.98
 22   0.65 0.33 0.07-0.08-0.06 0.18 0.48 0.80 1.14 1.42 1.61 1.62 1.50 1.28 1.06 0.87 0.77 0.79 0.94 1.12 1.28 1.39 1.41 1.30
 23   1.02 0.64 0.29 0.02-0.12-0.10 0.17 0.50 0.84 1.20 1.50 1.66 1.67 1.52 1.27 1.03 0.84 0.74 0.76 0.90 1.09 1.26 1.37 1.38
 24   1.24 0.94 0.58 0.23-0.02-0.13-0.05 0.20 0.54 0.90 1.29 1.57 1.69 1.66 1.41 1.10 0.82 0.62 0.54 0.60 0.79 1.01 1.22 1.35
 25   1.36 1.19 0.89 0.55 0.20-0.03-0.09 0.00 0.32 0.70 1.07 1.42 1.63 1.68 1.57 1.28 0.95 0.67 0.50 0.49 0.62 0.81 1.02 1.20
 26   1.28 1.24 1.06 0.78 0.46 0.15-0.03-0.02 0.20 0.50 0.86 1.21 1.46 1.60 1.58 1.42 1.16 0.85 0.58 0.43 0.43 0.58 0.79 1.00
 27   1.16 1.24 1.20 1.02 0.74 0.42 0.18 0.09 0.15 0.38 0.68 1.01 1.28 1.47 1.55 1.51 1.30 0.99 0.70 0.49 0.40 0.43 0.60 0.85
 28   1.08 1.22 1.24 1.14 0.96 0.73 0.49 0.30 0.26 0.36 0.58 0.83 1.07 1.29 1.43 1.45 1.34 1.12 0.84 0.58 0.40 0.32 0.36 0.51
 29   0.70 0.90 1.06 1.12 1.08 0.93 0.73 0.54 0.42 0.42 0.54 0.71 0.90 1.10 1.26 1.34 1.31 1.17 0.94 0.68 0.48 0.34 0.31 0.38
 30   0.53 0.69 0.83 0.94 0.99 0.97 0.87 0.73 0.60 0.53 0.54 0.64 0.80 0.98 1.14 1.26 1.28 1.20 1.04 0.82 0.58 0.39 0.29 0.29
 31   0.38 0.51 0.65 0.79 0.90 0.96 0.96 0.89 0.78 0.68 0.64 0.66 0.74 0.86 0.99 1.10 1.17 1.17 1.08 0.94 0.76 0.58 0.40 0.29
 ----------------------------------------------------------------------------------------------------------------------------
                                                                                               
 ----------------------------------------------------------------------------------------------------------------------------
 ----------------------------------------------------------------------------------------------------------------------------
                                                          SURVEY OF INDIA
                                                    MARINE GEODESY WING (G&RB)
                                                     HOURLY HEIGHTS IN METRES
  NAME OF PORT:- NEW MANGLORE                                                                       MONTH AUGUST    YEAR 2017
 ----------------------------------------------------------------------------------------------------------------------------
 DAYS 0000 0001 0002 0003 0004 0005 0006 0007 0008 0009 0010 0011 0012 0013 0014 0015 0016 0017 0018 0019 0020 0021 0022 0023
 ----------------------------------------------------------------------------------------------------------------------------
  1   0.29 0.39 0.52 0.65 0.78 0.90 1.00 1.05 1.02 0.94 0.86 0.80 0.80 0.86 0.94 1.02 1.10 1.16 1.16 1.06 0.92 0.75 0.58 0.41
  2   0.30 0.30 0.39 0.52 0.67 0.82 0.97 1.09 1.16 1.16 1.09 1.01 0.94 0.90 0.90 0.95 1.02 1.08 1.12 1.11 1.03 0.89 0.72 0.56
  3   0.41 0.31 0.29 0.36 0.53 0.71 0.88 1.04 1.17 1.23 1.20 1.08 0.95 0.85 0.82 0.85 0.91 0.98 1.05 1.08 1.03 0.90 0.73 0.56
  4   0.37 0.20 0.14 0.18 0.34 0.54 0.72 0.90 1.08 1.21 1.24 1.18 1.05 0.91 0.79 0.72 0.71 0.77 0.88 0.98 1.02 0.98 0.86 0.70
  5   0.50 0.30 0.16 0.12 0.18 0.34 0.56 0.78 1.00 1.18 1.26 1.25 1.14 0.99 0.84 0.72 0.66 0.68 0.79 0.94 1.07 1.10 1.02 0.87
  6   0.68 0.46 0.26 0.12 0.08 0.18 0.40 0.66 0.91 1.14 1.29 1.34 1.28 1.15 0.99 0.84 0.72 0.68 0.74 0.86 0.98 1.08 1.10 1.02
  7   0.84 0.60 0.36 0.17 0.07 0.08 0.24 0.50 0.76 1.01 1.24 1.38 1.38 1.24 1.04 0.84 0.68 0.58 0.58 0.70 0.86 1.02 1.12 1.12
  8   1.01 0.80 0.52 0.24 0.06 0.05 0.18 0.41 0.66 0.94 1.23 1.43 1.48 1.42 1.24 1.02 0.81 0.64 0.59 0.66 0.81 0.99 1.14 1.20
  9   1.18 1.05 0.79 0.50 0.25 0.09 0.09 0.24 0.49 0.77 1.11 1.37 1.48 1.46 1.30 1.06 0.80 0.60 0.49 0.50 0.64 0.83 1.05 1.20
 10   1.20 1.03 0.75 0.50 0.30 0.13 0.07 0.14 0.36 0.65 0.95 1.21 1.40 1.43 1.34 1.16 0.92 0.66 0.47 0.40 0.46 0.64 0.84 1.04
 11   1.19 1.21 1.09 0.86 0.60 0.37 0.22 0.21 0.32 0.55 0.84 1.12 1.34 1.45 1.45 1.32 1.08 0.78 0.54 0.40 0.40 0.51 0.69 0.90
 12   1.10 1.18 1.14 1.00 0.78 0.55 0.36 0.25 0.27 0.44 0.70 0.99 1.24 1.40 1.42 1.34 1.13 0.85 0.58 0.36 0.25 0.27 0.42 0.62
 13   0.84 1.02 1.10 1.07 0.94 0.76 0.57 0.41 0.35 0.43 0.64 0.87 1.08 1.26 1.36 1.35 1.20 0.98 0.72 0.48 0.30 0.20 0.21 0.36
 14   0.60 0.82 0.98 1.06 1.05 0.95 0.79 0.61 0.47 0.45 0.56 0.74 0.93 1.11 1.26 1.33 1.30 1.12 0.87 0.62 0.40 0.23 0.17 0.21
 15   0.38 0.57 0.76 0.93 1.06 1.09 1.02 0.89 0.76 0.66 0.65 0.72 0.84 0.98 1.12 1.24 1.28 1.24 1.09 0.87 0.62 0.40 0.26 0.21
 16   0.26 0.41 0.58 0.77 0.95 1.10 1.16 1.11 1.00 0.88 0.79 0.77 0.84 0.97 1.11 1.25 1.34 1.33 1.20 1.00 0.78 0.55 0.35 0.20
 17   0.14 0.20 0.36 0.56 0.77 0.98 1.14 1.24 1.24 1.15 1.05 0.95 0.88 0.87 0.93 1.03 1.13 1.22 1.24 1.16 1.00 0.82 0.62 0.40
 18   0.22 0.17 0.22 0.39 0.60 0.84 1.08 1.26 1.37 1.37 1.27 1.14 1.00 0.90 0.87 0.92 1.01 1.11 1.21 1.28 1.28 1.18 0.98 0.70
 19   0.42 0.20 0.10 0.12 0.30 0.56 0.88 1.16 1.39 1.54 1.54 1.39 1.19 0.99 0.86 0.82 0.86 0.98 1.11 1.24 1.33 1.32 1.18 0.95
 20   0.66 0.36 0.13 0.06 0.13 0.40 0.70 1.02 1.32 1.54 1.63 1.60 1.42 1.18 0.96 0.80 0.74 0.78 0.92 1.08 1.24 1.36 1.38 1.25
 21   0.99 0.66 0.36 0.14 0.06 0.15 0.40 0.72 1.08 1.36 1.54 1.61 1.54 1.30 1.00 0.74 0.56 0.52 0.60 0.80 1.02 1.23 1.34 1.33
 22   1.20 0.94 0.59 0.26 0.02-0.03 0.10 0.40 0.76 1.10 1.38 1.56 1.57 1.42 1.15 0.80 0.52 0.38 0.39 0.54 0.78 1.01 1.20 1.32
 23   1.30 1.15 0.88 0.55 0.28 0.10 0.08 0.24 0.54 0.88 1.23 1.46 1.56 1.50 1.32 1.00 0.66 0.41 0.31 0.38 0.57 0.82 1.06 1.26
 24   1.33 1.27 1.04 0.77 0.46 0.20 0.10 0.14 0.36 0.70 1.02 1.30 1.46 1.50 1.39 1.15 0.78 0.44 0.28 0.26 0.36 0.58 0.82 1.04
 25   1.25 1.34 1.28 1.06 0.76 0.48 0.29 0.25 0.34 0.54 0.81 1.10 1.36 1.46 1.42 1.27 1.03 0.72 0.42 0.28 0.27 0.38 0.58 0.81
 26   1.04 1.22 1.25 1.17 1.00 0.78 0.55 0.40 0.40 0.54 0.76 0.99 1.22 1.40 1.43 1.34 1.14 0.90 0.64 0.42 0.30 0.30 0.44 0.66
 27   0.89 1.08 1.21 1.22 1.12 0.97 0.81 0.65 0.56 0.58 0.74 0.94 1.14 1.30 1.38 1.36 1.22 1.00 0.78 0.56 0.38 0.31 0.36 0.50
 28   0.66 0.83 0.98 1.09 1.14 1.10 0.98 0.84 0.72 0.66 0.70 0.84 1.00 1.14 1.24 1.27 1.22 1.08 0.90 0.70 0.52 0.40 0.36 0.42
 29   0.58 0.75 0.92 1.07 1.16 1.17 1.10 1.00 0.90 0.82 0.80 0.84 0.94 1.06 1.16 1.20 1.18 1.08 0.94 0.80 0.64 0.50 0.40 0.39
 30   0.46 0.58 0.73 0.87 0.99 1.07 1.10 1.08 1.01 0.92 0.85 0.82 0.86 0.94 1.02 1.07 1.08 1.03 0.92 0.80 0.68 0.55 0.44 0.38
 31   0.38 0.44 0.54 0.66 0.79 0.92 1.03 1.10 1.11 1.06 0.96 0.87 0.85 0.88 0.93 0.98 1.03 1.06 1.05 0.96 0.80 0.60 0.40 0.34
 ----------------------------------------------------------------------------------------------------------------------------
                                                                                               
 ----------------------------------------------------------------------------------------------------------------------------
 ----------------------------------------------------------------------------------------------------------------------------
                                                          SURVEY OF INDIA
                                                    MARINE GEODESY WING (G&RB)
                                                     HOURLY HEIGHTS IN METRES
  NAME OF PORT:- NEW MANGLORE                                                                       MONTH SEPT      YEAR 2017
 ----------------------------------------------------------------------------------------------------------------------------
 DAYS 0000 0001 0002 0003 0004 0005 0006 0007 0008 0009 0010 0011 0012 0013 0014 0015 0016 0017 0018 0019 0020 0021 0022 0023
 ----------------------------------------------------------------------------------------------------------------------------
  1   0.34 0.38 0.44 0.52 0.61 0.71 0.83 0.98 1.15 1.21 1.18 1.09 0.99 0.89 0.83 0.82 0.84 0.90 0.98 0.97 0.85 0.72 0.60 0.48
  2   0.40 0.36 0.38 0.49 0.64 0.79 0.94 1.07 1.18 1.24 1.24 1.14 1.00 0.87 0.78 0.75 0.78 0.86 0.96 1.06 1.14 1.16 1.10 0.95
  3   0.72 0.48 0.33 0.32 0.42 0.60 0.80 1.00 1.18 1.32 1.36 1.30 1.18 1.04 0.91 0.82 0.80 0.84 0.93 1.02 1.05 1.00 0.87 0.71
  4   0.54 0.38 0.26 0.22 0.26 0.44 0.65 0.88 1.10 1.27 1.37 1.37 1.26 1.06 0.87 0.71 0.65 0.68 0.82 0.98 1.12 1.22 1.21 1.08
  5   0.90 0.68 0.44 0.28 0.24 0.32 0.54 0.80 1.04 1.30 1.44 1.47 1.38 1.20 0.96 0.74 0.60 0.57 0.64 0.79 0.98 1.16 1.22 1.19
  6   1.07 0.87 0.61 0.36 0.21 0.19 0.29 0.57 0.86 1.10 1.31 1.42 1.41 1.26 1.04 0.78 0.58 0.45 0.45 0.56 0.76 1.00 1.18 1.26
  7   1.23 1.09 0.82 0.52 0.30 0.19 0.21 0.40 0.70 1.00 1.28 1.49 1.52 1.42 1.20 0.94 0.66 0.47 0.42 0.50 0.72 0.97 1.18 1.36
  8   1.44 1.38 1.16 0.86 0.60 0.40 0.36 0.45 0.68 0.94 1.24 1.49 1.56 1.51 1.34 1.09 0.79 0.50 0.36 0.37 0.56 0.80 1.04 1.26
  9   1.40 1.44 1.39 1.23 1.00 0.77 0.60 0.52 0.55 0.79 1.10 1.37 1.54 1.59 1.54 1.32 1.04 0.75 0.46 0.31 0.32 0.54 0.82 1.09
 10   1.33 1.44 1.44 1.35 1.20 1.02 0.83 0.68 0.65 0.75 1.01 1.28 1.48 1.54 1.48 1.25 0.90 0.58 0.36 0.24 0.24 0.38 0.63 0.90
 11   1.16 1.30 1.26 1.02 0.77 0.52 0.39 0.40 0.53 0.72 0.93 1.14 1.34 1.47 1.49 1.38 1.17 0.90 0.58 0.33 0.22 0.24 0.40 0.64
 12   0.88 1.14 1.32 1.39 1.37 1.26 1.09 0.90 0.78 0.76 0.86 1.03 1.20 1.35 1.44 1.45 1.36 1.17 0.90 0.62 0.41 0.30 0.32 0.45
 13   0.65 0.89 1.10 1.29 1.40 1.40 1.28 1.12 0.98 0.88 0.84 0.90 1.04 1.20 1.34 1.39 1.34 1.19 1.00 0.79 0.56 0.37 0.29 0.31
 14   0.46 0.66 0.86 1.06 1.23 1.33 1.36 1.30 1.18 1.04 0.91 0.88 0.93 1.02 1.12 1.22 1.27 1.25 1.15 0.98 0.79 0.60 0.44 0.36
 15   0.38 0.50 0.68 0.91 1.16 1.35 1.43 1.43 1.37 1.25 1.12 1.00 0.93 0.94 1.00 1.07 1.15 1.22 1.26 1.22 1.09 0.91 0.70 0.50
 16   0.39 0.36 0.42 0.57 0.79 1.02 1.24 1.40 1.48 1.46 1.32 1.15 1.00 0.89 0.84 0.86 0.96 1.08 1.20 1.29 1.30 1.18 1.00 0.78
 17   0.56 0.40 0.33 0.38 0.52 0.74 1.02 1.26 1.46 1.52 1.48 1.30 1.11 0.92 0.79 0.72 0.73 0.85 1.00 1.17 1.30 1.34 1.26 1.07
 18   0.83 0.60 0.42 0.34 0.38 0.55 0.82 1.10 1.38 1.58 1.63 1.55 1.34 1.07 0.82 0.63 0.62 0.74 0.91 1.10 1.28 1.42 1.47 1.38
 19   1.18 0.85 0.58 0.39 0.36 0.48 0.73 1.00 1.29 1.50 1.63 1.64 1.51 1.27 0.92 0.66 0.54 0.54 0.66 0.90 1.14 1.37 1.51 1.52
 20   1.40 1.18 0.87 0.60 0.39 0.36 0.48 0.76 1.06 1.34 1.57 1.63 1.56 1.33 1.02 0.68 0.45 0.38 0.44 0.67 0.94 1.20 1.42 1.48
 21   1.44 1.30 1.05 0.72 0.48 0.35 0.37 0.58 0.84 1.14 1.38 1.51 1.51 1.39 1.16 0.82 0.52 0.32 0.28 0.40 0.66 0.94 1.20 1.40
 22   1.46 1.42 1.24 0.92 0.63 0.44 0.40 0.48 0.74 1.02 1.28 1.48 1.52 1.43 1.22 0.94 0.64 0.40 0.28 0.30 0.52 0.79 1.08 1.32
 23   1.46 1.48 1.38 1.17 0.88 0.66 0.55 0.58 0.74 0.94 1.16 1.38 1.48 1.48 1.32 1.09 0.80 0.52 0.30 0.25 0.31 0.52 0.82 1.07
 24   1.30 1.42 1.42 1.30 1.10 0.86 0.68 0.60 0.63 0.77 0.97 1.18 1.33 1.38 1.30 1.12 0.88 0.62 0.38 0.25 0.26 0.40 0.62 0.87
 25   1.10 1.28 1.34 1.32 1.21 1.02 0.84 0.70 0.66 0.72 0.89 1.08 1.24 1.31 1.28 1.16 0.97 0.75 0.50 0.32 0.29 0.38 0.56 0.77
 26   0.97 1.16 1.28 1.28 1.20 1.08 0.94 0.81 0.74 0.74 0.84 1.00 1.14 1.23 1.26 1.19 1.05 0.85 0.64 0.47 0.38 0.38 0.48 0.64
 27   0.80 1.00 1.18 1.24 1.23 1.16 1.07 0.97 0.88 0.84 0.88 0.97 1.07 1.15 1.20 1.19 1.08 0.94 0.78 0.60 0.46 0.41 0.44 0.55
 28   0.72 0.88 1.02 1.13 1.20 1.22 1.19 1.11 1.02 0.93 0.88 0.88 0.95 1.03 1.09 1.11 1.08 1.00 0.88 0.76 0.64 0.54 0.50 0.52
 29   0.62 0.76 0.90 1.02 1.12 1.20 1.24 1.23 1.17 1.08 1.00 0.93 0.91 0.93 0.98 1.03 1.06 1.05 0.99 0.90 0.80 0.70 0.60 0.52
 30   0.49 0.55 0.67 0.82 0.96 1.08 1.18 1.24 1.26 1.22 1.13 1.03 0.94 0.89 0.89 0.92 0.96 1.00 1.03 1.02 0.96 0.85 0.74 0.62
 ----------------------------------------------------------------------------------------------------------------------------
                                                                                               
 ----------------------------------------------------------------------------------------------------------------------------
 ----------------------------------------------------------------------------------------------------------------------------
                                                          SURVEY OF INDIA
                                                    MARINE GEODESY WING (G&RB)
                                                     HOURLY HEIGHTS IN METRES
  NAME OF PORT:- NEW MANGLORE                                                                       MONTH OCTOBER   YEAR 2017
 ----------------------------------------------------------------------------------------------------------------------------
 DAYS 0000 0001 0002 0003 0004 0005 0006 0007 0008 0009 0010 0011 0012 0013 0014 0015 0016 0017 0018 0019 0020 0021 0022 0023
 ----------------------------------------------------------------------------------------------------------------------------
  1   0.53 0.51 0.56 0.68 0.82 0.98 1.14 1.28 1.33 1.30 1.21 1.10 1.00 0.90 0.82 0.78 0.80 0.90 1.00 1.07 1.09 1.05 0.94 0.80
  2   0.68 0.58 0.52 0.54 0.68 0.86 1.06 1.23 1.37 1.43 1.39 1.24 1.08 0.93 0.80 0.75 0.78 0.90 1.04 1.18 1.27 1.28 1.21 1.07
  3   0.90 0.74 0.62 0.60 0.68 0.84 1.04 1.26 1.44 1.54 1.54 1.44 1.26 1.04 0.85 0.72 0.70 0.80 0.97 1.15 1.32 1.42 1.42 1.32
  4   1.14 0.91 0.72 0.60 0.58 0.70 0.93 1.17 1.38 1.54 1.60 1.54 1.36 1.11 0.82 0.63 0.57 0.64 0.82 1.04 1.28 1.47 1.55 1.50
  5   1.34 1.10 0.85 0.64 0.58 0.62 0.78 1.06 1.32 1.52 1.63 1.64 1.51 1.23 0.94 0.66 0.49 0.47 0.58 0.84 1.12 1.37 1.58 1.61
  6   1.50 1.28 1.03 0.76 0.58 0.54 0.66 0.90 1.19 1.44 1.62 1.66 1.56 1.34 1.04 0.70 0.42 0.35 0.40 0.60 0.88 1.16 1.47 1.65
  7   1.66 1.54 1.32 1.02 0.73 0.61 0.64 0.86 1.10 1.32 1.54 1.70 1.71 1.54 1.24 0.84 0.48 0.26 0.23 0.35 0.64 0.98 1.30 1.58
  8   1.70 1.70 1.57 1.32 1.00 0.77 0.68 0.74 0.96 1.21 1.43 1.62 1.70 1.64 1.40 1.08 0.68 0.38 0.23 0.24 0.40 0.70 1.08 1.40
  9   1.66 1.74 1.70 1.54 1.25 0.98 0.82 0.77 0.85 1.05 1.28 1.48 1.60 1.60 1.48 1.23 0.87 0.52 0.23 0.16 0.21 0.44 0.74 1.06
 10   1.36 1.60 1.69 1.62 1.42 1.16 0.96 0.84 0.82 0.92 1.10 1.29 1.46 1.54 1.48 1.28 1.02 0.73 0.44 0.26 0.21 0.29 0.52 0.80
 11   1.14 1.40 1.56 1.61 1.55 1.39 1.18 0.98 0.91 0.93 1.04 1.19 1.36 1.49 1.50 1.41 1.23 0.99 0.70 0.45 0.30 0.29 0.42 0.64
 12   0.88 1.14 1.39 1.54 1.59 1.54 1.40 1.23 1.09 1.00 0.99 1.04 1.14 1.25 1.34 1.38 1.34 1.19 0.99 0.78 0.58 0.47 0.46 0.54
 13   0.71 0.94 1.18 1.40 1.56 1.65 1.64 1.52 1.36 1.22 1.11 1.06 1.07 1.14 1.22 1.31 1.38 1.38 1.29 1.15 0.98 0.80 0.67 0.61
 14   0.64 0.80 0.99 1.18 1.36 1.54 1.64 1.65 1.55 1.38 1.18 1.02 0.94 0.93 0.98 1.06 1.15 1.24 1.29 1.28 1.20 1.06 0.88 0.72
 15   0.61 0.59 0.66 0.82 1.01 1.21 1.41 1.52 1.53 1.46 1.32 1.13 0.95 0.83 0.80 0.84 0.96 1.10 1.23 1.33 1.36 1.30 1.14 0.94
 16   0.74 0.63 0.62 0.71 0.88 1.08 1.30 1.52 1.61 1.59 1.47 1.28 1.05 0.84 0.70 0.66 0.74 0.90 1.08 1.26 1.40 1.45 1.39 1.24
 17   1.04 0.83 0.68 0.64 0.72 0.88 1.10 1.32 1.53 1.62 1.60 1.44 1.20 0.93 0.66 0.53 0.53 0.64 0.84 1.07 1.28 1.45 1.51 1.43
 18   1.25 1.01 0.78 0.62 0.61 0.74 0.94 1.16 1.39 1.56 1.61 1.54 1.36 1.08 0.75 0.53 0.45 0.50 0.68 0.92 1.17 1.39 1.56 1.60
 19   1.50 1.29 1.04 0.79 0.66 0.67 0.84 1.05 1.29 1.50 1.61 1.58 1.43 1.18 0.84 0.56 0.40 0.38 0.49 0.72 1.00 1.28 1.50 1.62
 20   1.61 1.48 1.24 0.96 0.74 0.67 0.74 0.92 1.14 1.35 1.50 1.56 1.49 1.28 0.98 0.66 0.42 0.31 0.33 0.53 0.84 1.14 1.42 1.59
 21   1.61 1.52 1.35 1.13 0.88 0.72 0.71 0.84 1.02 1.22 1.40 1.48 1.44 1.25 0.99 0.70 0.42 0.24 0.24 0.42 0.68 0.98 1.30 1.52
 22   1.62 1.59 1.44 1.20 0.96 0.77 0.70 0.75 0.90 1.08 1.25 1.38 1.40 1.30 1.08 0.83 0.55 0.31 0.23 0.28 0.48 0.74 1.06 1.34
 23   1.51 1.57 1.52 1.36 1.13 0.92 0.78 0.75 0.84 0.98 1.12 1.25 1.32 1.29 1.14 0.90 0.65 0.42 0.28 0.27 0.40 0.62 0.90 1.18
 24   1.40 1.53 1.53 1.43 1.27 1.08 0.90 0.82 0.83 0.92 1.03 1.14 1.22 1.24 1.16 1.00 0.80 0.58 0.37 0.28 0.30 0.46 0.70 0.95
 25   1.18 1.39 1.49 1.48 1.37 1.20 1.04 0.91 0.84 0.86 0.96 1.09 1.20 1.25 1.20 1.06 0.90 0.73 0.56 0.44 0.41 0.49 0.67 0.87
 26   1.08 1.26 1.40 1.45 1.40 1.29 1.16 1.04 0.95 0.91 0.94 1.01 1.09 1.16 1.18 1.13 1.00 0.83 0.67 0.54 0.47 0.48 0.58 0.76
 27   0.96 1.14 1.30 1.40 1.41 1.36 1.27 1.17 1.06 0.98 0.95 0.97 1.02 1.08 1.13 1.14 1.09 0.98 0.86 0.74 0.64 0.59 0.61 0.70
 28   0.83 0.98 1.14 1.28 1.37 1.40 1.37 1.28 1.18 1.07 0.97 0.92 0.93 1.00 1.08 1.13 1.12 1.06 0.97 0.87 0.78 0.70 0.64 0.62
 29   0.66 0.78 0.92 1.06 1.19 1.29 1.34 1.31 1.23 1.12 1.01 0.90 0.82 0.80 0.84 0.91 0.98 1.04 1.06 1.03 0.96 0.87 0.78 0.71
 30   0.68 0.72 0.82 0.96 1.10 1.23 1.34 1.39 1.35 1.23 1.09 0.96 0.84 0.76 0.75 0.80 0.89 1.00 1.09 1.14 1.13 1.05 0.94 0.83
 31   0.74 0.70 0.72 0.81 0.94 1.10 1.27 1.41 1.45 1.40 1.25 1.04 0.86 0.71 0.59 0.55 0.60 0.77 0.96 1.13 1.25 1.29 1.22 1.07
 ----------------------------------------------------------------------------------------------------------------------------
                                                                                               
 ----------------------------------------------------------------------------------------------------------------------------
 ----------------------------------------------------------------------------------------------------------------------------
                                                          SURVEY OF INDIA
                                                    MARINE GEODESY WING (G&RB)
                                                     HOURLY HEIGHTS IN METRES
  NAME OF PORT:- NEW MANGLORE                                                                       MONTH NOVEMBER  YEAR 2017
 ----------------------------------------------------------------------------------------------------------------------------
 DAYS 0000 0001 0002 0003 0004 0005 0006 0007 0008 0009 0010 0011 0012 0013 0014 0015 0016 0017 0018 0019 0020 0021 0022 0023
 ----------------------------------------------------------------------------------------------------------------------------
  1   0.90 0.76 0.70 0.72 0.81 0.97 1.15 1.34 1.48 1.50 1.42 1.24 1.05 0.84 0.68 0.67 0.77 0.92 1.09 1.26 1.42 1.49 1.48 1.36
  2   1.12 0.91 0.80 0.81 0.94 1.10 1.26 1.41 1.53 1.58 1.54 1.35 1.10 0.80 0.52 0.32 0.26 0.34 0.60 0.87 1.16 1.44 1.55 1.50
  3   1.30 1.08 0.89 0.74 0.69 0.78 1.02 1.26 1.46 1.58 1.59 1.46 1.23 0.94 0.60 0.40 0.38 0.50 0.74 1.00 1.28 1.52 1.70 1.74
  4   1.62 1.40 1.14 0.92 0.78 0.75 0.88 1.11 1.35 1.57 1.66 1.62 1.46 1.17 0.78 0.44 0.25 0.22 0.34 0.65 0.98 1.32 1.62 1.83
  5   1.86 1.74 1.44 1.16 0.94 0.84 0.88 1.08 1.31 1.51 1.63 1.67 1.60 1.38 1.00 0.62 0.27 0.13 0.16 0.38 0.74 1.09 1.48 1.78
  6   1.90 1.88 1.69 1.36 1.10 0.93 0.91 1.00 1.18 1.37 1.54 1.66 1.69 1.56 1.30 0.90 0.52 0.22 0.10 0.14 0.38 0.72 1.12 1.50
  7   1.76 1.88 1.84 1.64 1.35 1.10 0.94 0.88 0.96 1.16 1.37 1.56 1.67 1.66 1.48 1.16 0.80 0.42 0.20 0.15 0.24 0.48 0.86 1.24
  8   1.56 1.80 1.88 1.82 1.60 1.36 1.15 1.00 0.94 1.00 1.16 1.33 1.48 1.56 1.52 1.33 1.05 0.71 0.44 0.29 0.28 0.42 0.68 1.00
  9   1.33 1.61 1.80 1.86 1.78 1.55 1.30 1.10 0.96 0.95 1.04 1.17 1.31 1.43 1.48 1.42 1.26 1.03 0.77 0.54 0.42 0.43 0.56 0.79
 10   1.08 1.35 1.57 1.72 1.78 1.72 1.51 1.28 1.08 0.95 0.93 1.00 1.11 1.23 1.33 1.38 1.34 1.20 1.02 0.84 0.67 0.56 0.56 0.70
 11   0.92 1.16 1.37 1.55 1.67 1.71 1.65 1.48 1.28 1.10 0.96 0.88 0.90 0.98 1.08 1.19 1.27 1.30 1.25 1.12 0.98 0.84 0.74 0.75
 12   0.90 1.12 1.32 1.50 1.62 1.66 1.60 1.45 1.25 1.06 0.92 0.85 0.85 0.92 1.04 1.16 1.26 1.33 1.33 1.24 1.11 0.98 0.86 0.81
 13   0.84 0.98 1.14 1.30 1.45 1.59 1.65 1.60 1.45 1.28 1.11 0.94 0.78 0.69 0.69 0.78 0.92 1.08 1.23 1.35 1.39 1.34 1.22 1.06
 14   0.92 0.87 0.90 1.00 1.14 1.29 1.42 1.53 1.57 1.48 1.30 1.06 0.84 0.66 0.55 0.56 0.68 0.86 1.05 1.24 1.40 1.47 1.42 1.26
 15   1.09 0.94 0.84 0.83 0.92 1.07 1.23 1.39 1.49 1.50 1.38 1.16 0.92 0.69 0.48 0.41 0.46 0.64 0.86 1.10 1.32 1.50 1.57 1.50
 16   1.32 1.12 0.93 0.82 0.83 0.94 1.08 1.24 1.40 1.49 1.46 1.30 1.08 0.82 0.56 0.37 0.33 0.44 0.67 0.92 1.16 1.40 1.55 1.57
 17   1.48 1.32 1.10 0.90 0.81 0.84 0.98 1.13 1.27 1.38 1.39 1.28 1.08 0.82 0.56 0.36 0.25 0.27 0.50 0.78 1.06 1.32 1.50 1.58
 18   1.54 1.40 1.20 0.99 0.84 0.79 0.84 1.01 1.20 1.36 1.42 1.38 1.22 0.96 0.68 0.43 0.24 0.22 0.35 0.62 0.92 1.20 1.43 1.56
 19   1.59 1.52 1.36 1.13 0.94 0.82 0.82 0.94 1.10 1.24 1.34 1.36 1.26 1.07 0.81 0.52 0.30 0.18 0.20 0.42 0.70 1.00 1.30 1.56
 20   1.64 1.61 1.48 1.26 1.04 0.88 0.82 0.86 0.98 1.12 1.25 1.31 1.26 1.12 0.88 0.62 0.35 0.18 0.16 0.28 0.54 0.82 1.12 1.39
 21   1.58 1.63 1.55 1.37 1.18 0.99 0.85 0.84 0.92 1.05 1.20 1.30 1.32 1.24 1.06 0.84 0.58 0.34 0.23 0.25 0.44 0.72 1.00 1.27
 22   1.50 1.63 1.63 1.50 1.30 1.09 0.93 0.85 0.86 0.96 1.08 1.20 1.26 1.22 1.09 0.90 0.67 0.42 0.27 0.25 0.36 0.56 0.80 1.10
 23   1.36 1.54 1.58 1.52 1.36 1.17 1.00 0.88 0.84 0.89 0.99 1.10 1.18 1.20 1.14 1.00 0.81 0.59 0.39 0.30 0.35 0.51 0.72 0.97
 24   1.20 1.40 1.52 1.54 1.44 1.28 1.12 0.97 0.86 0.83 0.87 0.98 1.09 1.16 1.17 1.11 0.97 0.80 0.62 0.48 0.45 0.52 0.68 0.87
 25   1.09 1.29 1.46 1.54 1.51 1.40 1.26 1.11 0.98 0.90 0.88 0.92 1.00 1.08 1.12 1.11 1.04 0.93 0.80 0.66 0.56 0.54 0.62 0.77
 26   0.94 1.13 1.32 1.47 1.51 1.46 1.34 1.20 1.06 0.94 0.86 0.85 0.91 1.00 1.07 1.11 1.11 1.06 0.97 0.86 0.75 0.69 0.69 0.76
 27   0.90 1.07 1.23 1.38 1.49 1.54 1.50 1.39 1.24 1.06 0.90 0.80 0.79 0.84 0.92 1.00 1.07 1.12 1.12 1.05 0.95 0.85 0.78 0.75
 28   0.80 0.94 1.09 1.24 1.37 1.46 1.49 1.44 1.29 1.12 0.95 0.79 0.68 0.67 0.74 0.84 0.94 1.04 1.12 1.16 1.14 1.06 0.94 0.86
 29   0.84 0.88 0.97 1.10 1.24 1.37 1.45 1.46 1.38 1.22 1.02 0.82 0.64 0.54 0.53 0.60 0.74 0.92 1.08 1.20 1.27 1.25 1.16 1.06
 30   0.96 0.89 0.88 0.96 1.08 1.22 1.36 1.45 1.46 1.34 1.14 0.90 0.67 0.48 0.36 0.36 0.48 0.70 0.92 1.12 1.29 1.39 1.39 1.26
 ----------------------------------------------------------------------------------------------------------------------------
                                                                                               
 ----------------------------------------------------------------------------------------------------------------------------
 ----------------------------------------------------------------------------------------------------------------------------
                                                          SURVEY OF INDIA
                                                    MARINE GEODESY WING (G&RB)
                                                     HOURLY HEIGHTS IN METRES
  NAME OF PORT:- NEW MANGLORE                                                                       MONTH DECEMBER  YEAR 2017
 ----------------------------------------------------------------------------------------------------------------------------
 DAYS 0000 0001 0002 0003 0004 0005 0006 0007 0008 0009 0010 0011 0012 0013 0014 0015 0016 0017 0018 0019 0020 0021 0022 0023
 ----------------------------------------------------------------------------------------------------------------------------
  1   1.09 0.93 0.89 0.96 1.09 1.23 1.36 1.44 1.45 1.38 1.22 0.98 0.70 0.43 0.25 0.20 0.25 0.49 0.79 1.06 1.30 1.47 1.55 1.52
  2   1.35 1.14 0.97 0.89 0.91 1.02 1.20 1.37 1.49 1.54 1.48 1.30 1.02 0.68 0.39 0.23 0.21 0.39 0.68 1.00 1.34 1.64 1.88 1.96
  3   1.88 1.70 1.47 1.24 1.09 1.09 1.24 1.43 1.59 1.69 1.69 1.54 1.28 0.90 0.50 0.18 0.04 0.07 0.30 0.64 0.99 1.36 1.66 1.80
  4   1.79 1.62 1.38 1.13 0.94 0.85 0.89 1.06 1.25 1.41 1.52 1.55 1.46 1.24 0.95 0.60 0.23-0.01-0.07 0.02 0.34 0.78 1.20 1.60
  5   1.79 1.78 1.60 1.34 1.06 0.86 0.80 0.88 1.06 1.28 1.45 1.47 1.32 1.01 0.60 0.23-0.04-0.15-0.10 0.12 0.54 0.99 1.40 1.75
  6   1.94 1.98 1.87 1.64 1.32 1.04 0.86 0.81 0.90 1.08 1.29 1.44 1.50 1.44 1.20 0.87 0.50 0.20-0.02-0.04 0.14 0.46 0.84 1.22
  7   1.60 1.84 1.87 1.76 1.50 1.18 0.92 0.79 0.77 0.86 1.01 1.16 1.30 1.34 1.27 1.08 0.80 0.46 0.16 0.02 0.04 0.24 0.53 0.88
  8   1.18 1.44 1.60 1.64 1.59 1.43 1.21 0.96 0.74 0.67 0.72 0.87 1.03 1.16 1.23 1.20 1.03 0.80 0.56 0.32 0.22 0.24 0.40 0.68
  9   0.98 1.24 1.46 1.60 1.65 1.60 1.47 1.27 1.06 0.85 0.70 0.70 0.82 0.97 1.09 1.15 1.12 0.98 0.80 0.63 0.48 0.43 0.48 0.64
 10   0.90 1.16 1.42 1.54 1.54 1.30 1.04 0.82 0.66 0.58 0.58 0.64 0.74 0.85 0.97 1.08 1.17 1.19 1.13 1.01 0.88 0.77 0.70 0.72
 11   0.83 1.00 1.21 1.40 1.53 1.59 1.57 1.44 1.24 1.01 0.80 0.66 0.62 0.66 0.76 0.90 1.06 1.19 1.24 1.22 1.14 1.03 0.92 0.84
 12   0.84 0.94 1.10 1.26 1.40 1.51 1.57 1.56 1.42 1.20 0.97 0.77 0.62 0.55 0.58 0.70 0.86 1.02 1.16 1.26 1.31 1.29 1.19 1.08
 13   0.99 0.96 1.00 1.10 1.22 1.34 1.44 1.50 1.48 1.35 1.13 0.90 0.68 0.52 0.45 0.49 0.67 0.87 1.06 1.23 1.36 1.42 1.39 1.28
 14   1.15 1.05 1.01 1.03 1.13 1.25 1.37 1.47 1.49 1.41 1.24 1.02 0.80 0.58 0.44 0.41 0.50 0.68 0.92 1.16 1.38 1.50 1.54 1.48
 15   1.36 1.20 1.06 1.00 1.02 1.12 1.25 1.36 1.41 1.40 1.30 1.12 0.90 0.66 0.42 0.34 0.37 0.54 0.76 1.00 1.26 1.47 1.58 1.58
 16   1.48 1.32 1.16 1.04 0.98 1.00 1.11 1.24 1.35 1.39 1.34 1.18 0.98 0.76 0.51 0.34 0.29 0.36 0.60 0.88 1.16 1.42 1.58 1.64
 17   1.61 1.47 1.28 1.12 1.00 0.98 1.04 1.16 1.28 1.36 1.37 1.30 1.15 0.90 0.62 0.42 0.32 0.33 0.48 0.70 0.97 1.24 1.52 1.69
 18   1.70 1.58 1.38 1.16 1.00 0.93 0.95 1.04 1.16 1.26 1.32 1.29 1.14 0.92 0.68 0.44 0.27 0.24 0.34 0.56 0.86 1.18 1.49 1.67
 19   1.70 1.65 1.51 1.30 1.09 0.95 0.93 1.00 1.11 1.22 1.31 1.34 1.30 1.14 0.88 0.62 0.39 0.26 0.25 0.36 0.58 0.84 1.18 1.45
 20   1.62 1.68 1.64 1.48 1.28 1.08 0.92 0.90 1.00 1.14 1.27 1.35 1.35 1.24 1.06 0.82 0.56 0.34 0.29 0.39 0.66 0.99 1.30 1.59
 21   1.74 1.76 1.66 1.46 1.23 1.03 0.91 0.90 0.96 1.06 1.18 1.29 1.36 1.34 1.18 0.94 0.68 0.46 0.32 0.32 0.46 0.70 1.00 1.30
 22   1.54 1.68 1.70 1.60 1.42 1.21 1.03 0.91 0.87 0.92 1.04 1.18 1.28 1.27 1.16 0.98 0.78 0.56 0.38 0.33 0.40 0.60 0.86 1.14
 23   1.39 1.59 1.70 1.68 1.53 1.30 1.10 0.95 0.87 0.88 0.97 1.08 1.18 1.23 1.19 1.07 0.92 0.76 0.60 0.50 0.51 0.61 0.77 0.96
 24   1.18 1.40 1.56 1.62 1.58 1.41 1.22 1.04 0.88 0.82 0.86 0.96 1.07 1.17 1.22 1.21 1.10 0.95 0.79 0.65 0.58 0.62 0.77 0.94
 25   1.12 1.30 1.48 1.60 1.60 1.50 1.32 1.14 0.97 0.84 0.82 0.87 0.97 1.08 1.18 1.22 1.20 1.11 0.98 0.86 0.76 0.72 0.78 0.99
 26   1.26 1.49 1.64 1.71 1.69 1.59 1.45 1.29 1.11 0.92 0.78 0.75 0.80 0.90 1.03 1.14 1.20 1.19 1.13 1.04 0.94 0.86 0.83 0.88
 27   1.00 1.16 1.32 1.48 1.59 1.59 1.49 1.33 1.13 0.93 0.77 0.66 0.62 0.67 0.80 0.95 1.08 1.19 1.24 1.22 1.15 1.07 0.99 0.95
 28   0.98 1.09 1.21 1.34 1.46 1.54 1.55 1.47 1.29 1.05 0.80 0.61 0.50 0.49 0.58 0.73 0.90 1.07 1.22 1.32 1.35 1.30 1.22 1.14
 29   1.07 1.05 1.12 1.24 1.37 1.48 1.53 1.50 1.39 1.20 0.96 0.70 0.50 0.39 0.39 0.51 0.70 0.94 1.18 1.37 1.48 1.51 1.46 1.35
 30   1.23 1.15 1.14 1.20 1.30 1.41 1.51 1.57 1.57 1.48 1.30 1.05 0.76 0.49 0.32 0.31 0.46 0.73 1.01 1.27 1.50 1.66 1.74 1.72
 31   1.59 1.38 1.19 1.12 1.17 1.30 1.43 1.52 1.52 1.42 1.22 0.94 0.64 0.36 0.18 0.13 0.20 0.42 0.70 1.04 1.36 1.59 1.72 1.68
 ----------------------------------------------------------------------------------------------------------------------------
                                                                                               
 ----------------------------------------------------------------------------------------------------------------------------
 ----------------------------------------------------------------------------------------------------------------------------
