                                                          SURVEY OF INDIA
                                                    MARINE GEODESY WING (G&RB)
                                                     HOURLY HEIGHTS IN METRES
  NAME OF PORT:- KAKINADA                                                                           MONTH JANUARY   YEAR 2020
 ----------------------------------------------------------------------------------------------------------------------------
 DAYS 0000 0001 0002 0003 0004 0005 0006 0007 0008 0009 0010 0011 0012 0013 0014 0015 0016 0017 0018 0019 0020 0021 0022 0023
 ----------------------------------------------------------------------------------------------------------------------------
  1   1.83 1.82 1.70 1.47 1.21 1.01 0.90 0.88 0.92 1.05 1.24 1.43 1.54 1.56 1.50 1.37 1.19 1.07 1.01 1.01 1.06 1.17 1.35 1.55
  2   1.69 1.75 1.73 1.62 1.39 1.16 1.01 0.95 0.96 1.03 1.17 1.33 1.46 1.54 1.55 1.50 1.39 1.26 1.15 1.09 1.09 1.14 1.25 1.40
  3   1.55 1.67 1.71 1.66 1.51 1.31 1.13 1.00 0.94 0.95 1.03 1.15 1.29 1.40 1.47 1.49 1.46 1.38 1.26 1.16 1.11 1.12 1.18 1.28
  4   1.40 1.51 1.59 1.62 1.60 1.51 1.37 1.20 1.04 0.96 0.95 1.01 1.14 1.30 1.45 1.54 1.58 1.57 1.50 1.38 1.28 1.22 1.19 1.21
  5   1.27 1.37 1.47 1.53 1.55 1.52 1.42 1.26 1.11 1.01 0.97 0.98 1.04 1.15 1.31 1.48 1.60 1.65 1.63 1.55 1.42 1.29 1.19 1.13
  6   1.13 1.19 1.31 1.43 1.51 1.53 1.50 1.40 1.26 1.11 0.98 0.89 0.87 0.94 1.09 1.29 1.48 1.63 1.70 1.69 1.60 1.44 1.26 1.11
  7   1.03 1.03 1.11 1.25 1.41 1.52 1.57 1.53 1.41 1.20 0.99 0.86 0.81 0.83 0.93 1.11 1.33 1.57 1.74 1.79 1.75 1.62 1.40 1.17
  8   1.01 0.95 0.98 1.07 1.21 1.39 1.53 1.58 1.53 1.36 1.13 0.88 0.72 0.67 0.72 0.87 1.11 1.39 1.66 1.83 1.86 1.77 1.57 1.29
  9   1.01 0.87 0.83 0.88 1.02 1.23 1.43 1.57 1.61 1.52 1.32 1.03 0.74 0.59 0.57 0.67 0.87 1.15 1.47 1.77 1.91 1.89 1.74 1.47
 10   1.15 0.87 0.73 0.73 0.83 1.03 1.29 1.52 1.65 1.64 1.49 1.21 0.87 0.61 0.48 0.47 0.61 0.89 1.25 1.62 1.88 1.98 1.91 1.69
 11   1.33 0.99 0.75 0.65 0.67 0.82 1.09 1.37 1.61 1.71 1.65 1.44 1.10 0.76 0.52 0.43 0.49 0.69 1.01 1.38 1.76 2.00 2.04 1.91
 12   1.61 1.28 0.93 0.69 0.61 0.68 0.87 1.17 1.49 1.71 1.77 1.68 1.42 1.09 0.79 0.57 0.51 0.60 0.84 1.21 1.61 1.93 2.08 2.05
 13   1.85 1.53 1.19 0.87 0.66 0.61 0.71 0.94 1.25 1.55 1.75 1.77 1.63 1.37 1.03 0.70 0.55 0.54 0.65 0.91 1.25 1.64 1.93 2.04
 14   1.97 1.75 1.41 1.04 0.74 0.59 0.59 0.72 0.97 1.28 1.56 1.71 1.67 1.49 1.21 0.89 0.65 0.57 0.61 0.77 1.05 1.39 1.73 1.95
 15   1.97 1.85 1.59 1.23 0.89 0.64 0.55 0.58 0.73 1.01 1.29 1.51 1.63 1.61 1.47 1.17 0.88 0.69 0.63 0.68 0.83 1.09 1.41 1.71
 16   1.85 1.84 1.71 1.43 1.11 0.83 0.65 0.57 0.61 0.77 1.05 1.35 1.56 1.65 1.63 1.51 1.27 1.01 0.83 0.77 0.81 0.95 1.17 1.45
 17   1.67 1.76 1.75 1.61 1.35 1.07 0.85 0.71 0.65 0.70 0.88 1.13 1.35 1.53 1.63 1.61 1.49 1.29 1.09 0.95 0.89 0.91 1.02 1.24
 18   1.53 1.75 1.84 1.79 1.62 1.33 0.99 0.77 0.67 0.67 0.74 0.89 1.09 1.31 1.51 1.61 1.61 1.53 1.37 1.19 1.05 0.97 0.97 1.05
 19   1.19 1.37 1.54 1.61 1.59 1.50 1.33 1.11 0.90 0.76 0.72 0.76 0.86 1.04 1.27 1.49 1.61 1.64 1.59 1.45 1.25 1.09 1.01 0.99
 20   1.03 1.13 1.27 1.41 1.49 1.50 1.44 1.30 1.11 0.91 0.79 0.74 0.76 0.87 1.07 1.29 1.51 1.65 1.69 1.63 1.48 1.29 1.10 0.97
 21   0.91 0.93 1.02 1.17 1.33 1.45 1.51 1.48 1.35 1.13 0.91 0.75 0.67 0.68 0.79 1.01 1.29 1.55 1.72 1.77 1.71 1.57 1.35 1.09
 22   0.95 0.89 0.93 1.03 1.19 1.36 1.51 1.59 1.57 1.41 1.16 0.91 0.73 0.65 0.69 0.85 1.11 1.40 1.67 1.83 1.87 1.79 1.58 1.31
 23   1.03 0.87 0.83 0.88 1.01 1.23 1.45 1.60 1.64 1.58 1.37 1.09 0.83 0.67 0.62 0.69 0.87 1.15 1.51 1.79 1.91 1.89 1.75 1.49
 24   1.15 0.89 0.76 0.73 0.81 0.98 1.25 1.50 1.62 1.61 1.48 1.22 0.91 0.65 0.55 0.57 0.69 0.93 1.27 1.62 1.85 1.93 1.85 1.63
 25   1.29 0.97 0.73 0.64 0.67 0.81 1.07 1.35 1.55 1.63 1.59 1.40 1.10 0.81 0.60 0.51 0.55 0.73 1.07 1.45 1.74 1.91 1.91 1.75
 26   1.45 1.13 0.83 0.65 0.61 0.69 0.91 1.19 1.46 1.63 1.66 1.55 1.29 0.97 0.69 0.55 0.53 0.64 0.89 1.21 1.57 1.83 1.92 1.85
 27   1.63 1.33 1.00 0.72 0.61 0.63 0.77 1.04 1.33 1.57 1.67 1.61 1.41 1.13 0.87 0.65 0.57 0.60 0.76 1.05 1.37 1.68 1.89 1.95
 28   1.83 1.51 1.17 0.87 0.67 0.63 0.71 0.91 1.17 1.45 1.64 1.67 1.56 1.33 1.06 0.81 0.65 0.63 0.73 0.95 1.23 1.54 1.78 1.87
 29   1.81 1.60 1.30 0.99 0.77 0.67 0.68 0.82 1.05 1.32 1.55 1.66 1.62 1.46 1.21 0.95 0.74 0.67 0.71 0.85 1.07 1.33 1.61 1.79
 30   1.81 1.69 1.45 1.17 0.89 0.71 0.67 0.74 0.91 1.15 1.39 1.56 1.61 1.54 1.37 1.15 0.93 0.79 0.76 0.83 0.99 1.21 1.47 1.68
 31   1.75 1.71 1.54 1.27 0.99 0.78 0.69 0.71 0.81 0.99 1.23 1.45 1.57 1.57 1.48 1.31 1.11 0.94 0.85 0.85 0.93 1.09 1.31 1.53
 ----------------------------------------------------------------------------------------------------------------------------
                                                                                              
 ----------------------------------------------------------------------------------------------------------------------------
 ----------------------------------------------------------------------------------------------------------------------------
                                                          SURVEY OF INDIA
                                                    MARINE GEODESY WING (G&RB)
                                                     HOURLY HEIGHTS IN METRES
  NAME OF PORT:- KAKINADA                                                                           MONTH FEBRUARY  YEAR 2020
 ----------------------------------------------------------------------------------------------------------------------------
 DAYS 0000 0001 0002 0003 0004 0005 0006 0007 0008 0009 0010 0011 0012 0013 0014 0015 0016 0017 0018 0019 0020 0021 0022 0023
 ----------------------------------------------------------------------------------------------------------------------------
  1   1.65 1.66 1.57 1.39 1.15 0.94 0.81 0.77 0.81 0.93 1.13 1.34 1.49 1.55 1.53 1.44 1.30 1.14 1.02 0.97 0.99 1.07 1.23 1.41
  2   1.53 1.59 1.57 1.47 1.31 1.11 0.95 0.86 0.85 0.91 1.03 1.21 1.38 1.48 1.52 1.50 1.43 1.31 1.19 1.10 1.07 1.09 1.15 1.25
  3   1.39 1.50 1.53 1.49 1.39 1.23 1.07 0.94 0.86 0.85 0.91 1.03 1.19 1.35 1.47 1.53 1.53 1.48 1.39 1.28 1.19 1.14 1.13 1.16
  4   1.23 1.33 1.41 1.44 1.42 1.34 1.23 1.09 0.98 0.91 0.89 0.93 1.03 1.17 1.32 1.46 1.56 1.61 1.59 1.51 1.39 1.25 1.13 1.07
  5   1.07 1.13 1.23 1.33 1.39 1.41 1.37 1.27 1.11 0.96 0.85 0.81 0.83 0.92 1.07 1.25 1.43 1.57 1.64 1.63 1.55 1.41 1.23 1.06
  6   0.96 0.95 1.01 1.13 1.27 1.39 1.45 1.43 1.33 1.17 0.99 0.80 0.69 0.69 0.80 0.99 1.23 1.47 1.66 1.73 1.69 1.55 1.35 1.11
  7   0.90 0.81 0.81 0.90 1.07 1.29 1.47 1.55 1.51 1.37 1.13 0.88 0.67 0.57 0.58 0.71 0.96 1.27 1.57 1.78 1.85 1.79 1.60 1.31
  8   0.97 0.75 0.65 0.67 0.81 1.07 1.33 1.53 1.62 1.56 1.35 1.03 0.75 0.55 0.47 0.51 0.69 1.03 1.41 1.75 1.96 1.97 1.84 1.58
  9   1.19 0.87 0.67 0.61 0.69 0.89 1.21 1.55 1.77 1.83 1.72 1.46 1.11 0.75 0.56 0.53 0.65 0.91 1.31 1.73 2.05 2.18 2.11 1.89
 10   1.53 1.15 0.83 0.62 0.57 0.70 1.01 1.41 1.74 1.93 1.93 1.76 1.45 1.07 0.72 0.53 0.51 0.67 1.01 1.43 1.86 2.13 2.20 2.07
 11   1.77 1.39 1.01 0.71 0.57 0.59 0.79 1.15 1.53 1.85 1.99 1.95 1.71 1.35 0.97 0.65 0.51 0.55 0.77 1.11 1.55 1.93 2.14 2.13
 12   1.95 1.61 1.21 0.83 0.59 0.50 0.57 0.81 1.17 1.54 1.83 1.93 1.85 1.61 1.27 0.91 0.65 0.57 0.65 0.87 1.21 1.61 1.93 2.07
 13   1.99 1.77 1.43 1.05 0.71 0.51 0.47 0.58 0.85 1.21 1.57 1.81 1.88 1.79 1.55 1.23 0.91 0.71 0.67 0.75 0.97 1.26 1.59 1.86
 14   1.93 1.83 1.59 1.25 0.91 0.65 0.53 0.52 0.64 0.93 1.25 1.56 1.76 1.79 1.68 1.44 1.15 0.89 0.77 0.75 0.83 1.00 1.27 1.55
 15   1.72 1.76 1.68 1.44 1.15 0.87 0.67 0.59 0.60 0.72 0.99 1.28 1.49 1.61 1.64 1.56 1.37 1.13 0.91 0.81 0.81 0.89 1.05 1.26
 16   1.43 1.53 1.54 1.45 1.25 1.01 0.81 0.67 0.62 0.65 0.77 0.97 1.21 1.41 1.53 1.55 1.48 1.33 1.15 0.99 0.89 0.87 0.91 1.01
 17   1.15 1.29 1.37 1.39 1.34 1.21 1.03 0.86 0.75 0.71 0.73 0.81 0.97 1.15 1.31 1.43 1.49 1.47 1.38 1.24 1.09 0.98 0.93 0.93
 18   0.98 1.08 1.20 1.29 1.32 1.30 1.23 1.10 0.95 0.84 0.78 0.77 0.82 0.93 1.09 1.29 1.45 1.53 1.54 1.48 1.37 1.22 1.08 0.99
 19   0.94 0.94 1.00 1.10 1.21 1.29 1.31 1.27 1.18 1.03 0.87 0.76 0.73 0.77 0.88 1.05 1.25 1.44 1.55 1.57 1.51 1.37 1.19 1.01
 20   0.87 0.81 0.81 0.87 1.02 1.21 1.35 1.39 1.35 1.21 1.01 0.81 0.69 0.65 0.69 0.83 1.07 1.33 1.56 1.68 1.69 1.61 1.43 1.17
 21   0.91 0.75 0.71 0.75 0.87 1.07 1.26 1.41 1.46 1.41 1.25 1.03 0.80 0.63 0.58 0.65 0.83 1.11 1.39 1.63 1.75 1.73 1.59 1.35
 22   1.04 0.80 0.68 0.66 0.74 0.92 1.16 1.38 1.52 1.56 1.46 1.22 0.94 0.70 0.58 0.58 0.70 0.95 1.26 1.56 1.80 1.88 1.81 1.57
 23   1.24 0.94 0.72 0.62 0.65 0.82 1.10 1.38 1.58 1.66 1.60 1.38 1.07 0.76 0.58 0.54 0.62 0.84 1.16 1.51 1.80 1.91 1.86 1.68
 24   1.36 1.04 0.76 0.63 0.62 0.74 0.98 1.30 1.58 1.72 1.70 1.54 1.24 0.94 0.69 0.58 0.60 0.76 1.04 1.38 1.71 1.92 1.94 1.79
 25   1.50 1.18 0.88 0.66 0.60 0.68 0.90 1.20 1.51 1.74 1.81 1.72 1.48 1.16 0.86 0.66 0.61 0.69 0.90 1.22 1.55 1.84 1.97 1.92
 26   1.68 1.34 1.02 0.76 0.61 0.62 0.79 1.08 1.40 1.68 1.81 1.76 1.58 1.33 1.02 0.76 0.64 0.64 0.77 1.03 1.36 1.69 1.90 1.94
 27   1.80 1.48 1.14 0.86 0.68 0.64 0.72 0.94 1.30 1.62 1.80 1.84 1.74 1.52 1.26 0.96 0.75 0.70 0.77 0.96 1.24 1.57 1.81 1.90
 28   1.83 1.60 1.30 0.98 0.74 0.65 0.68 0.84 1.10 1.40 1.67 1.82 1.79 1.63 1.38 1.11 0.87 0.74 0.74 0.86 1.09 1.38 1.64 1.80
 29   1.79 1.66 1.42 1.14 0.85 0.68 0.64 0.72 0.92 1.19 1.48 1.67 1.73 1.66 1.48 1.24 0.99 0.84 0.80 0.84 1.00 1.22 1.44 1.62
 ----------------------------------------------------------------------------------------------------------------------------
                                                                                              
 ----------------------------------------------------------------------------------------------------------------------------
 ----------------------------------------------------------------------------------------------------------------------------
                                                          SURVEY OF INDIA
                                                    MARINE GEODESY WING (G&RB)
                                                     HOURLY HEIGHTS IN METRES
  NAME OF PORT:- KAKINADA                                                                           MONTH MARCH     YEAR 2020
 ----------------------------------------------------------------------------------------------------------------------------
 DAYS 0000 0001 0002 0003 0004 0005 0006 0007 0008 0009 0010 0011 0012 0013 0014 0015 0016 0017 0018 0019 0020 0021 0022 0023
 ----------------------------------------------------------------------------------------------------------------------------
  1   1.69 1.64 1.48 1.22 0.94 0.75 0.68 0.71 0.84 1.05 1.30 1.54 1.67 1.68 1.60 1.42 1.20 1.00 0.91 0.90 0.96 1.10 1.29 1.48
  2   1.57 1.56 1.47 1.30 1.08 0.87 0.76 0.74 0.80 0.94 1.14 1.37 1.54 1.60 1.58 1.50 1.36 1.18 1.03 0.96 0.95 1.01 1.13 1.28
  3   1.42 1.47 1.46 1.38 1.22 1.04 0.90 0.82 0.80 0.85 0.96 1.12 1.30 1.44 1.50 1.51 1.47 1.36 1.23 1.12 1.06 1.05 1.08 1.16
  4   1.26 1.35 1.39 1.38 1.31 1.19 1.06 0.94 0.85 0.82 0.85 0.93 1.06 1.20 1.34 1.44 1.49 1.49 1.42 1.30 1.18 1.08 1.02 1.01
  5   1.05 1.14 1.24 1.30 1.32 1.30 1.22 1.10 0.97 0.86 0.80 0.80 0.86 0.99 1.16 1.33 1.48 1.56 1.56 1.49 1.36 1.20 1.06 0.96
  6   0.92 0.94 1.02 1.14 1.27 1.37 1.40 1.36 1.23 1.06 0.89 0.77 0.72 0.76 0.89 1.10 1.34 1.56 1.70 1.74 1.67 1.50 1.28 1.04
  7   0.84 0.76 0.80 0.94 1.16 1.38 1.54 1.59 1.52 1.32 1.08 0.84 0.65 0.58 0.62 0.80 1.09 1.41 1.69 1.86 1.88 1.76 1.53 1.20
  8   0.87 0.67 0.62 0.70 0.90 1.18 1.46 1.66 1.72 1.62 1.38 1.04 0.72 0.52 0.48 0.58 0.82 1.18 1.60 1.92 2.03 1.97 1.76 1.42
  9   1.02 0.68 0.48 0.44 0.56 0.86 1.25 1.60 1.82 1.84 1.68 1.36 0.98 0.64 0.44 0.42 0.56 0.86 1.25 1.69 1.97 2.05 1.94 1.64
 10   1.20 0.77 0.46 0.34 0.40 0.66 1.04 1.49 1.85 1.98 1.91 1.63 1.26 0.88 0.55 0.39 0.42 0.63 1.02 1.44 1.85 2.07 2.06 1.86
 11   1.48 1.06 0.65 0.38 0.31 0.41 0.73 1.14 1.56 1.91 2.01 1.91 1.62 1.20 0.80 0.50 0.39 0.46 0.72 1.10 1.52 1.90 2.05 1.99
 12   1.70 1.29 0.86 0.50 0.28 0.26 0.44 0.80 1.22 1.65 1.91 1.96 1.82 1.49 1.12 0.76 0.52 0.44 0.54 0.80 1.18 1.56 1.86 1.96
 13   1.80 1.49 1.12 0.76 0.43 0.29 0.36 0.60 0.94 1.32 1.69 1.90 1.88 1.68 1.38 1.06 0.76 0.58 0.54 0.67 0.94 1.28 1.60 1.80
 14   1.78 1.60 1.34 1.00 0.68 0.48 0.42 0.51 0.74 1.08 1.42 1.68 1.81 1.75 1.55 1.28 1.00 0.76 0.64 0.66 0.80 1.02 1.28 1.53
 15   1.66 1.60 1.42 1.18 0.92 0.68 0.56 0.56 0.66 0.88 1.14 1.41 1.62 1.69 1.62 1.44 1.22 1.00 0.84 0.78 0.80 0.91 1.09 1.28
 16   1.42 1.48 1.45 1.32 1.12 0.92 0.78 0.70 0.69 0.78 0.97 1.18 1.38 1.52 1.58 1.54 1.43 1.28 1.12 0.99 0.92 0.92 1.00 1.12
 17   1.24 1.34 1.39 1.37 1.29 1.18 1.06 0.95 0.88 0.88 0.94 1.05 1.19 1.33 1.45 1.50 1.46 1.37 1.26 1.14 1.04 1.00 1.01 1.05
 18   1.11 1.18 1.25 1.31 1.33 1.30 1.23 1.13 1.04 0.97 0.94 0.96 1.03 1.14 1.28 1.42 1.52 1.56 1.54 1.46 1.34 1.22 1.11 1.03
 19   1.00 1.01 1.07 1.18 1.28 1.34 1.36 1.34 1.26 1.14 1.02 0.94 0.92 0.97 1.09 1.24 1.41 1.56 1.64 1.65 1.59 1.46 1.25 1.04
 20   0.93 0.90 0.94 1.04 1.18 1.34 1.46 1.48 1.42 1.30 1.14 0.99 0.89 0.86 0.92 1.08 1.32 1.55 1.72 1.78 1.76 1.64 1.44 1.20
 21   0.99 0.87 0.86 0.95 1.12 1.32 1.51 1.64 1.64 1.52 1.34 1.12 0.93 0.82 0.82 0.94 1.15 1.40 1.65 1.82 1.86 1.79 1.60 1.34
 22   1.07 0.86 0.76 0.80 0.96 1.20 1.46 1.66 1.74 1.68 1.50 1.26 1.02 0.82 0.74 0.79 0.94 1.20 1.52 1.80 1.92 1.87 1.70 1.42
 23   1.10 0.85 0.70 0.67 0.78 1.02 1.32 1.64 1.78 1.76 1.62 1.38 1.10 0.84 0.70 0.69 0.80 1.02 1.32 1.64 1.86 1.91 1.82 1.58
 24   1.16 0.86 0.66 0.58 0.64 0.84 1.14 1.47 1.74 1.83 1.75 1.54 1.26 0.96 0.72 0.62 0.66 0.84 1.13 1.47 1.79 1.93 1.89 1.69
 25   1.34 1.00 0.72 0.60 0.60 0.74 1.02 1.36 1.69 1.87 1.85 1.68 1.40 1.10 0.80 0.64 0.62 0.74 1.00 1.30 1.62 1.82 1.86 1.75
 26   1.42 1.06 0.74 0.55 0.50 0.56 0.77 1.13 1.50 1.76 1.83 1.78 1.57 1.28 0.96 0.71 0.62 0.66 0.82 1.10 1.43 1.72 1.83 1.77
 27   1.54 1.22 0.88 0.63 0.52 0.56 0.74 1.03 1.38 1.70 1.85 1.82 1.66 1.40 1.08 0.80 0.64 0.60 0.70 0.94 1.24 1.55 1.73 1.75
 28   1.62 1.33 1.00 0.72 0.55 0.52 0.62 0.84 1.17 1.52 1.74 1.78 1.68 1.46 1.20 0.92 0.73 0.66 0.71 0.88 1.14 1.42 1.65 1.71
 29   1.64 1.40 1.10 0.80 0.61 0.56 0.62 0.82 1.08 1.38 1.66 1.80 1.79 1.67 1.44 1.14 0.89 0.76 0.76 0.87 1.06 1.29 1.51 1.62
 30   1.59 1.44 1.22 0.96 0.74 0.62 0.62 0.72 0.92 1.18 1.46 1.66 1.71 1.65 1.49 1.28 1.06 0.90 0.82 0.85 0.97 1.16 1.37 1.52
 31   1.56 1.49 1.33 1.12 0.92 0.76 0.70 0.74 0.88 1.08 1.30 1.50 1.63 1.65 1.58 1.44 1.26 1.08 0.96 0.93 0.98 1.10 1.24 1.38
 ----------------------------------------------------------------------------------------------------------------------------
                                                                                              
 ----------------------------------------------------------------------------------------------------------------------------
 ----------------------------------------------------------------------------------------------------------------------------
                                                          SURVEY OF INDIA
                                                    MARINE GEODESY WING (G&RB)
                                                     HOURLY HEIGHTS IN METRES
  NAME OF PORT:- KAKINADA                                                                           MONTH APRIL     YEAR 2020
 ----------------------------------------------------------------------------------------------------------------------------
 DAYS 0000 0001 0002 0003 0004 0005 0006 0007 0008 0009 0010 0011 0012 0013 0014 0015 0016 0017 0018 0019 0020 0021 0022 0023
 ----------------------------------------------------------------------------------------------------------------------------
  1   1.48 1.50 1.43 1.30 1.13 0.97 0.86 0.82 0.85 0.95 1.12 1.30 1.45 1.55 1.58 1.54 1.44 1.31 1.18 1.08 1.04 1.06 1.12 1.22
  2   1.31 1.36 1.37 1.33 1.24 1.12 1.01 0.93 0.90 0.93 1.01 1.13 1.28 1.43 1.54 1.59 1.58 1.51 1.39 1.26 1.14 1.06 1.03 1.05
  3   1.11 1.20 1.29 1.36 1.38 1.34 1.26 1.15 1.03 0.94 0.90 0.92 1.01 1.15 1.31 1.45 1.56 1.60 1.56 1.46 1.32 1.17 1.02 0.92
  4   0.90 0.96 1.08 1.22 1.35 1.44 1.47 1.41 1.27 1.09 0.93 0.82 0.80 0.88 1.04 1.24 1.46 1.65 1.72 1.68 1.54 1.34 1.10 0.88
  5   0.74 0.71 0.80 0.99 1.23 1.45 1.59 1.62 1.53 1.32 1.06 0.83 0.68 0.66 0.77 0.98 1.26 1.56 1.78 1.86 1.80 1.61 1.32 0.98
  6   0.70 0.56 0.58 0.74 1.00 1.34 1.64 1.82 1.80 1.62 1.35 1.06 0.78 0.60 0.60 0.76 1.04 1.38 1.72 1.96 2.00 1.87 1.59 1.22
  7   0.82 0.52 0.42 0.50 0.78 1.14 1.54 1.88 2.02 1.96 1.72 1.36 1.02 0.70 0.54 0.56 0.74 1.10 1.52 1.91 2.08 2.04 1.84 1.48
  8   1.04 0.64 0.40 0.34 0.48 0.80 1.22 1.65 1.99 2.08 1.97 1.66 1.28 0.90 0.60 0.48 0.54 0.78 1.18 1.61 1.97 2.10 2.02 1.73
  9   1.30 0.84 0.46 0.31 0.36 0.60 0.94 1.38 1.76 2.01 2.08 1.96 1.64 1.22 0.82 0.56 0.48 0.58 0.89 1.30 1.71 1.97 2.03 1.88
 10   1.50 1.08 0.69 0.41 0.30 0.38 0.66 1.08 1.55 1.95 2.09 2.02 1.78 1.44 1.06 0.74 0.54 0.52 0.68 0.98 1.33 1.67 1.88 1.86
 11   1.64 1.32 0.96 0.60 0.40 0.38 0.52 0.82 1.20 1.60 1.92 2.02 1.94 1.68 1.34 1.02 0.74 0.60 0.62 0.78 1.06 1.36 1.65 1.78
 12   1.72 1.50 1.20 0.88 0.62 0.50 0.53 0.70 0.98 1.30 1.63 1.82 1.86 1.76 1.56 1.28 0.99 0.78 0.70 0.75 0.92 1.16 1.41 1.58
 13   1.60 1.52 1.36 1.14 0.88 0.70 0.65 0.70 0.86 1.12 1.39 1.63 1.76 1.78 1.69 1.50 1.26 1.06 0.92 0.86 0.88 1.00 1.21 1.38
 14   1.48 1.50 1.44 1.30 1.10 0.92 0.83 0.81 0.87 0.99 1.18 1.38 1.55 1.64 1.64 1.56 1.40 1.24 1.10 1.00 0.96 0.99 1.07 1.18
 15   1.28 1.34 1.35 1.31 1.22 1.10 0.98 0.90 0.88 0.92 1.03 1.18 1.32 1.44 1.52 1.54 1.50 1.41 1.29 1.17 1.06 0.99 0.97 1.00
 16   1.07 1.16 1.24 1.28 1.26 1.21 1.14 1.06 0.99 0.95 0.97 1.04 1.14 1.26 1.38 1.48 1.52 1.50 1.44 1.35 1.23 1.11 1.02 0.97
 17   0.96 1.00 1.08 1.17 1.25 1.28 1.27 1.22 1.14 1.05 0.98 0.96 1.00 1.09 1.21 1.33 1.45 1.52 1.53 1.48 1.36 1.21 1.06 0.94
 18   0.88 0.89 0.96 1.08 1.21 1.32 1.39 1.40 1.33 1.20 1.05 0.93 0.88 0.91 1.00 1.14 1.30 1.46 1.56 1.58 1.51 1.36 1.18 0.98
 19   0.82 0.74 0.75 0.87 1.10 1.30 1.44 1.51 1.48 1.35 1.14 0.94 0.79 0.74 0.80 0.95 1.16 1.38 1.56 1.62 1.58 1.45 1.26 1.02
 20   0.80 0.69 0.68 0.80 1.02 1.28 1.51 1.63 1.60 1.48 1.29 1.05 0.82 0.71 0.72 0.82 1.02 1.26 1.50 1.68 1.71 1.60 1.38 1.11
 21   0.84 0.64 0.60 0.70 0.92 1.18 1.45 1.68 1.75 1.68 1.50 1.26 0.99 0.78 0.70 0.75 0.92 1.16 1.43 1.67 1.77 1.72 1.55 1.26
 22   0.96 0.72 0.62 0.66 0.82 1.08 1.40 1.69 1.85 1.84 1.69 1.44 1.16 0.89 0.71 0.68 0.80 1.04 1.31 1.60 1.79 1.80 1.66 1.40
 23   1.08 0.80 0.62 0.60 0.74 0.99 1.30 1.64 1.90 1.96 1.86 1.60 1.30 1.02 0.79 0.68 0.73 0.94 1.24 1.53 1.77 1.86 1.78 1.52
 24   1.20 0.88 0.66 0.58 0.65 0.85 1.16 1.53 1.85 1.98 1.93 1.75 1.47 1.12 0.83 0.70 0.70 0.84 1.10 1.39 1.67 1.84 1.86 1.68
 25   1.35 1.01 0.72 0.55 0.54 0.68 0.98 1.32 1.66 1.89 1.94 1.85 1.64 1.35 1.04 0.82 0.72 0.75 0.94 1.26 1.58 1.78 1.81 1.70
 26   1.44 1.14 0.87 0.67 0.59 0.66 0.88 1.19 1.54 1.84 1.97 1.94 1.78 1.52 1.22 0.96 0.81 0.78 0.88 1.10 1.38 1.62 1.74 1.72
 27   1.56 1.30 1.01 0.77 0.63 0.62 0.74 0.98 1.28 1.62 1.84 1.90 1.83 1.66 1.40 1.12 0.90 0.82 0.87 1.02 1.24 1.48 1.65 1.70
 28   1.61 1.38 1.12 0.88 0.70 0.63 0.69 0.88 1.16 1.44 1.70 1.86 1.88 1.78 1.58 1.35 1.14 0.99 0.94 0.99 1.14 1.34 1.50 1.60
 29   1.62 1.52 1.34 1.14 0.95 0.83 0.80 0.86 1.04 1.28 1.51 1.70 1.80 1.80 1.71 1.54 1.35 1.17 1.04 0.99 1.03 1.14 1.28 1.42
 30   1.52 1.55 1.48 1.33 1.16 1.01 0.92 0.90 0.97 1.12 1.31 1.50 1.67 1.76 1.74 1.64 1.50 1.34 1.18 1.07 1.02 1.05 1.14 1.27
 ----------------------------------------------------------------------------------------------------------------------------
                                                                                               
 ----------------------------------------------------------------------------------------------------------------------------
 ----------------------------------------------------------------------------------------------------------------------------
                                                          SURVEY OF INDIA
                                                    MARINE GEODESY WING (G&RB)
                                                     HOURLY HEIGHTS IN METRES
  NAME OF PORT:- KAKINADA                                                                           MONTH MAY       YEAR 2020
 ----------------------------------------------------------------------------------------------------------------------------
 DAYS 0000 0001 0002 0003 0004 0005 0006 0007 0008 0009 0010 0011 0012 0013 0014 0015 0016 0017 0018 0019 0020 0021 0022 0023
 ----------------------------------------------------------------------------------------------------------------------------
  1   1.39 1.46 1.48 1.44 1.34 1.21 1.09 1.01 0.98 1.02 1.14 1.30 1.46 1.61 1.72 1.76 1.72 1.60 1.44 1.28 1.14 1.03 1.00 1.04
  2   1.14 1.27 1.38 1.44 1.45 1.41 1.32 1.20 1.08 1.01 1.00 1.07 1.22 1.41 1.60 1.73 1.78 1.74 1.64 1.48 1.26 1.07 0.94 0.89
  3   0.92 1.03 1.20 1.40 1.56 1.62 1.58 1.46 1.28 1.12 1.01 0.96 0.99 1.12 1.32 1.54 1.71 1.80 1.80 1.70 1.49 1.23 1.01 0.86
  4   0.78 0.78 0.90 1.15 1.44 1.67 1.77 1.73 1.58 1.36 1.10 0.90 0.82 0.86 1.00 1.22 1.53 1.78 1.90 1.88 1.72 1.46 1.14 0.82
  5   0.62 0.56 0.66 0.88 1.22 1.58 1.85 1.96 1.90 1.70 1.42 1.10 0.85 0.74 0.80 0.98 1.26 1.58 1.85 1.98 1.92 1.70 1.38 1.00
  6   0.70 0.52 0.48 0.62 0.94 1.34 1.74 1.99 2.07 1.98 1.72 1.38 1.02 0.75 0.64 0.72 0.98 1.32 1.66 1.92 2.02 1.93 1.67 1.30
  7   0.88 0.56 0.40 0.44 0.66 1.06 1.54 1.96 2.18 2.16 1.96 1.64 1.28 0.95 0.72 0.64 0.76 1.04 1.40 1.76 1.98 2.02 1.86 1.52
  8   1.12 0.74 0.48 0.40 0.51 0.82 1.24 1.72 2.06 2.20 2.12 1.88 1.52 1.14 0.82 0.64 0.62 0.78 1.10 1.47 1.79 1.94 1.89 1.68
  9   1.34 0.96 0.62 0.43 0.42 0.60 0.92 1.32 1.75 2.04 2.14 2.04 1.78 1.42 1.08 0.80 0.66 0.66 0.82 1.13 1.49 1.76 1.86 1.78
 10   1.54 1.22 0.88 0.65 0.54 0.56 0.72 1.06 1.46 1.80 2.01 2.04 1.92 1.66 1.32 1.02 0.80 0.70 0.73 0.90 1.20 1.50 1.70 1.76
 11   1.66 1.42 1.12 0.85 0.66 0.58 0.65 0.86 1.18 1.53 1.80 1.91 1.88 1.74 1.52 1.23 0.98 0.81 0.75 0.82 1.00 1.25 1.46 1.60
 12   1.62 1.51 1.30 1.06 0.85 0.74 0.73 0.82 1.02 1.28 1.55 1.74 1.83 1.79 1.66 1.46 1.23 1.04 0.92 0.90 0.97 1.11 1.29 1.44
 13   1.52 1.50 1.41 1.26 1.08 0.94 0.88 0.90 1.00 1.16 1.36 1.56 1.70 1.76 1.72 1.61 1.44 1.25 1.08 0.98 0.96 1.02 1.14 1.27
 14   1.38 1.43 1.42 1.36 1.27 1.17 1.08 1.02 1.00 1.05 1.18 1.35 1.51 1.63 1.68 1.65 1.56 1.42 1.26 1.12 1.04 1.02 1.05 1.13
 15   1.22 1.30 1.35 1.36 1.33 1.27 1.20 1.14 1.10 1.10 1.14 1.22 1.34 1.48 1.60 1.65 1.64 1.57 1.46 1.34 1.23 1.14 1.08 1.06
 16   1.10 1.18 1.29 1.41 1.48 1.49 1.44 1.36 1.27 1.19 1.14 1.14 1.21 1.33 1.47 1.60 1.68 1.68 1.62 1.52 1.39 1.25 1.12 1.04
 17   1.03 1.10 1.23 1.39 1.52 1.60 1.62 1.57 1.47 1.34 1.21 1.14 1.14 1.21 1.36 1.52 1.65 1.74 1.76 1.69 1.56 1.38 1.20 1.07
 18   1.02 1.05 1.15 1.31 1.50 1.68 1.78 1.79 1.72 1.57 1.38 1.22 1.15 1.18 1.28 1.44 1.62 1.77 1.86 1.88 1.79 1.62 1.40 1.22
 19   1.10 1.06 1.12 1.28 1.52 1.76 1.92 1.99 1.97 1.84 1.63 1.42 1.28 1.21 1.23 1.34 1.53 1.74 1.90 1.98 1.96 1.81 1.56 1.31
 20   1.14 1.06 1.09 1.23 1.48 1.78 2.03 2.15 2.13 2.01 1.82 1.58 1.37 1.24 1.20 1.28 1.48 1.76 2.00 2.12 2.11 1.97 1.72 1.44
 21   1.21 1.06 1.02 1.12 1.36 1.66 1.94 2.14 2.22 2.16 1.98 1.74 1.47 1.27 1.16 1.18 1.34 1.62 1.88 2.04 2.08 2.01 1.83 1.56
 22   1.24 1.00 0.90 0.96 1.16 1.48 1.80 2.07 2.23 2.26 2.14 1.91 1.62 1.35 1.16 1.09 1.16 1.34 1.60 1.82 1.95 1.96 1.84 1.60
 23   1.31 1.01 0.83 0.79 0.89 1.11 1.43 1.77 2.00 2.09 2.05 1.89 1.65 1.37 1.13 1.01 1.03 1.19 1.47 1.74 1.92 1.99 1.93 1.75
 24   1.45 1.11 0.89 0.79 0.83 1.02 1.33 1.67 1.95 2.13 2.17 2.06 1.84 1.53 1.21 1.01 0.96 1.04 1.24 1.53 1.80 1.95 1.97 1.85
 25   1.61 1.31 1.05 0.89 0.85 0.95 1.20 1.55 1.89 2.11 2.21 2.15 1.99 1.73 1.41 1.14 0.98 0.93 1.02 1.23 1.50 1.71 1.81 1.77
 26   1.61 1.35 1.09 0.90 0.82 0.87 1.03 1.29 1.61 1.89 2.07 2.13 2.06 1.87 1.59 1.32 1.11 0.99 0.99 1.12 1.36 1.60 1.75 1.81
 27   1.74 1.53 1.25 1.01 0.87 0.83 0.89 1.05 1.33 1.63 1.85 1.98 2.01 1.92 1.73 1.49 1.23 1.05 0.97 1.01 1.15 1.37 1.59 1.71
 28   1.71 1.62 1.45 1.23 1.01 0.86 0.81 0.89 1.13 1.41 1.71 1.91 1.99 1.96 1.84 1.63 1.41 1.20 1.03 0.97 1.03 1.17 1.35 1.51
 29   1.61 1.63 1.55 1.39 1.21 1.06 0.97 0.95 1.03 1.21 1.44 1.67 1.83 1.91 1.90 1.81 1.63 1.41 1.21 1.07 1.01 1.05 1.17 1.33
 30   1.49 1.62 1.66 1.62 1.51 1.37 1.24 1.14 1.09 1.13 1.24 1.43 1.64 1.81 1.91 1.91 1.82 1.66 1.47 1.28 1.14 1.06 1.08 1.18
 31   1.35 1.53 1.67 1.74 1.72 1.63 1.49 1.33 1.19 1.12 1.14 1.23 1.37 1.56 1.73 1.85 1.89 1.82 1.68 1.49 1.27 1.09 0.99 0.97
 ----------------------------------------------------------------------------------------------------------------------------
                                                                                               
 ----------------------------------------------------------------------------------------------------------------------------
 ----------------------------------------------------------------------------------------------------------------------------
                                                          SURVEY OF INDIA
                                                    MARINE GEODESY WING (G&RB)
                                                     HOURLY HEIGHTS IN METRES
  NAME OF PORT:- KAKINADA                                                                           MONTH JUNE      YEAR 2020
 ----------------------------------------------------------------------------------------------------------------------------
 DAYS 0000 0001 0002 0003 0004 0005 0006 0007 0008 0009 0010 0011 0012 0013 0014 0015 0016 0017 0018 0019 0020 0021 0022 0023
 ----------------------------------------------------------------------------------------------------------------------------
  1   1.07 1.25 1.47 1.68 1.81 1.84 1.77 1.63 1.45 1.27 1.15 1.10 1.17 1.33 1.54 1.75 1.90 1.96 1.89 1.72 1.49 1.24 1.01 0.87
  2
  3
  4
  5
  6
  7
  8
  9
 10
 11
 12
 13
 14
 15
 16
 17
 18
 19
 20
 21
 22
 23
 24
 25
 26
 27
 28
 29
 30
 ----------------------------------------------------------------------------------------------------------------------------
                                                                                               
 ----------------------------------------------------------------------------------------------------------------------------
 ----------------------------------------------------------------------------------------------------------------------------
                                                          SURVEY OF INDIA
                                                    MARINE GEODESY WING (G&RB)
                                                     HOURLY HEIGHTS IN METRES
  NAME OF PORT:- KAKINADA                                                                           MONTH JULY      YEAR 2020
 ----------------------------------------------------------------------------------------------------------------------------
 DAYS 0000 0001 0002 0003 0004 0005 0006 0007 0008 0009 0010 0011 0012 0013 0014 0015 0016 0017 0018 0019 0020 0021 0022 0023
 ----------------------------------------------------------------------------------------------------------------------------
  1
  2
  3   0.89 0.87 0.93 1.15 1.45 1.79 2.07 2.20 2.21 2.07 1.80 1.50 1.23 1.06 1.01 1.07 1.25 1.51 1.77 1.92 1.93 1.80 1.55 1.25
  4   0.97 0.81 0.79 0.91 1.18 1.54 1.88 2.12 2.21 2.17 2.00 1.73 1.41 1.15 1.01 0.99 1.09 1.32 1.59 1.83 1.95 1.93 1.77 1.49
  5   1.19 0.95 0.81 0.80 0.92 1.19 1.55 1.91 2.13 2.21 2.13 1.91 1.59 1.27 1.02 0.89 0.91 1.05 1.29 1.59 1.83 1.91 1.87 1.69
  6   1.36 1.04 0.81 0.72 0.78 0.97 1.29 1.67 1.99 2.16 2.18 2.07 1.81 1.49 1.19 1.00 0.93 0.97 1.12 1.39 1.68 1.87 1.91 1.81
  7   1.55 1.27 1.01 0.86 0.83 0.91 1.11 1.43 1.81 2.08 2.21 2.19 2.03 1.71 1.39 1.15 1.00 0.95 1.02 1.21 1.49 1.77 1.91 1.91
  8   1.77 1.50 1.21 0.99 0.87 0.87 1.00 1.27 1.61 1.93 2.11 2.17 2.11 1.93 1.63 1.29 1.04 0.93 0.95 1.09 1.33 1.59 1.77 1.85
  9   1.81 1.64 1.39 1.15 1.00 0.94 0.98 1.12 1.37 1.71 1.97 2.10 2.11 2.00 1.77 1.47 1.22 1.07 1.02 1.07 1.23 1.45 1.67 1.80
 10   1.83 1.74 1.56 1.37 1.20 1.09 1.06 1.13 1.29 1.53 1.77 1.96 2.05 2.03 1.88 1.64 1.40 1.21 1.11 1.10 1.18 1.35 1.55 1.72
 11   1.80 1.80 1.71 1.53 1.35 1.21 1.14 1.15 1.23 1.39 1.59 1.77 1.89 1.93 1.87 1.71 1.51 1.32 1.18 1.11 1.11 1.19 1.35 1.53
 12   1.67 1.73 1.71 1.61 1.46 1.31 1.21 1.17 1.20 1.29 1.44 1.63 1.79 1.85 1.83 1.73 1.55 1.33 1.15 1.06 1.04 1.08 1.18 1.33
 13   1.49 1.62 1.67 1.65 1.56 1.42 1.29 1.21 1.18 1.20 1.27 1.41 1.58 1.71 1.77 1.75 1.67 1.53 1.36 1.22 1.13 1.10 1.13 1.22
 14   1.36 1.51 1.63 1.70 1.70 1.63 1.51 1.39 1.30 1.26 1.27 1.33 1.45 1.59 1.69 1.73 1.71 1.64 1.52 1.39 1.27 1.19 1.16 1.19
 15   1.28 1.42 1.59 1.72 1.79 1.80 1.75 1.65 1.54 1.44 1.38 1.37 1.41 1.49 1.59 1.67 1.71 1.70 1.64 1.53 1.40 1.29 1.22 1.20
 16   1.24 1.34 1.48 1.63 1.76 1.83 1.84 1.79 1.68 1.54 1.40 1.31 1.27 1.28 1.34 1.45 1.57 1.65 1.67 1.62 1.50 1.35 1.21 1.11
 17   1.07 1.10 1.20 1.37 1.57 1.74 1.85 1.89 1.85 1.72 1.54 1.37 1.25 1.20 1.22 1.31 1.45 1.59 1.67 1.68 1.61 1.47 1.29 1.13
 18   0.99 0.95 1.00 1.16 1.38 1.61 1.82 1.94 1.94 1.83 1.63 1.42 1.24 1.12 1.08 1.13 1.26 1.44 1.61 1.70 1.70 1.60 1.42 1.20
 19   1.02 0.92 0.90 0.99 1.19 1.46 1.72 1.92 2.03 2.02 1.86 1.58 1.26 1.04 0.97 1.04 1.25 1.51 1.71 1.80 1.76 1.61 1.42 1.23
 20   1.07 0.97 0.94 1.00 1.16 1.42 1.72 2.00 2.18 2.22 2.14 1.94 1.66 1.38 1.19 1.13 1.18 1.33 1.56 1.80 1.96 1.98 1.88 1.65
 21   1.07 0.97 0.94 1.00 1.16 1.42 1.72 2.00 2.18 2.22 2.14 1.94 1.66 1.38 1.19 1.13 1.18 1.33 1.56 1.80 1.95 1.99 1.94 1.80
 22   1.58 1.30 1.06 0.92 0.92 1.04 1.27 1.62 1.98 2.21 2.28 2.22 2.00 1.68 1.36 1.10 0.98 0.98 1.11 1.38 1.68 1.92 2.02 1.98
 23   1.78 1.48 1.16 0.96 0.89 0.92 1.08 1.38 1.74 2.10 2.28 2.29 2.16 1.88 1.56 1.24 1.00 0.91 0.96 1.16 1.44 1.74 1.96 2.05
 24   1.98 1.74 1.43 1.12 0.95 0.89 0.95 1.15 1.51 1.86 2.14 2.26 2.23 2.06 1.76 1.42 1.10 0.92 0.88 0.97 1.20 1.50 1.80 1.98
 25   2.01 1.90 1.67 1.38 1.12 0.98 0.96 1.06 1.28 1.58 1.91 2.14 2.22 2.16 1.96 1.66 1.32 1.06 0.94 0.95 1.08 1.32 1.64 1.90
 26   2.02 2.00 1.88 1.66 1.40 1.16 1.04 1.05 1.16 1.35 1.58 1.81 1.97 2.01 1.92 1.72 1.42 1.12 0.88 0.78 0.80 0.94 1.18 1.46
 27   1.72 1.84 1.84 1.74 1.54 1.29 1.10 1.01 1.02 1.12 1.32 1.56 1.77 1.89 1.91 1.82 1.64 1.40 1.16 0.97 0.87 0.87 0.99 1.25
 28   1.52 1.73 1.83 1.83 1.74 1.58 1.39 1.22 1.13 1.12 1.20 1.36 1.57 1.76 1.85 1.84 1.75 1.59 1.38 1.16 0.99 0.92 0.95 1.06
 29   1.24 1.46 1.67 1.81 1.86 1.83 1.72 1.54 1.36 1.24 1.20 1.24 1.35 1.50 1.66 1.77 1.79 1.73 1.60 1.40 1.20 1.04 0.95 0.94
 30   1.02 1.19 1.42 1.66 1.84 1.92 1.90 1.80 1.64 1.46 1.29 1.18 1.16 1.23 1.36 1.51 1.64 1.70 1.68 1.58 1.42 1.24 1.07 0.96
 31   0.94 1.02 1.20 1.44 1.68 1.88 1.98 1.97 1.86 1.68 1.47 1.27 1.13 1.08 1.13 1.27 1.45 1.62 1.72 1.74 1.66 1.50 1.30 1.10
 ----------------------------------------------------------------------------------------------------------------------------
                                                                                               
 ----------------------------------------------------------------------------------------------------------------------------
 ----------------------------------------------------------------------------------------------------------------------------
                                                          SURVEY OF INDIA
                                                    MARINE GEODESY WING (G&RB)
                                                     HOURLY HEIGHTS IN METRES
  NAME OF PORT:- KAKINADA                                                                           MONTH AUGUST    YEAR 2020
 ----------------------------------------------------------------------------------------------------------------------------
 DAYS 0000 0001 0002 0003 0004 0005 0006 0007 0008 0009 0010 0011 0012 0013 0014 0015 0016 0017 0018 0019 0020 0021 0022 0023
 ----------------------------------------------------------------------------------------------------------------------------
  1   0.98 0.94 1.00 1.17 1.46 1.73 1.94 2.05 2.04 1.92 1.70 1.44 1.22 1.11 1.09 1.15 1.30 1.50 1.69 1.80 1.83 1.76 1.58 1.30
  2   1.04 0.90 0.87 0.95 1.17 1.48 1.79 2.02 2.14 2.12 1.96 1.70 1.42 1.18 1.05 1.02 1.10 1.28 1.54 1.77 1.88 1.86 1.74 1.50
  3   1.19 0.97 0.88 0.90 1.02 1.26 1.60 1.92 2.12 2.17 2.08 1.88 1.60 1.26 1.02 0.93 0.96 1.08 1.31 1.57 1.78 1.87 1.82 1.64
  4   1.36 1.06 0.84 0.76 0.81 0.99 1.30 1.67 2.00 2.14 2.12 1.98 1.72 1.42 1.14 0.94 0.88 0.94 1.12 1.39 1.66 1.82 1.86 1.76
  5   1.48 1.16 0.91 0.78 0.76 0.86 1.11 1.44 1.78 2.01 2.09 2.03 1.82 1.52 1.20 0.96 0.86 0.88 1.00 1.21 1.51 1.74 1.82 1.76
  6   1.58 1.32 1.04 0.86 0.80 0.85 1.00 1.26 1.59 1.88 2.01 2.00 1.86 1.61 1.32 1.06 0.90 0.84 0.89 1.04 1.30 1.58 1.76 1.80
  7   1.70 1.47 1.22 1.01 0.88 0.85 0.93 1.12 1.40 1.70 1.92 1.99 1.95 1.78 1.49 1.20 0.99 0.88 0.88 0.99 1.20 1.48 1.73 1.83
  8   1.80 1.66 1.42 1.18 0.99 0.90 0.92 1.05 1.28 1.54 1.80 1.96 1.99 1.90 1.71 1.44 1.18 1.01 0.96 1.01 1.17 1.42 1.68 1.86
  9   1.90 1.82 1.65 1.42 1.20 1.07 1.03 1.09 1.24 1.48 1.74 1.93 1.99 1.94 1.79 1.56 1.30 1.10 1.01 1.03 1.14 1.32 1.54 1.74
 10   1.84 1.84 1.74 1.57 1.38 1.21 1.13 1.14 1.24 1.42 1.62 1.79 1.87 1.86 1.77 1.60 1.39 1.19 1.06 1.02 1.06 1.19 1.38 1.60
 11   1.76 1.82 1.79 1.69 1.54 1.38 1.26 1.22 1.25 1.34 1.49 1.66 1.79 1.83 1.80 1.68 1.51 1.32 1.17 1.09 1.08 1.15 1.29 1.46
 12   1.62 1.72 1.76 1.74 1.65 1.51 1.37 1.27 1.24 1.27 1.36 1.48 1.60 1.67 1.68 1.64 1.54 1.39 1.24 1.13 1.08 1.09 1.16 1.28
 13   1.42 1.55 1.64 1.68 1.66 1.59 1.49 1.38 1.30 1.26 1.27 1.33 1.42 1.51 1.56 1.56 1.51 1.42 1.31 1.19 1.10 1.06 1.07 1.13
 14   1.23 1.36 1.49 1.61 1.68 1.70 1.67 1.58 1.46 1.35 1.27 1.23 1.24 1.29 1.37 1.46 1.52 1.54 1.50 1.40 1.26 1.14 1.06 1.03
 15   1.05 1.12 1.24 1.40 1.58 1.70 1.73 1.69 1.58 1.42 1.26 1.15 1.10 1.11 1.17 1.28 1.41 1.50 1.52 1.48 1.38 1.23 1.07 0.94
 16   0.88 0.90 0.99 1.15 1.37 1.60 1.76 1.82 1.78 1.65 1.45 1.26 1.10 1.01 1.00 1.06 1.19 1.36 1.51 1.56 1.52 1.40 1.23 1.04
 17   0.88 0.80 0.81 0.93 1.14 1.39 1.64 1.82 1.86 1.78 1.58 1.34 1.12 0.96 0.88 0.90 1.02 1.22 1.44 1.60 1.64 1.56 1.38 1.15
 18   0.92 0.75 0.69 0.74 0.91 1.18 1.48 1.76 1.90 1.89 1.74 1.47 1.20 0.96 0.81 0.76 0.84 1.03 1.30 1.58 1.74 1.76 1.64 1.40
 19   1.12 0.84 0.69 0.66 0.76 1.01 1.34 1.70 1.98 2.10 2.04 1.81 1.48 1.14 0.86 0.74 0.75 0.89 1.16 1.47 1.76 1.90 1.87 1.69
 20   1.36 1.04 0.78 0.66 0.66 0.81 1.12 1.50 1.88 2.12 2.16 2.04 1.74 1.37 1.04 0.77 0.67 0.72 0.91 1.22 1.62 1.92 2.02 1.93
 21   1.68 1.32 1.00 0.77 0.69 0.74 0.96 1.30 1.70 2.04 2.16 2.13 1.94 1.58 1.20 0.90 0.72 0.64 0.66 0.79 1.05 1.44 1.80 1.95
 22   1.90 1.65 1.25 0.94 0.76 0.71 0.80 1.04 1.40 1.78 2.05 2.13 2.05 1.80 1.44 1.08 0.80 0.68 0.70 0.86 1.14 1.50 1.85 2.04
 23   2.04 1.88 1.56 1.24 1.00 0.86 0.83 0.94 1.20 1.56 1.90 2.08 2.10 1.98 1.72 1.36 1.06 0.88 0.81 0.86 1.04 1.32 1.66 1.92
 24   2.05 2.02 1.86 1.58 1.28 1.06 0.98 1.02 1.16 1.38 1.66 1.90 2.02 2.02 1.89 1.62 1.30 1.06 0.93 0.90 0.98 1.16 1.42 1.70
 25   1.90 1.98 1.94 1.80 1.54 1.28 1.14 1.09 1.12 1.23 1.42 1.64 1.82 1.90 1.89 1.76 1.52 1.28 1.10 0.99 0.97 1.05 1.22 1.46
 26   1.72 1.86 1.90 1.86 1.74 1.56 1.38 1.25 1.18 1.16 1.21 1.34 1.52 1.67 1.74 1.72 1.63 1.48 1.32 1.18 1.10 1.08 1.14 1.27
 27   1.44 1.61 1.75 1.82 1.80 1.71 1.58 1.43 1.29 1.19 1.15 1.18 1.27 1.40 1.52 1.59 1.59 1.54 1.43 1.30 1.18 1.10 1.06 1.06
 28   1.11 1.23 1.39 1.56 1.66 1.68 1.65 1.57 1.44 1.31 1.20 1.14 1.12 1.15 1.23 1.36 1.49 1.55 1.54 1.47 1.35 1.20 1.07 0.99
 29   0.97 1.02 1.15 1.33 1.52 1.67 1.74 1.74 1.66 1.50 1.31 1.16 1.07 1.05 1.09 1.20 1.36 1.53 1.64 1.66 1.59 1.45 1.29 1.14
 30   1.03 1.00 1.05 1.21 1.44 1.67 1.86 1.94 1.92 1.80 1.60 1.36 1.16 1.04 1.01 1.08 1.25 1.46 1.64 1.74 1.74 1.66 1.48 1.24
 31   1.03 0.91 0.89 0.98 1.19 1.46 1.76 1.95 2.02 1.98 1.81 1.53 1.28 1.09 1.00 1.00 1.10 1.30 1.57 1.78 1.86 1.82 1.66 1.43
 ----------------------------------------------------------------------------------------------------------------------------
                                                                                               
 ----------------------------------------------------------------------------------------------------------------------------
 ----------------------------------------------------------------------------------------------------------------------------
                                                          SURVEY OF INDIA
                                                    MARINE GEODESY WING (G&RB)
                                                     HOURLY HEIGHTS IN METRES
  NAME OF PORT:- KAKINADA                                                                           MONTH SEPT      YEAR 2020
 ----------------------------------------------------------------------------------------------------------------------------
 DAYS 0000 0001 0002 0003 0004 0005 0006 0007 0008 0009 0010 0011 0012 0013 0014 0015 0016 0017 0018 0019 0020 0021 0022 0023
 ----------------------------------------------------------------------------------------------------------------------------
  1   1.18 0.98 0.88 0.90 1.05 1.32 1.63 1.92 2.08 2.09 1.98 1.74 1.45 1.18 1.00 0.94 1.00 1.18 1.44 1.68 1.86 1.92 1.84 1.63
  2   1.34 1.09 0.92 0.86 0.94 1.14 1.46 1.81 2.04 2.14 2.10 1.90 1.58 1.28 1.06 0.94 0.94 1.06 1.30 1.61 1.88 2.00 1.98 1.82
  3   1.52 1.22 1.02 0.92 0.92 1.05 1.34 1.68 1.98 2.14 2.16 2.04 1.78 1.46 1.18 1.00 0.94 1.01 1.21 1.50 1.80 2.00 2.06 1.98
  4   1.74 1.44 1.16 1.00 0.95 1.02 1.22 1.52 1.84 2.08 2.16 2.08 1.88 1.58 1.30 1.06 0.94 0.96 1.10 1.36 1.68 1.96 2.06 2.04
  5   1.88 1.59 1.31 1.09 0.97 0.96 1.08 1.34 1.66 1.95 2.08 2.08 1.96 1.68 1.38 1.11 0.94 0.91 1.01 1.22 1.52 1.82 2.03 2.08
  6   2.00 1.78 1.46 1.18 1.02 0.98 1.05 1.22 1.50 1.78 1.98 2.05 2.00 1.80 1.52 1.24 1.02 0.92 0.96 1.12 1.38 1.68 1.92 2.02
  7   1.98 1.82 1.58 1.32 1.10 0.98 0.98 1.10 1.34 1.61 1.84 1.95 1.94 1.82 1.58 1.30 1.08 0.95 0.92 1.00 1.18 1.46 1.72 1.90
  8   1.94 1.88 1.70 1.46 1.23 1.10 1.06 1.12 1.26 1.48 1.72 1.86 1.89 1.83 1.68 1.44 1.18 1.01 0.95 0.98 1.11 1.30 1.52 1.74
  9   1.88 1.89 1.79 1.60 1.40 1.25 1.18 1.19 1.26 1.39 1.56 1.71 1.79 1.79 1.70 1.53 1.34 1.16 1.04 1.01 1.07 1.22 1.42 1.63
 10   1.79 1.85 1.82 1.73 1.60 1.44 1.30 1.23 1.24 1.32 1.44 1.56 1.66 1.72 1.70 1.60 1.46 1.30 1.16 1.08 1.08 1.16 1.30 1.46
 11   1.61 1.72 1.78 1.77 1.70 1.59 1.48 1.39 1.33 1.31 1.34 1.42 1.52 1.60 1.64 1.61 1.53 1.42 1.31 1.22 1.16 1.15 1.20 1.30
 12   1.42 1.55 1.65 1.72 1.74 1.71 1.63 1.53 1.43 1.36 1.32 1.32 1.37 1.44 1.52 1.58 1.60 1.58 1.50 1.39 1.26 1.17 1.14 1.18
 13   1.27 1.39 1.53 1.68 1.81 1.88 1.87 1.80 1.69 1.57 1.46 1.38 1.34 1.36 1.43 1.55 1.68 1.77 1.79 1.75 1.66 1.55 1.45 1.38
 14   1.36 1.41 1.54 1.74 1.93 2.06 2.12 2.10 2.01 1.86 1.68 1.52 1.41 1.38 1.42 1.52 1.68 1.86 1.98 2.00 1.94 1.80 1.62 1.45
 15   1.32 1.26 1.31 1.46 1.68 1.92 2.13 2.24 2.22 2.10 1.88 1.66 1.46 1.32 1.26 1.32 1.50 1.74 1.96 2.08 2.10 2.00 1.80 1.58
 16   1.36 1.22 1.17 1.24 1.41 1.68 1.98 2.24 2.34 2.28 2.06 1.78 1.52 1.28 1.15 1.14 1.25 1.50 1.82 2.09 2.22 2.18 2.01 1.76
 17   1.48 1.24 1.12 1.10 1.20 1.44 1.78 2.14 2.34 2.38 2.26 1.98 1.66 1.36 1.14 1.05 1.08 1.24 1.56 1.92 2.18 2.28 2.22 1.99
 18   1.66 1.36 1.13 1.04 1.08 1.24 1.54 1.94 2.26 2.41 2.38 2.16 1.80 1.48 1.20 1.02 0.96 1.04 1.30 1.68 2.06 2.30 2.36 2.23
 19   1.92 1.58 1.30 1.12 1.06 1.13 1.36 1.72 2.08 2.34 2.43 2.34 2.06 1.72 1.40 1.14 1.01 1.00 1.14 1.46 1.84 2.20 2.38 2.40
 20   2.22 1.87 1.54 1.31 1.17 1.14 1.24 1.51 1.86 2.17 2.36 2.38 2.24 1.94 1.60 1.30 1.10 1.01 1.05 1.26 1.58 1.94 2.24 2.36
 21   2.31 2.10 1.80 1.50 1.26 1.15 1.16 1.28 1.52 1.82 2.06 2.16 2.14 1.98 1.72 1.42 1.18 1.04 1.00 1.08 1.28 1.58 1.88 2.08
 22   2.12 2.06 1.84 1.60 1.36 1.18 1.10 1.13 1.25 1.45 1.68 1.86 1.92 1.88 1.74 1.53 1.30 1.12 1.00 0.98 1.06 1.24 1.48 1.73
 23   1.88 1.93 1.87 1.72 1.52 1.32 1.17 1.10 1.11 1.20 1.34 1.50 1.65 1.72 1.70 1.60 1.42 1.24 1.10 1.02 1.01 1.08 1.22 1.42
 24   1.62 1.73 1.76 1.73 1.64 1.50 1.36 1.24 1.18 1.18 1.23 1.32 1.44 1.54 1.60 1.60 1.54 1.44 1.32 1.21 1.14 1.12 1.16 1.26
 25   1.39 1.54 1.67 1.74 1.74 1.68 1.58 1.46 1.36 1.28 1.24 1.24 1.29 1.38 1.48 1.55 1.58 1.57 1.52 1.44 1.35 1.28 1.24 1.24
 26   1.29 1.38 1.50 1.62 1.72 1.76 1.74 1.66 1.54 1.42 1.32 1.25 1.22 1.24 1.30 1.38 1.47 1.53 1.55 1.52 1.45 1.36 1.27 1.20
 27   1.17 1.20 1.30 1.44 1.60 1.73 1.80 1.79 1.72 1.60 1.46 1.32 1.22 1.18 1.20 1.28 1.40 1.55 1.66 1.70 1.67 1.58 1.46 1.34
 28   1.24 1.19 1.22 1.34 1.52 1.70 1.85 1.92 1.90 1.80 1.64 1.46 1.30 1.19 1.16 1.21 1.34 1.53 1.72 1.82 1.82 1.76 1.63 1.45
 29   1.26 1.14 1.13 1.21 1.37 1.58 1.82 2.00 2.05 2.00 1.84 1.63 1.41 1.23 1.14 1.16 1.28 1.46 1.68 1.88 1.96 1.93 1.80 1.59
 30   1.36 1.16 1.08 1.12 1.25 1.46 1.73 1.98 2.10 2.09 1.95 1.72 1.46 1.22 1.08 1.05 1.14 1.34 1.61 1.86 2.01 2.04 1.96 1.78
 ----------------------------------------------------------------------------------------------------------------------------
                                                                                               
 ----------------------------------------------------------------------------------------------------------------------------
 ----------------------------------------------------------------------------------------------------------------------------
                                                          SURVEY OF INDIA
                                                    MARINE GEODESY WING (G&RB)
                                                     HOURLY HEIGHTS IN METRES
  NAME OF PORT:- KAKINADA                                                                           MONTH OCTOBER   YEAR 2020
 ----------------------------------------------------------------------------------------------------------------------------
 DAYS 0000 0001 0002 0003 0004 0005 0006 0007 0008 0009 0010 0011 0012 0013 0014 0015 0016 0017 0018 0019 0020 0021 0022 0023
 ----------------------------------------------------------------------------------------------------------------------------
  1   1.44 1.22 1.10 1.06 1.16 1.36 1.64 1.90 2.08 2.14 2.08 1.82 1.52 1.26 1.08 1.01 1.04 1.20 1.48 1.77 2.00 2.10 2.07 1.89
  2   1.58 1.30 1.12 1.04 1.07 1.24 1.50 1.79 2.04 2.15 2.11 1.92 1.62 1.32 1.09 0.98 0.98 1.10 1.36 1.66 1.94 2.10 2.12 1.99
  3   1.69 1.38 1.14 1.00 0.99 1.12 1.34 1.63 1.92 2.10 2.12 2.00 1.74 1.42 1.16 1.00 0.95 1.02 1.22 1.52 1.82 2.05 2.14 2.08
  4   1.87 1.55 1.26 1.08 1.02 1.06 1.22 1.50 1.80 2.02 2.12 2.08 1.89 1.58 1.28 1.10 1.03 1.06 1.22 1.52 1.84 2.09 2.25 2.28
  5   2.15 1.87 1.53 1.27 1.15 1.14 1.24 1.46 1.76 2.02 2.15 2.16 2.05 1.82 1.54 1.32 1.18 1.14 1.22 1.44 1.76 2.06 2.24 2.30
  6   2.22 2.00 1.70 1.46 1.31 1.26 1.30 1.44 1.68 1.96 2.16 2.22 2.15 1.96 1.70 1.46 1.29 1.22 1.25 1.39 1.64 1.91 2.13 2.24
  7   2.23 2.10 1.86 1.62 1.44 1.34 1.32 1.39 1.54 1.76 1.95 2.05 2.06 1.97 1.77 1.52 1.33 1.23 1.21 1.28 1.44 1.68 1.92 2.08
  8   2.14 2.09 1.95 1.75 1.55 1.41 1.35 1.37 1.47 1.64 1.82 1.94 1.98 1.94 1.82 1.64 1.46 1.32 1.26 1.28 1.38 1.54 1.74 1.92
  9   2.04 2.08 2.03 1.90 1.73 1.58 1.48 1.45 1.48 1.57 1.70 1.83 1.91 1.92 1.87 1.76 1.62 1.48 1.38 1.34 1.37 1.47 1.62 1.79
 10   1.94 2.02 2.04 2.00 1.91 1.78 1.66 1.58 1.55 1.56 1.61 1.68 1.76 1.82 1.84 1.81 1.73 1.63 1.52 1.44 1.40 1.42 1.49 1.61
 11   1.75 1.89 1.99 2.04 2.03 1.98 1.88 1.77 1.67 1.60 1.57 1.59 1.66 1.75 1.84 1.90 1.93 1.92 1.86 1.78 1.71 1.66 1.64 1.67
 12   1.75 1.88 2.03 2.15 2.22 2.22 2.16 2.05 1.91 1.78 1.69 1.64 1.64 1.69 1.78 1.90 2.01 2.07 2.08 2.04 1.95 1.84 1.75 1.71
 13   1.73 1.82 1.98 2.23 2.48 2.64 2.68 2.60 2.40 2.15 1.91 1.74 1.65 1.64 1.71 1.84 2.02 2.18 2.26 2.26 2.17 2.01 1.80 1.62
 14   1.53 1.53 1.61 1.77 1.99 2.22 2.38 2.42 2.34 2.17 1.94 1.69 1.50 1.43 1.46 1.58 1.79 2.04 2.26 2.38 2.38 2.25 2.02 1.76
 15   1.55 1.45 1.45 1.56 1.76 2.02 2.27 2.42 2.42 2.28 2.02 1.74 1.50 1.35 1.31 1.38 1.56 1.84 2.14 2.40 2.52 2.48 2.28 1.96
 16   1.67 1.48 1.40 1.43 1.58 1.82 2.14 2.44 2.57 2.52 2.30 2.00 1.69 1.44 1.30 1.28 1.39 1.61 1.90 2.22 2.49 2.58 2.48 2.20
 17   1.86 1.59 1.42 1.36 1.41 1.59 1.87 2.18 2.43 2.53 2.46 2.24 1.93 1.60 1.35 1.24 1.24 1.34 1.56 1.88 2.23 2.49 2.60 2.53
 18   2.26 1.91 1.56 1.38 1.32 1.37 1.55 1.90 2.29 2.50 2.52 2.38 2.08 1.76 1.48 1.29 1.21 1.23 1.36 1.62 1.96 2.27 2.48 2.51
 19   2.38 2.06 1.73 1.46 1.31 1.28 1.37 1.63 2.07 2.38 2.48 2.40 2.18 1.87 1.56 1.34 1.22 1.20 1.29 1.49 1.80 2.15 2.40 2.50
 20   2.44 2.24 1.94 1.64 1.44 1.36 1.38 1.50 1.72 1.98 2.17 2.25 2.21 2.04 1.78 1.54 1.36 1.28 1.29 1.40 1.60 1.86 2.13 2.32
 21   2.38 2.30 2.10 1.84 1.60 1.45 1.39 1.41 1.52 1.70 1.90 2.03 2.06 2.01 1.86 1.66 1.48 1.35 1.30 1.33 1.43 1.64 1.88 2.08
 22   2.21 2.24 2.17 1.99 1.76 1.58 1.48 1.44 1.47 1.56 1.72 1.89 2.00 2.02 1.97 1.85 1.70 1.56 1.47 1.44 1.48 1.61 1.80 2.02
 23   2.21 2.24 2.17 1.99 1.76 1.58 1.48 1.44 1.47 1.56 1.72 1.89 2.00 2.02 1.97 1.85 1.70 1.56 1.47 1.44 1.47 1.57 1.71 1.86
 24   1.99 2.09 2.15 2.17 2.14 2.06 1.95 1.84 1.76 1.71 1.70 1.72 1.76 1.82 1.88 1.92 1.93 1.89 1.81 1.73 1.67 1.65 1.67 1.72
 25   1.80 1.90 2.00 2.08 2.12 2.12 2.07 1.98 1.86 1.75 1.67 1.62 1.61 1.64 1.71 1.80 1.88 1.92 1.92 1.87 1.78 1.68 1.60 1.56
 26   1.56 1.61 1.71 1.84 1.98 2.08 2.13 2.10 2.00 1.84 1.68 1.56 1.49 1.48 1.53 1.64 1.79 1.93 2.01 2.01 1.94 1.81 1.66 1.54
 27   1.49 1.49 1.56 1.69 1.85 2.01 2.12 2.15 2.09 1.93 1.72 1.53 1.41 1.37 1.42 1.54 1.71 1.90 2.07 2.17 2.16 2.06 1.88 1.68
 28   1.52 1.46 1.49 1.61 1.79 1.99 2.17 2.28 2.28 2.14 1.89 1.64 1.45 1.36 1.36 1.46 1.64 1.87 2.10 2.26 2.30 2.22 2.02 1.76
 29   1.52 1.41 1.40 1.48 1.65 1.88 2.11 2.26 2.30 2.22 2.00 1.72 1.48 1.32 1.26 1.32 1.49 1.74 2.00 2.22 2.32 2.30 2.15 1.88
 30   1.58 1.39 1.32 1.36 1.49 1.71 1.97 2.19 2.29 2.26 2.10 1.81 1.50 1.30 1.24 1.32 1.54 1.87 2.16 2.33 2.36 2.28 2.12 1.90
 31   1.63 1.39 1.28 1.28 1.37 1.55 1.78 2.03 2.20 2.24 2.14 1.89 1.58 1.33 1.18 1.15 1.24 1.44 1.72 2.00 2.24 2.35 2.29 2.08
 ----------------------------------------------------------------------------------------------------------------------------
                                                                                               
 ----------------------------------------------------------------------------------------------------------------------------
 ----------------------------------------------------------------------------------------------------------------------------
                                                          SURVEY OF INDIA
                                                    MARINE GEODESY WING (G&RB)
                                                     HOURLY HEIGHTS IN METRES
  NAME OF PORT:- KAKINADA                                                                           MONTH NOVEMBER  YEAR 2020
 ----------------------------------------------------------------------------------------------------------------------------
 DAYS 0000 0001 0002 0003 0004 0005 0006 0007 0008 0009 0010 0011 0012 0013 0014 0015 0016 0017 0018 0019 0020 0021 0022 0023
 ----------------------------------------------------------------------------------------------------------------------------
  1   1.75 1.47 1.28 1.20 1.24 1.38 1.62 1.90 2.13 2.22 2.17 1.98 1.68 1.37 1.16 1.10 1.16 1.34 1.59 1.89 2.18 2.35 2.36 2.22
  2   1.94 1.62 1.36 1.22 1.19 1.28 1.48 1.74 1.98 2.14 2.18 2.07 1.82 1.49 1.23 1.10 1.10 1.23 1.46 1.75 2.06 2.28 2.36 2.28
  3   2.06 1.76 1.46 1.27 1.19 1.24 1.40 1.64 1.92 2.13 2.21 2.14 1.94 1.64 1.36 1.19 1.14 1.21 1.39 1.66 1.95 2.22 2.38 2.39
  4   2.26 2.02 1.74 1.50 1.34 1.30 1.38 1.57 1.83 2.07 2.19 2.18 2.04 1.80 1.54 1.33 1.20 1.19 1.30 1.52 1.80 2.10 2.34 2.43
  5   2.36 2.16 1.90 1.65 1.46 1.36 1.36 1.47 1.67 1.88 2.04 2.12 2.08 1.94 1.72 1.50 1.34 1.28 1.33 1.48 1.70 1.96 2.19 2.32
  6   2.33 2.22 2.02 1.79 1.58 1.43 1.37 1.42 1.56 1.76 1.94 2.05 2.08 2.02 1.87 1.68 1.51 1.40 1.37 1.44 1.60 1.80 2.00 2.16
  7   2.26 2.26 2.15 1.96 1.76 1.59 1.50 1.50 1.57 1.69 1.83 1.95 2.03 2.04 1.97 1.83 1.66 1.52 1.44 1.44 1.52 1.66 1.84 2.02
  8   2.16 2.23 2.22 2.12 1.98 1.82 1.68 1.60 1.58 1.62 1.70 1.80 1.89 1.94 1.94 1.88 1.78 1.66 1.56 1.51 1.50 1.55 1.65 1.79
  9   1.94 2.06 2.12 2.11 2.04 1.92 1.78 1.64 1.53 1.48 1.49 1.56 1.66 1.76 1.84 1.89 1.90 1.85 1.76 1.66 1.58 1.54 1.55 1.62
 10   1.74 1.88 2.01 2.10 2.14 2.10 2.00 1.85 1.68 1.53 1.44 1.42 1.48 1.59 1.74 1.89 2.01 2.06 2.04 1.94 1.78 1.64 1.56 1.55
 11   1.62 1.76 1.94 2.12 2.25 2.30 2.26 2.14 1.94 1.72 1.52 1.40 1.37 1.44 1.61 1.84 2.08 2.24 2.30 2.24 2.09 1.88 1.67 1.51
 12   1.46 1.52 1.69 1.92 2.14 2.30 2.36 2.31 2.14 1.86 1.56 1.32 1.17 1.15 1.28 1.56 1.88 2.17 2.35 2.40 2.30 2.07 1.78 1.52
 13   1.37 1.34 1.44 1.66 1.94 2.22 2.40 2.44 2.32 2.06 1.73 1.40 1.14 1.02 1.06 1.28 1.63 2.03 2.38 2.54 2.52 2.34 2.04 1.67
 14   1.36 1.22 1.23 1.38 1.64 1.94 2.24 2.42 2.44 2.29 1.95 1.56 1.20 0.98 0.92 1.04 1.34 1.74 2.16 2.49 2.62 2.57 2.34 1.96
 15   1.60 1.31 1.18 1.22 1.42 1.74 2.08 2.36 2.47 2.42 2.20 1.86 1.46 1.13 0.95 0.96 1.15 1.48 1.88 2.28 2.57 2.67 2.56 2.24
 16
 17
 18
 19   2.32 2.12 1.84 1.53 1.28 1.16 1.17 1.30 1.54 1.78 1.97 2.05 2.03 1.89 1.63 1.34 1.14 1.08 1.13 1.28 1.50 1.76 2.02 2.20
 20   2.25 2.18 1.99 1.74 1.50 1.31 1.22 1.24 1.36 1.54 1.72 1.85 1.89 1.85 1.72 1.52 1.33 1.20 1.15 1.20 1.34 1.54 1.77 1.96
 21   2.07 2.10 2.04 1.90 1.69 1.48 1.33 1.25 1.25 1.34 1.51 1.70 1.82 1.86 1.81 1.69 1.53 1.38 1.28 1.24 1.27 1.37 1.54 1.72
 22   1.87 1.96 1.98 1.93 1.81 1.64 1.46 1.33 1.26 1.26 1.32 1.41 1.51 1.60 1.69 1.76 1.80 1.79 1.73 1.65 1.56 1.49 1.46 1.50
 23   1.62 1.78 1.89 1.93 1.90 1.81 1.67 1.53 1.42 1.36 1.35 1.39 1.46 1.56 1.66 1.75 1.80 1.80 1.74 1.64 1.54 1.47 1.45 1.49
 24   1.58 1.70 1.82 1.90 1.94 1.93 1.85 1.72 1.57 1.44 1.35 1.31 1.34 1.43 1.56 1.70 1.82 1.88 1.88 1.81 1.68 1.54 1.43 1.38
 25   1.42 1.52 1.66 1.79 1.90 1.96 1.95 1.87 1.74 1.58 1.42 1.31 1.28 1.33 1.45 1.62 1.79 1.92 1.98 1.97 1.89 1.75 1.57 1.43
 26   1.37 1.41 1.52 1.69 1.88 2.02 2.07 2.03 1.92 1.74 1.53 1.36 1.26 1.24 1.32 1.50 1.76 1.98 2.10 2.13 2.08 1.96 1.78 1.60
 27   1.47 1.42 1.46 1.60 1.84 2.06 2.18 2.20 2.12 1.96 1.74 1.51 1.35 1.28 1.31 1.43 1.66 1.93 2.14 2.24 2.22 2.09 1.89 1.66
 28   1.46 1.36 1.36 1.45 1.62 1.84 2.02 2.10 2.08 1.96 1.76 1.53 1.34 1.22 1.20 1.30 1.52 1.82 2.07 2.23 2.28 2.20 2.00 1.74
 29   1.50 1.34 1.28 1.32 1.46 1.68 1.90 2.05 2.08 2.00 1.82 1.58 1.33 1.17 1.12 1.20 1.40 1.68 1.99 2.23 2.34 2.30 2.13 1.86
 30   1.56 1.33 1.20 1.18 1.26 1.44 1.70 1.92 2.03 2.02 1.89 1.66 1.40 1.17 1.04 1.04 1.16 1.40 1.72 2.02 2.23 2.30 2.22 2.02
 ----------------------------------------------------------------------------------------------------------------------------
                                                                                              
 ----------------------------------------------------------------------------------------------------------------------------
 ----------------------------------------------------------------------------------------------------------------------------
                                                          SURVEY OF INDIA
                                                    MARINE GEODESY WING (G&RB)
                                                     HOURLY HEIGHTS IN METRES
  NAME OF PORT:- KAKINADA                                                                           MONTH DECEMBER  YEAR 2020
 ----------------------------------------------------------------------------------------------------------------------------
 DAYS 0000 0001 0002 0003 0004 0005 0006 0007 0008 0009 0010 0011 0012 0013 0014 0015 0016 0017 0018 0019 0020 0021 0022 0023
 ----------------------------------------------------------------------------------------------------------------------------
  1   1.74 1.48 1.27 1.18 1.20 1.34 1.57 1.82 2.02 2.09 2.04 1.85 1.55 1.27 1.08 1.02 1.08 1.28 1.60 1.96 2.24 2.36 2.34 2.22
  2   2.02 1.76 1.48 1.26 1.16 1.18 1.32 1.58 1.84 2.02 2.06 1.95 1.67 1.35 1.11 1.00 1.02 1.16 1.44 1.77 2.09 2.27 2.32 2.26
  3   2.12 1.90 1.62 1.35 1.19 1.14 1.19 1.36 1.62 1.87 2.00 1.98 1.81 1.52 1.23 1.04 0.98 1.04 1.24 1.52 1.84 2.10 2.23 2.25
  4   2.17 2.00 1.73 1.46 1.26 1.14 1.12 1.21 1.40 1.64 1.83 1.90 1.83 1.62 1.34 1.11 0.99 1.00 1.12 1.32 1.60 1.89 2.09 2.18
  5   2.17 2.08 1.90 1.68 1.46 1.28 1.18 1.18 1.28 1.48 1.70 1.84 1.84 1.72 1.49 1.25 1.08 1.02 1.06 1.20 1.44 1.74 1.96 2.09
  6   2.12 2.05 1.90 1.68 1.46 1.28 1.18 1.18 1.28 1.48 1.68 1.81 1.85 1.80 1.67 1.48 1.30 1.19 1.15 1.19 1.33 1.54 1.76 1.93
  7   2.04 2.06 1.98 1.80 1.57 1.36 1.22 1.14 1.14 1.23 1.38 1.55 1.67 1.72 1.70 1.60 1.44 1.30 1.20 1.16 1.19 1.28 1.44 1.64
  8   1.82 1.92 1.94 1.87 1.72 1.52 1.31 1.16 1.08 1.07 1.14 1.29 1.46 1.61 1.70 1.71 1.65 1.53 1.38 1.25 1.18 1.18 1.25 1.38
  9   1.56 1.74 1.84 1.86 1.82 1.70 1.51 1.28 1.11 1.02 1.00 1.05 1.18 1.36 1.56 1.71 1.78 1.77 1.68 1.52 1.35 1.23 1.18 1.22
 10   1.32 1.48 1.67 1.81 1.86 1.82 1.70 1.50 1.26 1.06 0.93 0.88 0.94 1.10 1.34 1.61 1.82 1.93 1.92 1.82 1.64 1.42 1.22 1.12
 11   1.14 1.26 1.44 1.66 1.82 1.90 1.89 1.77 1.54 1.26 1.02 0.85 0.80 0.89 1.10 1.40 1.70 1.94 2.06 2.06 1.94 1.72 1.42 1.17
 12   1.06 1.08 1.20 1.40 1.66 1.90 2.01 1.98 1.82 1.56 1.25 0.96 0.78 0.75 0.86 1.12 1.46 1.82 2.08 2.19 2.16 2.00 1.72 1.40
 13   1.13 1.01 1.02 1.16 1.40 1.68 1.92 2.02 1.98 1.81 1.50 1.12 0.82 0.69 0.72 0.90 1.20 1.60 2.03 2.27 2.33 2.24 2.02 1.66
 14   1.32 1.05 0.92 0.94 1.12 1.42 1.76 1.98 2.06 2.00 1.80 1.44 1.07 0.81 0.71 0.76 0.98 1.32 1.76 2.14 2.32 2.34 2.20 1.91
 15   1.56 1.22 0.98 0.89 0.97 1.19 1.50 1.82 2.03 2.08 1.98 1.74 1.40 1.07 0.86 0.80 0.90 1.16 1.52 1.94 2.27 2.40 2.37 2.20
 16   1.90 1.54 1.21 1.02 0.98 1.09 1.33 1.64 1.91 2.03 2.03 1.89 1.62 1.30 1.04 0.88 0.86 1.00 1.30 1.70 2.10 2.33 2.39 2.29
 17   2.06 1.74 1.42 1.16 1.02 1.03 1.18 1.42 1.70 1.90 1.99 1.94 1.76 1.48 1.20 1.00 0.91 0.94 1.12 1.42 1.78 2.08 2.22 2.24
 18   2.16 1.94 1.60 1.30 1.10 1.02 1.06 1.20 1.44 1.70 1.86 1.89 1.82 1.65 1.38 1.14 1.00 0.98 1.06 1.24 1.52 1.80 2.02 2.12
 19   2.12 2.02 1.80 1.52 1.26 1.10 1.06 1.12 1.28 1.50 1.70 1.81 1.81 1.72 1.57 1.37 1.20 1.11 1.10 1.18 1.34 1.58 1.84 2.00
 20   2.06 2.02 1.90 1.70 1.45 1.25 1.14 1.11 1.18 1.32 1.50 1.64 1.71 1.71 1.64 1.50 1.35 1.24 1.20 1.22 1.30 1.44 1.62 1.80
 21   1.92 1.96 1.92 1.80 1.60 1.39 1.24 1.16 1.16 1.22 1.33 1.46 1.58 1.64 1.65 1.60 1.50 1.39 1.31 1.27 1.28 1.34 1.44 1.59
 22   1.74 1.84 1.86 1.80 1.69 1.55 1.40 1.27 1.19 1.18 1.23 1.33 1.45 1.57 1.65 1.68 1.66 1.60 1.52 1.43 1.37 1.36 1.41 1.51
 23   1.62 1.72 1.78 1.78 1.73 1.64 1.52 1.37 1.25 1.19 1.20 1.27 1.37 1.48 1.59 1.68 1.74 1.76 1.72 1.64 1.53 1.44 1.40 1.41
 24   1.47 1.57 1.67 1.74 1.77 1.75 1.68 1.56 1.42 1.30 1.24 1.24 1.29 1.39 1.54 1.70 1.82 1.88 1.88 1.82 1.71 1.59 1.48 1.42
 25   1.42 1.48 1.58 1.68 1.75 1.78 1.76 1.68 1.54 1.39 1.28 1.22 1.21 1.27 1.40 1.58 1.78 1.93 1.99 1.97 1.88 1.73 1.56 1.43
 26   1.36 1.36 1.42 1.54 1.68 1.78 1.82 1.79 1.68 1.52 1.35 1.22 1.15 1.17 1.28 1.47 1.70 1.91 2.03 2.06 2.02 1.88 1.68 1.48
 27   1.34 1.28 1.30 1.39 1.54 1.70 1.82 1.85 1.80 1.66 1.45 1.24 1.09 1.05 1.11 1.28 1.52 1.78 2.00 2.12 2.14 2.05 1.86 1.62
 28   1.40 1.26 1.22 1.28 1.42 1.60 1.76 1.85 1.84 1.72 1.50 1.26 1.05 0.96 1.00 1.14 1.38 1.66 1.94 2.13 2.20 2.14 1.96 1.68
 29   1.42 1.24 1.14 1.14 1.25 1.46 1.68 1.82 1.85 1.78 1.62 1.38 1.11 0.95 0.90 0.98 1.18 1.48 1.80 2.08 2.20 2.18 2.06 1.82
 30   1.54 1.28 1.14 1.10 1.16 1.34 1.58 1.79 1.90 1.89 1.77 1.54 1.26 1.02 0.90 0.90 1.04 1.32 1.64 1.96 2.17 2.22 2.14 1.94
 31   1.64 1.34 1.14 1.04 1.04 1.16 1.38 1.66 1.86 1.93 1.86 1.68 1.39 1.08 0.89 0.82 0.88 1.08 1.40 1.74 2.06 2.22 2.23 2.08
 ----------------------------------------------------------------------------------------------------------------------------
                                                                                               
 ----------------------------------------------------------------------------------------------------------------------------
 ----------------------------------------------------------------------------------------------------------------------------
