                                                          SURVEY OF INDIA
                                                    MARINE GEODESY WING (G&RB)
                                                     HOURLY HEIGHTS IN METRES
  NAME OF PORT:- KAKINADA                                                                           MONTH JANUARY   YEAR 2022
 ----------------------------------------------------------------------------------------------------------------------------
 DAYS 0000 0001 0002 0003 0004 0005 0006 0007 0008 0009 0010 0011 0012 0013 0014 0015 0016 0017 0018 0019 0020 0021 0022 0023
 ----------------------------------------------------------------------------------------------------------------------------
  1   1.18 1.06 1.10 1.24 1.44 1.69 1.90 1.98 1.90 1.70 1.41 1.10 0.85 0.73 0.79 0.98 1.27 1.63 1.99 2.26 2.30 2.18 1.92 1.57
  2   1.28 1.04 0.94 1.00 1.17 1.43 1.69 1.90 1.98 1.89 1.65 1.30 1.00 0.77 0.65 0.72 0.92 1.26 1.64 2.03 2.29 2.30 2.14 1.85
  3   1.50 1.16 0.93 0.84 0.91 1.14 1.43 1.72 1.93 1.97 1.84 1.56 1.19 0.90 0.70 0.62 0.73 1.03 1.37 1.75 2.14 2.33 2.29 2.07
  4   1.74 1.38 1.07 0.84 0.78 0.90 1.16 1.45 1.73 1.94 1.97 1.80 1.48 1.16 0.89 0.69 0.64 0.80 1.08 1.42 1.80 2.17 2.32 2.23
  5   2.00 1.68 1.33 1.03 0.82 0.81 0.94 1.20 1.48 1.73 1.90 1.90 1.72 1.43 1.12 0.86 0.73 0.76 0.93 1.20 1.52 1.89 2.19 2.24
  6   2.12 1.88 1.56 1.22 0.98 0.83 0.85 1.01 1.26 1.52 1.78 1.89 1.82 1.63 1.35 1.07 0.90 0.84 0.88 1.06 1.32 1.67 1.99 2.18
  7   2.20 2.08 1.80 1.47 1.16 0.96 0.84 0.86 1.04 1.27 1.52 1.73 1.80 1.75 1.61 1.34 1.13 1.01 0.99 1.05 1.20 1.42 1.72 1.95
  8   2.06 2.01 1.86 1.61 1.32 1.08 0.95 0.89 0.96 1.16 1.39 1.60 1.73 1.77 1.72 1.56 1.35 1.18 1.10 1.10 1.16 1.29 1.48 1.68
  9   1.86 1.94 1.92 1.74 1.52 1.29 1.11 1.00 0.98 1.09 1.25 1.40 1.54 1.67 1.73 1.68 1.54 1.41 1.30 1.20 1.17 1.23 1.34 1.50
 10   1.65 1.79 1.86 1.80 1.62 1.42 1.25 1.10 1.00 1.00 1.11 1.24 1.39 1.54 1.64 1.68 1.65 1.57 1.46 1.34 1.26 1.23 1.26 1.34
 11   1.45 1.58 1.68 1.70 1.64 1.52 1.38 1.22 1.10 1.07 1.10 1.18 1.30 1.43 1.60 1.70 1.75 1.74 1.66 1.54 1.42 1.33 1.30 1.31
 12   1.36 1.44 1.54 1.61 1.62 1.58 1.49 1.37 1.22 1.12 1.08 1.10 1.16 1.28 1.45 1.59 1.71 1.78 1.78 1.69 1.57 1.45 1.35 1.28
 13   1.26 1.30 1.40 1.48 1.56 1.61 1.60 1.50 1.38 1.26 1.14 1.08 1.10 1.18 1.34 1.50 1.66 1.82 1.92 1.90 1.79 1.67 1.53 1.40
 14   1.28 1.26 1.32 1.42 1.52 1.62 1.68 1.67 1.56 1.42 1.28 1.14 1.04 1.05 1.16 1.33 1.51 1.72 1.89 1.97 1.95 1.83 1.64 1.42
 15   1.24 1.16 1.17 1.24 1.37 1.52 1.65 1.70 1.65 1.53 1.36 1.14 0.99 0.91 0.97 1.14 1.35 1.62 1.86 2.00 2.02 1.93 1.77 1.54
 16   1.30 1.13 1.03 1.08 1.22 1.40 1.60 1.73 1.75 1.65 1.49 1.28 1.05 0.91 0.88 1.01 1.20 1.45 1.74 1.96 2.07 2.06 1.94 1.68
 17   1.42 1.19 1.07 1.05 1.13 1.30 1.53 1.70 1.80 1.78 1.66 1.44 1.16 0.94 0.84 0.88 1.06 1.31 1.60 1.90 2.09 2.15 2.05 1.85
 18   1.52 1.27 1.06 0.97 1.00 1.17 1.38 1.61 1.79 1.85 1.76 1.53 1.25 0.99 0.80 0.80 0.90 1.12 1.42 1.74 2.04 2.18 2.14 1.97
 19   1.72 1.38 1.11 0.94 0.89 0.98 1.20 1.47 1.70 1.87 1.86 1.65 1.35 1.08 0.85 0.74 0.74 0.93 1.18 1.48 1.82 2.08 2.14 2.03
 20   1.78 1.46 1.17 0.92 0.80 0.85 1.04 1.28 1.55 1.78 1.85 1.74 1.52 1.22 0.97 0.78 0.72 0.82 1.04 1.30 1.63 1.96 2.13 2.10
 21   1.92 1.66 1.33 1.02 0.84 0.80 0.91 1.10 1.35 1.62 1.82 1.80 1.62 1.38 1.14 0.88 0.74 0.76 0.90 1.14 1.42 1.75 2.02 2.08
 22   1.96 1.75 1.45 1.12 0.87 0.76 0.76 0.92 1.15 1.41 1.66 1.76 1.70 1.55 1.32 1.06 0.83 0.77 0.83 1.00 1.22 1.51 1.82 2.00
 23   1.98 1.84 1.60 1.26 0.95 0.80 0.76 0.80 0.96 1.20 1.46 1.70 1.76 1.69 1.52 1.28 1.02 0.89 0.87 0.95 1.12 1.35 1.62 1.87
 24   1.94 1.88 1.72 1.42 1.12 0.89 0.79 0.78 0.88 1.05 1.30 1.52 1.67 1.74 1.66 1.46 1.24 1.04 0.96 0.95 1.04 1.20 1.42 1.65
 25   1.82 1.86 1.77 1.58 1.32 1.05 0.88 0.78 0.79 0.90 1.11 1.30 1.49 1.64 1.72 1.67 1.50 1.30 1.15 1.06 1.05 1.13 1.27 1.47
 26   1.62 1.74 1.78 1.70 1.53 1.30 1.07 0.90 0.82 0.85 0.98 1.17 1.36 1.56 1.72 1.80 1.78 1.65 1.48 1.32 1.21 1.16 1.20 1.30
 27   1.42 1.55 1.66 1.68 1.62 1.47 1.28 1.10 0.95 0.86 0.86 0.93 1.07 1.28 1.49 1.67 1.78 1.79 1.69 1.54 1.37 1.24 1.18 1.16
 28   1.22 1.32 1.48 1.60 1.66 1.66 1.56 1.37 1.16 1.00 0.89 0.84 0.90 1.05 1.26 1.48 1.71 1.87 1.92 1.85 1.69 1.49 1.30 1.15
 29   1.07 1.11 1.22 1.35 1.50 1.61 1.65 1.58 1.41 1.21 1.01 0.83 0.74 0.78 0.96 1.19 1.45 1.74 1.97 2.02 1.91 1.72 1.49 1.23
 30   1.02 0.94 0.97 1.09 1.27 1.48 1.64 1.71 1.64 1.43 1.19 0.93 0.73 0.65 0.71 0.89 1.16 1.47 1.82 2.05 2.08 1.97 1.75 1.45
 31   1.13 0.90 0.80 0.86 1.01 1.25 1.53 1.74 1.81 1.70 1.48 1.19 0.89 0.69 0.62 0.69 0.91 1.22 1.58 1.94 2.15 2.13 1.99 1.69
 ----------------------------------------------------------------------------------------------------------------------------
                                                                                               
 ----------------------------------------------------------------------------------------------------------------------------
 ----------------------------------------------------------------------------------------------------------------------------
                                                          SURVEY OF INDIA
                                                    MARINE GEODESY WING (G&RB)
                                                     HOURLY HEIGHTS IN METRES
  NAME OF PORT:- KAKINADA                                                                           MONTH FEBRUARY  YEAR 2022
 ----------------------------------------------------------------------------------------------------------------------------
 DAYS 0000 0001 0002 0003 0004 0005 0006 0007 0008 0009 0010 0011 0012 0013 0014 0015 0016 0017 0018 0019 0020 0021 0022 0023
 ----------------------------------------------------------------------------------------------------------------------------
  1   1.33 1.01 0.78 0.70 0.79 1.01 1.29 1.57 1.78 1.83 1.69 1.40 1.07 0.79 0.59 0.53 0.65 0.91 1.26 1.63 2.00 2.19 2.13 1.90
  2   1.55 1.19 0.87 0.69 0.64 0.77 1.05 1.35 1.65 1.84 1.85 1.63 1.30 0.98 0.69 0.46 0.44 0.64 0.97 1.33 1.71 2.05 2.15 2.02
  3   1.75 1.37 1.01 0.73 0.59 0.60 0.79 1.07 1.39 1.67 1.82 1.75 1.53 1.24 0.92 0.69 0.58 0.59 0.81 1.12 1.45 1.81 2.07 2.05
  4   1.87 1.57 1.22 0.88 0.65 0.57 0.69 0.90 1.19 1.48 1.75 1.80 1.69 1.45 1.16 0.86 0.68 0.63 0.74 0.95 1.24 1.58 1.90 2.02
  5   1.94 1.73 1.42 1.04 0.77 0.62 0.60 0.74 0.97 1.26 1.53 1.73 1.72 1.57 1.34 1.06 0.85 0.71 0.72 0.85 1.07 1.34 1.63 1.84
  6   1.87 1.77 1.55 1.23 0.95 0.73 0.66 0.72 0.91 1.15 1.42 1.63 1.73 1.67 1.52 1.28 1.04 0.87 0.83 0.88 1.01 1.21 1.45 1.65
  7   1.73 1.70 1.56 1.34 1.06 0.87 0.75 0.73 0.86 1.05 1.26 1.47 1.62 1.66 1.58 1.43 1.24 1.04 0.94 0.90 0.95 1.09 1.28 1.46
  8   1.59 1.63 1.58 1.44 1.23 1.03 0.91 0.85 0.88 0.98 1.15 1.33 1.49 1.58 1.60 1.55 1.43 1.27 1.15 1.07 1.05 1.09 1.19 1.33
  9   1.45 1.52 1.53 1.47 1.32 1.18 1.04 0.95 0.92 0.95 1.03 1.15 1.29 1.40 1.48 1.50 1.48 1.41 1.31 1.21 1.15 1.13 1.17 1.24
 10   1.31 1.37 1.42 1.42 1.37 1.28 1.17 1.06 0.99 0.95 0.96 1.03 1.12 1.23 1.34 1.44 1.49 1.49 1.46 1.39 1.27 1.13 1.06 1.05
 11   1.08 1.13 1.19 1.25 1.30 1.31 1.27 1.18 1.08 1.01 0.96 0.95 0.99 1.06 1.17 1.29 1.39 1.48 1.52 1.50 1.41 1.30 1.20 1.13
 12   1.07 1.06 1.10 1.17 1.23 1.29 1.32 1.31 1.25 1.13 1.00 0.90 0.87 0.90 1.00 1.14 1.29 1.46 1.58 1.61 1.58 1.48 1.35 1.20
 13   1.07 0.98 1.00 1.10 1.21 1.31 1.41 1.47 1.45 1.33 1.17 1.04 0.91 0.85 0.89 1.03 1.21 1.43 1.63 1.75 1.76 1.67 1.53 1.33
 14   1.12 0.99 0.93 0.97 1.08 1.23 1.39 1.52 1.53 1.43 1.28 1.09 0.90 0.77 0.77 0.90 1.09 1.32 1.57 1.78 1.87 1.80 1.64 1.40
 15   1.14 0.93 0.82 0.84 0.98 1.16 1.36 1.56 1.65 1.59 1.41 1.19 0.95 0.75 0.67 0.75 0.93 1.19 1.45 1.74 1.92 1.91 1.78 1.55
 16   1.24 0.98 0.80 0.75 0.84 1.04 1.27 1.51 1.69 1.70 1.55 1.32 1.05 0.79 0.67 0.69 0.85 1.09 1.39 1.73 1.97 2.01 1.89 1.65
 17   1.33 1.00 0.77 0.67 0.71 0.89 1.17 1.45 1.71 1.80 1.72 1.50 1.22 0.87 0.69 0.63 0.72 0.93 1.23 1.57 1.89 2.03 1.98 1.80
 18   1.50 1.15 0.88 0.71 0.69 0.80 1.07 1.37 1.67 1.88 1.88 1.73 1.47 1.15 0.85 0.67 0.62 0.76 1.02 1.33 1.67 1.97 2.07 1.96
 19   1.69 1.35 1.02 0.73 0.59 0.62 0.82 1.11 1.43 1.71 1.89 1.84 1.62 1.34 1.02 0.76 0.64 0.67 0.88 1.17 1.48 1.83 2.03 2.01
 20   1.83 1.53 1.19 0.86 0.67 0.60 0.71 0.95 1.27 1.60 1.86 1.92 1.80 1.57 1.23 0.95 0.75 0.69 0.77 0.99 1.27 1.59 1.88 1.99
 21   1.87 1.63 1.32 0.99 0.71 0.58 0.59 0.77 1.02 1.33 1.63 1.84 1.85 1.68 1.43 1.15 0.89 0.73 0.72 0.80 1.03 1.37 1.65 1.84
 22   1.85 1.69 1.42 1.13 0.83 0.63 0.55 0.61 0.81 1.09 1.36 1.67 1.82 1.79 1.62 1.39 1.15 0.93 0.82 0.85 0.99 1.21 1.45 1.67
 23   1.79 1.77 1.63 1.35 1.08 0.84 0.69 0.65 0.74 0.94 1.19 1.44 1.67 1.79 1.75 1.60 1.39 1.17 1.00 0.93 0.96 1.11 1.32 1.47
 24   1.57 1.61 1.59 1.47 1.26 1.03 0.88 0.79 0.77 0.85 1.02 1.21 1.41 1.58 1.67 1.65 1.55 1.39 1.20 1.05 0.96 0.95 1.00 1.12
 25   1.26 1.39 1.48 1.50 1.41 1.24 1.08 0.94 0.84 0.79 0.83 0.96 1.14 1.31 1.47 1.59 1.65 1.61 1.51 1.36 1.21 1.11 1.05 1.05
 26   1.10 1.19 1.29 1.37 1.42 1.40 1.30 1.16 1.00 0.84 0.77 0.75 0.81 0.96 1.14 1.35 1.56 1.66 1.68 1.61 1.46 1.28 1.11 0.98
 27   0.92 0.93 1.04 1.19 1.33 1.42 1.47 1.44 1.30 1.12 0.94 0.81 0.73 0.78 0.94 1.15 1.39 1.63 1.79 1.84 1.75 1.55 1.29 1.05
 28   0.87 0.78 0.81 0.94 1.14 1.34 1.52 1.62 1.58 1.40 1.15 0.90 0.72 0.65 0.70 0.88 1.13 1.43 1.76 1.96 1.96 1.83 1.58 1.26
 ----------------------------------------------------------------------------------------------------------------------------
                                                                                               
 ----------------------------------------------------------------------------------------------------------------------------
 ----------------------------------------------------------------------------------------------------------------------------
                                                          SURVEY OF INDIA
                                                    MARINE GEODESY WING (G&RB)
                                                     HOURLY HEIGHTS IN METRES
  NAME OF PORT:- KAKINADA                                                                           MONTH MARCH     YEAR 2022
 ----------------------------------------------------------------------------------------------------------------------------
 DAYS 0000 0001 0002 0003 0004 0005 0006 0007 0008 0009 0010 0011 0012 0013 0014 0015 0016 0017 0018 0019 0020 0021 0022 0023
 ----------------------------------------------------------------------------------------------------------------------------
  1   0.96 0.73 0.66 0.74 0.91 1.17 1.44 1.68 1.78 1.66 1.41 1.12 0.86 0.65 0.57 0.66 0.90 1.19 1.54 1.88 2.03 1.99 1.82 1.52
  2   1.17 0.84 0.64 0.61 0.74 0.98 1.28 1.58 1.82 1.84 1.69 1.44 1.12 0.81 0.62 0.61 0.79 1.08 1.42 1.82 2.14 2.19 2.06 1.82
  3   1.44 1.08 0.78 0.65 0.67 0.88 1.19 1.53 1.87 2.08 2.10 1.82 1.44 1.09 0.80 0.66 0.70 0.94 1.24 1.60 1.98 2.18 2.18 2.00
  4   1.68 1.28 0.95 0.71 0.64 0.76 1.02 1.35 1.70 2.00 2.07 1.90 1.61 1.26 0.95 0.72 0.65 0.75 0.99 1.32 1.68 2.00 2.10 1.97
  5   1.70 1.38 1.00 0.70 0.56 0.60 0.79 1.09 1.44 1.78 1.94 1.92 1.73 1.44 1.10 0.80 0.66 0.65 0.81 1.07 1.39 1.73 1.95 1.94
  6   1.76 1.48 1.12 0.82 0.59 0.55 0.68 0.91 1.21 1.55 1.80 1.88 1.77 1.56 1.24 0.94 0.74 0.65 0.70 0.88 1.15 1.44 1.68 1.78
  7   1.72 1.51 1.16 0.88 0.66 0.55 0.59 0.76 1.02 1.31 1.58 1.73 1.72 1.58 1.35 1.08 0.86 0.74 0.72 0.82 1.00 1.24 1.48 1.64
  8   1.64 1.50 1.28 1.00 0.76 0.61 0.59 0.69 0.88 1.12 1.36 1.58 1.64 1.56 1.39 1.19 0.98 0.80 0.76 0.81 0.92 1.08 1.28 1.45
  9   1.51 1.45 1.31 1.10 0.88 0.72 0.66 0.71 0.82 1.00 1.22 1.42 1.52 1.52 1.46 1.34 1.16 1.01 0.91 0.88 0.93 1.05 1.17 1.30
 10   1.38 1.38 1.32 1.20 1.02 0.88 0.81 0.79 0.83 0.93 1.07 1.24 1.38 1.46 1.47 1.41 1.29 1.16 1.06 1.01 1.01 1.06 1.14 1.21
 11   1.27 1.29 1.26 1.19 1.09 1.01 0.94 0.90 0.90 0.94 1.02 1.12 1.22 1.30 1.37 1.40 1.39 1.34 1.28 1.21 1.15 1.11 1.11 1.13
 12   1.16 1.19 1.22 1.24 1.22 1.17 1.11 1.06 1.01 0.97 0.95 0.98 1.06 1.15 1.24 1.32 1.39 1.43 1.43 1.39 1.31 1.21 1.12 1.05
 13   1.02 1.03 1.07 1.13 1.18 1.22 1.23 1.21 1.16 1.09 1.02 0.96 0.96 1.01 1.10 1.20 1.32 1.43 1.50 1.53 1.48 1.37 1.23 1.12
 14   1.04 1.00 1.02 1.10 1.21 1.31 1.40 1.42 1.35 1.24 1.11 0.97 0.88 0.88 0.96 1.09 1.25 1.44 1.60 1.67 1.66 1.54 1.38 1.18
 15   0.98 0.85 0.86 0.95 1.09 1.25 1.40 1.51 1.50 1.37 1.19 1.00 0.86 0.77 0.79 0.93 1.12 1.37 1.60 1.78 1.79 1.68 1.50 1.26
 16   1.00 0.76 0.71 0.78 0.94 1.13 1.36 1.54 1.62 1.54 1.32 1.08 0.85 0.68 0.65 0.75 0.96 1.21 1.48 1.75 1.86 1.78 1.57 1.31
 17   1.00 0.70 0.58 0.60 0.76 1.00 1.28 1.54 1.70 1.68 1.48 1.18 0.92 0.65 0.56 0.60 0.77 1.00 1.31 1.63 1.85 1.84 1.66 1.41
 18   1.05 0.70 0.50 0.45 0.56 0.80 1.13 1.44 1.72 1.81 1.68 1.41 1.09 0.77 0.55 0.47 0.58 0.82 1.14 1.48 1.81 1.95 1.84 1.58
 19   1.22 0.83 0.55 0.38 0.42 0.62 0.94 1.30 1.64 1.86 1.84 1.61 1.32 0.98 0.68 0.50 0.51 0.68 0.96 1.29 1.65 1.92 1.92 1.74
 20   1.40 1.00 0.66 0.42 0.37 0.52 0.78 1.13 1.48 1.83 1.93 1.81 1.55 1.20 0.86 0.61 0.50 0.58 0.78 1.09 1.44 1.76 1.91 1.80
 21   1.54 1.18 0.81 0.52 0.35 0.36 0.57 0.88 1.25 1.61 1.89 1.92 1.75 1.46 1.12 0.84 0.61 0.57 0.71 0.94 1.22 1.56 1.81 1.86
 22   1.68 1.32 1.02 0.72 0.51 0.41 0.48 0.74 1.08 1.44 1.74 1.90 1.84 1.62 1.32 1.03 0.78 0.66 0.67 0.84 1.08 1.39 1.64 1.78
 23   1.72 1.51 1.22 0.90 0.64 0.52 0.51 0.67 0.92 1.23 1.53 1.77 1.86 1.77 1.57 1.31 1.05 0.85 0.76 0.79 0.96 1.18 1.42 1.61
 24   1.68 1.60 1.41 1.18 0.92 0.74 0.64 0.67 0.83 1.03 1.27 1.54 1.70 1.76 1.71 1.56 1.33 1.13 0.98 0.92 0.94 1.06 1.22 1.38
 25   1.50 1.55 1.52 1.38 1.19 1.00 0.87 0.80 0.81 0.92 1.08 1.26 1.47 1.60 1.67 1.64 1.54 1.35 1.19 1.07 0.99 0.97 1.02 1.12
 26   1.24 1.34 1.41 1.42 1.36 1.24 1.10 0.98 0.90 0.88 0.91 0.99 1.14 1.30 1.46 1.56 1.59 1.54 1.44 1.31 1.18 1.06 0.98 0.96
 27   1.01 1.09 1.20 1.29 1.37 1.39 1.33 1.22 1.07 0.93 0.84 0.83 0.91 1.03 1.19 1.39 1.56 1.65 1.65 1.57 1.39 1.22 1.06 0.90
 28   0.83 0.84 0.93 1.11 1.28 1.41 1.47 1.45 1.33 1.15 0.97 0.85 0.79 0.82 0.96 1.17 1.41 1.65 1.79 1.81 1.68 1.47 1.23 1.01
 29   0.82 0.70 0.77 0.94 1.16 1.38 1.58 1.67 1.61 1.41 1.19 0.97 0.79 0.71 0.79 0.97 1.21 1.49 1.78 1.93 1.91 1.72 1.47 1.19
 30   0.89 0.70 0.65 0.78 1.02 1.30 1.58 1.82 1.85 1.70 1.46 1.18 0.90 0.72 0.68 0.79 1.01 1.32 1.67 1.93 2.02 1.91 1.69 1.36
 31   1.03 0.75 0.60 0.63 0.83 1.11 1.41 1.71 1.87 1.83 1.61 1.34 1.02 0.73 0.60 0.61 0.78 1.06 1.39 1.74 1.98 1.97 1.79 1.48
 ----------------------------------------------------------------------------------------------------------------------------
                                                                                               
 ----------------------------------------------------------------------------------------------------------------------------
                                                          SURVEY OF INDIA
                                                    MARINE GEODESY WING (G&RB)
                                                     HOURLY HEIGHTS IN METRES
  NAME OF PORT:- KAKINADA                                                                           MONTH APRIL     YEAR 2022
 ----------------------------------------------------------------------------------------------------------------------------
 DAYS 0000 0001 0002 0003 0004 0005 0006 0007 0008 0009 0010 0011 0012 0013 0014 0015 0016 0017 0018 0019 0020 0021 0022 0023
 ----------------------------------------------------------------------------------------------------------------------------
  1   1.15 0.78 0.57 0.52 0.62 0.88 1.21 1.55 1.86 1.96 1.88 1.57 1.24 0.91 0.69 0.60 0.66 0.89 1.19 1.52 1.83 1.96 1.85 1.60
  2   1.29 0.92 0.62 0.47 0.51 0.72 1.01 1.37 1.71 1.93 1.91 1.72 1.43 1.10 0.80 0.63 0.63 0.77 1.03 1.34 1.65 1.87 1.87 1.69
  3   1.39 1.03 0.73 0.55 0.51 0.64 0.88 1.22 1.57 1.87 1.94 1.81 1.57 1.26 0.94 0.71 0.62 0.67 0.89 1.16 1.47 1.74 1.84 1.73
  4   1.49 1.15 0.83 0.60 0.49 0.58 0.79 1.08 1.39 1.73 1.89 1.86 1.67 1.41 1.09 0.83 0.69 0.70 0.82 1.03 1.33 1.58 1.73 1.70
  5   1.53 1.24 0.97 0.72 0.60 0.59 0.73 0.97 1.27 1.57 1.83 1.87 1.77 1.58 1.31 1.05 0.86 0.79 0.84 0.99 1.19 1.42 1.61 1.68
  6   1.59 1.39 1.13 0.90 0.73 0.68 0.74 0.91 1.15 1.41 1.67 1.80 1.80 1.69 1.48 1.26 1.06 0.93 0.91 0.98 1.12 1.29 1.47 1.60
  7   1.61 1.48 1.29 1.07 0.91 0.79 0.78 0.87 1.04 1.24 1.48 1.65 1.74 1.71 1.59 1.41 1.23 1.09 1.02 1.01 1.07 1.19 1.34 1.49
  8   1.53 1.49 1.37 1.23 1.07 0.94 0.87 0.91 1.03 1.18 1.36 1.53 1.64 1.68 1.63 1.51 1.39 1.28 1.18 1.11 1.11 1.17 1.26 1.35
  9   1.43 1.44 1.39 1.30 1.20 1.10 1.04 1.03 1.07 1.15 1.27 1.40 1.51 1.58 1.61 1.59 1.51 1.42 1.32 1.24 1.19 1.18 1.21 1.26
 10   1.30 1.34 1.37 1.37 1.33 1.27 1.20 1.14 1.10 1.11 1.17 1.25 1.34 1.44 1.52 1.58 1.59 1.56 1.49 1.41 1.34 1.27 1.20 1.15
 11   1.14 1.18 1.27 1.35 1.41 1.43 1.39 1.31 1.23 1.16 1.12 1.13 1.17 1.25 1.35 1.45 1.55 1.61 1.61 1.55 1.43 1.31 1.18 1.08
 12   1.02 1.03 1.11 1.21 1.32 1.41 1.47 1.47 1.38 1.26 1.16 1.08 1.07 1.15 1.27 1.42 1.56 1.68 1.77 1.75 1.63 1.46 1.26 1.05
 13   0.93 0.91 0.99 1.15 1.31 1.49 1.64 1.69 1.61 1.43 1.25 1.09 0.99 0.96 1.06 1.22 1.40 1.61 1.80 1.86 1.78 1.61 1.35 1.10
 14   0.92 0.80 0.83 0.98 1.19 1.44 1.66 1.81 1.79 1.59 1.33 1.10 0.88 0.78 0.81 0.98 1.19 1.46 1.71 1.88 1.86 1.71 1.45 1.13
 15   0.85 0.67 0.62 0.74 0.98 1.27 1.58 1.86 1.93 1.79 1.54 1.25 0.97 0.77 0.73 0.84 1.03 1.29 1.61 1.89 1.98 1.85 1.61 1.26
 16   0.93 0.66 0.51 0.55 0.77 1.07 1.43 1.78 2.00 1.97 1.77 1.47 1.15 0.86 0.70 0.69 0.85 1.10 1.43 1.77 2.00 1.97 1.77 1.47
 17   1.00 0.69 0.48 0.46 0.61 0.86 1.23 1.64 2.01 2.13 1.99 1.70 1.39 1.02 0.76 0.63 0.68 0.90 1.19 1.53 1.86 2.00 1.89 1.63
 18   1.24 0.84 0.57 0.42 0.47 0.67 1.01 1.41 1.81 2.13 2.13 1.92 1.62 1.25 0.90 0.69 0.62 0.73 0.97 1.30 1.66 1.93 2.00 1.79
 19   1.47 1.07 0.74 0.50 0.42 0.51 0.79 1.15 1.55 1.93 2.13 2.06 1.82 1.51 1.15 0.85 0.68 0.64 0.82 1.08 1.40 1.70 1.88 1.88
 20   1.61 1.29 0.95 0.66 0.52 0.49 0.65 0.93 1.29 1.67 1.98 2.11 2.00 1.75 1.45 1.14 0.88 0.76 0.75 0.89 1.17 1.47 1.69 1.79
 21   1.75 1.52 1.21 0.94 0.72 0.63 0.64 0.81 1.09 1.41 1.73 1.95 2.01 1.91 1.70 1.42 1.14 0.94 0.85 0.85 0.99 1.20 1.44 1.61
 22   1.68 1.63 1.45 1.25 1.01 0.81 0.73 0.78 0.95 1.16 1.41 1.63 1.81 1.88 1.81 1.61 1.37 1.17 1.02 0.93 0.92 1.01 1.20 1.36
 23   1.49 1.55 1.51 1.38 1.22 1.07 0.96 0.90 0.90 1.00 1.17 1.39 1.59 1.72 1.78 1.75 1.63 1.47 1.27 1.13 1.03 1.01 1.05 1.16
 24   1.28 1.39 1.48 1.51 1.46 1.33 1.20 1.09 1.00 0.96 1.00 1.11 1.31 1.49 1.62 1.71 1.75 1.71 1.57 1.39 1.24 1.12 1.04 1.03
 25   1.09 1.18 1.31 1.43 1.51 1.53 1.47 1.36 1.25 1.15 1.08 1.08 1.19 1.34 1.51 1.68 1.80 1.86 1.83 1.67 1.45 1.27 1.10 1.00
 26   0.95 0.99 1.12 1.29 1.47 1.60 1.66 1.63 1.52 1.36 1.20 1.08 1.07 1.15 1.28 1.46 1.66 1.84 1.88 1.81 1.65 1.43 1.20 1.01
 27   0.85 0.84 0.97 1.16 1.40 1.62 1.79 1.84 1.73 1.55 1.34 1.12 0.96 0.95 1.07 1.26 1.48 1.72 1.91 1.95 1.84 1.63 1.35 1.08
 28   0.85 0.77 0.84 1.00 1.24 1.50 1.77 1.92 1.88 1.71 1.46 1.22 1.00 0.88 0.87 1.00 1.22 1.50 1.76 1.91 1.92 1.77 1.52 1.20
 29   0.94 0.74 0.70 0.83 1.06 1.35 1.65 1.91 1.99 1.90 1.67 1.38 1.12 0.89 0.81 0.87 1.06 1.30 1.57 1.84 1.95 1.88 1.65 1.36
 30   1.04 0.76 0.65 0.69 0.88 1.16 1.46 1.81 2.02 2.02 1.85 1.59 1.26 1.01 0.82 0.77 0.89 1.12 1.39 1.68 1.91 1.93 1.78 1.49
 ----------------------------------------------------------------------------------------------------------------------------
                                                                                               
 ----------------------------------------------------------------------------------------------------------------------------
 ----------------------------------------------------------------------------------------------------------------------------
                                                          SURVEY OF INDIA
                                                    MARINE GEODESY WING (G&RB)
                                                     HOURLY HEIGHTS IN METRES
  NAME OF PORT:- KAKINADA                                                                           MONTH MAY       YEAR 2022
 ----------------------------------------------------------------------------------------------------------------------------
 DAYS 0000 0001 0002 0003 0004 0005 0006 0007 0008 0009 0010 0011 0012 0013 0014 0015 0016 0017 0018 0019 0020 0021 0022 0023
 ----------------------------------------------------------------------------------------------------------------------------
  1   1.20 0.86 0.69 0.64 0.76 1.00 1.32 1.67 1.95 2.05 1.97 1.76 1.44 1.13 0.90 0.80 0.82 1.00 1.27 1.53 1.80 1.91 1.84 1.59
  2   1.28 0.94 0.72 0.61 0.65 0.89 1.18 1.53 1.87 2.06 2.03 1.88 1.63 1.33 1.04 0.86 0.82 0.93 1.15 1.40 1.66 1.82 1.84 1.67
  3   1.40 1.08 0.81 0.67 0.64 0.79 1.08 1.40 1.74 1.98 2.09 2.00 1.78 1.53 1.24 1.02 0.87 0.87 1.02 1.25 1.47 1.69 1.79 1.74
  4   1.48 1.18 0.93 0.76 0.70 0.78 1.01 1.26 1.54 1.80 2.00 2.02 1.86 1.62 1.37 1.12 0.94 0.87 0.94 1.12 1.34 1.56 1.70 1.72
  5   1.58 1.31 1.08 0.90 0.80 0.77 0.88 1.12 1.36 1.62 1.86 1.96 1.90 1.73 1.52 1.27 1.08 1.00 1.02 1.12 1.28 1.46 1.58 1.64
  6   1.60 1.44 1.24 1.06 0.90 0.83 0.86 1.00 1.23 1.48 1.70 1.86 1.90 1.82 1.67 1.45 1.26 1.12 1.05 1.08 1.19 1.33 1.50 1.60
  7   1.60 1.52 1.36 1.18 1.04 0.95 0.94 1.03 1.18 1.38 1.63 1.81 1.91 1.90 1.78 1.61 1.44 1.28 1.18 1.14 1.17 1.27 1.44 1.56
  8   1.62 1.59 1.50 1.37 1.24 1.15 1.10 1.10 1.19 1.34 1.51 1.67 1.79 1.86 1.86 1.78 1.65 1.50 1.38 1.30 1.26 1.29 1.37 1.47
  9   1.55 1.60 1.60 1.55 1.48 1.40 1.32 1.27 1.29 1.38 1.50 1.62 1.74 1.86 1.96 2.00 1.98 1.90 1.79 1.69 1.61 1.56 1.55 1.57
 10   1.62 1.70 1.80 1.88 1.92 1.91 1.84 1.72 1.64 1.60 1.60 1.66 1.76 1.88 2.00 2.10 2.14 2.09 1.99 1.86 1.73 1.61 1.51 1.44
 11   1.44 1.53 1.67 1.81 1.93 1.98 1.96 1.88 1.74 1.56 1.47 1.44 1.48 1.58 1.71 1.87 2.02 2.08 2.03 1.92 1.74 1.54 1.36 1.22
 12   1.16 1.20 1.36 1.57 1.76 1.91 1.98 1.96 1.84 1.64 1.44 1.30 1.24 1.28 1.42 1.63 1.82 1.96 2.02 1.98 1.81 1.60 1.35 1.16
 13   1.02 1.00 1.14 1.36 1.62 1.86 2.06 2.12 2.05 1.84 1.58 1.37 1.25 1.20 1.29 1.48 1.73 1.98 2.13 2.13 1.98 1.74 1.44 1.16
 14   0.96 0.89 0.95 1.15 1.46 1.79 2.11 2.26 2.24 2.05 1.78 1.49 1.25 1.11 1.09 1.24 1.46 1.74 1.99 2.11 2.07 1.88 1.56 1.24
 15   0.94 0.78 0.74 0.92 1.19 1.54 1.91 2.22 2.31 2.21 1.91 1.61 1.28 1.04 0.92 0.94 1.14 1.40 1.72 2.00 2.07 1.94 1.68 1.34
 16   1.00 0.71 0.59 0.64 0.85 1.19 1.57 1.98 2.25 2.26 2.08 1.81 1.47 1.14 0.92 0.86 0.93 1.18 1.47 1.80 2.02 2.07 1.92 1.61
 17   1.24 0.91 0.66 0.60 0.71 0.95 1.31 1.72 2.14 2.35 2.31 2.06 1.73 1.36 1.07 0.90 0.85 0.98 1.26 1.59 1.90 2.05 2.01 1.80
 18   1.50 1.14 0.88 0.70 0.68 0.84 1.17 1.54 1.94 2.24 2.35 2.23 2.00 1.66 1.31 1.05 0.90 0.91 1.08 1.35 1.65 1.91 2.01 1.96
 19   1.76 1.44 1.12 0.88 0.76 0.76 0.94 1.22 1.57 1.95 2.22 2.29 2.18 1.93 1.60 1.30 1.09 0.96 0.97 1.14 1.40 1.66 1.86 1.94
 20   1.88 1.68 1.37 1.12 0.94 0.84 0.88 1.08 1.33 1.67 1.97 2.18 2.22 2.10 1.88 1.60 1.33 1.14 1.02 1.04 1.20 1.43 1.63 1.79
 21   1.84 1.79 1.61 1.38 1.17 1.02 0.95 1.00 1.18 1.44 1.70 1.94 2.10 2.15 2.06 1.88 1.60 1.36 1.18 1.10 1.09 1.20 1.38 1.56
 22   1.72 1.78 1.75 1.62 1.46 1.29 1.14 1.07 1.09 1.20 1.38 1.59 1.82 2.00 2.06 2.01 1.87 1.69 1.50 1.33 1.21 1.18 1.24 1.38
 23   1.53 1.67 1.76 1.80 1.75 1.62 1.48 1.36 1.26 1.25 1.32 1.50 1.68 1.86 2.00 2.05 2.00 1.88 1.72 1.54 1.35 1.23 1.19 1.23
 24   1.36 1.49 1.63 1.77 1.84 1.81 1.71 1.57 1.46 1.38 1.34 1.37 1.50 1.67 1.82 1.93 2.00 2.00 1.89 1.67 1.47 1.30 1.16 1.08
 25   1.09 1.21 1.36 1.54 1.70 1.82 1.85 1.76 1.60 1.44 1.29 1.19 1.20 1.33 1.49 1.67 1.82 1.90 1.88 1.75 1.58 1.37 1.18 1.04
 26   0.98 1.02 1.18 1.41 1.65 1.84 1.95 1.94 1.79 1.57 1.38 1.24 1.16 1.16 1.28 1.44 1.62 1.77 1.87 1.86 1.70 1.46 1.26 1.09
 27   0.96 0.94 1.02 1.22 1.44 1.70 1.92 1.99 1.91 1.74 1.50 1.29 1.11 1.02 1.06 1.20 1.39 1.59 1.77 1.85 1.78 1.61 1.37 1.14
 28   0.95 0.84 0.88 1.06 1.31 1.55 1.82 1.98 2.00 1.88 1.65 1.41 1.21 1.06 1.04 1.12 1.30 1.54 1.77 1.86 1.84 1.71 1.48 1.20
 29   0.99 0.85 0.82 0.92 1.14 1.39 1.68 1.95 2.04 1.99 1.82 1.58 1.33 1.14 1.02 1.02 1.15 1.35 1.57 1.76 1.86 1.79 1.59 1.34
 30   1.06 0.84 0.74 0.82 1.02 1.25 1.56 1.88 2.10 2.12 1.97 1.74 1.47 1.22 1.00 0.94 1.00 1.19 1.42 1.63 1.77 1.80 1.70 1.50
 31   1.20 0.96 0.82 0.80 0.92 1.13 1.40 1.73 2.00 2.10 2.04 1.88 1.63 1.36 1.14 1.02 1.01 1.14 1.37 1.59 1.78 1.88 1.84 1.65
 ----------------------------------------------------------------------------------------------------------------------------
                                                                                                
 ----------------------------------------------------------------------------------------------------------------------------
                                                          SURVEY OF INDIA
                                                    MARINE GEODESY WING (G&RB)
                                                     HOURLY HEIGHTS IN METRES
  NAME OF PORT:- KAKINADA                                                                           MONTH JUNE      YEAR 2022
 ----------------------------------------------------------------------------------------------------------------------------
 DAYS 0000 0001 0002 0003 0004 0005 0006 0007 0008 0009 0010 0011 0012 0013 0014 0015 0016 0017 0018 0019 0020 0021 0022 0023
 ----------------------------------------------------------------------------------------------------------------------------
  1   1.42 1.12 0.91 0.83 0.88 1.04 1.27 1.55 1.87 2.08 2.12 2.02 1.81 1.56 1.31 1.13 1.05 1.10 1.25 1.48 1.68 1.82 1.82 1.72
  2   1.50 1.22 1.00 0.88 0.87 1.00 1.21 1.48 1.80 2.06 2.16 2.13 2.00 1.75 1.45 1.24 1.12 1.09 1.20 1.37 1.60 1.80 1.88 1.83
  3   1.68 1.43 1.16 0.98 0.92 0.97 1.11 1.33 1.61 1.89 2.07 2.10 2.02 1.85 1.58 1.36 1.18 1.09 1.11 1.24 1.42 1.61 1.75 1.81
  4   1.74 1.51 1.30 1.11 0.98 0.96 1.05 1.24 1.48 1.74 1.96 2.07 2.05 1.93 1.74 1.48 1.30 1.18 1.14 1.20 1.34 1.50 1.62 1.72
  5   1.73 1.60 1.42 1.22 1.05 0.95 0.97 1.12 1.32 1.54 1.77 1.94 2.02 2.00 1.85 1.66 1.45 1.28 1.18 1.18 1.26 1.40 1.52 1.64
  6   1.71 1.72 1.62 1.44 1.27 1.15 1.07 1.07 1.14 1.30 1.46 1.64 1.82 1.91 1.89 1.79 1.62 1.38 1.21 1.13 1.12 1.19 1.31 1.44
  7   1.59 1.67 1.69 1.63 1.52 1.39 1.28 1.20 1.17 1.25 1.47 1.67 1.84 1.94 1.95 1.87 1.72 1.56 1.38 1.25 1.17 1.16 1.24 1.36
  8   1.48 1.62 1.71 1.73 1.67 1.56 1.42 1.32 1.25 1.22 1.28 1.43 1.59 1.76 1.86 1.91 1.87 1.72 1.52 1.35 1.20 1.13 1.12 1.18
  9   1.29 1.45 1.61 1.75 1.81 1.78 1.67 1.54 1.40 1.31 1.26 1.31 1.43 1.57 1.74 1.86 1.91 1.87 1.74 1.54 1.34 1.14 1.03 1.02
 10   1.10 1.24 1.44 1.66 1.84 1.94 1.94 1.79 1.58 1.38 1.22 1.18 1.23 1.36 1.52 1.70 1.86 1.92 1.86 1.69 1.46 1.23 1.06 0.93
 11   0.91 1.05 1.26 1.51 1.78 1.98 2.07 2.00 1.84 1.59 1.38 1.23 1.16 1.18 1.33 1.54 1.75 1.90 1.95 1.88 1.68 1.38 1.09 0.91
 12   0.80 0.82 0.96 1.26 1.59 1.91 2.14 2.17 2.06 1.83 1.52 1.26 1.08 1.00 1.06 1.25 1.50 1.78 1.94 1.98 1.87 1.61 1.29 1.00
 13   0.78 0.64 0.71 0.94 1.25 1.62 1.97 2.19 2.17 1.99 1.71 1.40 1.14 0.93 0.89 1.03 1.26 1.54 1.81 2.00 1.98 1.80 1.52 1.16
 14   0.88 0.64 0.59 0.74 1.04 1.38 1.76 2.12 2.27 2.19 1.98 1.69 1.36 1.08 0.90 0.88 1.03 1.26 1.56 1.86 2.02 1.94 1.73 1.44
 15   1.10 0.78 0.62 0.59 0.78 1.11 1.46 1.89 2.24 2.31 2.20 1.96 1.65 1.32 1.04 0.82 0.80 1.00 1.29 1.56 1.86 2.04 1.98 1.73
 16   1.44 1.08 0.79 0.62 0.63 0.84 1.14 1.49 1.90 2.24 2.33 2.22 1.96 1.61 1.26 1.01 0.85 0.84 1.00 1.31 1.60 1.87 1.98 1.91
 17   1.69 1.39 1.06 0.81 0.68 0.74 0.94 1.23 1.57 1.96 2.23 2.26 2.14 1.88 1.54 1.24 0.97 0.83 0.86 1.04 1.31 1.58 1.80 1.88
 18   1.81 1.57 1.26 1.01 0.83 0.74 0.78 1.00 1.30 1.63 1.95 2.15 2.18 2.02 1.76 1.46 1.16 0.94 0.83 0.89 1.05 1.29 1.53 1.74
 19   1.81 1.72 1.53 1.29 1.06 0.91 0.84 0.90 1.10 1.38 1.67 1.94 2.11 2.12 1.98 1.72 1.45 1.18 0.96 0.86 0.91 1.06 1.30 1.50
 20   1.68 1.77 1.75 1.58 1.38 1.20 1.07 1.01 1.06 1.21 1.43 1.66 1.92 2.05 2.02 1.88 1.65 1.40 1.16 1.00 0.93 0.97 1.11 1.30
 21   1.50 1.68 1.76 1.74 1.60 1.42 1.26 1.13 1.06 1.10 1.22 1.45 1.67 1.84 1.92 1.91 1.77 1.54 1.32 1.12 0.97 0.94 1.01 1.15
 22   1.34 1.51 1.66 1.74 1.73 1.61 1.48 1.35 1.23 1.14 1.13 1.26 1.44 1.60 1.72 1.80 1.78 1.66 1.48 1.28 1.11 1.01 0.97 1.04
 23   1.16 1.33 1.49 1.65 1.76 1.76 1.68 1.54 1.40 1.25 1.15 1.14 1.21 1.34 1.48 1.63 1.72 1.75 1.67 1.48 1.28 1.14 1.03 0.98
 24   1.03 1.14 1.32 1.52 1.72 1.83 1.85 1.76 1.63 1.46 1.30 1.18 1.16 1.21 1.31 1.44 1.58 1.69 1.72 1.64 1.46 1.26 1.10 1.00
 25   0.96 1.02 1.16 1.35 1.55 1.75 1.88 1.91 1.80 1.58 1.38 1.21 1.11 1.07 1.12 1.27 1.46 1.61 1.72 1.73 1.62 1.42 1.22 1.06
 26   0.94 0.92 1.03 1.23 1.43 1.66 1.86 1.98 1.96 1.78 1.54 1.36 1.20 1.11 1.10 1.18 1.34 1.49 1.64 1.74 1.73 1.57 1.36 1.16
 27   1.02 0.93 0.94 1.09 1.35 1.57 1.79 1.98 2.05 1.98 1.78 1.56 1.34 1.16 1.09 1.12 1.24 1.42 1.61 1.76 1.81 1.74 1.56 1.30
 28   1.08 0.95 0.91 0.98 1.20 1.44 1.70 1.96 2.07 2.08 1.95 1.71 1.43 1.22 1.09 1.05 1.12 1.30 1.52 1.72 1.84 1.83 1.67 1.46
 29   1.20 0.98 0.88 0.91 1.06 1.27 1.56 1.85 2.09 2.15 2.07 1.90 1.64 1.36 1.18 1.09 1.12 1.26 1.42 1.64 1.81 1.90 1.87 1.64
 30   1.35 1.10 0.92 0.86 0.96 1.15 1.39 1.70 2.00 2.16 2.17 2.05 1.84 1.54 1.27 1.12 1.09 1.15 1.31 1.53 1.73 1.87 1.91 1.78
 ----------------------------------------------------------------------------------------------------------------------------
                                                                                               
 ----------------------------------------------------------------------------------------------------------------------------
 ----------------------------------------------------------------------------------------------------------------------------
                                                          SURVEY OF INDIA
                                                    MARINE GEODESY WING (G&RB)
                                                     HOURLY HEIGHTS IN METRES
  NAME OF PORT:- KAKINADA                                                                           MONTH JULY      YEAR 2022
 ----------------------------------------------------------------------------------------------------------------------------
 DAYS 0000 0001 0002 0003 0004 0005 0006 0007 0008 0009 0010 0011 0012 0013 0014 0015 0016 0017 0018 0019 0020 0021 0022 0023
 ----------------------------------------------------------------------------------------------------------------------------
  1   1.53 1.27 1.04 0.89 0.89 1.05 1.26 1.52 1.88 2.16 2.19 2.09 1.89 1.65 1.38 1.17 1.07 1.08 1.18 1.40 1.61 1.81 1.90 1.87
  2   1.68 1.42 1.15 0.98 0.92 1.00 1.17 1.39 1.69 1.96 2.13 2.19 2.07 1.82 1.54 1.31 1.15 1.08 1.14 1.30 1.52 1.73 1.87 1.90
  3   1.81 1.61 1.34 1.12 0.98 0.94 1.08 1.32 1.57 1.83 2.08 2.19 2.16 1.99 1.70 1.42 1.23 1.09 1.06 1.18 1.38 1.57 1.75 1.85
  4   1.85 1.72 1.48 1.27 1.13 1.04 1.03 1.16 1.38 1.66 1.91 2.05 2.10 2.04 1.82 1.55 1.32 1.15 1.06 1.10 1.24 1.42 1.61 1.76
  5   1.83 1.80 1.62 1.43 1.27 1.15 1.09 1.11 1.26 1.48 1.71 1.90 2.02 2.05 1.94 1.74 1.49 1.28 1.15 1.09 1.14 1.27 1.45 1.62
  6   1.76 1.82 1.78 1.62 1.46 1.31 1.20 1.14 1.19 1.34 1.51 1.72 1.89 2.00 1.97 1.82 1.63 1.41 1.23 1.09 1.05 1.12 1.27 1.45
  7   1.65 1.80 1.86 1.82 1.70 1.53 1.40 1.30 1.24 1.26 1.37 1.56 1.76 1.88 1.94 1.91 1.76 1.58 1.39 1.24 1.11 1.06 1.13 1.28
  8   1.49 1.66 1.80 1.89 1.91 1.82 1.65 1.45 1.32 1.27 1.30 1.40 1.56 1.72 1.84 1.90 1.88 1.74 1.53 1.33 1.18 1.08 1.04 1.09
  9   1.24 1.43 1.64 1.85 1.96 1.96 1.86 1.72 1.56 1.41 1.29 1.29 1.38 1.54 1.70 1.84 1.92 1.91 1.76 1.56 1.35 1.20 1.08 1.03
 10   1.10 1.24 1.46 1.70 1.90 2.04 2.07 1.99 1.78 1.56 1.39 1.26 1.22 1.29 1.43 1.58 1.76 1.87 1.87 1.74 1.54 1.30 1.11 0.97
 11   0.90 0.96 1.10 1.36 1.66 1.92 2.06 2.11 2.02 1.80 1.47 1.25 1.12 1.08 1.15 1.32 1.52 1.71 1.86 1.87 1.74 1.48 1.22 1.01
 12   0.86 0.77 0.80 1.02 1.32 1.66 1.94 2.11 2.11 1.97 1.66 1.37 1.16 1.00 0.94 1.01 1.20 1.43 1.66 1.84 1.87 1.70 1.43 1.16
 13   0.92 0.74 0.67 0.72 0.96 1.28 1.62 1.95 2.14 2.14 1.96 1.62 1.30 1.06 0.90 0.85 0.96 1.17 1.44 1.71 1.90 1.93 1.72 1.40
 14   1.16 0.92 0.75 0.69 0.81 1.07 1.40 1.78 2.12 2.28 2.22 1.98 1.65 1.29 1.05 0.90 0.87 1.00 1.21 1.49 1.79 1.98 1.98 1.80
 15   1.50 1.16 0.92 0.77 0.76 0.92 1.18 1.52 1.94 2.24 2.35 2.26 2.00 1.65 1.28 1.02 0.90 0.90 1.05 1.34 1.64 1.90 2.06 2.03
 16   1.80 1.44 1.15 0.92 0.82 0.86 1.03 1.30 1.68 2.07 2.31 2.36 2.26 1.95 1.59 1.26 1.02 0.91 0.95 1.14 1.40 1.70 1.96 2.06
 17   2.02 1.78 1.47 1.18 1.02 0.97 1.03 1.20 1.47 1.80 2.10 2.26 2.30 2.14 1.80 1.46 1.20 1.03 0.95 1.00 1.18 1.44 1.70 1.89
 18   1.98 1.90 1.66 1.42 1.23 1.08 1.02 1.07 1.24 1.54 1.82 2.00 2.10 2.07 1.88 1.59 1.35 1.15 1.05 1.02 1.08 1.24 1.50 1.72
 19   1.86 1.89 1.80 1.62 1.44 1.27 1.17 1.13 1.19 1.34 1.56 1.77 1.92 1.99 1.92 1.74 1.51 1.30 1.15 1.08 1.08 1.16 1.32 1.54
 20   1.72 1.80 1.81 1.74 1.58 1.42 1.26 1.18 1.17 1.22 1.35 1.54 1.73 1.83 1.85 1.77 1.60 1.39 1.23 1.11 1.04 1.06 1.16 1.32
 21   1.50 1.63 1.71 1.73 1.66 1.53 1.37 1.26 1.20 1.19 1.25 1.36 1.50 1.62 1.69 1.69 1.62 1.46 1.32 1.20 1.11 1.07 1.10 1.18
 22   1.29 1.44 1.60 1.69 1.71 1.67 1.57 1.45 1.34 1.27 1.24 1.25 1.32 1.44 1.53 1.59 1.60 1.56 1.46 1.31 1.18 1.10 1.06 1.07
 23   1.13 1.28 1.42 1.58 1.68 1.72 1.69 1.61 1.49 1.38 1.27 1.20 1.21 1.29 1.39 1.48 1.55 1.58 1.54 1.44 1.30 1.20 1.12 1.07
 24   1.09 1.16 1.27 1.42 1.56 1.68 1.74 1.72 1.63 1.51 1.38 1.26 1.19 1.19 1.24 1.33 1.42 1.51 1.58 1.57 1.46 1.32 1.21 1.11
 25   1.03 1.02 1.09 1.26 1.43 1.61 1.72 1.79 1.77 1.63 1.47 1.34 1.20 1.13 1.15 1.23 1.34 1.44 1.55 1.59 1.56 1.44 1.30 1.15
 26   1.03 0.98 1.00 1.12 1.29 1.52 1.72 1.87 1.91 1.83 1.65 1.44 1.28 1.16 1.09 1.12 1.24 1.38 1.53 1.63 1.68 1.62 1.46 1.28
 27   1.13 0.99 0.95 1.02 1.19 1.42 1.65 1.85 1.97 1.99 1.86 1.66 1.42 1.26 1.15 1.12 1.20 1.34 1.52 1.68 1.80 1.79 1.66 1.48
 28   1.25 1.08 0.98 0.98 1.10 1.28 1.53 1.79 2.00 2.07 2.02 1.82 1.57 1.33 1.15 1.07 1.10 1.22 1.39 1.60 1.78 1.87 1.80 1.60
 29   1.34 1.10 0.92 0.88 0.95 1.11 1.33 1.63 1.93 2.07 2.08 1.94 1.70 1.41 1.17 1.03 1.01 1.07 1.22 1.46 1.68 1.84 1.87 1.72
 30   1.48 1.19 0.98 0.87 0.89 1.01 1.23 1.52 1.82 2.04 2.13 2.05 1.84 1.52 1.26 1.06 0.99 1.01 1.14 1.34 1.59 1.79 1.88 1.82
 31   1.60 1.35 1.11 0.95 0.90 0.96 1.11 1.34 1.64 1.92 2.08 2.09 1.94 1.65 1.34 1.10 0.97 0.93 1.00 1.16 1.40 1.64 1.81 1.86
 ----------------------------------------------------------------------------------------------------------------------------
                                                                                              
 ----------------------------------------------------------------------------------------------------------------------------
 ----------------------------------------------------------------------------------------------------------------------------
                                                          SURVEY OF INDIA
                                                    MARINE GEODESY WING (G&RB)
                                                     HOURLY HEIGHTS IN METRES
  NAME OF PORT:- KAKINADA                                                                           MONTH AUGUST    YEAR 2022
 ----------------------------------------------------------------------------------------------------------------------------
 DAYS 0000 0001 0002 0003 0004 0005 0006 0007 0008 0009 0010 0011 0012 0013 0014 0015 0016 0017 0018 0019 0020 0021 0022 0023
 ----------------------------------------------------------------------------------------------------------------------------
  1   1.74 1.48 1.20 1.00 0.89 0.88 0.96 1.15 1.44 1.74 1.97 2.06 1.98 1.77 1.44 1.17 0.98 0.89 0.91 1.05 1.27 1.50 1.71 1.85
  2   1.84 1.62 1.38 1.14 0.98 0.88 0.92 1.08 1.32 1.60 1.89 2.02 2.02 1.87 1.59 1.30 1.05 0.92 0.89 0.97 1.13 1.34 1.62 1.78
  3   1.82 1.75 1.59 1.36 1.10 0.99 0.99 1.09 1.26 1.50 1.76 1.96 2.03 1.95 1.74 1.45 1.18 1.00 0.90 0.92 1.06 1.24 1.48 1.73
  4   1.88 1.90 1.79 1.60 1.39 1.18 1.10 1.11 1.22 1.40 1.62 1.84 1.99 2.01 1.88 1.66 1.40 1.16 1.02 0.97 1.02 1.15 1.35 1.60
  5   1.81 1.92 1.94 1.84 1.66 1.48 1.30 1.23 1.25 1.33 1.48 1.66 1.85 1.94 1.92 1.79 1.59 1.35 1.17 1.03 0.98 1.02 1.16 1.36
  6   1.59 1.76 1.87 1.91 1.84 1.68 1.51 1.40 1.32 1.30 1.35 1.48 1.64 1.78 1.87 1.88 1.78 1.60 1.40 1.20 1.08 1.04 1.07 1.20
  7   1.38 1.56 1.76 1.89 1.96 1.92 1.78 1.60 1.46 1.36 1.32 1.35 1.45 1.57 1.70 1.79 1.82 1.75 1.61 1.44 1.28 1.16 1.10 1.10
  8   1.19 1.34 1.54 1.72 1.88 1.98 1.98 1.88 1.70 1.51 1.33 1.24 1.24 1.32 1.44 1.58 1.70 1.80 1.80 1.68 1.48 1.28 1.14 1.03
  9   0.99 1.05 1.20 1.42 1.67 1.88 2.02 2.03 1.90 1.66 1.41 1.21 1.11 1.09 1.14 1.29 1.48 1.63 1.76 1.81 1.71 1.48 1.23 1.03
 10   0.88 0.83 0.88 1.06 1.32 1.60 1.89 2.06 2.10 1.95 1.62 1.34 1.10 0.97 0.91 0.97 1.14 1.35 1.58 1.78 1.84 1.72 1.44 1.17
 11   0.92 0.74 0.68 0.77 0.99 1.28 1.61 1.94 2.14 2.08 1.85 1.55 1.21 0.95 0.80 0.75 0.85 1.08 1.36 1.66 1.87 1.92 1.73 1.44
 12   1.10 0.84 0.67 0.64 0.76 1.02 1.36 1.75 2.11 2.25 2.18 1.90 1.55 1.18 0.92 0.76 0.78 0.94 1.20 1.52 1.84 2.04 2.01 1.80
 13   1.45 1.12 0.86 0.76 0.77 0.92 1.20 1.58 1.98 2.26 2.32 2.17 1.89 1.51 1.15 0.91 0.82 0.85 1.05 1.34 1.68 1.99 2.12 2.04
 14   1.80 1.44 1.11 0.85 0.77 0.85 1.04 1.34 1.73 2.08 2.28 2.26 2.06 1.70 1.29 0.97 0.76 0.72 0.82 1.06 1.35 1.66 1.92 1.99
 15   1.87 1.56 1.22 0.97 0.82 0.76 0.86 1.08 1.40 1.72 2.00 2.10 2.00 1.73 1.36 1.03 0.80 0.69 0.71 0.84 1.10 1.41 1.70 1.88
 16   1.90 1.72 1.43 1.12 0.89 0.78 0.78 0.90 1.13 1.42 1.78 1.96 1.96 1.82 1.50 1.16 0.93 0.82 0.80 0.89 1.08 1.34 1.62 1.84
 17   1.92 1.83 1.61 1.36 1.14 1.00 0.99 1.08 1.26 1.48 1.73 1.94 2.01 1.93 1.72 1.44 1.17 1.03 0.97 1.00 1.12 1.32 1.58 1.80
 18   1.92 1.92 1.78 1.59 1.37 1.18 1.12 1.15 1.24 1.37 1.55 1.74 1.89 1.93 1.84 1.62 1.41 1.21 1.08 1.01 1.04 1.20 1.39 1.59
 19   1.76 1.85 1.87 1.78 1.61 1.44 1.30 1.23 1.23 1.30 1.42 1.55 1.69 1.78 1.78 1.68 1.50 1.32 1.20 1.13 1.10 1.15 1.28 1.44
 20   1.60 1.73 1.82 1.82 1.73 1.58 1.45 1.35 1.29 1.29 1.34 1.43 1.52 1.60 1.66 1.64 1.55 1.44 1.32 1.21 1.16 1.17 1.22 1.30
 21   1.40 1.52 1.64 1.71 1.74 1.70 1.62 1.53 1.45 1.37 1.33 1.33 1.37 1.42 1.48 1.54 1.57 1.54 1.46 1.37 1.30 1.24 1.20 1.20
 22   1.26 1.36 1.46 1.57 1.68 1.76 1.78 1.74 1.66 1.57 1.46 1.38 1.34 1.36 1.44 1.51 1.58 1.63 1.64 1.58 1.49 1.39 1.29 1.21
 23   1.21 1.26 1.35 1.47 1.61 1.74 1.83 1.88 1.82 1.70 1.56 1.42 1.33 1.29 1.30 1.36 1.46 1.56 1.64 1.67 1.63 1.52 1.35 1.21
 24   1.14 1.13 1.18 1.31 1.50 1.68 1.83 1.96 1.96 1.84 1.64 1.47 1.29 1.18 1.17 1.23 1.34 1.48 1.63 1.74 1.75 1.64 1.44 1.24
 25   1.09 0.99 1.00 1.14 1.35 1.57 1.77 1.96 2.02 1.97 1.82 1.58 1.36 1.20 1.11 1.12 1.22 1.36 1.56 1.76 1.85 1.80 1.62 1.40
 26   1.16 1.00 0.95 1.06 1.29 1.52 1.80 2.04 2.20 2.22 2.06 1.70 1.42 1.21 1.11 1.09 1.16 1.33 1.56 1.80 1.92 1.92 1.76 1.52
 27   1.26 1.04 0.93 0.96 1.10 1.30 1.58 1.90 2.12 2.18 2.08 1.84 1.54 1.26 1.08 0.98 1.02 1.16 1.40 1.66 1.90 2.00 1.93 1.68
 28   1.41 1.14 0.99 0.93 0.99 1.17 1.42 1.73 2.00 2.17 2.15 1.98 1.66 1.30 1.07 0.92 0.89 0.98 1.18 1.45 1.76 1.97 2.02 1.90
 29   1.60 1.28 1.02 0.89 0.88 1.01 1.20 1.50 1.84 2.10 2.18 2.07 1.80 1.45 1.15 0.94 0.84 0.89 1.06 1.32 1.63 1.92 2.09 2.03
 30   1.82 1.52 1.20 0.98 0.90 0.93 1.10 1.34 1.64 1.97 2.16 2.15 1.96 1.64 1.28 1.02 0.88 0.86 0.98 1.22 1.54 1.87 2.10 2.15
 31   2.04 1.75 1.43 1.17 1.02 0.99 1.05 1.28 1.56 1.88 2.12 2.20 2.09 1.84 1.50 1.20 0.99 0.91 0.94 1.12 1.40 1.72 2.02 2.15
 ----------------------------------------------------------------------------------------------------------------------------
                                                                                               
 ----------------------------------------------------------------------------------------------------------------------------
 ----------------------------------------------------------------------------------------------------------------------------
                                                          SURVEY OF INDIA
                                                    MARINE GEODESY WING (G&RB)
                                                     HOURLY HEIGHTS IN METRES
  NAME OF PORT:- KAKINADA                                                                           MONTH SEPT      YEAR 2022
 ----------------------------------------------------------------------------------------------------------------------------
 DAYS 0000 0001 0002 0003 0004 0005 0006 0007 0008 0009 0010 0011 0012 0013 0014 0015 0016 0017 0018 0019 0020 0021 0022 0023
 ----------------------------------------------------------------------------------------------------------------------------
  1   2.15 1.96 1.65 1.35 1.14 1.03 1.05 1.20 1.42 1.71 1.99 2.15 2.14 1.97 1.72 1.39 1.11 0.97 0.94 1.05 1.24 1.51 1.82 2.05
  2   2.14 2.05 1.86 1.59 1.33 1.17 1.12 1.19 1.36 1.58 1.81 2.02 2.13 2.06 1.86 1.57 1.29 1.09 1.00 1.01 1.11 1.31 1.58 1.83
  3   2.01 2.06 1.97 1.80 1.58 1.36 1.23 1.18 1.24 1.36 1.55 1.74 1.88 1.94 1.89 1.70 1.44 1.23 1.10 1.03 1.07 1.18 1.38 1.60
  4   1.82 1.95 2.00 1.96 1.80 1.57 1.38 1.27 1.23 1.27 1.38 1.52 1.66 1.76 1.82 1.79 1.61 1.42 1.26 1.14 1.06 1.06 1.14 1.29
  5   1.47 1.64 1.78 1.84 1.83 1.73 1.59 1.41 1.25 1.19 1.20 1.26 1.36 1.47 1.60 1.68 1.68 1.61 1.45 1.30 1.16 1.07 1.03 1.06
  6   1.16 1.32 1.49 1.68 1.81 1.87 1.82 1.70 1.52 1.36 1.24 1.18 1.17 1.22 1.33 1.46 1.59 1.65 1.63 1.54 1.38 1.22 1.08 0.97
  7   0.97 1.06 1.24 1.44 1.66 1.87 1.99 1.97 1.82 1.62 1.38 1.16 1.02 1.00 1.08 1.23 1.40 1.56 1.69 1.74 1.65 1.43 1.23 1.04
  8   0.92 0.90 0.98 1.20 1.46 1.74 1.98 2.09 2.06 1.88 1.62 1.36 1.16 1.06 1.05 1.17 1.35 1.60 1.84 1.98 2.01 1.90 1.66 1.42
  9   1.20 1.06 1.04 1.16 1.36 1.65 1.97 2.22 2.32 2.25 2.00 1.68 1.42 1.23 1.11 1.11 1.23 1.45 1.75 2.02 2.16 2.16 1.96 1.69
 10   1.46 1.22 1.10 1.10 1.24 1.49 1.82 2.17 2.36 2.42 2.28 1.94 1.60 1.34 1.16 1.10 1.13 1.30 1.60 1.93 2.20 2.29 2.22 1.94
 11   1.64 1.40 1.19 1.12 1.16 1.32 1.58 1.94 2.25 2.42 2.40 2.14 1.79 1.46 1.22 1.07 1.03 1.11 1.38 1.70 2.00 2.20 2.26 2.12
 12   1.80 1.51 1.26 1.10 1.04 1.11 1.30 1.61 1.96 2.20 2.28 2.18 1.86 1.51 1.20 1.00 0.89 0.93 1.10 1.36 1.70 1.99 2.16 2.14
 13   1.92 1.59 1.30 1.10 0.98 0.98 1.09 1.30 1.64 1.92 2.11 2.14 1.98 1.67 1.37 1.10 0.95 0.92 1.02 1.23 1.51 1.83 2.06 2.14
 14   2.02 1.76 1.44 1.21 1.04 0.98 1.02 1.20 1.47 1.75 1.95 2.05 1.98 1.75 1.46 1.20 1.03 0.96 0.98 1.11 1.33 1.63 1.90 2.05
 15   2.07 1.90 1.63 1.40 1.20 1.10 1.09 1.17 1.35 1.58 1.81 1.95 1.97 1.85 1.60 1.35 1.16 1.04 1.02 1.10 1.25 1.47 1.72 1.91
 16   1.98 1.91 1.75 1.53 1.35 1.22 1.14 1.14 1.26 1.44 1.63 1.77 1.83 1.78 1.62 1.40 1.22 1.10 1.04 1.07 1.19 1.36 1.56 1.74
 17   1.85 1.88 1.80 1.64 1.48 1.32 1.24 1.22 1.27 1.37 1.49 1.62 1.70 1.71 1.64 1.50 1.35 1.24 1.15 1.10 1.14 1.27 1.42 1.58
 18   1.69 1.76 1.78 1.72 1.60 1.47 1.37 1.30 1.30 1.35 1.43 1.53 1.61 1.64 1.62 1.55 1.47 1.38 1.31 1.25 1.23 1.27 1.36 1.46
 19   1.55 1.64 1.70 1.73 1.71 1.64 1.57 1.49 1.43 1.40 1.42 1.45 1.49 1.54 1.57 1.59 1.58 1.53 1.46 1.38 1.30 1.28 1.31 1.38
 20   1.44 1.51 1.58 1.66 1.71 1.73 1.70 1.64 1.55 1.47 1.39 1.34 1.32 1.34 1.39 1.44 1.48 1.52 1.53 1.50 1.42 1.34 1.28 1.23
 21   1.25 1.32 1.40 1.50 1.61 1.71 1.76 1.74 1.65 1.53 1.43 1.32 1.23 1.21 1.25 1.34 1.44 1.53 1.62 1.62 1.56 1.46 1.33 1.23
 22   1.15 1.13 1.21 1.36 1.49 1.64 1.78 1.87 1.84 1.70 1.50 1.33 1.20 1.13 1.14 1.23 1.35 1.50 1.63 1.71 1.72 1.60 1.40 1.22
 23   1.10 1.05 1.08 1.19 1.38 1.59 1.78 1.93 1.97 1.87 1.65 1.40 1.18 1.06 1.03 1.10 1.24 1.43 1.64 1.82 1.87 1.78 1.58 1.38
 24   1.17 1.04 1.00 1.10 1.27 1.50 1.76 1.97 2.08 2.03 1.80 1.54 1.26 1.06 0.97 0.98 1.11 1.30 1.57 1.84 2.01 2.01 1.85 1.58
 25   1.31 1.06 0.97 0.99 1.14 1.36 1.64 1.93 2.14 2.16 2.02 1.74 1.40 1.10 0.97 0.94 1.01 1.19 1.46 1.78 2.05 2.15 2.07 1.82
 26   1.50 1.17 1.00 0.96 1.05 1.23 1.50 1.84 2.14 2.27 2.19 1.89 1.54 1.22 1.01 0.91 0.95 1.12 1.41 1.75 2.07 2.23 2.21 2.00
 27   1.68 1.32 1.10 0.99 1.05 1.22 1.48 1.80 2.12 2.30 2.30 2.10 1.77 1.40 1.10 0.97 0.96 1.09 1.35 1.68 2.06 2.33 2.42 2.28
 28   2.00 1.64 1.32 1.14 1.09 1.18 1.38 1.68 2.00 2.29 2.39 2.27 1.97 1.61 1.29 1.08 0.97 1.02 1.21 1.51 1.87 2.21 2.43 2.44
 29   2.20 1.86 1.52 1.25 1.14 1.17 1.30 1.50 1.85 2.15 2.32 2.35 2.16 1.82 1.48 1.22 1.05 1.01 1.15 1.38 1.70 2.04 2.32 2.46
 30   2.40 2.10 1.76 1.49 1.33 1.26 1.28 1.44 1.67 1.96 2.17 2.24 2.18 1.98 1.64 1.37 1.19 1.12 1.14 1.28 1.52 1.82 2.12 2.30
 ----------------------------------------------------------------------------------------------------------------------------
                                                                                               
 ----------------------------------------------------------------------------------------------------------------------------
 ----------------------------------------------------------------------------------------------------------------------------
                                                          SURVEY OF INDIA
                                                    MARINE GEODESY WING (G&RB)
                                                     HOURLY HEIGHTS IN METRES
  NAME OF PORT:- KAKINADA                                                                           MONTH OCTOBER   YEAR 2022
 ----------------------------------------------------------------------------------------------------------------------------
 DAYS 0000 0001 0002 0003 0004 0005 0006 0007 0008 0009 0010 0011 0012 0013 0014 0015 0016 0017 0018 0019 0020 0021 0022 0023
 ----------------------------------------------------------------------------------------------------------------------------
  1   2.36 2.24 2.00 1.68 1.46 1.33 1.31 1.40 1.55 1.78 2.01 2.14 2.18 2.08 1.84 1.57 1.35 1.23 1.17 1.22 1.39 1.64 1.90 2.11
  2   2.28 2.30 2.18 1.96 1.69 1.49 1.40 1.39 1.47 1.63 1.81 1.95 2.06 2.08 1.99 1.79 1.57 1.40 1.28 1.25 1.32 1.46 1.64 1.82
  3   2.04 2.22 2.23 2.09 1.92 1.75 1.62 1.51 1.46 1.49 1.58 1.69 1.80 1.88 1.93 1.90 1.76 1.62 1.48 1.39 1.35 1.36 1.45 1.59
  4   1.74 1.87 1.99 2.06 2.04 1.96 1.82 1.67 1.55 1.46 1.43 1.48 1.57 1.66 1.76 1.83 1.85 1.81 1.72 1.60 1.48 1.39 1.35 1.38
  5   1.49 1.64 1.82 1.96 2.07 2.12 2.09 1.98 1.81 1.64 1.50 1.41 1.41 1.48 1.62 1.75 1.87 1.95 1.97 1.92 1.77 1.58 1.45 1.38
  6   1.39 1.46 1.62 1.82 2.02 2.17 2.22 2.20 2.10 1.88 1.64 1.47 1.38 1.38 1.47 1.63 1.82 2.03 2.16 2.18 2.08 1.88 1.66 1.47
  7   1.34 1.32 1.43 1.61 1.85 2.11 2.32 2.40 2.34 2.10 1.80 1.55 1.38 1.28 1.30 1.43 1.66 1.92 2.15 2.29 2.31 2.12 1.84 1.58
  8   1.38 1.24 1.26 1.38 1.60 1.91 2.21 2.40 2.46 2.32 2.04 1.68 1.40 1.20 1.12 1.19 1.37 1.68 2.01 2.27 2.41 2.39 2.18 1.84
  9   1.56 1.37 1.28 1.29 1.46 1.74 2.08 2.36 2.57 2.58 2.34 1.96 1.64 1.38 1.23 1.21 1.34 1.62 1.98 2.31 2.55 2.64 2.53 2.25
 10   1.81 1.52 1.34 1.30 1.38 1.57 1.87 2.20 2.44 2.53 2.43 2.08 1.70 1.40 1.24 1.17 1.24 1.44 1.76 2.10 2.39 2.55 2.56 2.40
 11   1.92 1.63 1.41 1.31 1.32 1.46 1.70 2.00 2.28 2.42 2.42 2.21 1.88 1.59 1.34 1.23 1.25 1.37 1.60 1.92 2.24 2.46 2.53 2.38
 12   2.12 1.81 1.56 1.41 1.33 1.37 1.54 1.79 2.07 2.27 2.33 2.22 1.96 1.68 1.40 1.23 1.19 1.26 1.42 1.66 1.98 2.25 2.40 2.35
 13   2.17 1.87 1.61 1.40 1.30 1.30 1.40 1.58 1.82 2.06 2.19 2.17 2.02 1.75 1.48 1.29 1.19 1.19 1.29 1.49 1.76 2.05 2.25 2.31
 14   2.20 1.97 1.71 1.49 1.34 1.28 1.31 1.43 1.64 1.87 2.07 2.13 2.04 1.82 1.58 1.39 1.26 1.22 1.27 1.43 1.66 1.94 2.16 2.28
 15   2.29 2.14 1.94 1.76 1.59 1.48 1.46 1.52 1.66 1.88 2.02 2.09 2.08 1.98 1.80 1.63 1.50 1.41 1.41 1.49 1.63 1.82 2.01 2.16
 16   2.19 2.13 2.02 1.86 1.72 1.61 1.55 1.55 1.64 1.76 1.87 1.99 2.04 1.99 1.82 1.68 1.56 1.49 1.44 1.47 1.58 1.70 1.84 1.98
 17   2.07 2.10 2.07 1.96 1.83 1.72 1.65 1.61 1.62 1.67 1.76 1.85 1.90 1.91 1.88 1.81 1.72 1.63 1.56 1.55 1.60 1.68 1.78 1.88
 18   1.96 2.02 2.05 2.04 1.96 1.88 1.81 1.75 1.71 1.69 1.71 1.76 1.80 1.84 1.87 1.87 1.83 1.78 1.73 1.70 1.67 1.68 1.72 1.78
 19   1.84 1.90 1.96 2.02 2.04 2.02 1.98 1.92 1.85 1.79 1.73 1.71 1.71 1.74 1.79 1.84 1.88 1.91 1.92 1.88 1.83 1.77 1.74 1.73
 20   1.76 1.80 1.88 1.96 2.06 2.13 2.14 2.09 1.97 1.83 1.73 1.65 1.61 1.62 1.68 1.77 1.89 1.99 2.05 2.06 2.00 1.90 1.79 1.71
 21   1.68 1.71 1.80 1.94 2.06 2.18 2.26 2.27 2.17 2.00 1.86 1.72 1.60 1.57 1.62 1.73 1.90 2.07 2.22 2.28 2.24 2.09 1.94 1.79
 22   1.67 1.63 1.71 1.83 1.98 2.16 2.33 2.40 2.33 2.14 1.93 1.72 1.58 1.49 1.52 1.62 1.81 2.04 2.25 2.38 2.40 2.23 2.01 1.78
 23   1.61 1.55 1.58 1.67 1.86 2.09 2.33 2.47 2.48 2.33 2.06 1.76 1.55 1.41 1.38 1.47 1.63 1.89 2.17 2.39 2.49 2.41 2.16 1.89
 24   1.63 1.50 1.46 1.51 1.67 1.93 2.22 2.42 2.52 2.44 2.15 1.78 1.52 1.32 1.25 1.28 1.43 1.68 2.01 2.31 2.50 2.53 2.31 1.97
 25   1.66 1.43 1.34 1.34 1.45 1.66 1.96 2.25 2.41 2.42 2.20 1.83 1.48 1.20 1.07 1.07 1.18 1.42 1.76 2.14 2.45 2.59 2.49 2.19
 26   1.81 1.51 1.32 1.25 1.30 1.48 1.79 2.13 2.38 2.52 2.45 2.15 1.77 1.41 1.17 1.09 1.13 1.31 1.59 1.97 2.35 2.61 2.68 2.50
 27   2.13 1.76 1.49 1.33 1.31 1.42 1.65 1.96 2.27 2.50 2.55 2.40 2.05 1.69 1.38 1.20 1.15 1.23 1.45 1.79 2.17 2.49 2.67 2.65
 28   2.37 1.97 1.63 1.37 1.23 1.23 1.36 1.62 1.92 2.20 2.38 2.38 2.13 1.77 1.43 1.18 1.07 1.09 1.23 1.51 1.85 2.21 2.51 2.63
 29   2.49 2.19 1.83 1.53 1.33 1.26 1.30 1.47 1.73 1.99 2.20 2.30 2.23 1.98 1.65 1.35 1.17 1.10 1.15 1.30 1.55 1.85 2.16 2.36
 30   2.42 2.29 2.03 1.69 1.44 1.30 1.27 1.33 1.48 1.70 1.94 2.09 2.12 2.03 1.83 1.56 1.35 1.19 1.15 1.23 1.39 1.60 1.86 2.10
 31   2.23 2.26 2.18 1.91 1.65 1.47 1.37 1.34 1.39 1.50 1.68 1.83 1.93 1.97 1.93 1.76 1.54 1.36 1.27 1.24 1.30 1.42 1.61 1.85
 ----------------------------------------------------------------------------------------------------------------------------
                                                                                               
 ----------------------------------------------------------------------------------------------------------------------------
 ----------------------------------------------------------------------------------------------------------------------------
                                                          SURVEY OF INDIA
                                                    MARINE GEODESY WING (G&RB)
                                                     HOURLY HEIGHTS IN METRES
  NAME OF PORT:- KAKINADA                                                                           MONTH NOVEMBER  YEAR 2022
 ----------------------------------------------------------------------------------------------------------------------------
 DAYS 0000 0001 0002 0003 0004 0005 0006 0007 0008 0009 0010 0011 0012 0013 0014 0015 0016 0017 0018 0019 0020 0021 0022 0023
 ----------------------------------------------------------------------------------------------------------------------------
  1   2.03 2.15 2.20 2.15 1.96 1.75 1.56 1.44 1.38 1.38 1.45 1.56 1.69 1.81 1.86 1.86 1.77 1.61 1.48 1.38 1.32 1.32 1.41 1.53
  2   1.69 1.86 2.03 2.09 2.07 1.95 1.78 1.59 1.43 1.33 1.30 1.35 1.45 1.57 1.72 1.83 1.89 1.88 1.77 1.65 1.54 1.46 1.41 1.45
  3   1.55 1.68 1.85 1.99 2.09 2.10 2.02 1.86 1.65 1.45 1.30 1.23 1.26 1.35 1.48 1.64 1.83 1.94 1.95 1.89 1.75 1.58 1.43 1.35
  4   1.35 1.43 1.57 1.75 1.93 2.07 2.11 2.04 1.85 1.62 1.39 1.23 1.17 1.19 1.30 1.49 1.69 1.91 2.05 2.09 1.99 1.80 1.55 1.36
  5   1.25 1.26 1.37 1.52 1.75 1.97 2.12 2.16 2.06 1.81 1.48 1.24 1.12 1.08 1.14 1.30 1.55 1.83 2.06 2.18 2.16 2.00 1.70 1.42
  6   1.21 1.14 1.18 1.29 1.49 1.75 1.99 2.11 2.11 1.91 1.62 1.29 1.09 0.98 0.98 1.10 1.32 1.61 1.90 2.12 2.20 2.10 1.83 1.53
  7   1.26 1.10 1.02 1.09 1.25 1.51 1.79 2.00 2.10 2.04 1.77 1.42 1.13 0.96 0.89 0.93 1.10 1.37 1.70 2.01 2.21 2.23 2.05 1.73
  8   1.39 1.15 1.04 1.01 1.10 1.31 1.58 1.85 2.03 2.06 1.90 1.59 1.26 1.02 0.92 0.90 1.02 1.24 1.55 1.89 2.17 2.28 2.23 1.97
  9   1.62 1.34 1.14 1.06 1.07 1.21 1.46 1.73 1.95 2.06 2.01 1.77 1.43 1.15 0.98 0.93 1.00 1.19 1.44 1.77 2.07 2.25 2.29 2.13
 10   1.85 1.53 1.26 1.11 1.08 1.15 1.33 1.57 1.83 2.00 2.04 1.90 1.64 1.33 1.12 1.00 1.00 1.13 1.33 1.61 1.92 2.19 2.30 2.23
 11   2.01 1.71 1.45 1.24 1.17 1.18 1.31 1.51 1.73 1.95 2.06 2.02 1.82 1.53 1.30 1.13 1.09 1.15 1.32 1.55 1.83 2.11 2.29 2.29
 12   2.15 1.90 1.61 1.37 1.23 1.20 1.26 1.40 1.62 1.83 1.99 2.03 1.91 1.69 1.45 1.23 1.11 1.11 1.20 1.38 1.62 1.88 2.10 2.19
 13   2.17 2.00 1.73 1.49 1.30 1.22 1.24 1.33 1.49 1.67 1.84 1.91 1.89 1.75 1.55 1.31 1.16 1.11 1.16 1.29 1.47 1.69 1.92 2.08
 14   2.12 2.06 1.89 1.67 1.44 1.32 1.26 1.28 1.37 1.51 1.67 1.78 1.82 1.77 1.66 1.49 1.31 1.20 1.19 1.26 1.39 1.55 1.75 1.91
 15   2.02 2.05 1.99 1.82 1.62 1.47 1.35 1.29 1.31 1.42 1.53 1.63 1.72 1.75 1.71 1.59 1.46 1.37 1.30 1.29 1.35 1.45 1.57 1.72
 16   1.85 1.94 1.96 1.88 1.73 1.57 1.45 1.37 1.32 1.33 1.39 1.46 1.53 1.61 1.68 1.68 1.60 1.50 1.42 1.36 1.34 1.39 1.48 1.58
 17   1.68 1.77 1.84 1.85 1.78 1.66 1.54 1.44 1.34 1.28 1.30 1.35 1.43 1.52 1.63 1.70 1.74 1.72 1.62 1.52 1.45 1.40 1.40 1.45
 18   1.54 1.67 1.78 1.85 1.88 1.85 1.73 1.58 1.46 1.35 1.28 1.26 1.31 1.41 1.53 1.67 1.79 1.84 1.82 1.75 1.62 1.51 1.42 1.39
 19   1.44 1.54 1.66 1.79 1.90 1.94 1.90 1.76 1.59 1.40 1.28 1.21 1.21 1.27 1.41 1.57 1.76 1.91 1.98 1.94 1.80 1.65 1.49 1.37
 20   1.33 1.39 1.52 1.67 1.83 1.96 2.02 1.96 1.80 1.58 1.33 1.18 1.13 1.18 1.29 1.46 1.69 1.95 2.12 2.15 2.03 1.83 1.62 1.43
 21   1.31 1.32 1.42 1.59 1.79 1.99 2.13 2.15 2.02 1.81 1.54 1.27 1.12 1.09 1.16 1.35 1.60 1.90 2.17 2.32 2.31 2.10 1.83 1.53
 22   1.33 1.23 1.23 1.37 1.57 1.81 2.03 2.17 2.15 1.93 1.65 1.35 1.09 0.95 0.94 1.10 1.34 1.67 2.01 2.26 2.39 2.32 2.02 1.68
 23   1.41 1.19 1.10 1.16 1.35 1.60 1.86 2.08 2.14 2.03 1.75 1.40 1.09 0.88 0.81 0.85 1.05 1.36 1.73 2.11 2.34 2.37 2.17 1.82
 24   1.51 1.21 1.04 0.99 1.06 1.26 1.53 1.82 2.03 2.06 1.87 1.57 1.21 0.91 0.75 0.71 0.83 1.06 1.39 1.79 2.15 2.33 2.31 2.03
 25   1.65 1.33 1.05 0.90 0.88 1.01 1.26 1.57 1.85 2.01 1.99 1.75 1.40 1.06 0.81 0.68 0.68 0.87 1.15 1.50 1.89 2.21 2.33 2.21
 26   1.92 1.57 1.23 0.99 0.87 0.90 1.09 1.35 1.65 1.91 2.02 1.93 1.67 1.32 1.03 0.81 0.72 0.77 0.97 1.25 1.61 1.98 2.23 2.30
 27   2.17 1.86 1.50 1.20 1.01 0.93 0.99 1.16 1.42 1.69 1.89 1.97 1.85 1.58 1.27 1.02 0.86 0.84 0.92 1.11 1.38 1.71 2.03 2.22
 28   2.25 2.06 1.76 1.44 1.18 1.02 0.97 1.02 1.19 1.41 1.65 1.81 1.88 1.81 1.57 1.31 1.10 1.00 0.99 1.07 1.21 1.45 1.73 1.97
 29   2.11 2.13 1.97 1.71 1.44 1.23 1.11 1.06 1.11 1.24 1.45 1.63 1.76 1.82 1.77 1.57 1.37 1.21 1.13 1.12 1.19 1.33 1.55 1.78
 30   1.97 2.11 2.13 2.00 1.80 1.56 1.37 1.24 1.20 1.25 1.35 1.49 1.65 1.78 1.86 1.85 1.75 1.63 1.49 1.40 1.37 1.41 1.52 1.69
 ----------------------------------------------------------------------------------------------------------------------------
                                                                                               
 ----------------------------------------------------------------------------------------------------------------------------
 ----------------------------------------------------------------------------------------------------------------------------
                                                          SURVEY OF INDIA
                                                    MARINE GEODESY WING (G&RB)
                                                     HOURLY HEIGHTS IN METRES
  NAME OF PORT:- KAKINADA     
                                                                      MONTH DECEMBER  YEAR 2022
 ----------------------------------------------------------------------------------------------------------------------------
 DAYS 0000 0001 0002 0003 0004 0005 0006 0007 0008 0009 0010 0011 0012 0013 0014 0015 0016 0017 0018 0019 0020 0021 0022 0023
 ----------------------------------------------------------------------------------------------------------------------------
  1   1.86 2.02 2.13 2.15 2.06 1.91 1.72 1.51 1.37 1.32 1.35 1.43 1.55 1.69 1.85 1.95 1.96 1.90 1.79 1.66 1.54 1.49 1.49 1.56
  2   1.70 1.85 2.00 2.09 2.11 2.03 1.87 1.67 1.47 1.33 1.27 1.29 1.37 1.50 1.67 1.85 1.99 2.05 2.01 1.87 1.72 1.57 1.46 1.42
  3   1.48 1.59 1.75 1.89 2.00 2.05 1.98 1.81 1.59 1.38 1.23 1.16 1.16 1.24 1.41 1.62 1.83 2.00 2.08 2.03 1.87 1.65 1.48 1.35
  4   1.30 1.32 1.42 1.59 1.79 1.95 2.00 1.93 1.76 1.53 1.31 1.14 1.07 1.11 1.23 1.43 1.69 1.92 2.11 2.18 2.13 1.87 1.63 1.42
  5   1.27 1.22 1.28 1.42 1.61 1.78 1.93 1.98 1.89 1.67 1.43 1.20 1.05 1.00 1.06 1.24 1.46 1.71 1.96 2.13 2.15 1.99 1.73 1.48
  6   1.26 1.15 1.13 1.21 1.37 1.56 1.77 1.90 1.90 1.75 1.52 1.27 1.07 0.97 0.99 1.12 1.33 1.63 1.96 2.18 2.25 2.16 1.94 1.66
  7   1.39 1.20 1.13 1.17 1.32 1.52 1.76 1.96 2.03 1.93 1.74 1.46 1.21 1.04 1.00 1.10 1.31 1.57 1.86 2.16 2.32 2.30 2.15 1.89
  8   1.60 1.39 1.22 1.16 1.24 1.44 1.69 1.91 2.05 2.05 1.91 1.68 1.42 1.19 1.09 1.10 1.24 1.47 1.77 2.09 2.32 2.42 2.39 2.17
  9   1.83 1.59 1.41 1.33 1.36 1.48 1.66 1.91 2.12 2.19 2.13 1.93 1.66 1.42 1.24 1.16 1.22 1.40 1.64 1.95 2.21 2.39 2.42 2.29
 10   2.05 1.77 1.50 1.34 1.27 1.31 1.49 1.73 1.96 2.09 2.08 1.98 1.78 1.51 1.29 1.18 1.17 1.32 1.53 1.81 2.12 2.36 2.44 2.39
 11   2.20 1.97 1.66 1.44 1.32 1.31 1.42 1.59 1.79 1.97 2.02 1.95 1.75 1.53 1.31 1.16 1.11 1.16 1.33 1.56 1.83 2.08 2.25 2.25
 12   2.14 1.96 1.71 1.48 1.31 1.21 1.24 1.39 1.57 1.77 1.92 1.94 1.84 1.67 1.43 1.25 1.14 1.13 1.23 1.40 1.61 1.86 2.07 2.15
 13   2.14 2.03 1.83 1.57 1.37 1.25 1.23 1.31 1.43 1.58 1.75 1.85 1.83 1.71 1.54 1.33 1.20 1.14 1.18 1.28 1.43 1.63 1.86 2.02
 14   2.08 2.03 1.90 1.69 1.45 1.31 1.24 1.23 1.29 1.43 1.60 1.73 1.77 1.74 1.65 1.47 1.29 1.18 1.15 1.20 1.31 1.47 1.67 1.86
 15   2.00 2.03 1.96 1.81 1.59 1.42 1.31 1.24 1.23 1.29 1.42 1.56 1.65 1.69 1.67 1.59 1.44 1.32 1.25 1.24 1.30 1.40 1.53 1.70
 16   1.85 1.91 1.91 1.82 1.67 1.49 1.35 1.25 1.19 1.19 1.26 1.38 1.50 1.61 1.68 1.69 1.65 1.55 1.43 1.35 1.32 1.35 1.44 1.54
 17   1.66 1.78 1.87 1.87 1.78 1.62 1.48 1.33 1.21 1.16 1.18 1.25 1.35 1.48 1.62 1.73 1.77 1.74 1.65 1.53 1.43 1.38 1.38 1.43
 18   1.52 1.64 1.77 1.85 1.87 1.82 1.69 1.50 1.35 1.24 1.19 1.19 1.26 1.39 1.55 1.71 1.85 1.92 1.90 1.79 1.65 1.52 1.42 1.37
 19   1.40 1.50 1.62 1.76 1.86 1.90 1.85 1.70 1.47 1.30 1.17 1.09 1.09 1.18 1.35 1.56 1.77 1.95 2.04 1.99 1.84 1.64 1.47 1.33
 20   1.28 1.33 1.44 1.58 1.72 1.85 1.90 1.83 1.62 1.39 1.19 1.04 0.95 0.98 1.10 1.31 1.59 1.87 2.08 2.15 2.06 1.87 1.60 1.35
 21   1.19 1.16 1.23 1.35 1.52 1.72 1.88 1.90 1.78 1.56 1.30 1.04 0.89 0.84 0.91 1.09 1.35 1.65 1.97 2.17 2.19 2.05 1.79 1.48
 22   1.22 1.10 1.08 1.15 1.30 1.53 1.77 1.92 1.93 1.79 1.52 1.21 0.94 0.78 0.76 0.88 1.11 1.43 1.77 2.10 2.29 2.28 2.05 1.72
 23   1.38 1.16 1.00 0.98 1.10 1.31 1.58 1.82 1.97 1.95 1.79 1.46 1.14 0.90 0.76 0.76 0.92 1.19 1.55 1.93 2.26 2.43 2.37 2.08
 24   1.69 1.39 1.14 0.98 0.97 1.12 1.36 1.65 1.90 2.05 2.04 1.78 1.43 1.13 0.87 0.76 0.79 0.97 1.26 1.60 1.99 2.30 2.40 2.26
 25   1.93 1.61 1.27 1.03 0.90 0.95 1.13 1.39 1.68 1.94 2.07 1.97 1.68 1.35 1.06 0.84 0.75 0.79 1.00 1.30 1.65 2.03 2.28 2.34
 26   2.17 1.87 1.51 1.19 0.96 0.87 0.94 1.13 1.38 1.65 1.88 1.93 1.82 1.57 1.26 0.98 0.82 0.76 0.83 1.06 1.35 1.69 2.03 2.24
 27   2.25 2.09 1.77 1.41 1.13 0.93 0.86 0.94 1.12 1.35 1.62 1.81 1.86 1.75 1.51 1.25 1.04 0.93 0.92 1.03 1.22 1.49 1.80 2.07
 28   2.21 2.18 1.99 1.69 1.35 1.11 0.99 0.95 1.02 1.18 1.41 1.60 1.76 1.83 1.75 1.54 1.31 1.14 1.05 1.05 1.14 1.31 1.55 1.81
 29   2.01 2.10 2.07 1.88 1.58 1.31 1.12 1.01 0.98 1.06 1.21 1.39 1.57 1.70 1.77 1.73 1.56 1.37 1.22 1.16 1.16 1.21 1.34 1.52
 30   1.73 1.87 1.94 1.90 1.74 1.50 1.31 1.15 1.06 1.06 1.13 1.27 1.43 1.60 1.74 1.81 1.80 1.68 1.54 1.41 1.31 1.27 1.32 1.43
 31   1.55 1.70 1.83 1.89 1.85 1.71 1.54 1.36 1.20 1.12 1.12 1.19 1.30 1.45 1.62 1.75 1.83 1.83 1.75 1.60 1.45 1.38 1.33 1.33
 ----------------------------------------------------------------------------------------------------------------------------
                                                                                               
 ----------------------------------------------------------------------------------------------------------------------------
 ----------------------------------------------------------------------------------------------------------------------------
