                                                          SURVEY OF INDIA
                                                    MARINE GEODESY WING (G&RB)
                                                     HOURLY HEIGHTS IN METRES
  NAME OF PORT:- KAKINADA                                                                           MONTH JANUARY   YEAR 2021
 ----------------------------------------------------------------------------------------------------------------------------
 DAYS 0000 0001 0002 0003 0004 0005 0006 0007 0008 0009 0010 0011 0012 0013 0014 0015 0016 0017 0018 0019 0020 0021 0022 0023
 ----------------------------------------------------------------------------------------------------------------------------
  1   2.06 1.78 1.44 1.18 1.04 1.02 1.16 1.36 1.62 1.86 1.95 1.82 1.56 1.28 1.02 0.88 0.87 1.01 1.26 1.58 1.92 2.16 2.25 2.22
  2   2.06 1.78 1.44 1.18 1.02 1.01 1.13 1.36 1.62 1.87 1.96 1.93 1.76 1.50 1.20 0.98 0.90 0.94 1.12 1.39 1.72 2.04 2.21 2.24
  3   2.14 1.93 1.60 1.33 1.10 1.02 1.05 1.19 1.43 1.66 1.87 1.94 1.88 1.70 1.43 1.16 0.99 0.93 1.00 1.18 1.44 1.76 2.00 2.14
  4   2.15 2.03 1.78 1.48 1.20 1.02 0.94 0.98 1.17 1.42 1.67 1.82 1.87 1.82 1.65 1.41 1.20 1.07 1.06 1.13 1.29 1.52 1.80 2.02
  5   2.12 2.09 1.94 1.68 1.42 1.18 1.01 0.96 1.02 1.19 1.44 1.68 1.81 1.85 1.80 1.64 1.44 1.24 1.14 1.12 1.20 1.37 1.60 1.82
  6   1.98 2.03 1.98 1.84 1.60 1.36 1.14 1.02 1.01 1.10 1.26 1.48 1.68 1.83 1.89 1.84 1.71 1.54 1.34 1.21 1.19 1.25 1.39 1.57
  7   1.76 1.89 1.94 1.90 1.79 1.58 1.33 1.14 1.03 0.99 1.06 1.20 1.41 1.63 1.79 1.87 1.87 1.79 1.64 1.46 1.32 1.24 1.25 1.35
  8   1.50 1.65 1.77 1.84 1.83 1.73 1.54 1.34 1.12 1.01 1.00 1.06 1.18 1.38 1.59 1.78 1.92 1.96 1.89 1.70 1.51 1.36 1.26 1.22
  9   1.28 1.39 1.54 1.69 1.80 1.83 1.76 1.58 1.35 1.13 0.97 0.88 0.89 1.01 1.22 1.48 1.73 1.90 1.97 1.92 1.77 1.56 1.30 1.12
 10   1.04 1.06 1.17 1.34 1.51 1.66 1.74 1.69 1.52 1.30 1.08 0.88 0.77 0.77 0.88 1.16 1.46 1.75 1.98 2.05 1.99 1.82 1.54 1.24
 11   1.04 0.95 0.98 1.09 1.28 1.50 1.68 1.78 1.74 1.56 1.32 1.10 0.92 0.82 0.83 1.00 1.29 1.62 1.94 2.13 2.20 2.12 1.84 1.55
 12   1.26 1.04 0.92 0.94 1.13 1.38 1.63 1.82 1.89 1.83 1.62 1.31 1.03 0.82 0.75 0.80 1.02 1.32 1.70 2.03 2.20 2.22 2.07 1.80
 13   1.45 1.17 0.95 0.87 0.92 1.15 1.42 1.70 1.89 1.92 1.79 1.52 1.17 0.92 0.76 0.73 0.86 1.16 1.50 1.88 2.18 2.26 2.19 1.96
 14   1.62 1.30 1.01 0.85 0.83 0.99 1.25 1.52 1.79 1.90 1.86 1.67 1.40 1.10 0.81 0.69 0.77 0.98 1.29 1.63 2.02 2.26 2.27 2.13
 15   1.88 1.53 1.21 0.96 0.85 0.89 1.10 1.37 1.66 1.89 1.95 1.87 1.65 1.35 1.04 0.82 0.78 0.88 1.10 1.40 1.78 2.12 2.23 2.20
 16   2.03 1.76 1.42 1.10 0.90 0.86 0.96 1.18 1.44 1.72 1.89 1.90 1.79 1.56 1.25 1.00 0.87 0.91 1.05 1.27 1.58 1.92 2.14 2.19
 17   2.11 1.90 1.59 1.28 1.03 0.92 0.94 1.07 1.30 1.58 1.80 1.88 1.84 1.68 1.44 1.16 0.98 0.93 0.99 1.14 1.38 1.70 1.95 2.07
 18   2.09 2.00 1.76 1.48 1.20 1.03 0.98 1.03 1.20 1.44 1.67 1.81 1.85 1.81 1.69 1.46 1.26 1.12 1.09 1.16 1.32 1.54 1.78 1.96
 19   2.05 2.03 1.90 1.64 1.40 1.18 1.05 1.04 1.14 1.32 1.53 1.70 1.83 1.88 1.81 1.64 1.47 1.33 1.20 1.16 1.25 1.43 1.64 1.80
 20   1.91 1.94 1.87 1.70 1.50 1.28 1.13 1.06 1.09 1.19 1.37 1.54 1.70 1.78 1.79 1.72 1.61 1.48 1.34 1.26 1.26 1.34 1.47 1.60
 21   1.74 1.81 1.79 1.67 1.50 1.35 1.21 1.12 1.08 1.13 1.23 1.38 1.52 1.64 1.71 1.72 1.67 1.58 1.47 1.34 1.26 1.25 1.30 1.38
 22   1.48 1.58 1.65 1.65 1.58 1.46 1.34 1.22 1.14 1.12 1.17 1.27 1.38 1.50 1.63 1.72 1.75 1.71 1.62 1.50 1.40 1.32 1.30 1.33
 23   1.40 1.51 1.59 1.63 1.62 1.57 1.46 1.32 1.20 1.12 1.10 1.14 1.23 1.36 1.52 1.66 1.75 1.79 1.77 1.68 1.57 1.46 1.35 1.28
 24   1.28 1.32 1.40 1.49 1.56 1.59 1.58 1.50 1.36 1.22 1.10 1.05 1.07 1.15 1.30 1.46 1.64 1.79 1.84 1.81 1.71 1.56 1.42 1.27
 25   1.20 1.19 1.24 1.33 1.44 1.54 1.60 1.57 1.46 1.32 1.18 1.04 0.96 0.97 1.09 1.26 1.48 1.69 1.85 1.89 1.85 1.72 1.54 1.34
 26   1.15 1.07 1.09 1.17 1.28 1.44 1.60 1.65 1.58 1.44 1.25 1.04 0.87 0.83 0.90 1.04 1.27 1.54 1.83 1.95 1.97 1.89 1.71 1.44
 27   1.20 1.03 0.97 1.00 1.13 1.32 1.53 1.68 1.70 1.61 1.42 1.16 0.94 0.80 0.80 0.90 1.10 1.40 1.75 1.95 2.04 2.02 1.87 1.60
 28   1.30 1.06 0.90 0.88 0.99 1.19 1.46 1.70 1.81 1.79 1.65 1.37 1.08 0.86 0.72 0.74 0.92 1.22 1.56 1.90 2.11 2.17 2.05 1.83
 29   1.50 1.21 0.99 0.88 0.91 1.09 1.37 1.64 1.86 1.92 1.85 1.61 1.28 0.96 0.76 0.70 0.79 1.00 1.35 1.70 2.05 2.21 2.20 2.00
 30   1.68 1.34 1.04 0.82 0.76 0.87 1.12 1.43 1.71 1.88 1.90 1.70 1.40 1.08 0.83 0.70 0.74 0.93 1.25 1.59 1.97 2.22 2.24 2.10
 31   1.81 1.46 1.10 0.84 0.73 0.76 0.97 1.28 1.61 1.89 1.99 1.90 1.65 1.34 1.03 0.82 0.71 0.79 1.03 1.36 1.74 2.09 2.22 2.18
 ----------------------------------------------------------------------------------------------------------------------------
                                                                                               
 ----------------------------------------------------------------------------------------------------------------------------
 ----------------------------------------------------------------------------------------------------------------------------
                                                          SURVEY OF INDIA
                                                    MARINE GEODESY WING (G&RB)
                                                     HOURLY HEIGHTS IN METRES
  NAME OF PORT:- KAKINADA                                                                           MONTH FEBRUARY  YEAR 2021
 ----------------------------------------------------------------------------------------------------------------------------
 DAYS 0000 0001 0002 0003 0004 0005 0006 0007 0008 0009 0010 0011 0012 0013 0014 0015 0016 0017 0018 0019 0020 0021 0022 0023
 ----------------------------------------------------------------------------------------------------------------------------
  1   1.99 1.68 1.30 0.88 0.72 0.72 0.85 1.11 1.46 1.80 2.01 2.04 1.94 1.71 1.39 1.08 0.87 0.84 0.94 1.16 1.49 1.82 2.12 2.22
  2   2.13 1.90 1.58 1.22 0.93 0.75 0.76 0.90 1.17 1.46 1.80 1.99 2.00 1.86 1.60 1.30 1.05 0.92 0.90 1.02 1.23 1.52 1.86 2.04
  3   2.08 1.98 1.74 1.38 1.08 0.86 0.77 0.80 0.96 1.20 1.52 1.76 1.90 1.92 1.83 1.58 1.30 1.10 1.00 0.99 1.10 1.32 1.61 1.83
  4   1.96 1.99 1.87 1.59 1.32 1.05 0.90 0.85 0.89 1.02 1.30 1.56 1.77 1.89 1.89 1.76 1.56 1.36 1.19 1.08 1.09 1.20 1.37 1.58
  5   1.76 1.85 1.84 1.72 1.51 1.28 1.08 0.94 0.89 0.93 1.08 1.26 1.48 1.70 1.81 1.82 1.74 1.60 1.45 1.30 1.20 1.18 1.23 1.33
  6   1.47 1.60 1.69 1.68 1.58 1.44 1.28 1.13 1.01 0.93 0.95 1.05 1.23 1.42 1.62 1.76 1.82 1.77 1.66 1.54 1.40 1.26 1.18 1.17
  7   1.24 1.36 1.47 1.57 1.61 1.59 1.50 1.38 1.23 1.08 0.99 0.96 1.03 1.17 1.38 1.58 1.78 1.89 1.88 1.79 1.64 1.47 1.29 1.15
  8   1.11 1.15 1.27 1.41 1.53 1.64 1.69 1.63 1.48 1.33 1.18 1.04 0.96 0.98 1.10 1.32 1.57 1.80 1.95 2.00 1.92 1.76 1.56 1.32
  9   1.12 1.05 1.06 1.18 1.35 1.52 1.69 1.78 1.75 1.59 1.38 1.14 0.95 0.87 0.89 1.04 1.29 1.60 1.88 2.06 2.08 1.97 1.77 1.50
 10   1.19 1.00 0.94 0.99 1.15 1.36 1.60 1.78 1.85 1.78 1.60 1.32 1.03 0.82 0.78 0.88 1.12 1.42 1.78 2.09 2.19 2.15 1.99 1.71
 11   1.36 1.10 0.92 0.87 0.97 1.18 1.44 1.70 1.86 1.89 1.75 1.48 1.16 0.92 0.75 0.74 0.89 1.17 1.50 1.88 2.11 2.18 2.10 1.86
 12   1.50 1.20 0.93 0.80 0.81 0.97 1.26 1.54 1.80 1.88 1.83 1.67 1.36 1.06 0.80 0.68 0.73 0.93 1.22 1.58 1.92 2.10 2.11 1.98
 13   1.70 1.32 1.03 0.80 0.71 0.80 1.02 1.35 1.64 1.85 1.88 1.77 1.54 1.20 0.90 0.72 0.66 0.77 1.03 1.34 1.72 2.02 2.09 2.02
 14   1.82 1.50 1.14 0.86 0.72 0.73 0.90 1.16 1.48 1.75 1.92 1.88 1.70 1.42 1.10 0.85 0.72 0.74 0.95 1.22 1.53 1.87 2.04 2.02
 15   1.86 1.60 1.26 0.96 0.78 0.72 0.82 1.04 1.35 1.62 1.83 1.87 1.77 1.53 1.25 0.98 0.80 0.78 0.89 1.10 1.36 1.66 1.90 1.97
 16   1.89 1.69 1.36 1.07 0.82 0.70 0.73 0.89 1.14 1.43 1.70 1.82 1.79 1.64 1.38 1.12 0.93 0.84 0.89 1.03 1.22 1.48 1.76 1.84
 17   1.80 1.67 1.44 1.16 0.90 0.76 0.75 0.83 1.04 1.29 1.56 1.74 1.78 1.71 1.54 1.30 1.06 0.92 0.90 0.98 1.14 1.35 1.57 1.75
 18   1.78 1.71 1.55 1.33 1.10 0.92 0.85 0.88 1.02 1.22 1.46 1.65 1.75 1.74 1.64 1.48 1.30 1.12 1.05 1.07 1.16 1.30 1.48 1.63
 19   1.70 1.68 1.57 1.39 1.20 1.05 0.95 0.92 0.99 1.14 1.34 1.51 1.67 1.74 1.71 1.62 1.50 1.36 1.24 1.18 1.19 1.26 1.38 1.50
 20   1.60 1.64 1.60 1.47 1.32 1.19 1.09 1.03 1.03 1.08 1.18 1.32 1.46 1.56 1.62 1.62 1.56 1.47 1.38 1.30 1.23 1.21 1.25 1.32
 21   1.38 1.43 1.44 1.41 1.33 1.23 1.12 1.02 0.96 0.97 1.04 1.15 1.25 1.34 1.43 1.50 1.54 1.54 1.49 1.41 1.32 1.23 1.17 1.16
 22   1.20 1.26 1.32 1.36 1.37 1.35 1.29 1.21 1.11 1.04 1.02 1.04 1.10 1.20 1.33 1.46 1.58 1.68 1.69 1.63 1.52 1.40 1.29 1.20
 23   1.16 1.18 1.24 1.33 1.41 1.46 1.47 1.42 1.30 1.18 1.06 0.98 0.95 1.00 1.14 1.32 1.49 1.66 1.79 1.80 1.72 1.58 1.40 1.22
 24   1.08 1.03 1.07 1.17 1.30 1.44 1.56 1.58 1.52 1.37 1.17 0.98 0.85 0.83 0.92 1.09 1.29 1.55 1.76 1.88 1.88 1.74 1.52 1.28
 25   1.06 0.91 0.89 0.96 1.11 1.30 1.50 1.64 1.66 1.54 1.33 1.07 0.85 0.72 0.71 0.84 1.09 1.36 1.67 1.92 2.00 1.93 1.73 1.45
 26   1.13 0.88 0.77 0.78 0.92 1.14 1.42 1.66 1.77 1.72 1.50 1.23 0.90 0.68 0.58 0.64 0.84 1.16 1.50 1.85 2.05 2.04 1.88 1.60
 27   1.24 0.90 0.69 0.62 0.69 0.93 1.25 1.56 1.80 1.85 1.70 1.44 1.10 0.77 0.58 0.54 0.65 0.92 1.28 1.66 2.00 2.10 2.00 1.76
 28   1.40 1.04 0.72 0.54 0.53 0.70 1.04 1.40 1.74 1.88 1.85 1.65 1.36 0.99 0.66 0.47 0.46 0.62 0.90 1.30 1.72 2.00 2.06 1.92
 ----------------------------------------------------------------------------------------------------------------------------
                                                                                               
 ----------------------------------------------------------------------------------------------------------------------------
 ----------------------------------------------------------------------------------------------------------------------------
                                                          SURVEY OF INDIA
                                                    MARINE GEODESY WING (G&RB)
                                                     HOURLY HEIGHTS IN METRES
  NAME OF PORT:- KAKINADA                                                                           MONTH MARCH     YEAR 2021
 ----------------------------------------------------------------------------------------------------------------------------
 DAYS 0000 0001 0002 0003 0004 0005 0006 0007 0008 0009 0010 0011 0012 0013 0014 0015 0016 0017 0018 0019 0020 0021 0022 0023
 ----------------------------------------------------------------------------------------------------------------------------
  1   1.64 1.24 0.85 0.55 0.39 0.44 0.68 1.03 1.39 1.75 1.89 1.84 1.61 1.27 0.89 0.60 0.46 0.47 0.68 1.01 1.39 1.79 2.02 2.00
  2   1.69 1.36 0.96 0.58 0.30 0.22 0.36 0.64 1.00 1.38 1.80 1.84 1.71 1.42 1.06 0.74 0.52 0.46 0.57 0.83 1.18 1.52 1.82 1.89
  3   1.77 1.51 1.14 0.78 0.46 0.34 0.38 0.58 0.90 1.26 1.61 1.81 1.82 1.64 1.35 1.04 0.75 0.57 0.55 0.69 0.94 1.26 1.59 1.77
  4   1.79 1.65 1.38 1.04 0.71 0.50 0.42 0.50 0.72 1.03 1.36 1.64 1.78 1.75 1.58 1.30 1.03 0.76 0.65 0.69 0.82 1.04 1.31 1.57
  5   1.70 1.68 1.54 1.28 0.96 0.71 0.56 0.54 0.65 0.84 1.11 1.38 1.60 1.68 1.66 1.52 1.29 1.03 0.86 0.78 0.80 0.90 1.07 1.27
  6   1.46 1.54 1.53 1.41 1.16 0.95 0.75 0.64 0.63 0.72 0.88 1.10 1.30 1.50 1.59 1.57 1.46 1.28 1.10 0.96 0.86 0.84 0.91 1.04
  7   1.18 1.30 1.39 1.38 1.27 1.13 0.99 0.85 0.74 0.69 0.73 0.85 1.02 1.20 1.37 1.48 1.53 1.48 1.35 1.21 1.08 0.96 0.88 0.90
  8   0.98 1.06 1.16 1.26 1.31 1.28 1.20 1.08 0.95 0.84 0.75 0.74 0.82 0.97 1.12 1.31 1.47 1.56 1.54 1.45 1.31 1.13 0.97 0.86
  9   0.82 0.85 0.95 1.09 1.23 1.32 1.35 1.29 1.18 1.03 0.88 0.74 0.70 0.77 0.92 1.10 1.34 1.54 1.66 1.67 1.58 1.39 1.17 0.96
 10   0.80 0.71 0.74 0.86 1.05 1.23 1.39 1.47 1.43 1.29 1.08 0.86 0.70 0.63 0.68 0.86 1.10 1.37 1.62 1.77 1.78 1.63 1.41 1.14
 11   0.86 0.66 0.59 0.68 0.88 1.10 1.33 1.50 1.55 1.44 1.23 0.94 0.72 0.56 0.52 0.65 0.88 1.18 1.48 1.75 1.84 1.76 1.54 1.26
 12   0.93 0.66 0.52 0.53 0.68 0.94 1.22 1.47 1.62 1.61 1.44 1.06 0.74 0.51 0.38 0.41 0.58 0.88 1.20 1.52 1.72 1.73 1.60 1.34
 13   1.08 0.80 0.58 0.52 0.62 0.86 1.16 1.46 1.72 1.82 1.75 1.54 1.24 0.96 0.70 0.63 0.70 0.90 1.22 1.54 1.87 2.01 1.96 1.77
 14   1.45 1.10 0.82 0.63 0.60 0.78 1.05 1.38 1.69 1.91 1.90 1.68 1.40 1.08 0.79 0.67 0.69 0.86 1.13 1.45 1.80 2.00 2.00 1.84
 15   1.57 1.20 0.89 0.67 0.65 0.76 1.01 1.34 1.68 1.93 1.98 1.87 1.64 1.32 1.00 0.80 0.76 0.85 1.05 1.34 1.69 1.96 2.02 1.93
 16   1.70 1.40 1.05 0.80 0.69 0.72 0.92 1.22 1.56 1.86 1.99 1.97 1.80 1.53 1.22 0.94 0.84 0.87 1.00 1.23 1.52 1.79 1.95 1.93
 17   1.75 1.48 1.14 0.88 0.74 0.71 0.84 1.10 1.39 1.70 1.92 1.97 1.88 1.65 1.37 1.08 0.89 0.84 0.92 1.10 1.36 1.64 1.86 1.91
 18   1.82 1.61 1.33 1.05 0.83 0.76 0.81 1.01 1.27 1.55 1.82 1.91 1.88 1.75 1.51 1.26 1.04 0.92 0.93 1.04 1.25 1.47 1.70 1.79
 19   1.75 1.62 1.39 1.15 0.92 0.79 0.80 0.91 1.10 1.34 1.59 1.75 1.82 1.78 1.65 1.44 1.22 1.06 1.01 1.05 1.17 1.34 1.56 1.69
 20   1.72 1.65 1.48 1.24 1.05 0.90 0.85 0.89 1.00 1.19 1.41 1.62 1.72 1.72 1.64 1.48 1.30 1.14 1.06 1.06 1.12 1.22 1.38 1.53
 21   1.61 1.60 1.52 1.36 1.18 1.01 0.93 0.91 0.95 1.06 1.25 1.42 1.57 1.65 1.66 1.61 1.50 1.35 1.22 1.14 1.13 1.16 1.22 1.32
 22   1.41 1.45 1.44 1.38 1.27 1.15 1.04 0.97 0.96 1.00 1.10 1.22 1.36 1.47 1.57 1.62 1.62 1.54 1.43 1.32 1.23 1.16 1.14 1.17
 23   1.22 1.28 1.36 1.41 1.41 1.36 1.27 1.16 1.08 1.03 1.03 1.07 1.14 1.25 1.38 1.52 1.60 1.61 1.56 1.47 1.36 1.26 1.16 1.09
 24   1.08 1.12 1.19 1.28 1.37 1.42 1.42 1.35 1.23 1.12 1.02 0.97 0.99 1.07 1.21 1.37 1.56 1.69 1.74 1.70 1.58 1.40 1.22 1.07
 25   0.99 0.99 1.05 1.20 1.36 1.50 1.59 1.58 1.46 1.28 1.12 0.96 0.86 0.88 1.00 1.19 1.42 1.66 1.80 1.85 1.79 1.60 1.36 1.12
 26   0.93 0.84 0.86 1.02 1.24 1.46 1.67 1.75 1.71 1.56 1.32 1.08 0.88 0.78 0.84 1.02 1.27 1.57 1.86 2.02 2.00 1.86 1.60 1.27
 27   0.95 0.76 0.69 0.81 1.04 1.32 1.64 1.89 1.93 1.82 1.58 1.27 0.98 0.78 0.72 0.82 1.08 1.39 1.73 2.04 2.14 2.05 1.81 1.48
 28   1.08 0.80 0.63 0.62 0.80 1.12 1.47 1.84 2.05 2.04 1.86 1.56 1.19 0.86 0.70 0.71 0.89 1.18 1.53 1.92 2.15 2.20 2.00 1.66
 29   1.25 0.90 0.59 0.48 0.58 0.87 1.25 1.64 2.04 2.15 2.07 1.81 1.43 1.06 0.76 0.62 0.68 0.94 1.30 1.66 2.04 2.20 2.13 1.86
 30   1.43 1.02 0.64 0.43 0.40 0.58 0.92 1.36 1.78 2.10 2.14 2.00 1.70 1.32 0.94 0.66 0.57 0.70 0.96 1.33 1.70 2.04 2.11 1.98
 31   1.70 1.28 0.86 0.54 0.39 0.42 0.67 1.04 1.44 1.85 2.10 2.09 1.90 1.58 1.20 0.86 0.63 0.60 0.73 1.02 1.36 1.71 1.95 1.96
 ----------------------------------------------------------------------------------------------------------------------------
                                                                                               
 ----------------------------------------------------------------------------------------------------------------------------
 ----------------------------------------------------------------------------------------------------------------------------
                                                          SURVEY OF INDIA
                                                    MARINE GEODESY WING (G&RB)
                                                     HOURLY HEIGHTS IN METRES
  NAME OF PORT:- KAKINADA                                                                           MONTH APRIL     YEAR 2021
 ----------------------------------------------------------------------------------------------------------------------------
 DAYS 0000 0001 0002 0003 0004 0005 0006 0007 0008 0009 0010 0011 0012 0013 0014 0015 0016 0017 0018 0019 0020 0021 0022 0023
 ----------------------------------------------------------------------------------------------------------------------------
  1   1.79 1.50 1.11 0.76 0.52 0.44 0.53 0.79 1.15 1.52 1.89 2.05 2.00 1.78 1.45 1.13 0.85 0.72 0.74 0.91 1.16 1.48 1.73 1.85
  2   1.80 1.62 1.30 0.97 0.70 0.54 0.52 0.68 0.94 1.26 1.57 1.84 1.93 1.86 1.66 1.36 1.09 0.86 0.76 0.79 0.96 1.19 1.43 1.62
  3   1.70 1.66 1.50 1.26 1.02 0.81 0.70 0.72 0.84 1.06 1.34 1.61 1.80 1.85 1.78 1.62 1.39 1.15 0.98 0.90 0.94 1.07 1.25 1.42
  4   1.58 1.63 1.57 1.44 1.27 1.10 0.94 0.88 0.89 0.98 1.16 1.37 1.58 1.73 1.80 1.78 1.66 1.48 1.29 1.14 1.06 1.07 1.13 1.24
  5   1.34 1.44 1.52 1.53 1.45 1.31 1.17 1.05 0.97 0.94 0.99 1.12 1.30 1.49 1.63 1.70 1.71 1.66 1.54 1.38 1.24 1.13 1.08 1.10
  6   1.16 1.26 1.35 1.43 1.48 1.47 1.40 1.29 1.20 1.12 1.07 1.08 1.15 1.29 1.44 1.58 1.71 1.77 1.73 1.62 1.47 1.31 1.16 1.07
  7   1.03 1.05 1.13 1.28 1.42 1.53 1.56 1.52 1.42 1.28 1.15 1.05 1.03 1.09 1.22 1.38 1.58 1.73 1.80 1.79 1.68 1.49 1.27 1.09
  8   0.97 0.93 1.00 1.16 1.34 1.51 1.65 1.69 1.63 1.47 1.27 1.08 0.93 0.91 1.01 1.17 1.37 1.59 1.78 1.84 1.79 1.65 1.41 1.13
  9   0.93 0.83 0.83 0.96 1.16 1.39 1.59 1.73 1.75 1.61 1.40 1.17 0.94 0.82 0.84 0.97 1.18 1.45 1.71 1.86 1.87 1.77 1.55 1.25
 10   0.96 0.78 0.72 0.82 1.03 1.28 1.56 1.78 1.87 1.80 1.61 1.33 1.07 0.87 0.80 0.88 1.07 1.32 1.60 1.86 1.95 1.91 1.71 1.41
 11   1.10 0.82 0.71 0.75 0.93 1.19 1.50 1.81 1.96 1.97 1.83 1.57 1.25 0.99 0.84 0.83 0.99 1.22 1.50 1.80 1.97 1.97 1.83 1.54
 12   1.22 0.92 0.73 0.69 0.84 1.08 1.40 1.73 1.99 2.04 1.93 1.71 1.40 1.09 0.82 0.77 0.85 1.05 1.35 1.64 1.90 1.99 1.91 1.69
 13   1.35 1.01 0.76 0.66 0.74 0.95 1.24 1.60 1.94 2.10 2.05 1.87 1.59 1.28 0.99 0.83 0.82 0.97 1.22 1.50 1.83 2.00 1.96 1.77
 14   1.46 1.14 0.87 0.68 0.69 0.86 1.10 1.44 1.77 2.02 2.06 1.96 1.73 1.41 1.12 0.87 0.77 0.85 1.05 1.33 1.65 1.89 1.95 1.84
 15   1.59 1.28 0.96 0.73 0.64 0.72 0.95 1.27 1.60 1.90 2.04 2.02 1.86 1.53 1.22 0.95 0.82 0.84 0.99 1.22 1.52 1.76 1.88 1.83
 16   1.65 1.37 1.05 0.80 0.70 0.73 0.87 1.14 1.45 1.77 1.97 2.01 1.91 1.71 1.43 1.13 0.95 0.89 0.96 1.13 1.37 1.66 1.82 1.86
 17   1.73 1.50 1.23 0.98 0.81 0.77 0.88 1.08 1.35 1.65 1.89 2.01 2.01 1.86 1.61 1.34 1.11 1.02 1.02 1.11 1.27 1.50 1.70 1.79
 18   1.77 1.62 1.38 1.17 0.98 0.87 0.90 1.04 1.23 1.46 1.72 1.90 1.96 1.90 1.75 1.55 1.31 1.14 1.09 1.12 1.22 1.38 1.53 1.66
 19   1.71 1.67 1.53 1.32 1.14 1.00 0.95 0.99 1.10 1.28 1.52 1.72 1.84 1.86 1.79 1.65 1.47 1.31 1.19 1.13 1.15 1.25 1.39 1.51
 20   1.60 1.62 1.56 1.46 1.34 1.21 1.11 1.07 1.10 1.19 1.35 1.52 1.70 1.79 1.81 1.77 1.67 1.53 1.38 1.27 1.20 1.19 1.23 1.30
 21   1.40 1.48 1.54 1.54 1.47 1.37 1.25 1.17 1.13 1.15 1.20 1.28 1.41 1.55 1.67 1.73 1.73 1.67 1.56 1.40 1.27 1.19 1.14 1.15
 22   1.22 1.29 1.38 1.46 1.54 1.54 1.46 1.35 1.23 1.14 1.10 1.13 1.22 1.34 1.50 1.64 1.75 1.80 1.75 1.62 1.44 1.27 1.10 1.00
 23   1.00 1.09 1.20 1.35 1.50 1.63 1.67 1.59 1.45 1.28 1.13 1.03 1.02 1.12 1.27 1.46 1.70 1.87 1.95 1.88 1.70 1.46 1.22 1.02
 24   0.89 0.87 1.00 1.22 1.46 1.70 1.87 1.89 1.76 1.57 1.32 1.11 0.96 0.95 1.07 1.30 1.57 1.86 2.05 2.09 1.98 1.74 1.41 1.10
 25   0.86 0.72 0.77 0.98 1.29 1.60 1.92 2.08 2.07 1.87 1.60 1.28 1.03 0.89 0.93 1.10 1.34 1.66 1.98 2.14 2.10 1.92 1.60 1.22
 26   0.89 0.66 0.59 0.72 1.02 1.38 1.78 2.16 2.23 2.13 1.89 1.54 1.19 0.91 0.80 0.85 1.06 1.38 1.74 2.10 2.20 2.11 1.86 1.46
 27   1.06 0.71 0.52 0.52 0.74 1.08 1.51 1.97 2.26 2.29 2.14 1.80 1.40 1.04 0.80 0.71 0.84 1.10 1.47 1.86 2.12 2.15 2.01 1.67
 28   1.28 0.85 0.54 0.43 0.54 0.84 1.23 1.66 2.13 2.32 2.27 2.05 1.69 1.30 0.95 0.75 0.71 0.88 1.17 1.54 1.90 2.12 2.10 1.90
 29   1.54 1.16 0.76 0.54 0.47 0.63 0.94 1.32 1.76 2.16 2.27 2.18 1.94 1.54 1.17 0.86 0.71 0.74 0.94 1.24 1.57 1.89 2.02 1.94
 30   1.72 1.39 1.03 0.72 0.54 0.56 0.78 1.12 1.46 1.88 2.16 2.22 2.09 1.83 1.45 1.13 0.90 0.79 0.86 1.04 1.30 1.60 1.86 1.92
 ----------------------------------------------------------------------------------------------------------------------------
                                                                                               
 ----------------------------------------------------------------------------------------------------------------------------
 ----------------------------------------------------------------------------------------------------------------------------
                                                          SURVEY OF INDIA
                                                    MARINE GEODESY WING (G&RB)
                                                     HOURLY HEIGHTS IN METRES
  NAME OF PORT:- KAKINADA                                                                           MONTH MAY       YEAR 2021
 ----------------------------------------------------------------------------------------------------------------------------
 DAYS 0000 0001 0002 0003 0004 0005 0006 0007 0008 0009 0010 0011 0012 0013 0014 0015 0016 0017 0018 0019 0020 0021 0022 0023
 ----------------------------------------------------------------------------------------------------------------------------
  1   1.85 1.64 1.28 0.98 0.77 0.67 0.74 0.94 1.26 1.55 1.87 2.08 2.07 1.91 1.68 1.40 1.16 1.00 0.93 0.97 1.16 1.38 1.61 1.76
  2   1.78 1.68 1.45 1.22 1.02 0.87 0.80 0.88 1.06 1.29 1.57 1.82 1.94 1.95 1.84 1.65 1.44 1.23 1.10 1.04 1.08 1.20 1.37 1.52
  3   1.64 1.65 1.58 1.44 1.28 1.11 1.03 1.02 1.08 1.19 1.37 1.57 1.75 1.88 1.88 1.77 1.64 1.48 1.33 1.19 1.12 1.12 1.20 1.32
  4   1.42 1.51 1.57 1.56 1.48 1.38 1.28 1.19 1.14 1.14 1.22 1.37 1.53 1.68 1.78 1.80 1.76 1.67 1.55 1.40 1.26 1.14 1.10 1.15
  5   1.24 1.35 1.45 1.53 1.56 1.52 1.45 1.36 1.28 1.22 1.20 1.25 1.38 1.54 1.69 1.78 1.80 1.77 1.70 1.57 1.39 1.24 1.14 1.10
  6   1.13 1.22 1.33 1.47 1.62 1.70 1.68 1.60 1.49 1.35 1.23 1.18 1.22 1.33 1.50 1.66 1.80 1.87 1.85 1.73 1.56 1.38 1.21 1.06
  7   1.00 1.06 1.20 1.39 1.56 1.69 1.76 1.74 1.64 1.49 1.33 1.18 1.12 1.17 1.28 1.44 1.63 1.79 1.87 1.86 1.76 1.56 1.30 1.09
  8   0.95 0.90 0.99 1.18 1.41 1.64 1.81 1.88 1.84 1.72 1.49 1.28 1.12 1.06 1.12 1.26 1.45 1.70 1.87 1.92 1.85 1.70 1.43 1.17
  9   0.96 0.84 0.87 1.02 1.28 1.54 1.80 1.96 1.97 1.86 1.65 1.37 1.13 0.99 0.99 1.10 1.28 1.53 1.77 1.91 1.90 1.77 1.56 1.22
 10   0.95 0.80 0.78 0.90 1.14 1.42 1.72 1.96 2.04 1.98 1.78 1.51 1.24 1.03 0.94 0.96 1.08 1.32 1.59 1.84 1.90 1.84 1.67 1.39
 11   1.05 0.83 0.74 0.82 1.01 1.29 1.59 1.91 2.09 2.06 1.90 1.64 1.33 1.05 0.90 0.88 1.00 1.20 1.48 1.75 1.90 1.88 1.72 1.45
 12   1.15 0.85 0.68 0.69 0.89 1.14 1.44 1.79 2.06 2.10 2.00 1.76 1.49 1.20 0.98 0.88 0.92 1.11 1.33 1.61 1.82 1.88 1.80 1.60
 13   1.28 0.99 0.78 0.69 0.78 0.98 1.27 1.61 1.93 2.08 2.07 1.94 1.69 1.37 1.07 0.91 0.87 0.95 1.13 1.37 1.65 1.80 1.78 1.63
 14   1.37 1.05 0.79 0.66 0.68 0.85 1.11 1.43 1.75 1.98 2.07 1.99 1.80 1.51 1.21 0.97 0.86 0.87 1.04 1.27 1.51 1.72 1.80 1.72
 15   1.54 1.26 0.97 0.80 0.73 0.81 1.00 1.27 1.56 1.88 2.02 2.00 1.86 1.65 1.36 1.11 0.98 0.94 1.04 1.21 1.44 1.66 1.81 1.80
 16   1.67 1.45 1.17 0.93 0.82 0.82 0.94 1.16 1.43 1.72 1.94 2.00 1.94 1.78 1.56 1.30 1.10 0.98 0.98 1.12 1.29 1.48 1.64 1.70
 17   1.65 1.50 1.26 1.06 0.90 0.86 0.92 1.07 1.29 1.54 1.76 1.93 1.97 1.88 1.71 1.49 1.26 1.12 1.06 1.10 1.22 1.37 1.52 1.64
 18   1.66 1.59 1.44 1.25 1.09 0.96 0.94 1.02 1.17 1.36 1.60 1.76 1.86 1.88 1.78 1.61 1.42 1.26 1.14 1.08 1.10 1.20 1.33 1.47
 19   1.56 1.58 1.51 1.38 1.24 1.11 1.03 1.02 1.09 1.21 1.36 1.54 1.70 1.79 1.80 1.73 1.58 1.41 1.27 1.13 1.06 1.08 1.16 1.26
 20   1.36 1.45 1.50 1.48 1.41 1.29 1.17 1.08 1.06 1.10 1.20 1.35 1.50 1.65 1.74 1.76 1.69 1.56 1.41 1.23 1.09 0.99 0.98 1.04
 21   1.15 1.27 1.38 1.49 1.53 1.49 1.39 1.27 1.17 1.10 1.08 1.13 1.26 1.42 1.57 1.68 1.75 1.74 1.64 1.40 1.14 0.98 0.88 0.84
 22   0.88 1.00 1.18 1.40 1.59 1.68 1.65 1.55 1.40 1.21 1.06 0.98 1.02 1.14 1.34 1.52 1.69 1.78 1.77 1.65 1.44 1.17 0.90 0.75
 23   0.72 0.83 1.01 1.23 1.51 1.75 1.86 1.83 1.69 1.46 1.21 1.02 0.93 0.98 1.14 1.36 1.60 1.81 1.92 1.83 1.62 1.36 1.08 0.83
 24   0.66 0.65 0.78 1.08 1.40 1.73 1.98 2.05 1.95 1.73 1.46 1.16 0.94 0.85 0.92 1.16 1.41 1.70 1.94 2.02 1.90 1.66 1.34 1.02
 25   0.79 0.67 0.66 0.83 1.18 1.54 1.94 2.20 2.25 2.08 1.81 1.45 1.16 0.93 0.87 0.97 1.24 1.52 1.83 2.09 2.12 1.97 1.64 1.28
 26   0.91 0.66 0.56 0.70 1.00 1.38 1.77 2.22 2.38 2.35 2.14 1.82 1.48 1.15 0.94 0.88 1.02 1.28 1.61 1.94 2.12 2.11 1.93 1.62
 27   1.28 0.96 0.72 0.70 0.86 1.18 1.58 2.04 2.41 2.54 2.50 2.27 1.92 1.55 1.24 1.06 1.06 1.21 1.50 1.84 2.12 2.25 2.20 2.01
 28   1.66 1.30 0.98 0.80 0.78 0.96 1.25 1.63 2.03 2.31 2.38 2.29 2.00 1.65 1.29 1.02 0.87 0.87 1.04 1.36 1.68 1.95 2.05 2.01
 29   1.79 1.48 1.18 0.94 0.84 0.88 1.08 1.38 1.75 2.10 2.30 2.34 2.24 1.96 1.62 1.31 1.09 0.96 0.97 1.14 1.40 1.69 1.87 1.93
 30   1.84 1.62 1.34 1.11 0.94 0.88 0.96 1.15 1.46 1.79 2.07 2.22 2.26 2.13 1.87 1.57 1.31 1.11 1.01 1.06 1.22 1.46 1.66 1.79
 31   1.82 1.73 1.54 1.30 1.11 0.97 0.92 1.01 1.21 1.46 1.73 1.94 2.05 2.06 1.94 1.71 1.49 1.28 1.11 1.04 1.09 1.24 1.41 1.57
 ----------------------------------------------------------------------------------------------------------------------------
                                                                                               
 ----------------------------------------------------------------------------------------------------------------------------
 ----------------------------------------------------------------------------------------------------------------------------
                                                          SURVEY OF INDIA
                                                    MARINE GEODESY WING (G&RB)
                                                     HOURLY HEIGHTS IN METRES
  NAME OF PORT:- KAKINADA                                                                           MONTH JUNE      YEAR 2021
 ----------------------------------------------------------------------------------------------------------------------------
 DAYS 0000 0001 0002 0003 0004 0005 0006 0007 0008 0009 0010 0011 0012 0013 0014 0015 0016 0017 0018 0019 0020 0021 0022 0023
 ----------------------------------------------------------------------------------------------------------------------------
  1   1.67 1.70 1.63 1.50 1.31 1.13 0.99 0.98 1.06 1.21 1.40 1.62 1.80 1.91 1.89 1.77 1.58 1.39 1.20 1.06 1.00 1.06 1.18 1.32
  2   1.44 1.54 1.60 1.58 1.49 1.35 1.24 1.17 1.15 1.18 1.27 1.44 1.60 1.72 1.79 1.81 1.72 1.54 1.32 1.18 1.09 1.06 1.09 1.17
  3   1.30 1.42 1.52 1.59 1.60 1.53 1.42 1.32 1.23 1.18 1.18 1.28 1.45 1.60 1.71 1.77 1.77 1.70 1.58 1.42 1.26 1.15 1.10 1.11
  4   1.20 1.32 1.44 1.57 1.65 1.66 1.62 1.53 1.42 1.32 1.24 1.25 1.34 1.45 1.58 1.70 1.77 1.77 1.68 1.55 1.40 1.25 1.09 0.99
  5   1.02 1.14 1.29 1.48 1.64 1.72 1.72 1.67 1.56 1.42 1.27 1.17 1.17 1.24 1.36 1.49 1.62 1.70 1.69 1.61 1.46 1.28 1.12 1.00
  6   0.92 0.93 1.06 1.26 1.48 1.64 1.75 1.76 1.68 1.53 1.32 1.17 1.09 1.08 1.15 1.31 1.48 1.62 1.68 1.66 1.56 1.37 1.19 1.02
  7   0.88 0.84 0.94 1.12 1.34 1.58 1.76 1.83 1.78 1.64 1.43 1.23 1.08 1.00 1.02 1.11 1.28 1.46 1.63 1.69 1.64 1.49 1.27 1.07
  8   0.89 0.79 0.83 0.96 1.20 1.45 1.72 1.88 1.92 1.81 1.59 1.37 1.14 1.00 0.96 1.04 1.21 1.42 1.61 1.70 1.67 1.56 1.37 1.12
  9   0.87 0.76 0.76 0.88 1.10 1.37 1.67 1.90 1.98 1.90 1.70 1.48 1.24 1.01 0.90 0.92 1.06 1.25 1.48 1.66 1.72 1.66 1.48 1.25
 10   0.98 0.78 0.70 0.78 0.97 1.23 1.53 1.85 2.03 2.02 1.90 1.70 1.42 1.14 0.96 0.90 1.00 1.18 1.40 1.64 1.78 1.78 1.65 1.42
 11   1.12 0.85 0.74 0.77 0.89 1.11 1.40 1.71 1.97 2.05 1.99 1.81 1.57 1.27 1.03 0.90 0.90 1.02 1.22 1.48 1.70 1.78 1.71 1.55
 12   1.32 1.02 0.82 0.76 0.85 1.03 1.26 1.58 1.89 2.05 2.05 1.94 1.74 1.47 1.19 1.00 0.92 0.98 1.14 1.37 1.60 1.80 1.82 1.72
 13   1.50 1.27 1.02 0.89 0.86 0.97 1.17 1.43 1.73 1.97 2.08 2.04 1.91 1.68 1.41 1.18 1.04 1.00 1.10 1.30 1.56 1.76 1.85 1.84
 14   1.70 1.43 1.15 0.98 0.90 0.92 1.06 1.30 1.61 1.88 2.04 2.10 2.03 1.86 1.60 1.37 1.18 1.08 1.09 1.25 1.46 1.66 1.81 1.86
 15   1.80 1.64 1.42 1.20 1.06 1.02 1.08 1.25 1.46 1.73 1.95 2.07 2.08 1.97 1.78 1.53 1.30 1.15 1.08 1.13 1.28 1.48 1.68 1.80
 16   1.82 1.73 1.57 1.38 1.20 1.08 1.05 1.10 1.23 1.46 1.72 1.91 2.00 1.97 1.84 1.66 1.44 1.22 1.08 1.04 1.09 1.24 1.41 1.58
 17   1.70 1.72 1.64 1.50 1.34 1.17 1.06 1.04 1.12 1.27 1.45 1.66 1.84 1.92 1.89 1.76 1.58 1.36 1.16 1.03 0.98 1.04 1.18 1.36
 18   1.50 1.60 1.64 1.62 1.50 1.33 1.17 1.10 1.09 1.14 1.27 1.48 1.68 1.82 1.86 1.82 1.72 1.54 1.30 1.09 0.98 0.95 1.00 1.14
 19   1.36 1.52 1.65 1.72 1.72 1.63 1.48 1.32 1.22 1.18 1.19 1.28 1.46 1.65 1.81 1.88 1.86 1.74 1.52 1.29 1.10 0.96 0.88 0.88
 20   0.94 1.11 1.34 1.62 1.86 2.00 2.02 1.92 1.73 1.48 1.28 1.16 1.16 1.25 1.40 1.60 1.80 1.92 1.94 1.83 1.62 1.31 1.07 0.92
 21   0.94 1.11 1.34 1.62 1.86 2.00 2.02 1.92 1.73 1.48 1.28 1.16 1.16 1.25 1.40 1.60 1.80 1.92 1.94 1.83 1.62 1.31 1.07 0.90
 22   0.84 0.88 1.09 1.37 1.69 2.02 2.18 2.18 2.05 1.79 1.53 1.29 1.15 1.10 1.16 1.36 1.60 1.84 1.98 1.98 1.88 1.67 1.34 1.07
 23   0.87 0.78 0.88 1.12 1.44 1.81 2.16 2.34 2.32 2.13 1.87 1.55 1.29 1.12 1.05 1.14 1.36 1.65 1.90 2.06 2.06 1.91 1.63 1.32
 24   1.00 0.81 0.76 0.90 1.15 1.51 1.91 2.22 2.35 2.28 2.08 1.78 1.46 1.18 1.00 0.96 1.11 1.34 1.64 1.93 2.07 2.03 1.86 1.55
 25   1.20 0.92 0.74 0.74 0.88 1.21 1.56 1.94 2.27 2.35 2.24 2.02 1.70 1.37 1.09 0.90 0.90 1.07 1.32 1.61 1.89 2.02 1.95 1.75
 26   1.46 1.14 0.87 0.74 0.78 0.98 1.26 1.60 1.98 2.26 2.30 2.19 1.96 1.61 1.26 1.01 0.89 0.92 1.10 1.35 1.63 1.86 1.96 1.88
 27   1.66 1.36 1.04 0.82 0.74 0.84 1.03 1.31 1.67 2.04 2.22 2.25 2.10 1.84 1.52 1.25 1.04 0.92 0.97 1.18 1.42 1.66 1.85 1.91
 28   1.81 1.61 1.32 1.06 0.88 0.84 0.91 1.13 1.43 1.78 2.06 2.21 2.21 2.08 1.80 1.52 1.23 1.03 0.96 1.02 1.22 1.45 1.67 1.82
 29   1.88 1.77 1.55 1.32 1.11 0.98 0.96 1.06 1.28 1.54 1.82 2.05 2.16 2.11 1.94 1.68 1.42 1.20 1.02 1.00 1.08 1.24 1.46 1.64
 30   1.76 1.79 1.70 1.51 1.30 1.15 1.06 1.06 1.17 1.36 1.60 1.81 1.97 2.02 1.94 1.72 1.50 1.28 1.11 0.99 1.01 1.14 1.31 1.47
 ----------------------------------------------------------------------------------------------------------------------------
                                                                                               
 ----------------------------------------------------------------------------------------------------------------------------
 ----------------------------------------------------------------------------------------------------------------------------
                                                          SURVEY OF INDIA
                                                    MARINE GEODESY WING (G&RB)
                                                     HOURLY HEIGHTS IN METRES
  NAME OF PORT:- KAKINADA                                                                           MONTH JULY      YEAR 2021
 ----------------------------------------------------------------------------------------------------------------------------
 DAYS 0000 0001 0002 0003 0004 0005 0006 0007 0008 0009 0010 0011 0012 0013 0014 0015 0016 0017 0018 0019 0020 0021 0022 0023
 ----------------------------------------------------------------------------------------------------------------------------
  1   1.61 1.69 1.66 1.53 1.40 1.28 1.17 1.13 1.16 1.25 1.40 1.57 1.75 1.85 1.87 1.77 1.59 1.38 1.22 1.10 1.05 1.06 1.14 1.28
  2   1.47 1.58 1.62 1.61 1.54 1.42 1.30 1.20 1.14 1.14 1.20 1.33 1.54 1.70 1.75 1.71 1.60 1.44 1.27 1.12 1.06 1.06 1.09 1.16
  3   1.28 1.43 1.54 1.61 1.62 1.56 1.46 1.37 1.30 1.25 1.24 1.30 1.40 1.52 1.62 1.66 1.64 1.54 1.39 1.26 1.15 1.08 1.07 1.11
  4   1.19 1.32 1.45 1.59 1.69 1.70 1.63 1.54 1.44 1.36 1.28 1.24 1.28 1.38 1.48 1.57 1.64 1.64 1.57 1.45 1.29 1.16 1.10 1.09
  5   1.12 1.19 1.32 1.51 1.67 1.73 1.73 1.68 1.58 1.47 1.34 1.24 1.22 1.28 1.38 1.48 1.57 1.64 1.66 1.61 1.48 1.34 1.20 1.09
  6   1.04 1.08 1.18 1.34 1.53 1.69 1.80 1.83 1.78 1.63 1.46 1.30 1.21 1.21 1.27 1.37 1.47 1.58 1.67 1.67 1.58 1.41 1.24 1.10
  7   1.01 0.98 1.05 1.22 1.44 1.67 1.84 1.92 1.92 1.81 1.60 1.41 1.24 1.16 1.15 1.20 1.32 1.50 1.64 1.69 1.66 1.56 1.40 1.16
  8   0.96 0.90 0.95 1.08 1.27 1.52 1.77 1.96 2.02 1.93 1.73 1.50 1.30 1.15 1.08 1.09 1.20 1.37 1.56 1.72 1.76 1.68 1.50 1.28
  9   1.08 0.94 0.88 0.95 1.12 1.37 1.66 1.89 2.04 2.05 1.91 1.66 1.44 1.22 1.08 1.04 1.12 1.28 1.50 1.68 1.80 1.81 1.67 1.44
 10   1.18 0.96 0.83 0.86 1.00 1.22 1.50 1.80 2.06 2.12 2.05 1.86 1.60 1.31 1.08 1.00 1.04 1.16 1.36 1.59 1.78 1.85 1.78 1.60
 11   1.32 1.07 0.87 0.81 0.90 1.08 1.32 1.66 1.96 2.12 2.12 2.02 1.82 1.52 1.22 1.06 1.02 1.07 1.26 1.48 1.73 1.89 1.90 1.77
 12   1.52 1.25 1.03 0.92 0.92 1.04 1.24 1.54 1.87 2.12 2.20 2.15 1.98 1.70 1.38 1.18 1.07 1.07 1.18 1.39 1.63 1.84 1.92 1.90
 13   1.74 1.50 1.26 1.08 1.00 1.01 1.12 1.36 1.70 2.00 2.18 2.21 2.10 1.88 1.58 1.32 1.16 1.08 1.10 1.22 1.46 1.70 1.89 1.94
 14   1.88 1.70 1.46 1.26 1.11 1.07 1.12 1.26 1.52 1.82 2.06 2.18 2.19 2.06 1.78 1.48 1.27 1.13 1.08 1.14 1.31 1.56 1.79 1.92
 15   1.97 1.90 1.68 1.41 1.20 1.09 1.10 1.20 1.38 1.62 1.92 2.12 2.17 2.12 1.95 1.66 1.39 1.18 1.07 1.08 1.20 1.40 1.64 1.87
 16   1.97 1.97 1.86 1.68 1.44 1.25 1.18 1.19 1.30 1.51 1.76 1.98 2.14 2.16 2.04 1.85 1.59 1.32 1.16 1.10 1.12 1.24 1.44 1.66
 17   1.84 1.96 1.98 1.89 1.70 1.49 1.31 1.24 1.30 1.42 1.60 1.80 1.99 2.13 2.14 2.01 1.80 1.56 1.32 1.16 1.09 1.14 1.26 1.44
 18   1.66 1.85 2.00 2.01 1.92 1.78 1.60 1.44 1.34 1.34 1.41 1.58 1.78 1.92 2.00 2.00 1.91 1.74 1.47 1.25 1.12 1.06 1.08 1.21
 19   1.40 1.62 1.80 1.95 2.02 1.96 1.80 1.63 1.48 1.35 1.29 1.34 1.49 1.65 1.78 1.89 1.93 1.85 1.66 1.45 1.24 1.08 0.99 1.02
 20   1.12 1.29 1.53 1.77 1.96 2.03 1.98 1.82 1.62 1.42 1.28 1.21 1.24 1.34 1.50 1.66 1.79 1.84 1.78 1.63 1.42 1.21 1.03 0.90
 21   0.88 0.97 1.15 1.43 1.67 1.89 1.99 1.98 1.86 1.60 1.34 1.16 1.06 1.05 1.16 1.32 1.52 1.70 1.77 1.71 1.57 1.38 1.16 0.97
 22   0.80 0.75 0.88 1.12 1.38 1.70 1.92 2.04 2.02 1.84 1.54 1.29 1.08 0.97 0.96 1.08 1.26 1.48 1.66 1.76 1.74 1.58 1.35 1.10
 23   0.90 0.76 0.74 0.87 1.15 1.46 1.81 2.02 2.08 1.98 1.77 1.46 1.22 1.02 0.91 0.91 1.06 1.28 1.54 1.78 1.90 1.82 1.59 1.35
 24   1.10 0.86 0.73 0.76 0.92 1.18 1.54 1.88 2.12 2.15 2.04 1.78 1.45 1.20 1.00 0.87 0.88 1.08 1.34 1.63 1.85 1.92 1.82 1.60
 25   1.30 1.04 0.81 0.71 0.77 1.02 1.31 1.67 2.04 2.23 2.29 2.17 1.78 1.43 1.12 0.91 0.82 0.90 1.12 1.41 1.70 1.90 1.94 1.80
 26   1.55 1.22 0.88 0.76 0.76 0.88 1.08 1.39 1.78 2.13 2.22 2.16 1.98 1.69 1.30 1.02 0.87 0.85 0.97 1.22 1.52 1.80 1.95 1.93
 27   1.78 1.50 1.20 0.97 0.84 0.87 1.02 1.27 1.60 1.93 2.12 2.16 2.07 1.83 1.49 1.18 0.97 0.87 0.88 1.08 1.34 1.64 1.86 1.92
 28   1.85 1.68 1.40 1.13 0.95 0.90 0.95 1.11 1.37 1.65 1.93 2.05 2.07 1.95 1.71 1.38 1.12 0.95 0.89 0.98 1.17 1.45 1.69 1.84
 29   1.87 1.79 1.60 1.35 1.14 0.99 0.95 1.03 1.20 1.43 1.68 1.90 1.97 1.90 1.71 1.48 1.23 1.03 0.90 0.91 1.02 1.23 1.46 1.66
 30   1.76 1.76 1.63 1.46 1.26 1.09 0.97 0.96 1.07 1.24 1.46 1.65 1.77 1.77 1.68 1.49 1.27 1.07 0.95 0.91 0.97 1.11 1.29 1.50
 31   1.63 1.68 1.64 1.52 1.36 1.20 1.06 1.03 1.08 1.19 1.31 1.46 1.63 1.70 1.67 1.56 1.40 1.19 1.01 0.94 0.96 1.03 1.16 1.32
 ----------------------------------------------------------------------------------------------------------------------------
                                                                                               
 ----------------------------------------------------------------------------------------------------------------------------
 ----------------------------------------------------------------------------------------------------------------------------
                                                          SURVEY OF INDIA
                                                    MARINE GEODESY WING (G&RB)
                                                     HOURLY HEIGHTS IN METRES
  NAME OF PORT:- KAKINADA                                                                           MONTH AUGUST    YEAR 2021
 ----------------------------------------------------------------------------------------------------------------------------
 DAYS 0000 0001 0002 0003 0004 0005 0006 0007 0008 0009 0010 0011 0012 0013 0014 0015 0016 0017 0018 0019 0020 0021 0022 0023
 ----------------------------------------------------------------------------------------------------------------------------
  1   1.48 1.58 1.63 1.61 1.52 1.39 1.27 1.19 1.15 1.18 1.25 1.38 1.51 1.61 1.65 1.62 1.51 1.37 1.25 1.16 1.09 1.08 1.13 1.27
  2   1.40 1.52 1.63 1.71 1.70 1.63 1.53 1.44 1.35 1.30 1.31 1.37 1.47 1.57 1.63 1.65 1.61 1.53 1.42 1.32 1.23 1.15 1.13 1.19
  3   1.30 1.42 1.54 1.67 1.75 1.75 1.69 1.60 1.49 1.37 1.28 1.27 1.31 1.37 1.43 1.49 1.55 1.55 1.50 1.41 1.31 1.22 1.15 1.11
  4   1.13 1.24 1.38 1.53 1.67 1.78 1.81 1.77 1.66 1.52 1.38 1.27 1.23 1.24 1.31 1.41 1.51 1.59 1.61 1.57 1.46 1.33 1.21 1.13
  5   1.09 1.11 1.19 1.37 1.59 1.75 1.85 1.89 1.83 1.69 1.53 1.39 1.26 1.18 1.19 1.29 1.42 1.56 1.66 1.71 1.67 1.53 1.36 1.17
  6   1.03 0.99 1.05 1.20 1.42 1.64 1.85 2.01 2.01 1.88 1.70 1.51 1.32 1.18 1.13 1.17 1.31 1.48 1.63 1.75 1.77 1.69 1.52 1.27
  7   1.09 0.97 0.94 1.05 1.25 1.50 1.78 2.01 2.11 2.06 1.89 1.64 1.39 1.17 1.05 1.03 1.14 1.33 1.55 1.75 1.85 1.82 1.65 1.41
  8   1.15 0.95 0.84 0.89 1.05 1.29 1.58 1.89 2.10 2.11 1.97 1.76 1.49 1.19 0.99 0.91 0.98 1.15 1.41 1.65 1.87 1.91 1.79 1.56
  9   1.29 1.00 0.82 0.75 0.85 1.08 1.37 1.71 2.01 2.15 2.08 1.90 1.65 1.33 1.06 0.89 0.88 1.01 1.22 1.53 1.79 1.93 1.91 1.74
 10   1.45 1.13 0.87 0.77 0.79 0.93 1.17 1.51 1.89 2.15 2.17 2.03 1.80 1.47 1.17 0.95 0.83 0.87 1.03 1.34 1.67 1.90 1.99 1.91
 11   1.68 1.37 1.09 0.87 0.79 0.87 1.05 1.35 1.69 2.03 2.17 2.15 1.97 1.67 1.29 1.05 0.88 0.83 0.93 1.19 1.49 1.82 2.01 2.02
 12   1.89 1.62 1.31 1.03 0.89 0.87 1.00 1.23 1.55 1.91 2.17 2.26 2.15 1.92 1.57 1.22 0.99 0.85 0.86 0.99 1.29 1.64 1.92 2.07
 13   2.04 1.89 1.59 1.29 1.01 0.90 0.93 1.08 1.33 1.66 1.96 2.15 2.16 2.03 1.77 1.43 1.12 0.91 0.82 0.91 1.11 1.35 1.61 1.91
 14   2.06 2.00 1.79 1.51 1.25 1.05 1.00 1.07 1.27 1.50 1.77 1.99 2.09 2.04 1.87 1.59 1.29 1.06 0.88 0.83 0.95 1.19 1.47 1.72
 15   1.87 1.95 1.93 1.75 1.51 1.33 1.21 1.16 1.20 1.33 1.54 1.76 1.91 1.97 1.92 1.77 1.55 1.32 1.15 1.02 0.99 1.10 1.29 1.53
 16   1.73 1.85 1.90 1.88 1.77 1.55 1.39 1.28 1.23 1.25 1.35 1.51 1.69 1.83 1.87 1.81 1.64 1.48 1.33 1.19 1.08 1.04 1.09 1.25
 17   1.43 1.61 1.79 1.91 1.93 1.83 1.67 1.52 1.37 1.28 1.27 1.33 1.44 1.59 1.69 1.74 1.73 1.65 1.51 1.33 1.19 1.08 1.03 1.06
 18   1.15 1.32 1.53 1.71 1.85 1.91 1.88 1.77 1.57 1.39 1.24 1.16 1.19 1.28 1.39 1.51 1.65 1.71 1.68 1.55 1.39 1.21 1.07 0.97
 19   0.95 1.05 1.23 1.45 1.69 1.87 1.95 1.91 1.77 1.58 1.37 1.17 1.04 1.03 1.13 1.27 1.44 1.61 1.75 1.76 1.64 1.44 1.24 1.05
 20   0.89 0.84 0.95 1.14 1.40 1.69 1.95 2.07 2.01 1.85 1.59 1.31 1.09 0.98 0.96 1.06 1.25 1.51 1.74 1.86 1.86 1.72 1.50 1.25
 21   1.03 0.89 0.86 0.99 1.19 1.51 1.83 2.09 2.19 2.13 1.93 1.63 1.33 1.13 1.02 0.99 1.11 1.31 1.61 1.88 2.00 1.97 1.81 1.51
 22   1.26 1.03 0.89 0.91 1.07 1.34 1.68 2.11 2.26 2.27 2.15 1.89 1.53 1.23 1.05 0.95 0.99 1.13 1.40 1.71 1.97 2.04 1.95 1.74
 23   1.42 1.13 0.92 0.84 0.93 1.11 1.40 1.78 2.14 2.27 2.21 2.03 1.71 1.33 1.05 0.89 0.85 0.94 1.20 1.50 1.84 2.03 2.03 1.89
 24   1.59 1.27 0.97 0.83 0.81 0.94 1.17 1.51 1.89 2.17 2.19 2.09 1.85 1.52 1.15 0.93 0.84 0.87 1.03 1.32 1.65 1.95 2.08 1.99
 25   1.79 1.49 1.15 0.92 0.83 0.87 1.04 1.32 1.68 2.01 2.13 2.10 1.97 1.67 1.31 1.03 0.85 0.83 0.95 1.15 1.45 1.75 1.95 1.95
 26   1.81 1.59 1.29 1.01 0.83 0.81 0.95 1.19 1.43 1.73 1.99 2.04 1.96 1.77 1.45 1.15 0.96 0.87 0.91 1.05 1.27 1.57 1.84 1.95
 27   1.91 1.76 1.51 1.24 1.02 0.93 0.96 1.11 1.33 1.55 1.82 1.95 1.93 1.79 1.57 1.29 1.05 0.90 0.89 0.99 1.19 1.42 1.67 1.87
 28   1.95 1.87 1.69 1.47 1.25 1.09 1.03 1.11 1.28 1.51 1.75 1.90 1.93 1.86 1.72 1.49 1.23 1.07 1.01 1.05 1.16 1.36 1.60 1.80
 29   1.90 1.89 1.79 1.59 1.39 1.23 1.15 1.17 1.25 1.41 1.59 1.77 1.85 1.86 1.76 1.58 1.39 1.21 1.10 1.08 1.15 1.30 1.48 1.66
 30   1.79 1.84 1.81 1.70 1.57 1.43 1.31 1.26 1.29 1.37 1.49 1.63 1.75 1.81 1.78 1.67 1.52 1.37 1.24 1.18 1.19 1.26 1.37 1.51
 31   1.64 1.74 1.80 1.78 1.70 1.59 1.49 1.40 1.34 1.35 1.42 1.51 1.59 1.66 1.68 1.63 1.55 1.45 1.35 1.27 1.22 1.22 1.29 1.39
 ----------------------------------------------------------------------------------------------------------------------------
                                                                                               
 ----------------------------------------------------------------------------------------------------------------------------
 ----------------------------------------------------------------------------------------------------------------------------
                                                          SURVEY OF INDIA
                                                    MARINE GEODESY WING (G&RB)
                                                     HOURLY HEIGHTS IN METRES
  NAME OF PORT:- KAKINADA                                                                           MONTH SEPT      YEAR 2021
 ----------------------------------------------------------------------------------------------------------------------------
 DAYS 0000 0001 0002 0003 0004 0005 0006 0007 0008 0009 0010 0011 0012 0013 0014 0015 0016 0017 0018 0019 0020 0021 0022 0023
 ----------------------------------------------------------------------------------------------------------------------------
  1   1.50 1.60 1.68 1.75 1.76 1.71 1.64 1.56 1.48 1.42 1.39 1.41 1.46 1.52 1.58 1.62 1.64 1.62 1.55 1.45 1.37 1.31 1.29 1.30
  2   1.36 1.46 1.57 1.67 1.76 1.82 1.83 1.78 1.69 1.58 1.49 1.43 1.40 1.42 1.48 1.56 1.64 1.71 1.71 1.64 1.54 1.44 1.34 1.26
  3   1.25 1.32 1.43 1.56 1.71 1.86 1.97 1.98 1.90 1.76 1.60 1.44 1.35 1.32 1.37 1.46 1.59 1.72 1.79 1.79 1.72 1.58 1.40 1.25
  4   1.16 1.14 1.22 1.38 1.61 1.83 2.05 2.13 2.10 1.95 1.75 1.51 1.33 1.22 1.21 1.29 1.45 1.63 1.80 1.91 1.92 1.79 1.56 1.33
  5   1.14 1.06 1.09 1.22 1.40 1.66 1.94 2.14 2.19 2.11 1.91 1.62 1.33 1.15 1.07 1.11 1.25 1.45 1.69 1.92 2.00 1.91 1.71 1.45
  6   1.13 0.96 0.92 1.02 1.21 1.49 1.79 2.11 2.29 2.24 2.03 1.72 1.40 1.15 1.02 0.97 1.07 1.26 1.55 1.83 2.03 2.04 1.91 1.68
  7   1.47 1.26 1.09 1.02 1.12 1.34 1.65 1.98 2.22 2.27 2.16 1.94 1.60 1.34 1.13 1.02 1.03 1.19 1.47 1.75 2.01 2.15 2.09 1.88
  8   1.47 1.19 1.04 0.99 1.05 1.19 1.43 1.78 2.13 2.27 2.25 2.06 1.77 1.46 1.17 1.01 0.98 1.07 1.26 1.59 1.94 2.17 2.21 2.10
  9   1.85 1.54 1.26 1.10 1.04 1.10 1.32 1.67 2.02 2.25 2.35 2.27 1.99 1.64 1.34 1.11 1.01 1.03 1.15 1.43 1.77 2.11 2.28 2.26
 10   2.08 1.78 1.45 1.22 1.08 1.07 1.21 1.45 1.79 2.12 2.31 2.33 2.18 1.86 1.46 1.19 1.02 0.95 1.03 1.25 1.57 1.93 2.21 2.33
 11   2.26 2.05 1.70 1.41 1.21 1.13 1.17 1.36 1.64 1.96 2.22 2.31 2.25 2.07 1.72 1.34 1.12 1.00 1.00 1.13 1.37 1.71 2.03 2.23
 12   2.27 2.17 1.94 1.63 1.35 1.21 1.17 1.23 1.35 1.59 1.89 2.06 2.09 1.99 1.79 1.51 1.23 1.06 0.99 1.02 1.16 1.39 1.70 1.95
 13   2.10 2.12 2.03 1.83 1.55 1.33 1.21 1.21 1.30 1.44 1.63 1.81 1.92 1.93 1.85 1.66 1.42 1.23 1.10 1.05 1.09 1.23 1.43 1.66
 14   1.84 1.94 1.98 1.92 1.75 1.56 1.38 1.26 1.21 1.25 1.34 1.47 1.58 1.68 1.72 1.67 1.52 1.37 1.23 1.10 1.01 1.01 1.09 1.25
 15   1.41 1.56 1.68 1.76 1.74 1.64 1.49 1.35 1.23 1.14 1.09 1.12 1.21 1.31 1.42 1.49 1.51 1.47 1.37 1.26 1.15 1.06 1.02 1.03
 16   1.11 1.25 1.43 1.57 1.70 1.77 1.75 1.64 1.51 1.36 1.23 1.12 1.11 1.16 1.25 1.36 1.48 1.56 1.58 1.52 1.41 1.25 1.09 1.01
 17   1.03 1.11 1.24 1.45 1.65 1.83 1.93 1.90 1.77 1.59 1.36 1.17 1.06 1.04 1.11 1.23 1.39 1.56 1.70 1.73 1.65 1.49 1.27 1.08
 18   0.97 0.94 1.02 1.18 1.44 1.71 1.92 2.02 1.97 1.81 1.54 1.23 1.02 0.90 0.90 1.00 1.17 1.41 1.68 1.81 1.78 1.62 1.40 1.14
 19   0.89 0.80 0.82 0.96 1.18 1.47 1.76 1.99 2.02 1.90 1.67 1.34 1.05 0.87 0.80 0.84 1.01 1.26 1.54 1.79 1.87 1.79 1.59 1.28
 20   1.01 0.83 0.76 0.83 1.04 1.31 1.65 1.96 2.10 2.06 1.85 1.55 1.21 0.97 0.82 0.79 0.92 1.16 1.48 1.80 2.02 2.02 1.86 1.59
 21   1.21 0.98 0.82 0.79 0.91 1.17 1.50 1.87 2.10 2.15 1.99 1.73 1.38 1.08 0.87 0.78 0.83 1.07 1.36 1.69 1.98 2.10 2.02 1.78
 22   1.42 1.10 0.90 0.80 0.83 1.04 1.35 1.71 2.03 2.16 2.09 1.89 1.56 1.19 0.91 0.81 0.83 0.98 1.23 1.56 1.91 2.09 2.08 1.91
 23   1.65 1.32 1.04 0.91 0.89 1.01 1.23 1.54 1.87 2.07 2.11 1.96 1.67 1.35 1.05 0.85 0.79 0.89 1.10 1.39 1.74 2.04 2.12 2.04
 24   1.83 1.52 1.23 1.03 0.95 0.99 1.15 1.41 1.73 1.97 2.05 1.98 1.78 1.51 1.21 0.99 0.89 0.93 1.07 1.31 1.63 1.95 2.10 2.07
 25   1.93 1.69 1.41 1.17 1.03 1.01 1.11 1.30 1.57 1.83 1.97 2.00 1.89 1.67 1.37 1.12 1.00 0.98 1.06 1.26 1.52 1.81 2.03 2.09
 26   2.03 1.86 1.56 1.31 1.16 1.09 1.11 1.25 1.47 1.69 1.85 1.94 1.89 1.73 1.51 1.31 1.13 1.03 1.07 1.20 1.41 1.65 1.88 2.01
 27   2.01 1.87 1.69 1.49 1.30 1.18 1.14 1.19 1.31 1.49 1.67 1.79 1.79 1.71 1.58 1.43 1.29 1.18 1.15 1.22 1.38 1.57 1.81 1.96
 28   2.02 1.99 1.90 1.75 1.61 1.49 1.41 1.40 1.46 1.59 1.71 1.79 1.82 1.79 1.71 1.57 1.46 1.35 1.28 1.29 1.38 1.52 1.66 1.81
 29   1.91 1.97 1.95 1.88 1.80 1.70 1.59 1.53 1.53 1.58 1.65 1.71 1.78 1.81 1.78 1.72 1.64 1.55 1.47 1.42 1.42 1.47 1.57 1.66
 30   1.75 1.81 1.85 1.85 1.81 1.75 1.67 1.58 1.51 1.49 1.50 1.53 1.57 1.63 1.68 1.69 1.67 1.62 1.56 1.50 1.45 1.43 1.45 1.50
 ----------------------------------------------------------------------------------------------------------------------------
                                                                                               
 ----------------------------------------------------------------------------------------------------------------------------
 ----------------------------------------------------------------------------------------------------------------------------
                                                          SURVEY OF INDIA
                                                    MARINE GEODESY WING (G&RB)
                                                     HOURLY HEIGHTS IN METRES
  NAME OF PORT:- KAKINADA                                                                           MONTH OCTOBER   YEAR 2021
 ----------------------------------------------------------------------------------------------------------------------------
 DAYS 0000 0001 0002 0003 0004 0005 0006 0007 0008 0009 0010 0011 0012 0013 0014 0015 0016 0017 0018 0019 0020 0021 0022 0023
 ----------------------------------------------------------------------------------------------------------------------------
  1   1.57 1.67 1.77 1.87 1.92 1.92 1.89 1.82 1.73 1.63 1.55 1.51 1.50 1.53 1.60 1.66 1.72 1.77 1.77 1.71 1.62 1.52 1.45 1.41
  2   1.44 1.50 1.60 1.74 1.90 2.00 2.03 1.99 1.89 1.75 1.60 1.46 1.39 1.39 1.46 1.58 1.71 1.84 1.92 1.90 1.79 1.64 1.49 1.37
  3   1.30 1.30 1.41 1.59 1.81 2.00 2.14 2.17 2.08 1.91 1.67 1.47 1.31 1.25 1.31 1.47 1.65 1.85 2.04 2.11 2.04 1.88 1.66 1.42
  4   1.25 1.18 1.23 1.40 1.63 1.89 2.12 2.22 2.20 2.03 1.71 1.42 1.19 1.05 1.05 1.17 1.39 1.66 1.95 2.12 2.10 1.95 1.71 1.41
  5   1.17 1.03 1.03 1.17 1.40 1.71 2.06 2.29 2.31 2.18 1.91 1.60 1.27 1.05 0.94 0.99 1.23 1.53 1.91 2.20 2.30 2.22 2.01 1.71
  6   1.37 1.11 0.98 1.05 1.24 1.52 1.91 2.24 2.37 2.31 2.10 1.79 1.42 1.11 0.92 0.88 1.00 1.28 1.65 2.07 2.33 2.36 2.24 1.96
  7   1.55 1.21 1.01 0.92 1.00 1.23 1.59 1.97 2.26 2.33 2.21 1.93 1.55 1.19 0.90 0.77 0.78 0.97 1.35 1.77 2.19 2.39 2.35 2.17
  8   1.81 1.41 1.11 0.92 0.89 1.01 1.31 1.67 2.05 2.23 2.21 2.05 1.73 1.34 1.03 0.81 0.73 0.83 1.11 1.44 1.89 2.23 2.35 2.25
  9   1.99 1.65 1.28 1.02 0.89 0.91 1.09 1.40 1.76 2.04 2.17 2.10 1.89 1.54 1.19 0.91 0.75 0.75 0.89 1.19 1.55 1.95 2.20 2.23
 10   2.13 1.88 1.53 1.23 1.02 0.93 0.99 1.20 1.47 1.81 2.01 2.05 1.95 1.69 1.35 1.11 0.90 0.82 0.87 1.09 1.37 1.71 2.01 2.15
 11   2.14 1.98 1.71 1.41 1.18 1.04 1.01 1.09 1.29 1.54 1.79 1.91 1.91 1.81 1.58 1.31 1.09 0.94 0.90 0.97 1.15 1.41 1.71 1.93
 12   2.05 2.03 1.89 1.67 1.43 1.25 1.15 1.11 1.17 1.34 1.56 1.74 1.81 1.80 1.71 1.55 1.33 1.19 1.11 1.09 1.15 1.31 1.54 1.75
 13   1.89 1.96 1.95 1.86 1.67 1.51 1.39 1.29 1.25 1.29 1.39 1.52 1.63 1.71 1.74 1.71 1.59 1.46 1.33 1.26 1.25 1.29 1.39 1.54
 14   1.68 1.81 1.92 1.95 1.92 1.83 1.72 1.58 1.45 1.38 1.36 1.40 1.47 1.54 1.62 1.69 1.72 1.70 1.63 1.54 1.46 1.39 1.36 1.40
 15   1.50 1.62 1.77 1.90 2.00 2.03 1.99 1.88 1.72 1.58 1.46 1.37 1.36 1.43 1.54 1.67 1.80 1.89 1.90 1.85 1.74 1.61 1.50 1.44
 16   1.46 1.53 1.67 1.87 2.08 2.21 2.26 2.21 2.07 1.88 1.66 1.49 1.39 1.40 1.50 1.65 1.83 2.01 2.13 2.13 2.05 1.89 1.69 1.53
 17   1.46 1.47 1.56 1.71 1.93 2.15 2.29 2.32 2.23 2.03 1.79 1.56 1.41 1.34 1.39 1.55 1.78 2.03 2.19 2.27 2.22 2.07 1.83 1.60
 18   1.41 1.35 1.39 1.54 1.75 2.04 2.26 2.36 2.31 2.15 1.89 1.59 1.35 1.23 1.22 1.34 1.55 1.83 2.09 2.23 2.25 2.15 1.91 1.61
 19   1.37 1.24 1.21 1.27 1.47 1.77 2.06 2.24 2.27 2.18 1.96 1.65 1.38 1.18 1.09 1.13 1.35 1.63 1.94 2.18 2.29 2.22 2.01 1.71
 20   1.36 1.16 1.08 1.11 1.25 1.49 1.81 2.10 2.21 2.16 1.99 1.69 1.37 1.13 1.00 1.02 1.19 1.45 1.77 2.11 2.27 2.26 2.10 1.85
 21   1.48 1.25 1.13 1.09 1.17 1.38 1.69 1.99 2.15 2.18 2.04 1.79 1.46 1.18 1.02 0.97 1.03 1.31 1.63 2.03 2.25 2.34 2.26 2.05
 22   1.71 1.41 1.19 1.11 1.13 1.29 1.56 1.87 2.09 2.18 2.14 1.96 1.67 1.34 1.13 1.03 1.07 1.24 1.49 1.83 2.19 2.36 2.32 2.15
 23   1.90 1.60 1.33 1.17 1.11 1.22 1.43 1.71 2.05 2.20 2.20 2.07 1.82 1.54 1.28 1.14 1.12 1.22 1.43 1.73 2.05 2.30 2.38 2.30
 24   2.03 1.77 1.55 1.36 1.26 1.28 1.43 1.64 1.89 2.06 2.11 2.04 1.87 1.61 1.35 1.17 1.09 1.13 1.29 1.51 1.81 2.09 2.24 2.25
 25   2.11 1.69 1.41 1.27 1.23 1.30 1.46 1.67 1.89 2.03 2.05 1.93 1.73 1.50 1.31 1.21 1.19 1.29 1.47 1.64 1.81 1.99 2.16 2.24
 26   2.23 2.12 1.83 1.61 1.42 1.33 1.33 1.42 1.61 1.81 1.96 2.03 1.99 1.83 1.63 1.43 1.30 1.24 1.25 1.35 1.54 1.79 2.01 2.11
 27   2.13 2.06 1.91 1.74 1.56 1.45 1.42 1.45 1.56 1.71 1.84 1.92 1.94 1.89 1.77 1.63 1.50 1.40 1.37 1.42 1.57 1.73 1.91 2.04
 28   2.11 2.11 2.04 1.93 1.79 1.68 1.60 1.55 1.57 1.67 1.78 1.86 1.92 1.93 1.89 1.82 1.75 1.68 1.62 1.59 1.63 1.74 1.87 1.98
 29   2.08 2.15 2.18 2.15 2.07 1.97 1.87 1.79 1.75 1.75 1.78 1.81 1.87 1.92 1.94 1.91 1.85 1.79 1.72 1.66 1.61 1.61 1.67 1.75
 30   1.85 1.95 2.02 2.08 2.08 2.03 1.93 1.83 1.73 1.65 1.59 1.59 1.63 1.69 1.77 1.84 1.89 1.89 1.83 1.74 1.65 1.58 1.54 1.55
 31   1.62 1.72 1.85 1.97 2.07 2.11 2.08 1.97 1.82 1.65 1.52 1.42 1.39 1.46 1.59 1.75 1.90 2.02 2.04 1.98 1.83 1.65 1.52 1.44
 ----------------------------------------------------------------------------------------------------------------------------
                                                                                               
 ----------------------------------------------------------------------------------------------------------------------------
 ----------------------------------------------------------------------------------------------------------------------------
                                                          SURVEY OF INDIA
                                                    MARINE GEODESY WING (G&RB)
                                                     HOURLY HEIGHTS IN METRES
  NAME OF PORT:- KAKINADA                                                                           MONTH NOVEMBER  YEAR 2021
 ----------------------------------------------------------------------------------------------------------------------------
 DAYS 0000 0001 0002 0003 0004 0005 0006 0007 0008 0009 0010 0011 0012 0013 0014 0015 0016 0017 0018 0019 0020 0021 0022 0023
 ----------------------------------------------------------------------------------------------------------------------------
  1   1.42 1.49 1.62 1.81 2.02 2.17 2.22 2.17 2.01 1.79 1.55 1.38 1.29 1.29 1.40 1.59 1.84 2.03 2.17 2.19 2.07 1.87 1.65 1.46
  2   1.33 1.30 1.43 1.64 1.91 2.13 2.29 2.29 2.17 1.93 1.64 1.39 1.22 1.15 1.22 1.43 1.72 2.01 2.26 2.39 2.34 2.15 1.90 1.61
  3   1.39 1.30 1.35 1.51 1.77 2.06 2.32 2.43 2.36 2.16 1.86 1.57 1.29 1.14 1.12 1.27 1.57 1.93 2.29 2.52 2.58 2.45 2.15 1.82
  4   1.50 1.33 1.26 1.36 1.58 1.89 2.23 2.49 2.53 2.36 2.03 1.67 1.33 1.10 1.01 1.11 1.33 1.71 2.16 2.50 2.73 2.79 2.65 2.30
  5   1.76 1.40 1.26 1.24 1.38 1.66 2.01 2.31 2.50 2.49 2.25 1.92 1.59 1.26 1.04 1.00 1.14 1.46 1.87 2.29 2.60 2.73 2.62 2.29
  6   1.92 1.57 1.31 1.19 1.21 1.39 1.74 2.13 2.38 2.51 2.44 2.17 1.81 1.45 1.18 1.04 1.05 1.26 1.62 2.03 2.43 2.69 2.72 2.55
  7   2.19 1.85 1.53 1.29 1.20 1.26 1.49 1.83 2.12 2.34 2.39 2.27 1.99 1.66 1.33 1.12 1.02 1.09 1.33 1.69 2.08 2.43 2.59 2.57
  8   2.37 2.05 1.71 1.42 1.23 1.17 1.25 1.48 1.80 2.08 2.25 2.28 2.17 1.93 1.60 1.37 1.21 1.15 1.23 1.46 1.78 2.13 2.36 2.46
  9   2.44 2.29 2.00 1.71 1.46 1.33 1.31 1.42 1.62 1.85 2.06 2.18 2.21 2.12 1.89 1.64 1.45 1.35 1.33 1.41 1.59 1.88 2.16 2.31
 10   2.39 2.38 2.26 2.03 1.79 1.63 1.53 1.49 1.56 1.71 1.89 2.05 2.13 2.14 2.06 1.91 1.73 1.58 1.50 1.49 1.54 1.67 1.87 2.09
 11   2.24 2.34 2.36 2.27 2.11 1.95 1.81 1.69 1.62 1.65 1.76 1.89 2.00 2.08 2.11 2.09 2.03 1.93 1.83 1.75 1.71 1.75 1.84 1.96
 12   2.09 2.23 2.34 2.37 2.31 2.20 2.06 1.89 1.74 1.63 1.61 1.66 1.75 1.84 1.93 2.01 2.05 2.02 1.94 1.84 1.76 1.69 1.67 1.72
 13   1.81 1.93 2.06 2.17 2.23 2.21 2.10 1.96 1.82 1.69 1.59 1.54 1.58 1.67 1.79 1.91 2.03 2.09 2.06 1.97 1.86 1.73 1.61 1.56
 14   1.61 1.72 1.85 1.98 2.11 2.20 2.19 2.08 1.93 1.77 1.61 1.48 1.43 1.49 1.63 1.82 1.99 2.15 2.21 2.17 2.06 1.91 1.75 1.62
 15   1.57 1.60 1.71 1.87 2.02 2.18 2.27 2.22 2.07 1.89 1.70 1.53 1.41 1.39 1.49 1.65 1.87 2.10 2.25 2.30 2.23 2.07 1.85 1.65
 16   1.52 1.46 1.52 1.65 1.85 2.06 2.22 2.29 2.22 2.03 1.79 1.58 1.40 1.33 1.39 1.55 1.78 2.05 2.30 2.41 2.37 2.22 1.99 1.77
 17   1.55 1.45 1.44 1.53 1.72 1.96 2.17 2.31 2.31 2.19 1.97 1.70 1.47 1.34 1.33 1.44 1.66 1.97 2.29 2.49 2.55 2.48 2.26 2.01
 18   1.76 1.56 1.49 1.53 1.67 1.91 2.17 2.35 2.41 2.35 2.20 1.94 1.66 1.47 1.40 1.47 1.65 1.91 2.24 2.53 2.66 2.63 2.48 2.27
 19   2.02 1.76 1.56 1.51 1.63 1.84 2.08 2.30 2.45 2.47 2.32 2.01 1.71 1.49 1.39 1.38 1.52 1.77 2.09 2.39 2.57 2.63 2.53 2.28
 20   1.98 1.73 1.53 1.45 1.48 1.61 1.87 2.13 2.29 2.35 2.26 2.03 1.74 1.49 1.32 1.24 1.31 1.51 1.80 2.13 2.40 2.52 2.47 2.31
 21   2.04 1.77 1.53 1.41 1.38 1.47 1.67 1.95 2.17 2.27 2.24 2.09 1.83 1.55 1.32 1.21 1.24 1.38 1.63 1.94 2.26 2.43 2.46 2.36
 22   2.17 1.90 1.63 1.45 1.37 1.43 1.56 1.78 2.02 2.19 2.21 2.10 1.91 1.66 1.39 1.25 1.22 1.33 1.52 1.79 2.13 2.38 2.47 2.42
 23   2.27 2.04 1.76 1.52 1.35 1.33 1.43 1.59 1.80 1.99 2.08 2.06 1.94 1.71 1.47 1.27 1.19 1.22 1.34 1.55 1.82 2.10 2.27 2.31
 24   2.23 2.08 1.85 1.59 1.40 1.33 1.36 1.48 1.67 1.86 2.00 2.04 1.98 1.84 1.62 1.41 1.28 1.24 1.29 1.43 1.65 1.93 2.13 2.23
 25   2.25 2.18 1.99 1.77 1.57 1.45 1.41 1.46 1.57 1.72 1.89 1.97 1.96 1.87 1.73 1.56 1.42 1.34 1.34 1.42 1.56 1.75 1.97 2.11
 26   2.17 2.16 2.07 1.91 1.73 1.57 1.47 1.44 1.48 1.60 1.73 1.83 1.89 1.89 1.82 1.70 1.57 1.47 1.41 1.42 1.50 1.67 1.83 1.98
 27   2.10 2.16 2.13 2.00 1.86 1.71 1.57 1.47 1.43 1.48 1.57 1.67 1.76 1.84 1.86 1.83 1.76 1.69 1.60 1.53 1.52 1.56 1.64 1.76
 28   1.87 1.99 2.07 2.09 2.05 1.95 1.81 1.64 1.53 1.49 1.50 1.55 1.66 1.77 1.87 1.95 1.97 1.94 1.85 1.70 1.59 1.53 1.54 1.59
 29   1.69 1.84 1.99 2.09 2.12 2.08 1.97 1.82 1.63 1.46 1.37 1.35 1.40 1.52 1.69 1.86 2.00 2.06 2.01 1.90 1.75 1.60 1.50 1.46
 30   1.51 1.61 1.77 1.94 2.07 2.11 2.06 1.93 1.72 1.49 1.31 1.19 1.16 1.25 1.43 1.69 1.97 2.16 2.21 2.15 2.00 1.79 1.57 1.42
 ----------------------------------------------------------------------------------------------------------------------------
                                                                                               
 ----------------------------------------------------------------------------------------------------------------------------
 ----------------------------------------------------------------------------------------------------------------------------
                                                          SURVEY OF INDIA
                                                    MARINE GEODESY WING (G&RB)
                                                     HOURLY HEIGHTS IN METRES
  NAME OF PORT:- KAKINADA                                                                           MONTH DECEMBER  YEAR 2021
 ----------------------------------------------------------------------------------------------------------------------------
 DAYS 0000 0001 0002 0003 0004 0005 0006 0007 0008 0009 0010 0011 0012 0013 0014 0015 0016 0017 0018 0019 0020 0021 0022 0023
 ----------------------------------------------------------------------------------------------------------------------------
  1   1.34 1.39 1.53 1.72 1.93 2.11 2.15 2.08 1.89 1.66 1.41 1.19 1.07 1.11 1.27 1.55 1.89 2.20 2.38 2.39 2.27 2.04 1.75 1.48
  2   1.30 1.28 1.38 1.57 1.82 2.07 2.23 2.23 2.10 1.86 1.55 1.23 1.01 0.95 1.04 1.28 1.62 2.01 2.34 2.47 2.43 2.27 1.95 1.61
  3   1.33 1.19 1.19 1.31 1.57 1.90 2.20 2.36 2.32 2.11 1.77 1.39 1.07 0.89 0.87 1.03 1.33 1.71 2.16 2.45 2.58 2.50 2.24 1.90
  4   1.49 1.24 1.13 1.15 1.33 1.61 1.96 2.23 2.33 2.27 2.05 1.71 1.33 1.06 0.94 0.98 1.16 1.49 1.95 2.39 2.66 2.73 2.57 2.24
  5   1.85 1.53 1.29 1.19 1.23 1.45 1.77 2.12 2.32 2.37 2.25 1.97 1.61 1.27 1.02 0.93 1.02 1.27 1.63 2.07 2.43 2.61 2.60 2.44
  6   2.08 1.75 1.44 1.22 1.13 1.23 1.48 1.78 2.07 2.25 2.29 2.16 1.86 1.53 1.22 1.02 0.97 1.08 1.34 1.67 2.07 2.40 2.53 2.47
  7   2.27 1.99 1.64 1.32 1.13 1.08 1.17 1.39 1.67 1.94 2.11 2.12 1.96 1.71 1.42 1.19 1.04 1.01 1.13 1.38 1.69 2.07 2.33 2.44
  8   2.39 2.21 1.91 1.61 1.35 1.19 1.17 1.28 1.47 1.70 1.94 2.07 2.08 1.95 1.73 1.48 1.28 1.15 1.13 1.25 1.49 1.77 2.09 2.29
  9   2.37 2.34 2.17 1.90 1.64 1.43 1.31 1.27 1.33 1.47 1.66 1.83 1.93 1.93 1.86 1.70 1.48 1.31 1.24 1.24 1.31 1.48 1.70 1.95
 10   2.10 2.17 2.16 2.04 1.83 1.60 1.43 1.31 1.28 1.34 1.48 1.63 1.79 1.91 1.95 1.91 1.79 1.63 1.51 1.43 1.41 1.46 1.57 1.73
 11   1.88 2.03 2.09 2.05 1.94 1.78 1.57 1.40 1.28 1.23 1.25 1.34 1.47 1.61 1.75 1.80 1.76 1.68 1.58 1.48 1.39 1.37 1.41 1.51
 12   1.63 1.76 1.88 1.93 1.90 1.81 1.69 1.53 1.38 1.27 1.23 1.26 1.35 1.49 1.63 1.76 1.84 1.86 1.80 1.70 1.60 1.52 1.45 1.43
 13   1.49 1.60 1.72 1.82 1.88 1.88 1.82 1.68 1.54 1.41 1.32 1.28 1.31 1.41 1.56 1.73 1.88 1.99 2.01 1.95 1.83 1.69 1.56 1.46
 14   1.43 1.48 1.58 1.69 1.81 1.90 1.91 1.83 1.69 1.53 1.39 1.27 1.23 1.27 1.38 1.55 1.74 1.92 2.04 2.04 1.95 1.81 1.66 1.51
 15   1.40 1.38 1.43 1.54 1.69 1.82 1.89 1.89 1.80 1.61 1.40 1.25 1.17 1.15 1.22 1.37 1.58 1.81 1.99 2.05 2.01 1.89 1.72 1.51
 16   1.33 1.24 1.26 1.36 1.48 1.63 1.78 1.83 1.76 1.62 1.44 1.25 1.11 1.06 1.12 1.27 1.47 1.71 1.93 2.07 2.09 1.99 1.79 1.56
 17   1.33 1.20 1.17 1.23 1.35 1.52 1.69 1.81 1.81 1.70 1.52 1.29 1.10 1.01 1.04 1.15 1.33 1.57 1.84 2.04 2.11 2.05 1.91 1.68
 18   1.39 1.21 1.11 1.13 1.24 1.41 1.61 1.77 1.85 1.81 1.65 1.42 1.18 1.03 0.97 1.02 1.18 1.41 1.71 1.96 2.11 2.12 1.98 1.77
 19   1.54 1.30 1.16 1.11 1.17 1.31 1.51 1.71 1.83 1.83 1.72 1.51 1.22 1.00 0.88 0.88 1.00 1.21 1.50 1.79 2.04 2.13 2.07 1.91
 20   1.63 1.36 1.14 1.02 1.03 1.16 1.35 1.58 1.76 1.82 1.76 1.60 1.32 1.07 0.88 0.82 0.90 1.09 1.33 1.63 1.93 2.12 2.18 2.09
 21   1.79 1.51 1.24 1.06 0.99 1.07 1.23 1.44 1.65 1.80 1.81 1.68 1.44 1.17 0.96 0.82 0.83 0.97 1.20 1.47 1.80 2.05 2.15 2.09
 22   1.87 1.62 1.33 1.11 0.97 0.96 1.10 1.29 1.48 1.67 1.76 1.71 1.52 1.30 1.05 0.89 0.83 0.89 1.05 1.31 1.59 1.88 2.05 2.06
 23   1.94 1.73 1.44 1.18 1.00 0.93 1.00 1.15 1.35 1.56 1.71 1.74 1.63 1.44 1.19 0.97 0.84 0.83 0.93 1.11 1.35 1.62 1.87 1.98
 24   1.95 1.81 1.58 1.29 1.08 0.94 0.92 1.01 1.18 1.37 1.58 1.69 1.68 1.57 1.39 1.17 0.99 0.90 0.94 1.08 1.27 1.49 1.74 1.93
 25   1.96 1.89 1.73 1.49 1.23 1.07 0.99 0.99 1.08 1.25 1.44 1.59 1.67 1.67 1.56 1.37 1.17 1.04 1.00 1.03 1.15 1.33 1.54 1.75
 26   1.87 1.89 1.81 1.62 1.39 1.17 1.03 0.98 1.00 1.09 1.26 1.41 1.53 1.62 1.64 1.55 1.40 1.24 1.12 1.08 1.12 1.23 1.39 1.56
 27   1.72 1.83 1.85 1.75 1.55 1.33 1.14 1.00 0.93 0.96 1.08 1.23 1.38 1.52 1.63 1.67 1.61 1.48 1.35 1.23 1.16 1.17 1.26 1.41
 28   1.60 1.76 1.84 1.84 1.74 1.58 1.40 1.18 1.04 0.99 1.01 1.09 1.21 1.38 1.60 1.75 1.79 1.76 1.66 1.52 1.35 1.24 1.23 1.28
 29   1.40 1.53 1.68 1.78 1.79 1.72 1.57 1.35 1.14 1.01 0.94 0.94 1.04 1.21 1.43 1.67 1.85 1.94 1.93 1.81 1.61 1.42 1.28 1.23
 30   1.26 1.36 1.52 1.68 1.81 1.87 1.82 1.66 1.45 1.25 1.05 0.96 0.98 1.11 1.31 1.57 1.85 2.08 2.17 2.13 1.97 1.77 1.54 1.36
 31   1.25 1.25 1.37 1.56 1.74 1.91 2.00 1.94 1.74 1.47 1.23 1.02 0.88 0.90 1.05 1.30 1.60 1.92 2.18 2.28 2.20 2.00 1.72 1.42
 ----------------------------------------------------------------------------------------------------------------------------
                                                                                               
 ----------------------------------------------------------------------------------------------------------------------------
 ----------------------------------------------------------------------------------------------------------------------------
