                                                          SURVEY OF INDIA
                                                    MARINE GEODESY WING (G&RB)
                                                     HOURLY HEIGHTS IN METRES
  NAME OF PORT:- KAKINADA                                                                           MONTH JANUARY   YEAR 2017
 ----------------------------------------------------------------------------------------------------------------------------
 DAYS 0000 0001 0002 0003 0004 0005 0006 0007 0008 0009 0010 0011 0012 0013 0014 0015 0016 0017 0018 0019 0020 0021 0022 0023
 ----------------------------------------------------------------------------------------------------------------------------
  1   1.96 1.76 1.43 1.00 0.84 0.86 1.05 1.29 1.54 1.78 1.89 1.84 1.66 1.38 1.10 0.85 0.74 0.79 1.00 1.26 1.55 1.86 2.09 2.12
  2   2.00 1.76 1.44 1.16 0.93 0.86 0.94 1.14 1.38 1.63 1.82 1.86 1.77 1.56 1.28 1.02 0.82 0.79 0.90 1.12 1.38 1.68 1.94 2.04
  3   2.04 1.92 1.64 1.34 1.04 0.88 0.88 0.98 1.18 1.46 1.70 1.82 1.82 1.72 1.51 1.24 0.98 0.87 0.88 1.02 1.24 1.50 1.76 1.96
  4   2.00 1.94 1.75 1.48 1.18 0.94 0.84 0.84 0.96 1.20 1.50 1.68 1.76 1.76 1.65 1.44 1.20 1.01 0.93 0.95 1.06 1.26 1.51 1.74
  5   1.89 1.93 1.86 1.68 1.39 1.13 0.94 0.86 0.88 1.03 1.26 1.49 1.68 1.78 1.79 1.70 1.52 1.31 1.14 1.05 1.05 1.15 1.33 1.54
  6   1.74 1.88 1.91 1.81 1.60 1.37 1.14 0.96 0.89 0.93 1.07 1.24 1.42 1.60 1.74 1.78 1.70 1.54 1.38 1.22 1.10 1.08 1.16 1.30
  7   1.47 1.64 1.76 1.79 1.71 1.54 1.33 1.12 0.94 0.86 0.88 0.98 1.14 1.34 1.56 1.72 1.79 1.76 1.65 1.48 1.30 1.16 1.09 1.10
  8   1.19 1.35 1.52 1.66 1.72 1.72 1.62 1.40 1.14 0.96 0.86 0.83 0.90 1.08 1.32 1.54 1.74 1.86 1.88 1.78 1.58 1.37 1.18 1.04
  9   1.00 1.07 1.23 1.42 1.59 1.71 1.73 1.62 1.40 1.14 0.92 0.75 0.69 0.75 0.96 1.24 1.52 1.77 1.94 1.95 1.82 1.58 1.32 1.08
 10   0.90 0.87 0.98 1.19 1.42 1.63 1.77 1.78 1.64 1.40 1.12 0.86 0.68 0.63 0.76 1.02 1.34 1.68 1.96 2.10 2.08 1.92 1.64 1.34
 11   1.04 0.88 0.85 0.94 1.16 1.44 1.69 1.84 1.82 1.66 1.38 1.06 0.78 0.60 0.58 0.73 1.02 1.38 1.74 2.02 2.13 2.10 1.88 1.56
 12   1.20 0.90 0.74 0.73 0.89 1.17 1.49 1.76 1.88 1.86 1.68 1.38 1.02 0.76 0.64 0.64 0.80 1.14 1.50 1.88 2.17 2.22 2.10 1.84
 13   1.48 1.14 0.86 0.74 0.76 0.94 1.24 1.58 1.84 1.94 1.88 1.64 1.32 0.96 0.72 0.63 0.68 0.91 1.25 1.65 2.03 2.24 2.23 2.06
 14   1.78 1.40 1.08 0.82 0.72 0.78 1.04 1.36 1.68 1.92 1.98 1.86 1.58 1.26 0.96 0.74 0.68 0.80 1.08 1.42 1.81 2.12 2.26 2.20
 15   1.98 1.66 1.32 1.00 0.79 0.74 0.86 1.12 1.42 1.73 1.93 1.94 1.77 1.50 1.16 0.89 0.76 0.77 0.94 1.20 1.55 1.90 2.12 2.16
 16   2.05 1.80 1.49 1.16 0.88 0.76 0.80 0.98 1.24 1.54 1.78 1.87 1.82 1.64 1.38 1.08 0.86 0.80 0.86 1.04 1.32 1.62 1.90 2.04
 17   2.02 1.88 1.64 1.34 1.04 0.86 0.82 0.91 1.10 1.36 1.64 1.78 1.81 1.73 1.56 1.30 1.05 0.92 0.90 1.00 1.20 1.46 1.68 1.85
 18   1.94 1.92 1.77 1.50 1.22 0.98 0.87 0.88 0.99 1.20 1.46 1.66 1.77 1.78 1.69 1.52 1.30 1.10 1.00 1.00 1.13 1.35 1.58 1.76
 19   1.86 1.88 1.80 1.62 1.38 1.16 1.02 0.97 1.00 1.12 1.32 1.54 1.69 1.76 1.76 1.70 1.58 1.42 1.28 1.22 1.24 1.33 1.48 1.66
 20   1.80 1.86 1.84 1.74 1.56 1.38 1.22 1.12 1.08 1.12 1.24 1.41 1.58 1.71 1.79 1.81 1.77 1.65 1.52 1.41 1.36 1.36 1.41 1.51
 21   1.64 1.75 1.80 1.78 1.68 1.54 1.40 1.27 1.19 1.17 1.21 1.30 1.42 1.55 1.68 1.78 1.82 1.78 1.68 1.56 1.46 1.40 1.38 1.40
 22   1.46 1.54 1.62 1.66 1.65 1.59 1.48 1.35 1.22 1.14 1.11 1.13 1.20 1.33 1.48 1.62 1.73 1.78 1.76 1.67 1.55 1.43 1.34 1.29
 23   1.29 1.34 1.43 1.52 1.58 1.60 1.56 1.46 1.30 1.14 1.03 0.98 1.00 1.09 1.25 1.44 1.62 1.76 1.81 1.78 1.67 1.52 1.35 1.20
 24   1.12 1.13 1.21 1.34 1.46 1.56 1.61 1.58 1.45 1.28 1.12 0.98 0.90 0.90 1.02 1.21 1.42 1.64 1.82 1.87 1.83 1.67 1.48 1.26
 25   1.08 1.01 1.04 1.16 1.32 1.48 1.60 1.63 1.55 1.40 1.20 0.97 0.80 0.74 0.80 0.98 1.21 1.46 1.70 1.86 1.89 1.80 1.60 1.35
 26   1.12 0.97 0.92 1.00 1.18 1.38 1.58 1.71 1.72 1.62 1.43 1.18 0.92 0.76 0.72 0.84 1.06 1.34 1.62 1.85 1.98 1.95 1.78 1.52
 27   1.22 0.98 0.85 0.86 1.00 1.22 1.46 1.66 1.78 1.75 1.58 1.32 1.02 0.75 0.65 0.70 0.90 1.16 1.44 1.68 1.87 1.96 1.90 1.66
 28   1.34 1.04 0.84 0.74 0.79 1.00 1.30 1.58 1.76 1.78 1.68 1.46 1.16 0.84 0.64 0.58 0.68 0.93 1.26 1.60 1.90 2.04 2.02 1.82
 29   1.48 1.18 0.88 0.70 0.64 0.75 0.97 1.24 1.53 1.73 1.78 1.64 1.41 1.12 0.84 0.65 0.59 0.71 0.94 1.26 1.62 1.94 2.05 1.98
 30   1.74 1.40 1.06 0.77 0.60 0.64 0.80 1.06 1.33 1.62 1.78 1.70 1.42 1.12 0.80 0.60 0.52 0.58 0.79 1.07 1.40 1.75 1.99 2.02
 31   1.84 1.57 1.22 0.89 0.64 0.54 0.60 0.85 1.15 1.46 1.73 1.82 1.70 1.45 1.17 0.88 0.62 0.54 0.64 0.89 1.19 1.54 1.81 1.97
 ----------------------------------------------------------------------------------------------------------------------------
                                                                                               
 ----------------------------------------------------------------------------------------------------------------------------
 ----------------------------------------------------------------------------------------------------------------------------
                                                          SURVEY OF INDIA
                                                    MARINE GEODESY WING (G&RB)
                                                     HOURLY HEIGHTS IN METRES
  NAME OF PORT:- KAKINADA                                                                           MONTH FEBRUARY  YEAR 2017
 ----------------------------------------------------------------------------------------------------------------------------
 DAYS 0000 0001 0002 0003 0004 0005 0006 0007 0008 0009 0010 0011 0012 0013 0014 0015 0016 0017 0018 0019 0020 0021 0022 0023
 ----------------------------------------------------------------------------------------------------------------------------
  1   1.94 1.80 1.54 1.20 0.86 0.60 0.48 0.56 0.78 1.08 1.40 1.64 1.68 1.54 1.24 0.94 0.70 0.58 0.62 0.78 1.04 1.36 1.64 1.82
  2   1.84 1.69 1.40 1.10 0.80 0.58 0.50 0.56 0.78 1.06 1.34 1.58 1.66 1.58 1.40 1.14 0.88 0.66 0.60 0.67 0.86 1.11 1.36 1.60
  3   1.72 1.68 1.52 1.30 0.98 0.69 0.54 0.50 0.60 0.82 1.09 1.34 1.52 1.58 1.52 1.36 1.12 0.90 0.76 0.71 0.76 0.91 1.14 1.36
  4   1.52 1.60 1.56 1.40 1.15 0.90 0.68 0.56 0.54 0.64 0.83 1.06 1.26 1.42 1.51 1.50 1.36 1.18 1.00 0.86 0.80 0.82 0.92 1.08
  5   1.24 1.38 1.47 1.47 1.35 1.16 0.95 0.76 0.62 0.60 0.68 0.82 1.00 1.19 1.36 1.47 1.50 1.44 1.28 1.10 0.96 0.87 0.84 0.88
  6   0.98 1.13 1.28 1.38 1.40 1.34 1.18 0.98 0.80 0.66 0.60 0.62 0.73 0.88 1.04 1.20 1.34 1.44 1.47 1.40 1.23 1.04 0.87 0.75
  7   0.74 0.81 0.93 1.08 1.23 1.34 1.36 1.24 1.03 0.82 0.64 0.52 0.50 0.58 0.75 0.96 1.18 1.38 1.52 1.55 1.45 1.25 1.02 0.78
  8   0.62 0.58 0.68 0.88 1.08 1.26 1.38 1.40 1.29 1.08 0.83 0.60 0.44 0.42 0.52 0.76 1.04 1.32 1.56 1.69 1.67 1.50 1.24 0.96
  9   0.70 0.52 0.50 0.63 0.86 1.10 1.34 1.52 1.52 1.36 1.10 0.80 0.56 0.40 0.40 0.55 0.82 1.12 1.41 1.64 1.78 1.76 1.54 1.24
 10   0.92 0.64 0.48 0.50 0.68 0.96 1.22 1.46 1.60 1.61 1.44 1.12 0.78 0.50 0.40 0.43 0.60 0.88 1.16 1.46 1.71 1.82 1.76 1.50
 11   1.17 0.83 0.50 0.40 0.48 0.74 1.02 1.29 1.52 1.61 1.56 1.30 0.96 0.60 0.38 0.32 0.46 0.72 1.02 1.32 1.60 1.79 1.82 1.65
 12   1.26 0.90 0.58 0.40 0.41 0.59 0.88 1.18 1.47 1.66 1.68 1.50 1.20 0.87 0.60 0.41 0.39 0.58 0.86 1.18 1.48 1.69 1.78 1.73
 13   1.50 1.18 0.86 0.56 0.42 0.46 0.70 1.02 1.30 1.54 1.67 1.67 1.45 1.14 0.82 0.54 0.42 0.48 0.70 0.96 1.25 1.51 1.72 1.76
 14   1.62 1.32 1.00 0.68 0.46 0.41 0.53 0.80 1.06 1.32 1.52 1.61 1.56 1.32 1.02 0.74 0.56 0.52 0.64 0.88 1.16 1.46 1.70 1.78
 15   1.70 1.48 1.21 0.90 0.62 0.48 0.48 0.66 0.96 1.26 1.53 1.66 1.63 1.46 1.20 0.92 0.68 0.58 0.63 0.80 1.02 1.30 1.54 1.68
 16   1.67 1.53 1.30 1.02 0.75 0.57 0.54 0.63 0.84 1.10 1.37 1.53 1.58 1.52 1.38 1.18 0.94 0.76 0.71 0.78 0.94 1.14 1.37 1.56
 17   1.65 1.59 1.40 1.16 0.92 0.71 0.63 0.66 0.78 0.98 1.20 1.40 1.52 1.54 1.46 1.30 1.10 0.92 0.82 0.82 0.91 1.06 1.24 1.41
 18   1.50 1.50 1.41 1.24 1.04 0.84 0.72 0.68 0.74 0.88 1.04 1.22 1.38 1.46 1.47 1.40 1.26 1.12 1.01 0.95 0.96 1.03 1.15 1.27
 19   1.37 1.42 1.40 1.30 1.14 0.98 0.85 0.78 0.76 0.81 0.94 1.10 1.25 1.36 1.42 1.43 1.37 1.27 1.16 1.07 1.02 1.03 1.09 1.17
 20   1.24 1.30 1.33 1.30 1.22 1.12 1.01 0.90 0.83 0.82 0.86 0.94 1.04 1.16 1.28 1.36 1.38 1.36 1.30 1.22 1.14 1.08 1.05 1.05
 21   1.09 1.16 1.23 1.26 1.25 1.20 1.12 1.03 0.94 0.86 0.81 0.81 0.88 0.99 1.12 1.26 1.38 1.45 1.45 1.38 1.27 1.16 1.05 0.96
 22   0.92 0.95 1.03 1.12 1.20 1.26 1.28 1.23 1.10 0.96 0.84 0.76 0.73 0.78 0.88 1.04 1.22 1.37 1.47 1.48 1.40 1.24 1.04 0.90
 23   0.83 0.81 0.86 0.96 1.10 1.24 1.35 1.36 1.27 1.12 0.94 0.77 0.63 0.60 0.68 0.86 1.06 1.26 1.46 1.58 1.59 1.46 1.26 1.02
 24   0.80 0.67 0.66 0.75 0.91 1.12 1.30 1.42 1.44 1.32 1.10 0.86 0.65 0.52 0.52 0.66 0.89 1.13 1.40 1.64 1.73 1.66 1.46 1.20
 25   0.92 0.66 0.56 0.60 0.78 1.01 1.26 1.48 1.59 1.54 1.29 0.98 0.68 0.44 0.34 0.42 0.62 0.90 1.20 1.50 1.70 1.71 1.54 1.27
 26   0.94 0.63 0.42 0.39 0.52 0.78 1.06 1.36 1.56 1.60 1.44 1.18 0.88 0.58 0.36 0.32 0.48 0.76 1.08 1.42 1.72 1.80 1.70 1.42
 27   1.09 0.76 0.46 0.31 0.35 0.58 0.88 1.18 1.46 1.66 1.69 1.50 1.18 0.84 0.54 0.41 0.46 0.70 1.00 1.34 1.64 1.86 1.90 1.70
 28   1.38 1.04 0.68 0.44 0.38 0.54 0.86 1.24 1.57 1.82 1.86 1.68 1.40 1.06 0.72 0.48 0.41 0.54 0.84 1.18 1.50 1.80 1.95 1.85
 ----------------------------------------------------------------------------------------------------------------------------
                                                                                               
 ----------------------------------------------------------------------------------------------------------------------------
 ----------------------------------------------------------------------------------------------------------------------------
                                                          SURVEY OF INDIA
                                                    MARINE GEODESY WING (G&RB)
                                                     HOURLY HEIGHTS IN METRES
  NAME OF PORT:- KAKINADA                                                                           MONTH MARCH     YEAR 2017
 ----------------------------------------------------------------------------------------------------------------------------
 DAYS 0000 0001 0002 0003 0004 0005 0006 0007 0008 0009 0010 0011 0012 0013 0014 0015 0016 0017 0018 0019 0020 0021 0022 0023
 ----------------------------------------------------------------------------------------------------------------------------
  1   1.56 1.21 0.84 0.52 0.38 0.44 0.70 1.04 1.37 1.67 1.84 1.82 1.61 1.30 0.97 0.66 0.48 0.50 0.70 1.00 1.33 1.67 1.90 1.90
  2   1.68 1.38 1.06 0.70 0.44 0.39 0.54 0.82 1.15 1.48 1.76 1.85 1.76 1.54 1.22 0.90 0.64 0.54 0.60 0.80 1.10 1.42 1.72 1.85
  3   1.78 1.54 1.24 0.92 0.60 0.44 0.46 0.66 0.94 1.24 1.55 1.76 1.82 1.72 1.50 1.22 0.96 0.75 0.65 0.70 0.90 1.16 1.43 1.65
  4   1.76 1.68 1.49 1.22 0.92 0.66 0.56 0.59 0.76 1.00 1.28 1.54 1.72 1.74 1.62 1.42 1.18 0.94 0.78 0.74 0.82 0.98 1.18 1.40
  5   1.58 1.64 1.56 1.38 1.12 0.88 0.72 0.66 0.70 0.82 1.01 1.24 1.44 1.58 1.60 1.52 1.36 1.16 0.97 0.84 0.80 0.84 0.94 1.10
  6   1.28 1.42 1.48 1.44 1.30 1.12 0.94 0.78 0.70 0.70 0.80 0.96 1.14 1.30 1.44 1.52 1.50 1.40 1.26 1.10 0.96 0.86 0.84 0.90
  7   1.01 1.14 1.26 1.34 1.36 1.30 1.17 1.02 0.89 0.80 0.78 0.82 0.93 1.08 1.24 1.40 1.52 1.56 1.51 1.38 1.22 1.06 0.91 0.82
  8   0.81 0.91 1.04 1.18 1.31 1.39 1.39 1.30 1.16 1.01 0.87 0.77 0.75 0.84 1.00 1.20 1.40 1.56 1.65 1.64 1.53 1.36 1.16 0.96
  9   0.80 0.77 0.88 1.05 1.24 1.42 1.56 1.60 1.50 1.32 1.10 0.91 0.78 0.74 0.82 0.98 1.20 1.44 1.67 1.82 1.80 1.64 1.40 1.14
 10   0.90 0.74 0.70 0.80 1.02 1.26 1.48 1.64 1.66 1.52 1.28 1.04 0.82 0.66 0.62 0.74 0.97 1.24 1.52 1.76 1.86 1.80 1.58 1.28
 11   0.96 0.69 0.55 0.58 0.77 1.04 1.32 1.58 1.70 1.65 1.46 1.20 0.92 0.63 0.45 0.44 0.65 0.99 1.30 1.60 1.80 1.82 1.66 1.36
 12   1.04 0.73 0.52 0.44 0.56 0.81 1.12 1.45 1.67 1.74 1.60 1.30 1.00 0.70 0.48 0.42 0.52 0.78 1.07 1.40 1.67 1.76 1.69 1.45
 13   1.14 0.82 0.57 0.42 0.39 0.55 0.90 1.24 1.57 1.70 1.66 1.44 1.12 0.80 0.53 0.40 0.43 0.60 0.88 1.22 1.54 1.75 1.77 1.58
 14   1.28 0.92 0.60 0.40 0.35 0.46 0.74 1.06 1.38 1.65 1.73 1.62 1.36 1.04 0.74 0.53 0.46 0.54 0.79 1.10 1.42 1.72 1.81 1.73
 15   1.48 1.16 0.82 0.55 0.43 0.46 0.68 0.98 1.32 1.64 1.78 1.75 1.56 1.28 0.97 0.72 0.58 0.60 0.76 1.01 1.32 1.60 1.80 1.80
 16   1.61 1.32 1.02 0.75 0.56 0.52 0.62 0.88 1.18 1.48 1.74 1.79 1.70 1.44 1.16 0.88 0.68 0.60 0.68 0.88 1.12 1.40 1.64 1.74
 17   1.66 1.42 1.14 0.86 0.64 0.55 0.61 0.78 1.02 1.30 1.56 1.70 1.70 1.54 1.30 1.06 0.84 0.71 0.68 0.81 1.04 1.28 1.50 1.62
 18   1.60 1.44 1.22 0.96 0.72 0.59 0.60 0.70 0.88 1.12 1.38 1.56 1.63 1.56 1.38 1.16 0.92 0.74 0.67 0.73 0.88 1.06 1.26 1.44
 19   1.50 1.42 1.26 1.06 0.86 0.69 0.61 0.64 0.77 0.96 1.16 1.34 1.46 1.49 1.40 1.24 1.06 0.89 0.78 0.75 0.83 0.96 1.10 1.24
 20   1.34 1.36 1.26 1.10 0.92 0.77 0.66 0.62 0.68 0.80 0.96 1.14 1.28 1.36 1.36 1.27 1.14 1.00 0.88 0.80 0.81 0.88 0.99 1.10
 21   1.18 1.21 1.18 1.10 0.99 0.88 0.78 0.72 0.70 0.74 0.82 0.93 1.05 1.18 1.26 1.29 1.26 1.18 1.08 0.98 0.90 0.86 0.87 0.92
 22   0.99 1.07 1.13 1.15 1.13 1.07 0.99 0.90 0.82 0.77 0.78 0.85 0.95 1.06 1.18 1.28 1.33 1.32 1.25 1.16 1.06 0.96 0.88 0.84
 23   0.86 0.93 1.02 1.11 1.19 1.22 1.19 1.12 1.03 0.93 0.84 0.78 0.78 0.86 1.00 1.16 1.31 1.42 1.44 1.38 1.26 1.11 0.95 0.81
 24   0.72 0.72 0.81 0.95 1.10 1.24 1.32 1.30 1.20 1.04 0.88 0.74 0.66 0.68 0.79 0.96 1.16 1.34 1.49 1.55 1.46 1.26 1.04 0.82
 25   0.65 0.58 0.62 0.76 0.95 1.13 1.31 1.43 1.42 1.24 0.98 0.77 0.62 0.58 0.70 0.92 1.16 1.40 1.55 1.57 1.38 1.11 0.83 0.58
 26   0.44 0.42 0.57 0.80 1.04 1.30 1.50 1.54 1.38 1.08 0.79 0.56 0.40 0.37 0.53 0.78 1.05 1.32 1.56 1.65 1.60 1.32 1.00 0.70
 27   0.42 0.31 0.36 0.59 0.88 1.17 1.46 1.61 1.60 1.43 1.17 0.89 0.62 0.40 0.29 0.33 0.54 0.78 1.08 1.38 1.59 1.62 1.46 1.18
 28   0.80 0.44 0.22 0.16 0.32 0.60 0.92 1.25 1.55 1.66 1.59 1.28 0.94 0.60 0.34 0.24 0.34 0.58 0.88 1.21 1.54 1.66 1.62 1.34
 29   0.95 0.60 0.30 0.14 0.14 0.33 0.68 1.04 1.38 1.66 1.72 1.62 1.26 0.84 0.48 0.24 0.21 0.36 0.68 1.00 1.36 1.66 1.73 1.60
 30   1.24 0.86 0.45 0.18 0.11 0.22 0.52 0.86 1.22 1.57 1.73 1.68 1.44 1.12 0.76 0.42 0.25 0.30 0.52 0.82 1.16 1.50 1.68 1.66
 31   1.42 1.08 0.72 0.40 0.19 0.18 0.34 0.70 1.08 1.44 1.68 1.74 1.62 1.34 1.01 0.68 0.42 0.34 0.42 0.65 0.92 1.22 1.49 1.61
 ----------------------------------------------------------------------------------------------------------------------------
                                                                                               
 ----------------------------------------------------------------------------------------------------------------------------
 ----------------------------------------------------------------------------------------------------------------------------
                                                          SURVEY OF INDIA
                                                    MARINE GEODESY WING (G&RB)
                                                     HOURLY HEIGHTS IN METRES
  NAME OF PORT:- KAKINADA                                                                           MONTH APRIL     YEAR 2017
 ----------------------------------------------------------------------------------------------------------------------------
 DAYS 0000 0001 0002 0003 0004 0005 0006 0007 0008 0009 0010 0011 0012 0013 0014 0015 0016 0017 0018 0019 0020 0021 0022 0023
 ----------------------------------------------------------------------------------------------------------------------------
  1   1.54 1.25 0.91 0.60 0.35 0.23 0.30 0.51 0.80 1.14 1.45 1.66 1.68 1.55 1.29 0.98 0.68 0.48 0.43 0.52 0.73 0.97 1.24 1.45
  2   1.52 1.41 1.17 0.88 0.62 0.43 0.36 0.44 0.62 0.88 1.17 1.42 1.58 1.60 1.47 1.23 0.96 0.73 0.58 0.54 0.63 0.81 1.01 1.20
  3   1.34 1.38 1.29 1.09 0.86 0.66 0.52 0.47 0.55 0.70 0.90 1.12 1.34 1.49 1.53 1.43 1.24 1.03 0.86 0.74 0.69 0.74 0.86 1.02
  4   1.18 1.30 1.34 1.26 1.12 0.96 0.80 0.69 0.66 0.73 0.87 1.04 1.21 1.36 1.44 1.44 1.37 1.26 1.13 0.98 0.85 0.77 0.75 0.80
  5   0.90 1.02 1.14 1.21 1.21 1.14 1.05 0.95 0.85 0.77 0.74 0.78 0.88 1.02 1.18 1.31 1.40 1.42 1.36 1.22 1.04 0.87 0.74 0.69
  6   0.72 0.81 0.92 1.05 1.16 1.24 1.27 1.20 1.04 0.87 0.75 0.70 0.74 0.84 0.98 1.14 1.31 1.45 1.51 1.45 1.27 1.07 0.87 0.70
  7   0.60 0.59 0.69 0.86 1.03 1.19 1.31 1.35 1.27 1.08 0.87 0.71 0.62 0.61 0.70 0.88 1.08 1.27 1.45 1.53 1.48 1.31 1.05 0.79
  8   0.58 0.50 0.55 0.71 0.92 1.16 1.36 1.50 1.51 1.36 1.12 0.88 0.67 0.57 0.62 0.78 0.99 1.20 1.44 1.62 1.65 1.54 1.25 0.96
  9   0.72 0.54 0.48 0.61 0.84 1.09 1.34 1.57 1.66 1.59 1.36 1.10 0.84 0.64 0.56 0.66 0.86 1.10 1.36 1.60 1.71 1.64 1.42 1.12
 10   0.82 0.57 0.46 0.52 0.72 0.98 1.28 1.59 1.75 1.73 1.53 1.24 0.96 0.70 0.56 0.58 0.73 0.98 1.26 1.55 1.74 1.76 1.59 1.31
 11   0.94 0.64 0.46 0.43 0.60 0.88 1.20 1.52 1.76 1.82 1.69 1.44 1.15 0.86 0.63 0.54 0.64 0.86 1.14 1.44 1.68 1.76 1.67 1.44
 12   1.10 0.76 0.51 0.42 0.52 0.74 1.02 1.32 1.61 1.79 1.77 1.58 1.30 1.00 0.72 0.56 0.61 0.78 1.02 1.29 1.55 1.70 1.68 1.50
 13   1.22 0.87 0.57 0.42 0.45 0.63 0.86 1.14 1.44 1.67 1.77 1.68 1.42 1.13 0.84 0.63 0.57 0.68 0.90 1.14 1.40 1.64 1.71 1.60
 14   1.32 1.03 0.73 0.52 0.44 0.54 0.77 1.04 1.34 1.62 1.79 1.77 1.60 1.32 1.02 0.76 0.62 0.65 0.80 1.02 1.28 1.51 1.63 1.58
 15   1.38 1.11 0.81 0.60 0.50 0.55 0.70 0.91 1.16 1.42 1.64 1.74 1.68 1.48 1.20 0.92 0.73 0.67 0.74 0.93 1.14 1.36 1.54 1.61
 16   1.50 1.28 1.03 0.79 0.63 0.57 0.65 0.83 1.08 1.32 1.54 1.67 1.65 1.51 1.31 1.08 0.88 0.76 0.78 0.88 1.04 1.22 1.39 1.51
 17   1.50 1.38 1.18 0.93 0.74 0.66 0.68 0.78 0.96 1.15 1.33 1.48 1.58 1.60 1.49 1.25 1.03 0.88 0.82 0.86 0.97 1.11 1.27 1.40
 18   1.45 1.39 1.25 1.07 0.92 0.81 0.76 0.80 0.91 1.07 1.26 1.44 1.58 1.61 1.54 1.38 1.21 1.07 0.96 0.91 0.94 1.02 1.13 1.24
 19   1.33 1.37 1.33 1.23 1.10 0.98 0.88 0.84 0.88 0.98 1.10 1.23 1.36 1.47 1.53 1.50 1.39 1.26 1.12 1.00 0.94 0.97 1.04 1.13
 20   1.23 1.32 1.36 1.35 1.30 1.22 1.12 1.02 0.94 0.91 0.95 1.05 1.17 1.29 1.40 1.48 1.50 1.44 1.32 1.19 1.07 0.98 0.92 0.93
 21   1.00 1.10 1.20 1.28 1.33 1.33 1.28 1.19 1.07 0.96 0.90 0.91 1.00 1.14 1.28 1.40 1.50 1.55 1.52 1.39 1.22 1.06 0.92 0.85
 22   0.86 0.96 1.11 1.27 1.42 1.50 1.50 1.43 1.31 1.15 0.99 0.90 0.90 0.99 1.12 1.26 1.41 1.55 1.63 1.60 1.44 1.23 1.02 0.81
 23   0.69 0.71 0.81 0.96 1.17 1.38 1.54 1.59 1.50 1.29 1.07 0.85 0.69 0.68 0.80 0.98 1.18 1.39 1.58 1.68 1.61 1.37 1.11 0.85
 24   0.64 0.54 0.63 0.85 1.11 1.35 1.57 1.71 1.73 1.57 1.28 0.98 0.73 0.60 0.65 0.82 1.05 1.31 1.58 1.76 1.76 1.56 1.28 0.95
 25   0.63 0.45 0.42 0.57 0.83 1.11 1.39 1.69 1.83 1.77 1.49 1.18 0.87 0.62 0.53 0.62 0.84 1.11 1.40 1.70 1.83 1.80 1.53 1.17
 26   0.80 0.51 0.35 0.41 0.63 0.91 1.21 1.52 1.80 1.89 1.79 1.45 1.09 0.77 0.55 0.49 0.61 0.87 1.14 1.43 1.69 1.79 1.71 1.39
 27   0.99 0.64 0.38 0.30 0.45 0.71 1.01 1.35 1.66 1.88 1.94 1.75 1.39 1.00 0.68 0.48 0.51 0.68 0.94 1.25 1.58 1.85 1.90 1.69
 28   1.32 0.93 0.57 0.35 0.32 0.51 0.82 1.16 1.53 1.86 2.00 1.93 1.65 1.30 0.91 0.64 0.51 0.56 0.81 1.11 1.43 1.72 1.88 1.80
 29   1.54 1.18 0.84 0.54 0.40 0.47 0.71 1.03 1.38 1.75 2.00 2.04 1.88 1.59 1.25 0.93 0.69 0.59 0.70 0.93 1.21 1.51 1.76 1.83
 30   1.68 1.43 1.13 0.83 0.59 0.50 0.59 0.83 1.16 1.49 1.79 1.95 1.93 1.78 1.51 1.19 0.91 0.73 0.65 0.75 0.97 1.25 1.51 1.67
 ----------------------------------------------------------------------------------------------------------------------------
                                                                                               
 ----------------------------------------------------------------------------------------------------------------------------
 ----------------------------------------------------------------------------------------------------------------------------
                                                          SURVEY OF INDIA
                                                    MARINE GEODESY WING (G&RB)
                                                     HOURLY HEIGHTS IN METRES
  NAME OF PORT:- KAKINADA                                                                           MONTH MAY       YEAR 2017
 ----------------------------------------------------------------------------------------------------------------------------
 DAYS 0000 0001 0002 0003 0004 0005 0006 0007 0008 0009 0010 0011 0012 0013 0014 0015 0016 0017 0018 0019 0020 0021 0022 0023
 ----------------------------------------------------------------------------------------------------------------------------
  1   1.67 1.54 1.32 1.06 0.81 0.64 0.59 0.72 0.92 1.16 1.42 1.69 1.85 1.84 1.69 1.45 1.18 0.96 0.82 0.77 0.85 1.00 1.20 1.40
  2   1.54 1.58 1.49 1.31 1.12 0.94 0.81 0.77 0.87 1.04 1.25 1.47 1.67 1.78 1.77 1.67 1.51 1.29 1.09 0.93 0.87 0.91 1.03 1.18
  3   1.31 1.42 1.46 1.42 1.31 1.17 1.03 0.92 0.88 0.94 1.08 1.24 1.42 1.59 1.68 1.68 1.58 1.44 1.27 1.09 0.94 0.86 0.89 0.98
  4   1.10 1.23 1.34 1.43 1.46 1.41 1.31 1.19 1.08 1.01 0.99 1.07 1.20 1.34 1.47 1.57 1.63 1.61 1.51 1.35 1.15 0.99 0.88 0.83
  5   0.89 1.01 1.15 1.29 1.42 1.49 1.48 1.39 1.27 1.13 1.00 0.95 1.01 1.12 1.25 1.38 1.50 1.59 1.61 1.52 1.37 1.21 1.05 0.90
  6   0.82 0.84 0.94 1.09 1.27 1.45 1.57 1.57 1.47 1.30 1.13 0.97 0.87 0.90 1.01 1.17 1.36 1.54 1.65 1.66 1.55 1.36 1.16 0.95
  7   0.75 0.65 0.73 0.93 1.15 1.37 1.55 1.64 1.61 1.45 1.23 1.03 0.87 0.80 0.86 1.03 1.23 1.44 1.62 1.71 1.68 1.51 1.27 1.02
  8   0.77 0.64 0.66 0.81 1.05 1.31 1.55 1.72 1.76 1.63 1.40 1.16 0.96 0.82 0.78 0.90 1.09 1.30 1.51 1.67 1.71 1.62 1.41 1.13
  9   0.89 0.69 0.62 0.71 0.90 1.17 1.46 1.68 1.80 1.76 1.59 1.34 1.08 0.87 0.75 0.80 0.94 1.15 1.37 1.58 1.71 1.69 1.55 1.30
 10   0.99 0.74 0.61 0.63 0.78 1.01 1.30 1.64 1.81 1.80 1.68 1.49 1.26 1.02 0.81 0.70 0.77 0.96 1.21 1.47 1.67 1.76 1.69 1.48
 11   1.19 0.87 0.63 0.53 0.63 0.84 1.14 1.45 1.75 1.91 1.89 1.73 1.49 1.21 0.95 0.74 0.66 0.79 1.01 1.25 1.50 1.67 1.69 1.55
 12   1.31 1.01 0.71 0.53 0.54 0.69 0.95 1.26 1.57 1.81 1.89 1.81 1.61 1.31 1.02 0.82 0.72 0.78 0.93 1.13 1.33 1.50 1.62 1.65
 13   1.54 1.27 0.93 0.72 0.62 0.69 0.87 1.11 1.40 1.67 1.81 1.79 1.65 1.42 1.16 0.96 0.82 0.78 0.89 1.07 1.25 1.41 1.50 1.50
 14   1.40 1.23 1.03 0.85 0.73 0.72 0.84 1.04 1.28 1.51 1.70 1.77 1.71 1.50 1.25 1.01 0.85 0.78 0.86 1.03 1.20 1.37 1.48 1.49
 15   1.40 1.26 1.07 0.89 0.77 0.73 0.82 1.00 1.21 1.44 1.61 1.71 1.71 1.59 1.35 1.09 0.87 0.77 0.80 0.92 1.11 1.33 1.49 1.56
 16   1.49 1.31 1.11 0.91 0.75 0.67 0.73 0.92 1.15 1.39 1.61 1.75 1.74 1.63 1.45 1.22 1.04 0.91 0.85 0.90 1.03 1.21 1.39 1.50
 17   1.51 1.41 1.25 1.05 0.89 0.79 0.77 0.85 1.01 1.19 1.39 1.59 1.71 1.75 1.69 1.51 1.27 1.09 0.97 0.92 0.94 1.05 1.23 1.42
 18   1.51 1.51 1.42 1.29 1.14 1.01 0.92 0.89 0.96 1.11 1.30 1.49 1.66 1.75 1.73 1.58 1.40 1.23 1.08 0.96 0.92 0.99 1.11 1.23
 19   1.35 1.45 1.49 1.44 1.33 1.21 1.10 1.02 1.00 1.07 1.20 1.35 1.51 1.65 1.73 1.71 1.60 1.43 1.26 1.11 1.01 0.98 1.03 1.13
 20   1.25 1.37 1.49 1.56 1.53 1.43 1.31 1.19 1.10 1.05 1.09 1.19 1.33 1.49 1.63 1.73 1.77 1.71 1.57 1.35 1.14 0.99 0.93 0.97
 21   1.08 1.22 1.38 1.55 1.64 1.62 1.51 1.37 1.22 1.09 1.02 1.03 1.12 1.25 1.41 1.58 1.71 1.76 1.69 1.53 1.31 1.07 0.90 0.79
 22   0.77 0.87 1.07 1.31 1.51 1.66 1.72 1.67 1.51 1.31 1.09 0.93 0.87 0.97 1.15 1.35 1.55 1.72 1.80 1.73 1.51 1.25 0.99 0.75
 23   0.60 0.66 0.86 1.10 1.36 1.62 1.81 1.85 1.73 1.50 1.25 1.00 0.82 0.75 0.84 1.06 1.30 1.54 1.72 1.80 1.72 1.50 1.16 0.86
 24   0.64 0.52 0.62 0.84 1.14 1.45 1.74 1.92 1.96 1.80 1.54 1.26 0.98 0.76 0.68 0.78 1.04 1.34 1.64 1.86 1.92 1.77 1.48 1.14
 25   0.78 0.52 0.44 0.58 0.90 1.24 1.60 1.94 2.09 2.04 1.84 1.54 1.20 0.90 0.68 0.62 0.78 1.08 1.40 1.70 1.90 1.89 1.70 1.34
 26   0.98 0.66 0.45 0.40 0.64 0.98 1.36 1.74 2.06 2.18 2.08 1.84 1.50 1.16 0.86 0.66 0.61 0.82 1.14 1.47 1.76 1.92 1.86 1.62
 27   1.26 0.88 0.56 0.42 0.48 0.73 1.08 1.42 1.80 2.10 2.16 2.03 1.70 1.36 1.03 0.74 0.59 0.68 0.92 1.22 1.54 1.80 1.92 1.80
 28   1.54 1.20 0.86 0.60 0.51 0.60 0.89 1.22 1.58 1.94 2.15 2.17 1.96 1.66 1.36 1.06 0.80 0.68 0.78 1.00 1.26 1.50 1.71 1.79
 29   1.70 1.48 1.18 0.90 0.70 0.62 0.76 1.04 1.36 1.70 1.97 2.13 2.10 1.90 1.62 1.30 1.04 0.86 0.80 0.93 1.16 1.40 1.64 1.80
 30   1.80 1.66 1.43 1.19 0.99 0.85 0.81 0.96 1.22 1.50 1.78 2.00 2.10 2.01 1.81 1.56 1.30 1.08 0.92 0.87 0.99 1.19 1.40 1.60
 31   1.72 1.72 1.60 1.40 1.18 1.00 0.90 0.96 1.10 1.28 1.48 1.70 1.90 2.00 1.96 1.80 1.60 1.40 1.20 1.03 0.95 1.00 1.18 1.39
 ----------------------------------------------------------------------------------------------------------------------------
                                                                                               
 ----------------------------------------------------------------------------------------------------------------------------
 ----------------------------------------------------------------------------------------------------------------------------
                                                          SURVEY OF INDIA
                                                    MARINE GEODESY WING (G&RB)
                                                     HOURLY HEIGHTS IN METRES
  NAME OF PORT:- KAKINADA                                                                           MONTH JUNE      YEAR 2017
 ----------------------------------------------------------------------------------------------------------------------------
 DAYS 0000 0001 0002 0003 0004 0005 0006 0007 0008 0009 0010 0011 0012 0013 0014 0015 0016 0017 0018 0019 0020 0021 0022 0023
 ----------------------------------------------------------------------------------------------------------------------------
  1   1.58 1.72 1.76 1.67 1.52 1.36 1.19 1.06 1.04 1.15 1.33 1.52 1.72 1.88 1.95 1.90 1.78 1.62 1.44 1.26 1.12 1.06 1.12 1.26
  2   1.42 1.56 1.68 1.75 1.72 1.62 1.49 1.37 1.28 1.24 1.30 1.42 1.56 1.70 1.82 1.90 1.91 1.80 1.64 1.47 1.32 1.20 1.14 1.19
  3   1.30 1.44 1.58 1.70 1.78 1.76 1.66 1.54 1.42 1.31 1.25 1.28 1.38 1.52 1.65 1.76 1.83 1.82 1.72 1.56 1.38 1.23 1.11 1.04
  4   1.08 1.20 1.35 1.52 1.68 1.77 1.76 1.68 1.54 1.36 1.20 1.12 1.14 1.25 1.40 1.54 1.66 1.75 1.77 1.69 1.52 1.33 1.16 1.03
  5   0.97 0.98 1.09 1.30 1.52 1.70 1.80 1.80 1.70 1.52 1.32 1.17 1.09 1.11 1.20 1.35 1.53 1.70 1.76 1.73 1.60 1.40 1.18 1.00
  6   0.88 0.84 0.92 1.12 1.36 1.60 1.80 1.86 1.82 1.70 1.50 1.30 1.14 1.05 1.05 1.16 1.37 1.60 1.75 1.80 1.74 1.58 1.34 1.10
  7   0.92 0.82 0.86 1.02 1.26 1.52 1.76 1.94 1.96 1.86 1.65 1.38 1.11 0.92 0.89 1.01 1.21 1.42 1.64 1.80 1.82 1.72 1.53 1.30
  8   1.07 0.91 0.86 0.98 1.22 1.52 1.80 2.04 2.14 2.05 1.86 1.62 1.35 1.12 1.00 1.04 1.18 1.40 1.64 1.84 1.94 1.90 1.75 1.52
  9   1.28 1.06 0.92 0.89 1.02 1.32 1.65 1.94 2.14 2.20 2.12 1.94 1.68 1.40 1.18 1.06 1.10 1.26 1.48 1.70 1.88 1.97 1.90 1.70
 10   1.41 1.10 0.90 0.84 0.96 1.20 1.50 1.84 2.10 2.21 2.18 2.04 1.82 1.56 1.32 1.14 1.07 1.15 1.35 1.60 1.82 1.97 1.96 1.80
 11   1.57 1.32 1.12 1.00 0.97 1.10 1.36 1.68 1.99 2.20 2.25 2.15 1.95 1.70 1.44 1.23 1.10 1.08 1.20 1.40 1.62 1.84 1.95 1.89
 12   1.57 1.32 1.12 1.00 0.97 1.10 1.36 1.68 1.99 2.20 2.25 2.15 1.95 1.70 1.44 1.23 1.10 1.08 1.20 1.40 1.64 1.84 1.95 1.92
 13   1.76 1.53 1.28 1.06 0.92 0.90 1.04 1.30 1.60 1.88 2.10 2.18 2.10 1.90 1.62 1.35 1.15 1.02 0.98 1.11 1.34 1.60 1.80 1.88
 14   1.82 1.65 1.40 1.15 0.97 0.88 0.94 1.12 1.37 1.66 1.90 2.06 2.04 1.90 1.66 1.40 1.16 0.98 0.90 0.98 1.15 1.36 1.56 1.72
 15   1.74 1.62 1.46 1.27 1.09 0.97 0.92 1.02 1.20 1.42 1.66 1.88 2.00 1.96 1.80 1.60 1.38 1.18 1.03 0.96 1.03 1.20 1.43 1.66
 16   1.77 1.74 1.64 1.50 1.34 1.19 1.07 1.03 1.12 1.32 1.56 1.80 1.96 2.01 1.95 1.80 1.60 1.36 1.16 1.02 0.98 1.10 1.30 1.50
 17   1.66 1.76 1.76 1.68 1.56 1.41 1.24 1.09 1.04 1.13 1.31 1.53 1.72 1.87 1.94 1.90 1.76 1.56 1.33 1.14 1.02 1.00 1.10 1.26
 18   1.44 1.61 1.73 1.78 1.75 1.65 1.48 1.27 1.11 1.04 1.13 1.30 1.49 1.66 1.78 1.83 1.80 1.70 1.55 1.34 1.12 0.98 0.92 0.99
 19   1.14 1.32 1.50 1.67 1.78 1.80 1.72 1.56 1.37 1.22 1.13 1.12 1.20 1.37 1.56 1.72 1.81 1.78 1.66 1.44 1.20 1.01 0.89 0.85
 20   0.92 1.08 1.30 1.52 1.72 1.84 1.84 1.74 1.52 1.26 1.03 0.94 0.96 1.08 1.26 1.46 1.64 1.76 1.77 1.68 1.46 1.20 0.96 0.78
 21   0.72 0.80 1.00 1.28 1.58 1.84 1.96 1.94 1.80 1.58 1.30 1.06 0.92 0.88 0.98 1.20 1.44 1.66 1.80 1.84 1.72 1.47 1.16 0.88
 22   0.68 0.62 0.76 1.04 1.36 1.68 1.96 2.12 2.12 1.96 1.72 1.46 1.22 1.02 0.93 1.02 1.23 1.48 1.72 1.91 1.96 1.80 1.52 1.20
 23   0.88 0.68 0.66 0.84 1.12 1.44 1.78 2.10 2.22 2.16 1.92 1.60 1.30 1.02 0.82 0.78 0.94 1.20 1.50 1.80 1.96 1.96 1.80 1.48
 24   1.10 0.80 0.60 0.60 0.82 1.12 1.44 1.78 2.08 2.18 2.14 1.94 1.62 1.30 1.02 0.84 0.84 1.00 1.23 1.48 1.74 1.94 1.98 1.80
 25   1.44 1.10 0.82 0.66 0.68 0.90 1.22 1.58 1.92 2.18 2.24 2.12 1.82 1.49 1.17 0.90 0.78 0.84 1.06 1.34 1.62 1.86 1.98 1.90
 26   1.66 1.32 0.98 0.76 0.70 0.80 1.02 1.34 1.70 2.06 2.24 2.20 2.02 1.76 1.44 1.14 0.92 0.81 0.90 1.12 1.40 1.70 1.88 1.92
 27   1.78 1.48 1.18 0.92 0.74 0.68 0.80 1.08 1.40 1.72 1.98 2.10 2.06 1.88 1.64 1.36 1.09 0.88 0.80 0.90 1.16 1.44 1.66 1.80
 28   1.80 1.66 1.36 1.06 0.84 0.72 0.72 0.88 1.14 1.46 1.74 1.92 2.00 1.94 1.76 1.50 1.22 0.98 0.82 0.78 0.90 1.12 1.36 1.58
 29   1.70 1.68 1.54 1.32 1.10 0.92 0.84 0.88 1.04 1.28 1.54 1.75 1.88 1.90 1.82 1.64 1.38 1.12 0.92 0.84 0.88 1.02 1.20 1.40
 30   1.58 1.68 1.64 1.48 1.30 1.12 1.00 0.94 0.98 1.12 1.34 1.56 1.74 1.85 1.84 1.70 1.50 1.28 1.08 0.94 0.88 0.90 1.02 1.22
 ----------------------------------------------------------------------------------------------------------------------------
                                                                                               
 ----------------------------------------------------------------------------------------------------------------------------
 ----------------------------------------------------------------------------------------------------------------------------
                                                          SURVEY OF INDIA
                                                    MARINE GEODESY WING (G&RB)
                                                     HOURLY HEIGHTS IN METRES
  NAME OF PORT:- KAKINADA                                                                           MONTH JULY      YEAR 2017
 ----------------------------------------------------------------------------------------------------------------------------
 DAYS 0000 0001 0002 0003 0004 0005 0006 0007 0008 0009 0010 0011 0012 0013 0014 0015 0016 0017 0018 0019 0020 0021 0022 0023
 ----------------------------------------------------------------------------------------------------------------------------
  1   1.40 1.54 1.62 1.62 1.52 1.35 1.20 1.10 1.07 1.10 1.20 1.34 1.52 1.67 1.74 1.72 1.62 1.42 1.20 1.04 0.94 0.90 0.94 1.05
  2   1.22 1.39 1.52 1.58 1.58 1.52 1.38 1.24 1.14 1.09 1.10 1.18 1.32 1.46 1.56 1.60 1.60 1.54 1.40 1.22 1.07 0.97 0.92 0.96
  3   1.06 1.22 1.38 1.52 1.62 1.64 1.58 1.45 1.30 1.18 1.10 1.08 1.15 1.26 1.39 1.50 1.57 1.58 1.51 1.38 1.22 1.07 0.96 0.91
  4   0.94 1.06 1.22 1.38 1.53 1.64 1.66 1.60 1.47 1.32 1.18 1.08 1.04 1.08 1.18 1.32 1.45 1.54 1.56 1.50 1.36 1.18 1.00 0.86
  5   0.80 0.84 0.98 1.18 1.38 1.56 1.68 1.70 1.62 1.46 1.28 1.12 1.02 1.00 1.06 1.18 1.32 1.46 1.56 1.58 1.48 1.30 1.08 0.88
  6   0.78 0.76 0.82 0.98 1.20 1.44 1.65 1.78 1.80 1.68 1.46 1.22 1.04 0.94 0.94 1.02 1.18 1.36 1.51 1.58 1.56 1.44 1.22 1.00
  7   0.84 0.76 0.78 0.88 1.06 1.30 1.56 1.76 1.86 1.82 1.66 1.44 1.21 1.03 0.94 0.95 1.08 1.28 1.48 1.62 1.68 1.62 1.46 1.22
  8   0.96 0.78 0.76 0.86 1.04 1.28 1.54 1.78 1.92 1.94 1.82 1.57 1.30 1.08 0.94 0.90 0.98 1.18 1.43 1.66 1.78 1.78 1.66 1.44
  9   1.14 0.90 0.78 0.78 0.90 1.14 1.44 1.75 1.98 2.04 1.94 1.74 1.49 1.22 1.00 0.88 0.90 1.06 1.30 1.54 1.72 1.79 1.70 1.50
 10   1.22 0.94 0.74 0.68 0.76 0.96 1.24 1.52 1.76 1.92 1.97 1.86 1.62 1.32 1.04 0.86 0.84 0.94 1.14 1.39 1.62 1.74 1.72 1.58
 11   1.32 1.00 0.74 0.62 0.64 0.80 1.04 1.32 1.62 1.88 1.97 1.92 1.74 1.46 1.14 0.88 0.76 0.80 0.96 1.20 1.46 1.65 1.74 1.70
 12   1.54 1.24 0.96 0.77 0.70 0.76 0.94 1.20 1.48 1.74 1.92 1.98 1.90 1.68 1.38 1.08 0.86 0.78 0.84 1.02 1.26 1.52 1.70 1.74
 13   1.66 1.46 1.18 0.94 0.80 0.78 0.88 1.08 1.36 1.68 1.92 2.02 2.00 1.84 1.58 1.26 0.98 0.84 0.81 0.92 1.14 1.38 1.59 1.74
 14   1.77 1.64 1.36 1.10 0.93 0.84 0.84 0.96 1.18 1.44 1.70 1.86 1.92 1.84 1.64 1.38 1.12 0.92 0.82 0.82 0.94 1.16 1.40 1.62
 15   1.74 1.70 1.54 1.32 1.11 0.96 0.88 0.90 1.04 1.26 1.50 1.72 1.86 1.86 1.74 1.52 1.26 1.02 0.86 0.80 0.87 1.02 1.21 1.42
 16   1.63 1.72 1.70 1.56 1.34 1.11 0.96 0.92 0.98 1.13 1.32 1.52 1.71 1.82 1.80 1.66 1.42 1.18 0.96 0.82 0.78 0.84 1.01 1.24
 17   1.46 1.62 1.69 1.66 1.54 1.38 1.22 1.08 1.00 1.00 1.10 1.26 1.46 1.64 1.74 1.72 1.59 1.40 1.20 1.02 0.90 0.86 0.92 1.08
 18   1.28 1.48 1.66 1.78 1.80 1.72 1.54 1.34 1.18 1.10 1.08 1.15 1.30 1.49 1.62 1.68 1.68 1.61 1.46 1.24 1.04 0.92 0.88 0.92
 19   1.04 1.22 1.42 1.62 1.78 1.84 1.76 1.60 1.41 1.22 1.08 1.04 1.10 1.24 1.42 1.58 1.70 1.74 1.68 1.50 1.26 1.04 0.88 0.82
 20   0.86 0.98 1.18 1.42 1.68 1.84 1.88 1.82 1.66 1.42 1.16 0.94 0.86 0.90 1.04 1.24 1.44 1.60 1.68 1.66 1.48 1.22 0.94 0.74
 21   0.66 0.68 0.82 1.06 1.33 1.61 1.84 1.92 1.84 1.61 1.33 1.06 0.83 0.70 0.72 0.88 1.09 1.30 1.50 1.62 1.57 1.38 1.10 0.80
 22   0.57 0.45 0.48 0.68 0.96 1.28 1.58 1.84 1.94 1.84 1.58 1.26 0.94 0.66 0.54 0.62 0.85 1.12 1.38 1.60 1.70 1.62 1.39 1.08
 23   0.77 0.55 0.51 0.63 0.86 1.18 1.52 1.86 2.08 2.06 1.86 1.58 1.24 0.92 0.66 0.58 0.72 0.96 1.26 1.58 1.80 1.82 1.64 1.36
 24   1.04 0.72 0.54 0.50 0.64 0.92 1.24 1.60 1.95 2.08 2.02 1.82 1.53 1.18 0.84 0.64 0.58 0.70 1.00 1.32 1.63 1.84 1.88 1.72
 25   1.40 1.04 0.68 0.52 0.54 0.72 0.98 1.32 1.70 1.98 2.08 2.00 1.78 1.46 1.10 0.78 0.58 0.60 0.78 1.08 1.40 1.68 1.85 1.80
 26   1.58 1.28 0.94 0.70 0.60 0.64 0.82 1.10 1.46 1.78 2.00 2.02 1.90 1.64 1.30 0.98 0.74 0.62 0.68 0.88 1.18 1.48 1.72 1.80
 27   1.72 1.48 1.18 0.90 0.70 0.66 0.76 0.98 1.28 1.60 1.88 2.00 1.98 1.82 1.56 1.26 0.98 0.80 0.74 0.84 1.06 1.34 1.60 1.76
 28   1.80 1.71 1.49 1.23 1.00 0.83 0.79 0.94 1.19 1.45 1.71 1.89 1.95 1.89 1.70 1.43 1.16 0.94 0.83 0.85 0.97 1.17 1.39 1.61
 29   1.73 1.75 1.65 1.41 1.20 1.03 0.95 0.97 1.09 1.29 1.51 1.69 1.79 1.81 1.73 1.53 1.29 1.10 0.98 0.93 0.95 1.07 1.27 1.49
 30   1.63 1.69 1.67 1.57 1.41 1.23 1.11 1.07 1.11 1.21 1.37 1.53 1.67 1.75 1.75 1.65 1.43 1.25 1.11 1.01 0.97 1.03 1.17 1.33
 31   1.48 1.60 1.65 1.63 1.54 1.41 1.29 1.19 1.15 1.17 1.25 1.37 1.49 1.59 1.65 1.63 1.53 1.39 1.25 1.13 1.04 1.01 1.06 1.17
 ----------------------------------------------------------------------------------------------------------------------------
                                                                                               
 ----------------------------------------------------------------------------------------------------------------------------
 ----------------------------------------------------------------------------------------------------------------------------
                                                          SURVEY OF INDIA
                                                    MARINE GEODESY WING (G&RB)
                                                     HOURLY HEIGHTS IN METRES
  NAME OF PORT:- KAKINADA                                                                           MONTH AUGUST    YEAR 2017
 ----------------------------------------------------------------------------------------------------------------------------
 DAYS 0000 0001 0002 0003 0004 0005 0006 0007 0008 0009 0010 0011 0012 0013 0014 0015 0016 0017 0018 0019 0020 0021 0022 0023
 ----------------------------------------------------------------------------------------------------------------------------
  1   1.30 1.42 1.53 1.61 1.63 1.57 1.45 1.34 1.25 1.19 1.17 1.21 1.31 1.45 1.56 1.60 1.59 1.53 1.42 1.29 1.17 1.08 1.05 1.09
  2   1.19 1.31 1.45 1.58 1.67 1.71 1.70 1.62 1.50 1.37 1.26 1.19 1.18 1.23 1.33 1.44 1.51 1.53 1.49 1.39 1.27 1.16 1.07 1.05
  3   1.15 1.30 1.45 1.58 1.67 1.71 1.70 1.62 1.50 1.37 1.26 1.19 1.18 1.23 1.33 1.44 1.51 1.53 1.49 1.39 1.27 1.15 1.05 0.98
  4   0.97 1.04 1.18 1.34 1.51 1.67 1.79 1.83 1.77 1.63 1.43 1.25 1.13 1.07 1.09 1.18 1.31 1.45 1.57 1.63 1.61 1.49 1.30 1.11
  5   0.97 0.91 0.93 1.06 1.27 1.53 1.75 1.89 1.93 1.81 1.52 1.23 1.05 0.98 1.01 1.13 1.29 1.47 1.63 1.73 1.69 1.52 1.29 1.05
  6   0.87 0.81 0.91 1.11 1.35 1.59 1.83 1.97 1.97 1.85 1.64 1.39 1.15 0.97 0.94 1.05 1.23 1.43 1.63 1.79 1.85 1.77 1.51 1.19
  7   0.94 0.81 0.81 0.95 1.18 1.45 1.75 1.98 2.09 2.09 1.99 1.79 1.50 1.19 0.97 0.89 0.93 1.09 1.34 1.63 1.82 1.89 1.80 1.59
  8   1.29 0.99 0.79 0.73 0.83 1.06 1.37 1.69 1.97 2.11 2.07 1.87 1.59 1.28 0.99 0.83 0.83 0.95 1.21 1.50 1.76 1.89 1.89 1.75
  9   1.47 1.15 0.87 0.73 0.75 0.92 1.19 1.49 1.81 2.06 2.13 2.01 1.75 1.43 1.13 0.89 0.79 0.85 1.03 1.33 1.63 1.85 1.93 1.85
 10   1.63 1.31 0.99 0.77 0.69 0.77 0.97 1.25 1.57 1.86 2.03 2.01 1.83 1.57 1.27 0.99 0.79 0.73 0.84 1.07 1.35 1.63 1.83 1.89
 11   1.77 1.53 1.25 0.98 0.77 0.71 0.81 1.05 1.35 1.67 1.92 2.00 1.91 1.69 1.39 1.06 0.82 0.71 0.75 0.93 1.19 1.51 1.77 1.88
 12   1.79 1.59 1.33 1.06 0.85 0.75 0.79 0.95 1.23 1.53 1.79 1.95 1.94 1.77 1.49 1.19 0.93 0.75 0.69 0.79 1.01 1.29 1.57 1.77
 13   1.81 1.72 1.52 1.25 0.99 0.83 0.79 0.87 1.05 1.29 1.56 1.79 1.87 1.80 1.61 1.35 1.07 0.85 0.71 0.69 0.83 1.07 1.33 1.57
 14   1.73 1.75 1.65 1.45 1.21 0.99 0.86 0.83 0.91 1.10 1.33 1.55 1.71 1.77 1.71 1.53 1.29 1.06 0.89 0.81 0.83 0.95 1.15 1.39
 15   1.61 1.73 1.73 1.65 1.50 1.31 1.13 1.02 0.99 1.05 1.17 1.35 1.55 1.69 1.75 1.69 1.53 1.31 1.11 0.96 0.89 0.91 1.01 1.17
 16   1.37 1.57 1.71 1.75 1.69 1.56 1.39 1.22 1.09 1.03 1.07 1.19 1.35 1.50 1.63 1.71 1.71 1.59 1.40 1.19 1.01 0.91 0.89 0.97
 17   1.13 1.31 1.50 1.67 1.79 1.81 1.72 1.56 1.38 1.21 1.09 1.05 1.10 1.22 1.38 1.54 1.65 1.70 1.65 1.50 1.29 1.09 0.93 0.87
 18   0.91 1.04 1.23 1.45 1.66 1.83 1.89 1.83 1.65 1.43 1.22 1.05 0.98 1.01 1.12 1.29 1.47 1.64 1.73 1.69 1.53 1.31 1.09 0.91
 19   0.81 0.83 0.97 1.19 1.46 1.73 1.95 2.05 1.99 1.79 1.51 1.23 1.03 0.93 0.95 1.09 1.29 1.52 1.73 1.85 1.83 1.65 1.39 1.14
 20   0.93 0.81 0.85 1.01 1.27 1.58 1.89 2.10 2.15 2.07 1.80 1.49 1.19 0.95 0.85 0.89 1.09 1.37 1.64 1.87 2.00 1.95 1.73 1.45
 21   1.15 0.88 0.74 0.81 1.05 1.37 1.68 2.00 2.19 2.21 2.09 1.79 1.45 1.14 0.91 0.83 0.93 1.19 1.51 1.79 1.97 2.03 1.93 1.67
 22   1.29 0.99 0.79 0.73 0.87 1.13 1.45 1.81 2.13 2.27 2.23 2.03 1.69 1.29 0.97 0.79 0.79 0.97 1.27 1.61 1.91 2.09 2.09 1.91
 23   1.59 1.23 0.96 0.81 0.81 0.97 1.25 1.59 1.95 2.19 2.23 2.13 1.89 1.51 1.15 0.91 0.83 0.87 1.09 1.43 1.77 2.09 2.18 2.10
 24   1.81 1.49 1.19 0.94 0.83 0.90 1.11 1.43 1.83 2.16 2.28 2.25 2.09 1.79 1.41 1.09 0.89 0.85 0.97 1.25 1.59 1.89 2.11 2.13
 25   1.95 1.66 1.35 1.07 0.89 0.85 0.99 1.23 1.53 1.83 2.09 2.16 2.07 1.83 1.54 1.23 0.97 0.83 0.87 1.05 1.33 1.63 1.87 1.99
 26   1.95 1.77 1.48 1.21 1.01 0.90 0.93 1.09 1.35 1.63 1.89 2.06 2.05 1.89 1.62 1.33 1.09 0.93 0.87 0.95 1.15 1.43 1.71 1.91
 27   1.95 1.87 1.69 1.45 1.23 1.07 1.01 1.09 1.25 1.49 1.75 1.97 2.05 1.95 1.71 1.45 1.21 1.03 0.94 0.98 1.13 1.33 1.57 1.79
 28   1.90 1.87 1.76 1.60 1.42 1.25 1.13 1.10 1.19 1.35 1.55 1.73 1.83 1.83 1.70 1.47 1.21 1.04 0.97 1.01 1.15 1.35 1.59 1.79
 29   1.91 1.94 1.87 1.73 1.55 1.36 1.21 1.14 1.16 1.25 1.39 1.55 1.66 1.71 1.67 1.57 1.41 1.25 1.14 1.07 1.06 1.11 1.23 1.39
 30   1.53 1.64 1.69 1.65 1.57 1.47 1.36 1.27 1.23 1.24 1.30 1.39 1.49 1.58 1.63 1.61 1.54 1.43 1.31 1.21 1.15 1.13 1.18 1.27
 31   1.39 1.50 1.59 1.66 1.69 1.65 1.55 1.43 1.33 1.26 1.23 1.25 1.31 1.39 1.45 1.49 1.50 1.47 1.41 1.31 1.19 1.12 1.09 1.11
 ----------------------------------------------------------------------------------------------------------------------------
                                                                                               
 ----------------------------------------------------------------------------------------------------------------------------
 ----------------------------------------------------------------------------------------------------------------------------
                                                          SURVEY OF INDIA
                                                    MARINE GEODESY WING (G&RB)
                                                     HOURLY HEIGHTS IN METRES
  NAME OF PORT:- KAKINADA                                                                           MONTH SEPT      YEAR 2017
 ----------------------------------------------------------------------------------------------------------------------------
 DAYS 0000 0001 0002 0003 0004 0005 0006 0007 0008 0009 0010 0011 0012 0013 0014 0015 0016 0017 0018 0019 0020 0021 0022 0023
 ----------------------------------------------------------------------------------------------------------------------------
  1   1.18 1.30 1.43 1.55 1.64 1.68 1.67 1.60 1.49 1.36 1.25 1.18 1.17 1.22 1.31 1.41 1.49 1.53 1.53 1.49 1.40 1.26 1.15 1.09
  2   1.07 1.12 1.23 1.40 1.58 1.72 1.80 1.78 1.68 1.52 1.35 1.20 1.11 1.09 1.15 1.27 1.42 1.58 1.68 1.67 1.57 1.43 1.27 1.12
  3   0.99 0.95 1.04 1.21 1.41 1.63 1.81 1.89 1.85 1.71 1.51 1.29 1.09 0.99 0.98 1.08 1.27 1.49 1.67 1.75 1.71 1.59 1.39 1.18
  4   0.95 0.83 0.85 1.01 1.23 1.49 1.75 1.93 1.97 1.85 1.61 1.33 1.07 0.91 0.84 0.89 1.05 1.28 1.55 1.76 1.82 1.74 1.55 1.30
  5   1.01 0.78 0.71 0.81 1.03 1.31 1.63 1.89 2.03 1.99 1.81 1.53 1.23 0.95 0.79 0.76 0.89 1.13 1.46 1.71 1.87 1.89 1.75 1.49
  6   1.15 0.83 0.68 0.69 0.85 1.13 1.45 1.79 2.05 2.10 1.95 1.67 1.33 1.01 0.79 0.69 0.77 0.98 1.29 1.59 1.87 1.99 1.89 1.65
  7   1.31 0.95 0.73 0.64 0.71 0.91 1.25 1.61 1.95 2.12 2.07 1.85 1.52 1.17 0.87 0.69 0.65 0.81 1.09 1.41 1.77 2.01 2.04 1.87
  8   1.57 1.17 0.87 0.69 0.66 0.81 1.09 1.43 1.81 2.05 2.11 1.97 1.68 1.33 0.97 0.71 0.62 0.69 0.90 1.22 1.58 1.93 2.05 1.99
  9   1.73 1.37 1.06 0.83 0.69 0.67 0.87 1.23 1.59 1.91 2.05 2.01 1.78 1.47 1.13 0.83 0.63 0.59 0.73 1.01 1.35 1.71 1.97 2.03
 10   1.89 1.61 1.32 1.01 0.79 0.70 0.79 1.03 1.33 1.67 1.91 1.98 1.89 1.67 1.37 1.07 0.83 0.67 0.66 0.85 1.15 1.51 1.83 2.00
 11   1.99 1.83 1.57 1.25 0.99 0.83 0.79 0.91 1.13 1.43 1.71 1.87 1.90 1.77 1.53 1.23 0.96 0.77 0.69 0.76 0.95 1.23 1.53 1.77
 12   1.87 1.83 1.67 1.43 1.18 0.99 0.87 0.85 0.96 1.19 1.45 1.67 1.77 1.74 1.60 1.37 1.13 0.93 0.79 0.75 0.85 1.05 1.29 1.57
 13   1.75 1.82 1.79 1.67 1.45 1.19 1.02 0.95 0.98 1.09 1.26 1.45 1.60 1.69 1.70 1.59 1.41 1.19 0.99 0.87 0.83 0.91 1.07 1.30
 14   1.51 1.68 1.77 1.78 1.67 1.47 1.27 1.11 1.01 0.97 1.03 1.16 1.33 1.49 1.57 1.58 1.52 1.40 1.23 1.08 0.97 0.93 0.97 1.09
 15   1.25 1.43 1.61 1.75 1.79 1.71 1.55 1.38 1.23 1.11 1.03 1.03 1.11 1.24 1.39 1.53 1.61 1.62 1.52 1.37 1.21 1.09 1.01 0.99
 16   1.05 1.17 1.35 1.57 1.75 1.85 1.85 1.73 1.53 1.32 1.13 0.99 0.92 0.97 1.13 1.33 1.53 1.68 1.74 1.69 1.53 1.31 1.11 0.97
 17   0.90 0.93 1.07 1.29 1.57 1.83 1.96 1.94 1.81 1.57 1.31 1.07 0.90 0.83 0.90 1.07 1.31 1.57 1.79 1.86 1.77 1.55 1.27 1.02
 18   0.83 0.75 0.83 1.03 1.31 1.61 1.89 2.03 1.97 1.75 1.45 1.17 0.93 0.75 0.67 0.77 1.01 1.31 1.59 1.79 1.85 1.72 1.47 1.17
 19   0.89 0.71 0.66 0.79 1.05 1.35 1.67 1.93 2.01 1.89 1.65 1.33 1.03 0.77 0.62 0.67 0.85 1.15 1.49 1.81 1.97 1.93 1.73 1.43
 20   1.09 0.79 0.65 0.70 0.87 1.15 1.49 1.83 2.03 2.01 1.85 1.57 1.21 0.87 0.66 0.58 0.67 0.93 1.27 1.63 1.89 1.98 1.87 1.61
 21   1.28 1.01 0.80 0.67 0.61 0.72 0.93 1.25 1.65 1.86 1.91 1.73 1.37 0.99 0.73 0.57 0.59 0.77 1.07 1.43 1.79 1.98 1.97 1.74
 22   1.28 0.93 0.73 0.64 0.69 0.84 1.07 1.41 1.77 1.96 1.97 1.83 1.57 1.23 0.91 0.71 0.63 0.73 0.96 1.29 1.65 1.93 2.05 1.97
 23   1.73 1.43 1.11 0.87 0.76 0.83 1.03 1.33 1.67 1.95 2.05 1.97 1.75 1.45 1.15 0.91 0.77 0.74 0.89 1.17 1.53 1.83 2.03 2.06
 24   1.93 1.65 1.35 1.09 0.93 0.89 1.01 1.26 1.55 1.85 2.03 2.05 1.93 1.67 1.37 1.11 0.93 0.86 0.95 1.17 1.47 1.77 1.99 2.10
 25   2.05 1.87 1.60 1.33 1.13 1.03 1.06 1.20 1.40 1.64 1.87 1.99 1.96 1.81 1.59 1.33 1.11 0.99 0.96 1.08 1.34 1.61 1.85 1.99
 26   2.04 1.97 1.80 1.56 1.35 1.22 1.17 1.23 1.36 1.55 1.76 1.93 1.98 1.87 1.69 1.47 1.27 1.14 1.10 1.19 1.35 1.55 1.75 1.93
 27   2.01 1.97 1.84 1.68 1.51 1.38 1.31 1.30 1.37 1.51 1.69 1.85 1.92 1.90 1.81 1.65 1.45 1.29 1.21 1.21 1.29 1.43 1.59 1.75
 28   1.89 1.95 1.91 1.79 1.66 1.53 1.43 1.37 1.35 1.39 1.49 1.61 1.71 1.75 1.74 1.67 1.55 1.43 1.33 1.28 1.29 1.35 1.45 1.57
 29   1.69 1.79 1.85 1.85 1.77 1.63 1.49 1.40 1.35 1.34 1.37 1.44 1.53 1.62 1.69 1.71 1.67 1.59 1.47 1.37 1.30 1.27 1.29 1.35
 30   1.46 1.59 1.70 1.78 1.81 1.79 1.73 1.63 1.51 1.40 1.33 1.31 1.35 1.43 1.54 1.65 1.73 1.75 1.70 1.61 1.50 1.37 1.28 1.25
 ----------------------------------------------------------------------------------------------------------------------------
                                                                                               
 ----------------------------------------------------------------------------------------------------------------------------
 ----------------------------------------------------------------------------------------------------------------------------
                                                          SURVEY OF INDIA
                                                    MARINE GEODESY WING (G&RB)
                                                     HOURLY HEIGHTS IN METRES
  NAME OF PORT:- KAKINADA                                                                           MONTH OCTOBER   YEAR 2017
 ----------------------------------------------------------------------------------------------------------------------------
 DAYS 0000 0001 0002 0003 0004 0005 0006 0007 0008 0009 0010 0011 0012 0013 0014 0015 0016 0017 0018 0019 0020 0021 0022 0023
 ----------------------------------------------------------------------------------------------------------------------------
  1   1.28 1.38 1.53 1.69 1.82 1.89 1.89 1.82 1.68 1.50 1.34 1.22 1.19 1.25 1.36 1.49 1.64 1.75 1.79 1.76 1.63 1.48 1.33 1.19
  2   1.11 1.17 1.34 1.53 1.75 1.91 1.97 1.94 1.81 1.62 1.41 1.22 1.09 1.07 1.19 1.37 1.57 1.75 1.87 1.91 1.83 1.65 1.43 1.19
  3   1.01 0.99 1.09 1.29 1.53 1.81 2.00 2.07 1.99 1.77 1.51 1.25 1.04 0.95 0.97 1.13 1.39 1.67 1.93 2.05 2.03 1.87 1.61 1.35
  4   1.13 1.01 0.99 1.10 1.39 1.76 2.05 2.19 2.19 2.05 1.77 1.42 1.13 0.95 0.91 1.01 1.27 1.59 1.89 2.11 2.17 2.07 1.82 1.49
  5   1.19 0.99 0.93 0.99 1.21 1.57 1.93 2.19 2.29 2.21 1.97 1.61 1.27 1.01 0.86 0.89 1.09 1.43 1.79 2.12 2.27 2.25 2.09 1.79
  6   1.39 1.09 0.95 0.92 1.05 1.35 1.77 2.15 2.35 2.37 2.19 1.87 1.47 1.11 0.90 0.83 0.91 1.17 1.57 1.97 2.27 2.39 2.31 2.07
  7   1.68 1.33 1.07 0.95 0.99 1.17 1.51 1.95 2.25 2.37 2.31 2.09 1.73 1.33 1.03 0.87 0.85 0.99 1.33 1.73 2.11 2.33 2.31 2.07
  8
  9
 10
 11
 12
 13
 14
 15   1.15 1.28 1.45 1.63 1.78 1.85 1.83 1.72 1.52 1.32 1.14 1.01 0.98 1.03 1.17 1.39 1.62 1.77 1.80 1.75 1.61 1.43 1.25 1.09
 16   1.03 1.09 1.27 1.47 1.67 1.85 1.97 1.97 1.83 1.61 1.38 1.17 1.04 1.00 1.09 1.29 1.57 1.82 1.98 2.01 1.94 1.77 1.55 1.30
 17   1.13 1.10 1.17 1.35 1.63 1.93 2.13 2.19 2.14 1.97 1.69 1.39 1.14 1.04 1.05 1.18 1.45 1.77 2.05 2.19 2.19 2.07 1.84 1.53
 18   1.25 1.11 1.09 1.21 1.45 1.75 2.05 2.23 2.25 2.13 1.87 1.57 1.25 1.03 0.96 1.04 1.26 1.57 1.93 2.23 2.33 2.27 2.07 1.77
 19   1.45 1.19 1.09 1.15 1.35 1.63 1.97 2.23 2.33 2.29 2.11 1.81 1.47 1.19 1.07 1.07 1.21 1.47 1.81 2.19 2.39 2.41 2.27 1.98
 20   1.63 1.35 1.17 1.13 1.23 1.47 1.83 2.18 2.34 2.33 2.19 1.93 1.57 1.27 1.07 0.99 1.03 1.25 1.57 1.93 2.21 2.31 2.27 2.08
 21   1.71 1.37 1.12 1.01 1.03 1.17 1.43 1.77 2.06 2.15 2.09 1.87 1.53 1.21 0.97 0.83 0.85 1.03 1.31 1.65 1.97 2.17 2.19 2.03
 22   1.73 1.37 1.09 0.93 0.88 0.96 1.19 1.49 1.77 1.93 1.95 1.83 1.57 1.25 0.95 0.78 0.74 0.83 1.05 1.37 1.71 1.97 2.07 2.01
 23   1.81 1.49 1.18 0.94 0.83 0.86 1.03 1.30 1.58 1.83 1.91 1.87 1.71 1.47 1.18 0.93 0.83 0.85 0.97 1.21 1.55 1.85 2.05 2.09
 24   1.99 1.75 1.45 1.17 0.99 0.95 1.03 1.23 1.47 1.71 1.87 1.92 1.83 1.63 1.37 1.11 0.95 0.90 0.97 1.19 1.47 1.75 1.95 2.03
 25   1.99 1.85 1.61 1.33 1.13 1.04 1.05 1.15 1.33 1.57 1.76 1.85 1.83 1.71 1.51 1.27 1.07 0.97 0.97 1.07 1.27 1.53 1.79 1.95
 26   1.99 1.93 1.79 1.57 1.35 1.19 1.11 1.12 1.23 1.43 1.63 1.75 1.79 1.76 1.63 1.45 1.27 1.15 1.09 1.11 1.21 1.39 1.61 1.81
 27   1.92 1.95 1.89 1.76 1.58 1.40 1.27 1.22 1.26 1.38 1.54 1.68 1.77 1.80 1.76 1.66 1.50 1.36 1.28 1.26 1.30 1.40 1.56 1.72
 28   1.84 1.92 1.94 1.88 1.76 1.60 1.46 1.36 1.32 1.35 1.44 1.56 1.68 1.76 1.80 1.79 1.74 1.64 1.52 1.42 1.38 1.40 1.47 1.58
 29   1.70 1.81 1.90 1.94 1.92 1.84 1.72 1.58 1.46 1.40 1.40 1.46 1.56 1.67 1.78 1.86 1.90 1.88 1.80 1.68 1.56 1.47 1.44 1.47
 30   1.55 1.68 1.82 1.93 1.99 1.98 1.90 1.77 1.62 1.48 1.38 1.34 1.38 1.48 1.62 1.78 1.92 1.98 1.96 1.87 1.72 1.56 1.44 1.38
 31   1.40 1.50 1.66 1.85 2.02 2.12 2.12 2.02 1.84 1.62 1.42 1.29 1.24 1.30 1.46 1.67 1.90 2.10 2.16 2.12 1.98 1.74 1.50 1.32
 ----------------------------------------------------------------------------------------------------------------------------
                                                                                               
 ----------------------------------------------------------------------------------------------------------------------------
 ----------------------------------------------------------------------------------------------------------------------------
                                                          SURVEY OF INDIA
                                                    MARINE GEODESY WING (G&RB)
                                                     HOURLY HEIGHTS IN METRES
  NAME OF PORT:- KAKINADA                                                                           MONTH NOVEMBER  YEAR 2017
 ----------------------------------------------------------------------------------------------------------------------------
 DAYS 0000 0001 0002 0003 0004 0005 0006 0007 0008 0009 0010 0011 0012 0013 0014 0015 0016 0017 0018 0019 0020 0021 0022 0023
 ----------------------------------------------------------------------------------------------------------------------------
  1   1.24 1.26 1.39 1.64 1.89 2.09 2.18 2.15 2.01 1.79 1.53 1.29 1.15 1.12 1.23 1.49 1.78 2.05 2.22 2.26 2.19 1.97 1.70 1.40
  2   1.20 1.14 1.23 1.45 1.74 2.03 2.26 2.34 2.26 1.99 1.65 1.30 1.06 0.98 1.04 1.24 1.56 1.92 2.24 2.42 2.40 2.22 1.92 1.56
  3   1.26 1.10 1.10 1.24 1.52 1.86 2.20 2.36 2.36 2.20 1.92 1.56 1.22 1.00 0.96 1.09 1.40 1.80 2.18 2.50 2.62 2.54 2.30 1.90
  4   1.50 1.22 1.08 1.10 1.30 1.68 2.06 2.34 2.46 2.40 2.17 1.80 1.42 1.13 0.96 0.95 1.14 1.50 1.94 2.36 2.60 2.66 2.52 2.20
  5   1.78 1.40 1.16 1.06 1.10 1.34 1.74 2.18 2.40 2.44 2.32 2.06 1.68 1.29 1.02 0.90 0.96 1.20 1.56 2.00 2.40 2.60 2.60 2.37
  6   1.98 1.58 1.24 1.04 0.98 1.10 1.40 1.78 2.12 2.30 2.32 2.15 1.84 1.46 1.12 0.90 0.83 0.94 1.22 1.60 2.02 2.40 2.50 2.42
  7   2.16 1.81 1.46 1.16 0.98 0.98 1.14 1.44 1.80 2.06 2.20 2.18 2.00 1.70 1.36 1.08 0.90 0.88 1.04 1.34 1.78 2.24 2.43 2.42
  8   2.28 2.02 1.70 1.39 1.14 1.02 1.04 1.20 1.46 1.78 2.02 2.11 2.04 1.84 1.58 1.30 1.08 1.02 1.08 1.28 1.56 1.88 2.14 2.30
  9   2.32 2.18 1.92 1.64 1.38 1.20 1.12 1.18 1.36 1.60 1.82 1.98 2.04 1.98 1.80 1.58 1.36 1.20 1.13 1.18 1.34 1.56 1.80 2.02
 10   2.16 2.18 2.08 1.87 1.64 1.42 1.26 1.18 1.20 1.32 1.52 1.72 1.87 1.93 1.90 1.78 1.60 1.42 1.30 1.24 1.26 1.36 1.54 1.74
 11   1.92 2.04 2.08 2.01 1.86 1.68 1.48 1.32 1.23 1.22 1.29 1.44 1.62 1.76 1.86 1.90 1.86 1.76 1.63 1.52 1.44 1.42 1.48 1.60
 12   1.74 1.89 2.02 2.08 2.04 1.92 1.76 1.59 1.44 1.34 1.30 1.32 1.42 1.57 1.74 1.89 1.98 1.99 1.92 1.80 1.66 1.54 1.46 1.44
 13   1.50 1.64 1.80 1.94 2.02 2.04 1.98 1.84 1.64 1.44 1.29 1.21 1.20 1.28 1.46 1.68 1.88 1.98 2.00 1.96 1.85 1.70 1.54 1.42
 14   1.39 1.46 1.62 1.80 1.98 2.10 2.12 2.06 1.90 1.68 1.48 1.31 1.22 1.25 1.38 1.58 1.82 2.05 2.16 2.16 2.06 1.84 1.60 1.40
 15   1.30 1.28 1.38 1.58 1.86 2.07 2.16 2.15 2.05 1.84 1.60 1.38 1.22 1.16 1.22 1.42 1.68 1.96 2.16 2.22 2.16 1.98 1.74 1.50
 16   1.30 1.18 1.18 1.32 1.56 1.82 2.02 2.11 2.08 1.92 1.67 1.40 1.16 1.02 1.00 1.10 1.33 1.62 1.90 2.12 2.18 2.10 1.88 1.58
 17   1.30 1.11 1.04 1.10 1.29 1.56 1.84 2.04 2.08 1.99 1.78 1.50 1.20 0.98 0.90 0.98 1.19 1.50 1.84 2.14 2.26 2.22 2.02 1.73
 18   1.42 1.16 1.02 1.00 1.12 1.36 1.66 1.92 2.04 2.00 1.84 1.58 1.28 1.02 0.88 0.88 1.04 1.30 1.64 1.98 2.20 2.22 2.10 1.86
 19   1.54 1.24 1.02 0.94 1.00 1.20 1.47 1.77 1.97 2.02 1.92 1.70 1.40 1.10 0.88 0.82 0.90 1.14 1.46 1.80 2.10 2.24 2.20 2.02
 20   1.72 1.39 1.14 0.99 0.96 1.08 1.32 1.60 1.87 1.98 1.92 1.74 1.46 1.16 0.94 0.84 0.88 1.06 1.34 1.68 1.98 2.18 2.19 2.04
 21   1.78 1.48 1.20 1.00 0.94 1.02 1.22 1.48 1.76 1.94 1.96 1.84 1.64 1.38 1.12 0.94 0.90 1.00 1.24 1.54 1.84 2.10 2.18 2.13
 22   1.94 1.68 1.40 1.15 1.02 1.02 1.14 1.36 1.62 1.86 1.96 1.91 1.74 1.49 1.23 1.02 0.93 0.98 1.16 1.40 1.68 1.96 2.10 2.11
 23   2.00 1.77 1.52 1.28 1.10 1.04 1.10 1.26 1.48 1.70 1.86 1.90 1.82 1.64 1.40 1.18 1.03 1.00 1.08 1.25 1.50 1.76 1.98 2.08
 24   2.06 1.91 1.68 1.44 1.24 1.10 1.06 1.14 1.31 1.52 1.70 1.80 1.80 1.69 1.50 1.30 1.15 1.06 1.05 1.14 1.34 1.56 1.76 1.90
 25   1.96 1.91 1.76 1.56 1.36 1.20 1.10 1.10 1.20 1.36 1.52 1.66 1.74 1.74 1.65 1.50 1.34 1.20 1.14 1.16 1.24 1.40 1.60 1.78
 26   1.90 1.94 1.90 1.76 1.56 1.37 1.22 1.15 1.16 1.24 1.37 1.52 1.66 1.73 1.72 1.64 1.52 1.38 1.27 1.22 1.24 1.32 1.44 1.58
 27   1.72 1.82 1.86 1.82 1.70 1.54 1.38 1.24 1.16 1.17 1.24 1.34 1.45 1.57 1.67 1.72 1.70 1.62 1.50 1.38 1.30 1.28 1.32 1.42
 28   1.55 1.68 1.80 1.85 1.82 1.72 1.57 1.40 1.24 1.12 1.08 1.12 1.22 1.36 1.52 1.68 1.80 1.82 1.76 1.63 1.49 1.36 1.28 1.27
 29   1.35 1.50 1.68 1.83 1.91 1.90 1.80 1.64 1.45 1.26 1.12 1.06 1.08 1.20 1.40 1.63 1.85 1.97 1.96 1.86 1.70 1.50 1.32 1.20
 30   1.16 1.24 1.40 1.64 1.87 1.97 1.96 1.84 1.62 1.38 1.16 1.00 0.95 1.02 1.20 1.46 1.76 2.02 2.13 2.11 1.97 1.72 1.46 1.24
 ----------------------------------------------------------------------------------------------------------------------------
                                                                                               
 ----------------------------------------------------------------------------------------------------------------------------
 ----------------------------------------------------------------------------------------------------------------------------
                                                          SURVEY OF INDIA
                                                    MARINE GEODESY WING (G&RB)
                                                     HOURLY HEIGHTS IN METRES
  NAME OF PORT:- KAKINADA                                                                           MONTH DECEMBER  YEAR 2017
 ----------------------------------------------------------------------------------------------------------------------------
 DAYS 0000 0001 0002 0003 0004 0005 0006 0007 0008 0009 0010 0011 0012 0013 0014 0015 0016 0017 0018 0019 0020 0021 0022 0023
 ----------------------------------------------------------------------------------------------------------------------------
  1   1.10 1.10 1.24 1.48 1.75 1.97 2.09 2.05 1.87 1.61 1.33 1.05 0.86 0.84 0.98 1.25 1.59 1.94 2.18 2.27 2.20 1.99 1.69 1.37
  2   1.11 0.98 1.03 1.23 1.52 1.85 2.08 2.15 2.07 1.86 1.52 1.20 0.92 0.78 0.80 1.00 1.34 1.76 2.16 2.42 2.44 2.28 2.00 1.64
  3   1.26 1.02 0.94 1.02 1.26 1.60 1.96 2.18 2.20 2.06 1.78 1.40 1.06 0.80 0.69 0.76 1.02 1.42 1.84 2.24 2.46 2.46 2.26 1.90
  4   1.46 1.14 0.94 0.87 1.00 1.30 1.64 1.96 2.17 2.19 2.00 1.68 1.30 0.96 0.72 0.68 0.84 1.16 1.56 2.00 2.36 2.48 2.40 2.14
  5   1.72 1.34 1.05 0.88 0.86 1.02 1.36 1.72 2.00 2.14 2.08 1.86 1.54 1.18 0.90 0.72 0.69 0.86 1.24 1.64 2.04 2.36 2.43 2.30
  6   2.00 1.64 1.30 0.98 0.82 0.82 1.02 1.34 1.70 1.96 2.06 1.98 1.76 1.44 1.10 0.86 0.75 0.78 0.96 1.30 1.68 2.02 2.26 2.28
  7   2.14 1.88 1.54 1.22 0.96 0.86 0.94 1.16 1.45 1.74 1.96 2.04 1.96 1.74 1.47 1.20 1.00 0.91 0.94 1.08 1.38 1.78 2.08 2.23
  8   2.26 2.14 1.88 1.58 1.30 1.08 0.99 1.04 1.22 1.50 1.76 1.91 1.95 1.88 1.70 1.46 1.22 1.07 1.02 1.09 1.25 1.52 1.82 2.08
  9   2.20 2.19 2.06 1.80 1.54 1.30 1.13 1.06 1.12 1.30 1.52 1.74 1.88 1.93 1.88 1.74 1.52 1.32 1.20 1.17 1.24 1.40 1.62 1.88
 10   2.08 2.14 2.10 1.98 1.78 1.55 1.34 1.20 1.17 1.24 1.37 1.52 1.68 1.82 1.90 1.88 1.76 1.60 1.44 1.30 1.22 1.24 1.38 1.58
 11   1.76 1.90 1.98 1.98 1.88 1.70 1.50 1.30 1.14 1.07 1.10 1.20 1.34 1.51 1.68 1.78 1.80 1.73 1.60 1.44 1.30 1.22 1.21 1.30
 12   1.45 1.62 1.78 1.86 1.86 1.79 1.66 1.48 1.30 1.15 1.08 1.10 1.18 1.32 1.50 1.70 1.84 1.90 1.86 1.72 1.51 1.34 1.24 1.22
 13   1.28 1.40 1.54 1.70 1.82 1.86 1.80 1.64 1.44 1.26 1.12 1.03 1.01 1.11 1.32 1.58 1.80 1.94 2.00 1.96 1.82 1.64 1.46 1.32
 14   1.26 1.31 1.42 1.58 1.74 1.87 1.92 1.84 1.66 1.44 1.22 1.06 0.99 1.04 1.19 1.42 1.66 1.88 2.04 2.06 1.97 1.80 1.58 1.36
 15   1.22 1.17 1.24 1.40 1.60 1.80 1.92 1.93 1.82 1.62 1.38 1.14 0.98 0.94 1.02 1.22 1.48 1.77 2.01 2.12 2.10 1.97 1.74 1.48
 16   1.26 1.13 1.11 1.21 1.40 1.63 1.83 1.91 1.86 1.72 1.50 1.24 1.02 0.92 0.94 1.06 1.30 1.60 1.93 2.16 2.21 2.13 1.92 1.66
 17   1.38 1.18 1.09 1.12 1.29 1.52 1.75 1.92 1.98 1.90 1.70 1.42 1.15 0.94 0.88 0.96 1.16 1.45 1.76 2.06 2.21 2.23 2.10 1.82
 18   1.48 1.23 1.08 1.04 1.14 1.34 1.62 1.86 1.97 1.94 1.80 1.56 1.26 1.00 0.87 0.85 0.98 1.24 1.56 1.90 2.18 2.27 2.20 2.00
 19   1.70 1.40 1.18 1.06 1.06 1.21 1.45 1.70 1.90 1.99 1.94 1.73 1.44 1.16 0.96 0.88 0.96 1.18 1.46 1.78 2.08 2.26 2.26 2.11
 20   1.86 1.56 1.29 1.08 1.03 1.12 1.34 1.60 1.84 1.98 1.98 1.85 1.60 1.31 1.04 0.90 0.90 1.04 1.28 1.58 1.89 2.14 2.22 2.14
 21   1.92 1.62 1.32 1.08 0.97 1.00 1.16 1.40 1.66 1.86 1.95 1.90 1.70 1.40 1.14 0.95 0.87 0.92 1.10 1.38 1.69 1.98 2.14 2.14
 22   2.01 1.78 1.50 1.24 1.04 0.98 1.06 1.24 1.46 1.69 1.83 1.82 1.68 1.46 1.22 1.01 0.88 0.87 1.00 1.22 1.48 1.76 2.00 2.09
 23   2.04 1.86 1.60 1.34 1.10 0.96 0.95 1.08 1.30 1.54 1.74 1.82 1.78 1.62 1.42 1.21 1.03 0.94 0.98 1.12 1.34 1.60 1.84 2.00
 24   2.06 1.98 1.76 1.50 1.24 1.06 0.99 1.04 1.18 1.40 1.63 1.78 1.82 1.74 1.58 1.37 1.18 1.06 1.03 1.10 1.26 1.48 1.72 1.90
 25   2.00 1.98 1.84 1.62 1.38 1.18 1.06 1.04 1.12 1.28 1.47 1.64 1.76 1.80 1.73 1.58 1.40 1.24 1.14 1.11 1.19 1.35 1.54 1.73
 26   1.88 1.94 1.90 1.76 1.54 1.32 1.16 1.05 1.02 1.08 1.21 1.38 1.56 1.70 1.75 1.70 1.56 1.40 1.28 1.20 1.18 1.24 1.36 1.52
 27   1.68 1.80 1.84 1.78 1.64 1.46 1.26 1.08 0.98 0.97 1.05 1.20 1.37 1.54 1.67 1.75 1.77 1.70 1.56 1.40 1.27 1.21 1.24 1.35
 28   1.50 1.65 1.76 1.81 1.78 1.66 1.50 1.30 1.11 0.97 0.93 0.99 1.14 1.34 1.55 1.74 1.86 1.90 1.84 1.70 1.52 1.34 1.20 1.16
 29   1.24 1.39 1.56 1.72 1.82 1.84 1.74 1.55 1.34 1.15 0.99 0.91 0.96 1.14 1.38 1.62 1.84 2.00 2.05 1.97 1.80 1.58 1.36 1.18
 30   1.10 1.14 1.28 1.48 1.69 1.86 1.90 1.78 1.58 1.34 1.10 0.92 0.84 0.90 1.08 1.34 1.64 1.94 2.17 2.22 2.12 1.90 1.62 1.34
 31   1.10 1.02 1.06 1.25 1.50 1.76 1.96 2.00 1.90 1.68 1.40 1.12 0.91 0.81 0.88 1.12 1.42 1.76 2.09 2.30 2.32 2.20 1.94 1.60
 ----------------------------------------------------------------------------------------------------------------------------
                                                                                               
 ----------------------------------------------------------------------------------------------------------------------------
 ----------------------------------------------------------------------------------------------------------------------------
