                                                          SURVEY OF INDIA
                                                    MARINE GEODESY WING (G&RB)
                                                     HOURLY HEIGHTS IN METRES
  NAME OF PORT:- CUDDALORE                                                                          MONTH JANUARY   YEAR 2017
 ----------------------------------------------------------------------------------------------------------------------------
 DAYS 0000 0001 0002 0003 0004 0005 0006 0007 0008 0009 0010 0011 0012 0013 0014 0015 0016 0017 0018 0019 0020 0021 0022 0023
 ----------------------------------------------------------------------------------------------------------------------------
  1   1.08 0.92 0.73 0.57 0.49 0.49 0.60 0.74 0.88 1.00 1.08 1.05 0.93 0.77 0.61 0.50 0.44 0.48 0.61 0.79 0.97 1.14 1.24 1.27
  2   1.20 1.06 0.87 0.68 0.55 0.49 0.54 0.67 0.82 0.96 1.06 1.09 1.03 0.90 0.73 0.58 0.47 0.47 0.55 0.68 0.86 1.05 1.19 1.26
  3   1.24 1.12 0.95 0.77 0.61 0.50 0.48 0.56 0.69 0.85 0.98 1.09 1.12 1.06 0.91 0.75 0.64 0.58 0.57 0.64 0.78 0.95 1.12 1.22
  4   1.24 1.17 1.02 0.84 0.68 0.54 0.47 0.47 0.55 0.70 0.84 0.96 1.01 1.00 0.91 0.79 0.66 0.56 0.51 0.53 0.62 0.77 0.92 1.08
  5   1.16 1.18 1.13 0.98 0.81 0.66 0.55 0.50 0.51 0.62 0.78 0.91 1.03 1.09 1.07 0.97 0.84 0.73 0.63 0.59 0.62 0.70 0.83 0.98
  6   1.10 1.16 1.15 1.07 0.94 0.81 0.67 0.55 0.50 0.52 0.63 0.76 0.88 0.99 1.05 1.06 0.99 0.89 0.79 0.70 0.65 0.66 0.73 0.85
  7   0.98 1.07 1.12 1.12 1.04 0.90 0.74 0.62 0.54 0.50 0.52 0.62 0.77 0.91 1.01 1.06 1.07 1.02 0.93 0.83 0.74 0.68 0.66 0.70
  8   0.80 0.92 1.02 1.08 1.08 1.02 0.92 0.79 0.66 0.56 0.51 0.52 0.62 0.77 0.93 1.06 1.12 1.13 1.08 0.98 0.85 0.73 0.66 0.66
  9   0.73 0.85 0.97 1.05 1.09 1.07 1.00 0.89 0.75 0.62 0.51 0.44 0.43 0.51 0.65 0.84 1.03 1.15 1.20 1.17 1.06 0.90 0.75 0.63
 10   0.54 0.48 0.48 0.58 0.72 0.88 1.02 1.06 1.02 0.89 0.69 0.50 0.40 0.40 0.53 0.70 0.89 1.07 1.20 1.24 1.20 1.08 0.88 0.69
 11   0.55 0.47 0.46 0.52 0.66 0.81 0.95 1.04 1.03 0.94 0.79 0.59 0.43 0.36 0.38 0.48 0.68 0.89 1.08 1.20 1.24 1.20 1.02 0.82
 12   0.62 0.48 0.42 0.44 0.56 0.73 0.90 1.02 1.06 1.00 0.87 0.67 0.48 0.36 0.30 0.36 0.52 0.74 0.98 1.16 1.28 1.26 1.15 0.98
 13   0.76 0.55 0.42 0.38 0.44 0.58 0.77 0.96 1.06 1.06 0.98 0.81 0.60 0.42 0.30 0.28 0.35 0.53 0.76 0.98 1.18 1.25 1.20 1.08
 14   0.90 0.66 0.46 0.37 0.35 0.44 0.60 0.78 0.93 1.02 1.02 0.92 0.73 0.54 0.40 0.32 0.34 0.46 0.67 0.89 1.08 1.21 1.26 1.22
 15   1.06 0.84 0.62 0.46 0.38 0.40 0.50 0.67 0.84 0.98 1.04 1.02 0.90 0.72 0.56 0.44 0.40 0.45 0.56 0.75 0.96 1.14 1.25 1.24
 16   1.14 0.96 0.75 0.56 0.44 0.40 0.45 0.57 0.74 0.90 1.02 1.05 1.00 0.88 0.72 0.57 0.47 0.44 0.49 0.62 0.80 1.00 1.12 1.18
 17   1.16 1.06 0.90 0.70 0.54 0.45 0.43 0.48 0.62 0.78 0.93 1.01 1.00 0.88 0.74 0.62 0.52 0.44 0.44 0.54 0.70 0.90 1.07 1.19
 18   1.20 1.11 0.97 0.80 0.63 0.50 0.42 0.42 0.50 0.64 0.78 0.90 0.98 0.98 0.90 0.79 0.68 0.60 0.56 0.58 0.67 0.78 0.90 1.00
 19   1.05 1.04 0.98 0.86 0.72 0.59 0.50 0.48 0.52 0.62 0.73 0.82 0.90 0.96 0.96 0.92 0.84 0.74 0.66 0.63 0.65 0.72 0.80 0.90
 20   0.99 1.03 1.00 0.90 0.78 0.67 0.56 0.48 0.45 0.48 0.55 0.66 0.76 0.84 0.89 0.90 0.88 0.83 0.75 0.69 0.66 0.67 0.71 0.79
 21   0.86 0.92 0.95 0.95 0.91 0.83 0.74 0.66 0.60 0.57 0.58 0.65 0.74 0.84 0.92 0.96 0.97 0.95 0.90 0.82 0.75 0.71 0.69 0.71
 22   0.76 0.81 0.86 0.89 0.90 0.87 0.80 0.70 0.62 0.56 0.54 0.58 0.64 0.72 0.80 0.88 0.94 0.97 0.96 0.92 0.86 0.80 0.74 0.70
 23   0.70 0.74 0.81 0.87 0.90 0.90 0.87 0.80 0.72 0.64 0.58 0.56 0.58 0.64 0.73 0.84 0.95 1.03 1.05 1.02 0.94 0.85 0.76 0.68
 24   0.64 0.66 0.72 0.82 0.92 0.95 0.93 0.86 0.74 0.64 0.56 0.50 0.48 0.51 0.60 0.71 0.82 0.94 1.02 1.03 0.99 0.90 0.78 0.65
 25   0.58 0.57 0.61 0.68 0.78 0.88 0.92 0.90 0.83 0.70 0.58 0.48 0.41 0.39 0.44 0.56 0.70 0.84 0.98 1.07 1.06 0.97 0.84 0.70
 26   0.56 0.50 0.50 0.54 0.63 0.74 0.84 0.90 0.88 0.80 0.66 0.52 0.40 0.36 0.38 0.46 0.58 0.74 0.90 1.04 1.08 1.02 0.90 0.75
 27   0.62 0.52 0.46 0.46 0.52 0.65 0.82 0.92 0.95 0.90 0.80 0.66 0.47 0.34 0.29 0.32 0.45 0.62 0.79 0.95 1.04 1.06 0.95 0.80
 28   0.64 0.50 0.40 0.36 0.40 0.52 0.66 0.81 0.91 0.94 0.86 0.70 0.52 0.37 0.26 0.24 0.34 0.52 0.70 0.92 1.06 1.12 1.06 0.94
 29   0.76 0.56 0.40 0.32 0.34 0.44 0.58 0.76 0.89 0.96 0.94 0.82 0.62 0.44 0.30 0.25 0.28 0.42 0.60 0.84 1.02 1.11 1.12 1.00
 30   0.84 0.64 0.46 0.32 0.27 0.30 0.45 0.62 0.78 0.90 0.94 0.88 0.74 0.56 0.38 0.28 0.26 0.34 0.50 0.70 0.90 1.03 1.09 1.06
 31   0.94 0.74 0.52 0.34 0.24 0.24 0.32 0.48 0.65 0.80 0.89 0.90 0.80 0.65 0.49 0.36 0.28 0.28 0.38 0.54 0.73 0.90 1.00 1.03
 ----------------------------------------------------------------------------------------------------------------------------
                                                                                               
 ----------------------------------------------------------------------------------------------------------------------------
 ----------------------------------------------------------------------------------------------------------------------------
                                                          SURVEY OF INDIA
                                                    MARINE GEODESY WING (G&RB)
                                                     HOURLY HEIGHTS IN METRES
  NAME OF PORT:- CUDDALORE                                                                          MONTH FEBRUARY  YEAR 2017
 ----------------------------------------------------------------------------------------------------------------------------
 DAYS 0000 0001 0002 0003 0004 0005 0006 0007 0008 0009 0010 0011 0012 0013 0014 0015 0016 0017 0018 0019 0020 0021 0022 0023
 ----------------------------------------------------------------------------------------------------------------------------
  1   0.99 0.89 0.72 0.55 0.42 0.32 0.28 0.32 0.44 0.60 0.75 0.86 0.88 0.78 0.60 0.46 0.35 0.29 0.30 0.44 0.60 0.74 0.87 0.96
  2   0.96 0.83 0.63 0.43 0.28 0.23 0.26 0.36 0.51 0.67 0.80 0.88 0.91 0.88 0.78 0.64 0.49 0.40 0.38 0.42 0.53 0.66 0.80 0.92
  3   0.98 0.97 0.87 0.68 0.52 0.40 0.31 0.28 0.33 0.45 0.60 0.74 0.83 0.88 0.86 0.78 0.68 0.57 0.47 0.44 0.47 0.55 0.66 0.78
  4   0.87 0.92 0.90 0.80 0.67 0.54 0.42 0.34 0.30 0.34 0.46 0.60 0.72 0.82 0.86 0.82 0.72 0.62 0.54 0.52 0.54 0.60 0.68 0.76
  5   0.83 0.89 0.91 0.88 0.80 0.70 0.58 0.48 0.40 0.36 0.39 0.48 0.61 0.75 0.88 0.93 0.93 0.88 0.80 0.70 0.61 0.55 0.53 0.57
  6   0.64 0.73 0.81 0.85 0.85 0.80 0.72 0.62 0.51 0.42 0.41 0.45 0.53 0.64 0.78 0.89 0.96 0.98 0.95 0.87 0.78 0.70 0.62 0.57
  7   0.58 0.63 0.70 0.78 0.86 0.89 0.87 0.79 0.67 0.56 0.47 0.40 0.39 0.44 0.58 0.74 0.90 1.03 1.06 1.01 0.92 0.80 0.66 0.55
  8   0.48 0.46 0.50 0.61 0.74 0.85 0.90 0.87 0.79 0.68 0.55 0.44 0.36 0.36 0.44 0.58 0.76 0.93 1.04 1.08 1.02 0.92 0.77 0.60
  9   0.48 0.40 0.40 0.49 0.62 0.77 0.89 0.95 0.92 0.83 0.70 0.53 0.40 0.34 0.38 0.48 0.64 0.84 1.02 1.12 1.14 1.06 0.90 0.71
 10   0.54 0.40 0.35 0.38 0.49 0.66 0.82 0.93 0.98 0.94 0.80 0.61 0.45 0.34 0.30 0.37 0.52 0.70 0.89 1.05 1.13 1.12 1.00 0.80
 11   0.60 0.45 0.35 0.32 0.38 0.54 0.71 0.86 0.96 0.98 0.90 0.72 0.53 0.39 0.30 0.30 0.42 0.59 0.80 0.99 1.14 1.20 1.14 0.98
 12   0.76 0.56 0.40 0.32 0.32 0.44 0.60 0.77 0.91 1.00 1.00 0.87 0.70 0.52 0.38 0.30 0.33 0.46 0.66 0.86 1.05 1.16 1.18 1.08
 13   0.90 0.68 0.49 0.36 0.30 0.37 0.51 0.68 0.86 1.00 1.06 1.00 0.86 0.69 0.52 0.40 0.36 0.42 0.58 0.77 0.96 1.10 1.19 1.16
 14   1.04 0.85 0.65 0.50 0.41 0.43 0.52 0.68 0.86 1.02 1.10 1.11 1.04 0.90 0.72 0.58 0.50 0.52 0.60 0.73 0.88 1.04 1.18 1.16
 15
 16
 17
 18
 19
 20
 21   0.82 0.85 0.87 0.88 0.87 0.84 0.79 0.73 0.67 0.64 0.64 0.66 0.72 0.80 0.88 0.95 1.00 1.01 0.99 0.95 0.89 0.83 0.77 0.72
 22   0.70 0.72 0.77 0.82 0.86 0.88 0.86 0.82 0.77 0.71 0.66 0.62 0.62 0.67 0.75 0.85 0.95 1.03 1.06 1.04 0.98 0.89 0.78 0.68
 23   0.63 0.62 0.65 0.72 0.81 0.88 0.92 0.92 0.86 0.77 0.67 0.58 0.54 0.56 0.63 0.74 0.87 0.99 1.07 1.10 1.06 0.98 0.86 0.73
 24   0.64 0.58 0.58 0.64 0.74 0.85 0.94 1.00 0.98 0.89 0.76 0.63 0.53 0.50 0.54 0.65 0.81 0.96 1.10 1.18 1.18 1.12 1.00 0.82
 25   0.64 0.54 0.52 0.58 0.69 0.82 0.95 1.04 1.04 0.98 0.87 0.70 0.55 0.46 0.47 0.55 0.70 0.87 1.07 1.22 1.26 1.21 1.10 0.92
 26   0.72 0.56 0.48 0.48 0.56 0.72 0.91 1.03 1.08 1.05 0.96 0.82 0.63 0.50 0.44 0.46 0.58 0.78 0.99 1.18 1.30 1.32 1.20 1.01
 27   0.78 0.60 0.46 0.42 0.47 0.64 0.84 1.02 1.16 1.19 1.12 0.95 0.76 0.57 0.44 0.39 0.48 0.65 0.86 1.06 1.14 1.13 1.08 0.99
 28   0.90 0.71 0.53 0.44 0.44 0.54 0.73 0.96 1.13 1.23 1.25 1.15 0.94 0.55 0.43 0.46 0.59 0.77 0.94 1.10 1.22 1.30 1.34 1.32
 ----------------------------------------------------------------------------------------------------------------------------
                                                                                               
 ----------------------------------------------------------------------------------------------------------------------------
 ----------------------------------------------------------------------------------------------------------------------------
                                                          SURVEY OF INDIA
                                                    MARINE GEODESY WING (G&RB)
                                                     HOURLY HEIGHTS IN METRES
  NAME OF PORT:- CUDDALORE                                                                          MONTH MARCH     YEAR 2017
 ----------------------------------------------------------------------------------------------------------------------------
 DAYS 0000 0001 0002 0003 0004 0005 0006 0007 0008 0009 0010 0011 0012 0013 0014 0015 0016 0017 0018 0019 0020 0021 0022 0023
 ----------------------------------------------------------------------------------------------------------------------------
  1   1.23 1.04 0.82 0.68 0.61 0.66 0.82 1.02 1.23 1.38 1.44 1.39 1.26 1.10 0.92 0.78 0.72 0.74 0.85 0.98 1.13 1.27 1.36 1.40
  2   1.34 1.16 0.95 0.75 0.64 0.64 0.73 0.89 1.09 1.28 1.40 1.43 1.36 1.20 1.02 0.86 0.75 0.71 0.76 0.92 1.09 1.25 1.38 1.45
  3   1.42 1.31 1.12 0.76 0.59 0.53 0.54 0.63 0.79 0.98 1.15 1.24 1.25 1.13 0.96 0.78 0.62 0.58 0.63 0.73 0.86 0.99 1.12 1.19
  4   1.16 1.06 0.91 0.72 0.57 0.46 0.42 0.45 0.55 0.70 0.88 1.02 1.09 1.08 0.99 0.87 0.73 0.61 0.54 0.57 0.66 0.77 0.88 0.99
  5   1.03 1.00 0.90 0.78 0.67 0.57 0.48 0.45 0.48 0.57 0.70 0.84 0.96 1.04 1.04 0.98 0.88 0.78 0.69 0.64 0.62 0.64 0.70 0.78
  6   0.86 0.92 0.92 0.87 0.79 0.69 0.59 0.50 0.46 0.49 0.56 0.66 0.78 0.88 0.94 0.97 0.96 0.92 0.84 0.72 0.64 0.60 0.60 0.63
  7   0.69 0.77 0.82 0.83 0.80 0.74 0.67 0.60 0.54 0.50 0.50 0.54 0.62 0.73 0.86 0.95 0.98 0.97 0.92 0.83 0.73 0.64 0.58 0.54
  8   0.55 0.60 0.67 0.74 0.80 0.81 0.78 0.72 0.65 0.58 0.52 0.49 0.50 0.56 0.68 0.80 0.91 0.99 1.01 0.98 0.90 0.78 0.66 0.56
  9   0.50 0.49 0.54 0.64 0.76 0.86 0.92 0.92 0.84 0.71 0.59 0.52 0.49 0.50 0.57 0.69 0.84 0.98 1.08 1.10 1.04 0.93 0.78 0.62
 10   0.49 0.44 0.45 0.51 0.64 0.78 0.88 0.93 0.91 0.82 0.67 0.54 0.46 0.42 0.44 0.54 0.68 0.85 1.02 1.10 1.09 1.00 0.86 0.66
 11   0.50 0.39 0.33 0.36 0.50 0.67 0.84 0.94 0.98 0.94 0.81 0.64 0.49 0.40 0.38 0.43 0.55 0.72 0.90 1.04 1.10 1.07 0.96 0.77
 12   0.60 0.45 0.34 0.33 0.39 0.54 0.72 0.89 0.97 0.98 0.91 0.74 0.58 0.44 0.36 0.35 0.45 0.62 0.79 0.97 1.10 1.12 1.04 0.87
 13   0.67 0.50 0.36 0.30 0.34 0.50 0.67 0.84 0.96 1.01 0.97 0.86 0.68 0.51 0.38 0.34 0.38 0.54 0.73 0.91 1.04 1.06 1.01 0.89
 14   0.74 0.55 0.38 0.29 0.30 0.39 0.55 0.72 0.88 0.98 1.00 0.92 0.78 0.61 0.47 0.38 0.38 0.46 0.63 0.80 0.95 1.04 1.05 0.96
 15   0.81 0.61 0.42 0.27 0.26 0.36 0.51 0.66 0.83 0.95 1.00 0.98 0.88 0.72 0.58 0.49 0.45 0.48 0.57 0.71 0.84 0.94 0.98 0.97
 16   0.89 0.74 0.56 0.42 0.33 0.35 0.44 0.56 0.70 0.84 0.93 0.97 0.94 0.83 0.68 0.56 0.51 0.52 0.58 0.69 0.80 0.89 0.94 0.91
 17   0.82 0.71 0.60 0.50 0.43 0.41 0.44 0.52 0.63 0.75 0.85 0.92 0.95 0.90 0.77 0.63 0.54 0.53 0.58 0.68 0.80 0.89 0.94 0.94
 18   0.90 0.81 0.69 0.58 0.48 0.44 0.46 0.52 0.60 0.69 0.78 0.86 0.90 0.90 0.83 0.72 0.63 0.58 0.58 0.64 0.72 0.80 0.88 0.94
 19   0.94 0.86 0.76 0.66 0.55 0.47 0.46 0.50 0.56 0.63 0.70 0.78 0.85 0.88 0.86 0.80 0.72 0.64 0.58 0.59 0.65 0.72 0.79 0.86
 20   0.90 0.89 0.82 0.71 0.61 0.53 0.50 0.54 0.65 0.76 0.86 0.92 0.94 0.93 0.89 0.84 0.78 0.72 0.68 0.67 0.68 0.70 0.72 0.75
 21   0.78 0.80 0.80 0.75 0.66 0.58 0.56 0.56 0.57 0.60 0.64 0.69 0.75 0.81 0.86 0.88 0.86 0.82 0.77 0.73 0.70 0.67 0.65 0.64
 22   0.65 0.70 0.74 0.74 0.71 0.66 0.61 0.57 0.54 0.53 0.53 0.56 0.62 0.70 0.78 0.86 0.89 0.87 0.80 0.73 0.67 0.63 0.60 0.59
 23   0.59 0.62 0.68 0.74 0.77 0.75 0.70 0.63 0.56 0.51 0.48 0.48 0.50 0.56 0.65 0.76 0.85 0.90 0.88 0.81 0.72 0.63 0.55 0.51
 24   0.50 0.52 0.57 0.66 0.75 0.80 0.79 0.74 0.64 0.55 0.48 0.43 0.42 0.44 0.50 0.61 0.74 0.85 0.91 0.90 0.81 0.70 0.59 0.49
 25   0.43 0.41 0.44 0.52 0.64 0.75 0.83 0.84 0.78 0.66 0.55 0.45 0.38 0.36 0.42 0.53 0.68 0.82 0.95 1.00 0.97 0.86 0.70 0.52
 26   0.40 0.34 0.34 0.43 0.59 0.74 0.86 0.93 0.93 0.85 0.70 0.53 0.40 0.34 0.36 0.47 0.62 0.81 0.97 1.08 1.09 0.98 0.81 0.61
 27   0.43 0.32 0.28 0.31 0.45 0.63 0.80 0.94 1.00 0.95 0.81 0.63 0.46 0.33 0.28 0.34 0.50 0.71 0.91 1.07 1.13 1.10 0.97 0.76
 28   0.52 0.34 0.24 0.22 0.34 0.54 0.73 0.92 1.04 1.06 0.98 0.80 0.59 0.42 0.28 0.26 0.37 0.54 0.75 0.93 1.06 1.10 1.02 0.83
 29   0.62 0.39 0.24 0.18 0.22 0.36 0.60 0.84 1.03 1.12 1.10 0.95 0.74 0.54 0.38 0.29 0.28 0.38 0.58 0.80 1.00 1.10 1.09 0.96
 30   0.74 0.51 0.31 0.20 0.20 0.29 0.46 0.68 0.91 1.07 1.12 1.06 0.90 0.70 0.49 0.34 0.30 0.34 0.48 0.66 0.86 1.03 1.10 1.05
 31   0.90 0.66 0.45 0.28 0.20 0.21 0.31 0.50 0.71 0.92 1.06 1.10 1.02 0.86 0.66 0.48 0.37 0.33 0.37 0.51 0.68 0.85 0.96 1.00
 ----------------------------------------------------------------------------------------------------------------------------
                                                                                               
 ----------------------------------------------------------------------------------------------------------------------------
 ----------------------------------------------------------------------------------------------------------------------------
                                                          SURVEY OF INDIA
                                                    MARINE GEODESY WING (G&RB)
                                                     HOURLY HEIGHTS IN METRES
  NAME OF PORT:- CUDDALORE                                                                          MONTH APRIL     YEAR 2017
 ----------------------------------------------------------------------------------------------------------------------------
 DAYS 0000 0001 0002 0003 0004 0005 0006 0007 0008 0009 0010 0011 0012 0013 0014 0015 0016 0017 0018 0019 0020 0021 0022 0023
 ----------------------------------------------------------------------------------------------------------------------------
  1   0.92 0.76 0.57 0.39 0.24 0.18 0.20 0.31 0.50 0.70 0.86 0.98 0.99 0.92 0.77 0.60 0.46 0.35 0.31 0.37 0.49 0.63 0.76 0.85
  2   0.87 0.79 0.65 0.51 0.38 0.27 0.23 0.27 0.36 0.51 0.67 0.80 0.89 0.91 0.84 0.71 0.57 0.45 0.37 0.34 0.38 0.46 0.56 0.66
  3   0.73 0.75 0.71 0.61 0.49 0.37 0.29 0.25 0.28 0.36 0.48 0.61 0.72 0.80 0.83 0.78 0.68 0.57 0.46 0.38 0.35 0.36 0.41 0.49
  4   0.58 0.65 0.68 0.65 0.58 0.49 0.39 0.32 0.30 0.33 0.40 0.49 0.59 0.68 0.75 0.79 0.77 0.70 0.60 0.50 0.43 0.39 0.38 0.41
  5   0.46 0.53 0.60 0.65 0.67 0.65 0.58 0.51 0.45 0.41 0.41 0.45 0.52 0.61 0.71 0.80 0.86 0.87 0.82 0.73 0.63 0.53 0.45 0.40
  6   0.41 0.46 0.54 0.62 0.69 0.73 0.73 0.66 0.56 0.47 0.41 0.40 0.43 0.50 0.60 0.73 0.86 0.92 0.91 0.84 0.73 0.61 0.50 0.41
  7   0.37 0.38 0.44 0.54 0.66 0.75 0.80 0.78 0.70 0.59 0.49 0.41 0.37 0.40 0.48 0.60 0.75 0.89 0.97 0.95 0.86 0.73 0.59 0.45
  8   0.34 0.31 0.34 0.43 0.55 0.70 0.81 0.86 0.83 0.75 0.63 0.51 0.41 0.35 0.37 0.45 0.58 0.74 0.88 0.95 0.93 0.84 0.69 0.52
  9   0.38 0.31 0.30 0.37 0.50 0.65 0.78 0.87 0.91 0.87 0.75 0.60 0.46 0.37 0.39 0.51 0.65 0.78 0.88 0.94 0.96 0.91 0.80 0.61
 10   0.42 0.31 0.27 0.29 0.41 0.58 0.75 0.89 0.97 0.95 0.86 0.71 0.53 0.39 0.31 0.31 0.43 0.59 0.76 0.89 0.96 0.93 0.82 0.64
 11   0.45 0.30 0.23 0.24 0.33 0.49 0.69 0.85 0.96 0.99 0.91 0.75 0.57 0.43 0.33 0.29 0.37 0.53 0.68 0.81 0.91 0.93 0.86 0.71
 12   0.51 0.35 0.23 0.21 0.26 0.39 0.55 0.73 0.87 0.93 0.91 0.79 0.63 0.48 0.35 0.27 0.30 0.40 0.54 0.69 0.81 0.87 0.85 0.75
 13   0.57 0.39 0.25 0.17 0.19 0.27 0.43 0.61 0.80 0.89 0.91 0.86 0.74 0.57 0.42 0.32 0.28 0.34 0.47 0.60 0.74 0.85 0.87 0.81
 14   0.68 0.51 0.35 0.23 0.17 0.22 0.36 0.55 0.73 0.88 0.95 0.95 0.85 0.69 0.54 0.42 0.35 0.36 0.43 0.54 0.67 0.79 0.85 0.83
 15   0.73 0.58 0.43 0.31 0.26 0.27 0.37 0.52 0.70 0.85 0.95 0.98 0.93 0.81 0.67 0.53 0.41 0.37 0.40 0.50 0.63 0.75 0.83 0.84
 16   0.79 0.68 0.55 0.42 0.33 0.31 0.37 0.48 0.62 0.77 0.88 0.96 0.97 0.91 0.79 0.65 0.54 0.47 0.45 0.49 0.58 0.68 0.78 0.84
 17   0.81 0.72 0.60 0.48 0.38 0.34 0.35 0.41 0.53 0.66 0.77 0.84 0.87 0.86 0.81 0.72 0.61 0.51 0.46 0.47 0.53 0.60 0.66 0.70
 18   0.70 0.67 0.61 0.54 0.46 0.39 0.35 0.37 0.46 0.57 0.67 0.75 0.81 0.83 0.81 0.72 0.61 0.51 0.46 0.47 0.53 0.60 0.66 0.69
 19   0.70 0.68 0.65 0.61 0.57 0.53 0.51 0.51 0.53 0.59 0.68 0.76 0.83 0.90 0.94 0.95 0.92 0.87 0.81 0.75 0.71 0.71 0.75 0.80
 20   0.84 0.87 0.88 0.87 0.83 0.79 0.75 0.71 0.68 0.69 0.75 0.82 0.89 0.95 1.01 1.06 1.07 1.03 0.96 0.89 0.83 0.78 0.77 0.76
 21
 22
 23
 24
 25
 26
 27   0.47 0.27 0.17 0.19 0.30 0.51 0.74 0.97 1.12 1.17 1.10 0.92 0.71 0.51 0.35 0.31 0.38 0.53 0.74 0.93 1.07 1.14 1.06 0.87
 28   0.63 0.43 0.27 0.17 0.21 0.36 0.57 0.83 1.05 1.17 1.19 1.08 0.92 0.73 0.53 0.40 0.35 0.43 0.59 0.76 0.95 1.08 1.12 1.04
 29   0.86 0.68 0.52 0.38 0.30 0.29 0.36 0.52 0.70 0.89 1.04 1.11 1.08 0.98 0.82 0.66 0.51 0.43 0.47 0.59 0.74 0.89 1.00 1.00
 30   0.81 0.59 0.41 0.28 0.25 0.31 0.48 0.70 0.92 1.10 1.20 1.19 1.07 0.87 0.67 0.50 0.39 0.35 0.38 0.47 0.58 0.71 0.83 0.91
 ----------------------------------------------------------------------------------------------------------------------------
                                                                                               
 ----------------------------------------------------------------------------------------------------------------------------
 ----------------------------------------------------------------------------------------------------------------------------
                                                          SURVEY OF INDIA
                                                    MARINE GEODESY WING (G&RB)
                                                     HOURLY HEIGHTS IN METRES
  NAME OF PORT:- CUDDALORE                                                                          MONTH MAY       YEAR 2017
 ----------------------------------------------------------------------------------------------------------------------------
 DAYS 0000 0001 0002 0003 0004 0005 0006 0007 0008 0009 0010 0011 0012 0013 0014 0015 0016 0017 0018 0019 0020 0021 0022 0023
 ----------------------------------------------------------------------------------------------------------------------------
  1   0.89 0.79 0.67 0.53 0.43 0.37 0.36 0.42 0.56 0.72 0.88 1.01 1.07 1.05 0.94 0.79 0.67 0.58 0.51 0.48 0.51 0.60 0.71 0.83
  2   0.88 0.87 0.80 0.71 0.62 0.53 0.48 0.47 0.51 0.61 0.74 0.89 1.01 1.05 1.03 0.97 0.87 0.77 0.67 0.59 0.53 0.52 0.58 0.67
  3   0.75 0.81 0.83 0.80 0.74 0.67 0.60 0.54 0.51 0.52 0.58 0.71 0.85 0.93 0.97 0.97 0.93 0.85 0.74 0.62 0.52 0.48 0.48 0.53
  4   0.62 0.71 0.78 0.82 0.82 0.79 0.74 0.68 0.63 0.60 0.61 0.66 0.73 0.81 0.88 0.93 0.95 0.94 0.89 0.79 0.68 0.58 0.51 0.49
  5   0.54 0.62 0.71 0.79 0.85 0.88 0.87 0.82 0.75 0.67 0.62 0.60 0.63 0.71 0.80 0.88 0.94 0.98 0.98 0.92 0.80 0.66 0.55 0.49
  6   0.47 0.50 0.57 0.66 0.75 0.84 0.90 0.89 0.82 0.72 0.62 0.55 0.53 0.57 0.65 0.74 0.84 0.93 0.99 0.99 0.92 0.79 0.65 0.53
  7   0.45 0.43 0.47 0.56 0.68 0.81 0.92 0.96 0.94 0.86 0.74 0.62 0.54 0.52 0.57 0.66 0.77 0.88 0.97 1.01 0.97 0.85 0.70 0.55
  8   0.42 0.38 0.41 0.50 0.65 0.80 0.93 1.00 1.00 0.93 0.80 0.66 0.54 0.49 0.51 0.59 0.69 0.80 0.91 0.97 0.97 0.88 0.74 0.59
  9   0.47 0.39 0.39 0.47 0.59 0.73 0.88 0.99 1.02 0.98 0.87 0.71 0.57 0.47 0.46 0.51 0.61 0.73 0.85 0.94 0.98 0.93 0.80 0.64
 10   0.49 0.39 0.35 0.38 0.48 0.68 0.85 0.98 1.05 1.04 0.95 0.80 0.63 0.49 0.41 0.42 0.51 0.65 0.78 0.89 0.96 0.98 0.89 0.72
 11   0.53 0.37 0.31 0.32 0.41 0.57 0.77 0.94 1.07 1.11 1.06 0.93 0.75 0.57 0.47 0.43 0.46 0.56 0.70 0.88 0.99 1.00 0.93 0.80
 12   0.62 0.46 0.35 0.30 0.36 0.49 0.67 0.89 1.03 1.11 1.12 1.03 0.88 0.70 0.54 0.45 0.43 0.51 0.65 0.81 0.93 0.99 0.97 0.88
 13   0.72 0.57 0.45 0.37 0.35 0.44 0.58 0.75 0.92 1.03 1.08 1.06 0.96 0.80 0.64 0.51 0.45 0.47 0.57 0.69 0.82 0.92 0.96 0.92
 14   0.79 0.65 0.53 0.44 0.39 0.42 0.52 0.66 0.81 0.96 1.04 1.05 1.00 0.89 0.74 0.59 0.48 0.45 0.51 0.62 0.74 0.85 0.91 0.90
 15   0.83 0.71 0.58 0.48 0.42 0.41 0.48 0.61 0.74 0.88 0.99 1.05 1.02 0.93 0.81 0.67 0.54 0.45 0.46 0.55 0.66 0.77 0.86 0.90
 16   0.86 0.77 0.64 0.51 0.43 0.40 0.43 0.54 0.69 0.83 0.95 1.04 1.06 0.99 0.87 0.74 0.61 0.51 0.47 0.50 0.59 0.69 0.79 0.85
 17   0.85 0.79 0.69 0.58 0.47 0.40 0.38 0.44 0.57 0.70 0.82 0.92 0.99 1.01 0.95 0.85 0.73 0.61 0.53 0.50 0.52 0.59 0.68 0.76
 18   0.81 0.80 0.75 0.67 0.58 0.49 0.43 0.43 0.49 0.59 0.71 0.83 0.92 0.97 0.96 0.90 0.80 0.68 0.56 0.46 0.43 0.46 0.55 0.64
 19   0.72 0.78 0.79 0.76 0.70 0.63 0.56 0.51 0.49 0.52 0.59 0.70 0.81 0.89 0.93 0.92 0.85 0.76 0.66 0.56 0.47 0.42 0.45 0.53
 20   0.62 0.70 0.77 0.81 0.80 0.75 0.67 0.59 0.53 0.50 0.53 0.60 0.70 0.81 0.91 0.97 0.98 0.94 0.85 0.71 0.57 0.47 0.42 0.43
 21   0.49 0.59 0.69 0.78 0.84 0.85 0.80 0.70 0.60 0.53 0.49 0.51 0.57 0.67 0.79 0.90 0.97 0.98 0.92 0.79 0.64 0.50 0.40 0.35
 22   0.37 0.47 0.59 0.72 0.84 0.92 0.93 0.89 0.79 0.67 0.55 0.49 0.51 0.59 0.70 0.83 0.96 1.01 0.98 0.89 0.75 0.60 0.45 0.31
 23   0.27 0.30 0.39 0.54 0.74 0.94 1.10 1.14 1.09 0.97 0.78 0.57 0.46 0.46 0.54 0.67 0.83 0.95 1.02 1.01 0.91 0.74 0.56 0.38
 24   0.32 0.36 0.49 0.65 0.82 0.98 1.06 1.05 0.95 0.80 0.63 0.50 0.40 0.37 0.43 0.55 0.70 0.87 1.01 1.07 1.03 0.90 0.70 0.48
 25   0.27 0.19 0.22 0.35 0.55 0.77 0.99 1.15 1.21 1.17 0.99 0.79 0.59 0.45 0.39 0.42 0.56 0.74 0.93 1.07 1.09 1.03 0.87 0.61
 26   0.39 0.24 0.17 0.20 0.37 0.62 0.87 1.09 1.22 1.26 1.17 0.93 0.71 0.51 0.38 0.35 0.40 0.53 0.71 0.91 1.02 1.05 0.95 0.77
 27   0.53 0.33 0.21 0.17 0.23 0.40 0.63 0.90 1.11 1.23 1.22 1.07 0.87 0.65 0.47 0.35 0.33 0.41 0.57 0.76 0.93 1.02 1.04 0.94
 28   0.76 0.53 0.34 0.23 0.20 0.29 0.47 0.70 0.93 1.11 1.18 1.15 1.01 0.81 0.62 0.45 0.33 0.32 0.41 0.58 0.77 0.93 1.03 1.01
 29   0.90 0.71 0.51 0.37 0.29 0.27 0.36 0.55 0.78 0.98 1.13 1.19 1.13 0.97 0.77 0.57 0.42 0.35 0.36 0.47 0.61 0.76 0.89 0.97
 30   0.98 0.87 0.68 0.51 0.39 0.33 0.35 0.47 0.64 0.83 1.00 1.13 1.19 1.14 1.00 0.81 0.62 0.48 0.39 0.37 0.46 0.60 0.75 0.88
 31   0.96 0.94 0.84 0.70 0.57 0.47 0.41 0.43 0.52 0.67 0.83 0.97 1.08 1.11 1.07 0.93 0.76 0.61 0.49 0.42 0.41 0.47 0.59 0.71
 ----------------------------------------------------------------------------------------------------------------------------
                                                                                               
 ----------------------------------------------------------------------------------------------------------------------------
 ----------------------------------------------------------------------------------------------------------------------------
                                                          SURVEY OF INDIA
                                                    MARINE GEODESY WING (G&RB)
                                                     HOURLY HEIGHTS IN METRES
  NAME OF PORT:- CUDDALORE                                                                          MONTH JUNE      YEAR 2017
 ----------------------------------------------------------------------------------------------------------------------------
 DAYS 0000 0001 0002 0003 0004 0005 0006 0007 0008 0009 0010 0011 0012 0013 0014 0015 0016 0017 0018 0019 0020 0021 0022 0023
 ----------------------------------------------------------------------------------------------------------------------------
  1   0.82 0.89 0.91 0.86 0.74 0.61 0.51 0.45 0.47 0.55 0.65 0.77 0.89 0.99 1.04 1.03 0.94 0.80 0.66 0.55 0.48 0.47 0.52 0.61
  2   0.71 0.80 0.87 0.91 0.89 0.81 0.72 0.65 0.60 0.59 0.62 0.69 0.78 0.87 0.94 0.98 0.97 0.90 0.78 0.65 0.54 0.47 0.44 0.46
  3   0.51 0.59 0.68 0.77 0.83 0.84 0.80 0.72 0.64 0.58 0.55 0.56 0.61 0.70 0.79 0.88 0.95 0.97 0.93 0.81 0.67 0.57 0.51 0.49
  4   0.51 0.57 0.66 0.77 0.89 0.97 0.98 0.93 0.83 0.73 0.66 0.63 0.63 0.67 0.74 0.84 0.94 1.02 1.04 0.99 0.88 0.73 0.61 0.53
  5   0.51 0.53 0.62 0.75 0.89 1.01 1.07 1.07 0.98 0.86 0.75 0.67 0.63 0.64 0.70 0.79 0.89 0.99 1.05 1.03 0.91 0.75 0.60 0.47
  6   0.38 0.37 0.43 0.55 0.69 0.82 0.93 0.99 0.97 0.89 0.77 0.64 0.54 0.51 0.53 0.61 0.71 0.81 0.89 0.93 0.90 0.79 0.64 0.48
  7   0.35 0.31 0.35 0.45 0.59 0.74 0.88 0.97 0.98 0.90 0.77 0.63 0.51 0.43 0.41 0.46 0.57 0.69 0.80 0.88 0.91 0.85 0.74 0.59
  8   0.45 0.37 0.37 0.44 0.58 0.75 0.91 1.02 1.05 1.02 0.92 0.78 0.63 0.51 0.46 0.48 0.56 0.67 0.79 0.91 0.97 0.95 0.85 0.69
  9   0.53 0.42 0.38 0.41 0.51 0.65 0.80 0.94 1.06 1.09 1.02 0.87 0.71 0.57 0.48 0.45 0.48 0.60 0.73 0.86 0.95 0.96 0.89 0.75
 10   0.57 0.43 0.35 0.33 0.40 0.55 0.71 0.89 1.01 1.06 1.03 0.94 0.79 0.65 0.53 0.45 0.45 0.53 0.65 0.78 0.90 0.95 0.91 0.80
 11   0.64 0.49 0.39 0.35 0.39 0.50 0.66 0.83 0.99 1.09 1.10 1.04 0.92 0.77 0.62 0.51 0.45 0.50 0.62 0.75 0.87 0.96 0.97 0.91
 12   0.77 0.59 0.45 0.37 0.37 0.45 0.59 0.75 0.91 1.05 1.11 1.07 0.95 0.81 0.67 0.56 0.49 0.47 0.53 0.66 0.78 0.87 0.91 0.89
 13   0.81 0.67 0.53 0.42 0.37 0.41 0.51 0.67 0.84 0.98 1.07 1.10 1.05 0.93 0.77 0.64 0.54 0.49 0.53 0.62 0.73 0.82 0.89 0.91
 14   0.86 0.75 0.62 0.51 0.43 0.40 0.45 0.59 0.75 0.90 1.01 1.07 1.05 0.96 0.83 0.69 0.56 0.49 0.49 0.54 0.62 0.71 0.79 0.85
 15   0.86 0.80 0.67 0.56 0.48 0.45 0.47 0.54 0.67 0.81 0.93 1.03 1.07 1.03 0.93 0.81 0.68 0.59 0.53 0.51 0.55 0.63 0.72 0.81
 16   0.86 0.85 0.79 0.70 0.61 0.55 0.52 0.53 0.59 0.69 0.81 0.92 0.99 1.01 0.99 0.91 0.79 0.68 0.59 0.53 0.51 0.52 0.57 0.65
 17   0.73 0.80 0.85 0.86 0.83 0.77 0.69 0.62 0.57 0.56 0.59 0.67 0.77 0.87 0.93 0.95 0.93 0.85 0.75 0.63 0.53 0.51 0.55 0.65
 18   0.78 0.85 0.86 0.80 0.70 0.61 0.53 0.49 0.50 0.56 0.66 0.77 0.88 0.95 0.98 0.98 0.94 0.85 0.74 0.62 0.52 0.45 0.42 0.46
 19   0.57 0.71 0.83 0.93 0.97 0.95 0.85 0.73 0.63 0.57 0.56 0.61 0.69 0.79 0.89 0.97 0.99 0.95 0.85 0.71 0.58 0.45 0.36 0.34
 20   0.40 0.53 0.67 0.80 0.91 0.96 0.94 0.87 0.75 0.61 0.51 0.46 0.48 0.57 0.71 0.83 0.93 0.98 0.95 0.86 0.71 0.53 0.39 0.31
 21   0.31 0.40 0.55 0.73 0.92 1.03 1.07 1.03 0.89 0.72 0.57 0.44 0.39 0.42 0.51 0.65 0.79 0.90 0.95 0.91 0.79 0.61 0.43 0.29
 22   0.24 0.26 0.39 0.56 0.75 0.93 1.07 1.11 1.05 0.91 0.75 0.57 0.43 0.39 0.44 0.55 0.70 0.87 0.99 1.01 0.95 0.80 0.59 0.41
 23   0.29 0.23 0.25 0.39 0.61 0.82 1.01 1.15 1.17 1.09 0.93 0.71 0.53 0.39 0.33 0.38 0.53 0.71 0.85 0.94 0.95 0.89 0.74 0.56
 24   0.42 0.32 0.28 0.32 0.45 0.67 0.87 1.05 1.16 1.17 1.08 0.90 0.68 0.52 0.41 0.37 0.44 0.58 0.75 0.88 0.97 0.98 0.91 0.80
 25   0.65 0.50 0.37 0.33 0.38 0.52 0.72 0.93 1.09 1.18 1.18 1.07 0.88 0.67 0.52 0.44 0.43 0.51 0.65 0.80 0.92 1.00 1.02 0.95
 26   0.81 0.66 0.52 0.41 0.38 0.44 0.58 0.78 0.98 1.13 1.19 1.18 1.07 0.88 0.67 0.52 0.47 0.47 0.52 0.66 0.82 0.95 1.03 1.05
 27   0.97 0.79 0.64 0.52 0.44 0.43 0.51 0.65 0.83 1.03 1.17 1.22 1.19 1.05 0.88 0.71 0.57 0.49 0.46 0.51 0.66 0.82 0.94 1.01
 28   1.01 0.91 0.75 0.63 0.55 0.51 0.51 0.57 0.73 0.90 1.07 1.17 1.19 1.15 1.05 0.90 0.75 0.63 0.58 0.57 0.61 0.71 0.83 0.93
 29   0.99 0.99 0.94 0.84 0.73 0.65 0.61 0.61 0.67 0.78 0.92 1.05 1.15 1.17 1.12 1.01 0.89 0.77 0.66 0.59 0.57 0.62 0.71 0.84
 30   0.95 0.98 0.95 0.89 0.81 0.74 0.68 0.65 0.65 0.69 0.79 0.91 1.01 1.05 1.02 0.95 0.86 0.77 0.67 0.58 0.54 0.55 0.60 0.68
 ----------------------------------------------------------------------------------------------------------------------------
                                                                                               
 ----------------------------------------------------------------------------------------------------------------------------
 ----------------------------------------------------------------------------------------------------------------------------
                                                          SURVEY OF INDIA
                                                    MARINE GEODESY WING (G&RB)
                                                     HOURLY HEIGHTS IN METRES
  NAME OF PORT:- CUDDALORE                                                                          MONTH JULY      YEAR 2017
 ----------------------------------------------------------------------------------------------------------------------------
 DAYS 0000 0001 0002 0003 0004 0005 0006 0007 0008 0009 0010 0011 0012 0013 0014 0015 0016 0017 0018 0019 0020 0021 0022 0023
 ----------------------------------------------------------------------------------------------------------------------------
  1   0.77 0.85 0.91 0.92 0.88 0.82 0.75 0.68 0.63 0.63 0.67 0.75 0.86 0.94 0.98 0.98 0.96 0.92 0.86 0.77 0.65 0.54 0.49 0.52
  2   0.65 0.77 0.85 0.89 0.91 0.91 0.88 0.81 0.72 0.65 0.63 0.66 0.73 0.81 0.87 0.91 0.91 0.86 0.77 0.67 0.58 0.52 0.50 0.52
  3   0.58 0.67 0.77 0.85 0.91 0.95 0.95 0.90 0.80 0.69 0.63 0.61 0.64 0.70 0.77 0.84 0.88 0.88 0.84 0.75 0.64 0.54 0.47 0.45
  4   0.48 0.55 0.66 0.78 0.88 0.94 0.96 0.94 0.86 0.75 0.64 0.58 0.57 0.60 0.67 0.75 0.82 0.86 0.86 0.81 0.71 0.59 0.49 0.42
  5   0.39 0.42 0.51 0.64 0.78 0.90 0.98 0.98 0.92 0.82 0.70 0.59 0.53 0.52 0.56 0.63 0.71 0.78 0.83 0.84 0.79 0.69 0.56 0.45
  6   0.37 0.33 0.35 0.47 0.63 0.79 0.92 0.99 0.99 0.91 0.78 0.65 0.55 0.49 0.49 0.55 0.65 0.74 0.81 0.86 0.85 0.77 0.63 0.49
  7   0.37 0.35 0.41 0.55 0.69 0.80 0.90 0.97 1.00 0.98 0.89 0.75 0.59 0.47 0.43 0.47 0.58 0.70 0.80 0.86 0.87 0.82 0.72 0.59
  8   0.43 0.35 0.33 0.39 0.51 0.67 0.84 0.95 1.01 1.01 0.94 0.81 0.67 0.53 0.43 0.41 0.49 0.61 0.74 0.86 0.90 0.87 0.79 0.66
  9   0.47 0.37 0.33 0.35 0.43 0.57 0.76 0.91 0.99 1.02 0.99 0.89 0.73 0.59 0.47 0.42 0.43 0.52 0.67 0.81 0.89 0.89 0.83 0.69
 10   0.53 0.39 0.30 0.27 0.30 0.43 0.61 0.79 0.95 1.03 1.02 0.90 0.73 0.57 0.44 0.38 0.37 0.42 0.55 0.69 0.79 0.84 0.84 0.77
 11   0.61 0.43 0.33 0.28 0.28 0.36 0.53 0.73 0.91 1.01 1.05 1.01 0.90 0.73 0.57 0.45 0.39 0.39 0.46 0.60 0.72 0.81 0.86 0.83
 12   0.69 0.53 0.39 0.31 0.29 0.35 0.49 0.66 0.83 0.97 1.04 1.01 0.92 0.77 0.60 0.47 0.39 0.37 0.42 0.53 0.67 0.79 0.83 0.75
 13
 14
 15
 16
 17
 18   0.91 1.01 1.11 1.17 1.19 1.15 1.07 0.96 0.83 0.75 0.75 0.81 0.90 1.01 1.11 1.15 1.13 1.06 0.96 0.85 0.74 0.66 0.64 0.66
 19   0.73 0.85 0.98 1.09 1.15 1.17 1.15 1.08 0.96 0.83 0.75 0.73 0.77 0.87 0.97 1.06 1.11 1.10 1.02 0.91 0.80 0.70 0.61 0.57
 20   0.60 0.69 0.83 0.97 1.09 1.18 1.19 1.15 1.04 0.90 0.75 0.65 0.61 0.65 0.75 0.88 0.99 1.07 1.09 1.05 0.93 0.77 0.63 0.53
 21   0.49 0.53 0.65 0.82 1.01 1.15 1.23 1.25 1.18 1.04 0.88 0.75 0.65 0.61 0.64 0.77 0.91 1.02 1.09 1.11 1.05 0.91 0.76 0.63
 22   0.53 0.49 0.53 0.67 0.87 1.05 1.21 1.31 1.32 1.25 1.08 0.88 0.68 0.57 0.56 0.63 0.77 0.94 1.08 1.17 1.17 1.10 0.95 0.75
 23   0.60 0.49 0.47 0.55 0.71 0.92 1.13 1.29 1.37 1.35 1.25 1.09 0.88 0.71 0.63 0.62 0.71 0.88 1.03 1.15 1.21 1.20 1.13 0.99
 24   0.78 0.56 0.45 0.45 0.55 0.74 0.94 1.15 1.29 1.32 1.23 1.00 0.77 0.59 0.49 0.45 0.47 0.57 0.75 0.93 1.07 1.13 1.13 1.04
 25   0.87 0.59 0.45 0.41 0.44 0.55 0.76 0.97 1.17 1.30 1.34 1.27 1.12 0.91 0.70 0.55 0.48 0.52 0.65 0.80 0.97 1.10 1.17 1.15
 26   1.02 0.84 0.68 0.57 0.52 0.56 0.69 0.89 1.09 1.27 1.38 1.39 1.29 1.10 0.89 0.71 0.59 0.56 0.60 0.71 0.87 1.01 1.12 1.17
 27   1.12 0.96 0.80 0.67 0.57 0.54 0.60 0.73 0.90 1.08 1.23 1.29 1.26 1.17 1.01 0.83 0.65 0.56 0.55 0.60 0.73 0.87 0.99 1.07
 28   1.09 1.02 0.89 0.75 0.64 0.57 0.56 0.64 0.77 0.93 1.09 1.19 1.23 1.19 1.07 0.91 0.75 0.59 0.51 0.52 0.61 0.73 0.85 0.97
 29   1.05 1.06 0.99 0.87 0.75 0.66 0.60 0.59 0.65 0.75 0.87 0.99 1.07 1.09 1.03 0.93 0.81 0.70 0.61 0.56 0.58 0.66 0.78 0.89
 30
 31
 ----------------------------------------------------------------------------------------------------------------------------
                                                                                               
 ----------------------------------------------------------------------------------------------------------------------------
 ----------------------------------------------------------------------------------------------------------------------------
                                                          SURVEY OF INDIA
                                                    MARINE GEODESY WING (G&RB)
                                                     HOURLY HEIGHTS IN METRES
  NAME OF PORT:- CUDDALORE                                                                          MONTH AUGUST    YEAR 2017
 ----------------------------------------------------------------------------------------------------------------------------
 DAYS 0000 0001 0002 0003 0004 0005 0006 0007 0008 0009 0010 0011 0012 0013 0014 0015 0016 0017 0018 0019 0020 0021 0022 0023
 ----------------------------------------------------------------------------------------------------------------------------
  1
  2
  3
  4
  5
  6   0.51 0.45 0.47 0.54 0.69 0.86 1.01 1.13 1.19 1.15 1.03 0.87 0.74 0.64 0.57 0.54 0.59 0.71 0.83 0.94 1.03 1.04 0.94 0.79
  7   0.62 0.49 0.43 0.45 0.53 0.66 0.85 1.03 1.17 1.22 1.17 1.03 0.85 0.69 0.57 0.51 0.55 0.67 0.82 0.95 1.05 1.11 1.09 0.99
  8   0.83 0.67 0.53 0.45 0.47 0.63 0.82 1.02 1.17 1.26 1.27 1.19 1.02 0.83 0.65 0.53 0.51 0.57 0.71 0.89 1.03 1.13 1.17 1.13
  9   1.01 0.85 0.70 0.57 0.51 0.53 0.71 0.91 1.09 1.21 1.25 1.20 1.05 0.88 0.72 0.57 0.43 0.33 0.31 0.40 0.54 0.69 0.83 0.92
 10   0.95 0.90 0.77 0.64 0.54 0.51 0.55 0.71 0.89 1.04 1.13 1.15 1.08 0.89 0.70 0.57 0.48 0.42 0.40 0.44 0.53 0.64 0.75 0.86
 11   0.91 0.89 0.80 0.68 0.58 0.52 0.51 0.57 0.71 0.86 1.00 1.10 1.12 1.01 0.81 0.60 0.47 0.42 0.44 0.53 0.65 0.75 0.83 0.87
 12   0.88 0.85 0.79 0.70 0.59 0.51 0.48 0.51 0.59 0.71 0.83 0.93 0.99 1.01 0.96 0.77 0.53 0.36 0.33 0.41 0.55 0.70 0.85 0.92
 13   0.93 0.89 0.80 0.65 0.49 0.38 0.35 0.43 0.55 0.69 0.84 0.95 0.99 0.96 0.87 0.74 0.61 0.49 0.39 0.33 0.33 0.41 0.55 0.71
 14   0.86 0.89 0.83 0.71 0.59 0.50 0.45 0.45 0.52 0.61 0.71 0.81 0.89 0.91 0.86 0.74 0.61 0.48 0.39 0.34 0.34 0.42 0.55 0.69
 15   0.79 0.85 0.86 0.81 0.72 0.61 0.53 0.48 0.46 0.47 0.53 0.63 0.77 0.86 0.88 0.83 0.73 0.61 0.49 0.37 0.31 0.32 0.40 0.51
 16   0.62 0.73 0.82 0.87 0.85 0.75 0.63 0.53 0.45 0.42 0.45 0.54 0.64 0.71 0.77 0.81 0.81 0.74 0.63 0.51 0.41 0.34 0.32 0.35
 17   0.43 0.54 0.65 0.74 0.81 0.83 0.79 0.71 0.61 0.52 0.46 0.45 0.49 0.60 0.70 0.77 0.80 0.79 0.74 0.66 0.55 0.45 0.37 0.33
 18   0.35 0.45 0.57 0.70 0.81 0.89 0.91 0.87 0.77 0.65 0.55 0.47 0.43 0.45 0.53 0.67 0.77 0.83 0.85 0.80 0.69 0.56 0.46 0.38
 19   0.33 0.35 0.45 0.62 0.78 0.93 1.02 1.04 1.00 0.90 0.75 0.57 0.47 0.43 0.47 0.56 0.67 0.79 0.92 0.97 0.91 0.77 0.59 0.42
 20   0.31 0.30 0.35 0.49 0.67 0.85 1.04 1.14 1.15 1.03 0.84 0.64 0.46 0.37 0.35 0.41 0.55 0.72 0.89 0.98 0.99 0.91 0.75 0.57
 21   0.41 0.31 0.27 0.32 0.49 0.67 0.86 1.03 1.09 1.07 0.96 0.79 0.60 0.44 0.35 0.35 0.43 0.61 0.79 0.93 1.01 1.01 0.90 0.71
 22   0.53 0.39 0.33 0.35 0.45 0.63 0.83 1.01 1.17 1.25 1.20 1.06 0.85 0.59 0.42 0.33 0.36 0.50 0.68 0.84 0.97 1.04 1.01 0.89
 23   0.71 0.55 0.43 0.37 0.36 0.45 0.73 0.97 1.15 1.25 1.26 1.15 0.95 0.71 0.49 0.41 0.41 0.49 0.63 0.81 0.97 1.08 1.10 1.04
 24   0.88 0.69 0.55 0.45 0.43 0.49 0.67 0.87 1.05 1.19 1.25 1.21 1.09 0.91 0.71 0.55 0.44 0.43 0.55 0.73 0.90 1.05 1.15 1.14
 25
 26
 27
 28
 29
 30
 31
 ----------------------------------------------------------------------------------------------------------------------------
                                                                                               
 ----------------------------------------------------------------------------------------------------------------------------
 ----------------------------------------------------------------------------------------------------------------------------
                                                          SURVEY OF INDIA
                                                    MARINE GEODESY WING (G&RB)
                                                     HOURLY HEIGHTS IN METRES
  NAME OF PORT:- CUDDALORE                                                                          MONTH SEPT      YEAR 2017
 ----------------------------------------------------------------------------------------------------------------------------
 DAYS 0000 0001 0002 0003 0004 0005 0006 0007 0008 0009 0010 0011 0012 0013 0014 0015 0016 0017 0018 0019 0020 0021 0022 0023
 ----------------------------------------------------------------------------------------------------------------------------
  1
  2
  3
  4
  5   0.36 0.30 0.29 0.39 0.55 0.72 0.89 1.00 1.03 0.98 0.85 0.65 0.49 0.37 0.33 0.35 0.47 0.62 0.77 0.89 0.94 0.91 0.77 0.60
  6   0.42 0.30 0.27 0.33 0.47 0.66 0.85 1.00 1.08 1.07 0.96 0.77 0.59 0.40 0.30 0.29 0.37 0.53 0.71 0.84 0.93 0.96 0.88 0.73
  7   0.56 0.38 0.24 0.23 0.32 0.50 0.71 0.91 1.04 1.08 1.01 0.87 0.69 0.50 0.32 0.27 0.31 0.44 0.61 0.79 0.93 0.99 0.96 0.85
  8   0.66 0.50 0.34 0.25 0.26 0.39 0.58 0.77 0.97 1.07 1.05 0.95 0.77 0.57 0.41 0.30 0.25 0.32 0.48 0.69 0.87 0.97 1.00 0.92
  9   0.75 0.55 0.39 0.29 0.24 0.30 0.44 0.64 0.85 0.98 1.01 0.95 0.81 0.65 0.47 0.32 0.25 0.24 0.33 0.51 0.71 0.87 0.97 0.97
 10   0.87 0.69 0.53 0.39 0.31 0.30 0.37 0.54 0.73 0.88 0.97 1.00 0.94 0.79 0.60 0.44 0.31 0.24 0.29 0.43 0.63 0.81 0.94 1.00
 11   0.99 0.87 0.71 0.56 0.43 0.37 0.37 0.44 0.59 0.75 0.89 0.95 0.95 0.87 0.73 0.57 0.43 0.31 0.27 0.32 0.46 0.64 0.80 0.90
 12   0.95 0.93 0.85 0.72 0.59 0.47 0.39 0.39 0.46 0.59 0.73 0.83 0.88 0.88 0.81 0.69 0.57 0.45 0.36 0.33 0.37 0.49 0.63 0.77
 13   0.86 0.91 0.91 0.85 0.75 0.63 0.51 0.43 0.41 0.44 0.53 0.65 0.75 0.81 0.83 0.80 0.71 0.58 0.44 0.34 0.31 0.33 0.42 0.55
 14   0.71 0.82 0.87 0.88 0.85 0.77 0.66 0.54 0.44 0.40 0.42 0.50 0.58 0.65 0.71 0.74 0.73 0.69 0.61 0.50 0.37 0.33 0.35 0.43
 15   0.54 0.62 0.74 0.81 0.86 0.87 0.83 0.73 0.59 0.47 0.40 0.37 0.40 0.49 0.60 0.70 0.77 0.80 0.79 0.72 0.62 0.51 0.40 0.38
 16
 17
 18
 19
 20
 21
 22
 23
 24
 25
 26
 27
 28
 29
 30
 ----------------------------------------------------------------------------------------------------------------------------
                                                                                               
 ----------------------------------------------------------------------------------------------------------------------------
 ----------------------------------------------------------------------------------------------------------------------------
                                                          SURVEY OF INDIA
                                                    MARINE GEODESY WING (G&RB)
                                                     HOURLY HEIGHTS IN METRES
  NAME OF PORT:- CUDDALORE                                                                          MONTH OCTOBER   YEAR 2017
 ----------------------------------------------------------------------------------------------------------------------------
 DAYS 0000 0001 0002 0003 0004 0005 0006 0007 0008 0009 0010 0011 0012 0013 0014 0015 0016 0017 0018 0019 0020 0021 0022 0023
 ----------------------------------------------------------------------------------------------------------------------------
  1
  2
  3
  4   0.62 0.55 0.57 0.67 0.85 1.02 1.15 1.21 1.21 1.11 0.95 0.76 0.59 0.52 0.54 0.64 0.78 0.97 1.14 1.23 1.23 1.16 1.01 0.81
  5   0.67 0.58 0.55 0.62 0.77 0.95 1.14 1.29 1.34 1.27 1.08 0.87 0.65 0.52 0.47 0.52 0.66 0.87 1.07 1.21 1.29 1.27 1.15 0.96
  6   0.77 0.59 0.48 0.50 0.62 0.81 1.04 1.20 1.28 1.28 1.19 0.97 0.75 0.57 0.43 0.43 0.54 0.70 0.90 1.13 1.28 1.35 1.29 1.14
  7   0.95 0.74 0.58 0.51 0.55 0.70 0.94 1.18 1.35 1.40 1.35 1.18 0.96 0.72 0.55 0.45 0.48 0.62 0.82 1.05 1.25 1.39 1.40 1.31
  8   1.11 0.89 0.69 0.57 0.53 0.60 0.76 0.98 1.16 1.28 1.32 1.27 1.13 0.92 0.74 0.61 0.58 0.64 0.75 0.89 1.06 1.22 1.33 1.32
  9   1.22 1.03 0.83 0.67 0.57 0.54 0.62 0.76 0.95 1.12 1.21 1.23 1.16 1.02 0.83 0.67 0.57 0.57 0.64 0.76 0.90 1.05 1.20 1.27
 10   1.24 1.12 0.95 0.77 0.64 0.56 0.56 0.62 0.76 0.94 1.08 1.15 1.14 1.06 0.91 0.73 0.61 0.55 0.56 0.63 0.75 0.89 1.04 1.17
 11   1.21 1.16 1.03 0.87 0.72 0.62 0.56 0.57 0.64 0.76 0.92 1.03 1.08 1.06 0.95 0.79 0.62 0.52 0.51 0.55 0.63 0.75 0.90 1.05
 12   1.15 1.16 1.08 0.94 0.79 0.66 0.59 0.57 0.59 0.65 0.75 0.85 0.94 0.99 0.97 0.87 0.74 0.63 0.56 0.52 0.52 0.58 0.70 0.82
 13   0.95 1.06 1.09 1.04 0.95 0.83 0.73 0.65 0.59 0.57 0.59 0.67 0.77 0.86 0.92 0.93 0.87 0.79 0.70 0.63 0.58 0.56 0.59 0.67
 14   0.79 0.93 1.03 1.08 1.07 1.00 0.89 0.77 0.67 0.59 0.55 0.56 0.63 0.72 0.81 0.89 0.92 0.90 0.83 0.74 0.66 0.59 0.55 0.55
 15   0.61 0.72 0.85 0.96 1.05 1.07 1.03 0.91 0.77 0.64 0.53 0.47 0.47 0.53 0.65 0.79 0.91 0.97 0.97 0.91 0.80 0.68 0.57 0.52
 16   0.52 0.59 0.71 0.84 0.98 1.07 1.09 1.05 0.93 0.77 0.62 0.50 0.42 0.42 0.51 0.65 0.83 0.97 1.03 1.02 0.95 0.83 0.71 0.60
 17   0.52 0.49 0.53 0.65 0.82 1.00 1.10 1.13 1.07 0.94 0.78 0.63 0.50 0.42 0.44 0.57 0.75 0.92 1.06 1.14 1.12 1.02 0.87 0.71
 18   0.58 0.52 0.53 0.61 0.76 0.93 1.06 1.13 1.15 1.10 0.96 0.70 0.51 0.41 0.41 0.52 0.69 0.87 1.02 1.13 1.16 1.11 0.99 0.83
 19   0.66 0.55 0.51 0.54 0.68 0.85 1.03 1.18 1.23 1.17 1.04 0.86 0.67 0.53 0.49 0.53 0.67 0.87 1.10 1.24 1.29 1.24 1.11 0.93
 20   0.75 0.61 0.53 0.54 0.66 0.84 1.03 1.15 1.21 1.19 1.08 0.90 0.75 0.64 0.57 0.54 0.57 0.70 0.89 1.06 1.18 1.20 1.13 0.99
 21   0.84 0.68 0.57 0.52 0.54 0.67 0.84 1.00 1.09 1.12 1.08 0.95 0.78 0.63 0.54 0.50 0.52 0.60 0.74 0.90 1.04 1.12 1.12 1.04
 22   0.89 0.74 0.61 0.53 0.51 0.55 0.68 0.82 0.95 1.04 1.05 0.96 0.81 0.65 0.53 0.46 0.44 0.49 0.60 0.77 0.93 1.04 1.07 1.03
 23   0.92 0.78 0.65 0.54 0.49 0.50 0.57 0.69 0.81 0.90 0.94 0.91 0.80 0.67 0.53 0.42 0.37 0.38 0.48 0.63 0.80 0.94 1.01 1.02
 24   0.95 0.80 0.66 0.55 0.47 0.44 0.48 0.57 0.69 0.80 0.87 0.88 0.83 0.69 0.56 0.46 0.40 0.39 0.44 0.54 0.67 0.80 0.90 0.95
 25
 26
 27
 28
 29
 30
 31
 ----------------------------------------------------------------------------------------------------------------------------
                                                                                               
 ----------------------------------------------------------------------------------------------------------------------------
 ----------------------------------------------------------------------------------------------------------------------------
                                                          SURVEY OF INDIA
                                                    MARINE GEODESY WING (G&RB)
                                                     HOURLY HEIGHTS IN METRES
  NAME OF PORT:- CUDDALORE                                                                          MONTH NOVEMBER  YEAR 2017
 ----------------------------------------------------------------------------------------------------------------------------
 DAYS 0000 0001 0002 0003 0004 0005 0006 0007 0008 0009 0010 0011 0012 0013 0014 0015 0016 0017 0018 0019 0020 0021 0022 0023
 ----------------------------------------------------------------------------------------------------------------------------
  1
  2
  3   0.87 0.78 0.77 0.82 0.95 1.13 1.35 1.47 1.48 1.42 1.23 1.01 0.81 0.70 0.64 0.65 0.77 1.05 1.29 1.48 1.56 1.51 1.34 1.16
  4   0.97 0.80 0.72 0.72 0.80 0.96 1.15 1.35 1.46 1.48 1.38 1.17 0.94 0.74 0.59 0.59 0.70 0.91 1.13 1.38 1.57 1.59 1.44 1.24
  5
  6
  7
  8
  9
 10
 11
 12
 13
 14
 15
 16
 17   0.79 0.67 0.66 0.73 0.87 1.03 1.16 1.24 1.25 1.21 1.09 0.92 0.74 0.61 0.55 0.57 0.69 0.86 1.05 1.22 1.33 1.33 1.26 1.10
 18   0.92 0.79 0.70 0.68 0.76 0.93 1.09 1.19 1.23 1.20 1.09 0.91 0.73 0.61 0.55 0.57 0.65 0.80 0.97 1.14 1.29 1.38 1.37 1.26
 19   1.11 0.94 0.80 0.72 0.70 0.78 0.97 1.25 1.37 1.35 1.24 1.08 0.92 0.75 0.61 0.57 0.63 0.76 0.93 1.08 1.21 1.30 1.32 1.25
 20   1.12 0.97 0.84 0.74 0.70 0.74 0.86 1.00 1.10 1.15 1.14 1.07 0.95 0.80 0.68 0.61 0.60 0.70 0.88 1.05 1.19 1.29 1.30 1.23
 21   1.11 0.97 0.83 0.73 0.68 0.70 0.79 0.91 1.05 1.14 1.14 1.07 0.97 0.86 0.75 0.65 0.61 0.65 0.79 0.94 1.11 1.25 1.30 1.27
 22   1.19 1.08 0.95 0.81 0.72 0.68 0.70 0.80 0.93 1.04 1.08 1.06 0.99 0.89 0.79 0.70 0.65 0.66 0.78 0.95 1.11 1.24 1.29 1.27
 23   1.20 1.11 1.00 0.89 0.79 0.72 0.69 0.72 0.82 0.93 1.03 1.08 1.06 0.97 0.86 0.77 0.71 0.69 0.71 0.79 0.92 1.04 1.13 1.17
 24   1.17 1.13 1.05 0.93 0.82 0.75 0.71 0.70 0.74 0.82 0.91 0.99 1.02 1.02 0.99 0.94 0.87 0.80 0.75 0.75 0.82 0.93 1.04 1.11
 25   1.14 1.13 1.08 1.00 0.91 0.82 0.75 0.72 0.73 0.79 0.87 0.94 1.00 1.04 1.04 1.01 0.96 0.90 0.85 0.81 0.80 0.85 0.96 1.08
 26   1.15 1.17 1.15 1.10 1.02 0.93 0.83 0.76 0.73 0.76 0.83 0.90 0.97 1.03 1.06 1.06 1.03 0.97 0.91 0.86 0.84 0.87 0.93 1.00
 27   1.07 1.14 1.18 1.18 1.13 1.05 0.94 0.84 0.77 0.75 0.79 0.87 0.95 1.02 1.07 1.09 1.08 1.04 0.98 0.92 0.87 0.87 0.92 0.98
 28   1.04 1.10 1.15 1.18 1.19 1.16 1.07 0.95 0.85 0.78 0.75 0.76 0.81 0.88 0.97 1.07 1.15 1.17 1.11 1.01 0.93 0.88 0.86 0.87
 29   0.91 0.97 1.05 1.13 1.19 1.20 1.14 1.05 0.95 0.85 0.79 0.77 0.79 0.85 0.95 1.09 1.22 1.27 1.26 1.20 1.08 0.96 0.85 0.80
 30
 ----------------------------------------------------------------------------------------------------------------------------
                                                                                               
 ----------------------------------------------------------------------------------------------------------------------------
 ----------------------------------------------------------------------------------------------------------------------------
                                                          SURVEY OF INDIA
                                                    MARINE GEODESY WING (G&RB)
                                                     HOURLY HEIGHTS IN METRES
  NAME OF PORT:- CUDDALORE                                                                          MONTH DECEMBER  YEAR 2017
 ----------------------------------------------------------------------------------------------------------------------------
 DAYS 0000 0001 0002 0003 0004 0005 0006 0007 0008 0009 0010 0011 0012 0013 0014 0015 0016 0017 0018 0019 0020 0021 0022 0023
 ----------------------------------------------------------------------------------------------------------------------------
  1
  2
  3
  4
  5   0.74 0.51 0.36 0.28 0.32 0.45 0.62 0.81 0.94 0.95 0.89 0.74 0.56 0.37 0.20 0.15 0.19 0.34 0.55 0.78 0.97 1.11 1.13 1.05
  6   0.87 0.64 0.44 0.28 0.23 0.26 0.39 0.55 0.72 0.88 1.03 1.08 0.99 0.79 0.61 0.47 0.40 0.43 0.53 0.73 0.95 1.15 1.28 1.30
  7   1.22 1.04 0.85 0.66 0.51 0.43 0.46 0.57 0.72 0.87 1.02 1.08 1.06 0.97 0.80 0.65 0.53 0.46 0.46 0.56 0.75 0.95 1.11 1.22
  8   1.26 1.20 1.05 0.86 0.70 0.58 0.50 0.48 0.55 0.68 0.81 0.92 0.97 0.97 0.91 0.80 0.69 0.59 0.54 0.55 0.65 0.79 0.93 1.05
  9   1.14 1.17 1.13 1.00 0.85 0.67 0.53 0.46 0.44 0.49 0.59 0.70 0.80 0.89 0.92 0.89 0.80 0.69 0.59 0.52 0.53 0.59 0.68 0.80
 10   0.94 1.07 1.11 1.07 0.96 0.76 0.60 0.47 0.40 0.39 0.43 0.53 0.66 0.80 0.91 0.95 0.92 0.80 0.68 0.58 0.51 0.50 0.58 0.67
 11
 12
 13
 14
 15   0.77 0.75 0.77 0.86 0.95 1.01 1.03 1.01 0.95 0.87 0.77 0.67 0.59 0.59 0.66 0.77 0.89 1.02 1.09 1.09 1.04 0.94 0.85 0.77
 16   0.73 0.71 0.73 0.80 0.90 0.99 1.08 1.14 1.15 1.07 0.95 0.84 0.74 0.67 0.66 0.71 0.84 1.00 1.15 1.28 1.34 1.30 1.19 1.04
 17   0.90 0.79 0.74 0.73 0.78 0.88 1.01 1.12 1.16 1.14 1.05 0.88 0.74 0.66 0.65 0.71 0.84 1.00 1.15 1.28 1.37 1.39 1.35 1.29
 18
 19   1.07 0.90 0.77 0.69 0.70 0.78 0.89 1.01 1.11 1.15 1.11 1.00 0.85 0.71 0.63 0.62 0.67 0.79 0.94 1.11 1.27 1.35 1.35 1.26
 20
 21
 22
 23   1.45 1.34 1.20 1.06 0.93 0.83 0.81 0.86 0.96 1.10 1.25 1.34 1.34 1.27 1.16 1.04 0.94 0.88 0.90 0.99 1.09 1.20 1.30 1.37
 24   1.40 1.39 1.30 1.18 1.06 0.96 0.88 0.84 0.88 1.00 1.14 1.25 1.29 1.28 1.23 1.14 1.05 0.97 0.92 0.91 0.97 1.07 1.19 1.30
 25
 26
 27
 28   0.80 0.91 0.99 1.04 1.05 1.03 0.94 0.79 0.64 0.51 0.46 0.48 0.57 0.70 0.83 0.95 1.05 1.09 1.07 0.95 0.81 0.70 0.62 0.59
 29   0.61 0.71 0.82 0.93 1.03 1.12 1.16 1.13 0.95 0.74 0.57 0.45 0.42 0.49 0.63 0.82 1.00 1.10 1.13 1.09 0.98 0.82 0.67 0.56
 30
 31
 ----------------------------------------------------------------------------------------------------------------------------
                                                                                               
 ----------------------------------------------------------------------------------------------------------------------------
 ----------------------------------------------------------------------------------------------------------------------------
