                                                          SURVEY OF INDIA
                                                    MARINE GEODESY WING (G&RB)
                                                     HOURLY HEIGHTS IN METRES
  NAME OF PORT:- CUDDALORE                                                                          MONTH JANUARY   YEAR 2020
 ----------------------------------------------------------------------------------------------------------------------------
 DAYS 0000 0001 0002 0003 0004 0005 0006 0007 0008 0009 0010 0011 0012 0013 0014 0015 0016 0017 0018 0019 0020 0021 0022 0023
 ----------------------------------------------------------------------------------------------------------------------------
  1
  2
  3
  4   0.80 0.85 0.89 0.87 0.81 0.72 0.61 0.53 0.48 0.46 0.48 0.53 0.61 0.69 0.76 0.82 0.85 0.83 0.78 0.72 0.66 0.62 0.61 0.63
  5   0.70 0.77 0.82 0.85 0.84 0.79 0.72 0.62 0.51 0.46 0.45 0.47 0.53 0.63 0.75 0.86 0.90 0.89 0.84 0.77 0.69 0.61 0.56 0.55
  6   0.58 0.66 0.76 0.85 0.88 0.85 0.79 0.70 0.60 0.50 0.43 0.41 0.44 0.52 0.62 0.73 0.84 0.94 0.99 0.96 0.83 0.69 0.59 0.54
  7   0.54 0.58 0.65 0.74 0.81 0.84 0.83 0.76 0.66 0.55 0.46 0.40 0.38 0.43 0.55 0.69 0.81 0.90 0.96 0.98 0.94 0.80 0.66 0.55
  8   0.50 0.49 0.53 0.62 0.73 0.82 0.87 0.86 0.80 0.69 0.55 0.44 0.38 0.39 0.46 0.58 0.70 0.81 0.90 0.95 0.96 0.91 0.78 0.65
  9   0.54 0.46 0.44 0.49 0.59 0.70 0.81 0.87 0.85 0.76 0.62 0.49 0.38 0.31 0.32 0.43 0.60 0.79 0.96 1.07 1.09 0.96 0.77 0.63
 10   0.52 0.44 0.38 0.37 0.47 0.64 0.78 0.88 0.91 0.86 0.73 0.55 0.41 0.32 0.29 0.32 0.44 0.62 0.80 0.95 1.03 1.03 0.94 0.81
 11   0.68 0.57 0.49 0.45 0.45 0.49 0.60 0.85 0.93 0.93 0.84 0.68 0.49 0.27 0.18 0.20 0.31 0.50 0.74 0.97 1.13 1.19 1.13 0.98
 12   0.76 0.57 0.40 0.31 0.34 0.44 0.59 0.76 0.91 0.98 0.95 0.82 0.62 0.42 0.27 0.21 0.26 0.40 0.60 0.82 1.04 1.17 1.19 1.10
 13   0.91 0.68 0.50 0.36 0.29 0.33 0.44 0.63 0.81 0.93 0.97 0.93 0.77 0.56 0.38 0.25 0.21 0.26 0.39 0.62 0.84 1.04 1.15 1.14
 14   1.01 0.81 0.61 0.42 0.31 0.27 0.31 0.44 0.62 0.80 0.93 0.97 0.92 0.77 0.57 0.42 0.33 0.31 0.40 0.56 0.78 0.98 1.14 1.19
 15   1.15 1.03 0.81 0.60 0.42 0.32 0.29 0.37 0.52 0.69 0.85 0.96 0.99 0.91 0.75 0.59 0.45 0.37 0.36 0.44 0.60 0.80 0.98 1.11
 16   1.13 1.07 0.91 0.72 0.54 0.39 0.29 0.27 0.34 0.50 0.67 0.84 0.95 0.97 0.88 0.75 0.61 0.49 0.41 0.40 0.48 0.61 0.76 0.93
 17   1.05 1.06 0.99 0.86 0.68 0.53 0.40 0.33 0.33 0.39 0.52 0.67 0.82 0.93 0.95 0.89 0.78 0.66 0.56 0.50 0.49 0.54 0.65 0.77
 18   0.89 0.98 1.00 0.93 0.81 0.67 0.54 0.43 0.36 0.35 0.41 0.53 0.67 0.78 0.86 0.89 0.88 0.83 0.72 0.59 0.51 0.48 0.51 0.60
 19   0.71 0.82 0.90 0.92 0.87 0.76 0.64 0.52 0.41 0.33 0.32 0.38 0.50 0.64 0.77 0.86 0.90 0.90 0.85 0.74 0.59 0.50 0.47 0.48
 20   0.54 0.64 0.74 0.81 0.83 0.81 0.73 0.61 0.49 0.38 0.31 0.30 0.35 0.48 0.62 0.75 0.86 0.92 0.92 0.87 0.76 0.60 0.47 0.42
 21   0.44 0.50 0.58 0.66 0.72 0.75 0.74 0.68 0.58 0.47 0.36 0.28 0.27 0.33 0.45 0.59 0.74 0.86 0.93 0.95 0.89 0.77 0.61 0.49
 22   0.42 0.40 0.45 0.53 0.63 0.72 0.77 0.77 0.72 0.61 0.48 0.37 0.29 0.27 0.35 0.49 0.64 0.79 0.91 0.98 0.97 0.90 0.76 0.61
 23   0.49 0.41 0.41 0.47 0.59 0.71 0.80 0.85 0.84 0.77 0.64 0.49 0.36 0.31 0.33 0.42 0.57 0.75 0.90 1.00 1.04 1.00 0.88 0.72
 24   0.56 0.43 0.37 0.39 0.49 0.63 0.75 0.84 0.88 0.84 0.73 0.57 0.41 0.30 0.29 0.36 0.50 0.68 0.86 1.00 1.08 1.10 1.02 0.85
 25   0.64 0.48 0.38 0.34 0.39 0.51 0.66 0.79 0.88 0.90 0.83 0.69 0.50 0.35 0.29 0.30 0.40 0.56 0.74 0.94 1.07 1.12 1.07 0.94
 26   0.77 0.57 0.43 0.35 0.35 0.45 0.59 0.73 0.87 0.95 0.93 0.82 0.64 0.45 0.32 0.27 0.32 0.45 0.63 0.81 0.98 1.09 1.10 1.02
 27   0.87 0.66 0.48 0.35 0.31 0.34 0.45 0.60 0.76 0.87 0.91 0.85 0.72 0.54 0.37 0.28 0.27 0.34 0.49 0.67 0.85 0.98 1.06 1.05
 28   0.90 0.72 0.54 0.39 0.30 0.29 0.35 0.50 0.66 0.80 0.88 0.88 0.79 0.64 0.49 0.36 0.29 0.31 0.39 0.54 0.72 0.88 0.97 0.98
 29   0.90 0.77 0.60 0.43 0.32 0.29 0.32 0.42 0.58 0.71 0.81 0.85 0.82 0.72 0.57 0.43 0.33 0.29 0.34 0.45 0.60 0.76 0.88 0.93
 30   0.90 0.80 0.67 0.52 0.39 0.30 0.29 0.34 0.46 0.60 0.72 0.80 0.82 0.78 0.67 0.55 0.45 0.39 0.38 0.43 0.53 0.66 0.80 0.90
 31   0.91 0.86 0.76 0.61 0.47 0.35 0.29 0.30 0.38 0.50 0.65 0.76 0.81 0.82 0.78 0.68 0.56 0.47 0.42 0.42 0.47 0.56 0.67 0.79
 ----------------------------------------------------------------------------------------------------------------------------
                                                                                              
 ----------------------------------------------------------------------------------------------------------------------------
 ----------------------------------------------------------------------------------------------------------------------------
                                                          SURVEY OF INDIA
                                                    MARINE GEODESY WING (G&RB)
                                                     HOURLY HEIGHTS IN METRES
  NAME OF PORT:- CUDDALORE                                                                          MONTH FEBRUARY  YEAR 2020
 ----------------------------------------------------------------------------------------------------------------------------
 DAYS 0000 0001 0002 0003 0004 0005 0006 0007 0008 0009 0010 0011 0012 0013 0014 0015 0016 0017 0018 0019 0020 0021 0022 0023
 ----------------------------------------------------------------------------------------------------------------------------
  1   0.86 0.86 0.80 0.70 0.56 0.44 0.35 0.31 0.33 0.40 0.52 0.65 0.75 0.81 0.83 0.78 0.68 0.57 0.49 0.45 0.46 0.51 0.59 0.69
  2   0.78 0.82 0.80 0.73 0.63 0.51 0.41 0.35 0.33 0.36 0.44 0.55 0.66 0.76 0.81 0.82 0.77 0.68 0.58 0.51 0.48 0.49 0.54 0.63
  3   0.71 0.77 0.79 0.75 0.67 0.57 0.47 0.39 0.34 0.34 0.38 0.46 0.56 0.66 0.75 0.81 0.83 0.80 0.73 0.65 0.57 0.53 0.53 0.56
  4   0.63 0.70 0.73 0.73 0.70 0.65 0.57 0.48 0.41 0.37 0.36 0.39 0.48 0.59 0.70 0.80 0.85 0.86 0.83 0.77 0.68 0.60 0.54 0.53
  5   0.55 0.59 0.65 0.71 0.74 0.74 0.70 0.63 0.54 0.45 0.38 0.36 0.38 0.45 0.60 0.76 0.89 0.98 1.01 1.00 0.93 0.82 0.71 0.62
  6   0.58 0.59 0.64 0.73 0.82 0.87 0.84 0.75 0.62 0.50 0.42 0.37 0.35 0.37 0.46 0.60 0.77 0.91 1.01 1.04 1.00 0.90 0.74 0.58
  7   0.47 0.44 0.48 0.57 0.69 0.80 0.86 0.88 0.84 0.73 0.58 0.44 0.35 0.32 0.34 0.47 0.66 0.84 1.00 1.09 1.10 1.01 0.86 0.68
  8   0.51 0.41 0.39 0.42 0.52 0.67 0.80 0.88 0.90 0.82 0.68 0.50 0.35 0.25 0.23 0.32 0.50 0.72 0.93 1.07 1.14 1.12 1.00 0.80
  9   0.59 0.41 0.32 0.30 0.38 0.53 0.70 0.84 0.90 0.90 0.81 0.64 0.43 0.25 0.19 0.22 0.33 0.57 0.81 1.03 1.15 1.17 1.09 0.92
 10   0.66 0.44 0.30 0.24 0.29 0.44 0.63 0.82 0.96 1.03 0.99 0.83 0.62 0.42 0.28 0.22 0.29 0.45 0.67 0.91 1.08 1.19 1.20 1.08
 11   0.85 0.61 0.40 0.27 0.24 0.32 0.49 0.69 0.87 0.99 1.04 1.00 0.82 0.62 0.43 0.30 0.28 0.35 0.52 0.75 0.98 1.16 1.25 1.21
 12   1.07 0.85 0.62 0.42 0.31 0.30 0.40 0.60 0.80 0.97 1.09 1.14 1.10 1.00 0.87 0.72 0.60 0.59 0.67 0.78 0.88 0.95 1.01 1.06
 13
 14
 15
 16
 17
 18   0.63 0.71 0.79 0.85 0.86 0.82 0.74 0.64 0.55 0.49 0.48 0.53 0.61 0.70 0.79 0.87 0.93 0.95 0.92 0.83 0.72 0.61 0.55 0.52
 19   0.53 0.58 0.67 0.76 0.83 0.85 0.82 0.75 0.65 0.53 0.42 0.38 0.40 0.46 0.56 0.70 0.83 0.91 0.93 0.91 0.82 0.68 0.56 0.49
 20   0.47 0.48 0.53 0.62 0.74 0.83 0.86 0.84 0.76 0.65 0.50 0.35 0.28 0.30 0.39 0.52 0.67 0.82 0.90 0.92 0.89 0.80 0.65 0.51
 21   0.43 0.41 0.43 0.49 0.59 0.71 0.81 0.86 0.85 0.77 0.64 0.46 0.28 0.17 0.18 0.27 0.42 0.59 0.75 0.86 0.88 0.84 0.71 0.56
 22   0.42 0.32 0.26 0.27 0.34 0.47 0.61 0.71 0.75 0.71 0.62 0.49 0.35 0.25 0.21 0.25 0.38 0.55 0.71 0.83 0.89 0.88 0.79 0.62
 23   0.38 0.25 0.19 0.19 0.25 0.36 0.50 0.62 0.69 0.71 0.65 0.53 0.41 0.32 0.28 0.29 0.37 0.54 0.72 0.82 0.86 0.85 0.78 0.63
 24   0.43 0.26 0.16 0.12 0.13 0.23 0.41 0.58 0.71 0.76 0.75 0.67 0.54 0.40 0.32 0.30 0.34 0.47 0.65 0.83 0.94 0.96 0.93 0.83
 25   0.65 0.46 0.31 0.23 0.23 0.29 0.42 0.59 0.74 0.83 0.85 0.79 0.67 0.52 0.38 0.30 0.31 0.40 0.56 0.75 0.93 1.03 1.05 1.01
 26   0.88 0.67 0.48 0.35 0.30 0.33 0.45 0.61 0.78 0.91 0.97 0.94 0.83 0.65 0.48 0.35 0.30 0.35 0.48 0.65 0.83 0.97 1.06 1.06
 27   0.96 0.74 0.54 0.39 0.30 0.29 0.38 0.52 0.70 0.85 0.95 0.98 0.91 0.75 0.57 0.44 0.36 0.35 0.42 0.57 0.73 0.90 1.00 1.01
 28   0.95 0.80 0.63 0.47 0.35 0.31 0.36 0.48 0.64 0.80 0.94 0.99 0.96 0.85 0.69 0.54 0.43 0.38 0.39 0.49 0.65 0.82 0.95 1.00
 29   0.99 0.88 0.70 0.54 0.41 0.35 0.36 0.43 0.55 0.70 0.85 0.95 0.97 0.91 0.79 0.66 0.54 0.46 0.43 0.47 0.59 0.72 0.83 0.91
 ----------------------------------------------------------------------------------------------------------------------------
                                                                                              
 ----------------------------------------------------------------------------------------------------------------------------
 ----------------------------------------------------------------------------------------------------------------------------
                                                          SURVEY OF INDIA
                                                    MARINE GEODESY WING (G&RB)
                                                     HOURLY HEIGHTS IN METRES
  NAME OF PORT:- CUDDALORE                                                                          MONTH MARCH     YEAR 2020
 ----------------------------------------------------------------------------------------------------------------------------
 DAYS 0000 0001 0002 0003 0004 0005 0006 0007 0008 0009 0010 0011 0012 0013 0014 0015 0016 0017 0018 0019 0020 0021 0022 0023
 ----------------------------------------------------------------------------------------------------------------------------
  1   0.93 0.88 0.76 0.61 0.46 0.37 0.35 0.39 0.48 0.63 0.78 0.91 0.97 0.95 0.87 0.75 0.63 0.54 0.50 0.50 0.54 0.63 0.74 0.83
  2   0.88 0.89 0.83 0.71 0.58 0.47 0.40 0.38 0.42 0.52 0.64 0.76 0.86 0.92 0.91 0.83 0.72 0.62 0.55 0.53 0.55 0.60 0.67 0.75
  3   0.82 0.85 0.84 0.77 0.65 0.54 0.45 0.40 0.40 0.46 0.55 0.65 0.74 0.81 0.86 0.87 0.84 0.76 0.67 0.59 0.56 0.57 0.60 0.66
  4   0.72 0.77 0.79 0.78 0.73 0.64 0.53 0.45 0.42 0.42 0.46 0.53 0.61 0.70 0.78 0.85 0.88 0.86 0.79 0.70 0.62 0.57 0.56 0.58
  5   0.62 0.67 0.72 0.76 0.77 0.74 0.66 0.56 0.46 0.40 0.39 0.41 0.48 0.59 0.71 0.81 0.88 0.91 0.89 0.82 0.72 0.62 0.54 0.49
  6   0.49 0.53 0.59 0.66 0.72 0.75 0.74 0.70 0.61 0.49 0.39 0.36 0.39 0.46 0.56 0.67 0.79 0.90 0.96 0.96 0.88 0.74 0.60 0.48
  7   0.40 0.38 0.44 0.55 0.66 0.76 0.83 0.84 0.78 0.65 0.50 0.37 0.30 0.31 0.39 0.52 0.71 0.89 1.02 1.07 1.04 0.92 0.74 0.56
  8   0.39 0.32 0.33 0.41 0.54 0.69 0.82 0.91 0.92 0.82 0.66 0.49 0.35 0.26 0.27 0.39 0.58 0.79 1.00 1.15 1.18 1.11 0.93 0.70
  9   0.46 0.29 0.24 0.29 0.42 0.60 0.79 0.93 1.01 0.98 0.84 0.63 0.40 0.24 0.20 0.26 0.41 0.63 0.87 1.05 1.13 1.12 1.00 0.78
 10   0.53 0.33 0.20 0.18 0.24 0.41 0.64 0.87 1.03 1.08 1.01 0.83 0.60 0.39 0.25 0.24 0.33 0.49 0.72 0.95 1.12 1.20 1.15 0.99
 11   0.75 0.50 0.29 0.16 0.15 0.27 0.47 0.71 0.92 1.06 1.08 0.97 0.78 0.56 0.35 0.24 0.24 0.34 0.56 0.78 0.99 1.13 1.14 1.04
 12   0.82 0.59 0.34 0.17 0.09 0.13 0.29 0.53 0.77 0.94 1.05 1.04 0.91 0.72 0.51 0.34 0.24 0.26 0.39 0.58 0.77 0.95 1.05 1.04
 13   0.94 0.70 0.47 0.30 0.18 0.14 0.23 0.40 0.64 0.90 1.06 1.12 1.09 0.96 0.78 0.62 0.49 0.44 0.46 0.58 0.76 0.93 1.06 1.13
 14   1.11 1.01 0.87 0.71 0.50 0.24 0.23 0.32 0.47 0.67 0.86 0.98 1.03 0.99 0.87 0.71 0.54 0.42 0.37 0.41 0.53 0.66 0.79 0.88
 15   0.91 0.88 0.78 0.63 0.47 0.35 0.30 0.32 0.41 0.54 0.70 0.82 0.90 0.92 0.88 0.78 0.66 0.54 0.47 0.45 0.49 0.56 0.63 0.70
 16   0.75 0.78 0.77 0.69 0.58 0.48 0.41 0.38 0.39 0.45 0.53 0.63 0.73 0.82 0.87 0.85 0.78 0.70 0.63 0.57 0.53 0.52 0.54 0.58
 17   0.64 0.71 0.75 0.74 0.69 0.63 0.57 0.52 0.48 0.46 0.46 0.50 0.58 0.68 0.77 0.82 0.82 0.79 0.74 0.68 0.62 0.57 0.54 0.53
 18   0.54 0.58 0.63 0.66 0.67 0.66 0.63 0.58 0.53 0.49 0.46 0.46 0.51 0.59 0.67 0.75 0.81 0.84 0.84 0.81 0.74 0.66 0.58 0.53
 19   0.51 0.51 0.54 0.60 0.67 0.72 0.74 0.72 0.67 0.60 0.53 0.48 0.47 0.50 0.57 0.67 0.78 0.87 0.92 0.91 0.85 0.75 0.64 0.53
 20   0.47 0.45 0.47 0.53 0.64 0.74 0.80 0.81 0.77 0.69 0.59 0.49 0.42 0.41 0.46 0.57 0.71 0.85 0.95 0.99 0.96 0.86 0.74 0.61
 21   0.49 0.41 0.39 0.44 0.54 0.67 0.79 0.86 0.86 0.80 0.69 0.55 0.43 0.37 0.39 0.47 0.60 0.77 0.93 1.02 1.02 0.95 0.81 0.64
 22   0.48 0.38 0.34 0.37 0.45 0.59 0.74 0.85 0.90 0.86 0.74 0.59 0.46 0.36 0.32 0.37 0.50 0.67 0.85 0.97 1.03 0.99 0.88 0.69
 23   0.52 0.38 0.30 0.31 0.38 0.53 0.71 0.86 0.94 0.95 0.86 0.70 0.52 0.35 0.29 0.34 0.46 0.64 0.82 0.97 1.04 1.02 0.92 0.73
 24   0.54 0.37 0.29 0.29 0.38 0.53 0.72 0.89 0.97 0.98 0.90 0.75 0.57 0.40 0.31 0.30 0.40 0.57 0.75 0.92 1.02 1.04 0.96 0.80
 25   0.60 0.42 0.30 0.25 0.30 0.45 0.64 0.82 0.96 1.00 0.95 0.84 0.65 0.47 0.33 0.30 0.33 0.44 0.60 0.79 0.94 1.01 0.99 0.88
 26   0.71 0.51 0.35 0.26 0.24 0.33 0.51 0.71 0.89 1.00 1.03 0.94 0.79 0.60 0.45 0.36 0.34 0.41 0.53 0.70 0.88 0.99 1.00 0.92
 27   0.78 0.60 0.45 0.33 0.29 0.32 0.46 0.65 0.84 0.97 1.03 1.00 0.90 0.72 0.55 0.43 0.38 0.40 0.48 0.62 0.78 0.92 0.99 0.95
 28   0.83 0.68 0.52 0.39 0.32 0.32 0.42 0.57 0.74 0.90 0.99 1.00 0.94 0.80 0.65 0.52 0.43 0.41 0.46 0.57 0.70 0.83 0.91 0.93
 29   0.85 0.72 0.57 0.44 0.35 0.32 0.36 0.47 0.62 0.78 0.92 0.99 0.97 0.88 0.76 0.63 0.54 0.49 0.49 0.54 0.63 0.74 0.85 0.91
 30   0.89 0.79 0.65 0.53 0.43 0.37 0.36 0.41 0.53 0.67 0.80 0.89 0.92 0.90 0.81 0.69 0.58 0.51 0.48 0.49 0.53 0.61 0.71 0.79
 31   0.82 0.79 0.70 0.60 0.52 0.46 0.43 0.43 0.47 0.57 0.71 0.83 0.90 0.92 0.87 0.78 0.69 0.62 0.57 0.54 0.54 0.59 0.66 0.72
 ----------------------------------------------------------------------------------------------------------------------------
                                                                                              
 ----------------------------------------------------------------------------------------------------------------------------
 ----------------------------------------------------------------------------------------------------------------------------
                                                          SURVEY OF INDIA
                                                    MARINE GEODESY WING (G&RB)
                                                     HOURLY HEIGHTS IN METRES
  NAME OF PORT:- CUDDALORE                                                                          MONTH APRIL     YEAR 2020
 ----------------------------------------------------------------------------------------------------------------------------
 DAYS 0000 0001 0002 0003 0004 0005 0006 0007 0008 0009 0010 0011 0012 0013 0014 0015 0016 0017 0018 0019 0020 0021 0022 0023
 ----------------------------------------------------------------------------------------------------------------------------
  1   0.76 0.76 0.72 0.65 0.58 0.52 0.48 0.46 0.47 0.52 0.61 0.72 0.81 0.86 0.88 0.86 0.82 0.76 0.69 0.63 0.58 0.56 0.57 0.62
  2   0.68 0.73 0.74 0.72 0.68 0.63 0.57 0.52 0.50 0.50 0.53 0.60 0.69 0.78 0.85 0.89 0.90 0.88 0.82 0.74 0.66 0.59 0.53 0.51
  3   0.53 0.62 0.70 0.75 0.77 0.76 0.72 0.66 0.59 0.53 0.49 0.50 0.56 0.65 0.75 0.84 0.91 0.94 0.92 0.86 0.77 0.67 0.57 0.50
  4   0.48 0.52 0.61 0.70 0.78 0.84 0.86 0.82 0.73 0.60 0.50 0.45 0.45 0.51 0.62 0.76 0.89 0.99 1.04 0.99 0.88 0.72 0.56 0.43
  5   0.36 0.35 0.43 0.57 0.71 0.85 0.93 0.95 0.88 0.73 0.58 0.45 0.38 0.39 0.47 0.61 0.79 0.96 1.08 1.10 1.02 0.87 0.68 0.48
  6   0.32 0.26 0.29 0.43 0.61 0.80 0.97 1.05 1.03 0.92 0.74 0.57 0.41 0.34 0.37 0.49 0.69 0.89 1.04 1.12 1.11 0.98 0.78 0.53
  7   0.33 0.19 0.17 0.25 0.45 0.67 0.89 1.05 1.11 1.05 0.90 0.70 0.49 0.34 0.28 0.32 0.50 0.72 0.93 1.08 1.15 1.12 0.93 0.68
  8   0.44 0.25 0.13 0.15 0.28 0.50 0.75 0.97 1.12 1.17 1.09 0.88 0.65 0.43 0.29 0.26 0.36 0.54 0.77 0.99 1.13 1.17 1.07 0.86
  9   0.59 0.37 0.19 0.12 0.16 0.34 0.60 0.84 1.06 1.17 1.15 1.02 0.82 0.59 0.40 0.28 0.27 0.40 0.59 0.78 0.98 1.12 1.13 0.98
 10   0.76 0.51 0.29 0.15 0.10 0.19 0.38 0.62 0.85 1.06 1.14 1.10 0.97 0.76 0.54 0.37 0.29 0.30 0.42 0.60 0.80 0.95 1.04 1.00
 11   0.88 0.68 0.47 0.30 0.21 0.22 0.34 0.52 0.73 0.93 1.06 1.10 1.03 0.88 0.67 0.48 0.35 0.30 0.35 0.48 0.64 0.80 0.91 0.95
 12   0.90 0.77 0.60 0.44 0.31 0.27 0.32 0.43 0.60 0.78 0.93 1.03 1.05 0.97 0.83 0.68 0.53 0.43 0.39 0.43 0.55 0.69 0.82 0.90
 13   0.93 0.87 0.74 0.58 0.46 0.39 0.38 0.42 0.53 0.68 0.83 0.95 1.01 1.01 0.94 0.82 0.68 0.57 0.49 0.46 0.49 0.57 0.66 0.75
 14   0.80 0.80 0.76 0.67 0.57 0.49 0.44 0.44 0.48 0.57 0.68 0.79 0.88 0.93 0.93 0.89 0.80 0.70 0.61 0.56 0.54 0.55 0.59 0.64
 15   0.69 0.71 0.71 0.69 0.64 0.57 0.51 0.48 0.49 0.53 0.59 0.65 0.72 0.79 0.84 0.84 0.81 0.76 0.68 0.60 0.55 0.53 0.53 0.54
 16   0.56 0.59 0.63 0.65 0.65 0.63 0.59 0.55 0.53 0.53 0.55 0.59 0.64 0.70 0.76 0.82 0.85 0.84 0.79 0.73 0.67 0.61 0.55 0.51
 17   0.49 0.50 0.54 0.60 0.65 0.68 0.68 0.65 0.62 0.60 0.59 0.59 0.60 0.63 0.68 0.75 0.84 0.89 0.89 0.85 0.77 0.68 0.59 0.51
 18   0.46 0.45 0.48 0.55 0.63 0.70 0.74 0.74 0.70 0.65 0.60 0.55 0.52 0.52 0.58 0.67 0.78 0.87 0.91 0.90 0.84 0.74 0.63 0.51
 19   0.42 0.39 0.42 0.50 0.60 0.70 0.78 0.82 0.80 0.73 0.63 0.57 0.56 0.58 0.65 0.75 0.87 0.98 1.07 1.10 1.07 0.99 0.88 0.72
 20   0.42 0.35 0.37 0.45 0.57 0.69 0.79 0.85 0.84 0.77 0.66 0.55 0.44 0.39 0.40 0.47 0.60 0.75 0.87 0.92 0.90 0.82 0.67 0.49
 21   0.36 0.29 0.29 0.36 0.48 0.63 0.77 0.87 0.91 0.86 0.74 0.59 0.46 0.39 0.38 0.44 0.55 0.68 0.81 0.89 0.90 0.86 0.73 0.56
 22   0.39 0.29 0.26 0.31 0.43 0.59 0.76 0.89 0.95 0.93 0.82 0.67 0.51 0.40 0.35 0.37 0.46 0.60 0.76 0.90 0.93 0.89 0.77 0.61
 23   0.43 0.29 0.23 0.27 0.39 0.55 0.73 0.89 1.00 1.00 0.91 0.76 0.59 0.44 0.35 0.33 0.40 0.54 0.70 0.86 0.96 0.99 0.92 0.76
 24   0.58 0.40 0.27 0.25 0.34 0.50 0.70 0.89 1.05 1.09 1.06 0.93 0.77 0.60 0.45 0.39 0.43 0.53 0.67 0.84 0.93 0.95 0.90 0.78
 25
 26
 27
 28
 29
 30
 ----------------------------------------------------------------------------------------------------------------------------
                                                                                              
 ----------------------------------------------------------------------------------------------------------------------------
 ----------------------------------------------------------------------------------------------------------------------------
                                                          SURVEY OF INDIA
                                                    MARINE GEODESY WING (G&RB)
                                                     HOURLY HEIGHTS IN METRES
  NAME OF PORT:- CUDDALORE                                                                          MONTH MAY       YEAR 2020
 ----------------------------------------------------------------------------------------------------------------------------
 DAYS 0000 0001 0002 0003 0004 0005 0006 0007 0008 0009 0010 0011 0012 0013 0014 0015 0016 0017 0018 0019 0020 0021 0022 0023
 ----------------------------------------------------------------------------------------------------------------------------
  1   0.74 0.77 0.79 0.77 0.73 0.66 0.58 0.50 0.46 0.49 0.58 0.70 0.82 0.90 0.95 0.96 0.92 0.85 0.77 0.67 0.57 0.53 0.53 0.56
  2   0.63 0.72 0.81 0.87 0.89 0.87 0.81 0.74 0.67 0.62 0.62 0.67 0.75 0.84 0.94 1.04 1.11 1.11 1.02 0.88 0.73 0.60 0.52 0.51
  3   0.56 0.66 0.79 0.89 0.96 0.98 0.96 0.88 0.79 0.70 0.64 0.63 0.67 0.78 0.93 1.08 1.15 1.17 1.15 1.07 0.91 0.75 0.61 0.51
  4   0.49 0.55 0.68 0.82 0.96 1.07 1.11 1.08 0.99 0.89 0.80 0.77 0.80 0.89 1.00 1.10 1.18 1.21 1.16 1.05 0.90 0.72 0.56 0.42
  5   0.36 0.37 0.47 0.62 0.82 1.01 1.13 1.15 1.08 0.94 0.76 0.59 0.47 0.46 0.54 0.69 0.86 1.07 1.15 1.13 1.05 0.91 0.71 0.51
  6
  7
  8
  9
 10
 11
 12
 13   0.81 0.79 0.73 0.64 0.54 0.48 0.45 0.46 0.52 0.62 0.76 0.89 0.97 1.00 0.98 0.91 0.79 0.68 0.58 0.51 0.49 0.52 0.59 0.68
 14   0.76 0.79 0.78 0.73 0.66 0.59 0.53 0.51 0.52 0.55 0.62 0.74 0.87 0.96 1.00 0.98 0.90 0.80 0.69 0.61 0.56 0.54 0.55 0.60
 15
 16
 17
 18
 19
 20
 21
 22   0.43 0.34 0.32 0.40 0.55 0.72 0.90 1.07 1.13 1.10 1.00 0.84 0.68 0.54 0.46 0.44 0.50 0.62 0.78 0.92 1.00 0.99 0.90 0.76
 23   0.56 0.44 0.39 0.41 0.50 0.68 0.88 1.07 1.18 1.20 1.15 1.02 0.85 0.67 0.53 0.47 0.50 0.60 0.74 0.88 0.97 0.98 0.93 0.80
 24   0.64 0.47 0.39 0.37 0.42 0.55 0.74 0.94 1.09 1.17 1.17 1.09 0.95 0.78 0.62 0.50 0.48 0.55 0.70 0.85 0.97 1.04 1.02 0.93
 25   0.76 0.60 0.47 0.40 0.41 0.50 0.66 0.86 1.02 1.12 1.17 1.15 1.05 0.90 0.74 0.62 0.55 0.54 0.61 0.74 0.87 0.96 1.00 0.96
 26   0.85 0.70 0.57 0.47 0.43 0.46 0.57 0.73 0.92 1.07 1.16 1.18 1.12 1.01 0.85 0.71 0.60 0.56 0.58 0.67 0.78 0.88 0.94 0.95
 27   0.89 0.76 0.64 0.54 0.47 0.45 0.49 0.62 0.80 0.98 1.12 1.19 1.18 1.10 0.97 0.80 0.67 0.59 0.57 0.59 0.68 0.81 0.92 0.98
 28   0.97 0.90 0.78 0.66 0.54 0.47 0.46 0.51 0.64 0.81 0.97 1.09 1.14 1.12 1.03 0.89 0.75 0.61 0.51 0.49 0.52 0.59 0.68 0.77
 29   0.84 0.85 0.81 0.74 0.64 0.55 0.49 0.48 0.54 0.65 0.78 0.91 0.98 1.00 0.99 0.93 0.84 0.72 0.58 0.49 0.46 0.48 0.55 0.64
 30   0.73 0.80 0.82 0.79 0.72 0.64 0.57 0.53 0.52 0.55 0.63 0.75 0.87 0.97 1.01 0.99 0.91 0.77 0.53 0.42 0.39 0.41 0.48 0.58
 31   0.69 0.79 0.84 0.84 0.79 0.72 0.64 0.58 0.55 0.56 0.61 0.71 0.82 0.91 0.97 0.97 0.90 0.79 0.66 0.54 0.44 0.39 0.40 0.47
 ----------------------------------------------------------------------------------------------------------------------------
                                                                                              
 ----------------------------------------------------------------------------------------------------------------------------
 ----------------------------------------------------------------------------------------------------------------------------
                                                          SURVEY OF INDIA
                                                    MARINE GEODESY WING (G&RB)
                                                     HOURLY HEIGHTS IN METRES
  NAME OF PORT:- CUDDALORE                                                                          MONTH JUNE      YEAR 2020
 ----------------------------------------------------------------------------------------------------------------------------
 DAYS 0000 0001 0002 0003 0004 0005 0006 0007 0008 0009 0010 0011 0012 0013 0014 0015 0016 0017 0018 0019 0020 0021 0022 0023
 ----------------------------------------------------------------------------------------------------------------------------
  1   0.57 0.70 0.82 0.89 0.90 0.86 0.78 0.69 0.61 0.57 0.57 0.63 0.73 0.84 0.95 1.02 1.03 0.99 0.89 0.73 0.55 0.42 0.36 0.36
  2   0.43 0.60 0.78 0.92 1.03 1.07 1.04 0.96 0.84 0.66 0.55 0.52 0.56 0.66 0.78 0.91 1.02 1.10 1.11 1.03 0.88 0.70 0.53 0.40
  3   0.35 0.38 0.50 0.70 0.88 1.04 1.12 1.11 1.02 0.86 0.70 0.54 0.47 0.49 0.58 0.72 0.87 1.00 1.07 1.06 0.97 0.79 0.60 0.41
  4   0.27 0.26 0.34 0.52 0.72 0.93 1.09 1.17 1.15 1.03 0.85 0.67 0.53 0.45 0.46 0.54 0.68 0.83 0.96 1.02 0.99 0.87 0.70 0.50
  5   0.33 0.25 0.24 0.33 0.52 0.74 0.95 1.11 1.18 1.12 0.97 0.78 0.59 0.45 0.38 0.41 0.52 0.68 0.83 0.94 0.98 0.92 0.79 0.58
  6   0.41 0.28 0.22 0.26 0.40 0.60 0.82 1.02 1.14 1.16 1.09 0.94 0.75 0.56 0.42 0.37 0.43 0.57 0.74 0.91 1.01 1.03 0.98 0.82
  7   0.61 0.43 0.30 0.26 0.34 0.50 0.70 0.90 1.07 1.16 1.14 1.04 0.88 0.69 0.52 0.42 0.38 0.42 0.56 0.74 0.87 0.95 0.97 0.89
  8   0.70 0.52 0.38 0.31 0.32 0.42 0.61 0.80 0.98 1.11 1.16 1.15 1.06 0.91 0.72 0.56 0.46 0.45 0.52 0.65 0.79 0.89 0.94 0.91
  9   0.79 0.62 0.47 0.36 0.31 0.35 0.48 0.68 0.90 1.04 1.10 1.11 1.06 0.95 0.79 0.62 0.48 0.42 0.45 0.55 0.67 0.79 0.89 0.96
 10   0.96 0.88 0.72 0.59 0.50 0.46 0.49 0.60 0.76 0.92 1.04 1.08 1.07 1.00 0.84 0.67 0.52 0.42 0.40 0.46 0.57 0.69 0.79 0.86
 11   0.88 0.84 0.75 0.64 0.52 0.45 0.45 0.53 0.66 0.79 0.90 0.97 1.00 0.98 0.92 0.82 0.68 0.54 0.46 0.45 0.51 0.60 0.69 0.76
 12   0.80 0.81 0.78 0.70 0.58 0.49 0.45 0.49 0.58 0.69 0.81 0.91 0.99 1.02 0.99 0.91 0.79 0.67 0.56 0.50 0.51 0.57 0.66 0.74
 13   0.80 0.83 0.84 0.82 0.75 0.66 0.58 0.54 0.55 0.60 0.69 0.79 0.88 0.93 0.94 0.92 0.84 0.74 0.63 0.53 0.46 0.44 0.48 0.57
 14   0.67 0.74 0.78 0.79 0.77 0.71 0.63 0.57 0.55 0.56 0.61 0.69 0.78 0.86 0.90 0.91 0.89 0.82 0.72 0.62 0.53 0.48 0.47 0.52
 15   0.62 0.72 0.80 0.85 0.87 0.86 0.80 0.71 0.62 0.56 0.55 0.59 0.68 0.85 0.90 0.88 0.80 0.69 0.57 0.47 0.41 0.41 0.48 0.58
 16   0.69 0.81 0.88 0.89 0.86 0.80 0.72 0.65 0.60 0.59 0.62 0.69 0.79 0.87 0.90 0.89 0.84 0.76 0.64 0.52 0.43 0.39 0.42 0.49
 17   0.59 0.73 0.86 0.94 0.96 0.92 0.81 0.69 0.59 0.52 0.50 0.54 0.63 0.74 0.85 0.89 0.87 0.79 0.67 0.55 0.43 0.35 0.33 0.36
 18   0.47 0.63 0.81 0.93 1.00 1.01 0.95 0.83 0.67 0.55 0.49 0.48 0.50 0.55 0.64 0.74 0.85 0.94 0.98 0.95 0.86 0.73 0.57 0.45
 19   0.38 0.36 0.41 0.54 0.71 0.87 1.00 1.07 1.07 0.99 0.85 0.68 0.56 0.50 0.51 0.58 0.72 0.85 0.94 0.98 0.96 0.86 0.70 0.53
 20   0.39 0.35 0.37 0.47 0.62 0.80 0.97 1.08 1.10 1.05 0.94 0.78 0.61 0.50 0.46 0.49 0.58 0.73 0.86 0.93 0.94 0.89 0.77 0.58
 21   0.42 0.32 0.30 0.35 0.49 0.67 0.85 1.00 1.09 1.09 1.01 0.87 0.69 0.53 0.44 0.41 0.46 0.59 0.74 0.86 0.92 0.91 0.82 0.67
 22   0.47 0.33 0.26 0.26 0.35 0.52 0.73 0.91 1.03 1.09 1.07 0.97 0.79 0.60 0.46 0.38 0.37 0.45 0.59 0.75 0.87 0.91 0.87 0.76
 23   0.58 0.35 0.23 0.19 0.21 0.34 0.55 0.78 0.96 1.07 1.10 1.05 0.90 0.70 0.53 0.40 0.34 0.37 0.48 0.66 0.83 0.93 0.95 0.88
 24   0.73 0.54 0.38 0.27 0.26 0.33 0.47 0.68 0.90 1.08 1.19 1.19 1.09 0.92 0.73 0.56 0.45 0.42 0.46 0.59 0.75 0.88 0.96 0.98
 25   0.90 0.73 0.55 0.42 0.34 0.32 0.40 0.58 0.79 0.99 1.13 1.20 1.17 1.04 0.86 0.67 0.51 0.42 0.41 0.49 0.64 0.80 0.94 1.00
 26   0.98 0.88 0.75 0.61 0.48 0.40 0.42 0.55 0.72 0.92 1.10 1.20 1.23 1.19 1.06 0.89 0.69 0.53 0.44 0.45 0.54 0.67 0.81 0.93
 27   0.99 0.97 0.89 0.75 0.62 0.52 0.48 0.50 0.60 0.77 0.95 1.08 1.15 1.17 1.13 1.02 0.83 0.63 0.47 0.40 0.43 0.52 0.66 0.81
 28   0.94 1.02 1.01 0.95 0.83 0.69 0.59 0.55 0.57 0.65 0.80 0.95 1.06 1.13 1.14 1.09 0.96 0.79 0.62 0.50 0.43 0.42 0.51 0.68
 29   0.83 0.95 1.02 1.03 0.98 0.89 0.77 0.67 0.61 0.60 0.66 0.78 0.92 1.05 1.15 1.17 1.10 0.97 0.81 0.65 0.51 0.44 0.45 0.52
 30   0.64 0.82 0.97 1.07 1.11 1.06 0.95 0.84 0.73 0.65 0.62 0.66 0.76 0.88 0.98 1.05 1.07 1.02 0.90 0.76 0.62 0.50 0.41 0.38
 ----------------------------------------------------------------------------------------------------------------------------
                                                                                              
 ----------------------------------------------------------------------------------------------------------------------------
 ----------------------------------------------------------------------------------------------------------------------------
                                                          SURVEY OF INDIA
                                                    MARINE GEODESY WING (G&RB)
                                                     HOURLY HEIGHTS IN METRES
  NAME OF PORT:- CUDDALORE                                                                          MONTH JULY      YEAR 2020
 ----------------------------------------------------------------------------------------------------------------------------
 DAYS 0000 0001 0002 0003 0004 0005 0006 0007 0008 0009 0010 0011 0012 0013 0014 0015 0016 0017 0018 0019 0020 0021 0022 0023
 ----------------------------------------------------------------------------------------------------------------------------
  1   0.44 0.58 0.76 0.94 1.08 1.15 1.12 1.02 0.89 0.75 0.62 0.56 0.57 0.67 0.81 0.94 1.03 1.06 1.02 0.89 0.72 0.55 0.39 0.29
  2   0.30 0.41 0.58 0.76 0.94 1.07 1.12 1.07 0.96 0.82 0.64 0.52 0.47 0.50 0.59 0.71 0.84 0.96 1.02 0.99 0.86 0.69 0.52 0.37
  3   0.27 0.28 0.40 0.60 0.81 1.00 1.13 1.17 1.11 0.98 0.80 0.62 0.49 0.44 0.49 0.60 0.75 0.90 1.03 1.09 1.03 0.89 0.72 0.54
  4   0.38 0.28 0.32 0.45 0.64 0.86 1.06 1.19 1.22 1.15 0.99 0.77 0.59 0.45 0.40 0.46 0.61 0.79 0.96 1.07 1.07 0.99 0.84 0.65
  5   0.45 0.32 0.27 0.32 0.45 0.66 0.89 1.08 1.19 1.20 1.11 0.94 0.74 0.55 0.42 0.36 0.42 0.57 0.74 0.90 1.01 1.03 0.95 0.80
  6   0.59 0.41 0.30 0.27 0.35 0.52 0.74 0.95 1.11 1.20 1.19 1.07 0.90 0.70 0.53 0.43 0.40 0.47 0.61 0.76 0.89 0.97 0.97 0.89
  7   0.74 0.54 0.39 0.30 0.31 0.41 0.58 0.79 0.98 1.11 1.17 1.15 1.05 0.89 0.69 0.53 0.44 0.44 0.53 0.67 0.81 0.92 0.97 0.95
  8   0.85 0.68 0.53 0.42 0.36 0.37 0.49 0.67 0.86 1.03 1.14 1.18 1.12 0.99 0.81 0.63 0.49 0.43 0.45 0.56 0.70 0.83 0.93 0.98
  9   0.95 0.83 0.67 0.53 0.44 0.41 0.46 0.60 0.76 0.92 1.08 1.16 1.14 1.03 0.87 0.69 0.55 0.48 0.49 0.56 0.67 0.80 0.91 0.98
 10   0.99 0.91 0.76 0.60 0.49 0.45 0.50 0.60 0.74 0.89 1.03 1.13 1.16 1.11 0.99 0.82 0.65 0.53 0.47 0.48 0.58 0.71 0.83 0.91
 11   0.94 0.93 0.86 0.74 0.61 0.53 0.50 0.54 0.66 0.81 0.95 1.06 1.13 1.14 1.05 0.90 0.74 0.59 0.51 0.50 0.54 0.63 0.74 0.85
 12   0.94 0.97 0.95 0.87 0.75 0.64 0.58 0.56 0.60 0.71 0.85 0.98 1.07 1.11 1.08 0.98 0.85 0.72 0.60 0.55 0.56 0.61 0.69 0.79
 13   0.89 0.96 0.98 0.95 0.87 0.77 0.68 0.63 0.62 0.66 0.76 0.88 1.00 1.07 1.08 1.02 0.91 0.79 0.68 0.61 0.59 0.61 0.67 0.75
 14   0.85 0.94 0.99 1.00 0.96 0.88 0.79 0.71 0.67 0.68 0.73 0.81 0.92 1.03 1.09 1.08 1.01 0.90 0.78 0.67 0.60 0.56 0.56 0.63
 15   0.74 0.86 0.96 1.02 1.03 1.00 0.94 0.85 0.77 0.72 0.71 0.75 0.82 0.91 1.00 1.04 1.03 0.99 0.91 0.80 0.68 0.59 0.55 0.56
 16   0.62 0.75 0.88 0.98 1.04 1.05 1.02 0.95 0.85 0.76 0.70 0.69 0.72 0.78 0.86 0.93 0.97 0.97 0.93 0.85 0.75 0.64 0.55 0.52
 17   0.54 0.65 0.78 0.90 1.01 1.08 1.11 1.08 1.00 0.88 0.77 0.69 0.64 0.64 0.69 0.79 0.87 0.90 0.89 0.83 0.74 0.65 0.55 0.47
 18   0.44 0.48 0.60 0.74 0.89 1.02 1.10 1.11 1.07 0.97 0.84 0.72 0.65 0.63 0.66 0.74 0.84 0.92 0.96 0.95 0.90 0.81 0.67 0.53
 19   0.44 0.42 0.48 0.62 0.80 0.96 1.08 1.15 1.14 1.04 0.90 0.76 0.62 0.54 0.53 0.58 0.70 0.83 0.94 0.99 0.97 0.89 0.74 0.56
 20   0.40 0.30 0.31 0.44 0.61 0.81 1.00 1.12 1.18 1.15 1.05 0.89 0.72 0.62 0.57 0.57 0.64 0.76 0.88 0.99 1.05 1.00 0.88 0.70
 21   0.52 0.39 0.33 0.37 0.50 0.69 0.90 1.07 1.18 1.21 1.16 1.02 0.82 0.64 0.51 0.46 0.50 0.62 0.77 0.92 1.03 1.07 1.02 0.87
 22   0.67 0.52 0.43 0.41 0.46 0.61 0.78 0.90 0.99 1.05 1.07 1.04 0.94 0.74 0.55 0.43 0.41 0.48 0.62 0.78 0.93 1.02 1.04 0.97
 23   0.81 0.62 0.47 0.39 0.39 0.47 0.64 0.83 0.97 1.05 1.09 1.08 1.01 0.86 0.67 0.49 0.36 0.35 0.46 0.62 0.79 0.94 1.01 1.01
 24   0.91 0.74 0.57 0.43 0.35 0.36 0.48 0.67 0.88 1.05 1.13 1.14 1.07 0.94 0.75 0.56 0.38 0.30 0.32 0.45 0.62 0.80 0.95 1.00
 25   0.98 0.86 0.68 0.52 0.38 0.32 0.34 0.50 0.70 0.93 1.12 1.20 1.18 1.08 0.90 0.70 0.50 0.35 0.30 0.35 0.49 0.68 0.86 0.97
 26   1.00 0.94 0.81 0.65 0.49 0.38 0.34 0.40 0.56 0.75 0.94 1.08 1.13 1.08 0.96 0.78 0.60 0.42 0.32 0.30 0.36 0.51 0.72 0.88
 27   0.97 0.99 0.94 0.85 0.72 0.59 0.50 0.48 0.54 0.68 0.84 0.98 1.05 1.06 1.03 0.93 0.77 0.61 0.48 0.44 0.46 0.56 0.70 0.83
 28   0.93 1.00 1.03 1.01 0.93 0.81 0.73 0.69 0.69 0.74 0.84 0.96 1.05 1.10 1.12 1.10 1.02 0.89 0.76 0.66 0.60 0.60 0.65 0.72
 29   0.80 0.88 0.95 1.00 1.00 0.94 0.83 0.74 0.68 0.65 0.67 0.74 0.84 0.92 0.96 0.97 0.96 0.92 0.83 0.71 0.60 0.55 0.55 0.58
 30   0.64 0.72 0.82 0.92 0.98 0.99 0.96 0.86 0.74 0.66 0.62 0.61 0.64 0.70 0.78 0.83 0.85 0.85 0.83 0.77 0.65 0.54 0.50 0.49
 31   0.50 0.54 0.63 0.76 0.88 0.95 0.98 0.97 0.88 0.75 0.64 0.57 0.54 0.55 0.59 0.66 0.75 0.83 0.87 0.86 0.79 0.66 0.55 0.47
 ----------------------------------------------------------------------------------------------------------------------------
                                                                                              
 ----------------------------------------------------------------------------------------------------------------------------
 ----------------------------------------------------------------------------------------------------------------------------
                                                          SURVEY OF INDIA
                                                    MARINE GEODESY WING (G&RB)
                                                     HOURLY HEIGHTS IN METRES
  NAME OF PORT:- CUDDALORE                                                                          MONTH AUGUST    YEAR 2020
 ----------------------------------------------------------------------------------------------------------------------------
 DAYS 0000 0001 0002 0003 0004 0005 0006 0007 0008 0009 0010 0011 0012 0013 0014 0015 0016 0017 0018 0019 0020 0021 0022 0023
 ----------------------------------------------------------------------------------------------------------------------------
  1   0.44 0.45 0.50 0.60 0.75 0.90 1.00 1.02 0.97 0.85 0.70 0.59 0.52 0.49 0.50 0.55 0.64 0.75 0.86 0.90 0.86 0.77 0.64 0.51
  2   0.43 0.40 0.42 0.51 0.65 0.80 0.96 1.06 1.07 1.00 0.87 0.72 0.60 0.51 0.46 0.45 0.50 0.60 0.74 0.85 0.88 0.83 0.71 0.56
  3   0.42 0.37 0.37 0.42 0.55 0.74 0.91 1.03 1.09 1.09 1.01 0.82 0.65 0.53 0.48 0.49 0.55 0.67 0.79 0.87 0.91 0.91 0.84 0.70
  4   0.53 0.42 0.37 0.39 0.49 0.66 0.83 0.99 1.10 1.15 1.11 0.98 0.80 0.62 0.48 0.41 0.43 0.52 0.67 0.83 0.92 0.95 0.90 0.79
  5   0.60 0.44 0.34 0.31 0.37 0.52 0.70 0.92 1.11 1.18 1.15 1.06 0.91 0.71 0.51 0.40 0.38 0.43 0.56 0.73 0.87 0.94 0.91 0.80
  6   0.64 0.49 0.38 0.33 0.34 0.41 0.56 0.76 0.95 1.07 1.09 1.02 0.88 0.68 0.48 0.34 0.28 0.30 0.40 0.57 0.73 0.86 0.92 0.87
  7   0.73 0.55 0.35 0.21 0.15 0.22 0.37 0.55 0.72 0.80 0.79 0.72 0.58 0.40 0.18 0.00-0.10-0.09 0.26 0.50 0.66 0.78 0.86 0.87
  8   0.80 0.65 0.46 0.30 0.20 0.19 0.24 0.40 0.61 0.80 0.93 0.98 0.95 0.82 0.63 0.45 0.31 0.24 0.26 0.40 0.57 0.71 0.80 0.84
  9   0.81 0.73 0.60 0.44 0.30 0.25 0.28 0.38 0.53 0.69 0.82 0.89 0.90 0.86 0.72 0.53 0.35 0.24 0.21 0.25 0.37 0.52 0.66 0.76
 10   0.80 0.79 0.70 0.56 0.40 0.32 0.31 0.36 0.46 0.60 0.75 0.87 0.91 0.87 0.77 0.61 0.45 0.31 0.24 0.26 0.34 0.46 0.61 0.73
 11   0.82 0.87 0.86 0.76 0.63 0.50 0.40 0.39 0.45 0.54 0.65 0.78 0.86 0.88 0.83 0.73 0.58 0.43 0.33 0.30 0.34 0.43 0.54 0.68
 12   0.82 0.87 0.87 0.80 0.69 0.59 0.52 0.49 0.49 0.53 0.62 0.72 0.81 0.85 0.84 0.79 0.68 0.55 0.44 0.39 0.39 0.45 0.55 0.67
 13   0.79 0.88 0.92 0.90 0.83 0.75 0.67 0.62 0.60 0.61 0.66 0.73 0.81 0.86 0.87 0.84 0.76 0.67 0.58 0.50 0.46 0.46 0.50 0.57
 14   0.67 0.77 0.86 0.91 0.91 0.87 0.80 0.71 0.64 0.60 0.59 0.61 0.67 0.78 0.85 0.88 0.86 0.80 0.70 0.59 0.49 0.43 0.42 0.46
 15   0.54 0.65 0.78 0.88 0.94 0.95 0.90 0.81 0.70 0.60 0.54 0.53 0.56 0.64 0.76 0.84 0.88 0.88 0.82 0.72 0.60 0.48 0.40 0.38
 16   0.42 0.51 0.64 0.78 0.90 0.97 0.98 0.94 0.83 0.70 0.58 0.50 0.47 0.50 0.60 0.73 0.83 0.89 0.89 0.84 0.74 0.60 0.46 0.37
 17   0.34 0.37 0.47 0.62 0.79 0.93 1.01 1.02 0.96 0.84 0.69 0.55 0.44 0.40 0.43 0.56 0.70 0.82 0.89 0.91 0.87 0.77 0.61 0.46
 18   0.34 0.30 0.33 0.44 0.60 0.79 0.95 1.03 1.05 0.98 0.85 0.68 0.51 0.39 0.34 0.37 0.48 0.62 0.77 0.85 0.87 0.80 0.65 0.49
 19   0.34 0.25 0.23 0.27 0.42 0.62 0.85 1.03 1.11 1.10 1.00 0.82 0.62 0.44 0.32 0.29 0.38 0.53 0.71 0.87 0.96 0.96 0.84 0.66
 20   0.46 0.30 0.19 0.19 0.31 0.50 0.74 0.95 1.11 1.18 1.14 0.98 0.77 0.53 0.33 0.22 0.23 0.35 0.52 0.71 0.89 0.95 0.94 0.88
 21   0.78 0.64 0.43 0.27 0.22 0.25 0.40 0.61 0.83 1.02 1.12 1.13 1.01 0.80 0.57 0.34 0.20 0.19 0.33 0.54 0.75 0.93 0.99 0.95
 22   0.66 0.42 0.25 0.16 0.18 0.31 0.53 0.76 0.97 1.11 1.14 1.05 0.85 0.62 0.40 0.22 0.13 0.15 0.28 0.46 0.67 0.87 1.01 1.04
 23   0.97 0.83 0.64 0.45 0.33 0.28 0.32 0.46 0.66 0.85 1.00 1.07 1.05 0.90 0.67 0.46 0.29 0.19 0.19 0.27 0.45 0.66 0.84 0.95
 24   0.97 0.93 0.79 0.60 0.44 0.34 0.32 0.37 0.51 0.68 0.86 0.98 1.02 0.96 0.80 0.60 0.41 0.27 0.20 0.22 0.33 0.50 0.69 0.86
 25   0.96 0.97 0.91 0.79 0.65 0.51 0.41 0.39 0.45 0.57 0.71 0.85 0.95 0.98 0.93 0.80 0.61 0.44 0.33 0.29 0.33 0.42 0.56 0.71
 26   0.84 0.91 0.91 0.86 0.77 0.67 0.57 0.50 0.47 0.50 0.59 0.72 0.83 0.89 0.90 0.85 0.75 0.62 0.50 0.42 0.40 0.42 0.51 0.63
 27   0.75 0.85 0.91 0.93 0.90 0.83 0.73 0.63 0.55 0.52 0.55 0.62 0.70 0.77 0.81 0.83 0.82 0.76 0.61 0.50 0.44 0.42 0.42 0.45
 28   0.52 0.62 0.73 0.82 0.88 0.88 0.83 0.75 0.66 0.58 0.53 0.52 0.54 0.59 0.65 0.70 0.73 0.73 0.70 0.64 0.57 0.51 0.47 0.46
 29   0.47 0.51 0.60 0.74 0.85 0.92 0.93 0.89 0.80 0.70 0.59 0.50 0.45 0.46 0.52 0.61 0.70 0.78 0.81 0.79 0.72 0.62 0.51 0.41
 30   0.37 0.38 0.46 0.58 0.72 0.83 0.90 0.91 0.86 0.76 0.64 0.51 0.40 0.36 0.37 0.46 0.57 0.67 0.74 0.76 0.74 0.66 0.55 0.42
 31   0.29 0.25 0.28 0.39 0.55 0.71 0.85 0.92 0.92 0.85 0.71 0.56 0.41 0.32 0.30 0.35 0.45 0.59 0.71 0.78 0.79 0.74 0.62 0.47
 ----------------------------------------------------------------------------------------------------------------------------
                                                                                              
 ----------------------------------------------------------------------------------------------------------------------------
 ----------------------------------------------------------------------------------------------------------------------------
                                                          SURVEY OF INDIA
                                                    MARINE GEODESY WING (G&RB)
                                                     HOURLY HEIGHTS IN METRES
  NAME OF PORT:- CUDDALORE                                                                          MONTH SEPT      YEAR 2020
 ----------------------------------------------------------------------------------------------------------------------------
 DAYS 0000 0001 0002 0003 0004 0005 0006 0007 0008 0009 0010 0011 0012 0013 0014 0015 0016 0017 0018 0019 0020 0021 0022 0023
 ----------------------------------------------------------------------------------------------------------------------------
  1   0.34 0.25 0.23 0.32 0.47 0.64 0.82 0.94 0.99 0.96 0.86 0.72 0.55 0.41 0.36 0.38 0.45 0.56 0.68 0.79 0.86 0.86 0.76 0.61
  2   0.47 0.35 0.28 0.29 0.39 0.57 0.78 0.95 1.04 1.05 0.97 0.80 0.60 0.44 0.35 0.32 0.37 0.50 0.68 0.82 0.90 0.91 0.86 0.74
  3   0.54 0.36 0.25 0.23 0.30 0.45 0.64 0.83 0.99 1.06 1.02 0.89 0.70 0.52 0.40 0.36 0.39 0.48 0.63 0.79 0.90 0.95 0.93 0.83
  4   0.65 0.49 0.38 0.32 0.33 0.42 0.58 0.75 0.90 1.00 1.02 0.94 0.80 0.63 0.48 0.40 0.40 0.46 0.59 0.75 0.91 0.99 1.00 0.94
  5   0.81 0.63 0.49 0.40 0.37 0.42 0.55 0.71 0.86 0.97 1.02 0.99 0.86 0.71 0.56 0.44 0.40 0.43 0.54 0.70 0.88 1.02 1.07 1.05
  6   0.95 0.76 0.60 0.47 0.42 0.43 0.51 0.67 0.84 0.97 1.04 1.04 0.95 0.78 0.62 0.49 0.41 0.41 0.48 0.65 0.83 0.97 1.02 1.02
  7   0.97 0.87 0.69 0.53 0.43 0.40 0.44 0.56 0.71 0.86 0.97 1.01 0.98 0.85 0.66 0.50 0.39 0.36 0.40 0.50 0.63 0.78 0.93 1.00
  8   1.00 0.94 0.84 0.70 0.56 0.50 0.50 0.54 0.62 0.72 0.83 0.90 0.92 0.88 0.78 0.64 0.49 0.39 0.37 0.44 0.56 0.70 0.86 0.95
  9   0.98 0.93 0.77 0.59 0.48 0.44 0.48 0.57 0.68 0.81 0.92 0.99 0.99 0.91 0.76 0.62 0.51 0.44 0.42 0.45 0.52 0.61 0.72 0.84
 10
 11
 12
 13
 14
 15   0.50 0.38 0.33 0.39 0.56 0.74 0.90 0.96 0.93 0.84 0.68 0.52 0.40 0.38 0.43 0.55 0.72 0.92 1.08 1.16 1.15 1.05 0.90 0.70
 16   0.50 0.44 0.44 0.53 0.66 0.79 0.84 0.83 0.76 0.66 0.55 0.46 0.42 0.44 0.52 0.64 0.77 0.89 0.98 1.04 1.07 1.05 0.96 0.80
 17   0.60 0.44 0.35 0.36 0.48 0.68 0.90 1.10 1.22 1.26 1.17 0.99 0.76 0.56 0.38 0.27 0.25 0.37 0.60 0.85 1.08 1.20 1.16 1.02
 18   0.80 0.58 0.42 0.35 0.38 0.56 0.78 1.02 1.22 1.30 1.27 1.12 0.90 0.66 0.42 0.30 0.36 0.54 0.74 0.95 1.13 1.23 1.24 1.16
 19   0.98 0.76 0.55 0.40 0.36 0.40 0.60 0.86 1.10 1.26 1.32 1.25 1.00 0.73 0.47 0.30 0.27 0.35 0.54 0.80 1.04 1.20 1.28 1.23
 20   1.05 0.83 0.62 0.47 0.40 0.45 0.60 0.81 1.05 1.20 1.27 1.22 1.06 0.80 0.57 0.37 0.24 0.25 0.39 0.60 0.84 1.04 1.17 1.20
 21   1.12 0.95 0.73 0.52 0.37 0.34 0.40 0.59 0.79 0.96 1.07 1.11 1.05 0.88 0.65 0.45 0.30 0.25 0.31 0.45 0.67 0.89 1.07 1.17
 22   1.15 1.04 0.86 0.65 0.48 0.39 0.40 0.50 0.65 0.80 0.94 1.03 1.04 0.95 0.80 0.62 0.45 0.33 0.30 0.36 0.50 0.67 0.85 0.99
 23   1.04 1.02 0.91 0.75 0.59 0.46 0.39 0.39 0.47 0.58 0.70 0.82 0.89 0.89 0.82 0.70 0.56 0.44 0.37 0.35 0.41 0.53 0.67 0.80
 24   0.90 0.94 0.91 0.83 0.71 0.59 0.50 0.44 0.43 0.47 0.55 0.65 0.73 0.77 0.77 0.73 0.66 0.57 0.47 0.40 0.38 0.41 0.49 0.60
 25   0.70 0.77 0.81 0.82 0.79 0.73 0.64 0.54 0.44 0.40 0.42 0.48 0.55 0.61 0.65 0.67 0.67 0.64 0.58 0.49 0.40 0.34 0.32 0.35
 26   0.44 0.57 0.67 0.74 0.78 0.78 0.74 0.66 0.55 0.45 0.37 0.34 0.37 0.44 0.52 0.59 0.64 0.66 0.64 0.58 0.50 0.42 0.35 0.32
 27   0.33 0.38 0.47 0.61 0.77 0.88 0.93 0.92 0.86 0.75 0.61 0.46 0.36 0.33 0.39 0.50 0.61 0.69 0.73 0.73 0.68 0.59 0.48 0.40
 28
 29
 30
 ----------------------------------------------------------------------------------------------------------------------------
                                                                                              
 ----------------------------------------------------------------------------------------------------------------------------
 ----------------------------------------------------------------------------------------------------------------------------
                                                          SURVEY OF INDIA
                                                    MARINE GEODESY WING (G&RB)
                                                     HOURLY HEIGHTS IN METRES
  NAME OF PORT:- CUDDALORE                                                                          MONTH OCTOBER   YEAR 2020
 ----------------------------------------------------------------------------------------------------------------------------
 DAYS 0000 0001 0002 0003 0004 0005 0006 0007 0008 0009 0010 0011 0012 0013 0014 0015 0016 0017 0018 0019 0020 0021 0022 0023
 ----------------------------------------------------------------------------------------------------------------------------
  1
  2
  3
  4
  5
  6   1.03 0.89 0.72 0.57 0.48 0.47 0.56 0.70 0.85 0.97 1.04 1.03 0.91 0.75 0.59 0.46 0.37 0.34 0.43 0.61 0.79 0.96 1.06 1.09
  7   1.05 0.93 0.76 0.62 0.51 0.45 0.49 0.59 0.73 0.85 0.93 0.96 0.91 0.79 0.65 0.51 0.41 0.37 0.38 0.47 0.63 0.80 0.95 1.03
  8   1.04 0.97 0.81 0.68 0.58 0.51 0.48 0.51 0.59 0.71 0.81 0.87 0.88 0.83 0.72 0.60 0.51 0.45 0.43 0.47 0.56 0.67 0.80 0.92
  9   1.00 1.01 0.93 0.81 0.70 0.61 0.55 0.52 0.53 0.60 0.72 0.81 0.85 0.83 0.76 0.65 0.55 0.47 0.42 0.42 0.47 0.56 0.68 0.78
 10   0.86 0.89 0.88 0.83 0.75 0.67 0.59 0.53 0.51 0.52 0.56 0.62 0.69 0.77 0.83 0.84 0.79 0.68 0.58 0.52 0.50 0.53 0.60 0.71
 11   0.82 0.92 0.97 0.97 0.93 0.85 0.75 0.65 0.57 0.53 0.53 0.57 0.65 0.75 0.84 0.91 0.93 0.89 0.80 0.70 0.62 0.58 0.59 0.64
 12   0.74 0.86 0.97 1.04 1.07 1.04 0.95 0.83 0.71 0.61 0.55 0.54 0.58 0.68 0.80 0.91 1.01 1.05 1.01 0.92 0.81 0.72 0.67 0.66
 13   0.69 0.77 0.90 1.03 1.12 1.16 1.13 1.05 0.92 0.77 0.65 0.57 0.54 0.58 0.71 0.87 0.99 1.07 1.09 1.04 0.93 0.80 0.67 0.58
 14   0.56 0.61 0.74 0.91 1.06 1.17 1.23 1.19 1.08 0.91 0.73 0.57 0.48 0.47 0.57 0.73 0.90 1.03 1.12 1.16 1.12 0.98 0.80 0.62
 15   0.51 0.48 0.57 0.75 0.97 1.16 1.26 1.26 1.18 1.03 0.81 0.59 0.44 0.39 0.44 0.59 0.82 1.05 1.24 1.35 1.35 1.25 1.05 0.84
 16   0.63 0.53 0.53 0.64 0.83 1.07 1.26 1.36 1.35 1.24 1.04 0.82 0.58 0.40 0.37 0.44 0.63 0.86 1.11 1.33 1.42 1.41 1.25 0.99
 17   0.77 0.58 0.49 0.51 0.66 0.90 1.13 1.31 1.40 1.39 1.27 1.01 0.75 0.54 0.41 0.40 0.54 0.77 1.03 1.28 1.46 1.53 1.48 1.29
 18   1.04 0.80 0.64 0.56 0.59 0.77 1.03 1.24 1.40 1.48 1.43 1.25 1.00 0.75 0.56 0.47 0.48 0.64 0.89 1.17 1.42 1.57 1.59 1.47
 19
 20
 21
 22
 23
 24
 25   0.61 0.70 0.83 0.95 1.00 0.96 0.85 0.73 0.62 0.53 0.47 0.45 0.47 0.54 0.67 0.79 0.86 0.85 0.80 0.73 0.66 0.60 0.55 0.53
 26   0.55 0.64 0.77 0.91 1.03 1.08 1.04 0.93 0.81 0.70 0.60 0.53 0.50 0.51 0.59 0.73 0.88 0.97 0.99 0.94 0.85 0.75 0.67 0.61
 27   0.58 0.61 0.69 0.82 0.96 1.06 1.05 0.95 0.81 0.68 0.58 0.54 0.59 0.70 0.84 0.99 1.10 1.15 1.11 1.00 0.85 0.71 0.61 0.57
 28   0.60 0.69 0.82 0.97 1.09 1.15 1.13 1.01 0.85 0.69 0.56 0.49 0.48 0.57 0.75 0.94 1.07 1.13 1.16 1.16 1.12 1.01 0.85 0.69
 29   0.58 0.53 0.55 0.63 0.77 0.95 1.10 1.17 1.16 1.05 0.88 0.69 0.53 0.47 0.48 0.57 0.71 0.90 1.10 1.20 1.21 1.15 1.00 0.80
 30   0.65 0.55 0.52 0.58 0.73 0.90 1.06 1.17 1.19 1.12 0.95 0.77 0.60 0.47 0.44 0.50 0.67 0.85 1.04 1.17 1.23 1.20 1.07 0.88
 31
 ----------------------------------------------------------------------------------------------------------------------------
                                                                                              
 ----------------------------------------------------------------------------------------------------------------------------
 ----------------------------------------------------------------------------------------------------------------------------
                                                          SURVEY OF INDIA
                                                    MARINE GEODESY WING (G&RB)
                                                     HOURLY HEIGHTS IN METRES
  NAME OF PORT:- CUDDALORE                                                                          MONTH NOVEMBER  YEAR 2020
 ----------------------------------------------------------------------------------------------------------------------------
 DAYS 0000 0001 0002 0003 0004 0005 0006 0007 0008 0009 0010 0011 0012 0013 0014 0015 0016 0017 0018 0019 0020 0021 0022 0023
 ----------------------------------------------------------------------------------------------------------------------------
  1
  2
  3
  4   1.00 0.86 0.72 0.59 0.51 0.50 0.57 0.70 0.83 0.94 1.01 1.00 0.91 0.77 0.64 0.53 0.45 0.43 0.55 0.72 0.89 1.05 1.16 1.20
  5   1.15 1.02 0.87 0.72 0.58 0.50 0.51 0.60 0.73 0.87 0.97 1.02 0.99 0.88 0.73 0.55 0.38 0.30 0.33 0.48 0.81 0.99 1.10 1.16
  6   1.16 1.08 0.96 0.82 0.69 0.58 0.53 0.56 0.65 0.76 0.88 0.97 1.00 0.95 0.86 0.75 0.64 0.57 0.55 0.62 0.75 0.89 1.03 1.13
  7   1.15 1.10 1.01 0.90 0.77 0.65 0.57 0.55 0.59 0.68 0.79 0.90 0.98 1.01 0.95 0.86 0.75 0.65 0.57 0.54 0.62 0.74 0.87 1.00
  8
  9
 10
 11
 12   0.93 1.01 1.15 1.30 1.41 1.47 1.45 1.35 1.19 1.01 0.83 0.72 0.69 0.74 0.88 1.10 1.32 1.47 1.55 1.51 1.38 1.21 1.03 0.90
 13   0.84 0.87 0.98 1.14 1.32 1.48 1.55 1.52 1.38 1.16 0.93 0.75 0.63 0.59 0.68 0.88 1.13 1.37 1.54 1.58 1.51 1.34 1.14 0.93
 14   0.79 0.74 0.78 0.94 1.14 1.31 1.46 1.53 1.48 1.33 1.10 0.86 0.71 0.65 0.67 0.82 1.07 1.33 1.56 1.71 1.75 1.66 1.48 1.26
 15   1.03 0.87 0.85 0.94 1.11 1.31 1.49 1.60 1.61 1.54 1.36 1.10 0.86 0.71 0.66 0.71 0.89 1.16 1.41 1.61 1.73 1.73 1.60 1.37
 16   1.11 0.91 0.79 0.77 0.88 1.07 1.29 1.47 1.57 1.56 1.44 1.25 1.00 0.76 0.58 0.54 0.64 0.85 1.13 1.39 1.58 1.66 1.58 1.38
 17   1.17 0.98 0.81 0.72 0.72 0.82 1.01 1.22 1.38 1.44 1.38 1.24 1.04 0.83 0.67 0.58 0.59 0.72 0.95 1.21 1.42 1.55 1.59 1.52
 18   1.32 1.12 0.94 0.80 0.72 0.74 0.85 1.01 1.17 1.30 1.34 1.28 1.11 0.92 0.75 0.65 0.65 0.72 0.86 1.07 1.29 1.48 1.58 1.60
 19   1.50 1.33 1.14 0.96 0.82 0.74 0.76 0.87 1.04 1.19 1.29 1.30 1.24 1.11 0.96 0.83 0.75 0.72 0.77 0.90 1.10 1.30 1.47 1.56
 20
 21
 22
 23
 24
 25
 26
 27
 28   0.90 0.87 0.89 0.94 1.03 1.12 1.19 1.22 1.19 1.11 0.98 0.82 0.70 0.65 0.68 0.77 0.91 1.08 1.26 1.41 1.47 1.41 1.27 1.10
 29   0.94 0.83 0.78 0.79 0.85 0.97 1.10 1.21 1.26 1.22 1.09 0.93 0.77 0.66 0.63 0.68 0.80 0.96 1.13 1.28 1.37 1.39 1.30 1.12
 30
 ----------------------------------------------------------------------------------------------------------------------------
                                                                                              
 ----------------------------------------------------------------------------------------------------------------------------
 ----------------------------------------------------------------------------------------------------------------------------
                                                          SURVEY OF INDIA
                                                    MARINE GEODESY WING (G&RB)
                                                     HOURLY HEIGHTS IN METRES
  NAME OF PORT:- CUDDALORE                                                                          MONTH DECEMBER  YEAR 2020
 ----------------------------------------------------------------------------------------------------------------------------
 DAYS 0000 0001 0002 0003 0004 0005 0006 0007 0008 0009 0010 0011 0012 0013 0014 0015 0016 0017 0018 0019 0020 0021 0022 0023
 ----------------------------------------------------------------------------------------------------------------------------
  1
  2
  3
  4
  5
  6
  7
  8
  9
 10
 11
 12   0.73 0.75 0.86 0.99 1.12 1.22 1.25 1.17 1.03 0.86 0.68 0.55 0.49 0.51 0.65 0.83 1.05 1.23 1.36 1.39 1.31 1.15 0.98 0.79
 13
 14
 15
 16
 17   1.32 1.14 0.96 0.80 0.69 0.66 0.75 0.89 1.05 1.19 1.27 1.26 1.17 1.01 0.84 0.72 0.67 0.69 0.77 0.92 1.11 1.31 1.46 1.53
 18   1.48 1.35 1.18 1.01 0.86 0.77 0.74 0.80 0.92 1.07 1.20 1.27 1.25 1.15 1.02 0.88 0.74 0.66 0.68 0.80 0.97 1.16 1.33 1.40
 19   1.37 1.27 1.12 0.95 0.81 0.69 0.63 0.65 0.75 0.90 1.02 1.09 1.10 1.03 0.93 0.82 0.72 0.66 0.65 0.70 0.82 0.99 1.14 1.25
 20   1.31 1.28 1.17 1.03 0.88 0.75 0.66 0.62 0.65 0.76 0.89 0.99 1.05 1.05 1.01 0.93 0.83 0.75 0.71 0.71 0.76 0.85 0.96 1.08
 21   1.18 1.22 1.19 1.11 0.98 0.85 0.72 0.63 0.61 0.64 0.71 0.81 0.89 0.95 0.98 0.97 0.92 0.86 0.81 0.80 0.82 0.88 0.97 1.09
 22   1.18 1.23 1.24 1.19 1.10 1.00 0.89 0.78 0.70 0.68 0.73 0.83 0.93 1.02 1.07 1.09 1.08 1.04 0.98 0.91 0.85 0.83 0.85 0.91
 23   1.01 1.10 1.15 1.15 1.11 1.03 0.94 0.85 0.77 0.71 0.69 0.72 0.80 0.91 0.99 1.04 1.07 1.07 1.02 0.95 0.88 0.82 0.80 0.82
 24   0.88 0.95 1.00 1.03 1.03 1.00 0.94 0.86 0.78 0.71 0.67 0.67 0.72 0.81 0.91 1.01 1.09 1.13 1.14 1.10 1.02 0.93 0.83 0.74
 25   0.72 0.80 0.90 0.99 1.04 1.05 1.03 0.97 0.88 0.78 0.68 0.61 0.60 0.66 0.80 1.01 1.13 1.18 1.19 1.16 1.10 1.00 0.89 0.79
 26   0.75 0.77 0.85 0.95 1.03 1.07 1.07 1.02 0.94 0.84 0.74 0.66 0.64 0.70 0.81 0.95 1.09 1.20 1.25 1.24 1.18 1.08 0.96 0.85
 27   0.78 0.76 0.79 0.88 0.98 1.07 1.11 1.09 1.02 0.91 0.78 0.68 0.63 0.63 0.70 0.82 0.98 1.16 1.28 1.33 1.30 1.21 1.09 0.93
 28   0.80 0.74 0.74 0.80 0.90 1.01 1.09 1.12 1.09 0.99 0.84 0.71 0.61 0.56 0.59 0.69 0.86 1.03 1.17 1.27 1.32 1.27 1.14 0.97
 29   0.81 0.70 0.65 0.67 0.77 0.90 1.01 1.08 1.09 1.02 0.90 0.75 0.59 0.52 0.55 0.66 0.83 1.02 1.21 1.38 1.46 1.45 1.33 1.16
 30   0.98 0.84 0.74 0.71 0.76 0.89 1.03 1.13 1.18 1.17 1.08 0.92 0.76 0.64 0.57 0.58 0.71 0.90 1.10 1.27 1.39 1.43 1.37 1.23
 31   1.04 0.87 0.75 0.68 0.68 0.78 0.92 1.07 1.19 1.24 1.19 1.07 0.89 0.73 0.62 0.58 0.63 0.77 0.96 1.14 1.29 1.39 1.42 1.30
 ----------------------------------------------------------------------------------------------------------------------------
                                                                                              
 ----------------------------------------------------------------------------------------------------------------------------
 ----------------------------------------------------------------------------------------------------------------------------
