                                                          SURVEY OF INDIA
                                                    MARINE GEODESY WING (G&RB)
                                                     HOURLY HEIGHTS IN METRES
  NAME OF PORT:- CUDDALORE                                                                          MONTH JANUARY   YEAR 2015
 ----------------------------------------------------------------------------------------------------------------------------
 DAYS 0000 0001 0002 0003 0004 0005 0006 0007 0008 0009 0010 0011 0012 0013 0014 0015 0016 0017 0018 0019 0020 0021 0022 0023
 ----------------------------------------------------------------------------------------------------------------------------
  1
  2
  3
  4
  5
  6
  7
  8
  9
 10
 11
 12
 13
 14
 15   0.76 0.81 0.83 0.82 0.77 0.69 0.59 0.49 0.44 0.43 0.45 0.50 0.59 0.69 0.78 0.86 0.89 0.88 0.83 0.76 0.69 0.64 0.60 0.60
 16   0.64 0.71 0.78 0.83 0.85 0.83 0.76 0.67 0.57 0.49 0.45 0.45 0.50 0.62 0.73 0.84 0.93 0.97 0.95 0.87 0.78 0.68 0.59 0.56
 17   0.58 0.64 0.72 0.79 0.84 0.86 0.83 0.75 0.66 0.55 0.42 0.35 0.37 0.47 0.59 0.72 0.86 0.96 1.01 1.01 0.95 0.82 0.69 0.57
 18   0.50 0.54 0.61 0.68 0.76 0.83 0.86 0.84 0.74 0.62 0.49 0.37 0.33 0.35 0.43 0.57 0.75 0.91 1.01 1.07 1.06 0.95 0.77 0.61
 19   0.49 0.43 0.45 0.53 0.65 0.79 0.91 0.95 0.90 0.77 0.60 0.44 0.33 0.26 0.27 0.40 0.60 0.80 1.00 1.14 1.17 1.10 0.95 0.74
 20   0.53 0.43 0.37 0.39 0.52 0.67 0.83 0.96 1.00 0.94 0.79 0.59 0.40 0.28 0.23 0.28 0.46 0.67 0.89 1.07 1.18 1.19 1.07 0.89
 21   0.63 0.45 0.31 0.28 0.34 0.48 0.68 0.86 1.02 1.05 0.98 0.80 0.57 0.38 0.27 0.26 0.33 0.49 0.70 0.96 1.15 1.23 1.19 1.04
 22   0.80 0.60 0.39 0.23 0.23 0.37 0.56 0.77 0.94 1.06 1.05 0.95 0.77 0.54 0.34 0.26 0.27 0.39 0.60 0.83 1.05 1.20 1.26 1.20
 23   0.98 0.78 0.56 0.36 0.27 0.30 0.42 0.59 0.79 0.96 1.06 1.05 0.90 0.69 0.50 0.37 0.31 0.35 0.50 0.71 0.94 1.10 1.20 1.23
 24   1.09 0.90 0.70 0.49 0.33 0.30 0.37 0.51 0.71 0.87 1.01 1.05 0.99 0.87 0.69 0.53 0.41 0.38 0.43 0.59 0.75 0.92 1.08 1.16
 25   1.12 0.99 0.80 0.61 0.43 0.34 0.34 0.40 0.52 0.70 0.85 0.97 1.00 0.94 0.83 0.67 0.55 0.44 0.41 0.48 0.63 0.79 0.95 1.04
 26   1.07 1.03 0.91 0.76 0.58 0.42 0.32 0.33 0.45 0.59 0.74 0.85 0.91 0.93 0.90 0.82 0.69 0.57 0.48 0.48 0.55 0.65 0.75 0.84
 27   0.92 0.95 0.93 0.82 0.66 0.53 0.42 0.35 0.38 0.48 0.60 0.71 0.81 0.89 0.92 0.90 0.82 0.70 0.60 0.53 0.52 0.56 0.64 0.72
 28   0.79 0.85 0.90 0.89 0.80 0.68 0.58 0.48 0.43 0.45 0.51 0.58 0.66 0.75 0.82 0.86 0.86 0.82 0.75 0.66 0.57 0.54 0.56 0.60
 29   0.64 0.68 0.72 0.74 0.73 0.68 0.60 0.51 0.43 0.38 0.39 0.44 0.50 0.56 0.64 0.73 0.79 0.80 0.78 0.73 0.66 0.59 0.55 0.55
 30   0.59 0.61 0.65 0.71 0.75 0.75 0.69 0.61 0.53 0.44 0.38 0.37 0.42 0.49 0.57 0.66 0.76 0.83 0.85 0.82 0.76 0.67 0.58 0.50
 31   0.49 0.51 0.55 0.60 0.66 0.71 0.71 0.65 0.56 0.47 0.37 0.30 0.29 0.35 0.45 0.55 0.66 0.78 0.85 0.86 0.83 0.75 0.65 0.52
 ----------------------------------------------------------------------------------------------------------------------------
                                                                                               
 ----------------------------------------------------------------------------------------------------------------------------
 ----------------------------------------------------------------------------------------------------------------------------
                                                          SURVEY OF INDIA
                                                    MARINE GEODESY WING (G&RB)
                                                     HOURLY HEIGHTS IN METRES
  NAME OF PORT:- CUDDALORE                                                                          MONTH FEBRUARY  YEAR 2015
 ----------------------------------------------------------------------------------------------------------------------------
 DAYS 0000 0001 0002 0003 0004 0005 0006 0007 0008 0009 0010 0011 0012 0013 0014 0015 0016 0017 0018 0019 0020 0021 0022 0023
 ----------------------------------------------------------------------------------------------------------------------------
  1   0.43 0.43 0.46 0.51 0.57 0.64 0.71 0.73 0.69 0.60 0.49 0.39 0.30 0.28 0.31 0.40 0.54 0.69 0.83 0.89 0.89 0.83 0.72 0.57
  2   0.42 0.35 0.34 0.37 0.45 0.55 0.65 0.72 0.73 0.69 0.59 0.46 0.33 0.26 0.27 0.35 0.47 0.61 0.76 0.90 0.95 0.93 0.83 0.69
  3   0.50 0.37 0.33 0.36 0.43 0.53 0.62 0.71 0.76 0.74 0.65 0.50 0.36 0.26 0.22 0.26 0.39 0.54 0.70 0.85 0.93 0.94 0.88 0.75
  4   0.59 0.43 0.32 0.30 0.35 0.47 0.59 0.70 0.79 0.83 0.78 0.63 0.49 0.36 0.29 0.29 0.36 0.51 0.69 0.84 0.97 1.03 0.99 0.86
  5   0.71 0.54 0.39 0.32 0.34 0.43 0.58 0.72 0.85 0.91 0.88 0.78 0.63 0.46 0.34 0.28 0.30 0.42 0.61 0.77 0.93 1.03 1.05 0.95
  6   0.77 0.61 0.43 0.30 0.28 0.36 0.48 0.64 0.76 0.87 0.91 0.85 0.71 0.55 0.39 0.30 0.30 0.40 0.55 0.75 0.92 1.03 1.04 0.96
  7   0.85 0.69 0.49 0.35 0.29 0.33 0.43 0.57 0.74 0.88 0.93 0.90 0.81 0.65 0.49 0.36 0.31 0.35 0.49 0.65 0.83 0.95 1.00 0.98
  8   0.89 0.73 0.56 0.40 0.30 0.27 0.33 0.46 0.63 0.76 0.86 0.87 0.82 0.71 0.55 0.43 0.34 0.33 0.41 0.54 0.70 0.88 0.95 0.96
  9   0.91 0.82 0.66 0.51 0.39 0.31 0.32 0.41 0.56 0.69 0.80 0.86 0.85 0.75 0.64 0.53 0.43 0.39 0.41 0.52 0.64 0.76 0.87 0.91
 10   0.89 0.80 0.65 0.52 0.39 0.29 0.27 0.34 0.49 0.61 0.72 0.81 0.85 0.83 0.74 0.64 0.54 0.45 0.41 0.45 0.55 0.67 0.77 0.83
 11   0.87 0.84 0.75 0.63 0.51 0.41 0.33 0.33 0.39 0.48 0.60 0.70 0.78 0.83 0.83 0.78 0.68 0.53 0.41 0.40 0.47 0.56 0.67 0.78
 12   0.85 0.86 0.80 0.71 0.61 0.50 0.40 0.33 0.33 0.39 0.48 0.60 0.72 0.83 0.86 0.82 0.73 0.61 0.52 0.47 0.46 0.49 0.56 0.62
 13   0.73 0.85 0.86 0.78 0.68 0.58 0.48 0.38 0.30 0.30 0.35 0.44 0.55 0.65 0.73 0.79 0.81 0.77 0.69 0.61 0.53 0.50 0.51 0.55
 14   0.61 0.66 0.70 0.72 0.71 0.67 0.58 0.49 0.39 0.33 0.32 0.34 0.42 0.53 0.63 0.72 0.78 0.79 0.76 0.69 0.62 0.55 0.49 0.47
 15   0.49 0.53 0.58 0.64 0.69 0.71 0.68 0.59 0.49 0.40 0.31 0.27 0.28 0.34 0.47 0.62 0.76 0.83 0.85 0.83 0.75 0.65 0.53 0.43
 16   0.36 0.35 0.43 0.53 0.64 0.73 0.76 0.72 0.62 0.50 0.35 0.18 0.14 0.17 0.27 0.43 0.62 0.81 0.91 0.92 0.85 0.73 0.57 0.41
 17   0.23 0.19 0.23 0.34 0.49 0.65 0.77 0.81 0.75 0.63 0.45 0.27 0.17 0.13 0.17 0.29 0.49 0.71 0.90 0.99 0.99 0.89 0.71 0.50
 18   0.30 0.20 0.17 0.20 0.34 0.53 0.73 0.85 0.87 0.79 0.61 0.39 0.18 0.07 0.04 0.13 0.35 0.57 0.81 0.97 1.04 1.01 0.85 0.62
 19   0.35 0.17 0.05 0.06 0.21 0.45 0.67 0.85 0.93 0.91 0.77 0.55 0.32 0.17 0.07 0.05 0.17 0.39 0.63 0.87 1.03 1.08 0.99 0.79
 20   0.53 0.30 0.13 0.06 0.09 0.26 0.49 0.69 0.87 0.95 0.91 0.75 0.54 0.30 0.13 0.06 0.08 0.24 0.45 0.70 0.91 1.03 1.05 0.91
 21   0.67 0.45 0.23 0.05 0.01 0.09 0.27 0.51 0.71 0.86 0.93 0.88 0.74 0.54 0.34 0.20 0.15 0.18 0.33 0.52 0.72 0.92 1.01 1.00
 22   0.85 0.66 0.43 0.25 0.12 0.10 0.17 0.37 0.57 0.75 0.88 0.93 0.87 0.71 0.53 0.37 0.24 0.20 0.25 0.38 0.57 0.76 0.91 0.96
 23   0.93 0.77 0.59 0.39 0.23 0.14 0.13 0.25 0.43 0.61 0.77 0.87 0.89 0.81 0.65 0.51 0.36 0.27 0.26 0.33 0.46 0.62 0.75 0.84
 24   0.87 0.79 0.65 0.50 0.33 0.23 0.19 0.21 0.33 0.49 0.65 0.77 0.84 0.85 0.77 0.65 0.51 0.40 0.33 0.31 0.35 0.46 0.59 0.71
 25   0.79 0.79 0.71 0.59 0.41 0.29 0.22 0.20 0.23 0.32 0.47 0.58 0.68 0.75 0.76 0.71 0.62 0.51 0.41 0.35 0.35 0.39 0.47 0.55
 26   0.64 0.71 0.71 0.65 0.55 0.45 0.35 0.27 0.23 0.25 0.34 0.45 0.55 0.65 0.72 0.74 0.71 0.65 0.58 0.51 0.45 0.40 0.41 0.47
 27   0.53 0.59 0.63 0.65 0.62 0.55 0.46 0.38 0.32 0.28 0.27 0.32 0.43 0.53 0.61 0.68 0.71 0.69 0.64 0.59 0.53 0.48 0.43 0.41
 28   0.43 0.48 0.54 0.59 0.61 0.58 0.53 0.47 0.40 0.34 0.28 0.27 0.31 0.39 0.47 0.57 0.66 0.70 0.69 0.65 0.59 0.50 0.40 0.34
 ----------------------------------------------------------------------------------------------------------------------------
                                                                                               
 ----------------------------------------------------------------------------------------------------------------------------
 ----------------------------------------------------------------------------------------------------------------------------
                                                          SURVEY OF INDIA
                                                    MARINE GEODESY WING (G&RB)
                                                     HOURLY HEIGHTS IN METRES
  NAME OF PORT:- CUDDALORE                                                                          MONTH MARCH     YEAR 2015
 ----------------------------------------------------------------------------------------------------------------------------
 DAYS 0000 0001 0002 0003 0004 0005 0006 0007 0008 0009 0010 0011 0012 0013 0014 0015 0016 0017 0018 0019 0020 0021 0022 0023
 ----------------------------------------------------------------------------------------------------------------------------
  1   0.33 0.34 0.39 0.46 0.54 0.59 0.60 0.57 0.51 0.44 0.36 0.29 0.26 0.31 0.41 0.51 0.61 0.73 0.77 0.76 0.69 0.59 0.48 0.36
  2   0.29 0.28 0.31 0.39 0.48 0.56 0.61 0.62 0.59 0.51 0.40 0.30 0.19 0.18 0.24 0.35 0.49 0.63 0.75 0.81 0.79 0.71 0.60 0.45
  3   0.30 0.25 0.24 0.30 0.41 0.51 0.61 0.66 0.65 0.59 0.49 0.36 0.19 0.15 0.19 0.29 0.43 0.57 0.71 0.81 0.83 0.78 0.68 0.53
  4   0.35 0.23 0.19 0.24 0.34 0.47 0.59 0.69 0.72 0.67 0.55 0.41 0.29 0.19 0.15 0.23 0.38 0.53 0.67 0.80 0.87 0.85 0.72 0.57
  5   0.37 0.25 0.17 0.19 0.31 0.43 0.57 0.69 0.77 0.77 0.67 0.51 0.33 0.19 0.15 0.18 0.28 0.43 0.59 0.72 0.83 0.84 0.78 0.63
  6   0.45 0.29 0.18 0.16 0.24 0.39 0.53 0.67 0.77 0.81 0.75 0.61 0.45 0.30 0.19 0.15 0.23 0.37 0.53 0.67 0.79 0.86 0.83 0.73
  7   0.52 0.32 0.19 0.11 0.13 0.25 0.41 0.57 0.71 0.79 0.79 0.70 0.55 0.39 0.25 0.17 0.19 0.29 0.48 0.65 0.77 0.84 0.85 0.80
  8   0.62 0.40 0.20 0.11 0.10 0.20 0.34 0.47 0.62 0.74 0.80 0.76 0.63 0.48 0.33 0.22 0.20 0.26 0.45 0.60 0.74 0.81 0.83 0.78
  9   0.70 0.48 0.30 0.17 0.10 0.14 0.27 0.41 0.58 0.69 0.78 0.80 0.73 0.57 0.41 0.27 0.20 0.21 0.31 0.46 0.63 0.76 0.82 0.81
 10   0.71 0.57 0.39 0.25 0.15 0.14 0.23 0.35 0.52 0.67 0.77 0.81 0.79 0.69 0.55 0.39 0.28 0.23 0.25 0.34 0.47 0.63 0.75 0.83
 11   0.79 0.66 0.51 0.37 0.23 0.15 0.17 0.27 0.38 0.52 0.71 0.83 0.85 0.77 0.63 0.51 0.37 0.30 0.31 0.39 0.49 0.61 0.71 0.79
 12   0.80 0.72 0.59 0.47 0.32 0.21 0.17 0.21 0.35 0.49 0.61 0.71 0.77 0.78 0.71 0.61 0.49 0.38 0.32 0.33 0.41 0.51 0.59 0.67
 13   0.72 0.71 0.63 0.54 0.42 0.29 0.21 0.21 0.27 0.37 0.51 0.63 0.73 0.79 0.80 0.76 0.65 0.53 0.44 0.39 0.39 0.44 0.51 0.60
 14   0.67 0.69 0.67 0.60 0.49 0.39 0.29 0.21 0.22 0.29 0.37 0.46 0.56 0.65 0.71 0.73 0.69 0.61 0.53 0.44 0.40 0.39 0.41 0.43
 15   0.50 0.56 0.62 0.64 0.61 0.53 0.43 0.36 0.31 0.29 0.31 0.38 0.46 0.56 0.65 0.73 0.77 0.77 0.71 0.63 0.54 0.45 0.40 0.39
 16   0.43 0.50 0.57 0.64 0.68 0.67 0.59 0.49 0.41 0.33 0.28 0.27 0.30 0.39 0.50 0.61 0.73 0.83 0.83 0.75 0.63 0.51 0.41 0.33
 17   0.29 0.31 0.40 0.50 0.59 0.67 0.70 0.67 0.59 0.47 0.35 0.25 0.21 0.25 0.37 0.51 0.65 0.77 0.85 0.86 0.78 0.64 0.47 0.33
 18   0.23 0.19 0.25 0.37 0.53 0.67 0.79 0.81 0.77 0.65 0.48 0.34 0.25 0.23 0.29 0.43 0.59 0.77 0.91 0.95 0.93 0.81 0.63 0.45
 19   0.27 0.17 0.14 0.19 0.32 0.57 0.75 0.86 0.87 0.80 0.67 0.49 0.30 0.20 0.17 0.25 0.42 0.62 0.80 0.93 0.93 0.81 0.63 0.45
 20
 21
 22
 23
 24   0.87 0.70 0.51 0.33 0.19 0.15 0.23 0.39 0.57 0.75 0.89 0.95 0.93 0.81 0.65 0.49 0.35 0.29 0.29 0.39 0.54 0.69 0.81 0.87
 25   0.87 0.79 0.63 0.47 0.33 0.23 0.23 0.31 0.47 0.61 0.76 0.87 0.93 0.90 0.80 0.65 0.51 0.37 0.33 0.35 0.44 0.55 0.64 0.69
 26   0.73 0.73 0.67 0.53 0.41 0.31 0.26 0.29 0.40 0.52 0.63 0.73 0.81 0.83 0.81 0.74 0.64 0.53 0.43 0.40 0.43 0.49 0.55 0.61
 27   0.66 0.68 0.67 0.61 0.50 0.41 0.33 0.29 0.30 0.39 0.50 0.59 0.67 0.73 0.75 0.73 0.67 0.60 0.53 0.47 0.46 0.48 0.51 0.53
 28   0.54 0.59 0.62 0.60 0.55 0.50 0.45 0.42 0.41 0.42 0.45 0.51 0.57 0.63 0.69 0.73 0.73 0.69 0.64 0.59 0.55 0.51 0.48 0.46
 29   0.47 0.51 0.56 0.61 0.62 0.60 0.57 0.53 0.50 0.47 0.45 0.45 0.48 0.55 0.61 0.67 0.73 0.75 0.74 0.67 0.61 0.56 0.51 0.48
 30   0.43 0.44 0.49 0.55 0.62 0.66 0.66 0.63 0.59 0.55 0.51 0.48 0.47 0.49 0.56 0.65 0.72 0.77 0.79 0.77 0.70 0.63 0.55 0.47
 31   0.41 0.40 0.45 0.52 0.60 0.67 0.73 0.74 0.70 0.63 0.54 0.47 0.43 0.43 0.47 0.57 0.67 0.79 0.86 0.87 0.82 0.73 0.61 0.49
 ----------------------------------------------------------------------------------------------------------------------------
                                                                                               
 ----------------------------------------------------------------------------------------------------------------------------
 ----------------------------------------------------------------------------------------------------------------------------
                                                          SURVEY OF INDIA
                                                    MARINE GEODESY WING (G&RB)
                                                     HOURLY HEIGHTS IN METRES
  NAME OF PORT:- CUDDALORE                                                                          MONTH APRIL     YEAR 2015
 ----------------------------------------------------------------------------------------------------------------------------
 DAYS 0000 0001 0002 0003 0004 0005 0006 0007 0008 0009 0010 0011 0012 0013 0014 0015 0016 0017 0018 0019 0020 0021 0022 0023
 ----------------------------------------------------------------------------------------------------------------------------
  1   0.34 0.34 0.36 0.44 0.54 0.64 0.74 0.80 0.80 0.72 0.60 0.50 0.42 0.37 0.40 0.52 0.64 0.76 0.86 0.92 0.90 0.80 0.68 0.54
  2   0.38 0.31 0.32 0.41 0.52 0.66 0.77 0.84 0.86 0.82 0.70 0.58 0.44 0.36 0.34 0.42 0.56 0.68 0.80 0.89 0.90 0.84 0.70 0.56
  3   0.40 0.32 0.28 0.32 0.44 0.58 0.74 0.86 0.92 0.90 0.78 0.62 0.49 0.36 0.34 0.38 0.48 0.60 0.75 0.85 0.90 0.90 0.80 0.64
  4   0.44 0.29 0.24 0.26 0.34 0.50 0.70 0.83 0.92 0.94 0.84 0.70 0.56 0.41 0.34 0.33 0.39 0.50 0.68 0.82 0.90 0.90 0.82 0.70
  5   0.48 0.32 0.20 0.18 0.24 0.40 0.58 0.76 0.91 0.98 0.94 0.81 0.64 0.49 0.34 0.24 0.27 0.40 0.58 0.74 0.86 0.91 0.88 0.76
  6   0.56 0.40 0.26 0.18 0.20 0.30 0.48 0.68 0.84 0.94 0.96 0.86 0.70 0.50 0.36 0.28 0.28 0.36 0.52 0.70 0.84 0.92 0.90 0.80
  7   0.60 0.42 0.28 0.16 0.16 0.26 0.44 0.64 0.81 0.96 0.99 0.91 0.78 0.62 0.46 0.30 0.25 0.30 0.44 0.60 0.74 0.85 0.90 0.84
  8   0.70 0.51 0.36 0.23 0.16 0.20 0.32 0.50 0.68 0.82 0.90 0.90 0.80 0.66 0.52 0.39 0.28 0.28 0.38 0.52 0.66 0.78 0.84 0.82
  9   0.70 0.54 0.40 0.26 0.16 0.17 0.26 0.42 0.60 0.75 0.84 0.88 0.86 0.76 0.62 0.48 0.35 0.30 0.32 0.42 0.54 0.66 0.74 0.77
 10   0.74 0.64 0.54 0.42 0.30 0.24 0.26 0.36 0.50 0.66 0.78 0.87 0.90 0.87 0.78 0.64 0.52 0.40 0.36 0.39 0.48 0.58 0.68 0.74
 11   0.78 0.76 0.68 0.56 0.44 0.32 0.28 0.30 0.38 0.50 0.64 0.74 0.81 0.84 0.82 0.76 0.67 0.56 0.45 0.41 0.42 0.48 0.55 0.62
 12   0.68 0.70 0.68 0.62 0.54 0.46 0.38 0.33 0.34 0.41 0.50 0.61 0.70 0.78 0.84 0.84 0.79 0.70 0.60 0.50 0.42 0.40 0.42 0.48
 13   0.54 0.60 0.66 0.67 0.64 0.58 0.50 0.42 0.36 0.34 0.38 0.46 0.54 0.64 0.74 0.80 0.81 0.76 0.66 0.56 0.44 0.36 0.32 0.33
 14   0.40 0.48 0.57 0.65 0.70 0.72 0.68 0.58 0.48 0.40 0.36 0.38 0.44 0.52 0.64 0.74 0.82 0.86 0.84 0.74 0.60 0.48 0.38 0.32
 15   0.30 0.40 0.49 0.60 0.70 0.80 0.82 0.77 0.68 0.56 0.45 0.38 0.36 0.40 0.52 0.64 0.78 0.89 0.94 0.90 0.76 0.60 0.41 0.29
 16   0.24 0.28 0.38 0.54 0.70 0.81 0.88 0.90 0.84 0.68 0.54 0.40 0.32 0.33 0.42 0.55 0.70 0.88 0.98 1.00 0.91 0.76 0.56 0.40
 17   0.24 0.19 0.28 0.42 0.60 0.78 0.94 1.02 1.00 0.90 0.72 0.53 0.40 0.33 0.35 0.44 0.60 0.80 0.94 1.04 1.04 0.92 0.74 0.50
 18   0.27 0.16 0.14 0.24 0.42 0.62 0.84 1.00 1.06 1.00 0.84 0.66 0.48 0.34 0.26 0.30 0.46 0.64 0.82 0.96 1.06 1.03 0.90 0.68
 19   0.46 0.26 0.16 0.18 0.30 0.50 0.70 0.94 1.08 1.12 1.04 0.88 0.68 0.46 0.32 0.26 0.32 0.50 0.70 0.86 0.98 1.01 0.94 0.78
 20   0.60 0.39 0.23 0.19 0.25 0.40 0.61 0.81 0.98 1.06 1.06 0.96 0.78 0.60 0.41 0.28 0.28 0.40 0.56 0.74 0.90 1.00 1.00 0.90
 21   0.70 0.50 0.32 0.21 0.22 0.32 0.50 0.72 0.92 1.04 1.09 1.05 0.92 0.70 0.52 0.36 0.30 0.31 0.42 0.60 0.76 0.88 0.94 0.93
 22   0.80 0.62 0.44 0.30 0.22 0.24 0.38 0.56 0.76 0.92 1.03 1.05 1.00 0.84 0.66 0.48 0.37 0.34 0.36 0.44 0.56 0.68 0.80 0.89
 23   0.85 0.72 0.58 0.42 0.31 0.26 0.28 0.41 0.57 0.73 0.86 0.94 0.96 0.90 0.77 0.61 0.47 0.37 0.34 0.36 0.44 0.55 0.65 0.74
 24   0.78 0.76 0.66 0.55 0.43 0.34 0.30 0.33 0.44 0.57 0.70 0.80 0.84 0.84 0.80 0.70 0.57 0.46 0.36 0.34 0.37 0.44 0.52 0.60
 25   0.72 0.77 0.72 0.62 0.52 0.43 0.36 0.33 0.36 0.47 0.57 0.67 0.75 0.78 0.76 0.70 0.62 0.52 0.44 0.39 0.37 0.40 0.45 0.51
 26   0.57 0.62 0.63 0.60 0.55 0.49 0.42 0.37 0.37 0.42 0.50 0.57 0.63 0.68 0.71 0.72 0.70 0.64 0.57 0.50 0.44 0.41 0.42 0.46
 27   0.48 0.52 0.56 0.60 0.61 0.58 0.53 0.49 0.46 0.46 0.48 0.52 0.58 0.64 0.70 0.73 0.72 0.68 0.61 0.54 0.46 0.41 0.38 0.38
 28   0.42 0.48 0.54 0.59 0.62 0.62 0.60 0.56 0.52 0.48 0.46 0.47 0.50 0.55 0.62 0.68 0.72 0.72 0.68 0.62 0.56 0.49 0.44 0.40
 29   0.38 0.40 0.48 0.56 0.64 0.69 0.70 0.67 0.61 0.54 0.48 0.44 0.44 0.48 0.54 0.62 0.69 0.74 0.74 0.70 0.63 0.54 0.46 0.38
 30   0.35 0.37 0.43 0.51 0.60 0.68 0.73 0.74 0.71 0.64 0.56 0.48 0.42 0.42 0.47 0.54 0.62 0.70 0.76 0.76 0.70 0.60 0.50 0.38
 ----------------------------------------------------------------------------------------------------------------------------
                                                                                               
 ----------------------------------------------------------------------------------------------------------------------------
 ----------------------------------------------------------------------------------------------------------------------------
                                                          SURVEY OF INDIA
                                                    MARINE GEODESY WING (G&RB)
                                                     HOURLY HEIGHTS IN METRES
  NAME OF PORT:- CUDDALORE                                                                          MONTH MAY       YEAR 2015
 ----------------------------------------------------------------------------------------------------------------------------
 DAYS 0000 0001 0002 0003 0004 0005 0006 0007 0008 0009 0010 0011 0012 0013 0014 0015 0016 0017 0018 0019 0020 0021 0022 0023
 ----------------------------------------------------------------------------------------------------------------------------
  1   0.30 0.27 0.30 0.41 0.54 0.65 0.74 0.79 0.78 0.72 0.60 0.48 0.38 0.36 0.40 0.48 0.58 0.69 0.77 0.79 0.74 0.65 0.52 0.38
  2   0.26 0.22 0.27 0.37 0.50 0.66 0.81 0.89 0.90 0.84 0.72 0.57 0.43 0.33 0.34 0.42 0.51 0.62 0.71 0.79 0.80 0.71 0.57 0.44
  3
  4
  5
  6
  7   0.70 0.51 0.34 0.22 0.15 0.18 0.36 0.55 0.73 0.88 1.00 1.00 0.92 0.76 0.59 0.44 0.34 0.31 0.36 0.49 0.63 0.77 0.86 0.88
  8   0.80 0.63 0.46 0.32 0.21 0.18 0.25 0.40 0.59 0.78 0.92 0.98 0.97 0.88 0.74 0.57 0.43 0.34 0.35 0.43 0.55 0.68 0.79 0.86
  9   0.80 0.63 0.46 0.32 0.21 0.18 0.25 0.40 0.59 0.78 0.92 0.98 0.97 0.88 0.74 0.57 0.43 0.34 0.35 0.43 0.55 0.68 0.79 0.86
 10   0.86 0.80 0.71 0.60 0.47 0.36 0.32 0.34 0.41 0.55 0.68 0.84 0.94 0.98 0.95 0.85 0.70 0.55 0.44 0.38 0.38 0.44 0.54 0.66
 11   0.73 0.77 0.77 0.71 0.62 0.50 0.41 0.35 0.34 0.41 0.54 0.67 0.80 0.89 0.93 0.89 0.79 0.64 0.50 0.39 0.33 0.35 0.41 0.50
 12   0.62 0.71 0.76 0.76 0.72 0.64 0.54 0.46 0.41 0.42 0.48 0.58 0.70 0.82 0.89 0.92 0.89 0.79 0.66 0.50 0.38 0.34 0.34 0.37
 13   0.47 0.57 0.68 0.76 0.80 0.78 0.70 0.60 0.50 0.42 0.40 0.44 0.55 0.67 0.78 0.88 0.93 0.91 0.83 0.69 0.54 0.42 0.35 0.33
 14   0.36 0.47 0.60 0.72 0.82 0.87 0.87 0.79 0.67 0.56 0.46 0.40 0.42 0.50 0.63 0.76 0.87 0.94 0.93 0.84 0.68 0.53 0.40 0.29
 15   0.29 0.32 0.46 0.63 0.78 0.90 0.97 0.97 0.89 0.77 0.60 0.46 0.38 0.41 0.54 0.67 0.81 0.93 1.00 0.97 0.86 0.70 0.52 0.36
 16   0.25 0.26 0.37 0.53 0.70 0.87 0.99 1.03 0.99 0.87 0.70 0.56 0.42 0.35 0.37 0.52 0.67 0.81 0.92 0.98 0.94 0.82 0.63 0.46
 17   0.27 0.22 0.26 0.37 0.56 0.74 0.92 1.04 1.08 1.01 0.86 0.68 0.52 0.41 0.37 0.42 0.55 0.71 0.85 0.94 0.96 0.89 0.75 0.57
 18   0.34 0.20 0.19 0.26 0.42 0.61 0.82 0.99 1.10 1.11 1.00 0.82 0.57 0.40 0.29 0.26 0.34 0.49 0.65 0.82 0.91 0.93 0.85 0.69
 19   0.48 0.30 0.19 0.18 0.29 0.45 0.64 0.85 1.02 1.08 1.04 0.90 0.73 0.55 0.37 0.27 0.25 0.32 0.47 0.63 0.79 0.88 0.89 0.78
 20   0.60 0.42 0.28 0.19 0.18 0.30 0.47 0.67 0.86 0.98 1.03 0.99 0.87 0.66 0.49 0.33 0.24 0.27 0.38 0.52 0.67 0.78 0.83 0.80
 21   0.67 0.49 0.34 0.23 0.17 0.20 0.35 0.51 0.71 0.85 0.95 0.97 0.89 0.75 0.58 0.42 0.30 0.23 0.26 0.37 0.50 0.62 0.72 0.76
 22   0.70 0.56 0.43 0.32 0.23 0.19 0.24 0.36 0.50 0.66 0.82 0.88 0.81 0.67 0.51 0.38 0.30 0.28 0.31 0.41 0.53 0.63 0.68 0.68
 23   0.62 0.52 0.40 0.30 0.26 0.27 0.34 0.45 0.58 0.72 0.84 0.87 0.82 0.70 0.57 0.46 0.36 0.30 0.30 0.36 0.45 0.55 0.64 0.68
 24   0.66 0.58 0.50 0.43 0.36 0.32 0.33 0.39 0.50 0.62 0.72 0.80 0.82 0.77 0.68 0.59 0.50 0.42 0.36 0.35 0.40 0.46 0.53 0.60
 25   0.62 0.61 0.56 0.49 0.43 0.38 0.36 0.37 0.43 0.52 0.63 0.71 0.75 0.74 0.70 0.64 0.58 0.52 0.45 0.38 0.34 0.35 0.39 0.45
 26   0.52 0.59 0.63 0.62 0.58 0.52 0.47 0.43 0.42 0.44 0.49 0.56 0.64 0.71 0.74 0.74 0.69 0.62 0.55 0.48 0.42 0.39 0.38 0.41
 27   0.46 0.54 0.60 0.64 0.65 0.63 0.59 0.54 0.49 0.45 0.44 0.47 0.54 0.61 0.68 0.71 0.71 0.68 0.62 0.52 0.42 0.32 0.26 0.28
 28   0.35 0.43 0.51 0.59 0.64 0.66 0.64 0.59 0.53 0.47 0.43 0.44 0.49 0.55 0.61 0.66 0.70 0.71 0.68 0.59 0.50 0.40 0.33 0.28
 29   0.30 0.36 0.46 0.55 0.63 0.70 0.72 0.70 0.64 0.55 0.47 0.41 0.40 0.44 0.51 0.59 0.66 0.71 0.73 0.70 0.62 0.51 0.41 0.30
 30   0.24 0.27 0.36 0.48 0.62 0.79 0.87 0.86 0.78 0.67 0.58 0.48 0.41 0.39 0.43 0.53 0.63 0.71 0.76 0.75 0.68 0.59 0.47 0.36
 31   0.24 0.23 0.31 0.44 0.58 0.73 0.89 0.97 0.96 0.86 0.74 0.62 0.52 0.45 0.43 0.48 0.58 0.70 0.82 0.86 0.80 0.69 0.56 0.42
 ----------------------------------------------------------------------------------------------------------------------------
                                                                                               
 ----------------------------------------------------------------------------------------------------------------------------
 ----------------------------------------------------------------------------------------------------------------------------
                                                          SURVEY OF INDIA
                                                    MARINE GEODESY WING (G&RB)
                                                     HOURLY HEIGHTS IN METRES
  NAME OF PORT:- CUDDALORE                                                                          MONTH JUNE      YEAR 2015
 ----------------------------------------------------------------------------------------------------------------------------
 DAYS 0000 0001 0002 0003 0004 0005 0006 0007 0008 0009 0010 0011 0012 0013 0014 0015 0016 0017 0018 0019 0020 0021 0022 0023
 ----------------------------------------------------------------------------------------------------------------------------
  1   0.31 0.25 0.25 0.32 0.48 0.64 0.78 0.90 0.95 0.92 0.80 0.64 0.47 0.37 0.34 0.38 0.48 0.60 0.72 0.81 0.83 0.78 0.67 0.54
  2   0.38 0.29 0.27 0.33 0.46 0.65 0.82 0.94 0.99 0.97 0.88 0.72 0.58 0.43 0.39 0.43 0.57 0.70 0.80 0.88 0.91 0.88 0.78 0.65
  3   0.50 0.35 0.23 0.23 0.35 0.53 0.70 0.89 0.99 1.03 0.98 0.85 0.69 0.54 0.41 0.36 0.40 0.53 0.66 0.79 0.89 0.89 0.83 0.70
  4   0.50 0.34 0.22 0.18 0.23 0.39 0.59 0.75 0.95 1.06 1.07 0.99 0.82 0.64 0.48 0.38 0.35 0.43 0.56 0.70 0.81 0.90 0.90 0.83
  5   0.66 0.48 0.34 0.22 0.21 0.29 0.46 0.65 0.83 0.97 1.04 1.00 0.87 0.69 0.51 0.36 0.28 0.31 0.42 0.56 0.70 0.79 0.84 0.84
  6   0.73 0.56 0.40 0.28 0.22 0.27 0.42 0.61 0.79 0.96 1.06 1.06 1.00 0.86 0.70 0.52 0.36 0.29 0.34 0.46 0.59 0.71 0.81 0.85
  7   0.80 0.69 0.53 0.40 0.30 0.26 0.32 0.46 0.63 0.80 0.93 1.01 1.02 0.93 0.79 0.62 0.46 0.34 0.30 0.35 0.45 0.59 0.72 0.81
  8   0.85 0.77 0.67 0.56 0.43 0.32 0.27 0.32 0.45 0.60 0.76 0.89 0.97 0.95 0.86 0.71 0.56 0.39 0.30 0.30 0.35 0.43 0.53 0.65
  9   0.73 0.77 0.75 0.65 0.53 0.41 0.33 0.30 0.35 0.46 0.60 0.75 0.86 0.92 0.93 0.85 0.71 0.57 0.42 0.33 0.30 0.33 0.40 0.52
 10   0.65 0.72 0.78 0.79 0.72 0.63 0.52 0.44 0.39 0.40 0.48 0.61 0.74 0.84 0.92 0.93 0.85 0.72 0.58 0.44 0.35 0.31 0.34 0.42
 11   0.54 0.64 0.74 0.80 0.80 0.74 0.64 0.54 0.45 0.39 0.39 0.47 0.58 0.69 0.78 0.84 0.86 0.81 0.69 0.57 0.43 0.33 0.28 0.29
 12   0.39 0.48 0.62 0.73 0.82 0.85 0.81 0.73 0.62 0.50 0.41 0.39 0.43 0.51 0.60 0.69 0.76 0.78 0.75 0.67 0.54 0.38 0.27 0.23
 13   0.25 0.33 0.45 0.59 0.73 0.83 0.87 0.83 0.73 0.59 0.46 0.35 0.32 0.35 0.43 0.55 0.65 0.77 0.81 0.80 0.66 0.53 0.37 0.26
 14   0.18 0.20 0.30 0.44 0.59 0.73 0.83 0.88 0.88 0.77 0.61 0.47 0.37 0.34 0.38 0.49 0.61 0.75 0.87 0.89 0.79 0.64 0.47 0.34
 15   0.26 0.23 0.26 0.41 0.56 0.68 0.80 0.91 0.97 0.93 0.81 0.63 0.48 0.39 0.38 0.43 0.54 0.67 0.84 0.92 0.90 0.82 0.69 0.53
 16   0.39 0.28 0.27 0.34 0.49 0.69 0.87 1.03 1.11 1.09 0.99 0.84 0.65 0.49 0.41 0.40 0.48 0.60 0.74 0.86 0.91 0.89 0.79 0.64
 17   0.48 0.34 0.25 0.26 0.39 0.57 0.77 0.93 1.04 1.08 1.03 0.89 0.70 0.52 0.37 0.30 0.35 0.47 0.62 0.75 0.85 0.89 0.85 0.74
 18   0.56 0.41 0.31 0.27 0.33 0.50 0.68 0.87 1.00 1.08 1.07 0.99 0.84 0.66 0.49 0.37 0.32 0.39 0.52 0.64 0.74 0.83 0.86 0.79
 19   0.64 0.49 0.37 0.30 0.30 0.38 0.55 0.75 0.90 1.01 1.07 1.05 0.93 0.77 0.58 0.44 0.35 0.36 0.48 0.62 0.75 0.82 0.85 0.81
 20   0.73 0.60 0.47 0.36 0.31 0.34 0.45 0.62 0.79 0.93 1.01 1.02 0.95 0.81 0.65 0.51 0.39 0.34 0.35 0.47 0.65 0.79 0.87 0.87
 21   0.78 0.66 0.52 0.41 0.34 0.31 0.35 0.49 0.66 0.81 0.93 0.99 0.96 0.87 0.74 0.59 0.47 0.38 0.34 0.39 0.53 0.70 0.82 0.87
 22   0.81 0.71 0.60 0.49 0.39 0.31 0.32 0.39 0.51 0.65 0.79 0.90 0.92 0.87 0.78 0.66 0.53 0.36 0.29 0.29 0.37 0.49 0.61 0.73
 23   0.76 0.72 0.63 0.54 0.46 0.38 0.35 0.36 0.44 0.55 0.69 0.80 0.88 0.89 0.80 0.69 0.57 0.47 0.39 0.34 0.34 0.40 0.49 0.60
 24   0.71 0.72 0.69 0.63 0.55 0.48 0.41 0.37 0.38 0.44 0.53 0.64 0.79 0.84 0.82 0.74 0.63 0.52 0.43 0.35 0.31 0.31 0.35 0.45
 25   0.58 0.66 0.70 0.70 0.65 0.58 0.52 0.46 0.41 0.39 0.41 0.51 0.61 0.70 0.77 0.77 0.69 0.59 0.49 0.41 0.35 0.31 0.29 0.30
 26   0.39 0.53 0.62 0.67 0.67 0.64 0.59 0.53 0.47 0.43 0.42 0.45 0.51 0.59 0.66 0.69 0.68 0.61 0.51 0.42 0.33 0.24 0.19 0.20
 27   0.27 0.39 0.51 0.61 0.69 0.71 0.69 0.62 0.54 0.45 0.37 0.33 0.36 0.44 0.53 0.61 0.67 0.67 0.61 0.52 0.41 0.32 0.25 0.19
 28   0.20 0.29 0.40 0.53 0.65 0.71 0.71 0.68 0.61 0.53 0.45 0.38 0.33 0.33 0.39 0.48 0.57 0.63 0.64 0.59 0.48 0.38 0.28 0.19
 29   0.15 0.17 0.25 0.38 0.56 0.68 0.75 0.77 0.71 0.60 0.48 0.38 0.30 0.28 0.33 0.41 0.51 0.61 0.67 0.67 0.58 0.46 0.30 0.18
 30   0.08 0.09 0.16 0.26 0.44 0.60 0.71 0.78 0.78 0.69 0.57 0.43 0.32 0.24 0.23 0.30 0.42 0.57 0.66 0.68 0.64 0.53 0.38 0.21
 ----------------------------------------------------------------------------------------------------------------------------
                                                                                               
 ----------------------------------------------------------------------------------------------------------------------------
 ----------------------------------------------------------------------------------------------------------------------------
                                                          SURVEY OF INDIA
                                                    MARINE GEODESY WING (G&RB)
                                                     HOURLY HEIGHTS IN METRES
  NAME OF PORT:- CUDDALORE                                                                          MONTH JULY      YEAR 2015
 ----------------------------------------------------------------------------------------------------------------------------
 DAYS 0000 0001 0002 0003 0004 0005 0006 0007 0008 0009 0010 0011 0012 0013 0014 0015 0016 0017 0018 0019 0020 0021 0022 0023
 ----------------------------------------------------------------------------------------------------------------------------
  1   0.06 0.01 0.04 0.15 0.30 0.49 0.67 0.79 0.82 0.76 0.64 0.48 0.31 0.21 0.18 0.20 0.29 0.45 0.58 0.67 0.68 0.58 0.43 0.27
  2   0.34 0.09 0.03 0.09 0.24 0.40 0.58 0.74 0.83 0.82 0.69 0.52 0.38 0.24 0.16 0.16 0.24 0.36 0.52 0.66 0.76 0.76 0.65 0.48
  3   0.30 0.16 0.04 0.04 0.16 0.32 0.46 0.64 0.80 0.85 0.79 0.64 0.48 0.32 0.21 0.16 0.18 0.30 0.43 0.60 0.74 0.80 0.79 0.58
  4   0.35 0.27 0.18 0.14 0.15 0.26 0.45 0.62 0.85 0.94 0.94 0.69 0.44 0.25 0.15 0.13 0.16 0.23 0.34 0.51 0.68 0.82 0.88 0.84
  5   0.70 0.50 0.33 0.20 0.14 0.16 0.33 0.53 0.73 0.91 1.05 1.07 0.98 0.81 0.58 0.38 0.22 0.16 0.22 0.37 0.54 0.70 0.83 0.89
  6   0.85 0.68 0.50 0.33 0.22 0.18 0.24 0.38 0.57 0.75 0.92 1.03 1.00 0.86 0.65 0.44 0.26 0.15 0.13 0.22 0.36 0.53 0.66 0.79
  7   0.83 0.74 0.58 0.44 0.29 0.19 0.18 0.28 0.44 0.60 0.76 0.90 0.98 0.97 0.85 0.65 0.44 0.29 0.20 0.19 0.29 0.41 0.56 0.68
  8   0.78 0.80 0.74 0.60 0.46 0.35 0.28 0.27 0.33 0.46 0.60 0.74 0.89 0.94 0.92 0.78 0.62 0.46 0.31 0.23 0.23 0.30 0.40 0.52
  9   0.64 0.77 0.82 0.79 0.68 0.55 0.45 0.37 0.34 0.37 0.47 0.58 0.71 0.82 0.87 0.85 0.74 0.58 0.43 0.30 0.24 0.22 0.26 0.35
 10   0.45 0.58 0.69 0.75 0.75 0.68 0.58 0.49 0.41 0.36 0.36 0.43 0.53 0.62 0.72 0.77 0.77 0.70 0.58 0.45 0.33 0.24 0.22 0.26
 11   0.33 0.43 0.57 0.69 0.74 0.73 0.67 0.59 0.49 0.41 0.36 0.36 0.41 0.48 0.56 0.64 0.69 0.70 0.66 0.54 0.40 0.28 0.20 0.18
 12   0.20 0.29 0.41 0.54 0.67 0.76 0.78 0.75 0.65 0.53 0.40 0.32 0.30 0.33 0.42 0.51 0.59 0.67 0.71 0.68 0.59 0.43 0.27 0.16
 13   0.13 0.20 0.32 0.46 0.60 0.74 0.85 0.86 0.81 0.70 0.55 0.42 0.33 0.31 0.36 0.45 0.57 0.67 0.75 0.75 0.67 0.55 0.40 0.24
 14   0.12 0.12 0.19 0.32 0.49 0.67 0.82 0.90 0.88 0.79 0.65 0.49 0.33 0.26 0.25 0.31 0.43 0.57 0.70 0.77 0.76 0.65 0.51 0.35
 15   0.17 0.09 0.12 0.23 0.39 0.58 0.74 0.88 0.92 0.87 0.76 0.60 0.43 0.28 0.19 0.20 0.33 0.46 0.60 0.73 0.80 0.77 0.64 0.48
 16   0.29 0.15 0.10 0.13 0.29 0.45 0.63 0.79 0.91 0.95 0.90 0.75 0.57 0.39 0.27 0.23 0.26 0.36 0.51 0.64 0.74 0.76 0.69 0.55
 17   0.34 0.15 0.03 0.01 0.11 0.26 0.45 0.64 0.80 0.90 0.90 0.80 0.60 0.40 0.22 0.10 0.10 0.18 0.31 0.44 0.58 0.65 0.65 0.56
 18   0.47 0.24 0.13 0.07 0.07 0.17 0.32 0.52 0.74 0.85 0.89 0.84 0.70 0.47 0.28 0.14 0.10 0.12 0.22 0.38 0.56 0.65 0.68 0.66
 19   0.58 0.42 0.22 0.11 0.07 0.12 0.28 0.46 0.68 0.81 0.88 0.88 0.78 0.61 0.40 0.24 0.16 0.17 0.26 0.38 0.50 0.63 0.68 0.63
 20   0.62 0.54 0.37 0.26 0.20 0.18 0.23 0.40 0.60 0.78 0.86 0.88 0.84 0.70 0.53 0.36 0.24 0.20 0.24 0.34 0.47 0.58 0.68 0.72
 21   0.70 0.62 0.49 0.36 0.26 0.23 0.28 0.39 0.54 0.69 0.80 0.86 0.85 0.76 0.59 0.44 0.32 0.23 0.22 0.26 0.34 0.45 0.56 0.63
 22   0.66 0.63 0.55 0.43 0.33 0.26 0.24 0.30 0.42 0.54 0.65 0.74 0.78 0.76 0.66 0.52 0.38 0.27 0.21 0.21 0.26 0.37 0.48 0.58
 23   0.65 0.67 0.64 0.55 0.44 0.35 0.30 0.31 0.37 0.45 0.55 0.66 0.74 0.76 0.72 0.62 0.52 0.40 0.30 0.24 0.22 0.26 0.34 0.45
 24   0.56 0.64 0.68 0.65 0.56 0.47 0.40 0.36 0.36 0.40 0.47 0.58 0.66 0.70 0.70 0.65 0.56 0.43 0.32 0.26 0.24 0.25 0.30 0.38
 25   0.47 0.56 0.63 0.66 0.64 0.57 0.50 0.44 0.39 0.39 0.43 0.49 0.56 0.63 0.68 0.68 0.63 0.54 0.46 0.38 0.30 0.24 0.24 0.32
 26   0.40 0.50 0.60 0.67 0.69 0.68 0.62 0.55 0.48 0.42 0.40 0.41 0.46 0.53 0.59 0.64 0.66 0.63 0.55 0.45 0.36 0.28 0.23 0.23
 27   0.27 0.38 0.51 0.62 0.70 0.73 0.72 0.66 0.56 0.48 0.41 0.37 0.38 0.43 0.50 0.60 0.66 0.67 0.63 0.55 0.44 0.31 0.22 0.16
 28   0.16 0.27 0.40 0.53 0.65 0.73 0.77 0.76 0.68 0.58 0.48 0.39 0.34 0.36 0.46 0.55 0.64 0.70 0.72 0.70 0.60 0.47 0.34 0.23
 29   0.15 0.17 0.27 0.39 0.55 0.68 0.79 0.83 0.80 0.70 0.56 0.42 0.28 0.23 0.25 0.37 0.50 0.63 0.73 0.76 0.70 0.58 0.42 0.27
 30   0.15 0.11 0.15 0.28 0.46 0.63 0.80 0.91 0.90 0.81 0.68 0.51 0.35 0.24 0.21 0.27 0.38 0.52 0.66 0.77 0.79 0.71 0.57 0.38
 31   0.20 0.08 0.07 0.13 0.28 0.47 0.66 0.83 0.93 0.93 0.81 0.64 0.45 0.28 0.18 0.16 0.24 0.38 0.54 0.67 0.78 0.80 0.70 0.51
 ----------------------------------------------------------------------------------------------------------------------------
                                                                                               
 ----------------------------------------------------------------------------------------------------------------------------
 ----------------------------------------------------------------------------------------------------------------------------
                                                          SURVEY OF INDIA
                                                    MARINE GEODESY WING (G&RB)
                                                     HOURLY HEIGHTS IN METRES
  NAME OF PORT:- CUDDALORE                                                                          MONTH AUGUST    YEAR 2015
 ----------------------------------------------------------------------------------------------------------------------------
 DAYS 0000 0001 0002 0003 0004 0005 0006 0007 0008 0009 0010 0011 0012 0013 0014 0015 0016 0017 0018 0019 0020 0021 0022 0023
 ----------------------------------------------------------------------------------------------------------------------------
  1   0.32 0.15 0.06 0.07 0.18 0.37 0.58 0.77 0.90 0.96 0.94 0.80 0.60 0.40 0.20 0.10 0.12 0.24 0.39 0.56 0.73 0.86 0.85 0.74
  2   0.54 0.29 0.13 0.04 0.05 0.17 0.36 0.57 0.78 0.92 0.96 0.91 0.71 0.49 0.29 0.12 0.07 0.11 0.29 0.47 0.68 0.83 0.90 0.87
  3   0.72 0.50 0.30 0.16 0.10 0.14 0.28 0.47 0.68 0.86 0.98 1.00 0.89 0.69 0.47 0.29 0.15 0.10 0.17 0.32 0.51 0.68 0.80 0.85
  4   0.80 0.66 0.49 0.33 0.19 0.13 0.18 0.33 0.58 0.77 0.92 0.98 0.93 0.77 0.57 0.38 0.20 0.11 0.11 0.22 0.37 0.56 0.71 0.80
  5   0.82 0.73 0.57 0.40 0.27 0.17 0.16 0.27 0.44 0.62 0.76 0.87 0.90 0.84 0.72 0.54 0.36 0.22 0.14 0.16 0.27 0.42 0.57 0.71
  6   0.80 0.80 0.74 0.60 0.44 0.32 0.24 0.24 0.33 0.45 0.59 0.71 0.80 0.81 0.76 0.64 0.50 0.35 0.23 0.21 0.27 0.37 0.48 0.61
  7   0.75 0.82 0.83 0.76 0.62 0.48 0.38 0.32 0.33 0.41 0.50 0.60 0.70 0.80 0.82 0.78 0.65 0.51 0.40 0.31 0.27 0.29 0.38 0.48
  8   0.60 0.74 0.84 0.85 0.79 0.69 0.59 0.49 0.40 0.38 0.41 0.49 0.60 0.73 0.81 0.82 0.76 0.66 0.54 0.43 0.34 0.28 0.30 0.38
  9   0.46 0.62 0.74 0.82 0.83 0.79 0.71 0.61 0.52 0.45 0.41 0.41 0.46 0.54 0.63 0.71 0.76 0.75 0.67 0.54 0.44 0.35 0.30 0.30
 10   0.35 0.47 0.63 0.79 0.88 0.90 0.86 0.77 0.65 0.55 0.45 0.38 0.36 0.41 0.53 0.64 0.73 0.77 0.76 0.69 0.59 0.46 0.36 0.27
 11   0.26 0.31 0.45 0.60 0.75 0.86 0.92 0.90 0.80 0.68 0.54 0.42 0.34 0.34 0.42 0.53 0.64 0.74 0.80 0.79 0.71 0.60 0.46 0.34
 12   0.24 0.24 0.32 0.48 0.66 0.80 0.88 0.90 0.86 0.75 0.60 0.46 0.31 0.22 0.22 0.29 0.42 0.56 0.68 0.74 0.72 0.64 0.53 0.38
 13   0.22 0.16 0.17 0.26 0.42 0.60 0.75 0.86 0.90 0.85 0.72 0.58 0.42 0.29 0.24 0.26 0.37 0.50 0.64 0.76 0.80 0.77 0.68 0.56
 14   0.38 0.24 0.20 0.22 0.33 0.48 0.65 0.80 0.91 0.91 0.84 0.70 0.55 0.40 0.29 0.26 0.33 0.45 0.58 0.69 0.78 0.81 0.75 0.62
 15   0.46 0.32 0.22 0.19 0.28 0.43 0.58 0.72 0.84 0.90 0.88 0.76 0.61 0.45 0.31 0.24 0.25 0.34 0.46 0.60 0.71 0.77 0.77 0.68
 16   0.52 0.38 0.25 0.17 0.19 0.31 0.47 0.63 0.77 0.87 0.88 0.81 0.66 0.48 0.32 0.22 0.20 0.25 0.36 0.52 0.65 0.73 0.75 0.69
 17   0.56 0.39 0.27 0.19 0.18 0.26 0.42 0.58 0.73 0.85 0.90 0.87 0.75 0.57 0.40 0.27 0.20 0.19 0.29 0.43 0.58 0.69 0.75 0.74
 18   0.66 0.50 0.35 0.21 0.15 0.18 0.27 0.43 0.58 0.72 0.80 0.81 0.71 0.55 0.39 0.24 0.13 0.10 0.17 0.30 0.46 0.60 0.70 0.72
 19   0.68 0.56 0.43 0.29 0.19 0.15 0.19 0.33 0.49 0.63 0.74 0.78 0.77 0.69 0.56 0.38 0.25 0.20 0.20 0.24 0.38 0.52 0.66 0.77
 20   0.78 0.70 0.59 0.47 0.33 0.24 0.22 0.25 0.42 0.58 0.74 0.88 0.88 0.78 0.66 0.53 0.40 0.28 0.25 0.28 0.38 0.55 0.70 0.80
 21   0.82 0.79 0.70 0.57 0.44 0.33 0.28 0.30 0.40 0.52 0.64 0.78 0.84 0.82 0.70 0.58 0.45 0.33 0.26 0.24 0.29 0.43 0.60 0.74
 22   0.81 0.82 0.78 0.68 0.57 0.47 0.40 0.36 0.36 0.43 0.57 0.69 0.76 0.78 0.74 0.65 0.53 0.41 0.30 0.24 0.25 0.32 0.43 0.56
 23   0.66 0.73 0.75 0.72 0.65 0.56 0.46 0.37 0.33 0.36 0.47 0.58 0.66 0.70 0.70 0.66 0.59 0.49 0.38 0.29 0.21 0.20 0.26 0.37
 24   0.50 0.59 0.65 0.68 0.68 0.64 0.55 0.45 0.36 0.30 0.31 0.39 0.51 0.59 0.64 0.66 0.64 0.58 0.49 0.40 0.31 0.23 0.22 0.28
 25   0.39 0.53 0.63 0.70 0.75 0.75 0.70 0.61 0.50 0.40 0.32 0.32 0.39 0.47 0.55 0.62 0.67 0.67 0.62 0.53 0.42 0.32 0.23 0.20
 26   0.25 0.39 0.51 0.63 0.72 0.79 0.80 0.74 0.62 0.50 0.38 0.30 0.29 0.33 0.43 0.53 0.62 0.68 0.70 0.66 0.57 0.43 0.31 0.20
 27   0.16 0.24 0.37 0.52 0.66 0.78 0.87 0.88 0.81 0.68 0.52 0.39 0.30 0.28 0.33 0.43 0.57 0.68 0.76 0.79 0.74 0.61 0.45 0.29
 28   0.17 0.16 0.23 0.38 0.55 0.70 0.85 0.93 0.94 0.85 0.69 0.48 0.34 0.23 0.21 0.28 0.41 0.57 0.72 0.83 0.85 0.80 0.68 0.47
 29   0.28 0.14 0.10 0.17 0.33 0.54 0.76 0.93 0.98 0.96 0.83 0.62 0.44 0.24 0.16 0.17 0.28 0.46 0.63 0.79 0.90 0.89 0.78 0.60
 30   0.36 0.18 0.10 0.10 0.21 0.40 0.64 0.83 0.97 1.01 0.94 0.75 0.54 0.32 0.15 0.08 0.13 0.28 0.47 0.66 0.82 0.92 0.89 0.76
 31   0.52 0.32 0.15 0.06 0.07 0.20 0.40 0.66 0.85 0.98 1.00 0.89 0.63 0.40 0.17 0.05 0.04 0.16 0.35 0.56 0.76 0.90 0.94 0.86
 ----------------------------------------------------------------------------------------------------------------------------
                                                                                               
 ----------------------------------------------------------------------------------------------------------------------------
 ----------------------------------------------------------------------------------------------------------------------------
                                                          SURVEY OF INDIA
                                                    MARINE GEODESY WING (G&RB)
                                                     HOURLY HEIGHTS IN METRES
  NAME OF PORT:- CUDDALORE                                                                          MONTH SEPT      YEAR 2015
 ----------------------------------------------------------------------------------------------------------------------------
 DAYS 0000 0001 0002 0003 0004 0005 0006 0007 0008 0009 0010 0011 0012 0013 0014 0015 0016 0017 0018 0019 0020 0021 0022 0023
 ----------------------------------------------------------------------------------------------------------------------------
  1   0.69 0.49 0.32 0.16 0.11 0.17 0.35 0.56 0.77 0.94 1.03 0.99 0.85 0.62 0.39 0.20 0.08 0.10 0.23 0.40 0.59 0.77 0.90 0.92
  2   0.80 0.61 0.42 0.24 0.13 0.10 0.18 0.33 0.54 0.71 0.85 0.89 0.85 0.72 0.51 0.32 0.16 0.09 0.14 0.31 0.49 0.68 0.81 0.88
  3   0.88 0.77 0.58 0.40 0.26 0.18 0.18 0.27 0.44 0.59 0.75 0.84 0.84 0.76 0.62 0.47 0.32 0.19 0.16 0.21 0.35 0.50 0.65 0.78
  4   0.81 0.79 0.71 0.58 0.42 0.28 0.21 0.23 0.32 0.45 0.59 0.69 0.76 0.76 0.69 0.57 0.43 0.29 0.21 0.20 0.26 0.36 0.49 0.62
  5   0.80 0.80 0.72 0.59 0.46 0.31 0.22 0.21 0.30 0.42 0.55 0.64 0.71 0.71 0.65 0.55 0.41 0.29 0.20 0.18 0.22 0.31 0.41 0.50
  6   0.59 0.67 0.74 0.76 0.72 0.60 0.48 0.34 0.24 0.24 0.30 0.42 0.52 0.60 0.66 0.69 0.67 0.60 0.48 0.37 0.26 0.19 0.20 0.32
  7   0.46 0.58 0.67 0.74 0.75 0.70 0.61 0.48 0.39 0.32 0.29 0.30 0.36 0.42 0.49 0.55 0.58 0.57 0.51 0.42 0.33 0.27 0.24 0.25
  8   0.33 0.39 0.49 0.58 0.65 0.68 0.67 0.62 0.54 0.46 0.38 0.33 0.32 0.35 0.41 0.50 0.59 0.65 0.64 0.59 0.51 0.43 0.34 0.27
  9   0.26 0.30 0.38 0.50 0.60 0.68 0.72 0.70 0.63 0.54 0.44 0.33 0.26 0.25 0.30 0.41 0.52 0.60 0.65 0.65 0.60 0.52 0.41 0.29
 10   0.20 0.20 0.28 0.39 0.53 0.66 0.77 0.79 0.76 0.67 0.55 0.45 0.34 0.28 0.28 0.35 0.47 0.59 0.67 0.71 0.70 0.64 0.51 0.36
 11   0.24 0.20 0.24 0.33 0.46 0.60 0.71 0.79 0.80 0.73 0.61 0.48 0.30 0.19 0.18 0.23 0.35 0.52 0.66 0.74 0.76 0.70 0.58 0.44
 12   0.23 0.17 0.19 0.25 0.36 0.53 0.69 0.82 0.86 0.80 0.67 0.53 0.35 0.22 0.15 0.18 0.29 0.45 0.60 0.72 0.78 0.76 0.65 0.50
 13   0.25 0.17 0.14 0.18 0.29 0.47 0.62 0.75 0.84 0.85 0.78 0.63 0.45 0.28 0.18 0.17 0.24 0.40 0.57 0.72 0.82 0.86 0.80 0.66
 14   0.48 0.30 0.18 0.15 0.22 0.38 0.55 0.71 0.82 0.88 0.84 0.70 0.54 0.36 0.24 0.17 0.20 0.32 0.48 0.65 0.77 0.85 0.83 0.74
 15   0.58 0.40 0.25 0.17 0.19 0.31 0.46 0.63 0.78 0.84 0.84 0.78 0.65 0.48 0.32 0.21 0.18 0.24 0.39 0.56 0.70 0.82 0.86 0.82
 16   0.67 0.53 0.38 0.25 0.20 0.24 0.39 0.56 0.71 0.82 0.87 0.83 0.72 0.55 0.38 0.25 0.19 0.20 0.30 0.48 0.65 0.77 0.82 0.82
 17   0.75 0.60 0.46 0.33 0.24 0.23 0.31 0.46 0.63 0.74 0.80 0.81 0.75 0.63 0.49 0.35 0.26 0.23 0.27 0.42 0.59 0.74 0.84 0.85
 18   0.79 0.68 0.53 0.41 0.30 0.24 0.27 0.38 0.52 0.65 0.74 0.78 0.74 0.63 0.51 0.38 0.26 0.20 0.21 0.30 0.43 0.59 0.71 0.78
 19   0.76 0.69 0.60 0.47 0.36 0.28 0.26 0.32 0.44 0.58 0.67 0.73 0.73 0.66 0.57 0.45 0.35 0.24 0.21 0.25 0.34 0.49 0.63 0.73
 20   0.78 0.76 0.69 0.60 0.50 0.41 0.34 0.32 0.38 0.49 0.59 0.66 0.70 0.70 0.64 0.54 0.45 0.36 0.27 0.24 0.28 0.39 0.51 0.61
 21   0.72 0.74 0.72 0.64 0.56 0.48 0.40 0.34 0.33 0.38 0.47 0.57 0.64 0.67 0.66 0.62 0.56 0.47 0.38 0.31 0.29 0.32 0.43 0.53
 22   0.62 0.71 0.77 0.78 0.74 0.66 0.57 0.46 0.39 0.38 0.41 0.47 0.54 0.60 0.66 0.68 0.66 0.60 0.52 0.42 0.35 0.33 0.36 0.44
 23   0.54 0.60 0.67 0.73 0.76 0.74 0.68 0.58 0.47 0.38 0.36 0.39 0.46 0.54 0.61 0.67 0.71 0.70 0.64 0.55 0.45 0.35 0.30 0.30
 24   0.36 0.47 0.57 0.67 0.75 0.79 0.78 0.70 0.58 0.46 0.37 0.33 0.34 0.39 0.47 0.57 0.65 0.70 0.71 0.67 0.56 0.44 0.33 0.26
 25   0.22 0.29 0.41 0.54 0.67 0.77 0.83 0.80 0.69 0.55 0.40 0.28 0.25 0.27 0.35 0.47 0.60 0.72 0.80 0.80 0.70 0.56 0.38 0.24
 26   0.16 0.16 0.28 0.42 0.60 0.82 0.99 1.03 0.97 0.82 0.66 0.50 0.30 0.20 0.22 0.32 0.44 0.60 0.72 0.80 0.80 0.72 0.57 0.35
 27   0.28 0.16 0.16 0.28 0.45 0.62 0.80 0.97 1.03 0.95 0.76 0.52 0.30 0.20 0.18 0.22 0.33 0.44 0.56 0.68 0.77 0.77 0.66 0.50
 28   0.35 0.24 0.18 0.17 0.20 0.30 0.48 0.66 0.82 0.94 0.98 0.88 0.40 0.21 0.14 0.15 0.30 0.50 0.74 0.95 1.06 1.06 0.94 0.74
 29   0.52 0.31 0.19 0.16 0.27 0.47 0.70 0.90 1.05 1.08 0.96 0.77 0.54 0.32 0.15 0.10 0.16 0.34 0.57 0.80 0.98 1.08 1.05 0.90
 30   0.67 0.46 0.28 0.17 0.17 0.25 0.48 0.70 0.88 0.98 0.99 0.86 0.66 0.44 0.26 0.14 0.13 0.29 0.49 0.69 0.91 1.08 1.15 1.07
 ----------------------------------------------------------------------------------------------------------------------------
                                                                                               
 ----------------------------------------------------------------------------------------------------------------------------
 ----------------------------------------------------------------------------------------------------------------------------
                                                          SURVEY OF INDIA
                                                    MARINE GEODESY WING (G&RB)
                                                     HOURLY HEIGHTS IN METRES
  NAME OF PORT:- CUDDALORE                                                                          MONTH OCTOBER   YEAR 2015
 ----------------------------------------------------------------------------------------------------------------------------
 DAYS 0000 0001 0002 0003 0004 0005 0006 0007 0008 0009 0010 0011 0012 0013 0014 0015 0016 0017 0018 0019 0020 0021 0022 0023
 ----------------------------------------------------------------------------------------------------------------------------
  1   0.91 0.69 0.49 0.32 0.23 0.26 0.38 0.53 0.73 0.89 0.99 1.00 0.88 0.70 0.50 0.30 0.20 0.21 0.31 0.50 0.70 0.90 1.02 1.05
  2   0.99 0.85 0.66 0.48 0.35 0.28 0.31 0.45 0.61 0.75 0.88 0.95 0.93 0.82 0.66 0.48 0.33 0.26 0.25 0.35 0.52 0.70 0.87 0.98
  3   1.06 0.98 0.84 0.67 0.52 0.40 0.36 0.39 0.51 0.66 0.78 0.88 0.93 0.90 0.81 0.66 0.52 0.40 0.35 0.38 0.48 0.61 0.74 0.85
  4   0.93 0.98 0.95 0.84 0.69 0.56 0.47 0.44 0.48 0.56 0.64 0.74 0.82 0.86 0.84 0.78 0.68 0.57 0.49 0.44 0.45 0.54 0.65 0.76
  5   0.82 0.93 0.94 0.90 0.83 0.74 0.64 0.54 0.48 0.48 0.54 0.61 0.68 0.74 0.79 0.82 0.80 0.72 0.64 0.55 0.49 0.49 0.54 0.61
  6   0.70 0.79 0.86 0.91 0.91 0.86 0.78 0.67 0.58 0.53 0.52 0.54 0.60 0.66 0.73 0.79 0.81 0.80 0.76 0.69 0.64 0.60 0.57 0.57
  7   0.60 0.69 0.77 0.84 0.90 0.91 0.88 0.80 0.73 0.66 0.60 0.54 0.52 0.55 0.64 0.73 0.80 0.86 0.86 0.82 0.74 0.66 0.60 0.56
  8   0.55 0.58 0.65 0.73 0.81 0.87 0.88 0.85 0.78 0.69 0.60 0.52 0.48 0.49 0.56 0.63 0.71 0.77 0.82 0.82 0.78 0.71 0.62 0.55
  9   0.48 0.48 0.55 0.63 0.74 0.83 0.93 0.94 0.88 0.79 0.69 0.57 0.49 0.46 0.48 0.59 0.71 0.80 0.88 0.91 0.89 0.81 0.69 0.58
 10   0.47 0.44 0.48 0.58 0.70 0.80 0.89 0.93 0.91 0.83 0.70 0.54 0.39 0.32 0.36 0.48 0.66 0.82 0.95 1.02 1.01 0.91 0.80 0.66
 11   0.52 0.37 0.37 0.45 0.58 0.72 0.83 0.93 0.96 0.92 0.78 0.64 0.53 0.41 0.33 0.33 0.46 0.62 0.76 0.89 0.98 0.99 0.92 0.80
 12   0.64 0.44 0.32 0.33 0.45 0.58 0.73 0.86 0.94 0.95 0.86 0.60 0.45 0.35 0.32 0.34 0.42 0.56 0.75 0.90 0.94 0.92 0.82 0.68
 13   0.52 0.37 0.25 0.22 0.31 0.45 0.62 0.79 0.87 0.87 0.78 0.64 0.45 0.25 0.13 0.10 0.17 0.33 0.52 0.70 0.83 0.88 0.86 0.72
 14   0.55 0.37 0.23 0.14 0.15 0.27 0.44 0.60 0.72 0.76 0.71 0.58 0.42 0.23 0.10 0.04 0.09 0.24 0.43 0.62 0.77 0.84 0.84 0.74
 15   0.56 0.38 0.23 0.13 0.13 0.21 0.37 0.53 0.67 0.77 0.77 0.67 0.51 0.33 0.18 0.08 0.08 0.17 0.32 0.50 0.67 0.78 0.84 0.79
 16   0.64 0.47 0.30 0.17 0.12 0.15 0.26 0.42 0.57 0.69 0.74 0.70 0.57 0.41 0.25 0.11 0.06 0.10 0.23 0.38 0.56 0.71 0.79 0.80
 17   0.73 0.57 0.43 0.28 0.19 0.17 0.23 0.38 0.50 0.62 0.69 0.70 0.62 0.50 0.35 0.21 0.13 0.11 0.18 0.33 0.49 0.64 0.75 0.80
 18   0.78 0.66 0.52 0.37 0.26 0.18 0.18 0.26 0.37 0.49 0.59 0.66 0.65 0.56 0.43 0.31 0.22 0.18 0.19 0.27 0.40 0.54 0.67 0.76
 19   0.78 0.73 0.64 0.50 0.39 0.28 0.22 0.24 0.33 0.44 0.55 0.64 0.67 0.64 0.54 0.42 0.31 0.24 0.22 0.25 0.35 0.47 0.59 0.70
 20   0.77 0.78 0.71 0.61 0.49 0.38 0.29 0.26 0.29 0.37 0.47 0.55 0.61 0.63 0.60 0.53 0.43 0.34 0.28 0.25 0.27 0.34 0.45 0.56
 21   0.65 0.70 0.71 0.68 0.60 0.49 0.40 0.33 0.28 0.28 0.34 0.41 0.49 0.56 0.60 0.60 0.55 0.47 0.38 0.30 0.28 0.30 0.36 0.43
 22   0.51 0.60 0.68 0.71 0.70 0.60 0.50 0.40 0.32 0.26 0.26 0.30 0.36 0.43 0.51 0.59 0.62 0.60 0.53 0.45 0.37 0.31 0.30 0.32
 23
 24
 25
 26
 27
 28
 29   0.79 0.58 0.38 0.28 0.30 0.44 0.63 0.81 0.99 1.10 1.07 0.95 0.75 0.54 0.39 0.30 0.30 0.42 0.63 0.86 1.06 1.20 1.24 1.17
 30   1.02 0.80 0.60 0.44 0.38 0.40 0.52 0.71 0.90 1.06 1.10 1.04 0.88 0.71 0.54 0.40 0.34 0.37 0.50 0.67 0.88 1.06 1.15 1.16
 31   1.06 0.92 0.72 0.58 0.48 0.45 0.48 0.58 0.72 0.87 0.98 1.01 0.96 0.82 0.67 0.53 0.44 0.40 0.43 0.57 0.74 0.90 1.04 1.12
 ----------------------------------------------------------------------------------------------------------------------------
                                                                                               
 ----------------------------------------------------------------------------------------------------------------------------
 ----------------------------------------------------------------------------------------------------------------------------
                                                          SURVEY OF INDIA
                                                    MARINE GEODESY WING (G&RB)
                                                     HOURLY HEIGHTS IN METRES
  NAME OF PORT:- CUDDALORE                                                                          MONTH NOVEMBER  YEAR 2015
 ----------------------------------------------------------------------------------------------------------------------------
 DAYS 0000 0001 0002 0003 0004 0005 0006 0007 0008 0009 0010 0011 0012 0013 0014 0015 0016 0017 0018 0019 0020 0021 0022 0023
 ----------------------------------------------------------------------------------------------------------------------------
  1   1.12 1.03 0.90 0.73 0.58 0.48 0.45 0.49 0.58 0.69 0.82 0.91 0.94 0.90 0.77 0.64 0.53 0.46 0.45 0.51 0.61 0.74 0.89 1.00
  2   1.08 1.07 0.98 0.84 0.72 0.59 0.50 0.47 0.51 0.60 0.70 0.80 0.88 0.89 0.83 0.74 0.65 0.56 0.50 0.51 0.59 0.69 0.80 0.91
  3   1.01 1.06 1.04 0.94 0.83 0.72 0.62 0.54 0.53 0.59 0.67 0.75 0.83 0.89 0.89 0.82 0.74 0.66 0.59 0.55 0.56 0.62 0.71 0.79
  4   0.89 0.97 1.00 0.98 0.90 0.79 0.70 0.60 0.55 0.54 0.56 0.62 0.69 0.77 0.82 0.83 0.81 0.77 0.71 0.65 0.61 0.60 0.62 0.69
  5   0.80 0.90 0.96 0.97 0.95 0.89 0.82 0.74 0.66 0.60 0.57 0.59 0.65 0.73 0.81 0.88 0.89 0.86 0.81 0.76 0.70 0.65 0.62 0.64
  6
  7
  8
  9
 10
 11   0.74 0.66 0.64 0.68 0.79 0.94 1.08 1.17 1.20 1.16 1.05 0.88 0.73 0.61 0.56 0.59 0.68 0.86 1.03 1.17 1.25 1.23 1.13 0.98
 12   0.82 0.69 0.60 0.57 0.62 0.76 0.91 1.03 1.10 1.09 1.00 0.83 0.63 0.49 0.41 0.43 0.52 0.67 0.88 1.07 1.20 1.23 1.17 1.04
 13   0.83 0.64 0.52 0.46 0.48 0.60 0.75 0.90 1.02 1.06 1.02 0.90 0.74 0.58 0.46 0.40 0.42 0.56 0.75 0.96 1.12 1.23 1.23 1.14
 14   0.98 0.80 0.63 0.51 0.48 0.55 0.68 0.82 0.95 1.04 1.06 0.98 0.81 0.60 0.45 0.38 0.40 0.52 0.69 0.88 1.05 1.19 1.24 1.20
 15   1.07 0.88 0.68 0.54 0.48 0.52 0.63 0.76 0.91 1.03 1.10 1.09 0.96 0.80 0.64 0.49 0.42 0.46 0.58 0.76 0.96 1.11 1.21 1.25
 16   1.18 1.03 0.84 0.70 0.59 0.54 0.58 0.70 0.85 0.98 1.07 1.09 1.01 0.87 0.70 0.55 0.44 0.42 0.47 0.62 0.79 0.96 1.09 1.16
 17   1.16 1.03 0.86 0.67 0.53 0.45 0.44 0.50 0.61 0.73 0.84 0.91 0.92 0.87 0.76 0.61 0.48 0.40 0.40 0.49 0.64 0.79 0.94 1.07
 18   1.11 1.08 0.97 0.83 0.67 0.56 0.50 0.50 0.57 0.68 0.80 0.90 0.97 0.99 0.95 0.84 0.72 0.62 0.56 0.57 0.63 0.76 0.88 1.00
 19   1.09 1.14 1.10 0.99 0.85 0.70 0.58 0.50 0.48 0.54 0.66 0.80 0.92 0.99 1.01 0.98 0.90 0.80 0.69 0.62 0.60 0.65 0.76 0.88
 20   1.02 1.11 1.14 1.10 1.00 0.88 0.74 0.62 0.54 0.51 0.52 0.60 0.72 0.82 0.90 0.93 0.90 0.83 0.75 0.68 0.62 0.61 0.64 0.73
 21   0.83 0.95 1.03 1.04 1.00 0.92 0.81 0.69 0.57 0.47 0.43 0.46 0.57 0.69 0.82 0.93 0.98 0.96 0.89 0.80 0.70 0.62 0.58 0.59
 22   0.67 0.77 0.87 0.96 1.00 0.99 0.93 0.84 0.72 0.60 0.49 0.45 0.48 0.57 0.73 0.86 0.99 1.07 1.08 1.04 0.92 0.77 0.67 0.61
 23   0.59 0.65 0.76 0.86 0.96 1.03 1.04 0.98 0.86 0.70 0.56 0.42 0.37 0.39 0.52 0.68 0.86 1.00 1.10 1.12 1.05 0.93 0.75 0.60
 24   0.48 0.46 0.53 0.65 0.81 0.96 1.06 1.06 0.96 0.81 0.63 0.45 0.33 0.29 0.33 0.46 0.67 0.89 1.05 1.14 1.13 1.01 0.85 0.65
 25   0.48 0.37 0.37 0.44 0.60 0.80 0.94 1.02 1.00 0.90 0.72 0.48 0.33 0.25 0.28 0.39 0.61 0.84 1.04 1.19 1.19 1.10 0.95 0.77
 26   0.53 0.39 0.34 0.39 0.53 0.69 0.85 0.99 1.04 0.96 0.80 0.62 0.44 0.31 0.26 0.30 0.46 0.66 0.89 1.07 1.19 1.19 1.07 0.89
 27   0.65 0.47 0.34 0.30 0.38 0.52 0.70 0.86 0.97 0.98 0.90 0.73 0.53 0.36 0.26 0.23 0.30 0.45 0.67 0.88 1.07 1.15 1.13 1.00
 28   0.79 0.58 0.41 0.31 0.29 0.38 0.52 0.69 0.82 0.89 0.88 0.78 0.61 0.45 0.31 0.21 0.22 0.31 0.49 0.69 0.88 0.99 1.03 0.99
 29   0.85 0.69 0.53 0.38 0.32 0.33 0.42 0.56 0.69 0.82 0.89 0.87 0.77 0.63 0.49 0.38 0.32 0.32 0.39 0.55 0.73 0.89 0.99 1.02
 30   0.97 0.83 0.68 0.53 0.40 0.34 0.35 0.44 0.56 0.67 0.74 0.76 0.73 0.65 0.55 0.46 0.37 0.34 0.38 0.48 0.63 0.78 0.94 1.04
 ----------------------------------------------------------------------------------------------------------------------------
                                                                                               
 ----------------------------------------------------------------------------------------------------------------------------
 ----------------------------------------------------------------------------------------------------------------------------
                                                          SURVEY OF INDIA
                                                    MARINE GEODESY WING (G&RB)
                                                     HOURLY HEIGHTS IN METRES
  NAME OF PORT:- CUDDALORE                                                                          MONTH DECEMBER  YEAR 2015
 ----------------------------------------------------------------------------------------------------------------------------
 DAYS 0000 0001 0002 0003 0004 0005 0006 0007 0008 0009 0010 0011 0012 0013 0014 0015 0016 0017 0018 0019 0020 0021 0022 0023
 ----------------------------------------------------------------------------------------------------------------------------
  1   1.08 1.02 0.91 0.78 0.67 0.55 0.49 0.51 0.60 0.71 0.80 0.87 0.90 0.89 0.83 0.74 0.65 0.58 0.56 0.59 0.66 0.75 0.86 0.98
  2   1.06 1.06 1.00 0.89 0.77 0.67 0.59 0.55 0.57 0.63 0.70 0.78 0.86 0.89 0.87 0.82 0.77 0.72 0.70 0.72 0.77 0.83 0.90 0.97
  3   1.06 1.08 1.06 1.00 0.93 0.83 0.75 0.69 0.68 0.71 0.76 0.82 0.88 0.93 0.96 0.96 0.93 0.89 0.85 0.82 0.80 0.81 0.85 0.93
  4   1.01 1.06 1.07 1.04 0.99 0.91 0.82 0.74 0.68 0.66 0.67 0.71 0.77 0.85 0.94 0.99 0.99 0.95 0.90 0.86 0.84 0.84 0.86 0.90
  5   0.95 1.00 1.05 1.07 1.05 1.00 0.94 0.88 0.82 0.76 0.72 0.72 0.75 0.81 0.88 0.95 1.00 1.03 1.03 1.00 0.95 0.88 0.83 0.83
  6   0.86 0.90 0.95 0.99 1.02 1.02 0.99 0.94 0.87 0.81 0.76 0.73 0.74 0.78 0.84 0.90 0.97 1.04 1.07 1.04 0.97 0.89 0.82 0.79
  7   0.79 0.80 0.84 0.90 0.96 1.00 1.00 0.96 0.89 0.81 0.71 0.60 0.58 0.61 0.69 0.80 0.93 1.04 1.09 1.08 1.00 0.89 0.78 0.66
  8   0.56 0.51 0.52 0.59 0.69 0.81 0.89 0.92 0.88 0.77 0.65 0.52 0.46 0.46 0.52 0.63 0.80 0.94 1.05 1.09 1.05 0.94 0.82 0.70
  9   0.59 0.61 0.66 0.74 0.83 0.93 0.97 0.94 0.85 0.74 0.60 0.47 0.36 0.33 0.38 0.49 0.64 0.81 0.98 1.07 1.07 0.98 0.86 0.72
 10   0.56 0.46 0.43 0.49 0.61 0.75 0.86 0.92 0.92 0.82 0.67 0.53 0.38 0.30 0.31 0.38 0.54 0.71 0.88 1.02 1.07 1.03 0.91 0.76
 11   0.56 0.43 0.38 0.39 0.49 0.64 0.77 0.87 0.90 0.86 0.73 0.55 0.38 0.27 0.23 0.28 0.42 0.60 0.80 0.97 1.08 1.10 1.04 0.83
 12   0.62 0.46 0.36 0.35 0.41 0.53 0.66 0.78 0.86 0.86 0.74 0.57 0.39 0.24 0.16 0.18 0.29 0.46 0.67 0.87 1.01 1.07 1.03 0.90
 13   0.71 0.51 0.36 0.30 0.32 0.41 0.55 0.69 0.80 0.85 0.81 0.70 0.53 0.35 0.22 0.16 0.18 0.33 0.52 0.74 0.88 0.99 1.02 0.96
 14   0.79 0.60 0.42 0.30 0.27 0.33 0.45 0.59 0.73 0.83 0.86 0.80 0.66 0.48 0.32 0.22 0.20 0.28 0.42 0.62 0.81 0.96 1.04 1.03
 15   0.89 0.71 0.51 0.36 0.28 0.28 0.36 0.48 0.63 0.77 0.84 0.82 0.73 0.59 0.43 0.32 0.26 0.28 0.37 0.53 0.73 0.89 1.01 1.06
 16   1.01 0.86 0.68 0.50 0.38 0.30 0.28 0.35 0.48 0.62 0.73 0.79 0.77 0.68 0.55 0.42 0.31 0.26 0.27 0.35 0.50 0.67 0.83 0.93
 17   0.98 0.90 0.77 0.61 0.47 0.36 0.29 0.30 0.37 0.49 0.62 0.72 0.77 0.76 0.69 0.59 0.47 0.37 0.32 0.33 0.41 0.56 0.70 0.83
 18   0.92 0.92 0.86 0.75 0.59 0.46 0.35 0.29 0.29 0.35 0.46 0.60 0.71 0.78 0.78 0.73 0.64 0.55 0.46 0.41 0.41 0.46 0.57 0.70
 19   0.80 0.87 0.86 0.80 0.69 0.56 0.44 0.35 0.29 0.29 0.36 0.45 0.55 0.66 0.74 0.77 0.74 0.67 0.59 0.51 0.44 0.42 0.45 0.53
 20   0.62 0.71 0.77 0.79 0.77 0.69 0.57 0.46 0.35 0.30 0.29 0.33 0.42 0.53 0.65 0.77 0.82 0.81 0.74 0.66 0.57 0.50 0.45 0.45
 21   0.48 0.57 0.65 0.73 0.76 0.73 0.65 0.53 0.41 0.30 0.22 0.22 0.27 0.38 0.54 0.68 0.81 0.87 0.85 0.77 0.67 0.54 0.41 0.35
 22   0.36 0.45 0.55 0.65 0.74 0.78 0.77 0.70 0.56 0.41 0.28 0.19 0.18 0.25 0.38 0.55 0.72 0.85 0.93 0.92 0.84 0.70 0.54 0.40
 23   0.32 0.36 0.42 0.54 0.67 0.79 0.85 0.84 0.74 0.59 0.42 0.28 0.18 0.18 0.25 0.43 0.62 0.81 0.95 1.01 0.99 0.85 0.66 0.47
 24   0.29 0.24 0.26 0.36 0.50 0.66 0.79 0.86 0.83 0.71 0.55 0.34 0.18 0.10 0.13 0.27 0.44 0.67 0.85 0.99 1.02 0.97 0.80 0.59
 25   0.38 0.27 0.21 0.24 0.37 0.51 0.65 0.77 0.82 0.78 0.65 0.46 0.27 0.13 0.08 0.14 0.29 0.49 0.71 0.89 1.02 1.03 0.93 0.77
 26   0.53 0.36 0.24 0.19 0.24 0.38 0.54 0.68 0.79 0.82 0.75 0.62 0.43 0.24 0.13 0.12 0.21 0.38 0.59 0.81 0.97 1.06 1.05 0.93
 27   0.68 0.49 0.33 0.25 0.26 0.35 0.49 0.64 0.77 0.86 0.85 0.76 0.63 0.46 0.32 0.27 0.27 0.35 0.53 0.75 0.94 1.06 1.10 1.04
 28   0.89 0.70 0.53 0.39 0.33 0.34 0.47 0.60 0.73 0.83 0.88 0.86 0.75 0.60 0.43 0.29 0.27 0.34 0.46 0.62 0.80 0.95 1.04 1.04
 29   0.96 0.79 0.61 0.43 0.32 0.29 0.35 0.47 0.61 0.74 0.83 0.85 0.80 0.69 0.56 0.43 0.34 0.34 0.42 0.54 0.69 0.83 0.96 1.02
 30   1.00 0.87 0.72 0.57 0.43 0.34 0.32 0.37 0.47 0.59 0.70 0.76 0.76 0.70 0.57 0.46 0.38 0.34 0.36 0.46 0.59 0.73 0.85 0.93
 31
 ----------------------------------------------------------------------------------------------------------------------------
                                                                                               
 ----------------------------------------------------------------------------------------------------------------------------
 ----------------------------------------------------------------------------------------------------------------------------
