                                                          SURVEY OF INDIA
                                                    MARINE GEODESY WING (G&RB)
                                                     HOURLY HEIGHTS IN METRES
  NAME OF PORT:- PORT BLAIR                                                                         MONTH JANUARY   YEAR 2020
 ----------------------------------------------------------------------------------------------------------------------------
 DAYS 0000 0001 0002 0003 0004 0005 0006 0007 0008 0009 0010 0011 0012 0013 0014 0015 0016 0017 0018 0019 0020 0021 0022 0023
 ----------------------------------------------------------------------------------------------------------------------------
  1   1.03 1.13 1.15 1.09 0.98 0.83 0.67 0.53 0.43 0.39 0.44 0.58 0.73 0.84 0.90 0.88 0.80 0.70 0.59 0.49 0.43 0.43 0.52 0.70
  2   0.90 1.02 1.07 1.05 0.97 0.85 0.71 0.57 0.46 0.40 0.41 0.49 0.62 0.76 0.84 0.87 0.84 0.78 0.69 0.60 0.52 0.48 0.50 0.59
  3   0.73 0.86 0.95 0.98 0.95 0.87 0.76 0.65 0.54 0.46 0.42 0.44 0.52 0.64 0.76 0.84 0.86 0.84 0.79 0.73 0.66 0.60 0.57 0.58
  4   0.65 0.75 0.85 0.91 0.93 0.91 0.85 0.75 0.65 0.56 0.49 0.45 0.46 0.54 0.66 0.77 0.84 0.88 0.88 0.85 0.80 0.73 0.66 0.62
  5   0.61 0.63 0.68 0.75 0.81 0.84 0.83 0.79 0.72 0.64 0.56 0.49 0.45 0.46 0.52 0.64 0.76 0.86 0.92 0.93 0.90 0.84 0.77 0.70
  6   0.64 0.60 0.59 0.61 0.67 0.74 0.78 0.79 0.77 0.72 0.64 0.56 0.49 0.45 0.44 0.49 0.62 0.80 0.93 0.99 1.00 0.97 0.90 0.81
  7   0.72 0.63 0.57 0.55 0.57 0.66 0.76 0.82 0.83 0.80 0.74 0.66 0.56 0.47 0.42 0.46 0.58 0.75 0.94 1.09 1.17 1.17 1.11 1.01
  8   0.88 0.75 0.64 0.56 0.53 0.58 0.70 0.82 0.90 0.91 0.87 0.78 0.66 0.54 0.44 0.39 0.41 0.57 0.80 1.03 1.20 1.27 1.24 1.15
  9   1.00 0.83 0.67 0.54 0.46 0.45 0.56 0.74 0.90 0.98 0.97 0.89 0.77 0.62 0.48 0.37 0.33 0.40 0.63 0.90 1.14 1.30 1.35 1.29
 10   1.15 0.98 0.79 0.62 0.48 0.42 0.47 0.66 0.88 1.03 1.09 1.06 0.96 0.80 0.63 0.47 0.36 0.33 0.45 0.73 1.04 1.28 1.42 1.44
 11   1.35 1.19 1.00 0.78 0.60 0.47 0.43 0.51 0.73 0.95 1.09 1.13 1.06 0.91 0.73 0.54 0.37 0.28 0.29 0.48 0.80 1.12 1.36 1.47
 12   1.46 1.33 1.14 0.92 0.69 0.50 0.39 0.39 0.55 0.80 1.03 1.15 1.17 1.09 0.94 0.77 0.59 0.44 0.35 0.38 0.64 0.96 1.25 1.45
 13   1.52 1.45 1.29 1.08 0.84 0.61 0.44 0.35 0.40 0.61 0.86 1.06 1.16 1.14 1.04 0.89 0.71 0.54 0.41 0.35 0.44 0.69 0.99 1.25
 14   1.40 1.43 1.33 1.15 0.94 0.73 0.54 0.40 0.35 0.43 0.64 0.87 1.04 1.11 1.06 0.93 0.76 0.58 0.41 0.31 0.32 0.49 0.76 1.04
 15   1.27 1.37 1.36 1.24 1.06 0.84 0.63 0.45 0.34 0.32 0.47 0.70 0.92 1.06 1.09 1.04 0.92 0.78 0.62 0.49 0.41 0.41 0.59 0.84
 16   1.08 1.22 1.28 1.25 1.15 1.00 0.83 0.66 0.51 0.43 0.42 0.53 0.74 0.92 1.01 1.04 1.00 0.91 0.79 0.67 0.57 0.50 0.51 0.64
 17   0.84 1.02 1.13 1.16 1.13 1.05 0.94 0.79 0.64 0.53 0.47 0.48 0.59 0.78 0.93 1.01 1.03 0.99 0.92 0.83 0.74 0.66 0.61 0.60
 18   0.66 0.78 0.92 1.00 1.02 1.00 0.94 0.84 0.73 0.62 0.53 0.48 0.50 0.60 0.76 0.89 0.98 1.01 1.00 0.95 0.88 0.80 0.73 0.68
 19   0.65 0.66 0.73 0.82 0.89 0.92 0.91 0.87 0.80 0.72 0.64 0.57 0.52 0.51 0.58 0.73 0.87 0.97 1.01 1.02 1.00 0.94 0.86 0.79
 20   0.73 0.68 0.66 0.68 0.73 0.79 0.83 0.84 0.82 0.78 0.72 0.64 0.57 0.52 0.51 0.57 0.72 0.88 1.01 1.07 1.08 1.05 0.99 0.90
 21   0.80 0.71 0.65 0.62 0.63 0.69 0.78 0.84 0.86 0.85 0.80 0.73 0.65 0.58 0.52 0.50 0.54 0.73 0.92 1.08 1.16 1.17 1.14 1.07
 22   0.97 0.87 0.77 0.69 0.64 0.64 0.70 0.83 0.90 0.92 0.91 0.86 0.78 0.69 0.60 0.53 0.51 0.56 0.76 0.98 1.14 1.20 1.21 1.17
 23   1.08 0.96 0.84 0.73 0.64 0.61 0.64 0.77 0.90 0.98 0.99 0.96 0.89 0.79 0.69 0.59 0.53 0.53 0.64 0.88 1.12 1.28 1.33 1.31
 24   1.24 1.12 0.98 0.83 0.71 0.63 0.61 0.67 0.83 0.98 1.04 1.04 0.99 0.90 0.78 0.66 0.56 0.51 0.54 0.71 0.98 1.20 1.33 1.36
 25   1.32 1.23 1.09 0.92 0.77 0.66 0.60 0.62 0.74 0.93 1.06 1.11 1.08 1.00 0.89 0.75 0.63 0.54 0.52 0.63 0.87 1.12 1.32 1.40
 26   1.39 1.31 1.18 1.03 0.86 0.72 0.63 0.60 0.67 0.86 1.03 1.11 1.12 1.08 0.99 0.86 0.71 0.59 0.53 0.54 0.71 0.99 1.22 1.34
 27   1.38 1.33 1.22 1.08 0.91 0.76 0.63 0.57 0.58 0.74 0.92 1.05 1.09 1.07 0.99 0.87 0.74 0.62 0.52 0.49 0.57 0.81 1.06 1.24
 28   1.31 1.30 1.23 1.11 0.96 0.79 0.65 0.56 0.54 0.62 0.80 0.97 1.05 1.06 1.02 0.94 0.82 0.69 0.58 0.51 0.51 0.66 0.90 1.12
 29   1.24 1.26 1.22 1.13 1.00 0.85 0.71 0.60 0.54 0.56 0.72 0.93 1.06 1.10 1.08 1.02 0.92 0.79 0.68 0.59 0.55 0.59 0.78 1.00
 30   1.17 1.23 1.22 1.15 1.03 0.88 0.74 0.62 0.54 0.52 0.63 0.83 1.01 1.09 1.10 1.06 0.97 0.86 0.75 0.66 0.60 0.60 0.70 0.90
 31   1.08 1.17 1.18 1.14 1.06 0.94 0.80 0.68 0.60 0.56 0.59 0.71 0.89 1.00 1.05 1.04 0.98 0.89 0.79 0.70 0.63 0.61 0.64 0.74
 ----------------------------------------------------------------------------------------------------------------------------
                                                                                               
 ----------------------------------------------------------------------------------------------------------------------------
 ----------------------------------------------------------------------------------------------------------------------------
                                                          SURVEY OF INDIA
                                                    MARINE GEODESY WING (G&RB)
                                                     HOURLY HEIGHTS IN METRES
  NAME OF PORT:- PORT BLAIR                                                                         MONTH FEBRUARY  YEAR 2020
 ----------------------------------------------------------------------------------------------------------------------------
 DAYS 0000 0001 0002 0003 0004 0005 0006 0007 0008 0009 0010 0011 0012 0013 0014 0015 0016 0017 0018 0019 0020 0021 0022 0023
 ----------------------------------------------------------------------------------------------------------------------------
  1   0.89 1.00 1.04 1.03 0.98 0.90 0.80 0.70 0.61 0.56 0.55 0.60 0.73 0.87 0.95 0.97 0.96 0.91 0.84 0.76 0.69 0.65 0.64 0.67
  2   0.76 0.86 0.92 0.94 0.93 0.88 0.81 0.73 0.65 0.59 0.56 0.56 0.62 0.74 0.84 0.90 0.92 0.91 0.87 0.81 0.75 0.70 0.66 0.64
  3   0.65 0.70 0.76 0.79 0.80 0.79 0.76 0.71 0.65 0.60 0.56 0.54 0.54 0.58 0.68 0.78 0.84 0.87 0.88 0.87 0.84 0.80 0.75 0.71
  4   0.68 0.66 0.66 0.68 0.71 0.73 0.73 0.71 0.68 0.64 0.59 0.55 0.53 0.53 0.56 0.65 0.76 0.84 0.89 0.91 0.91 0.88 0.83 0.77
  5   0.72 0.68 0.65 0.64 0.66 0.69 0.72 0.74 0.74 0.72 0.68 0.63 0.58 0.54 0.52 0.54 0.64 0.79 0.93 1.01 1.03 1.02 0.98 0.90
  6   0.80 0.71 0.66 0.64 0.65 0.71 0.77 0.80 0.80 0.78 0.73 0.66 0.58 0.51 0.48 0.52 0.67 0.84 1.00 1.09 1.13 1.11 1.05 0.96
  7   0.85 0.75 0.66 0.60 0.58 0.64 0.76 0.87 0.93 0.94 0.92 0.86 0.77 0.67 0.57 0.49 0.45 0.48 0.68 0.93 1.14 1.26 1.27 1.22
  8   1.13 1.00 0.86 0.71 0.60 0.54 0.54 0.67 0.85 0.96 1.00 0.99 0.93 0.82 0.69 0.55 0.46 0.44 0.52 0.76 1.00 1.22 1.32 1.32
  9   1.26 1.15 1.02 0.82 0.67 0.56 0.51 0.56 0.74 0.93 1.05 1.08 1.05 0.96 0.82 0.67 0.54 0.45 0.43 0.58 0.86 1.10 1.29 1.36
 10   1.35 1.26 1.11 0.93 0.74 0.58 0.47 0.45 0.57 0.78 1.00 1.12 1.15 1.09 0.98 0.83 0.68 0.54 0.46 0.47 0.68 0.94 1.20 1.36
 11   1.41 1.37 1.26 1.09 0.90 0.70 0.56 0.48 0.51 0.72 0.98 1.18 1.26 1.25 1.17 1.03 0.86 0.70 0.56 0.50 0.56 0.80 1.06 1.27
 12   1.38 1.39 1.33 1.20 1.02 0.83 0.66 0.53 0.48 0.55 0.78 1.01 1.18 1.22 1.20 1.11 0.97 0.81 0.66 0.55 0.50 0.59 0.84 1.13
 13   1.32 1.38 1.37 1.28 1.13 0.95 0.77 0.61 0.50 0.48 0.63 0.90 1.12 1.22 1.24 1.20 1.09 0.95 0.80 0.67 0.57 0.54 0.65 0.90
 14   1.12 1.24 1.26 1.23 1.13 0.99 0.83 0.67 0.55 0.48 0.50 0.69 0.91 1.05 1.11 1.12 1.07 0.98 0.86 0.73 0.62 0.55 0.54 0.63
 15   0.79 0.90 0.96 0.98 0.95 0.88 0.78 0.66 0.55 0.48 0.46 0.56 0.73 0.89 1.00 1.04 1.03 0.98 0.90 0.81 0.72 0.64 0.59 0.59
 16   0.65 0.82 0.90 0.92 0.91 0.86 0.78 0.69 0.59 0.50 0.45 0.46 0.54 0.72 0.88 0.95 0.97 0.96 0.92 0.84 0.76 0.68 0.61 0.57
 17   0.56 0.58 0.66 0.74 0.76 0.75 0.72 0.67 0.61 0.54 0.48 0.45 0.45 0.50 0.65 0.78 0.85 0.88 0.88 0.86 0.82 0.75 0.68 0.62
 18   0.58 0.55 0.54 0.55 0.59 0.64 0.66 0.66 0.64 0.60 0.55 0.51 0.48 0.46 0.47 0.56 0.71 0.83 0.91 0.93 0.92 0.88 0.82 0.74
 19   0.66 0.59 0.54 0.51 0.52 0.57 0.66 0.72 0.74 0.72 0.67 0.61 0.55 0.49 0.44 0.44 0.52 0.70 0.86 0.97 1.01 1.01 0.97 0.89
 20   0.78 0.67 0.57 0.50 0.48 0.51 0.63 0.76 0.82 0.83 0.81 0.76 0.67 0.57 0.48 0.44 0.45 0.54 0.79 1.03 1.13 1.16 1.14 1.06
 21   0.94 0.80 0.65 0.52 0.44 0.42 0.49 0.73 0.86 0.91 0.91 0.87 0.78 0.65 0.51 0.40 0.36 0.42 0.64 0.96 1.17 1.26 1.28 1.25
 22   1.18 1.06 0.90 0.70 0.52 0.40 0.39 0.59 0.95 1.16 1.22 1.18 1.06 0.91 0.74 0.56 0.40 0.34 0.46 0.89 1.22 1.40 1.44 1.39
 23   1.24 1.00 0.75 0.54 0.41 0.36 0.42 0.68 0.92 1.03 1.05 1.01 0.92 0.78 0.61 0.45 0.35 0.34 0.52 0.89 1.26 1.48 1.56 1.41
 24   1.16 0.87 0.52 0.22 0.01-0.06 0.14 0.54 0.90 1.20 1.31 1.24 0.98 0.65 0.30 0.01-0.15-0.08 0.18 0.60 0.98 1.27 1.46 1.49
 25   1.30 1.00 0.62 0.27 0.00-0.12-0.03 0.32 0.66 0.96 1.19 1.30 1.20 0.96 0.66 0.36 0.11-0.01 0.01 0.33 0.74 1.12 1.40 1.52
 26   1.40 1.15 0.81 0.45 0.14-0.06-0.10 0.16 0.52 0.90 1.19 1.38 1.32 1.12 0.85 0.54 0.26 0.06 0.01 0.21 0.62 1.03 1.34 1.51
 27   1.46 1.24 0.94 0.60 0.28 0.00-0.06 0.06 0.45 0.87 1.20 1.40 1.41 1.25 0.99 0.67 0.36 0.13 0.02 0.11 0.44 0.85 1.19 1.40
 28   1.44 1.31 1.06 0.74 0.41 0.15 0.00 0.01 0.29 0.68 1.04 1.27 1.39 1.32 1.14 0.85 0.57 0.31 0.14 0.10 0.28 0.64 1.00 1.27
 29   1.38 1.31 1.10 0.82 0.51 0.27 0.06 0.00 0.16 0.53 0.88 1.16 1.33 1.32 1.18 0.94 0.66 0.40 0.22 0.14 0.22 0.49 0.79 1.06
 ----------------------------------------------------------------------------------------------------------------------------
                                                                                               
 ----------------------------------------------------------------------------------------------------------------------------
 ----------------------------------------------------------------------------------------------------------------------------
                                                          SURVEY OF INDIA
                                                    MARINE GEODESY WING (G&RB)
                                                     HOURLY HEIGHTS IN METRES
  NAME OF PORT:- PORT BLAIR                                                                         MONTH MARCH     YEAR 2020
 ----------------------------------------------------------------------------------------------------------------------------
 DAYS 0000 0001 0002 0003 0004 0005 0006 0007 0008 0009 0010 0011 0012 0013 0014 0015 0016 0017 0018 0019 0020 0021 0022 0023
 ----------------------------------------------------------------------------------------------------------------------------
  1   1.21 1.22 1.10 0.88 0.62 0.37 0.18 0.09 0.15 0.38 0.67 0.95 1.16 1.26 1.23 1.10 0.89 0.68 0.49 0.35 0.31 0.39 0.61 0.87
  2   1.04 1.10 1.06 0.93 0.73 0.52 0.34 0.21 0.18 0.27 0.50 0.77 0.99 1.11 1.14 1.07 0.93 0.76 0.58 0.44 0.35 0.34 0.41 0.57
  3   0.72 0.83 0.88 0.85 0.76 0.62 0.48 0.36 0.29 0.27 0.34 0.50 0.70 0.86 0.96 0.99 0.96 0.87 0.76 0.64 0.54 0.48 0.46 0.47
  4   0.54 0.64 0.71 0.73 0.72 0.68 0.60 0.51 0.42 0.37 0.35 0.36 0.43 0.57 0.71 0.81 0.87 0.90 0.89 0.83 0.75 0.65 0.56 0.49
  5   0.45 0.44 0.48 0.55 0.63 0.68 0.69 0.67 0.61 0.53 0.44 0.37 0.34 0.37 0.47 0.62 0.78 0.90 0.98 1.01 0.98 0.88 0.73 0.58
  6   0.44 0.34 0.29 0.33 0.46 0.61 0.74 0.81 0.82 0.76 0.64 0.48 0.35 0.26 0.24 0.33 0.54 0.79 1.00 1.14 1.18 1.10 0.94 0.73
  7   0.50 0.31 0.18 0.13 0.23 0.47 0.73 0.92 1.01 0.99 0.86 0.67 0.46 0.26 0.13 0.09 0.23 0.55 0.96 1.24 1.38 1.39 1.23 0.99
  8   0.70 0.41 0.17 0.02-0.01 0.22 0.61 0.93 1.13 1.21 1.12 0.93 0.67 0.39 0.16 0.02 0.01 0.31 0.80 1.23 1.50 1.63 1.55 1.33
  9   1.00 0.64 0.30 0.03-0.12-0.02 0.38 0.83 1.18 1.37 1.42 1.28 1.05 0.74 0.42 0.15 0.00 0.07 0.50 1.01 1.43 1.72 1.76 1.58
 10   1.26 0.85 0.42 0.05-0.19-0.27 0.07 0.60 1.10 1.48 1.65 1.61 1.36 0.99 0.57 0.18-0.08-0.17 0.10 0.61 1.18 1.60 1.84 1.83
 11   1.58 1.21 0.75 0.30-0.08-0.29-0.25 0.20 0.80 1.30 1.65 1.76 1.62 1.32 0.91 0.49 0.11-0.12-0.17 0.21 0.75 1.25 1.62 1.79
 12   1.70 1.44 1.05 0.60 0.17-0.25-0.32-0.16 0.36 0.94 1.40 1.68 1.69 1.48 1.14 0.74 0.35 0.01-0.16-0.08 0.32 0.80 1.24 1.51
 13   1.60 1.44 1.14 0.75 0.34-0.01-0.23-0.24 0.10 0.62 1.08 1.47 1.60 1.50 1.24 0.91 0.55 0.24 0.02-0.02 0.21 0.62 1.01 1.30
 14   1.42 1.38 1.14 0.85 0.53 0.23 0.01-0.06 0.10 0.50 0.93 1.25 1.46 1.49 1.32 1.06 0.74 0.44 0.20 0.06 0.10 0.36 0.70 0.99
 15   1.17 1.23 1.12 0.91 0.65 0.40 0.17 0.04 0.06 0.29 0.61 0.93 1.16 1.26 1.24 1.09 0.88 0.64 0.42 0.25 0.17 0.22 0.44 0.67
 16   0.86 0.96 0.98 0.89 0.74 0.55 0.37 0.23 0.17 0.22 0.35 0.57 0.80 0.98 1.07 1.08 0.98 0.84 0.67 0.50 0.37 0.29 0.29 0.38
 17   0.52 0.66 0.74 0.78 0.76 0.68 0.57 0.47 0.39 0.34 0.35 0.42 0.56 0.70 0.83 0.91 0.94 0.91 0.84 0.75 0.64 0.54 0.47 0.44
 18   0.44 0.48 0.56 0.63 0.67 0.68 0.67 0.64 0.59 0.53 0.48 0.46 0.47 0.52 0.62 0.73 0.82 0.89 0.93 0.92 0.88 0.80 0.69 0.58
 19   0.48 0.42 0.40 0.44 0.52 0.62 0.71 0.77 0.78 0.74 0.66 0.58 0.50 0.46 0.46 0.52 0.65 0.80 0.93 1.02 1.05 1.01 0.90 0.76
 20   0.60 0.47 0.39 0.36 0.40 0.53 0.67 0.80 0.87 0.88 0.82 0.71 0.59 0.47 0.39 0.37 0.46 0.64 0.89 1.12 1.20 1.19 1.08 0.91
 21   0.71 0.50 0.35 0.25 0.24 0.38 0.61 0.81 0.95 1.01 0.97 0.86 0.70 0.52 0.38 0.29 0.31 0.50 0.85 1.11 1.27 1.34 1.28 1.12
 22   0.90 0.68 0.45 0.28 0.20 0.27 0.58 0.89 1.08 1.19 1.17 1.04 0.84 0.62 0.41 0.25 0.18 0.28 0.65 1.03 1.27 1.38 1.37 1.22
 23   1.00 0.75 0.48 0.26 0.12 0.10 0.38 0.80 1.09 1.26 1.28 1.17 0.97 0.73 0.47 0.26 0.12 0.12 0.40 0.86 1.19 1.39 1.45 1.35
 24   1.15 0.89 0.59 0.32 0.12 0.06 0.21 0.69 1.07 1.32 1.42 1.35 1.17 0.91 0.61 0.35 0.16 0.08 0.25 0.77 1.17 1.45 1.58 1.51
 25   1.32 1.03 0.69 0.38 0.14 0.01 0.16 0.59 1.02 1.40 1.56 1.54 1.37 1.10 0.77 0.47 0.21 0.07 0.20 0.55 1.00 1.33 1.54 1.55
 26   1.38 1.10 0.76 0.41 0.13 0.00 0.02 0.39 0.87 1.23 1.52 1.60 1.46 1.21 0.90 0.56 0.28 0.07 0.04 0.29 0.77 1.16 1.43 1.52
 27   1.40 1.18 0.88 0.54 0.23 0.02-0.03 0.22 0.72 1.12 1.43 1.59 1.54 1.34 1.06 0.74 0.43 0.19 0.08 0.20 0.51 0.94 1.26 1.40
 28   1.39 1.24 0.98 0.64 0.32 0.09-0.01 0.11 0.50 0.92 1.24 1.48 1.54 1.39 1.13 0.81 0.49 0.23 0.08 0.10 0.38 0.75 1.08 1.31
 29   1.38 1.26 1.04 0.74 0.43 0.17 0.04 0.06 0.35 0.73 1.10 1.37 1.51 1.46 1.26 0.98 0.68 0.40 0.22 0.15 0.29 0.59 0.89 1.14
 30   1.29 1.26 1.10 0.85 0.59 0.34 0.16 0.10 0.24 0.53 0.86 1.13 1.32 1.36 1.28 1.10 0.86 0.61 0.40 0.28 0.26 0.41 0.65 0.88
 31   1.06 1.12 1.06 0.91 0.72 0.51 0.34 0.23 0.24 0.40 0.65 0.91 1.12 1.24 1.25 1.16 1.00 0.81 0.63 0.48 0.39 0.38 0.49 0.66
 ----------------------------------------------------------------------------------------------------------------------------
                                                                                               
 ----------------------------------------------------------------------------------------------------------------------------
 ----------------------------------------------------------------------------------------------------------------------------
                                                          SURVEY OF INDIA
                                                    MARINE GEODESY WING (G&RB)
                                                     HOURLY HEIGHTS IN METRES
  NAME OF PORT:- PORT BLAIR                                                                         MONTH APRIL     YEAR 2020
 ----------------------------------------------------------------------------------------------------------------------------
 DAYS 0000 0001 0002 0003 0004 0005 0006 0007 0008 0009 0010 0011 0012 0013 0014 0015 0016 0017 0018 0019 0020 0021 0022 0023
 ----------------------------------------------------------------------------------------------------------------------------
  1   0.83 0.94 0.96 0.91 0.79 0.65 0.51 0.39 0.32 0.33 0.44 0.62 0.82 0.96 1.05 1.07 1.02 0.90 0.76 0.63 0.52 0.46 0.44 0.49
  2   0.60 0.70 0.78 0.81 0.79 0.73 0.65 0.56 0.48 0.44 0.44 0.49 0.60 0.74 0.88 0.97 1.02 1.01 0.96 0.87 0.76 0.65 0.55 0.48
  3   0.46 0.49 0.58 0.68 0.76 0.80 0.81 0.78 0.72 0.64 0.56 0.50 0.48 0.52 0.62 0.77 0.92 1.03 1.08 1.07 1.01 0.90 0.76 0.61
  4   0.47 0.39 0.37 0.46 0.61 0.76 0.88 0.94 0.94 0.87 0.76 0.63 0.51 0.43 0.41 0.49 0.69 0.92 1.12 1.23 1.25 1.16 1.00 0.80
  5   0.57 0.38 0.26 0.23 0.35 0.68 0.94 1.10 1.17 1.12 0.98 0.79 0.58 0.39 0.27 0.24 0.41 0.81 1.13 1.35 1.45 1.40 1.24 0.98
  6   0.67 0.39 0.16 0.04 0.15 0.48 0.85 1.17 1.35 1.39 1.25 1.04 0.77 0.49 0.26 0.13 0.16 0.50 0.95 1.30 1.52 1.58 1.46 1.20
  7   0.87 0.53 0.19-0.03-0.10 0.14 0.70 1.16 1.48 1.64 1.58 1.37 1.07 0.71 0.38 0.12 0.01 0.12 0.62 1.10 1.47 1.69 1.68 1.47
  8   1.14 0.76 0.36 0.03-0.17-0.17 0.30 0.88 1.35 1.66 1.76 1.63 1.37 1.00 0.60 0.24 0.00-0.08 0.19 0.70 1.19 1.57 1.74 1.66
  9   1.42 1.06 0.63 0.23-0.08-0.21-0.06 0.54 1.10 1.53 1.79 1.78 1.58 1.26 0.86 0.45 0.10-0.08-0.06 0.31 0.83 1.28 1.60 1.66
 10   1.49 1.20 0.82 0.40 0.06-0.18-0.23 0.13 0.74 1.23 1.62 1.78 1.70 1.46 1.11 0.72 0.33 0.04-0.10-0.02 0.43 0.90 1.28 1.50
 11   1.48 1.29 1.00 0.63 0.27-0.01-0.15-0.06 0.36 0.95 1.36 1.64 1.71 1.56 1.31 0.98 0.63 0.29 0.08 0.00 0.17 0.56 0.96 1.24
 12   1.36 1.29 1.09 0.81 0.50 0.23 0.04-0.02 0.16 0.55 0.96 1.29 1.50 1.50 1.35 1.11 0.80 0.50 0.25 0.10 0.08 0.31 0.63 0.92
 13   1.11 1.14 1.04 0.86 0.62 0.40 0.22 0.13 0.14 0.35 0.63 0.96 1.19 1.30 1.28 1.14 0.94 0.70 0.50 0.34 0.25 0.26 0.41 0.65
 14   0.84 0.95 0.96 0.87 0.73 0.57 0.42 0.32 0.27 0.33 0.50 0.74 0.94 1.10 1.16 1.12 1.00 0.84 0.67 0.52 0.41 0.36 0.38 0.48
 15   0.61 0.74 0.82 0.83 0.77 0.67 0.57 0.48 0.42 0.41 0.44 0.56 0.71 0.85 0.94 0.99 0.98 0.92 0.83 0.72 0.60 0.50 0.43 0.40
 16   0.42 0.50 0.58 0.65 0.68 0.68 0.65 0.60 0.54 0.48 0.44 0.44 0.47 0.55 0.67 0.78 0.86 0.90 0.90 0.86 0.79 0.68 0.57 0.46
 17   0.38 0.34 0.36 0.43 0.56 0.67 0.72 0.73 0.70 0.65 0.58 0.51 0.46 0.45 0.48 0.57 0.71 0.87 0.97 1.00 0.95 0.86 0.72 0.58
 18   0.42 0.32 0.28 0.31 0.45 0.63 0.78 0.87 0.90 0.85 0.74 0.61 0.49 0.40 0.36 0.40 0.55 0.76 0.96 1.08 1.10 1.03 0.90 0.73
 19   0.56 0.39 0.28 0.24 0.34 0.56 0.75 0.89 0.97 0.99 0.93 0.80 0.64 0.48 0.35 0.32 0.39 0.55 0.80 0.99 1.12 1.14 1.04 0.87
 20   0.65 0.44 0.27 0.19 0.24 0.44 0.67 0.91 1.07 1.15 1.09 0.94 0.74 0.48 0.32 0.24 0.25 0.40 0.72 0.97 1.16 1.24 1.18 1.00
 21   0.77 0.54 0.32 0.17 0.13 0.30 0.61 0.92 1.16 1.29 1.27 1.12 0.91 0.65 0.41 0.24 0.16 0.25 0.50 0.91 1.15 1.28 1.28 1.13
 22   0.90 0.64 0.37 0.16 0.07 0.16 0.46 0.82 1.12 1.32 1.38 1.29 1.10 0.85 0.59 0.38 0.23 0.20 0.39 0.73 1.04 1.24 1.30 1.23
 23   1.06 0.82 0.56 0.33 0.17 0.13 0.33 0.70 1.05 1.32 1.42 1.41 1.27 1.05 0.78 0.50 0.30 0.19 0.24 0.57 0.91 1.17 1.30 1.31
 24   1.18 0.98 0.73 0.48 0.28 0.17 0.22 0.57 0.94 1.26 1.44 1.47 1.37 1.16 0.92 0.66 0.42 0.26 0.22 0.40 0.79 1.10 1.27 1.34
 25   1.24 1.06 0.82 0.57 0.34 0.19 0.16 0.40 0.82 1.20 1.46 1.55 1.51 1.35 1.10 0.82 0.56 0.34 0.23 0.26 0.60 0.96 1.17 1.27
 26   1.23 1.08 0.87 0.62 0.38 0.21 0.15 0.25 0.66 1.01 1.36 1.50 1.51 1.40 1.20 0.95 0.68 0.44 0.29 0.24 0.40 0.76 1.03 1.18
 27   1.21 1.14 0.97 0.76 0.56 0.38 0.27 0.25 0.48 0.88 1.20 1.38 1.44 1.39 1.25 1.04 0.80 0.56 0.38 0.28 0.30 0.54 0.81 1.00
 28   1.10 1.08 0.97 0.80 0.62 0.44 0.30 0.24 0.29 0.62 0.98 1.22 1.35 1.38 1.30 1.16 0.98 0.78 0.60 0.46 0.39 0.42 0.65 0.86
 29   0.97 1.00 0.96 0.85 0.70 0.54 0.40 0.31 0.30 0.42 0.74 1.01 1.18 1.26 1.28 1.22 1.06 0.87 0.70 0.55 0.45 0.41 0.45 0.56
 30   0.70 0.80 0.83 0.81 0.73 0.62 0.51 0.42 0.37 0.38 0.46 0.71 0.92 1.05 1.11 1.13 1.12 1.07 0.95 0.74 0.60 0.52 0.48 0.49
 ----------------------------------------------------------------------------------------------------------------------------
                                                                                               
 ----------------------------------------------------------------------------------------------------------------------------
 ----------------------------------------------------------------------------------------------------------------------------
                                                          SURVEY OF INDIA
                                                    MARINE GEODESY WING (G&RB)
                                                     HOURLY HEIGHTS IN METRES
  NAME OF PORT:- PORT BLAIR                                                                         MONTH MAY       YEAR 2020
 ----------------------------------------------------------------------------------------------------------------------------
 DAYS 0000 0001 0002 0003 0004 0005 0006 0007 0008 0009 0010 0011 0012 0013 0014 0015 0016 0017 0018 0019 0020 0021 0022 0023
 ----------------------------------------------------------------------------------------------------------------------------
  1   0.57 0.66 0.74 0.78 0.78 0.75 0.69 0.62 0.55 0.50 0.49 0.54 0.64 0.79 0.93 1.01 1.04 1.03 0.98 0.88 0.77 0.65 0.55 0.49
  2   0.47 0.50 0.57 0.66 0.74 0.79 0.80 0.77 0.72 0.66 0.60 0.55 0.54 0.59 0.71 0.86 0.99 1.08 1.10 1.08 1.00 0.88 0.74 0.61
  3   0.50 0.45 0.45 0.52 0.70 0.86 0.95 0.98 0.96 0.90 0.80 0.69 0.60 0.54 0.54 0.62 0.86 1.06 1.17 1.20 1.16 1.07 0.93 0.76
  4   0.58 0.45 0.37 0.38 0.54 0.86 1.06 1.17 1.20 1.16 1.06 0.91 0.76 0.62 0.51 0.50 0.64 0.96 1.21 1.36 1.40 1.34 1.21 1.03
  5   0.81 0.61 0.45 0.36 0.38 0.70 1.06 1.31 1.41 1.42 1.34 1.20 1.01 0.81 0.64 0.51 0.47 0.61 0.98 1.27 1.42 1.44 1.37 1.22
  6   0.99 0.75 0.52 0.34 0.28 0.43 0.86 1.26 1.51 1.60 1.58 1.46 1.26 1.01 0.77 0.56 0.42 0.40 0.68 1.05 1.34 1.47 1.47 1.36
  7   1.16 0.91 0.64 0.42 0.26 0.23 0.56 1.01 1.42 1.66 1.72 1.66 1.50 1.28 1.02 0.76 0.55 0.43 0.44 0.77 1.14 1.40 1.48 1.46
  8   1.32 1.12 0.88 0.64 0.44 0.31 0.33 0.74 1.19 1.55 1.71 1.72 1.63 1.46 1.22 0.96 0.71 0.51 0.42 0.50 0.86 1.18 1.38 1.42
  9   1.38 1.24 1.04 0.82 0.61 0.44 0.36 0.47 0.89 1.28 1.56 1.66 1.66 1.56 1.39 1.17 0.94 0.72 0.57 0.50 0.61 0.92 1.19 1.31
 10   1.33 1.28 1.14 0.96 0.78 0.61 0.48 0.45 0.64 1.01 1.36 1.56 1.60 1.57 1.47 1.31 1.10 0.89 0.71 0.59 0.56 0.68 0.91 1.12
 11   1.19 1.18 1.11 1.00 0.85 0.70 0.57 0.51 0.53 0.71 1.02 1.28 1.38 1.41 1.37 1.26 1.12 0.97 0.81 0.69 0.61 0.60 0.68 0.86
 12   0.96 1.00 0.99 0.93 0.84 0.74 0.64 0.55 0.53 0.58 0.80 1.05 1.21 1.27 1.28 1.23 1.14 1.03 0.90 0.78 0.69 0.64 0.63 0.67
 13   0.77 0.85 0.88 0.87 0.83 0.76 0.68 0.62 0.58 0.58 0.65 0.84 1.01 1.12 1.16 1.16 1.12 1.04 0.95 0.86 0.77 0.70 0.65 0.64
 14   0.67 0.72 0.76 0.78 0.78 0.75 0.71 0.67 0.64 0.63 0.64 0.69 0.81 0.95 1.03 1.06 1.06 1.03 0.97 0.89 0.81 0.74 0.68 0.65
 15   0.65 0.68 0.72 0.76 0.79 0.80 0.79 0.76 0.73 0.70 0.68 0.69 0.73 0.80 0.90 0.98 1.02 1.03 1.01 0.96 0.90 0.83 0.76 0.70
 16   0.65 0.63 0.64 0.70 0.77 0.84 0.88 0.89 0.88 0.85 0.81 0.78 0.75 0.74 0.77 0.85 0.94 1.01 1.05 1.05 1.00 0.88 0.75 0.63
 17   0.55 0.52 0.54 0.64 0.82 0.96 1.04 1.07 1.06 1.00 0.90 0.79 0.69 0.62 0.62 0.71 0.88 1.02 1.10 1.12 1.10 1.02 0.90 0.74
 18   0.60 0.52 0.52 0.59 0.74 0.97 1.12 1.20 1.21 1.15 1.03 0.88 0.73 0.61 0.57 0.58 0.70 0.91 1.11 1.20 1.18 1.08 0.92 0.74
 19   0.56 0.41 0.34 0.37 0.56 0.85 1.14 1.32 1.38 1.31 1.16 0.99 0.79 0.61 0.48 0.44 0.53 0.75 0.97 1.15 1.23 1.19 1.06 0.89
 20   0.70 0.52 0.38 0.32 0.42 0.78 1.13 1.36 1.48 1.49 1.37 1.16 0.91 0.68 0.48 0.37 0.38 0.60 0.93 1.16 1.30 1.32 1.20 1.01
 21   0.78 0.55 0.36 0.26 0.29 0.54 0.94 1.28 1.50 1.60 1.52 1.33 1.07 0.79 0.53 0.35 0.28 0.40 0.72 1.07 1.28 1.34 1.28 1.12
 22   0.90 0.66 0.43 0.26 0.21 0.40 0.75 1.09 1.38 1.56 1.60 1.47 1.24 0.96 0.67 0.44 0.28 0.26 0.48 0.79 1.07 1.26 1.33 1.25
 23   1.08 0.87 0.62 0.40 0.22 0.16 0.30 0.66 1.02 1.34 1.52 1.51 1.36 1.12 0.85 0.60 0.40 0.30 0.34 0.55 0.87 1.12 1.26 1.25
 24   1.09 0.86 0.64 0.44 0.31 0.30 0.50 0.83 1.14 1.39 1.55 1.60 1.50 1.28 1.02 0.76 0.51 0.34 0.27 0.36 0.65 0.94 1.14 1.22
 25   1.15 0.98 0.77 0.55 0.36 0.24 0.24 0.41 0.78 1.14 1.41 1.56 1.55 1.42 1.21 0.98 0.74 0.55 0.41 0.38 0.53 0.81 1.06 1.19
 26   1.22 1.13 0.96 0.76 0.56 0.39 0.30 0.36 0.68 1.04 1.38 1.57 1.63 1.54 1.33 1.07 0.80 0.56 0.39 0.32 0.39 0.66 0.94 1.14
 27   1.23 1.16 1.01 0.83 0.63 0.46 0.34 0.33 0.50 0.81 1.15 1.42 1.56 1.56 1.44 1.22 0.98 0.75 0.54 0.41 0.37 0.47 0.68 0.90
 28   1.06 1.12 1.05 0.92 0.76 0.59 0.45 0.36 0.38 0.54 0.87 1.16 1.35 1.44 1.39 1.25 1.06 0.85 0.64 0.47 0.38 0.37 0.50 0.72
 29   0.92 1.04 1.08 1.02 0.88 0.72 0.57 0.46 0.40 0.47 0.63 0.84 1.05 1.20 1.27 1.24 1.13 0.97 0.79 0.62 0.47 0.37 0.34 0.44
 30   0.60 0.78 0.92 0.99 0.97 0.90 0.79 0.68 0.59 0.54 0.55 0.64 0.79 0.97 1.11 1.19 1.19 1.12 1.01 0.87 0.72 0.58 0.46 0.40
 31   0.42 0.52 0.69 0.84 0.95 1.00 0.98 0.90 0.80 0.69 0.60 0.55 0.60 0.71 0.85 0.99 1.10 1.15 1.14 1.05 0.92 0.78 0.65 0.55
 ----------------------------------------------------------------------------------------------------------------------------
                                                                                               
 ----------------------------------------------------------------------------------------------------------------------------
 ----------------------------------------------------------------------------------------------------------------------------
                                                          SURVEY OF INDIA
                                                    MARINE GEODESY WING (G&RB)
                                                     HOURLY HEIGHTS IN METRES
  NAME OF PORT:- PORT BLAIR                                                                         MONTH JUNE      YEAR 2020
 ----------------------------------------------------------------------------------------------------------------------------
 DAYS 0000 0001 0002 0003 0004 0005 0006 0007 0008 0009 0010 0011 0012 0013 0014 0015 0016 0017 0018 0019 0020 0021 0022 0023
 ----------------------------------------------------------------------------------------------------------------------------
  1   0.49 0.49 0.56 0.77 0.98 1.10 1.16 1.14 1.06 0.94 0.81 0.69 0.60 0.56 0.62 0.80 1.00 1.15 1.22 1.19 1.08 0.92 0.72 0.53
  2   0.38 0.30 0.33 0.57 0.91 1.20 1.38 1.44 1.36 1.19 0.97 0.74 0.54 0.40 0.39 0.55 0.83 1.10 1.28 1.35 1.26 1.08 0.85 0.60
  3   0.36 0.19 0.14 0.28 0.63 0.98 1.30 1.52 1.58 1.47 1.25 0.98 0.68 0.41 0.25 0.27 0.47 0.78 1.12 1.34 1.42 1.32 1.12 0.86
  4   0.58 0.32 0.13 0.08 0.30 0.73 1.13 1.45 1.66 1.68 1.51 1.24 0.94 0.63 0.36 0.21 0.22 0.47 0.85 1.17 1.38 1.43 1.30 1.08
  5   0.80 0.52 0.26 0.10 0.09 0.39 0.82 1.24 1.56 1.74 1.69 1.46 1.15 0.78 0.43 0.16 0.03 0.15 0.49 0.88 1.20 1.40 1.39 1.23
  6   1.00 0.72 0.43 0.19 0.07 0.17 0.54 0.97 1.38 1.68 1.81 1.69 1.46 1.15 0.80 0.47 0.23 0.12 0.25 0.60 0.97 1.26 1.42 1.39
  7   1.22 0.97 0.68 0.40 0.20 0.12 0.30 0.71 1.15 1.51 1.72 1.78 1.65 1.40 1.09 0.76 0.46 0.25 0.18 0.36 0.69 1.01 1.26 1.37
  8   1.31 1.15 0.93 0.70 0.47 0.31 0.27 0.47 0.86 1.25 1.54 1.70 1.68 1.51 1.26 0.96 0.67 0.42 0.26 0.24 0.45 0.76 1.06 1.24
  9   1.26 1.16 0.98 0.76 0.54 0.35 0.25 0.29 0.56 0.93 1.27 1.51 1.63 1.54 1.34 1.09 0.81 0.55 0.33 0.24 0.32 0.58 0.86 1.09
 10   1.22 1.20 1.07 0.87 0.65 0.45 0.31 0.29 0.45 0.74 1.06 1.32 1.46 1.48 1.36 1.17 0.94 0.71 0.49 0.33 0.28 0.39 0.61 0.82
 11   0.98 1.06 1.02 0.92 0.77 0.60 0.45 0.37 0.36 0.49 0.72 0.98 1.17 1.28 1.29 1.20 1.06 0.90 0.72 0.56 0.44 0.39 0.45 0.61
 12   0.78 0.91 0.96 0.93 0.83 0.71 0.59 0.49 0.44 0.48 0.60 0.80 1.01 1.17 1.25 1.22 1.13 0.98 0.83 0.67 0.54 0.46 0.45 0.55
 13   0.70 0.85 0.96 1.00 0.97 0.90 0.81 0.71 0.62 0.58 0.60 0.70 0.83 0.98 1.09 1.14 1.13 1.06 0.95 0.81 0.67 0.56 0.49 0.50
 14   0.57 0.68 0.81 0.92 0.98 0.98 0.93 0.85 0.77 0.70 0.66 0.66 0.71 0.81 0.92 1.02 1.08 1.08 1.03 0.93 0.81 0.69 0.58 0.51
 15   0.50 0.56 0.68 0.82 0.94 1.02 1.04 1.01 0.94 0.86 0.79 0.73 0.70 0.71 0.79 0.89 0.99 1.06 1.08 1.04 0.95 0.83 0.70 0.59
 16   0.52 0.51 0.56 0.70 0.86 1.02 1.12 1.16 1.12 1.03 0.91 0.79 0.69 0.63 0.63 0.70 0.83 0.96 1.04 1.06 1.00 0.90 0.78 0.64
 17   0.52 0.45 0.45 0.55 0.76 0.98 1.17 1.29 1.30 1.22 1.08 0.90 0.73 0.59 0.52 0.54 0.67 0.85 1.01 1.11 1.10 1.01 0.87 0.70
 18   0.55 0.42 0.36 0.44 0.62 0.89 1.15 1.34 1.42 1.37 1.24 1.05 0.84 0.66 0.52 0.46 0.53 0.72 0.94 1.11 1.19 1.16 1.02 0.84
 19   0.65 0.48 0.36 0.34 0.51 0.78 1.11 1.36 1.51 1.52 1.41 1.21 0.97 0.72 0.51 0.39 0.40 0.58 0.86 1.09 1.25 1.26 1.15 0.97
 20   0.76 0.55 0.36 0.29 0.36 0.62 0.97 1.30 1.54 1.64 1.58 1.40 1.16 0.88 0.61 0.42 0.33 0.42 0.70 0.99 1.22 1.33 1.27 1.11
 21   0.90 0.64 0.40 0.24 0.22 0.40 0.75 1.14 1.48 1.68 1.70 1.55 1.31 1.02 0.72 0.46 0.28 0.25 0.44 0.76 1.07 1.26 1.31 1.19
 22   1.00 0.75 0.48 0.26 0.14 0.20 0.50 0.90 1.31 1.61 1.74 1.66 1.46 1.16 0.83 0.50 0.26 0.15 0.23 0.52 0.86 1.14 1.30 1.29
 23   1.14 0.92 0.66 0.40 0.20 0.12 0.28 0.62 1.04 1.41 1.66 1.72 1.58 1.34 1.02 0.68 0.38 0.17 0.10 0.29 0.63 0.96 1.22 1.33
 24   1.26 1.09 0.84 0.57 0.33 0.18 0.19 0.42 0.82 1.23 1.54 1.71 1.70 1.54 1.27 0.96 0.66 0.38 0.20 0.19 0.41 0.73 1.04 1.27
 25   1.33 1.23 1.04 0.79 0.53 0.32 0.22 0.31 0.60 1.00 1.37 1.62 1.71 1.62 1.42 1.14 0.83 0.53 0.26 0.19 0.28 0.58 0.92 1.17
 26   1.30 1.30 1.17 0.97 0.73 0.49 0.32 0.29 0.44 0.75 1.13 1.43 1.60 1.64 1.52 1.30 1.02 0.73 0.45 0.25 0.18 0.30 0.60 0.92
 27   1.14 1.24 1.22 1.12 0.94 0.74 0.54 0.40 0.38 0.52 0.81 1.14 1.38 1.51 1.50 1.38 1.17 0.92 0.65 0.40 0.23 0.20 0.37 0.67
 28   0.94 1.14 1.24 1.25 1.15 0.98 0.78 0.60 0.47 0.44 0.56 0.77 1.05 1.26 1.39 1.41 1.31 1.13 0.90 0.66 0.45 0.30 0.28 0.42
 29   0.66 0.94 1.16 1.29 1.31 1.23 1.08 0.90 0.73 0.59 0.54 0.61 0.78 1.00 1.20 1.33 1.35 1.28 1.11 0.91 0.67 0.46 0.30 0.25
 30   0.37 0.60 0.90 1.15 1.32 1.38 1.32 1.18 0.99 0.79 0.60 0.50 0.52 0.65 0.85 1.05 1.21 1.28 1.23 1.09 0.90 0.67 0.46 0.30
 ----------------------------------------------------------------------------------------------------------------------------
                                                                                               
 ----------------------------------------------------------------------------------------------------------------------------
 ----------------------------------------------------------------------------------------------------------------------------
                                                          SURVEY OF INDIA
                                                    MARINE GEODESY WING (G&RB)
                                                     HOURLY HEIGHTS IN METRES
  NAME OF PORT:- PORT BLAIR                                                                         MONTH JULY      YEAR 2020
 ----------------------------------------------------------------------------------------------------------------------------
 DAYS 0000 0001 0002 0003 0004 0005 0006 0007 0008 0009 0010 0011 0012 0013 0014 0015 0016 0017 0018 0019 0020 0021 0022 0023
 ----------------------------------------------------------------------------------------------------------------------------
  1   0.25 0.36 0.60 0.91 1.18 1.38 1.47 1.43 1.28 1.08 0.85 0.64 0.48 0.43 0.52 0.71 0.94 1.13 1.25 1.24 1.12 0.93 0.70 0.46
  2   0.28 0.19 0.29 0.57 0.91 1.23 1.45 1.55 1.52 1.37 1.15 0.89 0.63 0.44 0.36 0.44 0.64 0.93 1.16 1.29 1.30 1.17 0.97 0.71
  3   0.47 0.29 0.22 0.33 0.64 1.02 1.37 1.60 1.68 1.64 1.50 1.24 0.94 0.64 0.42 0.34 0.43 0.70 1.01 1.27 1.41 1.40 1.27 1.05
  4   0.80 0.54 0.33 0.26 0.37 0.71 1.11 1.48 1.72 1.80 1.70 1.48 1.19 0.87 0.57 0.36 0.28 0.40 0.71 1.05 1.32 1.45 1.40 1.21
  5   0.96 0.68 0.41 0.22 0.20 0.40 0.79 1.25 1.60 1.81 1.82 1.66 1.40 1.06 0.71 0.42 0.23 0.22 0.44 0.79 1.13 1.37 1.46 1.37
  6   1.17 0.91 0.64 0.40 0.26 0.29 0.55 0.97 1.39 1.71 1.87 1.84 1.64 1.35 1.00 0.66 0.38 0.24 0.30 0.58 0.93 1.24 1.44 1.47
  7   1.36 1.14 0.87 0.60 0.38 0.29 0.40 0.72 1.12 1.51 1.76 1.84 1.75 1.52 1.20 0.86 0.54 0.30 0.24 0.39 0.73 1.07 1.34 1.47
  8   1.45 1.30 1.06 0.80 0.54 0.36 0.35 0.56 0.92 1.33 1.65 1.82 1.83 1.66 1.40 1.09 0.74 0.44 0.28 0.29 0.52 0.84 1.15 1.37
  9   1.44 1.36 1.17 0.93 0.68 0.46 0.36 0.42 0.65 1.01 1.36 1.61 1.72 1.65 1.45 1.18 0.89 0.60 0.38 0.30 0.39 0.66 0.97 1.22
 10   1.36 1.39 1.27 1.07 0.84 0.63 0.48 0.44 0.56 0.82 1.14 1.42 1.60 1.63 1.50 1.28 1.02 0.75 0.52 0.37 0.36 0.48 0.78 1.05
 11   1.26 1.36 1.31 1.18 1.00 0.81 0.65 0.54 0.54 0.68 0.93 1.20 1.42 1.54 1.50 1.36 1.15 0.92 0.70 0.52 0.44 0.49 0.65 0.90
 12   1.14 1.28 1.33 1.28 1.16 1.01 0.85 0.71 0.63 0.66 0.80 1.01 1.22 1.37 1.42 1.35 1.21 1.03 0.82 0.64 0.52 0.50 0.60 0.77
 13   0.98 1.16 1.28 1.32 1.26 1.13 0.98 0.84 0.73 0.69 0.73 0.85 1.00 1.15 1.24 1.26 1.20 1.09 0.94 0.78 0.64 0.56 0.54 0.61
 14   0.77 0.96 1.12 1.24 1.27 1.22 1.13 1.02 0.89 0.79 0.75 0.78 0.88 1.00 1.11 1.19 1.20 1.16 1.07 0.94 0.80 0.67 0.59 0.58
 15   0.65 0.78 0.96 1.13 1.25 1.30 1.28 1.21 1.10 0.98 0.86 0.78 0.75 0.79 0.87 0.97 1.05 1.08 1.07 1.00 0.89 0.77 0.66 0.58
 16   0.57 0.62 0.75 0.91 1.11 1.27 1.34 1.32 1.24 1.12 0.97 0.83 0.71 0.66 0.68 0.76 0.88 1.00 1.07 1.08 1.02 0.91 0.77 0.64
 17   0.54 0.50 0.55 0.70 0.92 1.14 1.33 1.42 1.40 1.31 1.16 0.97 0.78 0.64 0.56 0.58 0.69 0.86 1.04 1.15 1.17 1.09 0.96 0.79
 18   0.64 0.51 0.46 0.53 0.73 1.02 1.28 1.48 1.56 1.51 1.36 1.16 0.92 0.69 0.52 0.47 0.53 0.72 0.96 1.15 1.26 1.25 1.13 0.96
 19   0.74 0.54 0.40 0.38 0.51 0.84 1.14 1.42 1.63 1.65 1.54 1.35 1.09 0.82 0.57 0.40 0.38 0.52 0.79 1.06 1.27 1.36 1.30 1.14
 20   0.94 0.70 0.48 0.34 0.35 0.54 0.89 1.27 1.56 1.72 1.70 1.56 1.32 1.00 0.70 0.44 0.27 0.33 0.54 0.82 1.12 1.38 1.46 1.36
 21   1.13 0.89 0.61 0.38 0.25 0.38 0.69 1.10 1.50 1.78 1.88 1.79 1.59 1.30 0.92 0.60 0.35 0.25 0.35 0.67 1.03 1.33 1.49 1.48
 22   1.32 1.08 0.78 0.50 0.30 0.24 0.42 0.82 1.27 1.64 1.86 1.89 1.74 1.48 1.13 0.77 0.44 0.22 0.20 0.42 0.80 1.18 1.46 1.58
 23   1.51 1.32 1.04 0.73 0.45 0.28 0.29 0.56 1.02 1.46 1.78 1.96 1.92 1.72 1.41 1.03 0.65 0.34 0.17 0.23 0.52 0.92 1.27 1.51
 24   1.56 1.48 1.26 0.98 0.68 0.43 0.31 0.38 0.67 1.16 1.56 1.82 1.92 1.82 1.58 1.24 0.85 0.49 0.23 0.14 0.29 0.64 1.03 1.36
 25   1.56 1.58 1.44 1.20 0.91 0.62 0.41 0.34 0.46 0.78 1.19 1.54 1.75 1.80 1.66 1.41 1.08 0.73 0.42 0.21 0.19 0.40 0.76 1.14
 26   1.42 1.56 1.54 1.38 1.15 0.89 0.63 0.46 0.42 0.58 0.86 1.20 1.50 1.65 1.65 1.50 1.26 0.95 0.64 0.38 0.24 0.27 0.49 0.82
 27   1.16 1.40 1.52 1.49 1.34 1.14 0.91 0.69 0.55 0.54 0.67 0.93 1.21 1.42 1.53 1.50 1.37 1.13 0.86 0.60 0.41 0.33 0.39 0.58
 28   0.88 1.14 1.34 1.44 1.41 1.28 1.11 0.91 0.72 0.61 0.59 0.70 0.88 1.08 1.24 1.32 1.31 1.22 1.06 0.86 0.66 0.50 0.42 0.44
 29   0.59 0.79 1.02 1.22 1.35 1.36 1.28 1.16 1.01 0.86 0.72 0.64 0.64 0.74 0.88 1.02 1.12 1.15 1.10 0.99 0.84 0.69 0.54 0.45
 30   0.43 0.48 0.64 0.91 1.13 1.30 1.36 1.32 1.21 1.07 0.90 0.74 0.61 0.56 0.60 0.72 0.87 1.00 1.08 1.09 1.03 0.91 0.77 0.62
 31   0.51 0.46 0.52 0.68 0.96 1.20 1.39 1.49 1.46 1.35 1.17 0.96 0.75 0.58 0.48 0.49 0.63 0.83 1.02 1.16 1.21 1.15 1.02 0.85
 ----------------------------------------------------------------------------------------------------------------------------
                                                                                               
 ----------------------------------------------------------------------------------------------------------------------------
 ----------------------------------------------------------------------------------------------------------------------------
                                                          SURVEY OF INDIA
                                                    MARINE GEODESY WING (G&RB)
                                                     HOURLY HEIGHTS IN METRES
  NAME OF PORT:- PORT BLAIR                                                                         MONTH AUGUST    YEAR 2020
 ----------------------------------------------------------------------------------------------------------------------------
 DAYS 0000 0001 0002 0003 0004 0005 0006 0007 0008 0009 0010 0011 0012 0013 0014 0015 0016 0017 0018 0019 0020 0021 0022 0023
 ----------------------------------------------------------------------------------------------------------------------------
  1   0.68 0.54 0.46 0.48 0.65 0.96 1.28 1.50 1.60 1.58 1.46 1.26 1.03 0.79 0.58 0.47 0.48 0.62 0.88 1.12 1.27 1.30 1.22 1.06
  2   0.85 0.64 0.46 0.36 0.40 0.62 0.98 1.33 1.56 1.66 1.62 1.46 1.22 0.94 0.66 0.43 0.31 0.35 0.57 0.86 1.13 1.27 1.29 1.19
  3   1.02 0.81 0.59 0.42 0.34 0.42 0.75 1.16 1.48 1.68 1.74 1.65 1.46 1.19 0.89 0.61 0.41 0.33 0.44 0.77 1.10 1.34 1.40 1.37
  4   1.22 1.01 0.77 0.54 0.37 0.34 0.50 0.92 1.32 1.62 1.78 1.79 1.63 1.38 1.06 0.77 0.51 0.35 0.33 0.56 0.94 1.24 1.43 1.49
  5   1.37 1.17 0.92 0.66 0.44 0.33 0.40 0.73 1.17 1.54 1.80 1.88 1.79 1.54 1.22 0.88 0.56 0.34 0.28 0.45 0.81 1.18 1.42 1.55
  6   1.50 1.34 1.08 0.80 0.54 0.36 0.35 0.55 0.96 1.36 1.67 1.83 1.80 1.60 1.31 0.99 0.66 0.38 0.25 0.31 0.58 0.96 1.26 1.47
  7   1.51 1.40 1.20 0.94 0.67 0.45 0.36 0.44 0.74 1.13 1.46 1.68 1.74 1.64 1.41 1.11 0.77 0.48 0.30 0.27 0.45 0.78 1.12 1.38
  8   1.48 1.46 1.30 1.08 0.82 0.58 0.41 0.39 0.55 0.87 1.24 1.52 1.64 1.59 1.41 1.16 0.85 0.57 0.36 0.28 0.40 0.72 1.02 1.27
  9   1.42 1.44 1.33 1.14 0.91 0.66 0.48 0.41 0.50 0.76 1.09 1.35 1.50 1.52 1.40 1.20 0.96 0.68 0.45 0.33 0.35 0.54 0.80 1.07
 10   1.26 1.34 1.31 1.18 1.00 0.80 0.63 0.50 0.49 0.60 0.85 1.08 1.27 1.37 1.34 1.21 1.02 0.82 0.62 0.47 0.40 0.46 0.64 0.88
 11   1.09 1.24 1.29 1.25 1.14 0.99 0.83 0.69 0.61 0.60 0.72 0.88 1.05 1.17 1.20 1.18 1.07 0.94 0.78 0.63 0.53 0.50 0.58 0.73
 12   0.90 1.08 1.19 1.23 1.19 1.09 0.97 0.86 0.76 0.70 0.69 0.76 0.86 0.98 1.06 1.08 1.05 0.96 0.85 0.74 0.64 0.58 0.56 0.60
 13   0.72 0.88 1.02 1.11 1.15 1.13 1.06 0.98 0.90 0.82 0.76 0.74 0.76 0.82 0.90 0.96 0.99 0.98 0.93 0.85 0.76 0.68 0.62 0.60
 14   0.62 0.72 0.84 0.97 1.08 1.15 1.16 1.12 1.04 0.94 0.84 0.74 0.66 0.64 0.68 0.75 0.84 0.91 0.94 0.93 0.88 0.80 0.70 0.62
 15   0.56 0.56 0.63 0.77 0.94 1.10 1.23 1.28 1.26 1.18 1.05 0.91 0.77 0.66 0.60 0.62 0.72 0.84 0.96 1.04 1.06 1.01 0.92 0.79
 16   0.67 0.57 0.54 0.58 0.76 1.02 1.25 1.41 1.47 1.46 1.36 1.10 0.88 0.67 0.51 0.45 0.52 0.68 0.88 1.06 1.17 1.18 1.08 0.93
 17   0.76 0.58 0.46 0.44 0.57 0.81 1.14 1.42 1.60 1.63 1.54 1.33 1.07 0.80 0.56 0.40 0.36 0.49 0.78 1.07 1.26 1.34 1.28 1.14
 18   0.92 0.68 0.46 0.33 0.34 0.54 0.94 1.32 1.57 1.70 1.68 1.53 1.28 0.96 0.64 0.37 0.23 0.28 0.54 0.94 1.23 1.42 1.44 1.30
 19   1.07 0.79 0.49 0.26 0.16 0.26 0.60 1.06 1.46 1.70 1.80 1.70 1.48 1.15 0.78 0.44 0.19 0.11 0.29 0.67 1.08 1.39 1.56 1.52
 20   1.32 1.05 0.70 0.40 0.16 0.10 0.30 0.74 1.21 1.61 1.84 1.87 1.71 1.41 1.03 0.62 0.26 0.02 0.03 0.36 0.83 1.26 1.55 1.64
 21   1.55 1.33 1.01 0.65 0.34 0.13 0.14 0.44 0.94 1.41 1.74 1.91 1.86 1.62 1.27 0.86 0.45 0.14-0.02 0.13 0.55 1.02 1.43 1.66
 22   1.72 1.58 1.31 0.95 0.59 0.29 0.14 0.24 0.61 1.08 1.50 1.78 1.89 1.76 1.49 1.11 0.70 0.34 0.09 0.04 0.30 0.74 1.23 1.53
 23   1.72 1.71 1.52 1.26 0.95 0.56 0.31 0.21 0.36 0.75 1.16 1.51 1.72 1.78 1.60 1.30 0.93 0.57 0.27 0.10 0.16 0.46 0.92 1.28
 24   1.56 1.69 1.63 1.42 1.11 0.79 0.50 0.31 0.29 0.48 0.81 1.18 1.46 1.61 1.60 1.43 1.15 0.83 0.52 0.30 0.21 0.33 0.64 1.00
 25   1.32 1.52 1.60 1.53 1.34 1.09 0.83 0.60 0.47 0.46 0.62 0.89 1.13 1.34 1.44 1.40 1.26 1.05 0.82 0.60 0.45 0.39 0.48 0.69
 26   1.00 1.25 1.41 1.48 1.43 1.30 1.13 0.95 0.78 0.66 0.62 0.69 0.84 1.00 1.14 1.21 1.20 1.13 1.01 0.86 0.72 0.61 0.56 0.59
 27   0.72 0.92 1.12 1.26 1.33 1.33 1.26 1.14 1.00 0.87 0.75 0.68 0.68 0.76 0.88 1.00 1.07 1.09 1.07 0.99 0.89 0.78 0.68 0.62
 28   0.63 0.71 0.86 1.05 1.20 1.32 1.36 1.31 1.21 1.08 0.93 0.79 0.69 0.64 0.68 0.78 0.91 1.03 1.11 1.14 1.09 0.99 0.87 0.75
 29   0.66 0.61 0.66 0.81 1.01 1.21 1.37 1.45 1.43 1.33 1.18 1.01 0.82 0.66 0.58 0.59 0.69 0.87 1.04 1.17 1.23 1.20 1.11 0.97
 30   0.81 0.67 0.58 0.59 0.74 1.03 1.29 1.49 1.59 1.55 1.43 1.24 1.02 0.79 0.59 0.49 0.51 0.67 0.94 1.16 1.30 1.34 1.28 1.14
 31   0.96 0.76 0.59 0.50 0.52 0.76 1.10 1.40 1.58 1.65 1.62 1.48 1.27 1.01 0.75 0.54 0.44 0.48 0.70 1.02 1.25 1.38 1.39 1.28
 ----------------------------------------------------------------------------------------------------------------------------
                                                                                              
 ----------------------------------------------------------------------------------------------------------------------------
 ----------------------------------------------------------------------------------------------------------------------------
                                                          SURVEY OF INDIA
                                                    MARINE GEODESY WING (G&RB)
                                                     HOURLY HEIGHTS IN METRES
  NAME OF PORT:- PORT BLAIR                                                                         MONTH SEPT      YEAR 2020
 ----------------------------------------------------------------------------------------------------------------------------
 DAYS 0000 0001 0002 0003 0004 0005 0006 0007 0008 0009 0010 0011 0012 0013 0014 0015 0016 0017 0018 0019 0020 0021 0022 0023
 ----------------------------------------------------------------------------------------------------------------------------
  1   1.10 0.89 0.69 0.52 0.42 0.50 0.84 1.22 1.50 1.67 1.69 1.57 1.36 1.09 0.80 0.55 0.36 0.32 0.50 0.88 1.20 1.40 1.46 1.38
  2   1.18 0.96 0.70 0.49 0.33 0.32 0.59 0.99 1.37 1.64 1.72 1.62 1.40 1.11 0.79 0.50 0.28 0.20 0.39 0.73 1.10 1.40 1.53 1.49
  3   1.30 1.06 0.76 0.48 0.27 0.22 0.40 0.80 1.21 1.54 1.72 1.74 1.60 1.36 1.05 0.74 0.46 0.29 0.32 0.60 1.00 1.36 1.56 1.63
  4   1.52 1.31 1.04 0.76 0.50 0.34 0.34 0.59 1.00 1.38 1.64 1.73 1.66 1.46 1.18 0.88 0.58 0.37 0.30 0.48 0.84 1.20 1.49 1.64
  5   1.60 1.45 1.22 0.96 0.69 0.49 0.40 0.50 0.83 1.22 1.52 1.68 1.69 1.54 1.29 1.00 0.70 0.45 0.32 0.36 0.67 1.06 1.38 1.57
  6   1.63 1.54 1.33 1.06 0.78 0.53 0.38 0.39 0.62 0.97 1.29 1.50 1.57 1.50 1.32 1.10 0.84 0.61 0.43 0.37 0.54 0.86 1.20 1.44
  7   1.57 1.53 1.39 1.18 0.94 0.69 0.50 0.43 0.52 0.78 1.10 1.33 1.46 1.45 1.34 1.12 0.87 0.64 0.45 0.36 0.44 0.70 1.02 1.29
  8   1.46 1.49 1.40 1.25 1.04 0.82 0.64 0.52 0.51 0.67 0.92 1.18 1.35 1.41 1.35 1.20 1.00 0.79 0.61 0.49 0.48 0.64 0.90 1.17
  9   1.39 1.48 1.45 1.32 1.14 0.94 0.76 0.61 0.55 0.61 0.84 1.06 1.24 1.32 1.29 1.18 1.02 0.82 0.64 0.53 0.51 0.62 0.80 1.03
 10   1.24 1.37 1.40 1.33 1.20 1.04 0.88 0.74 0.67 0.66 0.74 0.88 1.02 1.12 1.16 1.11 1.01 0.89 0.76 0.66 0.59 0.58 0.66 0.80
 11   0.96 1.12 1.22 1.25 1.22 1.14 1.04 0.92 0.81 0.73 0.70 0.73 0.80 0.88 0.95 0.98 0.96 0.91 0.84 0.76 0.68 0.63 0.62 0.65
 12   0.73 0.85 0.97 1.07 1.13 1.15 1.12 1.04 0.95 0.85 0.75 0.66 0.63 0.65 0.70 0.77 0.84 0.88 0.88 0.85 0.79 0.71 0.63 0.56
 13   0.53 0.56 0.66 0.80 0.97 1.10 1.17 1.18 1.11 1.00 0.86 0.70 0.57 0.48 0.47 0.55 0.69 0.84 0.96 1.02 1.01 0.94 0.83 0.70
 14   0.58 0.50 0.49 0.60 0.83 1.07 1.26 1.38 1.39 1.28 1.11 0.90 0.67 0.49 0.38 0.37 0.53 0.78 1.03 1.19 1.25 1.20 1.05 0.86
 15   0.65 0.46 0.36 0.38 0.58 0.89 1.23 1.49 1.60 1.54 1.37 1.13 0.84 0.56 0.34 0.23 0.30 0.60 0.94 1.24 1.41 1.42 1.28 1.06
 16   0.78 0.51 0.30 0.21 0.33 0.65 1.08 1.45 1.70 1.76 1.62 1.35 1.01 0.65 0.33 0.11 0.06 0.29 0.70 1.12 1.46 1.62 1.58 1.37
 17   1.06 0.73 0.41 0.18 0.11 0.34 0.76 1.26 1.64 1.86 1.87 1.66 1.33 0.92 0.51 0.18-0.01 0.05 0.42 0.91 1.37 1.67 1.79 1.67
 18   1.39 1.03 0.64 0.30 0.09 0.11 0.44 0.94 1.43 1.78 1.95 1.86 1.60 1.24 0.78 0.37 0.05-0.07 0.13 0.61 1.12 1.53 1.79 1.86
 19   1.68 1.37 0.99 0.62 0.31 0.14 0.21 0.60 1.09 1.54 1.84 1.95 1.81 1.51 1.11 0.68 0.29 0.03-0.01 0.31 0.80 1.27 1.65 1.87
 20   1.83 1.61 1.26 0.87 0.50 0.22 0.12 0.29 0.71 1.16 1.53 1.74 1.73 1.52 1.19 0.80 0.41 0.09-0.06 0.07 0.46 0.95 1.37 1.66
 21   1.76 1.63 1.35 0.98 0.60 0.28 0.08 0.10 0.38 0.77 1.16 1.46 1.59 1.51 1.27 0.94 0.59 0.26 0.05 0.03 0.28 0.69 1.11 1.44
 22   1.65 1.63 1.45 1.16 0.83 0.50 0.24 0.15 0.25 0.53 0.88 1.18 1.39 1.44 1.32 1.08 0.80 0.50 0.27 0.16 0.24 0.48 0.83 1.15
 23   1.39 1.50 1.48 1.32 1.08 0.80 0.54 0.37 0.32 0.42 0.62 0.86 1.08 1.22 1.22 1.12 0.95 0.73 0.54 0.39 0.35 0.42 0.60 0.86
 24   1.10 1.28 1.36 1.29 1.15 0.97 0.76 0.58 0.46 0.43 0.49 0.62 0.78 0.91 0.99 1.00 0.92 0.81 0.69 0.57 0.49 0.47 0.53 0.65
 25   0.80 0.96 1.10 1.17 1.16 1.09 0.98 0.85 0.72 0.62 0.55 0.53 0.58 0.67 0.77 0.84 0.89 0.90 0.86 0.80 0.73 0.65 0.59 0.57
 26   0.58 0.66 0.77 0.89 1.00 1.07 1.09 1.04 0.95 0.83 0.71 0.59 0.50 0.47 0.50 0.59 0.70 0.82 0.90 0.93 0.89 0.81 0.71 0.61
 27   0.53 0.50 0.55 0.68 0.86 1.05 1.18 1.22 1.17 1.05 0.87 0.68 0.50 0.36 0.32 0.39 0.55 0.77 0.96 1.09 1.11 1.04 0.91 0.74
 28   0.58 0.45 0.41 0.49 0.68 0.94 1.19 1.35 1.40 1.31 1.13 0.92 0.67 0.46 0.32 0.34 0.47 0.74 1.01 1.22 1.33 1.29 1.15 0.95
 29   0.72 0.51 0.37 0.36 0.51 0.80 1.13 1.39 1.55 1.54 1.40 1.16 0.88 0.59 0.36 0.24 0.30 0.54 0.86 1.18 1.38 1.44 1.33 1.12
 30   0.86 0.58 0.36 0.25 0.30 0.55 0.90 1.24 1.49 1.59 1.51 1.30 1.00 0.68 0.39 0.19 0.15 0.32 0.66 1.02 1.32 1.49 1.47 1.30
 ----------------------------------------------------------------------------------------------------------------------------
                                                                                               
 ----------------------------------------------------------------------------------------------------------------------------
 ----------------------------------------------------------------------------------------------------------------------------
                                                          SURVEY OF INDIA
                                                    MARINE GEODESY WING (G&RB)
                                                     HOURLY HEIGHTS IN METRES
  NAME OF PORT:- PORT BLAIR                                                                         MONTH OCTOBER   YEAR 2020
 ----------------------------------------------------------------------------------------------------------------------------
 DAYS 0000 0001 0002 0003 0004 0005 0006 0007 0008 0009 0010 0011 0012 0013 0014 0015 0016 0017 0018 0019 0020 0021 0022 0023
 ----------------------------------------------------------------------------------------------------------------------------
  1   1.04 0.75 0.46 0.26 0.19 0.34 0.69 1.08 1.40 1.57 1.60 1.44 1.17 0.85 0.52 0.27 0.15 0.24 0.52 0.93 1.29 1.54 1.60 1.49
  2   1.26 0.97 0.65 0.38 0.23 0.25 0.51 0.90 1.28 1.55 1.64 1.53 1.28 0.95 0.62 0.32 0.13 0.14 0.40 0.82 1.21 1.50 1.66 1.61
  3   1.40 1.11 0.76 0.45 0.22 0.18 0.36 0.72 1.12 1.42 1.60 1.60 1.41 1.12 0.78 0.46 0.22 0.15 0.31 0.67 1.08 1.42 1.65 1.70
  4   1.55 1.30 0.97 0.64 0.37 0.24 0.30 0.58 0.95 1.30 1.54 1.62 1.50 1.25 0.92 0.59 0.32 0.18 0.25 0.55 0.94 1.31 1.58 1.71
  5   1.63 1.40 1.09 0.75 0.44 0.26 0.22 0.42 0.75 1.11 1.38 1.54 1.49 1.30 1.02 0.70 0.41 0.24 0.22 0.42 0.76 1.13 1.42 1.60
  6   1.61 1.47 1.20 0.90 0.63 0.38 0.25 0.31 0.56 0.88 1.18 1.36 1.41 1.31 1.08 0.80 0.54 0.33 0.24 0.32 0.56 0.89 1.19 1.41
  7   1.51 1.47 1.29 1.04 0.76 0.53 0.36 0.30 0.43 0.68 0.96 1.18 1.28 1.24 1.08 0.86 0.63 0.44 0.31 0.29 0.43 0.69 0.98 1.22
  8   1.38 1.41 1.31 1.12 0.89 0.66 0.49 0.38 0.40 0.56 0.79 1.00 1.15 1.18 1.09 0.93 0.74 0.55 0.42 0.37 0.44 0.60 0.84 1.08
  9   1.27 1.35 1.32 1.18 1.00 0.81 0.65 0.54 0.51 0.57 0.71 0.88 1.02 1.09 1.08 0.99 0.86 0.72 0.60 0.53 0.53 0.61 0.75 0.93
 10   1.11 1.23 1.29 1.26 1.17 1.04 0.91 0.78 0.69 0.65 0.66 0.74 0.84 0.93 0.99 1.00 0.96 0.89 0.81 0.74 0.68 0.65 0.68 0.76
 11   0.87 0.98 1.09 1.16 1.18 1.15 1.08 1.00 0.91 0.82 0.74 0.69 0.68 0.71 0.77 0.84 0.90 0.94 0.94 0.90 0.84 0.78 0.72 0.68
 12   0.68 0.72 0.82 0.95 1.08 1.17 1.21 1.19 1.11 0.99 0.85 0.72 0.61 0.55 0.56 0.66 0.80 0.93 1.04 1.09 1.06 0.97 0.85 0.73
 13   0.64 0.59 0.62 0.74 0.94 1.14 1.31 1.38 1.34 1.21 1.03 0.82 0.61 0.46 0.40 0.48 0.66 0.92 1.15 1.30 1.33 1.23 1.05 0.83
 14   0.62 0.46 0.42 0.48 0.69 1.00 1.30 1.51 1.58 1.48 1.27 1.00 0.70 0.43 0.26 0.23 0.40 0.73 1.10 1.38 1.54 1.53 1.35 1.11
 15   0.81 0.54 0.35 0.30 0.45 0.79 1.18 1.52 1.72 1.75 1.56 1.26 0.91 0.54 0.25 0.08 0.14 0.46 0.91 1.34 1.64 1.78 1.69 1.44
 16   1.10 0.73 0.42 0.21 0.19 0.44 0.88 1.33 1.68 1.85 1.84 1.67 1.20 0.78 0.40 0.11 0.01 0.20 0.68 1.15 1.60 1.86 1.92 1.74
 17   1.42 1.04 0.64 0.30 0.11 0.16 0.50 0.97 1.42 1.73 1.84 1.71 1.40 1.00 0.57 0.19-0.04-0.02 0.34 0.82 1.32 1.71 1.92 1.93
 18   1.70 1.32 0.91 0.51 0.19 0.05 0.19 0.59 1.06 1.49 1.76 1.82 1.59 1.23 0.80 0.39 0.07-0.07 0.09 0.51 1.03 1.50 1.83 1.95
 19   1.84 1.50 1.10 0.68 0.30 0.05 0.02 0.28 0.72 1.18 1.53 1.70 1.65 1.40 1.04 0.62 0.27 0.02-0.01 0.23 0.67 1.16 1.55 1.78
 20   1.84 1.66 1.35 0.94 0.55 0.23 0.06 0.12 0.40 0.81 1.18 1.42 1.53 1.44 1.19 0.83 0.48 0.20 0.07 0.14 0.42 0.84 1.25 1.55
 21   1.71 1.70 1.48 1.16 0.79 0.47 0.25 0.17 0.28 0.56 0.88 1.15 1.31 1.32 1.21 0.96 0.67 0.42 0.24 0.20 0.36 0.64 0.96 1.26
 22   1.47 1.54 1.46 1.23 0.95 0.66 0.43 0.28 0.27 0.41 0.64 0.88 1.09 1.19 1.16 1.05 0.85 0.66 0.50 0.42 0.44 0.58 0.79 1.02
 23   1.24 1.37 1.40 1.33 1.16 0.94 0.74 0.58 0.49 0.50 0.59 0.73 0.87 0.98 1.04 1.03 0.94 0.81 0.70 0.61 0.58 0.60 0.70 0.82
 24   0.95 1.08 1.17 1.20 1.16 1.07 0.95 0.82 0.70 0.60 0.55 0.56 0.63 0.72 0.81 0.88 0.91 0.89 0.84 0.78 0.72 0.67 0.64 0.65
 25   0.70 0.80 0.93 1.05 1.13 1.15 1.11 1.02 0.89 0.76 0.62 0.52 0.48 0.50 0.58 0.71 0.84 0.95 1.01 1.00 0.93 0.84 0.73 0.63
 26   0.58 0.60 0.69 0.84 1.00 1.14 1.22 1.20 1.11 0.96 0.78 0.59 0.44 0.37 0.39 0.52 0.70 0.90 1.07 1.17 1.16 1.06 0.92 0.74
 27   0.58 0.49 0.50 0.62 0.81 1.04 1.23 1.33 1.30 1.18 0.96 0.73 0.44 0.31 0.28 0.36 0.56 0.82 1.08 1.26 1.32 1.23 1.06 0.83
 28   0.60 0.42 0.32 0.38 0.56 0.84 1.12 1.31 1.37 1.28 1.09 0.84 0.56 0.32 0.19 0.21 0.41 0.71 1.03 1.28 1.42 1.39 1.21 0.96
 29   0.67 0.41 0.23 0.19 0.34 0.63 0.96 1.24 1.41 1.42 1.26 1.01 0.72 0.44 0.22 0.14 0.26 0.54 0.91 1.24 1.48 1.56 1.48 1.26
 30   0.92 0.61 0.34 0.19 0.22 0.47 0.81 1.16 1.42 1.52 1.46 1.24 0.93 0.59 0.31 0.14 0.18 0.44 0.81 1.20 1.52 1.67 1.65 1.46
 31   1.14 0.76 0.43 0.20 0.11 0.26 0.58 0.97 1.29 1.47 1.50 1.32 1.02 0.65 0.34 0.10 0.05 0.23 0.59 1.01 1.39 1.62 1.68 1.56
 ----------------------------------------------------------------------------------------------------------------------------
                                                                                               
 ----------------------------------------------------------------------------------------------------------------------------
 ----------------------------------------------------------------------------------------------------------------------------
                                                          SURVEY OF INDIA
                                                    MARINE GEODESY WING (G&RB)
                                                     HOURLY HEIGHTS IN METRES
  NAME OF PORT:- PORT BLAIR                                                                         MONTH NOVEMBER  YEAR 2020
 ----------------------------------------------------------------------------------------------------------------------------
 DAYS 0000 0001 0002 0003 0004 0005 0006 0007 0008 0009 0010 0011 0012 0013 0014 0015 0016 0017 0018 0019 0020 0021 0022 0023
 ----------------------------------------------------------------------------------------------------------------------------
  1   1.26 0.87 0.50 0.20 0.03 0.09 0.36 0.76 1.14 1.39 1.46 1.37 1.11 0.75 0.41 0.14 0.00 0.10 0.40 0.82 1.25 1.56 1.70 1.66
  2   1.43 1.08 0.69 0.34 0.10 0.04 0.22 0.57 0.96 1.28 1.45 1.44 1.25 0.93 0.59 0.30 0.09 0.07 0.28 0.64 1.09 1.47 1.68 1.72
  3   1.55 1.24 0.85 0.49 0.21 0.06 0.14 0.43 0.82 1.18 1.41 1.46 1.35 1.08 0.74 0.43 0.18 0.09 0.21 0.50 0.93 1.35 1.61 1.69
  4   1.62 1.36 1.03 0.66 0.35 0.15 0.11 0.30 0.64 1.01 1.28 1.40 1.36 1.16 0.84 0.54 0.28 0.14 0.18 0.40 0.78 1.18 1.50 1.66
  5   1.68 1.49 1.20 0.84 0.52 0.30 0.20 0.28 0.51 0.81 1.09 1.27 1.30 1.16 0.94 0.69 0.44 0.27 0.24 0.37 0.62 0.96 1.27 1.50
  6   1.57 1.51 1.28 0.99 0.70 0.45 0.28 0.26 0.39 0.61 0.84 1.07 1.18 1.14 0.99 0.78 0.57 0.40 0.31 0.33 0.48 0.71 0.98 1.21
  7   1.37 1.39 1.28 1.09 0.85 0.63 0.45 0.35 0.37 0.50 0.68 0.86 1.00 1.05 0.99 0.87 0.72 0.57 0.45 0.41 0.46 0.58 0.76 0.95
  8   1.15 1.25 1.26 1.21 1.06 0.88 0.71 0.57 0.48 0.46 0.53 0.65 0.79 0.90 0.95 0.94 0.87 0.77 0.67 0.59 0.55 0.57 0.65 0.78
  9   0.95 1.09 1.19 1.22 1.18 1.08 0.94 0.78 0.64 0.53 0.49 0.51 0.60 0.71 0.84 0.94 0.99 0.98 0.92 0.83 0.73 0.65 0.61 0.62
 10   0.69 0.80 0.95 1.08 1.17 1.19 1.13 1.02 0.86 0.70 0.55 0.43 0.40 0.48 0.62 0.81 1.00 1.13 1.18 1.14 1.02 0.87 0.71 0.58
 11   0.51 0.54 0.66 0.86 1.07 1.24 1.32 1.29 1.16 0.97 0.75 0.53 0.36 0.30 0.39 0.59 0.86 1.14 1.35 1.43 1.36 1.19 0.97 0.75
 12   0.54 0.43 0.43 0.57 0.84 1.14 1.38 1.50 1.44 1.27 1.03 0.76 0.49 0.30 0.24 0.33 0.66 1.04 1.38 1.58 1.65 1.53 1.31 1.03
 13   0.72 0.49 0.36 0.38 0.61 0.97 1.32 1.56 1.66 1.59 1.37 1.03 0.70 0.40 0.19 0.14 0.35 0.79 1.25 1.64 1.84 1.87 1.71 1.43
 14   1.06 0.69 0.41 0.26 0.30 0.65 1.08 1.46 1.69 1.74 1.61 1.32 0.94 0.56 0.24 0.06 0.08 0.44 0.98 1.49 1.88 1.97 1.91 1.63
 15   1.20 0.80 0.41 0.14 0.06 0.26 0.70 1.15 1.52 1.71 1.71 1.50 1.14 0.74 0.36 0.06-0.06 0.12 0.60 1.16 1.63 1.93 2.00 1.89
 16   1.56 1.13 0.69 0.29 0.06 0.01 0.26 0.73 1.19 1.52 1.67 1.60 1.39 1.05 0.64 0.29 0.06 0.02 0.29 0.80 1.32 1.71 1.91 1.93
 17   1.75 1.43 1.03 0.63 0.29 0.09 0.08 0.35 0.80 1.20 1.46 1.55 1.45 1.21 0.89 0.54 0.25 0.09 0.14 0.47 0.96 1.40 1.72 1.84
 18   1.82 1.62 1.28 0.90 0.54 0.27 0.13 0.18 0.48 0.85 1.17 1.35 1.38 1.25 1.03 0.75 0.48 0.27 0.19 0.30 0.62 1.07 1.41 1.61
 19   1.68 1.59 1.38 1.09 0.76 0.47 0.26 0.19 0.31 0.60 0.91 1.14 1.24 1.21 1.07 0.87 0.64 0.45 0.33 0.33 0.49 0.79 1.13 1.38
 20   1.54 1.54 1.41 1.21 0.96 0.70 0.48 0.35 0.34 0.47 0.69 0.89 1.07 1.13 1.09 0.98 0.81 0.64 0.52 0.46 0.48 0.62 0.84 1.09
 21   1.30 1.39 1.37 1.26 1.09 0.89 0.69 0.54 0.44 0.44 0.54 0.69 0.85 0.96 1.00 0.98 0.90 0.79 0.69 0.62 0.59 0.61 0.69 0.84
 22   1.03 1.17 1.25 1.24 1.16 1.03 0.88 0.74 0.60 0.50 0.47 0.53 0.64 0.76 0.87 0.94 0.96 0.93 0.87 0.80 0.74 0.69 0.68 0.74
 23   0.85 0.96 1.06 1.12 1.14 1.13 1.07 0.97 0.85 0.73 0.63 0.57 0.56 0.60 0.69 0.81 0.91 0.98 1.01 0.99 0.93 0.86 0.79 0.73
 24   0.71 0.74 0.82 0.92 1.03 1.12 1.14 1.10 1.01 0.88 0.73 0.60 0.51 0.50 0.57 0.70 0.85 1.00 1.10 1.14 1.10 1.02 0.90 0.78
 25   0.68 0.63 0.65 0.74 0.88 1.04 1.14 1.18 1.14 1.02 0.87 0.70 0.55 0.45 0.45 0.55 0.73 0.98 1.16 1.27 1.27 1.19 1.05 0.87
 26   0.68 0.56 0.53 0.59 0.74 0.94 1.11 1.22 1.24 1.16 1.01 0.82 0.63 0.47 0.40 0.44 0.60 0.91 1.16 1.33 1.40 1.35 1.22 1.04
 27   0.83 0.64 0.50 0.46 0.55 0.76 1.03 1.20 1.28 1.23 1.10 0.91 0.69 0.49 0.36 0.33 0.47 0.80 1.13 1.36 1.49 1.49 1.38 1.18
 28   0.94 0.70 0.49 0.37 0.39 0.58 0.90 1.14 1.27 1.30 1.22 1.04 0.80 0.54 0.36 0.27 0.32 0.59 0.97 1.31 1.50 1.56 1.47 1.28
 29   1.03 0.76 0.51 0.33 0.28 0.41 0.70 1.02 1.23 1.30 1.23 1.04 0.80 0.54 0.31 0.18 0.21 0.44 0.85 1.23 1.51 1.63 1.60 1.43
 30   1.16 0.86 0.55 0.31 0.20 0.27 0.53 0.87 1.15 1.31 1.33 1.25 1.03 0.77 0.51 0.31 0.24 0.36 0.69 1.11 1.43 1.66 1.71 1.61
 ----------------------------------------------------------------------------------------------------------------------------
                                                                                               
 ----------------------------------------------------------------------------------------------------------------------------
 ----------------------------------------------------------------------------------------------------------------------------
                                                          SURVEY OF INDIA
                                                    MARINE GEODESY WING (G&RB)
                                                     HOURLY HEIGHTS IN METRES
  NAME OF PORT:- PORT BLAIR                                                                         MONTH DECEMBER  YEAR 2020
 ----------------------------------------------------------------------------------------------------------------------------
 DAYS 0000 0001 0002 0003 0004 0005 0006 0007 0008 0009 0010 0011 0012 0013 0014 0015 0016 0017 0018 0019 0020 0021 0022 0023
 ----------------------------------------------------------------------------------------------------------------------------
  1   1.41 1.12 0.81 0.52 0.32 0.27 0.40 0.74 1.08 1.31 1.39 1.33 1.16 0.92 0.66 0.42 0.28 0.28 0.49 0.90 1.29 1.58 1.72 1.69
  2   1.54 1.26 0.95 0.64 0.40 0.26 0.29 0.53 0.89 1.17 1.32 1.35 1.25 1.05 0.81 0.56 0.36 0.26 0.34 0.63 1.06 1.42 1.62 1.69
  3   1.62 1.43 1.17 0.86 0.57 0.37 0.29 0.37 0.66 1.01 1.22 1.33 1.32 1.21 1.02 0.78 0.55 0.39 0.34 0.46 0.81 1.20 1.47 1.63
  4   1.66 1.58 1.39 1.11 0.82 0.55 0.38 0.34 0.49 0.79 1.06 1.23 1.30 1.27 1.14 0.94 0.72 0.51 0.39 0.41 0.62 0.98 1.30 1.52
  5   1.62 1.63 1.52 1.31 1.07 0.81 0.57 0.44 0.44 0.60 0.87 1.10 1.23 1.26 1.22 1.08 0.88 0.69 0.51 0.45 0.51 0.76 1.06 1.33
  6   1.50 1.56 1.54 1.38 1.15 0.90 0.66 0.47 0.40 0.47 0.66 0.88 1.07 1.18 1.19 1.12 0.97 0.80 0.63 0.52 0.50 0.61 0.84 1.09
  7   1.30 1.41 1.45 1.40 1.26 1.08 0.88 0.67 0.52 0.45 0.49 0.64 0.86 1.02 1.11 1.12 1.05 0.93 0.81 0.70 0.62 0.60 0.68 0.83
  8   1.03 1.21 1.31 1.33 1.26 1.14 0.98 0.81 0.65 0.53 0.47 0.50 0.63 0.82 0.99 1.09 1.13 1.09 1.00 0.89 0.78 0.69 0.65 0.69
  9   0.80 0.94 1.06 1.15 1.20 1.20 1.14 1.02 0.87 0.72 0.60 0.51 0.50 0.58 0.77 0.97 1.10 1.18 1.20 1.16 1.07 0.96 0.85 0.76
 10   0.73 0.76 0.85 1.00 1.12 1.19 1.20 1.16 1.06 0.92 0.76 0.62 0.51 0.47 0.54 0.77 1.02 1.20 1.30 1.34 1.31 1.21 1.08 0.93
 11   0.78 0.69 0.68 0.75 0.92 1.10 1.20 1.24 1.20 1.09 0.94 0.76 0.59 0.46 0.42 0.51 0.80 1.10 1.34 1.46 1.49 1.42 1.27 1.08
 12   0.87 0.69 0.56 0.53 0.62 0.87 1.10 1.25 1.31 1.26 1.13 0.94 0.73 0.53 0.38 0.35 0.52 0.86 1.21 1.47 1.61 1.63 1.52 1.33
 13   1.08 0.83 0.61 0.48 0.46 0.61 0.90 1.15 1.32 1.37 1.29 1.12 0.89 0.65 0.44 0.31 0.32 0.58 0.95 1.32 1.59 1.72 1.73 1.59
 14   1.34 1.04 0.75 0.50 0.35 0.36 0.63 0.96 1.25 1.40 1.43 1.31 1.10 0.85 0.59 0.37 0.26 0.35 0.70 1.07 1.43 1.68 1.78 1.75
 15   1.56 1.28 0.93 0.60 0.36 0.26 0.36 0.70 1.06 1.33 1.45 1.44 1.29 1.07 0.80 0.54 0.34 0.26 0.42 0.79 1.18 1.50 1.69 1.76
 16   1.69 1.48 1.18 0.81 0.52 0.30 0.24 0.42 0.75 1.05 1.26 1.36 1.33 1.19 0.98 0.73 0.49 0.32 0.30 0.53 0.89 1.26 1.54 1.68
 17   1.73 1.60 1.37 1.08 0.76 0.49 0.32 0.31 0.54 0.88 1.16 1.33 1.39 1.33 1.15 0.91 0.67 0.46 0.35 0.42 0.69 1.08 1.40 1.64
 18   1.73 1.71 1.52 1.27 0.96 0.68 0.47 0.36 0.43 0.68 0.97 1.18 1.31 1.33 1.24 1.05 0.84 0.63 0.49 0.44 0.57 0.88 1.19 1.44
 19   1.59 1.63 1.56 1.40 1.18 0.92 0.70 0.54 0.48 0.55 0.74 0.96 1.12 1.20 1.21 1.12 0.98 0.83 0.68 0.58 0.56 0.68 0.95 1.21
 20   1.39 1.48 1.50 1.43 1.28 1.08 0.89 0.72 0.60 0.56 0.62 0.76 0.94 1.14 1.29 1.31 1.24 1.09 0.91 0.76 0.70 0.70 0.78 0.96
 21   1.15 1.28 1.34 1.35 1.31 1.22 1.10 0.97 0.85 0.75 0.68 0.69 0.81 0.93 1.02 1.07 1.07 1.03 0.96 0.87 0.80 0.76 0.76 0.81
 22   0.94 1.07 1.16 1.20 1.20 1.15 1.07 0.97 0.87 0.78 0.72 0.69 0.69 0.74 0.83 0.94 1.03 1.08 1.07 1.02 0.96 0.89 0.84 0.83
 23   0.86 0.94 1.02 1.08 1.11 1.11 1.07 1.00 0.91 0.82 0.75 0.70 0.69 0.74 0.84 0.96 1.06 1.12 1.14 1.13 1.08 1.01 0.94 0.87
 24   0.83 0.83 0.86 0.92 0.99 1.04 1.05 1.03 0.97 0.89 0.81 0.74 0.69 0.68 0.72 0.82 0.96 1.10 1.18 1.21 1.20 1.15 1.07 0.99
 25   0.91 0.84 0.81 0.83 0.90 1.00 1.06 1.08 1.06 1.01 0.93 0.84 0.75 0.69 0.69 0.76 0.90 1.11 1.27 1.35 1.37 1.33 1.24 1.11
 26   0.96 0.84 0.77 0.76 0.80 0.91 1.03 1.11 1.14 1.12 1.05 0.95 0.84 0.75 0.69 0.69 0.78 0.98 1.35 1.50 1.54 1.49 1.37 1.19
 27   0.97 0.79 0.65 0.59 0.62 0.80 1.02 1.18 1.25 1.21 1.09 0.91 0.72 0.55 0.45 0.44 0.58 0.85 1.17 1.41 1.56 1.59 1.50 1.31
 28   1.05 0.80 0.59 0.47 0.45 0.59 0.82 1.05 1.20 1.26 1.22 1.08 0.86 0.66 0.49 0.41 0.48 0.73 1.08 1.38 1.56 1.64 1.63 1.50
 29   1.30 1.05 0.77 0.57 0.47 0.49 0.72 1.00 1.20 1.31 1.30 1.21 1.05 0.85 0.65 0.50 0.44 0.55 0.92 1.31 1.59 1.74 1.77 1.69
 30   1.50 1.25 0.95 0.69 0.51 0.46 0.56 0.89 1.18 1.37 1.43 1.38 1.20 0.95 0.70 0.49 0.37 0.40 0.66 1.06 1.40 1.68 1.79 1.75
 31   1.57 1.28 0.96 0.67 0.43 0.31 0.36 0.64 0.98 1.26 1.42 1.43 1.29 1.06 0.79 0.53 0.34 0.29 0.45 0.83 1.25 1.58 1.80 1.84
 ----------------------------------------------------------------------------------------------------------------------------
                                                                                               
 ----------------------------------------------------------------------------------------------------------------------------
 ----------------------------------------------------------------------------------------------------------------------------
