                                                          SURVEY OF INDIA
                                                    MARINE GEODESY WING (G&RB)
                                                     HOURLY HEIGHTS IN METRES
  NAME OF PORT:- MUMBAI                                                                             MONTH JANUARY   YEAR 2015
 ----------------------------------------------------------------------------------------------------------------------------
 DAYS 0000 0001 0002 0003 0004 0005 0006 0007 0008 0009 0010 0011 0012 0013 0014 0015 0016 0017 0018 0019 0020 0021 0022 0023
 ----------------------------------------------------------------------------------------------------------------------------
  1   2.84 2.44 2.22 2.19 2.32 2.68 3.04 3.34 3.52 3.50 3.24 2.78 2.20 1.60 1.18 1.00 1.12 1.56 2.08 2.72 3.40 3.90 4.12 3.94
  2   3.44 2.90 2.43 2.12 2.06 2.22 2.54 2.94 3.32 3.54 3.54 3.28 2.76 2.10 1.40 0.92 0.75 0.98 1.50 2.14 2.90 3.62 4.10 4.22
  3   3.92 3.40 2.76 2.22 1.90 1.84 2.00 2.36 2.84 3.39 3.60 3.60 3.24 2.58 1.84 1.14 0.70 0.60 0.92 1.48 2.24 3.10 3.86 4.30
  4   4.28 3.92 3.32 2.64 2.04 1.72 1.66 1.86 2.28 2.84 3.40 3.70 3.66 3.18 2.44 1.62 0.96 0.58 0.60 1.04 1.76 2.58 3.46 4.14
  5   4.44 4.33 3.90 3.14 2.38 1.78 1.52 1.58 1.96 2.54 3.20 3.70 3.88 3.66 3.06 2.24 1.42 0.82 0.60 0.82 1.42 2.16 3.00 3.88
  6   4.46 4.58 4.26 3.60 2.76 2.02 1.56 1.44 1.60 2.10 2.76 3.40 3.80 3.82 3.40 2.66 1.82 1.08 0.62 0.64 1.06 1.70 2.48 3.34
  7   4.08 4.44 4.36 3.92 3.18 2.36 1.74 1.38 1.38 1.72 2.32 3.00 3.58 3.84 3.66 3.08 2.24 1.44 0.84 0.64 0.92 1.48 2.14 2.86
  8   3.68 4.20 4.36 4.08 3.48 2.66 1.96 1.46 1.30 1.43 1.90 2.58 3.26 3.72 3.72 3.39 2.68 1.90 1.28 0.95 1.00 1.40 1.96 2.60
  9   3.38 4.00 4.36 4.32 3.86 3.16 2.40 1.80 1.44 1.48 1.78 2.26 2.90 3.46 3.74 3.62 3.10 2.38 1.70 1.24 1.12 1.39 1.84 2.36
 10   2.99 3.62 4.10 4.28 4.03 3.48 2.70 2.00 1.52 1.38 1.60 2.00 2.50 3.04 3.46 3.58 3.34 2.82 2.20 1.68 1.40 1.46 1.80 2.22
 11   2.74 3.30 3.78 4.06 4.00 3.60 3.00 2.32 1.78 1.48 1.52 1.80 2.20 2.62 3.08 3.36 3.38 3.08 2.58 2.10 1.74 1.66 1.82 2.16
 12   2.52 2.98 3.42 3.78 3.88 3.68 3.20 2.62 2.07 1.64 1.48 1.58 1.88 2.28 2.70 3.04 3.24 3.18 2.90 2.52 2.24 2.06 2.04 2.16
 13   2.36 2.68 3.08 3.50 3.76 3.72 3.42 2.94 2.42 1.96 1.66 1.59 1.76 2.00 2.30 2.64 2.96 3.16 3.12 2.94 2.70 2.50 2.36 2.28
 14   2.38 2.60 2.90 3.24 3.48 3.60 3.48 3.20 2.80 2.34 1.96 1.66 1.60 1.72 1.96 2.28 2.63 2.94 3.08 3.12 3.06 2.92 2.80 2.60
 15   2.48 2.52 2.66 2.90 3.16 3.34 3.44 3.30 3.02 2.66 2.22 1.86 1.66 1.56 1.61 1.82 2.22 2.62 3.00 3.28 3.39 3.36 3.20 2.94
 16   2.68 2.50 2.48 2.56 2.74 3.00 3.26 3.36 3.32 3.10 2.72 2.28 1.82 1.46 1.33 1.44 1.70 2.14 2.64 3.10 3.48 3.70 3.74 3.50
 17   3.04 2.72 2.50 2.40 2.44 2.64 2.96 3.30 3.44 3.38 3.14 2.76 2.26 1.72 1.24 1.04 1.12 1.52 2.08 2.70 3.30 3.80 4.06 4.00
 18   3.62 3.08 2.58 2.26 2.12 2.18 2.48 2.90 3.30 3.58 3.66 3.42 2.90 2.20 1.46 0.94 0.75 0.94 1.44 2.12 2.90 3.68 4.24 4.44
 19   4.26 3.76 3.04 2.44 2.04 1.92 2.00 2.34 2.84 3.44 3.86 3.94 3.60 2.92 2.08 1.24 0.66 0.52 0.80 1.48 2.32 3.26 4.14 4.70
 20   4.74 4.40 3.72 2.88 2.17 1.68 1.64 1.84 2.32 3.04 3.74 4.20 4.20 3.74 2.86 1.84 0.96 0.40 0.34 0.72 1.56 2.52 3.60 4.52
 21   5.01 4.92 4.42 3.48 2.50 1.72 1.34 1.34 1.70 2.34 3.20 4.00 4.46 4.36 3.76 2.72 1.60 0.72 0.22 0.34 0.92 1.86 2.94 4.06
 22   4.88 5.12 4.88 4.16 3.08 2.08 1.34 1.06 1.16 1.68 2.52 3.48 4.26 4.58 4.34 3.60 2.50 1.40 0.58 0.18 0.46 1.20 2.16 3.28
 23   4.40 5.04 5.11 4.66 3.80 2.66 1.70 1.02 0.82 1.06 1.70 2.66 3.66 4.34 4.56 4.20 3.40 2.30 1.28 0.62 0.44 0.84 1.58 2.58
 24   3.72 4.56 5.00 4.90 4.34 3.34 2.30 1.40 0.78 0.70 1.10 1.88 2.88 3.74 4.30 4.38 3.96 3.16 2.14 1.34 0.84 0.84 1.30 2.02
 25   2.98 3.90 4.60 4.86 4.66 4.02 3.04 2.06 1.24 0.84 0.88 1.32 2.06 2.90 3.68 4.14 4.20 3.82 3.10 2.24 1.60 1.28 1.40 1.82
 26   2.44 3.21 3.96 4.44 4.52 4.22 3.56 2.68 1.80 1.21 0.96 1.06 1.40 2.02 2.76 3.44 3.84 3.88 3.50 2.98 2.38 1.96 1.74 1.80
 27   2.08 2.60 3.14 3.68 4.00 4.02 3.72 3.20 2.48 1.80 1.26 1.12 1.22 1.52 2.00 2.60 3.12 3.52 3.58 3.44 3.10 2.70 2.30 2.10
 28   2.08 2.28 2.58 3.04 3.48 3.74 3.74 3.44 2.94 2.40 1.90 1.52 1.40 1.48 1.60 1.92 2.40 2.92 3.34 3.52 3.50 3.26 2.96 2.66
 29   2.42 2.34 2.36 2.56 2.86 3.20 3.46 3.52 3.28 2.88 2.42 1.98 1.60 1.42 1.42 1.54 1.85 2.30 2.80 3.26 3.56 3.66 3.54 3.20
 30   2.82 2.56 2.42 2.40 2.50 2.72 3.04 3.30 3.42 3.30 3.00 2.58 2.12 1.70 1.40 1.34 1.52 1.90 2.42 3.00 3.50 3.86 3.98 3.84
 31   3.42 2.92 2.56 2.32 2.28 2.44 2.70 3.00 3.28 3.40 3.36 3.12 2.68 2.14 1.60 1.28 1.26 1.52 1.96 2.54 3.14 3.72 4.12 4.18
 ----------------------------------------------------------------------------------------------------------------------------
                                                                                               
 ----------------------------------------------------------------------------------------------------------------------------
 ----------------------------------------------------------------------------------------------------------------------------
                                                          SURVEY OF INDIA
                                                    MARINE GEODESY WING (G&RB)
                                                     HOURLY HEIGHTS IN METRES
  NAME OF PORT:- MUMBAI                                                                             MONTH FEBRUARY  YEAR 2015
 ----------------------------------------------------------------------------------------------------------------------------
 DAYS 0000 0001 0002 0003 0004 0005 0006 0007 0008 0009 0010 0011 0012 0013 0014 0015 0016 0017 0018 0019 0020 0021 0022 0023
 ----------------------------------------------------------------------------------------------------------------------------
  1   3.86 3.34 2.80 2.38 2.18 2.16 2.30 2.60 2.96 3.30 3.50 3.44 3.16 2.62 2.00 1.42 1.12 1.12 1.48 2.02 2.68 3.36 3.96 4.26
  2   4.14 3.74 3.14 2.56 2.08 1.84 1.88 2.14 2.56 3.08 3.46 3.64 3.50 3.04 2.40 1.72 1.16 0.94 1.08 1.54 2.20 2.96 3.70 4.20
  3   4.30 4.06 3.50 2.80 2.20 1.80 1.70 1.82 2.20 2.70 3.28 3.70 3.78 3.50 2.86 2.10 1.40 0.96 0.90 1.24 1.84 2.58 3.40 4.10
  4   4.42 4.32 3.92 3.22 2.48 1.88 1.60 1.58 1.86 2.38 3.04 3.64 3.92 3.84 3.34 2.58 1.80 1.14 0.86 1.00 1.50 2.20 3.00 3.82
  5   4.34 4.46 4.16 3.56 2.74 2.02 1.50 1.40 1.62 2.12 2.78 3.46 3.90 4.00 3.70 3.00 2.20 1.46 1.00 0.92 1.30 1.90 2.68 3.50
  6   4.18 4.48 4.32 3.84 3.06 2.26 1.64 1.32 1.36 1.72 2.36 3.06 3.70 4.00 3.94 3.44 2.62 1.80 1.20 0.96 1.16 1.64 2.28 3.00
  7   3.80 4.28 4.36 4.02 3.36 2.50 1.78 1.32 1.20 1.46 1.96 2.60 3.30 3.80 3.98 3.72 3.04 2.22 1.50 1.10 1.10 1.50 2.04 2.66
  8   3.32 3.98 4.28 4.16 3.66 2.88 2.10 1.47 1.12 1.20 1.55 2.14 2.86 3.46 3.84 3.83 3.40 2.70 1.96 1.40 1.21 1.40 1.86 2.40
  9   3.00 3.64 4.08 4.16 3.82 3.18 2.38 1.72 1.24 1.12 1.34 1.80 2.40 3.00 3.52 3.72 3.58 3.12 2.40 1.82 1.52 1.56 1.88 2.28
 10   2.68 3.22 3.72 3.92 3.86 3.38 2.72 2.08 1.52 1.24 1.32 1.66 2.10 2.64 3.12 3.48 3.56 3.36 2.90 2.36 1.98 1.84 1.96 2.26
 11   2.56 2.96 3.40 3.72 3.80 3.56 3.04 2.46 1.92 1.50 1.36 1.56 1.88 2.30 2.76 3.14 3.38 3.34 3.08 2.72 2.38 2.18 2.16 2.30
 12   2.50 2.76 3.08 3.40 3.56 3.52 3.18 2.68 2.16 1.70 1.44 1.42 1.64 1.94 2.30 2.68 3.00 3.20 3.23 3.10 2.88 2.66 2.52 2.44
 13   2.44 2.54 2.72 3.00 3.26 3.38 3.30 3.00 2.62 2.20 1.82 1.58 1.52 1.62 1.90 2.26 2.62 2.94 3.16 3.24 3.24 3.14 2.96 2.72
 14   2.52 2.48 2.56 2.72 2.94 3.12 3.22 3.18 2.98 2.72 2.34 1.92 1.58 1.42 1.48 1.72 2.08 2.52 2.90 3.24 3.46 3.54 3.40 3.12
 15   2.76 2.50 2.36 2.36 2.50 2.74 2.98 3.16 3.23 3.10 2.88 2.44 1.92 1.44 1.16 1.20 1.50 1.94 2.48 2.98 3.44 3.76 3.84 3.66
 16   3.26 2.76 2.38 2.13 2.06 2.20 2.50 2.90 3.26 3.48 3.48 3.16 2.60 1.90 1.30 0.90 0.88 1.20 1.72 2.46 3.16 3.80 4.24 4.28
 17   3.92 3.30 2.60 2.04 1.72 1.64 1.90 2.34 2.92 3.42 3.74 3.76 3.36 2.64 1.74 0.98 0.56 0.56 1.02 1.78 2.60 3.48 4.24 4.62
 18   4.50 4.00 3.20 2.30 1.60 1.28 1.32 1.70 2.30 3.06 3.74 4.20 4.16 3.60 2.62 1.56 0.76 0.32 0.40 0.98 1.86 2.84 3.88 4.65
 19   4.86 4.54 3.84 2.80 1.84 1.10 0.84 1.02 1.58 2.40 3.40 4.18 4.52 4.30 3.58 2.50 1.40 0.60 0.24 0.46 1.20 2.26 3.40 4.40
 20   4.98 5.00 4.54 3.64 2.46 1.48 0.80 0.64 0.90 1.66 2.68 3.76 4.48 4.76 4.36 3.56 2.34 1.28 0.56 0.28 0.68 1.48 2.56 3.72
 21   4.70 5.04 4.92 4.28 3.20 2.00 1.04 0.44 0.40 0.90 1.80 2.92 3.96 4.60 4.74 4.30 3.40 2.20 1.18 0.60 0.56 1.10 2.00 3.02
 22   4.14 4.86 5.08 4.72 3.92 2.74 1.68 0.82 0.38 0.54 1.12 2.04 3.14 4.06 4.60 4.60 4.12 3.20 2.12 1.30 0.87 1.04 1.60 2.40
 23   3.34 4.20 4.72 4.76 4.32 3.48 2.40 1.44 0.76 0.56 0.76 1.38 2.24 3.20 3.98 4.42 4.36 3.82 2.98 2.12 1.58 1.32 1.52 2.00
 24   2.68 3.48 4.16 4.44 4.36 3.88 3.08 2.14 1.36 0.88 0.80 1.04 1.64 2.38 3.18 3.80 4.10 4.00 3.56 2.90 2.30 1.92 1.82 2.04
 25   2.36 2.80 3.42 3.90 4.08 3.88 3.36 2.70 2.00 1.46 1.10 1.12 1.36 1.82 2.40 2.98 3.44 3.68 3.68 3.38 2.98 2.58 2.28 2.16
 26   2.24 2.44 2.80 3.26 3.52 3.64 3.44 3.04 2.56 2.04 1.64 1.46 1.50 1.66 1.90 2.32 2.80 3.24 3.46 3.48 3.32 3.10 2.84 2.60
 27   2.40 2.34 2.43 2.66 2.98 3.20 3.24 3.10 2.82 2.52 2.20 1.92 1.70 1.58 1.62 1.92 2.32 2.74 3.10 3.36 3.46 3.44 3.24 2.98
 28   2.64 2.42 2.30 2.32 2.50 2.76 2.96 3.10 3.10 2.92 2.70 2.34 2.02 1.72 1.52 1.52 1.80 2.20 2.66 3.08 3.44 3.58 3.62 3.40
 ----------------------------------------------------------------------------------------------------------------------------
                                                                                               
 ----------------------------------------------------------------------------------------------------------------------------
 ----------------------------------------------------------------------------------------------------------------------------
                                                          SURVEY OF INDIA
                                                    MARINE GEODESY WING (G&RB)
                                                     HOURLY HEIGHTS IN METRES
  NAME OF PORT:- MUMBAI                                                                             MONTH MARCH     YEAR 2015
 ----------------------------------------------------------------------------------------------------------------------------
 DAYS 0000 0001 0002 0003 0004 0005 0006 0007 0008 0009 0010 0011 0012 0013 0014 0015 0016 0017 0018 0019 0020 0021 0022 0023
 ----------------------------------------------------------------------------------------------------------------------------
  1   3.04 2.70 2.36 2.20 2.20 2.40 2.70 3.01 3.24 3.32 3.24 3.00 2.60 2.16 1.72 1.52 1.58 1.88 2.32 2.86 3.36 3.76 3.96 3.92
  2   3.56 3.06 2.56 2.22 2.06 2.12 2.34 2.68 3.06 3.32 3.42 3.38 2.98 2.50 1.90 1.46 1.30 1.40 1.76 2.28 2.90 3.46 3.88 4.02
  3   3.84 3.38 2.76 2.20 1.80 1.68 1.84 2.16 2.60 3.10 3.44 3.56 3.36 2.84 2.20 1.60 1.20 1.14 1.36 1.82 2.44 3.10 3.72 4.10
  4   4.08 3.68 3.06 2.36 1.80 1.48 1.48 1.70 2.20 2.80 3.30 3.67 3.66 3.32 2.66 1.94 1.36 1.08 1.10 1.44 2.02 2.70 3.46 4.00
  5   4.20 3.92 3.36 2.60 1.94 1.48 1.32 1.44 1.88 2.46 3.14 3.70 3.92 3.74 3.12 2.32 1.62 1.12 0.98 1.24 1.76 2.44 3.20 3.90
  6   4.28 4.16 3.70 2.90 2.08 1.42 1.12 1.22 1.60 2.18 2.90 3.56 3.94 3.94 3.52 2.76 1.94 1.28 0.94 1.06 1.52 2.14 2.84 3.60
  7   4.14 4.22 3.90 3.20 2.34 1.56 1.02 0.96 1.22 1.80 2.52 3.26 3.80 4.02 3.80 3.18 2.38 1.62 1.14 1.02 1.32 1.86 2.54 3.30
  8   3.96 4.22 4.02 3.44 2.62 1.96 1.12 0.80 0.94 1.40 2.06 2.86 3.54 3.96 3.98 3.56 2.82 2.02 1.40 1.06 1.16 1.62 2.25 2.95
  9   3.66 4.06 4.08 3.70 2.92 2.10 1.34 0.86 0.76 1.08 1.70 2.46 3.24 3.80 4.04 3.86 3.30 2.52 1.80 1.34 1.28 1.56 2.10 2.70
 10   3.40 3.86 4.08 3.90 3.32 2.50 1.72 1.12 0.86 0.96 1.46 2.12 2.82 3.52 3.94 3.98 3.64 2.96 2.32 1.82 1.56 1.58 1.88 2.36
 11   2.86 3.42 3.80 3.94 3.64 3.00 2.22 1.50 1.06 0.98 1.22 1.72 2.30 2.92 3.48 3.80 3.80 3.42 2.86 2.28 1.90 1.76 1.90 2.20
 12   2.64 3.08 3.50 3.68 3.64 3.24 2.62 1.96 1.40 1.12 1.16 1.48 1.94 2.44 3.00 3.40 3.65 3.56 3.18 2.74 2.36 2.15 2.12 2.18
 13   2.44 2.70 3.04 3.40 3.48 3.32 2.98 2.42 1.94 1.52 1.34 1.36 1.62 2.02 2.48 2.96 3.34 3.54 3.48 3.22 2.92 2.66 2.46 2.40
 14   2.44 2.56 2.80 3.12 3.28 3.30 3.14 2.82 2.44 2.04 1.70 1.52 1.54 1.78 2.10 2.52 2.94 3.28 3.38 3.36 3.22 3.02 2.82 2.60
 15   2.44 2.36 2.44 2.66 2.90 3.08 3.16 3.06 2.86 2.52 2.10 1.76 1.58 1.54 1.68 2.00 2.40 2.88 3.26 3.52 3.60 3.52 3.32 2.98
 16   2.64 2.35 2.24 2.28 2.44 2.72 2.98 3.16 3.20 3.08 2.76 2.32 1.82 1.50 1.30 1.40 1.76 2.24 2.80 3.28 3.66 3.84 3.78 3.44
 17   2.96 2.44 2.06 1.86 1.88 2.08 2.48 2.90 3.28 3.48 3.42 3.00 2.40 1.76 1.24 1.00 1.08 1.50 2.12 2.78 3.44 3.92 4.12 3.98
 18   3.52 2.80 2.10 1.52 1.30 1.36 1.78 2.42 3.04 3.55 3.94 3.74 3.24 2.50 1.68 1.00 0.68 0.84 1.36 2.14 3.00 3.78 4.32 4.48
 19   4.18 3.48 2.54 1.68 1.04 0.84 1.08 1.68 2.50 3.40 4.10 4.44 4.21 3.58 2.52 1.54 0.88 0.56 0.80 1.44 2.34 3.34 4.24 4.74
 20   4.68 4.18 3.22 2.10 1.20 0.62 0.60 1.00 1.80 2.78 3.80 4.54 4.78 4.44 3.60 2.46 1.50 0.80 0.58 0.94 1.72 2.72 3.82 4.68
 21   5.00 4.74 4.02 2.88 1.72 0.82 0.36 0.42 1.00 1.98 3.10 4.14 4.84 4.94 4.46 3.54 2.34 1.36 0.70 0.64 1.18 2.06 3.12 4.20
 22   4.94 5.00 4.58 3.68 2.42 1.30 0.48 0.20 0.44 1.14 2.20 3.40 4.40 4.94 4.92 4.32 3.32 2.16 1.26 0.76 0.88 1.48 2.40 3.40
 23   4.38 4.82 4.82 4.20 3.20 1.90 0.90 0.28 0.22 0.60 1.40 2.42 3.52 4.40 4.85 4.70 4.04 3.00 1.98 1.28 1.00 1.24 1.80 2.64
 24   3.56 4.28 4.54 4.36 3.72 2.70 1.66 0.86 0.38 0.44 0.88 1.68 2.60 3.56 4.26 4.56 4.32 3.66 2.72 1.90 1.42 1.34 1.60 2.14
 25   2.80 3.54 4.00 4.14 3.84 3.12 2.24 1.44 0.88 0.64 0.86 1.36 2.06 2.80 3.54 4.08 4.22 3.98 3.46 2.70 2.14 1.82 1.80 1.98
 26   2.44 3.00 3.52 3.84 3.84 3.44 2.86 2.22 1.66 1.30 1.24 1.46 1.82 2.28 2.88 3.44 3.84 3.92 3.72 3.26 2.80 2.42 2.18 2.18
 27   2.28 2.52 2.85 3.20 3.36 3.36 3.10 2.68 2.20 1.80 1.58 1.58 1.72 2.00 2.34 2.78 3.20 3.48 3.56 3.44 3.16 2.86 2.56 2.37
 28   2.32 2.32 2.44 2.64 2.88 3.07 3.10 2.94 2.64 2.30 2.04 1.84 1.76 1.82 2.00 2.26 2.60 3.00 3.30 3.40 3.40 3.20 2.94 2.70
 29   2.44 2.30 2.22 2.28 2.46 2.72 2.90 2.94 2.88 2.70 2.52 2.28 2.02 1.88 1.82 1.96 2.20 2.60 2.96 3.24 3.44 3.44 3.32 3.06
 30   2.70 2.38 2.14 2.04 2.12 2.36 2.66 2.90 3.02 3.02 2.92 2.70 2.38 2.06 1.78 1.70 1.80 2.14 2.56 3.02 3.40 3.64 3.64 3.44
 31   3.04 2.58 2.20 1.92 1.84 1.98 2.28 2.64 3.00 3.18 3.24 3.12 2.80 2.38 1.94 1.64 1.60 1.78 2.18 2.64 3.12 3.56 3.76 3.70
 ----------------------------------------------------------------------------------------------------------------------------
                                                                                               
 ----------------------------------------------------------------------------------------------------------------------------
 ----------------------------------------------------------------------------------------------------------------------------
                                                          SURVEY OF INDIA
                                                    MARINE GEODESY WING (G&RB)
                                                     HOURLY HEIGHTS IN METRES
  NAME OF PORT:- MUMBAI                                                                             MONTH APRIL     YEAR 2015
 ----------------------------------------------------------------------------------------------------------------------------
 DAYS 0000 0001 0002 0003 0004 0005 0006 0007 0008 0009 0010 0011 0012 0013 0014 0015 0016 0017 0018 0019 0020 0021 0022 0023
 ----------------------------------------------------------------------------------------------------------------------------
  1   3.40 2.88 2.34 1.88 1.64 1.68 1.92 2.34 2.86 3.26 3.52 3.54 3.28 2.80 2.26 1.80 1.54 1.60 1.90 2.38 2.90 3.48 3.84 3.96
  2   3.72 3.20 2.54 1.96 1.56 1.44 1.62 2.06 2.58 3.18 3.60 3.80 3.72 3.24 2.60 2.04 1.62 1.44 1.60 2.00 2.52 3.14 3.70 4.00
  3   3.94 3.50 2.84 2.12 1.56 1.27 1.36 1.72 2.26 2.90 3.50 3.92 3.96 3.62 3.00 2.30 1.76 1.40 1.44 1.70 2.20 2.84 3.54 4.04
  4   4.16 3.84 3.16 2.32 1.64 1.14 1.06 1.32 1.86 2.54 3.28 3.92 4.20 4.04 3.50 2.70 1.98 1.48 1.30 1.46 1.86 2.50 3.18 3.80
  5   4.16 4.04 3.50 2.64 1.80 1.14 0.82 0.94 1.44 2.10 2.90 3.66 4.16 4.19 3.84 3.16 2.32 1.68 1.28 1.28 1.58 2.10 2.76 3.46
  6   4.00 4.12 3.74 3.00 2.10 1.30 0.76 0.68 1.00 1.60 2.44 3.28 3.94 4.24 4.10 3.58 2.78 2.02 1.50 1.28 1.40 1.84 2.48 3.14
  7   3.84 4.10 3.94 3.38 2.48 1.60 0.96 0.64 0.80 1.32 2.04 2.84 3.62 4.14 4.28 3.94 3.32 2.50 1.86 1.46 1.42 1.70 2.20 2.82
  8   3.56 3.96 4.00 3.64 2.92 2.06 1.30 0.82 0.70 1.06 1.64 2.36 3.14 3.80 4.16 4.10 3.66 2.94 2.32 1.86 1.58 1.70 2.00 2.54
  9   3.18 3.70 3.88 3.70 3.20 2.44 1.72 1.12 0.84 0.94 1.38 1.96 2.66 3.34 3.88 4.08 3.88 3.38 2.76 2.24 1.90 1.80 1.94 2.26
 10   2.76 3.24 3.58 3.66 3.40 2.84 2.16 1.58 1.16 1.00 1.20 1.66 2.20 2.84 3.40 3.80 3.92 3.70 3.26 2.74 2.28 2.04 2.04 2.16
 11   2.48 2.80 3.16 3.42 3.44 3.14 2.61 2.08 1.58 1.32 1.28 1.50 1.88 2.32 2.88 3.38 3.68 3.72 3.52 3.18 2.78 2.46 2.22 2.18
 12   2.24 2.40 2.68 2.98 3.18 3.24 3.00 2.64 2.16 1.74 1.52 1.50 1.68 1.96 2.36 2.80 3.22 3.52 3.60 3.52 3.26 2.92 2.60 2.28
 13   2.10 2.08 2.28 2.54 2.86 3.04 3.10 3.00 2.76 2.38 1.96 1.66 1.50 1.56 1.80 2.22 2.68 3.14 3.48 3.60 3.56 3.36 3.00 2.56
 14   2.16 1.98 1.90 2.00 2.28 2.64 2.96 3.20 3.28 3.12 2.76 2.28 1.80 1.50 1.48 1.72 2.16 2.70 3.20 3.54 3.80 3.84 3.60 3.14
 15   2.52 2.04 1.68 1.58 1.72 2.10 2.62 3.14 3.52 3.68 3.56 3.10 2.48 1.88 1.48 1.36 1.60 2.10 2.68 3.28 3.76 4.08 4.08 3.72
 16   3.06 2.28 1.64 1.20 1.12 1.40 1.94 2.60 3.28 3.80 4.06 3.86 3.28 2.48 1.74 1.28 1.16 1.40 1.98 2.70 3.46 4.06 4.32 4.20
 17   3.76 2.88 1.96 1.16 0.70 0.72 1.18 1.92 2.78 3.64 4.20 4.44 4.12 3.44 2.42 1.60 1.04 0.96 1.36 2.00 2.84 3.68 4.30 4.52
 18   4.28 3.58 2.52 1.48 0.66 0.28 0.40 1.08 1.98 3.00 3.94 4.58 4.70 4.28 3.44 2.40 1.50 0.96 0.94 1.36 2.10 2.96 3.92 4.54
 19   4.68 4.20 3.32 2.14 1.08 0.32 0.10 0.40 1.14 2.16 3.28 4.28 4.84 4.86 4.32 3.40 2.28 1.44 0.94 1.00 1.50 2.30 3.24 4.12
 20   4.66 4.62 4.02 2.92 1.76 0.72 0.22 0.18 0.52 1.38 2.42 3.58 4.52 4.96 4.84 4.22 3.22 2.16 1.44 1.06 1.26 1.78 2.62 3.58
 21   4.36 4.60 4.38 3.66 2.58 1.46 0.64 0.22 0.38 0.98 1.86 2.86 3.94 4.66 4.96 4.72 3.98 3.00 2.12 1.46 1.26 1.50 2.10 2.86
 22   3.72 4.26 4.38 4.02 3.26 2.20 1.26 0.66 0.48 0.80 1.40 2.26 3.14 4.00 4.56 4.64 4.26 3.56 2.72 1.94 1.50 1.50 1.78 2.34
 23   3.10 3.72 4.02 3.98 3.46 2.72 1.86 1.22 0.84 0.86 1.22 1.80 2.52 3.26 3.90 4.30 4.28 3.94 3.28 2.58 2.04 1.82 1.86 2.10
 24   2.56 3.06 3.48 3.74 3.60 3.10 2.44 1.80 1.36 1.22 1.38 1.70 2.14 2.62 3.24 3.74 3.98 3.94 3.62 3.10 2.56 2.20 2.04 2.04
 25   2.30 2.58 2.92 3.26 3.36 3.22 2.82 2.36 1.94 1.66 1.64 1.76 1.94 2.22 2.64 3.16 3.58 3.74 3.60 3.30 2.96 2.64 2.36 2.20
 26   2.18 2.26 2.44 2.74 2.98 3.04 2.94 2.70 2.46 2.18 1.96 1.88 1.92 2.10 2.38 2.74 3.12 3.40 3.56 3.50 3.30 3.02 2.68 2.42
 27   2.28 2.20 2.24 2.40 2.62 2.84 3.00 2.98 2.88 2.66 2.46 2.26 2.16 2.16 2.26 2.44 2.78 3.12 3.44 3.56 3.50 3.36 3.06 2.78
 28   2.42 2.14 2.10 2.18 2.36 2.62 2.84 3.06 3.18 3.14 2.90 2.65 2.40 2.24 2.18 2.18 2.36 2.70 3.10 3.40 3.58 3.58 3.40 3.06
 29   2.66 2.26 2.00 1.88 1.96 2.18 2.56 2.94 3.24 3.40 3.36 3.08 2.70 2.36 2.16 2.10 2.16 2.38 2.76 3.16 3.54 3.70 3.66 3.38
 30   2.86 2.36 1.94 1.72 1.66 1.84 2.26 2.72 3.14 3.50 3.60 3.46 3.06 2.60 2.22 2.00 1.96 2.12 2.42 2.80 3.28 3.62 3.80 3.68
 ----------------------------------------------------------------------------------------------------------------------------
                                                                                               
 ----------------------------------------------------------------------------------------------------------------------------
 ----------------------------------------------------------------------------------------------------------------------------
                                                          SURVEY OF INDIA
                                                    MARINE GEODESY WING (G&RB)
                                                     HOURLY HEIGHTS IN METRES
  NAME OF PORT:- MUMBAI                                                                             MONTH MAY       YEAR 2015
 ----------------------------------------------------------------------------------------------------------------------------
 DAYS 0000 0001 0002 0003 0004 0005 0006 0007 0008 0009 0010 0011 0012 0013 0014 0015 0016 0017 0018 0019 0020 0021 0022 0023
 ----------------------------------------------------------------------------------------------------------------------------
  1   3.22 2.60 2.00 1.56 1.40 1.52 1.90 2.40 2.96 3.40 3.78 3.82 3.56 3.06 2.50 2.06 1.84 1.88 2.14 2.50 3.00 3.50 3.82 3.86
  2   3.56 2.96 2.26 1.60 1.26 1.18 1.48 2.00 2.64 3.26 3.80 4.04 3.92 3.52 2.90 2.30 1.86 1.68 1.82 2.18 2.68 3.26 3.70 3.94
  3   3.78 3.22 2.48 1.70 1.12 0.88 1.06 1.62 2.26 2.94 3.64 4.12 4.26 4.00 3.40 2.66 2.04 1.70 1.70 1.92 2.36 2.92 3.50 3.92
  4   4.06 3.66 2.94 2.06 1.28 0.80 0.80 1.18 1.82 2.58 3.38 4.06 4.40 4.32 3.88 3.16 2.38 1.84 1.62 1.72 2.06 2.62 3.26 3.82
  5   4.10 3.94 3.36 2.50 1.58 0.90 0.54 0.80 1.36 2.10 2.94 3.74 4.28 4.48 4.26 3.66 2.84 2.12 1.64 1.54 1.74 2.18 2.80 3.46
  6   4.00 4.04 3.72 2.98 2.06 1.20 0.68 0.66 0.94 1.64 2.42 3.32 4.06 4.48 4.48 4.10 3.36 2.54 1.92 1.60 1.64 2.00 2.50 3.16
  7   3.80 4.04 3.86 3.30 2.48 1.60 0.94 0.64 0.80 1.30 2.00 2.80 3.64 4.24 4.50 4.36 3.82 3.06 2.34 1.84 1.66 1.82 2.20 2.72
  8   3.38 3.76 3.90 3.66 3.00 2.16 1.40 0.92 0.74 1.00 1.54 2.24 3.00 3.74 4.24 4.36 4.08 3.54 2.84 2.24 1.82 1.78 1.94 2.32
  9   2.90 3.40 3.68 3.68 3.34 2.74 1.98 1.38 0.98 0.96 1.32 1.84 2.42 3.08 3.76 4.16 4.18 3.92 3.40 2.76 2.26 1.94 1.88 2.00
 10   2.44 2.88 3.24 3.44 3.44 3.12 2.64 2.04 1.52 1.25 1.34 1.58 2.00 2.52 3.18 3.70 4.00 4.00 3.70 3.20 2.72 2.30 2.04 1.94
 11   2.06 2.30 2.66 3.06 3.26 3.26 3.04 2.60 2.10 1.68 1.46 1.44 1.66 2.02 2.58 3.10 3.56 3.82 3.82 3.56 3.16 2.68 2.30 2.02
 12   1.86 1.88 2.10 2.48 2.84 3.14 3.26 3.14 2.78 2.36 2.06 1.78 1.66 1.76 2.04 2.48 3.06 3.56 3.86 3.84 3.64 3.24 2.74 2.28
 13   1.86 1.66 1.62 1.82 2.22 2.74 3.18 3.38 3.40 3.16 2.74 2.30 1.86 1.62 1.64 2.02 2.50 3.04 3.54 3.82 3.88 3.62 3.14 2.58
 14   2.06 1.60 1.34 1.32 1.58 2.10 2.70 3.34 3.74 3.76 3.52 3.04 2.40 1.94 1.66 1.64 1.94 2.40 3.00 3.54 3.94 4.00 3.76 3.26
 15   2.50 1.84 1.20 0.86 0.98 1.40 2.06 2.80 3.46 3.98 4.14 3.86 3.24 2.46 1.90 1.56 1.54 1.84 2.40 3.00 3.60 4.00 4.14 3.84
 16   3.10 2.32 1.54 0.86 0.60 0.78 1.34 2.10 3.00 3.84 4.44 4.54 4.06 3.36 2.54 1.86 1.52 1.54 1.86 2.46 3.16 3.84 4.24 4.30
 17   3.90 3.10 2.14 1.20 0.54 0.38 0.74 1.40 2.30 3.30 4.20 4.74 4.72 4.28 3.44 2.54 1.80 1.44 1.54 1.90 2.52 3.34 3.98 4.26
 18   4.24 3.67 2.86 1.94 1.08 0.60 0.52 1.00 1.72 2.64 3.60 4.42 4.82 4.65 4.12 3.24 2.44 1.84 1.52 1.58 2.06 2.74 3.50 4.04
 19   4.30 4.02 3.36 2.50 1.62 0.99 0.60 0.68 1.28 2.00 2.88 3.80 4.52 4.82 4.56 3.92 3.02 2.24 1.70 1.54 1.72 2.20 2.90 3.70
 20   4.10 4.24 3.82 3.06 2.16 1.36 0.80 0.56 0.94 1.52 2.26 3.16 4.06 4.66 4.76 4.36 3.64 2.72 2.00 1.56 1.50 1.70 2.26 3.00
 21   3.80 4.16 4.08 3.56 2.70 1.78 1.02 0.60 0.62 1.06 1.70 2.50 3.40 4.15 4.56 4.56 4.07 3.34 2.52 1.90 1.60 1.60 1.86 2.40
 22   3.13 3.69 3.91 3.73 3.15 2.35 1.59 1.06 0.89 1.06 1.49 2.07 2.75 3.49 4.11 4.35 4.20 3.71 3.00 2.35 1.87 1.67 1.75 2.03
 23   2.55 3.15 3.51 3.57 3.31 2.79 2.20 1.65 1.27 1.23 1.47 1.87 2.39 2.93 3.57 4.00 4.09 3.87 3.40 2.85 2.29 2.01 1.93 2.03
 24   2.29 2.67 3.05 3.31 3.33 3.08 2.65 2.19 1.79 1.63 1.67 1.91 2.20 2.60 3.11 3.60 3.87 3.80 3.51 3.11 2.65 2.25 1.99 1.95
 25   2.07 2.33 2.61 2.87 3.03 3.07 2.87 2.57 2.20 1.95 1.87 1.95 2.07 2.33 2.67 3.07 3.47 3.67 3.60 3.31 2.93 2.57 2.25 2.03
 26   1.99 2.09 2.26 2.51 2.73 2.94 3.00 2.87 2.66 2.45 2.25 2.13 2.13 2.20 2.40 2.75 3.07 3.35 3.46 3.40 3.17 2.87 2.47 2.17
 27   1.91 1.87 1.97 2.15 2.39 2.67 2.85 2.97 2.91 2.75 2.55 2.35 2.19 2.11 2.19 2.37 2.73 3.05 3.34 3.39 3.27 3.05 2.67 2.35
 28   1.99 1.75 1.65 1.73 2.01 2.37 2.71 3.00 3.15 3.15 2.91 2.59 2.31 2.13 2.09 2.15 2.29 2.60 3.00 3.29 3.45 3.35 3.00 2.64
 29   2.17 1.79 1.53 1.43 1.55 1.91 2.39 2.91 3.20 3.39 3.35 3.09 2.67 2.29 2.11 2.07 2.09 2.27 2.60 3.03 3.35 3.49 3.37 3.01
 30   2.47 1.87 1.39 1.15 1.21 1.47 2.01 2.51 3.01 3.47 3.67 3.53 3.13 2.65 2.27 2.05 1.95 2.01 2.25 2.65 3.13 3.43 3.51 3.31
 31   2.83 2.21 1.59 1.09 0.87 1.06 1.57 2.17 2.80 3.37 3.78 3.91 3.67 3.15 2.59 2.15 1.89 1.87 2.05 2.40 2.77 3.23 3.56 3.65
 ----------------------------------------------------------------------------------------------------------------------------
                                                                                               
 ----------------------------------------------------------------------------------------------------------------------------
 ----------------------------------------------------------------------------------------------------------------------------
                                                          SURVEY OF INDIA
                                                    MARINE GEODESY WING (G&RB)
                                                     HOURLY HEIGHTS IN METRES
  NAME OF PORT:- MUMBAI                                                                             MONTH JUNE      YEAR 2015
 ----------------------------------------------------------------------------------------------------------------------------
 DAYS 0000 0001 0002 0003 0004 0005 0006 0007 0008 0009 0010 0011 0012 0013 0014 0015 0016 0017 0018 0019 0020 0021 0022 0023
 ----------------------------------------------------------------------------------------------------------------------------
  1   3.27 2.60 1.85 1.17 0.77 0.73 1.09 1.69 2.43 3.17 3.80 4.17 4.09 3.71 3.06 2.46 1.99 1.79 1.79 2.07 2.47 3.00 3.49 3.77
  2   3.67 3.10 2.31 1.47 0.80 0.55 0.73 1.27 1.99 2.79 3.60 4.17 4.37 4.11 3.57 2.85 2.23 1.81 1.65 1.71 2.07 2.60 3.29 3.77
  3   3.95 3.59 2.85 1.95 1.09 0.55 0.43 0.75 1.41 2.23 3.09 3.95 4.49 4.49 4.11 3.40 2.61 2.00 1.63 1.60 1.79 2.25 2.87 3.54
  4   3.95 3.91 3.37 2.47 1.55 0.80 0.40 0.51 1.03 1.71 2.47 3.40 4.19 4.54 4.45 3.91 3.17 2.39 1.79 1.51 1.57 1.89 2.45 3.11
  5   3.71 3.95 3.75 3.07 2.17 1.29 0.71 0.35 0.55 1.17 2.00 2.87 3.75 4.35 4.56 4.33 3.77 2.99 2.25 1.73 1.57 1.67 2.05 2.63
  6   3.35 3.80 3.95 3.59 2.89 1.99 1.23 0.67 0.60 1.00 1.61 2.37 3.23 4.00 4.47 4.51 4.24 3.57 2.75 2.07 1.63 1.52 1.74 2.20
  7   2.85 3.47 3.80 3.83 3.45 2.77 2.03 1.33 0.91 0.95 1.37 2.00 2.71 3.53 4.25 4.61 4.60 4.19 3.51 2.67 2.13 1.79 1.71 1.99
  8   2.37 2.93 3.47 3.93 3.99 3.60 2.93 2.20 1.67 1.47 1.63 2.00 2.47 3.03 3.71 4.31 4.60 4.57 4.20 3.53 2.71 2.16 1.89 1.85
  9   2.06 2.40 2.87 3.35 3.69 3.79 3.47 2.87 2.27 1.83 1.67 1.77 2.11 2.51 3.05 3.67 4.17 4.35 4.27 3.87 3.25 2.60 2.03 1.80
 10   1.83 1.97 2.31 2.75 3.17 3.55 3.71 3.57 3.17 2.60 2.19 1.99 2.03 2.21 2.53 3.04 3.60 4.08 4.25 4.05 3.64 3.04 2.47 1.95
 11   1.68 1.64 1.74 2.07 2.57 3.11 3.55 3.80 3.77 3.46 2.95 2.47 2.17 2.05 2.23 2.57 3.05 3.53 3.95 4.11 3.99 3.61 3.03 2.40
 12   1.83 1.44 1.35 1.44 1.80 2.43 3.09 3.60 3.99 3.99 3.69 3.16 2.57 2.20 2.02 2.11 2.47 2.91 3.40 3.80 4.03 3.97 3.57 2.95
 13   2.20 1.60 1.17 1.07 1.19 1.67 2.40 3.13 3.77 4.23 4.31 3.97 3.39 2.75 2.17 1.93 1.97 2.31 2.80 3.37 3.79 3.99 3.91 3.52
 14   2.77 2.00 1.33 0.85 0.84 1.13 1.67 2.45 3.31 4.01 4.47 4.45 4.07 3.37 2.59 1.99 1.79 1.91 2.29 2.77 3.31 3.84 4.11 3.99
 15   3.57 2.67 1.77 1.03 0.63 0.67 1.11 1.83 2.71 3.67 4.31 4.67 4.57 4.15 3.31 2.55 1.95 1.72 1.80 2.18 2.69 3.49 4.07 4.23
 16   4.03 3.35 2.47 1.53 0.80 0.55 0.75 1.23 2.00 2.91 3.91 4.60 4.87 4.67 4.07 3.23 2.45 1.87 1.77 1.94 2.33 2.87 3.57 4.11
 17   4.29 3.95 3.24 2.20 1.31 0.77 0.64 0.87 1.47 2.27 3.27 4.20 4.71 4.79 4.45 3.80 2.93 2.20 1.75 1.67 1.87 2.33 3.07 3.81
 18   4.27 4.15 3.61 2.75 1.81 1.05 0.73 0.73 1.17 1.87 2.71 3.67 4.43 4.80 4.80 4.33 3.51 2.60 2.05 1.80 1.79 2.11 2.67 3.37
 19   4.00 4.26 4.09 3.55 2.60 1.75 1.13 0.95 1.17 1.75 2.35 3.13 3.99 4.49 4.75 4.54 3.95 3.07 2.31 1.87 1.67 1.80 2.27 2.89
 20   3.59 3.99 4.12 3.78 3.08 2.15 1.43 1.11 1.19 1.55 2.04 2.58 3.27 3.98 4.44 4.46 4.14 3.48 2.72 2.10 1.73 1.66 1.83 2.38
 21   2.94 3.50 3.80 3.71 3.34 2.67 2.02 1.44 1.22 1.38 1.82 2.30 2.87 3.66 4.18 4.47 4.31 3.88 3.28 2.62 2.07 1.89 1.94 2.20
 22   2.58 3.04 3.42 3.65 3.52 3.09 2.52 2.00 1.67 1.67 1.92 2.27 2.64 3.08 3.66 4.14 4.27 4.06 3.58 2.98 2.36 2.04 1.97 2.11
 23   2.38 2.76 3.14 3.49 3.60 3.47 3.18 2.82 2.48 2.26 2.22 2.36 2.60 2.94 3.35 3.82 4.15 4.15 3.87 3.33 2.78 2.42 2.24 2.24
 24   2.34 2.54 2.78 3.04 3.29 3.42 3.30 3.02 2.66 2.38 2.26 2.28 2.44 2.78 3.13 3.47 3.83 4.00 3.95 3.55 3.01 2.55 2.28 2.21
 25   2.23 2.38 2.51 2.75 3.05 3.31 3.43 3.35 3.15 2.87 2.67 2.55 2.51 2.59 2.79 3.07 3.39 3.62 3.71 3.63 3.31 2.93 2.52 2.21
 26   2.03 2.03 2.15 2.35 2.65 2.95 3.24 3.41 3.45 3.31 3.10 2.86 2.64 2.51 2.59 2.77 3.04 3.31 3.51 3.61 3.49 3.17 2.79 2.37
 27   2.03 1.87 1.84 1.92 2.17 2.57 3.00 3.35 3.52 3.51 3.37 3.11 2.83 2.60 2.51 2.55 2.67 2.91 3.13 3.35 3.49 3.41 3.10 2.69
 28
 29
 30
 ----------------------------------------------------------------------------------------------------------------------------
                                                                                               
 ----------------------------------------------------------------------------------------------------------------------------
 ----------------------------------------------------------------------------------------------------------------------------
                                                          SURVEY OF INDIA
                                                    MARINE GEODESY WING (G&RB)
                                                     HOURLY HEIGHTS IN METRES
  NAME OF PORT:- MUMBAI                                                                             MONTH JULY      YEAR 2015
 ----------------------------------------------------------------------------------------------------------------------------
 DAYS 0000 0001 0002 0003 0004 0005 0006 0007 0008 0009 0010 0011 0012 0013 0014 0015 0016 0017 0018 0019 0020 0021 0022 0023
 ----------------------------------------------------------------------------------------------------------------------------
  1
  2
  3
  4
  5
  6
  7
  8
  9   1.31 1.63 2.15 2.77 3.29 3.63 3.67 3.39 2.91 2.37 1.95 1.80 1.91 2.12 2.57 3.09 3.60 3.95 3.93 3.61 3.03 2.41 1.83 1.42
 10   1.24 1.33 1.60 2.03 2.57 3.11 3.51 3.71 3.57 3.20 2.71 2.29 2.07 2.03 2.19 2.51 2.97 3.47 3.75 3.75 3.47 2.99 2.45 1.87
 11   1.39 1.17 1.21 1.47 1.87 2.47 3.05 3.53 3.81 3.76 3.43 2.91 2.47 2.19 2.11 2.23 2.45 2.83 3.23 3.55 3.63 3.47 3.07 2.49
 12   1.82 1.35 1.11 1.17 1.45 1.91 2.51 3.11 3.67 3.99 3.99 3.66 3.15 2.59 2.24 2.07 2.15 2.39 2.77 3.20 3.60 3.69 3.53 3.07
 13   2.47 1.81 1.27 0.97 0.99 1.31 1.87 2.59 3.39 3.97 4.29 4.17 3.77 3.15 2.57 2.15 1.95 2.03 2.31 2.71 3.19 3.60 3.77 3.59
 14   3.11 2.37 1.67 1.03 0.77 0.91 1.33 2.00 2.77 3.60 4.15 4.39 4.25 3.82 3.15 2.44 1.97 1.80 1.88 2.20 2.71 3.25 3.73 3.89
 15   3.64 3.04 2.27 1.47 0.89 0.69 0.95 1.43 2.20 3.05 3.85 4.40 4.49 4.11 3.53 2.91 2.31 1.95 1.77 1.97 2.37 2.87 3.43 3.79
 16   3.87 3.40 2.75 1.99 1.35 0.89 0.67 1.05 1.75 2.57 3.35 4.06 4.43 4.46 3.91 3.31 2.65 2.20 1.97 1.87 2.07 2.45 3.03 3.57
 17   3.95 3.71 3.17 2.47 1.77 1.21 0.83 0.76 1.35 2.11 2.89 3.67 4.27 4.51 4.33 3.69 3.05 2.53 2.20 1.93 1.93 2.27 2.75 3.27
 18   3.76 3.95 3.59 2.91 2.17 1.53 1.03 0.77 0.91 1.64 2.48 3.20 3.95 4.37 4.40 4.07 3.40 2.63 1.95 1.51 1.40 1.63 2.17 2.79
 19   3.41 3.87 3.87 3.47 2.67 1.87 1.27 1.00 1.09 1.43 2.00 2.69 3.47 4.07 4.35 4.17 3.63 2.91 2.20 1.68 1.40 1.43 1.80 2.31
 20   2.03 3.51 3.75 3.59 3.03 2.23 1.59 1.23 1.15 1.40 1.93 2.39 2.97 3.63 4.05 4.15 3.80 3.22 2.55 1.95 1.53 1.41 1.65 2.09
 21   2.71 3.31 3.65 3.67 3.35 2.80 2.13 1.58 1.43 1.53 1.84 2.27 2.79 3.31 3.77 4.05 3.97 3.57 2.91 2.27 1.79 1.53 1.61 1.87
 22   2.27 2.80 3.23 3.47 3.47 3.11 2.59 2.06 1.71 1.67 1.87 2.15 2.49 2.87 3.37 3.73 3.83 3.57 3.09 2.53 1.99 1.63 1.51 1.63
 23   1.93 2.37 2.80 3.15 3.27 3.20 2.87 2.44 2.07 1.90 1.97 2.17 2.40 2.71 3.11 3.49 3.75 3.69 3.37 2.87 2.37 2.00 1.76 1.66
 24   1.81 2.11 2.47 2.87 3.15 3.27 3.20 2.95 2.64 2.43 2.29 2.35 2.47 2.63 2.91 3.23 3.47 3.63 3.51 3.15 2.74 2.29 1.91 1.67
 25   1.67 1.87 2.17 2.51 2.80 3.11 3.23 3.20 3.05 2.83 2.66 2.51 2.49 2.51 2.63 2.87 3.11 3.37 3.43 3.27 2.99 2.60 2.19 1.85
 26   1.64 1.63 1.80 2.07 2.42 2.80 3.11 3.31 3.35 3.27 3.05 2.77 2.57 2.49 2.51 2.63 2.83 3.07 3.29 3.38 3.23 2.95 2.59 2.20
 27   1.87 1.60 1.47 1.67 2.03 2.53 3.00 3.35 3.57 3.67 3.60 3.35 3.00 2.69 2.49 2.46 2.57 2.79 3.05 3.29 3.47 3.40 3.13 2.67
 28   2.13 1.71 1.47 1.43 1.51 1.97 2.47 3.09 3.67 4.00 4.07 3.85 3.43 2.95 2.51 2.31 2.31 2.43 2.67 3.04 3.39 3.57 3.57 3.27
 29   2.80 2.18 1.47 1.04 1.03 1.35 1.95 2.67 3.33 3.89 4.23 4.31 4.00 3.51 2.80 2.37 2.08 2.07 2.35 2.69 3.17 3.67 3.95 3.87
 30   3.40 2.60 1.83 1.15 0.83 0.91 1.29 1.95 2.77 3.63 4.23 4.51 4.40 3.93 3.23 2.53 1.93 1.69 1.80 2.11 2.61 3.26 3.87 4.08
 31   3.95 3.33 2.40 1.47 0.80 0.51 0.57 1.07 2.03 2.94 3.91 4.55 4.67 4.48 3.84 2.91 2.03 1.44 1.32 1.54 1.99 2.67 3.44 4.03
 ----------------------------------------------------------------------------------------------------------------------------
                                                                                               
 ----------------------------------------------------------------------------------------------------------------------------
 ----------------------------------------------------------------------------------------------------------------------------
                                                          SURVEY OF INDIA
                                                    MARINE GEODESY WING (G&RB)
                                                     HOURLY HEIGHTS IN METRES
  NAME OF PORT:- MUMBAI                                                                             MONTH AUGUST    YEAR 2015
 ----------------------------------------------------------------------------------------------------------------------------
 DAYS 0000 0001 0002 0003 0004 0005 0006 0007 0008 0009 0010 0011 0012 0013 0014 0015 0016 0017 0018 0019 0020 0021 0022 0023
 ----------------------------------------------------------------------------------------------------------------------------
  1
  2
  3
  4
  5
  6   1.60 2.43 3.27 3.84 4.11 3.97 3.44 2.75 2.07 1.67 1.60 1.80 2.19 2.75 3.46 4.01 4.28 4.20 3.68 2.95 2.17 1.55 1.15 1.15
  7   1.35 1.83 2.42 3.09 3.64 3.91 3.83 3.47 2.95 2.47 2.11 2.03 2.12 2.37 2.77 3.31 3.77 3.95 3.79 3.37 2.80 2.23 1.62 1.35
  8   1.29 1.53 1.87 2.35 2.87 3.34 3.60 3.66 3.49 3.17 2.77 2.39 2.21 2.24 2.44 2.79 3.17 3.47 3.61 3.44 3.17 2.77 2.28 1.80
  9   1.47 1.39 1.51 1.80 2.21 2.73 3.19 3.57 3.67 3.63 3.33 2.93 2.57 2.31 2.24 2.33 2.55 2.87 3.17 3.35 3.39 3.17 2.83 2.37
 10   1.87 1.43 1.30 1.40 1.71 2.17 2.71 3.24 3.63 3.83 3.80 3.47 3.01 2.60 2.27 2.14 2.17 2.37 2.72 3.07 3.33 3.43 3.28 2.93
 11   2.43 1.81 1.35 1.18 1.28 1.61 2.15 2.77 3.41 3.87 4.07 4.00 3.63 3.11 2.57 2.15 1.89 2.01 2.31 2.71 3.17 3.47 3.57 3.47
 12   2.99 2.35 1.71 1.23 1.03 1.20 1.60 2.27 2.97 3.64 4.10 4.23 4.00 3.49 2.87 2.27 1.84 1.71 1.87 2.27 2.75 3.23 3.60 3.70
 13   3.47 2.87 2.15 1.47 1.04 0.94 1.24 1.77 2.47 3.25 3.91 4.29 4.29 3.91 3.27 2.57 1.97 1.64 1.63 1.85 2.35 2.93 3.49 3.86
 14   3.87 3.39 2.69 1.95 1.33 0.95 0.97 1.43 2.03 2.75 3.55 4.13 4.35 4.20 3.71 2.95 2.20 1.67 1.43 1.53 1.91 2.45 3.11 3.69
 15   3.93 3.75 3.14 2.35 1.57 1.03 0.83 1.07 1.57 2.24 3.05 3.79 4.27 4.31 3.97 3.27 2.47 1.83 1.40 1.32 1.55 2.07 2.73 3.40
 16   3.87 3.97 3.57 2.80 1.95 1.23 0.87 0.97 1.44 2.00 2.71 3.44 4.07 4.37 4.20 3.67 2.80 2.02 1.47 1.24 1.37 1.79 2.41 3.07
 17   3.67 4.00 3.85 3.27 2.40 1.67 1.15 1.03 1.31 1.75 2.39 3.11 3.77 4.22 4.27 3.87 3.17 2.33 1.67 1.27 1.20 1.49 2.03 2.67
 18   3.33 3.80 3.89 3.57 2.87 2.09 1.45 1.15 1.24 1.57 2.13 2.73 3.43 3.97 4.23 4.03 3.44 2.67 1.91 1.39 1.19 1.30 1.70 2.27
 19   2.95 3.59 3.89 3.77 3.23 2.53 1.89 1.47 1.35 1.57 1.99 2.49 3.05 3.61 4.00 4.03 3.67 2.95 2.17 1.61 1.27 1.27 1.59 2.05
 20   2.65 3.28 3.67 3.79 3.51 2.95 2.35 1.87 1.60 1.67 1.97 2.37 2.82 3.31 3.73 3.87 3.67 3.23 2.52 1.91 1.45 1.27 1.40 1.77
 21   2.27 2.83 3.31 3.55 3.53 3.24 2.77 2.31 2.00 1.85 1.97 2.27 2.57 2.97 3.37 3.63 3.68 3.41 2.87 2.29 1.79 1.49 1.47 1.67
 22   2.00 2.47 2.93 3.33 3.51 3.48 3.20 2.84 2.55 2.31 2.24 2.39 2.55 2.79 3.10 3.37 3.51 3.48 3.20 2.77 2.27 1.85 1.61 1.65
 23   1.83 2.17 2.51 2.87 3.17 3.37 3.35 3.19 2.95 2.67 2.51 2.47 2.47 2.57 2.75 2.97 3.19 3.31 3.24 2.97 2.57 2.20 1.85 1.66
 24   1.67 1.83 2.11 2.44 2.77 3.10 3.29 3.35 3.27 3.04 2.84 2.65 2.57 2.51 2.51 2.64 2.87 3.09 3.25 3.22 2.99 2.67 2.27 1.93
 25   1.75 1.67 1.77 2.01 2.39 2.77 3.15 3.47 3.62 3.57 3.35 3.01 2.73 2.49 2.40 2.43 2.57 2.81 3.07 3.24 3.31 3.20 2.87 2.40
 26   1.91 1.57 1.47 1.51 1.77 2.17 2.71 3.25 3.67 3.85 3.79 3.47 3.03 2.61 2.31 2.15 2.15 2.37 2.70 3.07 3.39 3.51 3.41 3.03
 27   2.46 1.75 1.29 1.11 1.25 1.65 2.21 2.91 3.55 4.01 4.23 4.09 3.63 3.02 2.40 1.99 1.87 1.97 2.27 2.71 3.27 3.71 3.95 3.77
 28   3.25 2.43 1.67 1.07 0.83 1.01 1.55 2.31 3.15 3.87 4.40 4.51 4.27 3.67 2.81 2.09 1.60 1.43 1.63 2.11 2.75 3.51 4.04 4.23
 29   3.95 3.24 2.27 1.37 0.71 0.55 0.77 1.55 2.43 3.35 4.20 4.67 4.67 4.27 3.49 2.47 1.67 1.15 1.11 1.40 2.07 2.95 3.87 4.45
 30   4.55 4.09 3.21 2.11 1.17 0.55 0.41 0.87 1.71 2.67 3.71 4.60 4.95 4.84 4.23 3.23 2.07 1.23 0.75 0.82 1.31 2.17 3.20 4.15
 31   4.69 4.67 4.13 3.11 1.95 1.00 0.51 0.51 1.03 1.97 3.04 4.11 4.80 5.02 4.71 3.87 2.75 1.60 0.81 0.43 0.67 1.39 2.32 3.40
 ----------------------------------------------------------------------------------------------------------------------------
                                                                                               
 ----------------------------------------------------------------------------------------------------------------------------
 ----------------------------------------------------------------------------------------------------------------------------
                                                          SURVEY OF INDIA
                                                    MARINE GEODESY WING (G&RB)
                                                     HOURLY HEIGHTS IN METRES
  NAME OF PORT:- MUMBAI                                                                             MONTH SEPT      YEAR 2015
 ----------------------------------------------------------------------------------------------------------------------------
 DAYS 0000 0001 0002 0003 0004 0005 0006 0007 0008 0009 0010 0011 0012 0013 0014 0015 0016 0017 0018 0019 0020 0021 0022 0023
 ----------------------------------------------------------------------------------------------------------------------------
  1   4.31 4.80 4.66 3.97 2.87 1.71 0.91 0.55 0.79 1.43 2.35 3.40 4.39 4.91 4.91 4.39 3.44 2.26 1.25 0.55 0.39 0.75 1.55 2.54
  2   3.59 4.45 4.79 4.55 3.80 2.71 1.69 1.07 0.91 1.24 1.86 2.69 3.60 4.40 4.80 4.64 4.03 3.07 1.97 1.05 0.53 0.53 0.91 1.67
  3   2.63 3.65 4.33 4.57 4.29 3.55 2.59 1.75 1.29 1.23 1.57 2.07 2.77 3.57 4.23 4.47 4.21 3.57 2.63 1.69 1.03 0.67 0.79 1.15
  4   1.87 2.71 3.49 4.03 4.23 3.91 3.27 2.53 1.91 1.60 1.61 1.83 2.21 2.75 3.45 3.91 4.07 3.77 3.15 2.40 1.67 1.21 1.03 1.15
  5   1.43 2.00 2.67 3.31 3.75 3.87 3.65 3.24 2.71 2.25 2.03 1.97 2.11 2.37 2.83 3.31 3.61 3.67 3.40 2.91 2.37 1.87 1.51 1.39
  6   1.43 1.71 2.03 2.57 3.11 3.49 3.65 3.53 3.25 2.91 2.59 2.37 2.23 2.23 2.33 2.63 2.99 3.25 3.31 3.17 2.85 2.49 2.09 1.79
  7   1.56 1.56 1.75 2.09 2.53 2.93 3.31 3.57 3.60 3.43 3.11 2.73 2.47 2.29 2.23 2.29 2.51 2.80 3.06 3.20 3.17 3.00 2.68 2.29
  8   1.87 1.60 1.53 1.69 2.00 2.42 2.91 3.35 3.63 3.69 3.60 3.29 2.87 2.47 2.17 2.08 2.17 2.39 2.75 3.03 3.24 3.31 3.20 2.87
  9   2.40 1.95 1.63 1.51 1.63 1.89 2.37 2.94 3.45 3.80 3.88 3.71 3.29 2.75 2.29 1.99 1.89 2.05 2.35 2.75 3.13 3.43 3.55 3.40
 10   2.97 2.37 1.83 1.51 1.43 1.60 1.97 2.53 3.17 3.73 4.09 4.09 3.77 3.20 2.59 2.07 1.73 1.71 1.91 2.31 2.81 3.33 3.65 3.69
 11   3.43 2.87 2.20 1.63 1.29 1.23 1.53 2.09 2.73 3.40 3.95 4.20 4.07 3.63 2.91 2.23 1.71 1.49 1.63 1.99 2.51 3.09 3.60 3.89
 12   3.87 3.43 2.75 1.97 1.39 1.15 1.31 1.81 2.43 3.11 3.75 4.21 4.28 3.97 3.37 2.59 1.89 1.45 1.39 1.69 2.19 2.81 3.47 3.95
 13   4.09 3.85 3.27 2.47 1.73 1.23 1.19 1.59 2.17 2.79 3.47 4.09 4.35 4.23 3.71 2.96 2.15 1.55 1.25 1.39 1.87 2.47 3.21 3.83
 14   4.19 4.15 3.67 2.89 2.11 1.47 1.19 1.35 1.81 2.40 3.09 3.84 4.31 4.35 3.97 3.27 2.40 1.61 1.20 1.20 1.61 2.20 2.88 3.64
 15   4.15 4.24 3.92 3.24 2.44 1.70 1.26 1.26 1.64 2.10 2.80 3.52 4.12 4.36 4.10 3.50 2.60 1.82 1.24 1.00 1.26 1.76 2.44 3.16
 16   3.82 4.28 4.18 3.68 2.88 2.06 1.50 1.32 1.54 1.96 2.52 3.16 3.84 4.18 4.18 3.74 2.94 2.10 1.44 1.00 1.04 1.42 2.04 2.74
 17   3.40 3.98 4.14 3.86 3.24 2.44 1.80 1.48 1.54 1.85 2.30 2.84 3.42 3.80 4.05 3.85 3.25 2.48 1.74 1.24 1.14 1.39 1.80 2.44
 18   3.08 3.64 4.02 4.04 3.64 2.99 2.32 1.86 1.72 1.88 2.24 2.66 3.12 3.56 3.85 3.86 3.48 2.88 2.14 1.52 1.16 1.24 1.64 2.08
 19   2.68 3.22 3.70 3.96 3.80 3.38 2.74 2.26 2.00 2.02 2.20 2.50 2.82 3.22 3.60 3.76 3.60 3.08 2.36 1.80 1.44 1.34 1.56 1.86
 20   2.28 2.84 3.36 3.72 3.80 3.54 3.20 2.80 2.46 2.24 2.28 2.40 2.66 2.98 3.28 3.48 3.56 3.38 2.96 2.40 1.84 1.60 1.54 1.76
 21   2.08 2.42 2.84 3.26 3.56 3.68 3.42 3.08 2.76 2.56 2.44 2.44 2.50 2.60 2.78 3.04 3.20 3.28 3.10 2.70 2.24 1.88 1.66 1.64
 22   1.84 2.12 2.40 2.76 3.12 3.38 3.48 3.40 3.20 2.92 2.68 2.50 2.42 2.44 2.54 2.68 2.84 2.98 3.08 3.02 2.82 2.45 2.06 1.78
 23   1.72 1.80 2.00 2.30 2.65 3.04 3.36 3.56 3.56 3.38 3.06 2.72 2.44 2.30 2.26 2.30 2.50 2.74 2.96 3.16 3.16 3.00 2.64 2.20
 24   1.78 1.56 1.56 1.78 2.16 2.62 3.06 3.50 3.76 3.81 3.58 3.16 2.66 2.22 1.96 1.90 2.00 2.26 2.64 3.02 3.34 3.48 3.32 2.90
 25   2.28 1.62 1.24 1.18 1.44 2.00 2.56 3.16 3.66 3.98 4.03 3.74 3.20 2.50 1.90 1.46 1.42 1.64 2.08 2.72 3.30 3.74 3.92 3.67
 26   3.06 2.24 1.50 1.02 0.94 1.32 1.92 2.62 3.36 4.00 4.36 4.30 3.84 3.08 2.18 1.46 1.02 1.02 1.40 2.06 2.85 3.62 4.20 4.36
 27   4.02 3.20 2.20 1.30 0.78 0.74 1.18 1.88 2.72 3.64 4.40 4.72 4.48 3.80 2.78 1.74 0.98 0.58 0.68 1.22 2.06 3.04 3.98 4.56
 28   4.60 4.06 3.12 2.00 1.10 0.56 0.56 1.08 1.94 2.92 4.00 4.64 4.80 4.44 3.60 2.40 1.30 0.52 0.32 0.44 1.16 2.16 3.28 4.26
 29   4.78 4.62 4.04 3.04 1.86 0.98 0.54 0.68 1.34 2.30 3.36 4.32 4.80 4.74 4.18 3.14 1.90 0.90 0.28 0.16 0.42 1.30 2.40 3.54
 30   4.50 4.84 4.78 4.08 2.90 1.74 1.00 0.72 1.04 1.70 2.60 3.62 4.46 4.78 4.62 3.92 2.80 1.58 0.66 0.30 0.32 0.76 1.70 2.76
 ----------------------------------------------------------------------------------------------------------------------------
                                                                                               
 ----------------------------------------------------------------------------------------------------------------------------
 ----------------------------------------------------------------------------------------------------------------------------
                                                          SURVEY OF INDIA
                                                    MARINE GEODESY WING (G&RB)
                                                     HOURLY HEIGHTS IN METRES
  NAME OF PORT:- MUMBAI                                                                             MONTH OCTOBER   YEAR 2015
 ----------------------------------------------------------------------------------------------------------------------------
 DAYS 0000 0001 0002 0003 0004 0005 0006 0007 0008 0009 0010 0011 0012 0013 0014 0015 0016 0017 0018 0019 0020 0021 0022 0023
 ----------------------------------------------------------------------------------------------------------------------------
  1   3.82 4.70 4.96 4.70 3.86 2.78 1.84 1.28 1.00 1.28 1.92 2.70 3.54 4.22 4.44 4.17 3.50 2.48 1.44 0.70 0.38 0.48 1.04 1.88
  2   3.00 3.84 4.46 4.66 4.43 3.58 2.74 1.90 1.34 1.19 1.60 2.22 2.94 3.62 4.20 4.32 3.92 3.14 2.26 1.46 0.92 0.80 1.02 1.46
  3   2.20 3.18 3.78 4.28 4.36 4.06 3.38 2.64 2.06 1.66 1.54 1.88 2.58 3.14 3.69 3.99 3.94 3.62 2.80 2.10 1.50 1.16 1.16 1.48
  4   1.92 2.50 3.16 3.76 4.09 4.07 3.72 3.20 2.67 2.28 2.10 2.14 2.28 2.58 2.98 3.36 3.56 3.50 3.12 2.67 2.16 1.78 1.56 1.58
  5   1.80 2.08 2.50 3.00 3.48 3.74 3.72 3.51 3.14 2.78 2.50 2.32 2.24 2.26 2.40 2.72 3.01 3.18 3.18 2.98 2.66 2.32 2.04 1.90
  6   1.88 1.94 2.14 2.50 2.88 3.28 3.54 3.62 3.48 3.24 2.92 2.62 2.40 2.24 2.20 2.30 2.56 2.84 3.04 3.08 3.03 2.90 2.66 2.35
  7   2.10 1.94 1.98 2.16 2.50 2.86 3.22 3.50 3.64 3.60 3.36 3.00 2.64 2.30 2.12 2.08 2.28 2.54 2.84 3.10 3.30 3.34 3.22 2.92
  8   2.54 2.18 1.98 1.96 2.16 2.48 2.92 3.34 3.68 3.83 3.78 3.50 3.04 2.54 2.12 1.90 1.98 2.24 2.58 2.96 3.30 3.56 3.60 3.44
  9   3.06 2.56 2.12 1.85 1.85 2.12 2.60 3.08 3.56 3.92 4.00 3.90 3.50 2.92 2.36 1.94 1.78 1.90 2.20 2.68 3.20 3.64 3.90 3.86
 10   3.54 2.96 2.42 2.00 1.78 1.90 2.26 2.74 3.30 3.78 4.00 4.10 3.90 3.32 2.62 2.02 1.68 1.66 1.92 2.38 2.96 3.54 4.00 4.16
 11   4.00 3.48 2.84 2.24 1.86 1.74 1.98 2.36 2.90 3.50 4.00 4.28 4.16 3.70 2.96 2.20 1.66 1.44 1.60 2.02 2.60 3.22 3.84 4.22
 12   4.24 3.88 3.28 2.52 1.92 1.64 1.72 2.04 2.54 3.12 3.76 4.20 4.25 3.88 3.20 2.38 1.68 1.24 1.16 1.52 2.12 2.80 3.56 4.12
 13   4.36 4.18 3.62 2.82 2.12 1.64 1.52 1.72 2.16 2.70 3.38 3.96 4.20 4.00 3.40 2.54 1.76 1.16 0.92 1.18 1.72 2.40 3.14 3.90
 14   4.34 4.34 3.88 3.16 2.38 1.78 1.48 1.56 1.88 2.40 3.00 3.72 4.10 4.08 3.62 2.84 1.96 1.26 0.84 0.90 1.38 2.04 2.80 3.60
 15   4.14 4.38 4.16 3.56 2.78 2.06 1.58 1.50 1.72 2.20 2.78 3.40 3.92 4.12 3.86 3.20 2.34 1.56 1.00 0.82 1.12 1.68 2.42 3.20
 16   3.98 4.40 4.36 3.94 3.24 2.50 1.92 1.64 1.72 2.04 2.54 3.12 3.70 4.00 3.96 3.52 2.80 1.98 1.28 0.90 1.00 1.46 2.08 2.80
 17   3.54 4.18 4.42 4.22 3.74 3.00 2.40 1.96 1.86 2.04 2.38 2.92 3.44 3.86 4.00 3.76 3.20 2.44 1.74 1.24 1.14 1.44 1.90 2.50
 18   3.24 3.86 4.24 4.20 3.96 3.38 2.82 2.32 2.04 2.04 2.28 2.66 3.06 3.50 3.72 3.76 3.44 2.90 2.20 1.60 1.30 1.36 1.70 2.18
 19   2.76 3.36 3.86 4.14 4.08 3.74 3.26 2.72 2.36 2.18 2.22 2.42 2.72 3.10 3.38 3.56 3.52 3.18 2.66 2.12 1.70 1.53 1.66 1.98
 20   2.36 2.88 3.40 3.78 3.98 3.88 3.56 3.16 2.80 2.54 2.40 2.36 2.44 2.70 3.01 3.27 3.38 3.30 3.04 2.70 2.28 1.94 1.80 1.84
 21   2.06 2.46 2.88 3.34 3.68 3.84 3.76 3.56 3.26 2.92 2.62 2.44 2.36 2.44 2.64 2.88 3.12 3.26 3.26 3.16 2.90 2.58 2.20 1.94
 22   1.98 2.18 2.51 2.94 3.33 3.67 3.86 3.93 3.78 3.49 3.11 2.73 2.45 2.31 2.31 2.47 2.77 3.07 3.33 3.49 3.51 3.35 2.98 2.51
 23   2.11 1.91 1.99 2.35 2.79 3.27 3.71 3.99 4.11 4.03 3.65 3.17 2.63 2.19 1.93 1.91 2.13 2.55 3.03 3.47 3.79 3.87 3.67 3.23
 24   2.59 2.06 1.80 1.86 2.22 2.75 3.33 3.84 4.22 4.34 4.19 3.73 3.07 2.39 1.77 1.45 1.51 1.93 2.53 3.24 3.86 4.31 4.37 4.03
 25   3.39 2.53 1.95 1.60 1.69 2.09 2.73 3.39 4.04 4.51 4.63 4.33 3.69 2.81 1.95 1.31 1.07 1.27 1.75 2.57 3.47 4.27 4.75 4.80
 26   4.27 3.40 2.49 1.77 1.38 1.47 1.95 2.67 3.51 4.27 4.71 4.71 4.31 3.47 2.43 1.47 0.77 0.63 0.93 1.69 2.71 3.75 4.67 5.09
 27   4.99 4.31 3.31 2.31 1.55 1.20 1.40 1.97 2.81 3.77 4.60 4.95 4.75 4.19 3.17 2.06 0.99 0.54 0.51 0.91 1.87 2.99 4.15 4.99
 28   5.25 5.06 4.29 3.17 2.17 1.45 1.23 1.49 2.15 3.05 4.01 4.69 4.89 4.60 3.86 2.74 1.55 0.67 0.23 0.43 1.11 2.09 3.31 4.41
 29   5.15 5.35 4.97 4.17 2.99 2.04 1.37 1.24 1.59 2.31 3.20 4.13 4.73 4.80 4.35 3.47 2.33 1.23 0.46 0.27 0.63 1.37 2.40 3.51
 30   4.51 5.13 5.19 4.67 3.77 2.71 1.87 1.37 1.39 1.80 2.55 3.41 4.17 4.55 4.48 3.95 3.05 2.01 1.11 0.55 0.53 0.99 1.75 2.63
 31   3.66 4.51 4.89 4.87 4.29 3.45 2.55 1.84 1.49 1.60 1.99 2.63 3.39 4.03 4.30 4.11 3.51 2.63 1.79 1.11 0.80 0.95 1.35 1.99
 ----------------------------------------------------------------------------------------------------------------------------
                                                                                               
 ----------------------------------------------------------------------------------------------------------------------------
 ----------------------------------------------------------------------------------------------------------------------------
                                                          SURVEY OF INDIA
                                                    MARINE GEODESY WING (G&RB)
                                                     HOURLY HEIGHTS IN METRES
  NAME OF PORT:- MUMBAI                                                                             MONTH NOVEMBER  YEAR 2015
 ----------------------------------------------------------------------------------------------------------------------------
 DAYS 0000 0001 0002 0003 0004 0005 0006 0007 0008 0009 0010 0011 0012 0013 0014 0015 0016 0017 0018 0019 0020 0021 0022 0023
 ----------------------------------------------------------------------------------------------------------------------------
  1   2.80 3.67 4.31 4.59 4.39 3.91 3.19 2.49 1.95 1.75 1.86 2.17 2.69 3.27 3.75 3.87 3.69 3.13 2.46 1.80 1.37 1.23 1.43 1.81
  2   2.31 3.00 3.67 4.17 4.28 4.09 3.67 3.09 2.57 2.19 2.04 2.07 2.32 2.71 3.15 3.47 3.57 3.39 2.97 2.55 2.14 1.84 1.77 1.91
  3   2.17 2.65 3.11 3.62 3.97 4.07 3.93 3.56 3.11 2.67 2.40 2.27 2.27 2.41 2.63 2.95 3.22 3.31 3.21 2.97 2.69 2.41 2.21 2.11
  4   2.18 2.39 2.71 3.11 3.47 3.75 3.85 3.71 3.47 3.15 2.80 2.51 2.33 2.27 2.37 2.59 2.87 3.11 3.24 3.24 3.11 2.97 2.77 2.57
  5   2.39 2.35 2.49 2.77 3.15 3.51 3.72 3.81 3.73 3.51 3.24 2.80 2.49 2.24 2.17 2.27 2.53 2.83 3.10 3.29 3.40 3.40 3.22 2.91
  6   2.60 2.37 2.35 2.49 2.75 3.07 3.45 3.68 3.79 3.73 3.51 3.15 2.69 2.27 2.00 1.95 2.11 2.43 2.81 3.19 3.47 3.63 3.60 3.31
  7   2.93 2.53 2.31 2.24 2.35 2.63 3.01 3.40 3.69 3.84 3.76 3.47 2.97 2.43 1.97 1.71 1.77 2.03 2.41 2.89 3.40 3.72 3.85 3.71
  8   3.29 2.85 2.47 2.20 2.15 2.31 2.64 3.03 3.44 3.74 3.83 3.65 3.24 2.65 2.05 1.61 1.43 1.57 1.97 2.51 3.11 3.60 3.93 3.97
  9   3.67 3.19 2.69 2.25 2.01 2.02 2.24 2.63 3.15 3.63 3.89 3.86 3.51 2.95 2.25 1.67 1.29 1.30 1.63 2.15 2.83 3.49 4.03 4.27
 10   4.17 3.69 3.09 2.49 2.07 1.93 2.06 2.39 2.87 3.45 3.87 4.05 3.87 3.33 2.57 1.85 1.34 1.13 1.27 1.73 2.43 3.15 3.87 4.35
 11   4.42 4.08 3.47 2.77 2.20 1.88 1.88 2.11 2.55 3.11 3.67 4.03 3.99 3.55 2.75 1.91 1.27 0.91 1.00 1.47 2.18 2.93 3.69 4.28
 12   4.47 4.31 3.77 3.07 2.37 1.87 1.75 1.91 2.29 2.80 3.45 3.89 4.11 3.83 3.11 2.28 1.47 0.91 0.75 1.07 1.71 2.47 3.31 4.03
 13   4.51 4.51 4.13 3.47 2.75 2.11 1.77 1.77 2.03 2.51 3.11 3.71 4.07 4.04 3.51 2.67 1.83 1.10 0.75 0.83 1.35 2.07 2.87 3.67
 14   4.35 4.61 4.45 3.95 3.19 2.47 1.93 1.73 1.84 2.21 2.75 3.33 3.77 3.97 3.80 3.23 2.43 1.57 0.97 0.73 0.99 1.59 2.33 3.09
 15   3.98 4.43 4.53 4.20 3.60 2.86 2.27 1.87 1.77 1.89 2.31 2.87 3.47 3.84 3.88 3.51 2.85 2.07 1.37 0.89 0.89 1.33 1.93 2.65
 16   3.44 4.09 4.44 4.40 4.00 3.33 2.67 2.15 1.87 1.86 2.07 2.47 3.04 3.55 3.83 3.77 3.31 2.60 1.89 1.37 1.13 1.25 1.69 2.25
 17   2.93 3.61 4.15 4.35 4.20 3.75 3.15 2.57 2.09 1.93 1.97 2.21 2.61 3.04 3.42 3.59 3.49 3.06 2.45 1.87 1.47 1.33 1.51 1.91
 18   2.45 3.04 3.61 4.03 4.13 3.94 3.51 3.00 2.51 2.15 2.00 1.99 2.19 2.53 2.91 3.24 3.40 3.24 2.89 2.43 1.97 1.67 1.61 1.72
 19   2.07 2.53 3.05 3.57 3.87 3.91 3.71 3.33 2.89 2.49 2.15 1.97 1.97 2.11 2.41 2.79 3.07 3.27 3.22 3.00 2.66 2.29 2.00 1.81
 20   1.83 2.08 2.51 3.05 3.49 3.80 3.87 3.71 3.37 2.91 2.44 2.07 1.82 1.77 1.91 2.21 2.59 2.97 3.25 3.39 3.33 3.04 2.60 2.19
 21   1.91 1.95 2.15 2.55 3.03 3.46 3.80 3.93 3.77 3.41 3.00 2.43 1.95 1.60 1.48 1.60 2.00 2.51 3.01 3.47 3.71 3.71 3.40 2.89
 22   2.33 1.97 1.87 2.05 2.43 2.91 3.45 3.84 4.05 3.99 3.63 3.02 2.29 1.67 1.21 1.11 1.35 1.87 2.51 3.17 3.81 4.20 4.20 3.77
 23   3.11 2.43 1.95 1.75 1.91 2.37 2.95 3.55 4.01 4.25 4.15 3.71 2.97 2.11 1.35 0.85 0.79 1.15 1.77 2.57 3.45 4.20 4.63 4.55
 24   4.07 3.21 2.43 1.89 1.67 1.85 2.34 2.91 3.63 4.20 4.42 4.25 3.64 2.75 1.77 0.99 0.57 0.52 0.83 1.79 2.77 3.77 4.62 4.97
 25   4.80 4.17 3.24 2.37 1.75 1.60 1.79 2.25 2.95 3.71 4.29 4.45 4.24 3.51 2.47 1.43 0.63 0.31 0.44 1.02 1.93 3.00 4.11 4.87
 26   5.07 4.80 4.07 3.07 2.17 1.57 1.47 1.75 2.31 3.11 3.94 4.47 4.54 4.15 3.27 2.17 1.17 0.47 0.33 0.57 1.29 2.27 3.44 4.47
 27   5.09 5.20 4.75 3.87 2.87 2.03 1.53 1.51 1.84 2.47 3.31 4.09 4.51 4.47 3.97 3.03 1.87 1.00 0.42 0.40 0.83 1.65 2.65 3.71
 28   4.67 5.11 5.06 4.51 3.57 2.57 1.82 1.47 1.52 1.99 2.61 3.32 3.93 4.28 4.14 3.54 2.54 1.54 0.74 0.37 0.52 1.12 1.90 2.83
 29   3.91 4.59 4.82 4.65 4.07 3.05 2.30 1.67 1.45 1.54 1.94 2.63 3.37 3.90 4.10 3.81 3.17 2.34 1.50 0.97 0.82 1.14 1.69 2.37
 30   3.23 4.03 4.51 4.65 4.39 3.81 2.99 2.23 1.75 1.65 1.81 2.21 2.79 3.37 3.77 3.85 3.52 2.91 2.21 1.59 1.25 1.30 1.61 2.08
 ----------------------------------------------------------------------------------------------------------------------------
                                                                                               
 ----------------------------------------------------------------------------------------------------------------------------
 ----------------------------------------------------------------------------------------------------------------------------
                                                          SURVEY OF INDIA
                                                    MARINE GEODESY WING (G&RB)
                                                     HOURLY HEIGHTS IN METRES
  NAME OF PORT:- MUMBAI                                                                             MONTH DECEMBER  YEAR 2015
 ----------------------------------------------------------------------------------------------------------------------------
 DAYS 0000 0001 0002 0003 0004 0005 0006 0007 0008 0009 0010 0011 0012 0013 0014 0015 0016 0017 0018 0019 0020 0021 0022 0023
 ----------------------------------------------------------------------------------------------------------------------------
  1   2.70 3.39 3.99 4.37 4.35 3.97 3.47 2.77 2.17 1.87 1.79 1.97 2.34 2.79 3.27 3.50 3.50 3.19 2.74 2.23 1.81 1.63 1.70 2.04
  2   2.47 2.94 3.47 3.90 4.14 4.05 3.74 3.25 2.72 2.25 1.97 1.96 2.11 2.37 2.77 3.07 3.23 3.25 3.05 2.73 2.35 2.03 1.93 2.03
  3   2.32 2.65 3.01 3.41 3.74 3.83 3.74 3.41 2.95 2.57 2.25 2.10 2.05 2.13 2.37 2.65 2.90 3.05 3.05 2.92 2.73 2.49 2.34 2.25
  4   2.37 2.47 2.73 3.02 3.34 3.59 3.69 3.52 3.24 2.87 2.49 2.19 2.01 1.99 2.07 2.29 2.54 2.81 2.99 3.12 3.12 2.96 2.74 2.54
  5   2.39 2.42 2.50 2.67 2.93 3.21 3.45 3.51 3.39 3.12 2.74 2.37 2.07 1.87 1.81 1.93 2.15 2.51 2.83 3.09 3.27 3.31 3.17 2.94
  6   2.57 2.41 2.40 2.48 2.65 2.91 3.20 3.40 3.46 3.35 3.06 2.67 2.29 1.91 1.67 1.64 1.80 2.15 2.60 3.04 3.37 3.57 3.57 3.37
  7   2.95 2.63 2.43 2.37 2.40 2.59 2.91 3.24 3.48 3.53 3.34 3.02 2.60 2.13 1.67 1.39 1.39 1.73 2.21 2.77 3.28 3.67 3.84 3.75
  8   3.31 2.89 2.55 2.31 2.27 2.35 2.57 2.91 3.27 3.55 3.60 3.34 2.87 2.27 1.71 1.31 1.13 1.33 1.81 2.40 3.01 3.57 4.00 4.05
  9   3.79 3.33 2.81 2.38 2.15 2.09 2.29 2.60 3.04 3.45 3.67 3.65 3.25 2.69 1.89 1.33 1.00 1.04 1.43 2.02 2.71 3.41 3.99 4.23
 10   4.15 3.77 3.19 2.63 2.19 2.03 2.11 2.39 2.80 3.27 3.67 3.84 3.69 3.17 2.39 1.64 1.04 0.84 1.07 1.60 2.27 3.07 3.87 4.35
 11   4.47 4.20 3.67 2.98 2.38 1.95 1.87 2.03 2.40 2.97 3.51 3.91 3.91 3.51 2.80 1.95 1.17 0.67 0.62 1.03 1.71 2.51 3.41 4.17
 12   4.60 4.51 4.09 3.40 2.63 2.07 1.77 1.75 2.00 2.49 3.13 3.71 4.00 3.83 3.24 2.39 1.47 0.77 0.49 0.60 1.27 2.05 2.94 3.80
 13   4.45 4.64 4.45 3.89 3.07 2.29 1.77 1.60 1.71 2.15 2.73 3.40 3.91 4.04 3.71 2.97 2.00 1.21 0.63 0.47 0.87 1.55 2.44 3.27
 14   4.15 4.63 4.63 4.27 3.60 2.80 2.09 1.67 1.62 1.85 2.37 3.03 3.66 4.00 3.95 3.47 2.71 1.85 1.11 0.67 0.75 1.27 2.02 2.81
 15   3.67 4.34 4.63 4.55 4.09 3.35 2.54 1.91 1.65 1.66 1.99 2.53 3.20 3.71 3.95 3.77 3.20 2.45 1.65 1.07 0.83 1.05 1.63 2.35
 16   3.07 3.85 4.37 4.49 4.27 3.76 3.03 2.33 1.80 1.59 1.69 2.07 2.60 3.20 3.63 3.76 3.55 3.03 2.31 1.65 1.20 1.12 1.44 1.95
 17   2.60 3.27 3.91 4.33 4.37 4.07 3.51 2.80 2.17 1.69 1.53 1.60 1.97 2.47 3.04 3.41 3.55 3.35 2.87 2.33 1.80 1.47 1.46 1.71
 18   2.20 2.71 3.27 3.87 4.20 4.18 3.87 3.27 2.65 2.07 1.67 1.60 1.71 2.03 2.49 2.95 3.29 3.47 3.39 3.08 2.65 2.22 1.91 1.83
 19   1.99 2.35 2.87 3.43 3.91 4.14 4.13 3.80 3.24 2.60 2.06 1.67 1.55 1.65 1.91 2.31 2.81 3.25 3.55 3.61 3.41 3.01 2.57 2.22
 20   2.07 2.19 2.49 2.95 3.41 3.84 4.03 3.95 3.60 3.09 2.53 2.00 1.57 1.37 1.39 1.66 2.09 2.67 3.17 3.60 3.75 3.67 3.27 2.82
 21   2.29 2.09 2.11 2.35 2.75 3.19 3.60 3.86 3.80 3.47 2.97 2.40 1.80 1.29 1.00 1.03 1.37 1.95 2.61 3.24 3.75 4.03 3.97 3.55
 22   2.86 2.35 2.03 2.00 2.17 2.57 3.08 3.55 3.83 3.83 3.53 3.00 2.31 1.60 1.00 0.71 0.77 1.17 1.81 2.60 3.37 4.00 4.31 4.17
 23   3.63 2.91 2.27 1.85 1.79 1.95 2.37 2.89 3.43 3.77 3.87 3.57 2.97 2.15 1.31 0.67 0.40 0.49 1.02 1.79 2.69 3.59 4.25 4.47
 24   4.27 3.62 2.83 2.07 1.57 1.45 1.67 2.17 2.85 3.40 3.77 3.84 3.47 2.83 1.95 1.07 0.41 0.31 0.47 1.07 1.97 3.00 3.97 4.57
 25   4.69 4.33 3.63 2.71 1.97 1.49 1.46 1.77 2.35 3.02 3.67 4.09 4.09 3.63 2.82 1.80 0.93 0.44 0.35 0.71 1.47 2.40 3.43 4.31
 26   4.79 4.77 4.31 3.47 2.57 1.83 1.43 1.44 1.77 2.40 3.15 3.82 4.13 4.00 3.44 2.55 1.57 0.77 0.36 0.43 0.95 1.80 2.77 3.75
 27   4.51 4.79 4.63 4.03 3.13 2.24 1.64 1.35 1.41 1.84 2.53 3.31 3.89 4.11 3.86 3.17 2.25 1.33 0.67 0.48 0.75 1.37 2.20 3.11
 28   4.07 4.63 4.73 4.40 3.69 2.80 2.05 1.49 1.29 1.43 1.95 2.71 3.47 3.95 4.04 3.57 2.87 1.97 1.23 0.81 0.81 1.23 1.85 2.59
 29   3.47 4.27 4.67 4.60 4.15 3.40 2.53 1.85 1.47 1.45 1.75 2.31 3.03 3.64 3.93 3.87 3.39 2.63 1.85 1.31 1.15 1.36 1.83 2.35
 30   2.99 3.80 4.37 4.57 4.35 3.80 3.05 2.35 1.80 1.57 1.63 1.97 2.57 3.15 3.60 3.71 3.51 3.00 2.43 1.87 1.55 1.51 1.80 2.19
 31   2.66 3.31 3.87 4.23 4.25 3.95 3.37 2.73 2.13 1.77 1.67 1.81 2.11 2.59 3.07 3.40 3.47 3.23 2.83 2.35 1.97 1.80 1.87 2.15
 ----------------------------------------------------------------------------------------------------------------------------
                                                                                               
 ----------------------------------------------------------------------------------------------------------------------------
 ----------------------------------------------------------------------------------------------------------------------------
