                                                          SURVEY OF INDIA
                                                    MARINE GEODESY WING (G&RB)
                                                     HOURLY HEIGHTS IN METRES
  NAME OF PORT:- MUMBAI                                                                             MONTH JANUARY   YEAR 2018
 ----------------------------------------------------------------------------------------------------------------------------
 DAYS 0000 0001 0002 0003 0004 0005 0006 0007 0008 0009 0010 0011 0012 0013 0014 0015 0016 0017 0018 0019 0020 0021 0022 0023
 ----------------------------------------------------------------------------------------------------------------------------
  1
  2
  3
  4
  5
  6
  7   2.48 3.36 4.06 4.46 4.56 4.28 3.64 2.74 1.92 1.32 1.12 1.28 1.72 2.36 3.05 3.54 3.69 3.52 3.02 2.36 1.80 1.44 1.38 1.60
  8   2.10 2.70 3.32 3.90 4.20 4.21 3.88 3.26 2.54 1.88 1.42 1.30 1.42 1.82 2.35 2.88 3.32 3.48 3.38 2.98 2.52 2.14 1.94 1.92
  9   2.04 2.32 2.72 3.26 3.70 3.88 3.84 3.50 2.92 2.38 1.88 1.56 1.46 1.50 1.76 2.20 2.72 3.14 3.31 3.28 3.12 2.88 2.64 2.42
 10   2.28 2.26 2.42 2.76 3.18 3.52 3.66 3.56 3.20 2.74 2.30 1.90 1.60 1.52 1.62 1.86 2.24 2.66 3.07 3.32 3.39 3.33 3.14 2.90
 11   2.66 2.48 2.42 2.50 2.74 3.05 3.32 3.41 3.33 3.06 2.70 2.30 1.90 1.60 1.50 1.56 1.82 2.22 2.64 3.06 3.40 3.56 3.52 3.28
 12   2.96 2.66 2.48 2.42 2.50 2.70 2.95 3.16 3.28 3.24 3.02 2.68 2.26 1.80 1.46 1.36 1.50 1.84 2.28 2.76 3.24 3.60 3.70 3.62
 13   3.30 2.92 2.60 2.42 2.36 2.40 2.56 2.81 3.06 3.22 3.22 3.00 2.56 2.04 1.58 1.28 1.23 1.42 1.84 2.38 2.94 3.50 3.80 3.82
 14   3.58 3.16 2.74 2.42 2.24 2.20 2.30 2.54 2.86 3.17 3.32 3.30 3.04 2.44 1.86 1.34 1.08 1.10 1.44 1.98 2.64 3.32 3.86 4.03
 15   3.94 3.60 3.10 2.62 2.26 2.12 2.14 2.32 2.66 3.08 3.44 3.56 3.44 2.90 2.24 1.60 1.12 0.96 1.08 1.58 2.26 3.00 3.74 4.16
 16   4.22 4.00 3.54 2.96 2.46 2.10 2.00 2.10 2.38 2.80 3.26 3.60 3.66 3.44 2.70 1.94 1.30 0.96 0.94 1.26 1.88 2.62 3.38 4.02
 17   4.32 4.33 4.02 3.36 2.74 2.22 1.94 1.92 2.12 2.52 3.06 3.54 3.74 3.66 3.22 2.44 1.64 1.06 0.86 0.98 1.46 2.20 3.00 3.80
 18   4.36 4.50 4.30 3.78 3.10 2.46 1.96 1.76 1.84 2.20 2.74 3.32 3.72 3.84 3.62 3.00 2.18 1.38 0.92 0.86 1.20 1.88 2.66 3.44
 19   4.16 4.49 4.48 4.16 3.50 2.70 2.10 1.74 1.68 1.90 2.38 3.00 3.60 3.89 3.88 3.50 2.58 1.78 1.10 0.82 0.88 1.46 2.24 3.02
 20   3.80 4.33 4.48 4.34 3.76 3.08 2.38 1.92 1.74 1.80 2.12 2.68 3.30 3.78 3.92 3.72 3.06 2.26 1.48 1.00 0.98 1.36 1.98 2.70
 21   3.44 4.12 4.48 4.48 4.10 3.44 2.66 2.02 1.64 1.58 1.82 2.30 2.92 3.52 3.85 3.86 3.50 2.84 2.12 1.50 1.28 1.38 1.86 2.46
 22   3.10 3.80 4.28 4.44 4.28 3.78 3.04 2.36 1.80 1.56 1.64 1.98 2.50 3.10 3.60 3.82 3.70 3.26 2.64 2.02 1.60 1.50 1.69 2.16
 23   2.76 3.40 3.96 4.32 4.32 3.96 3.38 2.66 2.04 1.60 1.50 1.68 2.10 2.60 3.12 3.52 3.64 3.48 3.02 2.46 2.00 1.77 1.78 2.00
 24   2.44 2.96 3.48 3.90 4.05 3.96 3.54 2.96 2.38 1.84 1.57 1.55 1.74 2.12 2.58 3.03 3.39 3.52 3.40 3.06 2.64 2.28 2.08 2.08
 25   2.25 2.58 3.00 3.44 3.77 3.84 3.68 3.24 2.68 2.16 1.70 1.46 1.44 1.60 1.95 2.40 2.84 3.19 3.37 3.34 3.12 2.80 2.50 2.30
 26   2.24 2.34 2.60 3.00 3.40 3.66 3.72 3.56 3.14 2.62 2.08 1.64 1.40 1.36 1.52 1.86 2.28 2.74 3.16 3.48 3.60 3.50 3.16 2.76
 27   2.44 2.32 2.36 2.56 2.89 3.24 3.50 3.58 3.46 3.06 2.56 2.02 1.56 1.24 1.16 1.28 1.62 2.12 2.76 3.34 3.78 3.96 3.86 3.48
 28   3.00 2.60 2.36 2.32 2.45 2.76 3.16 3.50 3.68 3.64 3.30 2.74 2.10 1.52 1.10 0.96 1.06 1.50 2.14 2.88 3.60 4.14 4.32 4.16
 29   3.68 3.05 2.52 2.16 2.06 2.18 2.50 3.00 3.50 3.77 3.76 3.40 2.74 2.04 1.34 0.86 0.66 0.76 1.33 2.10 3.00 3.96 4.40 4.45
 30   4.10 3.50 2.94 2.44 2.04 1.88 2.12 2.58 3.10 3.56 3.86 3.80 3.28 2.56 1.90 1.20 0.66 0.48 0.66 1.42 2.42 3.38 4.12 4.66
 31
 ----------------------------------------------------------------------------------------------------------------------------
                                                                                               
 ----------------------------------------------------------------------------------------------------------------------------
 ----------------------------------------------------------------------------------------------------------------------------
                                                          SURVEY OF INDIA
                                                    MARINE GEODESY WING (G&RB)
                                                     HOURLY HEIGHTS IN METRES
  NAME OF PORT:- MUMBAI                                                                             MONTH FEBRUARY  YEAR 2018
 ----------------------------------------------------------------------------------------------------------------------------
 DAYS 0000 0001 0002 0003 0004 0005 0006 0007 0008 0009 0010 0011 0012 0013 0014 0015 0016 0017 0018 0019 0020 0021 0022 0023
 ----------------------------------------------------------------------------------------------------------------------------
  1
  2
  3
  4
  5
  6   2.66 3.28 3.94 4.40 4.48 4.22 3.60 2.86 2.12 1.60 1.38 1.45 1.85 2.48 3.10 3.64 3.92 3.88 3.52 3.02 2.52 2.20 2.14 2.22
  7   2.46 2.90 3.42 3.86 4.10 4.08 3.76 3.16 2.56 2.04 1.74 1.70 1.83 2.13 2.58 3.05 3.46 3.68 3.64 3.42 3.12 2.82 2.62 2.58
  8   2.63 2.78 3.03 3.32 3.60 3.76 3.72 3.40 2.94 2.52 2.12 1.90 1.86 1.98 2.24 2.58 2.96 3.28 3.48 3.50 3.42 3.28 3.12 2.96
  9   2.84 2.80 2.86 3.00 3.20 3.38 3.48 3.44 3.20 2.84 2.46 2.14 1.98 1.96 2.04 2.22 2.48 2.80 3.14 3.40 3.52 3.50 3.39 3.21
 10   3.02 2.86 2.76 2.75 2.84 3.00 3.17 3.28 3.30 3.14 2.84 2.52 2.22 1.96 1.84 1.86 2.04 2.42 2.82 3.18 3.50 3.68 3.72 3.60
 11   3.28 2.98 2.76 2.68 2.68 2.76 2.92 3.11 3.24 3.26 3.16 2.88 2.50 2.09 1.78 1.68 1.74 1.98 2.38 2.84 3.32 3.68 3.86 3.85
 12   3.60 3.18 2.82 2.56 2.44 2.42 2.54 2.78 3.06 3.28 3.36 3.22 2.86 2.40 1.92 1.54 1.40 1.52 1.88 2.38 2.94 3.50 3.92 4.04
 13   3.96 3.60 3.10 2.60 2.28 2.14 2.17 2.40 2.76 3.16 3.40 3.42 3.20 2.70 2.08 1.56 1.20 1.16 1.38 1.92 2.54 3.18 3.78 4.14
 14   4.16 3.88 3.30 2.68 2.20 1.88 1.82 2.00 2.42 2.94 3.38 3.58 3.52 3.14 2.52 1.80 1.18 0.92 0.96 1.36 2.10 2.88 3.60 4.10
 15   4.26 4.08 3.60 2.96 2.34 1.90 1.72 1.78 2.14 2.66 3.26 3.68 3.80 3.58 3.00 2.20 1.36 0.93 0.86 1.12 1.78 2.54 3.36 4.12
 16   4.42 4.38 3.96 3.28 2.54 1.98 1.64 1.62 1.84 2.34 2.98 3.60 3.96 3.97 3.60 2.76 1.90 1.20 0.88 0.92 1.36 2.16 2.96 3.80
 17   4.40 4.55 4.36 3.78 2.92 2.18 1.60 1.42 1.54 1.95 2.60 3.38 4.00 4.20 4.07 3.32 2.40 1.52 1.04 0.94 1.20 1.84 2.62 3.42
 18   4.22 4.62 4.60 4.12 3.28 2.40 1.74 1.35 1.30 1.58 2.24 3.02 3.76 4.20 4.22 3.84 3.02 2.16 1.40 1.02 1.08 1.56 2.30 3.08
 19   3.92 4.50 4.64 4.33 3.52 2.60 1.80 1.22 0.98 1.16 1.66 2.36 3.16 3.80 4.09 3.96 3.40 2.54 1.72 1.16 1.00 1.24 1.84 2.52
 20   3.32 4.04 4.44 4.42 3.94 3.14 2.24 1.54 1.10 1.06 1.36 1.92 2.64 3.36 3.90 4.06 3.82 3.16 2.30 1.64 1.33 1.34 1.62 2.20
 21   2.90 3.60 4.14 4.29 4.08 3.46 2.64 1.90 1.32 1.06 1.14 1.50 2.10 2.78 3.40 3.80 3.90 3.66 3.00 2.28 1.78 1.60 1.70 2.04
 22   2.60 3.20 3.74 4.08 4.12 3.80 3.12 2.40 1.70 1.22 1.10 1.28 1.70 2.28 2.90 3.45 3.74 3.73 3.38 2.90 2.42 2.12 2.02 2.09
 23   2.36 2.80 3.28 3.72 3.88 3.76 3.30 2.72 2.16 1.66 1.36 1.30 1.46 1.80 2.24 2.76 3.28 3.58 3.62 3.44 3.10 2.72 2.44 2.32
 24   2.33 2.48 2.78 3.16 3.50 3.62 3.54 3.16 2.70 2.20 1.76 1.46 1.36 1.44 1.70 2.10 2.60 3.06 3.42 3.58 3.56 3.34 3.02 2.68
 25   2.44 2.40 2.48 2.69 2.96 3.22 3.37 3.36 3.15 2.72 2.22 1.80 1.44 1.26 1.30 1.54 1.96 2.48 2.98 3.40 3.70 3.80 3.66 3.32
 26   2.86 2.44 2.26 2.28 2.44 2.68 2.96 3.22 3.36 3.29 2.94 2.46 1.96 1.46 1.14 1.08 1.30 1.76 2.34 2.98 3.56 3.98 4.12 4.02
 27   3.55 2.82 2.28 1.98 1.92 2.08 2.44 2.88 3.26 3.49 3.51 3.22 2.68 1.98 1.28 0.92 0.82 1.02 1.55 2.28 3.08 3.80 4.26 4.36
 28   4.08 3.38 2.62 1.98 1.56 1.52 1.78 2.30 2.93 3.50 3.82 3.84 3.50 2.80 1.92 1.14 0.74 0.66 0.88 1.56 2.44 3.36 4.22 4.58
 ----------------------------------------------------------------------------------------------------------------------------
                                                                                               
 ----------------------------------------------------------------------------------------------------------------------------
 ----------------------------------------------------------------------------------------------------------------------------
                                                          SURVEY OF INDIA
                                                    MARINE GEODESY WING (G&RB)
                                                     HOURLY HEIGHTS IN METRES
  NAME OF PORT:- MUMBAI                                                                             MONTH MARCH     YEAR 2018
 ----------------------------------------------------------------------------------------------------------------------------
 DAYS 0000 0001 0002 0003 0004 0005 0006 0007 0008 0009 0010 0011 0012 0013 0014 0015 0016 0017 0018 0019 0020 0021 0022 0023
 ----------------------------------------------------------------------------------------------------------------------------
  1
  2
  3
  4
  5   4.24 4.90 5.00 4.68 3.88 2.90 2.00 1.26 0.80 0.83 1.50 2.36 3.30 4.12 4.54 4.52 3.98 3.12 2.22 1.54 1.22 1.40 1.92 2.58
  6   3.34 4.08 4.52 4.58 4.18 3.34 2.40 1.60 1.04 0.96 1.26 1.88 2.66 3.46 4.10 4.34 4.18 3.60 2.82 2.12 1.74 1.64 1.84 2.32
  7   2.92 3.54 4.06 4.26 4.12 3.56 2.82 2.10 1.50 1.18 1.20 1.58 2.18 2.84 3.48 3.92 4.00 3.78 3.26 2.68 2.24 2.02 2.00 2.15
  8   2.50 3.00 3.50 3.80 3.85 3.62 3.04 2.44 1.90 1.58 1.48 1.60 1.90 2.34 2.86 3.34 3.60 3.62 3.39 3.04 2.70 2.48 2.40 2.44
  9   2.59 2.82 3.06 3.30 3.46 3.44 3.18 2.76 2.30 1.92 1.70 1.66 1.77 2.03 2.38 2.78 3.16 3.38 3.40 3.26 3.06 2.87 2.74 2.66
 10   2.64 2.68 2.80 2.97 3.12 3.20 3.12 2.88 2.60 2.34 2.10 1.96 1.90 1.96 2.16 2.44 2.78 3.06 3.22 3.28 3.26 3.19 3.10 2.98
 11   2.84 2.72 2.64 2.64 2.74 2.86 2.92 2.92 2.84 2.68 2.50 2.26 2.08 1.98 1.99 2.14 2.40 2.72 3.00 3.23 3.39 3.46 3.42 3.26
 12   3.02 2.76 2.56 2.50 2.50 2.60 2.74 2.88 2.96 2.96 2.86 2.64 2.32 2.02 1.80 1.72 1.88 2.20 2.58 2.94 3.26 3.42 3.42 3.26
 13   2.94 2.60 2.34 2.18 2.10 2.14 2.32 2.60 2.84 2.92 2.90 2.76 2.36 1.92 1.54 1.40 1.48 1.80 2.22 2.70 3.14 3.50 3.68 3.60
 14   3.26 2.82 2.38 2.02 1.82 1.86 2.08 2.42 2.78 3.08 3.22 3.16 2.84 2.30 1.74 1.32 1.22 1.33 1.76 2.34 2.96 3.54 3.90 3.96
 15   3.70 3.20 2.58 2.08 1.74 1.64 1.78 2.12 2.62 3.14 3.52 3.60 3.36 2.82 2.12 1.54 1.22 1.18 1.44 1.96 2.64 3.30 3.90 4.18
 16   4.10 3.66 2.96 2.30 1.78 1.50 1.54 1.88 2.42 3.02 3.56 3.89 3.90 3.50 2.72 1.92 1.34 1.12 1.20 1.60 2.30 3.02 3.78 4.24
 17   4.34 4.08 3.42 2.64 1.82 1.36 1.26 1.50 2.02 2.70 3.38 3.90 4.12 4.03 3.50 2.60 1.76 1.16 1.02 1.20 1.80 2.60 3.48 4.12
 18   4.35 4.30 3.92 3.10 2.20 1.44 1.06 1.08 1.48 2.14 2.94 3.72 4.24 4.30 3.95 3.10 2.24 1.44 1.01 1.02 1.46 2.16 2.98 3.78
 19   4.38 4.50 4.16 3.46 2.50 1.60 0.98 0.76 0.92 1.44 2.30 3.18 3.94 4.28 4.24 3.66 2.74 1.78 1.12 0.94 1.12 1.70 2.46 3.24
 20   4.00 4.46 4.46 4.00 3.01 2.07 1.24 0.78 0.78 1.20 1.90 2.76 3.66 4.30 4.46 4.24 3.56 2.58 1.76 1.30 1.26 1.62 2.28 3.04
 21   3.84 4.40 4.52 4.24 3.54 2.56 1.64 0.94 0.68 0.84 1.44 2.24 3.12 3.90 4.40 4.45 4.08 3.30 2.40 1.74 1.48 1.52 1.92 2.52
 22   3.24 3.92 4.28 4.26 3.80 2.96 2.08 1.30 0.88 0.80 1.02 1.60 2.38 3.16 3.82 4.17 4.13 3.70 2.96 2.24 1.78 1.66 1.76 2.12
 23   2.72 3.38 3.84 4.00 3.84 3.26 2.50 1.78 1.20 0.98 0.98 1.18 1.66 2.36 3.12 3.72 3.96 3.90 3.52 2.94 2.40 2.05 1.94 2.02
 24   2.30 2.74 3.20 3.56 3.66 3.46 2.96 2.38 1.80 1.32 1.11 1.12 1.36 1.84 2.40 2.96 3.48 3.75 3.74 3.46 3.06 2.70 2.40 2.24
 25   2.22 2.34 2.62 2.96 3.26 3.38 3.26 2.88 2.40 1.94 1.55 1.30 1.26 1.44 1.78 2.28 2.82 3.26 3.54 3.60 3.48 3.22 2.88 2.50
 26   2.20 2.08 2.14 2.36 2.68 2.96 3.12 3.12 2.96 2.62 2.20 1.76 1.40 1.28 1.40 1.78 2.26 2.76 3.22 3.56 3.78 3.80 3.58 3.16
 27   2.68 2.28 2.08 2.08 2.27 2.58 2.93 3.22 3.38 3.32 3.06 2.64 2.08 1.58 1.33 1.34 1.60 2.10 2.64 3.20 3.72 4.04 4.06 3.74
 28   3.14 2.52 2.00 1.70 1.65 1.87 2.34 2.88 3.36 3.64 3.64 3.34 2.80 2.10 1.48 1.08 1.00 1.26 1.85 2.62 3.38 4.00 4.36 4.32
 29   3.86 3.10 2.34 1.64 1.32 1.36 1.74 2.34 3.02 3.64 4.02 4.06 3.70 3.00 2.14 1.44 1.02 0.98 1.30 1.95 2.80 3.66 4.34 4.62
 30
 31
 ----------------------------------------------------------------------------------------------------------------------------
                                                                                               
 ----------------------------------------------------------------------------------------------------------------------------
 ----------------------------------------------------------------------------------------------------------------------------
                                                          SURVEY OF INDIA
                                                    MARINE GEODESY WING (G&RB)
                                                     HOURLY HEIGHTS IN METRES
  NAME OF PORT:- MUMBAI                                                                             MONTH APRIL     YEAR 2018
 ----------------------------------------------------------------------------------------------------------------------------
 DAYS 0000 0001 0002 0003 0004 0005 0006 0007 0008 0009 0010 0011 0012 0013 0014 0015 0016 0017 0018 0019 0020 0021 0022 0023
 ----------------------------------------------------------------------------------------------------------------------------
  1
  2
  3
  4
  5   3.11 3.69 4.01 3.99 3.51 2.81 2.09 1.44 1.04 1.00 1.36 1.98 2.67 3.37 3.93 4.19 4.11 3.69 3.13 2.59 2.19 2.07 2.19 2.48
  6   2.88 3.29 3.63 3.75 3.59 3.09 2.51 1.95 1.60 1.50 1.57 1.83 2.31 2.83 3.41 3.81 3.92 3.75 3.38 2.96 2.61 2.41 2.36 2.41
  7   2.60 2.88 3.16 3.36 3.39 3.20 2.80 2.33 1.95 1.69 1.63 1.74 2.02 2.40 2.84 3.22 3.48 3.54 3.42 3.20 2.96 2.72 2.56 2.51
  8   2.53 2.63 2.78 2.93 3.02 3.00 2.82 2.56 2.28 2.06 1.92 1.90 1.98 2.18 2.48 2.84 3.16 3.38 3.44 3.37 3.22 3.04 2.86 2.70
  9   2.58 2.52 2.54 2.64 2.76 2.84 2.84 2.78 2.64 2.44 2.22 2.04 1.98 2.02 2.16 2.46 2.78 3.07 3.28 3.40 3.40 3.32 3.14 2.92
 10   2.68 2.50 2.41 2.40 2.46 2.58 2.73 2.86 2.90 2.82 2.65 2.42 2.19 2.06 2.05 2.17 2.41 2.72 3.06 3.36 3.54 3.60 3.50 3.23
 11   2.88 2.52 2.28 2.20 2.22 2.36 2.62 2.90 3.10 3.16 3.08 2.85 2.48 2.12 1.92 1.90 2.04 2.36 2.80 3.24 3.58 3.72 3.70 3.52
 12   3.16 2.64 2.20 1.94 1.88 2.00 2.30 2.70 3.08 3.36 3.44 3.32 2.90 2.40 1.94 1.71 1.72 1.95 2.38 2.88 3.40 3.84 4.00 3.90
 13   3.52 2.94 2.36 1.88 1.62 1.64 1.92 2.42 3.00 3.50 3.78 3.80 3.50 2.96 2.34 1.84 1.62 1.68 2.00 2.56 3.14 3.76 4.18 4.24
 14   3.98 3.38 2.64 2.00 1.50 1.36 1.50 1.95 2.65 3.36 3.92 4.16 4.04 3.56 2.82 2.12 1.60 1.44 1.60 2.10 2.75 3.48 4.14 4.40
 15   4.38 3.98 3.00 2.14 1.44 1.10 1.12 1.50 2.10 2.88 3.68 4.24 4.40 4.18 3.44 2.52 1.76 1.37 1.38 1.70 2.26 3.04 3.82 4.40
 16
 17
 18
 19
 20
 21
 22   2.36 2.88 3.34 3.64 3.68 3.40 2.92 2.40 1.88 1.43 1.22 1.26 1.58 2.10 2.72 3.36 3.84 4.06 4.00 3.70 3.28 2.84 2.44 2.16
 23   2.10 2.26 2.62 3.04 3.34 3.44 3.36 3.06 2.64 2.16 1.78 1.56 1.56 1.76 2.18 2.72 3.28 3.72 3.98 4.00 3.82 3.44 2.96 2.52
 24   2.24 2.16 2.24 2.46 2.76 3.08 3.33 3.40 3.28 2.94 2.46 2.04 1.78 1.72 1.88 2.22 2.68 3.20 3.68 3.98 4.04 3.90 3.54 3.06
 25   2.56 2.16 1.96 1.98 2.24 2.64 3.04 3.40 3.60 3.56 3.26 2.78 2.24 1.83 1.68 1.74 2.01 2.50 3.04 3.58 3.98 4.12 3.96 3.46
 26   2.80 2.22 1.72 1.50 1.58 1.98 2.50 3.06 3.54 3.82 3.80 3.44 2.86 2.24 1.74 1.48 1.52 1.88 2.44 3.06 3.68 4.12 4.26 4.08
 27   3.42 2.66 1.92 1.36 1.16 1.28 1.78 2.48 3.22 3.84 4.12 4.06 3.60 2.90 2.18 1.64 1.40 1.48 1.86 2.42 3.12 3.80 4.28 4.36
 28   4.07 3.14 2.24 1.44 1.06 1.00 1.20 1.70 2.52 3.36 4.04 4.30 4.20 3.64 2.86 2.08 1.52 1.30 1.42 1.86 2.54 3.30 3.96 4.30
 29   4.24 3.70 2.84 1.93 1.23 0.90 0.88 1.16 1.96 2.82 3.70 4.32 4.48 4.24 3.60 2.76 1.96 1.44 1.32 1.50 2.12 3.00 3.70 4.20
 30   4.30 4.04 3.30 2.28 1.36 0.66 0.46 0.64 1.38 2.28 3.24 4.06 4.50 4.52 4.08 3.28 2.42 1.76 1.41 1.42 1.72 2.32 3.08 3.70
 ----------------------------------------------------------------------------------------------------------------------------
                                                                                               
 ----------------------------------------------------------------------------------------------------------------------------
 ----------------------------------------------------------------------------------------------------------------------------
                                                          SURVEY OF INDIA
                                                    MARINE GEODESY WING (G&RB)
                                                     HOURLY HEIGHTS IN METRES
  NAME OF PORT:- MUMBAI                                                                             MONTH MAY       YEAR 2018
 ----------------------------------------------------------------------------------------------------------------------------
 DAYS 0000 0001 0002 0003 0004 0005 0006 0007 0008 0009 0010 0011 0012 0013 0014 0015 0016 0017 0018 0019 0020 0021 0022 0023
 ----------------------------------------------------------------------------------------------------------------------------
  1   4.00 4.01 3.58 2.81 1.92 1.18 0.74 0.70 1.02 1.81 2.70 3.60 4.27 4.50 4.33 3.77 2.98 2.24 1.75 1.56 1.69 2.07 2.69 3.30
  2   3.82 3.92 3.73 3.13 2.32 1.55 1.01 0.79 0.93 1.42 2.23 3.11 3.95 4.41 4.45 4.13 3.45 2.67 2.05 1.73 1.71 1.95 2.41 3.06
  3   3.69 3.98 3.95 3.47 2.67 1.83 1.19 0.83 0.82 1.17 1.83 2.57 3.39 4.05 4.35 4.27 3.79 3.15 2.53 2.07 1.83 1.85 2.10 2.57
  4   3.15 3.61 3.74 3.59 3.03 2.29 1.57 1.07 0.87 0.98 1.41 2.13 2.85 3.51 3.96 4.10 3.95 3.45 2.91 2.45 2.07 1.93 2.03 2.39
  5   2.86 3.26 3.49 3.47 3.15 2.61 2.03 1.51 1.26 1.27 1.50 1.90 2.43 3.06 3.63 3.91 3.90 3.65 3.23 2.81 2.47 2.27 2.21 2.31
  6   2.55 2.89 3.19 3.31 3.25 2.96 2.47 1.99 1.63 1.53 1.63 1.91 2.33 2.77 3.22 3.57 3.72 3.65 3.40 3.07 2.77 2.53 2.37 2.32
  7   2.40 2.56 2.76 2.93 3.01 2.97 2.73 2.31 1.97 1.79 1.75 1.82 2.01 2.35 2.75 3.17 3.47 3.60 3.53 3.29 3.01 2.75 2.55 2.41
  8   2.35 2.37 2.49 2.63 2.75 2.81 2.76 2.63 2.43 2.21 2.03 1.97 1.99 2.15 2.45 2.81 3.15 3.41 3.53 3.47 3.28 3.04 2.79 2.53
  9   2.32 2.23 2.23 2.33 2.51 2.67 2.77 2.81 2.78 2.66 2.46 2.24 2.06 2.03 2.15 2.41 2.76 3.12 3.37 3.49 3.50 3.35 3.07 2.73
 10   2.39 2.11 1.99 1.99 2.13 2.39 2.70 2.95 3.07 3.07 2.91 2.60 2.26 2.03 1.99 2.15 2.43 2.77 3.13 3.47 3.65 3.63 3.39 3.00
 11   2.55 2.13 1.85 1.74 1.81 2.03 2.41 2.87 3.23 3.43 3.40 3.13 2.67 2.21 1.93 1.90 2.06 2.40 2.81 3.21 3.57 3.77 3.75 3.45
 12   2.91 2.35 1.79 1.47 1.41 1.59 2.03 2.63 3.19 3.60 3.79 3.69 3.27 2.71 2.19 1.83 1.75 1.95 2.40 2.94 3.45 3.83 3.99 3.85
 13   3.39 2.71 2.01 1.39 1.09 1.11 1.41 2.09 2.83 3.55 4.01 4.16 3.91 3.33 2.59 2.01 1.70 1.70 2.00 2.53 3.09 3.68 4.10 4.13
 14   3.85 3.17 2.31 1.47 0.95 0.83 0.99 1.49 2.21 3.11 4.00 4.40 4.38 3.99 3.27 2.45 1.83 1.58 1.67 2.07 2.63 3.31 3.97 4.29
 15
 16
 17
 18
 19
 20
 21   2.20 2.70 3.23 3.60 3.72 3.48 2.96 2.30 1.68 1.26 1.12 1.22 1.58 2.14 2.80 3.50 4.00 4.18 4.04 3.62 3.04 2.38 1.92 1.72
 22   1.74 1.96 2.36 2.82 3.20 3.34 3.24 2.90 2.42 1.92 1.52 1.38 1.48 1.80 2.28 2.84 3.40 3.84 4.00 3.92 3.56 3.02 2.42 1.90
 23   1.60 1.56 1.73 2.08 2.54 2.98 3.24 3.28 3.12 2.72 2.20 1.80 1.56 1.54 1.74 2.14 2.66 3.20 3.62 3.84 3.78 3.46 2.92 2.36
 24   1.80 1.46 1.36 1.43 1.70 2.36 3.22 3.80 4.02 3.98 3.60 2.90 2.20 1.76 1.64 1.74 2.10 2.58 3.10 3.54 3.74 3.70 3.40 2.84
 25   2.14 1.58 1.20 1.08 1.22 1.64 2.24 2.84 3.32 3.54 3.48 3.10 2.54 2.03 1.70 1.59 1.69 2.05 2.55 3.09 3.55 3.78 3.77 3.45
 26   2.76 1.87 1.40 1.21 1.22 1.38 1.74 2.32 3.07 3.57 3.82 3.78 3.38 2.76 2.16 1.72 1.54 1.63 2.00 2.52 3.08 3.56 3.81 3.76
 27   3.38 2.68 1.80 1.25 1.02 1.03 1.25 1.70 2.40 3.30 3.82 3.93 3.80 3.36 2.78 2.18 1.74 1.64 1.76 2.10 2.64 3.26 3.74 3.94
 28   3.90 3.55 2.70 1.84 1.36 1.18 1.20 1.45 2.00 2.80 3.66 4.08 4.15 3.94 3.46 2.80 2.16 1.74 1.62 1.76 2.16 2.84 3.50 3.88
 29   3.84 3.46 2.77 2.10 1.60 1.32 1.22 1.28 1.56 2.20 3.20 3.90 4.28 4.22 3.86 3.20 2.56 1.96 1.64 1.64 1.88 2.45 3.30 3.80
 30   3.96 3.74 3.20 2.34 1.60 1.16 0.99 1.00 1.28 1.90 2.65 3.52 4.14 4.30 4.14 3.60 2.87 2.22 1.80 1.68 1.78 2.08 2.60 3.22
 31   3.72 3.82 3.62 2.90 1.84 1.12 0.80 0.76 0.98 1.56 2.30 3.20 3.98 4.32 4.30 3.92 3.30 2.62 2.06 1.80 1.78 2.00 2.48 3.10
 ----------------------------------------------------------------------------------------------------------------------------
                                                                                               
 ----------------------------------------------------------------------------------------------------------------------------
 ----------------------------------------------------------------------------------------------------------------------------
                                                          SURVEY OF INDIA
                                                    MARINE GEODESY WING (G&RB)
                                                     HOURLY HEIGHTS IN METRES
  NAME OF PORT:- MUMBAI                                                                             MONTH JUNE      YEAR 2018
 ----------------------------------------------------------------------------------------------------------------------------
 DAYS 0000 0001 0002 0003 0004 0005 0006 0007 0008 0009 0010 0011 0012 0013 0014 0015 0016 0017 0018 0019 0020 0021 0022 0023
 ----------------------------------------------------------------------------------------------------------------------------
  1   3.60 3.80 3.64 3.14 2.40 1.60 1.02 0.82 0.96 1.46 2.08 2.78 3.52 4.06 4.26 4.14 3.68 3.02 2.42 2.00 1.84 1.92 2.20 2.64
  2   3.18 3.54 3.60 3.42 2.90 2.02 1.32 1.00 0.98 1.22 1.74 2.40 3.15 3.82 4.14 4.14 3.84 3.32 2.76 2.26 1.96 1.90 2.06 2.42
  3   2.90 3.32 3.52 3.46 3.10 2.38 1.74 1.32 1.20 1.30 1.66 2.20 2.88 3.52 3.92 4.06 4.00 3.64 3.14 2.58 2.18 2.00 2.02 2.22
  4   2.54 2.92 3.20 3.32 3.20 2.80 2.24 1.70 1.36 1.32 1.50 1.90 2.40 2.94 3.48 3.84 3.92 3.76 3.40 2.98 2.55 2.18 2.00 2.06
  5   2.30 2.63 2.96 3.16 3.16 3.00 2.66 2.24 1.84 1.62 1.62 1.82 2.20 2.68 3.16 3.54 3.76 3.78 3.62 3.28 2.88 2.48 2.20 2.10
  6   2.18 2.34 2.54 2.74 2.90 2.96 2.86 2.62 2.28 2.00 1.84 1.86 2.06 2.38 2.80 3.24 3.54 3.64 3.56 3.34 3.01 2.66 2.32 2.08
  7   2.00 2.10 2.40 3.06 3.55 3.77 3.80 3.60 3.10 2.52 2.16 2.04 2.04 2.16 2.44 2.84 3.24 3.52 3.62 3.54 3.28 2.92 2.52 2.20
  8   1.96 1.88 1.90 2.04 2.34 2.68 2.94 3.08 3.06 2.90 2.60 2.30 2.10 2.06 2.20 2.50 2.90 3.30 3.56 3.64 3.54 3.24 2.84 2.42
  9   2.10 1.84 1.68 1.68 1.84 2.24 2.76 3.16 3.36 3.36 3.16 2.82 2.44 2.14 2.02 2.12 2.40 2.80 3.28 3.60 3.72 3.62 3.30 2.80
 10   2.20 1.70 1.36 1.26 1.40 1.80 2.36 2.94 3.46 3.75 3.74 3.46 2.92 2.40 2.04 1.96 2.08 2.42 2.84 3.28 3.66 3.82 3.70 3.28
 11   2.60 1.90 1.34 1.02 0.98 1.24 1.80 2.46 3.18 3.80 4.12 4.09 3.68 3.00 2.35 1.92 1.82 1.96 2.33 2.84 3.40 3.80 3.90 3.76
 12
 13
 14
 15
 16
 17
 18
 19
 20
 21
 22
 23
 24
 25
 26
 27
 28
 29
 30
 ----------------------------------------------------------------------------------------------------------------------------
                                                                                               
 ----------------------------------------------------------------------------------------------------------------------------
 ----------------------------------------------------------------------------------------------------------------------------
                                                          SURVEY OF INDIA
                                                    MARINE GEODESY WING (G&RB)
                                                     HOURLY HEIGHTS IN METRES
  NAME OF PORT:- MUMBAI                                                                             MONTH JULY      YEAR 2018
 ----------------------------------------------------------------------------------------------------------------------------
 DAYS 0000 0001 0002 0003 0004 0005 0006 0007 0008 0009 0010 0011 0012 0013 0014 0015 0016 0017 0018 0019 0020 0021 0022 0023
 ----------------------------------------------------------------------------------------------------------------------------
  1
  2
  3
  4
  5
  6
  7
  8
  9
 10
 11
 12
 13
 14
 15
 16
 17
 18
 19
 20
 21
 22
 23
 24
 25
 26
 27
 28
 29
 30
 31
 ----------------------------------------------------------------------------------------------------------------------------
                                                          SURVEY OF INDIA
                                                    MARINE GEODESY WING (G&RB)
                                                     HOURLY HEIGHTS IN METRES
  NAME OF PORT:- MUMBAI                                                                             MONTH AUGUST    YEAR 2018
 ----------------------------------------------------------------------------------------------------------------------------
 DAYS 0000 0001 0002 0003 0004 0005 0006 0007 0008 0009 0010 0011 0012 0013 0014 0015 0016 0017 0018 0019 0020 0021 0022 0023
 ----------------------------------------------------------------------------------------------------------------------------
  1
  2
  3
  4
  5
  6
  7
  8
  9
 10
 11
 12
 13
 14
 15
 16
 17
 18
 19
 20
 21
 22
 23
 24
 25
 26
 27
 28
 29
 30
 31
 ----------------------------------------------------------------------------------------------------------------------------
                                                          SURVEY OF INDIA
                                                    MARINE GEODESY WING (G&RB)
                                                     HOURLY HEIGHTS IN METRES
  NAME OF PORT:- MUMBAI                                                                             MONTH SEPT      YEAR 2018
 ----------------------------------------------------------------------------------------------------------------------------
 DAYS 0000 0001 0002 0003 0004 0005 0006 0007 0008 0009 0010 0011 0012 0013 0014 0015 0016 0017 0018 0019 0020 0021 0022 0023
 ----------------------------------------------------------------------------------------------------------------------------
  1
  2
  3
  4
  5
  6
  7
  8
  9
 10
 11
 12
 13
 14
 15
 16
 17
 18
 19
 20
 21
 22
 23
 24
 25
 26
 27
 28
 29
 30
 ----------------------------------------------------------------------------------------------------------------------------
                                                          SURVEY OF INDIA
                                                    MARINE GEODESY WING (G&RB)
                                                     HOURLY HEIGHTS IN METRES
  NAME OF PORT:- MUMBAI                                                                             MONTH OCTOBER   YEAR 2018
 ----------------------------------------------------------------------------------------------------------------------------
 DAYS 0000 0001 0002 0003 0004 0005 0006 0007 0008 0009 0010 0011 0012 0013 0014 0015 0016 0017 0018 0019 0020 0021 0022 0023
 ----------------------------------------------------------------------------------------------------------------------------
  1
  2
  3
  4
  5
  6
  7
  8
  9
 10
 11
 12
 13
 14
 15
 16
 17
 18
 19
 20
 21
 22
 23
 24
 25
 26
 27
 28
 29
 30
 31
 ----------------------------------------------------------------------------------------------------------------------------
                                                          SURVEY OF INDIA
                                                    MARINE GEODESY WING (G&RB)
                                                     HOURLY HEIGHTS IN METRES
  NAME OF PORT:- MUMBAI                                                                             MONTH NOVEMBER  YEAR 2018
 ----------------------------------------------------------------------------------------------------------------------------
 DAYS 0000 0001 0002 0003 0004 0005 0006 0007 0008 0009 0010 0011 0012 0013 0014 0015 0016 0017 0018 0019 0020 0021 0022 0023
 ----------------------------------------------------------------------------------------------------------------------------
  1
  2
  3
  4
  5
  6
  7
  8
  9
 10
 11
 12
 13
 14
 15
 16
 17
 18
 19
 20
 21
 22
 23
 24
 25
 26
 27
 28
 29
 30
 ----------------------------------------------------------------------------------------------------------------------------
                                                          SURVEY OF INDIA
                                                    MARINE GEODESY WING (G&RB)
                                                     HOURLY HEIGHTS IN METRES
  NAME OF PORT:- MUMBAI                                                                             MONTH DECEMBER  YEAR 2018
 ----------------------------------------------------------------------------------------------------------------------------
 DAYS 0000 0001 0002 0003 0004 0005 0006 0007 0008 0009 0010 0011 0012 0013 0014 0015 0016 0017 0018 0019 0020 0021 0022 0023
 ----------------------------------------------------------------------------------------------------------------------------
  1
  2
  3
  4
  5
  6
  7
  8
  9
 10
 11
 12
 13
 14
 15
 16
 17
 18
 19
 20
 21
 22
 23
 24
 25
 26
 27
 28
 29
 30
 31
 ----------------------------------------------------------------------------------------------------------------------------
