                                                          SURVEY OF INDIA
                                                    MARINE GEODESY WING (G&RB)
                                                     HOURLY HEIGHTS IN METRES
  NAME OF PORT:- MUMBAI                                                                             MONTH JANUARY   YEAR 2022
 ----------------------------------------------------------------------------------------------------------------------------
 DAYS 0000 0001 0002 0003 0004 0005 0006 0007 0008 0009 0010 0011 0012 0013 0014 0015 0016 0017 0018 0019 0020 0021 0022 0023
 ----------------------------------------------------------------------------------------------------------------------------
  1   4.08 3.45 2.83 2.33 2.10 2.11 2.34 2.77 3.27 3.68 3.92 3.78 3.22 2.44 1.56 0.82 0.34 0.32 0.78 1.60 2.56 3.52 4.36 4.80
  2   4.72 4.28 3.60 2.79 2.19 1.90 1.89 2.19 2.68 3.29 3.84 4.10 3.92 3.28 2.36 1.39 0.58 0.13 0.18 0.73 1.64 2.68 3.78 4.60
  3   4.96 4.80 4.30 3.44 2.58 1.92 1.67 1.70 2.04 2.64 3.38 3.99 4.24 3.99 3.25 2.26 1.22 0.44 0.07 0.19 0.88 1.85 2.96 4.05
  4   4.84 5.06 4.82 4.18 3.28 2.44 1.80 1.55 1.61 2.05 2.79 3.60 4.14 4.32 3.99 3.20 2.16 1.19 0.47 0.15 0.48 1.19 2.23 3.28
  5   4.24 4.97 5.05 4.70 4.01 3.05 2.21 1.63 1.44 1.56 2.08 2.85 3.63 4.15 4.25 3.84 3.04 2.07 1.19 0.58 0.44 0.80 1.52 2.48
  6   3.52 4.42 4.88 4.88 4.48 3.71 2.79 2.03 1.54 1.39 1.68 2.23 2.97 3.61 4.04 4.07 3.58 2.79 1.92 1.24 0.84 0.93 1.35 1.99
  7   2.90 3.80 4.50 4.79 4.63 4.19 3.41 2.60 1.91 1.50 1.47 1.76 2.29 2.92 3.53 3.88 3.85 3.40 2.75 2.09 1.58 1.36 1.48 1.87
  8   2.53 3.20 3.90 4.41 4.53 4.33 3.82 3.09 2.40 1.82 1.54 1.58 1.84 2.28 2.85 3.35 3.65 3.62 3.24 2.72 2.22 1.87 1.75 1.88
  9   2.28 2.76 3.30 3.83 4.16 4.17 3.88 3.37 2.76 2.20 1.73 1.55 1.60 1.81 2.21 2.67 3.11 3.37 3.36 3.10 2.78 2.44 2.20 2.14
 10   2.24 2.49 2.86 3.27 3.67 3.87 3.81 3.45 3.01 2.52 2.11 1.76 1.64 1.70 1.92 2.24 2.60 2.93 3.17 3.25 3.22 3.07 2.84 2.63
 11   2.50 2.52 2.68 2.93 3.24 3.53 3.62 3.53 3.25 2.87 2.52 2.16 1.91 1.76 1.76 1.92 2.24 2.63 2.99 3.25 3.39 3.39 3.29 3.08
 12   2.84 2.68 2.64 2.74 2.95 3.19 3.39 3.39 3.26 3.03 2.75 2.42 2.09 1.81 1.66 1.72 1.96 2.29 2.68 3.04 3.36 3.60 3.67 3.56
 13   3.25 2.93 2.76 2.71 2.80 2.96 3.15 3.27 3.32 3.28 3.16 2.88 2.43 2.00 1.69 1.57 1.66 1.95 2.36 2.80 3.28 3.66 3.87 3.79
 14   3.49 3.16 2.91 2.76 2.69 2.71 2.84 3.01 3.19 3.26 3.24 3.05 2.73 2.20 1.72 1.41 1.40 1.63 2.00 2.47 3.03 3.53 3.93 4.08
 15   3.96 3.52 3.10 2.73 2.51 2.43 2.53 2.76 3.02 3.25 3.37 3.28 2.99 2.52 1.98 1.52 1.24 1.27 1.57 2.05 2.63 3.29 3.87 4.19
 16   4.16 3.83 3.36 2.87 2.51 2.31 2.27 2.39 2.72 3.08 3.41 3.52 3.35 2.90 2.36 1.74 1.25 1.10 1.23 1.65 2.28 2.95 3.64 4.16
 17   4.35 4.15 3.76 3.17 2.69 2.32 2.15 2.20 2.45 2.85 3.28 3.56 3.58 3.27 2.68 1.97 1.36 1.00 0.99 1.30 1.88 2.52 3.28 3.93
 18   4.33 4.31 4.00 3.44 2.81 2.33 2.02 1.93 2.15 2.55 3.07 3.47 3.68 3.55 3.07 2.37 1.61 1.07 0.87 1.03 1.47 2.09 2.84 3.57
 19   4.20 4.48 4.26 3.72 3.05 2.48 2.05 1.90 1.98 2.27 2.72 3.35 3.73 3.74 3.45 2.83 2.02 1.30 0.87 0.85 1.16 1.80 2.53 3.29
 20   4.00 4.45 4.47 4.14 3.49 2.76 2.20 1.80 1.74 1.96 2.45 3.05 3.63 3.88 3.80 3.35 2.59 1.80 1.20 0.95 1.06 1.52 2.19 2.90
 21   3.72 4.35 4.60 4.48 4.01 3.25 2.48 1.92 1.68 1.78 2.15 2.68 3.30 3.76 3.94 3.72 3.12 2.32 1.62 1.15 1.07 1.38 1.91 2.58
 22   3.31 4.03 4.49 4.57 4.27 3.62 2.85 2.15 1.70 1.57 1.76 2.24 2.86 3.47 3.86 3.93 3.57 2.91 2.20 1.62 1.32 1.38 1.80 2.35
 23   3.00 3.70 4.29 4.58 4.47 3.94 3.18 2.42 1.80 1.49 1.48 1.80 2.33 2.96 3.47 3.78 3.72 3.27 2.64 2.04 1.65 1.53 1.71 2.05
 24   2.56 3.14 3.75 4.21 4.30 4.01 3.40 2.64 2.01 1.52 1.31 1.40 1.78 2.36 2.96 3.42 3.64 3.53 3.12 2.61 2.19 1.92 1.84 2.02
 25   2.36 2.80 3.33 3.83 4.09 4.04 3.66 3.05 2.38 1.80 1.39 1.28 1.44 1.85 2.39 2.91 3.35 3.57 3.51 3.22 2.80 2.45 2.27 2.24
 26   2.36 2.55 2.88 3.33 3.72 3.90 3.78 3.32 2.75 2.16 1.65 1.32 1.29 1.47 1.84 2.29 2.77 3.21 3.48 3.52 3.37 3.09 2.78 2.56
 27   2.45 2.50 2.67 2.94 3.27 3.58 3.71 3.58 3.20 2.69 2.13 1.60 1.29 1.24 1.44 1.78 2.21 2.70 3.12 3.49 3.71 3.70 3.45 3.10
 28   2.76 2.55 2.51 2.58 2.79 3.09 3.36 3.48 3.44 3.13 2.69 2.12 1.56 1.19 1.03 1.15 1.51 2.00 2.56 3.13 3.64 3.97 4.01 3.75
 29   3.28 2.84 2.57 2.43 2.40 2.54 2.82 3.17 3.42 3.50 3.28 2.83 2.22 1.57 1.03 0.76 0.85 1.26 1.91 2.58 3.30 3.90 4.28 4.32
 30   4.00 3.44 2.91 2.44 2.19 2.14 2.34 2.71 3.16 3.51 3.68 3.55 3.08 2.40 1.59 0.89 0.55 0.62 1.07 1.75 2.58 3.44 4.22 4.62
 31   4.55 4.16 3.50 2.75 2.16 1.85 1.85 2.13 2.61 3.22 3.72 3.96 3.78 3.26 2.36 1.40 0.64 0.29 0.40 0.93 1.71 2.68 3.71 4.49
 ----------------------------------------------------------------------------------------------------------------------------
                                                                                               
 ----------------------------------------------------------------------------------------------------------------------------
 ----------------------------------------------------------------------------------------------------------------------------
                                                          SURVEY OF INDIA
                                                    MARINE GEODESY WING (G&RB)
                                                     HOURLY HEIGHTS IN METRES
  NAME OF PORT:- MUMBAI                                                                             MONTH FEBRUARY  YEAR 2022
 ----------------------------------------------------------------------------------------------------------------------------
 DAYS 0000 0001 0002 0003 0004 0005 0006 0007 0008 0009 0010 0011 0012 0013 0014 0015 0016 0017 0018 0019 0020 0021 0022 0023
 ----------------------------------------------------------------------------------------------------------------------------
  1   4.81 4.62 4.08 3.22 2.36 1.70 1.47 1.56 1.96 2.62 3.39 4.00 4.24 3.97 3.26 2.24 1.24 0.48 0.17 0.37 1.04 1.96 3.01 4.08
  2   4.84 5.00 4.70 4.00 3.00 2.13 1.55 1.36 1.56 2.09 2.88 3.72 4.27 4.41 4.01 3.24 2.16 1.16 0.49 0.30 0.68 1.44 2.46 3.54
  3   4.56 5.00 4.94 4.48 3.64 2.60 1.78 1.26 1.16 1.48 2.16 3.12 3.90 4.33 4.29 3.74 2.84 1.78 0.92 0.46 0.58 1.15 2.02 2.98
  4   4.04 4.79 5.03 4.75 4.09 3.08 2.12 1.38 1.04 1.13 1.57 2.33 3.23 3.92 4.28 4.12 3.51 2.58 1.64 0.98 0.78 1.11 1.70 2.48
  5   3.40 4.26 4.69 4.70 4.29 3.54 2.59 1.79 1.23 1.07 1.28 1.82 2.58 3.36 3.92 4.12 3.85 3.22 2.41 1.71 1.32 1.32 1.72 2.25
  6   2.96 3.65 4.26 4.53 4.38 3.84 3.05 2.22 1.58 1.22 1.22 1.45 1.89 2.66 3.30 3.76 3.89 3.59 3.00 2.39 1.93 1.73 1.83 2.13
  7   2.57 3.12 3.71 4.12 4.15 3.84 3.24 2.56 1.96 1.51 1.29 1.38 1.68 2.15 2.70 3.20 3.53 3.60 3.35 2.93 2.51 2.22 2.13 2.27
  8   2.56 2.88 3.23 3.63 3.84 3.79 3.44 2.89 2.37 1.92 1.58 1.51 1.65 1.91 2.25 2.64 3.02 3.30 3.36 3.20 2.93 2.69 2.50 2.45
  9   2.50 2.66 2.90 3.20 3.44 3.53 3.36 2.96 2.54 2.14 1.84 1.63 1.61 1.73 1.96 2.23 2.55 2.90 3.15 3.25 3.21 3.07 2.95 2.85
 10   2.77 2.75 2.79 2.90 3.05 3.17 3.16 3.00 2.69 2.39 2.07 1.83 1.72 1.72 1.82 1.97 2.21 2.53 2.86 3.10 3.24 3.27 3.20 3.09
 11   2.92 2.73 2.62 2.61 2.68 2.82 2.92 2.92 2.84 2.66 2.41 2.20 1.98 1.77 1.64 1.66 1.85 2.19 2.54 2.91 3.23 3.45 3.53 3.41
 12   3.15 2.89 2.70 2.58 2.54 2.56 2.65 2.78 2.88 2.89 2.79 2.59 2.28 1.94 1.65 1.52 1.56 1.77 2.13 2.60 3.10 3.49 3.71 3.73
 13   3.53 3.15 2.84 2.58 2.42 2.40 2.51 2.69 2.92 3.06 3.10 2.99 2.71 2.32 1.86 1.53 1.38 1.49 1.82 2.32 2.90 3.45 3.87 4.05
 14   3.91 3.50 3.04 2.62 2.32 2.21 2.25 2.44 2.72 3.04 3.28 3.34 3.14 2.70 2.12 1.56 1.19 1.13 1.36 1.84 2.48 3.12 3.79 4.19
 15   4.23 3.92 3.40 2.84 2.36 2.07 2.00 2.13 2.46 2.89 3.30 3.55 3.54 3.10 2.49 1.81 1.27 0.94 1.01 1.38 2.00 2.73 3.51 4.15
 16   4.40 4.24 3.78 3.12 2.48 2.02 1.78 1.80 2.11 2.60 3.17 3.60 3.76 3.57 2.98 2.23 1.52 1.02 0.88 1.13 1.65 2.32 3.15 3.95
 17   4.48 4.54 4.17 3.51 2.72 2.08 1.67 1.59 1.82 2.34 2.96 3.60 4.00 4.04 3.62 2.88 2.01 1.27 0.87 0.95 1.44 2.12 2.92 3.76
 18   4.48 4.75 4.59 4.03 3.16 2.32 1.70 1.40 1.49 1.91 2.59 3.35 4.00 4.26 4.07 3.45 2.55 1.69 1.04 0.83 1.10 1.67 2.45 3.30
 19   4.16 4.69 4.73 4.32 3.55 2.56 1.78 1.28 1.16 1.45 2.05 2.85 3.64 4.18 4.33 3.95 3.20 2.23 1.46 1.04 1.08 1.48 2.14 2.89
 20   3.78 4.47 4.76 4.58 3.98 3.06 2.12 1.40 1.01 1.10 1.58 2.32 3.15 3.87 4.31 4.26 3.77 2.94 2.03 1.42 1.22 1.45 1.92 2.53
 21   3.27 4.04 4.53 4.61 4.24 3.50 2.54 1.68 1.06 0.93 1.19 1.78 2.55 3.33 3.95 4.26 4.12 3.55 2.74 1.99 1.58 1.53 1.81 2.26
 22   2.84 3.56 4.14 4.41 4.27 3.71 2.84 2.02 1.32 0.92 0.92 1.27 1.89 2.60 3.33 3.90 4.12 3.90 3.36 2.70 2.16 1.90 1.93 2.17
 23   2.56 3.04 3.57 3.97 4.07 3.83 3.23 2.50 1.79 1.25 0.96 1.12 1.48 2.01 2.60 3.20 3.65 3.83 3.66 3.28 2.88 2.53 2.30 2.31
 24   2.47 2.73 3.11 3.51 3.72 3.71 3.40 2.87 2.28 1.76 1.32 1.15 1.26 1.53 1.98 2.50 3.04 3.43 3.60 3.55 3.35 3.09 2.86 2.67
 25   2.56 2.55 2.68 2.93 3.21 3.39 3.39 3.18 2.76 2.34 1.89 1.49 1.27 1.28 1.48 1.86 2.32 2.80 3.22 3.50 3.61 3.54 3.34 3.09
 26   2.84 2.67 2.58 2.57 2.68 2.88 3.10 3.23 3.17 2.91 2.51 2.04 1.63 1.34 1.20 1.34 1.66 2.15 2.68 3.18 3.60 3.85 3.89 3.71
 27   3.32 2.90 2.57 2.39 2.32 2.43 2.68 2.95 3.21 3.32 3.19 2.84 2.29 1.67 1.19 0.98 1.10 1.52 2.04 2.65 3.29 3.88 4.20 4.21
 28   3.86 3.30 2.74 2.27 2.01 1.98 2.23 2.61 3.07 3.42 3.63 3.53 3.12 2.50 1.72 1.07 0.75 0.90 1.38 2.06 2.84 3.60 4.26 4.58
 ----------------------------------------------------------------------------------------------------------------------------
                                                                                               
 ----------------------------------------------------------------------------------------------------------------------------
 ----------------------------------------------------------------------------------------------------------------------------
                                                          SURVEY OF INDIA
                                                    MARINE GEODESY WING (G&RB)
                                                     HOURLY HEIGHTS IN METRES
  NAME OF PORT:- MUMBAI                                                                             MONTH MARCH     YEAR 2022
 ----------------------------------------------------------------------------------------------------------------------------
 DAYS 0000 0001 0002 0003 0004 0005 0006 0007 0008 0009 0010 0011 0012 0013 0014 0015 0016 0017 0018 0019 0020 0021 0022 0023
 ----------------------------------------------------------------------------------------------------------------------------
  1   4.44 3.97 3.24 2.47 1.85 1.56 1.63 2.02 2.63 3.26 3.76 4.00 3.85 3.30 2.46 1.56 0.88 0.56 0.73 1.30 2.14 3.06 3.98 4.62
  2   4.81 4.51 3.84 2.90 2.02 1.36 1.18 1.38 1.96 2.69 3.49 4.06 4.30 4.03 3.35 2.36 1.38 0.69 0.47 0.79 1.54 2.47 3.49 4.39
  3   4.93 4.88 4.42 3.54 2.46 1.61 1.07 1.06 1.41 2.12 3.01 3.84 4.38 4.47 4.05 3.22 2.15 1.24 0.68 0.65 1.16 1.96 2.93 3.92
  4   4.68 4.95 4.70 4.00 2.93 1.90 1.15 0.83 0.99 1.51 2.34 3.27 4.06 4.53 4.45 3.87 2.91 1.84 1.10 0.74 0.97 1.55 2.43 3.36
  5   4.33 4.81 4.78 4.32 3.43 2.36 1.46 0.87 0.77 1.09 1.80 2.68 3.60 4.25 4.51 4.24 3.56 2.60 1.74 1.23 1.15 1.51 2.12 2.90
  6   3.81 4.49 4.70 4.47 3.80 2.82 1.92 1.24 0.89 1.01 1.46 2.17 3.00 3.77 4.26 4.36 3.96 3.20 2.34 1.74 1.51 1.66 2.02 2.60
  7   3.32 4.01 4.39 4.39 3.95 3.16 2.28 1.55 1.12 1.08 1.36 1.86 2.52 3.22 3.81 4.14 4.08 3.61 2.92 2.31 1.95 1.89 2.13 2.51
  8   3.00 3.58 3.99 4.12 3.91 3.35 2.65 1.98 1.44 1.22 1.36 1.71 2.19 2.72 3.28 3.69 3.87 3.73 3.29 2.83 2.43 2.20 2.25 2.45
  9   2.77 3.18 3.54 3.77 3.75 3.43 2.90 2.34 1.83 1.54 1.53 1.72 2.04 2.39 2.84 3.27 3.56 3.64 3.52 3.16 2.86 2.67 2.58 2.62
 10   2.76 2.93 3.14 3.34 3.42 3.35 3.03 2.61 2.19 1.87 1.73 1.80 2.00 2.22 2.50 2.79 3.12 3.32 3.37 3.28 3.14 3.00 2.90 2.83
 11   2.80 2.83 2.93 3.08 3.19 3.20 3.07 2.81 2.56 2.29 2.09 1.98 1.99 2.08 2.27 2.54 2.81 3.05 3.23 3.35 3.41 3.38 3.27 3.12
 12   3.00 2.91 2.89 2.92 2.99 3.02 2.99 2.91 2.78 2.60 2.38 2.15 2.02 2.00 2.08 2.23 2.48 2.75 3.03 3.30 3.47 3.57 3.56 3.38
 13   3.10 2.87 2.73 2.71 2.75 2.81 2.88 2.92 2.92 2.87 2.76 2.56 2.28 2.03 1.89 1.89 2.05 2.33 2.68 3.07 3.44 3.69 3.80 3.68
 14   3.37 3.03 2.73 2.54 2.46 2.49 2.63 2.84 3.03 3.16 3.15 2.95 2.64 2.23 1.87 1.67 1.72 1.95 2.33 2.76 3.24 3.69 3.99 4.03
 15   3.80 3.33 2.89 2.52 2.30 2.26 2.40 2.69 3.04 3.33 3.47 3.45 3.18 2.73 2.18 1.75 1.54 1.60 1.90 2.37 2.94 3.55 4.04 4.25
 16   4.15 3.74 3.14 2.55 2.10 1.90 1.99 2.29 2.76 3.24 3.61 3.77 3.61 3.17 2.55 1.90 1.42 1.25 1.45 1.91 2.53 3.24 3.93 4.37
 17   4.42 4.12 3.49 2.74 2.10 1.67 1.62 1.88 2.38 2.97 3.56 3.96 4.04 3.73 3.09 2.35 1.68 1.21 1.13 1.46 2.07 2.81 3.60 4.29
 18   4.64 4.45 3.92 3.04 2.18 1.52 1.26 1.40 1.86 2.56 3.35 4.01 4.34 4.27 3.76 2.93 2.07 1.37 1.01 1.20 1.70 2.44 3.28 4.13
 19   4.68 4.73 4.32 3.48 2.48 1.59 1.01 1.00 1.37 2.08 2.90 3.76 4.38 4.59 4.29 3.60 2.62 1.72 1.14 1.03 1.39 2.01 2.81 3.75
 20   4.52 4.80 4.57 3.94 2.88 1.86 1.05 0.66 0.88 1.44 2.28 3.24 4.08 4.58 4.60 4.17 3.34 2.35 1.53 1.11 1.24 1.70 2.42 3.22
 21   4.12 4.63 4.65 4.19 3.32 2.20 1.28 0.63 0.52 0.91 1.64 2.56 3.52 4.28 4.68 4.42 3.72 2.72 1.86 1.43 1.31 1.63 2.16 2.84
 22   3.61 4.28 4.55 4.42 3.87 2.87 1.58 0.86 0.52 0.71 1.28 2.11 2.96 3.82 4.39 4.52 4.25 3.55 2.52 1.92 1.62 1.72 2.14 2.62
 23   3.28 3.84 4.17 4.21 3.86 3.14 2.24 1.36 0.76 0.63 0.96 1.56 2.31 3.11 3.82 4.22 4.24 3.82 3.21 2.62 2.21 2.04 2.12 2.39
 24   2.85 3.29 3.69 3.90 3.85 3.44 2.79 2.07 1.39 0.97 0.92 1.25 1.79 2.40 3.04 3.66 3.97 3.95 3.69 3.25 2.82 2.50 2.37 2.38
 25   2.52 2.77 3.06 3.38 3.56 3.53 3.12 2.58 2.03 1.54 1.25 1.27 1.48 1.84 2.30 2.84 3.36 3.67 3.74 3.60 3.36 3.08 2.81 2.59
 26   2.48 2.48 2.61 2.83 3.06 3.20 3.21 3.05 2.71 2.27 1.82 1.52 1.44 1.53 1.79 2.19 2.64 3.13 3.49 3.69 3.71 3.58 3.33 3.02
 27   2.69 2.48 2.36 2.38 2.56 2.79 3.01 3.17 3.16 2.98 2.60 2.12 1.73 1.49 1.42 1.60 2.01 2.54 3.05 3.48 3.79 3.89 3.79 3.47
 28   3.00 2.57 2.23 2.03 2.02 2.23 2.56 2.92 3.23 3.37 3.29 2.92 2.42 1.88 1.41 1.22 1.36 1.77 2.36 2.98 3.54 3.96 4.15 4.01
 29   3.54 2.92 2.33 1.87 1.61 1.59 1.86 2.37 2.96 3.45 3.74 3.64 3.20 2.52 1.79 1.26 1.02 1.23 1.72 2.37 3.08 3.80 4.29 4.39
 30   4.07 3.41 2.70 2.00 1.45 1.22 1.35 1.82 2.52 3.24 3.83 4.09 3.88 3.29 2.47 1.65 1.08 0.92 1.20 1.77 2.57 3.41 4.18 4.55
 31   4.46 3.98 3.24 2.34 1.58 1.04 0.95 1.24 1.89 2.72 3.62 4.20 4.36 3.99 3.24 2.28 1.48 0.98 0.98 1.42 2.12 2.99 3.88 4.51
 ----------------------------------------------------------------------------------------------------------------------------
                                                                                               
 ----------------------------------------------------------------------------------------------------------------------------
 ----------------------------------------------------------------------------------------------------------------------------
                                                          SURVEY OF INDIA
                                                    MARINE GEODESY WING (G&RB)
                                                     HOURLY HEIGHTS IN METRES
  NAME OF PORT:- MUMBAI                                                                             MONTH APRIL     YEAR 2022
 ----------------------------------------------------------------------------------------------------------------------------
 DAYS 0000 0001 0002 0003 0004 0005 0006 0007 0008 0009 0010 0011 0012 0013 0014 0015 0016 0017 0018 0019 0020 0021 0022 0023
 ----------------------------------------------------------------------------------------------------------------------------
  1   4.69 4.36 3.65 2.73 1.84 1.13 0.81 0.95 1.47 2.28 3.16 4.00 4.52 4.50 3.93 3.08 2.12 1.44 1.09 1.30 1.82 2.64 3.50 4.27
  2   4.65 4.55 4.06 3.24 2.20 1.36 0.81 0.72 1.08 1.77 2.64 3.56 4.34 4.66 4.40 3.69 2.73 1.88 1.37 1.31 1.65 2.25 3.04 3.82
  3   4.43 4.56 4.20 3.53 2.56 1.68 1.00 0.65 0.87 1.34 2.13 2.98 3.96 4.49 4.55 4.10 3.32 2.46 1.80 1.49 1.60 1.99 2.64 3.34
  4   4.04 4.35 4.24 3.71 2.88 2.02 1.29 0.79 0.79 1.17 1.76 2.58 3.43 4.15 4.47 4.27 3.72 2.92 2.22 1.79 1.71 1.94 2.42 2.99
  5   3.64 4.02 4.08 3.77 3.12 2.33 1.60 1.08 0.87 1.13 1.64 2.32 3.05 3.72 4.17 4.24 3.91 3.32 2.66 2.18 1.89 1.98 2.28 2.72
  6   3.23 3.67 3.86 3.74 3.35 2.68 2.00 1.41 1.12 1.17 1.56 2.10 2.64 3.23 3.76 4.06 3.98 3.58 3.07 2.57 2.25 2.18 2.32 2.60
  7   2.96 3.33 3.54 3.56 3.34 2.90 2.36 1.84 1.50 1.39 1.60 1.96 2.40 2.83 3.30 3.66 3.81 3.69 3.36 2.95 2.68 2.50 2.49 2.59
  8   2.76 2.94 3.11 3.26 3.23 3.00 2.56 2.14 1.76 1.56 1.56 1.78 2.10 2.44 2.84 3.23 3.46 3.53 3.41 3.18 2.96 2.79 2.68 2.62
  9   2.65 2.75 2.88 3.00 3.04 2.96 2.79 2.53 2.20 1.92 1.75 1.80 1.98 2.22 2.50 2.82 3.17 3.41 3.48 3.42 3.28 3.12 2.99 2.87
 10   2.75 2.70 2.71 2.76 2.84 2.91 2.90 2.79 2.62 2.42 2.21 2.04 1.98 2.07 2.28 2.54 2.82 3.09 3.34 3.49 3.52 3.42 3.22 3.01
 11   2.80 2.63 2.53 2.53 2.61 2.73 2.85 2.94 2.94 2.84 2.66 2.43 2.23 2.06 2.03 2.12 2.37 2.76 3.13 3.41 3.60 3.69 3.56 3.32
 12   2.96 2.59 2.36 2.27 2.31 2.45 2.68 2.93 3.13 3.19 3.09 2.85 2.48 2.12 1.91 1.87 2.01 2.35 2.76 3.19 3.60 3.88 3.93 3.71
 13   3.23 2.72 2.29 1.99 1.94 2.05 2.32 2.72 3.14 3.45 3.57 3.37 2.91 2.42 1.96 1.68 1.69 1.94 2.37 2.87 3.42 3.89 4.17 4.07
 14   3.67 3.02 2.35 1.84 1.64 1.63 1.89 2.40 3.00 3.50 3.85 3.86 3.51 2.88 2.25 1.70 1.46 1.58 1.95 2.47 3.13 3.75 4.27 4.41
 15   4.11 3.48 2.63 1.86 1.38 1.25 1.46 1.96 2.60 3.31 3.99 4.34 4.19 3.65 2.88 2.10 1.55 1.38 1.63 2.11 2.75 3.50 4.23 4.61
 16   4.52 3.98 3.08 2.09 1.38 0.90 0.93 1.33 2.03 2.88 3.79 4.48 4.69 4.31 3.59 2.62 1.86 1.40 1.41 1.73 2.31 3.08 3.96 4.53
 17   4.66 4.28 3.54 2.47 1.50 0.73 0.51 0.79 1.43 2.31 3.22 4.18 4.80 4.77 4.28 3.40 2.44 1.70 1.39 1.52 1.89 2.57 3.40 4.21
 18   4.66 4.53 3.92 2.97 1.92 0.96 0.37 0.25 0.61 1.36 2.48 3.61 4.53 4.91 4.70 4.04 3.04 2.16 1.58 1.40 1.67 2.15 2.87 3.69
 19   4.33 4.61 4.36 3.64 2.60 1.51 0.60 0.19 0.36 1.03 1.96 2.93 4.01 4.73 4.92 4.54 3.82 2.87 2.12 1.66 1.62 1.88 2.42 3.05
 20   3.78 4.30 4.38 3.92 3.14 2.09 1.09 0.44 0.26 0.62 1.33 2.22 3.22 4.07 4.64 4.67 4.22 3.56 2.72 2.10 1.78 1.84 2.11 2.59
 21   3.17 3.70 4.03 3.94 3.43 2.67 1.84 1.12 0.69 0.60 1.03 1.69 2.49 3.36 4.07 4.46 4.41 4.04 3.45 2.82 2.37 2.15 2.14 2.31
 22   2.70 3.16 3.57 3.78 3.64 3.17 2.55 1.83 1.33 1.00 1.08 1.47 2.02 2.67 3.36 3.89 4.18 4.15 3.88 3.43 2.96 2.60 2.40 2.36
 23   2.44 2.69 3.04 3.34 3.49 3.38 3.01 2.58 2.08 1.68 1.47 1.49 1.70 2.07 2.61 3.19 3.64 3.88 3.92 3.72 3.45 3.13 2.78 2.52
 24   2.35 2.34 2.49 2.71 2.97 3.17 3.22 3.06 2.77 2.37 1.96 1.68 1.54 1.67 2.08 2.54 3.02 3.46 3.75 3.89 3.82 3.59 3.24 2.86
 25   2.49 2.26 2.15 2.23 2.47 2.77 3.06 3.25 3.27 3.08 2.74 2.29 1.89 1.69 1.71 1.99 2.41 2.86 3.36 3.73 3.98 4.01 3.77 3.31
 26   2.76 2.28 1.93 1.76 1.83 2.15 2.64 3.10 3.47 3.58 3.40 3.03 2.55 2.03 1.65 1.59 1.84 2.27 2.77 3.29 3.75 4.08 4.10 3.78
 27   3.20 2.53 1.93 1.49 1.37 1.56 2.02 2.60 3.23 3.68 3.88 3.71 3.20 2.52 1.93 1.57 1.50 1.72 2.10 2.69 3.31 3.87 4.18 4.09
 28   3.63 2.92 2.16 1.49 1.09 1.06 1.41 2.11 2.85 3.53 4.02 4.17 3.89 3.32 2.60 1.95 1.52 1.55 1.90 2.43 3.04 3.66 4.13 4.28
 29   4.04 3.37 2.52 1.68 1.06 0.87 1.12 1.62 2.38 3.16 3.87 4.36 4.38 3.94 3.31 2.49 1.85 1.53 1.67 2.07 2.67 3.29 3.92 4.26
 30   4.26 3.78 2.96 2.00 1.24 0.80 0.88 1.32 1.96 2.74 3.60 4.27 4.55 4.36 3.84 3.10 2.31 1.76 1.67 1.87 2.37 2.95 3.65 4.15
 ----------------------------------------------------------------------------------------------------------------------------
                                                                                               
 ----------------------------------------------------------------------------------------------------------------------------
 ----------------------------------------------------------------------------------------------------------------------------
                                                          SURVEY OF INDIA
                                                    MARINE GEODESY WING (G&RB)
                                                     HOURLY HEIGHTS IN METRES
  NAME OF PORT:- MUMBAI                                                                             MONTH MAY       YEAR 2022
 ----------------------------------------------------------------------------------------------------------------------------
 DAYS 0000 0001 0002 0003 0004 0005 0006 0007 0008 0009 0010 0011 0012 0013 0014 0015 0016 0017 0018 0019 0020 0021 0022 0023
 ----------------------------------------------------------------------------------------------------------------------------
  1   4.32 3.99 3.30 2.36 1.52 0.92 0.80 1.10 1.61 2.34 3.14 3.95 4.48 4.59 4.28 3.64 2.78 2.08 1.74 1.80 2.11 2.58 3.21 3.84
  2   4.17 4.12 3.59 2.72 1.83 1.12 0.71 0.80 1.22 1.87 2.66 3.50 4.19 4.56 4.41 3.91 3.19 2.45 1.95 1.78 1.94 2.30 2.84 3.46
  3   3.96 4.07 3.71 3.02 2.15 1.37 0.88 0.78 1.08 1.58 2.27 3.00 3.79 4.33 4.50 4.20 3.58 2.87 2.28 1.95 1.94 2.18 2.59 3.12
  4   3.65 3.90 3.77 3.23 2.48 1.73 1.15 0.93 1.07 1.46 2.03 2.66 3.38 3.95 4.29 4.22 3.84 3.28 2.67 2.23 2.03 2.11 2.44 2.84
  5   3.31 3.59 3.65 3.39 2.82 2.13 1.49 1.09 1.06 1.32 1.81 2.32 2.84 3.45 3.90 4.05 3.88 3.45 3.00 2.54 2.19 2.13 2.29 2.58
  6   2.98 3.28 3.43 3.35 2.99 2.43 1.86 1.40 1.24 1.33 1.64 2.05 2.52 3.01 3.58 3.87 3.87 3.62 3.22 2.84 2.52 2.35 2.33 2.40
  7   2.56 2.86 3.14 3.21 3.09 2.72 2.28 1.85 1.57 1.48 1.61 1.88 2.22 2.57 2.99 3.44 3.68 3.66 3.41 3.06 2.75 2.54 2.41 2.37
  8   2.41 2.53 2.71 2.87 2.93 2.83 2.53 2.19 1.86 1.70 1.69 1.81 2.01 2.29 2.61 3.02 3.37 3.53 3.48 3.27 3.00 2.77 2.58 2.42
  9   2.33 2.36 2.48 2.64 2.76 2.78 2.70 2.53 2.31 2.10 1.94 1.85 1.90 2.03 2.29 2.69 3.06 3.34 3.46 3.44 3.28 3.04 2.79 2.55
 10   2.39 2.29 2.24 2.30 2.49 2.69 2.80 2.82 2.75 2.54 2.32 2.10 1.92 1.87 2.01 2.31 2.68 3.01 3.29 3.46 3.48 3.33 3.04 2.67
 11   2.33 2.04 1.88 1.94 2.16 2.45 2.72 2.91 3.00 2.99 2.85 2.57 2.21 1.93 1.84 2.02 2.33 2.70 3.12 3.47 3.65 3.67 3.45 3.03
 12   2.53 2.07 1.76 1.69 1.84 2.17 2.56 2.97 3.31 3.47 3.41 3.15 2.70 2.25 1.93 1.82 1.96 2.25 2.73 3.28 3.69 3.92 3.84 3.47
 13   2.87 2.22 1.61 1.24 1.24 1.53 2.07 2.68 3.24 3.67 3.86 3.72 3.24 2.68 2.17 1.78 1.71 1.92 2.34 2.90 3.48 3.92 4.11 3.88
 14   3.28 2.48 1.69 1.08 0.79 0.95 1.45 2.18 2.88 3.58 4.10 4.25 3.95 3.36 2.63 1.97 1.55 1.54 1.87 2.41 3.04 3.66 4.08 4.16
 15   3.76 2.94 1.98 1.08 0.50 0.38 0.76 1.44 2.27 3.14 3.94 4.45 4.47 4.04 3.32 2.44 1.74 1.41 1.57 1.94 2.52 3.24 3.87 4.18
 16   4.09 3.44 2.44 1.36 0.50 0.06 0.05 0.42 1.39 2.25 3.16 4.08 4.65 4.65 4.21 3.32 2.31 1.65 1.45 1.60 1.99 2.63 3.39 4.02
 17   4.26 3.93 3.16 2.08 1.02 0.25-0.07 0.02 0.47 1.41 2.42 3.49 4.40 4.85 4.64 3.93 3.05 2.25 1.71 1.49 1.74 2.32 3.09 3.77
 18   4.20 4.19 3.56 2.52 1.40 0.53 0.05-0.03 0.50 1.32 2.36 3.42 4.23 4.78 4.82 4.32 3.54 2.65 1.97 1.63 1.58 1.91 2.43 3.12
 19   3.76 4.07 3.93 3.24 2.11 1.10 0.39 0.11 0.35 1.04 1.93 2.85 3.72 4.37 4.66 4.64 4.18 3.47 2.66 2.04 1.70 1.61 1.88 2.33
 20   2.97 3.56 3.87 3.80 3.25 2.28 1.40 0.76 0.47 0.63 1.19 1.97 2.81 3.57 4.18 4.45 4.46 4.05 3.39 2.67 2.11 1.77 1.65 1.84
 21   2.24 2.81 3.35 3.67 3.67 3.27 2.46 1.70 1.13 0.83 0.91 1.34 2.01 2.77 3.43 3.99 4.29 4.27 3.91 3.32 2.68 2.18 1.83 1.68
 22   1.80 2.14 2.65 3.15 3.48 3.55 3.28 2.63 2.01 1.49 1.20 1.19 1.48 2.04 2.72 3.28 3.79 4.04 4.09 3.78 3.24 2.69 2.25 1.90
 23   1.72 1.77 2.05 2.49 2.94 3.28 3.42 3.30 2.81 2.31 1.86 1.56 1.47 1.63 2.08 2.68 3.13 3.60 3.86 3.91 3.64 3.17 2.70 2.32
 24   1.97 1.75 1.73 1.95 2.33 2.74 3.08 3.29 3.31 2.98 2.61 2.23 1.92 1.75 1.78 2.12 2.64 3.18 3.62 3.84 3.85 3.62 3.20 2.69
 25   2.16 1.67 1.47 1.49 1.80 2.24 2.75 3.18 3.48 3.55 3.31 2.90 2.45 2.09 1.79 1.81 2.20 2.72 3.23 3.60 3.81 3.79 3.52 3.05
 26   2.47 1.80 1.36 1.20 1.26 1.68 2.26 2.84 3.35 3.71 3.77 3.51 3.00 2.52 2.11 1.87 1.87 2.18 2.68 3.17 3.58 3.78 3.71 3.34
 27   2.75 2.07 1.47 1.00 0.91 1.16 1.74 2.40 3.09 3.64 3.94 3.90 3.57 3.01 2.47 2.07 1.85 1.94 2.24 2.63 3.12 3.52 3.74 3.72
 28   3.28 2.50 1.71 1.10 0.78 0.84 1.29 1.96 2.69 3.39 3.91 4.15 4.01 3.55 2.95 2.39 1.99 1.87 2.00 2.34 2.80 3.29 3.67 3.78
 29   3.52 2.85 2.12 1.39 0.87 0.73 1.02 1.58 2.31 3.04 3.74 4.14 4.27 4.02 3.48 2.85 2.31 1.94 1.90 2.07 2.46 2.99 3.46 3.72
 30
 31
 ----------------------------------------------------------------------------------------------------------------------------
                                                                                               
 ----------------------------------------------------------------------------------------------------------------------------
 ----------------------------------------------------------------------------------------------------------------------------
                                                          SURVEY OF INDIA
                                                    MARINE GEODESY WING (G&RB)
                                                     HOURLY HEIGHTS IN METRES
  NAME OF PORT:- MUMBAI                                                                             MONTH JUNE      YEAR 2022
 ----------------------------------------------------------------------------------------------------------------------------
 DAYS 0000 0001 0002 0003 0004 0005 0006 0007 0008 0009 0010 0011 0012 0013 0014 0015 0016 0017 0018 0019 0020 0021 0022 0023
 ----------------------------------------------------------------------------------------------------------------------------
  1
  2
  3
  4
  5
  6
  7
  8
  9
 10
 11
 12
 13
 14
 15
 16
 17
 18   3.24 3.87 4.22 4.14 3.52 2.58 1.72 1.07 0.76 0.92 1.40 2.10 2.99 3.86 4.56 4.85 4.73 4.25 3.49 2.75 2.19 1.88 1.84 2.07
 19   2.59 3.19 3.71 4.03 3.91 3.36 2.64 1.88 1.34 1.19 1.37 1.83 2.45 3.16 3.89 4.47 4.66 4.48 4.04 3.32 2.64 2.08 1.85 1.89
 20   2.11 2.48 3.04 3.55 3.82 3.75 3.36 2.81 2.24 1.79 1.63 1.70 2.00 2.54 3.24 3.89 4.35 4.47 4.24 3.76 3.14 2.56 2.09 1.83
 21   1.82 2.00 2.38 2.88 3.28 3.56 3.58 3.34 2.92 2.46 2.11 2.01 2.11 2.36 2.78 3.31 3.85 4.19 4.24 3.98 3.51 2.99 2.48 2.04
 22   1.76 1.73 1.91 2.29 2.75 3.17 3.47 3.62 3.54 3.25 2.85 2.47 2.25 2.27 2.51 2.92 3.39 3.78 4.02 4.05 3.75 3.32 2.84 2.35
 23   1.90 1.66 1.61 1.79 2.13 2.64 3.12 3.51 3.74 3.68 3.40 3.00 2.60 2.37 2.35 2.53 2.80 3.16 3.52 3.72 3.70 3.44 2.98 2.55
 24   2.05 1.65 1.44 1.45 1.64 2.12 2.70 3.22 3.67 3.88 3.80 3.48 3.09 2.76 2.52 2.44 2.55 2.82 3.19 3.52 3.67 3.63 3.37 2.98
 25   2.45 1.94 1.59 1.35 1.44 1.76 2.31 2.92 3.53 3.96 4.12 3.94 3.54 3.12 2.76 2.54 2.48 2.56 2.83 3.13 3.43 3.61 3.59 3.30
 26   2.82 2.24 1.70 1.39 1.33 1.56 1.99 2.48 3.12 3.78 4.19 4.27 3.97 3.46 2.95 2.60 2.40 2.40 2.56 2.81 3.13 3.44 3.61 3.51
 27   3.15 2.63 2.00 1.50 1.26 1.33 1.67 2.20 2.84 3.57 4.15 4.41 4.31 3.92 3.43 2.95 2.56 2.38 2.38 2.61 2.93 3.28 3.62 3.70
 28   3.48 2.96 2.30 1.68 1.27 1.12 1.32 1.76 2.33 3.04 3.81 4.33 4.44 4.20 3.72 3.15 2.64 2.31 2.17 2.27 2.53 3.00 3.41 3.64
 29   3.61 3.24 2.68 2.00 1.39 1.04 1.08 1.50 2.04 2.71 3.40 4.04 4.36 4.37 3.97 3.41 2.81 2.37 2.13 2.13 2.35 2.72 3.18 3.54
 30   3.72 3.55 3.07 2.36 1.66 1.15 0.93 1.12 1.61 2.29 3.00 3.78 4.25 4.38 4.24 3.79 3.16 2.58 2.18 2.04 2.08 2.36 2.80 3.28
 ----------------------------------------------------------------------------------------------------------------------------
                                                                                               
 ----------------------------------------------------------------------------------------------------------------------------
 ----------------------------------------------------------------------------------------------------------------------------
                                                          SURVEY OF INDIA
                                                    MARINE GEODESY WING (G&RB)
                                                     HOURLY HEIGHTS IN METRES
  NAME OF PORT:- MUMBAI                                                                             MONTH JULY      YEAR 2022
 ----------------------------------------------------------------------------------------------------------------------------
 DAYS 0000 0001 0002 0003 0004 0005 0006 0007 0008 0009 0010 0011 0012 0013 0014 0015 0016 0017 0018 0019 0020 0021 0022 0023
 ----------------------------------------------------------------------------------------------------------------------------
  1   3.64 3.70 3.39 2.80 2.05 1.40 1.05 0.97 1.29 1.88 2.51 3.28 3.93 4.32 4.35 4.02 3.43 2.80 2.29 2.01 1.92 2.12 2.53 3.02
  2   3.45 3.67 3.60 3.20 2.52 1.80 1.23 0.96 1.13 1.61 2.16 2.83 3.54 4.08 4.33 4.22 3.77 3.16 2.60 2.16 1.92 1.99 2.25 2.67
  3   3.17 3.56 3.67 3.45 2.90 2.21 1.64 1.22 1.12 1.41 1.93 2.48 3.12 3.72 4.16 4.28 4.01 3.47 2.90 2.39 1.99 1.87 2.03 2.32
  4
  5
  6
  7
  8   1.91 1.97 2.24 2.63 3.07 3.48 3.69 3.70 3.55 3.25 2.97 2.75 2.63 2.68 2.86 3.20 3.57 3.90 4.04 3.95 3.60 3.08 2.52 2.03
  9   1.72 1.63 1.75 2.04 2.50 3.03 3.49 3.83 3.92 3.78 3.52 3.16 2.86 2.68 2.69 2.86 3.12 3.45 3.80 4.00 3.92 3.54 2.98 2.40
 10   1.64 1.28 1.19 1.37 1.72 2.31 2.99 3.58 3.99 4.08 3.87 3.53 3.07 2.67 2.41 2.34 2.49 2.79 3.18 3.57 3.80 3.73 3.27 2.63
 11   1.99 1.25 0.83 0.76 0.98 1.40 2.11 2.96 3.67 4.15 4.24 3.95 3.51 2.96 2.40 2.10 1.98 2.12 2.46 2.91 3.34 3.59 3.54 2.99
 12   2.27 1.54 0.86 0.39 0.32 0.60 1.08 1.92 2.92 3.76 4.31 4.40 4.04 3.51 2.86 2.28 1.92 1.84 2.03 2.43 3.00 3.49 3.78 3.73
 13   3.20 2.40 1.52 0.73 0.29 0.29 0.70 1.40 2.30 3.27 4.18 4.65 4.71 4.36 3.64 2.76 2.11 1.79 1.78 2.03 2.50 3.18 3.79 4.12
 14
 15
 16
 17
 18
 19
 20
 21
 22
 23
 24
 25
 26
 27
 28
 29
 30
 31
 ----------------------------------------------------------------------------------------------------------------------------
                                                                                               
 ----------------------------------------------------------------------------------------------------------------------------
 ----------------------------------------------------------------------------------------------------------------------------
                                                          SURVEY OF INDIA
                                                    MARINE GEODESY WING (G&RB)
                                                     HOURLY HEIGHTS IN METRES
  NAME OF PORT:- MUMBAI                                                                             MONTH AUGUST    YEAR 2022
 ----------------------------------------------------------------------------------------------------------------------------
 DAYS 0000 0001 0002 0003 0004 0005 0006 0007 0008 0009 0010 0011 0012 0013 0014 0015 0016 0017 0018 0019 0020 0021 0022 0023
 ----------------------------------------------------------------------------------------------------------------------------
  1
  2
  3
  4
  5
  6
  7
  8
  9
 10
 11
 12
 13
 14
 15
 16
 17
 18
 19
 20
 21
 22
 23
 24
 25
 26
 27
 28
 29
 30
 31
 ----------------------------------------------------------------------------------------------------------------------------
                                                          SURVEY OF INDIA
                                                    MARINE GEODESY WING (G&RB)
                                                     HOURLY HEIGHTS IN METRES
  NAME OF PORT:- MUMBAI                                                                             MONTH SEPT      YEAR 2022
 ----------------------------------------------------------------------------------------------------------------------------
 DAYS 0000 0001 0002 0003 0004 0005 0006 0007 0008 0009 0010 0011 0012 0013 0014 0015 0016 0017 0018 0019 0020 0021 0022 0023
 ----------------------------------------------------------------------------------------------------------------------------
  1
  2
  3
  4
  5
  6   1.37 1.24 1.36 1.72 2.16 2.60 3.04 3.44 3.70 3.75 3.56 3.21 2.82 2.50 2.30 2.24 2.33 2.54 2.80 3.02 3.18 3.12 2.79 2.31
  7   1.70 1.22 0.97 1.04 1.39 1.89 2.45 3.04 3.58 3.93 4.04 3.78 3.27 2.73 2.26 2.00 1.96 2.14 2.39 2.69 3.08 3.40 3.47 3.18
  8   2.54 1.78 1.13 0.75 0.71 1.04 1.66 2.49 3.23 3.85 4.25 4.31 3.98 3.37 2.64 1.99 1.60 1.55 1.83 2.33 2.87 3.45 3.83 3.87
  9   3.44 2.64 1.73 1.00 0.52 0.59 1.10 1.88 2.72 3.56 4.28 4.68 4.57 4.05 3.20 2.28 1.56 1.20 1.30 1.72 2.34 3.12 3.84 4.26
 10   4.24 3.71 2.78 1.68 0.84 0.40 0.57 1.17 2.03 3.00 3.95 4.63 4.83 4.52 3.84 2.80 1.80 1.08 0.78 0.99 1.64 2.48 3.40 4.13
 11   4.53 4.32 3.63 2.59 1.43 0.61 0.37 0.85 1.58 2.48 3.44 4.35 4.87 4.85 4.37 3.44 2.24 1.30 0.76 0.68 1.07 1.84 2.87 3.81
 12   4.49 4.70 4.34 3.52 2.37 1.36 0.78 0.77 1.32 2.01 2.95 3.88 4.59 4.88 4.68 3.96 2.85 1.69 0.92 0.56 0.76 1.36 2.16 3.09
 13   4.08 4.62 4.67 4.19 3.28 2.16 1.39 1.04 1.24 1.73 2.49 3.36 4.15 4.59 4.57 4.12 3.24 2.24 1.32 0.72 0.60 1.00 1.68 2.51
 14   3.44 4.15 4.53 4.41 3.82 2.92 2.04 1.57 1.45 1.78 2.29 2.87 3.54 4.17 4.45 4.26 3.67 2.77 1.88 1.14 0.85 1.05 1.48 2.08
 15   2.86 3.61 4.20 4.39 4.10 3.49 2.76 2.20 1.89 1.93 2.23 2.62 3.09 3.60 4.02 4.05 3.70 3.00 2.19 1.55 1.17 1.15 1.40 1.81
 16   2.33 2.98 3.60 3.97 3.95 3.56 3.08 2.65 2.33 2.23 2.28 2.46 2.75 3.10 3.45 3.62 3.49 3.06 2.47 1.93 1.56 1.40 1.53 1.81
 17   2.17 2.52 2.96 3.39 3.63 3.58 3.32 3.01 2.77 2.59 2.55 2.61 2.72 2.87 3.06 3.25 3.31 3.18 2.79 2.36 1.98 1.80 1.74 1.82
 18   2.04 2.32 2.64 2.99 3.26 3.38 3.36 3.21 3.05 2.88 2.75 2.69 2.70 2.74 2.80 2.90 2.95 2.93 2.78 2.53 2.25 2.08 1.97 1.93
 19   1.96 2.07 2.27 2.56 2.84 3.04 3.20 3.29 3.29 3.21 3.04 2.86 2.73 2.65 2.63 2.66 2.72 2.75 2.74 2.69 2.61 2.48 2.31 2.09
 20   1.95 1.94 2.08 2.28 2.52 2.76 3.04 3.32 3.47 3.50 3.35 3.09 2.82 2.62 2.51 2.48 2.52 2.62 2.70 2.75 2.79 2.77 2.66 2.43
 21   2.12 1.90 1.82 1.90 2.08 2.39 2.76 3.15 3.45 3.59 3.59 3.39 3.02 2.67 2.36 2.20 2.21 2.36 2.56 2.77 2.95 3.05 3.05 2.83
 22   2.41 1.98 1.69 1.58 1.69 2.02 2.44 2.92 3.40 3.74 3.87 3.76 3.41 2.93 2.50 2.11 1.94 2.02 2.25 2.60 2.96 3.25 3.40 3.30
 23   2.92 2.38 1.87 1.51 1.42 1.59 1.97 2.50 3.10 3.66 4.02 4.09 3.79 3.28 2.68 2.16 1.81 1.74 1.95 2.34 2.84 3.35 3.70 3.75
 24   3.48 2.92 2.28 1.71 1.39 1.37 1.70 2.21 2.84 3.48 4.04 4.29 4.19 3.72 3.00 2.28 1.69 1.39 1.51 1.94 2.56 3.20 3.72 3.98
 25   3.89 3.40 2.72 2.00 1.40 1.13 1.28 1.74 2.39 3.11 3.84 4.32 4.41 4.05 3.34 2.48 1.72 1.21 1.15 1.48 2.10 2.85 3.57 4.07
 26   4.20 3.85 3.20 2.46 1.69 1.16 1.06 1.42 2.06 2.79 3.58 4.24 4.48 4.28 3.67 2.75 1.84 1.10 0.77 0.92 1.51 2.31 3.20 3.92
 27   4.35 4.33 3.84 3.00 2.06 1.35 1.03 1.18 1.68 2.44 3.24 4.01 4.42 4.45 4.05 3.20 2.16 1.28 0.68 0.64 1.06 1.78 2.72 3.62
 28   4.31 4.59 4.34 3.64 2.68 1.82 1.30 1.20 1.53 2.11 2.83 3.64 4.25 4.48 4.27 3.60 2.60 1.60 0.82 0.47 0.69 1.28 2.16 3.10
 29   3.96 4.48 4.57 4.14 3.35 2.40 1.71 1.41 1.53 1.92 2.52 3.16 3.86 4.26 4.33 3.87 3.00 2.00 1.12 0.56 0.51 0.94 1.64 2.52
 30   3.40 4.16 4.53 4.43 3.89 3.10 2.36 1.80 1.61 1.79 2.24 2.75 3.37 3.87 4.10 3.96 3.40 2.52 1.63 0.92 0.59 0.76 1.21 1.89
 ----------------------------------------------------------------------------------------------------------------------------
                                                                                               
 ----------------------------------------------------------------------------------------------------------------------------
 ----------------------------------------------------------------------------------------------------------------------------
                                                          SURVEY OF INDIA
                                                    MARINE GEODESY WING (G&RB)
                                                     HOURLY HEIGHTS IN METRES
  NAME OF PORT:- MUMBAI                                                                             MONTH OCTOBER   YEAR 2022
 ----------------------------------------------------------------------------------------------------------------------------
 DAYS 0000 0001 0002 0003 0004 0005 0006 0007 0008 0009 0010 0011 0012 0013 0014 0015 0016 0017 0018 0019 0020 0021 0022 0023
 ----------------------------------------------------------------------------------------------------------------------------
  1   2.67 3.47 4.08 4.33 4.13 3.61 2.94 2.38 2.01 1.95 2.13 2.45 2.86 3.36 3.70 3.81 3.53 2.92 2.19 1.49 1.00 0.85 1.03 1.44
  2   2.01 2.68 3.36 3.84 3.99 3.78 3.40 2.96 2.60 2.30 2.22 2.35 2.55 2.84 3.18 3.38 3.41 3.15 2.63 2.07 1.56 1.26 1.16 1.31
  3   1.63 2.12 2.63 3.16 3.53 3.66 3.58 3.36 3.08 2.79 2.52 2.40 2.40 2.49 2.65 2.84 3.01 3.08 2.96 2.63 2.25 1.85 1.56 1.41
  4   1.40 1.60 2.00 2.48 2.93 3.27 3.44 3.50 3.44 3.22 2.92 2.65 2.42 2.29 2.29 2.38 2.56 2.74 2.92 2.96 2.84 2.56 2.16 1.79
  5   1.45 1.33 1.44 1.75 2.17 2.64 3.08 3.44 3.66 3.67 3.44 3.05 2.63 2.25 2.00 1.98 2.12 2.36 2.65 2.90 3.15 3.22 3.02 2.57
  6   1.92 1.44 1.17 1.25 1.61 2.11 2.66 3.20 3.66 3.96 3.97 3.67 3.12 2.44 1.88 1.58 1.62 1.84 2.23 2.68 3.17 3.53 3.67 3.40
  7   2.76 2.00 1.35 1.03 1.11 1.49 2.09 2.76 3.40 4.01 4.35 4.25 3.78 3.04 2.24 1.60 1.26 1.26 1.60 2.22 2.92 3.60 4.07 4.15
  8   3.76 2.96 2.08 1.34 0.91 1.02 1.55 2.25 3.00 3.78 4.36 4.57 4.27 3.58 2.63 1.72 1.04 0.79 0.95 1.46 2.30 3.20 3.99 4.44
  9   4.31 3.69 2.79 1.84 1.16 0.87 1.08 1.64 2.44 3.32 4.12 4.58 4.55 4.04 3.15 2.08 1.18 0.56 0.50 0.95 1.70 2.62 3.60 4.36
 10   4.65 4.36 3.68 2.64 1.68 1.02 0.93 1.35 2.04 2.84 3.70 4.38 4.61 4.32 3.60 2.52 1.50 0.70 0.31 0.48 1.05 1.96 2.91 3.95
 11   4.61 4.72 4.24 3.39 2.36 1.52 1.06 1.19 1.65 2.37 3.15 3.95 4.42 4.39 3.88 2.99 1.96 1.04 0.36 0.27 0.73 1.48 2.42 3.37
 12   4.18 4.61 4.46 3.84 2.96 2.08 1.45 1.25 1.51 1.99 2.68 3.40 4.01 4.24 4.00 3.32 2.40 1.42 0.68 0.36 0.60 1.16 1.92 2.76
 13   3.68 4.28 4.50 4.20 3.56 2.64 1.95 1.56 1.59 1.88 2.40 2.96 3.58 3.93 3.95 3.46 2.68 1.80 1.08 0.67 0.71 1.12 1.70 2.39
 14   3.16 3.84 4.25 4.23 3.78 3.12 2.45 1.95 1.81 1.95 2.28 2.71 3.17 3.56 3.69 3.50 2.96 2.31 1.56 1.05 0.91 1.08 1.44 1.99
 15   2.75 3.38 3.84 4.04 3.86 3.35 2.82 2.40 2.16 2.11 2.27 2.52 2.82 3.15 3.36 3.40 3.12 2.59 1.99 1.48 1.25 1.33 1.62 2.03
 16   2.45 2.93 3.35 3.67 3.73 3.53 3.15 2.76 2.51 2.36 2.35 2.45 2.62 2.84 3.03 3.16 3.11 2.78 2.31 1.89 1.64 1.61 1.70 1.92
 17   2.20 2.55 2.94 3.28 3.47 3.50 3.37 3.15 2.90 2.70 2.56 2.55 2.61 2.71 2.82 2.90 2.92 2.82 2.60 2.34 2.10 1.96 1.92 2.00
 18   2.15 2.39 2.64 2.94 3.20 3.36 3.41 3.37 3.22 3.03 2.86 2.70 2.60 2.59 2.64 2.72 2.77 2.79 2.75 2.66 2.55 2.44 2.30 2.18
 19   2.12 2.16 2.35 2.62 2.88 3.13 3.32 3.43 3.46 3.36 3.16 2.91 2.68 2.52 2.44 2.44 2.53 2.67 2.78 2.84 2.83 2.75 2.62 2.43
 20   2.78 2.19 2.05 2.07 2.25 2.51 2.81 3.11 3.40 3.58 3.58 3.41 3.08 2.73 2.42 2.20 2.14 2.24 2.41 2.63 2.88 3.08 3.14 3.00
 21   2.45 2.04 1.84 1.87 2.12 2.44 2.81 3.17 3.50 3.73 3.74 3.46 3.00 2.44 2.01 1.78 1.80 2.00 2.34 2.68 3.05 3.32 3.41 3.24
 22   2.78 2.24 1.84 1.64 1.71 1.96 2.36 2.83 3.32 3.74 3.89 3.73 3.26 2.63 2.05 1.58 1.41 1.52 1.88 2.43 3.00 3.48 3.79 3.73
 23   3.32 2.73 2.11 1.65 1.45 1.61 1.98 2.48 3.03 3.60 4.00 4.09 3.79 3.04 2.24 1.55 1.12 1.07 1.40 1.97 2.67 3.37 3.91 4.09
 24   3.86 3.28 2.57 1.93 1.48 1.38 1.63 2.11 2.75 3.40 4.00 4.25 4.08 3.45 2.56 1.68 1.02 0.74 0.92 1.47 2.22 3.07 3.87 4.39
 25   4.46 4.00 3.28 2.44 1.78 1.39 1.47 1.83 2.43 3.08 3.81 4.27 4.29 3.76 2.88 1.87 1.00 0.44 0.43 0.96 1.74 2.64 3.62 4.37
 26   4.69 4.44 3.80 2.90 2.04 1.48 1.34 1.60 2.08 2.76 3.51 4.11 4.36 4.08 3.28 2.24 1.22 0.45 0.10 0.38 1.08 1.93 2.96 3.96
 27   4.60 4.75 4.36 3.61 2.61 1.81 1.32 1.36 1.70 2.30 2.95 3.64 4.12 4.17 3.71 2.80 1.70 0.72 0.10-0.02 0.48 1.25 2.17 3.20
 28   4.12 4.68 4.67 4.15 3.32 2.40 1.73 1.43 1.56 1.92 2.49 3.16 3.76 4.02 3.89 3.25 2.31 1.30 0.52 0.12 0.31 0.90 1.68 2.54
 29   3.52 4.27 4.60 4.43 3.87 3.10 2.35 1.85 1.68 1.79 2.13 2.64 3.25 3.72 3.86 3.56 2.87 2.02 1.16 0.60 0.40 0.72 1.29 2.00
 30   2.81 3.61 4.20 4.40 4.17 3.67 3.02 2.44 2.04 1.96 2.09 2.41 2.88 3.32 3.58 3.63 3.30 2.72 2.00 1.34 0.94 0.87 1.16 1.60
 31   2.20 2.90 3.56 4.04 4.16 3.99 3.59 3.09 2.64 2.30 2.20 2.26 2.51 2.83 3.16 3.36 3.37 3.10 2.67 2.16 1.73 1.39 1.28 1.44
 ----------------------------------------------------------------------------------------------------------------------------
                                                                                               
 ----------------------------------------------------------------------------------------------------------------------------
 ----------------------------------------------------------------------------------------------------------------------------
                                                          SURVEY OF INDIA
                                                    MARINE GEODESY WING (G&RB)
                                                     HOURLY HEIGHTS IN METRES
  NAME OF PORT:- MUMBAI                                                                             MONTH NOVEMBER  YEAR 2022
 ----------------------------------------------------------------------------------------------------------------------------
 DAYS 0000 0001 0002 0003 0004 0005 0006 0007 0008 0009 0010 0011 0012 0013 0014 0015 0016 0017 0018 0019 0020 0021 0022 0023
 ----------------------------------------------------------------------------------------------------------------------------
  1   1.86 2.42 2.96 3.49 3.82 3.92 3.84 3.56 3.22 2.86 2.53 2.34 2.29 2.43 2.65 2.88 3.06 3.13 3.07 2.87 2.56 2.15 1.77 1.58
  2   1.66 2.00 2.44 2.90 3.34 3.68 3.86 3.86 3.66 3.35 2.95 2.58 2.29 2.15 2.17 2.38 2.64 2.89 3.08 3.17 3.17 2.98 2.59 2.12
  3   1.80 1.73 1.96 2.37 2.80 3.24 3.63 3.89 3.99 3.84 3.44 2.92 2.41 2.01 1.80 1.88 2.13 2.51 2.86 3.18 3.46 3.56 3.40 2.92
  4   2.32 1.84 1.69 1.87 2.26 2.74 3.25 3.69 4.03 4.12 3.95 3.45 2.80 2.19 1.69 1.44 1.52 1.85 2.37 2.95 3.52 3.89 3.99 3.64
  5   3.04 2.33 1.82 1.61 1.75 2.14 2.68 3.24 3.79 4.15 4.23 3.96 3.33 2.55 1.77 1.20 0.99 1.21 1.71 2.40 3.16 3.84 4.28 4.24
  6   3.76 3.01 2.31 1.77 1.54 1.73 2.17 2.73 3.38 3.96 4.27 4.21 3.72 2.93 2.04 1.27 0.78 0.76 1.14 1.81 2.62 3.48 4.21 4.52
  7   4.32 3.76 2.95 2.21 1.69 1.58 1.82 2.27 2.90 3.60 4.12 4.31 4.04 3.38 2.44 1.59 0.92 0.59 0.76 1.33 2.16 3.08 4.00 4.61
  8   4.72 4.33 3.65 2.77 2.08 1.68 1.68 2.00 2.53 3.17 3.82 4.20 4.20 3.72 2.88 1.93 1.13 0.61 0.54 1.00 1.72 2.60 3.59 4.37
  9   4.76 4.63 4.13 3.35 2.56 1.94 1.68 1.76 2.16 2.75 3.40 3.90 4.09 3.87 3.23 2.36 1.44 0.75 0.45 0.74 1.37 2.15 3.01 3.92
 10   4.51 4.68 4.40 3.80 3.02 2.31 1.84 1.74 1.92 2.39 2.94 3.53 3.87 3.87 3.44 2.68 1.83 1.05 0.59 0.60 1.10 1.78 2.56 3.36
 11   4.12 4.51 4.47 4.01 3.34 2.59 2.06 1.79 1.81 2.10 2.56 3.14 3.64 3.79 3.56 2.93 2.15 1.43 0.89 0.68 0.93 1.46 2.19 2.92
 12   3.64 4.15 4.32 4.09 3.58 2.96 2.39 1.97 1.84 1.95 2.30 2.80 3.28 3.55 3.53 3.16 2.52 1.82 1.24 0.94 1.00 1.35 1.91 2.48
 13   3.08 3.71 4.05 4.08 3.72 3.20 2.70 2.28 2.03 2.01 2.16 2.51 2.92 3.26 3.38 3.21 2.78 2.21 1.64 1.25 1.19 1.36 1.75 2.20
 14   2.68 3.22 3.70 3.92 3.81 3.44 3.00 2.62 2.36 2.21 2.21 2.39 2.66 2.91 3.11 3.13 2.92 2.52 2.05 1.65 1.48 1.51 1.75 2.09
 15   2.44 2.87 3.31 3.62 3.73 3.60 3.31 2.98 2.68 2.44 2.33 2.37 2.55 2.70 2.83 2.89 2.87 2.76 2.49 2.17 1.89 1.78 1.85 2.04
 16   2.32 2.64 3.00 3.32 3.51 3.56 3.45 3.24 2.92 2.67 2.44 2.36 2.39 2.46 2.57 2.68 2.76 2.76 2.64 2.50 2.33 2.18 2.05 2.02
 17   2.12 2.31 2.60 2.92 3.21 3.40 3.46 3.41 3.25 2.96 2.64 2.39 2.28 2.26 2.32 2.43 2.56 2.69 2.77 2.80 2.76 2.61 2.43 2.21
 18   2.08 2.10 2.27 2.55 2.86 3.16 3.37 3.48 3.45 3.24 2.89 2.53 2.21 2.01 1.96 2.04 2.22 2.48 2.71 2.90 3.03 3.02 2.86 2.56
 19   2.22 2.04 2.04 2.21 2.52 2.87 3.21 3.47 3.60 3.54 3.28 2.84 2.33 1.90 1.64 1.68 1.90 2.20 2.58 2.95 3.29 3.49 3.41 3.07
 20   2.60 2.18 2.02 2.06 2.29 2.63 2.99 3.38 3.68 3.80 3.61 3.14 2.56 1.94 1.45 1.26 1.39 1.75 2.24 2.82 3.36 3.75 3.84 3.62
 21   3.14 2.57 2.16 1.93 1.98 2.27 2.67 3.12 3.56 3.85 3.92 3.66 2.92 2.20 1.56 1.03 0.84 1.09 1.64 2.37 3.09 3.72 4.15 4.19
 22   3.83 3.17 2.57 2.08 1.84 1.95 2.26 2.70 3.24 3.75 4.01 3.92 3.43 2.60 1.72 1.00 0.56 0.60 1.05 1.77 2.62 3.48 4.23 4.59
 23   4.44 3.89 3.15 2.42 1.91 1.75 1.91 2.32 2.84 3.48 3.94 4.11 3.85 3.16 2.16 1.24 0.52 0.21 0.46 1.09 1.96 2.91 3.87 4.59
 24   4.79 4.44 3.80 2.92 2.18 1.71 1.66 1.91 2.42 3.06 3.70 4.08 4.15 3.72 2.84 1.77 0.84 0.17 0.02 0.49 1.29 2.25 3.29 4.28
 25   4.87 4.93 4.49 3.71 2.78 2.03 1.66 1.70 2.02 2.60 3.33 3.89 4.17 4.03 3.32 2.32 1.24 0.44 0.00 0.09 0.76 1.64 2.68 3.72
 26   4.52 4.90 4.75 4.19 3.35 2.45 1.83 1.61 1.77 2.19 2.77 3.44 3.95 4.13 3.84 3.07 2.04 1.07 0.36 0.08 0.40 1.08 2.00 3.00
 27   3.96 4.67 4.90 4.66 4.06 3.20 2.38 1.84 1.72 1.88 2.32 2.88 3.48 3.87 3.99 3.60 2.84 1.95 1.10 0.57 0.46 0.81 1.48 2.28
 28   3.17 4.04 4.57 4.70 4.42 3.84 3.08 2.39 1.94 1.84 1.96 2.32 2.83 3.35 3.69 3.73 3.38 2.75 2.02 1.35 0.96 0.92 1.21 1.75
 29   2.46 3.20 3.90 4.36 4.44 4.18 3.65 3.00 2.41 2.02 1.94 2.03 2.28 2.68 3.12 3.44 3.55 3.30 2.78 2.22 1.75 1.45 1.37 1.56
 30   2.01 2.63 3.25 3.85 4.21 4.31 4.11 3.68 3.15 2.62 2.19 2.01 2.00 2.18 2.52 2.90 3.22 3.41 3.33 3.02 2.62 2.24 1.90 1.76
 ----------------------------------------------------------------------------------------------------------------------------
                                                                                               
 ----------------------------------------------------------------------------------------------------------------------------
 ----------------------------------------------------------------------------------------------------------------------------
                                                          SURVEY OF INDIA
                                                    MARINE GEODESY WING (G&RB)
                                                     HOURLY HEIGHTS IN METRES
  NAME OF PORT:- MUMBAI                                                                             MONTH DECEMBER  YEAR 2022
 ----------------------------------------------------------------------------------------------------------------------------
 DAYS 0000 0001 0002 0003 0004 0005 0006 0007 0008 0009 0010 0011 0012 0013 0014 0015 0016 0017 0018 0019 0020 0021 0022 0023
 ----------------------------------------------------------------------------------------------------------------------------
  1   1.87 2.23 2.73 3.28 3.80 4.09 4.17 3.98 3.56 3.10 2.58 2.15 1.91 1.80 1.92 2.23 2.64 3.05 3.35 3.45 3.33 3.04 2.65 2.28
  2   2.01 2.02 2.31 2.77 3.27 3.72 4.00 4.04 3.89 3.52 3.04 2.52 2.01 1.68 1.56 1.71 2.07 2.56 3.01 3.40 3.64 3.64 3.37 2.93
  3   2.48 2.15 2.10 2.33 2.72 3.17 3.59 3.88 3.96 3.80 3.42 2.89 2.31 1.79 1.38 1.29 1.49 1.92 2.49 3.09 3.60 3.96 3.97 3.62
  4   3.06 2.58 2.24 2.19 2.35 2.69 3.14 3.54 3.84 3.92 3.76 3.34 2.76 2.09 1.47 1.08 1.10 1.44 1.99 2.67 3.40 3.97 4.25 4.16
  5   3.76 3.15 2.64 2.28 2.16 2.29 2.67 3.10 3.56 3.84 3.84 3.58 3.05 2.41 1.69 1.10 0.81 0.98 1.47 2.12 2.86 3.64 4.24 4.40
  6   4.20 3.69 3.06 2.52 2.15 2.08 2.28 2.65 3.10 3.56 3.81 3.81 3.44 2.80 2.04 1.32 0.82 0.75 1.09 1.68 2.42 3.25 4.02 4.48
  7   4.52 4.16 3.58 2.88 2.34 2.03 2.03 2.27 2.70 3.22 3.65 3.85 3.68 3.15 2.40 1.61 0.96 0.65 0.76 1.24 1.92 2.73 3.60 4.28
  8   4.60 4.44 4.00 3.30 2.63 2.12 1.92 1.98 2.36 2.85 3.36 3.71 3.77 3.45 2.84 2.06 1.28 0.77 0.63 0.96 1.60 2.40 3.24 4.00
  9   4.52 4.60 4.30 3.72 3.01 2.39 2.00 1.95 2.13 2.53 3.08 3.57 3.82 3.72 3.22 2.48 1.65 1.05 0.75 0.84 1.32 2.00 2.80 3.57
 10   4.28 4.60 4.48 4.07 3.40 2.71 2.20 1.94 1.98 2.25 2.75 3.27 3.64 3.73 3.45 2.87 2.10 1.36 0.92 0.86 1.15 1.71 2.40 3.12
 11   3.88 4.40 4.51 4.23 3.72 3.04 2.46 2.04 1.93 2.07 2.43 2.92 3.37 3.61 3.58 3.15 2.48 1.75 1.18 0.92 1.04 1.49 2.09 2.72
 12   3.45 4.04 4.32 4.26 3.90 3.35 2.76 2.24 1.95 1.95 2.26 2.66 3.08 3.39 3.48 3.29 2.80 2.18 1.57 1.20 1.16 1.46 1.93 2.42
 13   3.01 3.62 4.04 4.19 4.01 3.55 2.99 2.48 2.07 1.91 2.00 2.30 2.69 3.05 3.28 3.30 3.00 2.52 1.95 1.52 1.33 1.41 1.71 2.09
 14   2.60 3.15 3.64 4.00 3.97 3.67 3.20 2.75 2.36 2.10 2.05 2.19 2.44 2.74 3.00 3.15 3.15 2.89 2.48 2.01 1.72 1.69 1.86 2.14
 15   2.53 2.92 3.38 3.79 3.98 3.93 3.63 3.20 2.77 2.40 2.22 2.21 2.37 2.60 2.82 3.01 3.15 3.11 2.87 2.53 2.25 2.09 2.09 2.20
 16   2.44 2.75 3.12 3.53 3.80 3.89 3.78 3.45 3.03 2.62 2.28 2.08 2.08 2.27 2.51 2.72 2.89 2.99 3.00 2.90 2.71 2.51 2.33 2.28
 17   2.36 2.56 2.83 3.17 3.51 3.77 3.85 3.68 3.32 2.89 2.49 2.16 2.00 1.99 2.12 2.39 2.68 2.96 3.15 3.24 3.20 3.07 2.84 2.60
 18   2.48 2.48 2.64 2.93 3.27 3.58 3.80 3.80 3.58 3.20 2.74 2.27 1.95 1.75 1.73 1.91 2.25 2.69 3.05 3.32 3.48 3.51 3.36 3.04
 19   2.70 2.50 2.48 2.63 2.90 3.21 3.51 3.69 3.71 3.51 3.08 2.56 1.98 1.57 1.37 1.43 1.72 2.19 2.74 3.25 3.68 3.89 3.83 3.52
 20   3.08 2.70 2.48 2.41 2.52 2.80 3.17 3.52 3.72 3.72 3.44 2.92 2.33 1.67 1.18 0.97 1.15 1.61 2.22 2.88 3.56 4.06 4.30 4.13
 21   3.68 3.14 2.68 2.39 2.34 2.47 2.77 3.18 3.60 3.83 3.83 3.48 2.85 2.10 1.36 0.83 0.68 1.00 1.61 2.37 3.18 3.97 4.48 4.61
 22   4.33 3.77 3.10 2.55 2.25 2.21 2.39 2.77 3.28 3.75 3.97 3.94 3.48 2.69 1.78 0.96 0.43 0.39 0.84 1.61 2.52 3.48 4.38 4.89
 23   4.92 4.52 3.85 3.05 2.41 2.10 2.08 2.30 2.77 3.37 3.89 4.20 4.08 3.45 2.51 1.50 0.65 0.20 0.29 0.87 1.74 2.80 3.88 4.71
 24   5.08 4.95 4.48 3.66 2.77 2.12 1.81 1.80 2.17 2.82 3.50 4.02 4.27 4.02 3.31 2.31 1.32 0.54 0.04 0.24 0.88 1.85 2.91 3.96
 25   4.75 5.12 4.97 4.39 3.51 2.54 1.90 1.69 1.81 2.24 2.87 3.62 4.15 4.34 3.96 3.16 2.11 1.13 0.42 0.16 0.49 1.24 2.19 3.20
 26   4.17 4.88 5.13 4.86 4.20 3.20 2.30 1.72 1.55 1.71 2.24 2.92 3.65 4.13 4.26 3.85 3.00 1.98 1.07 0.45 0.31 0.72 1.41 2.29
 27   3.24 4.20 4.80 4.91 4.55 3.80 2.85 2.04 1.52 1.43 1.63 2.13 2.80 3.49 3.95 4.06 3.64 2.85 1.93 1.21 0.79 0.76 1.12 1.73
 28   2.50 3.43 4.24 4.73 4.72 4.29 3.56 2.70 1.96 1.49 1.40 1.57 2.04 2.68 3.32 3.72 3.84 3.48 2.84 2.14 1.55 1.26 1.29 1.60
 29   2.10 2.76 3.50 4.20 4.54 4.41 3.96 3.25 2.49 1.85 1.45 1.37 1.56 1.96 2.50 3.06 3.44 3.57 3.35 2.90 2.36 1.96 1.72 1.69
 30   1.92 2.36 2.94 3.56 4.06 4.21 4.03 3.56 2.92 2.34 1.80 1.46 1.36 1.47 1.80 2.24 2.74 3.15 3.36 3.32 3.04 2.68 2.32 2.10
 31   2.08 2.27 2.58 3.00 3.48 3.84 3.95 3.72 3.24 2.69 2.20 1.76 1.42 1.28 1.37 1.69 2.18 2.67 3.06 3.34 3.43 3.29 3.03 2.70
 ----------------------------------------------------------------------------------------------------------------------------
                                                                                               
 ----------------------------------------------------------------------------------------------------------------------------
 ----------------------------------------------------------------------------------------------------------------------------
