                                                          SURVEY OF INDIA
                                                    MARINE GEODESY WING (G&RB)
                                                     HOURLY HEIGHTS IN METRES
  NAME OF PORT:- TUTICORIN                                                                          MONTH JANUARY   YEAR 2018
 ----------------------------------------------------------------------------------------------------------------------------
 DAYS 0000 0001 0002 0003 0004 0005 0006 0007 0008 0009 0010 0011 0012 0013 0014 0015 0016 0017 0018 0019 0020 0021 0022 0023
 ----------------------------------------------------------------------------------------------------------------------------
  1   0.98 1.06 1.05 0.96 0.82 0.66 0.52 0.40 0.36 0.37 0.44 0.54 0.66 0.74 0.77 0.76 0.69 0.54 0.42 0.36 0.36 0.43 0.56 0.75
  2   0.92 1.06 1.10 1.08 0.99 0.84 0.64 0.49 0.40 0.36 0.36 0.39 0.46 0.57 0.68 0.73 0.72 0.66 0.54 0.42 0.36 0.36 0.43 0.56
  3   0.74 0.90 1.02 1.06 1.03 0.94 0.75 0.58 0.45 0.35 0.30 0.30 0.35 0.47 0.65 0.78 0.79 0.72 0.59 0.45 0.35 0.32 0.36 0.48
  4   0.64 0.82 0.96 1.06 1.08 0.99 0.81 0.64 0.47 0.30 0.26 0.30 0.42 0.57 0.70 0.79 0.82 0.77 0.65 0.52 0.40 0.33 0.33 0.39
  5   0.52 0.68 0.82 0.93 0.98 0.94 0.82 0.64 0.46 0.32 0.26 0.26 0.33 0.47 0.60 0.72 0.80 0.82 0.76 0.64 0.50 0.38 0.31 0.32
  6   0.42 0.58 0.73 0.84 0.90 0.90 0.85 0.73 0.59 0.44 0.34 0.31 0.34 0.43 0.56 0.69 0.80 0.83 0.81 0.73 0.63 0.52 0.44 0.43
  7   0.49 0.58 0.67 0.77 0.86 0.91 0.90 0.81 0.66 0.52 0.38 0.30 0.30 0.37 0.49 0.62 0.74 0.82 0.84 0.80 0.72 0.63 0.56 0.53
  8   0.53 0.55 0.61 0.68 0.74 0.78 0.80 0.78 0.70 0.58 0.45 0.36 0.34 0.37 0.45 0.54 0.64 0.74 0.80 0.81 0.77 0.71 0.64 0.57
  9   0.54 0.54 0.57 0.62 0.68 0.72 0.74 0.73 0.69 0.61 0.46 0.35 0.32 0.34 0.39 0.46 0.55 0.63 0.71 0.75 0.75 0.71 0.64 0.56
 10   0.49 0.46 0.46 0.48 0.52 0.57 0.61 0.62 0.60 0.55 0.49 0.43 0.38 0.35 0.35 0.38 0.45 0.54 0.63 0.71 0.76 0.78 0.77 0.73
 11   0.65 0.58 0.54 0.53 0.55 0.60 0.64 0.66 0.66 0.64 0.60 0.56 0.52 0.49 0.47 0.47 0.49 0.53 0.59 0.65 0.72 0.79 0.85 0.87
 12   0.85 0.80 0.73 0.66 0.60 0.56 0.54 0.54 0.56 0.60 0.64 0.66 0.65 0.61 0.56 0.51 0.47 0.46 0.48 0.53 0.61 0.70 0.80 0.87
 13   0.90 0.88 0.81 0.71 0.61 0.53 0.49 0.48 0.49 0.53 0.58 0.62 0.64 0.63 0.59 0.53 0.47 0.42 0.40 0.42 0.50 0.60 0.70 0.80
 14   0.86 0.86 0.80 0.69 0.58 0.49 0.42 0.38 0.37 0.40 0.46 0.53 0.60 0.64 0.64 0.60 0.53 0.47 0.42 0.40 0.42 0.49 0.62 0.74
 15   0.83 0.87 0.86 0.77 0.67 0.55 0.44 0.36 0.34 0.36 0.43 0.53 0.64 0.72 0.76 0.73 0.64 0.53 0.43 0.38 0.39 0.46 0.61 0.77
 16   0.90 0.99 1.00 0.92 0.80 0.66 0.52 0.41 0.35 0.34 0.38 0.48 0.60 0.70 0.76 0.76 0.69 0.58 0.46 0.35 0.32 0.36 0.46 0.60
 17   0.74 0.89 0.98 0.98 0.90 0.77 0.60 0.46 0.36 0.32 0.33 0.41 0.52 0.63 0.72 0.76 0.73 0.63 0.51 0.40 0.35 0.38 0.48 0.61
 18   0.75 0.90 1.01 1.02 0.96 0.82 0.66 0.48 0.34 0.28 0.29 0.38 0.49 0.61 0.73 0.82 0.83 0.76 0.64 0.51 0.40 0.34 0.35 0.45
 19   0.59 0.75 0.90 0.96 0.95 0.85 0.70 0.53 0.38 0.27 0.25 0.29 0.41 0.55 0.68 0.77 0.80 0.74 0.61 0.47 0.34 0.26 0.26 0.36
 20   0.49 0.64 0.78 0.87 0.89 0.83 0.70 0.51 0.36 0.25 0.20 0.22 0.30 0.43 0.57 0.70 0.73 0.70 0.61 0.48 0.37 0.27 0.23 0.26
 21   0.38 0.53 0.67 0.79 0.83 0.81 0.69 0.53 0.38 0.25 0.17 0.17 0.24 0.36 0.49 0.64 0.74 0.75 0.70 0.61 0.50 0.39 0.32 0.32
 22   0.40 0.55 0.70 0.83 0.91 0.92 0.86 0.75 0.61 0.48 0.39 0.36 0.39 0.47 0.59 0.71 0.81 0.87 0.87 0.81 0.71 0.61 0.51 0.48
 23   0.51 0.59 0.69 0.80 0.88 0.90 0.88 0.79 0.66 0.53 0.42 0.37 0.37 0.43 0.54 0.67 0.80 0.88 0.90 0.88 0.81 0.71 0.61 0.56
 24   0.55 0.58 0.66 0.76 0.85 0.90 0.89 0.82 0.72 0.60 0.50 0.44 0.42 0.44 0.50 0.58 0.67 0.76 0.83 0.86 0.85 0.79 0.68 0.58
 25   0.54 0.54 0.58 0.64 0.70 0.74 0.76 0.75 0.70 0.60 0.50 0.44 0.42 0.43 0.46 0.50 0.55 0.61 0.67 0.73 0.79 0.83 0.83 0.78
 26   0.70 0.63 0.60 0.60 0.62 0.66 0.70 0.71 0.69 0.64 0.58 0.52 0.46 0.41 0.39 0.39 0.41 0.46 0.54 0.62 0.70 0.78 0.83 0.84
 27   0.80 0.73 0.66 0.61 0.58 0.57 0.57 0.59 0.62 0.65 0.66 0.63 0.55 0.49 0.46 0.46 0.48 0.53 0.59 0.66 0.74 0.81 0.87 0.89
 28   0.87 0.80 0.72 0.65 0.58 0.52 0.49 0.48 0.49 0.52 0.55 0.57 0.58 0.58 0.56 0.53 0.49 0.46 0.45 0.47 0.53 0.63 0.75 0.86
 29   0.90 0.88 0.79 0.68 0.57 0.47 0.40 0.37 0.37 0.40 0.47 0.55 0.61 0.63 0.61 0.56 0.51 0.46 0.41 0.39 0.41 0.51 0.66 0.80
 30   0.92 0.95 0.94 0.86 0.73 0.60 0.48 0.40 0.37 0.38 0.43 0.51 0.60 0.67 0.69 0.66 0.57 0.48 0.39 0.33 0.33 0.41 0.56 0.72
 31   0.87 0.98 1.01 0.97 0.86 0.71 0.55 0.41 0.33 0.31 0.34 0.43 0.57 0.70 0.78 0.78 0.70 0.57 0.42 0.32 0.28 0.30 0.39 0.55
 ----------------------------------------------------------------------------------------------------------------------------
                                                                                               
 ----------------------------------------------------------------------------------------------------------------------------
 ----------------------------------------------------------------------------------------------------------------------------
                                                          SURVEY OF INDIA
                                                    MARINE GEODESY WING (G&RB)
                                                     HOURLY HEIGHTS IN METRES
  NAME OF PORT:- TUTICORIN                                                                          MONTH FEBRUARY  YEAR 2018
 ----------------------------------------------------------------------------------------------------------------------------
 DAYS 0000 0001 0002 0003 0004 0005 0006 0007 0008 0009 0010 0011 0012 0013 0014 0015 0016 0017 0018 0019 0020 0021 0022 0023
 ----------------------------------------------------------------------------------------------------------------------------
  1   0.71 0.85 0.94 0.97 0.91 0.78 0.59 0.40 0.26 0.23 0.27 0.38 0.53 0.68 0.81 0.84 0.79 0.67 0.53 0.39 0.29 0.27 0.33 0.47
  2   0.63 0.77 0.91 0.98 0.97 0.85 0.65 0.46 0.29 0.22 0.22 0.30 0.43 0.59 0.75 0.85 0.87 0.80 0.67 0.53 0.39 0.29 0.28 0.35
  3   0.50 0.69 0.87 0.97 0.98 0.91 0.75 0.55 0.37 0.24 0.21 0.24 0.37 0.53 0.71 0.86 0.89 0.85 0.74 0.61 0.47 0.36 0.33 0.35
  4   0.44 0.57 0.71 0.84 0.91 0.90 0.77 0.61 0.42 0.24 0.18 0.20 0.31 0.47 0.63 0.78 0.87 0.87 0.80 0.68 0.55 0.42 0.31 0.28
  5   0.32 0.46 0.62 0.76 0.86 0.88 0.83 0.69 0.52 0.35 0.23 0.21 0.25 0.39 0.55 0.70 0.83 0.90 0.89 0.81 0.69 0.56 0.44 0.40
  6   0.42 0.50 0.61 0.73 0.83 0.87 0.85 0.73 0.59 0.43 0.29 0.21 0.22 0.33 0.47 0.61 0.73 0.82 0.86 0.85 0.78 0.66 0.54 0.45
  7   0.43 0.46 0.54 0.64 0.74 0.82 0.83 0.77 0.64 0.50 0.36 0.27 0.27 0.35 0.46 0.57 0.67 0.74 0.77 0.76 0.70 0.61 0.53 0.46
  8   0.43 0.45 0.50 0.56 0.61 0.65 0.66 0.64 0.58 0.49 0.40 0.33 0.30 0.32 0.39 0.49 0.59 0.68 0.75 0.78 0.76 0.70 0.63 0.57
  9   0.53 0.52 0.53 0.55 0.58 0.61 0.64 0.65 0.64 0.60 0.52 0.42 0.34 0.32 0.34 0.41 0.50 0.59 0.66 0.70 0.71 0.70 0.67 0.62
 10   0.58 0.55 0.53 0.52 0.52 0.53 0.55 0.57 0.58 0.57 0.53 0.48 0.44 0.42 0.42 0.43 0.45 0.48 0.51 0.55 0.59 0.63 0.67 0.70
 11   0.70 0.68 0.63 0.57 0.51 0.46 0.41 0.38 0.37 0.37 0.38 0.41 0.45 0.48 0.48 0.44 0.41 0.41 0.43 0.47 0.52 0.57 0.62 0.67
 12   0.70 0.71 0.69 0.61 0.52 0.43 0.35 0.30 0.29 0.31 0.36 0.43 0.50 0.53 0.52 0.46 0.39 0.32 0.28 0.27 0.30 0.40 0.56 0.71
 13   0.81 0.83 0.81 0.72 0.61 0.50 0.39 0.32 0.30 0.33 0.45 0.55 0.63 0.66 0.65 0.59 0.51 0.43 0.37 0.34 0.35 0.42 0.55 0.68
 14   0.83 0.88 0.87 0.79 0.67 0.51 0.38 0.27 0.23 0.24 0.31 0.41 0.53 0.64 0.67 0.63 0.53 0.42 0.32 0.24 0.22 0.26 0.37 0.56
 15   0.71 0.79 0.81 0.77 0.67 0.52 0.37 0.24 0.18 0.17 0.21 0.33 0.45 0.57 0.66 0.68 0.64 0.50 0.37 0.26 0.21 0.21 0.27 0.44
 16   0.63 0.77 0.83 0.83 0.74 0.60 0.45 0.29 0.19 0.17 0.20 0.34 0.49 0.65 0.75 0.77 0.72 0.60 0.45 0.32 0.24 0.23 0.31 0.45
 17   0.60 0.77 0.87 0.89 0.83 0.71 0.53 0.37 0.23 0.19 0.21 0.32 0.47 0.61 0.77 0.86 0.87 0.81 0.68 0.51 0.35 0.28 0.29 0.42
 18   0.58 0.74 0.89 0.95 0.95 0.86 0.68 0.49 0.33 0.25 0.25 0.31 0.43 0.57 0.72 0.86 0.92 0.88 0.76 0.62 0.47 0.35 0.32 0.35
 19   0.47 0.62 0.75 0.86 0.89 0.85 0.70 0.52 0.35 0.24 0.21 0.23 0.33 0.47 0.64 0.79 0.89 0.91 0.85 0.72 0.57 0.41 0.32 0.32
 20   0.42 0.54 0.66 0.79 0.88 0.88 0.79 0.59 0.42 0.29 0.24 0.25 0.31 0.45 0.61 0.77 0.88 0.93 0.89 0.79 0.67 0.54 0.42 0.40
 21   0.44 0.54 0.66 0.77 0.86 0.88 0.82 0.69 0.51 0.36 0.28 0.27 0.31 0.41 0.55 0.69 0.81 0.89 0.89 0.83 0.70 0.55 0.40 0.32
 22   0.33 0.43 0.55 0.67 0.75 0.77 0.74 0.66 0.55 0.43 0.32 0.26 0.27 0.35 0.47 0.60 0.72 0.81 0.86 0.85 0.78 0.68 0.57 0.47
 23   0.43 0.43 0.48 0.58 0.66 0.69 0.67 0.61 0.53 0.44 0.36 0.30 0.28 0.31 0.40 0.51 0.61 0.69 0.75 0.78 0.77 0.72 0.65 0.57
 24   0.51 0.49 0.50 0.54 0.59 0.62 0.63 0.62 0.58 0.52 0.45 0.38 0.35 0.36 0.42 0.49 0.55 0.61 0.67 0.72 0.76 0.77 0.75 0.70
 25   0.64 0.57 0.51 0.48 0.47 0.48 0.51 0.54 0.56 0.56 0.53 0.48 0.43 0.39 0.37 0.37 0.40 0.45 0.51 0.57 0.64 0.71 0.77 0.78
 26   0.76 0.71 0.65 0.58 0.52 0.47 0.44 0.43 0.44 0.48 0.55 0.59 0.58 0.54 0.49 0.44 0.41 0.40 0.41 0.45 0.53 0.62 0.71 0.80
 27   0.85 0.85 0.78 0.66 0.55 0.46 0.39 0.35 0.35 0.40 0.50 0.59 0.65 0.67 0.65 0.59 0.52 0.46 0.42 0.40 0.41 0.48 0.60 0.75
 28   0.86 0.91 0.89 0.81 0.70 0.58 0.46 0.38 0.36 0.41 0.52 0.63 0.73 0.80 0.81 0.77 0.68 0.57 0.46 0.38 0.38 0.47 0.59 0.72
 ----------------------------------------------------------------------------------------------------------------------------
                                                                                              
 ----------------------------------------------------------------------------------------------------------------------------
 ----------------------------------------------------------------------------------------------------------------------------
                                                          SURVEY OF INDIA
                                                    MARINE GEODESY WING (G&RB)
                                                     HOURLY HEIGHTS IN METRES
  NAME OF PORT:- TUTICORIN                                                                          MONTH MARCH     YEAR 2018
 ----------------------------------------------------------------------------------------------------------------------------
 DAYS 0000 0001 0002 0003 0004 0005 0006 0007 0008 0009 0010 0011 0012 0013 0014 0015 0016 0017 0018 0019 0020 0021 0022 0023
 ----------------------------------------------------------------------------------------------------------------------------
  1   0.85 0.92 0.93 0.88 0.77 0.61 0.46 0.35 0.29 0.29 0.37 0.50 0.63 0.75 0.81 0.81 0.73 0.62 0.49 0.38 0.32 0.33 0.41 0.55
  2   0.75 0.88 0.93 0.92 0.83 0.67 0.49 0.30 0.20 0.18 0.23 0.37 0.53 0.71 0.82 0.85 0.80 0.69 0.55 0.39 0.28 0.26 0.32 0.45
  3   0.65 0.81 0.92 0.95 0.90 0.75 0.57 0.37 0.22 0.18 0.21 0.37 0.55 0.73 0.90 0.95 0.93 0.84 0.68 0.48 0.33 0.28 0.29 0.40
  4   0.55 0.73 0.89 0.96 0.95 0.85 0.68 0.50 0.32 0.22 0.22 0.32 0.47 0.67 0.86 0.97 0.99 0.92 0.79 0.63 0.45 0.31 0.26 0.27
  5   0.37 0.58 0.79 0.90 0.93 0.89 0.73 0.55 0.37 0.22 0.18 0.21 0.34 0.52 0.75 0.92 0.99 0.96 0.85 0.70 0.55 0.41 0.35 0.36
  6   0.45 0.57 0.70 0.82 0.89 0.88 0.76 0.60 0.42 0.28 0.20 0.22 0.33 0.50 0.70 0.86 0.95 0.96 0.89 0.77 0.64 0.49 0.35 0.31
  7   0.33 0.42 0.55 0.69 0.77 0.78 0.72 0.59 0.45 0.31 0.21 0.20 0.28 0.41 0.56 0.69 0.79 0.84 0.83 0.74 0.61 0.47 0.36 0.31
  8   0.32 0.40 0.51 0.60 0.65 0.65 0.60 0.51 0.40 0.29 0.21 0.19 0.20 0.27 0.39 0.52 0.64 0.75 0.80 0.79 0.72 0.62 0.51 0.42
  9   0.40 0.42 0.48 0.55 0.61 0.65 0.65 0.61 0.50 0.40 0.32 0.30 0.31 0.36 0.46 0.56 0.65 0.72 0.75 0.74 0.70 0.64 0.57 0.53
 10   0.52 0.53 0.57 0.61 0.64 0.65 0.64 0.60 0.55 0.51 0.47 0.44 0.43 0.44 0.48 0.54 0.60 0.66 0.71 0.73 0.73 0.71 0.67 0.63
 11   0.61 0.61 0.63 0.65 0.66 0.66 0.64 0.60 0.55 0.51 0.50 0.50 0.51 0.53 0.55 0.57 0.59 0.62 0.65 0.68 0.71 0.73 0.74 0.73
 12   0.70 0.66 0.61 0.57 0.53 0.50 0.48 0.47 0.47 0.48 0.51 0.54 0.56 0.57 0.57 0.56 0.54 0.52 0.51 0.52 0.56 0.61 0.67 0.72
 13   0.75 0.74 0.70 0.65 0.59 0.53 0.47 0.44 0.44 0.47 0.53 0.62 0.72 0.78 0.79 0.75 0.65 0.56 0.49 0.48 0.51 0.59 0.67 0.74
 14   0.78 0.78 0.74 0.67 0.59 0.51 0.44 0.41 0.41 0.46 0.56 0.63 0.67 0.68 0.66 0.61 0.55 0.50 0.47 0.47 0.50 0.57 0.65 0.74
 15   0.81 0.83 0.80 0.73 0.64 0.53 0.43 0.36 0.35 0.40 0.51 0.65 0.78 0.88 0.90 0.86 0.77 0.63 0.51 0.41 0.39 0.45 0.57 0.72
 16   0.89 0.97 0.97 0.90 0.78 0.64 0.49 0.37 0.33 0.35 0.43 0.56 0.69 0.80 0.86 0.85 0.76 0.62 0.46 0.32 0.27 0.28 0.38 0.56
 17   0.73 0.86 0.92 0.90 0.78 0.61 0.45 0.31 0.25 0.25 0.33 0.46 0.60 0.73 0.83 0.85 0.79 0.64 0.48 0.33 0.23 0.22 0.31 0.47
 18   0.64 0.82 0.92 0.93 0.86 0.70 0.53 0.38 0.26 0.22 0.25 0.39 0.60 0.79 0.95 1.01 0.97 0.83 0.62 0.45 0.32 0.27 0.32 0.47
 19   0.63 0.78 0.90 0.96 0.95 0.82 0.63 0.47 0.33 0.30 0.35 0.49 0.64 0.80 0.96 1.03 1.00 0.89 0.73 0.55 0.37 0.29 0.30 0.40
 20   0.55 0.73 0.86 0.93 0.92 0.79 0.62 0.44 0.28 0.22 0.24 0.35 0.51 0.68 0.86 0.97 1.00 0.93 0.80 0.64 0.49 0.36 0.33 0.39
 21   0.52 0.67 0.80 0.89 0.91 0.83 0.68 0.50 0.35 0.27 0.25 0.29 0.39 0.56 0.76 0.91 0.97 0.96 0.87 0.71 0.55 0.40 0.32 0.32
 22   0.40 0.52 0.65 0.75 0.81 0.79 0.70 0.57 0.39 0.25 0.20 0.22 0.33 0.49 0.65 0.81 0.90 0.91 0.85 0.75 0.62 0.49 0.37 0.33
 23   0.37 0.47 0.59 0.71 0.78 0.79 0.73 0.60 0.49 0.39 0.33 0.31 0.34 0.43 0.55 0.68 0.82 0.90 0.91 0.84 0.73 0.62 0.51 0.42
 24   0.41 0.45 0.52 0.59 0.65 0.68 0.67 0.61 0.52 0.44 0.38 0.35 0.35 0.39 0.48 0.59 0.69 0.78 0.83 0.83 0.77 0.68 0.59 0.50
 25   0.45 0.45 0.49 0.55 0.60 0.64 0.65 0.64 0.60 0.53 0.46 0.41 0.40 0.42 0.48 0.56 0.63 0.69 0.72 0.73 0.72 0.69 0.65 0.60
 26   0.55 0.51 0.48 0.47 0.47 0.48 0.50 0.54 0.57 0.58 0.57 0.54 0.50 0.47 0.46 0.47 0.50 0.55 0.60 0.65 0.70 0.74 0.76 0.75
 27   0.71 0.65 0.59 0.53 0.48 0.45 0.45 0.47 0.51 0.56 0.60 0.62 0.61 0.58 0.54 0.49 0.46 0.45 0.46 0.50 0.56 0.63 0.71 0.78
 28   0.80 0.78 0.72 0.65 0.57 0.49 0.43 0.41 0.43 0.51 0.63 0.70 0.72 0.71 0.66 0.59 0.51 0.44 0.41 0.42 0.49 0.59 0.72 0.81
 29   0.84 0.82 0.75 0.65 0.54 0.42 0.35 0.34 0.41 0.54 0.67 0.78 0.84 0.85 0.82 0.74 0.63 0.53 0.45 0.42 0.45 0.55 0.68 0.82
 30   0.92 0.96 0.94 0.83 0.67 0.52 0.41 0.35 0.37 0.49 0.67 0.85 0.98 1.04 1.01 0.93 0.81 0.65 0.51 0.44 0.43 0.48 0.61 0.76
 31   0.91 1.00 1.00 0.90 0.75 0.57 0.42 0.32 0.28 0.31 0.43 0.61 0.78 0.91 0.95 0.92 0.81 0.63 0.46 0.32 0.26 0.30 0.42 0.56
 ----------------------------------------------------------------------------------------------------------------------------
                                                                                               
 ----------------------------------------------------------------------------------------------------------------------------
 ----------------------------------------------------------------------------------------------------------------------------
                                                          SURVEY OF INDIA
                                                    MARINE GEODESY WING (G&RB)
                                                     HOURLY HEIGHTS IN METRES
  NAME OF PORT:- TUTICORIN                                                                          MONTH APRIL     YEAR 2018
 ----------------------------------------------------------------------------------------------------------------------------
 DAYS 0000 0001 0002 0003 0004 0005 0006 0007 0008 0009 0010 0011 0012 0013 0014 0015 0016 0017 0018 0019 0020 0021 0022 0023
 ----------------------------------------------------------------------------------------------------------------------------
  1   0.71 0.84 0.89 0.87 0.75 0.57 0.41 0.27 0.22 0.25 0.37 0.52 0.70 0.89 0.98 0.99 0.93 0.75 0.57 0.40 0.28 0.27 0.34 0.47
  2   0.63 0.77 0.87 0.89 0.81 0.65 0.48 0.31 0.20 0.19 0.25 0.39 0.62 0.82 0.95 1.00 0.95 0.83 0.67 0.49 0.32 0.24 0.24 0.33
  3   0.47 0.63 0.78 0.83 0.81 0.72 0.57 0.41 0.28 0.23 0.26 0.38 0.54 0.74 0.90 1.01 1.03 0.99 0.82 0.64 0.46 0.35 0.34 0.40
  4   0.50 0.62 0.73 0.80 0.82 0.78 0.66 0.50 0.34 0.25 0.26 0.37 0.53 0.69 0.85 0.99 1.02 0.99 0.87 0.72 0.56 0.41 0.37 0.40
  5   0.49 0.59 0.70 0.79 0.81 0.77 0.68 0.56 0.42 0.31 0.27 0.31 0.43 0.59 0.74 0.87 0.92 0.91 0.84 0.73 0.58 0.42 0.36 0.35
  6   0.38 0.47 0.59 0.66 0.69 0.69 0.65 0.56 0.43 0.33 0.29 0.29 0.34 0.45 0.59 0.72 0.84 0.89 0.88 0.80 0.68 0.55 0.45 0.42
  7   0.44 0.53 0.64 0.72 0.75 0.74 0.70 0.64 0.58 0.52 0.46 0.43 0.43 0.46 0.55 0.65 0.75 0.83 0.87 0.86 0.80 0.70 0.60 0.53
  8   0.51 0.52 0.56 0.62 0.68 0.73 0.75 0.73 0.68 0.61 0.54 0.51 0.52 0.56 0.62 0.69 0.77 0.84 0.87 0.86 0.82 0.75 0.68 0.61
  9   0.57 0.56 0.56 0.57 0.59 0.62 0.65 0.68 0.69 0.68 0.64 0.58 0.54 0.52 0.52 0.54 0.58 0.63 0.68 0.74 0.79 0.82 0.82 0.77
 10   0.63 0.55 0.51 0.50 0.50 0.51 0.53 0.56 0.59 0.62 0.64 0.65 0.64 0.62 0.60 0.58 0.57 0.58 0.61 0.65 0.70 0.75 0.79 0.80
 11   0.78 0.72 0.65 0.59 0.54 0.51 0.51 0.54 0.58 0.63 0.68 0.72 0.74 0.74 0.72 0.68 0.62 0.59 0.59 0.62 0.68 0.76 0.84 0.91
 12   0.93 0.90 0.82 0.72 0.61 0.52 0.48 0.49 0.56 0.67 0.77 0.86 0.91 0.90 0.83 0.73 0.64 0.57 0.54 0.55 0.62 0.71 0.80 0.88
 13   0.93 0.92 0.86 0.76 0.64 0.52 0.43 0.41 0.45 0.53 0.64 0.77 0.87 0.91 0.88 0.79 0.65 0.52 0.44 0.41 0.43 0.51 0.62 0.75
 14   0.86 0.89 0.85 0.76 0.63 0.51 0.41 0.36 0.39 0.50 0.63 0.75 0.87 0.95 0.95 0.89 0.76 0.62 0.48 0.41 0.40 0.46 0.60 0.75
 15   0.89 0.97 0.98 0.94 0.82 0.66 0.51 0.41 0.38 0.43 0.58 0.73 0.90 1.03 1.07 1.05 0.92 0.76 0.60 0.46 0.38 0.37 0.45 0.60
 16   0.74 0.87 0.92 0.90 0.79 0.63 0.46 0.31 0.24 0.28 0.40 0.55 0.75 0.91 1.01 1.03 0.96 0.77 0.57 0.40 0.31 0.32 0.41 0.53
 17   0.67 0.83 0.92 0.91 0.79 0.64 0.47 0.31 0.20 0.20 0.33 0.52 0.71 0.90 1.02 1.07 1.05 0.91 0.70 0.52 0.37 0.32 0.36 0.48
 18   0.63 0.79 0.90 0.93 0.86 0.71 0.55 0.40 0.31 0.28 0.31 0.42 0.59 0.77 0.95 1.07 1.10 1.06 0.90 0.73 0.53 0.39 0.37 0.44
 19   0.57 0.71 0.86 0.94 0.94 0.87 0.75 0.60 0.45 0.37 0.39 0.51 0.65 0.81 0.96 1.08 1.12 1.09 0.99 0.82 0.65 0.50 0.42 0.42
 20   0.53 0.68 0.80 0.89 0.92 0.89 0.77 0.62 0.49 0.39 0.36 0.40 0.50 0.64 0.81 0.96 1.06 1.08 1.03 0.91 0.77 0.63 0.53 0.50
 21   0.53 0.60 0.69 0.78 0.85 0.87 0.82 0.70 0.58 0.47 0.41 0.41 0.49 0.60 0.72 0.83 0.91 0.95 0.95 0.90 0.80 0.67 0.56 0.48
 22   0.45 0.48 0.54 0.61 0.68 0.72 0.71 0.65 0.56 0.45 0.37 0.35 0.38 0.45 0.54 0.63 0.71 0.78 0.82 0.81 0.75 0.66 0.57 0.49
 23   0.46 0.46 0.49 0.53 0.57 0.61 0.63 0.62 0.58 0.53 0.48 0.46 0.47 0.52 0.58 0.65 0.71 0.77 0.80 0.80 0.77 0.71 0.63 0.55
 24   0.51 0.51 0.54 0.61 0.68 0.72 0.71 0.65 0.56 0.45 0.37 0.35 0.38 0.45 0.54 0.63 0.71 0.78 0.81 0.81 0.78 0.73 0.68 0.64
 25   0.61 0.58 0.55 0.53 0.52 0.51 0.51 0.53 0.57 0.63 0.72 0.75 0.75 0.72 0.68 0.64 0.60 0.57 0.56 0.57 0.61 0.68 0.74 0.78
 26   0.79 0.77 0.71 0.61 0.52 0.45 0.42 0.43 0.49 0.58 0.68 0.77 0.85 0.87 0.84 0.76 0.67 0.58 0.51 0.48 0.49 0.55 0.65 0.77
 27   0.84 0.86 0.83 0.70 0.55 0.42 0.33 0.30 0.32 0.45 0.61 0.74 0.86 0.91 0.89 0.79 0.67 0.53 0.43 0.38 0.37 0.42 0.55 0.70
 28   0.81 0.87 0.86 0.76 0.60 0.44 0.31 0.28 0.32 0.45 0.59 0.74 0.89 0.97 0.97 0.90 0.78 0.64 0.49 0.40 0.36 0.38 0.47 0.62
 29   0.76 0.88 0.90 0.84 0.69 0.54 0.39 0.29 0.28 0.34 0.48 0.64 0.85 0.98 1.02 1.00 0.92 0.76 0.58 0.44 0.37 0.37 0.44 0.56
 30   0.69 0.82 0.91 0.90 0.77 0.62 0.46 0.34 0.28 0.29 0.41 0.60 0.78 0.96 1.06 1.06 0.96 0.78 0.61 0.44 0.32 0.30 0.36 0.48
 ----------------------------------------------------------------------------------------------------------------------------
                                                                                               
 ----------------------------------------------------------------------------------------------------------------------------
 ----------------------------------------------------------------------------------------------------------------------------
                                                          SURVEY OF INDIA
                                                    MARINE GEODESY WING (G&RB)
                                                     HOURLY HEIGHTS IN METRES
  NAME OF PORT:- TUTICORIN                                                                          MONTH MAY       YEAR 2018
 ----------------------------------------------------------------------------------------------------------------------------
 DAYS 0000 0001 0002 0003 0004 0005 0006 0007 0008 0009 0010 0011 0012 0013 0014 0015 0016 0017 0018 0019 0020 0021 0022 0023
 ----------------------------------------------------------------------------------------------------------------------------
  1   0.60 0.74 0.84 0.85 0.78 0.63 0.46 0.30 0.22 0.22 0.31 0.48 0.65 0.82 0.95 1.01 1.00 0.85 0.67 0.49 0.34 0.28 0.30 0.38
  2   0.50 0.65 0.77 0.81 0.78 0.68 0.55 0.39 0.28 0.26 0.30 0.48 0.66 0.82 0.95 1.04 1.05 0.94 0.78 0.62 0.44 0.31 0.29 0.35
  3   0.50 0.66 0.78 0.82 0.80 0.71 0.58 0.45 0.32 0.25 0.27 0.40 0.54 0.70 0.86 0.98 1.04 1.00 0.90 0.73 0.57 0.45 0.39 0.39
  4   0.46 0.58 0.71 0.80 0.82 0.77 0.68 0.56 0.44 0.35 0.34 0.41 0.53 0.68 0.82 0.94 0.98 0.94 0.83 0.72 0.60 0.48 0.40 0.40
  5   0.45 0.54 0.64 0.72 0.76 0.73 0.65 0.54 0.44 0.35 0.32 0.36 0.46 0.58 0.70 0.80 0.87 0.88 0.84 0.70 0.56 0.45 0.37 0.36
  6   0.41 0.50 0.60 0.69 0.73 0.72 0.67 0.60 0.51 0.43 0.38 0.38 0.46 0.56 0.66 0.76 0.84 0.87 0.85 0.77 0.64 0.53 0.45 0.42
  7   0.43 0.48 0.54 0.60 0.64 0.66 0.64 0.59 0.53 0.46 0.40 0.37 0.38 0.42 0.50 0.60 0.68 0.72 0.71 0.67 0.60 0.52 0.45 0.40
  8   0.39 0.41 0.45 0.49 0.52 0.54 0.54 0.53 0.51 0.49 0.47 0.45 0.45 0.48 0.53 0.59 0.66 0.73 0.79 0.82 0.81 0.76 0.68 0.59
  9   0.51 0.47 0.46 0.47 0.50 0.54 0.58 0.61 0.64 0.66 0.67 0.67 0.66 0.64 0.63 0.63 0.65 0.70 0.74 0.76 0.77 0.76 0.74 0.70
 10   0.66 0.62 0.58 0.54 0.52 0.52 0.54 0.58 0.63 0.69 0.74 0.78 0.79 0.78 0.75 0.69 0.64 0.62 0.62 0.65 0.71 0.78 0.84 0.86
 11   0.85 0.80 0.73 0.65 0.57 0.52 0.51 0.53 0.60 0.68 0.77 0.85 0.89 0.88 0.82 0.74 0.66 0.59 0.56 0.57 0.61 0.67 0.74 0.80
 12   0.83 0.81 0.73 0.64 0.55 0.46 0.42 0.43 0.50 0.60 0.70 0.82 0.91 0.92 0.85 0.74 0.63 0.54 0.47 0.46 0.50 0.61 0.72 0.81
 13   0.85 0.85 0.80 0.66 0.52 0.42 0.37 0.36 0.41 0.50 0.65 0.83 0.94 0.98 0.95 0.85 0.68 0.53 0.41 0.36 0.37 0.44 0.55 0.68
 14   0.78 0.82 0.79 0.68 0.54 0.42 0.31 0.28 0.32 0.44 0.62 0.80 0.94 1.03 1.06 1.03 0.91 0.74 0.60 0.50 0.46 0.49 0.60 0.74
 15   0.87 0.96 0.98 0.92 0.81 0.67 0.52 0.41 0.38 0.43 0.57 0.75 0.94 1.08 1.16 1.14 1.03 0.87 0.70 0.55 0.44 0.42 0.48 0.59
 16   0.72 0.85 0.91 0.89 0.80 0.68 0.54 0.40 0.34 0.36 0.47 0.64 0.83 1.04 1.16 1.18 1.12 1.00 0.82 0.66 0.51 0.44 0.42 0.46
 17   0.58 0.80 0.92 0.95 0.89 0.77 0.61 0.45 0.37 0.36 0.41 0.54 0.70 0.85 1.00 1.12 1.14 1.05 0.89 0.72 0.57 0.44 0.40 0.40
 18   0.46 0.61 0.74 0.81 0.81 0.77 0.66 0.50 0.38 0.32 0.34 0.45 0.61 0.78 0.94 1.06 1.11 1.08 0.96 0.77 0.60 0.47 0.40 0.39
 19   0.46 0.58 0.71 0.83 0.86 0.83 0.72 0.59 0.46 0.36 0.34 0.40 0.53 0.68 0.83 0.96 1.02 1.02 0.98 0.88 0.73 0.57 0.47 0.44
 20   0.46 0.55 0.66 0.76 0.81 0.82 0.79 0.68 0.56 0.48 0.45 0.46 0.52 0.63 0.74 0.86 0.95 0.99 0.98 0.91 0.79 0.66 0.56 0.51
 21   0.50 0.51 0.55 0.62 0.70 0.76 0.77 0.73 0.65 0.55 0.47 0.45 0.48 0.56 0.65 0.73 0.80 0.85 0.88 0.87 0.82 0.70 0.58 0.50
 22   0.47 0.48 0.51 0.55 0.60 0.65 0.70 0.73 0.73 0.69 0.61 0.54 0.52 0.56 0.62 0.69 0.76 0.83 0.89 0.90 0.86 0.80 0.72 0.64
 23   0.57 0.53 0.52 0.54 0.58 0.63 0.69 0.74 0.78 0.79 0.76 0.70 0.66 0.64 0.64 0.65 0.67 0.70 0.74 0.77 0.78 0.77 0.73 0.68
 24   0.63 0.58 0.54 0.51 0.50 0.52 0.58 0.65 0.72 0.78 0.80 0.80 0.78 0.74 0.69 0.65 0.62 0.61 0.62 0.64 0.67 0.72 0.77 0.78
 25   0.75 0.68 0.60 0.52 0.48 0.47 0.49 0.55 0.64 0.74 0.83 0.91 0.93 0.91 0.85 0.78 0.71 0.65 0.62 0.62 0.65 0.72 0.79 0.85
 26   0.85 0.80 0.71 0.60 0.50 0.43 0.40 0.42 0.50 0.61 0.74 0.88 0.97 0.98 0.94 0.85 0.75 0.65 0.57 0.53 0.54 0.58 0.66 0.76
 27   0.81 0.81 0.75 0.64 0.51 0.39 0.32 0.32 0.39 0.50 0.64 0.78 0.88 0.94 0.93 0.83 0.69 0.57 0.48 0.41 0.38 0.41 0.48 0.58
 28   0.69 0.77 0.77 0.71 0.60 0.49 0.38 0.32 0.33 0.46 0.63 0.79 0.91 1.00 1.03 0.97 0.82 0.67 0.53 0.42 0.38 0.39 0.46 0.59
 29   0.70 0.79 0.80 0.72 0.60 0.49 0.38 0.30 0.30 0.38 0.54 0.69 0.85 0.99 1.05 1.01 0.87 0.71 0.57 0.45 0.40 0.40 0.45 0.54
 30   0.65 0.76 0.85 0.85 0.76 0.64 0.49 0.37 0.34 0.39 0.50 0.64 0.81 0.94 1.03 1.05 0.97 0.84 0.67 0.51 0.41 0.39 0.41 0.49
 31   0.61 0.73 0.82 0.83 0.75 0.64 0.51 0.38 0.30 0.30 0.39 0.55 0.71 0.86 0.96 1.01 0.98 0.88 0.71 0.54 0.41 0.33 0.33 0.39
 ----------------------------------------------------------------------------------------------------------------------------
                                                                                               
 ----------------------------------------------------------------------------------------------------------------------------
 ----------------------------------------------------------------------------------------------------------------------------
                                                          SURVEY OF INDIA
                                                    MARINE GEODESY WING (G&RB)
                                                     HOURLY HEIGHTS IN METRES
  NAME OF PORT:- TUTICORIN                                                                          MONTH JUNE      YEAR 2018
 ----------------------------------------------------------------------------------------------------------------------------
 DAYS 0000 0001 0002 0003 0004 0005 0006 0007 0008 0009 0010 0011 0012 0013 0014 0015 0016 0017 0018 0019 0020 0021 0022 0023
 ----------------------------------------------------------------------------------------------------------------------------
  1   0.50 0.61 0.71 0.76 0.74 0.67 0.55 0.42 0.31 0.27 0.33 0.45 0.60 0.75 0.90 0.98 0.97 0.90 0.77 0.60 0.43 0.31 0.27 0.30
  2   0.40 0.51 0.62 0.68 0.68 0.64 0.54 0.42 0.31 0.23 0.23 0.32 0.46 0.62 0.78 0.89 0.93 0.91 0.81 0.65 0.50 0.36 0.28 0.27
  3   0.32 0.44 0.55 0.63 0.67 0.66 0.61 0.53 0.43 0.34 0.31 0.34 0.48 0.61 0.73 0.83 0.90 0.90 0.84 0.73 0.59 0.45 0.34 0.30
  4   0.32 0.41 0.53 0.64 0.70 0.70 0.66 0.59 0.50 0.42 0.37 0.37 0.44 0.55 0.66 0.76 0.85 0.89 0.87 0.78 0.66 0.54 0.44 0.38
  5   0.37 0.40 0.47 0.54 0.61 0.66 0.66 0.62 0.57 0.51 0.46 0.44 0.46 0.52 0.60 0.68 0.76 0.82 0.84 0.80 0.70 0.59 0.49 0.40
  6   0.37 0.38 0.43 0.49 0.55 0.59 0.61 0.61 0.59 0.55 0.50 0.48 0.48 0.50 0.55 0.62 0.69 0.75 0.77 0.75 0.69 0.62 0.54 0.45
  7   0.39 0.37 0.37 0.40 0.44 0.48 0.52 0.55 0.58 0.60 0.60 0.58 0.54 0.51 0.50 0.51 0.54 0.58 0.63 0.67 0.68 0.65 0.58 0.50
  8   0.44 0.40 0.38 0.38 0.40 0.44 0.50 0.60 0.74 0.78 0.77 0.71 0.63 0.57 0.52 0.50 0.50 0.52 0.57 0.62 0.67 0.70 0.71 0.69
  9   0.64 0.57 0.51 0.45 0.41 0.40 0.42 0.48 0.56 0.65 0.72 0.75 0.75 0.71 0.64 0.56 0.51 0.49 0.49 0.51 0.55 0.59 0.63 0.66
 10   0.66 0.63 0.56 0.48 0.41 0.37 0.36 0.39 0.46 0.58 0.69 0.80 0.85 0.84 0.74 0.63 0.53 0.46 0.44 0.45 0.48 0.52 0.58 0.64
 11   0.67 0.66 0.60 0.50 0.39 0.31 0.29 0.31 0.40 0.53 0.69 0.84 0.89 0.89 0.84 0.70 0.55 0.43 0.35 0.32 0.35 0.44 0.56 0.66
 12   0.72 0.72 0.65 0.54 0.41 0.30 0.27 0.29 0.37 0.50 0.65 0.81 0.93 0.98 0.95 0.84 0.70 0.55 0.43 0.35 0.33 0.37 0.47 0.59
 13   0.72 0.76 0.74 0.66 0.52 0.37 0.30 0.28 0.31 0.40 0.56 0.72 0.89 1.02 1.07 1.02 0.89 0.72 0.53 0.38 0.30 0.28 0.30 0.38
 14   0.56 0.67 0.72 0.71 0.62 0.48 0.33 0.24 0.22 0.25 0.40 0.60 0.78 0.94 1.06 1.07 0.95 0.80 0.66 0.52 0.40 0.32 0.31 0.38
 15   0.51 0.66 0.74 0.76 0.71 0.58 0.44 0.33 0.26 0.26 0.34 0.48 0.64 0.80 0.95 1.02 0.99 0.89 0.73 0.56 0.39 0.28 0.24 0.27
 16   0.39 0.52 0.65 0.72 0.70 0.62 0.50 0.37 0.26 0.22 0.26 0.35 0.48 0.65 0.81 0.93 0.93 0.85 0.69 0.53 0.38 0.26 0.20 0.20
 17   0.28 0.40 0.54 0.63 0.66 0.62 0.53 0.43 0.33 0.25 0.23 0.27 0.38 0.53 0.69 0.81 0.89 0.92 0.87 0.73 0.57 0.42 0.30 0.24
 18   0.25 0.35 0.47 0.59 0.67 0.70 0.68 0.62 0.52 0.42 0.38 0.38 0.43 0.52 0.64 0.77 0.87 0.91 0.90 0.84 0.72 0.55 0.42 0.34
 19   0.32 0.37 0.47 0.57 0.67 0.74 0.76 0.72 0.65 0.56 0.47 0.42 0.43 0.50 0.59 0.67 0.75 0.81 0.82 0.78 0.70 0.59 0.47 0.37
 20   0.33 0.33 0.37 0.44 0.52 0.60 0.66 0.69 0.67 0.61 0.54 0.47 0.43 0.43 0.47 0.53 0.60 0.66 0.69 0.69 0.65 0.58 0.50 0.40
 21   0.31 0.28 0.28 0.32 0.39 0.47 0.55 0.62 0.66 0.66 0.62 0.56 0.50 0.48 0.48 0.50 0.54 0.60 0.65 0.67 0.66 0.62 0.55 0.47
 22   0.40 0.35 0.33 0.34 0.38 0.44 0.51 0.58 0.64 0.69 0.71 0.69 0.65 0.60 0.55 0.52 0.51 0.51 0.53 0.56 0.60 0.63 0.64 0.62
 23   0.55 0.45 0.38 0.34 0.34 0.38 0.46 0.55 0.64 0.73 0.80 0.83 0.81 0.75 0.67 0.58 0.52 0.50 0.50 0.53 0.57 0.61 0.65 0.66
 24   0.62 0.55 0.46 0.38 0.34 0.34 0.38 0.45 0.53 0.62 0.72 0.79 0.81 0.79 0.73 0.66 0.59 0.52 0.46 0.44 0.45 0.49 0.55 0.60
 25   0.63 0.61 0.55 0.46 0.36 0.29 0.28 0.32 0.40 0.53 0.67 0.79 0.88 0.88 0.81 0.70 0.59 0.50 0.43 0.40 0.40 0.44 0.51 0.60
 26   0.65 0.66 0.62 0.54 0.44 0.34 0.28 0.29 0.36 0.47 0.61 0.75 0.85 0.89 0.87 0.76 0.61 0.48 0.37 0.29 0.25 0.26 0.32 0.45
 27   0.65 0.70 0.67 0.57 0.44 0.32 0.24 0.22 0.24 0.33 0.50 0.65 0.78 0.88 0.90 0.82 0.70 0.57 0.43 0.32 0.28 0.28 0.33 0.42
 28   0.53 0.62 0.66 0.63 0.55 0.45 0.33 0.25 0.24 0.30 0.41 0.56 0.72 0.87 0.95 0.92 0.81 0.66 0.51 0.37 0.28 0.26 0.28 0.37
 29   0.50 0.61 0.70 0.71 0.65 0.55 0.43 0.30 0.23 0.23 0.32 0.48 0.64 0.79 0.90 0.93 0.87 0.74 0.59 0.44 0.29 0.20 0.18 0.23
 30   0.37 0.52 0.63 0.68 0.67 0.60 0.49 0.37 0.27 0.23 0.28 0.41 0.57 0.74 0.90 0.96 0.95 0.87 0.72 0.55 0.40 0.31 0.28 0.30
 ----------------------------------------------------------------------------------------------------------------------------
                                                                                               
 ----------------------------------------------------------------------------------------------------------------------------
 ----------------------------------------------------------------------------------------------------------------------------
                                                          SURVEY OF INDIA
                                                    MARINE GEODESY WING (G&RB)
                                                     HOURLY HEIGHTS IN METRES
  NAME OF PORT:- TUTICORIN                                                                          MONTH JULY      YEAR 2018
 ----------------------------------------------------------------------------------------------------------------------------
 DAYS 0000 0001 0002 0003 0004 0005 0006 0007 0008 0009 0010 0011 0012 0013 0014 0015 0016 0017 0018 0019 0020 0021 0022 0023
 ----------------------------------------------------------------------------------------------------------------------------
  1   0.40 0.54 0.66 0.72 0.72 0.66 0.56 0.43 0.31 0.26 0.30 0.40 0.52 0.66 0.80 0.89 0.92 0.88 0.78 0.62 0.46 0.30 0.22 0.21
  2   0.28 0.44 0.58 0.67 0.69 0.66 0.58 0.48 0.37 0.29 0.28 0.34 0.48 0.64 0.78 0.90 0.96 0.94 0.86 0.73 0.60 0.47 0.36 0.32
  3   0.34 0.42 0.52 0.62 0.70 0.74 0.73 0.66 0.54 0.41 0.33 0.34 0.41 0.52 0.64 0.74 0.82 0.86 0.82 0.71 0.57 0.42 0.28 0.25
  4   0.27 0.36 0.46 0.56 0.64 0.70 0.70 0.66 0.59 0.50 0.42 0.38 0.39 0.47 0.58 0.71 0.80 0.84 0.82 0.75 0.64 0.54 0.44 0.36
  5   0.34 0.36 0.42 0.50 0.58 0.64 0.67 0.66 0.62 0.56 0.49 0.44 0.44 0.49 0.56 0.64 0.71 0.76 0.78 0.75 0.67 0.56 0.44 0.34
  6   0.30 0.32 0.40 0.48 0.55 0.61 0.66 0.68 0.68 0.66 0.62 0.57 0.53 0.51 0.52 0.57 0.64 0.72 0.76 0.75 0.70 0.61 0.52 0.44
  7   0.38 0.36 0.36 0.39 0.45 0.51 0.57 0.62 0.67 0.70 0.70 0.65 0.58 0.53 0.52 0.53 0.56 0.60 0.64 0.68 0.69 0.68 0.63 0.55
  8   0.48 0.44 0.42 0.42 0.44 0.48 0.54 0.60 0.67 0.74 0.78 0.78 0.74 0.68 0.62 0.56 0.52 0.51 0.53 0.56 0.59 0.62 0.63 0.60
  9   0.52 0.45 0.40 0.38 0.38 0.39 0.43 0.49 0.58 0.67 0.75 0.78 0.78 0.74 0.66 0.56 0.46 0.39 0.36 0.36 0.38 0.42 0.48 0.55
 10   0.56 0.51 0.44 0.37 0.30 0.25 0.24 0.28 0.36 0.48 0.65 0.78 0.81 0.80 0.72 0.58 0.46 0.37 0.30 0.27 0.28 0.34 0.41 0.48
 11   0.50 0.48 0.42 0.34 0.26 0.20 0.20 0.24 0.32 0.42 0.55 0.66 0.76 0.82 0.81 0.68 0.55 0.42 0.31 0.22 0.20 0.23 0.30 0.40
 12   0.50 0.56 0.55 0.48 0.38 0.28 0.20 0.18 0.20 0.28 0.42 0.58 0.72 0.84 0.88 0.82 0.68 0.54 0.40 0.26 0.18 0.17 0.22 0.36
 13   0.50 0.58 0.60 0.57 0.48 0.36 0.26 0.18 0.16 0.20 0.32 0.48 0.64 0.80 0.90 0.90 0.80 0.64 0.46 0.32 0.22 0.20 0.22 0.32
 14   0.44 0.56 0.65 0.68 0.60 0.48 0.36 0.27 0.23 0.23 0.28 0.38 0.54 0.72 0.89 0.94 0.90 0.77 0.61 0.44 0.28 0.18 0.16 0.20
 15   0.34 0.48 0.62 0.70 0.70 0.60 0.45 0.32 0.24 0.20 0.21 0.30 0.43 0.58 0.72 0.84 0.89 0.84 0.70 0.54 0.36 0.25 0.21 0.22
 16   0.29 0.44 0.58 0.70 0.74 0.70 0.58 0.44 0.32 0.24 0.22 0.26 0.34 0.46 0.58 0.71 0.80 0.82 0.76 0.58 0.40 0.27 0.20 0.18
 17   0.19 0.24 0.38 0.52 0.58 0.58 0.54 0.45 0.35 0.25 0.20 0.20 0.24 0.32 0.44 0.56 0.68 0.73 0.71 0.60 0.46 0.33 0.24 0.20
 18   0.20 0.24 0.32 0.44 0.56 0.66 0.67 0.59 0.47 0.35 0.25 0.22 0.25 0.32 0.41 0.50 0.60 0.68 0.70 0.66 0.53 0.38 0.28 0.22
 19   0.22 0.26 0.32 0.41 0.52 0.62 0.68 0.68 0.62 0.52 0.41 0.33 0.30 0.32 0.38 0.47 0.56 0.64 0.66 0.62 0.54 0.44 0.34 0.26
 20   0.20 0.19 0.22 0.30 0.40 0.49 0.56 0.61 0.62 0.59 0.53 0.46 0.41 0.38 0.38 0.41 0.45 0.50 0.55 0.56 0.53 0.46 0.38 0.30
 21   0.23 0.20 0.20 0.23 0.30 0.38 0.46 0.54 0.60 0.61 0.58 0.50 0.43 0.39 0.37 0.37 0.39 0.43 0.48 0.52 0.54 0.52 0.46 0.38
 22   0.31 0.27 0.26 0.27 0.31 0.36 0.42 0.49 0.56 0.62 0.64 0.62 0.58 0.54 0.50 0.46 0.42 0.40 0.40 0.42 0.44 0.46 0.48 0.48
 23   0.45 0.41 0.36 0.32 0.30 0.30 0.32 0.38 0.46 0.54 0.64 0.70 0.72 0.70 0.64 0.58 0.52 0.46 0.41 0.40 0.42 0.46 0.50 0.54
 24   0.56 0.54 0.47 0.40 0.35 0.34 0.36 0.41 0.48 0.58 0.68 0.76 0.80 0.78 0.71 0.62 0.52 0.43 0.36 0.32 0.32 0.37 0.45 0.55
 25   0.60 0.58 0.51 0.42 0.34 0.28 0.27 0.30 0.38 0.48 0.60 0.72 0.81 0.84 0.82 0.74 0.62 0.50 0.40 0.33 0.30 0.32 0.38 0.46
 26   0.55 0.61 0.60 0.50 0.38 0.28 0.21 0.20 0.24 0.33 0.44 0.58 0.70 0.78 0.80 0.74 0.62 0.48 0.35 0.26 0.21 0.20 0.24 0.32
 27   0.44 0.54 0.58 0.54 0.44 0.34 0.26 0.22 0.22 0.26 0.35 0.50 0.64 0.76 0.81 0.79 0.69 0.54 0.38 0.28 0.23 0.22 0.24 0.30
 28   0.41 0.52 0.58 0.57 0.50 0.38 0.28 0.20 0.17 0.20 0.30 0.46 0.63 0.78 0.87 0.88 0.82 0.68 0.52 0.36 0.24 0.20 0.22 0.30
 29   0.42 0.54 0.64 0.68 0.66 0.57 0.44 0.32 0.25 0.24 0.28 0.40 0.57 0.74 0.88 0.96 0.94 0.83 0.64 0.46 0.31 0.24 0.22 0.25
 30   0.35 0.50 0.64 0.72 0.72 0.65 0.52 0.37 0.24 0.20 0.23 0.33 0.46 0.61 0.76 0.85 0.86 0.80 0.66 0.50 0.34 0.22 0.18 0.20
 31   0.28 0.40 0.56 0.68 0.74 0.70 0.56 0.42 0.30 0.21 0.20 0.26 0.36 0.48 0.63 0.77 0.82 0.78 0.66 0.48 0.32 0.22 0.18 0.17
 ----------------------------------------------------------------------------------------------------------------------------
                                                                                               
 ----------------------------------------------------------------------------------------------------------------------------
 ----------------------------------------------------------------------------------------------------------------------------
                                                          SURVEY OF INDIA
                                                    MARINE GEODESY WING (G&RB)
                                                     HOURLY HEIGHTS IN METRES
  NAME OF PORT:- TUTICORIN                                                                          MONTH AUGUST    YEAR 2018
 ----------------------------------------------------------------------------------------------------------------------------
 DAYS 0000 0001 0002 0003 0004 0005 0006 0007 0008 0009 0010 0011 0012 0013 0014 0015 0016 0017 0018 0019 0020 0021 0022 0023
 ----------------------------------------------------------------------------------------------------------------------------
  1   0.20 0.28 0.41 0.56 0.62 0.62 0.57 0.45 0.31 0.23 0.20 0.21 0.28 0.41 0.55 0.71 0.80 0.80 0.71 0.58 0.42 0.27 0.18 0.15
  2   0.18 0.26 0.39 0.53 0.64 0.68 0.66 0.56 0.44 0.33 0.27 0.26 0.30 0.40 0.53 0.66 0.75 0.76 0.69 0.57 0.45 0.32 0.23 0.21
  3   0.25 0.35 0.46 0.56 0.65 0.72 0.73 0.67 0.57 0.47 0.38 0.34 0.35 0.42 0.52 0.62 0.70 0.74 0.73 0.66 0.55 0.44 0.34 0.28
  4   0.27 0.31 0.40 0.52 0.63 0.72 0.76 0.75 0.69 0.60 0.51 0.44 0.42 0.45 0.51 0.59 0.67 0.74 0.76 0.72 0.64 0.54 0.41 0.30
  5   0.25 0.25 0.31 0.41 0.52 0.60 0.65 0.66 0.65 0.61 0.56 0.51 0.48 0.47 0.48 0.50 0.53 0.57 0.59 0.58 0.54 0.47 0.39 0.31
  6   0.26 0.24 0.25 0.29 0.36 0.44 0.51 0.57 0.60 0.60 0.56 0.51 0.46 0.41 0.37 0.35 0.35 0.37 0.40 0.42 0.43 0.42 0.37 0.29
  7   0.22 0.20 0.20 0.22 0.26 0.31 0.37 0.43 0.49 0.55 0.60 0.62 0.60 0.54 0.47 0.40 0.34 0.30 0.28 0.28 0.31 0.36 0.39 0.39
  8   0.35 0.30 0.25 0.23 0.23 0.25 0.29 0.35 0.42 0.50 0.57 0.64 0.68 0.66 0.58 0.48 0.39 0.31 0.25 0.23 0.24 0.28 0.34 0.41
  9   0.45 0.45 0.40 0.33 0.26 0.22 0.21 0.23 0.29 0.39 0.52 0.65 0.74 0.76 0.72 0.62 0.48 0.34 0.23 0.18 0.18 0.23 0.33 0.45
 10   0.54 0.56 0.52 0.42 0.31 0.23 0.18 0.17 0.20 0.28 0.43 0.58 0.72 0.79 0.80 0.73 0.59 0.43 0.29 0.20 0.18 0.21 0.28 0.39
 11   0.52 0.60 0.61 0.54 0.43 0.32 0.23 0.18 0.18 0.23 0.34 0.50 0.67 0.80 0.87 0.85 0.72 0.56 0.38 0.24 0.16 0.13 0.16 0.26
 12   0.40 0.53 0.63 0.64 0.57 0.45 0.33 0.22 0.16 0.15 0.19 0.34 0.53 0.69 0.82 0.85 0.78 0.63 0.47 0.32 0.21 0.15 0.14 0.20
 13   0.34 0.54 0.69 0.74 0.72 0.61 0.45 0.29 0.19 0.16 0.18 0.26 0.42 0.60 0.76 0.83 0.82 0.69 0.53 0.35 0.21 0.14 0.13 0.18
 14   0.28 0.42 0.58 0.70 0.74 0.71 0.59 0.40 0.26 0.19 0.18 0.22 0.33 0.49 0.66 0.79 0.83 0.79 0.68 0.51 0.32 0.19 0.15 0.16
 15   0.23 0.35 0.52 0.67 0.77 0.78 0.72 0.59 0.45 0.33 0.24 0.22 0.26 0.40 0.54 0.68 0.79 0.83 0.78 0.61 0.42 0.28 0.18 0.14
 16   0.18 0.28 0.40 0.54 0.67 0.73 0.71 0.62 0.49 0.35 0.24 0.22 0.28 0.38 0.50 0.61 0.70 0.72 0.66 0.54 0.40 0.28 0.18 0.15
 17   0.16 0.22 0.34 0.46 0.58 0.68 0.70 0.66 0.56 0.43 0.30 0.25 0.25 0.30 0.37 0.45 0.54 0.61 0.62 0.57 0.48 0.36 0.24 0.18
 18   0.17 0.20 0.27 0.36 0.47 0.58 0.62 0.61 0.54 0.45 0.35 0.26 0.22 0.23 0.30 0.39 0.48 0.55 0.58 0.56 0.49 0.40 0.30 0.21
 19   0.18 0.20 0.26 0.34 0.43 0.52 0.59 0.62 0.62 0.59 0.53 0.47 0.42 0.40 0.41 0.46 0.50 0.52 0.52 0.49 0.44 0.37 0.29 0.23
 20   0.21 0.23 0.28 0.34 0.40 0.46 0.51 0.56 0.60 0.62 0.61 0.55 0.49 0.45 0.44 0.45 0.47 0.49 0.50 0.49 0.46 0.42 0.38 0.34
 21   0.30 0.27 0.25 0.24 0.25 0.28 0.32 0.37 0.42 0.48 0.53 0.57 0.58 0.55 0.50 0.45 0.40 0.35 0.32 0.31 0.33 0.37 0.43 0.49
 22   0.52 0.53 0.51 0.45 0.38 0.33 0.31 0.33 0.41 0.50 0.58 0.65 0.68 0.67 0.62 0.55 0.47 0.39 0.33 0.30 0.30 0.32 0.35 0.39
 23   0.42 0.43 0.42 0.39 0.34 0.28 0.25 0.26 0.32 0.42 0.55 0.68 0.76 0.78 0.74 0.64 0.53 0.43 0.35 0.29 0.25 0.26 0.35 0.45
 24   0.53 0.57 0.56 0.48 0.39 0.31 0.25 0.23 0.27 0.37 0.52 0.66 0.75 0.80 0.79 0.70 0.55 0.42 0.32 0.27 0.26 0.29 0.36 0.47
 25   0.59 0.66 0.66 0.61 0.52 0.41 0.31 0.26 0.29 0.39 0.51 0.65 0.78 0.86 0.88 0.84 0.72 0.56 0.39 0.28 0.24 0.26 0.34 0.45
 26   0.56 0.67 0.74 0.73 0.64 0.50 0.37 0.28 0.25 0.31 0.43 0.58 0.74 0.88 0.93 0.92 0.82 0.64 0.48 0.34 0.25 0.22 0.26 0.40
 27   0.57 0.71 0.80 0.80 0.72 0.58 0.43 0.30 0.23 0.22 0.27 0.40 0.59 0.79 0.93 0.96 0.91 0.75 0.56 0.40 0.27 0.20 0.21 0.30
 28   0.46 0.64 0.78 0.84 0.82 0.72 0.58 0.43 0.28 0.23 0.27 0.43 0.61 0.77 0.90 0.96 0.94 0.83 0.65 0.46 0.29 0.21 0.21 0.28
 29   0.43 0.62 0.76 0.84 0.85 0.79 0.64 0.43 0.27 0.21 0.22 0.32 0.47 0.63 0.78 0.90 0.91 0.83 0.68 0.48 0.31 0.21 0.19 0.24
 30   0.36 0.54 0.71 0.83 0.87 0.85 0.74 0.57 0.41 0.29 0.24 0.29 0.41 0.56 0.72 0.85 0.91 0.90 0.78 0.60 0.42 0.26 0.19 0.20
 31   0.28 0.45 0.61 0.76 0.85 0.85 0.77 0.64 0.49 0.35 0.25 0.26 0.37 0.51 0.66 0.78 0.86 0.88 0.81 0.66 0.48 0.32 0.23 0.22
 ----------------------------------------------------------------------------------------------------------------------------
                                                                                               
 ----------------------------------------------------------------------------------------------------------------------------
 ----------------------------------------------------------------------------------------------------------------------------
                                                          SURVEY OF INDIA
                                                    MARINE GEODESY WING (G&RB)
                                                     HOURLY HEIGHTS IN METRES
  NAME OF PORT:- TUTICORIN                                                                          MONTH SEPT      YEAR 2018
 ----------------------------------------------------------------------------------------------------------------------------
 DAYS 0000 0001 0002 0003 0004 0005 0006 0007 0008 0009 0010 0011 0012 0013 0014 0015 0016 0017 0018 0019 0020 0021 0022 0023
 ----------------------------------------------------------------------------------------------------------------------------
  1   0.28 0.40 0.53 0.66 0.77 0.83 0.82 0.74 0.63 0.50 0.38 0.35 0.40 0.49 0.59 0.70 0.79 0.82 0.78 0.66 0.52 0.38 0.26 0.23
  2   0.26 0.36 0.50 0.65 0.78 0.85 0.86 0.81 0.73 0.64 0.54 0.46 0.44 0.47 0.55 0.64 0.73 0.78 0.78 0.72 0.61 0.47 0.35 0.30
  3   0.31 0.37 0.45 0.54 0.62 0.69 0.74 0.75 0.72 0.64 0.53 0.47 0.46 0.48 0.52 0.57 0.62 0.64 0.64 0.62 0.57 0.50 0.42 0.34
  4   0.32 0.34 0.42 0.50 0.57 0.63 0.68 0.71 0.73 0.72 0.68 0.62 0.59 0.58 0.59 0.62 0.65 0.67 0.68 0.67 0.64 0.59 0.52 0.45
  5   0.41 0.40 0.42 0.46 0.50 0.54 0.58 0.62 0.66 0.70 0.72 0.72 0.70 0.66 0.61 0.56 0.51 0.48 0.47 0.48 0.51 0.55 0.58 0.58
  6   0.56 0.52 0.48 0.44 0.42 0.42 0.44 0.50 0.57 0.65 0.73 0.81 0.84 0.81 0.74 0.64 0.55 0.47 0.42 0.40 0.41 0.45 0.51 0.56
  7   0.59 0.59 0.56 0.51 0.44 0.37 0.34 0.36 0.43 0.53 0.64 0.74 0.82 0.85 0.81 0.71 0.60 0.48 0.36 0.28 0.26 0.32 0.42 0.53
  8   0.62 0.66 0.65 0.59 0.50 0.41 0.34 0.30 0.31 0.40 0.54 0.70 0.84 0.94 0.93 0.84 0.70 0.56 0.41 0.32 0.30 0.34 0.44 0.58
  9   0.72 0.82 0.84 0.78 0.66 0.53 0.41 0.32 0.30 0.35 0.45 0.60 0.76 0.89 0.94 0.92 0.80 0.62 0.44 0.30 0.25 0.26 0.33 0.48
 10   0.64 0.80 0.88 0.87 0.77 0.62 0.46 0.32 0.26 0.26 0.34 0.48 0.66 0.82 0.94 0.95 0.86 0.66 0.46 0.31 0.25 0.25 0.30 0.40
 11   0.55 0.72 0.85 0.89 0.84 0.73 0.55 0.38 0.28 0.24 0.26 0.35 0.54 0.72 0.87 0.94 0.93 0.79 0.59 0.39 0.24 0.18 0.19 0.26
 12   0.40 0.60 0.81 0.92 0.92 0.82 0.66 0.49 0.34 0.28 0.29 0.37 0.50 0.65 0.82 0.94 0.94 0.84 0.68 0.50 0.34 0.22 0.20 0.25
 13   0.38 0.54 0.72 0.85 0.90 0.87 0.76 0.60 0.43 0.28 0.24 0.28 0.42 0.56 0.70 0.81 0.85 0.80 0.69 0.54 0.38 0.24 0.20 0.22
 14   0.32 0.51 0.70 0.84 0.91 0.91 0.83 0.69 0.55 0.42 0.35 0.35 0.41 0.54 0.67 0.78 0.84 0.82 0.74 0.62 0.48 0.34 0.26 0.24
 15   0.30 0.46 0.61 0.74 0.83 0.86 0.82 0.72 0.61 0.50 0.41 0.38 0.40 0.52 0.64 0.74 0.81 0.83 0.79 0.68 0.55 0.42 0.32 0.30
 16   0.36 0.49 0.64 0.76 0.86 0.92 0.92 0.85 0.72 0.60 0.53 0.50 0.50 0.53 0.59 0.67 0.74 0.78 0.78 0.73 0.62 0.50 0.38 0.32
 17   0.32 0.40 0.51 0.62 0.71 0.78 0.82 0.81 0.75 0.67 0.60 0.54 0.50 0.50 0.54 0.62 0.67 0.69 0.68 0.63 0.55 0.46 0.38 0.33
 18   0.32 0.36 0.44 0.52 0.60 0.66 0.70 0.72 0.71 0.68 0.62 0.55 0.50 0.47 0.46 0.47 0.51 0.56 0.60 0.60 0.57 0.50 0.44 0.41
 19   0.42 0.46 0.51 0.55 0.58 0.61 0.63 0.65 0.67 0.69 0.71 0.72 0.71 0.68 0.62 0.55 0.48 0.42 0.40 0.42 0.50 0.59 0.65 0.67
 20   0.65 0.60 0.56 0.53 0.51 0.51 0.52 0.54 0.57 0.62 0.68 0.74 0.76 0.74 0.68 0.59 0.49 0.40 0.36 0.35 0.37 0.43 0.50 0.56
 21   0.59 0.58 0.53 0.48 0.44 0.41 0.40 0.41 0.46 0.53 0.60 0.67 0.73 0.76 0.75 0.68 0.60 0.51 0.42 0.35 0.33 0.38 0.46 0.55
 22   0.64 0.67 0.64 0.57 0.48 0.39 0.32 0.28 0.30 0.42 0.55 0.68 0.76 0.78 0.76 0.69 0.56 0.42 0.32 0.27 0.28 0.34 0.45 0.57
 23   0.68 0.74 0.74 0.67 0.56 0.42 0.30 0.25 0.26 0.32 0.46 0.62 0.75 0.84 0.86 0.80 0.66 0.51 0.39 0.30 0.28 0.30 0.38 0.50
 24   0.63 0.74 0.80 0.78 0.68 0.54 0.39 0.28 0.24 0.28 0.42 0.58 0.74 0.88 0.94 0.91 0.78 0.59 0.40 0.29 0.24 0.25 0.34 0.48
 25   0.66 0.81 0.90 0.89 0.80 0.66 0.51 0.37 0.28 0.30 0.42 0.56 0.72 0.86 0.94 0.94 0.86 0.68 0.48 0.32 0.24 0.24 0.32 0.46
 26   0.64 0.81 0.91 0.94 0.89 0.76 0.60 0.44 0.32 0.28 0.34 0.48 0.66 0.84 0.96 0.98 0.90 0.77 0.61 0.41 0.26 0.22 0.26 0.40
 27   0.60 0.80 0.94 1.00 0.98 0.87 0.70 0.51 0.36 0.30 0.34 0.46 0.60 0.76 0.90 0.98 0.96 0.85 0.68 0.48 0.34 0.26 0.28 0.41
 28   0.58 0.75 0.90 1.01 1.04 0.96 0.82 0.66 0.50 0.38 0.36 0.41 0.53 0.68 0.82 0.91 0.94 0.88 0.76 0.60 0.44 0.31 0.28 0.35
 29   0.50 0.67 0.82 0.95 1.03 1.03 0.94 0.78 0.59 0.43 0.38 0.41 0.52 0.66 0.78 0.88 0.92 0.88 0.76 0.62 0.47 0.35 0.30 0.34
 30   0.48 0.62 0.76 0.88 0.96 0.96 0.88 0.78 0.67 0.57 0.49 0.46 0.50 0.58 0.69 0.80 0.86 0.85 0.78 0.67 0.55 0.43 0.36 0.35
 ----------------------------------------------------------------------------------------------------------------------------
                                                                                               
 ----------------------------------------------------------------------------------------------------------------------------
 ----------------------------------------------------------------------------------------------------------------------------
                                                          SURVEY OF INDIA
                                                    MARINE GEODESY WING (G&RB)
                                                     HOURLY HEIGHTS IN METRES
  NAME OF PORT:- TUTICORIN                                                                          MONTH OCTOBER   YEAR 2018
 ----------------------------------------------------------------------------------------------------------------------------
 DAYS 0000 0001 0002 0003 0004 0005 0006 0007 0008 0009 0010 0011 0012 0013 0014 0015 0016 0017 0018 0019 0020 0021 0022 0023
 ----------------------------------------------------------------------------------------------------------------------------
  1   0.40 0.50 0.60 0.71 0.81 0.89 0.90 0.83 0.72 0.60 0.48 0.43 0.47 0.57 0.67 0.75 0.79 0.79 0.73 0.62 0.52 0.43 0.40 0.42
  2   0.50 0.60 0.70 0.79 0.87 0.93 0.95 0.92 0.82 0.70 0.60 0.56 0.55 0.57 0.61 0.68 0.76 0.81 0.82 0.78 0.69 0.59 0.52 0.51
  3   0.55 0.61 0.68 0.74 0.79 0.83 0.86 0.87 0.85 0.79 0.70 0.60 0.53 0.51 0.52 0.55 0.58 0.61 0.63 0.65 0.67 0.68 0.68 0.66
  4   0.62 0.58 0.56 0.57 0.60 0.64 0.68 0.72 0.76 0.79 0.80 0.79 0.75 0.71 0.67 0.63 0.59 0.56 0.55 0.55 0.57 0.60 0.63 0.66
  5   0.67 0.65 0.62 0.58 0.54 0.53 0.55 0.61 0.68 0.75 0.81 0.84 0.83 0.79 0.72 0.64 0.57 0.51 0.47 0.47 0.51 0.59 0.67 0.75
  6   0.81 0.82 0.78 0.70 0.60 0.52 0.49 0.50 0.56 0.64 0.73 0.82 0.89 0.90 0.87 0.77 0.67 0.57 0.48 0.43 0.43 0.48 0.59 0.75
  7   0.89 0.95 0.93 0.84 0.73 0.63 0.54 0.49 0.49 0.53 0.63 0.75 0.87 0.93 0.91 0.83 0.71 0.55 0.41 0.35 0.35 0.41 0.55 0.70
  8   0.85 0.95 0.97 0.89 0.74 0.59 0.45 0.37 0.35 0.38 0.49 0.67 0.84 0.92 0.93 0.87 0.74 0.57 0.39 0.29 0.27 0.31 0.43 0.61
  9   0.78 0.93 0.98 0.95 0.83 0.65 0.49 0.37 0.30 0.30 0.40 0.58 0.77 0.93 0.98 0.93 0.80 0.62 0.42 0.26 0.20 0.22 0.34 0.54
 10   0.73 0.90 1.00 1.02 0.94 0.78 0.58 0.41 0.30 0.28 0.35 0.48 0.64 0.81 0.92 0.94 0.88 0.76 0.58 0.36 0.22 0.21 0.32 0.50
 11   0.72 0.91 1.02 1.06 1.02 0.90 0.72 0.52 0.38 0.32 0.34 0.44 0.60 0.76 0.90 0.96 0.94 0.84 0.66 0.48 0.32 0.25 0.29 0.42
 12   0.60 0.78 0.94 1.05 1.06 0.98 0.82 0.66 0.50 0.40 0.38 0.43 0.54 0.67 0.81 0.90 0.92 0.86 0.70 0.52 0.38 0.28 0.26 0.35
 13   0.50 0.66 0.81 0.94 1.01 0.98 0.85 0.68 0.50 0.34 0.28 0.30 0.40 0.52 0.64 0.75 0.80 0.75 0.63 0.48 0.34 0.22 0.20 0.24
 14   0.36 0.52 0.68 0.80 0.88 0.88 0.78 0.65 0.51 0.40 0.34 0.33 0.37 0.44 0.53 0.62 0.70 0.74 0.70 0.60 0.48 0.36 0.29 0.30
 15   0.40 0.52 0.64 0.76 0.85 0.88 0.86 0.78 0.65 0.54 0.48 0.47 0.50 0.56 0.62 0.69 0.75 0.78 0.76 0.69 0.60 0.50 0.42 0.40
 16   0.45 0.54 0.64 0.74 0.82 0.88 0.88 0.82 0.73 0.64 0.56 0.50 0.49 0.54 0.61 0.66 0.68 0.67 0.63 0.57 0.51 0.46 0.43 0.42
 17   0.44 0.50 0.57 0.64 0.70 0.75 0.76 0.74 0.70 0.64 0.58 0.53 0.51 0.51 0.52 0.55 0.59 0.62 0.63 0.61 0.57 0.53 0.49 0.47
 18   0.47 0.48 0.50 0.52 0.55 0.58 0.61 0.64 0.67 0.68 0.66 0.60 0.53 0.49 0.47 0.46 0.46 0.47 0.49 0.51 0.54 0.57 0.60 0.62
 19   0.63 0.62 0.59 0.57 0.56 0.56 0.57 0.59 0.62 0.68 0.76 0.78 0.76 0.72 0.68 0.63 0.59 0.55 0.52 0.52 0.55 0.61 0.70 0.77
 20   0.80 0.78 0.72 0.65 0.60 0.58 0.58 0.60 0.64 0.69 0.75 0.79 0.80 0.78 0.72 0.62 0.51 0.41 0.38 0.40 0.46 0.54 0.62 0.70
 21   0.75 0.76 0.72 0.64 0.55 0.47 0.42 0.42 0.46 0.54 0.63 0.72 0.78 0.80 0.77 0.67 0.53 0.42 0.35 0.32 0.34 0.44 0.56 0.68
 22   0.80 0.84 0.81 0.72 0.60 0.48 0.38 0.34 0.36 0.44 0.55 0.68 0.79 0.84 0.82 0.72 0.60 0.48 0.36 0.30 0.32 0.40 0.52 0.68
 23   0.85 0.91 0.90 0.82 0.70 0.56 0.42 0.32 0.30 0.36 0.48 0.62 0.76 0.86 0.89 0.86 0.71 0.54 0.40 0.30 0.28 0.32 0.46 0.64
 24   0.85 0.98 1.00 0.96 0.84 0.64 0.46 0.34 0.28 0.30 0.40 0.55 0.70 0.82 0.88 0.84 0.72 0.55 0.40 0.28 0.24 0.30 0.42 0.58
 25   0.78 0.96 1.02 1.01 0.92 0.72 0.54 0.38 0.29 0.28 0.34 0.46 0.60 0.74 0.84 0.84 0.76 0.60 0.42 0.28 0.22 0.22 0.30 0.46
 26   0.66 0.82 0.94 1.00 0.96 0.82 0.62 0.42 0.29 0.24 0.26 0.35 0.48 0.64 0.78 0.82 0.78 0.66 0.48 0.32 0.22 0.20 0.26 0.40
 27   0.58 0.76 0.92 1.02 1.02 0.94 0.74 0.56 0.40 0.30 0.28 0.34 0.44 0.58 0.72 0.83 0.84 0.77 0.63 0.46 0.32 0.25 0.26 0.38
 28   0.54 0.70 0.84 0.94 0.98 0.94 0.80 0.63 0.47 0.34 0.28 0.29 0.38 0.50 0.63 0.74 0.77 0.71 0.60 0.47 0.35 0.25 0.22 0.27
 29   0.40 0.55 0.70 0.84 0.92 0.91 0.83 0.71 0.56 0.42 0.35 0.34 0.38 0.46 0.55 0.64 0.70 0.70 0.64 0.53 0.40 0.28 0.23 0.27
 30   0.37 0.50 0.63 0.76 0.86 0.90 0.88 0.80 0.68 0.56 0.46 0.43 0.45 0.51 0.59 0.68 0.75 0.78 0.75 0.65 0.53 0.43 0.40 0.42
 31   0.48 0.56 0.64 0.73 0.82 0.88 0.88 0.84 0.76 0.67 0.59 0.53 0.50 0.50 0.55 0.61 0.66 0.70 0.71 0.68 0.62 0.55 0.49 0.46
 ----------------------------------------------------------------------------------------------------------------------------
                                                                                               
 ----------------------------------------------------------------------------------------------------------------------------
 ----------------------------------------------------------------------------------------------------------------------------
                                                          SURVEY OF INDIA
                                                    MARINE GEODESY WING (G&RB)
                                                     HOURLY HEIGHTS IN METRES
  NAME OF PORT:- TUTICORIN                                                                          MONTH NOVEMBER  YEAR 2018
 ----------------------------------------------------------------------------------------------------------------------------
 DAYS 0000 0001 0002 0003 0004 0005 0006 0007 0008 0009 0010 0011 0012 0013 0014 0015 0016 0017 0018 0019 0020 0021 0022 0023
 ----------------------------------------------------------------------------------------------------------------------------
  1   0.48 0.53 0.59 0.65 0.70 0.75 0.79 0.80 0.78 0.73 0.68 0.63 0.58 0.55 0.54 0.55 0.58 0.61 0.63 0.64 0.64 0.63 0.60 0.56
  2   0.52 0.51 0.53 0.57 0.61 0.66 0.70 0.73 0.75 0.75 0.73 0.70 0.66 0.61 0.57 0.53 0.50 0.50 0.52 0.56 0.62 0.68 0.74 0.76
  3   0.74 0.70 0.65 0.60 0.57 0.57 0.59 0.62 0.66 0.71 0.77 0.81 0.80 0.75 0.68 0.62 0.56 0.51 0.48 0.49 0.55 0.64 0.73 0.82
  4   0.88 0.89 0.85 0.75 0.65 0.56 0.50 0.50 0.56 0.63 0.70 0.77 0.80 0.79 0.73 0.64 0.55 0.45 0.38 0.37 0.43 0.56 0.70 0.82
  5   0.90 0.92 0.88 0.78 0.66 0.56 0.48 0.44 0.45 0.54 0.66 0.78 0.88 0.92 0.88 0.76 0.60 0.46 0.38 0.36 0.43 0.56 0.70 0.86
  6   0.98 1.00 0.98 0.88 0.73 0.58 0.45 0.38 0.38 0.43 0.53 0.65 0.78 0.86 0.86 0.77 0.62 0.46 0.33 0.26 0.26 0.33 0.49 0.68
  7   0.86 0.97 1.00 0.96 0.84 0.67 0.49 0.37 0.32 0.34 0.43 0.58 0.74 0.86 0.88 0.82 0.70 0.54 0.36 0.24 0.22 0.27 0.40 0.61
  8   0.84 0.98 1.04 1.02 0.93 0.76 0.56 0.40 0.30 0.28 0.35 0.46 0.60 0.75 0.84 0.84 0.76 0.60 0.44 0.30 0.20 0.17 0.26 0.48
  9   0.68 0.86 1.00 1.05 0.98 0.81 0.62 0.41 0.27 0.21 0.25 0.37 0.56 0.73 0.82 0.83 0.76 0.62 0.45 0.30 0.21 0.20 0.27 0.40
 10   0.58 0.75 0.90 0.97 0.94 0.83 0.64 0.46 0.30 0.23 0.22 0.28 0.41 0.56 0.68 0.75 0.75 0.68 0.53 0.38 0.25 0.20 0.22 0.33
 11   0.48 0.65 0.80 0.90 0.92 0.86 0.71 0.52 0.36 0.25 0.24 0.30 0.40 0.51 0.62 0.70 0.72 0.68 0.58 0.46 0.36 0.28 0.26 0.32
 12   0.45 0.60 0.75 0.88 0.93 0.91 0.80 0.66 0.51 0.37 0.30 0.30 0.36 0.46 0.56 0.65 0.70 0.69 0.60 0.50 0.42 0.35 0.30 0.30
 13   0.39 0.53 0.66 0.78 0.85 0.86 0.80 0.69 0.56 0.42 0.33 0.30 0.32 0.39 0.48 0.56 0.62 0.64 0.61 0.53 0.44 0.36 0.31 0.30
 14   0.35 0.45 0.56 0.67 0.76 0.81 0.79 0.70 0.59 0.49 0.41 0.38 0.40 0.44 0.49 0.54 0.59 0.62 0.62 0.59 0.52 0.45 0.40 0.38
 15   0.40 0.46 0.54 0.62 0.69 0.73 0.74 0.71 0.64 0.57 0.49 0.43 0.41 0.42 0.46 0.51 0.55 0.57 0.56 0.53 0.49 0.45 0.43 0.42
 16   0.42 0.44 0.47 0.51 0.57 0.64 0.70 0.73 0.72 0.65 0.57 0.50 0.46 0.44 0.44 0.44 0.45 0.46 0.48 0.50 0.52 0.55 0.58 0.61
 17   0.63 0.63 0.61 0.58 0.56 0.57 0.60 0.63 0.65 0.66 0.65 0.62 0.58 0.54 0.50 0.47 0.46 0.47 0.49 0.52 0.56 0.61 0.65 0.66
 18   0.64 0.60 0.56 0.52 0.49 0.48 0.50 0.54 0.58 0.62 0.64 0.63 0.60 0.55 0.49 0.43 0.38 0.35 0.34 0.36 0.42 0.50 0.59 0.67
 19   0.73 0.73 0.67 0.58 0.50 0.43 0.40 0.42 0.47 0.53 0.61 0.67 0.69 0.67 0.61 0.53 0.46 0.40 0.36 0.36 0.43 0.54 0.67 0.79
 20   0.86 0.86 0.79 0.69 0.59 0.48 0.40 0.40 0.45 0.53 0.63 0.71 0.75 0.74 0.68 0.60 0.50 0.40 0.32 0.30 0.35 0.47 0.60 0.74
 21   0.87 0.91 0.89 0.79 0.65 0.52 0.41 0.35 0.35 0.40 0.51 0.65 0.77 0.83 0.80 0.70 0.58 0.46 0.36 0.32 0.35 0.46 0.61 0.76
 22   0.90 1.01 1.03 0.96 0.81 0.66 0.50 0.36 0.33 0.39 0.48 0.59 0.70 0.78 0.80 0.75 0.62 0.48 0.35 0.27 0.26 0.34 0.47 0.64
 23   0.82 0.97 1.01 0.96 0.85 0.70 0.50 0.35 0.29 0.29 0.35 0.46 0.59 0.71 0.76 0.74 0.63 0.50 0.37 0.27 0.23 0.28 0.39 0.56
 24   0.75 0.91 1.02 1.02 0.94 0.79 0.61 0.44 0.34 0.30 0.32 0.40 0.53 0.67 0.76 0.78 0.74 0.62 0.48 0.34 0.26 0.26 0.35 0.49
 25   0.65 0.82 0.98 1.05 1.04 0.95 0.76 0.57 0.43 0.35 0.34 0.39 0.49 0.61 0.72 0.78 0.78 0.70 0.56 0.43 0.32 0.27 0.30 0.40
 26   0.55 0.72 0.87 0.97 1.00 0.98 0.85 0.68 0.53 0.40 0.32 0.32 0.39 0.51 0.64 0.72 0.74 0.71 0.62 0.51 0.40 0.31 0.29 0.35
 27   0.50 0.65 0.79 0.90 0.97 0.97 0.88 0.74 0.60 0.46 0.37 0.34 0.38 0.48 0.59 0.69 0.74 0.72 0.65 0.55 0.45 0.35 0.30 0.31
 28   0.40 0.52 0.63 0.75 0.83 0.86 0.84 0.76 0.62 0.48 0.38 0.35 0.36 0.41 0.48 0.56 0.64 0.68 0.67 0.61 0.53 0.45 0.38 0.36
 29   0.39 0.45 0.53 0.62 0.70 0.77 0.79 0.76 0.68 0.57 0.46 0.37 0.35 0.37 0.42 0.48 0.55 0.61 0.66 0.67 0.64 0.58 0.52 0.48
 30   0.46 0.47 0.50 0.55 0.61 0.67 0.72 0.74 0.73 0.69 0.62 0.55 0.50 0.48 0.48 0.50 0.54 0.60 0.65 0.68 0.69 0.68 0.65 0.60
 ----------------------------------------------------------------------------------------------------------------------------
                                                                                               
 ----------------------------------------------------------------------------------------------------------------------------
 ----------------------------------------------------------------------------------------------------------------------------
                                                          SURVEY OF INDIA
                                                    MARINE GEODESY WING (G&RB)
                                                     HOURLY HEIGHTS IN METRES
  NAME OF PORT:- TUTICORIN                                                                          MONTH DECEMBER  YEAR 2018
 ----------------------------------------------------------------------------------------------------------------------------
 DAYS 0000 0001 0002 0003 0004 0005 0006 0007 0008 0009 0010 0011 0012 0013 0014 0015 0016 0017 0018 0019 0020 0021 0022 0023
 ----------------------------------------------------------------------------------------------------------------------------
  1   0.57 0.55 0.55 0.56 0.58 0.61 0.66 0.70 0.72 0.71 0.67 0.61 0.55 0.50 0.46 0.44 0.44 0.46 0.51 0.58 0.66 0.71 0.72 0.69
  2   0.62 0.57 0.55 0.54 0.54 0.54 0.56 0.60 0.65 0.69 0.70 0.69 0.64 0.58 0.52 0.47 0.44 0.44 0.47 0.54 0.63 0.73 0.80 0.83
  3   0.82 0.76 0.68 0.61 0.55 0.51 0.50 0.52 0.59 0.68 0.75 0.78 0.77 0.71 0.63 0.56 0.50 0.47 0.47 0.51 0.60 0.70 0.80 0.90
  4   0.94 0.93 0.86 0.76 0.66 0.56 0.50 0.49 0.53 0.60 0.68 0.76 0.81 0.80 0.73 0.63 0.53 0.46 0.43 0.44 0.51 0.64 0.79 0.92
  5   1.00 1.02 0.98 0.87 0.73 0.60 0.48 0.43 0.44 0.51 0.63 0.75 0.81 0.82 0.78 0.69 0.57 0.44 0.36 0.35 0.40 0.52 0.68 0.83
  6   0.98 1.06 1.06 0.97 0.83 0.68 0.54 0.46 0.44 0.46 0.53 0.66 0.79 0.86 0.87 0.82 0.71 0.58 0.46 0.40 0.42 0.51 0.63 0.78
  7   0.94 1.06 1.10 1.04 0.92 0.77 0.60 0.46 0.39 0.40 0.48 0.59 0.70 0.80 0.86 0.85 0.76 0.63 0.50 0.39 0.35 0.40 0.52 0.68
  8   0.84 1.00 1.07 1.06 0.98 0.85 0.69 0.53 0.43 0.40 0.42 0.50 0.62 0.75 0.85 0.86 0.80 0.66 0.53 0.42 0.36 0.38 0.50 0.65
  9   0.81 0.97 1.07 1.09 1.05 0.93 0.75 0.57 0.44 0.39 0.41 0.48 0.59 0.71 0.81 0.85 0.82 0.73 0.61 0.48 0.38 0.35 0.44 0.58
 10   0.73 0.88 1.02 1.08 1.06 0.95 0.79 0.60 0.45 0.36 0.33 0.37 0.46 0.59 0.72 0.80 0.81 0.74 0.63 0.50 0.39 0.34 0.37 0.47
 11   0.61 0.76 0.92 1.00 1.00 0.93 0.78 0.61 0.46 0.35 0.31 0.33 0.41 0.51 0.61 0.71 0.76 0.75 0.68 0.57 0.45 0.35 0.33 0.39
 12   0.50 0.65 0.80 0.92 0.99 0.99 0.90 0.77 0.64 0.52 0.41 0.35 0.37 0.45 0.56 0.66 0.71 0.70 0.64 0.56 0.47 0.39 0.34 0.36
 13   0.45 0.57 0.70 0.80 0.86 0.87 0.83 0.73 0.60 0.48 0.40 0.39 0.43 0.51 0.60 0.69 0.76 0.79 0.78 0.72 0.64 0.56 0.49 0.45
 14   0.46 0.52 0.61 0.72 0.81 0.85 0.84 0.78 0.68 0.57 0.48 0.44 0.44 0.48 0.54 0.61 0.68 0.74 0.75 0.72 0.66 0.59 0.53 0.49
 15   0.49 0.53 0.60 0.68 0.76 0.81 0.82 0.79 0.71 0.63 0.55 0.48 0.44 0.43 0.46 0.52 0.59 0.65 0.70 0.73 0.74 0.73 0.70 0.66
 16   0.63 0.62 0.63 0.67 0.72 0.78 0.82 0.83 0.81 0.75 0.68 0.60 0.53 0.50 0.49 0.50 0.53 0.57 0.61 0.65 0.68 0.70 0.71 0.69
 17   0.61 0.54 0.52 0.52 0.54 0.57 0.60 0.64 0.67 0.67 0.64 0.59 0.53 0.48 0.44 0.42 0.42 0.44 0.48 0.54 0.61 0.68 0.74 0.76
 18   0.74 0.67 0.59 0.53 0.49 0.48 0.50 0.54 0.59 0.64 0.67 0.67 0.65 0.60 0.55 0.50 0.47 0.46 0.48 0.54 0.63 0.72 0.81 0.88
 19   0.90 0.88 0.81 0.72 0.64 0.58 0.56 0.58 0.65 0.73 0.78 0.80 0.80 0.77 0.71 0.64 0.57 0.52 0.50 0.53 0.62 0.75 0.89 1.03
 20   1.09 1.08 1.00 0.89 0.78 0.67 0.58 0.55 0.57 0.65 0.75 0.82 0.86 0.87 0.83 0.75 0.65 0.55 0.50 0.50 0.55 0.68 0.84 1.00
 21   1.12 1.17 1.13 1.02 0.87 0.72 0.60 0.53 0.52 0.55 0.62 0.72 0.82 0.87 0.86 0.80 0.69 0.57 0.48 0.44 0.46 0.55 0.69 0.86
 22   1.04 1.15 1.18 1.13 1.01 0.84 0.67 0.54 0.48 0.48 0.54 0.64 0.75 0.83 0.86 0.81 0.71 0.58 0.46 0.38 0.36 0.41 0.54 0.73
 23   0.93 1.09 1.16 1.15 1.06 0.90 0.73 0.58 0.48 0.44 0.46 0.53 0.65 0.77 0.83 0.82 0.76 0.64 0.51 0.41 0.37 0.39 0.49 0.65
 24   0.82 0.98 1.10 1.16 1.13 1.03 0.86 0.65 0.50 0.42 0.41 0.48 0.60 0.72 0.82 0.89 0.88 0.79 0.65 0.52 0.42 0.38 0.41 0.52
 25   0.67 0.82 0.96 1.06 1.10 1.05 0.90 0.71 0.54 0.40 0.35 0.37 0.45 0.56 0.68 0.79 0.83 0.78 0.68 0.56 0.43 0.34 0.31 0.37
 26   0.51 0.68 0.84 0.97 1.03 1.01 0.89 0.74 0.58 0.44 0.35 0.34 0.40 0.50 0.61 0.72 0.78 0.77 0.71 0.61 0.50 0.40 0.37 0.40
 27   0.48 0.60 0.74 0.87 0.97 1.00 0.94 0.81 0.67 0.52 0.42 0.40 0.42 0.49 0.59 0.70 0.80 0.84 0.83 0.78 0.70 0.62 0.57 0.55
 28   0.57 0.65 0.75 0.84 0.91 0.94 0.93 0.87 0.76 0.62 0.49 0.42 0.40 0.42 0.48 0.58 0.69 0.78 0.83 0.83 0.78 0.71 0.63 0.57
 29   0.56 0.59 0.65 0.72 0.79 0.85 0.87 0.84 0.76 0.66 0.56 0.49 0.46 0.46 0.49 0.55 0.63 0.71 0.78 0.81 0.81 0.78 0.72 0.65
 30   0.60 0.59 0.60 0.64 0.69 0.74 0.79 0.80 0.78 0.72 0.64 0.56 0.48 0.42 0.41 0.45 0.52 0.60 0.68 0.75 0.80 0.82 0.79 0.73
 31   0.67 0.61 0.58 0.58 0.60 0.63 0.66 0.68 0.68 0.65 0.60 0.53 0.46 0.40 0.37 0.37 0.39 0.44 0.51 0.59 0.67 0.74 0.77 0.78
 ----------------------------------------------------------------------------------------------------------------------------
                                                                                               
 ----------------------------------------------------------------------------------------------------------------------------
 ----------------------------------------------------------------------------------------------------------------------------
