                                                          SURVEY OF INDIA
                                                    MARINE GEODESY WING (G&RB)
                                                     HOURLY HEIGHTS IN METRES
  NAME OF PORT:- TUTICORIN                                                                          MONTH JANUARY   YEAR 2022
 ----------------------------------------------------------------------------------------------------------------------------
 DAYS 0000 0001 0002 0003 0004 0005 0006 0007 0008 0009 0010 0011 0012 0013 0014 0015 0016 0017 0018 0019 0020 0021 0022 0023
 ----------------------------------------------------------------------------------------------------------------------------
  1   0.84 0.93 0.99 0.99 0.94 0.87 0.78 0.66 0.58 0.52 0.50 0.52 0.58 0.66 0.72 0.72 0.67 0.60 0.53 0.48 0.45 0.46 0.52 0.62
  2   0.77 0.88 0.98 1.01 0.98 0.89 0.77 0.64 0.53 0.47 0.45 0.48 0.55 0.66 0.73 0.75 0.72 0.66 0.59 0.51 0.46 0.44 0.47 0.57
  3   0.68 0.78 0.88 0.96 0.98 0.95 0.85 0.72 0.60 0.51 0.46 0.45 0.51 0.60 0.69 0.76 0.79 0.76 0.66 0.56 0.47 0.42 0.43 0.49
  4   0.62 0.74 0.87 0.99 1.05 1.03 0.94 0.81 0.68 0.56 0.47 0.44 0.47 0.56 0.66 0.76 0.83 0.83 0.77 0.68 0.59 0.50 0.45 0.46
  5   0.56 0.67 0.79 0.92 1.04 1.06 1.00 0.89 0.76 0.62 0.49 0.43 0.43 0.49 0.58 0.69 0.79 0.81 0.77 0.68 0.58 0.47 0.40 0.41
  6   0.47 0.57 0.70 0.84 0.97 1.04 1.02 0.91 0.76 0.64 0.52 0.44 0.40 0.42 0.48 0.59 0.70 0.75 0.74 0.68 0.60 0.51 0.42 0.38
  7   0.40 0.48 0.57 0.66 0.77 0.87 0.90 0.84 0.73 0.63 0.52 0.43 0.41 0.43 0.49 0.58 0.68 0.76 0.80 0.79 0.73 0.65 0.56 0.47
  8   0.43 0.45 0.51 0.58 0.67 0.76 0.81 0.81 0.76 0.67 0.57 0.47 0.41 0.40 0.43 0.48 0.55 0.62 0.69 0.73 0.73 0.69 0.62 0.54
  9   0.48 0.46 0.48 0.52 0.59 0.67 0.73 0.76 0.74 0.69 0.62 0.54 0.46 0.42 0.41 0.44 0.51 0.58 0.66 0.73 0.76 0.74 0.68 0.60
 10   0.51 0.49 0.50 0.54 0.59 0.65 0.70 0.72 0.71 0.67 0.59 0.48 0.42 0.41 0.45 0.52 0.59 0.65 0.70 0.74 0.76 0.76 0.73 0.68
 11   0.62 0.58 0.56 0.58 0.62 0.66 0.70 0.72 0.70 0.66 0.61 0.55 0.50 0.47 0.47 0.49 0.53 0.58 0.62 0.67 0.71 0.75 0.77 0.77
 12   0.74 0.69 0.64 0.59 0.55 0.53 0.54 0.57 0.61 0.64 0.64 0.62 0.58 0.54 0.50 0.48 0.48 0.50 0.54 0.59 0.64 0.70 0.76 0.79
 13   0.79 0.77 0.73 0.67 0.62 0.58 0.55 0.53 0.53 0.55 0.57 0.58 0.58 0.57 0.55 0.53 0.50 0.48 0.47 0.48 0.52 0.59 0.66 0.72
 14   0.78 0.81 0.80 0.75 0.68 0.62 0.55 0.49 0.46 0.46 0.49 0.53 0.58 0.61 0.62 0.61 0.57 0.51 0.46 0.44 0.45 0.51 0.59 0.68
 15   0.78 0.83 0.84 0.81 0.74 0.67 0.59 0.51 0.46 0.45 0.49 0.61 0.70 0.76 0.78 0.76 0.71 0.64 0.55 0.50 0.50 0.56 0.64 0.72
 16   0.79 0.84 0.86 0.84 0.77 0.68 0.58 0.50 0.44 0.41 0.42 0.48 0.60 0.69 0.74 0.73 0.68 0.60 0.52 0.44 0.42 0.47 0.55 0.64
 17   0.75 0.83 0.89 0.89 0.83 0.74 0.63 0.51 0.43 0.38 0.36 0.39 0.48 0.59 0.68 0.71 0.68 0.60 0.50 0.40 0.34 0.35 0.43 0.54
 18   0.65 0.78 0.90 0.95 0.92 0.83 0.70 0.57 0.43 0.35 0.35 0.41 0.50 0.60 0.71 0.76 0.76 0.70 0.60 0.50 0.41 0.37 0.40 0.49
 19   0.62 0.74 0.88 0.98 1.00 0.95 0.84 0.71 0.58 0.46 0.39 0.40 0.49 0.59 0.70 0.79 0.83 0.80 0.71 0.60 0.48 0.40 0.38 0.45
 20   0.58 0.70 0.84 0.95 1.01 1.01 0.93 0.76 0.59 0.46 0.37 0.36 0.42 0.53 0.65 0.79 0.86 0.85 0.77 0.66 0.55 0.45 0.40 0.42
 21   0.52 0.65 0.79 0.93 1.02 1.04 0.98 0.86 0.72 0.58 0.44 0.42 0.47 0.56 0.69 0.82 0.90 0.91 0.86 0.78 0.68 0.56 0.48 0.48
 22   0.56 0.68 0.80 0.93 1.03 1.08 1.05 0.96 0.84 0.72 0.58 0.51 0.51 0.57 0.66 0.79 0.91 0.98 0.97 0.91 0.83 0.74 0.64 0.58
 23   0.59 0.66 0.78 0.90 1.01 1.07 1.06 1.00 0.89 0.76 0.60 0.49 0.46 0.51 0.60 0.71 0.83 0.93 0.97 0.94 0.87 0.78 0.69 0.62
 24   0.61 0.67 0.76 0.86 0.95 1.02 1.03 0.99 0.92 0.81 0.67 0.56 0.50 0.52 0.59 0.68 0.78 0.89 0.96 0.96 0.92 0.85 0.78 0.70
 25   0.65 0.64 0.66 0.72 0.80 0.86 0.90 0.90 0.86 0.79 0.69 0.57 0.49 0.46 0.47 0.52 0.62 0.71 0.80 0.86 0.87 0.84 0.79 0.72
 26   0.66 0.63 0.62 0.63 0.66 0.70 0.75 0.77 0.76 0.72 0.66 0.60 0.53 0.48 0.48 0.52 0.58 0.64 0.70 0.76 0.81 0.86 0.87 0.84
 27   0.78 0.73 0.69 0.66 0.66 0.68 0.70 0.72 0.74 0.74 0.71 0.67 0.62 0.58 0.54 0.53 0.55 0.61 0.67 0.73 0.79 0.85 0.90 0.92
 28   0.91 0.88 0.84 0.80 0.75 0.71 0.67 0.63 0.61 0.61 0.63 0.64 0.63 0.60 0.57 0.55 0.53 0.52 0.53 0.58 0.65 0.72 0.80 0.86
 29   0.88 0.88 0.86 0.82 0.77 0.70 0.63 0.56 0.51 0.48 0.48 0.49 0.51 0.52 0.53 0.52 0.49 0.45 0.42 0.40 0.41 0.46 0.53 0.62
 30   0.72 0.79 0.83 0.82 0.78 0.72 0.64 0.55 0.47 0.42 0.42 0.46 0.51 0.57 0.61 0.63 0.61 0.56 0.50 0.45 0.42 0.44 0.50 0.60
 31   0.76 0.89 0.97 0.99 0.95 0.86 0.75 0.63 0.52 0.47 0.47 0.51 0.61 0.70 0.77 0.80 0.76 0.67 0.57 0.48 0.42 0.41 0.46 0.58
 ----------------------------------------------------------------------------------------------------------------------------
                                                                                               
 ----------------------------------------------------------------------------------------------------------------------------
 ----------------------------------------------------------------------------------------------------------------------------
                                                          SURVEY OF INDIA
                                                    MARINE GEODESY WING (G&RB)
                                                     HOURLY HEIGHTS IN METRES
  NAME OF PORT:- TUTICORIN                                                                          MONTH FEBRUARY  YEAR 2022
 ----------------------------------------------------------------------------------------------------------------------------
 DAYS 0000 0001 0002 0003 0004 0005 0006 0007 0008 0009 0010 0011 0012 0013 0014 0015 0016 0017 0018 0019 0020 0021 0022 0023
 ----------------------------------------------------------------------------------------------------------------------------
  1   0.71 0.87 0.99 1.02 0.96 0.85 0.72 0.58 0.46 0.38 0.35 0.39 0.50 0.61 0.73 0.81 0.81 0.74 0.62 0.49 0.40 0.35 0.37 0.49
  2   0.64 0.79 0.94 1.03 1.02 0.94 0.83 0.69 0.52 0.41 0.35 0.35 0.43 0.56 0.70 0.83 0.89 0.85 0.75 0.63 0.49 0.40 0.38 0.45
  3   0.59 0.73 0.89 1.01 1.06 1.04 0.95 0.81 0.66 0.52 0.42 0.42 0.48 0.58 0.71 0.85 0.95 0.97 0.91 0.80 0.69 0.57 0.47 0.48
  4   0.57 0.70 0.86 1.01 1.11 1.15 1.11 1.00 0.86 0.72 0.60 0.53 0.53 0.59 0.71 0.85 0.98 1.06 1.06 0.99 0.89 0.77 0.65 0.57
  5   0.59 0.66 0.77 0.91 1.02 1.09 1.09 1.00 0.88 0.71 0.54 0.43 0.42 0.47 0.58 0.72 0.87 0.99 1.02 0.96 0.86 0.75 0.63 0.54
  6   0.53 0.60 0.71 0.82 0.92 1.01 1.03 0.95 0.82 0.68 0.55 0.43 0.42 0.47 0.55 0.66 0.78 0.91 0.98 0.98 0.91 0.81 0.70 0.61
  7   0.56 0.58 0.66 0.75 0.84 0.92 0.97 0.96 0.87 0.75 0.63 0.53 0.47 0.49 0.56 0.67 0.78 0.88 0.95 0.96 0.92 0.85 0.77 0.69
  8   0.64 0.64 0.68 0.74 0.82 0.88 0.90 0.88 0.82 0.73 0.63 0.54 0.47 0.45 0.50 0.58 0.67 0.77 0.84 0.88 0.87 0.82 0.75 0.69
  9   0.63 0.59 0.60 0.63 0.68 0.73 0.76 0.74 0.68 0.61 0.53 0.46 0.41 0.39 0.41 0.47 0.55 0.63 0.70 0.75 0.78 0.77 0.74 0.70
 10   0.66 0.62 0.59 0.58 0.59 0.62 0.65 0.65 0.63 0.59 0.54 0.49 0.46 0.45 0.46 0.49 0.54 0.60 0.65 0.70 0.75 0.79 0.81 0.81
 11   0.79 0.76 0.72 0.69 0.66 0.63 0.61 0.61 0.63 0.64 0.63 0.60 0.56 0.54 0.54 0.56 0.59 0.63 0.67 0.70 0.73 0.76 0.80 0.84
 12   0.87 0.87 0.85 0.81 0.77 0.72 0.67 0.62 0.59 0.58 0.59 0.61 0.63 0.65 0.66 0.65 0.63 0.60 0.57 0.55 0.56 0.61 0.67 0.76
 13   0.85 0.89 0.89 0.85 0.78 0.70 0.62 0.53 0.47 0.46 0.48 0.53 0.58 0.62 0.64 0.63 0.59 0.53 0.48 0.46 0.48 0.55 0.63 0.73
 14   0.83 0.89 0.90 0.86 0.77 0.66 0.55 0.44 0.40 0.41 0.46 0.54 0.64 0.71 0.74 0.73 0.68 0.61 0.53 0.46 0.45 0.49 0.60 0.72
 15   0.85 0.94 0.97 0.94 0.82 0.69 0.55 0.44 0.37 0.34 0.37 0.48 0.59 0.69 0.76 0.76 0.70 0.61 0.52 0.44 0.41 0.44 0.52 0.63
 16   0.78 0.93 1.03 1.04 0.98 0.87 0.71 0.56 0.44 0.38 0.40 0.50 0.62 0.75 0.87 0.89 0.85 0.76 0.62 0.49 0.40 0.40 0.45 0.55
 17   0.70 0.85 0.96 1.02 1.00 0.91 0.75 0.62 0.49 0.40 0.40 0.46 0.56 0.68 0.83 0.93 0.93 0.86 0.75 0.60 0.47 0.41 0.44 0.52
 18   0.66 0.81 0.95 1.06 1.08 0.99 0.85 0.70 0.54 0.43 0.40 0.44 0.54 0.66 0.82 0.96 0.98 0.92 0.80 0.66 0.52 0.41 0.38 0.44
 19   0.57 0.71 0.86 0.99 1.05 1.00 0.85 0.69 0.55 0.41 0.33 0.34 0.41 0.55 0.73 0.89 0.97 0.96 0.86 0.72 0.57 0.44 0.38 0.39
 20   0.50 0.63 0.78 0.92 1.01 1.02 0.93 0.77 0.63 0.48 0.37 0.35 0.46 0.60 0.76 0.93 1.04 1.06 0.99 0.87 0.74 0.58 0.46 0.43
 21   0.50 0.62 0.74 0.88 0.98 1.00 0.92 0.81 0.68 0.52 0.40 0.34 0.34 0.42 0.60 0.78 0.94 1.05 1.06 0.96 0.82 0.68 0.56 0.48
 22   0.49 0.57 0.67 0.77 0.88 0.91 0.88 0.79 0.68 0.55 0.43 0.36 0.35 0.39 0.49 0.66 0.81 0.93 0.97 0.94 0.86 0.76 0.66 0.56
 23   0.52 0.54 0.59 0.66 0.73 0.79 0.80 0.74 0.64 0.53 0.44 0.37 0.33 0.35 0.44 0.58 0.72 0.85 0.92 0.93 0.89 0.82 0.72 0.61
 24   0.57 0.57 0.61 0.66 0.71 0.74 0.73 0.68 0.61 0.53 0.46 0.41 0.38 0.39 0.44 0.54 0.66 0.77 0.88 0.92 0.91 0.86 0.79 0.72
 25   0.67 0.66 0.68 0.71 0.74 0.74 0.71 0.67 0.62 0.56 0.50 0.43 0.40 0.41 0.47 0.54 0.61 0.69 0.75 0.80 0.84 0.85 0.84 0.81
 26   0.78 0.75 0.72 0.69 0.66 0.63 0.60 0.57 0.54 0.52 0.52 0.55 0.59 0.63 0.63 0.60 0.56 0.54 0.55 0.60 0.66 0.71 0.76 0.80
 27   0.82 0.81 0.77 0.72 0.66 0.59 0.53 0.49 0.47 0.48 0.50 0.51 0.51 0.50 0.48 0.47 0.48 0.50 0.53 0.57 0.61 0.67 0.73 0.81
 28   0.90 0.92 0.90 0.84 0.77 0.69 0.61 0.55 0.51 0.51 0.56 0.63 0.71 0.77 0.80 0.79 0.73 0.66 0.60 0.54 0.53 0.59 0.69 0.79
 ----------------------------------------------------------------------------------------------------------------------------
                                                                                               
 ----------------------------------------------------------------------------------------------------------------------------
 ----------------------------------------------------------------------------------------------------------------------------
                                                          SURVEY OF INDIA
                                                    MARINE GEODESY WING (G&RB)
                                                     HOURLY HEIGHTS IN METRES
  NAME OF PORT:- TUTICORIN                                                                          MONTH MARCH     YEAR 2022
 ----------------------------------------------------------------------------------------------------------------------------
 DAYS 0000 0001 0002 0003 0004 0005 0006 0007 0008 0009 0010 0011 0012 0013 0014 0015 0016 0017 0018 0019 0020 0021 0022 0023
 ----------------------------------------------------------------------------------------------------------------------------
  1   0.90 0.99 1.01 0.95 0.85 0.73 0.59 0.46 0.38 0.36 0.41 0.51 0.63 0.73 0.80 0.81 0.74 0.64 0.55 0.47 0.42 0.44 0.53 0.66
  2   0.80 0.94 1.01 1.00 0.92 0.79 0.62 0.48 0.39 0.36 0.39 0.48 0.60 0.75 0.88 0.89 0.83 0.72 0.58 0.46 0.39 0.36 0.41 0.53
  3   0.74 0.90 1.02 1.05 0.98 0.85 0.68 0.51 0.40 0.34 0.35 0.42 0.56 0.73 0.90 0.98 0.96 0.86 0.72 0.56 0.42 0.36 0.39 0.49
  4   0.66 0.82 0.98 1.06 1.03 0.92 0.75 0.57 0.41 0.32 0.29 0.33 0.46 0.63 0.80 0.96 1.01 0.96 0.85 0.69 0.52 0.38 0.36 0.43
  5   0.56 0.73 0.90 0.99 1.02 0.97 0.80 0.60 0.44 0.34 0.30 0.32 0.44 0.60 0.78 0.96 1.07 1.07 0.98 0.84 0.66 0.50 0.43 0.47
  6   0.59 0.72 0.86 1.00 1.06 1.01 0.88 0.72 0.54 0.43 0.36 0.35 0.43 0.57 0.73 0.89 1.02 1.04 0.97 0.85 0.72 0.57 0.44 0.42
  7   0.51 0.64 0.76 0.88 0.95 0.94 0.84 0.70 0.56 0.44 0.36 0.34 0.39 0.50 0.66 0.84 0.96 0.99 0.94 0.82 0.69 0.54 0.42 0.39
  8   0.45 0.56 0.66 0.78 0.86 0.87 0.81 0.68 0.55 0.44 0.36 0.33 0.35 0.45 0.62 0.75 0.87 0.94 0.95 0.86 0.75 0.64 0.53 0.47
  9   0.48 0.54 0.62 0.72 0.82 0.85 0.81 0.73 0.64 0.53 0.43 0.39 0.40 0.48 0.60 0.72 0.81 0.88 0.90 0.88 0.82 0.74 0.65 0.58
 10   0.58 0.62 0.68 0.74 0.79 0.81 0.80 0.75 0.68 0.60 0.53 0.48 0.48 0.54 0.62 0.72 0.81 0.89 0.92 0.92 0.89 0.84 0.79 0.73
 11   0.68 0.66 0.67 0.70 0.74 0.76 0.75 0.71 0.64 0.58 0.53 0.49 0.48 0.51 0.59 0.67 0.74 0.80 0.84 0.86 0.85 0.82 0.79 0.76
 12   0.73 0.71 0.70 0.70 0.71 0.71 0.69 0.65 0.61 0.58 0.56 0.56 0.58 0.61 0.65 0.68 0.71 0.74 0.76 0.78 0.80 0.81 0.82 0.82
 13   0.80 0.78 0.75 0.72 0.68 0.64 0.59 0.55 0.52 0.52 0.54 0.57 0.60 0.63 0.66 0.69 0.70 0.69 0.67 0.66 0.67 0.71 0.76 0.82
 14   0.87 0.87 0.83 0.77 0.71 0.64 0.56 0.50 0.48 0.49 0.52 0.58 0.64 0.67 0.68 0.66 0.62 0.56 0.49 0.46 0.48 0.54 0.63 0.72
 15   0.83 0.89 0.89 0.84 0.75 0.63 0.53 0.44 0.40 0.43 0.52 0.63 0.72 0.78 0.80 0.78 0.71 0.63 0.56 0.50 0.49 0.53 0.63 0.74
 16   0.86 0.94 0.97 0.93 0.84 0.72 0.60 0.47 0.42 0.43 0.48 0.56 0.66 0.78 0.86 0.88 0.82 0.72 0.62 0.51 0.46 0.48 0.56 0.68
 17   0.82 0.96 1.03 1.03 0.96 0.83 0.66 0.49 0.41 0.39 0.46 0.60 0.74 0.88 0.99 1.01 0.95 0.84 0.71 0.56 0.44 0.42 0.50 0.62
 18   0.75 0.89 1.02 1.06 1.01 0.88 0.71 0.54 0.41 0.36 0.38 0.50 0.65 0.82 0.96 1.04 1.01 0.90 0.76 0.60 0.45 0.39 0.40 0.48
 19   0.64 0.78 0.92 1.01 1.00 0.90 0.74 0.55 0.42 0.33 0.30 0.34 0.47 0.65 0.82 0.96 1.00 0.94 0.80 0.65 0.47 0.37 0.34 0.37
 20   0.50 0.66 0.81 0.92 0.93 0.86 0.72 0.56 0.42 0.32 0.27 0.29 0.42 0.62 0.80 0.98 1.05 1.01 0.90 0.75 0.56 0.42 0.36 0.37
 21   0.48 0.62 0.75 0.87 0.94 0.91 0.78 0.62 0.46 0.36 0.32 0.34 0.42 0.60 0.78 0.97 1.10 1.10 1.02 0.88 0.73 0.56 0.44 0.42
 22   0.48 0.60 0.72 0.83 0.91 0.89 0.80 0.68 0.56 0.44 0.34 0.29 0.31 0.46 0.66 0.83 0.99 1.04 1.00 0.90 0.76 0.60 0.46 0.41
 23   0.43 0.52 0.63 0.72 0.80 0.83 0.77 0.65 0.53 0.43 0.36 0.33 0.35 0.45 0.59 0.75 0.88 0.96 0.96 0.88 0.77 0.65 0.51 0.45
 24   0.46 0.51 0.58 0.65 0.71 0.74 0.71 0.62 0.53 0.45 0.37 0.31 0.30 0.34 0.46 0.59 0.71 0.81 0.83 0.80 0.73 0.63 0.53 0.46
 25   0.45 0.48 0.53 0.58 0.63 0.66 0.66 0.61 0.53 0.45 0.37 0.33 0.33 0.38 0.46 0.55 0.64 0.73 0.78 0.79 0.77 0.72 0.66 0.59
 26   0.54 0.52 0.53 0.56 0.59 0.61 0.60 0.57 0.53 0.49 0.46 0.44 0.44 0.46 0.51 0.57 0.62 0.68 0.72 0.75 0.77 0.78 0.77 0.74
 27   0.71 0.69 0.66 0.63 0.61 0.58 0.56 0.55 0.54 0.54 0.55 0.56 0.57 0.58 0.59 0.60 0.61 0.62 0.64 0.66 0.68 0.71 0.75 0.79
 28   0.80 0.78 0.74 0.69 0.63 0.57 0.50 0.46 0.45 0.48 0.54 0.61 0.67 0.71 0.72 0.69 0.64 0.59 0.55 0.53 0.54 0.59 0.67 0.74
 29   0.80 0.82 0.80 0.74 0.65 0.57 0.50 0.44 0.42 0.45 0.53 0.62 0.72 0.80 0.82 0.79 0.73 0.65 0.55 0.48 0.48 0.54 0.64 0.75
 30   0.86 0.91 0.91 0.86 0.76 0.65 0.53 0.45 0.40 0.40 0.49 0.60 0.73 0.85 0.90 0.88 0.79 0.68 0.54 0.44 0.40 0.42 0.50 0.62
 31   0.76 0.86 0.91 0.88 0.78 0.66 0.51 0.40 0.33 0.32 0.39 0.57 0.71 0.85 0.93 0.95 0.89 0.78 0.65 0.51 0.43 0.42 0.47 0.57
 ----------------------------------------------------------------------------------------------------------------------------
                                                                                               
 ----------------------------------------------------------------------------------------------------------------------------
 ----------------------------------------------------------------------------------------------------------------------------
                                                          SURVEY OF INDIA
                                                    MARINE GEODESY WING (G&RB)
                                                     HOURLY HEIGHTS IN METRES
  NAME OF PORT:- TUTICORIN                                                                          MONTH APRIL     YEAR 2022
 ----------------------------------------------------------------------------------------------------------------------------
 DAYS 0000 0001 0002 0003 0004 0005 0006 0007 0008 0009 0010 0011 0012 0013 0014 0015 0016 0017 0018 0019 0020 0021 0022 0023
 ----------------------------------------------------------------------------------------------------------------------------
  1   0.70 0.83 0.89 0.89 0.81 0.67 0.54 0.43 0.33 0.29 0.33 0.46 0.62 0.80 0.96 1.01 0.99 0.90 0.76 0.62 0.47 0.42 0.44 0.52
  2   0.64 0.77 0.88 0.90 0.85 0.73 0.55 0.42 0.32 0.26 0.25 0.32 0.52 0.72 0.89 1.00 1.03 0.95 0.74 0.57 0.43 0.35 0.33 0.38
  3   0.51 0.67 0.83 0.90 0.86 0.74 0.60 0.47 0.37 0.29 0.25 0.28 0.40 0.63 0.83 0.98 1.02 0.98 0.87 0.72 0.55 0.42 0.38 0.42
  4   0.52 0.64 0.77 0.88 0.88 0.80 0.67 0.53 0.42 0.35 0.31 0.32 0.41 0.60 0.77 0.91 0.98 0.96 0.87 0.71 0.54 0.41 0.32 0.31
  5   0.41 0.55 0.68 0.81 0.85 0.80 0.70 0.59 0.48 0.40 0.35 0.35 0.43 0.58 0.74 0.87 0.97 0.98 0.90 0.77 0.62 0.45 0.37 0.36
  6   0.43 0.54 0.65 0.76 0.83 0.82 0.76 0.65 0.54 0.45 0.40 0.40 0.47 0.59 0.73 0.86 0.94 0.96 0.92 0.82 0.68 0.55 0.43 0.40
  7   0.43 0.52 0.62 0.71 0.76 0.77 0.72 0.62 0.52 0.44 0.40 0.39 0.43 0.53 0.64 0.76 0.88 0.95 0.94 0.88 0.78 0.65 0.56 0.51
  8   0.51 0.55 0.62 0.70 0.76 0.76 0.72 0.64 0.55 0.48 0.43 0.41 0.42 0.47 0.56 0.67 0.77 0.84 0.86 0.83 0.77 0.69 0.61 0.56
  9   0.55 0.56 0.59 0.64 0.69 0.72 0.72 0.68 0.62 0.57 0.53 0.52 0.54 0.59 0.67 0.75 0.81 0.86 0.88 0.87 0.84 0.80 0.76 0.72
 10   0.69 0.68 0.69 0.71 0.73 0.73 0.70 0.66 0.63 0.61 0.60 0.60 0.62 0.64 0.67 0.70 0.74 0.78 0.80 0.80 0.78 0.75 0.73 0.73
 11   0.75 0.77 0.77 0.75 0.71 0.67 0.63 0.59 0.57 0.58 0.61 0.65 0.68 0.70 0.70 0.69 0.67 0.64 0.61 0.61 0.63 0.66 0.69 0.73
 12   0.76 0.77 0.76 0.73 0.68 0.62 0.56 0.50 0.47 0.49 0.56 0.64 0.69 0.72 0.72 0.69 0.63 0.56 0.50 0.49 0.51 0.55 0.61 0.66
 13   0.71 0.74 0.74 0.70 0.62 0.50 0.43 0.41 0.44 0.52 0.62 0.74 0.90 1.02 1.08 1.06 0.98 0.82 0.66 0.54 0.46 0.45 0.52 0.68
 14   0.82 0.89 0.90 0.86 0.76 0.62 0.50 0.44 0.43 0.47 0.56 0.66 0.77 0.85 0.86 0.80 0.72 0.63 0.54 0.49 0.49 0.52 0.59 0.70
 15   0.85 0.94 0.97 0.94 0.84 0.70 0.56 0.44 0.40 0.44 0.55 0.66 0.80 0.90 0.92 0.88 0.79 0.67 0.56 0.47 0.43 0.45 0.56 0.72
 16   0.86 0.97 1.04 1.04 0.94 0.78 0.62 0.48 0.40 0.44 0.57 0.72 0.88 1.05 1.16 1.16 1.08 0.94 0.78 0.62 0.50 0.47 0.52 0.62
 17   0.75 0.87 0.98 1.02 0.96 0.82 0.65 0.50 0.37 0.34 0.42 0.58 0.74 0.94 1.10 1.18 1.14 0.99 0.82 0.65 0.48 0.40 0.40 0.47
 18   0.60 0.74 0.90 0.99 0.96 0.84 0.71 0.56 0.44 0.38 0.39 0.50 0.68 0.86 1.06 1.20 1.21 1.11 0.96 0.79 0.62 0.47 0.42 0.46
 19   0.55 0.68 0.82 0.96 0.97 0.89 0.73 0.57 0.44 0.38 0.38 0.44 0.57 0.74 0.92 1.11 1.17 1.14 1.02 0.86 0.69 0.52 0.43 0.44
 20   0.54 0.67 0.80 0.90 0.93 0.90 0.80 0.64 0.49 0.39 0.35 0.39 0.52 0.66 0.83 1.00 1.12 1.14 1.06 0.92 0.78 0.62 0.49 0.45
 21   0.48 0.55 0.64 0.74 0.82 0.82 0.76 0.66 0.54 0.44 0.36 0.32 0.37 0.52 0.69 0.84 0.98 1.02 0.99 0.91 0.81 0.70 0.60 0.52
 22   0.48 0.48 0.52 0.59 0.66 0.70 0.68 0.62 0.55 0.48 0.42 0.39 0.40 0.48 0.59 0.71 0.80 0.88 0.91 0.88 0.81 0.72 0.62 0.56
 23   0.53 0.53 0.56 0.61 0.67 0.71 0.70 0.66 0.61 0.56 0.52 0.50 0.50 0.53 0.58 0.65 0.73 0.80 0.85 0.85 0.82 0.77 0.71 0.66
 24   0.62 0.59 0.58 0.60 0.63 0.66 0.69 0.71 0.71 0.69 0.66 0.63 0.61 0.61 0.63 0.66 0.69 0.73 0.77 0.80 0.82 0.82 0.80 0.76
 25   0.72 0.68 0.64 0.60 0.56 0.53 0.53 0.56 0.60 0.65 0.70 0.73 0.73 0.71 0.68 0.66 0.64 0.63 0.64 0.67 0.72 0.76 0.80 0.81
 26   0.79 0.75 0.70 0.64 0.59 0.54 0.50 0.49 0.53 0.62 0.70 0.77 0.81 0.80 0.76 0.71 0.65 0.59 0.56 0.56 0.59 0.64 0.70 0.77
 27   0.80 0.78 0.72 0.64 0.55 0.47 0.39 0.37 0.41 0.50 0.63 0.73 0.82 0.86 0.84 0.76 0.66 0.56 0.49 0.48 0.51 0.57 0.64 0.73
 28   0.82 0.86 0.84 0.76 0.66 0.55 0.46 0.41 0.40 0.46 0.62 0.76 0.87 0.95 0.97 0.91 0.81 0.70 0.58 0.50 0.46 0.48 0.54 0.66
 29   0.76 0.84 0.87 0.83 0.73 0.61 0.51 0.43 0.41 0.46 0.59 0.71 0.86 0.98 1.05 1.03 0.94 0.80 0.66 0.54 0.45 0.43 0.49 0.60
 30   0.74 0.86 0.93 0.92 0.81 0.68 0.56 0.45 0.42 0.47 0.57 0.69 0.84 1.02 1.14 1.16 1.08 0.96 0.82 0.67 0.54 0.49 0.52 0.60
 ----------------------------------------------------------------------------------------------------------------------------
                                                                                               
 ----------------------------------------------------------------------------------------------------------------------------
 ----------------------------------------------------------------------------------------------------------------------------
                                                          SURVEY OF INDIA
                                                    MARINE GEODESY WING (G&RB)
                                                     HOURLY HEIGHTS IN METRES
  NAME OF PORT:- TUTICORIN                                                                          MONTH MAY       YEAR 2022
 ----------------------------------------------------------------------------------------------------------------------------
 DAYS 0000 0001 0002 0003 0004 0005 0006 0007 0008 0009 0010 0011 0012 0013 0014 0015 0016 0017 0018 0019 0020 0021 0022 0023
 ----------------------------------------------------------------------------------------------------------------------------
  1   0.74 0.87 0.95 0.96 0.88 0.75 0.62 0.49 0.42 0.41 0.47 0.59 0.76 0.93 1.09 1.17 1.14 1.02 0.87 0.73 0.57 0.45 0.43 0.50
  2   0.61 0.73 0.84 0.88 0.85 0.76 0.64 0.50 0.40 0.35 0.37 0.47 0.63 0.81 0.96 1.06 1.08 0.99 0.83 0.68 0.52 0.40 0.35 0.37
  3   0.46 0.61 0.75 0.83 0.81 0.73 0.62 0.51 0.41 0.36 0.36 0.43 0.57 0.75 0.90 1.02 1.05 1.00 0.89 0.75 0.57 0.44 0.38 0.38
  4   0.44 0.55 0.65 0.75 0.79 0.76 0.67 0.55 0.45 0.37 0.34 0.38 0.49 0.65 0.80 0.94 1.00 0.98 0.89 0.77 0.63 0.49 0.39 0.34
  5   0.36 0.47 0.60 0.71 0.76 0.76 0.70 0.59 0.48 0.41 0.38 0.41 0.51 0.63 0.78 0.91 1.00 1.01 0.96 0.86 0.73 0.61 0.51 0.45
  6   0.46 0.51 0.57 0.64 0.71 0.74 0.70 0.61 0.51 0.44 0.40 0.41 0.48 0.59 0.72 0.82 0.92 0.96 0.94 0.87 0.78 0.66 0.55 0.51
  7   0.50 0.52 0.59 0.65 0.71 0.73 0.70 0.62 0.54 0.47 0.43 0.43 0.47 0.56 0.67 0.77 0.87 0.93 0.93 0.89 0.82 0.73 0.63 0.54
  8   0.50 0.52 0.59 0.65 0.71 0.73 0.70 0.64 0.56 0.49 0.45 0.44 0.47 0.56 0.67 0.77 0.87 0.93 0.93 0.88 0.81 0.73 0.64 0.56
  9   0.52 0.50 0.50 0.51 0.53 0.56 0.59 0.61 0.61 0.58 0.54 0.52 0.52 0.54 0.57 0.60 0.63 0.67 0.71 0.74 0.74 0.72 0.68 0.64
 10   0.60 0.56 0.53 0.50 0.49 0.50 0.53 0.57 0.61 0.66 0.70 0.72 0.72 0.71 0.69 0.68 0.68 0.69 0.70 0.72 0.74 0.77 0.79 0.78
 11   0.74 0.68 0.63 0.58 0.53 0.50 0.50 0.53 0.58 0.63 0.69 0.74 0.76 0.74 0.70 0.65 0.61 0.59 0.59 0.61 0.65 0.70 0.76 0.80
 12   0.79 0.75 0.68 0.61 0.54 0.47 0.44 0.47 0.57 0.66 0.76 0.87 0.89 0.87 0.81 0.73 0.65 0.57 0.50 0.49 0.53 0.59 0.67 0.76
 13   0.81 0.79 0.73 0.64 0.53 0.45 0.39 0.38 0.43 0.54 0.65 0.76 0.87 0.92 0.88 0.79 0.67 0.53 0.42 0.37 0.37 0.43 0.55 0.65
 14   0.74 0.79 0.76 0.67 0.53 0.42 0.32 0.29 0.32 0.41 0.58 0.73 0.89 0.99 0.98 0.88 0.74 0.59 0.46 0.38 0.34 0.35 0.43 0.56
 15   0.70 0.79 0.81 0.74 0.61 0.47 0.37 0.30 0.28 0.33 0.49 0.66 0.85 0.99 1.06 1.02 0.89 0.72 0.54 0.42 0.34 0.33 0.39 0.51
 16   0.69 0.79 0.82 0.78 0.68 0.53 0.41 0.31 0.27 0.29 0.39 0.57 0.77 0.95 1.07 1.09 1.00 0.84 0.67 0.53 0.41 0.34 0.34 0.39
 17   0.49 0.63 0.74 0.76 0.69 0.57 0.45 0.35 0.27 0.23 0.26 0.40 0.63 0.85 1.05 1.08 1.02 0.85 0.67 0.45 0.33 0.26 0.25 0.29
 18   0.42 0.55 0.66 0.72 0.72 0.64 0.49 0.35 0.24 0.19 0.22 0.33 0.51 0.74 0.91 1.01 0.99 0.88 0.73 0.57 0.41 0.31 0.29 0.33
 19   0.42 0.52 0.62 0.67 0.67 0.61 0.49 0.37 0.28 0.21 0.20 0.25 0.37 0.53 0.71 0.86 0.92 0.90 0.82 0.70 0.54 0.40 0.31 0.30
 20   0.35 0.44 0.54 0.62 0.67 0.65 0.57 0.47 0.38 0.30 0.25 0.26 0.33 0.44 0.57 0.69 0.80 0.85 0.82 0.69 0.52 0.40 0.32 0.28
 21   0.29 0.35 0.43 0.50 0.56 0.58 0.56 0.50 0.44 0.37 0.31 0.30 0.33 0.41 0.52 0.62 0.70 0.76 0.77 0.71 0.62 0.52 0.41 0.34
 22   0.32 0.35 0.42 0.48 0.54 0.58 0.60 0.59 0.56 0.52 0.48 0.45 0.44 0.47 0.53 0.59 0.66 0.73 0.77 0.77 0.72 0.64 0.55 0.46
 23   0.38 0.37 0.40 0.45 0.50 0.55 0.60 0.64 0.66 0.66 0.64 0.61 0.59 0.59 0.61 0.64 0.68 0.72 0.76 0.79 0.79 0.75 0.69 0.62
 24   0.56 0.52 0.51 0.52 0.54 0.56 0.59 0.62 0.66 0.70 0.73 0.73 0.70 0.65 0.60 0.56 0.54 0.55 0.58 0.62 0.65 0.66 0.65 0.62
 25   0.58 0.53 0.48 0.43 0.38 0.36 0.37 0.40 0.46 0.53 0.60 0.64 0.65 0.63 0.59 0.53 0.47 0.42 0.41 0.43 0.47 0.54 0.58 0.59
 26   0.57 0.52 0.46 0.40 0.34 0.30 0.28 0.28 0.32 0.43 0.56 0.66 0.73 0.75 0.71 0.62 0.53 0.43 0.37 0.36 0.40 0.47 0.57 0.64
 27   0.66 0.65 0.60 0.52 0.43 0.35 0.30 0.30 0.35 0.46 0.60 0.75 0.87 0.91 0.89 0.79 0.67 0.55 0.47 0.42 0.41 0.46 0.55 0.63
 28   0.68 0.68 0.63 0.55 0.46 0.38 0.31 0.28 0.29 0.36 0.52 0.67 0.79 0.87 0.89 0.83 0.71 0.58 0.46 0.38 0.36 0.38 0.44 0.53
 29   0.63 0.67 0.66 0.59 0.49 0.39 0.32 0.27 0.25 0.29 0.41 0.59 0.74 0.87 0.93 0.89 0.77 0.62 0.48 0.37 0.31 0.30 0.33 0.42
 30   0.54 0.63 0.67 0.65 0.57 0.46 0.37 0.30 0.28 0.31 0.42 0.57 0.72 0.89 0.98 0.98 0.89 0.74 0.60 0.47 0.38 0.35 0.39 0.48
 31   0.60 0.69 0.74 0.74 0.69 0.59 0.49 0.39 0.33 0.35 0.43 0.56 0.70 0.86 1.00 1.06 1.03 0.91 0.77 0.60 0.43 0.35 0.36 0.42
 ----------------------------------------------------------------------------------------------------------------------------
                                                                                               
 ----------------------------------------------------------------------------------------------------------------------------
 ----------------------------------------------------------------------------------------------------------------------------
                                                          SURVEY OF INDIA
                                                    MARINE GEODESY WING (G&RB)
                                                     HOURLY HEIGHTS IN METRES
  NAME OF PORT:- TUTICORIN                                                                          MONTH JUNE      YEAR 2022
 ----------------------------------------------------------------------------------------------------------------------------
 DAYS 0000 0001 0002 0003 0004 0005 0006 0007 0008 0009 0010 0011 0012 0013 0014 0015 0016 0017 0018 0019 0020 0021 0022 0023
 ----------------------------------------------------------------------------------------------------------------------------
  1   0.51 0.61 0.70 0.74 0.72 0.64 0.52 0.42 0.34 0.31 0.33 0.44 0.58 0.73 0.87 0.99 1.01 0.94 0.79 0.64 0.47 0.37 0.33 0.35
  2   0.41 0.50 0.59 0.66 0.67 0.61 0.51 0.41 0.33 0.30 0.32 0.39 0.50 0.62 0.77 0.91 0.94 0.88 0.77 0.63 0.48 0.38 0.32 0.30
  3   0.34 0.43 0.55 0.66 0.69 0.65 0.57 0.49 0.41 0.36 0.35 0.40 0.51 0.64 0.77 0.90 0.97 0.97 0.89 0.75 0.62 0.50 0.40 0.35
  4   0.36 0.42 0.51 0.63 0.68 0.67 0.61 0.53 0.45 0.37 0.33 0.35 0.41 0.51 0.64 0.76 0.85 0.89 0.87 0.78 0.67 0.55 0.45 0.37
  5   0.33 0.34 0.41 0.49 0.56 0.58 0.55 0.49 0.43 0.37 0.32 0.31 0.36 0.47 0.58 0.68 0.79 0.86 0.87 0.80 0.70 0.60 0.51 0.43
  6   0.37 0.36 0.39 0.45 0.53 0.60 0.63 0.61 0.55 0.47 0.41 0.39 0.42 0.49 0.56 0.63 0.70 0.76 0.80 0.79 0.72 0.62 0.53 0.43
  7   0.38 0.38 0.42 0.47 0.53 0.58 0.61 0.61 0.58 0.54 0.50 0.48 0.49 0.52 0.57 0.62 0.67 0.71 0.74 0.74 0.71 0.65 0.58 0.50
  8   0.44 0.41 0.40 0.42 0.46 0.51 0.58 0.64 0.68 0.69 0.67 0.63 0.60 0.59 0.60 0.62 0.64 0.67 0.70 0.72 0.73 0.72 0.69 0.63
  9   0.57 0.52 0.47 0.45 0.46 0.49 0.54 0.61 0.69 0.75 0.79 0.80 0.78 0.74 0.70 0.66 0.63 0.61 0.61 0.63 0.66 0.68 0.68 0.65
 10   0.62 0.59 0.53 0.46 0.42 0.42 0.45 0.51 0.58 0.67 0.77 0.82 0.81 0.77 0.70 0.63 0.56 0.51 0.50 0.51 0.54 0.58 0.62 0.65
 11   0.65 0.61 0.54 0.47 0.41 0.37 0.38 0.43 0.52 0.63 0.74 0.83 0.89 0.89 0.85 0.77 0.67 0.58 0.51 0.47 0.48 0.52 0.59 0.65
 12   0.70 0.70 0.65 0.57 0.47 0.38 0.34 0.36 0.44 0.55 0.70 0.83 0.94 0.99 0.96 0.85 0.73 0.62 0.51 0.42 0.38 0.40 0.47 0.57
 13   0.66 0.70 0.69 0.63 0.52 0.41 0.33 0.29 0.32 0.44 0.59 0.77 0.90 1.00 1.03 0.99 0.87 0.70 0.56 0.45 0.37 0.34 0.37 0.45
 14   0.57 0.67 0.70 0.65 0.55 0.44 0.35 0.28 0.24 0.26 0.36 0.53 0.70 0.87 0.98 0.99 0.89 0.75 0.59 0.44 0.34 0.28 0.27 0.32
 15   0.49 0.62 0.71 0.72 0.66 0.56 0.46 0.38 0.32 0.29 0.30 0.40 0.61 0.79 0.95 1.03 1.00 0.87 0.72 0.55 0.42 0.34 0.31 0.33
 16   0.41 0.55 0.67 0.74 0.73 0.65 0.54 0.41 0.32 0.28 0.30 0.40 0.56 0.72 0.90 1.03 1.04 0.97 0.82 0.63 0.47 0.37 0.32 0.33
 17   0.41 0.53 0.65 0.75 0.78 0.73 0.64 0.52 0.41 0.33 0.31 0.35 0.46 0.61 0.78 0.94 1.02 1.00 0.91 0.78 0.63 0.51 0.43 0.39
 18   0.40 0.45 0.52 0.61 0.70 0.72 0.68 0.59 0.49 0.41 0.36 0.36 0.42 0.53 0.66 0.81 0.92 0.97 0.95 0.85 0.71 0.57 0.45 0.37
 19   0.34 0.37 0.45 0.54 0.63 0.69 0.71 0.68 0.61 0.52 0.44 0.40 0.42 0.49 0.59 0.71 0.83 0.91 0.93 0.89 0.79 0.68 0.56 0.45
 20   0.39 0.40 0.45 0.52 0.60 0.68 0.74 0.76 0.74 0.68 0.61 0.54 0.51 0.54 0.61 0.69 0.77 0.85 0.92 0.93 0.89 0.78 0.66 0.54
 21   0.44 0.42 0.44 0.49 0.56 0.64 0.73 0.78 0.79 0.77 0.72 0.65 0.59 0.54 0.52 0.54 0.59 0.67 0.76 0.79 0.77 0.71 0.62 0.54
 22   0.47 0.41 0.39 0.40 0.45 0.51 0.58 0.65 0.71 0.77 0.79 0.76 0.69 0.62 0.57 0.55 0.56 0.60 0.67 0.71 0.72 0.71 0.68 0.63
 23   0.56 0.47 0.39 0.37 0.39 0.44 0.50 0.57 0.65 0.73 0.79 0.80 0.77 0.72 0.67 0.62 0.57 0.55 0.56 0.60 0.64 0.67 0.66 0.62
 24   0.57 0.53 0.49 0.44 0.42 0.43 0.47 0.52 0.58 0.65 0.73 0.82 0.85 0.84 0.78 0.69 0.62 0.56 0.52 0.52 0.55 0.59 0.63 0.64
 25   0.62 0.56 0.50 0.44 0.39 0.36 0.36 0.39 0.46 0.56 0.68 0.79 0.85 0.86 0.81 0.72 0.60 0.52 0.47 0.45 0.47 0.51 0.57 0.63
 26   0.65 0.62 0.56 0.49 0.43 0.38 0.36 0.37 0.42 0.51 0.64 0.75 0.86 0.91 0.89 0.82 0.70 0.57 0.48 0.42 0.40 0.42 0.48 0.55
 27   0.60 0.62 0.60 0.54 0.48 0.41 0.35 0.32 0.34 0.41 0.52 0.65 0.76 0.86 0.89 0.84 0.72 0.58 0.48 0.40 0.35 0.34 0.38 0.45
 28   0.53 0.58 0.59 0.56 0.49 0.42 0.36 0.31 0.28 0.28 0.35 0.51 0.65 0.79 0.86 0.85 0.76 0.63 0.49 0.39 0.32 0.29 0.29 0.33
 29   0.41 0.51 0.58 0.59 0.53 0.45 0.37 0.30 0.25 0.25 0.33 0.47 0.61 0.75 0.87 0.92 0.89 0.79 0.65 0.51 0.40 0.33 0.31 0.35
 30   0.42 0.51 0.59 0.65 0.63 0.53 0.43 0.35 0.28 0.25 0.27 0.37 0.51 0.65 0.80 0.86 0.82 0.73 0.61 0.51 0.41 0.35 0.30 0.28
 ----------------------------------------------------------------------------------------------------------------------------
                                                                                              
 ----------------------------------------------------------------------------------------------------------------------------
 ----------------------------------------------------------------------------------------------------------------------------
                                                          SURVEY OF INDIA
                                                    MARINE GEODESY WING (G&RB)
                                                     HOURLY HEIGHTS IN METRES
  NAME OF PORT:- TUTICORIN                                                                          MONTH JULY      YEAR 2022
 ----------------------------------------------------------------------------------------------------------------------------
 DAYS 0000 0001 0002 0003 0004 0005 0006 0007 0008 0009 0010 0011 0012 0013 0014 0015 0016 0017 0018 0019 0020 0021 0022 0023
 ----------------------------------------------------------------------------------------------------------------------------
  1   0.33 0.43 0.52 0.60 0.61 0.54 0.46 0.37 0.31 0.27 0.27 0.35 0.49 0.64 0.77 0.89 0.91 0.87 0.77 0.64 0.50 0.41 0.35 0.33
  2   0.35 0.41 0.52 0.63 0.67 0.64 0.57 0.49 0.42 0.37 0.35 0.39 0.52 0.67 0.82 0.93 0.98 0.95 0.87 0.74 0.61 0.49 0.41 0.39
  3   0.41 0.48 0.59 0.69 0.77 0.77 0.73 0.65 0.55 0.44 0.39 0.41 0.47 0.57 0.70 0.82 0.90 0.91 0.87 0.78 0.65 0.53 0.42 0.35
  4   0.32 0.33 0.38 0.45 0.57 0.63 0.62 0.57 0.49 0.42 0.36 0.33 0.34 0.43 0.56 0.65 0.73 0.78 0.78 0.71 0.59 0.49 0.42 0.35
  5   0.31 0.30 0.32 0.38 0.47 0.57 0.61 0.59 0.53 0.46 0.41 0.38 0.38 0.40 0.45 0.51 0.58 0.66 0.70 0.69 0.62 0.53 0.45 0.38
  6   0.34 0.33 0.34 0.38 0.45 0.55 0.62 0.63 0.58 0.52 0.47 0.43 0.41 0.42 0.45 0.49 0.54 0.59 0.64 0.65 0.63 0.56 0.49 0.42
  7   0.37 0.34 0.34 0.37 0.42 0.51 0.61 0.65 0.66 0.64 0.60 0.54 0.48 0.45 0.45 0.49 0.54 0.58 0.62 0.63 0.61 0.57 0.51 0.43
  8   0.38 0.35 0.34 0.35 0.39 0.45 0.54 0.62 0.67 0.69 0.68 0.65 0.61 0.57 0.54 0.52 0.52 0.54 0.57 0.58 0.57 0.53 0.49 0.45
  9   0.41 0.38 0.35 0.33 0.33 0.37 0.44 0.55 0.64 0.72 0.75 0.75 0.71 0.63 0.56 0.51 0.48 0.46 0.46 0.46 0.47 0.48 0.49 0.49
 10   0.47 0.43 0.39 0.36 0.34 0.33 0.35 0.41 0.51 0.59 0.69 0.75 0.76 0.72 0.64 0.55 0.49 0.44 0.41 0.40 0.41 0.44 0.48 0.53
 11   0.54 0.52 0.49 0.45 0.42 0.40 0.39 0.41 0.49 0.60 0.70 0.79 0.87 0.88 0.83 0.72 0.62 0.52 0.44 0.37 0.33 0.33 0.36 0.41
 12   0.45 0.47 0.45 0.41 0.36 0.31 0.27 0.25 0.27 0.33 0.43 0.58 0.71 0.79 0.83 0.80 0.68 0.57 0.46 0.37 0.31 0.27 0.26 0.29
 13   0.35 0.42 0.47 0.47 0.43 0.37 0.30 0.25 0.22 0.22 0.27 0.43 0.62 0.77 0.89 0.91 0.84 0.72 0.59 0.47 0.38 0.33 0.31 0.33
 14   0.39 0.51 0.59 0.62 0.59 0.51 0.42 0.34 0.27 0.24 0.26 0.35 0.51 0.69 0.84 0.93 0.92 0.83 0.68 0.55 0.44 0.36 0.31 0.30
 15   0.34 0.46 0.58 0.65 0.65 0.60 0.52 0.44 0.35 0.28 0.25 0.28 0.40 0.54 0.70 0.82 0.88 0.85 0.73 0.59 0.46 0.38 0.32 0.28
 16   0.28 0.33 0.42 0.55 0.64 0.64 0.58 0.48 0.39 0.31 0.27 0.26 0.30 0.42 0.58 0.72 0.82 0.84 0.78 0.66 0.51 0.41 0.33 0.29
 17   0.28 0.30 0.38 0.50 0.62 0.69 0.69 0.64 0.53 0.43 0.34 0.31 0.33 0.44 0.60 0.74 0.85 0.90 0.88 0.80 0.66 0.52 0.41 0.33
 18   0.28 0.28 0.32 0.44 0.60 0.74 0.79 0.77 0.70 0.60 0.48 0.43 0.43 0.47 0.54 0.64 0.74 0.83 0.86 0.82 0.70 0.57 0.44 0.37
 19   0.34 0.36 0.44 0.54 0.63 0.72 0.78 0.79 0.75 0.68 0.60 0.51 0.46 0.47 0.52 0.60 0.70 0.79 0.83 0.82 0.76 0.66 0.53 0.42
 20   0.36 0.34 0.35 0.40 0.48 0.58 0.66 0.71 0.73 0.71 0.65 0.57 0.49 0.47 0.49 0.54 0.59 0.64 0.69 0.71 0.68 0.60 0.51 0.43
 21   0.38 0.35 0.34 0.35 0.39 0.45 0.51 0.56 0.60 0.62 0.61 0.57 0.51 0.47 0.47 0.49 0.53 0.57 0.60 0.60 0.58 0.54 0.49 0.44
 22   0.39 0.35 0.33 0.33 0.35 0.39 0.45 0.52 0.59 0.63 0.64 0.63 0.60 0.56 0.52 0.51 0.52 0.54 0.57 0.59 0.60 0.59 0.55 0.49
 23   0.43 0.39 0.37 0.37 0.39 0.42 0.47 0.53 0.58 0.64 0.69 0.72 0.72 0.70 0.67 0.64 0.61 0.58 0.55 0.52 0.50 0.48 0.46 0.44
 24   0.42 0.40 0.38 0.37 0.37 0.38 0.40 0.44 0.49 0.54 0.61 0.67 0.72 0.74 0.72 0.67 0.61 0.56 0.52 0.49 0.49 0.50 0.52 0.54
 25   0.55 0.53 0.50 0.46 0.43 0.41 0.40 0.41 0.44 0.49 0.56 0.64 0.70 0.75 0.77 0.75 0.68 0.60 0.52 0.46 0.41 0.39 0.41 0.45
 26   0.49 0.52 0.52 0.49 0.45 0.41 0.38 0.37 0.38 0.43 0.52 0.61 0.70 0.78 0.84 0.84 0.78 0.68 0.59 0.52 0.47 0.45 0.45 0.47
 27   0.50 0.53 0.55 0.54 0.50 0.45 0.40 0.36 0.34 0.34 0.37 0.45 0.58 0.70 0.78 0.80 0.76 0.65 0.55 0.46 0.39 0.34 0.32 0.33
 28   0.36 0.41 0.47 0.50 0.49 0.44 0.38 0.33 0.29 0.28 0.30 0.38 0.52 0.68 0.80 0.85 0.82 0.73 0.60 0.47 0.38 0.33 0.31 0.31
 29   0.35 0.46 0.56 0.61 0.59 0.53 0.45 0.38 0.34 0.32 0.33 0.38 0.49 0.62 0.76 0.86 0.87 0.80 0.69 0.55 0.44 0.37 0.33 0.32
 30   0.34 0.43 0.56 0.65 0.68 0.65 0.57 0.49 0.43 0.40 0.40 0.44 0.55 0.69 0.84 0.96 1.02 1.00 0.90 0.76 0.61 0.50 0.43 0.42
 31   0.46 0.54 0.64 0.74 0.80 0.80 0.73 0.63 0.52 0.45 0.42 0.44 0.49 0.58 0.72 0.86 0.95 0.96 0.90 0.78 0.63 0.48 0.39 0.36
 ----------------------------------------------------------------------------------------------------------------------------
                                                                                               
 ----------------------------------------------------------------------------------------------------------------------------
 ----------------------------------------------------------------------------------------------------------------------------
                                                          SURVEY OF INDIA
                                                    MARINE GEODESY WING (G&RB)
                                                     HOURLY HEIGHTS IN METRES
  NAME OF PORT:- TUTICORIN                                                                          MONTH AUGUST    YEAR 2022
 ----------------------------------------------------------------------------------------------------------------------------
 DAYS 0000 0001 0002 0003 0004 0005 0006 0007 0008 0009 0010 0011 0012 0013 0014 0015 0016 0017 0018 0019 0020 0021 0022 0023
 ----------------------------------------------------------------------------------------------------------------------------
  1   0.37 0.42 0.52 0.62 0.72 0.76 0.72 0.62 0.50 0.41 0.36 0.36 0.40 0.50 0.60 0.69 0.78 0.81 0.78 0.70 0.59 0.49 0.42 0.38
  2   0.37 0.39 0.44 0.54 0.66 0.70 0.68 0.63 0.56 0.48 0.42 0.40 0.42 0.48 0.58 0.68 0.78 0.86 0.87 0.82 0.72 0.58 0.48 0.40
  3   0.37 0.38 0.45 0.54 0.64 0.74 0.79 0.78 0.72 0.62 0.52 0.46 0.44 0.48 0.56 0.64 0.72 0.80 0.84 0.82 0.74 0.64 0.51 0.42
  4   0.38 0.38 0.41 0.48 0.58 0.67 0.75 0.77 0.74 0.68 0.60 0.52 0.46 0.44 0.45 0.51 0.63 0.71 0.74 0.71 0.63 0.54 0.46 0.40
  5   0.35 0.32 0.31 0.33 0.38 0.48 0.56 0.62 0.64 0.61 0.55 0.49 0.44 0.40 0.39 0.40 0.43 0.48 0.52 0.54 0.52 0.48 0.44 0.40
  6   0.37 0.35 0.34 0.35 0.37 0.41 0.46 0.52 0.58 0.61 0.60 0.56 0.50 0.45 0.43 0.43 0.44 0.46 0.48 0.50 0.50 0.48 0.45 0.41
  7   0.37 0.34 0.32 0.32 0.34 0.38 0.46 0.53 0.59 0.64 0.69 0.71 0.69 0.65 0.61 0.57 0.54 0.51 0.48 0.46 0.44 0.43 0.42 0.41
  8   0.41 0.40 0.40 0.40 0.41 0.42 0.45 0.49 0.54 0.59 0.66 0.72 0.73 0.71 0.66 0.61 0.55 0.48 0.43 0.38 0.35 0.34 0.36 0.40
  9   0.46 0.48 0.48 0.46 0.43 0.40 0.37 0.36 0.39 0.46 0.55 0.64 0.73 0.76 0.74 0.69 0.62 0.52 0.44 0.38 0.33 0.30 0.30 0.32
 10   0.39 0.44 0.46 0.44 0.40 0.35 0.30 0.26 0.23 0.24 0.34 0.49 0.63 0.72 0.76 0.75 0.67 0.56 0.47 0.39 0.33 0.29 0.27 0.29
 11   0.37 0.52 0.55 0.52 0.45 0.38 0.33 0.29 0.28 0.33 0.47 0.61 0.74 0.85 0.87 0.82 0.71 0.59 0.48 0.39 0.32 0.28 0.27 0.29
 12   0.35 0.48 0.61 0.65 0.62 0.55 0.46 0.39 0.33 0.28 0.27 0.31 0.49 0.64 0.78 0.87 0.86 0.75 0.62 0.49 0.39 0.30 0.26 0.26
 13   0.30 0.40 0.55 0.65 0.67 0.63 0.54 0.44 0.36 0.31 0.29 0.31 0.44 0.59 0.75 0.86 0.89 0.85 0.75 0.61 0.46 0.36 0.31 0.29
 14   0.31 0.37 0.52 0.66 0.74 0.73 0.66 0.56 0.45 0.38 0.34 0.34 0.39 0.51 0.65 0.79 0.88 0.88 0.79 0.65 0.51 0.41 0.33 0.29
 15   0.28 0.31 0.46 0.61 0.73 0.79 0.78 0.68 0.57 0.45 0.39 0.37 0.39 0.47 0.60 0.75 0.88 0.94 0.91 0.80 0.65 0.51 0.40 0.33
 16   0.31 0.33 0.39 0.52 0.65 0.75 0.77 0.72 0.63 0.52 0.43 0.38 0.36 0.38 0.48 0.59 0.70 0.78 0.79 0.73 0.61 0.47 0.37 0.30
 17   0.27 0.27 0.30 0.40 0.55 0.67 0.74 0.73 0.65 0.54 0.45 0.40 0.39 0.43 0.52 0.62 0.72 0.79 0.79 0.70 0.58 0.45 0.35 0.28
 18   0.27 0.29 0.37 0.51 0.63 0.77 0.83 0.81 0.74 0.65 0.55 0.47 0.44 0.47 0.54 0.63 0.73 0.81 0.81 0.75 0.65 0.52 0.41 0.35
 19   0.34 0.38 0.47 0.56 0.66 0.78 0.87 0.88 0.84 0.77 0.69 0.61 0.55 0.54 0.57 0.64 0.71 0.77 0.79 0.76 0.69 0.60 0.51 0.42
 20   0.38 0.38 0.41 0.48 0.55 0.63 0.71 0.75 0.75 0.72 0.67 0.61 0.55 0.52 0.52 0.55 0.58 0.60 0.61 0.60 0.56 0.50 0.44 0.39
 21   0.35 0.33 0.33 0.35 0.40 0.45 0.50 0.55 0.60 0.63 0.64 0.63 0.60 0.57 0.53 0.51 0.49 0.48 0.47 0.46 0.45 0.44 0.43 0.43
 22   0.43 0.43 0.43 0.44 0.46 0.48 0.52 0.58 0.64 0.71 0.76 0.80 0.81 0.79 0.75 0.70 0.64 0.59 0.55 0.51 0.49 0.49 0.51 0.55
 23   0.58 0.59 0.59 0.57 0.54 0.53 0.54 0.56 0.60 0.65 0.71 0.79 0.84 0.85 0.82 0.75 0.67 0.57 0.48 0.42 0.39 0.39 0.41 0.47
 24   0.55 0.57 0.55 0.50 0.45 0.41 0.37 0.35 0.36 0.42 0.51 0.60 0.68 0.76 0.79 0.75 0.65 0.52 0.41 0.33 0.27 0.25 0.27 0.35
 25   0.45 0.53 0.57 0.56 0.50 0.42 0.35 0.30 0.29 0.32 0.39 0.51 0.63 0.75 0.79 0.77 0.69 0.59 0.48 0.36 0.27 0.24 0.27 0.36
 26   0.51 0.61 0.67 0.67 0.62 0.54 0.45 0.39 0.36 0.37 0.45 0.61 0.74 0.87 0.96 0.97 0.91 0.79 0.64 0.50 0.41 0.37 0.39 0.46
 27   0.56 0.66 0.76 0.80 0.77 0.67 0.56 0.46 0.40 0.38 0.42 0.53 0.65 0.81 0.93 0.99 0.95 0.82 0.66 0.52 0.42 0.34 0.32 0.35
 28   0.44 0.55 0.66 0.74 0.74 0.67 0.56 0.44 0.35 0.30 0.31 0.38 0.51 0.68 0.82 0.93 0.95 0.87 0.73 0.60 0.47 0.36 0.33 0.35
 29   0.40 0.49 0.61 0.73 0.77 0.76 0.70 0.56 0.43 0.31 0.27 0.29 0.36 0.55 0.71 0.83 0.86 0.82 0.70 0.59 0.47 0.37 0.29 0.24
 30   0.24 0.28 0.39 0.60 0.71 0.72 0.63 0.50 0.38 0.28 0.22 0.22 0.29 0.44 0.61 0.77 0.85 0.84 0.76 0.65 0.52 0.41 0.34 0.31
 31   0.33 0.39 0.52 0.69 0.83 0.88 0.84 0.72 0.60 0.48 0.41 0.40 0.46 0.56 0.68 0.81 0.89 0.91 0.84 0.72 0.61 0.52 0.44 0.38
 ----------------------------------------------------------------------------------------------------------------------------
                                                                                               
 ----------------------------------------------------------------------------------------------------------------------------
 ----------------------------------------------------------------------------------------------------------------------------
                                                          SURVEY OF INDIA
                                                    MARINE GEODESY WING (G&RB)
                                                     HOURLY HEIGHTS IN METRES
  NAME OF PORT:- TUTICORIN                                                                          MONTH SEPT      YEAR 2022
 ----------------------------------------------------------------------------------------------------------------------------
 DAYS 0000 0001 0002 0003 0004 0005 0006 0007 0008 0009 0010 0011 0012 0013 0014 0015 0016 0017 0018 0019 0020 0021 0022 0023
 ----------------------------------------------------------------------------------------------------------------------------
  1   0.37 0.42 0.52 0.64 0.76 0.87 0.90 0.83 0.69 0.57 0.45 0.40 0.43 0.52 0.62 0.72 0.81 0.84 0.81 0.73 0.63 0.53 0.44 0.37
  2   0.35 0.37 0.45 0.57 0.69 0.79 0.84 0.81 0.71 0.59 0.46 0.41 0.41 0.45 0.52 0.61 0.69 0.72 0.70 0.63 0.53 0.43 0.35 0.30
  3   0.28 0.31 0.40 0.53 0.63 0.73 0.79 0.78 0.70 0.61 0.51 0.43 0.41 0.43 0.48 0.54 0.61 0.65 0.64 0.59 0.51 0.43 0.34 0.31
  4   0.32 0.35 0.40 0.47 0.57 0.66 0.74 0.77 0.76 0.71 0.64 0.56 0.50 0.48 0.49 0.53 0.58 0.62 0.63 0.60 0.55 0.49 0.44 0.40
  5   0.38 0.38 0.40 0.44 0.50 0.57 0.64 0.71 0.75 0.75 0.73 0.70 0.67 0.65 0.62 0.60 0.58 0.56 0.54 0.52 0.49 0.46 0.43 0.41
  6   0.40 0.41 0.42 0.44 0.47 0.51 0.56 0.61 0.66 0.71 0.75 0.78 0.78 0.76 0.72 0.67 0.60 0.55 0.51 0.47 0.44 0.42 0.42 0.43
  7   0.45 0.48 0.49 0.48 0.46 0.44 0.42 0.42 0.45 0.50 0.56 0.63 0.70 0.72 0.71 0.67 0.60 0.52 0.43 0.36 0.32 0.32 0.35 0.41
  8   0.49 0.51 0.50 0.46 0.40 0.34 0.28 0.25 0.25 0.28 0.39 0.53 0.64 0.73 0.75 0.71 0.63 0.55 0.45 0.37 0.30 0.28 0.29 0.33
  9   0.41 0.49 0.52 0.51 0.46 0.40 0.33 0.27 0.24 0.25 0.30 0.39 0.53 0.69 0.76 0.75 0.69 0.58 0.44 0.34 0.28 0.25 0.26 0.31
 10   0.46 0.58 0.69 0.73 0.70 0.59 0.48 0.39 0.32 0.29 0.30 0.38 0.53 0.69 0.79 0.84 0.84 0.78 0.56 0.42 0.33 0.28 0.27 0.31
 11   0.43 0.57 0.71 0.80 0.80 0.73 0.61 0.47 0.37 0.32 0.32 0.37 0.49 0.65 0.80 0.89 0.90 0.84 0.66 0.51 0.39 0.29 0.23 0.23
 12   0.31 0.46 0.65 0.79 0.83 0.79 0.69 0.56 0.46 0.39 0.35 0.37 0.44 0.57 0.73 0.86 0.89 0.83 0.71 0.59 0.47 0.37 0.32 0.32
 13   0.35 0.44 0.61 0.77 0.87 0.87 0.80 0.68 0.50 0.38 0.30 0.29 0.33 0.43 0.56 0.71 0.81 0.79 0.67 0.53 0.41 0.31 0.25 0.23
 14   0.26 0.34 0.49 0.66 0.81 0.85 0.81 0.69 0.55 0.44 0.35 0.32 0.35 0.45 0.55 0.67 0.78 0.79 0.71 0.57 0.46 0.37 0.30 0.27
 15   0.28 0.34 0.46 0.61 0.75 0.83 0.82 0.73 0.62 0.51 0.41 0.36 0.36 0.41 0.50 0.61 0.71 0.73 0.69 0.61 0.51 0.42 0.35 0.29
 16   0.28 0.31 0.40 0.53 0.64 0.74 0.77 0.74 0.66 0.57 0.46 0.37 0.34 0.37 0.44 0.52 0.61 0.64 0.63 0.57 0.49 0.41 0.35 0.30
 17   0.28 0.29 0.36 0.47 0.57 0.67 0.72 0.72 0.66 0.58 0.49 0.41 0.39 0.41 0.46 0.53 0.59 0.61 0.60 0.56 0.51 0.45 0.40 0.35
 18   0.33 0.34 0.39 0.45 0.52 0.61 0.66 0.67 0.65 0.61 0.56 0.50 0.46 0.45 0.47 0.50 0.54 0.58 0.59 0.57 0.52 0.48 0.44 0.41
 19   0.40 0.41 0.43 0.47 0.52 0.58 0.63 0.66 0.67 0.68 0.68 0.68 0.67 0.66 0.64 0.62 0.60 0.58 0.57 0.55 0.53 0.51 0.48 0.45
 20   0.43 0.43 0.44 0.46 0.48 0.50 0.52 0.54 0.56 0.59 0.61 0.64 0.66 0.66 0.64 0.61 0.57 0.52 0.47 0.42 0.39 0.37 0.37 0.39
 21   0.43 0.45 0.45 0.44 0.42 0.40 0.39 0.40 0.42 0.45 0.49 0.54 0.61 0.66 0.67 0.65 0.61 0.55 0.48 0.42 0.39 0.38 0.40 0.43
 22   0.47 0.50 0.51 0.50 0.47 0.43 0.39 0.37 0.37 0.39 0.45 0.54 0.62 0.69 0.74 0.75 0.72 0.63 0.50 0.42 0.39 0.40 0.43 0.48
 23   0.55 0.61 0.65 0.65 0.62 0.57 0.50 0.43 0.41 0.43 0.51 0.60 0.71 0.81 0.85 0.85 0.81 0.72 0.60 0.49 0.43 0.42 0.45 0.51
 24   0.59 0.68 0.75 0.77 0.74 0.67 0.58 0.48 0.42 0.41 0.46 0.54 0.65 0.77 0.86 0.91 0.90 0.83 0.66 0.53 0.43 0.38 0.39 0.45
 25   0.57 0.68 0.78 0.82 0.79 0.71 0.60 0.49 0.40 0.38 0.40 0.47 0.60 0.74 0.87 0.93 0.92 0.83 0.69 0.55 0.43 0.36 0.35 0.39
 26   0.47 0.60 0.73 0.81 0.80 0.73 0.62 0.49 0.37 0.33 0.35 0.43 0.54 0.67 0.79 0.89 0.93 0.87 0.70 0.56 0.43 0.36 0.34 0.37
 27   0.51 0.65 0.80 0.91 0.95 0.90 0.79 0.63 0.45 0.36 0.33 0.36 0.47 0.59 0.74 0.87 0.91 0.86 0.75 0.61 0.48 0.37 0.34 0.40
 28   0.55 0.69 0.84 0.90 0.89 0.81 0.68 0.54 0.41 0.36 0.37 0.43 0.53 0.66 0.79 0.87 0.86 0.76 0.64 0.51 0.39 0.31 0.30 0.34
 29   0.42 0.52 0.63 0.77 0.89 0.91 0.85 0.75 0.62 0.48 0.39 0.36 0.39 0.47 0.57 0.69 0.79 0.81 0.77 0.67 0.54 0.43 0.33 0.29
 30   0.30 0.38 0.52 0.67 0.81 0.92 0.91 0.83 0.70 0.58 0.46 0.39 0.39 0.44 0.52 0.61 0.71 0.74 0.72 0.65 0.55 0.45 0.36 0.32
 ----------------------------------------------------------------------------------------------------------------------------
                                                                                               
 ----------------------------------------------------------------------------------------------------------------------------
 ----------------------------------------------------------------------------------------------------------------------------
                                                          SURVEY OF INDIA
                                                    MARINE GEODESY WING (G&RB)
                                                     HOURLY HEIGHTS IN METRES
  NAME OF PORT:- TUTICORIN                                                                          MONTH OCTOBER   YEAR 2022
 ----------------------------------------------------------------------------------------------------------------------------
 DAYS 0000 0001 0002 0003 0004 0005 0006 0007 0008 0009 0010 0011 0012 0013 0014 0015 0016 0017 0018 0019 0020 0021 0022 0023
 ----------------------------------------------------------------------------------------------------------------------------
  1   0.33 0.40 0.52 0.65 0.79 0.90 0.93 0.89 0.80 0.69 0.58 0.50 0.48 0.50 0.55 0.61 0.68 0.72 0.70 0.64 0.56 0.48 0.40 0.35
  2   0.35 0.40 0.48 0.57 0.69 0.78 0.83 0.83 0.80 0.73 0.65 0.57 0.53 0.53 0.56 0.60 0.64 0.66 0.64 0.60 0.54 0.48 0.42 0.36
  3   0.34 0.37 0.42 0.49 0.57 0.66 0.74 0.77 0.76 0.71 0.65 0.59 0.54 0.51 0.52 0.56 0.60 0.62 0.60 0.56 0.52 0.48 0.44 0.40
  4   0.38 0.39 0.41 0.44 0.48 0.53 0.58 0.62 0.65 0.66 0.65 0.62 0.60 0.57 0.55 0.54 0.52 0.49 0.47 0.45 0.43 0.41 0.40 0.39
  5   0.39 0.39 0.39 0.40 0.40 0.41 0.42 0.44 0.47 0.51 0.54 0.56 0.57 0.57 0.55 0.52 0.49 0.45 0.41 0.38 0.36 0.35 0.35 0.36
  6   0.39 0.43 0.44 0.43 0.41 0.38 0.35 0.33 0.34 0.37 0.43 0.50 0.58 0.62 0.62 0.60 0.56 0.50 0.43 0.35 0.32 0.31 0.33 0.38
  7   0.45 0.51 0.54 0.54 0.51 0.47 0.42 0.38 0.35 0.35 0.41 0.49 0.57 0.64 0.69 0.70 0.67 0.60 0.52 0.45 0.40 0.37 0.38 0.42
  8   0.49 0.57 0.65 0.67 0.65 0.60 0.52 0.44 0.39 0.37 0.39 0.48 0.58 0.67 0.75 0.78 0.74 0.67 0.57 0.47 0.40 0.36 0.36 0.40
  9   0.47 0.60 0.71 0.78 0.77 0.69 0.59 0.47 0.38 0.33 0.33 0.38 0.49 0.60 0.70 0.77 0.76 0.68 0.57 0.45 0.37 0.32 0.30 0.33
 10   0.41 0.53 0.67 0.76 0.81 0.77 0.67 0.55 0.43 0.35 0.33 0.37 0.46 0.58 0.70 0.77 0.78 0.72 0.58 0.46 0.36 0.29 0.28 0.33
 11   0.47 0.59 0.73 0.84 0.88 0.85 0.73 0.60 0.48 0.38 0.35 0.37 0.43 0.51 0.62 0.71 0.75 0.73 0.63 0.52 0.41 0.32 0.28 0.29
 12   0.37 0.49 0.62 0.74 0.84 0.84 0.77 0.66 0.55 0.43 0.36 0.35 0.38 0.45 0.56 0.69 0.76 0.76 0.69 0.59 0.49 0.39 0.33 0.33
 13   0.41 0.51 0.63 0.75 0.87 0.91 0.87 0.77 0.63 0.50 0.40 0.36 0.37 0.43 0.52 0.62 0.71 0.74 0.70 0.61 0.51 0.41 0.33 0.31
 14   0.34 0.43 0.56 0.69 0.82 0.85 0.83 0.76 0.67 0.56 0.45 0.39 0.39 0.42 0.49 0.57 0.65 0.67 0.63 0.55 0.47 0.38 0.31 0.29
 15   0.31 0.39 0.48 0.58 0.69 0.75 0.77 0.73 0.64 0.54 0.44 0.37 0.34 0.35 0.40 0.47 0.53 0.56 0.55 0.51 0.45 0.38 0.32 0.28
 16   0.29 0.34 0.40 0.47 0.55 0.62 0.66 0.67 0.63 0.56 0.48 0.41 0.36 0.34 0.35 0.39 0.43 0.45 0.45 0.42 0.37 0.32 0.27 0.25
 17   0.26 0.29 0.33 0.39 0.45 0.53 0.58 0.60 0.59 0.56 0.52 0.47 0.41 0.38 0.38 0.40 0.45 0.49 0.50 0.48 0.44 0.40 0.37 0.35
 18   0.34 0.35 0.38 0.42 0.46 0.50 0.53 0.55 0.56 0.56 0.55 0.53 0.52 0.50 0.49 0.48 0.48 0.47 0.46 0.46 0.45 0.45 0.45 0.45
 19   0.46 0.47 0.49 0.50 0.51 0.53 0.54 0.56 0.58 0.59 0.59 0.58 0.57 0.56 0.55 0.54 0.53 0.51 0.49 0.46 0.43 0.41 0.41 0.44
 20   0.51 0.53 0.53 0.52 0.51 0.50 0.49 0.48 0.48 0.49 0.52 0.55 0.57 0.57 0.56 0.54 0.51 0.46 0.41 0.37 0.35 0.35 0.36 0.39
 21   0.45 0.49 0.50 0.48 0.45 0.41 0.38 0.36 0.36 0.38 0.42 0.48 0.54 0.56 0.56 0.54 0.50 0.45 0.39 0.33 0.30 0.31 0.35 0.39
 22   0.43 0.47 0.48 0.48 0.45 0.39 0.34 0.31 0.29 0.31 0.35 0.42 0.51 0.58 0.63 0.61 0.55 0.58 0.39 0.33 0.31 0.33 0.37 0.43
 23   0.49 0.61 0.65 0.64 0.60 0.52 0.43 0.36 0.34 0.34 0.39 0.48 0.59 0.68 0.75 0.74 0.67 0.65 0.48 0.40 0.35 0.35 0.39 0.49
 24   0.59 0.69 0.79 0.78 0.73 0.65 0.53 0.43 0.35 0.33 0.36 0.48 0.60 0.71 0.82 0.82 0.75 0.71 0.54 0.42 0.36 0.37 0.43 0.53
 25   0.65 0.75 0.87 0.90 0.88 0.77 0.63 0.50 0.41 0.37 0.38 0.45 0.55 0.65 0.77 0.83 0.81 0.72 0.60 0.47 0.35 0.31 0.33 0.42
 26   0.60 0.74 0.88 0.98 1.00 0.93 0.79 0.66 0.52 0.40 0.32 0.34 0.43 0.55 0.68 0.77 0.78 0.73 0.63 0.51 0.39 0.32 0.33 0.38
 27   0.48 0.59 0.74 0.88 0.93 0.90 0.81 0.68 0.54 0.40 0.30 0.29 0.34 0.42 0.54 0.65 0.75 0.77 0.70 0.49 0.35 0.28 0.26 0.30
 28   0.39 0.50 0.64 0.78 0.91 0.93 0.87 0.77 0.67 0.57 0.48 0.47 0.50 0.56 0.63 0.71 0.76 0.77 0.74 0.66 0.56 0.45 0.39 0.40
 29   0.46 0.56 0.67 0.79 0.91 0.97 0.97 0.90 0.79 0.68 0.58 0.54 0.54 0.58 0.65 0.72 0.76 0.77 0.73 0.66 0.57 0.48 0.42 0.40
 30   0.44 0.51 0.60 0.69 0.78 0.88 0.90 0.88 0.82 0.72 0.62 0.55 0.52 0.52 0.56 0.60 0.64 0.68 0.68 0.64 0.58 0.52 0.46 0.42
 31   0.42 0.45 0.51 0.58 0.65 0.74 0.81 0.84 0.82 0.75 0.67 0.59 0.53 0.52 0.54 0.58 0.61 0.64 0.65 0.63 0.59 0.54 0.50 0.48
 ----------------------------------------------------------------------------------------------------------------------------
                                                                                              
 ----------------------------------------------------------------------------------------------------------------------------
 ----------------------------------------------------------------------------------------------------------------------------
                                                          SURVEY OF INDIA
                                                    MARINE GEODESY WING (G&RB)
                                                     HOURLY HEIGHTS IN METRES
  NAME OF PORT:- TUTICORIN                                                                          MONTH NOVEMBER  YEAR 2022
 ----------------------------------------------------------------------------------------------------------------------------
 DAYS 0000 0001 0002 0003 0004 0005 0006 0007 0008 0009 0010 0011 0012 0013 0014 0015 0016 0017 0018 0019 0020 0021 0022 0023
 ----------------------------------------------------------------------------------------------------------------------------
  1   0.48 0.50 0.53 0.58 0.63 0.69 0.76 0.79 0.79 0.76 0.72 0.67 0.62 0.57 0.56 0.57 0.59 0.60 0.60 0.59 0.58 0.57 0.56 0.54
  2   0.53 0.52 0.52 0.53 0.55 0.58 0.60 0.64 0.66 0.69 0.70 0.68 0.65 0.62 0.60 0.58 0.57 0.55 0.55 0.55 0.55 0.57 0.61 0.63
  3   0.63 0.62 0.60 0.57 0.56 0.57 0.58 0.60 0.64 0.67 0.69 0.69 0.69 0.67 0.65 0.63 0.59 0.56 0.52 0.50 0.51 0.54 0.58 0.62
  4   0.64 0.65 0.65 0.64 0.62 0.58 0.55 0.54 0.54 0.56 0.62 0.69 0.77 0.80 0.80 0.75 0.66 0.57 0.47 0.37 0.34 0.36 0.42 0.50
  5   0.58 0.68 0.77 0.78 0.75 0.69 0.63 0.58 0.56 0.57 0.60 0.66 0.71 0.76 0.77 0.74 0.69 0.63 0.57 0.51 0.49 0.50 0.54 0.59
  6   0.64 0.70 0.75 0.76 0.73 0.65 0.56 0.48 0.43 0.41 0.44 0.58 0.67 0.72 0.74 0.72 0.67 0.61 0.55 0.52 0.52 0.55 0.59 0.62
  7   0.66 0.69 0.72 0.73 0.71 0.64 0.54 0.43 0.35 0.32 0.34 0.40 0.50 0.59 0.66 0.68 0.64 0.56 0.46 0.36 0.30 0.29 0.32 0.40
  8   0.52 0.63 0.74 0.80 0.79 0.72 0.61 0.49 0.36 0.31 0.31 0.35 0.43 0.53 0.63 0.67 0.65 0.59 0.49 0.38 0.30 0.28 0.31 0.37
  9   0.47 0.57 0.68 0.79 0.82 0.78 0.69 0.57 0.45 0.33 0.30 0.33 0.41 0.50 0.59 0.64 0.63 0.58 0.50 0.40 0.31 0.29 0.31 0.37
 10   0.46 0.55 0.65 0.74 0.78 0.78 0.72 0.63 0.53 0.44 0.38 0.36 0.39 0.45 0.53 0.63 0.66 0.64 0.59 0.51 0.43 0.35 0.32 0.33
 11   0.37 0.45 0.55 0.66 0.76 0.80 0.78 0.71 0.62 0.51 0.41 0.36 0.36 0.40 0.47 0.54 0.61 0.62 0.59 0.53 0.46 0.39 0.33 0.31
 12   0.33 0.39 0.47 0.57 0.67 0.72 0.73 0.70 0.63 0.55 0.47 0.39 0.37 0.39 0.43 0.48 0.54 0.58 0.58 0.55 0.50 0.44 0.38 0.33
 13   0.33 0.37 0.43 0.51 0.59 0.66 0.72 0.72 0.68 0.62 0.55 0.49 0.45 0.45 0.47 0.51 0.55 0.60 0.62 0.60 0.56 0.51 0.45 0.41
 14   0.41 0.43 0.47 0.53 0.60 0.67 0.73 0.75 0.73 0.69 0.63 0.57 0.53 0.51 0.51 0.53 0.57 0.59 0.59 0.57 0.53 0.49 0.45 0.43
 15
 16
 17
 18
 19
 20
 21
 22
 23
 24
 25
 26
 27
 28
 29
 30
 ----------------------------------------------------------------------------------------------------------------------------
                                                                                               
 ----------------------------------------------------------------------------------------------------------------------------
 ----------------------------------------------------------------------------------------------------------------------------
                                                          SURVEY OF INDIA
                                                    MARINE GEODESY WING (G&RB)
                                                     HOURLY HEIGHTS IN METRES
  NAME OF PORT:- TUTICORIN                                                                          MONTH DECEMBER  YEAR 2022
 ----------------------------------------------------------------------------------------------------------------------------
 DAYS 0000 0001 0002 0003 0004 0005 0006 0007 0008 0009 0010 0011 0012 0013 0014 0015 0016 0017 0018 0019 0020 0021 0022 0023
 ----------------------------------------------------------------------------------------------------------------------------
  1
  2
  3
  4
  5
  6
  7
  8
  9
 10
 11
 12
 13
 14
 15
 16
 17
 18
 19
 20
 21
 22
 23
 24
 25
 26
 27
 28
 29
 30
 31
 ----------------------------------------------------------------------------------------------------------------------------
