                                                          SURVEY OF INDIA
                                                    MARINE GEODESY WING (G&RB)
                                                     HOURLY HEIGHTS IN METRES
  NAME OF PORT:- TUTICORIN                                                                          MONTH JANUARY   YEAR 2017
 ----------------------------------------------------------------------------------------------------------------------------
 DAYS 0000 0001 0002 0003 0004 0005 0006 0007 0008 0009 0010 0011 0012 0013 0014 0015 0016 0017 0018 0019 0020 0021 0022 0023
 ----------------------------------------------------------------------------------------------------------------------------
  1   0.61 0.76 0.89 0.98 0.99 0.92 0.77 0.60 0.45 0.34 0.30 0.35 0.45 0.57 0.70 0.81 0.87 0.83 0.72 0.59 0.47 0.37 0.32 0.41
  2   0.56 0.72 0.86 0.96 1.01 0.98 0.86 0.70 0.55 0.43 0.35 0.35 0.45 0.59 0.74 0.87 0.95 0.95 0.87 0.77 0.67 0.57 0.50 0.50
  3   0.61 0.73 0.84 0.95 1.04 1.05 0.96 0.81 0.65 0.51 0.41 0.37 0.44 0.55 0.67 0.78 0.87 0.90 0.87 0.80 0.72 0.63 0.55 0.50
  4   0.53 0.61 0.71 0.81 0.90 0.94 0.90 0.79 0.66 0.53 0.41 0.32 0.28 0.32 0.41 0.52 0.63 0.73 0.79 0.80 0.77 0.70 0.61 0.53
  5   0.47 0.48 0.54 0.62 0.71 0.78 0.78 0.72 0.61 0.49 0.38 0.29 0.28 0.35 0.45 0.55 0.65 0.73 0.77 0.77 0.74 0.68 0.60 0.53
  6   0.49 0.49 0.52 0.59 0.67 0.73 0.74 0.69 0.62 0.55 0.48 0.41 0.36 0.36 0.42 0.50 0.58 0.66 0.73 0.79 0.83 0.84 0.82 0.75
  7   0.67 0.60 0.56 0.56 0.59 0.65 0.71 0.75 0.75 0.71 0.65 0.59 0.53 0.48 0.46 0.48 0.54 0.62 0.71 0.80 0.88 0.94 0.96 0.92
  8   0.85 0.77 0.70 0.65 0.63 0.64 0.67 0.72 0.77 0.80 0.80 0.78 0.72 0.65 0.58 0.52 0.50 0.52 0.57 0.64 0.72 0.80 0.88 0.94
  9   0.94 0.87 0.78 0.69 0.61 0.54 0.50 0.51 0.55 0.59 0.63 0.66 0.67 0.64 0.59 0.54 0.49 0.45 0.43 0.45 0.54 0.65 0.77 0.89
 10   0.98 1.00 0.92 0.80 0.68 0.55 0.44 0.40 0.44 0.51 0.59 0.66 0.71 0.71 0.66 0.59 0.52 0.45 0.39 0.36 0.43 0.54 0.67 0.82
 11   0.95 1.00 0.97 0.87 0.74 0.61 0.49 0.40 0.35 0.36 0.43 0.52 0.61 0.68 0.71 0.69 0.62 0.52 0.43 0.37 0.36 0.42 0.55 0.72
 12   0.88 0.99 1.03 1.00 0.90 0.76 0.61 0.47 0.37 0.34 0.37 0.49 0.63 0.76 0.85 0.88 0.83 0.73 0.59 0.46 0.36 0.36 0.46 0.64
 13   0.84 1.00 1.10 1.13 1.06 0.92 0.74 0.58 0.44 0.34 0.33 0.47 0.65 0.81 0.93 0.97 0.92 0.79 0.63 0.49 0.40 0.39 0.46 0.59
 14   0.75 0.91 1.05 1.12 1.09 0.94 0.74 0.56 0.41 0.32 0.31 0.36 0.49 0.65 0.83 0.95 0.96 0.85 0.70 0.57 0.46 0.40 0.41 0.53
 15   0.67 0.81 0.95 1.05 1.07 0.98 0.81 0.65 0.50 0.38 0.32 0.33 0.42 0.56 0.73 0.88 0.96 0.91 0.78 0.63 0.51 0.42 0.39 0.43
 16   0.55 0.70 0.85 0.97 1.03 0.99 0.86 0.70 0.54 0.38 0.28 0.30 0.40 0.54 0.70 0.85 0.94 0.93 0.85 0.74 0.61 0.49 0.41 0.44
 17   0.54 0.67 0.80 0.91 0.98 0.95 0.85 0.70 0.55 0.40 0.28 0.25 0.31 0.42 0.55 0.70 0.84 0.91 0.88 0.79 0.68 0.56 0.45 0.41
 18   0.44 0.53 0.64 0.75 0.84 0.88 0.85 0.75 0.63 0.50 0.38 0.27 0.21 0.22 0.31 0.44 0.58 0.70 0.77 0.78 0.74 0.67 0.59 0.53
 19   0.51 0.53 0.58 0.64 0.70 0.74 0.74 0.68 0.59 0.49 0.39 0.32 0.29 0.33 0.43 0.55 0.66 0.74 0.78 0.77 0.72 0.64 0.54 0.46
 20   0.43 0.47 0.55 0.63 0.69 0.72 0.71 0.66 0.59 0.51 0.43 0.35 0.29 0.28 0.33 0.42 0.52 0.62 0.71 0.77 0.78 0.75 0.69 0.61
 21   0.55 0.53 0.56 0.62 0.68 0.72 0.72 0.68 0.62 0.56 0.50 0.44 0.39 0.38 0.40 0.45 0.51 0.58 0.65 0.72 0.78 0.82 0.82 0.78
 22   0.72 0.66 0.61 0.58 0.58 0.61 0.65 0.68 0.68 0.65 0.61 0.56 0.51 0.47 0.45 0.45 0.48 0.53 0.59 0.65 0.71 0.77 0.82 0.86
 23   0.86 0.82 0.76 0.69 0.62 0.55 0.49 0.46 0.46 0.50 0.57 0.64 0.67 0.65 0.59 0.51 0.43 0.37 0.35 0.38 0.45 0.54 0.64 0.73
 24   0.78 0.79 0.76 0.70 0.62 0.53 0.45 0.40 0.39 0.41 0.46 0.52 0.57 0.59 0.57 0.53 0.49 0.45 0.43 0.43 0.46 0.53 0.62 0.73
 25   0.83 0.87 0.84 0.76 0.66 0.56 0.46 0.38 0.36 0.39 0.46 0.54 0.62 0.67 0.67 0.62 0.52 0.42 0.35 0.34 0.40 0.51 0.64 0.77
 26   0.90 0.99 1.01 0.93 0.81 0.67 0.54 0.43 0.37 0.38 0.49 0.61 0.71 0.78 0.78 0.70 0.58 0.46 0.37 0.33 0.38 0.49 0.63 0.79
 27   0.94 1.05 1.07 1.01 0.88 0.72 0.58 0.48 0.42 0.42 0.47 0.57 0.70 0.83 0.90 0.89 0.78 0.62 0.48 0.39 0.37 0.43 0.58 0.78
 28   0.96 1.08 1.13 1.12 1.03 0.82 0.64 0.50 0.41 0.38 0.45 0.57 0.70 0.83 0.94 0.98 0.93 0.81 0.65 0.51 0.42 0.39 0.47 0.64
 29   0.82 0.99 1.10 1.12 1.07 0.95 0.80 0.65 0.52 0.42 0.39 0.46 0.60 0.75 0.90 0.98 0.99 0.91 0.76 0.60 0.46 0.39 0.42 0.53
 30   0.69 0.85 1.00 1.08 1.08 1.01 0.85 0.65 0.44 0.32 0.31 0.37 0.50 0.65 0.81 0.94 0.98 0.91 0.78 0.61 0.44 0.33 0.33 0.43
 31   0.57 0.72 0.88 1.01 1.05 0.99 0.84 0.66 0.48 0.34 0.27 0.31 0.43 0.60 0.77 0.91 0.99 0.96 0.85 0.70 0.56 0.44 0.37 0.41
 ----------------------------------------------------------------------------------------------------------------------------
                                                                                               
 ----------------------------------------------------------------------------------------------------------------------------
 ----------------------------------------------------------------------------------------------------------------------------
                                                          SURVEY OF INDIA
                                                    MARINE GEODESY WING (G&RB)
                                                     HOURLY HEIGHTS IN METRES
  NAME OF PORT:- TUTICORIN                                                                          MONTH FEBRUARY  YEAR 2017
 ----------------------------------------------------------------------------------------------------------------------------
 DAYS 0000 0001 0002 0003 0004 0005 0006 0007 0008 0009 0010 0011 0012 0013 0014 0015 0016 0017 0018 0019 0020 0021 0022 0023
 ----------------------------------------------------------------------------------------------------------------------------
  1   0.55 0.72 0.91 1.02 1.05 1.01 0.89 0.72 0.56 0.43 0.35 0.36 0.45 0.58 0.72 0.87 0.97 0.99 0.94 0.82 0.67 0.53 0.45 0.45
  2   0.53 0.66 0.79 0.90 0.97 0.99 0.93 0.79 0.62 0.42 0.28 0.27 0.35 0.48 0.62 0.75 0.86 0.91 0.90 0.83 0.72 0.59 0.47 0.38
  3   0.40 0.49 0.61 0.72 0.80 0.82 0.77 0.67 0.54 0.41 0.30 0.23 0.24 0.32 0.45 0.59 0.73 0.83 0.86 0.84 0.77 0.68 0.59 0.51
  4   0.46 0.48 0.54 0.62 0.70 0.76 0.76 0.70 0.60 0.49 0.38 0.30 0.28 0.32 0.42 0.54 0.66 0.76 0.83 0.86 0.85 0.79 0.71 0.62
  5   0.54 0.51 0.52 0.57 0.63 0.68 0.69 0.66 0.60 0.52 0.44 0.37 0.32 0.32 0.37 0.46 0.55 0.64 0.73 0.79 0.82 0.82 0.79 0.73
  6   0.66 0.60 0.56 0.54 0.54 0.56 0.58 0.60 0.60 0.58 0.53 0.48 0.43 0.40 0.40 0.42 0.47 0.53 0.60 0.67 0.74 0.81 0.87 0.89
  7   0.87 0.80 0.72 0.64 0.57 0.50 0.45 0.44 0.47 0.56 0.66 0.75 0.78 0.74 0.64 0.53 0.45 0.44 0.50 0.59 0.68 0.78 0.88 0.95
  8   0.98 0.95 0.85 0.73 0.61 0.50 0.41 0.38 0.40 0.47 0.55 0.64 0.71 0.72 0.68 0.59 0.50 0.42 0.40 0.43 0.51 0.62 0.74 0.85
  9   0.94 0.95 0.90 0.80 0.66 0.53 0.41 0.32 0.30 0.35 0.45 0.56 0.67 0.73 0.72 0.65 0.55 0.44 0.34 0.30 0.32 0.40 0.54 0.70
 10   0.85 0.92 0.91 0.81 0.65 0.51 0.36 0.23 0.18 0.20 0.30 0.44 0.58 0.69 0.73 0.71 0.61 0.48 0.34 0.24 0.22 0.28 0.40 0.56
 11   0.72 0.86 0.90 0.88 0.77 0.60 0.42 0.27 0.19 0.19 0.26 0.41 0.57 0.74 0.85 0.87 0.81 0.66 0.50 0.37 0.31 0.32 0.40 0.57
 12   0.75 0.93 1.03 1.03 0.94 0.78 0.58 0.38 0.25 0.22 0.25 0.38 0.55 0.73 0.89 0.94 0.91 0.76 0.58 0.42 0.30 0.26 0.30 0.45
 13   0.62 0.80 0.93 0.97 0.94 0.80 0.60 0.41 0.24 0.17 0.19 0.31 0.46 0.62 0.77 0.86 0.86 0.76 0.58 0.40 0.27 0.23 0.26 0.36
 14   0.50 0.67 0.83 0.90 0.89 0.79 0.61 0.42 0.26 0.17 0.15 0.18 0.30 0.47 0.70 0.86 0.90 0.87 0.72 0.52 0.35 0.26 0.25 0.30
 15   0.42 0.56 0.72 0.83 0.85 0.80 0.66 0.49 0.30 0.17 0.13 0.15 0.26 0.43 0.61 0.77 0.86 0.86 0.79 0.65 0.49 0.35 0.28 0.28
 16   0.37 0.51 0.64 0.76 0.82 0.79 0.68 0.53 0.38 0.25 0.17 0.16 0.22 0.38 0.54 0.69 0.83 0.87 0.85 0.75 0.60 0.46 0.37 0.35
 17   0.39 0.48 0.59 0.70 0.76 0.76 0.70 0.58 0.46 0.34 0.23 0.16 0.15 0.20 0.32 0.46 0.60 0.70 0.74 0.74 0.70 0.62 0.52 0.43
 18   0.40 0.41 0.47 0.54 0.61 0.66 0.67 0.64 0.56 0.42 0.28 0.20 0.18 0.20 0.30 0.49 0.65 0.74 0.78 0.77 0.72 0.64 0.56 0.50
 19   0.48 0.49 0.54 0.60 0.66 0.70 0.70 0.64 0.56 0.48 0.40 0.35 0.34 0.38 0.46 0.55 0.64 0.72 0.78 0.80 0.79 0.74 0.67 0.60
 20   0.56 0.55 0.56 0.59 0.63 0.67 0.68 0.66 0.61 0.55 0.50 0.46 0.44 0.45 0.49 0.55 0.61 0.67 0.72 0.76 0.78 0.78 0.76 0.73
 21   0.70 0.67 0.64 0.61 0.59 0.57 0.56 0.56 0.58 0.60 0.61 0.60 0.58 0.56 0.54 0.53 0.54 0.57 0.61 0.65 0.69 0.73 0.77 0.80
 22   0.81 0.80 0.77 0.72 0.67 0.62 0.58 0.55 0.54 0.55 0.59 0.64 0.67 0.68 0.66 0.62 0.57 0.53 0.51 0.52 0.56 0.64 0.73 0.81
 23   0.84 0.82 0.76 0.68 0.59 0.50 0.41 0.35 0.33 0.36 0.45 0.55 0.63 0.67 0.67 0.62 0.53 0.45 0.40 0.39 0.43 0.51 0.61 0.73
 24   0.82 0.85 0.82 0.73 0.61 0.48 0.37 0.30 0.29 0.35 0.46 0.58 0.69 0.76 0.77 0.72 0.61 0.47 0.35 0.32 0.35 0.45 0.58 0.73
 25   0.87 0.97 0.98 0.91 0.76 0.60 0.45 0.32 0.28 0.30 0.39 0.52 0.66 0.78 0.84 0.82 0.72 0.57 0.42 0.35 0.34 0.38 0.51 0.68
 26   0.86 1.00 1.03 0.99 0.86 0.69 0.52 0.36 0.29 0.29 0.37 0.53 0.69 0.85 0.93 0.94 0.86 0.70 0.52 0.37 0.30 0.31 0.41 0.62
 27   0.81 0.96 1.04 1.04 0.95 0.77 0.58 0.40 0.29 0.27 0.31 0.47 0.66 0.85 0.98 1.02 0.99 0.85 0.65 0.47 0.32 0.29 0.32 0.53
 28   0.75 0.93 1.04 1.06 1.01 0.84 0.65 0.43 0.27 0.22 0.25 0.36 0.52 0.71 0.91 1.02 1.05 1.01 0.85 0.61 0.41 0.30 0.28 0.36
 ----------------------------------------------------------------------------------------------------------------------------
                                                                                               
 ----------------------------------------------------------------------------------------------------------------------------
 ----------------------------------------------------------------------------------------------------------------------------
                                                          SURVEY OF INDIA
                                                    MARINE GEODESY WING (G&RB)
                                                     HOURLY HEIGHTS IN METRES
  NAME OF PORT:- TUTICORIN                                                                          MONTH MARCH     YEAR 2017
 ----------------------------------------------------------------------------------------------------------------------------
 DAYS 0000 0001 0002 0003 0004 0005 0006 0007 0008 0009 0010 0011 0012 0013 0014 0015 0016 0017 0018 0019 0020 0021 0022 0023
 ----------------------------------------------------------------------------------------------------------------------------
  1   0.51 0.70 0.88 1.00 1.02 0.96 0.79 0.58 0.37 0.27 0.25 0.31 0.44 0.60 0.78 0.93 1.00 0.99 0.88 0.65 0.38 0.26 0.26 0.35
  2   0.50 0.66 0.83 0.97 1.00 0.95 0.77 0.58 0.40 0.27 0.20 0.21 0.32 0.52 0.71 0.89 0.98 1.00 0.96 0.85 0.70 0.54 0.42 0.41
  3   0.48 0.64 0.82 0.97 1.03 1.02 0.94 0.77 0.58 0.43 0.39 0.41 0.53 0.68 0.82 0.95 1.06 1.11 1.09 1.00 0.86 0.71 0.58 0.53
  4   0.55 0.63 0.75 0.87 0.97 1.00 0.96 0.84 0.69 0.54 0.42 0.38 0.41 0.51 0.64 0.78 0.90 0.98 1.00 0.95 0.83 0.70 0.59 0.51
  5   0.50 0.56 0.66 0.77 0.86 0.89 0.86 0.75 0.62 0.50 0.40 0.35 0.36 0.44 0.55 0.67 0.78 0.86 0.89 0.86 0.79 0.71 0.63 0.55
  6   0.50 0.50 0.54 0.60 0.67 0.73 0.74 0.69 0.60 0.51 0.42 0.35 0.33 0.36 0.44 0.53 0.62 0.71 0.78 0.81 0.81 0.77 0.72 0.67
  7   0.63 0.60 0.58 0.57 0.58 0.60 0.63 0.65 0.65 0.63 0.60 0.57 0.54 0.53 0.54 0.57 0.61 0.65 0.69 0.73 0.77 0.80 0.81 0.79
  8   0.75 0.71 0.67 0.63 0.59 0.55 0.52 0.53 0.57 0.62 0.67 0.70 0.70 0.68 0.65 0.62 0.59 0.57 0.57 0.59 0.65 0.73 0.81 0.88
  9   0.91 0.89 0.81 0.72 0.63 0.55 0.49 0.47 0.50 0.56 0.64 0.71 0.75 0.76 0.73 0.67 0.60 0.53 0.47 0.44 0.48 0.57 0.68 0.80
 10   0.89 0.92 0.88 0.77 0.65 0.53 0.41 0.33 0.33 0.41 0.53 0.66 0.77 0.85 0.87 0.81 0.65 0.50 0.39 0.34 0.37 0.47 0.61 0.75
 11   0.88 0.94 0.92 0.79 0.64 0.50 0.36 0.27 0.27 0.36 0.50 0.63 0.75 0.84 0.87 0.81 0.69 0.56 0.44 0.34 0.30 0.37 0.50 0.65
 12   0.82 0.94 0.99 0.94 0.78 0.60 0.44 0.33 0.28 0.30 0.40 0.54 0.68 0.82 0.92 0.93 0.83 0.67 0.50 0.34 0.24 0.24 0.33 0.49
 13   0.69 0.86 0.97 0.97 0.88 0.73 0.55 0.38 0.24 0.19 0.29 0.46 0.63 0.79 0.93 0.98 0.93 0.81 0.64 0.44 0.26 0.21 0.26 0.40
 14   0.56 0.73 0.86 0.91 0.88 0.75 0.56 0.38 0.21 0.14 0.21 0.37 0.55 0.72 0.87 0.97 0.96 0.86 0.69 0.51 0.36 0.25 0.25 0.38
 15   0.55 0.71 0.85 0.94 0.95 0.86 0.68 0.51 0.35 0.22 0.20 0.31 0.48 0.66 0.83 0.96 0.99 0.92 0.79 0.62 0.44 0.30 0.27 0.35
 16   0.48 0.62 0.75 0.86 0.90 0.85 0.71 0.55 0.38 0.24 0.18 0.24 0.39 0.57 0.73 0.88 0.96 0.96 0.86 0.71 0.54 0.39 0.30 0.30
 17   0.39 0.52 0.65 0.77 0.84 0.84 0.77 0.62 0.47 0.33 0.25 0.27 0.38 0.53 0.69 0.85 0.97 0.99 0.92 0.79 0.65 0.51 0.39 0.34
 18   0.40 0.51 0.63 0.75 0.85 0.87 0.82 0.71 0.59 0.47 0.39 0.38 0.46 0.59 0.73 0.87 0.97 1.00 0.96 0.87 0.75 0.62 0.51 0.45
 19   0.51 0.64 0.79 0.89 0.92 0.89 0.81 0.71 0.61 0.51 0.42 0.37 0.41 0.54 0.71 0.88 0.98 1.00 0.94 0.81 0.65 0.50 0.41 0.40
 20   0.45 0.53 0.61 0.69 0.75 0.76 0.72 0.64 0.55 0.46 0.39 0.34 0.31 0.31 0.36 0.45 0.56 0.67 0.74 0.75 0.71 0.65 0.58 0.51
 21   0.46 0.46 0.50 0.55 0.59 0.61 0.60 0.57 0.53 0.49 0.45 0.42 0.40 0.40 0.42 0.46 0.51 0.57 0.64 0.70 0.72 0.71 0.67 0.62
 22   0.57 0.53 0.50 0.48 0.47 0.47 0.48 0.50 0.52 0.55 0.58 0.58 0.56 0.52 0.48 0.46 0.46 0.49 0.55 0.62 0.69 0.74 0.76 0.75
 23   0.72 0.68 0.63 0.58 0.53 0.49 0.47 0.47 0.49 0.53 0.59 0.65 0.67 0.66 0.62 0.57 0.52 0.50 0.51 0.56 0.63 0.70 0.77 0.83
 24   0.85 0.83 0.77 0.70 0.62 0.54 0.47 0.44 0.46 0.52 0.60 0.69 0.76 0.78 0.75 0.68 0.61 0.55 0.52 0.54 0.61 0.70 0.79 0.88
 25   0.95 0.95 0.86 0.75 0.65 0.55 0.46 0.41 0.43 0.50 0.59 0.69 0.78 0.84 0.83 0.76 0.65 0.54 0.45 0.41 0.44 0.54 0.68 0.81
 26   0.93 0.98 0.94 0.84 0.70 0.55 0.43 0.36 0.35 0.42 0.55 0.68 0.81 0.91 0.95 0.90 0.79 0.65 0.50 0.41 0.40 0.47 0.59 0.72
 27   0.87 0.98 0.99 0.90 0.76 0.59 0.43 0.30 0.25 0.29 0.41 0.55 0.69 0.83 0.93 0.95 0.88 0.73 0.57 0.42 0.29 0.27 0.32 0.46
 28   0.61 0.79 0.92 0.93 0.84 0.65 0.48 0.33 0.22 0.19 0.25 0.40 0.57 0.74 0.89 0.97 0.95 0.80 0.62 0.43 0.26 0.17 0.19 0.31
 29   0.49 0.68 0.86 0.94 0.91 0.77 0.59 0.40 0.22 0.14 0.16 0.35 0.57 0.79 0.96 1.05 1.05 0.95 0.76 0.57 0.38 0.25 0.27 0.39
 30   0.55 0.71 0.86 0.94 0.94 0.83 0.67 0.49 0.33 0.22 0.20 0.28 0.45 0.64 0.85 1.03 1.10 1.06 0.93 0.75 0.54 0.35 0.27 0.31
 31   0.43 0.59 0.75 0.88 0.92 0.84 0.71 0.55 0.37 0.22 0.17 0.22 0.37 0.53 0.69 0.86 1.00 1.04 0.96 0.79 0.61 0.43 0.30 0.26
 ----------------------------------------------------------------------------------------------------------------------------
                                                                                               
 ----------------------------------------------------------------------------------------------------------------------------
 ----------------------------------------------------------------------------------------------------------------------------
                                                          SURVEY OF INDIA
                                                    MARINE GEODESY WING (G&RB)
                                                     HOURLY HEIGHTS IN METRES
  NAME OF PORT:- TUTICORIN                                                                          MONTH APRIL     YEAR 2017
 ----------------------------------------------------------------------------------------------------------------------------
 DAYS 0000 0001 0002 0003 0004 0005 0006 0007 0008 0009 0010 0011 0012 0013 0014 0015 0016 0017 0018 0019 0020 0021 0022 0023
 ----------------------------------------------------------------------------------------------------------------------------
  1   0.33 0.47 0.61 0.73 0.80 0.81 0.71 0.56 0.41 0.27 0.22 0.25 0.37 0.53 0.69 0.86 1.00 1.06 1.01 0.90 0.75 0.59 0.45 0.39
  2   0.45 0.56 0.67 0.78 0.86 0.89 0.84 0.72 0.58 0.45 0.34 0.30 0.36 0.50 0.66 0.81 0.92 1.00 1.03 0.98 0.85 0.69 0.55 0.48
  3   0.48 0.53 0.62 0.71 0.79 0.84 0.84 0.76 0.63 0.50 0.41 0.37 0.42 0.51 0.61 0.71 0.81 0.88 0.91 0.90 0.85 0.77 0.69 0.61
  4   0.56 0.56 0.60 0.65 0.71 0.75 0.74 0.69 0.63 0.57 0.51 0.46 0.45 0.48 0.54 0.61 0.68 0.74 0.79 0.81 0.79 0.73 0.66 0.59
  5   0.53 0.50 0.51 0.55 0.60 0.65 0.68 0.69 0.68 0.65 0.60 0.55 0.51 0.50 0.51 0.54 0.58 0.62 0.66 0.70 0.74 0.78 0.80 0.79
  6   0.73 0.66 0.59 0.53 0.49 0.48 0.50 0.54 0.59 0.64 0.68 0.69 0.67 0.63 0.58 0.54 0.51 0.50 0.51 0.54 0.59 0.66 0.73 0.80
  7   0.83 0.81 0.74 0.66 0.58 0.50 0.44 0.42 0.46 0.54 0.63 0.71 0.77 0.78 0.74 0.67 0.58 0.50 0.45 0.44 0.47 0.54 0.63 0.74
  8   0.84 0.87 0.83 0.74 0.62 0.50 0.40 0.35 0.37 0.49 0.63 0.76 0.84 0.85 0.81 0.72 0.61 0.51 0.42 0.36 0.36 0.46 0.61 0.74
  9   0.84 0.87 0.82 0.70 0.56 0.42 0.30 0.24 0.25 0.37 0.51 0.65 0.78 0.86 0.85 0.77 0.66 0.53 0.41 0.31 0.27 0.31 0.45 0.65
 10   0.79 0.86 0.86 0.77 0.63 0.49 0.37 0.27 0.24 0.30 0.44 0.59 0.75 0.89 0.94 0.91 0.81 0.66 0.51 0.38 0.30 0.32 0.42 0.55
 11   0.70 0.83 0.92 0.91 0.78 0.60 0.42 0.30 0.25 0.29 0.39 0.55 0.72 0.90 1.03 1.04 0.94 0.79 0.62 0.45 0.32 0.28 0.35 0.47
 12   0.62 0.77 0.89 0.93 0.86 0.69 0.51 0.35 0.23 0.23 0.33 0.47 0.62 0.76 0.90 0.99 0.99 0.86 0.67 0.50 0.35 0.26 0.25 0.31
 13   0.45 0.61 0.76 0.85 0.86 0.76 0.61 0.44 0.28 0.19 0.21 0.37 0.55 0.73 0.90 1.01 1.02 0.92 0.73 0.54 0.36 0.24 0.23 0.34
 14   0.49 0.64 0.78 0.85 0.82 0.72 0.57 0.40 0.25 0.16 0.17 0.27 0.44 0.61 0.78 0.91 0.97 0.92 0.77 0.60 0.43 0.28 0.20 0.25
 15   0.37 0.49 0.61 0.72 0.77 0.73 0.61 0.47 0.33 0.21 0.21 0.32 0.48 0.64 0.80 0.93 0.98 0.95 0.86 0.74 0.60 0.45 0.35 0.37
 16   0.50 0.63 0.73 0.80 0.82 0.77 0.67 0.55 0.44 0.35 0.29 0.31 0.42 0.58 0.74 0.87 0.94 0.95 0.91 0.82 0.69 0.56 0.44 0.37
 17   0.40 0.49 0.60 0.69 0.73 0.72 0.66 0.56 0.47 0.39 0.34 0.35 0.41 0.52 0.65 0.78 0.89 0.94 0.91 0.81 0.68 0.56 0.46 0.42
 18   0.43 0.50 0.59 0.67 0.73 0.74 0.70 0.63 0.54 0.45 0.38 0.36 0.39 0.48 0.59 0.70 0.80 0.86 0.87 0.82 0.73 0.62 0.52 0.45
 19   0.43 0.45 0.52 0.62 0.71 0.75 0.75 0.70 0.61 0.50 0.42 0.40 0.42 0.50 0.60 0.70 0.78 0.82 0.83 0.80 0.74 0.67 0.60 0.53
 20   0.49 0.48 0.50 0.54 0.58 0.61 0.62 0.61 0.58 0.55 0.52 0.50 0.49 0.50 0.53 0.57 0.61 0.65 0.69 0.72 0.73 0.71 0.68 0.64
 21   0.60 0.56 0.52 0.48 0.45 0.44 0.45 0.48 0.52 0.57 0.62 0.66 0.66 0.62 0.57 0.52 0.48 0.47 0.49 0.55 0.62 0.68 0.71 0.71
 22   0.68 0.62 0.56 0.50 0.44 0.39 0.37 0.39 0.45 0.53 0.61 0.69 0.73 0.73 0.68 0.60 0.52 0.45 0.41 0.44 0.51 0.59 0.67 0.74
 23   0.77 0.75 0.68 0.59 0.49 0.39 0.33 0.35 0.43 0.54 0.65 0.77 0.86 0.89 0.84 0.76 0.67 0.57 0.48 0.45 0.51 0.61 0.71 0.81
 24   0.88 0.88 0.81 0.69 0.56 0.45 0.36 0.31 0.32 0.41 0.57 0.73 0.85 0.91 0.91 0.85 0.73 0.59 0.45 0.37 0.36 0.43 0.56 0.71
 25   0.83 0.89 0.86 0.77 0.63 0.49 0.37 0.28 0.27 0.37 0.52 0.67 0.84 0.96 0.99 0.94 0.83 0.68 0.51 0.36 0.29 0.31 0.42 0.57
 26   0.74 0.84 0.86 0.81 0.68 0.53 0.38 0.24 0.19 0.25 0.42 0.62 0.80 0.97 1.05 1.04 0.93 0.76 0.57 0.41 0.28 0.23 0.29 0.48
 27   0.66 0.81 0.89 0.88 0.78 0.60 0.41 0.24 0.17 0.22 0.36 0.51 0.68 0.83 0.96 1.04 1.02 0.87 0.67 0.48 0.32 0.20 0.22 0.32
 28   0.48 0.65 0.81 0.86 0.80 0.66 0.48 0.31 0.19 0.18 0.29 0.44 0.59 0.74 0.89 1.02 1.07 1.01 0.86 0.68 0.49 0.33 0.27 0.31
 29   0.43 0.57 0.71 0.81 0.84 0.75 0.61 0.45 0.29 0.20 0.22 0.33 0.49 0.65 0.80 0.93 1.00 0.96 0.83 0.65 0.46 0.30 0.24 0.28
 30   0.37 0.48 0.61 0.72 0.76 0.70 0.59 0.47 0.33 0.22 0.21 0.28 0.39 0.53 0.68 0.83 0.96 0.99 0.91 0.77 0.59 0.42 0.32 0.30
 ----------------------------------------------------------------------------------------------------------------------------
                                                                                               
 ----------------------------------------------------------------------------------------------------------------------------
 ----------------------------------------------------------------------------------------------------------------------------
                                                          SURVEY OF INDIA
                                                    MARINE GEODESY WING (G&RB)
                                                     HOURLY HEIGHTS IN METRES
  NAME OF PORT:- TUTICORIN                                                                          MONTH MAY       YEAR 2017
 ----------------------------------------------------------------------------------------------------------------------------
 DAYS 0000 0001 0002 0003 0004 0005 0006 0007 0008 0009 0010 0011 0012 0013 0014 0015 0016 0017 0018 0019 0020 0021 0022 0023
 ----------------------------------------------------------------------------------------------------------------------------
  1   0.34 0.43 0.53 0.64 0.72 0.73 0.68 0.58 0.46 0.35 0.28 0.30 0.40 0.52 0.65 0.77 0.88 0.94 0.92 0.83 0.71 0.58 0.46 0.39
  2   0.40 0.46 0.54 0.63 0.70 0.74 0.72 0.66 0.57 0.48 0.40 0.37 0.40 0.48 0.58 0.68 0.78 0.86 0.88 0.84 0.74 0.62 0.51 0.42
  3   0.40 0.44 0.53 0.63 0.73 0.78 0.77 0.71 0.63 0.55 0.48 0.44 0.44 0.49 0.57 0.66 0.75 0.83 0.87 0.85 0.78 0.69 0.60 0.52
  4   0.46 0.44 0.45 0.49 0.54 0.60 0.65 0.69 0.71 0.71 0.68 0.61 0.54 0.52 0.55 0.61 0.67 0.73 0.78 0.81 0.82 0.81 0.77 0.71
  5   0.64 0.57 0.51 0.47 0.46 0.50 0.56 0.63 0.70 0.77 0.83 0.86 0.86 0.82 0.75 0.67 0.61 0.59 0.59 0.62 0.67 0.74 0.80 0.83
  6   0.81 0.73 0.64 0.56 0.49 0.44 0.43 0.48 0.56 0.65 0.73 0.80 0.83 0.82 0.76 0.69 0.62 0.56 0.52 0.52 0.58 0.68 0.78 0.86
  7   0.86 0.80 0.70 0.59 0.48 0.40 0.38 0.42 0.53 0.66 0.79 0.90 0.97 0.96 0.89 0.80 0.70 0.61 0.53 0.48 0.50 0.58 0.68 0.78
  8   0.85 0.86 0.80 0.70 0.58 0.46 0.38 0.37 0.44 0.55 0.68 0.81 0.92 0.98 0.95 0.86 0.74 0.61 0.49 0.40 0.38 0.47 0.60 0.73
  9   0.83 0.87 0.85 0.75 0.62 0.48 0.36 0.30 0.32 0.44 0.60 0.75 0.89 1.00 1.03 0.98 0.86 0.72 0.58 0.45 0.38 0.40 0.48 0.60
 10   0.75 0.86 0.89 0.85 0.72 0.56 0.41 0.30 0.30 0.41 0.61 0.79 0.96 1.09 1.14 1.10 0.94 0.76 0.60 0.46 0.38 0.38 0.48 0.62
 11   0.76 0.89 0.96 0.94 0.78 0.62 0.48 0.36 0.32 0.35 0.50 0.66 0.82 0.98 1.08 1.08 0.98 0.82 0.66 0.50 0.36 0.34 0.40 0.52
 12   0.66 0.79 0.88 0.90 0.82 0.68 0.54 0.40 0.31 0.30 0.38 0.53 0.70 0.88 1.02 1.08 1.04 0.92 0.76 0.57 0.40 0.32 0.34 0.43
 13   0.55 0.68 0.80 0.88 0.86 0.74 0.60 0.46 0.34 0.30 0.34 0.46 0.62 0.80 0.96 1.06 1.08 1.00 0.83 0.64 0.48 0.36 0.32 0.36
 14   0.46 0.59 0.72 0.82 0.84 0.80 0.67 0.52 0.40 0.33 0.36 0.48 0.64 0.80 0.96 1.07 1.10 1.06 0.92 0.74 0.56 0.40 0.33 0.37
 15   0.48 0.60 0.72 0.82 0.86 0.82 0.72 0.59 0.46 0.36 0.36 0.45 0.58 0.72 0.86 0.98 1.06 1.05 0.94 0.78 0.62 0.48 0.42 0.42
 16   0.47 0.56 0.65 0.74 0.79 0.79 0.73 0.64 0.55 0.47 0.41 0.40 0.46 0.60 0.76 0.90 1.00 1.04 0.98 0.86 0.72 0.58 0.46 0.42
 17   0.44 0.50 0.58 0.66 0.74 0.78 0.77 0.70 0.60 0.49 0.42 0.42 0.50 0.60 0.71 0.83 0.92 0.95 0.92 0.83 0.70 0.57 0.46 0.41
 18   0.41 0.46 0.54 0.62 0.69 0.72 0.72 0.68 0.62 0.56 0.50 0.46 0.46 0.50 0.60 0.70 0.78 0.84 0.86 0.82 0.74 0.64 0.54 0.46
 19   0.41 0.40 0.44 0.50 0.56 0.62 0.67 0.68 0.65 0.60 0.54 0.49 0.47 0.49 0.56 0.64 0.72 0.78 0.80 0.79 0.75 0.68 0.60 0.52
 20   0.45 0.41 0.40 0.42 0.48 0.56 0.64 0.71 0.75 0.75 0.72 0.66 0.60 0.54 0.50 0.50 0.54 0.60 0.66 0.72 0.76 0.78 0.77 0.72
 21   0.64 0.56 0.48 0.43 0.41 0.42 0.46 0.52 0.60 0.68 0.74 0.76 0.75 0.70 0.63 0.56 0.49 0.46 0.48 0.54 0.62 0.69 0.74 0.75
 22   0.70 0.62 0.53 0.44 0.36 0.31 0.31 0.36 0.46 0.60 0.71 0.78 0.80 0.77 0.70 0.60 0.48 0.38 0.34 0.36 0.46 0.56 0.64 0.70
 23   0.72 0.70 0.62 0.52 0.40 0.30 0.26 0.29 0.38 0.50 0.64 0.78 0.88 0.92 0.88 0.76 0.62 0.50 0.40 0.35 0.38 0.46 0.57 0.69
 24   0.77 0.78 0.72 0.60 0.48 0.36 0.26 0.23 0.28 0.42 0.56 0.70 0.85 0.95 0.96 0.88 0.74 0.58 0.44 0.32 0.27 0.32 0.44 0.58
 25   0.70 0.74 0.72 0.64 0.51 0.36 0.24 0.16 0.18 0.30 0.46 0.63 0.80 0.96 1.00 0.97 0.86 0.70 0.54 0.38 0.26 0.25 0.35 0.50
 26   0.64 0.74 0.78 0.72 0.60 0.45 0.32 0.22 0.20 0.25 0.38 0.54 0.72 0.90 1.04 1.07 1.00 0.86 0.68 0.50 0.32 0.24 0.28 0.43
 27   0.60 0.72 0.79 0.79 0.72 0.58 0.44 0.31 0.22 0.21 0.30 0.46 0.64 0.83 1.00 1.12 1.12 1.00 0.82 0.62 0.42 0.32 0.31 0.37
 28   0.48 0.61 0.75 0.84 0.83 0.72 0.57 0.43 0.32 0.27 0.30 0.40 0.54 0.72 0.88 1.00 1.03 0.98 0.82 0.65 0.47 0.30 0.26 0.29
 29   0.38 0.50 0.62 0.72 0.77 0.73 0.62 0.48 0.34 0.23 0.23 0.32 0.45 0.58 0.72 0.86 0.92 0.90 0.78 0.62 0.46 0.32 0.22 0.23
 30   0.32 0.42 0.52 0.62 0.69 0.70 0.62 0.50 0.37 0.26 0.22 0.24 0.36 0.50 0.64 0.78 0.89 0.92 0.88 0.74 0.56 0.40 0.30 0.26
 31   0.28 0.36 0.45 0.54 0.62 0.65 0.63 0.56 0.48 0.40 0.32 0.28 0.32 0.43 0.55 0.66 0.76 0.82 0.83 0.76 0.62 0.49 0.38 0.30
 ----------------------------------------------------------------------------------------------------------------------------
                                                                                               
 ----------------------------------------------------------------------------------------------------------------------------
 ----------------------------------------------------------------------------------------------------------------------------
                                                          SURVEY OF INDIA
                                                    MARINE GEODESY WING (G&RB)
                                                     HOURLY HEIGHTS IN METRES
  NAME OF PORT:- TUTICORIN                                                                          MONTH JUNE      YEAR 2017
 ----------------------------------------------------------------------------------------------------------------------------
 DAYS 0000 0001 0002 0003 0004 0005 0006 0007 0008 0009 0010 0011 0012 0013 0014 0015 0016 0017 0018 0019 0020 0021 0022 0023
 ----------------------------------------------------------------------------------------------------------------------------
  1   0.28 0.31 0.37 0.45 0.53 0.60 0.64 0.63 0.56 0.48 0.40 0.35 0.34 0.38 0.45 0.52 0.59 0.66 0.70 0.69 0.63 0.55 0.46 0.37
  2   0.30 0.28 0.30 0.36 0.43 0.50 0.56 0.61 0.63 0.61 0.54 0.46 0.38 0.35 0.37 0.43 0.50 0.57 0.63 0.67 0.67 0.63 0.54 0.45
  3   0.37 0.31 0.28 0.28 0.32 0.38 0.45 0.51 0.56 0.60 0.61 0.58 0.52 0.46 0.42 0.41 0.43 0.47 0.51 0.55 0.58 0.59 0.57 0.52
  4   0.45 0.38 0.32 0.27 0.26 0.29 0.36 0.44 0.52 0.60 0.68 0.72 0.71 0.65 0.58 0.52 0.47 0.45 0.45 0.47 0.51 0.56 0.60 0.61
  5   0.58 0.51 0.43 0.35 0.28 0.26 0.28 0.35 0.44 0.53 0.62 0.70 0.73 0.71 0.65 0.58 0.51 0.45 0.40 0.38 0.40 0.46 0.54 0.61
  6   0.64 0.60 0.52 0.44 0.36 0.29 0.26 0.28 0.38 0.50 0.63 0.76 0.86 0.90 0.88 0.78 0.66 0.55 0.46 0.40 0.39 0.44 0.52 0.60
  7   0.68 0.73 0.72 0.62 0.50 0.38 0.30 0.28 0.32 0.43 0.57 0.70 0.83 0.93 0.94 0.84 0.72 0.60 0.49 0.40 0.35 0.35 0.42 0.52
  8   0.62 0.70 0.73 0.67 0.56 0.44 0.32 0.25 0.26 0.35 0.48 0.62 0.76 0.88 0.94 0.91 0.79 0.65 0.50 0.36 0.28 0.28 0.33 0.42
  9   0.54 0.65 0.72 0.72 0.62 0.50 0.38 0.28 0.24 0.28 0.40 0.56 0.74 0.88 0.95 0.92 0.80 0.65 0.50 0.36 0.24 0.22 0.28 0.38
 10   0.48 0.58 0.66 0.69 0.65 0.54 0.40 0.28 0.20 0.22 0.34 0.50 0.66 0.80 0.92 0.96 0.89 0.76 0.60 0.44 0.30 0.22 0.22 0.30
 11   0.42 0.55 0.67 0.74 0.73 0.64 0.50 0.36 0.26 0.26 0.38 0.52 0.66 0.81 0.94 1.00 0.98 0.84 0.66 0.46 0.30 0.22 0.24 0.32
 12   0.42 0.54 0.67 0.76 0.75 0.66 0.52 0.38 0.26 0.22 0.26 0.40 0.55 0.70 0.84 0.94 0.97 0.90 0.72 0.52 0.35 0.24 0.20 0.22
 13   0.30 0.41 0.53 0.64 0.72 0.72 0.62 0.48 0.34 0.23 0.22 0.30 0.44 0.61 0.76 0.88 0.95 0.94 0.84 0.68 0.52 0.36 0.26 0.26
 14   0.34 0.44 0.55 0.64 0.70 0.68 0.60 0.50 0.41 0.33 0.28 0.30 0.40 0.54 0.68 0.80 0.90 0.95 0.90 0.74 0.58 0.43 0.32 0.27
 15   0.30 0.39 0.50 0.60 0.68 0.71 0.68 0.60 0.50 0.42 0.36 0.35 0.42 0.54 0.68 0.80 0.90 0.96 0.95 0.86 0.74 0.62 0.50 0.42
 16   0.40 0.44 0.51 0.59 0.68 0.76 0.80 0.77 0.69 0.59 0.51 0.46 0.47 0.55 0.65 0.75 0.84 0.92 0.95 0.90 0.79 0.66 0.54 0.46
 17   0.42 0.42 0.46 0.52 0.59 0.65 0.70 0.72 0.70 0.65 0.60 0.55 0.51 0.51 0.55 0.62 0.70 0.79 0.86 0.87 0.82 0.72 0.63 0.55
 18   0.49 0.46 0.47 0.51 0.56 0.62 0.68 0.74 0.79 0.80 0.77 0.71 0.64 0.57 0.53 0.55 0.61 0.69 0.77 0.84 0.86 0.82 0.74 0.65
 19   0.56 0.48 0.43 0.41 0.43 0.48 0.54 0.61 0.68 0.75 0.80 0.81 0.77 0.71 0.65 0.60 0.56 0.56 0.59 0.64 0.69 0.72 0.72 0.69
 20   0.63 0.56 0.49 0.43 0.40 0.41 0.46 0.53 0.62 0.72 0.84 0.92 0.94 0.91 0.84 0.75 0.66 0.58 0.54 0.55 0.59 0.65 0.71 0.74
 21   0.73 0.68 0.61 0.53 0.46 0.40 0.37 0.41 0.51 0.63 0.76 0.86 0.92 0.92 0.86 0.76 0.64 0.52 0.41 0.35 0.37 0.44 0.54 0.64
 22   0.69 0.68 0.60 0.50 0.40 0.31 0.24 0.22 0.28 0.40 0.56 0.73 0.90 1.00 1.00 0.91 0.75 0.60 0.48 0.38 0.34 0.40 0.51 0.63
 23   0.74 0.80 0.78 0.70 0.58 0.46 0.36 0.32 0.34 0.44 0.58 0.75 0.90 1.03 1.10 1.06 0.92 0.74 0.56 0.42 0.32 0.29 0.35 0.48
 24   0.65 0.77 0.82 0.78 0.68 0.56 0.42 0.30 0.26 0.32 0.46 0.64 0.80 0.96 1.08 1.10 1.00 0.84 0.66 0.46 0.32 0.26 0.30 0.42
 25   0.55 0.68 0.78 0.80 0.72 0.60 0.48 0.36 0.28 0.26 0.34 0.50 0.66 0.82 0.98 1.08 1.08 0.96 0.76 0.56 0.40 0.28 0.24 0.32
 26   0.46 0.60 0.72 0.80 0.79 0.68 0.55 0.41 0.28 0.22 0.24 0.35 0.52 0.68 0.84 0.96 0.99 0.92 0.75 0.58 0.42 0.28 0.23 0.26
 27   0.36 0.50 0.64 0.74 0.78 0.74 0.62 0.46 0.32 0.22 0.22 0.30 0.42 0.55 0.70 0.84 0.96 0.99 0.92 0.74 0.54 0.36 0.26 0.24
 28   0.32 0.44 0.58 0.72 0.81 0.82 0.77 0.67 0.55 0.42 0.34 0.35 0.44 0.55 0.68 0.82 0.94 1.00 0.98 0.86 0.68 0.52 0.38 0.29
 29   0.30 0.38 0.48 0.60 0.70 0.75 0.74 0.66 0.56 0.46 0.37 0.34 0.36 0.45 0.55 0.66 0.76 0.82 0.82 0.74 0.62 0.48 0.34 0.24
 30   0.21 0.24 0.32 0.42 0.53 0.62 0.66 0.64 0.58 0.50 0.42 0.36 0.35 0.40 0.49 0.59 0.68 0.74 0.76 0.74 0.66 0.55 0.44 0.33
 ----------------------------------------------------------------------------------------------------------------------------
                                                                                               
 ----------------------------------------------------------------------------------------------------------------------------
 ----------------------------------------------------------------------------------------------------------------------------
                                                          SURVEY OF INDIA
                                                    MARINE GEODESY WING (G&RB)
                                                     HOURLY HEIGHTS IN METRES
  NAME OF PORT:- TUTICORIN                                                                          MONTH JULY      YEAR 2017
 ----------------------------------------------------------------------------------------------------------------------------
 DAYS 0000 0001 0002 0003 0004 0005 0006 0007 0008 0009 0010 0011 0012 0013 0014 0015 0016 0017 0018 0019 0020 0021 0022 0023
 ----------------------------------------------------------------------------------------------------------------------------
  1   0.26 0.26 0.31 0.40 0.50 0.60 0.70 0.74 0.73 0.68 0.60 0.52 0.46 0.46 0.51 0.59 0.66 0.71 0.73 0.72 0.68 0.62 0.54 0.46
  2   0.38 0.33 0.33 0.39 0.47 0.55 0.63 0.70 0.75 0.76 0.72 0.66 0.60 0.54 0.50 0.51 0.56 0.62 0.68 0.73 0.73 0.68 0.61 0.54
  3   0.46 0.38 0.32 0.32 0.37 0.44 0.52 0.60 0.68 0.75 0.78 0.77 0.71 0.64 0.58 0.54 0.52 0.53 0.56 0.60 0.64 0.67 0.67 0.64
  4   0.58 0.50 0.42 0.37 0.36 0.39 0.45 0.52 0.60 0.68 0.75 0.78 0.76 0.71 0.65 0.59 0.53 0.48 0.44 0.42 0.43 0.47 0.53 0.58
  5   0.59 0.55 0.48 0.41 0.34 0.29 0.30 0.37 0.47 0.58 0.69 0.78 0.83 0.82 0.74 0.64 0.54 0.44 0.35 0.29 0.28 0.35 0.43 0.50
  6   0.55 0.57 0.54 0.46 0.36 0.26 0.20 0.22 0.32 0.44 0.58 0.70 0.80 0.84 0.80 0.68 0.54 0.42 0.31 0.24 0.25 0.32 0.40 0.48
  7   0.55 0.60 0.59 0.52 0.41 0.30 0.22 0.20 0.26 0.36 0.50 0.64 0.79 0.90 0.91 0.82 0.68 0.54 0.40 0.28 0.22 0.26 0.36 0.48
  8   0.60 0.68 0.70 0.64 0.53 0.42 0.30 0.20 0.18 0.30 0.44 0.58 0.72 0.84 0.93 0.92 0.80 0.66 0.50 0.36 0.26 0.23 0.30 0.40
  9   0.51 0.61 0.68 0.69 0.60 0.48 0.36 0.26 0.21 0.24 0.36 0.50 0.64 0.79 0.91 0.96 0.88 0.73 0.58 0.44 0.33 0.25 0.25 0.34
 10   0.46 0.56 0.64 0.68 0.65 0.54 0.42 0.31 0.22 0.21 0.30 0.46 0.64 0.81 0.93 0.97 0.89 0.72 0.55 0.40 0.28 0.20 0.22 0.30
 11   0.42 0.54 0.66 0.73 0.70 0.59 0.46 0.32 0.19 0.15 0.21 0.34 0.48 0.64 0.79 0.90 0.92 0.82 0.66 0.48 0.32 0.19 0.17 0.22
 12   0.32 0.44 0.56 0.67 0.73 0.70 0.60 0.48 0.34 0.22 0.22 0.32 0.46 0.60 0.74 0.86 0.91 0.87 0.71 0.55 0.40 0.26 0.18 0.20
 13   0.29 0.40 0.51 0.62 0.70 0.71 0.64 0.52 0.40 0.30 0.25 0.28 0.38 0.50 0.62 0.74 0.84 0.87 0.80 0.64 0.48 0.34 0.22 0.17
 14   0.20 0.29 0.40 0.52 0.63 0.70 0.68 0.58 0.45 0.32 0.22 0.20 0.27 0.38 0.50 0.62 0.72 0.75 0.70 0.58 0.44 0.30 0.19 0.15
 15   0.17 0.24 0.34 0.44 0.54 0.61 0.63 0.59 0.51 0.42 0.33 0.28 0.29 0.36 0.45 0.54 0.63 0.70 0.71 0.65 0.54 0.42 0.28 0.16
 16   0.15 0.22 0.31 0.40 0.49 0.57 0.62 0.63 0.60 0.52 0.42 0.32 0.25 0.26 0.35 0.46 0.57 0.66 0.70 0.68 0.60 0.48 0.36 0.23
 17   0.15 0.15 0.23 0.33 0.43 0.53 0.61 0.65 0.66 0.64 0.58 0.52 0.47 0.45 0.46 0.50 0.56 0.63 0.68 0.68 0.63 0.55 0.47 0.40
 18   0.34 0.32 0.33 0.38 0.45 0.53 0.61 0.68 0.74 0.76 0.74 0.68 0.61 0.54 0.48 0.45 0.45 0.49 0.56 0.63 0.66 0.64 0.58 0.50
 19   0.43 0.37 0.33 0.32 0.35 0.41 0.48 0.57 0.66 0.75 0.82 0.83 0.77 0.68 0.59 0.50 0.43 0.40 0.41 0.46 0.52 0.58 0.60 0.58
 20   0.52 0.44 0.36 0.29 0.25 0.26 0.32 0.40 0.50 0.60 0.70 0.77 0.80 0.79 0.73 0.64 0.55 0.46 0.40 0.37 0.38 0.42 0.48 0.53
 21   0.54 0.51 0.44 0.36 0.30 0.27 0.27 0.30 0.38 0.50 0.64 0.75 0.82 0.84 0.81 0.70 0.57 0.46 0.36 0.30 0.29 0.31 0.37 0.45
 22   0.52 0.56 0.54 0.48 0.40 0.33 0.28 0.26 0.28 0.37 0.50 0.62 0.74 0.84 0.89 0.88 0.78 0.64 0.50 0.37 0.29 0.27 0.32 0.44
 23   0.56 0.66 0.70 0.67 0.58 0.47 0.37 0.29 0.28 0.32 0.44 0.58 0.72 0.85 0.93 0.95 0.90 0.76 0.60 0.44 0.29 0.25 0.28 0.40
 24   0.53 0.66 0.74 0.75 0.68 0.56 0.44 0.32 0.24 0.24 0.33 0.48 0.65 0.82 0.94 0.98 0.94 0.82 0.66 0.50 0.34 0.23 0.23 0.32
 25   0.46 0.60 0.72 0.80 0.79 0.68 0.54 0.38 0.25 0.24 0.32 0.46 0.60 0.76 0.90 0.97 0.96 0.82 0.63 0.46 0.30 0.18 0.17 0.24
 26   0.36 0.50 0.64 0.74 0.77 0.72 0.58 0.40 0.26 0.19 0.20 0.28 0.40 0.54 0.70 0.80 0.83 0.78 0.61 0.42 0.26 0.15 0.13 0.15
 27   0.24 0.36 0.50 0.61 0.66 0.65 0.58 0.42 0.28 0.19 0.17 0.21 0.33 0.49 0.66 0.78 0.83 0.81 0.72 0.54 0.38 0.22 0.14 0.14
 28   0.22 0.36 0.50 0.64 0.74 0.78 0.76 0.64 0.48 0.36 0.32 0.34 0.44 0.56 0.68 0.79 0.88 0.92 0.89 0.78 0.63 0.46 0.30 0.22
 29   0.23 0.35 0.49 0.62 0.72 0.78 0.78 0.72 0.60 0.48 0.38 0.34 0.35 0.42 0.52 0.63 0.72 0.76 0.75 0.68 0.57 0.44 0.30 0.21
 30   0.20 0.27 0.37 0.47 0.57 0.66 0.70 0.69 0.60 0.49 0.38 0.31 0.30 0.35 0.43 0.53 0.62 0.69 0.71 0.68 0.59 0.48 0.36 0.26
 31   0.21 0.22 0.28 0.36 0.45 0.54 0.60 0.62 0.60 0.54 0.46 0.39 0.34 0.32 0.35 0.42 0.50 0.55 0.57 0.56 0.52 0.46 0.39 0.32
 ----------------------------------------------------------------------------------------------------------------------------
                                                                                               
 ----------------------------------------------------------------------------------------------------------------------------
 ----------------------------------------------------------------------------------------------------------------------------
                                                          SURVEY OF INDIA
                                                    MARINE GEODESY WING (G&RB)
                                                     HOURLY HEIGHTS IN METRES
  NAME OF PORT:- TUTICORIN                                                                          MONTH AUGUST    YEAR 2017
 ----------------------------------------------------------------------------------------------------------------------------
 DAYS 0000 0001 0002 0003 0004 0005 0006 0007 0008 0009 0010 0011 0012 0013 0014 0015 0016 0017 0018 0019 0020 0021 0022 0023
 ----------------------------------------------------------------------------------------------------------------------------
  1   0.26 0.24 0.26 0.32 0.40 0.48 0.56 0.64 0.70 0.72 0.70 0.64 0.56 0.50 0.48 0.49 0.53 0.58 0.62 0.63 0.61 0.57 0.52 0.47
  2   0.42 0.38 0.37 0.39 0.43 0.48 0.54 0.60 0.67 0.73 0.75 0.74 0.70 0.65 0.60 0.55 0.51 0.48 0.47 0.48 0.52 0.57 0.61 0.62
  3   0.58 0.50 0.43 0.38 0.36 0.37 0.41 0.47 0.55 0.63 0.70 0.73 0.72 0.67 0.60 0.52 0.45 0.40 0.37 0.37 0.39 0.43 0.48 0.52
  4   0.54 0.52 0.46 0.39 0.33 0.28 0.26 0.28 0.35 0.45 0.56 0.68 0.74 0.75 0.70 0.60 0.48 0.38 0.30 0.25 0.24 0.27 0.34 0.42
  5   0.49 0.53 0.51 0.44 0.34 0.25 0.19 0.17 0.21 0.32 0.48 0.62 0.74 0.78 0.75 0.64 0.52 0.40 0.30 0.22 0.20 0.22 0.30 0.41
  6   0.52 0.59 0.60 0.54 0.44 0.32 0.22 0.19 0.21 0.34 0.51 0.66 0.80 0.90 0.92 0.88 0.76 0.60 0.46 0.32 0.22 0.22 0.31 0.44
  7   0.58 0.70 0.75 0.72 0.61 0.48 0.35 0.25 0.23 0.28 0.43 0.58 0.73 0.86 0.94 0.93 0.80 0.65 0.50 0.36 0.24 0.21 0.25 0.35
  8   0.48 0.60 0.70 0.72 0.66 0.52 0.37 0.25 0.19 0.20 0.32 0.48 0.65 0.80 0.92 0.96 0.90 0.76 0.58 0.40 0.23 0.17 0.19 0.29
  9   0.42 0.56 0.70 0.76 0.74 0.61 0.46 0.32 0.21 0.19 0.25 0.38 0.54 0.70 0.86 0.95 0.94 0.80 0.61 0.44 0.28 0.18 0.18 0.28
 10   0.42 0.55 0.68 0.77 0.78 0.73 0.60 0.46 0.32 0.22 0.21 0.30 0.46 0.63 0.80 0.94 0.98 0.95 0.78 0.60 0.43 0.29 0.23 0.26
 11   0.38 0.52 0.67 0.80 0.87 0.86 0.75 0.59 0.42 0.28 0.23 0.25 0.37 0.52 0.67 0.80 0.84 0.82 0.72 0.55 0.35 0.20 0.11 0.11
 12   0.18 0.30 0.44 0.59 0.70 0.72 0.67 0.57 0.44 0.32 0.23 0.22 0.28 0.42 0.56 0.70 0.79 0.80 0.74 0.62 0.45 0.28 0.14 0.07
 13   0.10 0.21 0.36 0.50 0.64 0.73 0.74 0.68 0.56 0.44 0.35 0.32 0.36 0.46 0.57 0.68 0.78 0.82 0.80 0.70 0.56 0.43 0.32 0.27
 14   0.28 0.36 0.48 0.60 0.71 0.79 0.80 0.74 0.65 0.55 0.44 0.35 0.32 0.34 0.42 0.52 0.62 0.69 0.70 0.65 0.55 0.44 0.32 0.23
 15   0.22 0.28 0.37 0.46 0.56 0.65 0.72 0.74 0.72 0.66 0.58 0.50 0.44 0.43 0.47 0.54 0.62 0.70 0.74 0.72 0.64 0.54 0.44 0.35
 16   0.29 0.28 0.31 0.37 0.45 0.53 0.62 0.70 0.76 0.77 0.73 0.66 0.59 0.53 0.48 0.46 0.48 0.52 0.57 0.60 0.59 0.54 0.47 0.40
 17   0.34 0.31 0.31 0.34 0.39 0.45 0.51 0.58 0.65 0.72 0.76 0.76 0.73 0.68 0.63 0.58 0.53 0.49 0.47 0.48 0.51 0.55 0.57 0.56
 18   0.52 0.47 0.42 0.38 0.37 0.39 0.45 0.52 0.59 0.66 0.73 0.78 0.80 0.77 0.70 0.62 0.54 0.46 0.41 0.40 0.42 0.48 0.55 0.61
 19   0.63 0.60 0.54 0.47 0.40 0.34 0.32 0.35 0.43 0.54 0.67 0.78 0.87 0.90 0.87 0.76 0.61 0.48 0.37 0.31 0.32 0.39 0.48 0.57
 20   0.64 0.66 0.63 0.55 0.46 0.37 0.29 0.25 0.27 0.38 0.52 0.66 0.77 0.86 0.88 0.83 0.70 0.55 0.38 0.24 0.20 0.23 0.32 0.44
 21   0.55 0.63 0.67 0.63 0.53 0.42 0.30 0.21 0.19 0.23 0.37 0.52 0.66 0.80 0.87 0.85 0.72 0.55 0.39 0.25 0.16 0.14 0.20 0.34
 22   0.50 0.64 0.70 0.69 0.58 0.45 0.32 0.21 0.14 0.15 0.26 0.41 0.56 0.70 0.78 0.78 0.70 0.53 0.36 0.20 0.10 0.09 0.14 0.24
 23   0.38 0.54 0.67 0.70 0.64 0.52 0.36 0.20 0.10 0.08 0.14 0.26 0.44 0.63 0.80 0.87 0.83 0.67 0.50 0.34 0.20 0.12 0.12 0.20
 24   0.34 0.52 0.70 0.80 0.80 0.68 0.53 0.38 0.24 0.15 0.15 0.26 0.40 0.56 0.74 0.85 0.87 0.80 0.65 0.47 0.30 0.15 0.12 0.16
 25   0.32 0.48 0.64 0.78 0.85 0.83 0.68 0.52 0.34 0.22 0.21 0.30 0.43 0.56 0.69 0.80 0.86 0.84 0.72 0.54 0.36 0.20 0.12 0.13
 26   0.26 0.42 0.56 0.70 0.78 0.78 0.72 0.58 0.44 0.31 0.24 0.25 0.33 0.46 0.60 0.73 0.81 0.82 0.76 0.63 0.46 0.30 0.17 0.15
 27   0.20 0.36 0.51 0.64 0.74 0.78 0.75 0.65 0.52 0.41 0.34 0.32 0.34 0.42 0.56 0.68 0.74 0.75 0.71 0.62 0.50 0.38 0.27 0.22
 28   0.23 0.32 0.44 0.57 0.67 0.73 0.74 0.70 0.61 0.50 0.40 0.33 0.32 0.37 0.44 0.51 0.58 0.63 0.64 0.61 0.51 0.40 0.31 0.24
 29   0.23 0.28 0.38 0.48 0.57 0.65 0.69 0.68 0.62 0.54 0.45 0.38 0.36 0.38 0.44 0.51 0.58 0.62 0.63 0.60 0.52 0.43 0.36 0.31
 30   0.30 0.33 0.39 0.46 0.54 0.61 0.66 0.68 0.67 0.64 0.60 0.56 0.52 0.50 0.50 0.53 0.57 0.61 0.63 0.63 0.60 0.54 0.47 0.41
 31   0.36 0.33 0.34 0.39 0.47 0.55 0.61 0.65 0.67 0.67 0.65 0.62 0.58 0.54 0.50 0.46 0.43 0.41 0.40 0.41 0.44 0.49 0.54 0.55
 ----------------------------------------------------------------------------------------------------------------------------
                                                                                               
 ----------------------------------------------------------------------------------------------------------------------------
 ----------------------------------------------------------------------------------------------------------------------------
                                                          SURVEY OF INDIA
                                                    MARINE GEODESY WING (G&RB)
                                                     HOURLY HEIGHTS IN METRES
  NAME OF PORT:- TUTICORIN                                                                          MONTH SEPT      YEAR 2017
 ----------------------------------------------------------------------------------------------------------------------------
 DAYS 0000 0001 0002 0003 0004 0005 0006 0007 0008 0009 0010 0011 0012 0013 0014 0015 0016 0017 0018 0019 0020 0021 0022 0023
 ----------------------------------------------------------------------------------------------------------------------------
  1   0.50 0.42 0.37 0.35 0.37 0.42 0.48 0.54 0.60 0.66 0.70 0.71 0.69 0.65 0.59 0.52 0.45 0.39 0.34 0.31 0.32 0.37 0.43 0.50
  2   0.57 0.57 0.52 0.44 0.36 0.32 0.32 0.36 0.43 0.53 0.64 0.73 0.77 0.77 0.72 0.64 0.54 0.44 0.34 0.29 0.28 0.32 0.42 0.54
  3   0.64 0.66 0.63 0.52 0.40 0.31 0.26 0.27 0.34 0.44 0.55 0.66 0.75 0.79 0.78 0.71 0.60 0.48 0.36 0.28 0.27 0.32 0.42 0.54
  4   0.64 0.68 0.67 0.61 0.51 0.40 0.30 0.25 0.27 0.36 0.47 0.60 0.71 0.78 0.80 0.76 0.66 0.54 0.42 0.30 0.24 0.24 0.31 0.46
  5   0.60 0.70 0.72 0.66 0.55 0.42 0.30 0.24 0.25 0.32 0.42 0.54 0.70 0.83 0.88 0.86 0.76 0.61 0.47 0.32 0.20 0.18 0.24 0.37
  6   0.52 0.66 0.73 0.72 0.62 0.48 0.34 0.22 0.17 0.18 0.28 0.42 0.58 0.72 0.83 0.85 0.80 0.65 0.48 0.32 0.19 0.16 0.21 0.32
  7   0.44 0.58 0.72 0.78 0.76 0.64 0.48 0.30 0.17 0.15 0.22 0.36 0.57 0.75 0.88 0.92 0.89 0.73 0.56 0.41 0.26 0.15 0.14 0.24
  8   0.42 0.59 0.76 0.86 0.87 0.78 0.62 0.46 0.32 0.24 0.26 0.38 0.54 0.70 0.86 0.97 0.98 0.89 0.70 0.50 0.30 0.17 0.16 0.24
  9   0.39 0.54 0.70 0.86 0.92 0.88 0.74 0.56 0.40 0.27 0.23 0.28 0.40 0.54 0.69 0.82 0.86 0.82 0.70 0.54 0.36 0.20 0.14 0.16
 10   0.28 0.44 0.60 0.75 0.85 0.84 0.72 0.57 0.42 0.28 0.18 0.18 0.28 0.42 0.56 0.70 0.78 0.78 0.70 0.56 0.40 0.24 0.15 0.15
 11   0.24 0.38 0.52 0.66 0.78 0.82 0.80 0.70 0.56 0.40 0.28 0.24 0.28 0.38 0.50 0.62 0.70 0.72 0.68 0.56 0.40 0.25 0.16 0.15
 12   0.22 0.32 0.44 0.56 0.68 0.76 0.76 0.68 0.57 0.46 0.37 0.32 0.31 0.34 0.42 0.52 0.62 0.68 0.68 0.60 0.46 0.34 0.24 0.18
 13   0.16 0.20 0.32 0.45 0.58 0.70 0.75 0.74 0.68 0.58 0.48 0.40 0.38 0.40 0.45 0.51 0.57 0.60 0.60 0.56 0.48 0.38 0.28 0.22
 14   0.22 0.28 0.36 0.43 0.50 0.57 0.63 0.68 0.70 0.67 0.60 0.52 0.46 0.42 0.42 0.46 0.52 0.57 0.60 0.59 0.54 0.46 0.39 0.34
 15   0.32 0.33 0.37 0.42 0.48 0.54 0.60 0.65 0.69 0.71 0.70 0.67 0.62 0.56 0.50 0.44 0.39 0.37 0.37 0.40 0.44 0.49 0.53 0.55
 16   0.55 0.52 0.47 0.41 0.35 0.30 0.28 0.30 0.35 0.42 0.52 0.62 0.70 0.72 0.68 0.59 0.50 0.40 0.30 0.22 0.21 0.28 0.40 0.52
 17   0.56 0.52 0.42 0.34 0.31 0.32 0.37 0.43 0.49 0.56 0.63 0.68 0.69 0.66 0.58 0.50 0.42 0.35 0.30 0.28 0.31 0.38 0.46 0.54
 18   0.60 0.62 0.58 0.51 0.43 0.34 0.26 0.22 0.24 0.34 0.49 0.64 0.76 0.82 0.81 0.72 0.58 0.42 0.28 0.17 0.15 0.20 0.33 0.51
 19   0.66 0.76 0.78 0.72 0.60 0.46 0.34 0.26 0.26 0.34 0.48 0.62 0.76 0.86 0.90 0.86 0.72 0.54 0.38 0.24 0.18 0.22 0.33 0.50
 20   0.68 0.82 0.88 0.84 0.72 0.56 0.40 0.26 0.20 0.22 0.34 0.52 0.68 0.83 0.92 0.91 0.78 0.58 0.38 0.20 0.10 0.11 0.23 0.38
 21   0.56 0.72 0.85 0.86 0.76 0.60 0.42 0.28 0.16 0.14 0.22 0.35 0.50 0.66 0.78 0.82 0.76 0.57 0.40 0.24 0.14 0.10 0.14 0.26
 22   0.42 0.60 0.74 0.80 0.76 0.62 0.46 0.32 0.20 0.14 0.15 0.26 0.40 0.54 0.68 0.77 0.76 0.66 0.50 0.34 0.18 0.08 0.08 0.20
 23   0.36 0.54 0.70 0.84 0.87 0.80 0.66 0.50 0.34 0.24 0.24 0.34 0.48 0.62 0.76 0.88 0.90 0.82 0.68 0.52 0.36 0.22 0.21 0.30
 24   0.44 0.60 0.74 0.86 0.90 0.87 0.76 0.58 0.42 0.28 0.22 0.26 0.38 0.52 0.66 0.77 0.80 0.74 0.62 0.46 0.31 0.18 0.14 0.18
 25   0.30 0.46 0.62 0.76 0.84 0.84 0.72 0.56 0.42 0.30 0.23 0.24 0.32 0.42 0.52 0.62 0.68 0.67 0.58 0.46 0.34 0.22 0.15 0.17
 26   0.26 0.38 0.50 0.62 0.71 0.75 0.71 0.60 0.48 0.36 0.25 0.21 0.24 0.34 0.46 0.56 0.64 0.66 0.62 0.52 0.40 0.28 0.18 0.16
 27   0.21 0.32 0.44 0.56 0.66 0.72 0.72 0.66 0.56 0.46 0.38 0.35 0.36 0.42 0.50 0.58 0.64 0.64 0.58 0.50 0.42 0.34 0.27 0.25
 28   0.29 0.38 0.48 0.58 0.66 0.69 0.67 0.60 0.52 0.44 0.38 0.35 0.36 0.40 0.46 0.52 0.58 0.62 0.62 0.57 0.50 0.43 0.37 0.33
 29   0.32 0.35 0.42 0.51 0.61 0.68 0.70 0.68 0.60 0.48 0.38 0.36 0.40 0.47 0.54 0.60 0.63 0.63 0.61 0.58 0.55 0.52 0.49 0.46
 30   0.43 0.42 0.43 0.46 0.50 0.54 0.58 0.62 0.66 0.69 0.70 0.70 0.68 0.64 0.60 0.56 0.52 0.48 0.44 0.42 0.43 0.48 0.54 0.59
 ----------------------------------------------------------------------------------------------------------------------------
                                                                                               
 ----------------------------------------------------------------------------------------------------------------------------
 ----------------------------------------------------------------------------------------------------------------------------
                                                          SURVEY OF INDIA
                                                    MARINE GEODESY WING (G&RB)
                                                     HOURLY HEIGHTS IN METRES
  NAME OF PORT:- TUTICORIN                                                                          MONTH OCTOBER   YEAR 2017
 ----------------------------------------------------------------------------------------------------------------------------
 DAYS 0000 0001 0002 0003 0004 0005 0006 0007 0008 0009 0010 0011 0012 0013 0014 0015 0016 0017 0018 0019 0020 0021 0022 0023
 ----------------------------------------------------------------------------------------------------------------------------
  1   0.62 0.61 0.56 0.49 0.43 0.39 0.38 0.40 0.45 0.52 0.59 0.63 0.64 0.62 0.56 0.49 0.41 0.34 0.28 0.26 0.29 0.35 0.42 0.50
  2   0.56 0.57 0.53 0.47 0.40 0.34 0.30 0.30 0.34 0.41 0.50 0.60 0.68 0.71 0.68 0.61 0.52 0.42 0.32 0.23 0.22 0.28 0.39 0.50
  3   0.62 0.71 0.72 0.66 0.53 0.40 0.30 0.27 0.32 0.42 0.55 0.67 0.78 0.84 0.84 0.78 0.66 0.52 0.38 0.28 0.26 0.32 0.44 0.58
  4   0.74 0.85 0.86 0.77 0.64 0.50 0.37 0.30 0.30 0.39 0.53 0.68 0.82 0.94 0.98 0.91 0.76 0.60 0.44 0.30 0.26 0.34 0.49 0.66
  5   0.84 0.96 1.00 0.94 0.80 0.62 0.44 0.32 0.28 0.34 0.49 0.66 0.82 0.96 1.02 0.96 0.81 0.63 0.45 0.31 0.25 0.28 0.38 0.54
  6   0.71 0.86 0.98 1.00 0.88 0.70 0.52 0.36 0.24 0.22 0.30 0.44 0.60 0.75 0.86 0.88 0.80 0.64 0.44 0.26 0.16 0.16 0.26 0.44
  7   0.62 0.80 0.92 0.96 0.90 0.76 0.56 0.35 0.19 0.16 0.24 0.38 0.53 0.68 0.80 0.84 0.78 0.64 0.46 0.30 0.16 0.12 0.20 0.36
  8   0.54 0.72 0.89 0.98 0.98 0.86 0.68 0.52 0.35 0.23 0.24 0.34 0.48 0.64 0.81 0.91 0.90 0.74 0.56 0.40 0.26 0.17 0.18 0.30
  9   0.48 0.66 0.84 0.98 1.04 1.00 0.85 0.65 0.48 0.37 0.34 0.37 0.48 0.62 0.76 0.88 0.92 0.86 0.72 0.56 0.40 0.26 0.22 0.28
 10   0.44 0.62 0.79 0.94 1.02 1.01 0.88 0.72 0.56 0.42 0.36 0.36 0.44 0.54 0.66 0.77 0.84 0.82 0.72 0.59 0.46 0.32 0.22 0.26
 11   0.38 0.51 0.65 0.78 0.88 0.92 0.89 0.78 0.62 0.48 0.36 0.32 0.36 0.46 0.58 0.68 0.75 0.78 0.74 0.64 0.52 0.41 0.32 0.30
 12   0.35 0.45 0.56 0.66 0.75 0.82 0.85 0.82 0.72 0.60 0.50 0.42 0.38 0.40 0.47 0.55 0.62 0.66 0.66 0.62 0.55 0.47 0.40 0.38
 13   0.40 0.46 0.53 0.61 0.69 0.76 0.82 0.84 0.81 0.70 0.59 0.51 0.48 0.48 0.51 0.56 0.62 0.67 0.70 0.70 0.66 0.60 0.55 0.51
 14   0.50 0.51 0.54 0.58 0.62 0.66 0.70 0.74 0.77 0.78 0.77 0.74 0.70 0.65 0.60 0.55 0.50 0.46 0.45 0.47 0.53 0.60 0.66 0.67
 15   0.65 0.62 0.59 0.56 0.53 0.50 0.49 0.51 0.56 0.64 0.72 0.76 0.75 0.68 0.59 0.50 0.42 0.35 0.32 0.34 0.40 0.48 0.57 0.66
 16   0.70 0.70 0.65 0.56 0.48 0.41 0.37 0.38 0.46 0.56 0.68 0.77 0.81 0.80 0.72 0.60 0.47 0.35 0.28 0.28 0.34 0.48 0.62 0.74
 17   0.84 0.86 0.82 0.70 0.58 0.47 0.38 0.35 0.38 0.48 0.59 0.72 0.81 0.83 0.78 0.66 0.50 0.36 0.26 0.24 0.28 0.38 0.52 0.66
 18   0.80 0.86 0.84 0.74 0.60 0.46 0.32 0.24 0.24 0.32 0.46 0.60 0.73 0.82 0.83 0.74 0.60 0.44 0.30 0.20 0.20 0.29 0.44 0.62
 19   0.78 0.88 0.89 0.82 0.70 0.54 0.40 0.26 0.21 0.24 0.38 0.54 0.70 0.83 0.88 0.85 0.71 0.54 0.36 0.20 0.15 0.18 0.34 0.54
 20   0.76 0.92 1.00 0.98 0.84 0.68 0.52 0.36 0.26 0.26 0.38 0.54 0.70 0.86 0.95 0.95 0.84 0.68 0.50 0.32 0.23 0.24 0.35 0.50
 21   0.68 0.86 0.98 1.00 0.93 0.78 0.58 0.40 0.24 0.22 0.28 0.40 0.56 0.72 0.86 0.90 0.84 0.68 0.50 0.32 0.18 0.17 0.26 0.42
 22   0.60 0.75 0.88 0.94 0.92 0.82 0.63 0.44 0.27 0.18 0.20 0.30 0.44 0.60 0.74 0.83 0.84 0.76 0.60 0.42 0.28 0.22 0.26 0.42
 23   0.58 0.74 0.88 0.98 1.00 0.92 0.76 0.58 0.42 0.32 0.29 0.33 0.46 0.60 0.73 0.82 0.84 0.79 0.65 0.50 0.36 0.26 0.25 0.35
 24   0.49 0.64 0.78 0.91 0.97 0.95 0.83 0.65 0.49 0.36 0.32 0.34 0.43 0.54 0.66 0.75 0.78 0.74 0.62 0.48 0.36 0.27 0.25 0.31
 25   0.43 0.56 0.70 0.84 0.91 0.90 0.80 0.68 0.55 0.43 0.32 0.28 0.30 0.40 0.57 0.77 0.86 0.85 0.75 0.60 0.46 0.32 0.22 0.21
 26   0.27 0.39 0.52 0.65 0.76 0.80 0.78 0.70 0.59 0.46 0.34 0.30 0.33 0.42 0.52 0.61 0.65 0.64 0.58 0.48 0.38 0.29 0.25 0.26
 27   0.33 0.43 0.53 0.63 0.72 0.78 0.78 0.72 0.64 0.55 0.47 0.40 0.38 0.41 0.47 0.54 0.59 0.62 0.62 0.59 0.54 0.49 0.44 0.41
 28   0.40 0.43 0.50 0.58 0.66 0.72 0.75 0.75 0.72 0.67 0.61 0.55 0.50 0.48 0.50 0.58 0.70 0.76 0.76 0.72 0.64 0.56 0.49 0.45
 29   0.44 0.45 0.48 0.54 0.61 0.68 0.74 0.78 0.79 0.77 0.73 0.68 0.63 0.58 0.53 0.49 0.46 0.45 0.47 0.51 0.56 0.62 0.67 0.71
 30   0.71 0.66 0.59 0.53 0.49 0.48 0.51 0.56 0.61 0.66 0.70 0.71 0.69 0.63 0.57 0.51 0.45 0.40 0.38 0.40 0.45 0.52 0.59 0.66
 31   0.71 0.72 0.69 0.61 0.53 0.46 0.43 0.45 0.51 0.60 0.70 0.78 0.81 0.79 0.72 0.63 0.55 0.47 0.43 0.44 0.51 0.61 0.73 0.85
 ----------------------------------------------------------------------------------------------------------------------------
                                                                                               
 ----------------------------------------------------------------------------------------------------------------------------
 ----------------------------------------------------------------------------------------------------------------------------
                                                          SURVEY OF INDIA
                                                    MARINE GEODESY WING (G&RB)
                                                     HOURLY HEIGHTS IN METRES
  NAME OF PORT:- TUTICORIN                                                                          MONTH NOVEMBER  YEAR 2017
 ----------------------------------------------------------------------------------------------------------------------------
 DAYS 0000 0001 0002 0003 0004 0005 0006 0007 0008 0009 0010 0011 0012 0013 0014 0015 0016 0017 0018 0019 0020 0021 0022 0023
 ----------------------------------------------------------------------------------------------------------------------------
  1   0.92 0.92 0.82 0.70 0.60 0.50 0.43 0.43 0.50 0.60 0.72 0.82 0.89 0.90 0.82 0.71 0.60 0.50 0.43 0.42 0.48 0.60 0.74 0.90
  2   1.02 1.06 1.02 0.88 0.72 0.58 0.46 0.40 0.42 0.50 0.61 0.73 0.84 0.88 0.86 0.76 0.62 0.47 0.34 0.28 0.29 0.40 0.56 0.76
  3   0.96 1.06 1.04 0.93 0.78 0.62 0.46 0.32 0.28 0.34 0.52 0.70 0.86 0.96 0.96 0.86 0.71 0.56 0.40 0.28 0.27 0.35 0.50 0.70
  4   0.88 1.02 1.08 1.02 0.86 0.68 0.50 0.34 0.26 0.28 0.38 0.50 0.64 0.78 0.84 0.80 0.68 0.52 0.36 0.22 0.17 0.23 0.36 0.56
  5   0.80 0.98 1.08 1.08 0.98 0.82 0.64 0.46 0.30 0.27 0.34 0.48 0.64 0.80 0.88 0.88 0.80 0.66 0.50 0.32 0.22 0.22 0.30 0.48
  6   0.70 0.88 1.04 1.10 1.08 0.94 0.74 0.56 0.40 0.31 0.32 0.42 0.56 0.70 0.84 0.91 0.88 0.76 0.60 0.45 0.32 0.28 0.33 0.50
  7   0.67 0.84 0.97 1.08 1.11 1.06 0.92 0.76 0.60 0.44 0.38 0.42 0.52 0.64 0.78 0.90 0.93 0.86 0.72 0.56 0.40 0.30 0.30 0.40
  8   0.54 0.70 0.86 1.00 1.08 1.08 0.99 0.85 0.68 0.52 0.43 0.43 0.52 0.62 0.72 0.81 0.86 0.86 0.78 0.65 0.52 0.40 0.36 0.39
  9   0.50 0.62 0.76 0.88 0.98 1.02 1.00 0.89 0.73 0.59 0.48 0.44 0.45 0.50 0.60 0.72 0.80 0.83 0.80 0.73 0.64 0.55 0.48 0.46
 10   0.50 0.58 0.68 0.78 0.86 0.92 0.94 0.90 0.82 0.72 0.60 0.50 0.46 0.48 0.54 0.62 0.70 0.76 0.78 0.76 0.71 0.64 0.57 0.52
 11   0.51 0.54 0.60 0.68 0.76 0.82 0.86 0.87 0.84 0.78 0.70 0.62 0.55 0.50 0.51 0.56 0.62 0.68 0.73 0.77 0.78 0.75 0.70 0.65
 12   0.61 0.58 0.58 0.61 0.65 0.70 0.75 0.79 0.81 0.80 0.76 0.71 0.65 0.59 0.54 0.51 0.51 0.53 0.58 0.64 0.70 0.74 0.76 0.75
 13   0.72 0.68 0.64 0.60 0.57 0.56 0.58 0.62 0.68 0.74 0.77 0.76 0.72 0.66 0.59 0.53 0.48 0.46 0.48 0.54 0.64 0.74 0.82 0.86
 14   0.86 0.82 0.76 0.68 0.61 0.56 0.54 0.55 0.60 0.67 0.74 0.78 0.78 0.73 0.64 0.54 0.45 0.38 0.35 0.38 0.48 0.60 0.74 0.86
 15   0.91 0.90 0.83 0.71 0.60 0.50 0.43 0.42 0.46 0.53 0.62 0.71 0.78 0.78 0.72 0.62 0.52 0.40 0.31 0.30 0.38 0.51 0.64 0.80
 16   0.92 0.95 0.90 0.79 0.66 0.54 0.42 0.36 0.36 0.44 0.56 0.68 0.80 0.84 0.80 0.70 0.58 0.46 0.34 0.30 0.32 0.42 0.56 0.74
 17   0.90 0.98 0.98 0.90 0.75 0.60 0.46 0.36 0.34 0.37 0.48 0.60 0.72 0.81 0.84 0.79 0.64 0.48 0.36 0.30 0.32 0.42 0.56 0.72
 18   0.90 1.00 1.03 1.00 0.88 0.72 0.56 0.42 0.36 0.36 0.42 0.54 0.68 0.80 0.85 0.82 0.72 0.58 0.44 0.30 0.24 0.28 0.42 0.60
 19   0.76 0.92 1.01 1.00 0.90 0.74 0.58 0.42 0.30 0.27 0.32 0.43 0.56 0.69 0.79 0.82 0.76 0.64 0.50 0.36 0.26 0.26 0.36 0.52
 20   0.70 0.86 0.96 1.00 0.96 0.82 0.64 0.48 0.34 0.30 0.35 0.46 0.58 0.71 0.81 0.86 0.82 0.72 0.60 0.46 0.34 0.30 0.36 0.50
 21   0.66 0.82 0.98 1.08 1.08 0.96 0.78 0.56 0.40 0.30 0.30 0.38 0.50 0.62 0.75 0.84 0.84 0.76 0.62 0.48 0.36 0.28 0.29 0.40
 22   0.58 0.75 0.90 1.02 1.05 0.98 0.84 0.66 0.50 0.38 0.34 0.36 0.45 0.57 0.70 0.82 0.88 0.84 0.72 0.58 0.46 0.37 0.37 0.46
 23   0.60 0.74 0.88 0.99 1.05 1.02 0.90 0.76 0.60 0.46 0.38 0.38 0.44 0.53 0.63 0.72 0.80 0.83 0.78 0.66 0.53 0.41 0.34 0.37
 24   0.48 0.62 0.75 0.87 0.95 0.98 0.93 0.81 0.67 0.54 0.44 0.39 0.40 0.45 0.56 0.69 0.76 0.77 0.74 0.68 0.60 0.50 0.41 0.40
 25   0.45 0.56 0.67 0.79 0.88 0.92 0.90 0.82 0.72 0.60 0.48 0.40 0.40 0.44 0.51 0.58 0.64 0.68 0.69 0.66 0.59 0.52 0.45 0.40
 26   0.40 0.46 0.58 0.68 0.76 0.81 0.82 0.79 0.72 0.63 0.54 0.46 0.41 0.40 0.42 0.48 0.55 0.62 0.67 0.69 0.67 0.61 0.54 0.48
 27   0.45 0.46 0.52 0.59 0.66 0.72 0.76 0.77 0.75 0.67 0.57 0.48 0.43 0.41 0.42 0.46 0.51 0.56 0.61 0.66 0.71 0.75 0.76 0.73
 28   0.59 0.52 0.50 0.51 0.54 0.58 0.62 0.66 0.68 0.68 0.64 0.58 0.52 0.46 0.41 0.38 0.38 0.40 0.43 0.47 0.51 0.55 0.59 0.63
 29   0.65 0.64 0.60 0.54 0.49 0.46 0.46 0.50 0.56 0.62 0.66 0.67 0.64 0.58 0.49 0.42 0.38 0.37 0.39 0.44 0.53 0.64 0.76 0.85
 30   0.88 0.86 0.80 0.71 0.61 0.53 0.50 0.52 0.58 0.66 0.75 0.81 0.82 0.77 0.59 0.45 0.35 0.30 0.30 0.34 0.44 0.58 0.70 0.80
 ----------------------------------------------------------------------------------------------------------------------------
                                                                                               
 ----------------------------------------------------------------------------------------------------------------------------
 ----------------------------------------------------------------------------------------------------------------------------
                                                          SURVEY OF INDIA
                                                    MARINE GEODESY WING (G&RB)
                                                     HOURLY HEIGHTS IN METRES
  NAME OF PORT:- TUTICORIN                                                                          MONTH DECEMBER  YEAR 2017
 ----------------------------------------------------------------------------------------------------------------------------
 DAYS 0000 0001 0002 0003 0004 0005 0006 0007 0008 0009 0010 0011 0012 0013 0014 0015 0016 0017 0018 0019 0020 0021 0022 0023
 ----------------------------------------------------------------------------------------------------------------------------
  1   0.84 0.82 0.75 0.66 0.56 0.45 0.36 0.34 0.38 0.46 0.55 0.64 0.70 0.70 0.63 0.54 0.44 0.36 0.33 0.35 0.44 0.60 0.76 0.92
  2   1.05 1.09 1.04 0.92 0.76 0.60 0.44 0.30 0.26 0.28 0.36 0.48 0.61 0.70 0.70 0.63 0.52 0.38 0.26 0.21 0.23 0.36 0.52 0.70
  3   0.90 1.02 1.04 0.96 0.82 0.66 0.50 0.38 0.32 0.34 0.42 0.54 0.66 0.75 0.76 0.70 0.56 0.40 0.26 0.14 0.13 0.22 0.38 0.54
  4   0.74 0.92 1.00 0.98 0.86 0.70 0.52 0.34 0.20 0.17 0.22 0.34 0.47 0.60 0.70 0.70 0.60 0.46 0.32 0.20 0.15 0.18 0.30 0.44
  5   0.62 0.78 0.92 0.96 0.90 0.76 0.58 0.40 0.26 0.19 0.20 0.30 0.42 0.54 0.66 0.74 0.72 0.60 0.45 0.32 0.22 0.20 0.28 0.42
  6   0.56 0.72 0.88 1.00 1.02 0.96 0.80 0.62 0.46 0.30 0.26 0.32 0.44 0.58 0.72 0.82 0.82 0.74 0.60 0.45 0.30 0.25 0.29 0.40
  7   0.53 0.68 0.82 0.94 1.00 0.98 0.88 0.72 0.55 0.42 0.35 0.37 0.44 0.53 0.63 0.72 0.78 0.76 0.67 0.56 0.45 0.35 0.32 0.36
  8   0.46 0.58 0.72 0.86 0.95 0.96 0.91 0.78 0.64 0.51 0.39 0.35 0.38 0.45 0.54 0.63 0.72 0.78 0.78 0.70 0.58 0.46 0.40 0.40
  9   0.45 0.54 0.64 0.75 0.85 0.92 0.92 0.85 0.73 0.61 0.48 0.37 0.35 0.40 0.48 0.57 0.66 0.74 0.79 0.79 0.73 0.65 0.56 0.49
 10   0.48 0.52 0.60 0.68 0.77 0.84 0.87 0.86 0.80 0.70 0.58 0.48 0.40 0.38 0.41 0.47 0.55 0.63 0.70 0.74 0.74 0.70 0.64 0.58
 11   0.52 0.51 0.55 0.61 0.67 0.73 0.78 0.80 0.78 0.72 0.62 0.51 0.42 0.39 0.40 0.46 0.54 0.62 0.69 0.74 0.78 0.79 0.77 0.73
 12   0.68 0.63 0.61 0.62 0.65 0.69 0.73 0.76 0.78 0.78 0.74 0.65 0.56 0.48 0.44 0.43 0.45 0.49 0.54 0.60 0.67 0.75 0.80 0.82
 13   0.80 0.72 0.64 0.57 0.53 0.52 0.53 0.56 0.60 0.64 0.68 0.68 0.64 0.57 0.50 0.44 0.39 0.37 0.39 0.44 0.52 0.62 0.72 0.78
 14   0.80 0.78 0.71 0.63 0.55 0.48 0.44 0.44 0.48 0.54 0.61 0.66 0.68 0.64 0.55 0.44 0.36 0.31 0.30 0.34 0.41 0.51 0.63 0.74
 15   0.80 0.80 0.75 0.66 0.54 0.44 0.35 0.31 0.32 0.39 0.48 0.58 0.68 0.74 0.74 0.67 0.56 0.44 0.36 0.35 0.40 0.49 0.60 0.72
 16   0.83 0.88 0.84 0.74 0.60 0.48 0.38 0.30 0.29 0.34 0.44 0.54 0.64 0.68 0.64 0.54 0.43 0.34 0.28 0.28 0.34 0.48 0.62 0.75
 17   0.88 0.96 0.96 0.88 0.76 0.62 0.48 0.38 0.33 0.35 0.43 0.53 0.63 0.72 0.76 0.74 0.66 0.56 0.46 0.38 0.36 0.42 0.54 0.68
 18   0.85 0.98 1.02 0.98 0.86 0.70 0.54 0.40 0.32 0.31 0.36 0.45 0.56 0.66 0.73 0.75 0.71 0.60 0.48 0.38 0.34 0.36 0.46 0.60
 19   0.76 0.90 0.96 0.95 0.87 0.74 0.58 0.42 0.28 0.22 0.26 0.36 0.47 0.58 0.68 0.73 0.70 0.58 0.44 0.30 0.21 0.21 0.28 0.43
 20   0.60 0.76 0.88 0.93 0.92 0.85 0.70 0.48 0.32 0.24 0.25 0.36 0.48 0.60 0.70 0.76 0.74 0.64 0.50 0.38 0.28 0.25 0.30 0.44
 21   0.60 0.76 0.89 0.96 0.96 0.88 0.73 0.57 0.42 0.31 0.27 0.30 0.41 0.54 0.66 0.75 0.78 0.74 0.64 0.50 0.38 0.31 0.32 0.42
 22   0.56 0.71 0.85 0.96 1.00 0.98 0.84 0.68 0.54 0.40 0.34 0.35 0.42 0.54 0.66 0.78 0.86 0.86 0.76 0.58 0.46 0.40 0.40 0.44
 23   0.54 0.68 0.81 0.93 1.00 0.98 0.88 0.74 0.60 0.46 0.34 0.33 0.40 0.50 0.60 0.70 0.77 0.78 0.74 0.66 0.56 0.46 0.38 0.38
 24   0.48 0.62 0.74 0.84 0.91 0.93 0.88 0.78 0.64 0.48 0.36 0.29 0.30 0.38 0.48 0.58 0.67 0.73 0.73 0.69 0.61 0.52 0.44 0.40
 25   0.42 0.50 0.60 0.70 0.80 0.86 0.86 0.79 0.69 0.58 0.48 0.40 0.38 0.42 0.50 0.59 0.68 0.76 0.80 0.80 0.76 0.70 0.64 0.59
 26   0.57 0.60 0.66 0.73 0.80 0.87 0.90 0.88 0.80 0.70 0.61 0.53 0.49 0.48 0.50 0.56 0.64 0.72 0.79 0.85 0.89 0.89 0.81 0.70
 27   0.61 0.58 0.58 0.61 0.66 0.71 0.75 0.76 0.72 0.66 0.60 0.54 0.48 0.45 0.45 0.49 0.55 0.62 0.69 0.75 0.80 0.84 0.86 0.84
 28   0.78 0.72 0.66 0.62 0.60 0.61 0.64 0.68 0.72 0.74 0.73 0.67 0.58 0.50 0.45 0.43 0.45 0.49 0.54 0.60 0.67 0.74 0.80 0.83
 29   0.81 0.74 0.66 0.58 0.51 0.46 0.45 0.47 0.51 0.55 0.58 0.58 0.54 0.49 0.44 0.40 0.37 0.36 0.39 0.47 0.57 0.67 0.77 0.86
 30   0.90 0.88 0.77 0.66 0.56 0.47 0.41 0.40 0.42 0.48 0.56 0.64 0.68 0.66 0.60 0.52 0.44 0.39 0.38 0.42 0.50 0.62 0.76 0.88
 31   0.98 1.02 1.00 0.90 0.68 0.50 0.35 0.30 0.32 0.41 0.52 0.63 0.71 0.75 0.74 0.67 0.59 0.51 0.44 0.41 0.44 0.55 0.72 0.89
 ----------------------------------------------------------------------------------------------------------------------------
                                                                                              
 ----------------------------------------------------------------------------------------------------------------------------
 ----------------------------------------------------------------------------------------------------------------------------
