                                                          SURVEY OF INDIA
                                                    MARINE GEODESY WING (G&RB)
                                                     HOURLY HEIGHTS IN METRES
  NAME OF PORT:- TUTICORIN                                                                          MONTH JANUARY   YEAR 2016
 ----------------------------------------------------------------------------------------------------------------------------
 DAYS 0000 0001 0002 0003 0004 0005 0006 0007 0008 0009 0010 0011 0012 0013 0014 0015 0016 0017 0018 0019 0020 0021 0022 0023
 ----------------------------------------------------------------------------------------------------------------------------
  1   0.50 0.56 0.65 0.80 0.88 0.89 0.84 0.76 0.67 0.57 0.47 0.36 0.32 0.33 0.40 0.52 0.63 0.73 0.76 0.74 0.68 0.62 0.56 0.50
  2   0.46 0.46 0.51 0.58 0.66 0.73 0.74 0.70 0.64 0.58 0.51 0.44 0.38 0.36 0.38 0.44 0.53 0.62 0.71 0.77 0.79 0.77 0.72 0.64
  3   0.56 0.54 0.57 0.63 0.69 0.75 0.77 0.75 0.70 0.64 0.57 0.50 0.44 0.40 0.40 0.43 0.49 0.56 0.63 0.69 0.73 0.74 0.72 0.68
  4   0.63 0.58 0.55 0.55 0.57 0.60 0.63 0.65 0.66 0.66 0.64 0.60 0.55 0.49 0.44 0.42 0.44 0.50 0.57 0.64 0.70 0.75 0.78 0.78
  5   0.75 0.69 0.62 0.56 0.53 0.53 0.54 0.56 0.58 0.60 0.61 0.62 0.62 0.60 0.54 0.48 0.45 0.46 0.50 0.57 0.64 0.71 0.79 0.84
  6   0.84 0.79 0.72 0.64 0.57 0.52 0.49 0.48 0.49 0.53 0.57 0.60 0.61 0.59 0.53 0.46 0.41 0.40 0.42 0.48 0.57 0.67 0.78 0.87
  7   0.89 0.86 0.78 0.69 0.60 0.52 0.46 0.43 0.43 0.46 0.54 0.62 0.66 0.66 0.61 0.53 0.44 0.36 0.35 0.39 0.47 0.59 0.72 0.85
  8   0.93 0.94 0.88 0.78 0.67 0.56 0.46 0.42 0.43 0.48 0.55 0.62 0.69 0.71 0.69 0.61 0.52 0.42 0.33 0.31 0.35 0.46 0.59 0.77
  9   0.92 0.98 0.98 0.90 0.77 0.64 0.52 0.40 0.36 0.39 0.46 0.55 0.65 0.74 0.78 0.77 0.70 0.58 0.46 0.36 0.33 0.38 0.52 0.67
 10   0.82 0.97 1.03 1.01 0.93 0.80 0.62 0.47 0.37 0.36 0.40 0.48 0.61 0.75 0.83 0.84 0.77 0.66 0.53 0.42 0.37 0.40 0.50 0.66
 11   0.87 1.03 1.15 1.18 1.10 0.90 0.74 0.60 0.49 0.41 0.40 0.45 0.59 0.73 0.86 0.91 0.88 0.78 0.65 0.52 0.40 0.36 0.43 0.59
 12   0.74 0.89 1.03 1.09 1.07 0.98 0.83 0.64 0.45 0.33 0.30 0.34 0.46 0.60 0.74 0.86 0.89 0.84 0.73 0.61 0.48 0.37 0.38 0.48
 13   0.64 0.79 0.92 0.99 1.02 0.97 0.82 0.62 0.42 0.26 0.23 0.28 0.41 0.59 0.78 0.89 0.92 0.88 0.79 0.66 0.53 0.40 0.37 0.42
 14   0.54 0.70 0.84 0.95 1.02 1.02 0.95 0.81 0.65 0.48 0.34 0.29 0.33 0.43 0.60 0.76 0.91 0.94 0.90 0.81 0.70 0.58 0.47 0.46
 15   0.54 0.67 0.79 0.91 1.02 1.04 0.99 0.88 0.72 0.55 0.42 0.37 0.38 0.44 0.56 0.70 0.82 0.92 0.95 0.92 0.83 0.74 0.64 0.57
 16   0.58 0.64 0.74 0.84 0.92 0.95 0.91 0.81 0.69 0.56 0.44 0.32 0.31 0.35 0.44 0.55 0.66 0.76 0.83 0.85 0.83 0.77 0.68 0.60
 17   0.55 0.55 0.60 0.72 0.84 0.91 0.90 0.82 0.72 0.62 0.52 0.44 0.38 0.38 0.43 0.51 0.59 0.67 0.74 0.79 0.81 0.80 0.76 0.70
 18   0.65 0.61 0.60 0.61 0.66 0.72 0.75 0.75 0.72 0.67 0.61 0.55 0.50 0.47 0.47 0.50 0.56 0.62 0.68 0.74 0.80 0.84 0.84 0.82
 19   0.78 0.74 0.71 0.68 0.65 0.63 0.64 0.68 0.73 0.74 0.70 0.64 0.59 0.54 0.50 0.48 0.50 0.56 0.64 0.71 0.78 0.85 0.90 0.91
 20   0.89 0.84 0.79 0.73 0.68 0.65 0.64 0.65 0.69 0.73 0.74 0.72 0.67 0.61 0.56 0.51 0.48 0.48 0.51 0.58 0.68 0.78 0.86 0.93
 21   0.95 0.92 0.85 0.77 0.68 0.60 0.55 0.54 0.57 0.63 0.69 0.73 0.74 0.72 0.67 0.61 0.54 0.48 0.46 0.48 0.54 0.64 0.77 0.89
 22   0.98 1.00 0.96 0.87 0.75 0.64 0.53 0.45 0.43 0.48 0.56 0.64 0.71 0.76 0.76 0.71 0.62 0.52 0.43 0.37 0.39 0.49 0.61 0.77
 23   0.93 1.02 1.01 0.90 0.77 0.62 0.45 0.34 0.33 0.37 0.46 0.55 0.66 0.77 0.83 0.83 0.77 0.65 0.48 0.38 0.37 0.42 0.52 0.67
 24   0.87 1.00 1.06 1.05 0.95 0.79 0.64 0.48 0.38 0.34 0.37 0.45 0.59 0.72 0.82 0.86 0.82 0.71 0.57 0.44 0.36 0.36 0.40 0.50
 25
 26
 27
 28
 29
 30   0.54 0.63 0.72 0.82 0.88 0.88 0.81 0.68 0.54 0.41 0.31 0.26 0.28 0.39 0.51 0.63 0.76 0.81 0.80 0.75 0.66 0.56 0.48 0.43
 31   0.44 0.51 0.60 0.68 0.75 0.80 0.81 0.77 0.69 0.59 0.47 0.40 0.38 0.44 0.54 0.64 0.73 0.82 0.85 0.83 0.76 0.68 0.58 0.48
 ----------------------------------------------------------------------------------------------------------------------------
                                                                                               
 ----------------------------------------------------------------------------------------------------------------------------
 ----------------------------------------------------------------------------------------------------------------------------
                                                          SURVEY OF INDIA
                                                    MARINE GEODESY WING (G&RB)
                                                     HOURLY HEIGHTS IN METRES
  NAME OF PORT:- TUTICORIN                                                                          MONTH FEBRUARY  YEAR 2016
 ----------------------------------------------------------------------------------------------------------------------------
 DAYS 0000 0001 0002 0003 0004 0005 0006 0007 0008 0009 0010 0011 0012 0013 0014 0015 0016 0017 0018 0019 0020 0021 0022 0023
 ----------------------------------------------------------------------------------------------------------------------------
  1   0.46 0.50 0.58 0.67 0.74 0.79 0.79 0.73 0.64 0.55 0.45 0.36 0.34 0.38 0.46 0.55 0.63 0.69 0.72 0.72 0.70 0.66 0.61 0.54
  2   0.49 0.49 0.53 0.57 0.61 0.63 0.63 0.61 0.56 0.50 0.44 0.39 0.35 0.33 0.35 0.40 0.46 0.51 0.56 0.60 0.63 0.64 0.62 0.59
  3   0.55 0.52 0.49 0.48 0.50 0.54 0.58 0.59 0.56 0.49 0.43 0.38 0.33 0.30 0.31 0.36 0.41 0.46 0.50 0.55 0.59 0.63 0.65 0.65
  4   0.62 0.58 0.54 0.51 0.48 0.46 0.45 0.46 0.49 0.52 0.55 0.56 0.56 0.55 0.52 0.48 0.44 0.43 0.47 0.57 0.65 0.72 0.78 0.82
  5   0.83 0.80 0.73 0.64 0.56 0.49 0.44 0.42 0.43 0.47 0.53 0.61 0.65 0.66 0.63 0.58 0.52 0.46 0.42 0.44 0.52 0.61 0.70 0.80
  6   0.89 0.91 0.87 0.78 0.68 0.57 0.47 0.40 0.38 0.41 0.48 0.56 0.65 0.69 0.68 0.62 0.53 0.44 0.38 0.37 0.41 0.53 0.65 0.76
  7   0.86 0.91 0.91 0.83 0.72 0.58 0.46 0.36 0.32 0.33 0.39 0.48 0.58 0.68 0.72 0.70 0.61 0.49 0.36 0.31 0.32 0.39 0.54 0.69
  8   0.82 0.92 0.95 0.90 0.79 0.65 0.47 0.33 0.24 0.23 0.28 0.38 0.53 0.66 0.76 0.78 0.74 0.61 0.45 0.31 0.26 0.28 0.36 0.56
  9   0.73 0.87 0.97 0.98 0.92 0.78 0.60 0.43 0.30 0.25 0.25 0.31 0.46 0.61 0.74 0.82 0.82 0.73 0.58 0.40 0.26 0.20 0.23 0.33
 10   0.50 0.71 0.88 0.96 0.94 0.81 0.64 0.44 0.29 0.20 0.19 0.26 0.38 0.55 0.72 0.86 0.90 0.86 0.75 0.56 0.39 0.30 0.28 0.35
 11   0.53 0.69 0.87 1.00 1.02 0.95 0.78 0.58 0.40 0.28 0.23 0.24 0.34 0.48 0.65 0.84 0.91 0.89 0.78 0.63 0.49 0.34 0.26 0.29
 12   0.45 0.61 0.76 0.88 0.96 0.95 0.83 0.65 0.48 0.34 0.26 0.27 0.36 0.49 0.64 0.80 0.90 0.92 0.86 0.72 0.58 0.44 0.33 0.30
 13   0.37 0.49 0.63 0.77 0.88 0.89 0.82 0.68 0.53 0.39 0.26 0.22 0.26 0.35 0.48 0.61 0.75 0.82 0.82 0.76 0.67 0.54 0.39 0.36
 14   0.40 0.48 0.58 0.69 0.78 0.80 0.74 0.62 0.49 0.38 0.26 0.19 0.21 0.32 0.45 0.59 0.73 0.83 0.89 0.88 0.80 0.68 0.54 0.48
 15   0.48 0.52 0.57 0.63 0.70 0.75 0.75 0.69 0.61 0.52 0.43 0.34 0.31 0.34 0.45 0.55 0.65 0.74 0.80 0.83 0.82 0.77 0.67 0.57
 16   0.53 0.53 0.56 0.60 0.64 0.68 0.70 0.68 0.62 0.55 0.48 0.40 0.32 0.31 0.36 0.45 0.55 0.64 0.71 0.78 0.82 0.82 0.78 0.71
 17   0.64 0.58 0.54 0.54 0.56 0.59 0.61 0.61 0.60 0.57 0.53 0.49 0.45 0.42 0.41 0.43 0.47 0.52 0.57 0.62 0.67 0.72 0.76 0.78
 18
 19   0.85 0.82 0.77 0.67 0.59 0.53 0.48 0.46 0.47 0.52 0.58 0.64 0.70 0.72 0.71 0.66 0.59 0.52 0.47 0.46 0.50 0.60 0.70 0.81
 20   0.89 0.92 0.90 0.82 0.70 0.58 0.46 0.39 0.40 0.48 0.56 0.64 0.72 0.77 0.78 0.74 0.66 0.56 0.47 0.43 0.46 0.54 0.68 0.82
 21   0.91 0.94 0.92 0.85 0.72 0.59 0.49 0.42 0.39 0.40 0.46 0.57 0.69 0.79 0.84 0.84 0.77 0.67 0.54 0.42 0.39 0.45 0.59 0.76
 22   0.94 1.00 0.98 0.91 0.79 0.63 0.49 0.41 0.37 0.37 0.42 0.54 0.68 0.80 0.86 0.86 0.81 0.70 0.56 0.45 0.38 0.37 0.46 0.63
 23   0.79 0.96 1.01 0.98 0.87 0.72 0.55 0.41 0.32 0.30 0.35 0.49 0.63 0.78 0.90 0.93 0.88 0.77 0.63 0.46 0.35 0.32 0.36 0.48
 24   0.66 0.81 0.93 0.98 0.96 0.85 0.68 0.48 0.34 0.27 0.30 0.40 0.53 0.68 0.83 0.93 0.94 0.87 0.74 0.59 0.43 0.35 0.36 0.46
 25   0.60 0.75 0.87 0.96 0.97 0.89 0.76 0.60 0.46 0.34 0.30 0.34 0.48 0.62 0.78 0.90 0.94 0.91 0.82 0.68 0.54 0.40 0.35 0.40
 26   0.52 0.64 0.76 0.87 0.92 0.88 0.77 0.64 0.48 0.36 0.31 0.31 0.38 0.55 0.71 0.87 0.96 0.96 0.89 0.77 0.62 0.48 0.37 0.35
 27   0.43 0.55 0.67 0.78 0.87 0.88 0.79 0.65 0.51 0.35 0.22 0.22 0.30 0.42 0.58 0.74 0.85 0.88 0.82 0.69 0.56 0.43 0.32 0.29
 28   0.35 0.48 0.59 0.70 0.77 0.77 0.70 0.59 0.46 0.34 0.25 0.24 0.30 0.41 0.58 0.72 0.84 0.91 0.90 0.79 0.66 0.55 0.44 0.38
 29   0.40 0.48 0.57 0.67 0.74 0.77 0.74 0.66 0.56 0.44 0.34 0.28 0.29 0.41 0.57 0.70 0.81 0.88 0.89 0.84 0.75 0.65 0.55 0.46
 ----------------------------------------------------------------------------------------------------------------------------
                                                                                               
 ----------------------------------------------------------------------------------------------------------------------------
 ----------------------------------------------------------------------------------------------------------------------------
                                                          SURVEY OF INDIA
                                                    MARINE GEODESY WING (G&RB)
                                                     HOURLY HEIGHTS IN METRES
  NAME OF PORT:- TUTICORIN                                                                          MONTH MARCH     YEAR 2016
 ----------------------------------------------------------------------------------------------------------------------------
 DAYS 0000 0001 0002 0003 0004 0005 0006 0007 0008 0009 0010 0011 0012 0013 0014 0015 0016 0017 0018 0019 0020 0021 0022 0023
 ----------------------------------------------------------------------------------------------------------------------------
  1   0.45 0.51 0.59 0.67 0.74 0.77 0.76 0.71 0.63 0.55 0.48 0.43 0.42 0.46 0.58 0.69 0.80 0.87 0.88 0.83 0.76 0.68 0.60 0.56
  2   0.56 0.60 0.64 0.68 0.72 0.74 0.73 0.68 0.62 0.56 0.50 0.44 0.40 0.42 0.50 0.59 0.67 0.75 0.80 0.80 0.76 0.71 0.66 0.61
  3
  4   0.77 0.75 0.70 0.68 0.66 0.64 0.61 0.59 0.58 0.59 0.58 0.58 0.58 0.58 0.58 0.56 0.54 0.54 0.59 0.64 0.70 0.75 0.78 0.80
  5   0.83 0.77 0.71 0.64 0.58 0.52 0.48 0.48 0.51 0.56 0.62 0.67 0.71 0.72 0.70 0.65 0.60 0.55 0.51 0.49 0.52 0.61 0.71 0.81
  6   0.85 0.84 0.79 0.71 0.62 0.52 0.44 0.39 0.41 0.50 0.59 0.68 0.76 0.80 0.80 0.74 0.64 0.55 0.47 0.43 0.47 0.59 0.73 0.87
  7   0.95 0.96 0.92 0.83 0.71 0.58 0.46 0.40 0.40 0.47 0.57 0.70 0.81 0.91 0.94 0.91 0.82 0.70 0.59 0.50 0.49 0.58 0.70 0.84
  8   0.98 1.06 1.06 1.00 0.87 0.72 0.57 0.43 0.36 0.38 0.50 0.63 0.78 0.92 0.98 0.96 0.88 0.76 0.60 0.42 0.34 0.37 0.48 0.63
  9   0.82 0.95 1.02 1.02 0.93 0.78 0.63 0.47 0.33 0.30 0.38 0.53 0.68 0.82 0.97 1.01 0.96 0.82 0.65 0.45 0.31 0.28 0.33 0.45
 10   0.64 0.84 0.98 1.02 0.96 0.80 0.63 0.45 0.27 0.21 0.27 0.40 0.55 0.70 0.88 1.02 1.04 0.95 0.78 0.60 0.45 0.34 0.31 0.38
 11   0.54 0.74 0.90 0.98 0.99 0.93 0.77 0.56 0.35 0.24 0.22 0.31 0.44 0.61 0.80 0.99 1.06 1.02 0.88 0.71 0.52 0.35 0.28 0.33
 12   0.48 0.63 0.79 0.91 0.94 0.90 0.79 0.61 0.44 0.30 0.27 0.32 0.44 0.57 0.74 0.89 1.02 1.07 1.04 0.92 0.74 0.55 0.44 0.43
 13   0.53 0.66 0.80 0.93 1.00 0.99 0.89 0.75 0.62 0.48 0.38 0.35 0.40 0.51 0.64 0.79 0.94 1.00 0.99 0.89 0.77 0.63 0.50 0.41
 14   0.42 0.52 0.63 0.74 0.85 0.90 0.88 0.78 0.65 0.53 0.42 0.36 0.38 0.49 0.60 0.71 0.81 0.89 0.91 0.88 0.79 0.68 0.57 0.47
 15   0.44 0.47 0.54 0.62 0.70 0.76 0.79 0.76 0.66 0.57 0.48 0.41 0.40 0.46 0.56 0.66 0.75 0.82 0.86 0.86 0.81 0.74 0.66 0.58
 16   0.53 0.54 0.58 0.65 0.72 0.75 0.74 0.69 0.63 0.57 0.52 0.47 0.44 0.45 0.51 0.59 0.68 0.75 0.80 0.83 0.82 0.78 0.72 0.67
 17   0.62 0.59 0.58 0.60 0.64 0.68 0.69 0.68 0.66 0.63 0.60 0.57 0.55 0.54 0.55 0.58 0.61 0.64 0.67 0.70 0.73 0.75 0.76 0.76
 18   0.75 0.72 0.68 0.64 0.60 0.57 0.55 0.55 0.57 0.59 0.61 0.62 0.61 0.59 0.57 0.55 0.53 0.51 0.50 0.52 0.56 0.61 0.67 0.72
 19   0.74 0.72 0.66 0.60 0.54 0.48 0.44 0.44 0.47 0.52 0.57 0.62 0.66 0.68 0.67 0.64 0.59 0.54 0.50 0.50 0.54 0.61 0.69 0.79
 20   0.84 0.84 0.80 0.73 0.64 0.56 0.50 0.46 0.47 0.53 0.62 0.71 0.79 0.84 0.85 0.81 0.73 0.64 0.57 0.53 0.52 0.56 0.65 0.75
 21   0.84 0.90 0.91 0.86 0.74 0.60 0.49 0.42 0.41 0.47 0.57 0.68 0.80 0.87 0.88 0.83 0.75 0.64 0.53 0.44 0.41 0.47 0.60 0.75
 22
 23
 24
 25
 26
 27
 28
 29
 30
 31
 ----------------------------------------------------------------------------------------------------------------------------
                                                                                               
 ----------------------------------------------------------------------------------------------------------------------------
 ----------------------------------------------------------------------------------------------------------------------------
                                                          SURVEY OF INDIA
                                                    MARINE GEODESY WING (G&RB)
                                                     HOURLY HEIGHTS IN METRES
  NAME OF PORT:- TUTICORIN                                                                          MONTH APRIL     YEAR 2016
 ----------------------------------------------------------------------------------------------------------------------------
 DAYS 0000 0001 0002 0003 0004 0005 0006 0007 0008 0009 0010 0011 0012 0013 0014 0015 0016 0017 0018 0019 0020 0021 0022 0023
 ----------------------------------------------------------------------------------------------------------------------------
  1
  2
  3
  4
  5   0.95 0.95 0.92 0.85 0.72 0.60 0.50 0.45 0.47 0.57 0.68 0.79 0.91 0.98 0.98 0.92 0.78 0.64 0.52 0.45 0.43 0.48 0.62 0.76
  6   0.90 0.98 0.98 0.88 0.75 0.60 0.44 0.36 0.36 0.46 0.59 0.74 0.89 1.00 1.06 1.04 0.93 0.76 0.59 0.46 0.41 0.42 0.52 0.70
  7   0.88 0.99 1.03 0.99 0.86 0.71 0.53 0.38 0.32 0.37 0.50 0.65 0.82 0.97 1.06 1.07 0.98 0.80 0.61 0.44 0.34 0.36 0.47 0.60
  8   0.78 0.92 0.98 0.97 0.86 0.68 0.52 0.38 0.31 0.33 0.41 0.56 0.76 0.96 1.08 1.12 1.05 0.90 0.70 0.54 0.40 0.34 0.39 0.52
  9   0.70 0.85 0.95 0.96 0.90 0.76 0.58 0.41 0.26 0.24 0.33 0.48 0.64 0.84 1.02 1.13 1.13 1.03 0.88 0.69 0.50 0.38 0.35 0.40
 10   0.52 0.68 0.86 0.94 0.93 0.85 0.71 0.54 0.40 0.32 0.34 0.45 0.58 0.74 0.93 1.07 1.13 1.09 0.97 0.83 0.67 0.50 0.42 0.45
 11   0.54 0.65 0.79 0.90 0.94 0.91 0.79 0.65 0.52 0.40 0.38 0.46 0.57 0.70 0.84 0.97 1.08 1.09 1.01 0.88 0.73 0.59 0.49 0.48
 12   0.55 0.64 0.74 0.83 0.89 0.88 0.81 0.70 0.60 0.50 0.42 0.43 0.53 0.64 0.78 0.89 0.98 1.02 1.00 0.92 0.79 0.67 0.56 0.50
 13   0.51 0.57 0.64 0.71 0.76 0.78 0.76 0.70 0.63 0.55 0.47 0.44 0.48 0.57 0.67 0.79 0.88 0.93 0.92 0.86 0.77 0.67 0.59 0.53
 14   0.51 0.54 0.60 0.67 0.73 0.74 0.72 0.68 0.63 0.58 0.53 0.49 0.49 0.54 0.61 0.68 0.76 0.82 0.85 0.85 0.81 0.75 0.68 0.61
 15   0.55 0.52 0.53 0.56 0.59 0.63 0.67 0.69 0.68 0.64 0.59 0.55 0.54 0.57 0.61 0.65 0.69 0.73 0.76 0.77 0.77 0.75 0.71 0.67
 16   0.62 0.58 0.54 0.51 0.50 0.51 0.53 0.56 0.60 0.64 0.66 0.67 0.66 0.65 0.63 0.62 0.61 0.61 0.62 0.66 0.70 0.74 0.76 0.76
 17   0.73 0.68 0.63 0.59 0.55 0.53 0.54 0.57 0.61 0.66 0.71 0.75 0.78 0.78 0.75 0.71 0.66 0.61 0.58 0.58 0.62 0.68 0.74 0.79
 18   0.81 0.79 0.73 0.66 0.59 0.52 0.47 0.47 0.54 0.62 0.71 0.78 0.83 0.83 0.79 0.73 0.67 0.62 0.58 0.56 0.57 0.62 0.68 0.76
 19   0.83 0.85 0.82 0.74 0.63 0.53 0.46 0.42 0.44 0.54 0.67 0.78 0.87 0.90 0.87 0.79 0.70 0.60 0.50 0.44 0.43 0.49 0.60 0.70
 20   0.80 0.84 0.82 0.72 0.60 0.46 0.34 0.29 0.35 0.47 0.59 0.72 0.84 0.92 0.92 0.84 0.73 0.60 0.48 0.40 0.37 0.40 0.51 0.64
 21   0.78 0.85 0.84 0.72 0.60 0.49 0.37 0.27 0.28 0.38 0.53 0.69 0.82 0.93 0.97 0.92 0.77 0.63 0.49 0.38 0.31 0.32 0.42 0.54
 22   0.68 0.80 0.87 0.85 0.74 0.62 0.50 0.39 0.35 0.41 0.55 0.69 0.84 0.99 1.08 1.08 0.99 0.85 0.70 0.55 0.42 0.41 0.48 0.59
 23   0.72 0.85 0.93 0.93 0.85 0.73 0.59 0.44 0.35 0.37 0.50 0.66 0.86 1.01 1.12 1.15 1.10 0.95 0.79 0.64 0.48 0.42 0.47 0.57
 24   0.69 0.84 0.96 0.99 0.95 0.83 0.65 0.47 0.36 0.36 0.42 0.55 0.70 0.88 1.01 1.07 1.07 0.99 0.84 0.67 0.55 0.46 0.43 0.49
 25   0.60 0.71 0.82 0.89 0.89 0.82 0.70 0.56 0.43 0.36 0.38 0.47 0.60 0.75 0.91 1.00 1.01 0.97 0.86 0.71 0.55 0.46 0.43 0.45
 26   0.52 0.63 0.74 0.81 0.83 0.79 0.69 0.58 0.48 0.38 0.35 0.39 0.51 0.66 0.80 0.92 0.98 0.97 0.88 0.75 0.59 0.43 0.36 0.38
 27   0.45 0.55 0.66 0.76 0.80 0.77 0.68 0.56 0.45 0.36 0.33 0.37 0.50 0.64 0.76 0.89 0.98 0.98 0.90 0.78 0.67 0.57 0.48 0.42
 28   0.41 0.48 0.58 0.68 0.74 0.75 0.70 0.62 0.53 0.44 0.38 0.38 0.45 0.54 0.66 0.78 0.87 0.91 0.88 0.78 0.68 0.58 0.51 0.48
 29   0.49 0.54 0.61 0.68 0.73 0.74 0.70 0.64 0.58 0.52 0.47 0.48 0.53 0.60 0.67 0.74 0.80 0.84 0.86 0.84 0.76 0.66 0.58 0.53
 30   0.52 0.54 0.58 0.63 0.68 0.71 0.72 0.70 0.67 0.63 0.60 0.57 0.55 0.56 0.60 0.65 0.71 0.77 0.81 0.82 0.80 0.76 0.71 0.66
 ----------------------------------------------------------------------------------------------------------------------------
                                                                                               
 ----------------------------------------------------------------------------------------------------------------------------
 ----------------------------------------------------------------------------------------------------------------------------
                                                          SURVEY OF INDIA
                                                    MARINE GEODESY WING (G&RB)
                                                     HOURLY HEIGHTS IN METRES
  NAME OF PORT:- TUTICORIN                                                                          MONTH MAY       YEAR 2016
 ----------------------------------------------------------------------------------------------------------------------------
 DAYS 0000 0001 0002 0003 0004 0005 0006 0007 0008 0009 0010 0011 0012 0013 0014 0015 0016 0017 0018 0019 0020 0021 0022 0023
 ----------------------------------------------------------------------------------------------------------------------------
  1   0.61 0.56 0.53 0.53 0.55 0.59 0.63 0.67 0.71 0.73 0.73 0.71 0.68 0.65 0.64 0.65 0.68 0.71 0.75 0.79 0.81 0.81 0.79 0.75
  2   0.70 0.65 0.60 0.56 0.53 0.53 0.55 0.60 0.66 0.72 0.77 0.80 0.80 0.78 0.73 0.67 0.62 0.59 0.60 0.65 0.71 0.77 0.83 0.85
  3   0.83 0.77 0.70 0.63 0.55 0.50 0.50 0.54 0.62 0.70 0.78 0.85 0.90 0.90 0.82 0.72 0.63 0.55 0.51 0.52 0.58 0.65 0.73 0.81
  4   0.84 0.82 0.75 0.65 0.54 0.44 0.40 0.42 0.48 0.60 0.73 0.85 0.96 0.98 0.93 0.82 0.70 0.58 0.47 0.43 0.45 0.54 0.64 0.76
  5   0.86 0.87 0.80 0.69 0.56 0.44 0.35 0.32 0.35 0.47 0.63 0.80 0.94 1.02 1.02 0.93 0.80 0.67 0.53 0.42 0.38 0.42 0.55 0.70
  6   0.84 0.89 0.88 0.79 0.66 0.53 0.39 0.30 0.31 0.42 0.56 0.72 0.90 1.08 1.14 1.10 0.96 0.78 0.60 0.46 0.41 0.42 0.49 0.61
  7   0.74 0.87 0.91 0.86 0.75 0.62 0.48 0.35 0.32 0.37 0.50 0.67 0.85 1.03 1.15 1.18 1.11 0.94 0.75 0.56 0.43 0.37 0.42 0.54
  8   0.70 0.83 0.90 0.88 0.79 0.67 0.53 0.39 0.29 0.31 0.41 0.56 0.73 0.90 1.05 1.14 1.13 1.01 0.83 0.66 0.50 0.38 0.37 0.47
  9   0.60 0.73 0.84 0.88 0.84 0.75 0.63 0.50 0.39 0.32 0.32 0.43 0.58 0.77 0.94 1.05 1.10 1.06 0.91 0.76 0.62 0.50 0.42 0.44
 10
 11
 12
 13
 14
 15
 16
 17
 18
 19
 20
 21
 22
 23
 24
 25
 26
 27
 28
 29
 30
 31
 ----------------------------------------------------------------------------------------------------------------------------
                                                                                               
 ----------------------------------------------------------------------------------------------------------------------------
 ----------------------------------------------------------------------------------------------------------------------------
                                                          SURVEY OF INDIA
                                                    MARINE GEODESY WING (G&RB)
                                                     HOURLY HEIGHTS IN METRES
  NAME OF PORT:- TUTICORIN                                                                          MONTH JUNE      YEAR 2016
 ----------------------------------------------------------------------------------------------------------------------------
 DAYS 0000 0001 0002 0003 0004 0005 0006 0007 0008 0009 0010 0011 0012 0013 0014 0015 0016 0017 0018 0019 0020 0021 0022 0023
 ----------------------------------------------------------------------------------------------------------------------------
  1
  2
  3
  4
  5
  6
  7
  8
  9
 10
 11
 12
 13
 14
 15
 16
 17
 18
 19
 20
 21
 22
 23   0.41 0.51 0.60 0.68 0.68 0.62 0.50 0.38 0.28 0.23 0.29 0.43 0.59 0.75 0.88 0.96 0.95 0.87 0.75 0.59 0.44 0.32 0.29 0.35
 24   0.45 0.56 0.66 0.72 0.74 0.69 0.59 0.49 0.40 0.34 0.36 0.47 0.63 0.80 0.94 1.02 1.02 0.94 0.80 0.64 0.50 0.38 0.34 0.39
 25   0.48 0.58 0.68 0.76 0.80 0.79 0.72 0.62 0.53 0.45 0.40 0.40 0.46 0.56 0.67 0.78 0.88 0.93 0.90 0.76 0.62 0.48 0.37 0.32
 26   0.35 0.43 0.52 0.62 0.71 0.78 0.78 0.72 0.63 0.55 0.48 0.45 0.48 0.57 0.66 0.76 0.85 0.90 0.89 0.82 0.72 0.61 0.50 0.42
 27   0.40 0.43 0.49 0.56 0.63 0.70 0.75 0.77 0.75 0.70 0.63 0.56 0.53 0.54 0.60 0.68 0.75 0.81 0.85 0.85 0.80 0.70 0.58 0.50
 28
 29
 30
 ----------------------------------------------------------------------------------------------------------------------------
                                                                                               
 ----------------------------------------------------------------------------------------------------------------------------
 ----------------------------------------------------------------------------------------------------------------------------
                                                          SURVEY OF INDIA
                                                    MARINE GEODESY WING (G&RB)
                                                     HOURLY HEIGHTS IN METRES
  NAME OF PORT:- TUTICORIN                                                                          MONTH JULY      YEAR 2016
 ----------------------------------------------------------------------------------------------------------------------------
 DAYS 0000 0001 0002 0003 0004 0005 0006 0007 0008 0009 0010 0011 0012 0013 0014 0015 0016 0017 0018 0019 0020 0021 0022 0023
 ----------------------------------------------------------------------------------------------------------------------------
  1
  2
  3
  4
  5
  6
  7
  8
  9
 10
 11
 12   0.34 0.33 0.38 0.46 0.54 0.62 0.68 0.71 0.70 0.65 0.57 0.48 0.43 0.43 0.47 0.53 0.59 0.65 0.68 0.67 0.63 0.56 0.48 0.41
 13   0.36 0.34 0.35 0.39 0.45 0.52 0.58 0.63 0.66 0.66 0.63 0.57 0.51 0.47 0.46 0.48 0.51 0.54 0.57 0.59 0.59 0.56 0.50 0.43
 14   0.36 0.32 0.32 0.35 0.40 0.45 0.51 0.57 0.61 0.64 0.66 0.67 0.66 0.63 0.59 0.55 0.52 0.49 0.49 0.52 0.55 0.57 0.56 0.53
 15   0.49 0.44 0.40 0.38 0.40 0.45 0.50 0.56 0.62 0.69 0.73 0.74 0.72 0.68 0.64 0.60 0.56 0.52 0.49 0.47 0.48 0.51 0.55 0.57
 16   0.56 0.53 0.48 0.43 0.40 0.39 0.42 0.48 0.56 0.64 0.73 0.80 0.82 0.79 0.73 0.67 0.61 0.56 0.52 0.48 0.45 0.45 0.49 0.55
 17   0.61 0.64 0.63 0.56 0.49 0.43 0.38 0.36 0.40 0.52 0.66 0.78 0.86 0.90 0.88 0.80 0.69 0.58 0.49 0.42 0.39 0.42 0.49 0.58
 18   0.67 0.72 0.71 0.62 0.52 0.43 0.35 0.32 0.35 0.44 0.57 0.68 0.77 0.85 0.88 0.85 0.71 0.58 0.44 0.32 0.26 0.26 0.35 0.48
 19   0.56 0.57 0.52 0.41 0.27 0.14 0.07 0.05 0.08 0.16 0.31 0.47 0.69 0.79 0.80 0.73 0.61 0.48 0.34 0.19 0.09 0.10 0.19 0.30
 20   0.43 0.56 0.60 0.55 0.44 0.33 0.22 0.11 0.08 0.13 0.27 0.42 0.60 0.75 0.84 0.83 0.72 0.57 0.40 0.24 0.13 0.11 0.16 0.26
 21   0.39 0.53 0.61 0.59 0.51 0.40 0.29 0.18 0.11 0.11 0.18 0.32 0.46 0.60 0.71 0.74 0.70 0.58 0.41 0.25 0.10 0.02 0.00 0.05
 22   0.20 0.34 0.49 0.55 0.53 0.46 0.35 0.23 0.11 0.05 0.09 0.21 0.35 0.50 0.65 0.74 0.73 0.63 0.47 0.32 0.17 0.06 0.02 0.04
 23   0.12 0.26 0.40 0.49 0.53 0.52 0.44 0.32 0.19 0.10 0.10 0.16 0.26 0.40 0.55 0.68 0.73 0.70 0.60 0.43 0.28 0.13 0.05 0.03
 24   0.09 0.23 0.38 0.50 0.59 0.61 0.56 0.45 0.31 0.20 0.14 0.16 0.25 0.36 0.50 0.63 0.71 0.71 0.63 0.51 0.36 0.20 0.10 0.11
 25   0.19 0.28 0.38 0.49 0.60 0.66 0.65 0.57 0.48 0.39 0.31 0.26 0.27 0.35 0.46 0.56 0.65 0.71 0.71 0.61 0.47 0.33 0.21 0.14
 26   0.15 0.23 0.32 0.43 0.54 0.61 0.63 0.61 0.54 0.43 0.33 0.24 0.22 0.26 0.35 0.43 0.51 0.55 0.55 0.50 0.41 0.29 0.16 0.07
 27   0.03 0.06 0.14 0.24 0.34 0.43 0.50 0.53 0.51 0.46 0.39 0.32 0.26 0.24 0.27 0.32 0.38 0.44 0.47 0.46 0.41 0.33 0.24 0.13
 28   0.07 0.07 0.12 0.18 0.25 0.32 0.39 0.45 0.50 0.54 0.55 0.51 0.44 0.38 0.35 0.35 0.38 0.43 0.49 0.52 0.51 0.46 0.39 0.31
 29   0.24 0.20 0.19 0.21 0.27 0.34 0.41 0.47 0.54 0.61 0.63 0.61 0.57 0.52 0.47 0.42 0.38 0.37 0.38 0.41 0.45 0.48 0.48 0.42
 30   0.35 0.29 0.23 0.21 0.23 0.29 0.37 0.47 0.57 0.66 0.71 0.72 0.69 0.63 0.55 0.46 0.36 0.28 0.25 0.26 0.30 0.34 0.39 0.43
 31   0.45 0.45 0.42 0.37 0.31 0.26 0.24 0.28 0.37 0.47 0.59 0.68 0.74 0.75 0.70 0.58 0.42 0.28 0.18 0.13 0.14 0.21 0.29 0.39
 ----------------------------------------------------------------------------------------------------------------------------
                                                                                               
 ----------------------------------------------------------------------------------------------------------------------------
 ----------------------------------------------------------------------------------------------------------------------------
                                                          SURVEY OF INDIA
                                                    MARINE GEODESY WING (G&RB)
                                                     HOURLY HEIGHTS IN METRES
  NAME OF PORT:- TUTICORIN                                                                          MONTH AUGUST    YEAR 2016
 ----------------------------------------------------------------------------------------------------------------------------
 DAYS 0000 0001 0002 0003 0004 0005 0006 0007 0008 0009 0010 0011 0012 0013 0014 0015 0016 0017 0018 0019 0020 0021 0022 0023
 ----------------------------------------------------------------------------------------------------------------------------
  1   0.50 0.57 0.57 0.45 0.34 0.25 0.20 0.21 0.28 0.39 0.53 0.64 0.71 0.73 0.70 0.58 0.42 0.28 0.18 0.12 0.14 0.21 0.29 0.38
  2   0.47 0.52 0.52 0.44 0.30 0.18 0.09 0.04 0.05 0.13 0.23 0.35 0.50 0.63 0.69 0.66 0.53 0.39 0.23 0.09 0.03 0.03 0.10 0.22
  3   0.36 0.48 0.53 0.50 0.42 0.31 0.20 0.09 0.03 0.06 0.22 0.36 0.50 0.64 0.73 0.73 0.63 0.48 0.32 0.16 0.04 0.04 0.12 0.26
  4   0.43 0.56 0.63 0.62 0.53 0.41 0.30 0.18 0.12 0.12 0.18 0.31 0.43 0.58 0.71 0.81 0.81 0.71 0.54 0.39 0.23 0.12 0.11 0.19
  5   0.32 0.48 0.65 0.72 0.70 0.60 0.46 0.32 0.20 0.13 0.16 0.30 0.45 0.59 0.75 0.83 0.81 0.70 0.55 0.38 0.19 0.09 0.07 0.16
  6   0.33 0.50 0.62 0.66 0.64 0.55 0.44 0.31 0.21 0.15 0.15 0.23 0.35 0.47 0.61 0.70 0.72 0.66 0.53 0.33 0.16 0.05 0.01 0.07
  7   0.21 0.35 0.46 0.55 0.59 0.58 0.47 0.35 0.24 0.14 0.10 0.13 0.22 0.34 0.46 0.58 0.64 0.64 0.55 0.43 0.26 0.10 0.02 0.02
  8   0.08 0.17 0.27 0.39 0.49 0.53 0.52 0.42 0.31 0.20 0.12 0.10 0.13 0.24 0.34 0.44 0.53 0.59 0.59 0.52 0.42 0.27 0.13 0.05
  9   0.06 0.14 0.26 0.39 0.50 0.57 0.57 0.50 0.42 0.33 0.23 0.18 0.18 0.24 0.31 0.38 0.44 0.49 0.50 0.46 0.36 0.24 0.13 0.05
 10   0.02 0.06 0.18 0.29 0.41 0.49 0.51 0.48 0.43 0.37 0.30 0.24 0.23 0.27 0.32 0.38 0.43 0.47 0.47 0.42 0.32 0.22 0.13 0.07
 11   0.07 0.13 0.20 0.26 0.32 0.38 0.43 0.45 0.44 0.41 0.36 0.30 0.24 0.22 0.24 0.28 0.32 0.35 0.37 0.36 0.32 0.27 0.21 0.16
 12   0.14 0.14 0.17 0.22 0.27 0.32 0.38 0.43 0.46 0.46 0.42 0.37 0.34 0.33 0.33 0.34 0.35 0.36 0.36 0.34 0.31 0.27 0.22 0.18
 13   0.16 0.17 0.20 0.23 0.27 0.31 0.35 0.39 0.43 0.46 0.47 0.45 0.41 0.37 0.34 0.31 0.28 0.25 0.23 0.23 0.24 0.26 0.28 0.28
 14   0.26 0.23 0.20 0.18 0.18 0.22 0.28 0.34 0.40 0.45 0.50 0.53 0.53 0.51 0.46 0.40 0.33 0.26 0.20 0.17 0.17 0.21 0.26 0.32
 15   0.37 0.37 0.33 0.27 0.21 0.17 0.16 0.19 0.25 0.35 0.45 0.54 0.62 0.65 0.63 0.52 0.38 0.26 0.18 0.15 0.16 0.20 0.28 0.39
 16   0.47 0.47 0.41 0.33 0.24 0.17 0.14 0.14 0.18 0.28 0.41 0.51 0.59 0.62 0.58 0.46 0.32 0.21 0.12 0.07 0.06 0.09 0.18 0.29
 17   0.43 0.49 0.47 0.37 0.27 0.17 0.07 0.04 0.05 0.13 0.25 0.36 0.48 0.57 0.63 0.64 0.60 0.49 0.34 0.18 0.05 0.01 0.02 0.13
 18   0.26 0.42 0.52 0.53 0.46 0.31 0.16 0.05 0.01 0.05 0.22 0.39 0.53 0.66 0.73 0.72 0.60 0.45 0.28 0.15 0.05 0.01 0.02 0.12
 19   0.31 0.46 0.58 0.60 0.53 0.40 0.23 0.08 0.01 0.04 0.16 0.30 0.46 0.61 0.71 0.72 0.66 0.52 0.38 0.21 0.08 0.00 0.00 0.06
 20   0.21 0.38 0.52 0.59 0.58 0.48 0.31 0.16 0.05 0.02 0.08 0.22 0.38 0.54 0.66 0.71 0.68 0.56 0.39 0.20 0.08 0.03 0.03 0.10
 21   0.22 0.37 0.53 0.62 0.65 0.62 0.50 0.36 0.20 0.08 0.07 0.13 0.28 0.47 0.62 0.71 0.72 0.63 0.47 0.32 0.18 0.08 0.03 0.04
 22   0.14 0.31 0.47 0.58 0.65 0.66 0.60 0.49 0.34 0.21 0.13 0.13 0.22 0.34 0.49 0.62 0.70 0.70 0.60 0.46 0.30 0.13 0.06 0.05
 23   0.09 0.19 0.33 0.52 0.65 0.68 0.64 0.53 0.41 0.27 0.17 0.16 0.22 0.32 0.43 0.56 0.63 0.63 0.57 0.45 0.32 0.17 0.06 0.04
 24   0.10 0.19 0.29 0.41 0.53 0.63 0.66 0.61 0.52 0.42 0.32 0.24 0.24 0.30 0.38 0.46 0.54 0.58 0.58 0.51 0.41 0.28 0.16 0.08
 25   0.07 0.13 0.23 0.33 0.44 0.53 0.59 0.60 0.56 0.48 0.38 0.30 0.28 0.30 0.34 0.39 0.45 0.49 0.49 0.45 0.36 0.27 0.19 0.12
 26   0.08 0.09 0.15 0.22 0.30 0.37 0.43 0.47 0.49 0.48 0.43 0.38 0.33 0.30 0.31 0.34 0.37 0.40 0.42 0.41 0.36 0.29 0.22 0.16
 27   0.15 0.17 0.21 0.25 0.29 0.33 0.37 0.42 0.47 0.50 0.50 0.46 0.41 0.36 0.32 0.28 0.25 0.23 0.22 0.23 0.25 0.28 0.31 0.31
 28   0.26 0.21 0.16 0.13 0.13 0.15 0.19 0.25 0.31 0.38 0.45 0.50 0.50 0.46 0.41 0.36 0.32 0.28 0.24 0.21 0.21 0.25 0.32 0.37
 29   0.37 0.33 0.27 0.21 0.16 0.13 0.13 0.16 0.22 0.30 0.38 0.46 0.52 0.56 0.56 0.52 0.46 0.40 0.33 0.26 0.18 0.11 0.10 0.15
 30   0.26 0.40 0.47 0.45 0.34 0.22 0.14 0.13 0.17 0.27 0.39 0.53 0.62 0.66 0.65 0.58 0.46 0.31 0.15 0.06 0.05 0.10 0.21 0.32
 31   0.45 0.53 0.53 0.48 0.38 0.27 0.16 0.13 0.17 0.25 0.37 0.50 0.63 0.73 0.75 0.70 0.60 0.47 0.32 0.18 0.09 0.09 0.16 0.28
 ----------------------------------------------------------------------------------------------------------------------------
                                                                                               
 ----------------------------------------------------------------------------------------------------------------------------
 ----------------------------------------------------------------------------------------------------------------------------
                                                          SURVEY OF INDIA
                                                    MARINE GEODESY WING (G&RB)
                                                     HOURLY HEIGHTS IN METRES
  NAME OF PORT:- TUTICORIN                                                                          MONTH SEPT      YEAR 2016
 ----------------------------------------------------------------------------------------------------------------------------
 DAYS 0000 0001 0002 0003 0004 0005 0006 0007 0008 0009 0010 0011 0012 0013 0014 0015 0016 0017 0018 0019 0020 0021 0022 0023
 ----------------------------------------------------------------------------------------------------------------------------
  1
  2
  3
  4
  5
  6   0.40 0.54 0.67 0.80 0.88 0.87 0.78 0.66 0.53 0.38 0.32 0.35 0.44 0.55 0.67 0.78 0.84 0.82 0.74 0.62 0.47 0.30 0.21 0.22
  7   0.30 0.43 0.54 0.66 0.77 0.80 0.75 0.64 0.53 0.43 0.35 0.33 0.37 0.46 0.56 0.66 0.72 0.73 0.68 0.59 0.46 0.35 0.25 0.22
  8   0.26 0.37 0.48 0.59 0.69 0.78 0.78 0.70 0.60 0.51 0.43 0.37 0.35 0.35 0.38 0.43 0.49 0.54 0.58 0.60 0.60 0.57 0.51 0.44
  9   0.38 0.34 0.34 0.39 0.45 0.51 0.56 0.61 0.64 0.63 0.57 0.50 0.46 0.44 0.44 0.46 0.49 0.53 0.56 0.57 0.55 0.50 0.45 0.40
 10   0.38 0.40 0.44 0.48 0.52 0.55 0.58 0.61 0.63 0.64 0.62 0.58 0.55 0.53 0.54 0.56 0.58 0.60 0.61 0.59 0.55 0.51 0.46 0.42
 11   0.41 0.42 0.44 0.47 0.50 0.53 0.56 0.59 0.63 0.66 0.68 0.68 0.66 0.62 0.58 0.55 0.52 0.50 0.48 0.47 0.48 0.51 0.54 0.57
 12   0.58 0.56 0.52 0.49 0.46 0.45 0.48 0.53 0.59 0.65 0.71 0.75 0.75 0.71 0.66 0.60 0.54 0.47 0.43 0.42 0.45 0.49 0.53 0.58
 13   0.61 0.61 0.56 0.50 0.45 0.41 0.40 0.44 0.51 0.59 0.68 0.75 0.80 0.80 0.74 0.65 0.56 0.47 0.38 0.34 0.36 0.42 0.50 0.59
 14   0.68 0.71 0.67 0.58 0.50 0.42 0.36 0.36 0.42 0.54 0.68 0.80 0.90 0.92 0.88 0.78 0.66 0.55 0.43 0.34 0.32 0.38 0.49 0.60
 15   0.72 0.78 0.77 0.68 0.56 0.45 0.34 0.26 0.28 0.40 0.54 0.67 0.81 0.92 0.92 0.83 0.68 0.53 0.37 0.26 0.22 0.25 0.35 0.50
 16   0.67 0.78 0.81 0.74 0.62 0.48 0.33 0.22 0.19 0.25 0.41 0.57 0.72 0.84 0.91 0.89 0.77 0.61 0.43 0.29 0.22 0.22 0.33 0.49
 17   0.67 0.81 0.90 0.90 0.83 0.70 0.53 0.36 0.26 0.27 0.38 0.55 0.71 0.87 0.98 1.02 0.96 0.78 0.58 0.41 0.30 0.28 0.33 0.46
 18   0.66 0.85 0.98 1.02 0.97 0.84 0.67 0.49 0.33 0.28 0.33 0.44 0.58 0.75 0.92 0.98 0.96 0.83 0.64 0.47 0.30 0.23 0.27 0.38
 19   0.56 0.74 0.89 1.00 1.02 0.93 0.77 0.58 0.43 0.34 0.33 0.39 0.53 0.68 0.82 0.94 0.95 0.88 0.74 0.56 0.38 0.24 0.21 0.27
 20   0.40 0.56 0.75 0.90 0.98 0.99 0.89 0.72 0.57 0.43 0.38 0.41 0.49 0.62 0.74 0.86 0.88 0.82 0.70 0.58 0.44 0.30 0.23 0.25
 21   0.37 0.49 0.63 0.78 0.90 0.95 0.92 0.79 0.65 0.50 0.38 0.37 0.43 0.51 0.61 0.72 0.80 0.80 0.72 0.60 0.48 0.34 0.25 0.25
 22   0.33 0.44 0.55 0.68 0.78 0.84 0.84 0.77 0.68 0.55 0.45 0.41 0.43 0.50 0.58 0.67 0.73 0.74 0.69 0.60 0.50 0.41 0.33 0.30
 23   0.32 0.39 0.48 0.58 0.67 0.76 0.78 0.75 0.69 0.62 0.56 0.51 0.48 0.49 0.53 0.59 0.65 0.67 0.66 0.62 0.57 0.51 0.45 0.40
 24   0.39 0.43 0.50 0.56 0.62 0.67 0.71 0.73 0.72 0.68 0.63 0.59 0.55 0.52 0.51 0.52 0.54 0.55 0.56 0.57 0.57 0.56 0.53 0.48
 25   0.46 0.46 0.47 0.49 0.53 0.57 0.61 0.65 0.68 0.71 0.72 0.71 0.67 0.63 0.58 0.54 0.51 0.49 0.48 0.49 0.51 0.54 0.58 0.62
 26   0.62 0.58 0.54 0.52 0.51 0.52 0.54 0.58 0.64 0.70 0.75 0.78 0.77 0.73 0.67 0.61 0.55 0.50 0.47 0.47 0.50 0.56 0.63 0.68
 27   0.70 0.68 0.63 0.57 0.51 0.45 0.43 0.45 0.52 0.60 0.70 0.80 0.85 0.85 0.79 0.69 0.59 0.47 0.41 0.40 0.45 0.53 0.62 0.72
 28   0.78 0.79 0.74 0.65 0.55 0.47 0.41 0.40 0.45 0.55 0.67 0.79 0.88 0.90 0.87 0.77 0.63 0.50 0.38 0.32 0.33 0.42 0.54 0.69
 29   0.82 0.88 0.85 0.77 0.65 0.54 0.44 0.37 0.37 0.47 0.60 0.73 0.87 0.96 0.96 0.87 0.72 0.54 0.39 0.30 0.30 0.39 0.54 0.69
 30   0.84 0.93 0.93 0.87 0.76 0.60 0.43 0.33 0.32 0.37 0.48 0.64 0.80 0.92 0.97 0.93 0.79 0.60 0.43 0.28 0.25 0.30 0.41 0.60
 ----------------------------------------------------------------------------------------------------------------------------
                                                                                               
 ----------------------------------------------------------------------------------------------------------------------------
 ----------------------------------------------------------------------------------------------------------------------------
                                                          SURVEY OF INDIA
                                                    MARINE GEODESY WING (G&RB)
                                                     HOURLY HEIGHTS IN METRES
  NAME OF PORT:- TUTICORIN                                                                          MONTH OCTOBER   YEAR 2016
 ----------------------------------------------------------------------------------------------------------------------------
 DAYS 0000 0001 0002 0003 0004 0005 0006 0007 0008 0009 0010 0011 0012 0013 0014 0015 0016 0017 0018 0019 0020 0021 0022 0023
 ----------------------------------------------------------------------------------------------------------------------------
  1   0.77 0.90 0.95 0.92 0.80 0.64 0.47 0.33 0.26 0.30 0.41 0.55 0.70 0.85 0.94 0.95 0.85 0.66 0.48 0.33 0.23 0.25 0.36 0.50
  2   0.69 0.88 0.98 0.98 0.90 0.75 0.56 0.39 0.25 0.25 0.32 0.43 0.56 0.74 0.88 0.92 0.86 0.73 0.56 0.39 0.25 0.22 0.29 0.42
  3   0.60 0.77 0.90 0.98 0.98 0.87 0.65 0.47 0.32 0.23 0.25 0.37 0.50 0.65 0.81 0.87 0.87 0.78 0.62 0.43 0.29 0.21 0.24 0.35
  4   0.50 0.65 0.82 0.95 0.98 0.89 0.72 0.55 0.40 0.28 0.29 0.43 0.56 0.69 0.81 0.88 0.88 0.79 0.65 0.48 0.30 0.24 0.25 0.36
  5   0.50 0.67 0.81 0.92 0.95 0.89 0.76 0.60 0.44 0.32 0.29 0.36 0.47 0.60 0.71 0.80 0.82 0.78 0.68 0.54 0.39 0.27 0.23 0.29
  6   0.49 0.64 0.76 0.87 0.92 0.89 0.80 0.67 0.51 0.39 0.33 0.33 0.40 0.51 0.61 0.70 0.73 0.71 0.64 0.54 0.44 0.34 0.26 0.26
  7   0.38 0.52 0.63 0.74 0.83 0.84 0.78 0.68 0.56 0.45 0.38 0.37 0.40 0.49 0.59 0.67 0.71 0.71 0.67 0.58 0.49 0.40 0.32 0.33
  8   0.44 0.55 0.66 0.76 0.84 0.88 0.87 0.80 0.69 0.60 0.52 0.50 0.52 0.57 0.63 0.69 0.74 0.76 0.73 0.66 0.59 0.52 0.45 0.45
  9   0.49 0.55 0.62 0.69 0.77 0.81 0.81 0.77 0.71 0.65 0.60 0.56 0.54 0.55 0.59 0.63 0.66 0.67 0.66 0.62 0.58 0.54 0.50 0.48
 10   0.46 0.46 0.49 0.55 0.60 0.65 0.69 0.71 0.70 0.67 0.63 0.60 0.57 0.55 0.53 0.52 0.51 0.51 0.52 0.53 0.54 0.56 0.57 0.58
 11   0.57 0.55 0.55 0.56 0.58 0.60 0.63 0.66 0.69 0.71 0.73 0.73 0.71 0.68 0.65 0.61 0.57 0.53 0.51 0.51 0.54 0.58 0.62 0.66
 12   0.70 0.70 0.65 0.61 0.57 0.54 0.54 0.58 0.63 0.69 0.76 0.81 0.83 0.81 0.75 0.67 0.59 0.51 0.45 0.44 0.49 0.56 0.66 0.75
 13   0.81 0.82 0.77 0.69 0.59 0.50 0.43 0.43 0.51 0.60 0.70 0.80 0.84 0.84 0.78 0.67 0.56 0.45 0.35 0.31 0.33 0.43 0.54 0.67
 14   0.80 0.84 0.80 0.70 0.58 0.46 0.34 0.30 0.36 0.49 0.61 0.73 0.82 0.86 0.85 0.76 0.59 0.44 0.33 0.27 0.28 0.38 0.52 0.69
 15   0.89 0.98 0.97 0.88 0.73 0.56 0.40 0.30 0.29 0.37 0.51 0.67 0.80 0.90 0.91 0.82 0.67 0.52 0.36 0.26 0.24 0.33 0.47 0.65
 16   0.87 1.00 1.06 1.04 0.90 0.70 0.50 0.36 0.30 0.32 0.43 0.60 0.77 0.91 0.97 0.93 0.80 0.64 0.44 0.29 0.22 0.27 0.39 0.55
 17   0.76 0.95 1.05 1.06 0.98 0.83 0.60 0.43 0.29 0.26 0.34 0.49 0.64 0.79 0.89 0.91 0.84 0.68 0.50 0.33 0.22 0.23 0.33 0.47
 18   0.66 0.86 1.00 1.09 1.09 0.96 0.75 0.56 0.38 0.28 0.28 0.35 0.46 0.62 0.78 0.86 0.86 0.79 0.64 0.47 0.32 0.23 0.21 0.30
 19   0.47 0.64 0.80 0.94 1.00 0.97 0.85 0.67 0.47 0.33 0.30 0.36 0.49 0.63 0.77 0.87 0.89 0.83 0.70 0.56 0.43 0.31 0.31 0.42
 20   0.56 0.69 0.83 0.97 1.05 1.05 0.96 0.80 0.64 0.49 0.42 0.42 0.49 0.62 0.73 0.83 0.88 0.87 0.77 0.65 0.54 0.43 0.37 0.39
 21   0.54 0.67 0.80 0.93 1.01 1.05 1.03 0.94 0.79 0.64 0.54 0.50 0.53 0.61 0.69 0.78 0.84 0.84 0.79 0.71 0.62 0.52 0.45 0.45
 22   0.51 0.61 0.71 0.81 0.90 0.95 0.95 0.90 0.80 0.70 0.61 0.55 0.53 0.56 0.62 0.68 0.73 0.77 0.77 0.72 0.65 0.58 0.51 0.49
 23   0.52 0.58 0.63 0.69 0.75 0.80 0.84 0.85 0.83 0.75 0.67 0.59 0.54 0.53 0.56 0.59 0.62 0.64 0.65 0.65 0.64 0.62 0.58 0.53
 24   0.51 0.51 0.54 0.57 0.60 0.63 0.66 0.68 0.69 0.68 0.65 0.60 0.56 0.52 0.49 0.47 0.45 0.45 0.47 0.51 0.56 0.60 0.62 0.61
 25   0.59 0.56 0.53 0.51 0.50 0.50 0.52 0.56 0.59 0.61 0.63 0.64 0.63 0.61 0.57 0.52 0.47 0.42 0.38 0.39 0.44 0.51 0.57 0.63
 26   0.66 0.66 0.62 0.58 0.54 0.50 0.48 0.49 0.55 0.62 0.69 0.76 0.78 0.74 0.67 0.59 0.51 0.44 0.41 0.43 0.52 0.61 0.71 0.82
 27   0.86 0.85 0.78 0.69 0.59 0.51 0.46 0.47 0.52 0.59 0.67 0.75 0.81 0.82 0.77 0.65 0.51 0.40 0.34 0.33 0.40 0.53 0.66 0.77
 28   0.88 0.90 0.86 0.75 0.63 0.49 0.40 0.36 0.37 0.45 0.58 0.70 0.80 0.84 0.82 0.70 0.57 0.44 0.31 0.28 0.32 0.44 0.57 0.72
 29   0.88 0.94 0.91 0.82 0.70 0.55 0.39 0.31 0.30 0.36 0.46 0.60 0.73 0.83 0.84 0.75 0.60 0.46 0.32 0.26 0.28 0.39 0.52 0.69
 30   0.87 0.96 0.96 0.87 0.75 0.60 0.44 0.31 0.27 0.33 0.43 0.55 0.69 0.80 0.84 0.79 0.66 0.52 0.38 0.26 0.24 0.33 0.47 0.63
 31   0.80 0.92 0.97 0.96 0.83 0.66 0.51 0.37 0.27 0.27 0.37 0.50 0.65 0.78 0.83 0.81 0.70 0.54 0.38 0.23 0.21 0.27 0.39 0.56
 ----------------------------------------------------------------------------------------------------------------------------
                                                                                               
 ----------------------------------------------------------------------------------------------------------------------------
 ----------------------------------------------------------------------------------------------------------------------------
                                                          SURVEY OF INDIA
                                                    MARINE GEODESY WING (G&RB)
                                                     HOURLY HEIGHTS IN METRES
  NAME OF PORT:- TUTICORIN                                                                          MONTH NOVEMBER  YEAR 2016
 ----------------------------------------------------------------------------------------------------------------------------
 DAYS 0000 0001 0002 0003 0004 0005 0006 0007 0008 0009 0010 0011 0012 0013 0014 0015 0016 0017 0018 0019 0020 0021 0022 0023
 ----------------------------------------------------------------------------------------------------------------------------
  1   0.72 0.87 0.98 1.00 0.94 0.77 0.58 0.40 0.29 0.24 0.28 0.39 0.51 0.66 0.77 0.81 0.77 0.65 0.48 0.32 0.22 0.23 0.34 0.49
  2   0.64 0.79 0.95 1.00 0.96 0.85 0.71 0.54 0.39 0.28 0.30 0.40 0.53 0.65 0.77 0.83 0.82 0.73 0.58 0.41 0.28 0.25 0.33 0.48
  3   0.64 0.78 0.92 1.01 1.01 0.92 0.77 0.60 0.44 0.33 0.31 0.39 0.50 0.61 0.73 0.79 0.76 0.67 0.55 0.43 0.32 0.26 0.30 0.41
  4   0.56 0.69 0.82 0.91 0.92 0.85 0.72 0.58 0.45 0.33 0.28 0.30 0.39 0.50 0.61 0.68 0.70 0.66 0.57 0.47 0.39 0.31 0.28 0.32
  5   0.47 0.60 0.75 0.88 0.94 0.93 0.85 0.72 0.60 0.49 0.42 0.42 0.48 0.56 0.64 0.71 0.76 0.75 0.69 0.61 0.52 0.44 0.39 0.42
  6   0.52 0.62 0.72 0.82 0.90 0.91 0.87 0.79 0.68 0.59 0.52 0.48 0.48 0.52 0.59 0.65 0.69 0.71 0.69 0.64 0.58 0.51 0.46 0.46
  7   0.51 0.59 0.67 0.75 0.83 0.86 0.84 0.79 0.72 0.65 0.59 0.53 0.51 0.53 0.57 0.61 0.65 0.67 0.66 0.62 0.57 0.53 0.50 0.50
  8   0.53 0.57 0.61 0.65 0.70 0.75 0.77 0.76 0.72 0.67 0.62 0.57 0.52 0.51 0.52 0.54 0.57 0.60 0.63 0.66 0.68 0.69 0.69 0.67
  9   0.64 0.62 0.61 0.62 0.64 0.67 0.71 0.74 0.75 0.74 0.72 0.69 0.65 0.61 0.58 0.55 0.52 0.50 0.49 0.50 0.54 0.60 0.66 0.70
 10   0.71 0.69 0.65 0.61 0.57 0.55 0.56 0.60 0.66 0.71 0.73 0.72 0.68 0.64 0.60 0.56 0.52 0.48 0.48 0.53 0.65 0.75 0.85 0.91
 11   0.92 0.86 0.78 0.70 0.62 0.56 0.54 0.56 0.63 0.71 0.79 0.85 0.86 0.81 0.73 0.64 0.55 0.47 0.44 0.48 0.59 0.71 0.86 0.98
 12   1.02 1.00 0.92 0.79 0.66 0.55 0.47 0.47 0.52 0.58 0.65 0.72 0.78 0.82 0.82 0.77 0.68 0.58 0.46 0.36 0.38 0.49 0.64 0.80
 13   0.94 1.02 1.02 0.95 0.82 0.67 0.55 0.45 0.41 0.44 0.51 0.60 0.69 0.78 0.84 0.83 0.74 0.60 0.44 0.31 0.30 0.40 0.57 0.75
 14   0.90 1.03 1.08 1.04 0.90 0.72 0.57 0.45 0.37 0.37 0.50 0.68 0.84 0.96 0.96 0.87 0.74 0.59 0.44 0.35 0.38 0.50 0.66 0.85
 15   1.05 1.19 1.24 1.20 1.07 0.88 0.69 0.52 0.45 0.45 0.51 0.62 0.76 0.90 0.97 0.96 0.88 0.76 0.60 0.46 0.40 0.44 0.53 0.68
 16   0.87 1.04 1.19 1.24 1.17 1.04 0.85 0.68 0.53 0.46 0.48 0.57 0.70 0.83 0.95 0.99 0.94 0.82 0.67 0.52 0.42 0.39 0.47 0.61
 17   0.78 0.93 1.08 1.16 1.16 1.09 0.93 0.76 0.57 0.48 0.49 0.56 0.67 0.80 0.94 1.00 0.97 0.88 0.75 0.61 0.48 0.43 0.47 0.58
 18   0.71 0.85 0.99 1.10 1.13 1.08 0.97 0.82 0.66 0.53 0.49 0.52 0.58 0.68 0.78 0.88 0.91 0.87 0.77 0.66 0.54 0.45 0.45 0.52
 19   0.62 0.73 0.84 0.95 1.04 1.04 0.98 0.85 0.69 0.55 0.44 0.41 0.45 0.53 0.62 0.72 0.81 0.83 0.78 0.70 0.61 0.53 0.46 0.45
 20   0.50 0.59 0.71 0.82 0.91 0.95 0.94 0.85 0.74 0.64 0.55 0.49 0.49 0.54 0.61 0.69 0.76 0.82 0.83 0.79 0.73 0.67 0.62 0.60
 21   0.62 0.68 0.75 0.82 0.88 0.92 0.92 0.90 0.84 0.76 0.66 0.57 0.54 0.55 0.58 0.62 0.66 0.71 0.76 0.79 0.80 0.78 0.75 0.71
 22   0.68 0.68 0.71 0.75 0.79 0.84 0.87 0.89 0.88 0.84 0.78 0.72 0.67 0.64 0.62 0.62 0.65 0.69 0.75 0.81 0.85 0.88 0.88 0.84
 23   0.79 0.76 0.75 0.74 0.75 0.76 0.78 0.80 0.82 0.81 0.77 0.72 0.67 0.62 0.58 0.56 0.56 0.58 0.62 0.67 0.75 0.81 0.83 0.83
 24   0.80 0.76 0.72 0.68 0.65 0.62 0.62 0.64 0.68 0.73 0.76 0.75 0.70 0.64 0.58 0.53 0.49 0.47 0.49 0.55 0.65 0.75 0.83 0.87
 25   0.87 0.83 0.76 0.69 0.63 0.58 0.56 0.57 0.61 0.67 0.74 0.80 0.80 0.75 0.68 0.61 0.54 0.49 0.50 0.56 0.66 0.75 0.86 0.93
 26   0.95 0.93 0.86 0.75 0.65 0.57 0.52 0.51 0.55 0.62 0.70 0.78 0.83 0.83 0.76 0.67 0.59 0.51 0.46 0.47 0.57 0.69 0.82 0.95
 27   1.02 1.03 0.96 0.84 0.72 0.62 0.52 0.46 0.48 0.55 0.66 0.75 0.82 0.86 0.86 0.79 0.68 0.57 0.46 0.42 0.46 0.57 0.69 0.84
 28   0.98 1.04 1.03 0.93 0.80 0.66 0.52 0.40 0.38 0.41 0.49 0.61 0.74 0.87 0.91 0.87 0.68 0.50 0.38 0.32 0.35 0.46 0.59 0.74
 29   0.91 1.01 1.02 0.94 0.82 0.66 0.50 0.37 0.32 0.35 0.44 0.56 0.68 0.78 0.83 0.80 0.70 0.57 0.45 0.34 0.33 0.43 0.56 0.71
 30   0.88 1.01 1.05 1.01 0.90 0.74 0.57 0.44 0.36 0.34 0.39 0.49 0.60 0.71 0.79 0.81 0.75 0.64 0.49 0.35 0.27 0.30 0.41 0.54
 ----------------------------------------------------------------------------------------------------------------------------
                                                                                               
 ----------------------------------------------------------------------------------------------------------------------------
 ----------------------------------------------------------------------------------------------------------------------------
                                                          SURVEY OF INDIA
                                                    MARINE GEODESY WING (G&RB)
                                                     HOURLY HEIGHTS IN METRES
  NAME OF PORT:- TUTICORIN                                                                          MONTH DECEMBER  YEAR 2016
 ----------------------------------------------------------------------------------------------------------------------------
 DAYS 0000 0001 0002 0003 0004 0005 0006 0007 0008 0009 0010 0011 0012 0013 0014 0015 0016 0017 0018 0019 0020 0021 0022 0023
 ----------------------------------------------------------------------------------------------------------------------------
  1   0.70 0.84 0.96 1.02 1.00 0.87 0.71 0.54 0.38 0.31 0.36 0.46 0.57 0.68 0.76 0.80 0.77 0.66 0.53 0.42 0.32 0.30 0.41 0.56
  2   0.73 0.89 1.00 1.04 1.00 0.88 0.72 0.56 0.41 0.34 0.35 0.44 0.54 0.65 0.77 0.84 0.83 0.74 0.63 0.49 0.38 0.34 0.40 0.51
  3   0.65 0.82 0.95 1.03 1.04 0.95 0.81 0.65 0.50 0.39 0.34 0.38 0.47 0.57 0.68 0.77 0.82 0.80 0.71 0.58 0.45 0.35 0.34 0.44
  4   0.56 0.68 0.80 0.91 0.98 0.96 0.85 0.70 0.56 0.41 0.32 0.32 0.39 0.49 0.58 0.67 0.74 0.75 0.71 0.63 0.53 0.44 0.38 0.40
  5   0.50 0.61 0.73 0.84 0.94 0.96 0.91 0.79 0.66 0.53 0.44 0.43 0.47 0.55 0.64 0.73 0.80 0.82 0.78 0.70 0.62 0.55 0.49 0.48
  6   0.53 0.63 0.73 0.83 0.92 0.96 0.94 0.85 0.75 0.65 0.54 0.48 0.48 0.53 0.61 0.68 0.75 0.81 0.82 0.79 0.72 0.65 0.58 0.55
  7   0.58 0.63 0.69 0.75 0.82 0.88 0.90 0.86 0.78 0.69 0.60 0.52 0.49 0.50 0.54 0.59 0.64 0.69 0.74 0.78 0.78 0.73 0.68 0.64
  8   0.61 0.61 0.62 0.65 0.68 0.72 0.76 0.78 0.77 0.72 0.65 0.58 0.52 0.47 0.44 0.43 0.45 0.50 0.55 0.60 0.66 0.71 0.75 0.76
  9   0.72 0.66 0.60 0.57 0.58 0.60 0.63 0.67 0.70 0.71 0.69 0.66 0.63 0.60 0.56 0.53 0.51 0.52 0.57 0.66 0.77 0.86 0.92 0.94
 10   0.92 0.86 0.79 0.73 0.68 0.65 0.65 0.69 0.76 0.81 0.83 0.83 0.80 0.75 0.69 0.64 0.60 0.58 0.58 0.62 0.72 0.83 0.95 1.06
 11   1.09 1.05 0.95 0.85 0.76 0.68 0.62 0.62 0.68 0.75 0.81 0.86 0.88 0.85 0.78 0.70 0.62 0.55 0.51 0.53 0.63 0.74 0.88 1.01
 12   1.10 1.12 1.06 0.95 0.81 0.67 0.56 0.51 0.54 0.61 0.70 0.79 0.86 0.87 0.82 0.73 0.63 0.54 0.46 0.44 0.49 0.60 0.72 0.86
 13   1.00 1.09 1.10 1.01 0.86 0.73 0.60 0.50 0.45 0.48 0.57 0.67 0.77 0.85 0.87 0.83 0.72 0.59 0.47 0.39 0.40 0.50 0.63 0.78
 14   1.00 1.13 1.16 1.08 0.95 0.80 0.64 0.50 0.40 0.39 0.48 0.60 0.71 0.80 0.81 0.76 0.65 0.51 0.37 0.28 0.30 0.39 0.51 0.67
 15   0.84 0.99 1.07 1.05 0.94 0.78 0.59 0.43 0.35 0.34 0.39 0.48 0.62 0.75 0.81 0.82 0.75 0.62 0.49 0.38 0.31 0.32 0.45 0.57
 16   0.73 0.90 1.01 1.07 1.04 0.92 0.74 0.56 0.43 0.37 0.39 0.46 0.55 0.66 0.78 0.86 0.86 0.77 0.66 0.54 0.43 0.37 0.41 0.53
 17   0.65 0.79 0.93 1.01 1.04 1.00 0.86 0.70 0.55 0.42 0.37 0.39 0.47 0.57 0.70 0.83 0.88 0.86 0.78 0.66 0.54 0.42 0.39 0.44
 18   0.55 0.68 0.82 0.93 1.00 1.01 0.93 0.80 0.67 0.53 0.40 0.37 0.42 0.52 0.63 0.74 0.86 0.91 0.88 0.79 0.68 0.59 0.53 0.52
 19   0.58 0.68 0.78 0.89 0.97 1.01 0.99 0.90 0.76 0.61 0.50 0.44 0.46 0.53 0.62 0.73 0.83 0.86 0.84 0.79 0.72 0.64 0.56 0.54
 20   0.59 0.68 0.77 0.87 0.95 0.96 0.91 0.83 0.74 0.65 0.56 0.47 0.44 0.47 0.55 0.65 0.74 0.82 0.86 0.86 0.82 0.75 0.67 0.60
 21   0.58 0.62 0.69 0.76 0.84 0.91 0.92 0.88 0.80 0.71 0.63 0.56 0.50 0.47 0.48 0.53 0.58 0.64 0.70 0.75 0.78 0.78 0.75 0.70
 22   0.65 0.61 0.61 0.65 0.69 0.73 0.77 0.80 0.80 0.76 0.70 0.64 0.59 0.55 0.53 0.54 0.58 0.63 0.68 0.74 0.80 0.84 0.84 0.80
 23   0.76 0.71 0.67 0.63 0.61 0.61 0.63 0.67 0.70 0.73 0.75 0.74 0.70 0.65 0.61 0.58 0.58 0.61 0.65 0.70 0.76 0.82 0.88 0.90
 24   0.88 0.83 0.77 0.71 0.66 0.62 0.61 0.62 0.65 0.69 0.72 0.73 0.72 0.68 0.63 0.58 0.55 0.56 0.60 0.66 0.73 0.81 0.89 0.95
 25   0.95 0.90 0.84 0.76 0.69 0.64 0.60 0.59 0.61 0.65 0.70 0.74 0.75 0.72 0.67 0.60 0.54 0.50 0.50 0.57 0.66 0.75 0.85 0.95
 26   0.99 0.96 0.88 0.78 0.69 0.60 0.54 0.52 0.53 0.58 0.65 0.72 0.77 0.78 0.75 0.68 0.59 0.49 0.44 0.46 0.55 0.66 0.77 0.89
 27   1.01 1.02 0.96 0.85 0.73 0.62 0.50 0.43 0.43 0.47 0.55 0.64 0.73 0.78 0.78 0.72 0.61 0.50 0.40 0.35 0.37 0.51 0.65 0.82
 28   0.96 1.01 0.99 0.92 0.81 0.67 0.53 0.41 0.36 0.39 0.47 0.57 0.68 0.77 0.80 0.78 0.70 0.59 0.49 0.42 0.41 0.47 0.59 0.75
 29   0.91 1.02 1.06 1.03 0.92 0.76 0.59 0.45 0.38 0.37 0.42 0.54 0.67 0.79 0.85 0.86 0.80 0.66 0.52 0.38 0.35 0.42 0.54 0.70
 30   0.88 1.03 1.11 1.10 0.99 0.84 0.68 0.51 0.39 0.35 0.37 0.46 0.58 0.70 0.80 0.86 0.84 0.73 0.59 0.47 0.38 0.36 0.43 0.55
 31
 ----------------------------------------------------------------------------------------------------------------------------
                                                                                               
 ----------------------------------------------------------------------------------------------------------------------------
 ----------------------------------------------------------------------------------------------------------------------------
