                                                          SURVEY OF INDIA
                                                    MARINE GEODESY WING (G&RB)
                                                     HOURLY HEIGHTS IN METRES
  NAME OF PORT:- TUTICORIN                                                                          MONTH JANUARY   YEAR 2019
 ----------------------------------------------------------------------------------------------------------------------------
 DAYS 0000 0001 0002 0003 0004 0005 0006 0007 0008 0009 0010 0011 0012 0013 0014 0015 0016 0017 0018 0019 0020 0021 0022 0023
 ----------------------------------------------------------------------------------------------------------------------------
  1   0.72 0.65 0.60 0.56 0.52 0.50 0.49 0.50 0.53 0.55 0.55 0.53 0.48 0.41 0.36 0.33 0.32 0.34 0.39 0.46 0.56 0.66 0.75 0.79
  2   0.78 0.71 0.63 0.55 0.49 0.44 0.42 0.42 0.44 0.49 0.54 0.58 0.59 0.57 0.52 0.45 0.38 0.32 0.31 0.35 0.43 0.54 0.69 0.80
  3   0.84 0.84 0.80 0.72 0.62 0.52 0.43 0.36 0.35 0.40 0.49 0.60 0.67 0.67 0.62 0.53 0.44 0.38 0.36 0.38 0.44 0.54 0.68 0.80
  4   0.89 0.94 0.92 0.84 0.71 0.55 0.41 0.33 0.30 0.31 0.37 0.46 0.56 0.62 0.63 0.59 0.49 0.34 0.25 0.22 0.24 0.33 0.47 0.63
  5   0.75 0.83 0.86 0.82 0.70 0.54 0.38 0.26 0.22 0.25 0.34 0.45 0.56 0.65 0.69 0.68 0.61 0.48 0.35 0.28 0.28 0.35 0.50 0.65
  6   0.79 0.90 0.95 0.94 0.86 0.72 0.57 0.42 0.33 0.30 0.33 0.42 0.54 0.67 0.78 0.82 0.78 0.68 0.56 0.44 0.34 0.32 0.42 0.58
  7   0.75 0.90 1.00 1.03 0.99 0.86 0.70 0.53 0.40 0.33 0.34 0.42 0.56 0.72 0.85 0.90 0.89 0.80 0.65 0.48 0.36 0.36 0.46 0.62
  8   0.78 0.94 1.05 1.09 1.04 0.93 0.75 0.56 0.40 0.33 0.33 0.40 0.53 0.67 0.78 0.85 0.85 0.79 0.68 0.54 0.38 0.30 0.32 0.45
  9   0.60 0.75 0.90 0.98 0.99 0.91 0.76 0.59 0.42 0.29 0.25 0.28 0.39 0.52 0.65 0.76 0.81 0.78 0.70 0.60 0.48 0.37 0.30 0.32
 10   0.45 0.62 0.78 0.88 0.92 0.89 0.79 0.64 0.48 0.35 0.30 0.31 0.39 0.50 0.62 0.72 0.78 0.78 0.72 0.60 0.45 0.35 0.31 0.34
 11   0.45 0.60 0.75 0.85 0.90 0.89 0.82 0.72 0.58 0.42 0.32 0.28 0.30 0.37 0.47 0.60 0.68 0.71 0.70 0.65 0.55 0.43 0.36 0.34
 12   0.39 0.50 0.64 0.78 0.89 0.92 0.90 0.82 0.70 0.56 0.47 0.44 0.46 0.51 0.60 0.73 0.82 0.87 0.88 0.86 0.80 0.70 0.62 0.57
 13   0.55 0.56 0.61 0.69 0.76 0.80 0.81 0.77 0.68 0.57 0.46 0.40 0.39 0.42 0.49 0.59 0.68 0.75 0.80 0.82 0.80 0.75 0.69 0.62
 14   0.58 0.58 0.62 0.68 0.75 0.79 0.80 0.79 0.74 0.65 0.55 0.46 0.41 0.40 0.44 0.52 0.60 0.68 0.74 0.78 0.79 0.77 0.72 0.65
 15   0.60 0.58 0.59 0.63 0.68 0.72 0.74 0.73 0.69 0.62 0.54 0.46 0.39 0.36 0.37 0.42 0.49 0.56 0.63 0.68 0.72 0.74 0.74 0.72
 16   0.68 0.62 0.57 0.55 0.56 0.59 0.62 0.65 0.66 0.64 0.60 0.54 0.48 0.43 0.41 0.42 0.45 0.50 0.56 0.62 0.69 0.75 0.78 0.79
 17   0.78 0.74 0.68 0.61 0.55 0.52 0.51 0.53 0.58 0.64 0.70 0.73 0.72 0.66 0.56 0.48 0.44 0.43 0.45 0.50 0.57 0.65 0.74 0.83
 18   0.87 0.86 0.80 0.70 0.60 0.50 0.44 0.41 0.42 0.46 0.53 0.60 0.65 0.66 0.62 0.55 0.47 0.41 0.38 0.39 0.45 0.55 0.67 0.80
 19   0.90 0.94 0.91 0.82 0.68 0.53 0.41 0.35 0.35 0.39 0.45 0.53 0.60 0.63 0.62 0.58 0.50 0.40 0.35 0.34 0.38 0.47 0.59 0.74
 20   0.87 0.96 0.97 0.91 0.80 0.66 0.51 0.40 0.35 0.36 0.41 0.51 0.63 0.71 0.72 0.67 0.57 0.44 0.32 0.27 0.28 0.35 0.46 0.60
 21   0.73 0.85 0.92 0.91 0.82 0.67 0.48 0.29 0.21 0.20 0.25 0.36 0.50 0.62 0.70 0.72 0.68 0.57 0.44 0.32 0.26 0.28 0.38 0.52
 22   0.68 0.85 0.98 1.03 1.00 0.87 0.70 0.51 0.36 0.26 0.23 0.28 0.40 0.55 0.68 0.74 0.74 0.66 0.53 0.39 0.29 0.26 0.28 0.36
 23   0.52 0.72 0.88 0.97 0.98 0.90 0.75 0.56 0.38 0.26 0.23 0.26 0.36 0.51 0.68 0.80 0.84 0.82 0.71 0.53 0.39 0.31 0.29 0.33
 24   0.45 0.64 0.82 0.93 0.98 0.96 0.86 0.70 0.50 0.33 0.25 0.25 0.33 0.48 0.64 0.79 0.88 0.90 0.85 0.72 0.52 0.38 0.35 0.38
 25   0.46 0.58 0.72 0.85 0.93 0.94 0.88 0.73 0.54 0.36 0.24 0.20 0.24 0.35 0.51 0.68 0.78 0.82 0.80 0.72 0.58 0.44 0.37 0.36
 26   0.40 0.51 0.64 0.76 0.85 0.88 0.84 0.72 0.55 0.39 0.29 0.26 0.29 0.38 0.51 0.65 0.76 0.83 0.84 0.80 0.72 0.61 0.50 0.45
 27   0.45 0.50 0.59 0.70 0.78 0.82 0.81 0.75 0.65 0.50 0.34 0.25 0.24 0.29 0.40 0.52 0.63 0.71 0.77 0.79 0.77 0.70 0.58 0.49
 28   0.46 0.49 0.55 0.63 0.70 0.75 0.77 0.74 0.67 0.56 0.45 0.37 0.34 0.36 0.42 0.52 0.62 0.70 0.76 0.80 0.81 0.78 0.72 0.63
 29   0.55 0.53 0.55 0.59 0.64 0.67 0.68 0.66 0.61 0.54 0.47 0.40 0.35 0.33 0.34 0.39 0.46 0.53 0.60 0.66 0.70 0.71 0.69 0.65
 30   0.60 0.54 0.48 0.45 0.45 0.47 0.51 0.55 0.57 0.56 0.53 0.49 0.44 0.39 0.37 0.38 0.41 0.46 0.52 0.58 0.64 0.68 0.70 0.70
 31   0.68 0.64 0.59 0.54 0.49 0.45 0.43 0.43 0.45 0.48 0.52 0.54 0.54 0.52 0.47 0.43 0.41 0.41 0.43 0.47 0.53 0.60 0.67 0.73
 ----------------------------------------------------------------------------------------------------------------------------

 ----------------------------------------------------------------------------------------------------------------------------
 ----------------------------------------------------------------------------------------------------------------------------
                                                          SURVEY OF INDIA
                                                    MARINE GEODESY WING (G&RB)
                                                     HOURLY HEIGHTS IN METRES
  NAME OF PORT:- TUTICORIN                                                                          MONTH FEBRUARY  YEAR 2019
 ----------------------------------------------------------------------------------------------------------------------------
 DAYS 0000 0001 0002 0003 0004 0005 0006 0007 0008 0009 0010 0011 0012 0013 0014 0015 0016 0017 0018 0019 0020 0021 0022 0023
 ----------------------------------------------------------------------------------------------------------------------------
  1   0.75 0.74 0.70 0.63 0.55 0.46 0.38 0.33 0.32 0.34 0.39 0.45 0.50 0.52 0.50 0.44 0.37 0.32 0.30 0.31 0.36 0.46 0.57 0.68
  2   0.75 0.77 0.75 0.69 0.58 0.46 0.35 0.27 0.25 0.28 0.35 0.44 0.53 0.58 0.59 0.55 0.47 0.38 0.30 0.28 0.32 0.40 0.52 0.68
  3   0.80 0.86 0.86 0.80 0.68 0.54 0.41 0.31 0.27 0.29 0.36 0.46 0.56 0.64 0.67 0.65 0.58 0.47 0.35 0.25 0.22 0.28 0.41 0.56
  4   0.72 0.86 0.91 0.88 0.78 0.64 0.49 0.35 0.27 0.24 0.27 0.37 0.52 0.65 0.72 0.73 0.68 0.55 0.41 0.32 0.29 0.33 0.43 0.56
  5   0.72 0.85 0.94 0.94 0.86 0.72 0.56 0.40 0.29 0.24 0.27 0.38 0.52 0.65 0.74 0.77 0.74 0.64 0.50 0.34 0.26 0.25 0.32 0.46
  6   0.67 0.83 0.95 0.98 0.94 0.83 0.66 0.46 0.31 0.26 0.27 0.34 0.46 0.62 0.75 0.82 0.81 0.74 0.61 0.45 0.32 0.26 0.28 0.40
  7   0.57 0.76 0.90 0.97 0.97 0.89 0.72 0.54 0.40 0.30 0.27 0.34 0.48 0.65 0.79 0.89 0.92 0.87 0.74 0.58 0.44 0.36 0.34 0.40
  8   0.54 0.70 0.86 0.95 0.97 0.92 0.79 0.60 0.42 0.30 0.24 0.27 0.38 0.52 0.70 0.82 0.88 0.88 0.82 0.68 0.52 0.39 0.33 0.36
  9   0.46 0.60 0.74 0.86 0.91 0.89 0.78 0.60 0.43 0.30 0.23 0.24 0.33 0.46 0.62 0.76 0.86 0.89 0.84 0.72 0.58 0.44 0.35 0.35
 10   0.42 0.54 0.68 0.80 0.86 0.87 0.82 0.72 0.58 0.44 0.32 0.28 0.32 0.43 0.57 0.70 0.81 0.87 0.87 0.81 0.69 0.55 0.45 0.40
 11   0.42 0.50 0.61 0.73 0.84 0.88 0.84 0.70 0.55 0.43 0.34 0.30 0.32 0.41 0.54 0.66 0.77 0.83 0.82 0.75 0.65 0.55 0.47 0.43
 12   0.44 0.50 0.58 0.67 0.74 0.77 0.75 0.68 0.58 0.46 0.36 0.29 0.27 0.30 0.38 0.51 0.63 0.71 0.75 0.75 0.71 0.64 0.56 0.48
 13   0.43 0.42 0.44 0.49 0.55 0.60 0.61 0.57 0.50 0.43 0.35 0.29 0.26 0.27 0.33 0.41 0.49 0.57 0.63 0.67 0.68 0.67 0.63 0.58
 14   0.52 0.48 0.47 0.50 0.55 0.59 0.60 0.59 0.55 0.50 0.44 0.39 0.35 0.33 0.33 0.36 0.41 0.48 0.55 0.62 0.67 0.70 0.71 0.70
 15   0.67 0.62 0.56 0.52 0.52 0.55 0.59 0.62 0.62 0.59 0.55 0.51 0.48 0.46 0.45 0.46 0.48 0.51 0.55 0.61 0.68 0.75 0.81 0.84
 16   0.85 0.84 0.81 0.75 0.69 0.63 0.58 0.56 0.57 0.60 0.65 0.70 0.72 0.70 0.65 0.60 0.55 0.51 0.49 0.51 0.57 0.66 0.76 0.87
 17   0.93 0.94 0.91 0.83 0.74 0.63 0.54 0.48 0.47 0.50 0.57 0.66 0.73 0.76 0.75 0.70 0.63 0.56 0.49 0.47 0.51 0.60 0.72 0.86
 18   0.97 1.03 1.02 0.95 0.82 0.68 0.56 0.46 0.41 0.43 0.50 0.60 0.70 0.77 0.79 0.77 0.71 0.60 0.49 0.41 0.39 0.44 0.55 0.70
 19   0.87 0.99 1.04 1.02 0.91 0.76 0.59 0.46 0.36 0.34 0.41 0.56 0.72 0.84 0.89 0.86 0.77 0.64 0.48 0.37 0.34 0.37 0.47 0.65
 20   0.85 1.00 1.05 1.04 0.96 0.79 0.60 0.45 0.35 0.31 0.36 0.49 0.65 0.81 0.93 0.96 0.91 0.80 0.64 0.47 0.37 0.34 0.38 0.50
 21   0.65 0.82 0.96 1.03 0.99 0.84 0.65 0.45 0.30 0.25 0.27 0.35 0.48 0.66 0.85 0.95 0.95 0.87 0.71 0.54 0.40 0.32 0.32 0.40
 22   0.55 0.72 0.88 0.98 0.99 0.91 0.75 0.58 0.40 0.26 0.23 0.27 0.39 0.56 0.76 0.91 0.98 0.98 0.90 0.75 0.58 0.43 0.35 0.37
 23   0.48 0.62 0.76 0.90 0.97 0.94 0.82 0.65 0.48 0.32 0.24 0.26 0.36 0.51 0.71 0.87 0.98 1.00 0.95 0.82 0.68 0.53 0.42 0.42
 24   0.50 0.62 0.76 0.87 0.94 0.94 0.88 0.76 0.59 0.44 0.31 0.28 0.33 0.48 0.65 0.81 0.93 1.00 1.00 0.92 0.78 0.63 0.49 0.43
 25   0.45 0.53 0.65 0.75 0.84 0.89 0.88 0.79 0.66 0.51 0.38 0.31 0.33 0.43 0.60 0.75 0.87 0.96 0.99 0.97 0.90 0.80 0.67 0.57
 26   0.55 0.59 0.68 0.77 0.85 0.90 0.89 0.83 0.72 0.60 0.48 0.41 0.40 0.45 0.55 0.67 0.78 0.87 0.91 0.91 0.87 0.78 0.67 0.59
 27   0.56 0.58 0.65 0.72 0.76 0.77 0.76 0.72 0.67 0.60 0.53 0.47 0.45 0.47 0.53 0.63 0.73 0.80 0.83 0.84 0.83 0.80 0.74 0.68
 28   0.63 0.60 0.59 0.60 0.63 0.65 0.65 0.63 0.60 0.57 0.54 0.51 0.49 0.49 0.51 0.54 0.58 0.63 0.68 0.73 0.76 0.77 0.77 0.76
 ----------------------------------------------------------------------------------------------------------------------------
                                                                    
 ----------------------------------------------------------------------------------------------------------------------------
 ----------------------------------------------------------------------------------------------------------------------------
                                                          SURVEY OF INDIA
                                                    MARINE GEODESY WING (G&RB)
                                                     HOURLY HEIGHTS IN METRES
  NAME OF PORT:- TUTICORIN                                                                          MONTH MARCH     YEAR 2019
 ----------------------------------------------------------------------------------------------------------------------------
 DAYS 0000 0001 0002 0003 0004 0005 0006 0007 0008 0009 0010 0011 0012 0013 0014 0015 0016 0017 0018 0019 0020 0021 0022 0023
 ----------------------------------------------------------------------------------------------------------------------------
  1   0.74 0.71 0.67 0.61 0.56 0.55 0.57 0.60 0.63 0.64 0.63 0.60 0.56 0.53 0.51 0.50 0.50 0.51 0.53 0.56 0.61 0.67 0.71 0.73
  2   0.73 0.71 0.67 0.60 0.52 0.46 0.43 0.43 0.45 0.49 0.55 0.60 0.63 0.64 0.63 0.60 0.55 0.51 0.49 0.51 0.56 0.64 0.73 0.83
  3   0.89 0.89 0.85 0.78 0.69 0.59 0.50 0.44 0.43 0.46 0.53 0.60 0.66 0.69 0.69 0.65 0.58 0.51 0.46 0.44 0.46 0.53 0.64 0.76
  4   0.86 0.90 0.88 0.81 0.70 0.58 0.46 0.37 0.33 0.36 0.44 0.54 0.65 0.75 0.80 0.78 0.69 0.57 0.46 0.39 0.37 0.41 0.50 0.63
  5   0.78 0.88 0.91 0.88 0.79 0.66 0.52 0.42 0.38 0.39 0.46 0.59 0.72 0.83 0.91 0.92 0.86 0.72 0.56 0.43 0.40 0.43 0.52 0.64
  6   0.79 0.92 0.98 0.98 0.91 0.78 0.62 0.47 0.37 0.34 0.39 0.50 0.63 0.77 0.89 0.94 0.90 0.76 0.60 0.43 0.34 0.34 0.41 0.53
  7   0.68 0.81 0.91 0.95 0.92 0.79 0.58 0.41 0.30 0.26 0.32 0.45 0.60 0.78 0.93 1.00 0.96 0.84 0.68 0.51 0.37 0.33 0.37 0.47
  8   0.63 0.78 0.88 0.92 0.90 0.80 0.60 0.42 0.28 0.21 0.22 0.32 0.46 0.62 0.78 0.87 0.88 0.82 0.67 0.50 0.35 0.27 0.28 0.37
  9   0.55 0.72 0.85 0.92 0.92 0.85 0.68 0.48 0.31 0.22 0.22 0.28 0.40 0.56 0.76 0.88 0.91 0.88 0.77 0.60 0.44 0.33 0.29 0.31
 10   0.40 0.57 0.75 0.86 0.90 0.85 0.72 0.52 0.35 0.24 0.22 0.28 0.42 0.58 0.75 0.89 0.95 0.93 0.85 0.70 0.54 0.41 0.35 0.36
 11   0.44 0.58 0.70 0.78 0.81 0.80 0.73 0.60 0.42 0.27 0.21 0.25 0.35 0.49 0.64 0.80 0.91 0.94 0.90 0.78 0.63 0.48 0.36 0.33
 12   0.40 0.56 0.71 0.83 0.89 0.88 0.80 0.68 0.51 0.36 0.28 0.27 0.32 0.43 0.59 0.71 0.80 0.85 0.84 0.77 0.67 0.58 0.50 0.43
 13   0.40 0.43 0.52 0.62 0.69 0.72 0.71 0.66 0.57 0.46 0.38 0.36 0.39 0.44 0.51 0.58 0.66 0.73 0.76 0.74 0.67 0.60 0.56 0.55
 14   0.57 0.62 0.68 0.74 0.80 0.82 0.78 0.70 0.58 0.45 0.42 0.46 0.57 0.68 0.77 0.85 0.89 0.90 0.88 0.82 0.77 0.70 0.63 0.58
 15   0.55 0.57 0.63 0.67 0.68 0.67 0.64 0.60 0.56 0.52 0.48 0.45 0.43 0.43 0.45 0.49 0.54 0.60 0.66 0.71 0.74 0.74 0.71 0.64
 16   0.56 0.50 0.47 0.50 0.56 0.62 0.65 0.66 0.65 0.62 0.57 0.51 0.47 0.45 0.45 0.47 0.50 0.54 0.58 0.63 0.68 0.72 0.75 0.77
 17   0.77 0.74 0.69 0.63 0.57 0.51 0.47 0.46 0.47 0.50 0.55 0.62 0.67 0.69 0.68 0.64 0.58 0.52 0.51 0.53 0.58 0.65 0.73 0.81
 18   0.88 0.90 0.86 0.78 0.67 0.56 0.47 0.43 0.44 0.50 0.60 0.68 0.73 0.76 0.76 0.72 0.64 0.54 0.47 0.44 0.46 0.53 0.66 0.80
 19   0.91 0.97 0.97 0.91 0.80 0.65 0.49 0.40 0.39 0.45 0.56 0.70 0.83 0.91 0.93 0.90 0.81 0.67 0.55 0.47 0.44 0.49 0.61 0.76
 20   0.92 1.02 1.04 0.99 0.87 0.70 0.53 0.42 0.36 0.38 0.49 0.63 0.78 0.91 0.98 0.95 0.84 0.70 0.55 0.41 0.32 0.32 0.40 0.56
 21   0.74 0.88 0.96 0.97 0.90 0.72 0.53 0.37 0.27 0.25 0.32 0.50 0.70 0.86 0.99 1.05 1.00 0.86 0.66 0.46 0.32 0.28 0.32 0.45
 22   0.64 0.82 0.95 1.00 0.97 0.82 0.62 0.43 0.27 0.21 0.27 0.42 0.63 0.82 0.99 1.09 1.08 0.96 0.78 0.58 0.41 0.33 0.35 0.45
 23   0.60 0.77 0.91 1.00 1.01 0.92 0.76 0.56 0.38 0.28 0.30 0.41 0.56 0.77 0.98 1.10 1.12 1.04 0.88 0.68 0.51 0.39 0.36 0.41
 24   0.53 0.66 0.80 0.92 0.97 0.90 0.74 0.56 0.40 0.26 0.23 0.30 0.44 0.61 0.81 0.98 1.05 1.03 0.93 0.77 0.60 0.44 0.35 0.38
 25   0.49 0.62 0.75 0.86 0.92 0.90 0.79 0.63 0.47 0.32 0.25 0.28 0.40 0.55 0.73 0.90 0.97 0.97 0.90 0.77 0.60 0.45 0.35 0.36
 26   0.43 0.53 0.64 0.74 0.79 0.77 0.68 0.56 0.43 0.31 0.24 0.25 0.32 0.43 0.58 0.72 0.82 0.87 0.87 0.80 0.67 0.54 0.41 0.35
 27   0.37 0.45 0.54 0.63 0.69 0.71 0.70 0.64 0.55 0.45 0.37 0.33 0.36 0.44 0.56 0.68 0.78 0.84 0.86 0.84 0.76 0.64 0.54 0.46
 28   0.43 0.45 0.50 0.57 0.63 0.66 0.65 0.61 0.55 0.49 0.43 0.40 0.41 0.48 0.57 0.66 0.74 0.79 0.81 0.80 0.76 0.69 0.62 0.58
 29   0.56 0.56 0.58 0.62 0.65 0.66 0.65 0.62 0.58 0.53 0.49 0.47 0.47 0.49 0.53 0.58 0.63 0.68 0.71 0.73 0.73 0.71 0.67 0.62
 30   0.59 0.59 0.62 0.65 0.65 0.63 0.59 0.54 0.52 0.54 0.62 0.70 0.73 0.72 0.65 0.56 0.50 0.50 0.54 0.60 0.66 0.69 0.71 0.71
 31   0.71 0.70 0.68 0.64 0.59 0.55 0.52 0.50 0.50 0.53 0.59 0.64 0.67 0.68 0.67 0.64 0.60 0.57 0.55 0.55 0.57 0.62 0.68 0.74
 ----------------------------------------------------------------------------------------------------------------------------
                                                                                        
 ----------------------------------------------------------------------------------------------------------------------------
 ----------------------------------------------------------------------------------------------------------------------------
                                                          SURVEY OF INDIA
                                                    MARINE GEODESY WING (G&RB)
                                                     HOURLY HEIGHTS IN METRES
  NAME OF PORT:- TUTICORIN                                                                          MONTH APRIL     YEAR 2019
 ----------------------------------------------------------------------------------------------------------------------------
 DAYS 0000 0001 0002 0003 0004 0005 0006 0007 0008 0009 0010 0011 0012 0013 0014 0015 0016 0017 0018 0019 0020 0021 0022 0023
 ----------------------------------------------------------------------------------------------------------------------------
  1   0.77 0.77 0.74 0.68 0.60 0.52 0.46 0.42 0.43 0.49 0.57 0.66 0.70 0.70 0.65 0.54 0.47 0.45 0.46 0.51 0.60 0.71 0.80 0.83
  2   0.82 0.75 0.65 0.54 0.44 0.37 0.36 0.39 0.46 0.55 0.64 0.73 0.80 0.85 0.85 0.79 0.69 0.58 0.48 0.46 0.51 0.62 0.75 0.85
  3   0.90 0.90 0.83 0.70 0.56 0.43 0.34 0.32 0.35 0.42 0.53 0.65 0.79 0.91 0.95 0.91 0.78 0.63 0.50 0.42 0.40 0.46 0.58 0.73
  4   0.88 0.98 1.00 0.94 0.82 0.67 0.53 0.39 0.34 0.40 0.53 0.68 0.82 0.96 1.01 0.98 0.88 0.74 0.58 0.45 0.38 0.38 0.46 0.61
  5   0.78 0.90 0.95 0.94 0.85 0.70 0.54 0.37 0.29 0.31 0.42 0.56 0.71 0.87 0.99 1.03 0.96 0.79 0.60 0.44 0.30 0.25 0.33 0.48
  6   0.63 0.78 0.90 0.94 0.86 0.70 0.52 0.35 0.24 0.24 0.31 0.44 0.62 0.80 0.93 0.99 0.96 0.84 0.66 0.49 0.33 0.24 0.28 0.39
  7   0.53 0.71 0.86 0.93 0.90 0.78 0.62 0.44 0.30 0.23 0.26 0.37 0.52 0.69 0.86 0.98 1.01 0.94 0.78 0.60 0.40 0.28 0.29 0.38
  8   0.51 0.66 0.80 0.87 0.87 0.80 0.63 0.44 0.28 0.22 0.27 0.38 0.54 0.71 0.87 0.98 1.02 0.96 0.83 0.66 0.47 0.34 0.32 0.37
  9   0.48 0.62 0.76 0.82 0.82 0.75 0.62 0.47 0.33 0.24 0.23 0.32 0.46 0.62 0.78 0.92 1.00 0.98 0.90 0.78 0.64 0.48 0.39 0.38
 10   0.44 0.55 0.67 0.78 0.84 0.82 0.73 0.62 0.50 0.38 0.31 0.31 0.40 0.52 0.65 0.79 0.90 0.93 0.90 0.82 0.70 0.56 0.44 0.38
 11   0.40 0.48 0.58 0.67 0.73 0.73 0.67 0.57 0.45 0.35 0.31 0.33 0.42 0.55 0.68 0.80 0.89 0.92 0.90 0.84 0.75 0.64 0.55 0.51
 12   0.50 0.53 0.59 0.67 0.72 0.73 0.70 0.63 0.53 0.45 0.40 0.39 0.43 0.51 0.60 0.70 0.78 0.83 0.85 0.84 0.79 0.70 0.62 0.56
 13   0.52 0.51 0.52 0.54 0.58 0.62 0.64 0.63 0.60 0.55 0.50 0.46 0.44 0.45 0.49 0.55 0.63 0.70 0.76 0.80 0.80 0.77 0.72 0.66
 14   0.60 0.55 0.51 0.49 0.51 0.55 0.60 0.64 0.66 0.65 0.62 0.59 0.56 0.54 0.54 0.56 0.60 0.64 0.68 0.72 0.75 0.77 0.78 0.77
 15   0.74 0.70 0.64 0.58 0.53 0.49 0.47 0.48 0.51 0.57 0.65 0.69 0.70 0.68 0.64 0.58 0.52 0.48 0.46 0.47 0.52 0.59 0.67 0.74
 16   0.78 0.78 0.73 0.63 0.53 0.45 0.40 0.38 0.41 0.50 0.61 0.72 0.79 0.80 0.76 0.68 0.58 0.49 0.42 0.40 0.43 0.50 0.60 0.73
 17   0.83 0.87 0.84 0.73 0.59 0.46 0.36 0.30 0.32 0.44 0.60 0.78 0.96 1.06 1.06 1.00 0.90 0.75 0.57 0.42 0.39 0.43 0.54 0.71
 18   0.86 0.96 0.97 0.88 0.71 0.55 0.42 0.36 0.39 0.50 0.63 0.75 0.86 0.93 0.93 0.86 0.73 0.59 0.46 0.36 0.34 0.42 0.58 0.76
 19   0.90 1.00 1.03 0.98 0.85 0.68 0.50 0.38 0.35 0.41 0.54 0.69 0.87 1.04 1.13 1.13 1.04 0.88 0.70 0.54 0.43 0.41 0.45 0.56
 20   0.71 0.87 0.97 0.99 0.91 0.74 0.56 0.39 0.28 0.30 0.42 0.58 0.78 0.95 1.07 1.10 1.02 0.86 0.68 0.51 0.38 0.33 0.37 0.49
 21   0.63 0.76 0.87 0.90 0.84 0.70 0.52 0.33 0.22 0.22 0.30 0.46 0.66 0.84 1.00 1.09 1.06 0.93 0.75 0.57 0.39 0.32 0.33 0.40
 22   0.52 0.67 0.80 0.87 0.85 0.74 0.58 0.42 0.28 0.22 0.28 0.40 0.55 0.72 0.90 1.06 1.11 1.05 0.92 0.75 0.57 0.39 0.34 0.39
 23   0.49 0.61 0.73 0.82 0.86 0.81 0.69 0.53 0.38 0.28 0.26 0.34 0.48 0.63 0.80 0.96 1.04 1.03 0.94 0.80 0.62 0.46 0.36 0.36
 24   0.44 0.55 0.67 0.77 0.82 0.81 0.75 0.62 0.48 0.36 0.29 0.30 0.39 0.54 0.70 0.86 0.96 0.98 0.92 0.80 0.64 0.49 0.39 0.36
 25   0.38 0.46 0.55 0.64 0.70 0.72 0.69 0.62 0.53 0.44 0.36 0.33 0.38 0.48 0.61 0.73 0.85 0.92 0.93 0.88 0.78 0.65 0.53 0.45
 26   0.43 0.45 0.52 0.60 0.68 0.73 0.75 0.73 0.68 0.61 0.52 0.46 0.45 0.50 0.58 0.68 0.77 0.84 0.88 0.89 0.86 0.78 0.67 0.58
 27   0.54 0.53 0.54 0.57 0.61 0.67 0.72 0.75 0.76 0.72 0.65 0.59 0.56 0.57 0.62 0.68 0.75 0.80 0.83 0.84 0.83 0.80 0.75 0.68
 28   0.61 0.58 0.58 0.60 0.64 0.70 0.76 0.80 0.82 0.82 0.81 0.79 0.76 0.72 0.69 0.67 0.67 0.69 0.73 0.77 0.79 0.79 0.78 0.76
 29   0.73 0.69 0.65 0.62 0.60 0.59 0.59 0.61 0.65 0.70 0.75 0.78 0.79 0.77 0.73 0.68 0.64 0.62 0.63 0.66 0.70 0.74 0.77 0.79
 30   0.79 0.77 0.72 0.66 0.59 0.53 0.51 0.52 0.56 0.64 0.75 0.83 0.87 0.87 0.83 0.75 0.67 0.60 0.57 0.57 0.62 0.71 0.79 0.85
 ----------------------------------------------------------------------------------------------------------------------------
                                                                                          
 ----------------------------------------------------------------------------------------------------------------------------
 ----------------------------------------------------------------------------------------------------------------------------
                                                          SURVEY OF INDIA
                                                    MARINE GEODESY WING (G&RB)
                                                     HOURLY HEIGHTS IN METRES
  NAME OF PORT:- TUTICORIN                                                                          MONTH MAY       YEAR 2019
 ----------------------------------------------------------------------------------------------------------------------------
 DAYS 0000 0001 0002 0003 0004 0005 0006 0007 0008 0009 0010 0011 0012 0013 0014 0015 0016 0017 0018 0019 0020 0021 0022 0023
 ----------------------------------------------------------------------------------------------------------------------------
  1   0.88 0.88 0.83 0.73 0.61 0.53 0.48 0.47 0.51 0.59 0.72 0.85 0.93 0.96 0.94 0.88 0.77 0.64 0.55 0.51 0.52 0.58 0.69 0.80
  2   0.86 0.88 0.85 0.76 0.64 0.52 0.42 0.38 0.39 0.47 0.61 0.78 0.90 0.97 0.98 0.93 0.82 0.66 0.50 0.43 0.42 0.45 0.53 0.67
  3   0.79 0.85 0.85 0.78 0.65 0.52 0.41 0.33 0.30 0.34 0.50 0.70 0.88 0.99 1.02 0.96 0.83 0.68 0.52 0.39 0.34 0.37 0.46 0.61
  4   0.74 0.83 0.86 0.80 0.67 0.53 0.40 0.30 0.26 0.33 0.48 0.65 0.82 0.97 1.03 1.02 0.92 0.76 0.59 0.45 0.36 0.34 0.41 0.54
  5   0.69 0.83 0.89 0.86 0.76 0.60 0.45 0.31 0.24 0.28 0.40 0.56 0.75 0.92 1.02 1.04 0.98 0.83 0.65 0.49 0.36 0.29 0.33 0.45
  6   0.58 0.70 0.80 0.83 0.77 0.63 0.48 0.33 0.24 0.22 0.27 0.41 0.60 0.79 0.90 0.93 0.88 0.73 0.55 0.38 0.23 0.16 0.17 0.24
  7   0.37 0.54 0.65 0.69 0.63 0.51 0.38 0.25 0.16 0.15 0.20 0.30 0.45 0.63 0.81 0.90 0.91 0.86 0.75 0.55 0.33 0.22 0.19 0.25
  8   0.38 0.53 0.68 0.76 0.78 0.73 0.62 0.48 0.34 0.28 0.31 0.43 0.58 0.75 0.91 1.02 1.07 1.03 0.92 0.76 0.58 0.43 0.39 0.41
  9   0.49 0.62 0.73 0.80 0.82 0.80 0.72 0.60 0.48 0.38 0.36 0.42 0.53 0.68 0.82 0.92 0.99 1.01 0.97 0.88 0.75 0.58 0.48 0.47
 10   0.50 0.57 0.65 0.73 0.78 0.79 0.76 0.68 0.57 0.48 0.43 0.44 0.51 0.62 0.74 0.85 0.93 0.97 0.96 0.90 0.78 0.64 0.54 0.48
 11   0.47 0.50 0.56 0.63 0.67 0.68 0.66 0.61 0.55 0.48 0.42 0.40 0.43 0.49 0.58 0.68 0.77 0.83 0.86 0.86 0.83 0.77 0.69 0.60
 12   0.52 0.48 0.48 0.51 0.57 0.62 0.65 0.65 0.63 0.60 0.56 0.53 0.53 0.56 0.61 0.66 0.71 0.76 0.79 0.80 0.78 0.74 0.69 0.63
 13   0.58 0.54 0.52 0.51 0.52 0.55 0.59 0.63 0.66 0.67 0.66 0.64 0.62 0.60 0.58 0.57 0.57 0.59 0.63 0.67 0.71 0.72 0.70 0.66
 14   0.61 0.56 0.51 0.48 0.47 0.47 0.49 0.53 0.60 0.67 0.72 0.74 0.74 0.72 0.68 0.62 0.57 0.54 0.54 0.56 0.60 0.66 0.71 0.73
 15   0.72 0.68 0.62 0.54 0.46 0.40 0.39 0.44 0.54 0.65 0.75 0.82 0.86 0.87 0.84 0.77 0.69 0.62 0.58 0.58 0.61 0.68 0.76 0.85
 16   0.90 0.90 0.84 0.73 0.62 0.53 0.49 0.50 0.57 0.70 0.85 0.98 1.06 1.08 1.04 0.96 0.85 0.73 0.62 0.56 0.56 0.62 0.72 0.82
 17   0.92 0.96 0.93 0.84 0.70 0.57 0.46 0.42 0.46 0.57 0.73 0.88 1.01 1.09 1.11 1.05 0.92 0.76 0.62 0.51 0.46 0.46 0.53 0.66
 18   0.80 0.88 0.90 0.84 0.72 0.56 0.40 0.31 0.32 0.43 0.58 0.75 0.92 1.06 1.12 1.08 0.96 0.80 0.62 0.48 0.40 0.39 0.44 0.54
 19   0.68 0.81 0.87 0.86 0.78 0.64 0.47 0.31 0.25 0.30 0.45 0.61 0.79 0.98 1.10 1.10 1.02 0.88 0.68 0.51 0.38 0.32 0.36 0.45
 20   0.57 0.72 0.83 0.86 0.80 0.68 0.52 0.36 0.25 0.26 0.36 0.52 0.72 0.91 1.06 1.11 1.06 0.95 0.78 0.59 0.43 0.34 0.34 0.40
 21   0.53 0.69 0.80 0.80 0.69 0.50 0.34 0.24 0.21 0.25 0.34 0.47 0.65 0.82 0.97 1.05 1.03 0.88 0.68 0.49 0.36 0.31 0.34 0.45
 22   0.58 0.71 0.80 0.85 0.86 0.81 0.71 0.56 0.43 0.34 0.34 0.45 0.63 0.83 0.99 1.09 1.12 1.08 0.96 0.80 0.64 0.50 0.42 0.43
 23   0.52 0.63 0.73 0.81 0.85 0.84 0.76 0.62 0.49 0.40 0.36 0.41 0.54 0.69 0.84 0.96 1.02 1.02 0.95 0.82 0.66 0.48 0.37 0.36
 24   0.41 0.50 0.60 0.69 0.75 0.77 0.74 0.66 0.55 0.45 0.38 0.37 0.43 0.56 0.70 0.82 0.91 0.94 0.90 0.80 0.66 0.53 0.44 0.40
 25   0.42 0.48 0.56 0.64 0.71 0.75 0.75 0.72 0.66 0.58 0.51 0.48 0.50 0.59 0.69 0.78 0.86 0.91 0.92 0.88 0.80 0.70 0.59 0.51
 26   0.50 0.53 0.59 0.66 0.72 0.76 0.77 0.75 0.70 0.65 0.61 0.59 0.58 0.60 0.66 0.74 0.82 0.88 0.91 0.92 0.89 0.82 0.73 0.63
 27   0.56 0.52 0.52 0.55 0.60 0.66 0.72 0.76 0.77 0.74 0.68 0.60 0.52 0.49 0.51 0.58 0.66 0.72 0.76 0.78 0.78 0.76 0.72 0.65
 28   0.58 0.52 0.48 0.46 0.46 0.48 0.52 0.58 0.65 0.70 0.72 0.72 0.70 0.67 0.64 0.63 0.63 0.65 0.70 0.75 0.78 0.78 0.75 0.70
 29   0.65 0.60 0.56 0.54 0.54 0.55 0.58 0.64 0.72 0.80 0.86 0.88 0.87 0.83 0.77 0.71 0.66 0.63 0.63 0.65 0.68 0.72 0.75 0.76
 30   0.75 0.72 0.67 0.61 0.55 0.53 0.54 0.58 0.66 0.75 0.84 0.90 0.93 0.92 0.88 0.82 0.75 0.68 0.64 0.64 0.67 0.72 0.77 0.81
 31   0.83 0.82 0.77 0.69 0.59 0.51 0.48 0.48 0.53 0.63 0.76 0.88 0.95 0.97 0.94 0.85 0.73 0.62 0.55 0.52 0.52 0.57 0.68 0.78
 ----------------------------------------------------------------------------------------------------------------------------
                                                                                             
 ----------------------------------------------------------------------------------------------------------------------------
 ----------------------------------------------------------------------------------------------------------------------------
                                                          SURVEY OF INDIA
                                                    MARINE GEODESY WING (G&RB)
                                                     HOURLY HEIGHTS IN METRES
  NAME OF PORT:- TUTICORIN                                                                          MONTH JUNE      YEAR 2019
 ----------------------------------------------------------------------------------------------------------------------------
 DAYS 0000 0001 0002 0003 0004 0005 0006 0007 0008 0009 0010 0011 0012 0013 0014 0015 0016 0017 0018 0019 0020 0021 0022 0023
 ----------------------------------------------------------------------------------------------------------------------------
  1   0.84 0.86 0.83 0.75 0.62 0.52 0.46 0.45 0.49 0.59 0.76 0.91 1.03 1.10 1.10 1.03 0.90 0.75 0.60 0.50 0.49 0.53 0.62 0.73
  2   0.81 0.86 0.85 0.78 0.67 0.55 0.44 0.38 0.40 0.49 0.64 0.81 0.99 1.11 1.16 1.12 1.00 0.84 0.68 0.56 0.49 0.48 0.54 0.65
  3   0.76 0.84 0.86 0.81 0.70 0.56 0.44 0.35 0.33 0.38 0.51 0.69 0.86 1.02 1.11 1.11 1.03 0.88 0.70 0.51 0.39 0.34 0.38 0.49
  4   0.64 0.76 0.82 0.81 0.73 0.60 0.44 0.29 0.24 0.28 0.41 0.59 0.77 0.94 1.08 1.14 1.09 0.95 0.77 0.59 0.44 0.36 0.35 0.42
  5   0.55 0.69 0.80 0.83 0.79 0.70 0.57 0.42 0.31 0.30 0.38 0.51 0.67 0.84 0.99 1.08 1.09 1.02 0.87 0.66 0.48 0.40 0.41 0.48
  6   0.58 0.70 0.80 0.85 0.83 0.76 0.65 0.52 0.43 0.41 0.45 0.54 0.68 0.87 1.03 1.12 1.15 1.10 0.94 0.74 0.58 0.44 0.37 0.40
  7   0.50 0.63 0.76 0.85 0.86 0.81 0.71 0.59 0.47 0.39 0.39 0.47 0.58 0.71 0.84 0.96 1.03 1.05 1.01 0.89 0.73 0.59 0.48 0.43
  8   0.44 0.50 0.60 0.69 0.75 0.76 0.72 0.66 0.58 0.50 0.45 0.45 0.50 0.59 0.71 0.82 0.91 0.95 0.95 0.89 0.75 0.61 0.48 0.40
  9   0.39 0.42 0.48 0.57 0.65 0.70 0.71 0.68 0.62 0.56 0.50 0.46 0.45 0.50 0.58 0.67 0.76 0.83 0.87 0.85 0.78 0.67 0.54 0.44
 10   0.38 0.37 0.40 0.46 0.54 0.62 0.69 0.73 0.74 0.72 0.65 0.57 0.54 0.54 0.58 0.65 0.73 0.80 0.85 0.86 0.84 0.78 0.67 0.56
 11   0.48 0.45 0.45 0.48 0.54 0.62 0.70 0.76 0.78 0.77 0.73 0.67 0.61 0.58 0.58 0.60 0.64 0.68 0.72 0.75 0.77 0.77 0.73 0.66
 12   0.58 0.51 0.47 0.45 0.46 0.50 0.58 0.68 0.77 0.84 0.87 0.86 0.81 0.74 0.68 0.63 0.60 0.60 0.62 0.65 0.69 0.73 0.74 0.71
 13   0.65 0.57 0.49 0.44 0.43 0.45 0.51 0.60 0.72 0.82 0.90 0.93 0.90 0.83 0.75 0.66 0.58 0.53 0.52 0.57 0.66 0.72 0.73 0.70
 14   0.64 0.55 0.45 0.40 0.40 0.45 0.55 0.68 0.82 0.94 1.00 1.01 0.97 0.88 0.75 0.63 0.54 0.50 0.50 0.54 0.60 0.66 0.72 0.75
 15   0.75 0.70 0.61 0.50 0.42 0.40 0.42 0.53 0.70 0.85 0.89 0.81 0.64 0.52 0.46 0.45 0.49 0.57 0.67 0.76 0.83 0.88 0.90 0.88
 16   0.83 0.75 0.66 0.58 0.50 0.43 0.39 0.39 0.45 0.57 0.70 0.84 0.96 1.05 1.09 1.05 0.94 0.80 0.67 0.55 0.47 0.46 0.50 0.59
 17   0.72 0.81 0.84 0.81 0.72 0.60 0.47 0.39 0.36 0.43 0.60 0.78 0.95 1.07 1.13 1.09 0.95 0.76 0.59 0.46 0.38 0.36 0.40 0.51
 18   0.65 0.76 0.83 0.83 0.76 0.64 0.49 0.39 0.35 0.38 0.48 0.64 0.80 0.95 1.05 1.07 1.00 0.87 0.71 0.53 0.40 0.33 0.33 0.38
 19   0.49 0.61 0.71 0.76 0.73 0.64 0.50 0.36 0.29 0.29 0.35 0.46 0.60 0.78 0.94 1.01 1.00 0.90 0.74 0.56 0.42 0.32 0.28 0.32
 20   0.42 0.54 0.65 0.70 0.69 0.63 0.54 0.42 0.30 0.25 0.30 0.42 0.59 0.77 0.92 1.00 1.00 0.93 0.80 0.66 0.52 0.41 0.37 0.41
 21   0.50 0.61 0.72 0.78 0.79 0.76 0.68 0.57 0.46 0.39 0.39 0.44 0.53 0.66 0.80 0.89 0.93 0.91 0.82 0.67 0.48 0.35 0.28 0.28
 22   0.34 0.44 0.54 0.62 0.66 0.66 0.62 0.53 0.42 0.35 0.32 0.33 0.38 0.48 0.61 0.76 0.83 0.83 0.77 0.66 0.52 0.39 0.29 0.26
 23   0.30 0.38 0.48 0.56 0.60 0.61 0.59 0.54 0.45 0.38 0.35 0.36 0.42 0.53 0.66 0.76 0.82 0.83 0.79 0.70 0.58 0.46 0.35 0.28
 24   0.27 0.32 0.42 0.52 0.59 0.63 0.63 0.59 0.53 0.46 0.41 0.38 0.37 0.40 0.46 0.55 0.65 0.72 0.74 0.70 0.62 0.52 0.43 0.35
 25   0.31 0.33 0.40 0.51 0.60 0.66 0.68 0.68 0.66 0.62 0.58 0.55 0.54 0.55 0.58 0.64 0.72 0.78 0.80 0.78 0.72 0.64 0.56 0.47
 26   0.40 0.37 0.38 0.43 0.49 0.56 0.62 0.67 0.69 0.69 0.67 0.64 0.61 0.59 0.58 0.59 0.61 0.64 0.67 0.69 0.69 0.67 0.63 0.57
 27   0.51 0.46 0.43 0.42 0.43 0.47 0.53 0.60 0.67 0.71 0.73 0.73 0.71 0.67 0.62 0.57 0.54 0.53 0.54 0.57 0.60 0.61 0.60 0.57
 28   0.51 0.44 0.39 0.37 0.38 0.41 0.47 0.55 0.64 0.72 0.78 0.81 0.81 0.78 0.73 0.67 0.60 0.54 0.50 0.49 0.51 0.56 0.60 0.61
 29   0.59 0.54 0.48 0.42 0.37 0.35 0.37 0.42 0.50 0.61 0.72 0.80 0.84 0.83 0.77 0.67 0.56 0.47 0.41 0.38 0.39 0.43 0.49 0.54
 30   0.57 0.57 0.53 0.45 0.35 0.30 0.29 0.31 0.37 0.48 0.63 0.75 0.83 0.86 0.83 0.73 0.60 0.46 0.36 0.30 0.28 0.31 0.39 0.50
 ----------------------------------------------------------------------------------------------------------------------------
                                                                                            
 ----------------------------------------------------------------------------------------------------------------------------
 ----------------------------------------------------------------------------------------------------------------------------
                                                          SURVEY OF INDIA
                                                    MARINE GEODESY WING (G&RB)
                                                     HOURLY HEIGHTS IN METRES
  NAME OF PORT:- TUTICORIN                                                                          MONTH JULY      YEAR 2019
 ----------------------------------------------------------------------------------------------------------------------------
 DAYS 0000 0001 0002 0003 0004 0005 0006 0007 0008 0009 0010 0011 0012 0013 0014 0015 0016 0017 0018 0019 0020 0021 0022 0023
 ----------------------------------------------------------------------------------------------------------------------------
  1   0.59 0.63 0.61 0.54 0.45 0.36 0.29 0.27 0.31 0.41 0.57 0.73 0.85 0.93 0.95 0.90 0.78 0.62 0.46 0.33 0.28 0.30 0.36 0.46
  2   0.55 0.62 0.64 0.59 0.49 0.38 0.29 0.24 0.24 0.31 0.45 0.61 0.77 0.90 0.98 0.97 0.88 0.74 0.57 0.40 0.30 0.28 0.32 0.42
  3   0.53 0.63 0.68 0.67 0.61 0.49 0.35 0.26 0.23 0.25 0.35 0.56 0.78 0.94 1.03 1.03 0.95 0.81 0.62 0.46 0.35 0.29 0.30 0.38
  4   0.49 0.63 0.73 0.75 0.69 0.57 0.44 0.32 0.26 0.27 0.35 0.48 0.63 0.80 0.93 1.00 0.98 0.89 0.76 0.59 0.42 0.29 0.25 0.27
  5   0.34 0.46 0.60 0.68 0.70 0.64 0.52 0.37 0.25 0.20 0.23 0.35 0.50 0.66 0.80 0.91 0.96 0.93 0.82 0.65 0.48 0.33 0.26 0.25
  6   0.32 0.46 0.60 0.70 0.76 0.76 0.69 0.56 0.42 0.34 0.32 0.36 0.45 0.60 0.75 0.88 0.94 0.94 0.86 0.72 0.56 0.41 0.30 0.28
  7   0.34 0.46 0.60 0.71 0.78 0.80 0.76 0.66 0.55 0.45 0.39 0.38 0.43 0.53 0.65 0.77 0.88 0.92 0.89 0.80 0.68 0.52 0.38 0.30
  8   0.30 0.35 0.44 0.56 0.66 0.74 0.77 0.74 0.66 0.55 0.43 0.36 0.36 0.40 0.47 0.56 0.65 0.72 0.74 0.71 0.60 0.47 0.34 0.24
  9   0.21 0.24 0.32 0.44 0.55 0.63 0.68 0.68 0.64 0.57 0.49 0.43 0.40 0.40 0.43 0.48 0.54 0.60 0.63 0.62 0.58 0.50 0.40 0.30
 10   0.26 0.26 0.30 0.39 0.48 0.57 0.65 0.70 0.72 0.72 0.70 0.66 0.60 0.53 0.50 0.51 0.55 0.61 0.67 0.71 0.72 0.70 0.64 0.55
 11   0.45 0.38 0.36 0.38 0.44 0.52 0.62 0.72 0.80 0.84 0.84 0.80 0.73 0.65 0.58 0.53 0.51 0.51 0.54 0.59 0.63 0.65 0.64 0.60
 12   0.54 0.47 0.41 0.38 0.37 0.40 0.46 0.54 0.65 0.74 0.78 0.78 0.75 0.70 0.64 0.57 0.50 0.45 0.43 0.43 0.45 0.49 0.52 0.53
 13   0.50 0.44 0.37 0.31 0.26 0.24 0.26 0.33 0.43 0.54 0.65 0.73 0.76 0.76 0.72 0.64 0.55 0.46 0.40 0.37 0.37 0.41 0.47 0.52
 14   0.56 0.57 0.55 0.49 0.42 0.37 0.35 0.37 0.42 0.53 0.68 0.81 0.90 0.95 0.93 0.85 0.74 0.62 0.52 0.45 0.42 0.44 0.49 0.56
 15   0.64 0.69 0.69 0.62 0.52 0.42 0.35 0.33 0.37 0.49 0.63 0.79 0.92 0.99 0.98 0.90 0.77 0.64 0.52 0.41 0.37 0.39 0.46 0.55
 16   0.64 0.72 0.75 0.71 0.61 0.49 0.38 0.32 0.33 0.41 0.56 0.71 0.86 0.98 1.02 0.99 0.86 0.72 0.57 0.44 0.35 0.34 0.40 0.51
 17   0.64 0.74 0.78 0.75 0.66 0.54 0.40 0.30 0.26 0.31 0.44 0.58 0.74 0.88 0.99 1.02 0.97 0.84 0.68 0.52 0.39 0.31 0.30 0.39
 18   0.53 0.67 0.77 0.80 0.78 0.70 0.58 0.45 0.33 0.30 0.39 0.55 0.74 0.90 0.99 1.00 0.94 0.83 0.68 0.53 0.39 0.28 0.28 0.38
 19   0.52 0.65 0.75 0.80 0.78 0.69 0.55 0.40 0.28 0.25 0.30 0.42 0.55 0.68 0.79 0.86 0.87 0.81 0.68 0.50 0.33 0.20 0.16 0.21
 20   0.32 0.43 0.54 0.63 0.66 0.63 0.54 0.40 0.26 0.21 0.26 0.37 0.50 0.63 0.74 0.81 0.82 0.78 0.69 0.57 0.44 0.30 0.18 0.14
 21   0.18 0.27 0.38 0.50 0.58 0.61 0.58 0.50 0.38 0.27 0.22 0.26 0.36 0.49 0.63 0.74 0.80 0.79 0.72 0.60 0.44 0.30 0.20 0.17
 22   0.21 0.30 0.43 0.54 0.61 0.64 0.62 0.55 0.45 0.34 0.26 0.24 0.30 0.42 0.56 0.70 0.77 0.79 0.76 0.67 0.55 0.43 0.32 0.25
 23   0.24 0.30 0.39 0.49 0.57 0.63 0.65 0.62 0.56 0.47 0.38 0.33 0.34 0.41 0.51 0.61 0.70 0.74 0.73 0.66 0.55 0.44 0.33 0.25
 24   0.22 0.26 0.35 0.45 0.54 0.61 0.64 0.63 0.58 0.51 0.43 0.38 0.38 0.42 0.48 0.55 0.62 0.67 0.68 0.64 0.56 0.46 0.34 0.25
 25   0.22 0.25 0.34 0.44 0.53 0.62 0.67 0.68 0.66 0.62 0.58 0.54 0.52 0.53 0.56 0.61 0.67 0.72 0.73 0.70 0.63 0.53 0.44 0.36
 26   0.33 0.35 0.41 0.49 0.56 0.62 0.66 0.68 0.68 0.66 0.63 0.59 0.55 0.53 0.54 0.57 0.60 0.63 0.64 0.63 0.60 0.56 0.52 0.48
 27   0.45 0.44 0.45 0.48 0.52 0.57 0.62 0.68 0.74 0.78 0.80 0.79 0.76 0.71 0.66 0.61 0.57 0.55 0.55 0.56 0.58 0.60 0.60 0.58
 28   0.54 0.50 0.48 0.48 0.50 0.53 0.58 0.64 0.72 0.80 0.86 0.88 0.87 0.82 0.75 0.68 0.61 0.56 0.53 0.52 0.53 0.56 0.60 0.64
 29   0.66 0.64 0.58 0.52 0.47 0.44 0.45 0.50 0.58 0.69 0.82 0.93 0.98 0.98 0.93 0.83 0.71 0.60 0.50 0.43 0.43 0.47 0.53 0.60
 30   0.66 0.69 0.66 0.59 0.50 0.44 0.41 0.41 0.46 0.56 0.70 0.81 0.91 0.98 0.98 0.90 0.78 0.64 0.50 0.40 0.36 0.39 0.48 0.57
 31   0.65 0.70 0.71 0.65 0.55 0.44 0.34 0.28 0.28 0.38 0.54 0.72 0.88 0.98 1.02 0.97 0.84 0.68 0.50 0.36 0.28 0.27 0.34 0.47
 ----------------------------------------------------------------------------------------------------------------------------
                                                                                              
 ----------------------------------------------------------------------------------------------------------------------------
 ----------------------------------------------------------------------------------------------------------------------------
                                                          SURVEY OF INDIA
                                                    MARINE GEODESY WING (G&RB)
                                                     HOURLY HEIGHTS IN METRES
  NAME OF PORT:- TUTICORIN                                                                          MONTH AUGUST    YEAR 2019
 ----------------------------------------------------------------------------------------------------------------------------
 DAYS 0000 0001 0002 0003 0004 0005 0006 0007 0008 0009 0010 0011 0012 0013 0014 0015 0016 0017 0018 0019 0020 0021 0022 0023
 ----------------------------------------------------------------------------------------------------------------------------
  1   0.63 0.74 0.79 0.75 0.64 0.52 0.38 0.28 0.26 0.31 0.43 0.59 0.75 0.91 1.02 1.03 0.96 0.82 0.64 0.45 0.32 0.26 0.29 0.38
  2   0.51 0.65 0.76 0.79 0.74 0.63 0.51 0.38 0.29 0.27 0.33 0.45 0.63 0.83 0.96 1.03 1.03 0.95 0.80 0.60 0.42 0.30 0.28 0.34
  3   0.46 0.63 0.78 0.86 0.86 0.79 0.68 0.53 0.38 0.30 0.32 0.40 0.53 0.71 0.90 1.02 1.07 1.04 0.93 0.74 0.54 0.39 0.32 0.33
  4   0.40 0.53 0.70 0.84 0.91 0.89 0.79 0.65 0.50 0.38 0.34 0.37 0.45 0.57 0.72 0.86 0.94 0.93 0.84 0.70 0.52 0.33 0.23 0.23
  5   0.30 0.43 0.59 0.74 0.84 0.87 0.83 0.72 0.58 0.44 0.35 0.34 0.39 0.50 0.64 0.77 0.85 0.86 0.81 0.70 0.55 0.39 0.27 0.22
  6   0.25 0.36 0.49 0.63 0.76 0.83 0.83 0.77 0.67 0.56 0.44 0.37 0.38 0.45 0.55 0.65 0.75 0.82 0.83 0.77 0.65 0.51 0.39 0.30
  7   0.27 0.31 0.42 0.55 0.70 0.80 0.85 0.84 0.77 0.68 0.58 0.50 0.47 0.49 0.56 0.65 0.73 0.79 0.80 0.77 0.69 0.59 0.47 0.36
  8   0.30 0.31 0.38 0.50 0.61 0.71 0.78 0.80 0.78 0.73 0.66 0.57 0.51 0.50 0.53 0.58 0.64 0.68 0.70 0.69 0.65 0.59 0.52 0.44
  9   0.38 0.35 0.37 0.42 0.48 0.55 0.63 0.70 0.74 0.75 0.72 0.66 0.59 0.54 0.51 0.50 0.51 0.54 0.57 0.59 0.58 0.55 0.50 0.44
 10   0.38 0.33 0.31 0.32 0.37 0.44 0.52 0.60 0.66 0.69 0.70 0.69 0.65 0.59 0.52 0.45 0.39 0.35 0.34 0.35 0.38 0.42 0.45 0.44
 11   0.39 0.33 0.27 0.24 0.24 0.27 0.32 0.40 0.49 0.60 0.69 0.74 0.75 0.73 0.68 0.61 0.54 0.47 0.40 0.36 0.35 0.36 0.39 0.43
 12   0.48 0.51 0.50 0.46 0.41 0.37 0.34 0.35 0.40 0.50 0.62 0.72 0.80 0.83 0.80 0.72 0.60 0.48 0.38 0.32 0.30 0.34 0.42 0.52
 13   0.60 0.65 0.66 0.63 0.55 0.45 0.38 0.36 0.40 0.49 0.62 0.74 0.84 0.89 0.88 0.80 0.67 0.54 0.42 0.33 0.29 0.30 0.38 0.50
 14   0.60 0.66 0.68 0.64 0.53 0.40 0.28 0.23 0.25 0.34 0.46 0.60 0.73 0.86 0.90 0.85 0.72 0.57 0.43 0.30 0.24 0.25 0.34 0.44
 15   0.54 0.62 0.67 0.67 0.60 0.48 0.35 0.25 0.21 0.23 0.32 0.48 0.64 0.77 0.83 0.83 0.75 0.60 0.45 0.30 0.20 0.17 0.20 0.28
 16   0.41 0.57 0.70 0.76 0.75 0.66 0.50 0.34 0.21 0.17 0.22 0.35 0.51 0.68 0.80 0.85 0.80 0.66 0.50 0.33 0.20 0.14 0.16 0.26
 17   0.43 0.58 0.69 0.72 0.67 0.56 0.42 0.26 0.16 0.16 0.24 0.37 0.54 0.73 0.88 0.92 0.87 0.74 0.57 0.40 0.27 0.19 0.19 0.27
 18   0.40 0.55 0.67 0.75 0.75 0.68 0.57 0.44 0.32 0.26 0.28 0.37 0.50 0.65 0.80 0.90 0.91 0.84 0.69 0.53 0.38 0.29 0.26 0.29
 19   0.40 0.53 0.67 0.76 0.81 0.78 0.69 0.57 0.46 0.38 0.36 0.41 0.51 0.64 0.77 0.87 0.92 0.89 0.80 0.64 0.48 0.37 0.32 0.32
 20   0.40 0.53 0.66 0.78 0.85 0.86 0.80 0.70 0.58 0.47 0.44 0.46 0.53 0.64 0.77 0.88 0.94 0.94 0.88 0.77 0.59 0.44 0.35 0.34
 21   0.39 0.50 0.65 0.79 0.90 0.94 0.92 0.83 0.70 0.58 0.49 0.46 0.49 0.58 0.67 0.77 0.83 0.86 0.83 0.76 0.65 0.52 0.40 0.34
 22   0.36 0.44 0.56 0.69 0.79 0.85 0.87 0.83 0.75 0.63 0.52 0.47 0.48 0.53 0.62 0.70 0.76 0.78 0.77 0.72 0.63 0.53 0.44 0.39
 23   0.38 0.43 0.54 0.65 0.73 0.78 0.80 0.79 0.74 0.66 0.56 0.50 0.50 0.53 0.58 0.64 0.69 0.72 0.71 0.66 0.58 0.48 0.40 0.35
 24   0.34 0.38 0.46 0.55 0.63 0.69 0.72 0.73 0.72 0.69 0.64 0.59 0.55 0.53 0.53 0.55 0.59 0.63 0.66 0.67 0.65 0.61 0.54 0.47
 25   0.42 0.39 0.40 0.45 0.51 0.58 0.65 0.71 0.74 0.76 0.75 0.71 0.66 0.61 0.57 0.54 0.52 0.54 0.57 0.60 0.63 0.64 0.63 0.60
 26   0.54 0.49 0.44 0.42 0.44 0.48 0.54 0.62 0.69 0.75 0.79 0.80 0.79 0.75 0.68 0.60 0.54 0.49 0.48 0.50 0.54 0.59 0.63 0.66
 27   0.66 0.63 0.57 0.50 0.44 0.42 0.44 0.49 0.57 0.67 0.76 0.83 0.86 0.86 0.82 0.74 0.64 0.54 0.46 0.43 0.44 0.48 0.55 0.63
 28   0.69 0.71 0.68 0.62 0.54 0.46 0.41 0.40 0.44 0.54 0.66 0.77 0.87 0.93 0.92 0.84 0.72 0.57 0.45 0.36 0.33 0.37 0.45 0.56
 29   0.68 0.75 0.75 0.68 0.58 0.46 0.39 0.35 0.38 0.46 0.58 0.75 0.90 1.01 1.04 0.98 0.86 0.72 0.54 0.39 0.32 0.33 0.39 0.50
 30   0.65 0.76 0.81 0.79 0.70 0.57 0.42 0.31 0.29 0.35 0.47 0.65 0.80 0.93 1.01 1.02 0.93 0.77 0.57 0.39 0.29 0.28 0.34 0.46
 31   0.62 0.77 0.88 0.91 0.87 0.75 0.59 0.45 0.33 0.30 0.36 0.53 0.71 0.85 0.97 1.02 0.98 0.84 0.65 0.45 0.31 0.27 0.30 0.42
 ----------------------------------------------------------------------------------------------------------------------------
                                                                                               
 ----------------------------------------------------------------------------------------------------------------------------
 ----------------------------------------------------------------------------------------------------------------------------
                                                          SURVEY OF INDIA
                                                    MARINE GEODESY WING (G&RB)
                                                     HOURLY HEIGHTS IN METRES
  NAME OF PORT:- TUTICORIN                                                                          MONTH SEPT      YEAR 2019
 ----------------------------------------------------------------------------------------------------------------------------
 DAYS 0000 0001 0002 0003 0004 0005 0006 0007 0008 0009 0010 0011 0012 0013 0014 0015 0016 0017 0018 0019 0020 0021 0022 0023
 ----------------------------------------------------------------------------------------------------------------------------
  1   0.58 0.74 0.87 0.95 0.96 0.88 0.74 0.58 0.40 0.30 0.30 0.41 0.58 0.76 0.90 1.00 1.02 0.93 0.74 0.53 0.32 0.22 0.23 0.30
  2   0.44 0.62 0.78 0.89 0.93 0.88 0.77 0.61 0.44 0.36 0.36 0.41 0.51 0.65 0.80 0.90 0.91 0.82 0.67 0.49 0.31 0.20 0.17 0.22
  3   0.34 0.49 0.68 0.84 0.92 0.90 0.80 0.65 0.48 0.35 0.32 0.35 0.43 0.55 0.68 0.78 0.80 0.72 0.52 0.34 0.22 0.17 0.18 0.26
  4   0.40 0.59 0.76 0.88 0.92 0.87 0.76 0.63 0.48 0.39 0.36 0.37 0.42 0.50 0.59 0.68 0.76 0.78 0.73 0.63 0.50 0.38 0.27 0.22
  5   0.25 0.35 0.50 0.67 0.81 0.88 0.88 0.83 0.74 0.63 0.54 0.48 0.46 0.48 0.57 0.71 0.80 0.82 0.78 0.67 0.54 0.43 0.34 0.29
  6   0.28 0.33 0.45 0.58 0.70 0.80 0.86 0.87 0.82 0.72 0.62 0.54 0.51 0.52 0.56 0.62 0.67 0.70 0.70 0.67 0.60 0.53 0.46 0.41
  7   0.40 0.43 0.50 0.60 0.69 0.76 0.80 0.81 0.79 0.75 0.69 0.62 0.58 0.57 0.59 0.62 0.64 0.65 0.65 0.64 0.61 0.58 0.54 0.50
  8   0.47 0.46 0.47 0.50 0.55 0.61 0.66 0.70 0.72 0.73 0.73 0.72 0.70 0.67 0.63 0.59 0.55 0.51 0.49 0.49 0.51 0.55 0.60 0.64
  9   0.66 0.65 0.61 0.55 0.51 0.50 0.51 0.55 0.60 0.65 0.69 0.70 0.69 0.66 0.61 0.55 0.48 0.41 0.37 0.35 0.36 0.40 0.47 0.53
 10   0.56 0.56 0.53 0.48 0.42 0.37 0.35 0.38 0.45 0.54 0.64 0.71 0.75 0.75 0.71 0.63 0.52 0.43 0.34 0.28 0.27 0.32 0.41 0.51
 11   0.58 0.62 0.61 0.56 0.49 0.42 0.37 0.36 0.39 0.47 0.60 0.73 0.82 0.86 0.85 0.78 0.67 0.55 0.45 0.38 0.35 0.37 0.47 0.60
 12   0.72 0.80 0.81 0.75 0.64 0.52 0.42 0.35 0.34 0.40 0.53 0.67 0.78 0.86 0.88 0.84 0.70 0.52 0.38 0.30 0.27 0.30 0.41 0.54
 13   0.68 0.79 0.84 0.81 0.71 0.58 0.44 0.33 0.29 0.35 0.49 0.66 0.80 0.90 0.93 0.88 0.76 0.60 0.42 0.25 0.19 0.22 0.32 0.49
 14   0.65 0.79 0.87 0.86 0.76 0.62 0.46 0.34 0.28 0.32 0.44 0.60 0.77 0.91 0.98 0.94 0.80 0.63 0.46 0.31 0.23 0.25 0.37 0.53
 15   0.70 0.86 0.95 0.96 0.88 0.72 0.56 0.39 0.30 0.31 0.42 0.58 0.74 0.88 1.01 1.06 1.01 0.86 0.68 0.53 0.40 0.34 0.38 0.52
 16   0.70 0.88 1.02 1.08 1.05 0.94 0.79 0.62 0.44 0.36 0.40 0.52 0.67 0.84 0.98 1.05 1.02 0.90 0.74 0.58 0.41 0.30 0.31 0.42
 17   0.59 0.78 0.94 1.03 1.05 0.98 0.84 0.69 0.53 0.42 0.41 0.50 0.64 0.81 0.97 1.06 1.07 1.00 0.85 0.67 0.51 0.38 0.35 0.44
 18   0.60 0.76 0.89 0.99 1.04 0.99 0.86 0.70 0.54 0.40 0.34 0.39 0.49 0.62 0.76 0.88 0.93 0.88 0.78 0.65 0.49 0.33 0.26 0.30
 19   0.42 0.58 0.75 0.90 0.97 0.95 0.87 0.75 0.60 0.46 0.38 0.40 0.47 0.57 0.69 0.80 0.86 0.83 0.73 0.61 0.50 0.39 0.34 0.38
 20   0.48 0.61 0.75 0.88 0.96 0.95 0.88 0.78 0.66 0.56 0.49 0.47 0.50 0.58 0.69 0.79 0.85 0.85 0.80 0.72 0.62 0.51 0.43 0.39
 21   0.44 0.56 0.68 0.78 0.87 0.92 0.92 0.87 0.78 0.68 0.59 0.51 0.48 0.51 0.58 0.68 0.76 0.80 0.78 0.72 0.63 0.51 0.42 0.39
 22   0.40 0.46 0.56 0.68 0.78 0.85 0.88 0.86 0.79 0.69 0.60 0.55 0.55 0.57 0.60 0.64 0.68 0.69 0.67 0.63 0.58 0.53 0.48 0.45
 23   0.45 0.48 0.53 0.60 0.66 0.71 0.75 0.78 0.79 0.77 0.72 0.66 0.63 0.65 0.71 0.80 0.87 0.90 0.89 0.84 0.78 0.72 0.66 0.61
 24   0.57 0.55 0.54 0.55 0.57 0.61 0.66 0.72 0.78 0.83 0.85 0.84 0.81 0.77 0.72 0.67 0.62 0.58 0.56 0.57 0.60 0.64 0.68 0.72
 25   0.73 0.71 0.68 0.63 0.58 0.56 0.57 0.62 0.69 0.78 0.86 0.90 0.90 0.88 0.83 0.76 0.67 0.57 0.50 0.48 0.50 0.56 0.64 0.72
 26   0.80 0.81 0.75 0.64 0.54 0.48 0.45 0.47 0.53 0.63 0.75 0.85 0.91 0.90 0.83 0.69 0.55 0.44 0.38 0.37 0.43 0.54 0.65 0.77
 27   0.84 0.84 0.78 0.66 0.53 0.42 0.35 0.34 0.40 0.51 0.67 0.80 0.90 0.94 0.90 0.78 0.59 0.41 0.28 0.24 0.27 0.39 0.56 0.74
 28   0.89 0.94 0.91 0.79 0.64 0.50 0.38 0.31 0.32 0.40 0.52 0.67 0.85 1.00 1.05 0.99 0.84 0.65 0.48 0.36 0.32 0.38 0.51 0.66
 29   0.85 1.00 1.07 1.06 0.93 0.76 0.58 0.41 0.34 0.37 0.49 0.63 0.79 0.94 1.03 1.04 0.96 0.78 0.56 0.39 0.29 0.30 0.40 0.59
 30   0.81 1.01 1.14 1.18 1.09 0.92 0.74 0.54 0.41 0.38 0.43 0.56 0.71 0.88 1.02 1.07 1.02 0.87 0.69 0.51 0.34 0.25 0.29 0.43
 ----------------------------------------------------------------------------------------------------------------------------
                                                                                              
 ----------------------------------------------------------------------------------------------------------------------------
 ----------------------------------------------------------------------------------------------------------------------------
                                                          SURVEY OF INDIA
                                                    MARINE GEODESY WING (G&RB)
                                                     HOURLY HEIGHTS IN METRES
  NAME OF PORT:- TUTICORIN                                                                          MONTH OCTOBER   YEAR 2019
 ----------------------------------------------------------------------------------------------------------------------------
 DAYS 0000 0001 0002 0003 0004 0005 0006 0007 0008 0009 0010 0011 0012 0013 0014 0015 0016 0017 0018 0019 0020 0021 0022 0023
 ----------------------------------------------------------------------------------------------------------------------------
  1   0.64 0.87 1.04 1.14 1.13 1.02 0.85 0.66 0.50 0.39 0.40 0.50 0.64 0.78 0.90 0.98 0.99 0.90 0.73 0.56 0.38 0.28 0.31 0.44
  2   0.63 0.81 0.98 1.11 1.17 1.12 0.97 0.79 0.64 0.50 0.42 0.45 0.56 0.69 0.82 0.91 0.95 0.91 0.79 0.64 0.48 0.35 0.29 0.35
  3   0.50 0.67 0.83 0.96 1.05 1.07 0.99 0.85 0.68 0.54 0.47 0.50 0.57 0.66 0.77 0.88 0.93 0.90 0.80 0.67 0.54 0.42 0.33 0.31
  4   0.38 0.54 0.72 0.87 0.96 0.98 0.93 0.83 0.70 0.57 0.46 0.41 0.45 0.55 0.67 0.76 0.80 0.80 0.76 0.67 0.54 0.42 0.34 0.33
  5   0.40 0.54 0.68 0.79 0.87 0.91 0.90 0.85 0.77 0.67 0.59 0.55 0.57 0.62 0.69 0.75 0.79 0.80 0.77 0.71 0.64 0.57 0.51 0.49
  6   0.52 0.60 0.69 0.77 0.83 0.87 0.88 0.86 0.80 0.72 0.64 0.58 0.55 0.56 0.60 0.65 0.70 0.72 0.71 0.68 0.64 0.60 0.57 0.55
  7   0.54 0.55 0.58 0.62 0.66 0.70 0.73 0.74 0.74 0.72 0.69 0.66 0.63 0.60 0.58 0.56 0.55 0.55 0.57 0.60 0.63 0.65 0.66 0.65
  8   0.62 0.58 0.55 0.53 0.52 0.52 0.53 0.56 0.60 0.64 0.67 0.68 0.66 0.62 0.57 0.51 0.45 0.40 0.37 0.38 0.42 0.48 0.54 0.59
  9   0.61 0.60 0.56 0.50 0.45 0.43 0.44 0.48 0.54 0.61 0.68 0.72 0.73 0.71 0.65 0.56 0.48 0.42 0.38 0.37 0.39 0.45 0.54 0.65
 10   0.73 0.75 0.71 0.61 0.51 0.42 0.37 0.37 0.42 0.51 0.61 0.71 0.78 0.80 0.77 0.67 0.55 0.44 0.36 0.33 0.37 0.46 0.58 0.70
 11   0.79 0.83 0.80 0.69 0.54 0.41 0.33 0.31 0.34 0.43 0.54 0.65 0.74 0.79 0.77 0.68 0.54 0.41 0.28 0.19 0.19 0.29 0.43 0.57
 12   0.73 0.83 0.83 0.75 0.60 0.44 0.30 0.23 0.24 0.31 0.43 0.59 0.73 0.82 0.85 0.79 0.64 0.46 0.32 0.24 0.24 0.31 0.45 0.60
 13   0.75 0.88 0.93 0.90 0.78 0.61 0.45 0.33 0.30 0.34 0.44 0.55 0.69 0.81 0.86 0.83 0.72 0.56 0.41 0.28 0.21 0.23 0.33 0.47
 14   0.63 0.77 0.87 0.90 0.85 0.71 0.54 0.38 0.27 0.25 0.32 0.45 0.61 0.76 0.85 0.87 0.82 0.68 0.50 0.33 0.21 0.19 0.29 0.49
 15   0.67 0.83 0.95 0.99 0.94 0.81 0.62 0.44 0.30 0.25 0.30 0.43 0.59 0.74 0.85 0.89 0.85 0.73 0.57 0.40 0.28 0.24 0.30 0.47
 16   0.66 0.83 0.97 1.05 1.05 0.96 0.79 0.60 0.41 0.29 0.31 0.44 0.59 0.72 0.82 0.87 0.85 0.75 0.59 0.42 0.28 0.22 0.27 0.42
 17   0.60 0.76 0.90 0.99 1.01 0.91 0.73 0.53 0.35 0.25 0.26 0.36 0.48 0.63 0.75 0.82 0.83 0.77 0.63 0.49 0.37 0.28 0.28 0.38
 18   0.55 0.72 0.86 0.95 0.99 0.96 0.84 0.68 0.51 0.39 0.33 0.36 0.46 0.59 0.70 0.78 0.81 0.77 0.65 0.51 0.38 0.27 0.24 0.32
 19   0.48 0.63 0.77 0.89 0.96 0.96 0.89 0.78 0.64 0.51 0.44 0.42 0.46 0.55 0.64 0.72 0.77 0.79 0.76 0.68 0.58 0.47 0.37 0.33
 20   0.38 0.50 0.64 0.79 0.89 0.93 0.92 0.87 0.78 0.67 0.56 0.49 0.48 0.53 0.61 0.69 0.74 0.76 0.75 0.70 0.62 0.53 0.46 0.43
 21   0.45 0.54 0.68 0.80 0.87 0.90 0.90 0.88 0.82 0.73 0.64 0.58 0.56 0.58 0.62 0.68 0.73 0.75 0.74 0.71 0.67 0.62 0.57 0.54
 22   0.54 0.58 0.64 0.72 0.79 0.85 0.89 0.91 0.91 0.88 0.81 0.73 0.68 0.66 0.67 0.70 0.73 0.76 0.77 0.75 0.72 0.68 0.64 0.61
 23   0.59 0.59 0.61 0.64 0.68 0.71 0.74 0.77 0.79 0.80 0.80 0.78 0.75 0.70 0.64 0.59 0.55 0.53 0.54 0.57 0.61 0.66 0.71 0.73
 24   0.72 0.69 0.64 0.59 0.57 0.57 0.60 0.66 0.73 0.78 0.80 0.80 0.78 0.74 0.68 0.62 0.56 0.51 0.47 0.47 0.52 0.60 0.70 0.80
 25   0.84 0.81 0.73 0.64 0.56 0.50 0.47 0.49 0.56 0.66 0.76 0.83 0.86 0.85 0.78 0.63 0.49 0.38 0.31 0.31 0.39 0.51 0.65 0.78
 26   0.85 0.85 0.79 0.69 0.58 0.49 0.41 0.36 0.37 0.48 0.62 0.75 0.84 0.88 0.85 0.75 0.61 0.47 0.37 0.33 0.38 0.50 0.65 0.83
 27   0.99 1.05 1.01 0.90 0.77 0.62 0.50 0.41 0.39 0.44 0.56 0.71 0.83 0.91 0.91 0.82 0.69 0.54 0.38 0.31 0.32 0.41 0.58 0.78
 28   0.94 1.07 1.10 1.03 0.90 0.73 0.56 0.44 0.39 0.41 0.50 0.64 0.79 0.94 1.00 0.96 0.80 0.62 0.42 0.27 0.24 0.29 0.43 0.64
 29   0.89 1.05 1.12 1.12 1.04 0.89 0.69 0.51 0.40 0.37 0.43 0.57 0.72 0.87 0.97 0.98 0.88 0.70 0.52 0.37 0.28 0.30 0.41 0.58
 30   0.80 1.00 1.16 1.22 1.16 1.02 0.81 0.61 0.42 0.34 0.36 0.45 0.59 0.76 0.92 0.98 0.95 0.84 0.68 0.50 0.33 0.27 0.31 0.45
 31   0.68 0.91 1.07 1.17 1.19 1.12 0.95 0.75 0.56 0.47 0.48 0.56 0.69 0.82 0.91 0.96 0.96 0.90 0.77 0.60 0.44 0.34 0.33 0.42
 ----------------------------------------------------------------------------------------------------------------------------
                                                                                             
 ----------------------------------------------------------------------------------------------------------------------------
 ----------------------------------------------------------------------------------------------------------------------------
                                                          SURVEY OF INDIA
                                                    MARINE GEODESY WING (G&RB)
                                                     HOURLY HEIGHTS IN METRES
  NAME OF PORT:- TUTICORIN                                                                          MONTH NOVEMBER  YEAR 2019
 ----------------------------------------------------------------------------------------------------------------------------
 DAYS 0000 0001 0002 0003 0004 0005 0006 0007 0008 0009 0010 0011 0012 0013 0014 0015 0016 0017 0018 0019 0020 0021 0022 0023
 ----------------------------------------------------------------------------------------------------------------------------
  1   0.62 0.82 0.99 1.12 1.17 1.12 0.99 0.83 0.65 0.50 0.45 0.48 0.55 0.64 0.74 0.84 0.89 0.87 0.78 0.66 0.52 0.40 0.37 0.44
  2   0.58 0.72 0.85 0.95 1.01 1.02 0.97 0.86 0.71 0.57 0.46 0.42 0.45 0.52 0.61 0.69 0.74 0.75 0.71 0.63 0.54 0.46 0.40 0.38
  3   0.43 0.54 0.66 0.77 0.84 0.87 0.85 0.78 0.67 0.55 0.43 0.38 0.40 0.46 0.54 0.62 0.66 0.67 0.64 0.58 0.50 0.43 0.38 0.37
  4   0.42 0.54 0.66 0.76 0.81 0.81 0.78 0.71 0.62 0.53 0.45 0.40 0.39 0.42 0.49 0.56 0.60 0.61 0.60 0.56 0.52 0.49 0.48 0.50
  5   0.54 0.60 0.67 0.74 0.80 0.83 0.84 0.82 0.78 0.72 0.66 0.62 0.60 0.60 0.62 0.66 0.72 0.77 0.79 0.78 0.75 0.72 0.69 0.67
  6   0.66 0.66 0.67 0.69 0.71 0.73 0.75 0.77 0.78 0.78 0.77 0.74 0.70 0.65 0.60 0.55 0.51 0.48 0.47 0.49 0.53 0.59 0.65 0.70
  7   0.73 0.73 0.70 0.63 0.57 0.53 0.51 0.52 0.56 0.62 0.67 0.70 0.70 0.68 0.64 0.59 0.53 0.48 0.46 0.47 0.51 0.57 0.65 0.74
  8   0.79 0.79 0.75 0.69 0.61 0.54 0.52 0.53 0.57 0.63 0.69 0.73 0.73 0.70 0.65 0.58 0.51 0.44 0.39 0.38 0.43 0.52 0.63 0.72
  9   0.80 0.83 0.79 0.71 0.61 0.51 0.45 0.45 0.50 0.57 0.65 0.72 0.77 0.78 0.74 0.66 0.55 0.44 0.35 0.32 0.36 0.46 0.57 0.69
 10   0.80 0.87 0.88 0.82 0.70 0.57 0.47 0.41 0.44 0.51 0.60 0.69 0.76 0.80 0.79 0.71 0.59 0.47 0.37 0.29 0.29 0.38 0.53 0.69
 11   0.87 0.98 0.99 0.93 0.81 0.66 0.51 0.41 0.37 0.42 0.53 0.66 0.78 0.85 0.86 0.81 0.70 0.55 0.40 0.32 0.32 0.40 0.53 0.69
 12   0.86 1.00 1.05 1.02 0.90 0.73 0.57 0.41 0.34 0.36 0.44 0.55 0.67 0.76 0.81 0.80 0.71 0.57 0.42 0.29 0.23 0.28 0.41 0.61
 13   0.79 0.93 1.00 1.01 0.93 0.77 0.59 0.43 0.30 0.26 0.33 0.46 0.60 0.72 0.80 0.83 0.78 0.64 0.48 0.34 0.26 0.30 0.41 0.57
 14   0.74 0.89 0.99 1.03 0.97 0.80 0.61 0.45 0.30 0.23 0.28 0.40 0.53 0.66 0.76 0.79 0.74 0.64 0.49 0.34 0.25 0.23 0.33 0.49
 15   0.68 0.83 0.95 1.03 1.05 0.98 0.80 0.60 0.40 0.27 0.25 0.34 0.49 0.63 0.74 0.80 0.80 0.72 0.58 0.43 0.30 0.26 0.33 0.46
 16   0.61 0.77 0.91 1.00 1.03 0.95 0.80 0.65 0.51 0.41 0.37 0.38 0.46 0.59 0.72 0.82 0.86 0.82 0.72 0.60 0.48 0.40 0.40 0.47
 17   0.58 0.72 0.89 1.01 1.07 1.07 1.01 0.87 0.71 0.57 0.49 0.47 0.51 0.59 0.68 0.76 0.81 0.83 0.80 0.72 0.62 0.52 0.46 0.47
 18   0.56 0.69 0.81 0.91 0.99 1.03 1.01 0.93 0.79 0.66 0.57 0.52 0.51 0.56 0.65 0.76 0.81 0.81 0.77 0.71 0.64 0.59 0.56 0.56
 19   0.60 0.68 0.78 0.87 0.94 0.97 0.95 0.89 0.80 0.71 0.63 0.57 0.54 0.55 0.58 0.62 0.67 0.71 0.73 0.73 0.70 0.64 0.56 0.53
 20   0.56 0.62 0.70 0.78 0.85 0.89 0.90 0.88 0.83 0.76 0.69 0.63 0.58 0.55 0.54 0.56 0.59 0.63 0.67 0.70 0.72 0.73 0.71 0.67
 21   0.63 0.62 0.64 0.67 0.71 0.75 0.79 0.82 0.84 0.84 0.82 0.77 0.70 0.63 0.58 0.55 0.55 0.58 0.62 0.68 0.74 0.80 0.85 0.88
 22   0.88 0.85 0.80 0.74 0.69 0.67 0.68 0.71 0.76 0.81 0.85 0.85 0.81 0.74 0.65 0.57 0.50 0.46 0.47 0.52 0.61 0.72 0.84 0.93
 23   0.97 0.96 0.90 0.80 0.71 0.63 0.58 0.57 0.61 0.68 0.75 0.80 0.82 0.80 0.72 0.62 0.53 0.45 0.40 0.41 0.50 0.64 0.79 0.91
 24   0.99 1.02 0.99 0.88 0.74 0.61 0.52 0.46 0.46 0.52 0.61 0.70 0.77 0.79 0.74 0.63 0.51 0.41 0.32 0.29 0.36 0.50 0.67 0.83
 25   0.97 1.04 1.02 0.93 0.79 0.63 0.50 0.42 0.39 0.42 0.51 0.62 0.72 0.78 0.76 0.66 0.53 0.40 0.27 0.21 0.25 0.37 0.56 0.79
 26   0.97 1.07 1.09 1.01 0.85 0.69 0.53 0.42 0.38 0.40 0.47 0.59 0.72 0.81 0.85 0.80 0.68 0.51 0.35 0.26 0.27 0.36 0.50 0.70
 27   0.88 1.04 1.12 1.10 0.99 0.81 0.61 0.45 0.38 0.37 0.42 0.51 0.62 0.73 0.82 0.83 0.76 0.61 0.45 0.31 0.25 0.28 0.41 0.60
 28   0.81 0.98 1.08 1.11 1.04 0.89 0.71 0.50 0.37 0.32 0.35 0.44 0.56 0.68 0.78 0.82 0.78 0.65 0.51 0.36 0.26 0.23 0.32 0.50
 29   0.68 0.87 1.02 1.07 1.05 0.95 0.75 0.55 0.40 0.32 0.30 0.36 0.49 0.61 0.71 0.78 0.79 0.72 0.59 0.45 0.34 0.29 0.33 0.47
 30   0.64 0.81 0.96 1.07 1.11 1.06 0.92 0.74 0.55 0.42 0.37 0.42 0.52 0.64 0.75 0.83 0.85 0.80 0.71 0.60 0.48 0.39 0.38 0.47
 ----------------------------------------------------------------------------------------------------------------------------
                                                                                              
 ----------------------------------------------------------------------------------------------------------------------------
 ----------------------------------------------------------------------------------------------------------------------------
                                                          SURVEY OF INDIA
                                                    MARINE GEODESY WING (G&RB)
                                                     HOURLY HEIGHTS IN METRES
  NAME OF PORT:- TUTICORIN                                                                          MONTH DECEMBER  YEAR 2019
 ----------------------------------------------------------------------------------------------------------------------------
 DAYS 0000 0001 0002 0003 0004 0005 0006 0007 0008 0009 0010 0011 0012 0013 0014 0015 0016 0017 0018 0019 0020 0021 0022 0023
 ----------------------------------------------------------------------------------------------------------------------------
  1   0.62 0.77 0.90 1.00 1.06 1.06 0.97 0.80 0.63 0.49 0.42 0.42 0.47 0.55 0.66 0.75 0.81 0.82 0.78 0.69 0.58 0.48 0.43 0.44
  2   0.52 0.66 0.80 0.90 0.95 0.96 0.91 0.81 0.67 0.54 0.45 0.41 0.42 0.48 0.57 0.66 0.73 0.76 0.74 0.69 0.61 0.53 0.47 0.45
  3   0.49 0.57 0.67 0.78 0.87 0.90 0.88 0.81 0.70 0.58 0.48 0.41 0.41 0.45 0.52 0.59 0.65 0.69 0.69 0.66 0.61 0.55 0.50 0.46
  4   0.46 0.51 0.58 0.65 0.71 0.75 0.77 0.75 0.69 0.58 0.48 0.39 0.35 0.36 0.40 0.46 0.51 0.55 0.58 0.60 0.60 0.59 0.55 0.49
  5   0.46 0.46 0.49 0.54 0.59 0.63 0.66 0.66 0.63 0.58 0.51 0.45 0.41 0.39 0.39 0.42 0.47 0.52 0.57 0.62 0.66 0.68 0.67 0.63
  6   0.58 0.53 0.49 0.47 0.49 0.54 0.60 0.64 0.66 0.66 0.64 0.60 0.55 0.50 0.46 0.43 0.42 0.44 0.48 0.55 0.63 0.72 0.79 0.82
  7   0.81 0.76 0.69 0.63 0.58 0.55 0.55 0.58 0.62 0.66 0.69 0.69 0.67 0.63 0.57 0.51 0.45 0.41 0.41 0.45 0.54 0.64 0.75 0.82
  8   0.85 0.85 0.80 0.70 0.60 0.53 0.49 0.49 0.53 0.60 0.66 0.70 0.70 0.66 0.59 0.51 0.43 0.38 0.38 0.42 0.51 0.63 0.73 0.82
  9   0.87 0.87 0.81 0.71 0.60 0.50 0.43 0.42 0.46 0.53 0.61 0.68 0.71 0.70 0.66 0.58 0.49 0.41 0.38 0.40 0.48 0.61 0.75 0.87
 10   0.96 1.00 0.96 0.83 0.71 0.58 0.48 0.42 0.41 0.45 0.53 0.61 0.68 0.71 0.70 0.65 0.57 0.47 0.39 0.35 0.38 0.47 0.60 0.75
 11   0.93 1.06 1.10 1.05 0.91 0.74 0.56 0.43 0.37 0.38 0.45 0.56 0.68 0.77 0.81 0.80 0.73 0.61 0.49 0.40 0.38 0.43 0.57 0.75
 12   0.93 1.08 1.15 1.13 1.01 0.86 0.68 0.50 0.41 0.39 0.43 0.54 0.71 0.82 0.87 0.86 0.78 0.65 0.51 0.37 0.32 0.37 0.50 0.67
 13   0.87 1.04 1.14 1.16 1.07 0.91 0.72 0.54 0.41 0.33 0.36 0.48 0.61 0.73 0.81 0.85 0.79 0.65 0.50 0.37 0.28 0.26 0.36 0.55
 14   0.75 0.93 1.06 1.12 1.06 0.92 0.73 0.55 0.40 0.30 0.28 0.35 0.49 0.63 0.74 0.80 0.78 0.68 0.54 0.40 0.28 0.23 0.30 0.45
 15   0.62 0.78 0.91 0.99 1.01 0.95 0.80 0.64 0.48 0.36 0.31 0.33 0.42 0.54 0.67 0.75 0.76 0.69 0.58 0.47 0.36 0.30 0.30 0.39
 16   0.54 0.71 0.85 0.95 0.98 0.96 0.88 0.74 0.59 0.43 0.35 0.35 0.41 0.50 0.60 0.70 0.76 0.76 0.71 0.62 0.51 0.42 0.38 0.40
 17   0.50 0.62 0.74 0.85 0.94 0.97 0.94 0.83 0.69 0.55 0.45 0.39 0.40 0.46 0.55 0.66 0.75 0.79 0.78 0.72 0.64 0.56 0.50 0.49
 18   0.52 0.59 0.69 0.78 0.86 0.90 0.89 0.83 0.73 0.62 0.52 0.46 0.44 0.45 0.49 0.58 0.69 0.76 0.79 0.79 0.76 0.69 0.61 0.56
 19   0.54 0.56 0.62 0.69 0.76 0.81 0.84 0.83 0.79 0.71 0.61 0.52 0.45 0.42 0.44 0.50 0.58 0.66 0.73 0.78 0.80 0.79 0.75 0.70
 20   0.64 0.60 0.60 0.63 0.67 0.71 0.75 0.78 0.78 0.74 0.68 0.61 0.53 0.47 0.43 0.43 0.48 0.55 0.63 0.70 0.77 0.81 0.81 0.79
 21   0.75 0.70 0.65 0.62 0.62 0.65 0.70 0.75 0.79 0.80 0.77 0.70 0.63 0.56 0.50 0.46 0.46 0.50 0.58 0.69 0.79 0.87 0.93 0.95
 22   0.93 0.87 0.79 0.72 0.66 0.63 0.62 0.64 0.69 0.75 0.79 0.79 0.75 0.67 0.57 0.49 0.45 0.44 0.47 0.56 0.67 0.78 0.89 0.98
 23   1.00 0.97 0.88 0.77 0.66 0.57 0.50 0.47 0.50 0.58 0.66 0.72 0.74 0.71 0.64 0.55 0.47 0.41 0.39 0.41 0.48 0.60 0.75 0.89
 24   0.98 1.01 0.95 0.83 0.69 0.56 0.45 0.38 0.35 0.39 0.49 0.59 0.66 0.69 0.66 0.59 0.48 0.38 0.31 0.29 0.33 0.43 0.59 0.78
 25   0.90 0.96 0.96 0.89 0.75 0.59 0.44 0.34 0.30 0.31 0.37 0.46 0.56 0.64 0.67 0.63 0.53 0.40 0.28 0.22 0.24 0.35 0.54 0.71
 26   0.86 0.95 0.96 0.88 0.71 0.52 0.37 0.30 0.28 0.29 0.34 0.42 0.53 0.64 0.70 0.69 0.63 0.53 0.42 0.31 0.25 0.28 0.41 0.56
 27   0.75 0.88 0.95 0.96 0.90 0.76 0.59 0.42 0.30 0.24 0.24 0.30 0.42 0.55 0.64 0.69 0.68 0.59 0.47 0.34 0.24 0.23 0.30 0.43
 28   0.61 0.79 0.92 0.98 0.97 0.85 0.69 0.53 0.39 0.30 0.29 0.34 0.45 0.57 0.69 0.78 0.80 0.74 0.62 0.47 0.34 0.26 0.28 0.40
 29   0.56 0.73 0.87 0.94 0.95 0.90 0.77 0.59 0.43 0.30 0.23 0.25 0.34 0.45 0.59 0.70 0.75 0.73 0.65 0.53 0.41 0.29 0.26 0.33
 30   0.48 0.63 0.77 0.87 0.92 0.91 0.83 0.68 0.51 0.35 0.23 0.23 0.32 0.47 0.61 0.68 0.67 0.60 0.50 0.40 0.30 0.25 0.28 0.37
 31   0.51 0.66 0.79 0.87 0.87 0.78 0.63 0.48 0.34 0.23 0.19 0.21 0.28 0.37 0.47 0.57 0.66 0.71 0.70 0.64 0.56 0.48 0.41 0.36
 ----------------------------------------------------------------------------------------------------------------------------
                                                                                             
 ----------------------------------------------------------------------------------------------------------------------------
 ----------------------------------------------------------------------------------------------------------------------------
