                                                          SURVEY OF INDIA
                                                    MARINE GEODESY WING (G&RB)
                                                     HOURLY HEIGHTS IN METRES
  NAME OF PORT:- TUTUICORIN                                                                         MONTH JANUARY   YEAR 2020
 ----------------------------------------------------------------------------------------------------------------------------
 DAYS 0000 0001 0002 0003 0004 0005 0006 0007 0008 0009 0010 0011 0012 0013 0014 0015 0016 0017 0018 0019 0020 0021 0022 0023
 ----------------------------------------------------------------------------------------------------------------------------
  1   0.48 0.56 0.65 0.76 0.88 0.96 0.91 0.82 0.71 0.56 0.42 0.35 0.35 0.41 0.51 0.63 0.73 0.77 0.76 0.72 0.66 0.59 0.52 0.47
  2   0.47 0.55 0.65 0.75 0.85 0.93 0.92 0.84 0.73 0.62 0.52 0.43 0.38 0.43 0.51 0.59 0.66 0.72 0.76 0.76 0.72 0.66 0.60 0.55
  3   0.52 0.52 0.57 0.65 0.74 0.81 0.84 0.80 0.72 0.63 0.54 0.46 0.40 0.39 0.45 0.53 0.60 0.66 0.71 0.74 0.75 0.74 0.70 0.64
  4   0.57 0.53 0.55 0.60 0.66 0.71 0.74 0.74 0.71 0.65 0.58 0.51 0.45 0.41 0.40 0.43 0.50 0.58 0.66 0.72 0.76 0.79 0.80 0.76
  5   0.70 0.65 0.61 0.59 0.60 0.63 0.68 0.72 0.74 0.72 0.67 0.61 0.55 0.50 0.47 0.47 0.49 0.53 0.58 0.65 0.72 0.78 0.83 0.85
  6   0.79 0.71 0.64 0.58 0.55 0.54 0.56 0.61 0.66 0.69 0.69 0.66 0.61 0.55 0.49 0.44 0.42 0.43 0.48 0.56 0.66 0.76 0.84 0.89
  7   0.89 0.82 0.73 0.63 0.55 0.49 0.48 0.50 0.54 0.59 0.64 0.67 0.66 0.62 0.56 0.48 0.41 0.39 0.40 0.44 0.55 0.69 0.82 0.92
  8   0.96 0.94 0.85 0.74 0.62 0.51 0.44 0.41 0.42 0.46 0.52 0.59 0.64 0.65 0.61 0.54 0.45 0.37 0.33 0.34 0.40 0.54 0.71 0.86
  9   0.98 1.01 0.98 0.88 0.75 0.60 0.46 0.38 0.34 0.36 0.43 0.54 0.64 0.70 0.72 0.68 0.60 0.50 0.41 0.36 0.38 0.46 0.62 0.78
 10   0.92 1.02 1.06 0.99 0.86 0.71 0.55 0.39 0.31 0.29 0.33 0.43 0.56 0.67 0.73 0.72 0.63 0.52 0.41 0.32 0.28 0.34 0.48 0.64
 11   0.82 0.97 1.05 1.04 0.96 0.81 0.65 0.48 0.34 0.29 0.32 0.40 0.51 0.64 0.74 0.78 0.76 0.66 0.53 0.42 0.35 0.35 0.41 0.53
 12   0.70 0.90 1.03 1.10 1.09 0.96 0.77 0.58 0.40 0.30 0.28 0.32 0.43 0.57 0.71 0.80 0.82 0.74 0.61 0.49 0.38 0.32 0.33 0.44
 13   0.59 0.75 0.90 1.02 1.07 1.02 0.86 0.68 0.49 0.34 0.27 0.30 0.40 0.53 0.67 0.79 0.85 0.82 0.73 0.61 0.48 0.38 0.37 0.43
 14   0.55 0.70 0.86 0.98 1.06 1.08 0.94 0.75 0.57 0.41 0.30 0.28 0.35 0.46 0.60 0.74 0.85 0.89 0.84 0.75 0.63 0.52 0.47 0.48
 15   0.54 0.65 0.79 0.91 1.00 1.03 0.98 0.84 0.66 0.48 0.34 0.29 0.30 0.39 0.53 0.68 0.82 0.90 0.91 0.87 0.79 0.68 0.56 0.50
 16   0.51 0.57 0.67 0.79 0.89 0.95 0.97 0.90 0.78 0.63 0.49 0.40 0.39 0.43 0.52 0.65 0.80 0.91 0.94 0.92 0.86 0.77 0.67 0.61
 17   0.60 0.64 0.70 0.78 0.86 0.92 0.93 0.89 0.80 0.67 0.54 0.44 0.41 0.45 0.53 0.63 0.74 0.85 0.91 0.92 0.89 0.83 0.75 0.68
 18   0.64 0.64 0.67 0.71 0.76 0.81 0.84 0.82 0.77 0.70 0.61 0.52 0.45 0.43 0.45 0.51 0.60 0.69 0.77 0.83 0.86 0.86 0.82 0.77
 19   0.72 0.67 0.63 0.63 0.66 0.71 0.75 0.77 0.76 0.71 0.64 0.56 0.49 0.45 0.44 0.46 0.50 0.57 0.66 0.77 0.86 0.90 0.90 0.88
 20   0.84 0.80 0.76 0.72 0.68 0.64 0.61 0.62 0.66 0.70 0.71 0.69 0.64 0.59 0.55 0.52 0.51 0.52 0.56 0.63 0.71 0.79 0.86 0.91
 21   0.92 0.88 0.80 0.72 0.64 0.57 0.53 0.52 0.54 0.58 0.63 0.66 0.67 0.66 0.63 0.57 0.50 0.46 0.46 0.51 0.59 0.69 0.79 0.89
 22   0.97 0.98 0.94 0.85 0.75 0.65 0.55 0.49 0.47 0.49 0.55 0.63 0.70 0.72 0.70 0.65 0.58 0.51 0.46 0.45 0.49 0.60 0.73 0.87
 23   1.00 1.05 1.04 0.96 0.84 0.72 0.61 0.53 0.49 0.48 0.52 0.61 0.70 0.76 0.78 0.76 0.69 0.58 0.48 0.43 0.44 0.51 0.63 0.80
 24   0.96 1.05 1.08 1.02 0.91 0.76 0.60 0.49 0.41 0.38 0.40 0.49 0.59 0.69 0.77 0.79 0.72 0.60 0.48 0.39 0.36 0.39 0.48 0.64
 25   0.84 0.96 1.02 1.03 0.95 0.81 0.65 0.49 0.38 0.33 0.34 0.41 0.53 0.66 0.78 0.84 0.83 0.73 0.60 0.49 0.40 0.36 0.41 0.57
 26   0.76 0.90 1.01 1.07 1.05 0.95 0.79 0.62 0.49 0.40 0.37 0.43 0.55 0.70 0.86 0.95 0.96 0.90 0.75 0.58 0.48 0.44 0.48 0.59
 27   0.74 0.88 1.00 1.08 1.10 1.02 0.87 0.68 0.52 0.42 0.38 0.42 0.51 0.63 0.76 0.87 0.92 0.87 0.76 0.64 0.53 0.45 0.44 0.55
 28   0.68 0.81 0.94 1.04 1.09 1.06 0.94 0.76 0.59 0.46 0.39 0.40 0.48 0.62 0.76 0.87 0.94 0.96 0.88 0.75 0.63 0.54 0.50 0.53
 29   0.63 0.76 0.90 1.01 1.06 1.05 0.97 0.81 0.66 0.52 0.41 0.39 0.45 0.56 0.69 0.83 0.93 0.96 0.90 0.80 0.69 0.58 0.50 0.50
 30   0.60 0.74 0.87 0.98 1.04 1.05 0.98 0.84 0.69 0.54 0.43 0.39 0.43 0.52 0.64 0.75 0.85 0.92 0.94 0.90 0.81 0.69 0.58 0.54
 31   0.57 0.66 0.76 0.85 0.93 0.97 0.96 0.88 0.76 0.61 0.46 0.40 0.41 0.50 0.64 0.77 0.88 0.94 0.94 0.89 0.81 0.72 0.64 0.58
 ----------------------------------------------------------------------------------------------------------------------------
                                                                                               
 ----------------------------------------------------------------------------------------------------------------------------
 ----------------------------------------------------------------------------------------------------------------------------
                                                          SURVEY OF INDIA
                                                    MARINE GEODESY WING (G&RB)
                                                     HOURLY HEIGHTS IN METRES
  NAME OF PORT:- TUTUICORIN                                                                         MONTH FEBRUARY  YEAR 2020
 ----------------------------------------------------------------------------------------------------------------------------
 DAYS 0000 0001 0002 0003 0004 0005 0006 0007 0008 0009 0010 0011 0012 0013 0014 0015 0016 0017 0018 0019 0020 0021 0022 0023
 ----------------------------------------------------------------------------------------------------------------------------
  1   0.57 0.63 0.72 0.82 0.90 0.93 0.90 0.83 0.73 0.63 0.55 0.49 0.47 0.49 0.57 0.70 0.81 0.88 0.91 0.91 0.88 0.83 0.76 0.70
  2   0.66 0.65 0.67 0.73 0.80 0.86 0.89 0.88 0.82 0.73 0.63 0.54 0.49 0.49 0.53 0.60 0.68 0.76 0.82 0.85 0.86 0.85 0.82 0.76
  3   0.69 0.65 0.64 0.66 0.71 0.77 0.79 0.77 0.69 0.60 0.52 0.47 0.45 0.47 0.52 0.58 0.64 0.70 0.76 0.81 0.85 0.88 0.88 0.83
  4   0.77 0.72 0.68 0.65 0.64 0.65 0.67 0.68 0.67 0.64 0.60 0.56 0.53 0.52 0.53 0.56 0.60 0.65 0.70 0.75 0.80 0.85 0.89 0.91
  5   0.90 0.85 0.78 0.72 0.67 0.63 0.60 0.59 0.60 0.62 0.64 0.65 0.64 0.62 0.59 0.56 0.54 0.54 0.56 0.60 0.66 0.76 0.86 0.93
  6   0.96 0.95 0.89 0.81 0.72 0.64 0.57 0.52 0.51 0.53 0.56 0.60 0.65 0.69 0.69 0.64 0.58 0.53 0.50 0.52 0.58 0.68 0.80 0.94
  7   1.04 1.08 1.06 0.98 0.86 0.73 0.62 0.54 0.51 0.53 0.58 0.64 0.70 0.74 0.74 0.70 0.64 0.57 0.50 0.46 0.48 0.56 0.69 0.86
  8   1.03 1.11 1.13 1.08 0.94 0.78 0.64 0.51 0.43 0.43 0.49 0.60 0.73 0.81 0.83 0.80 0.73 0.63 0.53 0.44 0.40 0.44 0.57 0.76
  9   0.93 1.04 1.10 1.09 0.97 0.79 0.60 0.45 0.35 0.34 0.39 0.50 0.64 0.77 0.84 0.85 0.80 0.68 0.53 0.41 0.33 0.31 0.38 0.56
 10   0.76 0.92 1.03 1.06 1.00 0.85 0.66 0.50 0.36 0.30 0.32 0.42 0.55 0.70 0.84 0.93 0.94 0.85 0.69 0.56 0.46 0.40 0.39 0.48
 11   0.67 0.83 0.96 1.05 1.07 1.01 0.87 0.68 0.51 0.40 0.35 0.39 0.51 0.67 0.86 0.97 1.01 0.99 0.89 0.75 0.61 0.47 0.42 0.46
 12   0.64 0.84 0.99 1.08 1.11 1.07 0.93 0.75 0.57 0.38 0.32 0.34 0.44 0.59 0.79 0.95 1.02 1.01 0.92 0.79 0.66 0.53 0.44 0.44
 13   0.54 0.68 0.81 0.93 1.01 1.03 0.93 0.77 0.61 0.46 0.34 0.30 0.34 0.47 0.66 0.83 0.96 1.02 1.00 0.91 0.78 0.64 0.50 0.43
 14   0.47 0.57 0.70 0.85 0.94 0.96 0.93 0.83 0.68 0.53 0.41 0.36 0.37 0.48 0.64 0.79 0.92 1.01 1.05 1.00 0.88 0.76 0.66 0.59
 15   0.59 0.64 0.73 0.82 0.90 0.94 0.93 0.88 0.78 0.66 0.54 0.45 0.42 0.47 0.57 0.71 0.85 0.99 1.06 1.07 1.03 0.94 0.82 0.72
 16   0.67 0.66 0.68 0.74 0.82 0.87 0.88 0.86 0.80 0.71 0.61 0.52 0.48 0.49 0.58 0.69 0.80 0.90 0.97 0.99 0.98 0.93 0.86 0.79
 17   0.74 0.71 0.70 0.71 0.73 0.77 0.79 0.78 0.74 0.68 0.62 0.56 0.51 0.49 0.53 0.59 0.66 0.73 0.79 0.84 0.87 0.88 0.87 0.84
 18   0.79 0.74 0.69 0.66 0.65 0.65 0.66 0.68 0.69 0.68 0.66 0.63 0.60 0.57 0.55 0.55 0.56 0.59 0.63 0.68 0.73 0.78 0.82 0.84
 19   0.83 0.81 0.78 0.74 0.70 0.66 0.62 0.58 0.56 0.57 0.65 0.67 0.66 0.64 0.62 0.60 0.59 0.59 0.61 0.65 0.71 0.79 0.88 0.94
 20   0.96 0.95 0.89 0.79 0.69 0.59 0.52 0.49 0.49 0.52 0.58 0.64 0.69 0.72 0.72 0.69 0.64 0.58 0.53 0.50 0.53 0.62 0.72 0.83
 21   0.93 0.96 0.93 0.86 0.76 0.65 0.56 0.49 0.44 0.43 0.49 0.58 0.66 0.72 0.75 0.73 0.66 0.56 0.46 0.38 0.36 0.43 0.56 0.71
 22   0.87 0.98 0.98 0.89 0.75 0.59 0.48 0.41 0.38 0.38 0.41 0.48 0.59 0.72 0.82 0.86 0.82 0.73 0.61 0.48 0.36 0.34 0.42 0.55
 23   0.70 0.84 0.94 0.96 0.91 0.80 0.65 0.51 0.40 0.33 0.34 0.48 0.69 0.84 0.93 0.95 0.90 0.79 0.64 0.50 0.42 0.44 0.53 0.67
 24   0.84 0.99 1.07 1.08 1.01 0.83 0.64 0.47 0.35 0.31 0.35 0.46 0.60 0.75 0.90 1.00 0.98 0.86 0.70 0.53 0.40 0.35 0.40 0.54
 25   0.74 0.91 1.03 1.08 1.05 0.94 0.76 0.57 0.42 0.33 0.34 0.44 0.58 0.74 0.90 1.00 1.02 0.96 0.84 0.67 0.52 0.42 0.42 0.54
 26   0.70 0.85 0.98 1.08 1.08 1.00 0.83 0.66 0.50 0.36 0.33 0.39 0.51 0.66 0.82 0.98 1.05 1.01 0.90 0.76 0.62 0.50 0.45 0.49
 27   0.60 0.76 0.91 1.03 1.09 1.05 0.93 0.76 0.58 0.44 0.38 0.41 0.54 0.70 0.86 1.00 1.08 1.10 1.02 0.88 0.74 0.62 0.53 0.52
 28   0.62 0.78 0.93 1.03 1.08 1.04 0.95 0.82 0.66 0.54 0.46 0.43 0.47 0.63 0.81 0.94 1.02 1.05 1.02 0.93 0.79 0.66 0.56 0.51
 29   0.54 0.62 0.74 0.86 0.94 0.94 0.86 0.74 0.61 0.48 0.38 0.36 0.43 0.55 0.68 0.80 0.90 0.96 0.94 0.85 0.73 0.61 0.51 0.46
 ----------------------------------------------------------------------------------------------------------------------------
                                                                                               
 ----------------------------------------------------------------------------------------------------------------------------
 ----------------------------------------------------------------------------------------------------------------------------
                                                          SURVEY OF INDIA
                                                    MARINE GEODESY WING (G&RB)
                                                     HOURLY HEIGHTS IN METRES
  NAME OF PORT:- TUTUICORIN                                                                         MONTH MARCH     YEAR 2020
 ----------------------------------------------------------------------------------------------------------------------------
 DAYS 0000 0001 0002 0003 0004 0005 0006 0007 0008 0009 0010 0011 0012 0013 0014 0015 0016 0017 0018 0019 0020 0021 0022 0023
 ----------------------------------------------------------------------------------------------------------------------------
  1   0.50 0.59 0.69 0.79 0.87 0.90 0.85 0.73 0.62 0.53 0.47 0.44 0.47 0.55 0.66 0.77 0.87 0.94 0.96 0.92 0.83 0.74 0.66 0.60
  2   0.56 0.57 0.64 0.72 0.79 0.84 0.85 0.80 0.71 0.62 0.55 0.51 0.50 0.52 0.59 0.69 0.80 0.90 0.98 1.00 0.97 0.90 0.82 0.75
  3   0.71 0.72 0.75 0.78 0.81 0.84 0.86 0.84 0.77 0.69 0.62 0.57 0.56 0.60 0.69 0.78 0.86 0.92 0.96 0.97 0.95 0.90 0.84 0.79
  4   0.76 0.75 0.76 0.78 0.80 0.81 0.78 0.74 0.70 0.66 0.63 0.61 0.60 0.61 0.65 0.70 0.75 0.79 0.83 0.86 0.89 0.91 0.92 0.90
  5   0.85 0.80 0.75 0.71 0.69 0.68 0.68 0.69 0.70 0.70 0.68 0.65 0.62 0.60 0.59 0.60 0.62 0.65 0.68 0.71 0.75 0.79 0.83 0.87
  6   0.91 0.93 0.90 0.82 0.74 0.67 0.62 0.59 0.59 0.62 0.66 0.70 0.74 0.77 0.78 0.77 0.73 0.68 0.64 0.63 0.67 0.76 0.89 1.02
  7   1.08 1.08 1.01 0.91 0.80 0.69 0.60 0.55 0.54 0.59 0.66 0.74 0.81 0.84 0.82 0.76 0.69 0.62 0.56 0.53 0.56 0.67 0.81 0.96
  8   1.06 1.09 1.06 0.97 0.82 0.67 0.53 0.46 0.44 0.48 0.60 0.72 0.82 0.90 0.92 0.87 0.77 0.67 0.57 0.48 0.44 0.50 0.64 0.82
  9   0.96 1.04 1.06 1.03 0.92 0.74 0.58 0.44 0.38 0.39 0.45 0.59 0.74 0.86 0.93 0.94 0.90 0.78 0.63 0.48 0.37 0.35 0.42 0.58
 10   0.80 0.99 1.09 1.10 1.05 0.93 0.75 0.56 0.41 0.33 0.38 0.50 0.68 0.88 1.04 1.10 1.07 0.97 0.82 0.63 0.50 0.44 0.44 0.52
 11   0.73 0.92 1.07 1.15 1.14 1.06 0.87 0.66 0.49 0.37 0.36 0.47 0.63 0.82 1.02 1.15 1.15 1.06 0.92 0.74 0.55 0.43 0.41 0.48
 12   0.66 0.84 0.99 1.10 1.14 1.07 0.90 0.70 0.52 0.37 0.32 0.36 0.49 0.67 0.91 1.11 1.16 1.12 1.00 0.81 0.63 0.49 0.40 0.40
 13   0.52 0.68 0.86 1.02 1.08 1.06 0.96 0.77 0.58 0.41 0.30 0.31 0.43 0.59 0.77 0.96 1.07 1.09 1.05 0.92 0.75 0.58 0.46 0.42
 14   0.46 0.55 0.68 0.82 0.94 0.98 0.90 0.77 0.63 0.48 0.36 0.34 0.39 0.53 0.80 0.99 1.09 1.10 1.04 0.91 0.75 0.61 0.51 0.48
 15   0.54 0.64 0.74 0.84 0.90 0.91 0.84 0.72 0.60 0.49 0.41 0.37 0.41 0.52 0.68 0.85 0.96 1.02 1.02 0.96 0.85 0.74 0.63 0.54
 16   0.51 0.57 0.65 0.73 0.79 0.82 0.81 0.76 0.68 0.60 0.53 0.48 0.46 0.49 0.60 0.75 0.87 0.95 0.99 0.99 0.93 0.84 0.74 0.65
 17   0.58 0.57 0.59 0.63 0.68 0.74 0.79 0.80 0.76 0.68 0.60 0.55 0.53 0.54 0.57 0.63 0.70 0.76 0.81 0.84 0.84 0.82 0.78 0.73
 18   0.70 0.70 0.71 0.72 0.72 0.71 0.69 0.66 0.64 0.64 0.73 0.73 0.70 0.67 0.66 0.67 0.70 0.74 0.79 0.84 0.88 0.90 0.90 0.89
 19   0.86 0.82 0.78 0.75 0.72 0.70 0.68 0.67 0.67 0.69 0.73 0.80 0.84 0.84 0.81 0.78 0.76 0.75 0.76 0.79 0.83 0.88 0.93 0.98
 20   1.00 0.98 0.92 0.84 0.77 0.70 0.65 0.62 0.62 0.65 0.70 0.75 0.80 0.84 0.86 0.85 0.80 0.74 0.68 0.65 0.66 0.73 0.82 0.90
 21   0.96 0.99 0.97 0.91 0.82 0.70 0.60 0.53 0.51 0.54 0.64 0.76 0.85 0.90 0.91 0.87 0.78 0.67 0.57 0.52 0.53 0.60 0.71 0.84
 22   0.97 1.05 1.06 0.98 0.82 0.68 0.55 0.45 0.42 0.44 0.55 0.69 0.82 0.92 0.96 0.94 0.85 0.74 0.64 0.55 0.50 0.51 0.62 0.77
 23   0.91 1.01 1.05 1.01 0.89 0.75 0.59 0.44 0.37 0.38 0.51 0.66 0.80 0.92 0.99 0.98 0.88 0.75 0.62 0.50 0.42 0.43 0.52 0.68
 24   0.88 1.01 1.07 1.05 0.97 0.82 0.64 0.47 0.37 0.37 0.46 0.60 0.75 0.90 1.01 1.05 0.99 0.85 0.69 0.54 0.43 0.41 0.47 0.59
 25   0.78 0.96 1.07 1.09 1.02 0.88 0.70 0.53 0.41 0.36 0.42 0.54 0.70 0.88 1.02 1.09 1.07 0.98 0.79 0.61 0.46 0.36 0.36 0.51
 26   0.71 0.88 1.00 1.06 1.04 0.92 0.76 0.58 0.44 0.36 0.37 0.48 0.63 0.79 0.97 1.10 1.13 1.06 0.90 0.73 0.58 0.45 0.40 0.51
 27   0.66 0.82 0.95 1.04 1.06 0.99 0.86 0.69 0.54 0.44 0.43 0.52 0.67 0.86 1.02 1.15 1.21 1.15 1.00 0.83 0.67 0.55 0.52 0.56
 28   0.67 0.80 0.94 1.03 1.06 1.01 0.87 0.71 0.57 0.47 0.44 0.49 0.61 0.76 0.92 1.06 1.14 1.13 1.04 0.91 0.75 0.58 0.48 0.50
 29   0.59 0.71 0.84 0.94 1.00 1.00 0.92 0.79 0.65 0.52 0.43 0.43 0.52 0.66 0.83 0.98 1.10 1.14 1.09 0.97 0.83 0.68 0.55 0.48
 30   0.52 0.63 0.75 0.86 0.93 0.95 0.93 0.85 0.72 0.58 0.49 0.50 0.58 0.70 0.85 1.00 1.10 1.14 1.12 1.04 0.92 0.80 0.70 0.62
 31
 ----------------------------------------------------------------------------------------------------------------------------
                                                                                               
 ----------------------------------------------------------------------------------------------------------------------------
 ----------------------------------------------------------------------------------------------------------------------------
                                                          SURVEY OF INDIA
                                                    MARINE GEODESY WING (G&RB)
                                                     HOURLY HEIGHTS IN METRES
  NAME OF PORT:- TUTUICORIN                                                                         MONTH APRIL     YEAR 2020
 ----------------------------------------------------------------------------------------------------------------------------
 DAYS 0000 0001 0002 0003 0004 0005 0006 0007 0008 0009 0010 0011 0012 0013 0014 0015 0016 0017 0018 0019 0020 0021 0022 0023
 ----------------------------------------------------------------------------------------------------------------------------
  1
  2
  3
  4
  5
  6
  7
  8
  9
 10
 11
 12
 13
 14
 15
 16
 17
 18
 19
 20
 21
 22
 23
 24
 25
 26   0.72 0.85 0.96 0.99 0.95 0.84 0.71 0.58 0.46 0.40 0.45 0.59 0.75 0.90 1.05 1.15 1.14 1.06 0.95 0.81 0.65 0.52 0.47 0.50
 27   0.60 0.72 0.83 0.90 0.91 0.86 0.77 0.66 0.55 0.47 0.44 0.50 0.63 0.79 0.93 1.05 1.13 1.13 1.03 0.89 0.74 0.59 0.49 0.50
 28   0.57 0.66 0.76 0.85 0.88 0.85 0.77 0.65 0.54 0.46 0.44 0.48 0.60 0.73 0.85 0.96 1.03 1.04 0.99 0.88 0.75 0.63 0.54 0.49
 29   0.51 0.58 0.66 0.74 0.79 0.80 0.76 0.69 0.62 0.56 0.52 0.52 0.57 0.66 0.77 0.88 0.97 1.01 1.00 0.95 0.87 0.77 0.68 0.64
 30   0.64 0.67 0.72 0.76 0.78 0.78 0.76 0.72 0.66 0.60 0.54 0.52 0.54 0.60 0.67 0.75 0.83 0.89 0.91 0.90 0.85 0.75 0.67 0.62
 ----------------------------------------------------------------------------------------------------------------------------
                                                                                               
 ----------------------------------------------------------------------------------------------------------------------------
 ----------------------------------------------------------------------------------------------------------------------------
                                                          SURVEY OF INDIA
                                                    MARINE GEODESY WING (G&RB)
                                                     HOURLY HEIGHTS IN METRES
  NAME OF PORT:- TUTUICORIN                                                                         MONTH MAY       YEAR 2020
 ----------------------------------------------------------------------------------------------------------------------------
 DAYS 0000 0001 0002 0003 0004 0005 0006 0007 0008 0009 0010 0011 0012 0013 0014 0015 0016 0017 0018 0019 0020 0021 0022 0023
 ----------------------------------------------------------------------------------------------------------------------------
  1   0.59 0.59 0.61 0.64 0.67 0.70 0.71 0.69 0.66 0.63 0.60 0.59 0.60 0.62 0.65 0.69 0.73 0.78 0.83 0.87 0.89 0.89 0.85 0.80
  2   0.75 0.70 0.65 0.61 0.59 0.59 0.60 0.62 0.65 0.68 0.71 0.73 0.74 0.73 0.70 0.67 0.66 0.67 0.70 0.74 0.78 0.80 0.81 0.80
  3   0.76 0.70 0.63 0.56 0.50 0.47 0.48 0.53 0.63 0.73 0.79 0.83 0.85 0.85 0.82 0.77 0.71 0.66 0.63 0.64 0.69 0.76 0.83 0.89
  4   0.90 0.86 0.78 0.69 0.60 0.53 0.49 0.50 0.56 0.67 0.79 0.90 0.96 0.97 0.93 0.86 0.77 0.67 0.59 0.55 0.58 0.66 0.78 0.90
  5   1.00 1.04 1.00 0.88 0.73 0.60 0.52 0.49 0.53 0.67 0.84 0.97 1.07 1.13 1.12 1.01 0.88 0.74 0.63 0.57 0.56 0.60 0.69 0.84
  6   0.98 1.04 1.00 0.89 0.74 0.58 0.44 0.36 0.40 0.55 0.75 0.94 1.12 1.22 1.22 1.15 1.02 0.84 0.67 0.55 0.49 0.49 0.58 0.72
  7   0.86 0.97 1.01 0.96 0.83 0.67 0.48 0.32 0.32 0.43 0.60 0.80 1.04 1.18 1.23 1.19 1.07 0.86 0.69 0.56 0.49 0.50 0.58 0.69
  8   0.83 0.96 1.02 0.99 0.86 0.70 0.54 0.39 0.32 0.38 0.54 0.74 0.94 1.13 1.25 1.27 1.22 1.07 0.88 0.72 0.59 0.51 0.52 0.60
  9   0.72 0.87 0.97 0.99 0.93 0.80 0.64 0.48 0.38 0.36 0.44 0.58 0.77 0.98 1.13 1.22 1.20 1.07 0.91 0.73 0.57 0.47 0.46 0.52
 10   0.62 0.74 0.86 0.91 0.88 0.80 0.67 0.52 0.41 0.37 0.40 0.51 0.69 0.87 1.04 1.15 1.18 1.13 1.01 0.83 0.65 0.54 0.49 0.49
 11   0.54 0.65 0.77 0.84 0.86 0.82 0.72 0.60 0.48 0.39 0.35 0.39 0.54 0.70 0.85 0.97 1.05 1.05 0.95 0.82 0.68 0.55 0.46 0.44
 12   0.52 0.63 0.72 0.79 0.82 0.81 0.75 0.67 0.59 0.51 0.45 0.46 0.57 0.70 0.82 0.92 1.00 1.04 1.03 0.96 0.86 0.74 0.62 0.58
 13   0.60 0.66 0.73 0.80 0.85 0.86 0.84 0.78 0.71 0.65 0.60 0.57 0.57 0.62 0.72 0.84 0.94 1.00 1.02 1.01 0.95 0.85 0.75 0.68
 14   0.64 0.63 0.67 0.73 0.78 0.82 0.84 0.84 0.82 0.78 0.72 0.67 0.67 0.71 0.78 0.86 0.92 0.96 0.97 0.96 0.92 0.84 0.75 0.68
 15   0.64 0.63 0.64 0.66 0.69 0.72 0.75 0.78 0.81 0.83 0.82 0.78 0.74 0.73 0.74 0.76 0.79 0.82 0.86 0.89 0.90 0.88 0.83 0.78
 16   0.73 0.68 0.64 0.61 0.60 0.60 0.61 0.64 0.68 0.72 0.76 0.79 0.80 0.80 0.78 0.75 0.72 0.72 0.75 0.80 0.86 0.91 0.94 0.92
 17   0.85 0.77 0.70 0.65 0.62 0.61 0.62 0.65 0.70 0.76 0.83 0.88 0.91 0.92 0.89 0.84 0.79 0.75 0.73 0.74 0.77 0.82 0.88 0.93
 18   0.92 0.86 0.79 0.72 0.65 0.59 0.56 0.56 0.59 0.67 0.78 0.91 0.99 0.99 0.93 0.81 0.70 0.61 0.56 0.56 0.62 0.71 0.82 0.91
 19   0.95 0.92 0.80 0.68 0.58 0.50 0.45 0.46 0.52 0.64 0.80 0.93 1.02 1.04 0.99 0.88 0.76 0.65 0.55 0.49 0.49 0.56 0.68 0.81
 20   0.89 0.90 0.86 0.77 0.65 0.54 0.47 0.45 0.49 0.60 0.73 0.85 0.96 1.03 1.03 0.96 0.84 0.72 0.61 0.53 0.50 0.52 0.60 0.71
 21   0.82 0.87 0.87 0.81 0.70 0.56 0.43 0.35 0.35 0.43 0.60 0.76 0.89 0.96 0.97 0.93 0.82 0.68 0.53 0.40 0.34 0.36 0.45 0.58
 22   0.73 0.84 0.85 0.78 0.65 0.51 0.39 0.32 0.31 0.39 0.54 0.69 0.85 0.99 1.06 1.04 0.94 0.81 0.66 0.50 0.39 0.35 0.38 0.51
 23   0.67 0.81 0.88 0.86 0.77 0.64 0.50 0.39 0.34 0.37 0.49 0.65 0.82 0.98 1.09 1.11 1.04 0.88 0.69 0.53 0.42 0.39 0.45 0.57
 24
 25
 26
 27
 28
 29
 30
 31
 ----------------------------------------------------------------------------------------------------------------------------
                                                                                               
 ----------------------------------------------------------------------------------------------------------------------------
 ----------------------------------------------------------------------------------------------------------------------------
                                                          SURVEY OF INDIA
                                                    MARINE GEODESY WING (G&RB)
                                                     HOURLY HEIGHTS IN METRES
  NAME OF PORT:- TUTUICORIN                                                                         MONTH JUNE      YEAR 2020
 ----------------------------------------------------------------------------------------------------------------------------
 DAYS 0000 0001 0002 0003 0004 0005 0006 0007 0008 0009 0010 0011 0012 0013 0014 0015 0016 0017 0018 0019 0020 0021 0022 0023
 ----------------------------------------------------------------------------------------------------------------------------
  1
  2
  3   0.82 0.79 0.72 0.63 0.54 0.46 0.42 0.45 0.53 0.66 0.82 0.97 1.08 1.11 1.06 0.97 0.85 0.74 0.64 0.58 0.58 0.62 0.69 0.77
  4   0.83 0.83 0.77 0.68 0.56 0.45 0.36 0.33 0.38 0.50 0.68 0.83 0.95 1.03 1.04 0.96 0.83 0.69 0.57 0.49 0.45 0.46 0.54 0.66
  5   0.76 0.81 0.80 0.73 0.60 0.48 0.37 0.30 0.30 0.38 0.61 0.80 0.96 1.07 1.12 1.07 0.95 0.79 0.64 0.53 0.46 0.45 0.49 0.60
  6   0.76 0.85 0.89 0.88 0.77 0.63 0.50 0.39 0.35 0.39 0.54 0.71 0.89 1.06 1.17 1.16 1.06 0.92 0.75 0.62 0.53 0.48 0.48 0.54
  7   0.67 0.78 0.85 0.86 0.80 0.70 0.57 0.45 0.38 0.40 0.50 0.64 0.80 0.98 1.14 1.20 1.19 1.07 0.91 0.75 0.61 0.52 0.48 0.50
  8   0.57 0.69 0.82 0.90 0.89 0.80 0.68 0.56 0.46 0.41 0.45 0.55 0.70 0.88 1.04 1.14 1.17 1.10 0.96 0.80 0.65 0.54 0.47 0.46
  9   0.50 0.59 0.73 0.85 0.89 0.87 0.78 0.64 0.51 0.44 0.44 0.49 0.59 0.74 0.90 1.01 1.07 1.06 0.96 0.80 0.64 0.49 0.43 0.42
 10   0.46 0.54 0.64 0.73 0.79 0.81 0.77 0.69 0.60 0.56 0.56 0.60 0.68 0.78 0.90 1.02 1.12 1.14 1.09 0.99 0.87 0.73 0.61 0.55
 11   0.57 0.63 0.71 0.79 0.86 0.92 0.94 0.91 0.83 0.74 0.64 0.59 0.63 0.76 0.88 0.97 1.03 1.07 1.08 1.04 0.95 0.83 0.70 0.62
 12   0.60 0.62 0.67 0.75 0.83 0.90 0.95 0.96 0.93 0.87 0.79 0.73 0.72 0.75 0.82 0.91 1.01 1.09 1.12 1.08 0.99 0.88 0.77 0.68
 13   0.61 0.61 0.66 0.73 0.80 0.85 0.88 0.90 0.90 0.88 0.84 0.80 0.78 0.80 0.84 0.89 0.94 0.99 1.02 1.03 1.01 0.96 0.88 0.78
 14   0.68 0.61 0.60 0.64 0.70 0.77 0.83 0.88 0.92 0.95 0.95 0.89 0.83 0.81 0.81 0.82 0.84 0.86 0.88 0.90 0.92 0.92 0.89 0.83
 15   0.77 0.72 0.69 0.68 0.68 0.70 0.75 0.81 0.88 0.95 1.01 1.03 1.01 0.97 0.93 0.90 0.89 0.89 0.90 0.91 0.92 0.93 0.93 0.92
 16   0.90 0.87 0.82 0.76 0.71 0.70 0.75 0.83 0.91 1.00 1.07 1.10 1.08 1.04 0.99 0.94 0.89 0.84 0.81 0.80 0.82 0.86 0.91 0.93
 17   0.92 0.88 0.83 0.78 0.73 0.70 0.70 0.74 0.82 0.92 1.04 1.13 1.17 1.18 1.15 1.08 0.99 0.90 0.83 0.80 0.80 0.84 0.90 0.95
 18   0.99 0.99 0.95 0.89 0.82 0.75 0.71 0.71 0.75 0.84 0.96 1.08 1.19 1.24 1.23 1.15 1.02 0.91 0.82 0.76 0.73 0.75 0.83 0.93
 19
 20
 21
 22
 23
 24
 25
 26
 27
 28
 29
 30
 ----------------------------------------------------------------------------------------------------------------------------
                                                                                               
 ----------------------------------------------------------------------------------------------------------------------------
 ----------------------------------------------------------------------------------------------------------------------------
                                                          SURVEY OF INDIA
                                                    MARINE GEODESY WING (G&RB)
                                                     HOURLY HEIGHTS IN METRES
  NAME OF PORT:- TUTUICORIN                                                                         MONTH JULY      YEAR 2020
 ----------------------------------------------------------------------------------------------------------------------------
 DAYS 0000 0001 0002 0003 0004 0005 0006 0007 0008 0009 0010 0011 0012 0013 0014 0015 0016 0017 0018 0019 0020 0021 0022 0023
 ----------------------------------------------------------------------------------------------------------------------------
  1
  2
  3
  4
  5
  6
  7
  8
  9
 10
 11
 12
 13
 14
 15
 16
 17
 18
 19
 20
 21
 22
 23
 24
 25
 26
 27
 28
 29
 30
 31
 ----------------------------------------------------------------------------------------------------------------------------
                                                          SURVEY OF INDIA
                                                    MARINE GEODESY WING (G&RB)
                                                     HOURLY HEIGHTS IN METRES
  NAME OF PORT:- TUTUICORIN                                                                         MONTH AUGUST    YEAR 2020
 ----------------------------------------------------------------------------------------------------------------------------
 DAYS 0000 0001 0002 0003 0004 0005 0006 0007 0008 0009 0010 0011 0012 0013 0014 0015 0016 0017 0018 0019 0020 0021 0022 0023
 ----------------------------------------------------------------------------------------------------------------------------
  1
  2
  3
  4
  5
  6
  7
  8
  9
 10
 11
 12
 13
 14
 15
 16
 17
 18
 19
 20
 21
 22
 23
 24
 25
 26
 27
 28
 29
 30
 31
 ----------------------------------------------------------------------------------------------------------------------------
                                                          SURVEY OF INDIA
                                                    MARINE GEODESY WING (G&RB)
                                                     HOURLY HEIGHTS IN METRES
  NAME OF PORT:- TUTUICORIN                                                                         MONTH SEPT      YEAR 2020
 ----------------------------------------------------------------------------------------------------------------------------
 DAYS 0000 0001 0002 0003 0004 0005 0006 0007 0008 0009 0010 0011 0012 0013 0014 0015 0016 0017 0018 0019 0020 0021 0022 0023
 ----------------------------------------------------------------------------------------------------------------------------
  1
  2
  3
  4
  5
  6
  7
  8
  9
 10
 11
 12
 13
 14
 15
 16
 17
 18
 19
 20
 21
 22
 23
 24
 25
 26
 27
 28
 29
 30
 ----------------------------------------------------------------------------------------------------------------------------
                                                          SURVEY OF INDIA
                                                    MARINE GEODESY WING (G&RB)
                                                     HOURLY HEIGHTS IN METRES
  NAME OF PORT:- TUTUICORIN                                                                         MONTH OCTOBER   YEAR 2020
 ----------------------------------------------------------------------------------------------------------------------------
 DAYS 0000 0001 0002 0003 0004 0005 0006 0007 0008 0009 0010 0011 0012 0013 0014 0015 0016 0017 0018 0019 0020 0021 0022 0023
 ----------------------------------------------------------------------------------------------------------------------------
  1
  2
  3
  4
  5
  6
  7
  8
  9
 10
 11
 12
 13
 14
 15
 16
 17
 18
 19
 20
 21
 22
 23
 24
 25
 26
 27
 28
 29
 30
 31
 ----------------------------------------------------------------------------------------------------------------------------
                                                          SURVEY OF INDIA
                                                    MARINE GEODESY WING (G&RB)
                                                     HOURLY HEIGHTS IN METRES
  NAME OF PORT:- TUTUICORIN                                                                         MONTH NOVEMBER  YEAR 2020
 ----------------------------------------------------------------------------------------------------------------------------
 DAYS 0000 0001 0002 0003 0004 0005 0006 0007 0008 0009 0010 0011 0012 0013 0014 0015 0016 0017 0018 0019 0020 0021 0022 0023
 ----------------------------------------------------------------------------------------------------------------------------
  1
  2
  3
  4
  5
  6
  7
  8
  9
 10
 11
 12
 13
 14
 15
 16
 17
 18
 19
 20
 21
 22
 23
 24
 25
 26
 27
 28
 29
 30
 ----------------------------------------------------------------------------------------------------------------------------
                                                          SURVEY OF INDIA
                                                    MARINE GEODESY WING (G&RB)
                                                     HOURLY HEIGHTS IN METRES
  NAME OF PORT:- TUTUICORIN                                                                         MONTH DECEMBER  YEAR 2020
 ----------------------------------------------------------------------------------------------------------------------------
 DAYS 0000 0001 0002 0003 0004 0005 0006 0007 0008 0009 0010 0011 0012 0013 0014 0015 0016 0017 0018 0019 0020 0021 0022 0023
 ----------------------------------------------------------------------------------------------------------------------------
  1
  2
  3
  4
  5
  6
  7
  8
  9
 10
 11
 12
 13
 14
 15
 16
 17
 18
 19
 20
 21
 22
 23
 24
 25
 26
 27
 28
 29
 30
 31
 ----------------------------------------------------------------------------------------------------------------------------
