


                                                          SURVEY OF INDIA
                                                    MARINE GEODESY WING (G&RB)
                                                     HOURLY HEIGHTS IN METRES
  NAME OF PORT:- PARADIP                                                                            MONTH JANUARY   YEAR 2022
 ----------------------------------------------------------------------------------------------------------------------------
 DAYS 0000 0001 0002 0003 0004 0005 0006 0007 0008 0009 0010 0011 0012 0013 0014 0015 0016 0017 0018 0019 0020 0021 0022 0023
 ----------------------------------------------------------------------------------------------------------------------------
  1   1.40 1.18 1.13 1.28 1.51 1.82 2.11 2.32 2.34 2.14 1.79 1.40 1.03 0.81 0.80 1.01 1.35 1.79 2.23 2.58 2.77 2.68 2.42 1.98
  2   1.54 1.19 0.98 1.02 1.20 1.52 1.88 2.20 2.40 2.38 2.12 1.74 1.30 0.93 0.70 0.78 1.00 1.40 1.90 2.38 2.73 2.86 2.72 2.37
  3   1.93 1.45 1.09 0.92 1.00 1.22 1.59 1.96 2.30 2.44 2.34 2.06 1.62 1.20 0.85 0.69 0.79 1.07 1.52 2.06 2.52 2.81 2.86 2.66
  4   2.27 1.74 1.29 0.95 0.84 0.94 1.24 1.62 2.04 2.36 2.48 2.34 2.03 1.58 1.17 0.85 0.72 0.87 1.18 1.65 2.17 2.59 2.82 2.83
  5   2.59 2.17 1.69 1.25 0.95 0.88 1.02 1.34 1.73 2.31 2.49 2.42 2.24 1.93 1.53 1.12 0.87 0.83 0.98 1.29 1.75 2.21 2.58 2.77
  6   2.73 2.51 2.09 1.64 1.23 0.97 0.93 1.09 1.41 1.78 2.11 2.32 2.35 2.18 1.85 1.50 1.18 0.99 0.98 1.13 1.42 1.83 2.25 2.55
  7   2.69 2.63 2.37 2.00 1.58 1.23 1.00 0.99 1.15 1.42 1.75 2.04 2.22 2.24 2.09 1.83 1.50 1.25 1.10 1.14 1.29 1.55 1.89 2.20
  8   2.42 2.51 2.38 2.12 1.77 1.43 1.17 1.07 1.12 1.30 1.55 1.81 2.04 2.17 2.15 2.02 1.79 1.53 1.33 1.25 1.28 1.42 1.65 1.91
  9   2.15 2.31 2.34 2.24 2.01 1.71 1.43 1.24 1.19 1.26 1.42 1.63 1.84 2.03 2.12 2.09 1.96 1.78 1.60 1.44 1.38 1.41 1.55 1.73
 10   1.93 2.10 2.20 2.19 2.07 1.85 1.63 1.40 1.26 1.24 1.30 1.46 1.64 1.84 2.00 2.07 2.07 1.97 1.82 1.65 1.54 1.48 1.49 1.57
 11   1.73 1.97 2.07 2.09 2.03 1.92 1.74 1.54 1.39 1.32 1.32 1.40 1.54 1.74 1.93 2.07 2.15 2.14 2.06 1.92 1.76 1.62 1.51 1.48
 12   1.58 1.70 1.83 1.94 2.00 1.98 1.89 1.76 1.59 1.44 1.36 1.33 1.39 1.54 1.70 1.89 2.04 2.14 2.17 2.11 1.97 1.81 1.65 1.54
 13   1.52 1.56 1.64 1.76 1.85 1.95 1.95 1.89 1.75 1.58 1.42 1.31 1.28 1.35 1.47 1.64 1.85 2.05 2.18 2.24 2.17 2.03 1.83 1.64
 14   1.50 1.44 1.47 1.56 1.68 1.81 1.91 1.94 1.87 1.73 1.55 1.36 1.23 1.21 1.29 1.46 1.68 1.94 2.16 2.30 2.32 2.22 2.02 1.76
 15   1.54 1.39 1.36 1.41 1.55 1.72 1.89 2.00 2.01 1.93 1.73 1.47 1.26 1.16 1.18 1.30 1.51 1.80 2.08 2.30 2.40 2.35 2.18 1.92
 16   1.64 1.38 1.25 1.25 1.36 1.54 1.77 1.97 2.08 2.03 1.86 1.60 1.28 1.09 1.04 1.12 1.29 1.58 1.92 2.23 2.44 2.45 2.33 2.08
 17   1.78 1.46 1.22 1.16 1.22 1.42 1.66 1.89 2.07 2.14 2.02 1.79 1.44 1.15 0.96 0.95 1.08 1.34 1.68 2.08 2.37 2.53 2.49 2.30
 18   1.99 1.64 1.32 0.99 0.97 1.15 1.47 1.76 2.03 2.21 2.17 1.94 1.65 1.30 1.01 0.88 0.93 1.17 1.51 1.91 2.28 2.52 2.58 2.46
 19   2.17 1.80 1.38 1.05 0.98 1.06 1.27 1.60 1.91 2.13 2.20 2.11 1.85 1.51 1.17 0.92 0.85 0.99 1.26 1.62 2.03 2.38 2.56 2.53
 20   2.33 1.98 1.60 1.25 1.04 1.01 1.15 1.43 1.75 2.04 2.20 2.19 1.98 1.67 1.29 0.99 0.83 0.89 1.09 1.43 1.82 2.21 2.48 2.53
 21   2.40 2.12 1.73 1.34 1.03 0.89 0.98 1.21 1.53 1.83 2.13 2.22 2.13 1.87 1.53 1.21 0.95 0.87 0.99 1.23 1.58 1.96 2.28 2.47
 22   2.45 2.26 1.92 1.53 1.17 0.93 0.91 1.07 1.33 1.65 1.94 2.13 2.20 2.07 1.81 1.47 1.17 0.98 0.98 1.13 1.40 1.74 2.07 2.33
 23   2.43 2.36 2.10 1.76 1.38 1.07 0.92 0.95 1.13 1.44 1.75 2.02 2.17 2.16 1.99 1.72 1.41 1.17 1.06 1.10 1.27 1.54 1.86 2.14
 24   2.31 2.37 2.23 1.94 1.58 1.27 1.05 0.97 1.05 1.23 1.52 1.82 2.07 2.20 2.17 2.00 1.76 1.50 1.30 1.22 1.27 1.44 1.67 1.91
 25   2.13 2.27 2.27 2.13 1.87 1.58 1.30 1.10 1.04 1.12 1.29 1.54 1.81 2.05 2.19 2.17 2.02 1.81 1.60 1.42 1.34 1.36 1.47 1.65
 26   1.84 2.03 2.15 2.15 2.03 1.83 1.56 1.33 1.16 1.09 1.17 1.35 1.59 1.83 2.06 2.19 2.21 2.11 1.93 1.72 1.53 1.41 1.39 1.47
 27   1.62 1.79 1.95 2.04 2.04 1.95 1.78 1.54 1.32 1.15 1.09 1.14 1.29 1.50 1.76 2.00 2.16 2.24 2.17 2.02 1.80 1.60 1.42 1.34
 28   1.37 1.48 1.62 1.79 1.93 2.01 1.96 1.82 1.60 1.35 1.14 1.05 1.08 1.19 1.41 1.69 1.97 2.20 2.33 2.30 2.16 1.93 1.65 1.41
 29   1.27 1.25 1.34 1.49 1.68 1.89 2.03 2.02 1.87 1.64 1.37 1.11 0.94 0.95 1.08 1.33 1.67 2.03 2.30 2.44 2.39 2.19 1.89 1.56
 30   1.29 1.10 1.06 1.16 1.38 1.63 1.90 2.07 2.10 1.95 1.68 1.35 1.05 0.83 0.83 0.98 1.27 1.67 2.09 2.40 2.53 2.47 2.21 1.85
 31   1.43 1.00 0.88 0.90 1.05 1.35 1.68 2.00 2.19 2.23 2.02 1.69 1.30 0.94 0.74 0.76 0.95 1.29 1.75 2.20 2.51 2.63 2.51 2.21
 ----------------------------------------------------------------------------------------------------------------------------
                                                                                               
 ----------------------------------------------------------------------------------------------------------------------------
 ----------------------------------------------------------------------------------------------------------------------------
                                                          SURVEY OF INDIA
                                                    MARINE GEODESY WING (G&RB)
                                                     HOURLY HEIGHTS IN METRES
  NAME OF PORT:- PARADIP                                                                            MONTH FEBRUARY  YEAR 2022
 ----------------------------------------------------------------------------------------------------------------------------
 DAYS 0000 0001 0002 0003 0004 0005 0006 0007 0008 0009 0010 0011 0012 0013 0014 0015 0016 0017 0018 0019 0020 0021 0022 0023
 ----------------------------------------------------------------------------------------------------------------------------
  1   1.76 1.32 0.98 0.79 0.84 1.05 1.36 1.71 2.04 2.26 2.24 2.01 1.59 1.16 0.80 0.62 0.72 0.99 1.42 1.87 2.31 2.63 2.66 2.48
  2   2.13 1.65 1.18 0.82 0.70 0.80 1.06 1.44 1.83 2.17 2.31 2.19 1.90 1.49 1.06 0.73 0.65 0.77 1.09 1.55 2.03 2.43 2.65 2.60
  3   2.36 1.96 1.48 1.05 0.74 0.69 0.86 1.19 1.60 2.00 2.28 2.33 2.15 1.80 1.39 1.01 0.79 0.77 0.99 1.32 1.76 2.19 2.51 2.60
  4   2.47 2.17 1.74 1.29 0.90 0.74 0.80 1.05 1.42 1.83 2.17 2.35 2.28 2.03 1.68 1.27 0.98 0.83 0.90 1.14 1.50 1.93 2.29 2.51
  5   2.47 2.29 1.94 1.54 1.14 0.85 0.78 0.91 1.18 1.55 1.91 2.16 2.25 2.16 1.94 1.62 1.30 1.10 1.02 1.10 1.32 1.66 2.00 2.27
  6   2.40 2.33 2.08 1.76 1.39 1.07 0.91 0.93 1.07 1.35 1.69 2.00 2.19 2.23 2.09 1.86 1.57 1.30 1.13 1.10 1.21 1.43 1.68 1.97
  7   2.15 2.19 2.08 1.87 1.58 1.30 1.08 1.00 1.05 1.25 1.49 1.76 1.99 2.12 2.12 2.01 1.82 1.57 1.37 1.24 1.24 1.34 1.51 1.71
  8   1.89 2.01 2.02 1.90 1.71 1.49 1.30 1.16 1.13 1.21 1.36 1.56 1.76 1.92 2.00 1.98 1.88 1.74 1.58 1.44 1.36 1.35 1.45 1.57
  9   1.70 1.82 1.87 1.83 1.72 1.58 1.43 1.28 1.19 1.17 1.22 1.35 1.51 1.66 1.80 1.86 1.87 1.82 1.72 1.61 1.51 1.45 1.44 1.48
 10   1.55 1.62 1.68 1.71 1.69 1.62 1.52 1.41 1.31 1.24 1.23 1.29 1.38 1.50 1.63 1.75 1.82 1.86 1.85 1.78 1.69 1.58 1.49 1.43
 11   1.42 1.44 1.49 1.55 1.60 1.62 1.59 1.54 1.47 1.39 1.33 1.28 1.28 1.34 1.45 1.58 1.71 1.83 1.91 1.92 1.88 1.78 1.66 1.52
 12   1.42 1.36 1.37 1.43 1.52 1.60 1.66 1.68 1.63 1.53 1.41 1.29 1.20 1.17 1.25 1.39 1.57 1.77 1.93 2.03 2.03 1.91 1.74 1.53
 13   1.35 1.25 1.23 1.31 1.44 1.60 1.71 1.78 1.77 1.69 1.51 1.34 1.17 1.07 1.09 1.22 1.41 1.67 1.95 2.13 2.17 2.09 1.91 1.66
 14   1.41 1.20 1.11 1.13 1.26 1.46 1.64 1.79 1.87 1.83 1.68 1.45 1.20 1.01 0.96 1.00 1.19 1.47 1.88 2.15 2.28 2.24 2.07 1.82
 15   1.51 1.23 1.06 1.06 1.17 1.39 1.65 1.91 2.01 2.00 1.88 1.62 1.31 1.03 0.86 0.87 1.05 1.34 1.73 2.09 2.35 2.43 2.31 2.05
 16   1.72 1.35 1.04 0.92 1.00 1.20 1.52 1.84 2.11 2.19 2.08 1.84 1.49 1.14 0.87 0.78 0.92 1.21 1.58 2.03 2.37 2.54 2.47 2.24
 17   1.87 1.46 1.10 0.86 0.83 1.01 1.32 1.72 2.06 2.29 2.30 2.11 1.79 1.38 1.02 0.80 0.82 1.04 1.39 1.83 2.25 2.54 2.60 2.45
 18   2.15 1.71 1.29 0.96 0.82 0.91 1.19 1.56 1.97 2.26 2.42 2.31 2.05 1.65 1.25 0.91 0.78 0.91 1.19 1.60 2.05 2.41 2.62 2.58
 19   2.32 1.94 1.48 1.06 0.80 0.77 0.96 1.31 1.74 2.15 2.39 2.42 2.23 1.89 1.46 1.06 0.85 0.86 1.07 1.40 1.84 2.25 2.52 2.58
 20   2.43 2.09 1.68 1.23 0.94 0.79 0.86 1.12 1.48 2.03 2.35 2.52 2.45 2.21 1.81 1.39 1.07 0.92 0.99 1.26 1.61 1.99 2.31 2.48
 21   2.45 2.23 1.87 1.44 1.04 0.81 0.78 0.96 1.27 1.65 2.04 2.33 2.44 2.33 2.06 1.71 1.36 1.11 1.04 1.15 1.41 1.73 2.09 2.35
 22   2.45 2.36 2.11 1.78 1.40 1.07 0.90 0.92 1.11 1.41 1.77 2.10 2.32 2.37 2.23 1.99 1.66 1.36 1.16 1.14 1.25 1.49 1.75 2.03
 23   2.23 2.28 2.18 1.96 1.64 1.31 1.07 0.95 1.01 1.19 1.48 1.80 2.07 2.24 2.27 2.17 1.95 1.67 1.43 1.28 1.25 1.34 1.51 1.71
 24   1.91 2.03 2.05 1.96 1.78 1.53 1.29 1.12 1.06 1.11 1.25 1.47 1.72 1.96 2.12 2.17 2.09 1.94 1.74 1.56 1.42 1.36 1.38 1.49
 25   1.62 1.75 1.86 1.91 1.87 1.77 1.62 1.41 1.25 1.18 1.20 1.29 1.44 1.64 1.83 2.01 2.10 2.11 2.05 1.92 1.76 1.61 1.48 1.41
 26   1.43 1.50 1.62 1.74 1.83 1.87 1.83 1.70 1.54 1.37 1.25 1.17 1.20 1.32 1.51 1.75 1.97 2.15 2.21 2.19 2.06 1.88 1.66 1.45
 27   1.31 1.29 1.36 1.50 1.68 1.85 1.98 1.99 1.90 1.75 1.52 1.30 1.17 1.16 1.26 1.47 1.76 2.06 2.29 2.43 2.41 2.24 1.98 1.66
 28   1.37 1.18 1.13 1.22 1.42 1.69 1.96 2.14 2.18 2.06 1.81 1.50 1.21 1.02 1.00 1.15 1.42 1.79 2.17 2.47 2.59 2.53 2.29 1.94
 ----------------------------------------------------------------------------------------------------------------------------
                                                                                               
 ----------------------------------------------------------------------------------------------------------------------------
 ----------------------------------------------------------------------------------------------------------------------------
                                                          SURVEY OF INDIA
                                                    MARINE GEODESY WING (G&RB)
                                                     HOURLY HEIGHTS IN METRES
  NAME OF PORT:- PARADIP                                                                            MONTH MARCH     YEAR 2022
 ----------------------------------------------------------------------------------------------------------------------------
 DAYS 0000 0001 0002 0003 0004 0005 0006 0007 0008 0009 0010 0011 0012 0013 0014 0015 0016 0017 0018 0019 0020 0021 0022 0023
 ----------------------------------------------------------------------------------------------------------------------------
  1   1.54 1.17 0.98 0.97 1.17 1.47 1.84 2.15 2.33 2.32 2.11 1.74 1.39 1.05 0.85 0.89 1.09 1.46 1.94 2.32 2.61 2.66 2.49 2.16
  2   1.72 1.27 0.93 0.83 0.93 1.21 1.61 2.03 2.31 2.44 2.32 2.06 1.66 1.24 0.90 0.78 0.89 1.18 1.64 2.13 2.52 2.73 2.70 2.45
  3   2.02 1.49 1.06 0.76 0.75 0.95 1.33 1.78 2.17 2.47 2.53 2.32 1.97 1.51 1.10 0.80 0.76 0.94 1.29 1.77 2.27 2.61 2.72 2.58
  4   2.23 1.74 1.26 0.88 0.72 0.82 1.10 1.53 1.97 2.36 2.56 2.48 2.19 1.80 1.35 0.98 0.78 0.87 1.27 1.77 2.23 2.47 2.54 2.47
  5   2.20 1.82 1.37 1.02 0.81 0.83 1.06 1.41 1.97 2.35 2.52 2.45 2.21 1.81 1.36 1.00 0.78 0.81 1.05 1.45 1.87 2.25 2.47 2.46
  6   2.21 1.81 1.41 1.00 0.77 0.74 0.94 1.29 1.72 2.11 2.35 2.44 2.33 2.08 1.69 1.27 0.98 0.88 0.97 1.24 1.61 1.98 2.24 2.34
  7   2.21 1.95 1.60 1.22 0.91 0.80 0.89 1.13 1.52 1.97 2.24 2.38 2.32 2.12 1.82 1.47 1.21 1.07 1.08 1.24 1.54 1.86 2.14 2.26
  8   2.19 1.99 1.69 1.36 1.08 0.95 0.97 1.13 1.44 1.75 2.06 2.24 2.28 2.17 1.90 1.62 1.33 1.15 1.09 1.16 1.34 1.56 1.81 1.96
  9   2.00 1.90 1.72 1.48 1.20 1.04 1.00 1.06 1.24 1.48 1.74 1.97 2.09 2.10 2.01 1.83 1.59 1.40 1.30 1.29 1.36 1.49 1.68 1.84
 10   1.91 1.91 1.84 1.69 1.49 1.30 1.20 1.19 1.26 1.42 1.61 1.80 1.93 2.00 1.98 1.91 1.78 1.64 1.53 1.47 1.46 1.50 1.59 1.68
 11   1.75 1.77 1.75 1.68 1.58 1.47 1.39 1.35 1.35 1.40 1.49 1.60 1.71 1.80 1.87 1.90 1.89 1.83 1.75 1.67 1.60 1.56 1.55 1.57
 12   1.61 1.65 1.67 1.68 1.66 1.63 1.58 1.52 1.46 1.43 1.44 1.50 1.59 1.69 1.78 1.87 1.95 1.99 1.99 1.93 1.84 1.72 1.61 1.52
 13   1.46 1.46 1.50 1.58 1.68 1.74 1.75 1.72 1.66 1.56 1.47 1.41 1.40 1.45 1.57 1.70 1.85 1.97 2.06 2.06 1.98 1.83 1.65 1.47
 14   1.35 1.32 1.37 1.47 1.61 1.76 1.86 1.89 1.82 1.69 1.52 1.35 1.24 1.24 1.32 1.49 1.74 1.97 2.13 2.21 2.15 1.98 1.75 1.49
 15   1.27 1.15 1.15 1.27 1.48 1.72 1.92 2.02 2.00 1.85 1.61 1.37 1.16 1.06 1.11 1.28 1.57 1.87 2.16 2.35 2.35 2.19 1.91 1.59
 16   1.27 1.03 0.97 1.06 1.29 1.60 1.89 2.11 2.17 2.06 1.81 1.47 1.18 0.97 0.92 1.04 1.34 1.70 2.07 2.34 2.45 2.35 2.10 1.71
 17   1.30 0.94 0.80 0.85 1.05 1.41 1.80 2.13 2.30 2.28 2.03 1.68 1.27 0.95 0.80 0.87 1.13 1.52 1.98 2.33 2.53 2.50 2.27 1.89
 18   1.39 1.00 0.74 0.67 0.88 1.25 1.69 2.13 2.40 2.46 2.27 1.94 1.48 1.05 0.78 0.73 0.93 1.29 1.80 2.24 2.55 2.64 2.50 2.15
 19   1.63 1.15 0.81 0.63 0.72 1.04 1.53 2.01 2.38 2.58 2.55 2.27 1.85 1.37 1.00 0.78 0.81 1.09 1.51 2.02 2.41 2.64 2.62 2.40
 20   1.95 1.40 0.96 0.68 0.62 0.82 1.25 1.81 2.29 2.58 2.69 2.56 2.18 1.71 1.25 0.91 0.80 0.93 1.27 1.74 2.20 2.53 2.65 2.54
 21   2.18 1.71 1.22 0.84 0.64 0.72 1.02 1.53 2.02 2.47 2.70 2.70 2.48 2.08 1.61 1.20 0.95 0.91 1.13 1.50 1.96 2.32 2.55 2.56
 22   2.36 1.97 1.51 1.10 0.82 0.79 0.96 1.33 1.80 2.27 2.60 2.70 2.56 2.28 1.89 1.47 1.17 1.01 1.10 1.36 1.74 2.10 2.34 2.47
 23   2.43 2.11 1.70 1.32 1.00 0.89 0.94 1.18 1.55 1.92 2.28 2.53 2.59 2.45 2.20 1.85 1.52 1.28 1.19 1.25 1.46 1.76 2.02 2.21
 24   2.27 2.17 1.94 1.62 1.35 1.10 1.03 1.08 1.27 1.56 1.89 2.16 2.34 2.38 2.27 2.06 1.80 1.54 1.36 1.28 1.32 1.48 1.66 1.85
 25   2.01 2.05 1.97 1.82 1.60 1.40 1.25 1.18 1.23 1.35 1.53 1.77 1.98 2.12 2.18 2.15 2.00 1.82 1.65 1.48 1.40 1.38 1.45 1.56
 26   1.70 1.82 1.88 1.88 1.81 1.69 1.55 1.43 1.34 1.32 1.38 1.50 1.67 1.85 2.00 2.11 2.14 2.08 1.98 1.82 1.65 1.49 1.41 1.39
 27   1.44 1.54 1.65 1.76 1.86 1.88 1.83 1.73 1.60 1.45 1.34 1.30 1.37 1.52 1.72 1.94 2.13 2.25 2.28 2.18 2.01 1.77 1.53 1.36
 28   1.25 1.28 1.41 1.62 1.81 1.99 2.08 2.04 1.92 1.73 1.50 1.31 1.22 1.27 1.45 1.69 1.97 2.23 2.41 2.46 2.32 2.07 1.74 1.41
 29   1.15 1.06 1.10 1.29 1.58 1.88 2.12 2.27 2.24 2.06 1.74 1.43 1.17 1.09 1.15 1.38 1.68 2.06 2.39 2.58 2.56 2.36 2.01 1.60
 30   1.21 0.98 0.95 1.10 1.39 1.78 2.13 2.37 2.46 2.29 1.98 1.57 1.21 0.99 0.93 1.10 1.38 1.81 2.22 2.54 2.65 2.52 2.21 1.75
 31   1.31 0.98 0.84 0.93 1.21 1.63 2.05 2.39 2.56 2.51 2.28 1.89 1.47 1.11 0.92 0.93 1.19 1.60 2.04 2.44 2.68 2.70 2.48 2.08
 ----------------------------------------------------------------------------------------------------------------------------
                                                                                               
 ----------------------------------------------------------------------------------------------------------------------------
 ----------------------------------------------------------------------------------------------------------------------------
                                                          SURVEY OF INDIA
                                                    MARINE GEODESY WING (G&RB)
                                                     HOURLY HEIGHTS IN METRES
  NAME OF PORT:- PARADIP                                                                            MONTH APRIL     YEAR 2022
 ----------------------------------------------------------------------------------------------------------------------------
 DAYS 0000 0001 0002 0003 0004 0005 0006 0007 0008 0009 0010 0011 0012 0013 0014 0015 0016 0017 0018 0019 0020 0021 0022 0023
 ----------------------------------------------------------------------------------------------------------------------------
  1   1.62 1.21 0.95 0.88 1.09 1.44 1.84 2.26 2.57 2.68 2.53 2.21 1.76 1.33 1.03 0.92 1.04 1.37 1.81 2.25 2.58 2.70 2.60 2.27
  2   1.79 1.30 0.95 0.81 0.93 1.24 1.66 2.13 2.50 2.68 2.64 2.39 1.97 1.53 1.13 0.94 0.94 1.16 1.55 2.01 2.36 2.56 2.57 2.38
  3   1.99 1.47 1.10 0.90 0.90 1.12 1.51 1.97 2.36 2.64 2.68 2.52 2.18 1.74 1.34 1.04 0.95 1.08 1.39 1.79 2.18 2.47 2.53 2.41
  4   2.06 1.64 1.24 0.97 0.89 1.03 1.33 1.76 2.16 2.48 2.64 2.59 2.37 2.00 1.59 1.26 1.07 1.06 1.24 1.56 1.93 2.24 2.39 2.38
  5   2.17 1.84 1.44 1.14 0.96 0.99 1.20 1.53 1.92 2.27 2.52 2.57 2.44 2.16 1.82 1.46 1.23 1.15 1.21 1.42 1.73 2.03 2.25 2.30
  6   2.20 1.97 1.64 1.33 1.13 1.08 1.18 1.43 1.73 2.08 2.34 2.44 2.36 2.18 1.95 1.70 1.45 1.30 1.28 1.37 1.57 1.81 2.06 2.17
  7   2.10 1.94 1.69 1.45 1.23 1.12 1.15 1.31 1.54 1.81 2.07 2.26 2.31 2.23 2.06 1.81 1.58 1.43 1.36 1.39 1.53 1.71 1.89 2.01
  8   2.03 1.95 1.80 1.59 1.41 1.28 1.22 1.28 1.43 1.69 1.89 2.05 2.13 2.13 2.04 1.88 1.71 1.56 1.45 1.40 1.43 1.52 1.62 1.72
  9   1.78 1.78 1.72 1.62 1.49 1.37 1.29 1.28 1.34 1.45 1.60 1.76 1.89 1.97 1.99 1.94 1.85 1.74 1.64 1.54 1.47 1.47 1.50 1.56
 10   1.62 1.67 1.70 1.69 1.64 1.58 1.51 1.45 1.42 1.44 1.50 1.57 1.66 1.75 1.83 1.89 1.91 1.88 1.81 1.72 1.61 1.51 1.44 1.41
 11   1.42 1.48 1.54 1.62 1.68 1.73 1.72 1.65 1.56 1.49 1.44 1.43 1.47 1.57 1.69 1.84 1.97 2.04 2.04 1.95 1.81 1.65 1.50 1.37
 12   1.31 1.33 1.43 1.56 1.72 1.85 1.91 1.89 1.80 1.65 1.52 1.41 1.35 1.39 1.53 1.72 1.96 2.14 2.24 2.23 2.10 1.91 1.67 1.41
 13   1.23 1.21 1.29 1.45 1.72 1.97 2.13 2.19 2.08 1.85 1.57 1.35 1.21 1.18 1.29 1.53 1.82 2.09 2.29 2.33 2.23 2.01 1.70 1.35
 14   1.10 1.02 1.08 1.30 1.61 1.94 2.20 2.32 2.27 2.08 1.80 1.47 1.20 1.06 1.07 1.24 1.55 1.90 2.21 2.40 2.42 2.22 1.91 1.48
 15   1.12 0.88 0.84 0.98 1.29 1.70 2.10 2.36 2.45 2.35 2.10 1.69 1.32 1.03 0.94 1.04 1.32 1.69 2.09 2.39 2.54 2.45 2.15 1.72
 16   1.23 0.88 0.67 0.73 1.03 1.48 1.97 2.36 2.61 2.59 2.39 1.96 1.49 1.11 0.90 0.89 1.11 1.48 1.94 2.33 2.60 2.61 2.38 1.97
 17   1.44 0.98 0.68 0.64 0.86 1.27 1.83 2.31 2.67 2.75 2.64 2.30 1.81 1.33 0.97 0.82 0.92 1.21 1.66 2.12 2.48 2.64 2.52 2.21
 18   1.68 1.17 0.75 0.55 0.67 1.03 1.53 2.05 2.46 2.71 2.72 2.48 2.10 1.61 1.19 0.87 0.82 0.99 1.35 1.73 2.16 2.45 2.50 2.32
 19   1.96 1.48 1.09 0.73 0.62 0.78 1.16 1.63 2.12 2.53 2.77 2.70 2.42 1.93 1.47 1.04 0.77 0.82 1.05 1.41 1.85 2.21 2.39 2.35
 20   2.13 1.72 1.27 0.91 0.71 0.69 0.89 1.29 1.74 2.32 2.62 2.69 2.56 2.30 1.88 1.46 1.09 0.94 1.02 1.25 1.59 1.94 2.21 2.34
 21   2.28 2.01 1.65 1.29 0.99 0.89 0.94 1.19 1.55 1.98 2.34 2.56 2.61 2.45 2.19 1.82 1.47 1.20 1.10 1.20 1.43 1.67 1.94 2.15
 22   2.22 2.14 1.93 1.64 1.33 1.08 0.98 1.07 1.27 1.54 1.84 2.13 2.32 2.37 2.29 2.06 1.79 1.49 1.30 1.21 1.26 1.39 1.56 1.76
 23   1.91 1.97 1.91 1.77 1.58 1.37 1.21 1.15 1.21 1.38 1.63 1.88 2.12 2.29 2.34 2.27 2.11 1.90 1.69 1.50 1.37 1.34 1.39 1.51
 24   1.65 1.79 1.88 1.90 1.85 1.73 1.58 1.43 1.31 1.26 1.31 1.44 1.65 1.85 2.03 2.16 2.21 2.15 1.97 1.77 1.55 1.36 1.26 1.25
 25   1.33 1.47 1.65 1.81 1.92 1.94 1.87 1.75 1.57 1.41 1.34 1.35 1.45 1.64 1.89 2.09 2.24 2.29 2.24 2.09 1.83 1.58 1.35 1.19
 26   1.16 1.27 1.46 1.69 1.90 2.08 2.15 2.10 1.92 1.71 1.48 1.32 1.27 1.36 1.56 1.81 2.06 2.26 2.34 2.28 2.05 1.75 1.44 1.17
 27   1.01 1.03 1.20 1.46 1.79 2.08 2.27 2.30 2.16 1.91 1.61 1.31 1.14 1.10 1.25 1.51 1.84 2.12 2.35 2.38 2.26 1.98 1.61 1.27
 28   1.01 0.92 1.00 1.26 1.61 1.98 2.27 2.42 2.40 2.21 1.89 1.53 1.22 1.07 1.11 1.32 1.66 2.01 2.32 2.50 2.47 2.27 1.92 1.51
 29   1.13 0.94 0.91 1.10 1.44 1.84 2.24 2.44 2.51 2.43 2.21 1.81 1.42 1.14 1.05 1.15 1.47 1.83 2.19 2.44 2.51 2.38 2.11 1.70
 30   1.30 1.01 0.86 0.92 1.25 1.71 2.14 2.53 2.67 2.65 2.42 2.01 1.59 1.22 1.00 0.98 1.21 1.54 1.95 2.29 2.52 2.51 2.31 1.90
 ----------------------------------------------------------------------------------------------------------------------------
                                                                                               
 ----------------------------------------------------------------------------------------------------------------------------
 ----------------------------------------------------------------------------------------------------------------------------
                                                          SURVEY OF INDIA
                                                    MARINE GEODESY WING (G&RB)
                                                     HOURLY HEIGHTS IN METRES
  NAME OF PORT:- PARADIP                                                                            MONTH MAY       YEAR 2022
 ----------------------------------------------------------------------------------------------------------------------------
 DAYS 0000 0001 0002 0003 0004 0005 0006 0007 0008 0009 0010 0011 0012 0013 0014 0015 0016 0017 0018 0019 0020 0021 0022 0023
 ----------------------------------------------------------------------------------------------------------------------------
  1   1.46 1.12 0.86 0.84 1.07 1.48 1.90 2.36 2.64 2.73 2.56 2.27 1.80 1.40 1.12 1.00 1.11 1.38 1.79 2.17 2.43 2.52 2.38 2.09
  2   1.64 1.23 0.91 0.79 0.90 1.22 1.66 2.10 2.48 2.68 2.66 2.44 2.08 1.65 1.28 1.06 1.05 1.20 1.56 1.93 2.27 2.46 2.45 2.24
  3   1.82 1.41 1.07 0.90 0.91 1.15 1.56 2.00 2.41 2.66 2.73 2.54 2.20 1.81 1.43 1.15 1.05 1.12 1.37 1.73 2.06 2.31 2.37 2.28
  4   1.99 1.61 1.20 1.02 0.99 1.09 1.40 1.81 2.13 2.44 2.61 2.60 2.39 2.05 1.69 1.36 1.16 1.11 1.26 1.54 1.88 2.16 2.32 2.28
  5   2.07 1.76 1.48 1.21 1.06 1.09 1.30 1.63 1.98 2.32 2.54 2.58 2.47 2.23 1.94 1.60 1.37 1.27 1.27 1.40 1.71 2.01 2.21 2.26
  6   2.15 1.93 1.66 1.42 1.24 1.16 1.26 1.48 1.78 2.08 2.37 2.53 2.53 2.37 2.15 1.89 1.64 1.48 1.42 1.52 1.69 1.89 2.07 2.16
  7   2.15 2.05 1.87 1.63 1.45 1.33 1.34 1.46 1.67 1.92 2.18 2.36 2.44 2.37 2.21 1.98 1.77 1.59 1.50 1.50 1.61 1.77 1.93 2.04
  8   2.08 2.05 1.94 1.76 1.60 1.49 1.44 1.46 1.57 1.72 1.93 2.12 2.26 2.33 2.30 2.18 2.01 1.84 1.70 1.62 1.59 1.64 1.74 1.85
  9   1.95 2.02 2.01 1.94 1.85 1.74 1.66 1.62 1.62 1.69 1.81 1.97 2.13 2.25 2.31 2.29 2.22 2.10 1.97 1.83 1.71 1.65 1.66 1.73
 10   1.84 1.94 2.04 2.10 2.12 2.08 2.02 1.92 1.83 1.78 1.80 1.87 1.98 2.11 2.22 2.33 2.38 2.33 2.21 2.05 1.87 1.70 1.61 1.60
 11   1.67 1.82 1.96 2.12 2.25 2.30 2.26 2.16 2.02 1.86 1.75 1.71 1.78 1.92 2.11 2.30 2.43 2.49 2.44 2.30 2.04 1.76 1.56 1.45
 12   1.47 1.61 1.82 2.08 2.30 2.47 2.51 2.41 2.24 2.04 1.82 1.66 1.62 1.70 1.90 2.13 2.36 2.53 2.60 2.51 2.32 2.00 1.68 1.43
 13   1.29 1.33 1.52 1.82 2.15 2.45 2.63 2.65 2.49 2.24 1.90 1.63 1.44 1.42 1.58 1.86 2.17 2.48 2.64 2.66 2.48 2.16 1.76 1.38
 14   1.11 1.05 1.16 1.45 1.86 2.30 2.63 2.79 2.75 2.49 2.11 1.74 1.39 1.23 1.24 1.48 1.84 2.23 2.54 2.70 2.65 2.40 2.01 1.52
 15   1.14 0.91 0.92 1.17 1.62 2.11 2.58 2.89 2.94 2.77 2.44 1.99 1.52 1.21 1.09 1.21 1.52 1.94 2.38 2.66 2.76 2.62 2.30 1.84
 16   1.32 0.98 0.83 0.93 1.35 1.85 2.38 2.82 3.05 3.02 2.76 2.36 1.84 1.40 1.14 1.10 1.28 1.63 2.08 2.48 2.72 2.70 2.51 2.18
 17   1.67 1.18 0.87 0.79 1.01 1.43 1.96 2.50 2.89 3.08 2.99 2.69 2.23 1.73 1.33 1.09 1.12 1.38 1.77 2.18 2.50 2.62 2.58 2.40
 18   2.03 1.54 1.15 0.92 0.94 1.23 1.66 2.20 2.62 2.94 3.04 2.92 2.58 2.12 1.66 1.31 1.15 1.23 1.47 1.86 2.26 2.56 2.68 2.62
 19   2.37 1.93 1.56 1.23 1.08 1.11 1.36 1.76 2.21 2.61 2.87 2.92 2.78 2.47 2.05 1.65 1.36 1.25 1.31 1.56 1.89 2.20 2.46 2.57
 20   2.47 2.20 1.89 1.53 1.28 1.16 1.26 1.52 1.88 2.31 2.63 2.82 2.83 2.69 2.42 2.06 1.73 1.48 1.39 1.46 1.67 1.93 2.19 2.39
 21   2.45 2.36 2.16 1.89 1.64 1.42 1.35 1.45 1.64 1.96 2.26 2.53 2.70 2.74 2.62 2.39 2.07 1.79 1.57 1.43 1.46 1.60 1.84 2.05
 22   2.22 2.30 2.27 2.17 1.99 1.79 1.60 1.49 1.49 1.65 1.92 2.19 2.44 2.62 2.63 2.54 2.36 2.12 1.84 1.60 1.50 1.50 1.59 1.75
 23   1.93 2.09 2.20 2.23 2.18 2.05 1.88 1.71 1.59 1.55 1.62 1.84 2.06 2.29 2.46 2.54 2.50 2.37 2.15 1.91 1.71 1.55 1.51 1.56
 24   1.72 1.91 2.09 2.23 2.30 2.26 2.14 2.01 1.85 1.71 1.64 1.69 1.84 2.03 2.25 2.43 2.55 2.53 2.38 2.14 1.91 1.66 1.49 1.42
 25   1.52 1.70 1.90 2.13 2.31 2.41 2.38 2.27 2.09 1.86 1.67 1.59 1.63 1.79 2.02 2.26 2.47 2.57 2.53 2.38 2.11 1.82 1.57 1.40
 26   1.36 1.48 1.71 2.01 2.30 2.52 2.60 2.55 2.37 2.13 1.87 1.64 1.53 1.58 1.78 2.03 2.27 2.48 2.56 2.49 2.30 2.02 1.71 1.46
 27   1.29 1.31 1.47 1.77 2.13 2.41 2.62 2.67 2.57 2.33 2.03 1.73 1.51 1.43 1.52 1.75 2.04 2.29 2.49 2.55 2.45 2.19 1.90 1.61
 28   1.34 1.23 1.33 1.61 1.94 2.28 2.57 2.73 2.71 2.54 2.24 1.90 1.61 1.44 1.42 1.55 1.81 2.12 2.41 2.57 2.53 2.35 2.06 1.75
 29   1.42 1.23 1.21 1.39 1.72 2.10 2.43 2.69 2.79 2.71 2.45 2.11 1.79 1.51 1.37 1.42 1.63 1.93 2.24 2.48 2.56 2.48 2.26 1.90
 30   1.53 1.30 1.19 1.26 1.50 1.90 2.33 2.67 2.85 2.83 2.65 2.34 1.98 1.64 1.42 1.35 1.44 1.72 2.03 2.33 2.49 2.51 2.36 2.08
 31   1.71 1.41 1.19 1.19 1.34 1.70 2.07 2.45 2.73 2.83 2.75 2.51 2.15 1.81 1.51 1.40 1.44 1.64 1.93 2.22 2.41 2.51 2.46 2.24
 ----------------------------------------------------------------------------------------------------------------------------
                                                                                               
 ----------------------------------------------------------------------------------------------------------------------------
 ----------------------------------------------------------------------------------------------------------------------------
                                                          SURVEY OF INDIA
                                                    MARINE GEODESY WING (G&RB)
                                                     HOURLY HEIGHTS IN METRES
  NAME OF PORT:- PARADIP                                                                            MONTH JUNE      YEAR 2022
 ----------------------------------------------------------------------------------------------------------------------------
 DAYS 0000 0001 0002 0003 0004 0005 0006 0007 0008 0009 0010 0011 0012 0013 0014 0015 0016 0017 0018 0019 0020 0021 0022 0023
 ----------------------------------------------------------------------------------------------------------------------------
  1   1.89 1.56 1.29 1.21 1.30 1.57 1.93 2.31 2.62 2.82 2.81 2.65 2.35 1.98 1.69 1.48 1.43 1.54 1.79 2.06 2.30 2.48 2.49 2.33
  2   2.04 1.70 1.41 1.23 1.26 1.48 1.79 2.17 2.52 2.73 2.81 2.72 2.48 2.14 1.80 1.56 1.43 1.45 1.63 1.89 2.12 2.36 2.49 2.43
  3   2.18 1.88 1.52 1.29 1.28 1.39 1.61 1.97 2.30 2.60 2.75 2.77 2.63 2.37 2.05 1.76 1.55 1.48 1.56 1.77 2.01 2.22 2.36 2.38
  4   2.26 2.05 1.76 1.52 1.38 1.36 1.50 1.75 2.04 2.32 2.56 2.67 2.63 2.48 2.21 1.91 1.69 1.54 1.53 1.64 1.84 2.04 2.21 2.30
  5   2.28 2.17 1.97 1.75 1.55 1.45 1.47 1.62 1.86 2.14 2.40 2.57 2.63 2.57 2.38 2.14 1.89 1.69 1.60 1.63 1.73 1.90 2.07 2.20
  6   2.27 2.23 2.10 1.93 1.77 1.64 1.56 1.58 1.73 1.95 2.16 2.37 2.50 2.54 2.45 2.28 2.06 1.85 1.68 1.61 1.63 1.74 1.87 2.02
  7   2.14 2.23 2.23 2.13 2.00 1.85 1.75 1.70 1.73 1.86 2.03 2.22 2.39 2.49 2.51 2.41 2.27 2.08 1.87 1.72 1.63 1.63 1.72 1.86
  8   2.00 2.15 2.24 2.26 2.20 2.09 1.97 1.85 1.78 1.78 1.86 2.01 2.18 2.34 2.44 2.47 2.40 2.26 2.07 1.86 1.67 1.59 1.59 1.67
  9   1.82 2.02 2.18 2.31 2.37 2.33 2.24 2.09 1.93 1.79 1.73 1.78 1.92 2.09 2.28 2.41 2.46 2.40 2.26 2.05 1.83 1.60 1.43 1.41
 10   1.54 1.74 1.97 2.21 2.40 2.49 2.44 2.28 2.08 1.87 1.70 1.62 1.70 1.85 2.07 2.27 2.42 2.47 2.39 2.22 1.96 1.66 1.39 1.24
 11   1.24 1.40 1.65 2.00 2.31 2.52 2.58 2.50 2.32 2.09 1.82 1.59 1.50 1.57 1.74 1.99 2.26 2.43 2.49 2.40 2.17 1.87 1.54 1.25
 12   1.11 1.15 1.36 1.72 2.13 2.48 2.72 2.76 2.63 2.34 1.96 1.65 1.42 1.36 1.49 1.74 2.06 2.34 2.52 2.53 2.38 2.12 1.75 1.40
 13   1.13 1.04 1.11 1.40 1.82 2.29 2.66 2.88 2.86 2.64 2.27 1.85 1.50 1.28 1.24 1.40 1.69 2.06 2.36 2.57 2.58 2.39 2.04 1.63
 14   1.20 0.93 0.90 1.09 1.48 1.93 2.41 2.81 2.95 2.89 2.62 2.20 1.72 1.37 1.19 1.20 1.37 1.73 2.07 2.40 2.61 2.57 2.33 1.89
 15   1.48 1.08 0.85 0.87 1.15 1.59 2.10 2.58 2.88 3.01 2.88 2.55 2.06 1.64 1.29 1.14 1.18 1.44 1.80 2.18 2.50 2.61 2.54 2.24
 16   1.80 1.38 1.03 0.86 0.96 1.26 1.68 2.19 2.61 2.89 2.95 2.79 2.43 2.00 1.51 1.21 1.08 1.17 1.42 1.81 2.18 2.44 2.53 2.44
 17   2.18 1.75 1.38 1.06 0.94 1.04 1.31 1.76 2.18 2.59 2.80 2.83 2.67 2.34 1.88 1.46 1.20 1.10 1.15 1.42 1.76 2.10 2.34 2.45
 18   2.33 2.07 1.71 1.36 1.11 1.05 1.18 1.42 1.83 2.20 2.56 2.75 2.77 2.58 2.26 1.84 1.47 1.21 1.13 1.23 1.47 1.80 2.08 2.30
 19   2.36 2.25 2.02 1.73 1.41 1.22 1.20 1.30 1.53 1.88 2.23 2.50 2.67 2.64 2.47 2.18 1.83 1.49 1.29 1.22 1.29 1.50 1.77 2.03
 20   2.19 2.25 2.17 1.99 1.80 1.59 1.43 1.39 1.46 1.65 1.94 2.21 2.43 2.54 2.50 2.35 2.10 1.79 1.50 1.28 1.25 1.36 1.55 1.79
 21   2.01 2.18 2.25 2.20 2.04 1.84 1.64 1.51 1.47 1.54 1.71 1.94 2.18 2.35 2.43 2.40 2.26 2.03 1.78 1.55 1.41 1.38 1.44 1.57
 22   1.75 1.97 2.13 2.22 2.20 2.08 1.92 1.74 1.60 1.54 1.60 1.73 1.91 2.09 2.27 2.34 2.30 2.16 1.97 1.74 1.53 1.40 1.37 1.45
 23   1.59 1.81 2.02 2.18 2.27 2.25 2.15 1.99 1.79 1.64 1.55 1.56 1.64 1.79 1.98 2.15 2.26 2.25 2.16 1.99 1.76 1.56 1.42 1.39
 24   1.49 1.64 1.84 2.09 2.27 2.38 2.37 2.26 2.09 1.90 1.72 1.60 1.56 1.64 1.79 1.98 2.15 2.26 2.26 2.16 1.99 1.77 1.56 1.39
 25   1.37 1.46 1.63 1.88 2.14 2.36 2.48 2.48 2.35 2.15 1.90 1.69 1.57 1.56 1.66 1.85 2.07 2.28 2.39 2.38 2.25 2.02 1.76 1.53
 26   1.39 1.40 1.52 1.75 2.07 2.36 2.59 2.67 2.59 2.40 2.14 1.87 1.66 1.56 1.60 1.76 1.96 2.19 2.36 2.45 2.39 2.18 1.92 1.65
 27   1.44 1.34 1.41 1.63 1.94 2.26 2.55 2.71 2.73 2.61 2.37 2.06 1.80 1.57 1.49 1.56 1.75 2.00 2.25 2.43 2.46 2.35 2.12 1.82
 28   1.53 1.36 1.31 1.45 1.72 2.07 2.41 2.68 2.79 2.73 2.56 2.28 1.95 1.67 1.51 1.50 1.63 1.88 2.13 2.39 2.52 2.47 2.29 2.03
 29   1.67 1.41 1.28 1.32 1.54 1.90 2.27 2.60 2.83 2.84 2.69 2.44 2.12 1.75 1.51 1.40 1.48 1.66 1.95 2.25 2.44 2.49 2.38 2.14
 30   1.78 1.45 1.22 1.19 1.34 1.62 1.99 2.34 2.65 2.79 2.74 2.55 2.22 1.88 1.55 1.37 1.35 1.47 1.74 2.08 2.30 2.44 2.41 2.23
 ----------------------------------------------------------------------------------------------------------------------------
                                                                                               
 ----------------------------------------------------------------------------------------------------------------------------
 ----------------------------------------------------------------------------------------------------------------------------
                                                          SURVEY OF INDIA
                                                    MARINE GEODESY WING (G&RB)
                                                     HOURLY HEIGHTS IN METRES
  NAME OF PORT:- PARADIP                                                                            MONTH JULY      YEAR 2022
 ----------------------------------------------------------------------------------------------------------------------------
 DAYS 0000 0001 0002 0003 0004 0005 0006 0007 0008 0009 0010 0011 0012 0013 0014 0015 0016 0017 0018 0019 0020 0021 0022 0023
 ----------------------------------------------------------------------------------------------------------------------------
  1   1.91 1.56 1.30 1.14 1.20 1.43 1.78 2.16 2.53 2.74 2.79 2.68 2.39 2.07 1.69 1.43 1.33 1.39 1.61 1.91 2.23 2.46 2.55 2.48
  2   2.12 1.79 1.47 1.27 1.21 1.35 1.63 2.00 2.35 2.66 2.82 2.80 2.61 2.30 1.95 1.63 1.41 1.37 1.51 1.79 2.09 2.35 2.49 2.47
  3   2.30 2.00 1.69 1.43 1.27 1.29 1.49 1.83 2.17 2.52 2.76 2.84 2.74 2.49 2.13 1.80 1.51 1.42 1.45 1.63 1.92 2.19 2.41 2.52
  4   2.49 2.26 1.98 1.69 1.47 1.37 1.45 1.67 2.00 2.35 2.63 2.80 2.79 2.61 2.33 2.00 1.71 1.51 1.43 1.54 1.78 2.05 2.31 2.46
  5   2.52 2.43 2.20 1.93 1.69 1.52 1.48 1.60 1.83 2.09 2.40 2.65 2.77 2.73 2.54 2.25 1.97 1.71 1.55 1.51 1.63 1.86 2.13 2.36
  6   2.51 2.54 2.45 2.23 2.01 1.79 1.65 1.63 1.75 1.97 2.25 2.49 2.69 2.75 2.67 2.45 2.18 1.87 1.64 1.50 1.52 1.68 1.93 2.19
  7   2.41 2.54 2.57 2.45 2.27 2.05 1.85 1.73 1.73 1.87 2.08 2.33 2.55 2.70 2.74 2.63 2.43 2.18 1.91 1.72 1.61 1.65 1.80 2.02
  8   2.25 2.47 2.61 2.66 2.58 2.42 2.23 2.03 1.90 1.86 1.93 2.11 2.33 2.55 2.68 2.72 2.62 2.42 2.20 1.93 1.73 1.62 1.63 1.80
  9   2.03 2.29 2.50 2.68 2.77 2.71 2.55 2.34 2.12 1.94 1.85 1.90 2.05 2.25 2.44 2.59 2.67 2.61 2.44 2.19 1.91 1.69 1.54 1.53
 10   1.70 1.96 2.23 2.55 2.77 2.88 2.85 2.69 2.45 2.17 1.94 1.85 1.88 1.99 2.19 2.43 2.61 2.69 2.67 2.50 2.25 1.95 1.69 1.52
 11   1.50 1.60 1.86 2.20 2.66 2.91 3.02 2.99 2.79 2.51 2.19 1.94 1.78 1.77 1.93 2.18 2.44 2.68 2.81 2.79 2.63 2.35 1.99 1.69
 12   1.46 1.45 1.63 1.98 2.39 2.80 3.11 3.24 3.21 2.99 2.61 2.23 1.91 1.72 1.71 1.92 2.20 2.53 2.80 2.94 2.91 2.69 2.36 1.99
 13   1.63 1.44 1.46 1.67 2.09 2.56 2.98 3.27 3.42 3.32 3.02 2.62 2.16 1.83 1.61 1.62 1.85 2.21 2.58 2.87 3.04 3.00 2.77 2.36
 14   1.94 1.55 1.35 1.37 1.63 2.06 2.55 2.99 3.29 3.40 3.25 2.93 2.47 2.03 1.66 1.49 1.57 1.81 2.21 2.63 2.97 3.12 3.03 2.75
 15   2.34 1.86 1.50 1.34 1.41 1.72 2.18 2.70 3.12 3.38 3.41 3.27 2.82 2.33 1.83 1.52 1.37 1.45 1.74 2.17 2.57 2.89 3.00 2.89
 16   2.61 2.16 1.75 1.41 1.28 1.43 1.76 2.21 2.67 3.09 3.32 3.30 3.08 2.64 2.18 1.71 1.43 1.30 1.45 1.80 2.20 2.60 2.84 2.91
 17   2.78 2.49 2.10 1.73 1.48 1.43 1.59 1.91 2.33 2.73 3.07 3.21 3.15 2.87 2.49 2.05 1.67 1.42 1.38 1.55 1.89 2.24 2.59 2.77
 18   2.80 2.65 2.36 1.99 1.69 1.49 1.48 1.64 1.93 2.31 2.67 2.91 2.98 2.89 2.63 2.22 1.86 1.54 1.37 1.43 1.63 1.91 2.24 2.51
 19   2.66 2.62 2.46 2.21 1.92 1.67 1.50 1.51 1.63 1.89 2.19 2.51 2.68 2.70 2.57 2.33 2.02 1.70 1.45 1.35 1.43 1.64 1.89 2.18
 20   2.38 2.47 2.44 2.31 2.11 1.87 1.67 1.56 1.59 1.74 1.96 2.19 2.39 2.51 2.48 2.33 2.11 1.85 1.60 1.45 1.41 1.53 1.75 1.98
 21   2.19 2.33 2.40 2.37 2.25 2.06 1.88 1.73 1.65 1.69 1.82 1.98 2.16 2.31 2.38 2.35 2.23 2.06 1.88 1.70 1.60 1.60 1.68 1.82
 22   2.00 2.18 2.32 2.39 2.39 2.33 2.19 2.03 1.89 1.79 1.77 1.84 1.96 2.09 2.21 2.27 2.23 2.14 2.01 1.87 1.72 1.62 1.60 1.65
 23   1.76 1.94 2.12 2.27 2.37 2.39 2.33 2.19 2.00 1.85 1.74 1.69 1.74 1.83 1.93 2.02 2.10 2.12 2.06 1.97 1.83 1.70 1.59 1.53
 24   1.57 1.69 1.87 2.05 2.22 2.33 2.37 2.31 2.17 1.98 1.80 1.67 1.62 1.65 1.73 1.87 2.00 2.09 2.11 2.07 1.97 1.81 1.65 1.51
 25   1.45 1.49 1.60 1.81 2.05 2.26 2.40 2.45 2.40 2.25 2.05 1.84 1.68 1.59 1.62 1.74 1.89 2.08 2.21 2.26 2.20 2.05 1.85 1.62
 26   1.44 1.39 1.46 1.63 1.92 2.19 2.43 2.59 2.59 2.44 2.21 1.95 1.70 1.55 1.51 1.59 1.77 1.97 2.17 2.30 2.32 2.20 2.01 1.77
 27   1.51 1.37 1.36 1.49 1.75 2.07 2.35 2.56 2.68 2.63 2.41 2.11 1.80 1.53 1.44 1.46 1.58 1.80 2.05 2.27 2.39 2.33 2.14 1.86
 28   1.56 1.32 1.21 1.29 1.53 1.87 2.23 2.54 2.72 2.74 2.56 2.29 1.93 1.59 1.39 1.31 1.41 1.62 1.93 2.22 2.42 2.45 2.33 2.06
 29   1.71 1.41 1.20 1.14 1.29 1.61 2.03 2.36 2.66 2.77 2.70 2.48 2.14 1.76 1.46 1.30 1.33 1.51 1.79 2.10 2.39 2.53 2.47 2.28
 30   1.96 1.55 1.28 1.14 1.19 1.45 1.83 2.25 2.60 2.79 2.83 2.67 2.34 1.95 1.57 1.31 1.23 1.35 1.61 1.96 2.27 2.51 2.55 2.38
 31   2.11 1.73 1.37 1.13 1.11 1.28 1.63 2.03 2.42 2.66 2.76 2.65 2.38 1.99 1.59 1.27 1.15 1.19 1.41 1.72 2.07 2.40 2.55 2.49
 ----------------------------------------------------------------------------------------------------------------------------
                                                                                              
 ----------------------------------------------------------------------------------------------------------------------------
 ----------------------------------------------------------------------------------------------------------------------------
                                                          SURVEY OF INDIA
                                                    MARINE GEODESY WING (G&RB)
                                                     HOURLY HEIGHTS IN METRES
  NAME OF PORT:- PARADIP                                                                            MONTH AUGUST    YEAR 2022
 ----------------------------------------------------------------------------------------------------------------------------
 DAYS 0000 0001 0002 0003 0004 0005 0006 0007 0008 0009 0010 0011 0012 0013 0014 0015 0016 0017 0018 0019 0020 0021 0022 0023
 ----------------------------------------------------------------------------------------------------------------------------
  1   2.23 1.89 1.53 1.21 1.09 1.13 1.35 1.70 2.11 2.47 2.69 2.72 2.58 2.26 1.85 1.50 1.23 1.14 1.25 1.52 1.90 2.23 2.47 2.54
  2   2.44 2.16 1.83 1.48 1.25 1.16 1.30 1.59 1.97 2.32 2.58 2.70 2.63 2.39 2.04 1.67 1.33 1.18 1.19 1.37 1.67 2.01 2.31 2.47
  3   2.49 2.33 2.05 1.73 1.45 1.27 1.28 1.46 1.74 2.10 2.45 2.64 2.68 2.57 2.27 1.91 1.57 1.32 1.21 1.31 1.55 1.88 2.19 2.47
  4   2.61 2.59 2.39 2.10 1.83 1.59 1.49 1.53 1.72 1.96 2.27 2.51 2.66 2.63 2.45 2.19 1.86 1.56 1.38 1.35 1.48 1.72 2.02 2.33
  5   2.56 2.65 2.60 2.39 2.13 1.89 1.70 1.60 1.66 1.85 2.08 2.32 2.54 2.65 2.60 2.44 2.19 1.89 1.66 1.52 1.48 1.59 1.78 2.04
  6   2.33 2.53 2.63 2.60 2.47 2.26 2.05 1.86 1.78 1.81 1.95 2.14 2.34 2.50 2.59 2.56 2.42 2.23 2.00 1.79 1.65 1.61 1.69 1.89
  7   2.14 2.42 2.63 2.75 2.77 2.67 2.48 2.29 2.12 2.01 1.97 2.02 2.16 2.33 2.48 2.60 2.61 2.53 2.37 2.17 1.97 1.81 1.73 1.78
  8   1.96 2.19 2.43 2.67 2.85 2.92 2.86 2.69 2.49 2.25 2.05 1.92 1.95 2.07 2.27 2.45 2.61 2.67 2.63 2.49 2.26 2.02 1.79 1.66
  9   1.66 1.82 2.07 2.36 2.65 2.89 3.01 2.93 2.73 2.45 2.16 1.91 1.74 1.72 1.83 2.02 2.24 2.45 2.59 2.62 2.47 2.22 1.90 1.61
 10   1.38 1.35 1.51 1.83 2.23 2.59 2.91 3.03 2.97 2.74 2.38 2.03 1.69 1.49 1.48 1.65 1.92 2.24 2.49 2.66 2.65 2.48 2.13 1.75
 11   1.44 1.25 1.26 1.47 1.82 2.29 2.69 2.99 3.09 2.96 2.65 2.22 1.80 1.47 1.32 1.36 1.63 2.00 2.37 2.67 2.81 2.77 2.49 2.13
 12   1.71 1.33 1.14 1.20 1.43 1.85 2.42 2.84 3.10 3.13 2.96 2.56 2.07 1.59 1.26 1.13 1.27 1.60 2.03 2.44 2.75 2.86 2.74 2.42
 13   2.03 1.60 1.27 1.13 1.22 1.59 2.09 2.57 2.98 3.20 3.25 3.01 2.56 2.05 1.56 1.27 1.17 1.34 1.72 2.18 2.61 2.88 2.93 2.79
 14   2.44 2.01 1.59 1.28 1.19 1.39 1.80 2.32 2.81 3.13 3.25 3.17 2.80 2.31 1.81 1.41 1.19 1.18 1.46 1.91 2.35 2.70 2.88 2.88
 15   2.68 2.31 1.93 1.55 1.32 1.31 1.52 1.99 2.42 2.82 3.07 3.09 2.91 2.55 2.09 1.66 1.34 1.21 1.32 1.63 2.04 2.41 2.71 2.84
 16   2.76 2.55 2.19 1.82 1.51 1.36 1.42 1.65 1.95 2.35 2.68 2.86 2.82 2.63 2.27 1.90 1.51 1.27 1.23 1.46 1.79 2.15 2.47 2.68
 17   2.74 2.63 2.41 2.07 1.70 1.47 1.40 1.54 1.77 2.06 2.40 2.63 2.70 2.62 2.41 2.13 1.76 1.46 1.32 1.39 1.59 1.89 2.19 2.45
 18   2.54 2.52 2.37 2.15 1.89 1.65 1.49 1.48 1.63 1.86 2.14 2.38 2.54 2.55 2.43 2.21 1.91 1.65 1.48 1.45 1.55 1.74 2.01 2.30
 19   2.50 2.55 2.51 2.39 2.21 1.99 1.79 1.67 1.69 1.82 2.00 2.19 2.35 2.44 2.41 2.32 2.18 2.00 1.82 1.71 1.72 1.81 1.97 2.15
 20   2.30 2.43 2.49 2.49 2.42 2.30 2.17 2.05 1.95 1.93 1.99 2.09 2.20 2.30 2.38 2.36 2.28 2.16 2.04 1.91 1.79 1.77 1.84 1.95
 21   2.09 2.22 2.32 2.39 2.41 2.38 2.31 2.20 2.08 1.98 1.92 1.91 1.97 2.04 2.11 2.16 2.20 2.19 2.14 2.05 1.93 1.83 1.77 1.78
 22   1.83 1.93 2.08 2.25 2.38 2.47 2.48 2.43 2.31 2.16 2.04 1.94 1.88 1.92 2.00 2.09 2.18 2.24 2.26 2.19 2.08 1.94 1.81 1.70
 23   1.66 1.73 1.87 2.08 2.28 2.44 2.56 2.58 2.50 2.33 2.12 1.92 1.75 1.68 1.72 1.84 2.01 2.16 2.27 2.31 2.22 2.07 1.89 1.70
 24   1.57 1.56 1.64 1.83 2.07 2.32 2.53 2.64 2.58 2.43 2.21 1.94 1.69 1.55 1.55 1.67 1.88 2.11 2.31 2.40 2.37 2.21 1.99 1.74
 25   1.53 1.41 1.45 1.65 1.97 2.27 2.57 2.76 2.79 2.65 2.44 2.11 1.79 1.55 1.42 1.47 1.65 1.91 2.19 2.39 2.47 2.39 2.17 1.87
 26   1.58 1.39 1.30 1.40 1.65 2.01 2.35 2.63 2.79 2.73 2.53 2.22 1.85 1.51 1.34 1.33 1.49 1.77 2.11 2.39 2.56 2.53 2.33 2.00
 27   1.66 1.36 1.21 1.22 1.44 1.83 2.20 2.51 2.79 2.82 2.68 2.37 1.99 1.61 1.34 1.20 1.28 1.58 1.92 2.27 2.49 2.57 2.46 2.20
 28   1.81 1.43 1.18 1.10 1.23 1.55 1.95 2.37 2.69 2.82 2.74 2.48 2.07 1.64 1.29 1.13 1.12 1.37 1.76 2.18 2.52 2.67 2.62 2.39
 29   2.05 1.61 1.30 1.12 1.15 1.41 1.78 2.20 2.57 2.82 2.85 2.66 2.32 1.89 1.47 1.18 1.08 1.23 1.55 1.97 2.40 2.68 2.77 2.66
 30   2.37 1.96 1.54 1.26 1.15 1.26 1.59 1.98 2.41 2.71 2.86 2.77 2.50 2.07 1.64 1.27 1.09 1.15 1.41 1.79 2.22 2.57 2.77 2.79
 31   2.58 2.20 1.81 1.46 1.25 1.23 1.47 1.82 2.21 2.59 2.82 2.83 2.67 2.33 1.89 1.50 1.22 1.14 1.27 1.58 1.98 2.37 2.67 2.79
 ----------------------------------------------------------------------------------------------------------------------------
                                                                                               
 ----------------------------------------------------------------------------------------------------------------------------
 ----------------------------------------------------------------------------------------------------------------------------
                                                          SURVEY OF INDIA
                                                    MARINE GEODESY WING (G&RB)
                                                     HOURLY HEIGHTS IN METRES
  NAME OF PORT:- PARADIP                                                                            MONTH SEPT      YEAR 2022
 ----------------------------------------------------------------------------------------------------------------------------
 DAYS 0000 0001 0002 0003 0004 0005 0006 0007 0008 0009 0010 0011 0012 0013 0014 0015 0016 0017 0018 0019 0020 0021 0022 0023
 ----------------------------------------------------------------------------------------------------------------------------
  1   2.70 2.44 2.05 1.67 1.41 1.27 1.35 1.59 1.93 2.29 2.55 2.68 2.63 2.43 2.09 1.70 1.37 1.17 1.17 1.34 1.65 2.03 2.37 2.61
  2   2.65 2.52 2.27 1.93 1.63 1.43 1.38 1.49 1.71 1.99 2.29 2.46 2.50 2.41 2.19 1.88 1.57 1.31 1.18 1.23 1.44 1.76 2.06 2.36
  3   2.54 2.54 2.42 2.17 1.90 1.65 1.48 1.44 1.53 1.75 2.00 2.21 2.36 2.38 2.28 2.08 1.82 1.56 1.37 1.29 1.37 1.55 1.79 2.08
  4   2.32 2.45 2.45 2.35 2.16 1.93 1.73 1.57 1.53 1.59 1.71 1.88 2.03 2.17 2.21 2.15 2.01 1.84 1.65 1.48 1.39 1.41 1.51 1.70
  5   1.93 2.15 2.28 2.34 2.29 2.17 2.00 1.82 1.66 1.55 1.52 1.59 1.73 1.89 2.04 2.13 2.13 2.05 1.91 1.72 1.53 1.39 1.35 1.41
  6   1.55 1.78 2.03 2.22 2.38 2.43 2.37 2.21 2.00 1.77 1.59 1.47 1.49 1.59 1.75 1.92 2.10 2.19 2.16 2.03 1.83 1.62 1.43 1.30
  7   1.32 1.48 1.73 2.01 2.31 2.52 2.60 2.55 2.36 2.07 1.76 1.51 1.36 1.34 1.46 1.75 2.03 2.28 2.43 2.41 2.26 2.00 1.73 1.43
  8   1.25 1.26 1.45 1.77 2.17 2.52 2.77 2.88 2.79 2.51 2.15 1.75 1.45 1.27 1.31 1.53 1.90 2.25 2.55 2.75 2.73 2.51 2.15 1.77
  9   1.43 1.24 1.27 1.54 1.95 2.41 2.81 3.09 3.17 3.04 2.67 2.22 1.76 1.42 1.28 1.39 1.71 2.12 2.55 2.87 3.04 2.93 2.64 2.20
 10   1.76 1.43 1.29 1.37 1.70 2.17 2.67 3.09 3.30 3.27 3.00 2.55 2.02 1.59 1.31 1.25 1.49 1.90 2.36 2.80 3.08 3.13 2.92 2.58
 11   2.08 1.65 1.37 1.29 1.49 1.86 2.34 2.85 3.15 3.29 3.14 2.79 2.25 1.75 1.38 1.13 1.20 1.54 2.02 2.51 2.89 3.08 3.03 2.79
 12   2.38 1.89 1.49 1.27 1.26 1.49 1.95 2.43 2.85 3.09 3.09 2.89 2.45 1.95 1.50 1.16 1.09 1.26 1.66 2.12 2.58 2.89 2.99 2.86
 13   2.54 2.13 1.68 1.33 1.19 1.31 1.62 2.04 2.47 2.81 2.97 2.87 2.58 2.13 1.66 1.28 1.12 1.19 1.46 1.85 2.28 2.65 2.85 2.83
 14   2.64 2.30 1.89 1.53 1.29 1.25 1.45 1.78 2.17 2.53 2.75 2.80 2.69 2.34 1.95 1.58 1.33 1.30 1.42 1.73 2.13 2.49 2.75 2.85
 15   2.75 2.53 2.18 1.85 1.59 1.41 1.45 1.65 1.95 2.28 2.51 2.64 2.59 2.37 2.06 1.75 1.50 1.35 1.40 1.58 1.88 2.21 2.49 2.65
 16   2.66 2.54 2.33 2.03 1.77 1.58 1.53 1.61 1.81 2.09 2.33 2.48 2.49 2.40 2.20 1.95 1.69 1.51 1.44 1.54 1.75 2.00 2.24 2.43
 17   2.54 2.53 2.39 2.17 1.97 1.77 1.67 1.67 1.77 1.97 2.14 2.28 2.35 2.33 2.20 2.03 1.83 1.64 1.54 1.57 1.71 1.89 2.07 2.24
 18   2.38 2.43 2.39 2.28 2.15 2.01 1.89 1.81 1.81 1.90 2.03 2.14 2.23 2.26 2.21 2.11 1.99 1.86 1.75 1.71 1.73 1.81 1.94 2.07
 19   2.20 2.30 2.36 2.37 2.32 2.24 2.16 2.08 2.03 2.00 2.01 2.05 2.11 2.16 2.19 2.20 2.16 2.10 2.03 1.98 1.94 1.93 1.95 2.02
 20   2.11 2.22 2.32 2.41 2.46 2.48 2.45 2.37 2.27 2.16 2.07 2.01 2.00 2.05 2.13 2.19 2.26 2.28 2.25 2.19 2.11 2.03 1.94 1.89
 21   1.90 1.99 2.13 2.28 2.42 2.53 2.56 2.52 2.42 2.25 2.07 1.90 1.80 1.79 1.87 2.01 2.15 2.30 2.38 2.35 2.24 2.08 1.91 1.77
 22   1.67 1.69 1.81 2.00 2.23 2.44 2.61 2.63 2.54 2.35 2.10 1.87 1.66 1.58 1.65 1.83 2.06 2.27 2.43 2.47 2.39 2.20 1.94 1.70
 23   1.53 1.48 1.60 1.81 2.13 2.42 2.66 2.75 2.71 2.53 2.25 1.93 1.65 1.49 1.46 1.60 1.87 2.21 2.48 2.65 2.64 2.47 2.19 1.86
 24   1.58 1.43 1.44 1.63 1.92 2.30 2.62 2.86 2.91 2.74 2.45 2.04 1.67 1.40 1.34 1.43 1.72 2.12 2.48 2.73 2.80 2.68 2.40 2.02
 25   1.64 1.39 1.30 1.43 1.73 2.15 2.52 2.83 2.95 2.87 2.60 2.15 1.75 1.39 1.22 1.23 1.47 1.88 2.31 2.68 2.88 2.84 2.65 2.27
 26   1.81 1.44 1.24 1.23 1.45 1.88 2.31 2.73 2.96 3.00 2.80 2.41 1.94 1.50 1.17 1.10 1.28 1.67 2.16 2.60 2.90 3.01 2.86 2.55
 27   2.05 1.60 1.28 1.16 1.31 1.63 2.10 2.55 2.91 3.02 2.92 2.59 2.13 1.63 1.21 1.03 1.07 1.39 1.88 2.40 2.82 3.05 3.05 2.80
 28   2.30 1.84 1.48 1.22 1.19 1.40 1.82 2.31 2.71 2.96 3.01 2.83 2.43 1.90 1.45 1.14 1.06 1.21 1.58 2.14 2.58 2.95 3.09 2.99
 29   2.66 2.20 1.77 1.39 1.23 1.29 1.55 1.97 2.49 2.82 2.97 2.89 2.58 2.13 1.68 1.31 1.14 1.19 1.50 1.95 2.41 2.82 3.05 3.07
 30   2.87 2.53 2.09 1.68 1.43 1.36 1.50 1.83 2.23 2.59 2.83 2.87 2.68 2.34 1.93 1.56 1.28 1.20 1.35 1.64 2.07 2.45 2.78 2.94
 ----------------------------------------------------------------------------------------------------------------------------
                                                                                              
 ----------------------------------------------------------------------------------------------------------------------------
 ----------------------------------------------------------------------------------------------------------------------------
                                                          SURVEY OF INDIA
                                                    MARINE GEODESY WING (G&RB)
                                                     HOURLY HEIGHTS IN METRES
  NAME OF PORT:- PARADIP                                                                            MONTH OCTOBER   YEAR 2022
 ----------------------------------------------------------------------------------------------------------------------------
 DAYS 0000 0001 0002 0003 0004 0005 0006 0007 0008 0009 0010 0011 0012 0013 0014 0015 0016 0017 0018 0019 0020 0021 0022 0023
 ----------------------------------------------------------------------------------------------------------------------------
  1   2.91 2.68 2.35 1.95 1.65 1.47 1.48 1.63 1.93 2.27 2.55 2.67 2.65 2.48 2.19 1.85 1.55 1.35 1.32 1.47 1.75 2.11 2.44 2.71
  2   2.81 2.76 2.58 2.29 2.04 1.79 1.62 1.59 1.69 1.92 2.17 2.39 2.50 2.49 2.36 2.14 1.89 1.65 1.49 1.46 1.56 1.77 2.05 2.33
  3   2.55 2.68 2.67 2.55 2.34 2.14 1.92 1.76 1.71 1.76 1.90 2.07 2.23 2.32 2.33 2.24 2.09 1.93 1.75 1.63 1.59 1.65 1.79 1.99
  4   2.21 2.39 2.51 2.56 2.52 2.39 2.23 2.06 1.91 1.82 1.82 1.91 2.04 2.15 2.26 2.34 2.37 2.30 2.17 2.02 1.87 1.76 1.72 1.78
  5   1.95 2.13 2.32 2.47 2.58 2.61 2.55 2.39 2.16 1.95 1.80 1.72 1.73 1.84 2.03 2.23 2.42 2.51 2.53 2.43 2.25 2.02 1.80 1.64
  6   1.67 1.84 2.09 2.36 2.60 2.77 2.81 2.72 2.48 2.22 1.95 1.70 1.58 1.59 1.76 2.02 2.31 2.55 2.69 2.69 2.54 2.29 2.01 1.73
  7   1.55 1.56 1.73 2.04 2.39 2.73 2.96 3.01 2.88 2.57 2.17 1.76 1.48 1.38 1.46 1.70 2.07 2.45 2.74 2.88 2.82 2.57 2.20 1.82
  8   1.50 1.37 1.43 1.69 2.08 2.53 2.88 3.08 3.05 2.81 2.42 1.85 1.50 1.28 1.25 1.45 1.83 2.26 2.68 2.94 3.03 2.89 2.54 2.10
  9   1.68 1.41 1.31 1.46 1.79 2.27 2.69 3.01 3.13 2.98 2.63 2.18 1.69 1.32 1.14 1.19 1.54 1.99 2.51 2.90 3.11 3.08 2.80 2.38
 10   1.90 1.50 1.28 1.30 1.51 1.96 2.44 2.83 3.06 3.07 2.85 2.41 1.95 1.47 1.18 1.09 1.30 1.71 2.21 2.68 3.01 3.12 2.97 2.61
 11   2.20 1.71 1.40 1.26 1.36 1.68 2.12 2.58 2.91 3.01 2.88 2.56 2.10 1.64 1.30 1.15 1.20 1.55 2.03 2.52 2.88 3.05 3.03 2.79
 12   2.36 1.85 1.50 1.30 1.27 1.47 1.85 2.27 2.61 2.82 2.81 2.63 2.24 1.80 1.43 1.20 1.18 1.38 1.76 2.20 2.60 2.89 2.97 2.83
 13   2.50 2.11 1.71 1.42 1.29 1.39 1.63 2.01 2.36 2.63 2.72 2.62 2.35 1.95 1.58 1.29 1.21 1.30 1.60 2.00 2.39 2.72 2.86 2.83
 14   2.64 2.30 1.94 1.61 1.43 1.42 1.58 1.84 2.15 2.43 2.60 2.59 2.41 2.13 1.81 1.51 1.32 1.32 1.50 1.81 2.15 2.48 2.70 2.78
 15   2.67 2.43 2.15 1.85 1.62 1.49 1.53 1.69 1.97 2.24 2.43 2.50 2.43 2.23 1.97 1.71 1.52 1.44 1.51 1.71 1.97 2.25 2.52 2.62
 16   2.59 2.48 2.30 2.07 1.87 1.72 1.66 1.71 1.87 2.06 2.23 2.34 2.34 2.23 2.05 1.85 1.69 1.59 1.59 1.69 1.88 2.10 2.30 2.46
 17   2.54 2.53 2.43 2.26 2.09 1.97 1.87 1.84 1.91 2.01 2.12 2.23 2.29 2.25 2.16 2.05 1.95 1.86 1.83 1.85 1.93 2.06 2.21 2.36
 18   2.45 2.48 2.46 2.39 2.29 2.19 2.09 2.02 1.97 1.97 2.02 2.09 2.16 2.21 2.21 2.18 2.14 2.09 2.05 2.01 1.98 2.00 2.05 2.14
 19   2.25 2.34 2.40 2.44 2.45 2.40 2.32 2.21 2.10 1.99 1.92 1.90 1.95 2.03 2.09 2.17 2.22 2.24 2.23 2.17 2.07 1.99 1.95 1.97
 20   2.06 2.16 2.28 2.41 2.50 2.54 2.51 2.40 2.24 2.09 1.92 1.82 1.81 1.88 2.00 2.15 2.30 2.41 2.45 2.40 2.26 2.10 1.94 1.84
 21   1.85 1.95 2.10 2.31 2.49 2.62 2.67 2.60 2.43 2.19 1.95 1.74 1.64 1.64 1.77 2.01 2.27 2.49 2.64 2.65 2.53 2.28 2.01 1.80
 22   1.67 1.70 1.83 2.07 2.35 2.60 2.76 2.77 2.63 2.36 2.02 1.72 1.52 1.47 1.59 1.88 2.20 2.53 2.76 2.86 2.76 2.50 2.16 1.85
 23   1.61 1.54 1.66 1.93 2.27 2.58 2.85 2.97 2.88 2.61 2.23 1.83 1.52 1.36 1.40 1.69 2.10 2.50 2.88 3.08 3.06 2.83 2.46 2.09
 24   1.72 1.58 1.64 1.88 2.21 2.60 2.95 3.14 3.13 2.96 2.58 2.17 1.77 1.50 1.47 1.67 2.02 2.48 2.95 3.24 3.36 3.24 2.90 2.46
 25   2.00 1.70 1.58 1.70 1.99 2.40 2.80 3.10 3.24 3.11 2.80 2.32 1.86 1.50 1.36 1.46 1.79 2.28 2.80 3.22 3.44 3.42 3.18 2.74
 26   2.25 1.81 1.54 1.49 1.66 2.04 2.48 2.86 3.11 3.13 2.93 2.51 2.01 1.56 1.26 1.22 1.42 1.85 2.40 2.95 3.24 3.34 3.21 2.84
 27   2.35 1.87 1.53 1.36 1.47 1.78 2.20 2.61 2.93 3.06 2.98 2.67 2.22 1.73 1.36 1.18 1.26 1.55 1.98 2.48 2.93 3.18 3.23 3.06
 28   2.69 2.18 1.76 1.46 1.35 1.46 1.76 2.15 2.52 2.78 2.84 2.72 2.39 1.96 1.53 1.25 1.15 1.30 1.62 2.08 2.53 2.90 3.10 3.08
 29   2.88 2.49 2.04 1.66 1.42 1.39 1.53 1.84 2.18 2.52 2.69 2.68 2.50 2.19 1.81 1.48 1.30 1.31 1.50 1.84 2.25 2.62 2.87 2.95
 30   2.88 2.63 2.26 1.89 1.61 1.46 1.50 1.70 1.96 2.23 2.46 2.58 2.54 2.37 2.08 1.81 1.56 1.42 1.44 1.61 1.90 2.22 2.52 2.70
 31   2.78 2.71 2.53 2.24 1.96 1.77 1.66 1.65 1.78 1.99 2.19 2.33 2.43 2.43 2.31 2.13 1.92 1.73 1.58 1.53 1.62 1.93 2.19 2.41
 ----------------------------------------------------------------------------------------------------------------------------
                                                                                               
 ----------------------------------------------------------------------------------------------------------------------------
 ----------------------------------------------------------------------------------------------------------------------------
                                                          SURVEY OF INDIA
                                                    MARINE GEODESY WING (G&RB)
                                                     HOURLY HEIGHTS IN METRES
  NAME OF PORT:- PARADIP                                                                            MONTH NOVEMBER  YEAR 2022
 ----------------------------------------------------------------------------------------------------------------------------
 DAYS 0000 0001 0002 0003 0004 0005 0006 0007 0008 0009 0010 0011 0012 0013 0014 0015 0016 0017 0018 0019 0020 0021 0022 0023
 ----------------------------------------------------------------------------------------------------------------------------
  1   2.61 2.70 2.68 2.55 2.35 2.11 1.90 1.75 1.70 1.72 1.83 1.96 2.11 2.23 2.29 2.27 2.18 2.04 1.88 1.76 1.70 1.74 1.87 2.02
  2   2.23 2.43 2.54 2.60 2.55 2.39 2.19 1.98 1.80 1.69 1.66 1.71 1.82 1.97 2.12 2.24 2.32 2.33 2.23 2.05 1.85 1.72 1.67 1.74
  3   1.88 2.10 2.30 2.48 2.58 2.56 2.44 2.21 1.98 1.78 1.59 1.49 1.53 1.67 1.89 2.13 2.34 2.48 2.47 2.36 2.16 1.93 1.73 1.60
  4   1.61 1.74 1.97 2.24 2.48 2.62 2.62 2.49 2.23 1.91 1.63 1.42 1.33 1.40 1.63 1.93 2.23 2.49 2.62 2.60 2.41 2.10 1.77 1.47
  5   1.35 1.43 1.65 1.95 2.29 2.55 2.69 2.65 2.44 2.10 1.71 1.40 1.19 1.17 1.35 1.68 2.06 2.41 2.65 2.73 2.61 2.31 1.97 1.57
  6   1.32 1.26 1.39 1.66 2.04 2.38 2.62 2.70 2.58 2.29 1.89 1.46 1.14 1.03 1.12 1.43 1.86 2.28 2.64 2.82 2.80 2.60 2.21 1.80
  7   1.43 1.24 1.24 1.44 1.80 2.20 2.52 2.72 2.72 2.51 2.14 1.69 1.30 1.08 1.02 1.23 1.61 2.08 2.52 2.84 2.94 2.81 2.50 2.10
  8   1.64 1.32 1.16 1.24 1.50 1.87 2.31 2.60 2.72 2.63 2.35 1.93 1.48 1.17 1.01 1.10 1.41 1.85 2.32 2.72 2.93 2.92 2.71 2.33
  9   1.87 1.47 1.23 1.15 1.30 1.62 2.02 2.37 2.62 2.64 2.45 2.10 1.68 1.31 1.06 1.05 1.26 1.63 2.09 2.50 2.83 2.92 2.80 2.51
 10   2.07 1.66 1.36 1.21 1.25 1.49 1.85 2.22 2.50 2.65 2.56 2.26 1.88 1.46 1.19 1.08 1.20 1.49 1.90 2.33 2.68 2.89 2.86 2.66
 11   2.29 1.87 1.55 1.35 1.29 1.42 1.71 2.07 2.37 2.56 2.53 2.34 2.02 1.66 1.34 1.16 1.16 1.36 1.71 2.11 2.48 2.73 2.78 2.66
 12   2.43 2.06 1.70 1.44 1.30 1.36 1.55 1.85 2.16 2.38 2.46 2.38 2.17 1.85 1.53 1.29 1.17 1.26 1.52 1.87 2.22 2.52 2.69 2.69
 13   2.54 2.29 1.96 1.67 1.47 1.40 1.48 1.67 1.93 2.21 2.35 2.37 2.27 2.04 1.75 1.53 1.38 1.37 1.51 1.73 2.03 2.31 2.53 2.63
 14   2.58 2.42 2.19 1.91 1.68 1.55 1.53 1.62 1.80 2.00 2.15 2.22 2.20 2.07 1.88 1.67 1.52 1.46 1.50 1.64 1.86 2.09 2.31 2.44
 15   2.49 2.43 2.28 2.06 1.85 1.70 1.61 1.63 1.71 1.84 1.96 2.05 2.09 2.04 1.94 1.79 1.66 1.56 1.52 1.58 1.72 1.89 2.07 2.22
 16   2.32 2.35 2.30 2.15 1.99 1.82 1.68 1.60 1.61 1.70 1.79 1.88 1.96 2.00 1.98 1.92 1.83 1.74 1.68 1.66 1.70 1.79 1.91 2.05
 17   2.16 2.24 2.25 2.20 2.10 1.99 1.86 1.74 1.66 1.62 1.66 1.74 1.84 1.94 2.01 2.04 2.03 1.96 1.88 1.80 1.74 1.71 1.75 1.84
 18   1.95 2.07 2.17 2.22 2.23 2.17 2.07 1.92 1.77 1.63 1.54 1.54 1.63 1.77 1.90 2.04 2.15 2.19 2.14 2.04 1.88 1.75 1.68 1.68
 19   1.76 1.90 2.05 2.19 2.30 2.34 2.28 2.13 1.93 1.68 1.48 1.41 1.44 1.59 1.80 2.02 2.23 2.38 2.41 2.32 2.14 1.94 1.76 1.62
 20   1.58 1.67 1.86 2.08 2.28 2.42 2.44 2.32 2.12 1.82 1.52 1.32 1.24 1.32 1.56 1.85 2.15 2.41 2.54 2.52 2.34 2.09 1.80 1.56
 21   1.44 1.46 1.64 1.90 2.16 2.40 2.54 2.50 2.31 2.00 1.62 1.32 1.12 1.13 1.30 1.64 2.05 2.43 2.68 2.77 2.66 2.39 2.03 1.68
 22   1.40 1.30 1.38 1.62 1.94 2.26 2.50 2.58 2.48 2.18 1.79 1.39 1.08 0.97 1.07 1.40 1.83 2.27 2.64 2.84 2.84 2.60 2.24 1.80
 23   1.43 1.20 1.16 1.34 1.66 2.04 2.39 2.58 2.57 2.35 1.96 1.47 1.07 0.82 0.83 1.08 1.51 1.99 2.48 2.79 2.89 2.77 2.44 2.00
 24   1.55 1.20 1.03 1.08 1.34 1.77 2.17 2.47 2.59 2.52 2.28 1.86 1.39 0.99 0.77 0.85 1.12 1.62 2.13 2.62 2.89 2.96 2.77 2.42
 25   1.91 1.45 1.14 0.98 1.09 1.40 1.83 2.23 2.52 2.61 2.47 2.13 1.66 1.21 0.90 0.81 0.97 1.34 1.86 2.34 2.77 2.97 2.94 2.70
 26   2.28 1.79 1.39 1.10 1.04 1.20 1.54 1.98 2.33 2.56 2.58 2.41 2.05 1.63 1.22 0.96 0.92 1.12 1.50 2.01 2.45 2.78 2.93 2.88
 27   2.65 2.23 1.80 1.43 1.20 1.18 1.36 1.69 2.05 2.36 2.50 2.47 2.28 1.95 1.58 1.25 1.08 1.08 1.30 1.66 2.09 2.52 2.78 2.88
 28   2.80 2.56 2.19 1.78 1.48 1.29 1.28 1.46 1.76 2.08 2.31 2.43 2.40 2.25 1.98 1.69 1.44 1.32 1.34 1.53 1.83 2.19 2.49 2.71
 29   2.80 2.73 2.51 2.19 1.87 1.62 1.48 1.46 1.61 1.82 2.04 2.26 2.38 2.39 2.28 2.08 1.88 1.68 1.56 1.56 1.69 1.92 2.17 2.43
 30   2.65 2.73 2.67 2.50 2.27 1.99 1.76 1.58 1.55 1.63 1.80 1.97 2.14 2.28 2.34 2.30 2.19 2.02 1.85 1.72 1.68 1.77 1.94 2.13
 ----------------------------------------------------------------------------------------------------------------------------
                                                                                               
 ----------------------------------------------------------------------------------------------------------------------------
 ----------------------------------------------------------------------------------------------------------------------------
                                                          SURVEY OF INDIA
                                                    MARINE GEODESY WING (G&RB)
                                                     HOURLY HEIGHTS IN METRES
  NAME OF PORT:- PARADIP                                                                            MONTH DECEMBER  YEAR 2022
 ----------------------------------------------------------------------------------------------------------------------------
 DAYS 0000 0001 0002 0003 0004 0005 0006 0007 0008 0009 0010 0011 0012 0013 0014 0015 0016 0017 0018 0019 0020 0021 0022 0023
 ----------------------------------------------------------------------------------------------------------------------------
  1   2.34 2.51 2.61 2.58 2.45 2.25 2.00 1.76 1.59 1.53 1.57 1.70 1.88 2.06 2.22 2.33 2.34 2.27 2.14 1.98 1.84 1.74 1.76 1.88
  2   2.05 2.22 2.39 2.48 2.47 2.36 2.18 1.95 1.72 1.54 1.46 1.49 1.60 1.83 2.03 2.23 2.37 2.40 2.33 2.18 1.98 1.82 1.68 1.64
  3   1.72 1.89 2.08 2.26 2.38 2.40 2.30 2.10 1.85 1.62 1.42 1.33 1.35 1.51 1.76 2.03 2.27 2.43 2.46 2.37 2.17 1.93 1.71 1.53
  4   1.49 1.59 1.78 2.01 2.22 2.35 2.38 2.28 2.07 1.79 1.52 1.32 1.24 1.33 1.54 1.85 2.16 2.44 2.58 2.59 2.44 2.20 1.89 1.64
  5   1.44 1.42 1.55 1.78 2.04 2.27 2.40 2.42 2.27 2.01 1.69 1.41 1.23 1.20 1.36 1.66 2.02 2.35 2.59 2.69 2.61 2.40 2.08 1.78
  6   1.51 1.36 1.38 1.57 1.86 2.15 2.36 2.45 2.40 2.18 1.85 1.53 1.26 1.16 1.23 1.51 1.87 2.24 2.58 2.78 2.78 2.62 2.35 1.98
  7   1.65 1.40 1.33 1.44 1.70 2.02 2.29 2.48 2.52 2.36 2.09 1.75 1.40 1.17 1.15 1.31 1.63 2.02 2.44 2.73 2.85 2.77 2.56 2.22
  8   1.82 1.50 1.33 1.32 1.49 1.79 2.08 2.37 2.50 2.42 2.20 1.88 1.53 1.24 1.11 1.18 1.44 1.82 2.24 2.59 2.82 2.84 2.70 2.43
  9   2.04 1.64 1.40 1.32 1.42 1.65 1.97 2.28 2.46 2.47 2.32 2.05 1.66 1.24 1.06 1.10 1.29 1.62 2.04 2.43 2.70 2.81 2.74 2.50
 10   2.17 1.80 1.51 1.32 1.31 1.48 1.76 2.07 2.30 2.42 2.36 2.15 1.83 1.51 1.24 1.14 1.25 1.49 1.88 2.24 2.59 2.77 2.78 2.64
 11   2.35 2.00 1.66 1.43 1.33 1.41 1.64 1.95 2.22 2.38 2.43 2.33 2.09 1.77 1.46 1.25 1.20 1.32 1.60 1.97 2.31 2.60 2.73 2.71
 12   2.53 2.24 1.89 1.58 1.39 1.35 1.47 1.71 2.00 2.23 2.33 2.30 2.11 1.84 1.56 1.34 1.22 1.25 1.45 1.75 2.06 2.36 2.55 2.62
 13   2.53 2.30 2.02 1.70 1.45 1.33 1.34 1.49 1.74 1.98 2.14 2.21 2.15 1.98 1.71 1.48 1.28 1.23 1.32 1.53 1.82 2.09 2.33 2.47
 14   2.46 2.35 2.13 1.84 1.59 1.40 1.32 1.36 1.54 1.76 1.99 2.11 2.13 2.03 1.84 1.63 1.45 1.33 1.32 1.43 1.64 1.88 2.12 2.31
 15   2.41 2.40 2.27 2.05 1.80 1.56 1.42 1.38 1.44 1.62 1.83 2.00 2.12 2.15 2.08 1.94 1.77 1.62 1.53 1.53 1.62 1.80 2.01 2.21
 16   2.36 2.44 2.39 2.24 2.01 1.79 1.61 1.48 1.44 1.51 1.67 1.84 2.00 2.13 2.18 2.14 2.04 1.91 1.78 1.67 1.61 1.68 1.84 2.01
 17
 18
 19
 20
 21
 22
 23   1.39 1.12 0.98 1.08 1.38 1.76 2.11 2.36 2.46 2.39 2.07 1.66 1.22 0.88 0.76 0.85 1.21 1.69 2.21 2.65 2.90 2.91 2.69 2.28
 24   1.79 1.35 1.05 0.95 1.08 1.39 1.82 2.18 2.46 2.52 2.39 2.05 1.57 1.14 0.86 0.77 0.94 1.32 1.85 2.36 2.74 2.95 2.88 2.61
 25   2.15 1.64 1.21 0.96 0.92 1.12 1.49 1.93 2.29 2.52 2.54 2.34 1.96 1.49 1.12 0.85 0.82 1.05 1.45 1.98 2.47 2.80 2.93 2.84
 26   2.54 2.05 1.57 1.17 0.96 0.96 1.20 1.56 2.00 2.31 2.49 2.48 2.28 1.92 1.48 1.13 0.92 0.96 1.22 1.61 2.11 2.55 2.83 2.93
 27   2.78 2.44 1.98 1.53 1.20 1.04 1.06 1.28 1.62 2.00 2.30 2.46 2.43 2.18 1.86 1.51 1.22 1.06 1.12 1.38 1.76 2.19 2.54 2.76
 28   2.81 2.64 2.33 1.94 1.50 1.23 1.10 1.16 1.38 1.73 2.08 2.33 2.44 2.37 2.15 1.89 1.62 1.39 1.28 1.34 1.57 1.90 2.24 2.54
 29   2.70 2.68 2.52 2.22 1.90 1.56 1.32 1.23 1.29 1.51 1.82 2.07 2.26 2.33 2.28 2.08 1.86 1.66 1.51 1.44 1.48 1.67 1.91 2.17
 30   2.39 2.52 2.51 2.35 2.04 1.76 1.49 1.32 1.25 1.33 1.49 1.74 1.97 2.18 2.28 2.26 2.14 1.97 1.77 1.61 1.51 1.53 1.63 1.83
 31   2.06 2.23 2.33 2.33 2.20 1.99 1.77 1.55 1.37 1.29 1.34 1.48 1.69 1.93 2.12 2.24 2.24 2.16 2.03 1.87 1.71 1.58 1.55 1.61
 ----------------------------------------------------------------------------------------------------------------------------
                                                                                               
 ----------------------------------------------------------------------------------------------------------------------------
 ----------------------------------------------------------------------------------------------------------------------------
