                                                          SURVEY OF INDIA
                                                    MARINE GEODESY WING (G&RB)
                                                     HOURLY HEIGHTS IN METRES
  NAME OF PORT:- PARADIP                                                                            MONTH JANUARY   YEAR 2020
 ----------------------------------------------------------------------------------------------------------------------------
 DAYS 0000 0001 0002 0003 0004 0005 0006 0007 0008 0009 0010 0011 0012 0013 0014 0015 0016 0017 0018 0019 0020 0021 0022 0023
 ----------------------------------------------------------------------------------------------------------------------------
  1   2.19 2.16 2.00 1.74 1.44 1.17 1.01 1.01 1.11 1.30 1.53 1.73 1.86 1.88 1.80 1.62 1.40 1.21 1.12 1.13 1.24 1.43 1.66 1.87
  2   2.01 2.06 1.99 1.82 1.59 1.34 1.15 1.07 1.09 1.21 1.39 1.57 1.73 1.83 1.85 1.79 1.65 1.47 1.32 1.24 1.24 1.33 1.50 1.70
  3   1.87 1.97 1.98 1.91 1.76 1.55 1.33 1.18 1.12 1.16 1.28 1.45 1.63 1.78 1.86 1.88 1.83 1.73 1.60 1.48 1.41 1.40 1.46 1.59
  4   1.77 1.91 1.97 1.96 1.88 1.73 1.55 1.38 1.25 1.20 1.23 1.33 1.49 1.66 1.81 1.90 1.93 1.91 1.82 1.68 1.54 1.44 1.41 1.45
  5   1.55 1.68 1.80 1.87 1.89 1.84 1.72 1.55 1.38 1.24 1.17 1.19 1.29 1.45 1.64 1.83 1.97 2.02 2.00 1.90 1.73 1.54 1.39 1.31
  6   1.32 1.40 1.54 1.70 1.81 1.86 1.82 1.70 1.52 1.32 1.16 1.08 1.10 1.22 1.42 1.65 1.87 2.04 2.11 2.05 1.90 1.70 1.48 1.29
  7   1.20 1.21 1.32 1.50 1.68 1.82 1.87 1.82 1.68 1.47 1.25 1.05 0.97 1.01 1.18 1.44 1.75 2.03 2.21 2.26 2.17 1.96 1.65 1.36
  8   1.15 1.07 1.11 1.27 1.49 1.71 1.88 1.93 1.86 1.66 1.38 1.09 0.90 0.85 0.94 1.19 1.54 1.90 2.21 2.36 2.34 2.17 1.87 1.54
  9   1.22 1.01 0.97 1.08 1.31 1.58 1.85 2.03 2.06 1.92 1.63 1.28 0.94 0.75 0.73 0.89 1.23 1.65 2.06 2.36 2.48 2.40 2.14 1.78
 10   1.36 1.02 0.85 0.88 1.07 1.38 1.73 2.01 2.14 2.09 1.87 1.51 1.11 0.79 0.65 0.70 0.96 1.38 1.86 2.27 2.53 2.57 2.42 2.08
 11   1.63 1.18 0.87 0.75 0.84 1.10 1.50 1.87 2.11 2.19 2.07 1.76 1.34 0.92 0.63 0.55 0.66 1.02 1.51 2.00 2.40 2.56 2.51 2.26
 12   1.87 1.41 0.94 0.70 0.68 0.87 1.21 1.62 2.00 2.22 2.24 2.07 1.72 1.28 0.87 0.62 0.59 0.77 1.18 1.66 2.12 2.47 2.59 2.51
 13   2.22 1.79 1.28 0.88 0.66 0.67 0.89 1.28 1.70 2.04 2.23 2.23 2.03 1.67 1.23 0.82 0.62 0.63 0.84 1.25 1.74 2.18 2.48 2.57
 14   2.44 2.12 1.70 1.20 0.82 0.68 0.74 0.98 1.37 1.82 2.13 2.23 2.15 1.93 1.57 1.14 0.84 0.74 0.83 1.10 1.48 1.92 2.29 2.48
 15   2.48 2.29 1.93 1.48 1.06 0.78 0.70 0.81 1.09 1.46 1.84 2.10 2.19 2.10 1.86 1.52 1.17 0.93 0.86 0.95 1.19 1.54 1.89 2.19
 16   2.33 2.33 2.15 1.79 1.40 1.02 0.80 0.76 0.88 1.14 1.47 1.80 2.04 2.12 2.05 1.85 1.56 1.28 1.08 1.01 1.08 1.28 1.58 1.87
 17   2.08 2.19 2.18 2.03 1.72 1.38 1.09 0.92 0.88 0.97 1.18 1.47 1.77 1.97 2.03 1.98 1.83 1.62 1.38 1.21 1.15 1.20 1.34 1.55
 18   1.77 1.96 2.04 2.02 1.90 1.66 1.39 1.13 0.97 0.93 1.01 1.18 1.40 1.66 1.88 1.99 1.99 1.89 1.72 1.51 1.34 1.24 1.22 1.29
 19   1.43 1.62 1.79 1.89 1.89 1.80 1.63 1.41 1.18 1.02 0.96 1.00 1.13 1.34 1.59 1.82 1.97 2.02 1.97 1.84 1.65 1.45 1.29 1.22
 20   1.24 1.34 1.48 1.64 1.76 1.80 1.76 1.62 1.41 1.21 1.05 0.98 1.00 1.12 1.34 1.60 1.86 2.05 2.11 2.07 1.92 1.71 1.49 1.29
 21   1.18 1.17 1.26 1.42 1.61 1.75 1.81 1.80 1.69 1.48 1.24 1.02 0.91 0.91 1.03 1.27 1.57 1.87 2.10 2.19 2.14 1.98 1.74 1.45
 22   1.22 1.09 1.07 1.16 1.36 1.59 1.79 1.88 1.85 1.71 1.47 1.18 0.94 0.82 0.84 0.99 1.29 1.62 1.96 2.20 2.26 2.16 1.92 1.62
 23   1.27 1.01 0.92 0.98 1.16 1.43 1.72 1.93 2.00 1.93 1.72 1.42 1.08 0.82 0.75 0.83 1.07 1.43 1.83 2.16 2.35 2.36 2.19 1.86
 24   1.48 1.13 0.91 0.85 0.96 1.22 1.54 1.85 2.04 2.07 1.96 1.68 1.34 1.01 0.80 0.76 0.90 1.23 1.67 2.09 2.39 2.50 2.40 2.13
 25   1.72 1.32 0.99 0.84 0.87 1.07 1.40 1.78 2.06 2.17 2.10 1.88 1.52 1.12 0.83 0.73 0.80 1.05 1.50 1.97 2.34 2.50 2.48 2.30
 26   1.94 1.52 1.12 0.89 0.83 0.96 1.25 1.62 1.97 2.17 2.20 2.09 1.80 1.42 1.03 0.80 0.75 0.88 1.20 1.64 2.09 2.38 2.49 2.40
 27   2.16 1.78 1.36 1.00 0.84 0.86 1.04 1.36 1.74 2.07 2.20 2.13 1.90 1.56 1.18 0.88 0.78 0.87 1.13 1.50 1.91 2.26 2.45 2.45
 28   2.27 1.94 1.52 1.13 0.90 0.86 0.97 1.24 1.59 1.94 2.15 2.19 2.06 1.80 1.47 1.12 0.91 0.89 1.03 1.30 1.65 2.02 2.29 2.38
 29   2.31 2.06 1.70 1.33 1.02 0.88 0.91 1.10 1.39 1.70 1.99 2.12 2.10 1.94 1.64 1.32 1.04 0.93 0.97 1.14 1.44 1.78 2.08 2.26
 30   2.28 2.14 1.87 1.53 1.19 0.97 0.92 1.01 1.23 1.55 1.84 2.03 2.09 2.01 1.80 1.52 1.25 1.08 1.04 1.12 1.32 1.60 1.87 2.08
 31   2.16 2.12 1.94 1.65 1.32 1.06 0.94 0.95 1.09 1.34 1.62 1.85 1.99 2.01 1.91 1.72 1.49 1.28 1.17 1.17 1.27 1.46 1.69 1.92
 ----------------------------------------------------------------------------------------------------------------------------
                                                                                             
 ----------------------------------------------------------------------------------------------------------------------------
 ----------------------------------------------------------------------------------------------------------------------------
                                                          SURVEY OF INDIA
                                                    MARINE GEODESY WING (G&RB)
                                                     HOURLY HEIGHTS IN METRES
  NAME OF PORT:- PARADIP                                                                            MONTH FEBRUARY  YEAR 2020
 ----------------------------------------------------------------------------------------------------------------------------
 DAYS 0000 0001 0002 0003 0004 0005 0006 0007 0008 0009 0010 0011 0012 0013 0014 0015 0016 0017 0018 0019 0020 0021 0022 0023
 ----------------------------------------------------------------------------------------------------------------------------
  1   2.05 2.07 1.98 1.79 1.51 1.25 1.08 1.01 1.06 1.21 1.42 1.66 1.85 1.95 1.95 1.85 1.69 1.50 1.35 1.28 1.28 1.36 1.51 1.69
  2   1.85 1.94 1.93 1.83 1.65 1.45 1.25 1.10 1.05 1.11 1.26 1.45 1.64 1.79 1.86 1.86 1.80 1.69 1.55 1.42 1.35 1.34 1.39 1.49
  3   1.63 1.74 1.80 1.79 1.72 1.58 1.40 1.23 1.12 1.09 1.13 1.23 1.38 1.56 1.72 1.82 1.86 1.84 1.76 1.63 1.49 1.38 1.33 1.34
  4   1.40 1.49 1.59 1.65 1.66 1.61 1.51 1.39 1.26 1.15 1.09 1.10 1.19 1.34 1.52 1.69 1.84 1.92 1.91 1.82 1.69 1.53 1.37 1.26
  5   1.23 1.28 1.38 1.51 1.63 1.69 1.68 1.60 1.45 1.26 1.08 0.98 0.97 1.06 1.23 1.46 1.70 1.91 2.03 2.04 1.94 1.76 1.53 1.31
  6   1.14 1.09 1.15 1.30 1.47 1.64 1.75 1.77 1.68 1.51 1.29 1.07 0.91 0.89 1.00 1.22 1.51 1.82 2.08 2.22 2.20 2.05 1.79 1.47
  7   1.17 1.01 0.99 1.10 1.31 1.58 1.84 1.97 1.96 1.83 1.55 1.21 0.90 0.75 0.76 0.92 1.23 1.62 2.01 2.30 2.40 2.32 2.07 1.72
  8   1.32 1.01 0.86 0.88 1.07 1.39 1.76 2.04 2.16 2.09 1.84 1.48 1.10 0.78 0.65 0.73 1.00 1.39 1.87 2.30 2.52 2.54 2.35 1.97
  9   1.52 1.06 0.77 0.70 0.81 1.11 1.51 1.91 2.19 2.25 2.11 1.78 1.31 0.88 0.60 0.54 0.70 1.09 1.60 2.11 2.51 2.66 2.57 2.29
 10   1.83 1.28 0.84 0.60 0.60 0.83 1.22 1.66 2.08 2.33 2.34 2.12 1.73 1.21 0.77 0.55 0.56 0.79 1.23 1.78 2.27 2.57 2.66 2.52
 11   2.14 1.62 1.08 0.67 0.53 0.62 0.92 1.37 1.85 2.23 2.41 2.37 2.11 1.66 1.17 0.74 0.57 0.63 0.91 1.37 1.89 2.34 2.60 2.61
 12   2.40 1.98 1.47 0.97 0.61 0.51 0.63 0.99 1.45 1.92 2.27 2.41 2.33 2.05 1.62 1.15 0.79 0.65 0.74 1.04 1.48 1.96 2.37 2.53
 13   2.48 2.26 1.85 1.36 0.90 0.61 0.55 0.70 1.07 1.57 1.99 2.27 2.35 2.23 1.93 1.51 1.12 0.87 0.80 0.93 1.23 1.62 2.02 2.31
 14   2.39 2.29 2.02 1.62 1.18 0.82 0.67 0.71 0.91 1.28 1.72 2.07 2.28 2.32 2.19 1.88 1.51 1.16 0.98 0.96 1.09 1.35 1.67 1.96
 15   2.16 2.21 2.09 1.84 1.48 1.14 0.92 0.82 0.86 1.04 1.36 1.69 1.99 2.15 2.17 2.06 1.83 1.54 1.28 1.14 1.11 1.19 1.38 1.61
 16   1.84 1.98 2.02 1.94 1.74 1.46 1.20 1.00 0.92 0.97 1.13 1.37 1.66 1.92 2.05 2.06 1.98 1.81 1.59 1.38 1.24 1.19 1.24 1.37
 17   1.54 1.71 1.81 1.83 1.77 1.63 1.45 1.27 1.13 1.05 1.05 1.14 1.32 1.53 1.74 1.90 1.98 1.97 1.88 1.72 1.53 1.37 1.28 1.26
 18   1.31 1.41 1.53 1.65 1.72 1.73 1.67 1.54 1.37 1.21 1.11 1.08 1.12 1.24 1.45 1.67 1.86 1.98 2.01 1.96 1.84 1.65 1.45 1.29
 19   1.20 1.20 1.27 1.39 1.54 1.67 1.74 1.72 1.62 1.46 1.27 1.10 1.02 1.04 1.16 1.37 1.63 1.87 2.03 2.09 2.05 1.90 1.65 1.38
 20   1.16 1.06 1.07 1.17 1.35 1.55 1.74 1.84 1.82 1.69 1.47 1.21 1.00 0.91 0.94 1.09 1.35 1.67 1.96 2.17 2.22 2.12 1.90 1.58
 21   1.26 1.02 0.93 0.98 1.14 1.38 1.65 1.87 1.96 1.91 1.73 1.43 1.12 0.91 0.84 0.93 1.15 1.48 1.86 2.17 2.32 2.29 2.11 1.81
 22   1.43 1.10 0.91 0.87 0.97 1.21 1.53 1.84 2.05 2.08 1.93 1.65 1.32 1.00 0.83 0.83 0.98 1.30 1.73 2.11 2.38 2.44 2.32 2.05
 23   1.64 1.25 0.96 0.83 0.88 1.09 1.43 1.79 2.07 2.18 2.11 1.89 1.53 1.14 0.87 0.76 0.83 1.08 1.46 1.90 2.28 2.45 2.42 2.20
 24   1.84 1.43 1.06 0.86 0.85 1.01 1.30 1.68 2.00 2.19 2.23 2.08 1.74 1.33 0.96 0.78 0.78 0.96 1.31 1.74 2.15 2.42 2.47 2.35
 25   2.04 1.61 1.16 0.85 0.75 0.84 1.10 1.50 1.92 2.21 2.31 2.24 1.96 1.56 1.19 0.91 0.81 0.91 1.20 1.59 2.02 2.34 2.49 2.44
 26   2.18 1.80 1.39 1.04 0.86 0.84 0.99 1.33 1.77 2.10 2.30 2.32 2.16 1.84 1.42 1.05 0.87 0.87 1.05 1.37 1.78 2.15 2.38 2.42
 27   2.27 1.97 1.56 1.14 0.86 0.80 0.91 1.18 1.54 1.90 2.18 2.30 2.23 2.00 1.64 1.26 0.98 0.89 0.95 1.17 1.52 1.92 2.22 2.33
 28   2.26 2.05 1.72 1.33 0.99 0.83 0.86 1.05 1.36 1.72 2.05 2.24 2.25 2.10 1.82 1.46 1.15 0.99 0.98 1.12 1.39 1.75 2.03 2.22
 29   2.22 2.10 1.83 1.48 1.14 0.92 0.87 0.97 1.21 1.52 1.84 2.08 2.18 2.13 1.94 1.67 1.38 1.15 1.06 1.12 1.30 1.55 1.84 2.05
 ----------------------------------------------------------------------------------------------------------------------------
                                                                                              
 ----------------------------------------------------------------------------------------------------------------------------
 ----------------------------------------------------------------------------------------------------------------------------
                                                          SURVEY OF INDIA
                                                    MARINE GEODESY WING (G&RB)
                                                     HOURLY HEIGHTS IN METRES
  NAME OF PORT:- PARADIP                                                                            MONTH MARCH     YEAR 2020
 ----------------------------------------------------------------------------------------------------------------------------
 DAYS 0000 0001 0002 0003 0004 0005 0006 0007 0008 0009 0010 0011 0012 0013 0014 0015 0016 0017 0018 0019 0020 0021 0022 0023
 ----------------------------------------------------------------------------------------------------------------------------
  1   2.13 2.06 1.88 1.62 1.31 1.06 0.94 0.96 1.10 1.35 1.64 1.90 2.06 2.11 2.03 1.83 1.58 1.36 1.22 1.18 1.25 1.40 1.60 1.80
  2   1.93 1.96 1.89 1.73 1.49 1.27 1.11 1.05 1.10 1.26 1.48 1.71 1.91 2.02 2.03 1.94 1.77 1.58 1.41 1.30 1.28 1.34 1.45 1.60
  3   1.75 1.83 1.83 1.75 1.60 1.43 1.28 1.18 1.15 1.20 1.32 1.49 1.66 1.80 1.89 1.92 1.89 1.80 1.66 1.52 1.42 1.39 1.42 1.49
  4   1.58 1.67 1.72 1.73 1.69 1.60 1.48 1.35 1.25 1.20 1.22 1.30 1.43 1.58 1.74 1.86 1.92 1.93 1.87 1.77 1.64 1.52 1.42 1.37
  5   1.38 1.44 1.53 1.63 1.70 1.72 1.67 1.57 1.44 1.31 1.21 1.17 1.20 1.30 1.46 1.65 1.85 2.00 2.05 2.01 1.89 1.71 1.52 1.34
  6   1.24 1.23 1.30 1.43 1.58 1.73 1.82 1.82 1.73 1.58 1.37 1.17 1.06 1.06 1.17 1.37 1.62 1.89 2.10 2.20 2.16 1.98 1.70 1.40
  7   1.14 1.01 1.02 1.15 1.38 1.65 1.89 2.01 2.00 1.84 1.56 1.24 0.98 0.84 0.86 1.02 1.32 1.73 2.13 2.34 2.37 2.23 1.94 1.55
  8   1.18 0.91 0.82 0.90 1.13 1.46 1.82 2.09 2.20 2.13 1.89 1.50 1.08 0.78 0.67 0.76 1.04 1.48 1.98 2.38 2.57 2.53 2.30 1.90
  9   1.40 0.94 0.67 0.62 0.77 1.13 1.57 2.03 2.30 2.37 2.22 1.88 1.40 0.95 0.67 0.60 0.74 1.12 1.64 2.14 2.53 2.65 2.54 2.23
 10   1.72 1.17 0.71 0.53 0.59 0.89 1.36 1.85 2.30 2.52 2.47 2.20 1.74 1.21 0.75 0.56 0.62 0.88 1.35 1.90 2.37 2.65 2.66 2.44
 11   2.04 1.46 0.93 0.56 0.46 0.59 0.97 1.50 2.03 2.43 2.58 2.48 2.18 1.72 1.20 0.78 0.61 0.69 0.99 1.48 1.99 2.41 2.59 2.55
 12   2.28 1.80 1.24 0.78 0.50 0.45 0.66 1.11 1.61 2.11 2.42 2.50 2.37 2.04 1.57 1.09 0.79 0.69 0.80 1.15 1.58 2.02 2.33 2.45
 13   2.35 2.07 1.63 1.15 0.76 0.56 0.60 0.84 1.22 1.71 2.17 2.42 2.41 2.22 1.87 1.44 1.05 0.80 0.76 0.92 1.29 1.68 2.04 2.25
 14   2.30 2.15 1.85 1.46 1.05 0.75 0.67 0.78 1.08 1.48 1.88 2.20 2.34 2.30 2.10 1.78 1.44 1.14 1.00 1.02 1.17 1.42 1.72 1.98
 15   2.13 2.12 1.98 1.70 1.38 1.09 0.94 0.94 1.06 1.31 1.62 1.92 2.14 2.23 2.17 2.00 1.75 1.47 1.27 1.18 1.20 1.32 1.52 1.73
 16   1.90 1.96 1.86 1.63 1.36 1.15 1.06 1.08 1.17 1.31 1.48 1.66 1.84 1.98 2.04 2.00 1.87 1.69 1.50 1.35 1.29 1.30 1.37 1.49
 17   1.62 1.73 1.78 1.77 1.69 1.57 1.44 1.32 1.25 1.25 1.32 1.43 1.58 1.73 1.85 1.92 1.93 1.88 1.78 1.66 1.54 1.44 1.38 1.37
 18   1.41 1.49 1.57 1.64 1.67 1.65 1.60 1.52 1.44 1.36 1.30 1.29 1.35 1.46 1.61 1.77 1.90 1.96 1.96 1.90 1.79 1.63 1.46 1.34
 19   1.28 1.29 1.36 1.49 1.63 1.74 1.80 1.77 1.68 1.54 1.38 1.25 1.20 1.24 1.36 1.54 1.74 1.93 2.06 2.09 2.00 1.83 1.63 1.44
 20   1.30 1.26 1.31 1.41 1.55 1.70 1.85 1.96 1.96 1.84 1.61 1.35 1.17 1.12 1.19 1.36 1.61 1.89 2.12 2.25 2.24 2.09 1.82 1.52
 21   1.24 1.04 0.99 1.08 1.27 1.52 1.80 2.01 2.08 1.99 1.78 1.50 1.22 1.04 1.00 1.10 1.36 1.71 2.04 2.28 2.36 2.26 2.03 1.70
 22   1.35 1.04 0.91 0.94 1.13 1.43 1.76 2.03 2.18 2.14 1.95 1.65 1.31 1.03 0.91 0.97 1.18 1.50 1.90 2.25 2.43 2.39 2.19 1.85
 23   1.46 1.10 0.89 0.86 1.01 1.30 1.66 2.01 2.22 2.25 2.09 1.80 1.41 1.04 0.83 0.82 0.98 1.29 1.69 2.09 2.34 2.38 2.23 1.94
 24   1.54 1.12 0.83 0.75 0.87 1.15 1.56 1.93 2.21 2.33 2.24 1.99 1.61 1.20 0.90 0.79 0.87 1.13 1.53 1.96 2.29 2.42 2.33 2.06
 25   1.66 1.23 0.87 0.71 0.76 1.00 1.38 1.79 2.14 2.34 2.34 2.15 1.82 1.37 0.99 0.78 0.79 0.98 1.33 1.74 2.12 2.33 2.35 2.16
 26   1.78 1.36 0.96 0.71 0.67 0.82 1.15 1.58 2.00 2.30 2.39 2.27 1.97 1.56 1.14 0.85 0.76 0.87 1.18 1.59 2.00 2.29 2.36 2.24
 27   1.96 1.54 1.12 0.81 0.68 0.76 1.05 1.45 1.87 2.22 2.39 2.35 2.11 1.75 1.32 0.96 0.80 0.85 1.05 1.37 1.76 2.08 2.24 2.22
 28   2.00 1.61 1.22 0.91 0.74 0.76 0.94 1.26 1.67 2.05 2.29 2.35 2.23 1.94 1.56 1.18 0.94 0.88 1.00 1.27 1.62 1.95 2.18 2.24
 29   2.13 1.83 1.46 1.10 0.84 0.77 0.87 1.12 1.49 1.91 2.23 2.37 2.34 2.14 1.83 1.46 1.17 1.04 1.08 1.26 1.53 1.85 2.12 2.24
 30   2.18 1.99 1.71 1.39 1.08 0.88 0.85 1.01 1.34 1.71 2.02 2.23 2.28 2.20 1.98 1.70 1.42 1.22 1.15 1.22 1.40 1.66 1.90 2.06
 31   2.11 2.03 1.85 1.59 1.32 1.11 1.04 1.10 1.27 1.52 1.82 2.08 2.22 2.23 2.12 1.93 1.70 1.48 1.34 1.29 1.35 1.49 1.68 1.87
 ----------------------------------------------------------------------------------------------------------------------------
                                                                                              
 ----------------------------------------------------------------------------------------------------------------------------
 ----------------------------------------------------------------------------------------------------------------------------
                                                          SURVEY OF INDIA
                                                    MARINE GEODESY WING (G&RB)
                                                     HOURLY HEIGHTS IN METRES
  NAME OF PORT:- PARADIP                                                                            MONTH APRIL     YEAR 2020
 ----------------------------------------------------------------------------------------------------------------------------
 DAYS 0000 0001 0002 0003 0004 0005 0006 0007 0008 0009 0010 0011 0012 0013 0014 0015 0016 0017 0018 0019 0020 0021 0022 0023
 ----------------------------------------------------------------------------------------------------------------------------
  1   1.98 2.00 1.91 1.75 1.54 1.34 1.20 1.15 1.21 1.35 1.55 1.78 1.97 2.09 2.11 2.04 1.90 1.72 1.55 1.44 1.39 1.40 1.47 1.59
  2   1.72 1.80 1.82 1.78 1.69 1.55 1.42 1.33 1.29 1.30 1.39 1.54 1.71 1.87 1.98 2.02 1.99 1.90 1.77 1.62 1.47 1.37 1.32 1.34
  3   1.42 1.53 1.65 1.73 1.75 1.71 1.62 1.50 1.38 1.29 1.25 1.27 1.35 1.51 1.69 1.85 1.97 2.02 1.99 1.87 1.69 1.49 1.30 1.19
  4
  5
  6
  7
  8
  9   1.65 0.93 0.50 0.31 0.42 0.76 1.34 1.93 2.40 2.72 2.72 2.47 1.97 1.44 0.95 0.66 0.63 0.88 1.29 1.78 2.26 2.52 2.57 2.37
 10   1.92 1.35 0.84 0.50 0.42 0.58 0.97 1.49 2.04 2.47 2.65 2.61 2.29 1.81 1.29 0.88 0.67 0.72 0.99 1.40 1.86 2.21 2.41 2.40
 11   2.16 1.72 1.22 0.77 0.54 0.57 0.81 1.21 1.69 2.17 2.48 2.59 2.47 2.14 1.70 1.26 0.93 0.81 0.89 1.15 1.51 1.86 2.14 2.26
 12   2.21 1.96 1.58 1.18 0.86 0.72 0.78 1.02 1.40 1.80 2.15 2.37 2.42 2.28 1.99 1.63 1.28 1.06 1.00 1.09 1.30 1.59 1.85 2.02
 13   2.06 1.98 1.76 1.48 1.20 0.99 0.92 1.00 1.19 1.47 1.78 2.06 2.23 2.26 2.15 1.93 1.61 1.29 1.11 1.09 1.19 1.37 1.57 1.76
 14   1.89 1.92 1.86 1.70 1.50 1.30 1.16 1.11 1.18 1.34 1.56 1.78 1.98 2.09 2.10 2.01 1.85 1.65 1.47 1.35 1.30 1.33 1.41 1.52
 15   1.64 1.73 1.77 1.73 1.64 1.52 1.41 1.32 1.28 1.32 1.42 1.55 1.70 1.84 1.93 1.96 1.92 1.83 1.69 1.55 1.42 1.34 1.31 1.34
 16   1.41 1.50 1.59 1.66 1.69 1.68 1.62 1.53 1.43 1.37 1.36 1.41 1.50 1.62 1.76 1.88 1.95 1.96 1.91 1.80 1.64 1.47 1.34 1.26
 17   1.24 1.28 1.38 1.52 1.64 1.72 1.75 1.71 1.61 1.48 1.37 1.31 1.31 1.38 1.51 1.69 1.85 1.96 2.01 1.96 1.81 1.61 1.39 1.20
 18   1.11 1.13 1.24 1.40 1.60 1.79 1.92 1.94 1.85 1.66 1.46 1.29 1.20 1.22 1.31 1.48 1.71 1.93 2.07 2.10 2.01 1.77 1.50 1.24
 19   1.08 1.04 1.10 1.25 1.47 1.75 1.98 2.09 2.09 1.94 1.67 1.37 1.16 1.10 1.17 1.34 1.58 1.86 2.10 2.20 2.15 1.96 1.68 1.36
 20   1.10 0.97 0.98 1.13 1.38 1.72 2.01 2.19 2.20 2.06 1.80 1.46 1.16 1.00 1.00 1.14 1.42 1.76 2.07 2.26 2.28 2.14 1.85 1.46
 21   1.16 0.96 0.89 0.99 1.25 1.61 1.98 2.24 2.33 2.27 2.03 1.68 1.32 1.03 0.92 1.00 1.24 1.58 1.95 2.24 2.35 2.28 2.05 1.70
 22   1.32 1.00 0.86 0.92 1.16 1.53 1.90 2.24 2.45 2.46 2.26 1.94 1.52 1.17 0.95 0.90 1.05 1.36 1.76 2.10 2.32 2.34 2.18 1.86
 23   1.47 1.08 0.83 0.77 0.92 1.27 1.69 2.11 2.43 2.54 2.45 2.20 1.80 1.37 1.04 0.91 0.97 1.17 1.46 1.78 2.09 2.32 2.37 2.16
 24   1.71 1.25 0.93 0.80 0.87 1.12 1.53 1.94 2.33 2.54 2.54 2.33 1.98 1.59 1.23 1.00 0.95 1.08 1.38 1.78 2.18 2.40 2.39 2.17
 25   1.83 1.42 1.02 0.76 0.72 0.90 1.30 1.76 2.19 2.47 2.57 2.46 2.19 1.78 1.37 1.04 0.91 0.97 1.19 1.53 1.92 2.20 2.30 2.23
 26   1.96 1.58 1.20 0.91 0.80 0.88 1.13 1.51 1.98 2.36 2.54 2.51 2.34 2.02 1.60 1.24 1.04 1.01 1.16 1.45 1.81 2.14 2.31 2.28
 27   2.10 1.78 1.42 1.11 0.91 0.85 0.99 1.31 1.73 2.12 2.40 2.51 2.41 2.17 1.83 1.46 1.19 1.07 1.12 1.31 1.60 1.88 2.09 2.18
 28   2.13 1.94 1.65 1.31 1.07 0.97 1.04 1.25 1.58 1.94 2.24 2.42 2.44 2.33 2.07 1.76 1.46 1.27 1.20 1.27 1.46 1.70 1.93 2.10
 29   2.15 2.07 1.87 1.62 1.36 1.18 1.12 1.21 1.42 1.72 2.01 2.25 2.37 2.35 2.24 2.03 1.76 1.52 1.36 1.30 1.37 1.52 1.70 1.88
 30   2.00 2.04 1.96 1.78 1.57 1.38 1.27 1.26 1.35 1.52 1.74 1.99 2.18 2.29 2.31 2.21 2.02 1.80 1.60 1.46 1.40 1.44 1.53 1.66
 ----------------------------------------------------------------------------------------------------------------------------
                                                                                             
 ----------------------------------------------------------------------------------------------------------------------------
 ----------------------------------------------------------------------------------------------------------------------------
                                                          SURVEY OF INDIA
                                                    MARINE GEODESY WING (G&RB)
                                                     HOURLY HEIGHTS IN METRES
  NAME OF PORT:- PARADIP                                                                            MONTH MAY       YEAR 2020
 ----------------------------------------------------------------------------------------------------------------------------
 DAYS 0000 0001 0002 0003 0004 0005 0006 0007 0008 0009 0010 0011 0012 0013 0014 0015 0016 0017 0018 0019 0020 0021 0022 0023
 ----------------------------------------------------------------------------------------------------------------------------
  1   1.80 1.91 1.96 1.94 1.84 1.69 1.53 1.42 1.38 1.43 1.55 1.72 1.91 2.10 2.24 2.30 2.25 2.12 1.93 1.73 1.54 1.41 1.36 1.41
  2   1.53 1.69 1.86 2.00 2.06 2.04 1.93 1.77 1.60 1.48 1.44 1.50 1.66 1.87 2.11 2.29 2.38 2.36 2.24 2.03 1.78 1.54 1.37 1.30
  3   1.33 1.45 1.67 1.90 2.11 2.21 2.20 2.07 1.85 1.60 1.42 1.35 1.39 1.52 1.76 2.04 2.26 2.40 2.41 2.27 1.99 1.67 1.35 1.13
  4   1.06 1.12 1.34 1.65 1.98 2.26 2.38 2.35 2.18 1.91 1.57 1.29 1.13 1.12 1.30 1.64 2.03 2.36 2.53 2.51 2.32 1.99 1.59 1.20
  5   0.95 0.87 0.98 1.29 1.74 2.17 2.51 2.63 2.54 2.27 1.88 1.44 1.13 1.02 1.08 1.32 1.71 2.12 2.47 2.62 2.55 2.28 1.86 1.39
  6   1.01 0.78 0.76 0.96 1.38 1.88 2.35 2.67 2.77 2.64 2.27 1.76 1.32 1.02 0.93 1.02 1.31 1.76 2.22 2.54 2.65 2.55 2.22 1.73
  7   1.18 0.77 0.60 0.66 0.96 1.49 2.04 2.55 2.80 2.83 2.63 2.22 1.69 1.22 0.91 0.83 0.98 1.39 1.87 2.29 2.55 2.61 2.45 2.04
  8   1.51 1.03 0.69 0.60 0.74 1.15 1.68 2.23 2.66 2.86 2.81 2.53 2.07 1.53 1.09 0.85 0.84 1.07 1.48 1.92 2.31 2.52 2.50 2.27
  9   1.90 1.43 1.03 0.78 0.74 0.91 1.30 1.80 2.32 2.67 2.77 2.66 2.31 1.82 1.32 0.96 0.85 0.93 1.21 1.62 2.04 2.34 2.46 2.38
 10   2.14 1.78 1.37 1.03 0.87 0.89 1.10 1.48 1.95 2.36 2.61 2.66 2.50 2.14 1.72 1.30 1.02 0.93 1.02 1.28 1.65 2.00 2.23 2.29
 11   2.20 1.98 1.66 1.30 1.05 0.96 1.03 1.26 1.64 2.10 2.42 2.56 2.53 2.36 2.04 1.66 1.32 1.12 1.08 1.19 1.44 1.74 2.00 2.14
 12   2.17 2.07 1.86 1.54 1.26 1.09 1.05 1.14 1.38 1.77 2.14 2.36 2.44 2.39 2.24 1.98 1.63 1.33 1.19 1.19 1.31 1.51 1.73 1.92
 13   2.02 2.02 1.92 1.73 1.51 1.33 1.24 1.25 1.36 1.58 1.83 2.07 2.25 2.33 2.30 2.16 1.94 1.69 1.47 1.34 1.32 1.40 1.55 1.71
 14   1.84 1.93 1.96 1.90 1.77 1.62 1.48 1.40 1.40 1.48 1.63 1.82 2.00 2.13 2.19 2.17 2.07 1.90 1.71 1.54 1.44 1.41 1.45 1.55
 15   1.68 1.79 1.86 1.89 1.87 1.80 1.69 1.58 1.52 1.51 1.56 1.66 1.80 1.95 2.08 2.15 2.15 2.07 1.92 1.75 1.59 1.48 1.43 1.45
 16   1.54 1.68 1.83 1.95 2.01 2.01 1.95 1.85 1.73 1.61 1.54 1.54 1.61 1.75 1.91 2.05 2.14 2.15 2.08 1.94 1.76 1.58 1.44 1.37
 17   1.38 1.47 1.63 1.81 1.97 2.08 2.11 2.06 1.93 1.75 1.59 1.50 1.49 1.57 1.73 1.93 2.10 2.21 2.23 2.15 1.99 1.76 1.54 1.39
 18   1.34 1.39 1.54 1.76 1.99 2.19 2.31 2.31 2.20 2.01 1.78 1.58 1.49 1.51 1.64 1.86 2.11 2.30 2.38 2.36 2.23 2.01 1.74 1.50
 19   1.36 1.34 1.48 1.72 2.00 2.29 2.51 2.60 2.56 2.38 2.12 1.85 1.66 1.60 1.67 1.86 2.14 2.42 2.60 2.66 2.57 2.37 2.08 1.76
 20   1.55 1.51 1.63 1.88 2.22 2.60 2.86 2.95 2.91 2.73 2.41 2.03 1.71 1.57 1.60 1.77 2.06 2.37 2.60 2.69 2.62 2.38 2.03 1.65
 21   1.36 1.19 1.17 1.32 1.63 2.01 2.35 2.59 2.70 2.62 2.38 2.01 1.68 1.48 1.43 1.54 1.83 2.24 2.61 2.78 2.76 2.59 2.26 1.84
 22   1.43 1.18 1.11 1.22 1.50 1.90 2.34 2.68 2.84 2.83 2.65 2.32 1.90 1.54 1.34 1.31 1.45 1.75 2.12 2.46 2.66 2.69 2.55 2.25
 23   1.88 1.55 1.35 1.32 1.48 1.84 2.25 2.62 2.87 2.94 2.82 2.54 2.14 1.74 1.46 1.33 1.38 1.57 1.89 2.25 2.51 2.60 2.52 2.30
 24   1.96 1.59 1.32 1.21 1.29 1.56 1.94 2.38 2.73 2.91 2.90 2.70 2.34 1.94 1.57 1.37 1.32 1.43 1.68 2.03 2.36 2.56 2.58 2.41
 25   2.08 1.67 1.30 1.10 1.07 1.22 1.56 2.00 2.43 2.73 2.83 2.74 2.48 2.10 1.71 1.41 1.27 1.31 1.52 1.86 2.17 2.39 2.49 2.44
 26   2.22 1.85 1.51 1.24 1.11 1.16 1.38 1.75 2.18 2.54 2.74 2.77 2.65 2.38 2.02 1.62 1.33 1.22 1.29 1.50 1.83 2.14 2.35 2.43
 27   2.34 2.11 1.79 1.47 1.26 1.20 1.29 1.54 1.89 2.28 2.57 2.71 2.69 2.54 2.26 1.91 1.60 1.40 1.32 1.38 1.56 1.86 2.16 2.34
 28   2.37 2.24 1.98 1.65 1.36 1.19 1.17 1.31 1.60 1.97 2.35 2.64 2.77 2.73 2.54 2.27 1.97 1.72 1.57 1.53 1.62 1.81 2.03 2.22
 29   2.34 2.36 2.26 2.07 1.81 1.56 1.41 1.39 1.50 1.74 2.03 2.30 2.52 2.63 2.60 2.44 2.20 1.91 1.66 1.51 1.47 1.55 1.74 1.97
 30   2.18 2.32 2.35 2.29 2.14 1.94 1.75 1.63 1.59 1.65 1.80 2.04 2.28 2.47 2.59 2.60 2.47 2.22 1.93 1.67 1.49 1.42 1.47 1.62
 31   1.83 2.06 2.26 2.36 2.35 2.25 2.07 1.85 1.67 1.58 1.57 1.67 1.89 2.16 2.39 2.52 2.53 2.44 2.23 1.96 1.67 1.44 1.34 1.37
 ----------------------------------------------------------------------------------------------------------------------------
                                                                                              
 ----------------------------------------------------------------------------------------------------------------------------
 ----------------------------------------------------------------------------------------------------------------------------
                                                          SURVEY OF INDIA
                                                    MARINE GEODESY WING (G&RB)
                                                     HOURLY HEIGHTS IN METRES
  NAME OF PORT:- PARADIP                                                                            MONTH JUNE      YEAR 2020
 ----------------------------------------------------------------------------------------------------------------------------
 DAYS 0000 0001 0002 0003 0004 0005 0006 0007 0008 0009 0010 0011 0012 0013 0014 0015 0016 0017 0018 0019 0020 0021 0022 0023
 ----------------------------------------------------------------------------------------------------------------------------
  1   1.51 1.74 2.02 2.27 2.44 2.47 2.38 2.20 1.94 1.69 1.54 1.51 1.62 1.84 2.12 2.36 2.51 2.54 2.46 2.26 1.94 1.60 1.34 1.21
  2   1.24 1.43 1.74 2.10 2.42 2.62 2.65 2.53 2.30 2.00 1.70 1.50 1.45 1.55 1.78 2.09 2.40 2.57 2.59 2.47 2.22 1.88 1.53 1.23
  3   1.08 1.12 1.33 1.73 2.18 2.57 2.79 2.83 2.68 2.37 1.97 1.59 1.38 1.35 1.49 1.77 2.14 2.46 2.67 2.72 2.59 2.26 1.83 1.42
  4   1.14 1.03 1.14 1.43 1.88 2.38 2.77 2.97 2.97 2.76 2.34 1.86 1.48 1.28 1.27 1.45 1.80 2.21 2.56 2.75 2.74 2.53 2.14 1.67
  5   1.27 1.03 1.00 1.19 1.57 2.07 2.57 2.92 3.07 3.00 2.74 2.30 1.80 1.40 1.20 1.22 1.42 1.80 2.22 2.57 2.75 2.74 2.52 2.11
  6   1.60 1.20 1.00 1.03 1.26 1.70 2.22 2.70 3.00 3.09 2.99 2.66 2.22 1.74 1.36 1.19 1.21 1.42 1.83 2.27 2.60 2.76 2.73 2.49
  7   2.06 1.52 1.15 1.01 1.09 1.36 1.80 2.29 2.75 3.04 3.12 2.96 2.56 2.03 1.58 1.31 1.22 1.34 1.63 2.03 2.39 2.62 2.68 2.56
  8   2.26 1.87 1.46 1.20 1.14 1.28 1.62 2.09 2.53 2.87 3.06 3.04 2.81 2.42 1.94 1.56 1.34 1.29 1.40 1.69 2.09 2.40 2.58 2.62
  9   2.49 2.18 1.77 1.44 1.27 1.26 1.44 1.77 2.20 2.59 2.87 2.98 2.90 2.63 2.25 1.87 1.58 1.44 1.47 1.65 1.94 2.22 2.44 2.56
 10   2.55 2.37 2.05 1.73 1.50 1.41 1.48 1.67 1.98 2.34 2.65 2.84 2.89 2.77 2.50 2.17 1.84 1.61 1.52 1.58 1.77 2.03 2.28 2.45
 11   2.51 2.45 2.26 2.02 1.80 1.66 1.61 1.69 1.88 2.18 2.50 2.76 2.88 2.86 2.72 2.46 2.16 1.91 1.75 1.69 1.74 1.88 2.10 2.32
 12   2.46 2.50 2.46 2.32 2.12 1.94 1.83 1.80 1.86 2.02 2.26 2.51 2.70 2.79 2.76 2.62 2.40 2.15 1.93 1.79 1.75 1.81 1.95 2.13
 13   2.31 2.44 2.49 2.46 2.34 2.17 2.01 1.90 1.86 1.92 2.05 2.24 2.43 2.58 2.64 2.61 2.50 2.32 2.12 1.94 1.81 1.76 1.80 1.91
 14   2.06 2.21 2.32 2.37 2.36 2.28 2.16 2.02 1.90 1.83 1.82 1.90 2.08 2.27 2.42 2.50 2.49 2.38 2.20 2.00 1.83 1.71 1.67 1.72
 15   1.84 2.01 2.19 2.34 2.43 2.43 2.35 2.22 2.07 1.94 1.86 1.84 1.91 2.05 2.22 2.37 2.45 2.43 2.33 2.17 1.97 1.77 1.64 1.58
 16   1.61 1.73 1.92 2.12 2.29 2.41 2.44 2.36 2.20 2.01 1.83 1.71 1.69 1.77 1.91 2.09 2.26 2.36 2.35 2.22 2.01 1.78 1.59 1.46
 17   1.41 1.48 1.65 1.88 2.14 2.36 2.48 2.47 2.34 2.10 1.83 1.62 1.50 1.50 1.61 1.79 2.00 2.18 2.28 2.25 2.10 1.86 1.59 1.38
 18   1.25 1.23 1.35 1.59 1.90 2.20 2.42 2.50 2.43 2.23 1.94 1.65 1.43 1.34 1.39 1.55 1.79 2.04 2.22 2.30 2.24 2.04 1.75 1.47
 19   1.25 1.15 1.22 1.44 1.76 2.11 2.41 2.60 2.63 2.50 2.20 1.85 1.56 1.39 1.35 1.44 1.67 1.97 2.23 2.40 2.41 2.27 2.00 1.65
 20   1.34 1.17 1.16 1.32 1.66 2.02 2.39 2.66 2.76 2.69 2.47 2.15 1.80 1.50 1.34 1.34 1.50 1.78 2.11 2.36 2.48 2.44 2.24 1.91
 21   1.52 1.23 1.11 1.18 1.40 1.74 2.18 2.55 2.78 2.84 2.70 2.38 2.00 1.65 1.39 1.30 1.38 1.60 1.92 2.26 2.48 2.53 2.40 2.12
 22   1.73 1.35 1.12 1.09 1.24 1.56 2.00 2.42 2.74 2.90 2.88 2.66 2.29 1.84 1.47 1.28 1.27 1.42 1.72 2.08 2.38 2.53 2.53 2.33
 23   1.98 1.57 1.24 1.08 1.12 1.35 1.72 2.16 2.55 2.81 2.90 2.78 2.48 2.07 1.64 1.33 1.20 1.27 1.49 1.82 2.20 2.48 2.56 2.47
 24   2.20 1.82 1.46 1.19 1.09 1.17 1.44 1.84 2.27 2.62 2.81 2.84 2.68 2.32 1.90 1.52 1.28 1.20 1.30 1.58 1.95 2.26 2.47 2.53
 25   2.40 2.12 1.75 1.41 1.18 1.12 1.23 1.55 1.96 2.37 2.67 2.80 2.76 2.54 2.18 1.80 1.46 1.25 1.20 1.34 1.64 1.98 2.29 2.47
 26   2.46 2.29 2.01 1.68 1.40 1.23 1.21 1.35 1.66 2.05 2.42 2.67 2.76 2.68 2.45 2.08 1.70 1.40 1.24 1.22 1.35 1.62 1.94 2.20
 27   2.34 2.35 2.22 1.96 1.67 1.42 1.26 1.22 1.35 1.66 2.05 2.38 2.58 2.64 2.55 2.32 1.98 1.62 1.32 1.17 1.18 1.33 1.60 1.92
 28   2.20 2.36 2.37 2.26 2.04 1.77 1.52 1.37 1.34 1.44 1.66 1.95 2.22 2.43 2.52 2.48 2.28 1.96 1.64 1.38 1.25 1.23 1.34 1.57
 29   1.86 2.13 2.34 2.42 2.36 2.19 1.94 1.68 1.51 1.45 1.51 1.68 1.93 2.20 2.41 2.50 2.44 2.26 1.97 1.67 1.42 1.26 1.23 1.35
 30   1.60 1.90 2.19 2.41 2.51 2.48 2.33 2.08 1.82 1.62 1.51 1.52 1.66 1.88 2.14 2.37 2.50 2.50 2.34 2.07 1.76 1.48 1.28 1.21
 ----------------------------------------------------------------------------------------------------------------------------
                                                                                             
 ----------------------------------------------------------------------------------------------------------------------------
 ----------------------------------------------------------------------------------------------------------------------------
                                                          SURVEY OF INDIA
                                                    MARINE GEODESY WING (G&RB)
                                                     HOURLY HEIGHTS IN METRES
  NAME OF PORT:- PARADIP                                                                            MONTH JULY      YEAR 2020
 ----------------------------------------------------------------------------------------------------------------------------
 DAYS 0000 0001 0002 0003 0004 0005 0006 0007 0008 0009 0010 0011 0012 0013 0014 0015 0016 0017 0018 0019 0020 0021 0022 0023
 ----------------------------------------------------------------------------------------------------------------------------
  1   1.31 1.54 1.85 2.19 2.48 2.63 2.63 2.48 2.22 1.90 1.63 1.49 1.48 1.61 1.86 2.14 2.38 2.51 2.49 2.34 2.05 1.70 1.38 1.17
  2   1.12 1.23 1.49 1.86 2.26 2.57 2.71 2.68 2.51 2.22 1.87 1.56 1.39 1.38 1.51 1.77 2.08 2.34 2.49 2.50 2.34 2.04 1.69 1.37
  3   1.18 1.16 1.31 1.64 2.04 2.42 2.73 2.87 2.82 2.60 2.25 1.84 1.52 1.37 1.40 1.58 1.88 2.22 2.49 2.64 2.62 2.44 2.12 1.72
  4   1.41 1.24 1.23 1.41 1.78 2.24 2.65 2.94 3.06 2.97 2.67 2.23 1.80 1.50 1.37 1.44 1.66 2.01 2.35 2.62 2.73 2.67 2.44 2.04
  5   1.62 1.30 1.16 1.23 1.49 1.92 2.40 2.80 3.02 3.04 2.88 2.53 2.09 1.69 1.41 1.30 1.38 1.64 2.01 2.38 2.64 2.72 2.60 2.30
  6   1.88 1.50 1.23 1.15 1.28 1.60 2.02 2.46 2.80 2.98 3.00 2.82 2.45 2.00 1.62 1.36 1.28 1.41 1.70 2.07 2.40 2.60 2.64 2.47
  7   2.14 1.77 1.43 1.22 1.18 1.34 1.68 2.10 2.50 2.80 2.93 2.87 2.62 2.23 1.84 1.50 1.31 1.29 1.45 1.78 2.16 2.45 2.58 2.56
  8   2.36 2.00 1.63 1.35 1.21 1.25 1.46 1.81 2.25 2.63 2.86 2.90 2.76 2.44 2.02 1.64 1.38 1.28 1.35 1.56 1.90 2.22 2.44 2.52
  9   2.44 2.18 1.84 1.54 1.33 1.26 1.35 1.58 1.91 2.28 2.58 2.74 2.72 2.54 2.22 1.85 1.52 1.33 1.29 1.41 1.67 1.98 2.24 2.40
 10   2.42 2.30 2.07 1.77 1.50 1.34 1.32 1.44 1.68 2.02 2.35 2.57 2.64 2.57 2.36 2.02 1.67 1.41 1.28 1.30 1.45 1.71 2.02 2.23
 11   2.32 2.30 2.16 1.93 1.67 1.46 1.37 1.40 1.54 1.80 2.08 2.33 2.48 2.50 2.39 2.16 1.88 1.62 1.42 1.34 1.40 1.57 1.83 2.07
 12   2.24 2.31 2.26 2.11 1.89 1.68 1.53 1.47 1.51 1.65 1.87 2.10 2.29 2.38 2.36 2.23 2.00 1.75 1.53 1.40 1.38 1.47 1.65 1.86
 13   2.06 2.20 2.26 2.22 2.10 1.94 1.78 1.65 1.59 1.62 1.74 1.94 2.14 2.29 2.35 2.32 2.20 2.02 1.81 1.63 1.51 1.49 1.57 1.72
 14   1.90 2.07 2.20 2.27 2.25 2.16 2.02 1.86 1.73 1.68 1.72 1.83 1.98 2.13 2.25 2.30 2.27 2.17 2.02 1.85 1.69 1.58 1.54 1.60
 15   1.74 1.93 2.11 2.27 2.36 2.38 2.33 2.22 2.07 1.93 1.83 1.81 1.87 1.98 2.12 2.24 2.29 2.26 2.17 2.03 1.87 1.73 1.63 1.60
 16   1.66 1.80 1.98 2.18 2.34 2.45 2.47 2.39 2.24 2.05 1.87 1.76 1.73 1.80 1.93 2.10 2.25 2.32 2.30 2.20 2.04 1.84 1.66 1.54
 17   1.51 1.58 1.75 2.00 2.25 2.46 2.57 2.56 2.43 2.21 1.96 1.76 1.64 1.61 1.68 1.84 2.04 2.21 2.30 2.28 2.16 1.96 1.71 1.50
 18   1.36 1.32 1.43 1.68 2.01 2.31 2.52 2.61 2.57 2.40 2.12 1.82 1.59 1.47 1.46 1.56 1.78 2.04 2.24 2.34 2.30 2.13 1.87 1.55
 19   1.29 1.18 1.23 1.41 1.73 2.08 2.40 2.62 2.67 2.57 2.32 1.98 1.64 1.39 1.29 1.35 1.53 1.80 2.10 2.32 2.39 2.30 2.06 1.73
 20   1.38 1.15 1.06 1.15 1.41 1.79 2.16 2.48 2.68 2.71 2.54 2.20 1.80 1.44 1.22 1.17 1.29 1.56 1.90 2.21 2.38 2.40 2.24 1.90
 21   1.52 1.16 0.95 0.92 1.09 1.47 1.94 2.36 2.65 2.76 2.67 2.41 2.00 1.54 1.22 1.05 1.07 1.26 1.60 2.00 2.29 2.42 2.35 2.10
 22   1.69 1.25 0.96 0.86 0.95 1.21 1.62 2.05 2.46 2.69 2.74 2.61 2.27 1.81 1.38 1.10 0.99 1.07 1.34 1.72 2.12 2.38 2.46 2.37
 23   2.08 1.64 1.25 0.99 0.91 1.04 1.36 1.80 2.27 2.63 2.82 2.79 2.56 2.13 1.66 1.26 1.04 0.99 1.13 1.45 1.87 2.22 2.44 2.49
 24   2.33 2.00 1.57 1.23 1.03 1.01 1.18 1.53 1.98 2.38 2.65 2.76 2.68 2.40 1.98 1.54 1.17 0.98 0.98 1.18 1.54 1.96 2.28 2.45
 25   2.46 2.28 1.94 1.54 1.23 1.08 1.10 1.29 1.65 2.05 2.39 2.62 2.69 2.57 2.27 1.84 1.42 1.14 1.03 1.11 1.36 1.71 2.06 2.34
 26   2.47 2.43 2.22 1.90 1.55 1.31 1.20 1.25 1.45 1.77 2.11 2.40 2.57 2.59 2.44 2.15 1.76 1.37 1.13 1.06 1.14 1.36 1.70 2.02
 27   2.28 2.40 2.37 2.20 1.95 1.66 1.42 1.31 1.34 1.51 1.80 2.10 2.33 2.44 2.41 2.25 2.00 1.68 1.37 1.18 1.12 1.22 1.44 1.74
 28   2.03 2.24 2.34 2.32 2.19 1.97 1.72 1.53 1.42 1.41 1.53 1.75 2.00 2.20 2.32 2.34 2.22 1.99 1.71 1.45 1.27 1.20 1.27 1.46
 29   1.73 2.01 2.24 2.37 2.39 2.30 2.13 1.91 1.70 1.55 1.49 1.55 1.71 1.91 2.10 2.23 2.27 2.19 2.01 1.77 1.53 1.35 1.26 1.30
 30   1.45 1.70 1.98 2.24 2.42 2.50 2.45 2.29 2.05 1.79 1.59 1.51 1.55 1.68 1.89 2.11 2.26 2.29 2.21 2.05 1.83 1.60 1.42 1.33
 31   1.37 1.53 1.78 2.09 2.36 2.54 2.61 2.55 2.38 2.13 1.86 1.63 1.50 1.49 1.61 1.83 2.08 2.28 2.39 2.37 2.23 1.98 1.68 1.42
 ----------------------------------------------------------------------------------------------------------------------------
                                                                                             
 ----------------------------------------------------------------------------------------------------------------------------
 ----------------------------------------------------------------------------------------------------------------------------
                                                          SURVEY OF INDIA
                                                    MARINE GEODESY WING (G&RB)
                                                     HOURLY HEIGHTS IN METRES
  NAME OF PORT:- PARADIP                                                                            MONTH AUGUST    YEAR 2020
 ----------------------------------------------------------------------------------------------------------------------------
 DAYS 0000 0001 0002 0003 0004 0005 0006 0007 0008 0009 0010 0011 0012 0013 0014 0015 0016 0017 0018 0019 0020 0021 0022 0023
 ----------------------------------------------------------------------------------------------------------------------------
  1   1.31 1.33 1.48 1.74 2.08 2.42 2.66 2.74 2.68 2.46 2.15 1.83 1.57 1.45 1.44 1.55 1.80 2.12 2.35 2.47 2.44 2.27 1.98 1.64
  2   1.34 1.18 1.20 1.40 1.74 2.16 2.54 2.76 2.83 2.73 2.46 2.10 1.73 1.44 1.32 1.36 1.55 1.87 2.22 2.46 2.54 2.47 2.26 1.91
  3   1.49 1.21 1.13 1.22 1.48 1.88 2.32 2.70 2.88 2.89 2.72 2.37 1.96 1.60 1.34 1.26 1.35 1.62 2.00 2.34 2.54 2.60 2.49 2.18
  4   1.80 1.44 1.21 1.15 1.27 1.58 2.05 2.47 2.80 2.94 2.89 2.64 2.24 1.84 1.49 1.29 1.27 1.44 1.76 2.15 2.50 2.66 2.63 2.45
  5   2.10 1.72 1.40 1.23 1.23 1.42 1.80 2.27 2.70 2.94 2.98 2.83 2.50 2.07 1.67 1.38 1.27 1.34 1.59 1.98 2.34 2.56 2.60 2.50
  6   2.26 1.87 1.51 1.28 1.23 1.35 1.64 2.02 2.42 2.73 2.87 2.83 2.62 2.24 1.82 1.48 1.30 1.28 1.43 1.74 2.13 2.44 2.60 2.60
  7   2.42 2.04 1.64 1.36 1.23 1.25 1.43 1.78 2.18 2.53 2.76 2.82 2.72 2.45 2.05 1.64 1.38 1.28 1.36 1.58 1.95 2.33 2.57 2.66
  8   2.60 2.39 2.06 1.71 1.48 1.40 1.48 1.71 2.07 2.46 2.75 2.87 2.84 2.65 2.32 1.93 1.63 1.48 1.48 1.62 1.90 2.25 2.56 2.72
  9   2.72 2.58 2.32 2.00 1.75 1.60 1.57 1.69 1.98 2.35 2.65 2.83 2.88 2.78 2.52 2.16 1.84 1.63 1.55 1.62 1.83 2.14 2.45 2.66
 10   2.72 2.66 2.48 2.22 1.95 1.76 1.69 1.76 1.93 2.20 2.48 2.70 2.79 2.75 2.60 2.35 2.04 1.79 1.67 1.69 1.82 2.04 2.31 2.56
 11   2.70 2.74 2.67 2.50 2.26 2.04 1.89 1.84 1.89 2.04 2.25 2.46 2.60 2.64 2.58 2.41 2.16 1.92 1.74 1.67 1.71 1.84 2.04 2.26
 12   2.44 2.54 2.56 2.49 2.35 2.18 2.01 1.90 1.86 1.91 2.03 2.19 2.35 2.46 2.49 2.44 2.31 2.12 1.94 1.80 1.74 1.76 1.86 2.03
 13   2.22 2.38 2.49 2.53 2.50 2.41 2.28 2.15 2.04 2.00 2.02 2.10 2.22 2.35 2.43 2.44 2.39 2.29 2.15 2.00 1.88 1.82 1.83 1.91
 14   2.05 2.22 2.39 2.53 2.61 2.62 2.55 2.43 2.27 2.12 2.00 1.96 1.99 2.09 2.22 2.33 2.40 2.41 2.34 2.22 2.06 1.90 1.79 1.75
 15   1.80 1.92 2.10 2.30 2.49 2.62 2.65 2.58 2.43 2.23 2.02 1.86 1.78 1.80 1.89 2.03 2.19 2.30 2.33 2.28 2.13 1.92 1.70 1.55
 16   1.50 1.56 1.72 1.96 2.24 2.48 2.65 2.72 2.64 2.43 2.14 1.87 1.66 1.57 1.62 1.78 2.01 2.24 2.39 2.44 2.36 2.17 1.90 1.62
 17   1.42 1.36 1.44 1.68 2.02 2.36 2.62 2.78 2.81 2.67 2.38 2.01 1.69 1.49 1.44 1.53 1.75 2.06 2.36 2.54 2.57 2.44 2.17 1.81
 18   1.49 1.30 1.26 1.40 1.72 2.12 2.54 2.84 2.97 2.90 2.65 2.24 1.81 1.48 1.31 1.34 1.53 1.88 2.27 2.55 2.68 2.64 2.42 2.04
 19   1.61 1.28 1.14 1.19 1.42 1.82 2.32 2.74 2.99 3.04 2.90 2.55 2.08 1.62 1.30 1.17 1.26 1.56 2.02 2.47 2.78 2.89 2.79 2.50
 20   2.02 1.55 1.24 1.13 1.24 1.57 2.07 2.60 2.99 3.20 3.18 2.92 2.46 1.94 1.50 1.22 1.18 1.36 1.76 2.26 2.70 2.96 3.00 2.83
 21   2.46 1.95 1.49 1.22 1.17 1.35 1.74 2.22 2.70 3.06 3.20 3.10 2.76 2.23 1.68 1.24 1.03 1.06 1.32 1.77 2.30 2.72 2.95 2.95
 22   2.72 2.29 1.80 1.37 1.14 1.15 1.39 1.80 2.28 2.71 3.00 3.07 2.90 2.50 1.97 1.44 1.12 1.02 1.13 1.44 1.94 2.42 2.77 2.92
 23   2.86 2.56 2.10 1.66 1.33 1.20 1.28 1.56 1.96 2.39 2.75 2.93 2.92 2.70 2.30 1.80 1.38 1.14 1.09 1.25 1.62 2.09 2.52 2.79
 24   2.88 2.76 2.46 2.08 1.70 1.43 1.33 1.41 1.67 2.06 2.45 2.70 2.80 2.74 2.49 2.10 1.70 1.40 1.24 1.25 1.44 1.78 2.17 2.50
 25   2.70 2.74 2.62 2.36 2.03 1.71 1.49 1.42 1.50 1.70 1.98 2.27 2.49 2.55 2.47 2.26 1.97 1.66 1.38 1.20 1.18 1.32 1.60 1.92
 26   2.20 2.39 2.45 2.37 2.17 1.90 1.64 1.46 1.38 1.42 1.54 1.73 1.95 2.13 2.23 2.22 2.09 1.87 1.62 1.41 1.30 1.30 1.42 1.65
 27   1.92 2.16 2.34 2.42 2.38 2.26 2.07 1.87 1.71 1.63 1.62 1.69 1.84 2.02 2.18 2.28 2.29 2.22 2.08 1.90 1.71 1.58 1.55 1.61
 28   1.74 1.94 2.16 2.34 2.43 2.43 2.35 2.20 2.01 1.81 1.66 1.58 1.58 1.66 1.80 1.99 2.14 2.20 2.17 2.06 1.89 1.70 1.54 1.46
 29   1.48 1.59 1.79 2.03 2.27 2.44 2.49 2.44 2.28 2.04 1.78 1.57 1.46 1.46 1.56 1.76 2.00 2.19 2.29 2.28 2.16 1.96 1.72 1.51
 30   1.38 1.36 1.47 1.71 2.02 2.30 2.51 2.60 2.54 2.35 2.04 1.71 1.45 1.33 1.36 1.53 1.81 2.09 2.32 2.42 2.37 2.19 1.92 1.60
 31   1.35 1.22 1.22 1.38 1.72 2.10 2.45 2.66 2.70 2.58 2.31 1.96 1.61 1.35 1.24 1.30 1.52 1.84 2.17 2.41 2.49 2.40 2.16 1.79
 ----------------------------------------------------------------------------------------------------------------------------
                                                                                            
 ----------------------------------------------------------------------------------------------------------------------------
 ----------------------------------------------------------------------------------------------------------------------------
                                                          SURVEY OF INDIA
                                                    MARINE GEODESY WING (G&RB)
                                                     HOURLY HEIGHTS IN METRES
  NAME OF PORT:- PARADIP                                                                            MONTH SEPT      YEAR 2020
 ----------------------------------------------------------------------------------------------------------------------------
 DAYS 0000 0001 0002 0003 0004 0005 0006 0007 0008 0009 0010 0011 0012 0013 0014 0015 0016 0017 0018 0019 0020 0021 0022 0023
 ----------------------------------------------------------------------------------------------------------------------------
  1   1.42 1.17 1.09 1.19 1.46 1.86 2.28 2.61 2.77 2.76 2.55 2.15 1.73 1.41 1.23 1.22 1.36 1.65 2.02 2.38 2.59 2.61 2.40 2.04
  2   1.65 1.32 1.14 1.14 1.31 1.64 2.09 2.52 2.80 2.87 2.74 2.40 1.94 1.52 1.22 1.11 1.20 1.48 1.88 2.28 2.56 2.65 2.55 2.27
  3   1.89 1.50 1.21 1.08 1.14 1.40 1.86 2.32 2.65 2.81 2.80 2.60 2.20 1.69 1.30 1.10 1.08 1.27 1.67 2.12 2.48 2.66 2.66 2.48
  4   2.15 1.71 1.31 1.09 1.08 1.26 1.62 2.06 2.48 2.75 2.81 2.66 2.29 1.85 1.40 1.12 1.05 1.16 1.48 1.94 2.35 2.59 2.68 2.60
  5   2.32 1.88 1.46 1.18 1.08 1.18 1.46 1.89 2.30 2.60 2.71 2.65 2.39 1.96 1.54 1.20 1.04 1.07 1.29 1.68 2.10 2.44 2.62 2.65
  6   2.49 2.13 1.69 1.34 1.14 1.11 1.27 1.62 2.02 2.36 2.56 2.60 2.46 2.12 1.69 1.31 1.09 1.05 1.19 1.48 1.90 2.28 2.54 2.62
  7   2.52 2.24 1.84 1.46 1.21 1.12 1.18 1.40 1.75 2.15 2.44 2.54 2.48 2.24 1.84 1.44 1.16 1.06 1.13 1.35 1.69 2.08 2.37 2.52
  8   2.54 2.40 2.08 1.70 1.40 1.24 1.24 1.38 1.64 1.98 2.26 2.43 2.46 2.34 2.07 1.72 1.40 1.23 1.18 1.27 1.50 1.84 2.18 2.42
  9   2.51 2.45 2.26 1.98 1.68 1.47 1.38 1.41 1.56 1.80 2.06 2.27 2.36 2.32 2.16 1.90 1.62 1.41 1.31 1.35 1.51 1.74 2.00 2.24
 10   2.39 2.43 2.36 2.19 1.96 1.74 1.60 1.56 1.60 1.72 1.89 2.07 2.21 2.26 2.21 2.06 1.84 1.63 1.49 1.44 1.49 1.63 1.83 2.04
 11   2.22 2.33 2.35 2.29 2.17 2.01 1.87 1.76 1.71 1.74 1.84 1.98 2.10 2.18 2.19 2.13 2.01 1.87 1.74 1.65 1.61 1.63 1.70 1.82
 12   1.98 2.13 2.25 2.31 2.31 2.25 2.15 2.02 1.90 1.82 1.79 1.82 1.90 2.00 2.09 2.14 2.14 2.08 1.98 1.86 1.74 1.64 1.59 1.61
 13   1.70 1.84 2.02 2.20 2.34 2.40 2.39 2.31 2.16 1.98 1.81 1.70 1.66 1.70 1.82 1.99 2.13 2.21 2.22 2.15 2.00 1.81 1.64 1.54
 14   1.53 1.61 1.78 2.02 2.28 2.49 2.60 2.60 2.48 2.24 1.96 1.71 1.55 1.52 1.62 1.82 2.06 2.28 2.42 2.43 2.32 2.10 1.80 1.54
 15   1.39 1.37 1.47 1.71 2.04 2.38 2.65 2.77 2.72 2.52 2.18 1.80 1.47 1.30 1.31 1.48 1.80 2.16 2.46 2.62 2.58 2.36 2.02 1.65
 16   1.35 1.19 1.20 1.38 1.74 2.17 2.58 2.86 2.93 2.80 2.47 2.00 1.52 1.18 1.06 1.16 1.46 1.89 2.34 2.66 2.78 2.70 2.41 1.96
 17   1.50 1.17 1.03 1.09 1.38 1.83 2.33 2.76 2.99 2.98 2.73 2.30 1.74 1.26 0.99 0.93 1.10 1.52 2.06 2.56 2.88 2.98 2.80 2.40
 18   1.88 1.40 1.04 0.93 1.07 1.46 1.99 2.53 2.95 3.09 2.97 2.61 2.11 1.57 1.12 0.92 0.97 1.25 1.76 2.35 2.82 3.04 3.01 2.76
 19   2.30 1.73 1.23 0.98 1.00 1.26 1.70 2.28 2.79 3.10 3.15 2.93 2.48 1.91 1.36 0.98 0.85 0.98 1.39 1.98 2.55 2.95 3.13 3.06
 20   2.74 2.25 1.68 1.26 1.09 1.16 1.46 1.95 2.46 2.85 3.04 3.01 2.72 2.23 1.69 1.23 0.98 0.94 1.16 1.65 2.20 2.71 3.03 3.13
 21   3.00 2.62 2.10 1.64 1.32 1.20 1.30 1.62 2.10 2.56 2.87 2.96 2.83 2.50 2.06 1.62 1.30 1.16 1.22 1.50 1.94 2.39 2.77 2.99
 22   3.00 2.79 2.42 2.01 1.63 1.38 1.32 1.45 1.75 2.13 2.47 2.67 2.73 2.61 2.31 1.93 1.57 1.30 1.20 1.28 1.54 1.92 2.29 2.61
 23   2.76 2.74 2.56 2.27 1.95 1.69 1.50 1.44 1.53 1.76 2.06 2.30 2.43 2.44 2.34 2.13 1.84 1.58 1.41 1.35 1.43 1.63 1.95 2.24
 24   2.46 2.57 2.57 2.44 2.19 1.93 1.71 1.57 1.53 1.60 1.75 1.94 2.13 2.25 2.29 2.24 2.10 1.91 1.73 1.59 1.53 1.58 1.71 1.90
 25   2.11 2.29 2.42 2.46 2.39 2.25 2.05 1.86 1.71 1.63 1.65 1.73 1.85 1.99 2.12 2.19 2.18 2.10 1.96 1.81 1.67 1.58 1.57 1.64
 26   1.76 1.92 2.09 2.24 2.33 2.34 2.27 2.14 1.96 1.78 1.65 1.59 1.62 1.72 1.85 1.98 2.09 2.13 2.10 2.01 1.88 1.72 1.60 1.55
 27   1.58 1.70 1.90 2.11 2.29 2.41 2.44 2.38 2.23 2.03 1.81 1.62 1.51 1.52 1.66 1.88 2.11 2.27 2.33 2.30 2.17 1.97 1.76 1.60
 28   1.51 1.51 1.62 1.85 2.14 2.39 2.57 2.63 2.55 2.33 2.03 1.76 1.55 1.46 1.51 1.71 1.97 2.23 2.44 2.55 2.51 2.33 2.05 1.76
 29   1.53 1.43 1.49 1.70 2.01 2.34 2.61 2.76 2.76 2.60 2.30 1.91 1.60 1.43 1.39 1.51 1.78 2.13 2.45 2.63 2.65 2.52 2.25 1.92
 30   1.60 1.39 1.33 1.46 1.78 2.17 2.54 2.78 2.87 2.77 2.49 2.08 1.71 1.41 1.30 1.37 1.60 1.95 2.34 2.66 2.80 2.75 2.50 2.14
 ----------------------------------------------------------------------------------------------------------------------------
                                                                                              
 ----------------------------------------------------------------------------------------------------------------------------
 ----------------------------------------------------------------------------------------------------------------------------
                                                          SURVEY OF INDIA
                                                    MARINE GEODESY WING (G&RB)
                                                     HOURLY HEIGHTS IN METRES
  NAME OF PORT:- PARADIP                                                                            MONTH OCTOBER   YEAR 2020
 ----------------------------------------------------------------------------------------------------------------------------
 DAYS 0000 0001 0002 0003 0004 0005 0006 0007 0008 0009 0010 0011 0012 0013 0014 0015 0016 0017 0018 0019 0020 0021 0022 0023
 ----------------------------------------------------------------------------------------------------------------------------
  1   1.74 1.42 1.28 1.34 1.58 1.96 2.38 2.70 2.87 2.87 2.66 2.27 1.84 1.48 1.26 1.23 1.40 1.76 2.19 2.57 2.81 2.86 2.71 2.36
  2   1.94 1.56 1.34 1.27 1.39 1.73 2.20 2.62 2.88 2.95 2.80 2.46 2.02 1.60 1.31 1.21 1.32 1.63 2.08 2.52 2.84 2.95 2.87 2.60
  3   2.20 1.76 1.40 1.26 1.31 1.56 1.97 2.43 2.77 2.92 2.86 2.60 2.20 1.73 1.37 1.21 1.25 1.47 1.87 2.33 2.74 2.93 2.94 2.76
  4   2.41 1.95 1.58 1.34 1.29 1.46 1.80 2.21 2.60 2.83 2.87 2.72 2.37 1.94 1.54 1.28 1.22 1.36 1.70 2.17 2.58 2.86 2.96 2.86
  5   2.57 2.16 1.69 1.38 1.27 1.36 1.62 2.01 2.39 2.69 2.83 2.78 2.54 2.17 1.76 1.44 1.28 1.31 1.55 1.95 2.36 2.72 2.90 2.90
  6   2.73 2.42 2.00 1.66 1.46 1.43 1.57 1.86 2.21 2.54 2.72 2.74 2.58 2.26 1.89 1.57 1.39 1.38 1.54 1.87 2.23 2.57 2.78 2.83
  7   2.73 2.48 2.15 1.80 1.55 1.47 1.55 1.76 2.05 2.34 2.52 2.58 2.53 2.34 2.06 1.74 1.51 1.41 1.46 1.66 1.97 2.31 2.57 2.70
  8   2.71 2.59 2.36 2.07 1.81 1.64 1.58 1.65 1.83 2.07 2.30 2.47 2.51 2.41 2.20 1.92 1.66 1.50 1.47 1.56 1.76 2.04 2.31 2.52
  9   2.62 2.60 2.49 2.28 2.04 1.84 1.71 1.68 1.75 1.90 2.08 2.24 2.33 2.34 2.26 2.09 1.89 1.71 1.60 1.56 1.62 1.78 2.03 2.28
 10   2.47 2.56 2.57 2.50 2.32 2.11 1.92 1.80 1.75 1.78 1.87 2.01 2.16 2.25 2.28 2.24 2.13 1.98 1.84 1.73 1.68 1.71 1.82 1.99
 11   2.19 2.38 2.51 2.55 2.50 2.37 2.20 2.03 1.89 1.81 1.79 1.84 1.94 2.05 2.15 2.21 2.21 2.16 2.07 1.96 1.85 1.78 1.76 1.82
 12   1.94 2.10 2.27 2.43 2.52 2.51 2.41 2.25 2.07 1.91 1.79 1.73 1.76 1.87 2.03 2.21 2.36 2.44 2.43 2.34 2.18 1.98 1.82 1.75
 13   1.79 1.92 2.12 2.36 2.60 2.75 2.79 2.69 2.49 2.22 1.92 1.69 1.60 1.65 1.83 2.10 2.38 2.61 2.74 2.72 2.56 2.30 2.00 1.73
 14   1.60 1.61 1.78 2.09 2.43 2.74 2.94 2.97 2.82 2.50 2.12 1.72 1.44 1.35 1.46 1.76 2.16 2.52 2.80 2.92 2.83 2.56 2.18 1.80
 15   1.51 1.40 1.46 1.70 2.09 2.53 2.86 3.02 2.97 2.72 2.33 1.82 1.36 1.16 1.19 1.42 1.86 2.35 2.79 3.07 3.12 2.92 2.53 2.06
 16   1.60 1.29 1.22 1.38 1.76 2.26 2.72 3.05 3.13 2.97 2.59 2.06 1.51 1.11 0.96 1.04 1.38 1.94 2.49 2.96 3.18 3.15 2.90 2.42
 17   1.89 1.39 1.12 1.11 1.34 1.79 2.30 2.75 3.03 3.08 2.85 2.36 1.76 1.20 0.88 0.80 0.99 1.47 2.06 2.65 3.06 3.21 3.09 2.74
 18   2.17 1.58 1.16 1.02 1.10 1.42 1.92 2.44 2.84 3.02 2.97 2.66 2.16 1.58 1.08 0.87 0.92 1.21 1.74 2.31 2.84 3.16 3.22 3.03
 19   2.60 2.08 1.58 1.22 1.11 1.22 1.58 2.08 2.54 2.86 2.94 2.81 2.46 1.98 1.46 1.10 0.98 1.09 1.42 1.94 2.44 2.85 3.04 3.00
 20   2.76 2.34 1.88 1.43 1.19 1.16 1.34 1.70 2.11 2.46 2.68 2.72 2.57 2.27 1.92 1.58 1.34 1.24 1.31 1.60 2.10 2.56 2.86 3.00
 21   2.98 2.78 2.40 2.00 1.68 1.52 1.51 1.68 2.03 2.40 2.67 2.82 2.84 2.68 2.36 2.01 1.73 1.58 1.59 1.77 2.09 2.46 2.80 3.04
 22   3.14 3.06 2.84 2.52 2.18 1.92 1.80 1.83 2.00 2.24 2.50 2.69 2.78 2.75 2.61 2.38 2.13 1.92 1.83 1.87 2.02 2.24 2.48 2.71
 23   2.86 2.92 2.89 2.74 2.50 2.28 2.11 2.01 1.98 2.05 2.20 2.37 2.51 2.59 2.60 2.53 2.41 2.24 2.08 1.99 1.98 2.05 2.19 2.36
 24   2.54 2.67 2.74 2.72 2.63 2.49 2.32 2.17 2.06 2.01 2.02 2.08 2.18 2.30 2.39 2.44 2.44 2.39 2.29 2.16 2.03 1.97 1.98 2.06
 25   2.19 2.35 2.50 2.60 2.63 2.60 2.50 2.35 2.17 2.00 1.90 1.87 1.91 2.00 2.14 2.29 2.41 2.46 2.43 2.34 2.20 2.05 1.94 1.90
 26   1.94 2.06 2.25 2.43 2.56 2.63 2.63 2.54 2.35 2.12 1.90 1.75 1.70 1.76 1.91 2.12 2.31 2.46 2.54 2.52 2.40 2.19 1.98 1.83
 27   1.77 1.81 1.95 2.19 2.43 2.62 2.71 2.67 2.52 2.28 2.00 1.75 1.61 1.59 1.70 1.94 2.22 2.48 2.64 2.68 2.58 2.39 2.12 1.84
 28   1.65 1.59 1.68 1.89 2.19 2.47 2.68 2.74 2.66 2.45 2.14 1.80 1.57 1.49 1.56 1.76 2.09 2.42 2.67 2.80 2.77 2.59 2.30 1.99
 29   1.70 1.53 1.53 1.70 2.02 2.34 2.62 2.78 2.78 2.60 2.28 1.90 1.58 1.40 1.39 1.56 1.90 2.30 2.66 2.89 2.92 2.78 2.50 2.14
 30   1.78 1.53 1.46 1.55 1.82 2.17 2.53 2.78 2.85 2.72 2.42 2.04 1.68 1.44 1.36 1.46 1.75 2.14 2.54 2.87 3.00 2.93 2.68 2.30
 31   1.88 1.56 1.42 1.44 1.62 1.97 2.37 2.66 2.80 2.78 2.58 2.20 1.78 1.43 1.26 1.28 1.50 1.90 2.34 2.74 2.97 3.00 2.86 2.54
 ----------------------------------------------------------------------------------------------------------------------------
                                                                                             
 ----------------------------------------------------------------------------------------------------------------------------
 ----------------------------------------------------------------------------------------------------------------------------
                                                          SURVEY OF INDIA
                                                    MARINE GEODESY WING (G&RB)
                                                     HOURLY HEIGHTS IN METRES
  NAME OF PORT:- PARADIP                                                                            MONTH NOVEMBER  YEAR 2020
 ----------------------------------------------------------------------------------------------------------------------------
 DAYS 0000 0001 0002 0003 0004 0005 0006 0007 0008 0009 0010 0011 0012 0013 0014 0015 0016 0017 0018 0019 0020 0021 0022 0023
 ----------------------------------------------------------------------------------------------------------------------------
  1   2.07 1.68 1.43 1.36 1.47 1.77 2.19 2.56 2.78 2.83 2.70 2.36 1.92 1.50 1.25 1.20 1.35 1.67 2.15 2.66 2.98 3.07 2.98 2.70
  2   2.30 1.84 1.51 1.37 1.42 1.64 2.00 2.40 2.71 2.83 2.76 2.52 2.12 1.71 1.40 1.27 1.33 1.58 1.98 2.44 2.82 3.03 3.04 2.85
  3   2.46 1.96 1.56 1.41 1.45 1.72 2.15 2.53 2.76 2.84 2.80 2.62 2.28 1.88 1.54 1.35 1.33 1.50 1.86 2.27 2.70 2.97 3.06 2.98
  4   2.73 2.34 1.96 1.64 1.48 1.48 1.66 2.00 2.38 2.64 2.74 2.68 2.45 2.08 1.70 1.42 1.32 1.40 1.66 2.05 2.46 2.80 2.98 3.00
  5   2.87 2.57 2.18 1.82 1.58 1.52 1.62 1.86 2.16 2.44 2.62 2.64 2.52 2.26 1.93 1.64 1.46 1.43 1.56 1.85 2.21 2.54 2.78 2.88
  6   2.85 2.68 2.40 2.07 1.78 1.63 1.60 1.69 1.91 2.18 2.41 2.52 2.51 2.38 2.13 1.84 1.62 1.50 1.50 1.63 1.90 2.22 2.50 2.67
  7   2.72 2.67 2.50 2.25 1.99 1.77 1.66 1.65 1.75 1.95 2.17 2.34 2.41 2.36 2.22 2.02 1.81 1.65 1.58 1.62 1.76 1.98 2.22 2.44
  8   2.57 2.61 2.56 2.42 2.22 2.01 1.83 1.72 1.70 1.77 1.91 2.07 2.21 2.29 2.29 2.22 2.08 1.91 1.78 1.71 1.72 1.82 1.98 2.16
  9   2.34 2.48 2.54 2.52 2.42 2.24 2.05 1.88 1.76 1.70 1.72 1.82 1.96 2.11 2.23 2.29 2.29 2.21 2.06 1.90 1.77 1.71 1.74 1.85
 10   2.02 2.20 2.37 2.50 2.54 2.49 2.35 2.13 1.90 1.70 1.59 1.58 1.67 1.84 2.05 2.26 2.42 2.46 2.38 2.21 2.00 1.80 1.67 1.64
 11   1.71 1.88 2.12 2.36 2.55 2.62 2.57 2.39 2.11 1.82 1.56 1.42 1.40 1.51 1.76 2.11 2.41 2.60 2.66 2.57 2.34 2.04 1.75 1.54
 12   1.48 1.56 1.80 2.12 2.44 2.67 2.76 2.68 2.43 2.04 1.63 1.32 1.17 1.20 1.41 1.80 2.24 2.61 2.82 2.84 2.67 2.35 1.95 1.57
 13   1.35 1.32 1.47 1.79 2.19 2.57 2.80 2.84 2.69 2.36 1.90 1.44 1.12 1.00 1.07 1.38 1.88 2.42 2.84 3.03 3.00 2.76 2.32 1.82
 14   1.41 1.21 1.22 1.43 1.81 2.26 2.66 2.87 2.87 2.66 2.24 1.71 1.23 0.94 0.90 1.09 1.54 2.10 2.64 3.04 3.17 3.07 2.74 2.26
 15   1.72 1.32 1.15 1.21 1.50 1.94 2.42 2.79 2.95 2.87 2.57 2.08 1.56 1.10 0.88 0.90 1.17 1.71 2.32 2.82 3.14 3.22 3.06 2.64
 16   2.10 1.58 1.22 1.11 1.21 1.54 2.02 2.48 2.79 2.89 2.76 2.40 1.90 1.38 1.02 0.91 1.02 1.36 1.94 2.52 3.00 3.19 3.16 2.91
 17   2.46 1.93 1.49 1.22 1.16 1.32 1.69 2.14 2.54 2.78 2.83 2.67 2.30 1.84 1.40 1.12 1.06 1.20 1.58 2.09 2.60 2.96 3.09 3.03
 18   2.78 2.34 1.84 1.43 1.23 1.25 1.45 1.80 2.18 2.49 2.65 2.64 2.44 2.08 1.66 1.31 1.13 1.14 1.34 1.74 2.17 2.58 2.86 2.96
 19   2.86 2.58 2.18 1.76 1.45 1.30 1.33 1.53 1.85 2.16 2.39 2.50 2.47 2.28 1.96 1.62 1.36 1.25 1.31 1.53 1.87 2.24 2.54 2.72
 20   2.75 2.63 2.39 2.05 1.72 1.48 1.39 1.45 1.62 1.85 2.07 2.23 2.30 2.26 2.09 1.83 1.55 1.36 1.30 1.38 1.58 1.87 2.15 2.38
 21   2.52 2.55 2.45 2.23 1.95 1.70 1.52 1.44 1.47 1.59 1.76 1.94 2.08 2.14 2.09 1.96 1.79 1.63 1.50 1.45 1.50 1.65 1.85 2.06
 22   2.25 2.38 2.42 2.34 2.17 1.96 1.75 1.60 1.52 1.53 1.61 1.73 1.86 1.98 2.05 2.07 2.03 1.94 1.82 1.72 1.66 1.65 1.71 1.84
 23   2.02 2.19 2.30 2.34 2.29 2.16 2.00 1.83 1.68 1.58 1.54 1.57 1.67 1.80 1.93 2.03 2.09 2.09 2.02 1.91 1.79 1.69 1.65 1.69
 24   1.79 1.93 2.09 2.23 2.30 2.28 2.18 2.02 1.84 1.66 1.54 1.49 1.52 1.62 1.78 1.97 2.14 2.24 2.25 2.17 2.03 1.86 1.69 1.59
 25   1.58 1.67 1.83 2.04 2.22 2.31 2.31 2.21 2.02 1.79 1.58 1.44 1.40 1.47 1.65 1.89 2.13 2.31 2.39 2.36 2.24 2.04 1.80 1.62
 26   1.53 1.54 1.67 1.89 2.12 2.31 2.41 2.40 2.27 2.02 1.74 1.50 1.38 1.38 1.50 1.74 2.02 2.29 2.49 2.57 2.50 2.29 2.01 1.74
 27   1.55 1.48 1.53 1.71 1.98 2.26 2.45 2.49 2.39 2.17 1.87 1.58 1.35 1.25 1.30 1.51 1.85 2.21 2.51 2.65 2.64 2.48 2.19 1.86
 28   1.58 1.42 1.40 1.53 1.78 2.07 2.33 2.47 2.47 2.32 2.04 1.68 1.38 1.22 1.22 1.38 1.70 2.10 2.46 2.70 2.75 2.64 2.38 2.02
 29   1.68 1.40 1.29 1.34 1.56 1.88 2.20 2.44 2.51 2.40 2.14 1.79 1.42 1.18 1.10 1.20 1.48 1.90 2.33 2.67 2.82 2.78 2.58 2.23
 30   1.84 1.50 1.30 1.29 1.44 1.73 2.06 2.36 2.50 2.49 2.32 2.00 1.64 1.32 1.12 1.09 1.24 1.58 2.04 2.44 2.72 2.82 2.73 2.49
 ----------------------------------------------------------------------------------------------------------------------------
                                                                                             
 ----------------------------------------------------------------------------------------------------------------------------
 ----------------------------------------------------------------------------------------------------------------------------
                                                          SURVEY OF INDIA
                                                    MARINE GEODESY WING (G&RB)
                                                     HOURLY HEIGHTS IN METRES
  NAME OF PORT:- PARADIP                                                                            MONTH DECEMBER  YEAR 2020
 ----------------------------------------------------------------------------------------------------------------------------
 DAYS 0000 0001 0002 0003 0004 0005 0006 0007 0008 0009 0010 0011 0012 0013 0014 0015 0016 0017 0018 0019 0020 0021 0022 0023
 ----------------------------------------------------------------------------------------------------------------------------
  1   2.12 1.71 1.39 1.24 1.27 1.47 1.78 2.14 2.38 2.45 2.38 2.15 1.78 1.40 1.14 1.05 1.15 1.43 1.85 2.29 2.63 2.81 2.80 2.61
  2   2.27 1.85 1.49 1.28 1.25 1.39 1.68 2.02 2.31 2.47 2.45 2.27 1.92 1.54 1.22 1.07 1.09 1.28 1.63 2.05 2.42 2.69 2.78 2.69
  3   2.43 2.04 1.65 1.34 1.21 1.26 1.47 1.79 2.12 2.36 2.45 2.37 2.12 1.76 1.41 1.16 1.07 1.15 1.41 1.80 2.19 2.52 2.71 2.72
  4   2.56 2.26 1.90 1.55 1.33 1.27 1.36 1.61 1.92 2.19 2.35 2.39 2.28 2.01 1.64 1.32 1.17 1.17 1.31 1.60 1.98 2.34 2.58 2.67
  5   2.62 2.42 2.09 1.74 1.47 1.32 1.32 1.46 1.69 1.96 2.18 2.29 2.27 2.11 1.84 1.54 1.31 1.21 1.25 1.43 1.71 2.00 2.29 2.50
  6   2.57 2.48 2.27 2.00 1.72 1.48 1.36 1.37 1.49 1.69 1.90 2.08 2.18 2.16 2.02 1.80 1.58 1.42 1.35 1.39 1.53 1.76 2.02 2.25
  7   2.41 2.46 2.39 2.21 1.95 1.70 1.50 1.41 1.41 1.50 1.66 1.85 2.01 2.09 2.08 1.99 1.83 1.66 1.51 1.45 1.48 1.60 1.79 2.00
  8   2.19 2.32 2.36 2.30 2.14 1.92 1.69 1.49 1.39 1.38 1.46 1.61 1.79 1.96 2.09 2.13 2.08 1.96 1.80 1.65 1.56 1.54 1.60 1.73
  9   1.91 2.09 2.25 2.34 2.32 2.20 1.99 1.75 1.52 1.36 1.31 1.36 1.50 1.71 1.93 2.12 2.24 2.27 2.19 2.03 1.83 1.66 1.57 1.57
 10   1.66 1.84 2.05 2.23 2.34 2.35 2.25 2.05 1.78 1.52 1.33 1.24 1.26 1.41 1.66 1.97 2.27 2.45 2.47 2.37 2.15 1.89 1.65 1.51
 11   1.48 1.57 1.77 2.04 2.27 2.41 2.43 2.31 2.08 1.78 1.47 1.23 1.14 1.20 1.41 1.76 2.16 2.52 2.70 2.70 2.55 2.26 1.92 1.60
 12   1.40 1.37 1.50 1.75 2.07 2.37 2.56 2.58 2.43 2.12 1.74 1.38 1.14 1.07 1.17 1.47 1.88 2.33 2.69 2.87 2.82 2.60 2.26 1.86
 13   1.50 1.30 1.29 1.45 1.77 2.14 2.44 2.61 2.60 2.38 1.96 1.48 1.10 0.91 0.93 1.14 1.52 2.00 2.49 2.85 2.98 2.88 2.60 2.16
 14   1.64 1.28 1.14 1.19 1.40 1.78 2.19 2.51 2.62 2.54 2.28 1.85 1.38 1.04 0.90 0.97 1.24 1.68 2.20 2.68 2.96 3.00 2.83 2.48
 15   2.02 1.55 1.22 1.10 1.18 1.46 1.85 2.24 2.53 2.61 2.50 2.18 1.73 1.30 0.99 0.90 1.03 1.36 1.81 2.32 2.74 2.94 2.92 2.70
 16   2.33 1.86 1.45 1.16 1.09 1.22 1.53 1.93 2.27 2.47 2.50 2.34 2.00 1.60 1.23 1.00 0.95 1.10 1.46 1.92 2.37 2.73 2.88 2.82
 17   2.56 2.17 1.73 1.36 1.14 1.12 1.28 1.60 1.96 2.27 2.42 2.39 2.21 1.91 1.53 1.22 1.07 1.10 1.30 1.64 2.06 2.46 2.72 2.78
 18   2.68 2.40 2.04 1.66 1.35 1.22 1.25 1.42 1.69 1.99 2.23 2.31 2.25 2.04 1.74 1.45 1.24 1.18 1.28 1.50 1.80 2.14 2.42 2.60
 19   2.64 2.52 2.25 1.88 1.56 1.36 1.29 1.35 1.51 1.74 1.97 2.15 2.22 2.16 1.98 1.72 1.48 1.32 1.28 1.36 1.56 1.84 2.13 2.38
 20   2.51 2.51 2.38 2.12 1.82 1.55 1.38 1.34 1.41 1.56 1.76 1.96 2.10 2.14 2.09 1.95 1.77 1.60 1.49 1.47 1.55 1.72 1.94 2.15
 21   2.32 2.40 2.38 2.25 2.04 1.78 1.57 1.47 1.46 1.53 1.66 1.82 1.97 2.07 2.10 2.06 1.95 1.81 1.69 1.63 1.64 1.72 1.85 2.00
 22   2.16 2.28 2.33 2.29 2.16 1.98 1.79 1.63 1.55 1.56 1.63 1.73 1.86 1.99 2.09 2.15 2.14 2.07 1.96 1.86 1.80 1.79 1.84 1.93
 23   2.05 2.17 2.26 2.28 2.23 2.12 1.97 1.81 1.68 1.60 1.58 1.63 1.74 1.89 2.05 2.17 2.23 2.23 2.17 2.07 1.96 1.86 1.80 1.80
 24   1.86 1.97 2.10 2.20 2.24 2.20 2.10 1.96 1.80 1.66 1.58 1.58 1.64 1.76 1.92 2.09 2.23 2.31 2.33 2.27 2.15 2.00 1.86 1.78
 25   1.77 1.83 1.94 2.07 2.18 2.24 2.22 2.12 1.96 1.77 1.61 1.50 1.48 1.54 1.69 1.90 2.12 2.31 2.42 2.42 2.32 2.15 1.95 1.77
 26   1.66 1.63 1.68 1.81 1.97 2.11 2.19 2.19 2.08 1.88 1.67 1.49 1.39 1.39 1.50 1.71 1.97 2.23 2.42 2.49 2.44 2.28 2.05 1.80
 27   1.59 1.49 1.50 1.60 1.79 2.00 2.16 2.22 2.15 1.97 1.72 1.48 1.29 1.21 1.25 1.42 1.71 2.05 2.34 2.52 2.55 2.44 2.20 1.90
 28   1.61 1.42 1.36 1.42 1.60 1.84 2.07 2.21 2.22 2.08 1.84 1.54 1.26 1.09 1.07 1.19 1.47 1.84 2.20 2.47 2.59 2.54 2.34 2.03
 29   1.67 1.38 1.22 1.22 1.36 1.62 1.92 2.16 2.25 2.20 2.01 1.70 1.37 1.09 0.98 1.02 1.24 1.62 2.03 2.38 2.61 2.65 2.52 2.24
 30   1.87 1.53 1.26 1.15 1.20 1.42 1.75 2.07 2.27 2.31 2.20 1.92 1.56 1.22 1.00 0.95 1.08 1.39 1.82 2.23 2.55 2.68 2.64 2.43
 31   2.07 1.69 1.34 1.15 1.15 1.30 1.58 1.92 2.21 2.34 2.31 2.10 1.74 1.35 1.04 0.92 0.98 1.21 1.58 2.02 2.43 2.70 2.76 2.63
 ----------------------------------------------------------------------------------------------------------------------------
                                                                                             
 ----------------------------------------------------------------------------------------------------------------------------
 ----------------------------------------------------------------------------------------------------------------------------
