                                                          SURVEY OF INDIA
                                                    MARINE GEODESY WING (G&RB)
                                                     HOURLY HEIGHTS IN METRES
  NAME OF PORT:- PARADIP                                                                            MONTH JANUARY   YEAR 2018
 ----------------------------------------------------------------------------------------------------------------------------
 DAYS 0000 0001 0002 0003 0004 0005 0006 0007 0008 0009 0010 0011 0012 0013 0014 0015 0016 0017 0018 0019 0020 0021 0022 0023
 ----------------------------------------------------------------------------------------------------------------------------
  1   1.39 1.16 1.12 1.29 1.61 1.97 2.30 2.49 2.49 2.28 1.88 1.46 1.06 0.80 0.78 1.00 1.40 1.88 2.38 2.74 2.90 2.84 2.55 2.13
  2   1.62 1.22 0.98 1.00 1.23 1.58 2.00 2.36 2.54 2.50 2.26 1.84 1.38 1.00 0.78 0.78 1.04 1.48 2.00 2.48 2.82 2.94 2.82 2.48
  3   2.00 1.50 1.10 0.89 0.92 1.18 1.62 2.06 2.39 2.55 2.51 2.24 1.82 1.36 1.00 0.82 0.89 1.20 1.68 2.16 2.64 2.90 2.94 2.77
  4   2.40 1.90 1.42 1.06 0.91 0.99 1.28 1.72 2.16 2.46 2.55 2.44 2.11 1.69 1.26 0.94 0.83 0.96 1.30 1.74 2.24 2.64 2.86 2.86
  5   2.64 2.24 1.76 1.30 1.03 0.97 1.10 1.41 1.77 2.12 2.36 2.42 2.26 1.96 1.58 1.22 0.97 0.92 1.06 1.34 1.72 2.14 2.50 2.69
  6   2.67 2.43 2.02 1.58 1.20 1.00 0.99 1.16 1.48 1.84 2.14 2.32 2.33 2.16 1.88 1.54 1.25 1.10 1.12 1.31 1.64 1.99 2.31 2.53
  7   2.59 2.50 2.24 1.89 1.52 1.22 1.09 1.14 1.34 1.61 1.90 2.14 2.28 2.26 2.10 1.84 1.57 1.36 1.24 1.27 1.46 1.73 2.02 2.27
  8   2.42 2.44 2.34 2.09 1.77 1.47 1.26 1.18 1.23 1.39 1.61 1.86 2.06 2.16 2.14 2.02 1.82 1.60 1.43 1.36 1.40 1.55 1.77 2.00
  9   2.18 2.27 2.26 2.14 1.93 1.67 1.44 1.27 1.20 1.25 1.40 1.61 1.82 2.00 2.10 2.10 2.01 1.86 1.68 1.54 1.47 1.46 1.54 1.68
 10   1.84 1.98 2.06 2.06 1.98 1.81 1.62 1.43 1.28 1.23 1.26 1.38 1.56 1.75 1.92 2.03 2.06 2.02 1.90 1.74 1.60 1.50 1.46 1.50
 11   1.60 1.72 1.84 1.93 1.96 1.90 1.78 1.62 1.47 1.34 1.27 1.28 1.38 1.54 1.72 1.90 2.03 2.10 2.09 2.00 1.85 1.68 1.54 1.46
 12   1.46 1.53 1.65 1.78 1.89 1.94 1.92 1.82 1.65 1.47 1.31 1.22 1.21 1.30 1.47 1.70 1.94 2.09 2.15 2.12 1.99 1.78 1.54 1.36
 13   1.28 1.29 1.38 1.52 1.68 1.82 1.88 1.86 1.76 1.59 1.38 1.22 1.15 1.17 1.28 1.50 1.78 2.04 2.22 2.27 2.20 2.00 1.74 1.48
 14   1.30 1.22 1.26 1.39 1.58 1.80 1.97 2.04 2.00 1.82 1.56 1.30 1.11 1.04 1.10 1.30 1.60 1.94 2.21 2.37 2.38 2.24 1.96 1.66
 15   1.38 1.21 1.16 1.24 1.44 1.70 1.96 2.12 2.16 2.04 1.80 1.49 1.23 1.06 1.02 1.14 1.40 1.75 2.09 2.35 2.47 2.42 2.18 1.86
 16   1.54 1.26 1.12 1.12 1.27 1.54 1.85 2.10 2.20 2.14 1.95 1.64 1.30 1.03 0.91 0.96 1.22 1.60 2.00 2.38 2.57 2.56 2.38 2.07
 17   1.70 1.36 1.12 1.05 1.14 1.40 1.73 2.06 2.22 2.22 2.07 1.80 1.46 1.13 0.92 0.87 1.01 1.31 1.74 2.17 2.47 2.58 2.52 2.28
 18   1.88 1.45 1.10 0.94 0.97 1.18 1.50 1.84 2.14 2.27 2.24 2.00 1.64 1.28 0.97 0.85 0.91 1.17 1.57 2.00 2.38 2.58 2.58 2.39
 19   2.05 1.63 1.24 0.98 0.91 1.04 1.34 1.70 2.08 2.33 2.36 2.20 1.90 1.51 1.16 0.92 0.88 1.05 1.40 1.84 2.24 2.55 2.65 2.57
 20   2.31 1.92 1.51 1.15 0.98 1.00 1.21 1.55 1.92 2.25 2.38 2.34 2.11 1.78 1.41 1.11 0.96 0.99 1.23 1.58 2.00 2.37 2.56 2.57
 21   2.41 2.10 1.71 1.34 1.08 1.00 1.09 1.34 1.69 2.05 2.27 2.31 2.19 1.93 1.57 1.24 1.01 0.96 1.09 1.37 1.77 2.17 2.44 2.54
 22   2.48 2.25 1.88 1.49 1.17 0.99 0.99 1.15 1.46 1.81 2.11 2.27 2.27 2.11 1.83 1.51 1.23 1.09 1.10 1.25 1.55 1.91 2.21 2.38
 23   2.41 2.29 2.01 1.65 1.32 1.07 0.97 1.03 1.24 1.55 1.87 2.09 2.20 2.17 1.99 1.71 1.41 1.18 1.08 1.13 1.33 1.63 1.95 2.18
 24   2.29 2.27 2.11 1.85 1.55 1.25 1.04 0.99 1.09 1.31 1.61 1.89 2.08 2.15 2.09 1.94 1.71 1.47 1.28 1.20 1.25 1.41 1.63 1.87
 25   2.08 2.18 2.16 2.01 1.75 1.47 1.23 1.08 1.06 1.15 1.33 1.57 1.83 2.05 2.14 2.11 1.99 1.81 1.62 1.46 1.36 1.36 1.48 1.67
 26   1.87 2.04 2.13 2.12 1.99 1.78 1.55 1.34 1.17 1.11 1.18 1.35 1.58 1.83 2.05 2.17 2.19 2.11 1.93 1.72 1.53 1.39 1.35 1.41
 27   1.55 1.73 1.92 2.04 2.07 2.00 1.83 1.60 1.36 1.16 1.07 1.10 1.25 1.49 1.78 2.06 2.25 2.33 2.29 2.14 1.90 1.64 1.41 1.28
 28   1.29 1.43 1.63 1.85 2.05 2.14 2.11 1.96 1.71 1.44 1.19 1.03 1.01 1.15 1.45 1.80 2.12 2.35 2.47 2.44 2.25 1.94 1.61 1.31
 29   1.15 1.14 1.27 1.51 1.81 2.06 2.21 2.23 2.08 1.79 1.42 1.09 0.90 0.89 1.06 1.37 1.79 2.21 2.48 2.57 2.51 2.28 1.91 1.51
 30   1.19 0.99 0.98 1.15 1.45 1.81 2.11 2.30 2.31 2.11 1.75 1.34 0.99 0.79 0.80 1.03 1.39 1.87 2.33 2.64 2.72 2.58 2.26 1.83
 31   1.37 1.03 0.84 0.86 1.12 1.51 1.91 2.23 2.39 2.35 2.09 1.65 1.20 0.84 0.64 0.67 0.99 1.65 2.25 2.62 2.76 2.70 2.44 2.03
 ----------------------------------------------------------------------------------------------------------------------------
                                                                                               
 ----------------------------------------------------------------------------------------------------------------------------
 ----------------------------------------------------------------------------------------------------------------------------
                                                          SURVEY OF INDIA
                                                    MARINE GEODESY WING (G&RB)
                                                     HOURLY HEIGHTS IN METRES
  NAME OF PORT:- PARADIP                                                                            MONTH FEBRUARY  YEAR 2018
 ----------------------------------------------------------------------------------------------------------------------------
 DAYS 0000 0001 0002 0003 0004 0005 0006 0007 0008 0009 0010 0011 0012 0013 0014 0015 0016 0017 0018 0019 0020 0021 0022 0023
 ----------------------------------------------------------------------------------------------------------------------------
  1   1.58 1.19 0.91 0.81 0.89 1.19 1.62 2.08 2.36 2.45 2.33 2.01 1.53 1.03 0.71 0.61 0.75 1.15 1.62 2.04 2.32 2.44 2.40 2.18
  2   1.82 1.42 1.03 0.78 0.72 0.88 1.24 1.70 2.13 2.42 2.49 2.33 1.94 1.45 0.98 0.70 0.65 0.82 1.19 1.69 2.19 2.56 2.71 2.64
  3   2.34 1.85 1.29 0.85 0.65 0.67 0.89 1.30 1.81 2.21 2.44 2.44 2.20 1.77 1.28 0.90 0.69 0.71 0.95 1.34 1.82 2.24 2.51 2.59
  4   2.47 2.11 1.60 1.11 0.76 0.64 0.75 1.03 1.43 1.85 2.20 2.35 2.29 2.04 1.66 1.26 0.93 0.79 0.84 1.09 1.49 1.89 2.23 2.43
  5   2.45 2.24 1.85 1.35 0.95 0.82 0.91 1.20 1.60 1.96 2.22 2.35 2.30 2.08 1.78 1.48 1.22 1.05 1.01 1.12 1.38 1.71 2.01 2.25
  6   2.35 2.29 2.04 1.72 1.39 1.12 0.97 0.98 1.14 1.40 1.71 1.99 2.17 2.21 2.09 1.86 1.58 1.33 1.18 1.16 1.28 1.51 1.77 2.01
  7   2.17 2.21 2.13 1.92 1.65 1.39 1.18 1.09 1.12 1.27 1.51 1.78 2.02 2.14 2.15 2.04 1.84 1.64 1.47 1.36 1.34 1.41 1.55 1.72
  8   1.89 2.01 2.05 1.99 1.82 1.61 1.42 1.28 1.23 1.27 1.40 1.58 1.78 1.96 2.08 2.12 2.07 1.94 1.76 1.60 1.51 1.49 1.53 1.62
  9   1.75 1.88 1.97 1.99 1.95 1.84 1.68 1.52 1.40 1.34 1.34 1.41 1.54 1.69 1.83 1.95 2.01 2.01 1.96 1.84 1.70 1.57 1.51 1.51
 10   1.56 1.63 1.70 1.77 1.82 1.83 1.78 1.68 1.56 1.45 1.36 1.33 1.37 1.48 1.63 1.80 1.96 2.06 2.09 2.04 1.92 1.77 1.62 1.49
 11   1.41 1.42 1.50 1.61 1.72 1.82 1.87 1.85 1.75 1.61 1.45 1.31 1.25 1.28 1.40 1.58 1.79 1.99 2.15 2.20 2.14 1.96 1.72 1.49
 12   1.31 1.23 1.25 1.37 1.54 1.72 1.85 1.91 1.87 1.71 1.50 1.30 1.15 1.10 1.19 1.40 1.66 1.92 2.13 2.25 2.24 2.11 1.85 1.53
 13   1.28 1.14 1.12 1.23 1.43 1.68 1.90 2.01 2.01 1.89 1.64 1.37 1.12 0.99 1.00 1.16 1.46 1.79 2.09 2.31 2.38 2.29 2.02 1.70
 14   1.37 1.12 1.01 1.04 1.21 1.49 1.78 1.99 2.07 2.00 1.78 1.46 1.16 0.92 0.83 0.91 1.14 1.50 1.89 2.22 2.37 2.34 2.14 1.83
 15   1.44 1.09 0.89 0.87 1.01 1.28 1.61 1.93 2.11 2.14 1.99 1.68 1.31 0.99 0.79 0.77 0.97 1.32 1.76 2.16 2.41 2.46 2.32 2.01
 16   1.59 1.21 0.93 0.80 0.87 1.12 1.49 1.86 2.16 2.25 2.15 1.87 1.48 1.11 0.82 0.68 0.71 0.92 1.32 1.78 2.17 2.40 2.39 2.15
 17   1.75 1.33 0.98 0.75 0.67 0.75 0.98 1.36 1.78 2.12 2.29 2.28 2.09 1.73 1.29 0.92 0.72 0.72 0.94 1.33 1.76 2.18 2.40 2.36
 18   2.05 1.56 1.08 0.77 0.69 0.79 1.10 1.50 1.90 2.22 2.32 2.22 1.93 1.54 1.14 0.84 0.73 0.84 1.14 1.55 1.97 2.30 2.46 2.43
 19   2.16 1.75 1.31 0.92 0.73 0.75 0.96 1.31 1.73 2.11 2.31 2.33 2.15 1.82 1.43 1.07 0.84 0.80 0.98 1.32 1.74 2.12 2.38 2.44
 20   2.29 1.94 1.52 1.10 0.83 0.75 0.85 1.12 1.52 1.92 2.22 2.35 2.27 2.02 1.66 1.31 1.03 0.90 0.96 1.22 1.57 1.93 2.24 2.39
 21   2.37 2.16 1.82 1.40 1.04 0.85 0.85 1.01 1.32 1.69 2.03 2.26 2.32 2.22 1.96 1.62 1.32 1.12 1.05 1.12 1.34 1.65 1.96 2.17
 22   2.24 2.17 1.95 1.63 1.29 1.02 0.90 0.93 1.11 1.41 1.78 2.08 2.22 2.22 2.08 1.84 1.57 1.32 1.16 1.13 1.22 1.42 1.70 1.97
 23   2.12 2.16 2.08 1.84 1.52 1.22 1.02 0.96 1.03 1.20 1.45 1.72 1.96 2.10 2.14 2.07 1.92 1.71 1.47 1.28 1.20 1.25 1.39 1.57
 24   1.75 1.89 1.94 1.89 1.75 1.54 1.32 1.14 1.06 1.10 1.25 1.44 1.65 1.85 2.00 2.07 2.04 1.92 1.74 1.56 1.41 1.30 1.26 1.29
 25   1.40 1.56 1.72 1.82 1.85 1.80 1.66 1.47 1.27 1.11 1.05 1.11 1.27 1.48 1.69 1.90 2.06 2.12 2.07 1.92 1.70 1.46 1.26 1.18
 26   1.20 1.30 1.47 1.66 1.82 1.92 1.92 1.79 1.56 1.30 1.08 0.97 0.98 1.12 1.38 1.68 1.98 2.21 2.32 2.29 2.09 1.77 1.45 1.19
 27   1.02 1.00 1.14 1.40 1.68 1.94 2.09 2.10 1.95 1.63 1.28 1.00 0.87 0.88 1.06 1.39 1.78 2.16 2.42 2.49 2.37 2.07 1.68 1.26
 28   0.94 0.81 0.87 1.09 1.43 1.83 2.17 2.32 2.28 2.06 1.71 1.32 0.96 0.76 0.76 1.00 1.43 1.90 2.30 2.58 2.65 2.48 2.12 1.65
 ----------------------------------------------------------------------------------------------------------------------------
                                                                                               
 ----------------------------------------------------------------------------------------------------------------------------
 ----------------------------------------------------------------------------------------------------------------------------
                                                          SURVEY OF INDIA
                                                    MARINE GEODESY WING (G&RB)
                                                     HOURLY HEIGHTS IN METRES
  NAME OF PORT:- PARADIP                                                                            MONTH MARCH     YEAR 2018
 ----------------------------------------------------------------------------------------------------------------------------
 DAYS 0000 0001 0002 0003 0004 0005 0006 0007 0008 0009 0010 0011 0012 0013 0014 0015 0016 0017 0018 0019 0020 0021 0022 0023
 ----------------------------------------------------------------------------------------------------------------------------
  1   1.17 0.81 0.70 0.80 1.12 1.58 2.00 2.32 2.46 2.38 2.10 1.66 1.18 0.83 0.68 0.74 1.03 1.49 2.00 2.44 2.69 2.69 2.46 2.02
  2   1.50 1.03 0.74 0.66 0.82 1.18 1.68 2.14 2.46 2.55 2.40 2.04 1.56 1.09 0.76 0.66 0.82 1.20 1.70 2.20 2.61 2.76 2.68 2.36
  3   1.90 1.34 0.86 0.63 0.64 0.90 1.37 1.88 2.34 2.60 2.60 2.38 1.96 1.46 1.04 0.78 0.76 1.01 1.42 1.90 2.36 2.64 2.70 2.53
  4   2.15 1.63 1.14 0.76 0.62 0.76 1.10 1.60 2.09 2.46 2.60 2.50 2.20 1.75 1.29 0.94 0.78 0.88 1.18 1.63 2.08 2.45 2.62 2.57
  5   2.32 1.88 1.40 1.00 0.78 0.77 0.98 1.36 1.79 2.20 2.46 2.50 2.36 2.04 1.62 1.23 0.97 0.90 1.02 1.34 1.76 2.16 2.41 2.48
  6   2.36 2.04 1.64 1.25 0.96 0.84 0.92 1.20 1.57 1.94 2.24 2.40 2.37 2.16 1.84 1.49 1.20 1.04 1.06 1.24 1.53 1.87 2.17 2.30
  7   2.26 2.08 1.78 1.44 1.14 0.95 0.94 1.10 1.36 1.66 1.95 2.17 2.26 2.19 1.98 1.69 1.40 1.19 1.14 1.22 1.40 1.63 1.87 2.07
  8   2.14 2.07 1.85 1.58 1.34 1.14 1.04 1.08 1.23 1.46 1.72 1.96 2.10 2.14 2.06 1.86 1.60 1.35 1.22 1.22 1.32 1.49 1.68 1.84
  9   1.94 1.95 1.86 1.70 1.50 1.32 1.20 1.17 1.23 1.37 1.55 1.73 1.88 1.98 2.00 1.92 1.78 1.62 1.47 1.37 1.34 1.38 1.48 1.60
 10   1.72 1.81 1.83 1.77 1.64 1.49 1.35 1.25 1.22 1.26 1.36 1.50 1.66 1.80 1.88 1.90 1.86 1.77 1.66 1.55 1.46 1.41 1.41 1.47
 11   1.57 1.68 1.78 1.84 1.84 1.78 1.67 1.54 1.42 1.35 1.33 1.36 1.43 1.54 1.66 1.77 1.85 1.88 1.85 1.77 1.65 1.52 1.41 1.36
 12   1.36 1.41 1.49 1.57 1.65 1.70 1.70 1.65 1.55 1.43 1.32 1.26 1.28 1.37 1.51 1.68 1.84 1.95 2.00 1.96 1.83 1.67 1.50 1.35
 13   1.26 1.24 1.30 1.42 1.56 1.70 1.78 1.78 1.70 1.56 1.40 1.26 1.18 1.18 1.28 1.48 1.72 1.96 2.12 2.17 2.10 1.91 1.65 1.38
 14   1.16 1.08 1.12 1.27 1.49 1.72 1.90 1.98 1.95 1.81 1.60 1.36 1.15 1.06 1.11 1.30 1.56 1.86 2.11 2.24 2.24 2.08 1.80 1.47
 15   1.18 1.00 0.96 1.06 1.30 1.62 1.92 2.11 2.16 2.04 1.78 1.44 1.13 0.92 0.89 1.04 1.34 1.68 2.01 2.26 2.34 2.23 1.95 1.58
 16   1.20 0.91 0.82 0.90 1.13 1.46 1.84 2.14 2.25 2.18 1.94 1.58 1.19 0.89 0.79 0.87 1.14 1.52 1.92 2.26 2.43 2.40 2.17 1.78
 17   1.33 0.94 0.76 0.78 0.98 1.33 1.72 2.08 2.31 2.34 2.18 1.82 1.40 1.02 0.80 0.78 0.96 1.30 1.74 2.16 2.42 2.47 2.31 1.96
 18   1.48 1.04 0.74 0.64 0.75 1.06 1.50 1.94 2.29 2.45 2.36 2.06 1.65 1.20 0.86 0.72 0.81 1.10 1.52 2.00 2.36 2.51 2.46 2.20
 19   1.76 1.24 0.80 0.60 0.62 0.86 1.28 1.76 2.19 2.45 2.49 2.30 1.94 1.46 1.02 0.76 0.72 0.91 1.30 1.76 2.18 2.46 2.52 2.36
 20   1.98 1.52 1.05 0.72 0.62 0.72 1.06 1.54 2.02 2.39 2.54 2.48 2.22 1.78 1.32 0.94 0.76 0.79 1.03 1.43 1.88 2.26 2.46 2.46
 21   2.22 1.80 1.34 0.92 0.70 0.67 0.86 1.26 1.74 2.16 2.43 2.50 2.36 2.04 1.60 1.20 0.94 0.84 0.94 1.20 1.60 2.00 2.28 2.38
 22   2.30 2.02 1.57 1.13 0.84 0.72 0.80 1.04 1.42 1.83 2.18 2.39 2.40 2.22 1.88 1.50 1.16 0.97 0.94 1.08 1.34 1.66 1.99 2.18
 23   2.20 2.06 1.77 1.40 1.06 0.84 0.79 0.90 1.16 1.50 1.86 2.13 2.27 2.24 2.05 1.74 1.42 1.16 1.04 1.05 1.18 1.40 1.66 1.90
 24   2.01 2.00 1.86 1.61 1.32 1.06 0.92 0.90 1.01 1.24 1.54 1.82 2.02 2.12 2.11 1.97 1.74 1.49 1.28 1.16 1.15 1.24 1.40 1.58
 25   1.75 1.86 1.88 1.80 1.61 1.40 1.22 1.10 1.08 1.15 1.30 1.50 1.71 1.90 2.01 2.02 1.96 1.82 1.64 1.46 1.31 1.24 1.24 1.30
 26   1.42 1.58 1.71 1.78 1.78 1.70 1.56 1.41 1.27 1.18 1.17 1.25 1.40 1.60 1.80 1.96 2.04 2.04 1.96 1.78 1.56 1.36 1.21 1.14
 27   1.18 1.30 1.47 1.65 1.80 1.88 1.86 1.74 1.56 1.36 1.20 1.11 1.12 1.25 1.47 1.73 1.97 2.14 2.20 2.12 1.93 1.66 1.38 1.13
 28   1.00 1.01 1.16 1.40 1.68 1.94 2.06 2.06 1.92 1.68 1.40 1.14 1.01 1.02 1.17 1.45 1.79 2.10 2.32 2.36 2.23 1.97 1.62 1.25
 29   0.95 0.83 0.89 1.12 1.46 1.82 2.11 2.27 2.25 2.05 1.70 1.31 1.02 0.87 0.90 1.12 1.48 1.89 2.26 2.46 2.47 2.27 1.90 1.45
 30   1.02 0.76 0.70 0.83 1.18 1.60 2.02 2.31 2.41 2.30 2.00 1.60 1.18 0.86 0.76 0.86 1.16 1.60 2.04 2.40 2.55 2.49 2.20 1.74
 31   1.22 0.80 0.59 0.61 0.84 1.25 1.74 2.20 2.47 2.54 2.46 2.22 1.84 1.40 1.02 0.77 0.73 0.88 1.26 1.82 2.30 2.52 2.46 2.10
 ----------------------------------------------------------------------------------------------------------------------------
                                                                                               
 ----------------------------------------------------------------------------------------------------------------------------
 ----------------------------------------------------------------------------------------------------------------------------
                                                          SURVEY OF INDIA
                                                    MARINE GEODESY WING (G&RB)
                                                     HOURLY HEIGHTS IN METRES
  NAME OF PORT:- PARADIP                                                                            MONTH APRIL     YEAR 2018
 ----------------------------------------------------------------------------------------------------------------------------
 DAYS 0000 0001 0002 0003 0004 0005 0006 0007 0008 0009 0010 0011 0012 0013 0014 0015 0016 0017 0018 0019 0020 0021 0022 0023
 ----------------------------------------------------------------------------------------------------------------------------
  1   1.54 1.03 0.68 0.57 0.69 1.06 1.55 2.03 2.42 2.58 2.52 2.23 1.75 1.26 0.92 0.75 0.79 1.04 1.46 1.93 2.30 2.52 2.51 2.26
  2   1.79 1.26 0.83 0.59 0.58 0.80 1.20 1.74 2.20 2.48 2.52 2.36 2.00 1.55 1.13 0.84 0.77 0.91 1.26 1.70 2.10 2.36 2.44 2.32
  3   1.99 1.50 1.05 0.72 0.61 0.70 1.00 1.46 1.94 2.32 2.50 2.48 2.24 1.82 1.38 0.98 0.79 0.81 1.03 1.39 1.79 2.13 2.31 2.32
  4   2.13 1.74 1.30 0.92 0.74 0.76 0.95 1.30 1.75 2.15 2.38 2.42 2.28 1.98 1.60 1.23 0.98 0.91 1.02 1.26 1.56 1.90 2.16 2.24
  5   2.14 1.87 1.50 1.14 0.89 0.81 0.92 1.20 1.55 1.93 2.24 2.37 2.34 2.16 1.86 1.53 1.25 1.08 1.07 1.23 1.46 1.70 1.94 2.10
  6   2.12 1.97 1.70 1.40 1.15 1.02 1.03 1.17 1.42 1.70 2.00 2.22 2.30 2.25 2.06 1.80 1.54 1.33 1.25 1.28 1.41 1.59 1.78 1.94
  7   2.01 1.97 1.81 1.60 1.40 1.24 1.15 1.17 1.31 1.54 1.80 2.03 2.16 2.18 2.10 1.95 1.76 1.59 1.46 1.39 1.41 1.51 1.65 1.80
  8   1.92 1.98 1.96 1.84 1.66 1.49 1.37 1.33 1.38 1.50 1.66 1.83 2.00 2.11 2.14 2.08 1.98 1.85 1.72 1.61 1.53 1.52 1.57 1.66
  9   1.77 1.85 1.88 1.84 1.76 1.67 1.58 1.50 1.46 1.46 1.52 1.62 1.74 1.86 1.98 2.04 2.03 1.96 1.85 1.73 1.60 1.49 1.43 1.43
 10   1.49 1.59 1.70 1.80 1.87 1.88 1.84 1.76 1.66 1.56 1.49 1.48 1.54 1.66 1.80 1.93 2.04 2.09 2.06 1.96 1.80 1.63 1.48 1.37
 11   1.35 1.42 1.53 1.66 1.79 1.90 1.94 1.90 1.78 1.62 1.46 1.35 1.32 1.39 1.54 1.73 1.92 2.08 2.14 2.10 1.96 1.75 1.51 1.30
 12   1.18 1.18 1.28 1.46 1.69 1.92 2.07 2.11 2.04 1.84 1.59 1.36 1.21 1.20 1.32 1.52 1.77 2.02 2.20 2.26 2.19 1.97 1.65 1.33
 13   1.10 1.02 1.11 1.33 1.60 1.90 2.13 2.25 2.21 2.02 1.73 1.44 1.19 1.04 1.06 1.25 1.56 1.90 2.19 2.36 2.36 2.15 1.80 1.41
 14   1.06 0.86 0.86 1.03 1.32 1.70 2.08 2.30 2.34 2.21 1.91 1.54 1.20 0.94 0.87 1.00 1.30 1.69 2.08 2.36 2.45 2.34 1.98 1.51
 15   1.09 0.78 0.68 0.78 1.10 1.54 2.00 2.32 2.46 2.42 2.20 1.82 1.40 1.02 0.84 0.87 1.11 1.50 1.92 2.30 2.49 2.48 2.25 1.84
 16   1.34 0.94 0.72 0.70 0.90 1.30 1.76 2.20 2.52 2.59 2.44 2.10 1.64 1.19 0.86 0.76 0.89 1.24 1.66 2.12 2.42 2.52 2.39 2.04
 17   1.56 1.07 0.72 0.61 0.73 1.06 1.54 2.03 2.43 2.64 2.62 2.37 1.92 1.42 0.99 0.78 0.79 1.00 1.38 1.82 2.20 2.41 2.45 2.27
 18   1.84 1.35 0.88 0.62 0.61 0.83 1.20 1.71 2.23 2.58 2.68 2.57 2.24 1.80 1.35 0.98 0.80 0.85 1.13 1.55 2.03 2.39 2.54 2.46
 19   2.16 1.70 1.24 0.87 0.68 0.72 1.00 1.42 1.92 2.34 2.57 2.60 2.42 2.03 1.58 1.20 0.92 0.83 0.95 1.26 1.66 2.04 2.28 2.34
 20   2.20 1.90 1.52 1.14 0.85 0.76 0.86 1.18 1.60 2.02 2.33 2.46 2.43 2.22 1.88 1.48 1.13 0.95 0.95 1.12 1.40 1.74 2.04 2.20
 21   2.20 2.03 1.72 1.36 1.05 0.88 0.86 1.01 1.30 1.64 2.00 2.28 2.41 2.39 2.22 1.92 1.58 1.29 1.11 1.08 1.20 1.44 1.72 1.96
 22   2.10 2.11 1.98 1.74 1.46 1.20 1.03 1.00 1.11 1.34 1.64 1.94 2.16 2.28 2.27 2.14 1.90 1.62 1.38 1.22 1.18 1.26 1.40 1.59
 23   1.78 1.92 1.97 1.91 1.76 1.56 1.36 1.22 1.17 1.23 1.39 1.61 1.85 2.05 2.18 2.20 2.12 1.94 1.71 1.47 1.26 1.14 1.14 1.24
 24   1.42 1.61 1.77 1.88 1.90 1.83 1.70 1.53 1.37 1.26 1.24 1.32 1.48 1.70 1.92 2.08 2.15 2.12 2.00 1.80 1.56 1.34 1.20 1.16
 25   1.22 1.36 1.55 1.74 1.90 2.00 2.00 1.88 1.68 1.45 1.27 1.18 1.22 1.36 1.57 1.82 2.04 2.18 2.21 2.11 1.88 1.57 1.28 1.08
 26   1.01 1.08 1.25 1.50 1.77 2.00 2.09 2.06 1.90 1.64 1.36 1.12 1.02 1.06 1.25 1.51 1.80 2.08 2.25 2.28 2.15 1.88 1.51 1.13
 27   0.88 0.83 0.96 1.24 1.62 2.00 2.25 2.33 2.25 2.04 1.71 1.35 1.08 0.98 1.03 1.26 1.60 1.96 2.26 2.40 2.36 2.11 1.72 1.32
 28   0.98 0.77 0.75 0.94 1.32 1.78 2.18 2.42 2.46 2.28 1.95 1.55 1.17 0.96 0.94 1.08 1.37 1.73 2.07 2.33 2.42 2.32 1.99 1.56
 29   1.16 0.86 0.75 0.84 1.12 1.56 1.99 2.34 2.49 2.44 2.20 1.82 1.39 1.01 0.83 0.87 1.12 1.48 1.85 2.18 2.40 2.45 2.28 1.88
 30   1.38 0.98 0.74 0.72 0.92 1.29 1.76 2.20 2.50 2.56 2.40 2.06 1.64 1.25 0.94 0.84 0.93 1.24 1.65 2.02 2.30 2.44 2.42 2.20
 ----------------------------------------------------------------------------------------------------------------------------
                                                                                               
 ----------------------------------------------------------------------------------------------------------------------------
 ----------------------------------------------------------------------------------------------------------------------------
                                                          SURVEY OF INDIA
                                                    MARINE GEODESY WING (G&RB)
                                                     HOURLY HEIGHTS IN METRES
  NAME OF PORT:- PARADIP                                                                            MONTH MAY       YEAR 2018
 ----------------------------------------------------------------------------------------------------------------------------
 DAYS 0000 0001 0002 0003 0004 0005 0006 0007 0008 0009 0010 0011 0012 0013 0014 0015 0016 0017 0018 0019 0020 0021 0022 0023
 ----------------------------------------------------------------------------------------------------------------------------
  1   1.72 1.20 0.84 0.69 0.78 1.07 1.55 2.05 2.44 2.61 2.56 2.31 1.90 1.47 1.10 0.89 0.87 1.05 1.42 1.84 2.18 2.38 2.38 2.17
  2   1.79 1.38 1.00 0.76 0.75 0.98 1.36 1.81 2.22 2.49 2.58 2.47 2.18 1.78 1.36 1.07 0.96 1.05 1.30 1.66 2.03 2.28 2.36 2.28
  3   1.98 1.60 1.22 0.95 0.85 0.92 1.18 1.56 1.96 2.30 2.50 2.51 2.36 2.04 1.66 1.31 1.08 1.03 1.15 1.41 1.73 2.05 2.26 2.29
  4   2.14 1.85 1.50 1.18 0.98 0.96 1.13 1.44 1.83 2.20 2.45 2.53 2.44 2.20 1.88 1.54 1.28 1.15 1.17 1.35 1.62 1.89 2.10 2.21
  5   2.18 1.98 1.68 1.39 1.16 1.04 1.08 1.28 1.60 1.94 2.22 2.39 2.41 2.28 2.02 1.73 1.46 1.27 1.20 1.26 1.45 1.70 1.93 2.08
  6   2.12 2.03 1.82 1.57 1.34 1.20 1.16 1.24 1.44 1.70 1.98 2.20 2.29 2.26 2.11 1.90 1.67 1.45 1.30 1.27 1.36 1.53 1.72 1.90
  7   2.00 2.01 1.92 1.75 1.56 1.39 1.30 1.30 1.40 1.58 1.78 1.97 2.12 2.18 2.15 2.02 1.84 1.66 1.51 1.40 1.37 1.44 1.56 1.68
  8   1.80 1.89 1.90 1.84 1.73 1.61 1.50 1.43 1.40 1.44 1.54 1.69 1.85 1.98 2.06 2.06 1.98 1.84 1.67 1.51 1.42 1.39 1.41 1.49
  9   1.61 1.72 1.81 1.85 1.84 1.78 1.68 1.57 1.46 1.39 1.39 1.49 1.66 1.85 2.00 2.09 2.11 2.05 1.92 1.74 1.55 1.40 1.32 1.33
 10   1.42 1.56 1.73 1.88 1.98 2.00 1.94 1.81 1.66 1.51 1.40 1.37 1.45 1.63 1.83 2.00 2.11 2.16 2.13 2.02 1.82 1.58 1.38 1.27
 11   1.26 1.36 1.54 1.75 1.96 2.12 2.16 2.10 1.94 1.74 1.55 1.40 1.35 1.42 1.62 1.85 2.07 2.25 2.30 2.21 1.99 1.72 1.47 1.26
 12   1.15 1.18 1.36 1.63 1.92 2.18 2.34 2.35 2.21 1.98 1.70 1.42 1.26 1.24 1.37 1.62 1.92 2.20 2.37 2.39 2.27 2.00 1.64 1.30
 13   1.06 0.99 1.08 1.35 1.71 2.08 2.39 2.55 2.53 2.30 1.92 1.54 1.23 1.07 1.10 1.31 1.63 1.98 2.28 2.46 2.48 2.31 1.95 1.51
 14   1.14 0.96 0.98 1.19 1.54 1.95 2.33 2.61 2.69 2.58 2.28 1.86 1.45 1.10 0.93 0.98 1.27 1.70 2.14 2.46 2.56 2.46 2.14 1.70
 15   1.28 0.97 0.87 0.99 1.29 1.73 2.18 2.58 2.83 2.84 2.60 2.18 1.69 1.26 1.01 0.98 1.16 1.52 1.98 2.40 2.64 2.67 2.45 2.04
 16   1.55 1.10 0.82 0.79 1.00 1.39 1.90 2.40 2.76 2.90 2.82 2.50 2.00 1.50 1.10 0.92 0.97 1.26 1.69 2.11 2.46 2.63 2.58 2.30
 17   1.87 1.37 0.99 0.81 0.85 1.14 1.57 2.09 2.60 2.88 2.93 2.74 2.36 1.86 1.40 1.05 0.94 1.04 1.34 1.76 2.20 2.52 2.63 2.52
 18   2.20 1.74 1.27 0.92 0.82 0.93 1.28 1.76 2.26 2.64 2.84 2.82 2.60 2.22 1.77 1.37 1.09 1.03 1.19 1.52 1.91 2.26 2.47 2.50
 19   2.33 1.96 1.54 1.16 0.95 0.92 1.10 1.44 1.88 2.30 2.64 2.78 2.74 2.51 2.13 1.72 1.36 1.14 1.10 1.24 1.52 1.85 2.15 2.34
 20   2.37 2.23 1.95 1.62 1.32 1.14 1.12 1.26 1.54 1.90 2.28 2.54 2.66 2.62 2.40 2.08 1.72 1.40 1.22 1.20 1.33 1.56 1.83 2.08
 21   2.24 2.26 2.14 1.93 1.67 1.43 1.28 1.26 1.39 1.63 1.93 2.22 2.44 2.54 2.51 2.34 2.08 1.79 1.52 1.34 1.27 1.33 1.50 1.74
 22   1.97 2.12 2.18 2.13 1.99 1.78 1.57 1.42 1.37 1.44 1.60 1.82 2.07 2.29 2.40 2.39 2.26 2.03 1.77 1.54 1.37 1.30 1.35 1.50
 23   1.70 1.90 2.06 2.16 2.16 2.04 1.86 1.67 1.50 1.40 1.42 1.56 1.78 2.02 2.24 2.36 2.36 2.25 2.06 1.82 1.58 1.38 1.29 1.32
 24   1.48 1.68 1.89 2.10 2.25 2.29 2.22 2.06 1.86 1.66 1.51 1.47 1.54 1.72 1.93 2.12 2.26 2.30 2.22 2.03 1.78 1.52 1.31 1.20
 25   1.21 1.35 1.58 1.84 2.10 2.28 2.32 2.23 2.02 1.75 1.50 1.35 1.33 1.46 1.68 1.92 2.15 2.30 2.34 2.25 2.02 1.71 1.42 1.21
 26   1.12 1.17 1.35 1.64 1.98 2.27 2.42 2.42 2.26 2.01 1.74 1.49 1.32 1.28 1.37 1.61 1.92 2.20 2.36 2.39 2.28 2.01 1.65 1.30
 27   1.10 1.05 1.16 1.40 1.74 2.12 2.44 2.56 2.52 2.31 1.98 1.64 1.36 1.22 1.25 1.46 1.75 2.06 2.32 2.44 2.41 2.19 1.85 1.45
 28   1.16 1.02 1.04 1.23 1.56 1.98 2.38 2.65 2.72 2.60 2.33 1.97 1.59 1.30 1.19 1.26 1.52 1.85 2.18 2.41 2.48 2.40 2.12 1.72
 29   1.33 1.10 1.04 1.15 1.42 1.78 2.20 2.56 2.75 2.74 2.55 2.20 1.80 1.44 1.24 1.21 1.36 1.65 2.00 2.31 2.49 2.49 2.31 1.96
 30   1.55 1.22 1.05 1.06 1.26 1.61 2.00 2.39 2.63 2.72 2.63 2.39 2.00 1.60 1.29 1.17 1.24 1.47 1.80 2.15 2.40 2.48 2.40 2.12
 31   1.76 1.40 1.10 1.00 1.08 1.39 1.80 2.23 2.59 2.76 2.76 2.59 2.26 1.86 1.49 1.26 1.19 1.31 1.56 1.90 2.23 2.42 2.44 2.30
 ----------------------------------------------------------------------------------------------------------------------------
                                                                                               
 ----------------------------------------------------------------------------------------------------------------------------
 ----------------------------------------------------------------------------------------------------------------------------
                                                          SURVEY OF INDIA
                                                    MARINE GEODESY WING (G&RB)
                                                     HOURLY HEIGHTS IN METRES
  NAME OF PORT:- PARADIP                                                                            MONTH JUNE      YEAR 2018
 ----------------------------------------------------------------------------------------------------------------------------
 DAYS 0000 0001 0002 0003 0004 0005 0006 0007 0008 0009 0010 0011 0012 0013 0014 0015 0016 0017 0018 0019 0020 0021 0022 0023
 ----------------------------------------------------------------------------------------------------------------------------
  1   2.01 1.64 1.30 1.12 1.10 1.26 1.60 2.02 2.40 2.65 2.76 2.70 2.46 2.10 1.72 1.40 1.24 1.24 1.40 1.71 2.03 2.29 2.41 2.36
  2   2.12 1.77 1.42 1.18 1.09 1.17 1.40 1.73 2.09 2.40 2.58 2.60 2.48 2.20 1.86 1.53 1.30 1.19 1.25 1.47 1.77 2.05 2.24 2.29
  3   2.18 1.92 1.60 1.32 1.15 1.10 1.22 1.48 1.84 2.20 2.46 2.59 2.57 2.38 2.09 1.79 1.52 1.35 1.32 1.43 1.65 1.92 2.14 2.26
  4   2.24 2.08 1.83 1.54 1.30 1.19 1.21 1.37 1.64 1.94 2.22 2.41 2.47 2.39 2.16 1.86 1.58 1.38 1.26 1.29 1.44 1.65 1.89 2.08
  5   2.16 2.12 1.96 1.76 1.57 1.43 1.35 1.40 1.57 1.80 2.04 2.26 2.38 2.39 2.30 2.10 1.84 1.60 1.43 1.38 1.42 1.54 1.71 1.91
  6   2.07 2.14 2.09 1.94 1.76 1.59 1.47 1.43 1.50 1.64 1.84 2.06 2.25 2.34 2.33 2.22 2.02 1.81 1.62 1.48 1.43 1.47 1.60 1.77
  7   1.94 2.07 2.14 2.13 2.03 1.87 1.71 1.60 1.56 1.61 1.72 1.88 2.05 2.21 2.33 2.36 2.28 2.11 1.91 1.70 1.54 1.48 1.51 1.62
  8   1.78 1.95 2.10 2.19 2.22 2.18 2.07 1.92 1.77 1.67 1.67 1.77 1.93 2.10 2.26 2.35 2.35 2.25 2.08 1.87 1.67 1.51 1.44 1.48
  9   1.60 1.78 2.00 2.20 2.34 2.39 2.33 2.19 2.00 1.82 1.68 1.62 1.66 1.79 2.00 2.20 2.34 2.40 2.34 2.18 1.93 1.68 1.48 1.37
 10   1.38 1.52 1.76 2.04 2.31 2.46 2.50 2.42 2.23 1.99 1.76 1.58 1.52 1.58 1.76 2.02 2.28 2.44 2.48 2.39 2.14 1.84 1.54 1.30
 11   1.22 1.30 1.51 1.80 2.14 2.48 2.68 2.71 2.58 2.28 1.91 1.58 1.39 1.34 1.45 1.69 2.00 2.28 2.45 2.47 2.34 2.03 1.66 1.33
 12   1.11 1.05 1.18 1.51 1.90 2.34 2.70 2.84 2.80 2.56 2.18 1.78 1.44 1.24 1.24 1.42 1.76 2.14 2.45 2.62 2.60 2.39 2.00 1.55
 13   1.15 0.99 1.03 1.25 1.62 2.10 2.56 2.87 2.97 2.88 2.58 2.14 1.67 1.30 1.17 1.24 1.50 1.87 2.24 2.55 2.68 2.60 2.31 1.88
 14   1.43 1.04 0.90 0.98 1.28 1.72 2.22 2.66 2.95 3.02 2.87 2.48 2.02 1.58 1.27 1.16 1.26 1.55 1.94 2.31 2.58 2.68 2.58 2.17
 15
 16
 17
 18
 19
 20   2.30 2.38 2.36 2.25 2.06 1.83 1.64 1.53 1.54 1.68 1.93 2.20 2.42 2.55 2.57 2.47 2.26 2.01 1.75 1.52 1.41 1.42 1.54 1.74
 21   1.97 2.16 2.27 2.30 2.24 2.10 1.91 1.73 1.61 1.59 1.70 1.88 2.09 2.28 2.42 2.47 2.41 2.24 2.00 1.75 1.54 1.42 1.43 1.54
 22   1.73 1.94 2.14 2.29 2.36 2.33 2.22 2.06 1.88 1.72 1.63 1.68 1.84 2.03 2.20 2.34 2.41 2.38 2.24 2.04 1.82 1.60 1.44 1.40
 23   1.50 1.70 1.92 2.15 2.35 2.44 2.42 2.30 2.10 1.88 1.69 1.58 1.58 1.68 1.86 2.06 2.22 2.31 2.30 2.18 1.97 1.72 1.50 1.34
 24   1.30 1.41 1.62 1.88 2.16 2.39 2.48 2.44 2.28 2.05 1.81 1.60 1.48 1.48 1.61 1.82 2.05 2.25 2.36 2.35 2.20 1.97 1.71 1.48
 25   1.34 1.32 1.44 1.71 2.02 2.32 2.52 2.58 2.50 2.29 2.04 1.78 1.58 1.49 1.54 1.71 1.94 2.18 2.36 2.42 2.35 2.17 1.90 1.61
 26   1.37 1.28 1.35 1.60 1.92 2.28 2.61 2.78 2.78 2.61 2.32 2.00 1.70 1.48 1.41 1.52 1.75 2.02 2.28 2.46 2.49 2.36 2.08 1.78
 27   1.48 1.28 1.24 1.38 1.66 2.02 2.40 2.70 2.82 2.76 2.55 2.24 1.90 1.60 1.43 1.42 1.57 1.84 2.14 2.41 2.54 2.52 2.34 2.02
 28   1.68 1.40 1.22 1.24 1.48 1.82 2.22 2.59 2.83 2.87 2.72 2.41 2.02 1.64 1.41 1.33 1.42 1.64 1.97 2.29 2.50 2.57 2.45 2.16
 29   1.81 1.48 1.25 1.18 1.33 1.63 2.02 2.42 2.70 2.83 2.78 2.56 2.20 1.83 1.52 1.33 1.33 1.50 1.81 2.15 2.41 2.54 2.52 2.32
 30   1.98 1.62 1.34 1.18 1.22 1.45 1.78 2.17 2.53 2.76 2.80 2.66 2.38 2.01 1.66 1.41 1.31 1.38 1.63 1.96 2.25 2.43 2.48 2.38
 ----------------------------------------------------------------------------------------------------------------------------
                                                                                               
 ----------------------------------------------------------------------------------------------------------------------------
 ----------------------------------------------------------------------------------------------------------------------------
                                                          SURVEY OF INDIA
                                                    MARINE GEODESY WING (G&RB)
                                                     HOURLY HEIGHTS IN METRES
  NAME OF PORT:- PARADIP                                                                            MONTH JULY      YEAR 2018
 ----------------------------------------------------------------------------------------------------------------------------
 DAYS 0000 0001 0002 0003 0004 0005 0006 0007 0008 0009 0010 0011 0012 0013 0014 0015 0016 0017 0018 0019 0020 0021 0022 0023
 ----------------------------------------------------------------------------------------------------------------------------
  1   2.14 1.81 1.46 1.21 1.15 1.25 1.54 1.92 2.32 2.60 2.71 2.68 2.50 2.16 1.78 1.46 1.28 1.26 1.41 1.69 2.00 2.28 2.42 2.41
  2   2.23 1.92 1.59 1.32 1.16 1.17 1.38 1.69 2.05 2.40 2.62 2.69 2.58 2.32 1.96 1.60 1.33 1.22 1.27 1.49 1.80 2.09 2.29 2.37
  3   2.30 2.09 1.81 1.52 1.28 1.18 1.24 1.48 1.81 2.15 2.42 2.56 2.55 2.40 2.12 1.78 1.48 1.26 1.20 1.32 1.56 1.85 2.12 2.28
  4   2.31 2.21 1.98 1.71 1.47 1.31 1.26 1.37 1.62 1.93 2.22 2.42 2.50 2.46 2.27 1.98 1.66 1.41 1.26 1.24 1.38 1.62 1.87 2.10
  5   2.23 2.24 2.11 1.90 1.68 1.48 1.36 1.36 1.50 1.73 2.00 2.25 2.43 2.48 2.40 2.18 1.92 1.68 1.48 1.38 1.42 1.58 1.80 2.03
  6   2.22 2.32 2.32 2.22 2.04 1.84 1.66 1.55 1.55 1.67 1.87 2.10 2.31 2.43 2.45 2.36 2.16 1.90 1.66 1.50 1.43 1.49 1.63 1.83
  7   2.05 2.22 2.31 2.32 2.25 2.10 1.92 1.75 1.62 1.58 1.68 1.87 2.08 2.25 2.36 2.39 2.31 2.14 1.90 1.67 1.50 1.43 1.47 1.61
  8   1.82 2.04 2.24 2.38 2.43 2.38 2.24 2.05 1.85 1.68 1.61 1.65 1.79 1.99 2.18 2.33 2.38 2.32 2.14 1.90 1.66 1.48 1.38 1.40
  9   1.55 1.77 2.02 2.25 2.43 2.51 2.48 2.32 2.09 1.83 1.60 1.50 1.53 1.68 1.90 2.12 2.29 2.37 2.33 2.18 1.92 1.64 1.40 1.27
 10   1.28 1.44 1.71 2.01 2.31 2.54 2.64 2.61 2.42 2.11 1.82 1.58 1.45 1.47 1.63 1.86 2.13 2.35 2.45 2.41 2.23 1.93 1.60 1.31
 11   1.17 1.20 1.38 1.72 2.11 2.48 2.74 2.84 2.74 2.47 2.12 1.78 1.48 1.34 1.38 1.56 1.87 2.20 2.48 2.60 2.54 2.29 1.92 1.52
 12   1.22 1.08 1.12 1.38 1.78 2.23 2.64 2.94 3.02 2.90 2.55 2.14 1.72 1.38 1.25 1.32 1.60 1.98 2.36 2.64 2.73 2.64 2.37 1.93
 13   1.46 1.14 1.04 1.16 1.47 1.92 2.44 2.84 3.04 3.05 2.84 2.43 1.95 1.50 1.22 1.14 1.28 1.63 2.05 2.47 2.74 2.80 2.64 2.28
 14   1.80 1.38 1.10 1.03 1.18 1.55 2.02 2.54 2.93 3.12 3.11 2.87 2.42 1.91 1.46 1.20 1.16 1.34 1.70 2.13 2.55 2.77 2.78 2.56
 15   2.14 1.68 1.28 1.03 1.00 1.21 1.62 2.11 2.64 3.02 3.19 3.14 2.83 2.34 1.84 1.43 1.19 1.17 1.39 1.79 2.21 2.62 2.82 2.81
 16   2.56 2.16 1.73 1.38 1.17 1.18 1.42 1.83 2.30 2.69 2.95 3.02 2.87 2.53 2.08 1.62 1.25 1.07 1.09 1.34 1.76 2.20 2.50 2.64
 17   2.60 2.36 2.02 1.68 1.40 1.24 1.26 1.46 1.82 2.22 2.58 2.82 2.87 2.74 2.43 2.02 1.63 1.35 1.21 1.27 1.54 1.91 2.29 2.57
 18   2.69 2.64 2.42 2.10 1.78 1.52 1.38 1.41 1.62 1.98 2.36 2.66 2.82 2.82 2.64 2.32 1.99 1.70 1.48 1.40 1.48 1.70 2.00 2.31
 19   2.56 2.66 2.62 2.45 2.19 1.91 1.67 1.55 1.58 1.77 2.06 2.36 2.58 2.68 2.64 2.48 2.24 1.98 1.74 1.57 1.52 1.61 1.81 2.07
 20   2.35 2.56 2.65 2.63 2.50 2.28 2.03 1.82 1.71 1.73 1.88 2.10 2.32 2.48 2.55 2.53 2.42 2.24 2.02 1.81 1.67 1.63 1.72 1.90
 21   2.14 2.37 2.53 2.61 2.60 2.51 2.34 2.16 1.99 1.88 1.87 1.95 2.09 2.25 2.38 2.43 2.40 2.28 2.09 1.88 1.68 1.55 1.52 1.56
 22   1.70 1.91 2.12 2.28 2.36 2.36 2.26 2.10 1.93 1.76 1.63 1.58 1.61 1.72 1.88 2.02 2.10 2.11 2.04 1.90 1.71 1.54 1.42 1.38
 23   1.44 1.58 1.79 2.02 2.22 2.34 2.37 2.30 2.16 1.98 1.81 1.67 1.60 1.63 1.74 1.90 2.06 2.19 2.22 2.16 2.02 1.82 1.63 1.48
 24   1.40 1.43 1.58 1.81 2.05 2.28 2.43 2.45 2.36 2.16 1.94 1.72 1.54 1.48 1.54 1.71 1.91 2.08 2.21 2.26 2.18 2.00 1.76 1.51
 25   1.33 1.26 1.36 1.58 1.88 2.18 2.45 2.60 2.58 2.41 2.16 1.88 1.62 1.45 1.42 1.52 1.74 1.99 2.20 2.32 2.31 2.18 1.95 1.69
 26   1.44 1.27 1.25 1.42 1.72 2.06 2.39 2.64 2.71 2.63 2.38 2.06 1.75 1.49 1.38 1.41 1.57 1.84 2.12 2.36 2.46 2.39 2.19 1.88
 27   1.56 1.32 1.22 1.28 1.52 1.87 2.26 2.60 2.78 2.76 2.58 2.28 1.90 1.56 1.38 1.34 1.44 1.67 1.98 2.29 2.48 2.50 2.36 2.07
 28   1.72 1.40 1.19 1.16 1.32 1.63 2.05 2.46 2.74 2.85 2.76 2.52 2.15 1.78 1.48 1.30 1.30 1.48 1.79 2.14 2.42 2.54 2.50 2.30
 29   1.97 1.60 1.30 1.17 1.22 1.48 1.88 2.31 2.66 2.86 2.85 2.64 2.31 1.90 1.54 1.33 1.27 1.40 1.68 2.04 2.35 2.53 2.56 2.42
 30   2.10 1.72 1.38 1.18 1.16 1.35 1.70 2.10 2.48 2.76 2.86 2.80 2.58 2.24 1.85 1.48 1.22 1.15 1.26 1.56 1.92 2.27 2.48 2.50
 31
 ----------------------------------------------------------------------------------------------------------------------------
                                                                                               
 ----------------------------------------------------------------------------------------------------------------------------
 ----------------------------------------------------------------------------------------------------------------------------
                                                          SURVEY OF INDIA
                                                    MARINE GEODESY WING (G&RB)
                                                     HOURLY HEIGHTS IN METRES
  NAME OF PORT:- PARADIP                                                                            MONTH AUGUST    YEAR 2018
 ----------------------------------------------------------------------------------------------------------------------------
 DAYS 0000 0001 0002 0003 0004 0005 0006 0007 0008 0009 0010 0011 0012 0013 0014 0015 0016 0017 0018 0019 0020 0021 0022 0023
 ----------------------------------------------------------------------------------------------------------------------------
  1   2.49 2.10 1.72 1.41 1.22 1.20 1.34 1.62 1.98 2.32 2.57 2.68 2.60 2.36 2.00 1.62 1.33 1.18 1.21 1.39 1.69 2.02 2.30 2.46
  2   2.47 2.29 2.00 1.68 1.42 1.28 1.29 1.49 1.79 2.12 2.42 2.62 2.64 2.48 2.18 1.83 1.51 1.30 1.24 1.34 1.60 1.92 2.22 2.44
  3   2.52 2.43 2.22 1.95 1.67 1.46 1.38 1.44 1.66 1.95 2.23 2.46 2.57 2.54 2.37 2.10 1.81 1.52 1.32 1.28 1.39 1.62 1.92 2.22
  4   2.40 2.45 2.38 2.19 1.95 1.72 1.54 1.49 1.57 1.77 2.01 2.23 2.40 2.48 2.42 2.23 1.96 1.69 1.46 1.34 1.36 1.50 1.74 2.03
  5   2.26 2.40 2.44 2.39 2.23 2.02 1.84 1.71 1.66 1.71 1.85 2.04 2.23 2.36 2.41 2.36 2.20 1.96 1.70 1.49 1.39 1.42 1.55 1.74
  6   1.96 2.18 2.36 2.44 2.41 2.28 2.09 1.90 1.73 1.64 1.65 1.75 1.92 2.10 2.25 2.34 2.34 2.23 2.04 1.83 1.64 1.50 1.47 1.55
  7   1.74 1.98 2.23 2.44 2.57 2.59 2.50 2.32 2.10 1.88 1.73 1.70 1.78 1.92 2.09 2.25 2.37 2.42 2.38 2.22 1.96 1.70 1.52 1.45
  8   1.50 1.68 1.95 2.25 2.53 2.72 2.78 2.70 2.48 2.18 1.89 1.68 1.60 1.66 1.82 2.04 2.28 2.46 2.54 2.48 2.27 1.98 1.69 1.44
  9   1.32 1.37 1.58 1.92 2.29 2.62 2.84 2.90 2.76 2.47 2.11 1.72 1.46 1.36 1.45 1.66 1.98 2.32 2.57 2.66 2.56 2.33 1.98 1.58
 10   1.26 1.15 1.25 1.54 1.97 2.42 2.78 3.01 3.02 2.83 2.48 2.06 1.63 1.34 1.24 1.37 1.67 2.08 2.48 2.74 2.81 2.70 2.37 1.90
 11   1.46 1.16 1.06 1.20 1.53 2.02 2.52 2.92 3.14 3.14 2.92 2.45 1.93 1.50 1.20 1.16 1.37 1.74 2.20 2.62 2.87 2.92 2.76 2.35
 12   1.84 1.37 1.10 1.06 1.26 1.65 2.20 2.72 3.10 3.25 3.16 2.82 2.31 1.81 1.38 1.13 1.14 1.42 1.82 2.28 2.70 2.95 2.95 2.72
 13   2.29 1.82 1.38 1.16 1.15 1.38 1.82 2.34 2.82 3.16 3.23 3.08 2.68 2.16 1.66 1.30 1.12 1.18 1.48 1.92 2.45 2.82 2.99 2.95
 14   2.68 2.26 1.81 1.42 1.23 1.29 1.62 2.06 2.54 2.96 3.20 3.20 2.98 2.59 2.12 1.68 1.38 1.28 1.42 1.78 2.26 2.70 3.00 3.12
 15   3.02 2.71 2.30 1.88 1.60 1.51 1.64 1.96 2.40 2.84 3.16 3.32 3.26 2.98 2.56 2.12 1.74 1.55 1.56 1.78 2.15 2.56 2.90 3.08
 16   3.10 2.92 2.59 2.24 1.93 1.73 1.70 1.85 2.16 2.51 2.83 3.05 3.12 3.02 2.76 2.41 2.02 1.72 1.58 1.62 1.82 2.13 2.48 2.76
 17   2.90 2.90 2.74 2.47 2.17 1.91 1.78 1.79 1.95 2.18 2.42 2.66 2.84 2.88 2.77 2.52 2.22 1.92 1.70 1.61 1.68 1.88 2.14 2.42
 18   2.67 2.79 2.78 2.65 2.44 2.22 2.02 1.90 1.90 2.00 2.20 2.42 2.58 2.67 2.66 2.55 2.38 2.16 1.94 1.80 1.76 1.82 1.98 2.20
 19   2.42 2.59 2.67 2.67 2.58 2.43 2.26 2.10 1.98 1.95 2.02 2.15 2.29 2.42 2.50 2.50 2.41 2.28 2.13 1.99 1.88 1.85 1.89 2.02
 20   2.22 2.42 2.59 2.69 2.70 2.64 2.52 2.37 2.23 2.13 2.08 2.09 2.16 2.26 2.37 2.45 2.49 2.47 2.38 2.24 2.09 1.98 1.92 1.93
 21   2.01 2.16 2.33 2.51 2.65 2.71 2.70 2.61 2.46 2.28 2.13 2.04 2.01 2.05 2.14 2.25 2.36 2.44 2.45 2.38 2.24 2.08 1.94 1.84
 22   1.81 1.87 2.03 2.23 2.43 2.60 2.67 2.64 2.51 2.31 2.09 1.91 1.82 1.81 1.88 2.02 2.19 2.35 2.45 2.47 2.38 2.21 2.00 1.79
 23   1.65 1.63 1.73 1.95 2.21 2.46 2.67 2.77 2.73 2.55 2.29 2.01 1.79 1.67 1.66 1.76 1.97 2.21 2.42 2.52 2.51 2.37 2.11 1.83
 24   1.59 1.48 1.49 1.66 1.96 2.28 2.57 2.77 2.80 2.67 2.42 2.09 1.79 1.55 1.49 1.57 1.78 2.05 2.31 2.50 2.57 2.50 2.26 1.93
 25   1.63 1.41 1.36 1.49 1.76 2.14 2.49 2.77 2.89 2.83 2.61 2.27 1.89 1.61 1.46 1.45 1.59 1.87 2.19 2.47 2.64 2.63 2.45 2.13
 26   1.77 1.49 1.35 1.38 1.60 1.93 2.33 2.69 2.91 2.93 2.78 2.47 2.08 1.73 1.47 1.39 1.51 1.77 2.11 2.47 2.72 2.81 2.69 2.41
 27   1.99 1.62 1.39 1.33 1.45 1.79 2.19 2.60 2.89 3.02 2.93 2.66 2.27 1.87 1.53 1.36 1.39 1.61 1.99 2.37 2.68 2.85 2.81 2.59
 28   2.19 1.76 1.44 1.31 1.36 1.61 2.01 2.45 2.79 2.99 3.01 2.81 2.45 2.03 1.61 1.35 1.28 1.43 1.78 2.20 2.58 2.81 2.88 2.71
 29   2.37 1.95 1.59 1.34 1.29 1.47 1.81 2.19 2.55 2.83 2.93 2.81 2.51 2.11 1.68 1.34 1.19 1.24 1.51 1.91 2.34 2.65 2.79 2.75
 30   2.51 2.13 1.75 1.44 1.25 1.27 1.51 1.88 2.27 2.61 2.81 2.83 2.64 2.27 1.85 1.47 1.24 1.19 1.37 1.72 2.12 2.47 2.72 2.77
 31   2.65 2.35 1.99 1.65 1.37 1.29 1.39 1.69 2.07 2.41 2.67 2.77 2.71 2.44 2.05 1.65 1.36 1.22 1.27 1.49 1.84 2.20 2.50 2.68
 ----------------------------------------------------------------------------------------------------------------------------
                                                                                               
 ----------------------------------------------------------------------------------------------------------------------------
 ----------------------------------------------------------------------------------------------------------------------------
                                                          SURVEY OF INDIA
                                                    MARINE GEODESY WING (G&RB)
                                                     HOURLY HEIGHTS IN METRES
  NAME OF PORT:- PARADIP                                                                            MONTH SEPT      YEAR 2018
 ----------------------------------------------------------------------------------------------------------------------------
 DAYS 0000 0001 0002 0003 0004 0005 0006 0007 0008 0009 0010 0011 0012 0013 0014 0015 0016 0017 0018 0019 0020 0021 0022 0023
 ----------------------------------------------------------------------------------------------------------------------------
  1   2.67 2.48 2.19 1.87 1.57 1.38 1.38 1.55 1.82 2.13 2.39 2.55 2.58 2.44 2.17 1.83 1.51 1.27 1.21 1.31 1.57 1.91 2.24 2.47
  2   2.54 2.49 2.29 2.03 1.75 1.55 1.45 1.47 1.61 1.85 2.10 2.29 2.38 2.37 2.23 1.99 1.67 1.40 1.26 1.25 1.39 1.66 1.95 2.21
  3   2.37 2.43 2.38 2.23 2.01 1.79 1.61 1.53 1.55 1.69 1.91 2.11 2.25 2.30 2.27 2.15 1.95 1.74 1.55 1.43 1.40 1.49 1.71 1.95
  4   2.17 2.32 2.39 2.38 2.29 2.13 1.96 1.80 1.67 1.63 1.69 1.83 1.98 2.10 2.19 2.21 2.15 2.01 1.85 1.70 1.58 1.53 1.56 1.69
  5   1.87 2.06 2.23 2.37 2.44 2.41 2.28 2.11 1.93 1.76 1.63 1.58 1.63 1.76 1.91 2.04 2.14 2.18 2.12 1.97 1.76 1.58 1.47 1.45
  6   1.54 1.69 1.88 2.09 2.30 2.45 2.51 2.43 2.22 1.94 1.66 1.46 1.38 1.44 1.61 1.83 2.05 2.21 2.28 2.23 2.07 1.83 1.56 1.35
  7   1.27 1.32 1.52 1.83 2.17 2.47 2.67 2.71 2.59 2.31 1.95 1.61 1.37 1.27 1.35 1.59 1.91 2.25 2.51 2.61 2.53 2.27 1.91 1.55
  8   1.25 1.13 1.19 1.46 1.85 2.27 2.63 2.85 2.85 2.65 2.23 1.75 1.37 1.15 1.11 1.27 1.61 2.03 2.44 2.71 2.75 2.59 2.25 1.81
  9   1.39 1.09 1.03 1.18 1.57 2.04 2.53 2.85 2.99 2.89 2.57 2.11 1.59 1.19 0.97 0.99 1.27 1.71 2.19 2.57 2.84 2.85 2.59 2.19
 10   1.69 1.25 0.97 0.95 1.17 1.61 2.13 2.63 2.95 3.02 2.83 2.41 1.89 1.37 1.03 0.88 0.98 1.31 1.83 2.33 2.71 2.87 2.77 2.46
 11   1.99 1.49 1.05 0.89 0.97 1.31 1.79 2.27 2.67 2.91 2.91 2.67 2.22 1.71 1.23 0.91 0.86 1.06 1.47 1.95 2.41 2.77 2.87 2.75
 12   2.37 1.88 1.40 1.05 0.94 1.07 1.41 1.88 2.33 2.67 2.81 2.71 2.41 1.97 1.51 1.07 0.87 0.91 1.19 1.66 2.15 2.51 2.71 2.71
 13   2.51 2.11 1.65 1.27 1.05 1.03 1.21 1.61 2.04 2.41 2.65 2.67 2.49 2.10 1.67 1.27 0.99 0.92 1.05 1.37 1.83 2.27 2.54 2.63
 14   2.52 2.27 1.91 1.52 1.23 1.11 1.16 1.38 1.72 2.07 2.34 2.47 2.42 2.21 1.89 1.53 1.23 1.05 1.05 1.25 1.57 1.91 2.22 2.42
 15   2.46 2.35 2.10 1.80 1.51 1.31 1.27 1.37 1.61 1.90 2.15 2.31 2.35 2.25 2.04 1.77 1.51 1.33 1.25 1.31 1.49 1.75 2.05 2.29
 16   2.41 2.41 2.29 2.07 1.83 1.62 1.50 1.48 1.55 1.73 1.95 2.16 2.28 2.28 2.17 1.97 1.75 1.56 1.44 1.40 1.48 1.67 1.91 2.12
 17   2.27 2.32 2.29 2.17 2.00 1.82 1.68 1.60 1.60 1.67 1.81 1.97 2.09 2.14 2.11 2.01 1.89 1.76 1.65 1.57 1.55 1.61 1.73 1.89
 18   2.05 2.17 2.23 2.23 2.16 2.05 1.94 1.83 1.75 1.71 1.73 1.80 1.89 1.99 2.04 2.04 1.99 1.91 1.82 1.73 1.66 1.63 1.65 1.72
 19   1.83 1.95 2.07 2.17 2.22 2.21 2.15 2.05 1.93 1.82 1.74 1.72 1.78 1.89 2.02 2.13 2.20 2.20 2.12 2.00 1.86 1.73 1.65 1.63
 20   1.71 1.85 2.03 2.20 2.33 2.39 2.36 2.27 2.14 2.00 1.86 1.75 1.71 1.76 1.90 2.08 2.24 2.36 2.40 2.33 2.18 1.99 1.81 1.67
 21   1.63 1.69 1.87 2.10 2.32 2.50 2.58 2.53 2.39 2.21 2.03 1.86 1.74 1.70 1.77 1.94 2.14 2.35 2.53 2.62 2.56 2.37 2.09 1.82
 22   1.65 1.59 1.68 1.89 2.17 2.45 2.66 2.76 2.70 2.51 2.21 1.89 1.62 1.47 1.47 1.60 1.85 2.16 2.43 2.57 2.55 2.39 2.13 1.81
 23   1.51 1.35 1.36 1.55 1.87 2.21 2.53 2.73 2.75 2.61 2.33 1.96 1.61 1.35 1.25 1.34 1.61 1.97 2.33 2.57 2.67 2.61 2.34 1.95
 24   1.55 1.25 1.16 1.27 1.59 1.95 2.33 2.61 2.75 2.69 2.43 2.03 1.61 1.27 1.08 1.10 1.33 1.71 2.16 2.49 2.66 2.66 2.45 2.08
 25   1.62 1.25 1.05 1.07 1.30 1.68 2.12 2.52 2.74 2.75 2.54 2.16 1.72 1.32 1.07 1.00 1.14 1.48 1.94 2.38 2.66 2.72 2.58 2.25
 26   1.80 1.38 1.10 1.01 1.12 1.46 1.92 2.38 2.68 2.78 2.65 2.32 1.88 1.42 1.08 0.92 0.98 1.26 1.72 2.19 2.60 2.77 2.72 2.48
 27   2.06 1.58 1.15 0.97 1.00 1.24 1.64 2.12 2.48 2.68 2.70 2.50 2.10 1.64 1.22 0.92 0.88 1.06 1.42 1.94 2.40 2.70 2.77 2.63
 28   2.28 1.86 1.44 1.14 1.02 1.12 1.40 1.85 2.28 2.60 2.72 2.62 2.32 1.90 1.46 1.08 0.90 0.96 1.26 1.71 2.16 2.52 2.72 2.72
 29   2.52 2.14 1.72 1.34 1.12 1.10 1.28 1.62 2.04 2.39 2.58 2.60 2.44 2.08 1.68 1.32 1.08 1.04 1.20 1.52 1.92 2.35 2.62 2.71
 30   2.63 2.37 2.02 1.64 1.32 1.18 1.24 1.47 1.79 2.12 2.38 2.49 2.45 2.26 1.94 1.58 1.29 1.12 1.12 1.31 1.66 2.02 2.33 2.52
 ----------------------------------------------------------------------------------------------------------------------------
                                                                                               
 ----------------------------------------------------------------------------------------------------------------------------
 ----------------------------------------------------------------------------------------------------------------------------
                                                          SURVEY OF INDIA
                                                    MARINE GEODESY WING (G&RB)
                                                     HOURLY HEIGHTS IN METRES
  NAME OF PORT:- PARADIP                                                                            MONTH OCTOBER   YEAR 2018
 ----------------------------------------------------------------------------------------------------------------------------
 DAYS 0000 0001 0002 0003 0004 0005 0006 0007 0008 0009 0010 0011 0012 0013 0014 0015 0016 0017 0018 0019 0020 0021 0022 0023
 ----------------------------------------------------------------------------------------------------------------------------
  1   2.56 2.46 2.22 1.92 1.62 1.40 1.32 1.38 1.58 1.86 2.12 2.31 2.38 2.30 2.10 1.82 1.56 1.36 1.25 1.28 1.46 1.72 2.03 2.32
  2   2.48 2.50 2.39 2.17 1.92 1.69 1.52 1.43 1.47 1.62 1.82 2.02 2.18 2.23 2.16 2.00 1.81 1.61 1.44 1.35 1.38 1.52 1.72 1.94
  3   2.14 2.28 2.33 2.28 2.14 1.95 1.75 1.58 1.48 1.46 1.51 1.63 1.79 1.94 2.04 2.07 2.01 1.88 1.72 1.55 1.43 1.39 1.44 1.56
  4   1.74 1.94 2.12 2.24 2.27 2.22 2.08 1.89 1.68 1.50 1.41 1.42 1.52 1.66 1.82 1.98 2.09 2.11 2.04 1.87 1.67 1.48 1.36 1.33
  5   1.41 1.60 1.83 2.05 2.24 2.36 2.36 2.23 2.00 1.72 1.44 1.24 1.20 1.30 1.51 1.76 2.01 2.21 2.29 2.23 2.05 1.78 1.49 1.27
  6   1.19 1.27 1.50 1.80 2.11 2.38 2.54 2.54 2.35 2.02 1.66 1.32 1.10 1.05 1.18 1.46 1.82 2.16 2.40 2.49 2.41 2.14 1.77 1.42
  7   1.16 1.08 1.20 1.50 1.90 2.29 2.58 2.72 2.66 2.39 1.96 1.52 1.12 0.93 0.96 1.18 1.58 2.04 2.43 2.65 2.70 2.55 2.18 1.74
  8   1.34 1.07 1.00 1.16 1.54 2.02 2.48 2.78 2.87 2.72 2.36 1.85 1.36 1.00 0.87 0.98 1.36 1.84 2.35 2.72 2.89 2.82 2.55 2.08
  9   1.60 1.20 1.00 1.04 1.32 1.78 2.30 2.74 2.96 2.92 2.66 2.22 1.69 1.22 0.97 0.95 1.18 1.59 2.15 2.66 3.02 3.10 2.96 2.55
 10   2.06 1.62 1.29 1.18 1.32 1.74 2.25 2.70 3.02 3.16 3.08 2.72 2.19 1.68 1.29 1.10 1.15 1.48 1.94 2.48 2.92 3.17 3.18 2.92
 11   2.48 2.02 1.61 1.33 1.32 1.58 1.98 2.46 2.86 3.08 3.08 2.88 2.46 1.98 1.56 1.27 1.19 1.34 1.76 2.28 2.72 3.04 3.16 3.02
 12   2.66 2.22 1.80 1.48 1.32 1.38 1.70 2.10 2.52 2.85 2.95 2.85 2.55 2.14 1.72 1.38 1.21 1.28 1.56 1.96 2.38 2.75 2.94 2.90
 13   2.66 2.30 1.90 1.52 1.30 1.26 1.42 1.72 2.11 2.43 2.62 2.62 2.45 2.16 1.82 1.50 1.26 1.22 1.36 1.63 2.00 2.38 2.66 2.76
 14   2.71 2.48 2.14 1.79 1.53 1.41 1.43 1.62 1.89 2.17 2.39 2.49 2.43 2.24 1.96 1.66 1.41 1.30 1.32 1.48 1.77 2.08 2.36 2.53
 15   2.56 2.47 2.26 1.98 1.72 1.52 1.46 1.53 1.69 1.90 2.10 2.26 2.32 2.25 2.06 1.84 1.62 1.45 1.38 1.45 1.62 1.84 2.06 2.27
 16   2.39 2.39 2.29 2.10 1.89 1.70 1.58 1.54 1.59 1.72 1.87 2.00 2.08 2.09 2.01 1.89 1.75 1.62 1.53 1.50 1.56 1.69 1.86 2.03
 17   2.16 2.24 2.23 2.14 2.00 1.84 1.70 1.60 1.56 1.58 1.64 1.72 1.81 1.90 1.94 1.92 1.85 1.76 1.66 1.57 1.53 1.56 1.64 1.75
 18   1.86 1.96 2.03 2.05 2.02 1.96 1.87 1.77 1.67 1.58 1.54 1.56 1.63 1.73 1.82 1.88 1.90 1.88 1.81 1.72 1.63 1.56 1.53 1.54
 19   1.61 1.72 1.84 1.96 2.04 2.07 2.04 1.96 1.83 1.69 1.56 1.48 1.46 1.52 1.66 1.82 1.96 2.06 2.09 2.05 1.94 1.79 1.64 1.54
 20   1.52 1.58 1.72 1.90 2.08 2.21 2.26 2.21 2.06 1.84 1.62 1.46 1.38 1.40 1.52 1.72 1.95 2.14 2.25 2.26 2.16 1.97 1.75 1.56
 21   1.44 1.44 1.57 1.78 2.03 2.26 2.40 2.41 2.29 2.06 1.78 1.51 1.33 1.28 1.36 1.56 1.84 2.14 2.38 2.47 2.42 2.22 1.93 1.66
 22   1.44 1.34 1.39 1.62 1.93 2.24 2.49 2.58 2.52 2.32 2.01 1.66 1.36 1.21 1.24 1.44 1.78 2.14 2.46 2.64 2.65 2.48 2.16 1.80
 23   1.46 1.28 1.27 1.42 1.70 2.06 2.40 2.60 2.62 2.46 2.14 1.74 1.39 1.16 1.11 1.25 1.54 1.95 2.34 2.64 2.74 2.66 2.40 1.98
 24   1.54 1.24 1.12 1.20 1.46 1.86 2.26 2.56 2.70 2.66 2.42 1.99 1.54 1.18 1.02 1.06 1.30 1.72 2.22 2.61 2.82 2.81 2.58 2.20
 25   1.74 1.33 1.08 1.06 1.28 1.64 2.08 2.48 2.71 2.73 2.55 2.12 1.63 1.22 0.96 0.92 1.10 1.51 2.00 2.46 2.82 2.94 2.84 2.51
 26   2.02 1.57 1.21 1.07 1.15 1.44 1.86 2.30 2.63 2.76 2.70 2.39 1.93 1.46 1.08 0.93 1.00 1.30 1.74 2.25 2.68 2.94 2.95 2.73
 27   2.30 1.83 1.40 1.15 1.10 1.26 1.60 2.02 2.40 2.66 2.71 2.55 2.16 1.70 1.28 1.01 0.97 1.14 1.52 2.00 2.46 2.80 2.96 2.90
 28   2.61 2.16 1.70 1.34 1.13 1.14 1.38 1.76 2.16 2.48 2.62 2.58 2.36 1.99 1.59 1.24 1.06 1.09 1.34 1.74 2.17 2.54 2.80 2.86
 29   2.72 2.40 2.01 1.64 1.37 1.25 1.34 1.58 1.92 2.25 2.50 2.61 2.54 2.30 1.96 1.60 1.33 1.20 1.24 1.47 1.83 2.21 2.54 2.74
 30   2.79 2.70 2.45 2.08 1.71 1.47 1.39 1.46 1.66 1.92 2.18 2.40 2.48 2.42 2.21 1.93 1.66 1.44 1.33 1.37 1.58 1.88 2.21 2.48
 31   2.62 2.64 2.54 2.32 2.05 1.80 1.62 1.54 1.57 1.70 1.89 2.08 2.24 2.34 2.35 2.22 2.01 1.79 1.60 1.49 1.49 1.60 1.82 2.10
 ----------------------------------------------------------------------------------------------------------------------------
                                                                                               
 ----------------------------------------------------------------------------------------------------------------------------
 ----------------------------------------------------------------------------------------------------------------------------
                                                          SURVEY OF INDIA
                                                    MARINE GEODESY WING (G&RB)
                                                     HOURLY HEIGHTS IN METRES
  NAME OF PORT:- PARADIP                                                                            MONTH NOVEMBER  YEAR 2018
 ----------------------------------------------------------------------------------------------------------------------------
 DAYS 0000 0001 0002 0003 0004 0005 0006 0007 0008 0009 0010 0011 0012 0013 0014 0015 0016 0017 0018 0019 0020 0021 0022 0023
 ----------------------------------------------------------------------------------------------------------------------------
  1   2.34 2.49 2.54 2.48 2.32 2.10 1.88 1.69 1.58 1.57 1.65 1.79 1.96 2.11 2.22 2.26 2.22 2.10 1.93 1.75 1.61 1.56 1.61 1.75
  2   1.96 2.19 2.38 2.48 2.47 2.37 2.18 1.95 1.71 1.52 1.44 1.46 1.57 1.76 1.98 2.17 2.28 2.30 2.23 2.08 1.87 1.69 1.58 1.56
  3   1.65 1.84 2.07 2.27 2.42 2.48 2.42 2.22 1.96 1.68 1.44 1.31 1.31 1.45 1.68 1.97 2.23 2.41 2.47 2.39 2.19 1.91 1.63 1.46
  4   1.42 1.51 1.72 1.99 2.28 2.50 2.58 2.50 2.27 1.94 1.56 1.26 1.11 1.15 1.37 1.69 2.06 2.38 2.57 2.61 2.47 2.18 1.82 1.50
  5   1.30 1.26 1.40 1.67 2.00 2.36 2.59 2.64 2.52 2.20 1.80 1.39 1.10 1.00 1.10 1.40 1.83 2.25 2.58 2.72 2.67 2.44 2.04 1.61
  6   1.28 1.13 1.18 1.39 1.74 2.14 2.49 2.65 2.62 2.42 2.04 1.57 1.17 0.94 0.92 1.12 1.54 2.01 2.45 2.76 2.84 2.69 2.36 1.92
  7   1.46 1.11 1.00 1.11 1.41 1.81 2.25 2.54 2.66 2.58 2.26 1.81 1.36 1.03 0.88 0.96 1.26 1.71 2.20 2.61 2.82 2.82 2.61 2.16
  8   1.68 1.22 0.98 0.95 1.13 1.49 1.92 2.32 2.56 2.60 2.42 2.04 1.59 1.17 0.91 0.84 1.00 1.42 1.94 2.42 2.73 2.85 2.73 2.40
  9   1.93 1.47 1.12 0.99 1.04 1.28 1.66 2.07 2.39 2.51 2.44 2.20 1.83 1.39 1.04 0.87 0.92 1.18 1.61 2.07 2.46 2.65 2.67 2.52
 10   2.20 1.79 1.39 1.09 1.01 1.12 1.42 1.79 2.16 2.40 2.46 2.33 2.01 1.62 1.25 1.01 0.96 1.09 1.39 1.80 2.24 2.55 2.67 2.60
 11   2.38 2.03 1.64 1.29 1.10 1.10 1.29 1.61 1.97 2.24 2.35 2.31 2.13 1.83 1.51 1.25 1.12 1.14 1.34 1.68 2.06 2.38 2.57 2.61
 12   2.50 2.22 1.89 1.56 1.30 1.21 1.29 1.50 1.77 2.04 2.24 2.31 2.22 2.00 1.72 1.45 1.24 1.18 1.28 1.53 1.84 2.15 2.41 2.54
 13   2.53 2.38 2.12 1.84 1.58 1.41 1.36 1.45 1.65 1.89 2.11 2.26 2.29 2.19 1.98 1.74 1.51 1.38 1.39 1.53 1.75 2.00 2.25 2.44
 14   2.52 2.49 2.34 2.13 1.90 1.68 1.54 1.52 1.62 1.78 1.96 2.12 2.21 2.20 2.11 1.95 1.77 1.62 1.53 1.54 1.67 1.85 2.05 2.26
 15   2.42 2.47 2.41 2.24 2.03 1.83 1.68 1.60 1.62 1.71 1.83 1.95 2.06 2.14 2.15 2.08 1.96 1.82 1.69 1.59 1.56 1.60 1.73 1.93
 16   2.16 2.31 2.36 2.32 2.19 2.02 1.85 1.69 1.60 1.60 1.66 1.76 1.88 1.99 2.06 2.08 2.05 1.96 1.84 1.74 1.68 1.68 1.73 1.83
 17   1.97 2.10 2.20 2.25 2.24 2.16 2.03 1.87 1.70 1.57 1.52 1.54 1.64 1.78 1.93 2.07 2.15 2.17 2.11 2.00 1.86 1.73 1.64 1.62
 18   1.69 1.82 1.97 2.11 2.21 2.24 2.18 2.04 1.83 1.61 1.44 1.38 1.41 1.54 1.72 1.92 2.11 2.23 2.24 2.15 1.96 1.74 1.56 1.48
 19   1.51 1.64 1.82 2.02 2.20 2.31 2.32 2.20 1.99 1.71 1.47 1.28 1.21 1.28 1.48 1.75 2.04 2.30 2.43 2.42 2.26 2.00 1.70 1.47
 20   1.35 1.37 1.51 1.76 2.05 2.32 2.48 2.48 2.28 1.96 1.61 1.30 1.13 1.13 1.29 1.61 2.03 2.38 2.58 2.63 2.50 2.23 1.88 1.53
 21   1.26 1.17 1.26 1.50 1.84 2.20 2.46 2.54 2.44 2.16 1.75 1.35 1.06 0.95 1.05 1.36 1.75 2.20 2.56 2.76 2.74 2.53 2.14 1.69
 22   1.30 1.10 1.11 1.31 1.64 2.04 2.40 2.60 2.60 2.40 2.02 1.56 1.17 0.93 0.90 1.08 1.51 2.00 2.45 2.78 2.91 2.78 2.45 1.97
 23   1.53 1.19 1.04 1.10 1.36 1.78 2.19 2.48 2.62 2.58 2.30 1.87 1.39 1.03 0.84 0.90 1.18 1.62 2.18 2.64 2.92 2.94 2.75 2.39
 24   1.92 1.45 1.10 1.00 1.10 1.42 1.85 2.28 2.58 2.65 2.53 2.19 1.74 1.28 0.94 0.85 1.02 1.41 1.88 2.41 2.82 3.00 2.97 2.70
 25   2.24 1.74 1.34 1.09 1.06 1.24 1.60 2.02 2.40 2.62 2.64 2.43 2.06 1.65 1.28 1.07 1.06 1.26 1.68 2.18 2.62 2.92 3.01 2.87
 26   2.54 2.06 1.59 1.22 1.08 1.13 1.41 1.80 2.19 2.52 2.65 2.59 2.30 1.88 1.46 1.13 0.99 1.06 1.35 1.78 2.24 2.64 2.88 2.91
 27   2.74 2.42 1.99 1.58 1.29 1.17 1.26 1.54 1.89 2.20 2.44 2.54 2.46 2.18 1.82 1.45 1.20 1.11 1.22 1.50 1.88 2.27 2.57 2.72
 28   2.72 2.57 2.28 1.91 1.57 1.34 1.28 1.39 1.62 1.90 2.16 2.34 2.40 2.29 2.06 1.78 1.50 1.31 1.27 1.39 1.66 1.98 2.27 2.50
 29   2.63 2.62 2.46 2.19 1.87 1.58 1.39 1.33 1.41 1.58 1.80 2.01 2.18 2.26 2.20 2.04 1.83 1.62 1.46 1.42 1.50 1.68 1.92 2.15
 30   2.34 2.46 2.48 2.38 2.17 1.92 1.67 1.48 1.40 1.41 1.52 1.71 1.91 2.07 2.17 2.19 2.10 1.95 1.79 1.65 1.56 1.55 1.63 1.79
 ----------------------------------------------------------------------------------------------------------------------------
                                                                                               
 ----------------------------------------------------------------------------------------------------------------------------
 ----------------------------------------------------------------------------------------------------------------------------
                                                          SURVEY OF INDIA
                                                    MARINE GEODESY WING (G&RB)
                                                     HOURLY HEIGHTS IN METRES
  NAME OF PORT:- PARADIP                                                                            MONTH DECEMBER  YEAR 2018
 ----------------------------------------------------------------------------------------------------------------------------
 DAYS 0000 0001 0002 0003 0004 0005 0006 0007 0008 0009 0010 0011 0012 0013 0014 0015 0016 0017 0018 0019 0020 0021 0022 0023
 ----------------------------------------------------------------------------------------------------------------------------
  1   2.00 2.20 2.34 2.39 2.34 2.18 1.96 1.72 1.53 1.42 1.38 1.43 1.57 1.80 2.03 2.19 2.26 2.22 2.10 1.93 1.75 1.61 1.53 1.54
  2   1.64 1.82 2.04 2.25 2.38 2.36 2.21 2.00 1.75 1.51 1.34 1.28 1.36 1.57 1.83 2.09 2.30 2.41 2.38 2.25 2.04 1.80 1.60 1.49
  3   1.50 1.63 1.85 2.09 2.30 2.42 2.41 2.26 2.02 1.70 1.40 1.21 1.18 1.30 1.55 1.88 2.25 2.53 2.64 2.59 2.41 2.14 1.84 1.56
  4   1.39 1.40 1.59 1.86 2.14 2.35 2.46 2.42 2.24 1.97 1.63 1.34 1.16 1.14 1.29 1.59 2.00 2.36 2.61 2.70 2.62 2.38 2.03 1.68
  5   1.42 1.30 1.35 1.55 1.86 2.17 2.42 2.50 2.43 2.20 1.84 1.45 1.15 1.03 1.10 1.35 1.74 2.18 2.55 2.75 2.76 2.58 2.26 1.85
  6   1.50 1.28 1.22 1.34 1.59 1.92 2.24 2.45 2.48 2.32 2.01 1.62 1.26 1.03 0.99 1.16 1.50 1.94 2.38 2.70 2.81 2.73 2.48 2.09
  7   1.68 1.34 1.15 1.17 1.38 1.70 2.07 2.36 2.48 2.42 2.20 1.87 1.50 1.16 0.98 1.00 1.26 1.64 2.08 2.48 2.74 2.78 2.63 2.30
  8   1.88 1.46 1.18 1.07 1.16 1.44 1.80 2.14 2.36 2.42 2.29 1.99 1.63 1.28 1.05 0.98 1.10 1.41 1.83 2.26 2.60 2.74 2.68 2.45
  9   2.08 1.68 1.34 1.14 1.12 1.29 1.61 1.95 2.24 2.38 2.36 2.16 1.83 1.47 1.15 0.98 1.00 1.21 1.57 2.00 2.39 2.63 2.69 2.57
 10   2.30 1.93 1.54 1.24 1.13 1.19 1.43 1.74 2.04 2.26 2.34 2.24 2.00 1.67 1.35 1.11 1.05 1.16 1.43 1.81 2.18 2.48 2.64 2.64
 11   2.46 2.12 1.74 1.40 1.20 1.16 1.30 1.56 1.85 2.10 2.26 2.28 2.13 1.87 1.58 1.32 1.17 1.17 1.32 1.61 1.96 2.29 2.49 2.55
 12   2.46 2.24 1.94 1.65 1.39 1.25 1.26 1.43 1.69 1.95 2.14 2.23 2.17 1.98 1.73 1.47 1.27 1.19 1.26 1.47 1.76 2.07 2.33 2.47
 13   2.48 2.34 2.09 1.80 1.53 1.32 1.25 1.33 1.53 1.77 1.99 2.13 2.15 2.05 1.87 1.66 1.47 1.32 1.28 1.39 1.60 1.87 2.13 2.32
 14   2.40 2.36 2.20 1.95 1.70 1.49 1.36 1.34 1.44 1.62 1.82 2.00 2.10 2.12 2.04 1.87 1.69 1.53 1.42 1.40 1.50 1.68 1.89 2.10
 15   2.25 2.32 2.28 2.14 1.93 1.71 1.52 1.42 1.41 1.49 1.61 1.74 1.87 1.98 2.04 2.01 1.91 1.77 1.64 1.56 1.54 1.61 1.76 1.94
 16   2.11 2.23 2.26 2.21 2.07 1.87 1.66 1.50 1.46 1.52 1.64 1.78 1.92 2.02 2.06 2.03 1.95 1.84 1.72 1.62 1.57 1.57 1.63 1.74
 17   1.88 2.02 2.12 2.16 2.11 1.97 1.77 1.57 1.43 1.36 1.38 1.47 1.62 1.81 2.01 2.18 2.29 2.32 2.27 2.14 1.93 1.70 1.55 1.52
 18   1.62 1.81 2.02 2.17 2.23 2.20 2.09 1.92 1.72 1.52 1.38 1.33 1.39 1.54 1.76 2.00 2.20 2.33 2.36 2.27 2.07 1.82 1.58 1.44
 19   1.42 1.52 1.72 1.94 2.13 2.24 2.25 2.13 1.92 1.66 1.40 1.21 1.16 1.25 1.47 1.78 2.10 2.35 2.48 2.46 2.30 2.04 1.72 1.40
 20   1.19 1.17 1.34 1.64 1.95 2.20 2.33 2.32 2.15 1.83 1.47 1.16 0.99 0.99 1.16 1.46 1.85 2.25 2.54 2.63 2.55 2.29 1.95 1.58
 21   1.28 1.15 1.20 1.41 1.71 2.02 2.26 2.37 2.30 2.06 1.70 1.28 0.97 0.83 0.87 1.11 1.52 1.97 2.37 2.64 2.70 2.55 2.22 1.78
 22   1.36 1.07 0.97 1.05 1.30 1.66 2.05 2.31 2.40 2.30 1.98 1.55 1.12 0.84 0.74 0.84 1.18 1.66 2.15 2.56 2.76 2.74 2.51 2.10
 23   1.64 1.20 0.92 0.87 1.04 1.39 1.83 2.20 2.44 2.46 2.27 1.89 1.42 1.00 0.72 0.68 0.88 1.29 1.84 2.37 2.71 2.83 2.76 2.50
 24   2.05 1.58 1.15 0.90 0.88 1.10 1.50 1.95 2.31 2.49 2.46 2.20 1.78 1.32 0.91 0.71 0.74 1.01 1.46 1.99 2.50 2.80 2.90 2.77
 25   2.42 1.94 1.43 1.04 0.84 0.89 1.17 1.56 2.01 2.36 2.49 2.41 2.13 1.71 1.26 0.92 0.77 0.85 1.13 1.55 2.06 2.53 2.78 2.81
 26   2.64 2.28 1.79 1.33 0.98 0.86 0.97 1.27 1.68 2.10 2.39 2.49 2.41 2.12 1.69 1.28 1.00 0.90 1.00 1.28 1.73 2.18 2.55 2.74
 27   2.74 2.55 2.18 1.75 1.34 1.07 1.01 1.13 1.42 1.78 2.14 2.36 2.42 2.30 2.03 1.69 1.38 1.15 1.08 1.20 1.50 1.89 2.30 2.58
 28   2.70 2.66 2.45 2.09 1.69 1.34 1.13 1.08 1.20 1.47 1.80 2.11 2.29 2.32 2.22 2.01 1.74 1.47 1.30 1.25 1.36 1.63 1.96 2.28
 29   2.49 2.55 2.48 2.29 1.99 1.65 1.36 1.20 1.18 1.29 1.51 1.79 2.04 2.21 2.27 2.20 2.04 1.82 1.60 1.43 1.35 1.39 1.56 1.80
 30   2.06 2.27 2.36 2.32 2.14 1.89 1.62 1.38 1.21 1.17 1.25 1.43 1.66 1.90 2.08 2.18 2.17 2.06 1.89 1.70 1.54 1.45 1.44 1.53
 31   1.73 1.96 2.16 2.25 2.23 2.10 1.89 1.65 1.42 1.23 1.15 1.19 1.36 1.61 1.87 2.09 2.22 2.25 2.16 1.97 1.75 1.56 1.44 1.38
 ----------------------------------------------------------------------------------------------------------------------------
                                                                                               
 ----------------------------------------------------------------------------------------------------------------------------
 ----------------------------------------------------------------------------------------------------------------------------
