                                                          SURVEY OF INDIA
                                                    MARINE GEODESY WING (G&RB)
                                                     HOURLY HEIGHTS IN METRES
  NAME OF PORT:- PARADIP                                                                            MONTH JANUARY   YEAR 2016
 ----------------------------------------------------------------------------------------------------------------------------
 DAYS 0000 0001 0002 0003 0004 0005 0006 0007 0008 0009 0010 0011 0012 0013 0014 0015 0016 0017 0018 0019 0020 0021 0022 0023
 ----------------------------------------------------------------------------------------------------------------------------
  1   2.48 2.40 2.17 1.88 1.55 1.30 1.17 1.18 1.29 1.46 1.70 1.93 2.08 2.13 2.08 1.92 1.72 1.52 1.40 1.38 1.47 1.62 1.82 2.02
  2   2.16 2.22 2.17 2.03 1.80 1.57 1.39 1.28 1.26 1.35 1.52 1.71 1.90 2.02 2.07 2.02 1.90 1.76 1.61 1.50 1.47 1.54 1.65 1.79
  3   1.95 2.07 2.09 2.04 1.91 1.73 1.54 1.39 1.30 1.27 1.33 1.49 1.67 1.85 1.97 2.03 2.00 1.91 1.79 1.67 1.55 1.50 1.52 1.61
  4   1.72 1.85 1.95 1.99 1.95 1.85 1.73 1.57 1.42 1.32 1.28 1.33 1.45 1.63 1.80 1.95 2.05 2.07 2.00 1.88 1.73 1.58 1.50 1.48
  5   1.54 1.65 1.78 1.89 1.96 1.97 1.91 1.77 1.58 1.37 1.23 1.18 1.23 1.40 1.60 1.82 2.03 2.15 2.16 2.09 1.93 1.73 1.53 1.39
  6   1.35 1.39 1.51 1.68 1.84 1.95 1.98 1.90 1.74 1.51 1.29 1.14 1.08 1.14 1.31 1.58 1.85 2.10 2.26 2.27 2.16 1.96 1.67 1.43
  7   1.28 1.24 1.29 1.46 1.67 1.88 2.04 2.10 2.03 1.81 1.50 1.25 1.08 1.04 1.15 1.39 1.73 2.05 2.35 2.46 2.41 2.24 1.94 1.59
  8   1.32 1.17 1.15 1.28 1.50 1.79 2.05 2.20 2.16 1.99 1.70 1.35 1.05 0.87 0.87 1.04 1.36 1.76 2.14 2.42 2.50 2.41 2.15 1.76
  9   1.40 1.11 0.96 0.97 1.17 1.49 1.81 2.08 2.19 2.14 1.90 1.55 1.17 0.87 0.72 0.80 1.07 1.47 1.92 2.29 2.52 2.56 2.38 2.04
 10   1.59 1.23 0.93 0.84 0.94 1.22 1.58 1.95 2.18 2.25 2.10 1.82 1.43 1.02 0.74 0.66 0.83 1.17 1.64 2.11 2.46 2.64 2.58 2.33
 11   1.91 1.47 1.07 0.80 0.79 0.99 1.33 1.76 2.11 2.32 2.31 2.11 1.74 1.32 0.91 0.69 0.71 0.94 1.34 1.82 2.29 2.61 2.70 2.56
 12   2.23 1.80 1.33 0.94 0.78 0.83 1.10 1.49 1.90 2.22 2.34 2.22 1.94 1.54 1.10 0.79 0.67 0.78 1.09 1.52 2.03 2.43 2.63 2.62
 13   2.39 2.03 1.55 1.10 0.80 0.72 0.89 1.20 1.63 2.01 2.27 2.37 2.25 1.97 1.54 1.14 0.84 0.76 0.91 1.22 1.66 2.14 2.47 2.62
 14   2.57 2.32 1.94 1.46 1.06 0.80 0.79 0.95 1.29 1.73 2.08 2.29 2.34 2.18 1.88 1.48 1.12 0.90 0.87 1.03 1.36 1.77 2.17 2.42
 15   2.53 2.44 2.18 1.80 1.38 1.05 0.85 0.88 1.08 1.42 1.79 2.11 2.29 2.30 2.13 1.84 1.49 1.17 1.00 1.00 1.16 1.45 1.81 2.14
 16   2.34 2.40 2.29 2.03 1.68 1.31 1.02 0.89 0.93 1.12 1.42 1.76 2.04 2.20 2.19 2.05 1.78 1.50 1.26 1.11 1.13 1.27 1.51 1.79
 17   2.04 2.19 2.21 2.10 1.88 1.60 1.31 1.06 0.97 1.02 1.22 1.47 1.77 2.00 2.15 2.16 2.07 1.89 1.65 1.43 1.28 1.25 1.32 1.49
 18   1.69 1.90 2.06 2.13 2.08 1.92 1.68 1.40 1.16 0.99 0.98 1.12 1.33 1.58 1.82 1.99 2.08 2.06 1.92 1.69 1.45 1.27 1.18 1.18
 19   1.27 1.46 1.65 1.83 1.94 1.94 1.84 1.66 1.43 1.21 1.02 0.97 1.05 1.25 1.47 1.72 1.93 2.09 2.12 2.03 1.83 1.59 1.36 1.18
 20   1.10 1.18 1.35 1.55 1.75 1.89 1.92 1.85 1.68 1.44 1.17 0.98 0.90 0.96 1.14 1.39 1.73 2.02 2.22 2.28 2.18 1.93 1.63 1.33
 21   1.12 1.04 1.12 1.31 1.55 1.80 1.99 2.02 1.91 1.70 1.43 1.10 0.89 0.87 0.97 1.21 1.49 1.84 2.19 2.39 2.42 2.28 1.98 1.60
 22   1.26 1.04 0.97 1.09 1.32 1.65 1.93 2.12 2.13 1.98 1.71 1.36 1.02 0.82 0.79 0.95 1.22 1.62 2.02 2.34 2.49 2.41 2.18 1.84
 23   1.44 1.06 0.84 0.86 1.05 1.34 1.71 2.02 2.18 2.13 1.94 1.61 1.21 0.89 0.72 0.77 0.99 1.39 1.83 2.23 2.48 2.50 2.28 1.95
 24   1.52 1.14 0.87 0.81 0.95 1.24 1.62 1.98 2.22 2.25 2.13 1.84 1.46 1.07 0.80 0.68 0.83 1.14 1.58 2.02 2.39 2.55 2.45 2.20
 25   1.78 1.37 0.98 0.79 0.80 1.01 1.38 1.77 2.08 2.26 2.24 2.06 1.70 1.30 0.94 0.72 0.75 0.98 1.43 1.89 2.30 2.51 2.54 2.35
 26   1.97 1.57 1.14 0.84 0.73 0.85 1.15 1.54 1.87 2.17 2.30 2.20 1.91 1.52 1.12 0.86 0.76 0.91 1.24 1.67 2.09 2.38 2.48 2.40
 27   2.14 1.75 1.32 0.98 0.79 0.83 1.03 1.32 1.69 2.04 2.24 2.25 2.05 1.74 1.35 1.04 0.85 0.88 1.07 1.41 1.80 2.16 2.39 2.43
 28   2.32 2.05 1.66 1.25 0.97 0.80 0.85 1.09 1.41 1.79 2.10 2.22 2.13 1.89 1.55 1.21 0.98 0.90 1.00 1.23 1.58 1.92 2.19 2.31
 29   2.28 2.09 1.81 1.45 1.15 0.90 0.87 1.01 1.27 1.61 1.93 2.13 2.18 2.07 1.81 1.50 1.25 1.10 1.05 1.17 1.40 1.69 1.97 2.19
 30   2.28 2.22 1.99 1.63 1.31 1.07 0.98 1.02 1.21 1.48 1.79 2.02 2.14 2.11 1.96 1.70 1.45 1.27 1.16 1.18 1.34 1.55 1.78 1.98
 31   2.11 2.13 2.03 1.78 1.48 1.23 1.06 1.01 1.10 1.31 1.56 1.77 1.93 1.97 1.91 1.75 1.55 1.37 1.24 1.22 1.29 1.42 1.59 1.74
 ----------------------------------------------------------------------------------------------------------------------------
                                                                                               
 ----------------------------------------------------------------------------------------------------------------------------
 ----------------------------------------------------------------------------------------------------------------------------
                                                          SURVEY OF INDIA
                                                    MARINE GEODESY WING (G&RB)
                                                     HOURLY HEIGHTS IN METRES
  NAME OF PORT:- PARADIP                                                                            MONTH FEBRUARY  YEAR 2016
 ----------------------------------------------------------------------------------------------------------------------------
 DAYS 0000 0001 0002 0003 0004 0005 0006 0007 0008 0009 0010 0011 0012 0013 0014 0015 0016 0017 0018 0019 0020 0021 0022 0023
 ----------------------------------------------------------------------------------------------------------------------------
  1   1.88 1.93 1.88 1.74 1.55 1.33 1.14 1.05 1.05 1.15 1.33 1.52 1.71 1.83 1.88 1.84 1.73 1.58 1.44 1.34 1.31 1.35 1.43 1.54
  2   1.67 1.79 1.84 1.80 1.69 1.55 1.39 1.21 1.13 1.14 1.23 1.36 1.51 1.66 1.78 1.84 1.82 1.75 1.65 1.55 1.45 1.38 1.38 1.42
  3   1.48 1.56 1.63 1.67 1.66 1.60 1.49 1.35 1.22 1.13 1.10 1.13 1.23 1.35 1.51 1.67 1.81 1.85 1.82 1.73 1.59 1.45 1.33 1.27
  4   1.25 1.30 1.39 1.51 1.59 1.64 1.61 1.52 1.38 1.25 1.13 1.05 1.08 1.19 1.37 1.58 1.81 1.96 2.04 2.01 1.88 1.69 1.50 1.32
  5   1.23 1.22 1.30 1.45 1.62 1.78 1.86 1.83 1.69 1.50 1.29 1.11 0.99 1.02 1.15 1.41 1.68 1.98 2.17 2.23 2.14 1.94 1.67 1.37
  6   1.18 1.06 1.07 1.21 1.45 1.70 1.91 2.01 1.96 1.76 1.49 1.20 0.95 0.86 0.92 1.14 1.48 1.83 2.12 2.35 2.37 2.20 1.90 1.53
  7   1.22 0.96 0.89 0.98 1.22 1.54 1.86 2.09 2.15 2.05 1.77 1.40 1.03 0.77 0.69 0.85 1.15 1.60 2.04 2.40 2.54 2.48 2.22 1.83
  8   1.38 1.01 0.77 0.77 0.96 1.31 1.71 2.07 2.28 2.29 2.08 1.70 1.25 0.89 0.64 0.63 0.88 1.29 1.79 2.24 2.55 2.62 2.45 2.10
  9   1.64 1.18 0.81 0.63 0.73 1.01 1.46 1.89 2.27 2.44 2.37 2.09 1.68 1.18 0.81 0.59 0.68 0.98 1.44 1.97 2.41 2.66 2.65 2.40
 10   2.01 1.49 1.01 0.67 0.57 0.77 1.15 1.63 2.12 2.43 2.50 2.34 1.98 1.49 1.01 0.68 0.58 0.77 1.15 1.63 2.14 2.53 2.69 2.60
 11   2.30 1.83 1.31 0.87 0.61 0.63 0.91 1.34 1.84 2.27 2.51 2.48 2.27 1.87 1.38 0.97 0.75 0.75 1.01 1.41 1.90 2.32 2.59 2.63
 12   2.44 2.10 1.58 1.10 0.73 0.59 0.74 1.03 1.49 1.95 2.31 2.44 2.38 2.12 1.69 1.24 0.93 0.78 0.88 1.14 1.54 1.94 2.29 2.44
 13   2.43 2.21 1.82 1.36 0.96 0.73 0.71 0.90 1.23 1.65 1.99 2.27 2.38 2.27 2.01 1.63 1.28 1.00 0.91 1.01 1.26 1.59 1.95 2.21
 14   2.31 2.27 2.03 1.69 1.32 1.01 0.83 0.84 1.04 1.30 1.67 1.97 2.18 2.24 2.14 1.89 1.58 1.29 1.08 1.02 1.12 1.33 1.61 1.87
 15   2.05 2.13 2.07 1.86 1.59 1.30 1.07 0.92 0.95 1.13 1.36 1.62 1.87 2.04 2.10 2.03 1.86 1.63 1.41 1.25 1.19 1.24 1.36 1.54
 16   1.71 1.86 1.92 1.87 1.73 1.52 1.33 1.15 1.06 1.07 1.16 1.33 1.54 1.73 1.89 1.98 1.97 1.85 1.70 1.54 1.39 1.30 1.28 1.33
 17   1.42 1.57 1.70 1.78 1.78 1.70 1.59 1.45 1.31 1.20 1.16 1.21 1.32 1.51 1.71 1.87 1.97 2.00 1.97 1.85 1.68 1.52 1.38 1.28
 18   1.29 1.37 1.50 1.62 1.75 1.83 1.82 1.73 1.59 1.43 1.27 1.15 1.15 1.27 1.44 1.65 1.88 2.05 2.17 2.16 2.02 1.80 1.58 1.35
 19   1.20 1.14 1.21 1.38 1.57 1.78 1.92 1.95 1.87 1.69 1.45 1.21 1.06 1.04 1.16 1.39 1.68 1.96 2.19 2.30 2.25 2.07 1.77 1.45
 20   1.17 1.03 1.02 1.17 1.39 1.67 1.91 2.07 2.07 1.90 1.65 1.35 1.07 0.92 0.92 1.11 1.39 1.76 2.07 2.31 2.40 2.30 2.04 1.68
 21   1.31 1.05 0.91 0.96 1.19 1.51 1.85 2.10 2.21 2.15 1.90 1.55 1.19 0.94 0.83 0.92 1.17 1.54 1.96 2.29 2.48 2.45 2.25 1.90
 22   1.49 1.14 0.91 0.87 1.02 1.33 1.71 2.05 2.27 2.30 2.12 1.80 1.40 1.07 0.83 0.81 1.02 1.37 1.81 2.22 2.51 2.57 2.45 2.16
 23   1.72 1.33 0.98 0.84 0.89 1.16 1.55 1.95 2.27 2.40 2.33 2.07 1.69 1.28 0.96 0.81 0.91 1.18 1.60 2.02 2.40 2.55 2.51 2.28
 24   1.88 1.46 1.09 0.86 0.81 1.02 1.36 1.77 2.15 2.39 2.43 2.22 1.86 1.43 1.06 0.85 0.83 1.04 1.48 1.90 2.28 2.50 2.51 2.31
 25   1.98 1.51 1.14 0.83 0.77 0.90 1.25 1.65 2.02 2.28 2.38 2.29 2.04 1.64 1.24 0.94 0.83 0.89 1.16 1.52 1.94 2.27 2.46 2.45
 26   2.21 1.88 1.45 1.04 0.80 0.82 1.03 1.38 1.80 2.15 2.37 2.36 2.17 1.85 1.44 1.11 0.92 0.89 1.05 1.35 1.75 2.07 2.30 2.37
 27   2.25 2.00 1.61 1.21 0.90 0.81 0.94 1.20 1.59 1.96 2.22 2.34 2.27 2.05 1.69 1.35 1.09 0.97 1.03 1.26 1.63 1.94 2.20 2.30
 28   2.20 1.97 1.64 1.30 1.01 0.87 0.92 1.12 1.43 1.77 2.04 2.22 2.26 2.12 1.86 1.56 1.27 1.09 1.05 1.19 1.49 1.79 2.02 2.16
 29   2.15 2.01 1.76 1.46 1.17 0.97 0.93 1.03 1.28 1.53 1.81 2.02 2.14 2.11 1.96 1.71 1.47 1.26 1.17 1.23 1.39 1.61 1.85 2.02
 ----------------------------------------------------------------------------------------------------------------------------
                                                                                               
 ----------------------------------------------------------------------------------------------------------------------------
 ----------------------------------------------------------------------------------------------------------------------------
                                                          SURVEY OF INDIA
                                                    MARINE GEODESY WING (G&RB)
                                                     HOURLY HEIGHTS IN METRES
  NAME OF PORT:- PARADIP                                                                            MONTH MARCH     YEAR 2016
 ----------------------------------------------------------------------------------------------------------------------------
 DAYS 0000 0001 0002 0003 0004 0005 0006 0007 0008 0009 0010 0011 0012 0013 0014 0015 0016 0017 0018 0019 0020 0021 0022 0023
 ----------------------------------------------------------------------------------------------------------------------------
  1   2.07 1.99 1.81 1.57 1.34 1.13 1.02 1.04 1.17 1.43 1.68 1.89 2.04 2.08 2.02 1.88 1.69 1.50 1.36 1.30 1.34 1.45 1.62 1.77
  2   1.88 1.92 1.88 1.77 1.61 1.42 1.25 1.17 1.18 1.30 1.48 1.64 1.81 1.94 1.99 1.96 1.84 1.70 1.57 1.46 1.39 1.38 1.45 1.55
  3   1.65 1.74 1.79 1.79 1.72 1.60 1.45 1.33 1.25 1.22 1.27 1.39 1.53 1.69 1.83 1.95 1.99 1.94 1.83 1.69 1.55 1.44 1.38 1.38
  4   1.44 1.52 1.63 1.72 1.76 1.74 1.66 1.54 1.42 1.29 1.20 1.19 1.27 1.39 1.56 1.74 1.90 2.01 2.00 1.89 1.71 1.51 1.31 1.20
  5   1.16 1.21 1.34 1.50 1.66 1.78 1.82 1.75 1.61 1.41 1.22 1.06 1.02 1.10 1.29 1.55 1.82 2.05 2.16 2.15 1.99 1.73 1.45 1.21
  6   1.02 0.99 1.09 1.29 1.52 1.78 1.95 2.01 1.90 1.68 1.37 1.10 0.90 0.85 0.99 1.23 1.58 1.93 2.21 2.33 2.27 2.05 1.69 1.30
  7   0.98 0.83 0.86 1.03 1.36 1.70 2.01 2.18 2.16 1.99 1.67 1.29 0.93 0.74 0.72 0.93 1.30 1.74 2.18 2.44 2.53 2.38 2.06 1.61
  8   1.14 0.79 0.65 0.74 0.99 1.44 1.82 2.19 2.33 2.19 1.87 1.49 1.02 0.64 0.45 0.51 0.79 1.24 1.76 2.20 2.44 2.46 2.21 1.80
  9   1.26 0.76 0.47 0.39 0.59 0.97 1.50 1.96 2.28 2.39 2.22 1.84 1.32 0.83 0.48 0.36 0.54 0.90 1.38 1.94 2.34 2.51 2.38 2.05
 10   1.53 0.96 0.52 0.28 0.35 0.64 1.12 1.66 2.29 2.55 2.53 2.25 1.81 1.27 0.83 0.55 0.55 0.83 1.28 1.84 2.29 2.56 2.60 2.37
 11   1.96 1.37 0.89 0.52 0.42 0.59 0.99 1.50 2.04 2.41 2.59 2.49 2.17 1.69 1.18 0.78 0.60 0.66 0.97 1.47 1.96 2.34 2.53 2.46
 12   2.18 1.71 1.21 0.77 0.51 0.49 0.73 1.15 1.65 2.12 2.43 2.53 2.37 2.06 1.58 1.13 0.77 0.66 0.80 1.12 1.57 2.00 2.29 2.41
 13   2.29 2.00 1.54 1.10 0.74 0.58 0.62 0.90 1.29 1.74 2.14 2.37 2.40 2.21 1.90 1.50 1.14 0.87 0.82 0.95 1.27 1.61 1.94 2.17
 14   2.23 2.10 1.83 1.49 1.13 0.89 0.79 0.90 1.16 1.48 1.81 2.08 2.24 2.22 2.07 1.79 1.49 1.22 1.05 1.03 1.17 1.39 1.61 1.83
 15   1.99 2.06 1.98 1.72 1.44 1.15 0.97 0.93 1.02 1.22 1.48 1.76 1.98 2.13 2.13 2.01 1.83 1.61 1.40 1.27 1.22 1.25 1.39 1.57
 16   1.73 1.84 1.86 1.78 1.64 1.46 1.28 1.13 1.10 1.18 1.31 1.49 1.66 1.84 2.00 2.02 1.95 1.83 1.69 1.55 1.41 1.31 1.29 1.36
 17   1.46 1.60 1.71 1.77 1.76 1.68 1.57 1.47 1.37 1.30 1.26 1.29 1.40 1.56 1.72 1.86 1.96 1.99 1.92 1.80 1.66 1.50 1.35 1.27
 18   1.30 1.40 1.52 1.65 1.75 1.81 1.80 1.74 1.63 1.49 1.35 1.26 1.26 1.34 1.49 1.68 1.86 2.01 2.07 2.04 1.92 1.72 1.49 1.28
 19   1.18 1.17 1.27 1.42 1.61 1.79 1.88 1.89 1.81 1.65 1.45 1.25 1.12 1.09 1.21 1.42 1.67 1.92 2.13 2.23 2.17 1.93 1.65 1.34
 20   1.11 0.99 1.02 1.20 1.42 1.69 1.95 2.05 2.03 1.91 1.67 1.37 1.13 1.01 1.06 1.23 1.50 1.80 2.08 2.27 2.28 2.12 1.86 1.50
 21   1.19 0.95 0.89 1.01 1.29 1.61 1.91 2.15 2.21 2.11 1.84 1.51 1.19 0.97 0.91 1.01 1.27 1.62 1.98 2.25 2.37 2.29 2.06 1.64
 22   1.28 0.99 0.82 0.86 1.09 1.44 1.79 2.13 2.26 2.24 2.04 1.72 1.30 1.00 0.83 0.85 1.07 1.39 1.83 2.15 2.37 2.36 2.18 1.85
 23   1.40 1.05 0.78 0.76 0.94 1.26 1.68 2.08 2.30 2.36 2.20 1.89 1.48 1.10 0.85 0.77 0.92 1.24 1.65 2.05 2.34 2.41 2.29 2.01
 24   1.52 1.10 0.78 0.67 0.77 1.06 1.48 1.92 2.22 2.36 2.33 2.10 1.71 1.25 0.91 0.73 0.78 1.02 1.39 1.82 2.19 2.37 2.37 2.14
 25   1.76 1.29 0.94 0.72 0.72 0.92 1.31 1.73 2.11 2.36 2.40 2.22 1.88 1.46 1.08 0.83 0.78 0.92 1.25 1.68 2.07 2.32 2.37 2.23
 26   1.87 1.44 1.04 0.76 0.67 0.82 1.12 1.53 1.95 2.26 2.39 2.32 2.05 1.66 1.26 0.94 0.80 0.88 1.11 1.49 1.88 2.18 2.31 2.25
 27   2.05 1.63 1.21 0.90 0.73 0.76 0.98 1.36 1.74 2.11 2.31 2.35 2.17 1.84 1.46 1.08 0.90 0.88 1.04 1.30 1.66 2.00 2.18 2.20
 28   2.06 1.80 1.37 1.03 0.78 0.71 0.87 1.14 1.54 1.88 2.21 2.32 2.26 2.00 1.70 1.33 1.07 0.95 0.99 1.21 1.50 1.83 2.06 2.18
 29   2.16 1.93 1.64 1.32 1.02 0.88 0.92 1.12 1.40 1.74 2.04 2.22 2.27 2.14 1.91 1.63 1.32 1.12 1.05 1.14 1.34 1.60 1.83 1.99
 30   2.05 1.95 1.70 1.46 1.24 1.05 0.98 1.06 1.26 1.54 1.82 2.03 2.15 2.14 2.02 1.81 1.58 1.34 1.22 1.21 1.30 1.46 1.65 1.85
 31   1.94 1.94 1.85 1.66 1.42 1.22 1.09 1.05 1.13 1.34 1.56 1.80 1.99 2.08 2.07 1.94 1.78 1.62 1.46 1.34 1.30 1.36 1.47 1.62
 ----------------------------------------------------------------------------------------------------------------------------
                                                                                               
 ----------------------------------------------------------------------------------------------------------------------------
 ----------------------------------------------------------------------------------------------------------------------------
                                                          SURVEY OF INDIA
                                                    MARINE GEODESY WING (G&RB)
                                                     HOURLY HEIGHTS IN METRES
  NAME OF PORT:- PARADIP                                                                            MONTH APRIL     YEAR 2016
 ----------------------------------------------------------------------------------------------------------------------------
 DAYS 0000 0001 0002 0003 0004 0005 0006 0007 0008 0009 0010 0011 0012 0013 0014 0015 0016 0017 0018 0019 0020 0021 0022 0023
 ----------------------------------------------------------------------------------------------------------------------------
  1   1.74 1.82 1.83 1.75 1.62 1.48 1.35 1.24 1.22 1.26 1.36 1.51 1.68 1.83 1.96 2.00 1.96 1.86 1.71 1.56 1.43 1.34 1.31 1.36
  2   1.48 1.60 1.72 1.79 1.79 1.72 1.62 1.50 1.37 1.28 1.27 1.34 1.47 1.63 1.78 1.92 2.02 2.03 1.95 1.80 1.60 1.42 1.26 1.19
  3   1.23 1.36 1.52 1.68 1.82 1.90 1.88 1.78 1.60 1.40 1.24 1.17 1.18 1.29 1.50 1.75 1.98 2.13 2.18 2.10 1.90 1.63 1.37 1.14
  4   1.04 1.05 1.22 1.46 1.70 1.94 2.07 2.06 1.93 1.66 1.38 1.14 1.00 1.00 1.20 1.48 1.82 2.12 2.32 2.35 2.18 1.91 1.53 1.18
  5   0.93 0.86 0.96 1.20 1.55 1.92 2.25 2.36 2.30 2.09 1.71 1.34 1.00 0.86 0.92 1.16 1.54 1.93 2.32 2.51 2.46 2.21 1.86 1.33
  6   0.97 0.72 0.66 0.86 1.22 1.70 2.15 2.45 2.56 2.42 2.09 1.60 1.13 0.80 0.68 0.85 1.18 1.67 2.14 2.48 2.63 2.51 2.19 1.68
  7   1.18 0.79 0.56 0.65 0.96 1.43 1.95 2.44 2.75 2.72 2.44 2.05 1.49 1.01 0.72 0.70 0.95 1.36 1.92 2.43 2.71 2.73 2.43 1.96
  8   1.40 0.90 0.58 0.54 0.79 1.22 1.79 2.36 2.71 2.84 2.76 2.45 1.92 1.37 0.91 0.68 0.74 1.05 1.54 2.17 2.57 2.74 2.64 2.31
  9   1.80 1.24 0.81 0.57 0.62 0.92 1.42 1.98 2.46 2.73 2.83 2.80 2.53 2.04 1.50 1.00 0.75 0.76 0.99 1.40 1.91 2.36 2.60 2.60
 10   2.42 1.96 1.45 1.00 0.68 0.63 0.81 1.20 1.71 2.35 2.68 2.81 2.78 2.55 2.06 1.23 0.90 0.78 0.90 1.20 1.66 2.04 2.32 2.41
 11   2.31 2.04 1.60 1.17 0.86 0.71 0.82 1.10 1.51 1.95 2.30 2.51 2.53 2.33 2.02 1.59 1.18 0.92 0.87 0.99 1.31 1.66 1.97 2.17
 12   2.23 2.12 1.89 1.57 1.20 0.95 0.89 0.99 1.22 1.57 1.90 2.16 2.28 2.26 2.08 1.82 1.49 1.20 1.02 0.97 1.09 1.34 1.59 1.80
 13   1.93 1.96 1.85 1.66 1.43 1.16 0.99 0.96 1.07 1.28 1.55 1.81 2.00 2.08 2.05 1.91 1.71 1.49 1.28 1.14 1.09 1.19 1.34 1.51
 14   1.67 1.76 1.77 1.70 1.58 1.43 1.26 1.14 1.10 1.17 1.33 1.53 1.70 1.85 1.93 1.93 1.84 1.71 1.56 1.40 1.26 1.17 1.19 1.28
 15   1.39 1.52 1.61 1.67 1.67 1.60 1.50 1.39 1.28 1.20 1.20 1.29 1.42 1.55 1.70 1.80 1.85 1.83 1.74 1.60 1.45 1.32 1.21 1.16
 16   1.20 1.30 1.42 1.56 1.66 1.71 1.68 1.60 1.48 1.36 1.25 1.21 1.25 1.35 1.49 1.65 1.78 1.87 1.87 1.78 1.62 1.44 1.26 1.14
 17   1.08 1.11 1.23 1.39 1.56 1.70 1.78 1.76 1.66 1.48 1.32 1.17 1.11 1.15 1.28 1.49 1.68 1.84 1.95 1.94 1.81 1.60 1.37 1.14
 18   0.98 0.95 1.04 1.25 1.49 1.74 1.91 1.97 1.89 1.70 1.47 1.25 1.09 1.04 1.13 1.31 1.57 1.79 1.98 2.04 1.95 1.74 1.48 1.19
 19   0.97 0.84 0.91 1.10 1.39 1.70 1.99 2.13 2.13 1.98 1.70 1.41 1.14 0.98 0.96 1.14 1.41 1.71 1.97 2.14 2.15 2.00 1.75 1.41
 20   1.12 0.89 0.87 1.00 1.29 1.61 1.97 2.19 2.24 2.13 1.90 1.54 1.20 0.97 0.90 0.99 1.25 1.59 1.91 2.16 2.26 2.16 1.90 1.52
 21   1.14 0.88 0.74 0.83 1.10 1.47 1.86 2.21 2.36 2.32 2.14 1.79 1.39 1.08 0.90 0.91 1.11 1.43 1.79 2.09 2.26 2.25 2.05 1.71
 22   1.34 0.98 0.77 0.76 0.97 1.31 1.73 2.10 2.37 2.44 2.27 1.94 1.54 1.16 0.93 0.84 0.97 1.25 1.64 2.00 2.27 2.32 2.18 1.89
 23   1.49 1.10 0.81 0.70 0.83 1.13 1.55 1.99 2.33 2.46 2.43 2.20 1.81 1.40 1.09 0.88 0.91 1.12 1.49 1.85 2.18 2.34 2.29 2.05
 24   1.69 1.25 0.90 0.70 0.74 0.98 1.34 1.78 2.19 2.43 2.47 2.31 2.00 1.63 1.27 0.96 0.83 0.93 1.21 1.58 1.93 2.21 2.28 2.15
 25   1.87 1.42 1.07 0.80 0.74 0.90 1.21 1.63 2.04 2.35 2.48 2.42 2.15 1.77 1.39 1.05 0.90 0.94 1.17 1.50 1.85 2.15 2.27 2.22
 26   2.02 1.68 1.31 0.99 0.83 0.86 1.09 1.44 1.84 2.21 2.42 2.47 2.33 2.04 1.67 1.33 1.09 1.00 1.11 1.35 1.68 1.99 2.18 2.26
 27   2.15 1.87 1.55 1.23 0.99 0.92 1.02 1.28 1.62 1.97 2.25 2.38 2.37 2.17 1.89 1.55 1.25 1.08 1.10 1.23 1.49 1.77 2.00 2.13
 28   2.13 2.01 1.76 1.50 1.23 1.07 1.05 1.16 1.40 1.71 2.01 2.22 2.32 2.29 2.11 1.84 1.55 1.31 1.19 1.19 1.31 1.54 1.76 1.93
 29   2.04 2.02 1.87 1.65 1.45 1.24 1.15 1.17 1.29 1.52 1.78 2.00 2.18 2.22 2.16 1.97 1.75 1.53 1.35 1.21 1.20 1.35 1.53 1.75
 30   1.94 1.99 1.94 1.83 1.68 1.52 1.38 1.27 1.26 1.37 1.53 1.74 1.93 2.08 2.16 2.14 2.01 1.82 1.63 1.44 1.32 1.30 1.38 1.49
 ----------------------------------------------------------------------------------------------------------------------------
                                                                                               
 ----------------------------------------------------------------------------------------------------------------------------
 ----------------------------------------------------------------------------------------------------------------------------
                                                          SURVEY OF INDIA
                                                    MARINE GEODESY WING (G&RB)
                                                     HOURLY HEIGHTS IN METRES
  NAME OF PORT:- PARADIP                                                                            MONTH MAY       YEAR 2016
 ----------------------------------------------------------------------------------------------------------------------------
 DAYS 0000 0001 0002 0003 0004 0005 0006 0007 0008 0009 0010 0011 0012 0013 0014 0015 0016 0017 0018 0019 0020 0021 0022 0023
 ----------------------------------------------------------------------------------------------------------------------------
  1   1.62 1.76 1.88 1.94 1.90 1.77 1.62 1.48 1.36 1.32 1.36 1.49 1.65 1.81 1.99 2.11 2.12 2.02 1.86 1.64 1.45 1.29 1.21 1.21
  2   1.31 1.50 1.68 1.85 1.99 2.03 1.93 1.75 1.54 1.36 1.25 1.25 1.34 1.51 1.75 1.99 2.16 2.22 2.14 1.96 1.71 1.42 1.19 1.07
  3   1.09 1.26 1.48 1.72 1.99 2.18 2.24 2.13 1.89 1.63 1.37 1.19 1.14 1.26 1.47 1.78 2.07 2.27 2.34 2.22 1.96 1.64 1.27 1.00
  4   0.88 0.90 1.12 1.47 1.85 2.19 2.42 2.45 2.33 2.01 1.64 1.28 1.06 1.00 1.15 1.45 1.81 2.19 2.43 2.50 2.34 2.02 1.61 1.12
  5   0.85 0.75 0.83 1.16 1.58 2.05 2.40 2.60 2.56 2.33 1.95 1.50 1.10 0.86 0.85 1.09 1.45 1.90 2.27 2.49 2.52 2.31 1.91 1.42
  6   0.95 0.66 0.58 0.77 1.19 1.69 2.24 2.61 2.77 2.67 2.38 1.89 1.37 0.95 0.75 0.78 1.08 1.46 1.97 2.34 2.55 2.53 2.25 1.81
  7   1.26 0.83 0.55 0.56 0.83 1.30 1.86 2.37 2.68 2.81 2.67 2.31 1.78 1.25 0.89 0.72 0.83 1.14 1.61 2.08 2.43 2.58 2.48 2.14
  8   1.65 1.14 0.76 0.54 0.62 0.99 1.47 2.02 2.47 2.75 2.81 2.57 2.17 1.65 1.19 0.86 0.78 0.93 1.28 1.69 2.13 2.49 2.58 2.36
  9   2.03 1.57 1.15 0.80 0.70 0.87 1.21 1.67 2.13 2.51 2.69 2.67 2.43 1.99 1.54 1.12 0.89 0.86 1.07 1.39 1.81 2.15 2.38 2.39
 10   2.23 1.85 1.47 1.08 0.85 0.83 1.05 1.37 1.77 2.17 2.47 2.59 2.51 2.27 1.88 1.48 1.14 1.00 0.99 1.17 1.48 1.82 2.12 2.24
 11   2.21 1.99 1.70 1.37 1.10 0.95 1.00 1.21 1.52 1.86 2.20 2.42 2.49 2.39 2.14 1.83 1.47 1.22 1.08 1.12 1.29 1.53 1.81 2.03
 12   2.12 2.06 1.90 1.66 1.43 1.24 1.14 1.17 1.32 1.60 1.90 2.15 2.29 2.32 2.23 2.03 1.78 1.54 1.32 1.21 1.22 1.37 1.56 1.76
 13   1.94 2.02 1.96 1.83 1.65 1.47 1.33 1.26 1.27 1.41 1.60 1.80 2.01 2.14 2.18 2.11 1.97 1.77 1.57 1.41 1.31 1.30 1.39 1.52
 14   1.66 1.79 1.89 1.92 1.85 1.71 1.56 1.44 1.38 1.40 1.49 1.62 1.79 1.94 2.06 2.12 2.08 1.95 1.78 1.62 1.45 1.31 1.25 1.32
 15   1.46 1.62 1.77 1.89 1.96 1.94 1.84 1.71 1.59 1.49 1.43 1.42 1.48 1.57 1.71 1.84 1.96 2.04 2.03 1.92 1.77 1.59 1.42 1.31
 16   1.33 1.45 1.63 1.80 1.95 2.04 2.03 1.93 1.80 1.64 1.48 1.39 1.38 1.49 1.65 1.84 1.99 2.09 2.10 2.01 1.83 1.61 1.41 1.25
 17   1.21 1.26 1.40 1.64 1.87 2.08 2.20 2.18 2.03 1.83 1.61 1.44 1.35 1.38 1.50 1.69 1.91 2.11 2.23 2.21 2.06 1.83 1.57 1.32
 18   1.18 1.14 1.26 1.51 1.79 2.08 2.30 2.37 2.28 2.08 1.81 1.57 1.38 1.29 1.36 1.57 1.79 2.01 2.18 2.24 2.16 1.93 1.65 1.36
 19   1.16 1.10 1.18 1.43 1.74 2.06 2.33 2.47 2.41 2.20 1.92 1.61 1.36 1.22 1.22 1.39 1.63 1.93 2.17 2.32 2.31 2.12 1.80 1.49
 20   1.20 1.06 1.07 1.27 1.57 2.00 2.37 2.65 2.78 2.69 2.45 2.09 1.78 1.55 1.43 1.48 1.72 2.04 2.33 2.60 2.71 2.62 2.31 1.94
 21   1.61 1.29 1.17 1.28 1.59 1.96 2.36 2.70 2.85 2.81 2.55 2.23 1.85 1.53 1.31 1.31 1.49 1.82 2.19 2.48 2.62 2.62 2.43 2.11
 22   1.78 1.37 1.10 1.08 1.35 1.71 2.10 2.52 2.84 2.91 2.74 2.44 2.00 1.59 1.32 1.22 1.33 1.59 1.97 2.29 2.52 2.59 2.45 2.13
 23   1.69 1.34 1.10 1.02 1.12 1.50 1.92 2.39 2.71 2.87 2.85 2.63 2.22 1.82 1.50 1.32 1.33 1.49 1.84 2.17 2.49 2.66 2.63 2.40
 24   2.07 1.67 1.34 1.15 1.15 1.39 1.72 2.17 2.53 2.85 2.95 2.81 2.48 2.09 1.69 1.40 1.30 1.40 1.70 2.03 2.37 2.58 2.64 2.52
 25   2.24 1.84 1.51 1.25 1.17 1.29 1.56 1.93 2.28 2.64 2.81 2.76 2.55 2.19 1.79 1.49 1.26 1.17 1.32 1.63 2.00 2.30 2.51 2.56
 26   2.43 2.16 1.80 1.51 1.32 1.28 1.45 1.71 2.00 2.34 2.59 2.74 2.69 2.46 2.14 1.77 1.53 1.41 1.43 1.59 1.86 2.15 2.40 2.52
 27   2.49 2.33 2.04 1.77 1.51 1.38 1.39 1.60 1.86 2.18 2.47 2.63 2.68 2.57 2.30 1.96 1.68 1.48 1.39 1.44 1.64 1.86 2.11 2.31
 28   2.38 2.29 2.10 1.87 1.62 1.45 1.37 1.44 1.64 1.90 2.20 2.47 2.66 2.70 2.54 2.29 2.00 1.73 1.56 1.49 1.56 1.73 1.93 2.12
 29   2.28 2.36 2.34 2.18 1.96 1.78 1.62 1.56 1.62 1.78 1.99 2.21 2.42 2.58 2.62 2.54 2.33 2.08 1.83 1.65 1.56 1.60 1.73 1.92
 30   2.11 2.30 2.41 2.40 2.29 2.14 1.97 1.80 1.72 1.71 1.79 1.94 2.14 2.37 2.51 2.56 2.49 2.34 2.13 1.89 1.69 1.55 1.51 1.61
 31   1.77 1.98 2.20 2.42 2.53 2.50 2.37 2.15 1.93 1.75 1.65 1.70 1.87 2.08 2.33 2.52 2.61 2.57 2.42 2.18 1.92 1.69 1.52 1.45
 ----------------------------------------------------------------------------------------------------------------------------
                                                                                               
 ----------------------------------------------------------------------------------------------------------------------------
 ----------------------------------------------------------------------------------------------------------------------------
                                                          SURVEY OF INDIA
                                                    MARINE GEODESY WING (G&RB)
                                                     HOURLY HEIGHTS IN METRES
  NAME OF PORT:- PARADIP                                                                            MONTH JUNE      YEAR 2016
 ----------------------------------------------------------------------------------------------------------------------------
 DAYS 0000 0001 0002 0003 0004 0005 0006 0007 0008 0009 0010 0011 0012 0013 0014 0015 0016 0017 0018 0019 0020 0021 0022 0023
 ----------------------------------------------------------------------------------------------------------------------------
  1   1.53 1.73 1.99 2.29 2.53 2.66 2.66 2.50 2.23 1.98 1.71 1.54 1.57 1.74 1.96 2.21 2.50 2.68 2.69 2.54 2.23 1.89 1.57 1.36
  2   1.28 1.40 1.66 2.00 2.36 2.69 2.86 2.82 2.61 2.26 1.92 1.63 1.45 1.44 1.64 1.93 2.24 2.53 2.71 2.71 2.49 2.14 1.78 1.43
  3   1.22 1.17 1.35 1.69 2.09 2.53 2.84 3.00 2.94 2.67 2.28 1.87 1.53 1.35 1.34 1.57 1.93 2.29 2.59 2.77 2.73 2.47 2.07 1.64
  4   1.31 1.10 1.11 1.34 1.73 2.23 2.65 2.95 3.07 2.95 2.66 2.20 1.77 1.41 1.25 1.34 1.58 1.99 2.39 2.71 2.85 2.75 2.47 2.02
  5   1.60 1.21 1.05 1.13 1.45 1.89 2.39 2.80 3.07 3.14 2.95 2.58 2.12 1.63 1.31 1.19 1.32 1.63 2.06 2.46 2.77 2.84 2.71 2.39
  6   1.90 1.49 1.15 1.05 1.19 1.50 1.99 2.41 2.87 3.12 3.12 2.88 2.45 2.01 1.55 1.28 1.20 1.39 1.75 2.15 2.54 2.76 2.81 2.62
  7   2.27 1.86 1.45 1.18 1.14 1.36 1.69 2.16 2.60 2.97 3.10 3.03 2.77 2.32 1.87 1.50 1.29 1.31 1.56 1.90 2.30 2.62 2.78 2.75
  8   2.54 2.19 1.79 1.45 1.27 1.29 1.52 1.85 2.27 2.65 2.94 3.04 2.92 2.63 2.23 1.82 1.52 1.37 1.38 1.62 1.93 2.28 2.56 2.68
  9   2.63 2.42 2.11 1.77 1.49 1.34 1.40 1.62 1.99 2.37 2.67 2.86 2.86 2.71 2.42 2.05 1.71 1.48 1.37 1.42 1.68 2.04 2.31 2.48
 10   2.54 2.44 2.24 1.96 1.71 1.52 1.43 1.51 1.77 2.07 2.37 2.60 2.74 2.71 2.52 2.23 1.93 1.67 1.49 1.43 1.52 1.70 1.95 2.17
 11   2.32 2.37 2.29 2.08 1.86 1.65 1.49 1.45 1.57 1.76 2.01 2.26 2.46 2.53 2.48 2.33 2.07 1.80 1.57 1.44 1.43 1.54 1.71 1.93
 12   2.14 2.26 2.30 2.24 2.10 1.90 1.72 1.61 1.61 1.71 1.89 2.10 2.29 2.45 2.52 2.45 2.29 2.11 1.90 1.72 1.61 1.62 1.75 1.91
 13   2.09 2.25 2.37 2.44 2.42 2.30 2.11 1.97 1.88 1.86 1.92 2.02 2.17 2.33 2.45 2.52 2.49 2.35 2.14 1.97 1.81 1.70 1.70 1.78
 14   1.90 2.06 2.22 2.38 2.49 2.48 2.35 2.21 2.06 1.95 1.89 1.89 2.00 2.15 2.31 2.48 2.56 2.51 2.35 2.18 1.99 1.80 1.68 1.64
 15   1.74 1.89 2.07 2.25 2.45 2.58 2.59 2.44 2.26 2.07 1.94 1.84 1.85 1.93 2.09 2.28 2.44 2.50 2.47 2.36 2.15 1.91 1.71 1.59
 16   1.56 1.66 1.85 2.12 2.37 2.56 2.67 2.63 2.49 2.28 2.05 1.88 1.78 1.84 1.98 2.18 2.37 2.50 2.56 2.50 2.33 2.09 1.84 1.64
 17   1.56 1.59 1.77 2.02 2.31 2.59 2.79 2.84 2.72 2.50 2.25 2.00 1.80 1.72 1.81 1.99 2.20 2.43 2.61 2.65 2.53 2.32 2.05 1.78
 18   1.59 1.51 1.60 1.83 2.15 2.51 2.79 2.95 2.96 2.76 2.48 2.15 1.87 1.69 1.67 1.83 2.05 2.34 2.61 2.74 2.73 2.52 2.25 1.93
 19   1.64 1.49 1.46 1.64 1.95 2.33 2.70 2.96 3.04 2.95 2.72 2.37 2.01 1.73 1.60 1.62 1.80 2.08 2.43 2.66 2.76 2.68 2.45 2.08
 20   1.76 1.49 1.34 1.38 1.64 2.04 2.47 2.84 3.07 3.10 2.92 2.60 2.20 1.85 1.57 1.50 1.61 1.89 2.22 2.56 2.76 2.80 2.66 2.33
 21   1.98 1.62 1.38 1.31 1.46 1.79 2.21 2.65 3.00 3.17 3.05 2.74 2.32 1.91 1.58 1.43 1.46 1.70 2.01 2.39 2.68 2.83 2.77 2.53
 22   2.13 1.76 1.42 1.22 1.27 1.53 1.91 2.36 2.75 3.02 3.06 2.88 2.56 2.09 1.72 1.44 1.35 1.47 1.76 2.11 2.48 2.72 2.79 2.64
 23   2.34 2.01 1.62 1.32 1.22 1.35 1.67 2.06 2.52 2.87 3.04 3.04 2.81 2.44 2.02 1.63 1.41 1.34 1.51 1.82 2.18 2.51 2.73 2.74
 24   2.55 2.21 1.83 1.48 1.29 1.27 1.48 1.78 2.19 2.57 2.90 3.02 2.93 2.67 2.28 1.88 1.54 1.36 1.38 1.60 1.92 2.26 2.58 2.74
 25   2.71 2.52 2.17 1.81 1.51 1.36 1.39 1.60 1.94 2.34 2.71 2.95 3.02 2.90 2.59 2.20 1.82 1.54 1.41 1.51 1.73 2.09 2.40 2.66
 26   2.75 2.69 2.48 2.18 1.86 1.63 1.52 1.59 1.82 2.13 2.50 2.79 2.96 3.00 2.84 2.50 2.16 1.82 1.57 1.49 1.63 1.86 2.18 2.46
 27   2.69 2.79 2.75 2.54 2.25 1.97 1.78 1.70 1.75 1.92 2.20 2.51 2.78 2.95 2.97 2.80 2.52 2.17 1.90 1.69 1.63 1.76 1.98 2.26
 28   2.51 2.74 2.86 2.84 2.67 2.44 2.23 2.02 1.89 1.88 2.03 2.23 2.48 2.69 2.84 2.84 2.67 2.40 2.07 1.80 1.58 1.53 1.64 1.84
 29   2.11 2.36 2.58 2.73 2.76 2.65 2.42 2.19 1.96 1.83 1.79 1.89 2.10 2.34 2.58 2.74 2.79 2.70 2.41 2.11 1.82 1.64 1.57 1.65
 30   1.83 2.10 2.39 2.64 2.80 2.84 2.73 2.52 2.27 2.01 1.83 1.78 1.86 2.06 2.33 2.57 2.77 2.84 2.75 2.53 2.23 1.94 1.72 1.59
 ----------------------------------------------------------------------------------------------------------------------------
                                                                                               
 ----------------------------------------------------------------------------------------------------------------------------
 ----------------------------------------------------------------------------------------------------------------------------
                                                          SURVEY OF INDIA
                                                    MARINE GEODESY WING (G&RB)
                                                     HOURLY HEIGHTS IN METRES
  NAME OF PORT:- PARADIP                                                                            MONTH JULY      YEAR 2016
 ----------------------------------------------------------------------------------------------------------------------------
 DAYS 0000 0001 0002 0003 0004 0005 0006 0007 0008 0009 0010 0011 0012 0013 0014 0015 0016 0017 0018 0019 0020 0021 0022 0023
 ----------------------------------------------------------------------------------------------------------------------------
  1   1.63 1.80 2.09 2.43 2.77 2.98 3.07 2.98 2.71 2.36 2.03 1.78 1.67 1.74 1.97 2.24 2.55 2.78 2.89 2.82 2.58 2.25 1.90 1.60
  2   1.46 1.48 1.70 2.04 2.43 2.80 3.08 3.18 3.07 2.78 2.34 1.97 1.67 1.55 1.62 1.85 2.22 2.55 2.79 2.89 2.81 2.54 2.14 1.75
  3   1.46 1.30 1.36 1.60 1.98 2.44 2.83 3.08 3.14 2.99 2.61 2.19 1.77 1.42 1.32 1.43 1.73 2.16 2.51 2.77 2.84 2.69 2.41 2.02
  4   1.57 1.24 1.10 1.24 1.59 2.03 2.49 2.86 3.07 3.08 2.91 2.56 2.12 1.66 1.34 1.24 1.40 1.72 2.12 2.48 2.75 2.80 2.62 2.28
  5   1.88 1.51 1.22 1.11 1.25 1.58 2.07 2.54 2.89 3.07 3.03 2.75 2.32 1.86 1.47 1.20 1.16 1.38 1.76 2.16 2.51 2.71 2.73 2.51
  6   2.13 1.76 1.41 1.16 1.14 1.36 1.75 2.22 2.67 2.98 3.10 2.97 2.66 2.23 1.78 1.41 1.23 1.26 1.52 1.92 2.35 2.65 2.78 2.72
  7   2.47 2.12 1.71 1.38 1.21 1.27 1.55 1.94 2.40 2.81 3.04 3.06 2.85 2.50 2.04 1.65 1.38 1.28 1.41 1.71 2.08 2.47 2.68 2.74
  8   2.59 2.32 1.97 1.60 1.37 1.33 1.47 1.76 2.15 2.56 2.84 2.98 2.92 2.68 2.31 1.87 1.56 1.38 1.39 1.62 1.91 2.24 2.52 2.66
  9   2.67 2.49 2.20 1.88 1.62 1.46 1.48 1.65 1.95 2.28 2.59 2.81 2.89 2.77 2.48 2.15 1.79 1.55 1.42 1.48 1.70 1.97 2.27 2.48
 10   2.59 2.56 2.38 2.09 1.80 1.59 1.48 1.53 1.73 2.04 2.34 2.57 2.71 2.72 2.57 2.28 1.95 1.68 1.51 1.48 1.60 1.80 2.06 2.30
 11   2.46 2.50 2.41 2.24 2.02 1.81 1.64 1.58 1.68 1.88 2.10 2.33 2.51 2.59 2.53 2.37 2.14 1.85 1.62 1.52 1.53 1.67 1.87 2.09
 12   2.29 2.41 2.45 2.37 2.22 2.03 1.87 1.74 1.72 1.81 1.95 2.12 2.29 2.43 2.47 2.41 2.26 2.06 1.87 1.70 1.57 1.58 1.70 1.86
 13   2.07 2.24 2.37 2.41 2.37 2.26 2.09 1.94 1.82 1.79 1.83 1.94 2.10 2.25 2.36 2.40 2.36 2.22 2.04 1.87 1.71 1.61 1.60 1.69
 14   1.84 2.02 2.20 2.34 2.42 2.42 2.32 2.18 2.02 1.89 1.80 1.82 1.91 2.04 2.17 2.29 2.35 2.32 2.21 2.06 1.88 1.70 1.58 1.57
 15   1.65 1.79 1.99 2.22 2.40 2.49 2.48 2.37 2.23 2.06 1.88 1.78 1.76 1.83 1.95 2.10 2.24 2.34 2.35 2.25 2.08 1.87 1.65 1.45
 16   1.42 1.53 1.71 1.97 2.20 2.41 2.51 2.51 2.37 2.15 1.95 1.74 1.60 1.59 1.70 1.88 2.06 2.20 2.30 2.31 2.18 1.96 1.72 1.51
 17   1.35 1.36 1.48 1.72 2.02 2.32 2.53 2.63 2.56 2.37 2.12 1.82 1.60 1.47 1.49 1.62 1.84 2.08 2.27 2.38 2.35 2.16 1.90 1.62
 18   1.35 1.24 1.28 1.44 1.76 2.12 2.44 2.66 2.68 2.54 2.30 1.97 1.65 1.42 1.34 1.43 1.61 1.87 2.17 2.39 2.46 2.34 2.08 1.76
 19   1.44 1.18 1.10 1.22 1.49 1.88 2.28 2.60 2.79 2.77 2.55 2.23 1.81 1.50 1.29 1.27 1.42 1.70 2.05 2.35 2.52 2.50 2.30 1.98
 20   1.59 1.26 1.07 1.09 1.32 1.69 2.12 2.54 2.78 2.85 2.73 2.41 1.96 1.56 1.27 1.16 1.27 1.52 1.86 2.26 2.52 2.59 2.46 2.18
 21   1.83 1.43 1.13 1.02 1.12 1.42 1.87 2.35 2.70 2.90 2.89 2.66 2.23 1.82 1.41 1.18 1.13 1.31 1.64 2.07 2.43 2.66 2.67 2.47
 22   2.14 1.70 1.35 1.09 1.03 1.20 1.59 2.04 2.51 2.83 2.96 2.89 2.57 2.15 1.69 1.33 1.14 1.13 1.35 1.74 2.16 2.50 2.69 2.67
 23   2.45 2.04 1.61 1.25 1.07 1.12 1.38 1.78 2.24 2.64 2.91 2.97 2.82 2.45 2.00 1.58 1.26 1.13 1.21 1.49 1.89 2.28 2.58 2.72
 24   2.61 2.33 1.95 1.54 1.29 1.21 1.29 1.58 1.97 2.40 2.76 2.93 2.93 2.68 2.29 1.84 1.48 1.25 1.18 1.35 1.68 2.07 2.43 2.67
 25   2.74 2.59 2.29 1.93 1.59 1.37 1.30 1.43 1.71 2.09 2.44 2.70 2.83 2.78 2.51 2.13 1.75 1.45 1.25 1.26 1.44 1.77 2.11 2.45
 26   2.64 2.68 2.54 2.27 1.97 1.69 1.51 1.44 1.55 1.77 2.07 2.37 2.64 2.72 2.62 2.40 2.06 1.74 1.49 1.36 1.36 1.53 1.79 2.10
 27   2.35 2.54 2.58 2.46 2.26 2.01 1.80 1.63 1.55 1.60 1.81 2.05 2.29 2.48 2.56 2.51 2.33 2.05 1.79 1.57 1.40 1.38 1.51 1.77
 28   2.04 2.28 2.46 2.54 2.48 2.31 2.12 1.89 1.71 1.62 1.62 1.75 1.93 2.15 2.33 2.44 2.42 2.28 2.05 1.83 1.59 1.43 1.39 1.50
 29   1.68 1.93 2.18 2.39 2.53 2.54 2.42 2.23 2.02 1.81 1.60 1.54 1.63 1.79 2.00 2.19 2.35 2.37 2.28 2.10 1.84 1.59 1.41 1.34
 30   1.40 1.57 1.83 2.13 2.40 2.56 2.61 2.51 2.32 2.03 1.74 1.56 1.49 1.53 1.72 1.95 2.19 2.37 2.44 2.37 2.16 1.88 1.60 1.37
 31   1.25 1.28 1.51 1.81 2.16 2.49 2.67 2.72 2.61 2.33 2.00 1.67 1.44 1.35 1.43 1.64 1.92 2.22 2.44 2.50 2.41 2.20 1.88 1.58
 ----------------------------------------------------------------------------------------------------------------------------
                                                                                               
 ----------------------------------------------------------------------------------------------------------------------------
 ----------------------------------------------------------------------------------------------------------------------------
                                                          SURVEY OF INDIA
                                                    MARINE GEODESY WING (G&RB)
                                                     HOURLY HEIGHTS IN METRES
  NAME OF PORT:- PARADIP                                                                            MONTH AUGUST    YEAR 2016
 ----------------------------------------------------------------------------------------------------------------------------
 DAYS 0000 0001 0002 0003 0004 0005 0006 0007 0008 0009 0010 0011 0012 0013 0014 0015 0016 0017 0018 0019 0020 0021 0022 0023
 ----------------------------------------------------------------------------------------------------------------------------
  1   1.31 1.20 1.30 1.56 1.94 2.31 2.65 2.83 2.84 2.67 2.36 1.98 1.63 1.39 1.32 1.45 1.70 2.04 2.38 2.61 2.67 2.55 2.27 1.87
  2   1.53 1.26 1.20 1.37 1.73 2.12 2.54 2.87 3.03 2.98 2.72 2.35 1.94 1.57 1.38 1.35 1.51 1.84 2.20 2.56 2.77 2.78 2.57 2.24
  3   1.82 1.48 1.28 1.28 1.53 1.92 2.37 2.78 3.09 3.16 3.03 2.67 2.24 1.83 1.50 1.35 1.45 1.73 2.09 2.50 2.81 2.95 2.84 2.56
  4   2.17 1.79 1.48 1.34 1.46 1.77 2.19 2.65 3.02 3.25 3.26 3.01 2.63 2.21 1.78 1.50 1.43 1.60 1.93 2.34 2.70 2.95 3.00 2.84
  5   2.54 2.10 1.72 1.46 1.41 1.58 1.94 2.35 2.76 3.08 3.19 3.08 2.74 2.31 1.87 1.52 1.34 1.40 1.65 2.02 2.43 2.73 2.90 2.83
  6   2.59 2.27 1.89 1.53 1.37 1.40 1.64 2.02 2.43 2.84 3.03 3.02 2.84 2.47 2.01 1.63 1.41 1.36 1.50 1.80 2.20 2.54 2.76 2.82
  7   2.69 2.43 2.09 1.76 1.50 1.42 1.57 1.85 2.17 2.56 2.82 2.94 2.87 2.64 2.29 1.90 1.59 1.42 1.44 1.61 1.94 2.27 2.57 2.72
  8   2.72 2.55 2.23 1.83 1.58 1.49 1.55 1.70 1.96 2.27 2.57 2.75 2.79 2.68 2.43 2.07 1.77 1.53 1.44 1.52 1.74 2.03 2.33 2.55
  9   2.64 2.58 2.41 2.11 1.84 1.64 1.54 1.58 1.75 1.98 2.22 2.41 2.50 2.45 2.27 2.02 1.71 1.46 1.32 1.30 1.40 1.61 1.84 2.08
 10   2.25 2.30 2.23 2.08 1.88 1.66 1.50 1.45 1.51 1.68 1.87 2.05 2.19 2.23 2.17 2.02 1.80 1.56 1.37 1.25 1.27 1.42 1.61 1.83
 11   2.04 2.17 2.22 2.18 2.05 1.90 1.74 1.61 1.57 1.61 1.71 1.83 1.96 2.06 2.09 2.01 1.85 1.68 1.52 1.40 1.35 1.39 1.51 1.65
 12   1.83 2.00 2.12 2.15 2.10 2.00 1.87 1.73 1.64 1.63 1.69 1.78 1.89 2.01 2.11 2.14 2.11 2.03 1.89 1.73 1.60 1.53 1.52 1.58
 13   1.72 1.89 2.07 2.23 2.30 2.28 2.20 2.07 1.92 1.79 1.69 1.65 1.69 1.79 1.92 2.04 2.12 2.14 2.08 1.95 1.79 1.64 1.51 1.45
 14   1.49 1.64 1.82 2.03 2.21 2.33 2.35 2.28 2.14 1.92 1.73 1.58 1.53 1.57 1.69 1.88 2.08 2.22 2.28 2.23 2.08 1.88 1.64 1.46
 15   1.40 1.47 1.65 1.91 2.21 2.45 2.58 2.59 2.48 2.24 1.96 1.72 1.55 1.48 1.57 1.76 2.01 2.24 2.41 2.46 2.36 2.13 1.83 1.53
 16   1.36 1.32 1.42 1.70 2.02 2.38 2.65 2.80 2.76 2.56 2.23 1.90 1.59 1.43 1.43 1.58 1.83 2.17 2.46 2.64 2.63 2.46 2.13 1.77
 17   1.45 1.24 1.24 1.45 1.81 2.19 2.56 2.87 2.96 2.83 2.52 2.13 1.74 1.43 1.26 1.32 1.55 1.91 2.27 2.59 2.72 2.62 2.37 1.98
 18   1.59 1.21 1.08 1.19 1.49 1.92 2.38 2.77 3.00 3.01 2.81 2.44 1.96 1.57 1.27 1.19 1.33 1.72 2.15 2.53 2.76 2.75 2.55 2.15
 19   1.68 1.24 1.03 1.02 1.26 1.69 2.19 2.65 2.91 2.99 2.87 2.57 2.06 1.58 1.16 1.00 1.05 1.35 1.77 2.27 2.64 2.81 2.75 2.44
 20   2.03 1.53 1.12 0.89 0.93 1.23 1.68 2.21 2.68 2.99 3.02 2.83 2.42 1.87 1.39 1.05 0.96 1.10 1.49 1.97 2.45 2.77 2.87 2.75
 21   2.40 1.96 1.46 1.13 0.96 1.08 1.39 1.88 2.36 2.78 2.97 2.87 2.56 2.10 1.59 1.17 0.93 0.93 1.23 1.66 2.16 2.55 2.78 2.78
 22   2.61 2.21 1.78 1.34 1.05 1.00 1.23 1.59 2.01 2.42 2.74 2.86 2.72 2.41 1.94 1.46 1.15 1.00 1.07 1.37 1.77 2.23 2.57 2.78
 23   2.76 2.54 2.15 1.77 1.40 1.20 1.19 1.40 1.72 2.12 2.49 2.70 2.72 2.57 2.22 1.78 1.43 1.18 1.08 1.21 1.50 1.89 2.27 2.54
 24   2.64 2.58 2.36 2.05 1.72 1.43 1.27 1.30 1.49 1.78 2.10 2.40 2.57 2.55 2.38 2.09 1.71 1.42 1.26 1.23 1.37 1.65 1.95 2.25
 25   2.48 2.60 2.57 2.40 2.13 1.85 1.61 1.49 1.49 1.63 1.84 2.09 2.31 2.47 2.49 2.36 2.14 1.87 1.64 1.46 1.42 1.52 1.69 1.92
 26   2.16 2.37 2.49 2.51 2.41 2.21 2.00 1.79 1.65 1.60 1.66 1.81 2.00 2.21 2.37 2.44 2.39 2.25 2.03 1.83 1.66 1.57 1.58 1.71
 27   1.89 2.09 2.29 2.47 2.56 2.53 2.37 2.18 1.98 1.79 1.67 1.65 1.71 1.87 2.07 2.27 2.41 2.41 2.31 2.13 1.91 1.70 1.56 1.54
 28   1.62 1.78 2.00 2.27 2.50 2.67 2.67 2.53 2.31 2.07 1.84 1.67 1.57 1.63 1.82 2.05 2.29 2.46 2.51 2.44 2.26 2.03 1.80 1.59
 29   1.50 1.54 1.73 2.00 2.32 2.61 2.79 2.84 2.69 2.44 2.13 1.82 1.59 1.52 1.59 1.83 2.10 2.38 2.58 2.67 2.57 2.35 2.04 1.72
 30   1.47 1.38 1.48 1.73 2.07 2.44 2.75 2.93 2.92 2.71 2.39 2.01 1.68 1.46 1.42 1.57 1.85 2.22 2.51 2.73 2.77 2.59 2.29 1.90
 31   1.58 1.35 1.34 1.51 1.85 2.27 2.67 2.96 3.05 2.96 2.65 2.27 1.84 1.51 1.33 1.38 1.60 1.95 2.33 2.64 2.81 2.77 2.54 2.17
 ----------------------------------------------------------------------------------------------------------------------------
                                                                                               
 ----------------------------------------------------------------------------------------------------------------------------
 ----------------------------------------------------------------------------------------------------------------------------
                                                          SURVEY OF INDIA
                                                    MARINE GEODESY WING (G&RB)
                                                     HOURLY HEIGHTS IN METRES
  NAME OF PORT:- PARADIP                                                                            MONTH SEPT      YEAR 2016
 ----------------------------------------------------------------------------------------------------------------------------
 DAYS 0000 0001 0002 0003 0004 0005 0006 0007 0008 0009 0010 0011 0012 0013 0014 0015 0016 0017 0018 0019 0020 0021 0022 0023
 ----------------------------------------------------------------------------------------------------------------------------
  1   1.79 1.43 1.24 1.29 1.52 1.90 2.34 2.74 2.96 2.96 2.77 2.40 1.98 1.55 1.25 1.15 1.29 1.61 2.04 2.42 2.74 2.80 2.65 2.33
  2   1.89 1.48 1.17 1.10 1.25 1.55 2.00 2.45 2.76 2.92 2.84 2.56 2.14 1.70 1.33 1.12 1.15 1.40 1.80 2.21 2.59 2.79 2.77 2.52
  3   2.14 1.67 1.30 1.13 1.16 1.42 1.79 2.22 2.62 2.83 2.87 2.65 2.27 1.81 1.45 1.17 1.13 1.29 1.65 2.09 2.47 2.72 2.82 2.69
  4   2.31 1.90 1.46 1.20 1.13 1.31 1.61 2.05 2.43 2.73 2.84 2.75 2.43 1.98 1.57 1.27 1.11 1.18 1.47 1.85 2.27 2.59 2.75 2.74
  5   2.48 2.09 1.67 1.35 1.16 1.21 1.43 1.78 2.15 2.48 2.66 2.67 2.50 2.18 1.79 1.47 1.26 1.20 1.35 1.66 2.02 2.36 2.63 2.70
  6   2.60 2.32 1.96 1.61 1.38 1.28 1.32 1.56 1.94 2.28 2.56 2.68 2.56 2.29 1.98 1.65 1.37 1.26 1.30 1.56 1.86 2.20 2.47 2.65
  7   2.65 2.45 2.16 1.82 1.55 1.40 1.42 1.58 1.85 2.14 2.41 2.58 2.59 2.40 2.15 1.85 1.58 1.38 1.36 1.49 1.73 2.03 2.34 2.56
  8   2.66 2.57 2.37 2.11 1.85 1.65 1.57 1.64 1.81 2.03 2.27 2.45 2.56 2.52 2.34 2.07 1.82 1.60 1.49 1.51 1.65 1.86 2.13 2.36
  9   2.52 2.56 2.48 2.30 2.07 1.87 1.73 1.69 1.77 1.91 2.10 2.27 2.40 2.42 2.33 2.18 1.98 1.79 1.64 1.58 1.62 1.73 1.92 2.12
 10   2.30 2.44 2.49 2.43 2.25 2.06 1.92 1.80 1.75 1.79 1.89 2.02 2.16 2.28 2.30 2.24 2.12 1.98 1.83 1.71 1.66 1.68 1.77 1.89
 11   2.06 2.22 2.35 2.39 2.36 2.28 2.15 2.02 1.90 1.80 1.78 1.84 1.93 2.05 2.19 2.29 2.30 2.22 2.10 1.98 1.84 1.74 1.66 1.68
 12   1.81 1.99 2.17 2.33 2.47 2.50 2.44 2.31 2.15 1.99 1.82 1.73 1.74 1.84 1.99 2.15 2.31 2.39 2.38 2.27 2.08 1.87 1.67 1.56
 13   1.58 1.71 1.90 2.16 2.40 2.60 2.66 2.59 2.43 2.17 1.92 1.69 1.58 1.59 1.72 1.93 2.17 2.40 2.53 2.53 2.38 2.13 1.83 1.56
 14   1.41 1.42 1.61 1.89 2.23 2.57 2.79 2.83 2.70 2.44 2.10 1.75 1.48 1.35 1.41 1.66 1.96 2.33 2.60 2.74 2.67 2.45 2.09 1.73
 15   1.38 1.25 1.29 1.55 1.94 2.39 2.73 2.95 2.95 2.73 2.35 1.91 1.49 1.24 1.20 1.40 1.74 2.19 2.57 2.86 2.92 2.72 2.37 1.91
 16   1.49 1.16 1.08 1.25 1.61 2.12 2.61 2.96 3.12 3.01 2.65 2.13 1.61 1.24 1.02 1.11 1.44 1.90 2.40 2.80 3.03 3.01 2.73 2.28
 17   1.76 1.30 1.04 1.04 1.31 1.79 2.31 2.79 3.09 3.16 2.93 2.43 1.88 1.37 1.00 0.91 1.12 1.54 2.07 2.59 2.96 3.11 2.98 2.63
 18   2.09 1.55 1.15 0.96 1.08 1.43 1.98 2.50 2.94 3.16 3.17 2.82 2.31 1.72 1.26 0.96 0.98 1.25 1.74 2.28 2.80 3.11 3.22 3.01
 19   2.59 2.01 1.51 1.13 1.04 1.20 1.58 2.12 2.61 3.01 3.16 3.03 2.59 2.09 1.57 1.16 0.99 1.09 1.43 1.91 2.44 2.85 3.11 3.14
 20   2.80 2.38 1.86 1.43 1.19 1.17 1.40 1.78 2.31 2.72 3.02 3.01 2.76 2.38 1.86 1.44 1.15 1.09 1.28 1.66 2.16 2.60 3.02 3.11
 21   2.98 2.68 2.25 1.83 1.49 1.30 1.35 1.60 1.99 2.39 2.74 2.94 2.89 2.66 2.26 1.87 1.58 1.38 1.35 1.55 1.89 2.31 2.73 2.96
 22   3.01 2.90 2.62 2.26 1.93 1.68 1.53 1.57 1.78 2.11 2.45 2.75 2.83 2.75 2.53 2.21 1.87 1.61 1.47 1.49 1.71 1.98 2.33 2.67
 23   2.86 2.87 2.76 2.56 2.27 2.02 1.82 1.72 1.73 1.88 2.12 2.39 2.60 2.67 2.62 2.46 2.20 1.96 1.77 1.67 1.67 1.81 2.01 2.25
 24   2.48 2.68 2.75 2.69 2.52 2.34 2.14 1.95 1.81 1.78 1.89 2.04 2.21 2.37 2.50 2.55 2.49 2.35 2.15 1.98 1.83 1.76 1.80 1.95
 25   2.15 2.33 2.53 2.66 2.69 2.62 2.47 2.27 2.06 1.88 1.77 1.78 1.87 2.03 2.20 2.35 2.45 2.46 2.38 2.23 2.04 1.86 1.72 1.70
 26   1.80 1.95 2.14 2.39 2.58 2.66 2.62 2.48 2.25 2.01 1.78 1.63 1.59 1.69 1.88 2.12 2.34 2.51 2.55 2.44 2.24 2.00 1.75 1.57
 27   1.52 1.60 1.79 2.07 2.37 2.60 2.73 2.71 2.54 2.25 1.93 1.64 1.46 1.45 1.59 1.89 2.19 2.45 2.63 2.66 2.51 2.25 1.93 1.63
 28   1.44 1.41 1.54 1.79 2.14 2.48 2.73 2.82 2.73 2.49 2.15 1.76 1.45 1.30 1.36 1.59 1.92 2.27 2.55 2.72 2.70 2.48 2.17 1.79
 29   1.51 1.36 1.40 1.59 1.94 2.32 2.66 2.87 2.90 2.71 2.39 2.00 1.59 1.35 1.27 1.41 1.74 2.13 2.52 2.79 2.88 2.73 2.45 2.03
 30   1.68 1.42 1.30 1.41 1.67 2.07 2.48 2.80 2.95 2.87 2.59 2.21 1.76 1.40 1.21 1.26 1.56 1.96 2.40 2.75 2.97 2.93 2.71 2.35
 ----------------------------------------------------------------------------------------------------------------------------
                                                                                               
 ----------------------------------------------------------------------------------------------------------------------------
 ----------------------------------------------------------------------------------------------------------------------------
                                                          SURVEY OF INDIA
                                                    MARINE GEODESY WING (G&RB)
                                                     HOURLY HEIGHTS IN METRES
  NAME OF PORT:- PARADIP                                                                            MONTH OCTOBER   YEAR 2016
 ----------------------------------------------------------------------------------------------------------------------------
 DAYS 0000 0001 0002 0003 0004 0005 0006 0007 0008 0009 0010 0011 0012 0013 0014 0015 0016 0017 0018 0019 0020 0021 0022 0023
 ----------------------------------------------------------------------------------------------------------------------------
  1   1.96 1.55 1.32 1.29 1.49 1.83 2.29 2.71 2.93 2.98 2.80 2.44 1.96 1.51 1.25 1.19 1.35 1.68 2.15 2.58 2.89 2.96 2.81 2.51
  2   2.09 1.68 1.36 1.26 1.35 1.64 2.07 2.49 2.82 2.95 2.87 2.58 2.15 1.72 1.35 1.18 1.23 1.54 1.93 2.41 2.80 3.01 2.98 2.74
  3   2.38 1.94 1.58 1.35 1.33 1.54 1.90 2.32 2.67 2.88 2.88 2.66 2.34 1.89 1.49 1.24 1.21 1.41 1.75 2.20 2.60 2.91 2.98 2.85
  4   2.54 2.14 1.71 1.41 1.28 1.39 1.67 2.03 2.42 2.74 2.85 2.74 2.49 2.11 1.69 1.37 1.24 1.33 1.57 1.97 2.35 2.70 2.87 2.87
  5   2.67 2.31 1.93 1.59 1.39 1.36 1.54 1.84 2.23 2.56 2.74 2.75 2.58 2.31 1.92 1.56 1.34 1.28 1.43 1.77 2.14 2.51 2.75 2.84
  6   2.75 2.53 2.19 1.85 1.57 1.48 1.56 1.79 2.08 2.37 2.57 2.64 2.55 2.33 2.04 1.72 1.45 1.35 1.40 1.62 1.92 2.27 2.54 2.71
  7   2.74 2.62 2.39 2.04 1.71 1.56 1.53 1.64 1.87 2.11 2.33 2.50 2.52 2.42 2.23 1.99 1.74 1.55 1.49 1.60 1.80 2.05 2.32 2.53
  8   2.62 2.58 2.44 2.23 2.01 1.77 1.65 1.66 1.79 1.97 2.17 2.33 2.45 2.45 2.33 2.15 1.95 1.76 1.62 1.59 1.67 1.84 2.05 2.27
  9   2.44 2.54 2.53 2.39 2.22 2.05 1.89 1.77 1.76 1.86 2.02 2.16 2.28 2.36 2.38 2.30 2.15 2.00 1.86 1.74 1.71 1.79 1.91 2.07
 10   2.24 2.40 2.50 2.52 2.42 2.29 2.13 1.99 1.87 1.79 1.80 1.88 1.99 2.12 2.22 2.30 2.30 2.23 2.11 2.00 1.88 1.79 1.76 1.84
 11   2.00 2.16 2.33 2.47 2.54 2.52 2.39 2.23 2.06 1.90 1.78 1.73 1.79 1.92 2.09 2.25 2.41 2.46 2.41 2.27 2.10 1.92 1.78 1.72
 12   1.77 1.91 2.13 2.37 2.56 2.68 2.67 2.54 2.28 2.05 1.81 1.66 1.60 1.67 1.87 2.14 2.39 2.58 2.66 2.58 2.38 2.12 1.83 1.64
 13   1.56 1.63 1.83 2.14 2.43 2.68 2.82 2.77 2.56 2.26 1.88 1.59 1.42 1.40 1.55 1.85 2.21 2.51 2.74 2.81 2.66 2.35 2.01 1.67
 14   1.43 1.36 1.48 1.77 2.17 2.55 2.83 2.94 2.83 2.55 2.09 1.67 1.34 1.21 1.28 1.57 1.99 2.42 2.78 2.99 2.98 2.74 2.32 1.89
 15   1.48 1.25 1.25 1.48 1.89 2.34 2.77 3.03 3.06 2.86 2.45 1.93 1.45 1.15 1.05 1.24 1.62 2.13 2.64 3.00 3.16 3.06 2.74 2.24
 16   1.72 1.32 1.14 1.20 1.51 1.93 2.48 2.90 3.09 3.05 2.74 2.23 1.69 1.22 0.99 1.01 1.29 1.77 2.33 2.82 3.17 3.23 3.04 2.62
 17   2.06 1.55 1.18 1.06 1.20 1.58 2.09 2.61 2.97 3.12 2.95 2.57 2.03 1.51 1.11 0.93 1.03 1.37 1.89 2.47 2.93 3.17 3.15 2.89
 18   2.43 1.85 1.38 1.08 1.07 1.28 1.69 2.21 2.67 2.96 2.98 2.74 2.31 1.80 1.36 1.03 0.94 1.12 1.50 2.02 2.55 2.95 3.12 3.03
 19   2.70 2.22 1.77 1.35 1.15 1.16 1.38 1.82 2.26 2.65 2.83 2.81 2.55 2.20 1.77 1.36 1.15 1.13 1.36 1.77 2.27 2.67 2.95 3.05
 20   2.93 2.61 2.16 1.76 1.41 1.28 1.32 1.59 1.97 2.36 2.64 2.78 2.72 2.48 2.09 1.72 1.42 1.26 1.29 1.55 1.91 2.29 2.63 2.86
 21   2.90 2.76 2.49 2.13 1.83 1.56 1.42 1.48 1.72 2.04 2.32 2.56 2.66 2.60 2.36 2.08 1.81 1.59 1.44 1.47 1.69 1.96 2.28 2.55
 22   2.74 2.78 2.67 2.40 2.14 1.90 1.66 1.54 1.56 1.75 1.97 2.19 2.39 2.50 2.46 2.28 2.07 1.87 1.72 1.62 1.61 1.74 1.95 2.19
 23   2.38 2.52 2.58 2.52 2.37 2.18 1.97 1.76 1.63 1.62 1.74 1.88 2.04 2.17 2.29 2.35 2.32 2.20 2.05 1.87 1.75 1.71 1.79 1.94
 24   2.10 2.27 2.40 2.50 2.51 2.43 2.29 2.12 1.94 1.76 1.66 1.69 1.83 1.99 2.15 2.29 2.38 2.39 2.32 2.18 2.01 1.87 1.78 1.79
 25   1.90 2.05 2.23 2.40 2.52 2.56 2.49 2.34 2.14 1.90 1.71 1.61 1.63 1.75 1.93 2.15 2.33 2.47 2.52 2.46 2.29 2.12 1.93 1.79
 26   1.78 1.88 2.05 2.24 2.45 2.62 2.69 2.62 2.45 2.23 1.97 1.76 1.63 1.67 1.84 2.09 2.36 2.59 2.76 2.78 2.64 2.44 2.18 1.95
 27   1.79 1.77 1.93 2.14 2.40 2.63 2.81 2.82 2.67 2.42 2.11 1.81 1.60 1.53 1.63 1.86 2.17 2.46 2.71 2.83 2.76 2.53 2.25 1.93
 28   1.70 1.56 1.60 1.83 2.12 2.43 2.67 2.80 2.77 2.58 2.25 1.88 1.58 1.41 1.42 1.63 1.94 2.33 2.68 2.90 2.93 2.76 2.47 2.11
 29   1.76 1.52 1.46 1.59 1.84 2.17 2.51 2.73 2.82 2.69 2.42 2.01 1.65 1.40 1.31 1.45 1.75 2.17 2.58 2.91 3.02 2.94 2.69 2.32
 30   1.93 1.59 1.44 1.49 1.73 2.07 2.45 2.76 2.90 2.81 2.57 2.18 1.79 1.46 1.31 1.39 1.65 2.07 2.49 2.87 3.08 3.07 2.85 2.49
 31   2.09 1.69 1.46 1.42 1.61 1.91 2.29 2.60 2.80 2.84 2.67 2.37 1.94 1.57 1.30 1.28 1.45 1.78 2.23 2.62 2.94 3.06 2.97 2.67
 ----------------------------------------------------------------------------------------------------------------------------
                                                                                               
 ----------------------------------------------------------------------------------------------------------------------------
 ----------------------------------------------------------------------------------------------------------------------------
                                                          SURVEY OF INDIA
                                                    MARINE GEODESY WING (G&RB)
                                                     HOURLY HEIGHTS IN METRES
  NAME OF PORT:- PARADIP                                                                            MONTH NOVEMBER  YEAR 2016
 ----------------------------------------------------------------------------------------------------------------------------
 DAYS 0000 0001 0002 0003 0004 0005 0006 0007 0008 0009 0010 0011 0012 0013 0014 0015 0016 0017 0018 0019 0020 0021 0022 0023
 ----------------------------------------------------------------------------------------------------------------------------
  1   2.24 1.82 1.50 1.34 1.40 1.66 2.04 2.43 2.72 2.81 2.71 2.47 2.08 1.67 1.36 1.22 1.30 1.56 1.99 2.40 2.79 2.98 2.96 2.71
  2   2.38 1.95 1.60 1.37 1.31 1.49 1.84 2.19 2.51 2.69 2.73 2.56 2.21 1.81 1.45 1.25 1.21 1.38 1.80 2.22 2.61 2.86 2.95 2.85
  3   2.57 2.17 1.80 1.50 1.38 1.45 1.67 2.01 2.31 2.56 2.66 2.59 2.37 2.01 1.64 1.38 1.28 1.37 1.61 1.99 2.37 2.68 2.85 2.87
  4   2.68 2.34 2.01 1.67 1.47 1.44 1.59 1.83 2.15 2.42 2.59 2.62 2.47 2.22 1.90 1.61 1.45 1.43 1.59 1.89 2.22 2.55 2.81 2.92
  5   2.84 2.63 2.35 2.03 1.78 1.66 1.72 1.90 2.15 2.42 2.63 2.73 2.69 2.52 2.26 1.96 1.74 1.64 1.68 1.84 2.10 2.37 2.67 2.84
  6   2.88 2.78 2.54 2.29 2.01 1.80 1.74 1.81 1.98 2.19 2.37 2.51 2.57 2.52 2.37 2.14 1.93 1.79 1.73 1.79 1.96 2.18 2.40 2.59
  7   2.70 2.70 2.58 2.40 2.15 1.94 1.80 1.74 1.78 1.91 2.07 2.22 2.34 2.38 2.34 2.22 2.08 1.92 1.79 1.74 1.78 1.90 2.07 2.26
  8   2.43 2.52 2.54 2.48 2.33 2.14 1.95 1.80 1.74 1.77 1.86 1.96 2.09 2.22 2.33 2.35 2.27 2.14 2.00 1.86 1.78 1.76 1.83 1.95
  9   2.12 2.29 2.42 2.48 2.44 2.32 2.15 1.96 1.78 1.66 1.61 1.66 1.79 1.97 2.13 2.27 2.35 2.34 2.23 2.08 1.91 1.75 1.68 1.71
 10   1.83 2.02 2.21 2.38 2.48 2.49 2.38 2.17 1.94 1.71 1.53 1.45 1.50 1.65 1.89 2.15 2.36 2.49 2.50 2.37 2.16 1.90 1.69 1.55
 11   1.56 1.70 1.94 2.21 2.45 2.61 2.63 2.49 2.26 1.93 1.61 1.36 1.30 1.40 1.64 1.98 2.34 2.61 2.76 2.72 2.52 2.19 1.83 1.52
 12   1.36 1.40 1.56 1.89 2.23 2.55 2.74 2.73 2.54 2.21 1.79 1.41 1.15 1.13 1.32 1.65 2.09 2.51 2.83 2.96 2.87 2.59 2.18 1.73
 13   1.38 1.24 1.30 1.55 1.96 2.37 2.72 2.89 2.82 2.56 2.10 1.62 1.21 1.02 1.06 1.31 1.74 2.25 2.74 3.06 3.12 2.92 2.53 2.03
 14   1.58 1.25 1.14 1.27 1.62 2.09 2.54 2.85 2.97 2.81 2.46 1.95 1.45 1.07 0.91 1.02 1.36 1.86 2.43 2.92 3.20 3.18 2.95 2.49
 15   1.94 1.47 1.13 1.06 1.25 1.64 2.12 2.56 2.84 2.88 2.64 2.24 1.73 1.25 0.93 0.87 1.09 1.46 1.92 2.48 2.94 3.17 3.13 2.86
 16   2.40 1.84 1.37 1.08 1.03 1.30 1.71 2.18 2.56 2.79 2.76 2.50 2.09 1.60 1.17 0.93 0.92 1.19 1.63 2.18 2.69 3.03 3.11 2.95
 17   2.59 2.10 1.60 1.24 1.05 1.11 1.40 1.78 2.25 2.57 2.71 2.62 2.35 1.93 1.50 1.17 1.04 1.13 1.41 1.85 2.33 2.71 2.95 2.96
 18   2.75 2.40 1.93 1.53 1.22 1.14 1.24 1.51 1.88 2.24 2.49 2.59 2.50 2.24 1.89 1.51 1.24 1.17 1.27 1.52 1.89 2.29 2.61 2.83
 19   2.83 2.66 2.35 1.96 1.61 1.36 1.28 1.37 1.61 1.90 2.18 2.37 2.43 2.34 2.10 1.81 1.53 1.36 1.33 1.44 1.67 2.00 2.31 2.57
 20   2.70 2.68 2.50 2.24 1.92 1.63 1.45 1.40 1.49 1.67 1.92 2.13 2.29 2.35 2.29 2.11 1.90 1.71 1.57 1.53 1.61 1.81 2.05 2.28
 21   2.46 2.59 2.58 2.43 2.21 1.96 1.76 1.59 1.53 1.58 1.72 1.91 2.07 2.23 2.30 2.26 2.15 1.99 1.85 1.75 1.69 1.73 1.84 2.02
 22   2.20 2.37 2.46 2.46 2.35 2.19 1.99 1.80 1.65 1.57 1.59 1.70 1.85 2.04 2.19 2.30 2.32 2.25 2.12 1.97 1.86 1.77 1.74 1.81
 23   1.96 2.12 2.26 2.38 2.42 2.36 2.20 2.03 1.84 1.66 1.54 1.53 1.63 1.80 1.99 2.17 2.31 2.36 2.32 2.19 2.04 1.87 1.74 1.69
 24   1.76 1.88 2.03 2.21 2.35 2.41 2.36 2.21 2.01 1.76 1.57 1.46 1.46 1.58 1.78 2.03 2.26 2.43 2.48 2.41 2.23 2.01 1.79 1.65
 25   1.60 1.66 1.82 2.05 2.25 2.41 2.46 2.38 2.19 1.93 1.68 1.45 1.35 1.41 1.57 1.82 2.13 2.40 2.55 2.56 2.43 2.20 1.90 1.65
 26   1.50 1.48 1.59 1.81 2.05 2.29 2.43 2.46 2.36 2.11 1.80 1.50 1.29 1.23 1.33 1.57 1.88 2.23 2.50 2.62 2.57 2.39 2.10 1.77
 27   1.52 1.38 1.39 1.55 1.79 2.09 2.34 2.45 2.43 2.26 1.96 1.59 1.30 1.17 1.20 1.42 1.71 2.08 2.42 2.67 2.70 2.55 2.27 1.89
 28   1.56 1.34 1.28 1.40 1.64 1.95 2.23 2.45 2.50 2.37 2.08 1.69 1.35 1.11 1.07 1.21 1.51 1.90 2.30 2.59 2.72 2.67 2.43 2.06
 29   1.68 1.39 1.21 1.24 1.42 1.75 2.07 2.36 2.50 2.47 2.25 1.89 1.49 1.17 1.03 1.10 1.33 1.71 2.13 2.51 2.75 2.78 2.62 2.29
 30   1.88 1.49 1.24 1.15 1.26 1.51 1.89 2.20 2.45 2.51 2.38 2.09 1.69 1.32 1.05 0.99 1.12 1.45 1.88 2.31 2.63 2.80 2.74 2.46
 ----------------------------------------------------------------------------------------------------------------------------
                                                                                               
 ----------------------------------------------------------------------------------------------------------------------------
 ----------------------------------------------------------------------------------------------------------------------------
                                                          SURVEY OF INDIA
                                                    MARINE GEODESY WING (G&RB)
                                                     HOURLY HEIGHTS IN METRES
  NAME OF PORT:- PARADIP                                                                            MONTH DECEMBER  YEAR 2016
 ----------------------------------------------------------------------------------------------------------------------------
 DAYS 0000 0001 0002 0003 0004 0005 0006 0007 0008 0009 0010 0011 0012 0013 0014 0015 0016 0017 0018 0019 0020 0021 0022 0023
 ----------------------------------------------------------------------------------------------------------------------------
  1   2.08 1.64 1.32 1.14 1.14 1.35 1.69 2.04 2.33 2.47 2.44 2.21 1.85 1.45 1.12 0.97 1.03 1.30 1.66 2.13 2.50 2.73 2.78 2.63
  2   2.31 1.87 1.49 1.22 1.12 1.21 1.50 1.84 2.19 2.41 2.48 2.36 2.05 1.69 1.32 1.09 1.03 1.19 1.50 1.91 2.31 2.62 2.76 2.71
  3   2.48 2.12 1.73 1.39 1.21 1.20 1.39 1.67 2.00 2.29 2.44 2.44 2.25 1.96 1.59 1.30 1.12 1.13 1.33 1.64 2.03 2.41 2.65 2.72
  4   2.62 2.36 2.00 1.64 1.36 1.24 1.30 1.49 1.81 2.11 2.34 2.42 2.34 2.12 1.83 1.53 1.30 1.21 1.26 1.49 1.81 2.16 2.46 2.63
  5   2.63 2.48 2.20 1.88 1.55 1.35 1.28 1.39 1.59 1.87 2.13 2.30 2.34 2.26 2.06 1.80 1.54 1.37 1.35 1.44 1.65 1.93 2.25 2.46
  6   2.56 2.54 2.35 2.10 1.78 1.52 1.35 1.32 1.43 1.65 1.87 2.09 2.24 2.27 2.17 1.99 1.80 1.60 1.45 1.43 1.51 1.70 1.96 2.22
  7   2.40 2.48 2.44 2.27 2.05 1.77 1.53 1.39 1.36 1.47 1.64 1.88 2.09 2.22 2.26 2.20 2.07 1.87 1.69 1.55 1.52 1.61 1.79 1.99
  8   2.22 2.39 2.47 2.41 2.26 2.04 1.77 1.54 1.38 1.35 1.44 1.61 1.82 2.05 2.25 2.34 2.32 2.20 2.00 1.80 1.62 1.53 1.56 1.69
  9   1.90 2.12 2.32 2.44 2.43 2.29 2.09 1.83 1.57 1.39 1.31 1.38 1.55 1.82 2.11 2.33 2.47 2.50 2.40 2.18 1.92 1.68 1.53 1.50
 10   1.59 1.81 2.06 2.28 2.45 2.48 2.37 2.15 1.84 1.55 1.30 1.21 1.29 1.50 1.82 2.15 2.45 2.66 2.70 2.56 2.31 1.99 1.70 1.46
 11   1.41 1.52 1.73 2.05 2.33 2.55 2.60 2.49 2.22 1.87 1.54 1.26 1.14 1.22 1.47 1.82 2.24 2.58 2.83 2.86 2.71 2.41 2.01 1.64
 12   1.35 1.27 1.39 1.69 2.03 2.40 2.61 2.67 2.53 2.20 1.78 1.35 1.08 0.98 1.11 1.42 1.90 2.38 2.77 2.99 2.98 2.77 2.36 1.89
 13   1.46 1.18 1.12 1.29 1.63 2.05 2.43 2.70 2.74 2.54 2.16 1.68 1.24 0.94 0.89 1.07 1.47 1.96 2.49 2.87 3.06 2.99 2.70 2.23
 14   1.73 1.28 1.04 1.03 1.27 1.65 2.09 2.48 2.68 2.64 2.38 1.93 1.43 1.03 0.81 0.86 1.11 1.58 2.10 2.60 2.92 3.01 2.86 2.52
 15   1.98 1.49 1.10 0.93 1.01 1.31 1.74 2.19 2.49 2.63 2.54 2.27 1.83 1.35 1.00 0.83 0.94 1.23 1.72 2.22 2.70 2.96 2.98 2.81
 16   2.41 1.90 1.45 1.11 0.99 1.10 1.43 1.83 2.24 2.53 2.60 2.49 2.17 1.77 1.33 1.04 0.93 1.07 1.37 1.84 2.34 2.73 2.93 2.89
 17   2.67 2.25 1.78 1.36 1.08 1.00 1.17 1.47 1.87 2.25 2.49 2.55 2.41 2.11 1.72 1.35 1.13 1.08 1.25 1.55 1.97 2.40 2.69 2.83
 18   2.77 2.53 2.13 1.72 1.38 1.17 1.14 1.32 1.59 1.95 2.25 2.42 2.45 2.29 1.99 1.68 1.40 1.24 1.23 1.41 1.72 2.07 2.41 2.64
 19   2.72 2.61 2.39 2.02 1.68 1.39 1.24 1.23 1.39 1.68 1.97 2.21 2.35 2.34 2.20 1.96 1.70 1.50 1.38 1.42 1.60 1.88 2.13 2.41
 20   2.55 2.58 2.47 2.21 1.93 1.63 1.42 1.30 1.34 1.48 1.72 1.96 2.17 2.31 2.29 2.16 1.95 1.76 1.59 1.51 1.54 1.65 1.85 2.09
 21   2.25 2.35 2.36 2.24 2.04 1.77 1.56 1.39 1.33 1.36 1.48 1.68 1.86 2.03 2.12 2.14 2.08 1.94 1.78 1.62 1.55 1.54 1.61 1.76
 22   1.96 2.12 2.22 2.24 2.15 1.98 1.79 1.59 1.47 1.40 1.40 1.50 1.66 1.84 2.00 2.11 2.16 2.12 2.01 1.87 1.73 1.65 1.62 1.67
 23   1.77 1.91 2.03 2.14 2.17 2.11 1.98 1.80 1.63 1.47 1.37 1.37 1.46 1.62 1.80 2.00 2.13 2.18 2.14 1.98 1.80 1.63 1.52 1.47
 24   1.50 1.58 1.72 1.85 1.96 1.99 1.96 1.85 1.66 1.47 1.31 1.20 1.21 1.33 1.55 1.77 2.00 2.16 2.22 2.16 1.99 1.80 1.59 1.43
 25   1.36 1.39 1.52 1.70 1.88 2.01 2.07 2.05 1.92 1.70 1.45 1.22 1.14 1.19 1.33 1.57 1.88 2.14 2.30 2.34 2.26 2.06 1.82 1.58
 26   1.40 1.34 1.40 1.58 1.79 1.98 2.14 2.19 2.10 1.86 1.60 1.34 1.14 1.09 1.19 1.42 1.75 2.07 2.33 2.48 2.46 2.31 2.01 1.70
 27   1.43 1.28 1.25 1.38 1.60 1.86 2.09 2.24 2.24 2.09 1.82 1.53 1.23 1.08 1.09 1.27 1.57 1.96 2.30 2.53 2.62 2.50 2.23 1.89
 28   1.54 1.30 1.19 1.25 1.45 1.76 2.07 2.30 2.40 2.31 2.09 1.74 1.40 1.14 1.05 1.15 1.41 1.80 2.17 2.51 2.67 2.66 2.45 2.11
 29   1.72 1.37 1.18 1.14 1.27 1.55 1.88 2.18 2.35 2.34 2.16 1.82 1.45 1.14 0.96 0.95 1.16 1.51 1.96 2.35 2.65 2.75 2.63 2.34
 30   1.92 1.50 1.19 1.07 1.13 1.37 1.68 2.03 2.27 2.38 2.28 2.02 1.65 1.29 0.99 0.90 1.00 1.30 1.68 2.15 2.50 2.69 2.69 2.47
 31   2.12 1.66 1.29 1.03 0.98 1.14 1.44 1.81 2.12 2.34 2.36 2.21 1.87 1.50 1.13 0.92 0.90 1.10 1.45 1.88 2.30 2.59 2.70 2.58
 ----------------------------------------------------------------------------------------------------------------------------
                                                                                               
 ----------------------------------------------------------------------------------------------------------------------------
 ----------------------------------------------------------------------------------------------------------------------------
