                                                          SURVEY OF INDIA
                                                    MARINE GEODESY WING (G&RB)
                                                     HOURLY HEIGHTS IN METRES
  NAME OF PORT:- PARADIP                                                                            MONTH JANUARY   YEAR 2017
 ----------------------------------------------------------------------------------------------------------------------------
 DAYS 0000 0001 0002 0003 0004 0005 0006 0007 0008 0009 0010 0011 0012 0013 0014 0015 0016 0017 0018 0019 0020 0021 0022 0023
 ----------------------------------------------------------------------------------------------------------------------------
  1   2.32 1.90 1.47 1.15 0.98 1.06 1.28 1.62 1.96 2.28 2.40 2.34 2.10 1.77 1.39 1.08 0.96 1.03 1.28 1.65 2.06 2.42 2.62 2.64
  2   2.47 2.13 1.71 1.34 1.10 1.05 1.18 1.42 1.72 2.07 2.30 2.36 2.25 1.97 1.60 1.25 1.04 0.98 1.12 1.40 1.80 2.18 2.46 2.60
  3   2.57 2.37 2.00 1.60 1.25 1.07 1.04 1.21 1.50 1.82 2.11 2.28 2.29 2.15 1.88 1.56 1.28 1.13 1.13 1.30 1.60 1.91 2.24 2.43
  4   2.49 2.40 2.13 1.78 1.43 1.15 1.04 1.09 1.29 1.56 1.83 2.07 2.21 2.20 2.04 1.80 1.52 1.30 1.20 1.21 1.35 1.60 1.92 2.18
  5   2.35 2.38 2.26 2.01 1.69 1.37 1.15 1.08 1.15 1.35 1.59 1.86 2.07 2.20 2.19 2.05 1.84 1.60 1.42 1.34 1.37 1.52 1.72 1.95
  6   2.15 2.28 2.29 2.18 1.95 1.66 1.40 1.20 1.13 1.19 1.34 1.56 1.80 2.01 2.13 2.15 2.07 1.90 1.69 1.51 1.40 1.40 1.50 1.68
  7   1.87 2.06 2.18 2.20 2.10 1.91 1.67 1.43 1.23 1.14 1.16 1.30 1.53 1.78 2.00 2.16 2.22 2.18 2.04 1.84 1.61 1.44 1.37 1.40
  8   1.53 1.74 1.95 2.11 2.17 2.12 1.97 1.75 1.48 1.23 1.10 1.09 1.22 1.45 1.73 2.04 2.26 2.36 2.34 2.17 1.93 1.66 1.42 1.27
  9   1.25 1.35 1.55 1.79 2.00 2.13 2.14 1.99 1.74 1.45 1.17 1.00 0.97 1.11 1.37 1.70 2.05 2.32 2.44 2.43 2.27 1.95 1.63 1.34
 10   1.15 1.13 1.27 1.51 1.80 2.05 2.22 2.24 2.09 1.80 1.44 1.13 0.91 0.89 1.05 1.36 1.76 2.16 2.47 2.62 2.58 2.36 2.00 1.58
 11   1.25 1.07 1.06 1.20 1.51 1.86 2.14 2.32 2.31 2.11 1.75 1.36 1.03 0.83 0.82 1.03 1.37 1.85 2.32 2.64 2.76 2.66 2.39 1.94
 12   1.52 1.14 0.95 0.94 1.16 1.51 1.91 2.22 2.40 2.42 2.20 1.70 1.24 0.88 0.72 0.80 1.06 1.49 2.00 2.44 2.72 2.77 2.62 2.27
 13   1.76 1.30 0.95 0.85 0.92 1.20 1.60 1.99 2.30 2.40 2.30 2.00 1.57 1.11 0.78 0.64 0.77 1.10 1.58 2.11 2.52 2.72 2.69 2.46
 14   2.04 1.58 1.14 0.86 0.79 0.93 1.27 1.68 2.09 2.32 2.36 2.20 1.88 1.44 1.05 0.80 0.78 1.00 1.37 1.85 2.32 2.65 2.75 2.66
 15   2.38 1.93 1.48 1.08 0.87 0.84 1.05 1.44 1.90 2.22 2.38 2.37 2.15 1.78 1.34 1.02 0.87 0.93 1.19 1.60 2.09 2.45 2.64 2.66
 16   2.50 2.16 1.77 1.34 1.02 0.91 1.02 1.32 1.68 2.02 2.28 2.37 2.30 2.00 1.63 1.28 1.05 0.98 1.10 1.37 1.77 2.18 2.44 2.55
 17   2.52 2.30 1.96 1.56 1.20 1.02 0.98 1.14 1.48 1.84 2.10 2.26 2.27 2.12 1.82 1.50 1.24 1.10 1.08 1.23 1.59 1.94 2.26 2.43
 18   2.45 2.32 2.07 1.76 1.45 1.17 1.03 1.07 1.28 1.57 1.84 2.06 2.16 2.13 1.99 1.74 1.48 1.28 1.18 1.22 1.40 1.65 1.93 2.14
 19   2.25 2.26 2.14 1.88 1.58 1.34 1.17 1.12 1.20 1.40 1.64 1.91 2.10 2.17 2.12 1.97 1.79 1.60 1.43 1.34 1.37 1.54 1.75 1.95
 20   2.13 2.20 2.16 2.03 1.81 1.58 1.38 1.25 1.22 1.30 1.50 1.71 1.92 2.07 2.12 2.09 2.00 1.87 1.73 1.61 1.54 1.55 1.65 1.80
 21   1.94 2.06 2.10 2.06 1.94 1.79 1.61 1.43 1.32 1.30 1.36 1.49 1.67 1.85 1.99 2.07 2.07 2.01 1.90 1.77 1.66 1.57 1.54 1.58
 22   1.69 1.81 1.90 1.94 1.92 1.84 1.72 1.59 1.46 1.35 1.30 1.33 1.43 1.61 1.79 1.95 2.06 2.11 2.09 2.00 1.84 1.68 1.56 1.52
 23   1.55 1.63 1.74 1.85 1.92 1.93 1.89 1.79 1.63 1.47 1.34 1.28 1.31 1.42 1.60 1.81 2.01 2.18 2.25 2.23 2.09 1.88 1.69 1.53
 24   1.45 1.46 1.53 1.67 1.83 1.96 2.02 1.99 1.86 1.66 1.46 1.27 1.19 1.21 1.34 1.58 1.86 2.11 2.27 2.33 2.25 2.07 1.82 1.55
 25   1.34 1.28 1.33 1.48 1.69 1.89 2.07 2.13 2.06 1.86 1.60 1.34 1.11 1.03 1.10 1.31 1.64 1.98 2.28 2.44 2.43 2.27 2.00 1.67
 26   1.39 1.21 1.15 1.23 1.44 1.72 1.98 2.16 2.20 2.09 1.81 1.48 1.20 1.01 0.98 1.12 1.41 1.78 2.18 2.45 2.56 2.49 2.25 1.89
 27   1.51 1.23 1.06 1.05 1.24 1.53 1.88 2.17 2.31 2.29 2.06 1.66 1.29 0.99 0.84 0.89 1.11 1.51 1.96 2.37 2.57 2.61 2.45 2.10
 28   1.65 1.29 0.99 0.91 1.01 1.27 1.60 1.98 2.30 2.39 2.28 1.91 1.52 1.10 0.82 0.77 0.93 1.27 1.67 2.13 2.51 2.69 2.65 2.38
 29   1.96 1.50 1.11 0.88 0.87 1.08 1.44 1.88 2.27 2.45 2.41 2.17 1.77 1.32 0.95 0.75 0.78 1.07 1.49 1.97 2.40 2.65 2.72 2.57
 30   2.23 1.72 1.25 0.93 0.78 0.87 1.17 1.59 2.03 2.32 2.40 2.29 2.00 1.58 1.16 0.81 0.69 0.82 1.10 1.51 1.96 2.38 2.58 2.54
 31   2.27 1.86 1.37 0.95 0.69 0.68 0.86 1.24 1.64 1.99 2.26 2.31 2.15 1.80 1.39 1.00 0.79 0.78 0.98 1.32 1.77 2.17 2.45 2.51
 ----------------------------------------------------------------------------------------------------------------------------
                                                                                               
 ----------------------------------------------------------------------------------------------------------------------------
 ----------------------------------------------------------------------------------------------------------------------------
                                                          SURVEY OF INDIA
                                                    MARINE GEODESY WING (G&RB)
                                                     HOURLY HEIGHTS IN METRES
  NAME OF PORT:- PARADIP                                                                            MONTH FEBRUARY  YEAR 2017
 ----------------------------------------------------------------------------------------------------------------------------
 DAYS 0000 0001 0002 0003 0004 0005 0006 0007 0008 0009 0010 0011 0012 0013 0014 0015 0016 0017 0018 0019 0020 0021 0022 0023
 ----------------------------------------------------------------------------------------------------------------------------
  1   2.38 2.05 1.60 1.17 0.84 0.69 0.79 1.05 1.42 1.83 2.16 2.32 2.31 2.11 1.78 1.40 1.07 0.89 0.90 1.11 1.45 1.86 2.22 2.40
  2   2.44 2.29 1.96 1.58 1.15 0.87 0.77 0.87 1.19 1.53 1.91 2.16 2.27 2.22 2.03 1.69 1.37 1.12 0.99 1.03 1.27 1.62 1.94 2.20
  3   2.33 2.32 2.12 1.81 1.43 1.12 0.90 0.86 0.98 1.28 1.62 1.92 2.17 2.30 2.27 2.00 1.69 1.41 1.20 1.12 1.18 1.38 1.62 1.89
  4   2.09 2.20 2.16 1.98 1.73 1.42 1.14 0.98 0.97 1.11 1.34 1.62 1.90 2.11 2.21 2.16 1.99 1.76 1.53 1.35 1.26 1.26 1.39 1.58
  5   1.79 1.98 2.08 2.06 1.92 1.69 1.46 1.25 1.09 1.05 1.12 1.29 1.53 1.79 2.00 2.13 2.16 2.09 1.93 1.70 1.49 1.33 1.26 1.31
  6   1.44 1.62 1.82 1.98 2.04 1.98 1.81 1.58 1.36 1.19 1.10 1.13 1.27 1.48 1.72 1.96 2.15 2.23 2.18 2.02 1.78 1.55 1.35 1.23
  7   1.22 1.34 1.53 1.73 1.92 2.04 2.03 1.90 1.66 1.40 1.17 1.03 1.03 1.14 1.39 1.68 1.98 2.26 2.38 2.33 2.13 1.85 1.55 1.29
  8   1.11 1.07 1.19 1.43 1.70 1.96 2.10 2.11 1.98 1.71 1.39 1.09 0.90 0.87 1.02 1.32 1.69 2.05 2.34 2.46 2.40 2.19 1.83 1.45
  9   1.15 0.95 0.94 1.12 1.39 1.73 2.02 2.20 2.21 2.05 1.69 1.31 0.97 0.80 0.79 0.99 1.32 1.72 2.12 2.43 2.56 2.49 2.21 1.80
 10   1.33 0.97 0.81 0.84 1.08 1.44 1.84 2.15 2.31 2.29 2.02 1.63 1.20 0.89 0.71 0.77 1.05 1.45 1.93 2.33 2.57 2.59 2.43 2.05
 11   1.59 1.13 0.81 0.72 0.85 1.17 1.59 1.99 2.28 2.36 2.23 1.93 1.48 1.06 0.77 0.65 0.78 1.13 1.58 2.07 2.45 2.62 2.58 2.32
 12   1.88 1.40 0.97 0.71 0.68 0.91 1.29 1.72 2.12 2.33 2.34 2.14 1.80 1.33 0.94 0.72 0.71 0.93 1.31 1.78 2.21 2.51 2.60 2.46
 13   2.11 1.65 1.19 0.84 0.67 0.78 1.09 1.49 1.93 2.28 2.41 2.32 2.06 1.65 1.22 0.88 0.77 0.83 1.12 1.53 2.00 2.34 2.51 2.47
 14   2.23 1.86 1.41 1.03 0.76 0.75 0.95 1.28 1.68 2.07 2.30 2.33 2.19 1.88 1.48 1.07 0.85 0.82 0.98 1.34 1.75 2.14 2.36 2.43
 15   2.30 2.00 1.62 1.18 0.90 0.77 0.84 1.08 1.45 1.83 2.14 2.30 2.27 2.08 1.72 1.36 1.08 0.94 0.98 1.18 1.50 1.86 2.16 2.32
 16   2.34 2.18 1.83 1.46 1.10 0.89 0.88 1.01 1.28 1.61 1.95 2.17 2.25 2.18 1.97 1.66 1.38 1.16 1.10 1.18 1.40 1.66 1.94 2.17
 17   2.26 2.21 2.01 1.72 1.42 1.15 1.02 1.01 1.15 1.43 1.70 1.96 2.14 2.19 2.09 1.88 1.62 1.40 1.24 1.19 1.28 1.48 1.70 1.91
 18   2.05 2.09 2.01 1.84 1.63 1.38 1.17 1.06 1.10 1.25 1.49 1.74 1.94 2.07 2.09 2.01 1.84 1.64 1.46 1.34 1.31 1.38 1.54 1.72
 19   1.87 1.96 1.96 1.89 1.74 1.56 1.37 1.22 1.16 1.21 1.33 1.51 1.70 1.89 1.99 2.00 1.95 1.84 1.70 1.57 1.47 1.42 1.44 1.50
 20   1.60 1.71 1.80 1.83 1.78 1.67 1.54 1.40 1.29 1.24 1.26 1.34 1.46 1.60 1.73 1.85 1.91 1.90 1.83 1.71 1.58 1.48 1.40 1.36
 21   1.39 1.46 1.55 1.63 1.69 1.70 1.64 1.53 1.40 1.28 1.20 1.17 1.22 1.35 1.53 1.72 1.88 1.99 2.02 1.96 1.82 1.63 1.46 1.33
 22   1.26 1.28 1.38 1.51 1.65 1.76 1.82 1.79 1.67 1.49 1.30 1.15 1.10 1.15 1.30 1.50 1.74 1.94 2.08 2.10 2.01 1.81 1.56 1.33
 23   1.15 1.10 1.16 1.31 1.50 1.70 1.86 1.90 1.80 1.60 1.37 1.14 0.96 0.92 1.00 1.23 1.53 1.83 2.10 2.22 2.17 2.00 1.74 1.42
 24   1.15 1.00 0.99 1.12 1.35 1.64 1.88 2.03 2.04 1.90 1.62 1.29 1.00 0.83 0.84 1.04 1.36 1.73 2.10 2.35 2.41 2.31 2.03 1.64
 25   1.25 0.98 0.86 0.95 1.17 1.50 1.84 2.14 2.27 2.20 1.92 1.56 1.18 0.91 0.79 0.90 1.18 1.61 2.05 2.42 2.59 2.54 2.28 1.89
 26   1.44 1.08 0.83 0.81 1.00 1.35 1.77 2.11 2.36 2.37 2.18 1.82 1.42 1.00 0.74 0.74 0.96 1.35 1.81 2.27 2.57 2.63 2.44 2.08
 27   1.64 1.16 0.80 0.64 0.77 1.06 1.51 1.96 2.29 2.43 2.34 2.04 1.60 1.15 0.77 0.63 0.72 1.03 1.48 2.00 2.39 2.59 2.56 2.32
 28   1.90 1.35 0.92 0.64 0.61 0.82 1.22 1.69 2.15 2.43 2.46 2.27 1.91 1.42 0.97 0.68 0.63 0.80 1.21 1.70 2.20 2.49 2.58 2.46
 ----------------------------------------------------------------------------------------------------------------------------
                                                                                              
 ----------------------------------------------------------------------------------------------------------------------------
 ----------------------------------------------------------------------------------------------------------------------------
                                                          SURVEY OF INDIA
                                                    MARINE GEODESY WING (G&RB)
                                                     HOURLY HEIGHTS IN METRES
  NAME OF PORT:- PARADIP                                                                            MONTH MARCH     YEAR 2017
 ----------------------------------------------------------------------------------------------------------------------------
 DAYS 0000 0001 0002 0003 0004 0005 0006 0007 0008 0009 0010 0011 0012 0013 0014 0015 0016 0017 0018 0019 0020 0021 0022 0023
 ----------------------------------------------------------------------------------------------------------------------------
  1   2.14 1.63 1.18 0.79 0.57 0.66 0.97 1.40 1.86 2.27 2.45 2.42 2.18 1.80 1.34 0.94 0.71 0.72 0.98 1.36 1.84 2.26 2.49 2.53
  2   2.32 1.94 1.46 1.02 0.66 0.57 0.76 1.10 1.57 2.03 2.35 2.44 2.33 2.05 1.65 1.26 0.90 0.73 0.80 1.08 1.50 1.91 2.24 2.37
  3   2.33 2.09 1.72 1.30 0.89 0.66 0.68 0.90 1.24 1.65 2.02 2.28 2.34 2.24 1.96 1.59 1.22 0.95 0.87 1.00 1.29 1.62 1.96 2.19
  4   2.26 2.16 1.91 1.59 1.20 0.90 0.79 0.84 1.06 1.39 1.72 2.00 2.20 2.22 2.10 1.84 1.54 1.25 1.07 1.03 1.12 1.34 1.60 1.87
  5   2.04 2.09 2.01 1.82 1.55 1.25 1.01 0.91 0.98 1.17 1.43 1.70 1.95 2.10 2.14 2.06 1.89 1.65 1.43 1.26 1.19 1.22 1.35 1.54
  6   1.75 1.89 1.95 1.91 1.77 1.56 1.36 1.18 1.07 1.09 1.22 1.42 1.64 1.85 2.00 2.09 2.08 1.98 1.81 1.60 1.41 1.30 1.27 1.31
  7   1.42 1.59 1.75 1.86 1.88 1.82 1.68 1.50 1.32 1.16 1.10 1.14 1.26 1.46 1.69 1.92 2.04 2.06 1.98 1.80 1.60 1.40 1.22 1.13
  8   1.14 1.24 1.39 1.56 1.72 1.84 1.87 1.80 1.62 1.39 1.18 1.04 1.00 1.10 1.32 1.60 1.85 2.06 2.16 2.13 1.98 1.72 1.43 1.18
  9   1.02 0.99 1.08 1.29 1.56 1.80 1.99 2.04 1.92 1.67 1.37 1.11 0.94 0.91 1.06 1.32 1.65 1.96 2.22 2.32 2.24 1.98 1.63 1.31
 10   1.02 0.84 0.83 1.01 1.29 1.62 1.90 2.06 2.06 1.90 1.63 1.29 0.98 0.82 0.82 1.03 1.39 1.77 2.13 2.37 2.41 2.26 1.92 1.53
 11   1.12 0.82 0.70 0.78 1.04 1.43 1.81 2.12 2.24 2.17 1.94 1.54 1.10 0.75 0.63 0.72 1.04 1.47 1.88 2.22 2.40 2.35 2.07 1.64
 12   1.20 0.84 0.60 0.58 0.81 1.17 1.60 1.99 2.24 2.28 2.10 1.77 1.36 0.93 0.68 0.63 0.81 1.18 1.62 2.06 2.34 2.42 2.28 1.93
 13   1.52 1.07 0.75 0.60 0.69 0.97 1.41 1.85 2.20 2.36 2.30 2.04 1.64 1.18 0.83 0.67 0.74 1.02 1.42 1.90 2.28 2.47 2.42 2.19
 14   1.80 1.32 0.89 0.64 0.61 0.82 1.20 1.64 2.06 2.34 2.38 2.22 1.88 1.42 1.00 0.76 0.69 0.85 1.20 1.64 2.07 2.33 2.40 2.24
 15   1.92 1.50 1.06 0.72 0.59 0.70 0.99 1.44 1.84 2.20 2.36 2.32 2.02 1.57 1.16 0.85 0.71 0.77 1.04 1.44 1.82 2.14 2.29 2.24
 16   2.02 1.63 1.21 0.85 0.64 0.64 0.85 1.23 1.62 2.05 2.26 2.29 2.14 1.84 1.46 1.09 0.87 0.82 0.94 1.22 1.66 2.00 2.20 2.22
 17   2.10 1.82 1.47 1.08 0.82 0.74 0.82 1.09 1.45 1.80 2.09 2.24 2.20 2.00 1.68 1.34 1.06 0.92 0.93 1.10 1.40 1.70 1.95 2.08
 18   2.06 1.90 1.62 1.28 1.00 0.83 0.79 0.93 1.21 1.58 1.90 2.11 2.17 2.08 1.86 1.55 1.28 1.10 1.03 1.10 1.30 1.55 1.80 1.97
 19   2.02 1.94 1.76 1.50 1.24 1.06 0.98 1.02 1.20 1.46 1.74 1.97 2.10 2.09 1.97 1.78 1.56 1.36 1.23 1.18 1.24 1.40 1.60 1.78
 20   1.92 1.96 1.88 1.68 1.45 1.26 1.15 1.11 1.16 1.30 1.50 1.74 1.94 2.06 2.06 1.95 1.78 1.61 1.46 1.37 1.36 1.41 1.51 1.64
 21   1.76 1.84 1.86 1.80 1.66 1.50 1.37 1.27 1.24 1.27 1.35 1.50 1.68 1.85 1.95 1.97 1.92 1.81 1.67 1.54 1.43 1.37 1.37 1.42
 22   1.50 1.60 1.70 1.75 1.73 1.65 1.55 1.44 1.35 1.28 1.26 1.32 1.45 1.62 1.78 1.90 1.95 1.93 1.86 1.75 1.61 1.45 1.32 1.27
 23   1.30 1.39 1.50 1.62 1.72 1.77 1.75 1.66 1.52 1.38 1.26 1.21 1.25 1.37 1.56 1.74 1.92 2.04 2.06 1.98 1.80 1.56 1.36 1.20
 24   1.12 1.15 1.27 1.45 1.65 1.82 1.90 1.86 1.72 1.52 1.31 1.12 1.03 1.08 1.24 1.48 1.73 1.99 2.13 2.14 2.01 1.75 1.45 1.16
 25   1.00 0.93 1.00 1.19 1.44 1.70 1.92 2.02 1.97 1.76 1.48 1.16 0.93 0.87 0.96 1.20 1.54 1.88 2.15 2.27 2.24 2.03 1.62 1.24
 26   0.92 0.76 0.76 0.94 1.26 1.63 1.96 2.15 2.19 2.03 1.70 1.30 0.98 0.77 0.74 0.92 1.29 1.70 2.09 2.36 2.42 2.25 1.91 1.46
 27   1.08 0.78 0.64 0.74 1.05 1.49 1.91 2.23 2.37 2.30 2.04 1.62 1.19 0.84 0.65 0.70 1.00 1.43 1.91 2.33 2.54 2.51 2.28 1.87
 28   1.30 0.85 0.60 0.55 0.75 1.16 1.67 2.11 2.44 2.51 2.34 1.96 1.48 1.00 0.70 0.62 0.76 1.14 1.63 2.10 2.44 2.54 2.40 2.07
 29   1.50 1.00 0.60 0.44 0.54 0.86 1.36 1.90 2.33 2.58 2.55 2.32 1.92 1.36 0.89 0.62 0.59 0.80 1.23 1.69 2.20 2.50 2.53 2.30
 30   1.90 1.36 0.88 0.52 0.47 0.65 1.06 1.58 2.08 2.46 2.62 2.54 2.23 1.74 1.23 0.81 0.64 0.69 1.00 1.43 1.92 2.28 2.48 2.44
 31   2.16 1.69 1.20 0.76 0.55 0.58 0.84 1.26 1.78 2.24 2.50 2.57 2.42 2.07 1.58 1.16 0.86 0.75 0.88 1.20 1.62 2.03 2.31 2.40
 ----------------------------------------------------------------------------------------------------------------------------
                                                                                               
 ----------------------------------------------------------------------------------------------------------------------------
 ----------------------------------------------------------------------------------------------------------------------------
                                                          SURVEY OF INDIA
                                                    MARINE GEODESY WING (G&RB)
                                                     HOURLY HEIGHTS IN METRES
  NAME OF PORT:- PARADIP                                                                            MONTH APRIL     YEAR 2017
 ----------------------------------------------------------------------------------------------------------------------------
 DAYS 0000 0001 0002 0003 0004 0005 0006 0007 0008 0009 0010 0011 0012 0013 0014 0015 0016 0017 0018 0019 0020 0021 0022 0023
 ----------------------------------------------------------------------------------------------------------------------------
  1   2.30 2.02 1.56 1.14 0.82 0.69 0.76 1.07 1.50 1.93 2.28 2.50 2.50 2.34 2.00 1.63 1.26 1.02 0.94 1.04 1.32 1.64 1.97 2.18
  2   2.23 2.14 1.88 1.53 1.18 0.94 0.85 0.92 1.16 1.52 1.89 2.16 2.32 2.32 2.18 1.92 1.60 1.30 1.10 1.04 1.11 1.33 1.60 1.86
  3   2.10 2.18 2.10 1.80 1.50 1.24 1.04 0.95 1.00 1.22 1.50 1.77 2.02 2.16 2.18 2.09 1.87 1.64 1.44 1.26 1.18 1.21 1.35 1.56
  4   1.76 1.89 1.94 1.89 1.76 1.60 1.42 1.26 1.18 1.20 1.32 1.51 1.71 1.90 2.03 2.09 2.05 1.92 1.74 1.54 1.37 1.24 1.18 1.22
  5   1.35 1.52 1.68 1.80 1.84 1.79 1.68 1.54 1.40 1.28 1.23 1.27 1.40 1.60 1.80 1.98 2.10 2.13 2.04 1.86 1.66 1.44 1.28 1.19
  6   1.18 1.28 1.46 1.68 1.86 1.95 1.95 1.87 1.72 1.52 1.34 1.23 1.22 1.32 1.54 1.78 2.02 2.20 2.26 2.20 2.00 1.73 1.46 1.23
  7   1.12 1.10 1.22 1.49 1.78 2.10 2.32 2.34 2.18 1.85 1.54 1.30 1.18 1.17 1.30 1.56 1.84 2.14 2.32 2.39 2.30 2.02 1.65 1.33
  8   1.06 0.97 1.02 1.26 1.56 1.90 2.16 2.31 2.28 2.06 1.76 1.46 1.16 1.04 1.08 1.30 1.65 1.98 2.28 2.43 2.40 2.22 1.90 1.50
  9   1.16 0.96 0.91 1.06 1.42 1.86 2.30 2.47 2.45 2.28 2.00 1.63 1.26 1.04 0.98 1.12 1.48 1.87 2.17 2.40 2.50 2.41 2.11 1.68
 10   1.28 0.97 0.83 0.90 1.20 1.57 2.02 2.34 2.51 2.49 2.24 1.85 1.42 1.10 0.91 0.94 1.18 1.52 1.94 2.30 2.48 2.49 2.28 1.90
 11   1.44 1.05 0.82 0.80 0.98 1.36 1.80 2.24 2.48 2.54 2.43 2.10 1.68 1.28 1.00 0.90 1.02 1.34 1.74 2.12 2.42 2.52 2.40 2.10
 12   1.62 1.22 0.88 0.76 0.85 1.17 1.56 2.04 2.36 2.54 2.52 2.30 1.90 1.44 1.08 0.88 0.90 1.10 1.47 1.88 2.24 2.46 2.46 2.24
 13   1.84 1.40 1.00 0.79 0.74 0.90 1.30 1.76 2.18 2.47 2.54 2.42 2.09 1.65 1.24 0.96 0.88 0.99 1.27 1.66 2.06 2.33 2.40 2.30
 14   2.00 1.60 1.20 0.90 0.78 0.88 1.16 1.56 1.97 2.34 2.52 2.50 2.25 1.88 1.46 1.14 0.99 0.98 1.16 1.50 1.86 2.15 2.29 2.28
 15   2.08 1.72 1.36 1.03 0.87 0.90 1.10 1.44 1.84 2.19 2.42 2.48 2.34 2.08 1.70 1.35 1.12 1.04 1.10 1.34 1.66 1.97 2.20 2.30
 16   2.22 1.96 1.62 1.30 1.05 0.98 1.10 1.34 1.67 2.02 2.28 2.42 2.42 2.26 1.96 1.62 1.32 1.15 1.14 1.28 1.52 1.80 2.10 2.26
 17   2.28 2.12 1.80 1.50 1.25 1.12 1.12 1.27 1.56 1.86 2.14 2.32 2.39 2.34 2.12 1.84 1.58 1.38 1.30 1.33 1.47 1.68 1.88 2.02
 18   2.07 2.01 1.85 1.65 1.44 1.28 1.23 1.27 1.42 1.64 1.86 2.09 2.20 2.22 2.14 1.98 1.76 1.56 1.42 1.35 1.37 1.48 1.62 1.77
 19   1.90 1.95 1.92 1.82 1.67 1.51 1.40 1.36 1.40 1.55 1.74 1.93 2.10 2.22 2.26 2.21 2.09 1.94 1.79 1.66 1.57 1.54 1.58 1.70
 20   1.84 1.95 2.02 2.02 1.95 1.82 1.68 1.54 1.46 1.45 1.51 1.65 1.82 1.98 2.12 2.20 2.20 2.12 1.96 1.78 1.62 1.50 1.43 1.44
 21   1.52 1.64 1.76 1.86 1.92 1.92 1.85 1.73 1.59 1.46 1.39 1.40 1.48 1.64 1.84 2.04 2.16 2.20 2.14 1.98 1.80 1.60 1.43 1.30
 22   1.29 1.40 1.60 1.80 1.96 2.07 2.10 2.02 1.84 1.63 1.44 1.31 1.27 1.36 1.60 1.86 2.08 2.24 2.29 2.22 2.02 1.78 1.50 1.28
 23   1.16 1.16 1.32 1.60 1.88 2.12 2.27 2.30 2.16 1.90 1.58 1.34 1.20 1.22 1.40 1.68 2.02 2.30 2.48 2.50 2.35 2.01 1.65 1.34
 24   1.14 1.07 1.17 1.46 1.80 2.15 2.46 2.57 2.50 2.26 1.90 1.53 1.20 1.06 1.14 1.37 1.72 2.10 2.44 2.60 2.52 2.24 1.84 1.40
 25   1.06 0.84 0.83 1.04 1.48 1.94 2.34 2.60 2.68 2.52 2.18 1.72 1.30 0.97 0.90 1.05 1.37 1.80 2.24 2.54 2.62 2.48 2.10 1.68
 26   1.20 0.84 0.68 0.76 1.08 1.53 2.05 2.48 2.70 2.69 2.45 2.00 1.50 1.06 0.84 0.84 1.06 1.48 1.98 2.36 2.60 2.64 2.40 2.00
 27   1.48 1.03 0.70 0.65 0.84 1.26 1.78 2.30 2.70 2.83 2.74 2.44 1.98 1.44 1.05 0.82 0.82 1.05 1.48 1.95 2.40 2.62 2.60 2.34
 28   1.92 1.36 0.92 0.64 0.66 0.95 1.38 1.90 2.40 2.72 2.80 2.67 2.32 1.82 1.30 0.98 0.84 0.94 1.20 1.64 2.10 2.42 2.54 2.46
 29   2.16 1.74 1.22 0.86 0.70 0.80 1.10 1.56 2.06 2.52 2.73 2.72 2.54 2.16 1.70 1.26 0.98 0.90 1.02 1.32 1.68 2.08 2.36 2.44
 30   2.30 2.00 1.60 1.20 0.91 0.81 0.94 1.24 1.68 2.08 2.42 2.58 2.54 2.33 1.96 1.60 1.25 1.02 0.96 1.10 1.40 1.74 2.07 2.27
 ----------------------------------------------------------------------------------------------------------------------------
                                                                                               
 ----------------------------------------------------------------------------------------------------------------------------
 ----------------------------------------------------------------------------------------------------------------------------
                                                          SURVEY OF INDIA
                                                    MARINE GEODESY WING (G&RB)
                                                     HOURLY HEIGHTS IN METRES
  NAME OF PORT:- PARADIP                                                                            MONTH MAY       YEAR 2017
 ----------------------------------------------------------------------------------------------------------------------------
 DAYS 0000 0001 0002 0003 0004 0005 0006 0007 0008 0009 0010 0011 0012 0013 0014 0015 0016 0017 0018 0019 0020 0021 0022 0023
 ----------------------------------------------------------------------------------------------------------------------------
  1   2.32 2.18 1.86 1.52 1.20 0.97 0.94 1.05 1.32 1.68 2.04 2.28 2.40 2.37 2.18 1.88 1.56 1.27 1.10 1.08 1.20 1.40 1.63 1.90
  2   2.10 2.15 2.05 1.82 1.55 1.28 1.14 1.13 1.22 1.44 1.72 2.00 2.23 2.33 2.30 2.14 1.90 1.65 1.42 1.28 1.23 1.27 1.42 1.61
  3   1.80 1.94 2.00 1.95 1.78 1.58 1.41 1.29 1.25 1.30 1.44 1.68 1.90 2.08 2.19 2.20 2.12 1.94 1.71 1.50 1.33 1.23 1.24 1.36
  4   1.53 1.71 1.86 1.97 1.98 1.90 1.76 1.60 1.46 1.37 1.37 1.46 1.62 1.81 1.98 2.11 2.16 2.12 2.00 1.80 1.60 1.41 1.29 1.24
  5   1.30 1.45 1.64 1.83 1.98 2.05 2.02 1.90 1.74 1.56 1.42 1.37 1.42 1.56 1.76 1.95 2.10 2.17 2.14 2.01 1.80 1.54 1.32 1.18
  6   1.15 1.23 1.42 1.66 1.89 2.06 2.14 2.10 1.94 1.70 1.48 1.30 1.24 1.31 1.50 1.73 1.96 2.18 2.28 2.25 2.08 1.79 1.45 1.15
  7   1.03 1.04 1.17 1.42 1.75 2.04 2.23 2.29 2.20 2.00 1.75 1.45 1.21 1.14 1.24 1.50 1.77 2.05 2.26 2.32 2.22 1.98 1.67 1.30
  8   1.05 0.96 1.04 1.26 1.59 1.94 2.24 2.39 2.38 2.20 1.90 1.56 1.27 1.08 1.09 1.26 1.56 1.88 2.17 2.32 2.31 2.14 1.84 1.45
  9   1.12 0.93 0.89 1.03 1.38 1.77 2.13 2.39 2.48 2.35 2.07 1.75 1.40 1.12 1.00 1.06 1.30 1.70 2.04 2.28 2.36 2.23 1.96 1.60
 10   1.22 0.90 0.79 0.88 1.19 1.60 1.99 2.36 2.54 2.52 2.30 1.96 1.56 1.22 1.04 1.01 1.18 1.50 1.84 2.15 2.34 2.35 2.17 1.83
 11   1.45 1.08 0.84 0.79 0.99 1.36 1.78 2.18 2.45 2.56 2.46 2.17 1.76 1.40 1.08 0.92 0.98 1.24 1.56 1.93 2.21 2.33 2.24 1.98
 12   1.60 1.19 0.90 0.79 0.84 1.08 1.54 2.05 2.42 2.56 2.54 2.34 1.96 1.56 1.20 1.02 0.97 1.10 1.43 1.80 2.15 2.31 2.31 2.15
 13   1.80 1.40 1.01 0.82 0.80 0.95 1.32 1.74 2.14 2.40 2.49 2.37 2.09 1.74 1.38 1.09 0.97 1.04 1.26 1.58 1.94 2.22 2.32 2.24
 14   1.90 1.50 1.15 0.90 0.82 0.90 1.20 1.55 1.97 2.30 2.48 2.50 2.35 2.00 1.60 1.26 1.06 1.02 1.16 1.43 1.73 2.00 2.18 2.22
 15   2.06 1.74 1.40 1.12 0.94 0.90 1.05 1.41 1.80 2.16 2.41 2.48 2.39 2.15 1.80 1.46 1.22 1.12 1.13 1.30 1.58 1.88 2.15 2.24
 16   2.17 1.95 1.69 1.42 1.21 1.09 1.10 1.30 1.62 1.93 2.22 2.42 2.44 2.30 2.04 1.75 1.50 1.30 1.22 1.28 1.48 1.74 2.00 2.20
 17   2.25 2.15 1.90 1.64 1.40 1.24 1.19 1.26 1.49 1.78 2.08 2.30 2.42 2.40 2.26 2.02 1.77 1.53 1.36 1.32 1.40 1.56 1.76 1.95
 18   2.10 2.12 2.01 1.84 1.64 1.46 1.34 1.32 1.40 1.60 1.84 2.08 2.28 2.37 2.33 2.17 1.96 1.74 1.54 1.39 1.32 1.37 1.54 1.76
 19   1.95 2.07 2.09 2.03 1.90 1.73 1.57 1.47 1.44 1.50 1.65 1.85 2.05 2.22 2.28 2.24 2.12 1.94 1.72 1.53 1.39 1.36 1.42 1.55
 20   1.72 1.87 1.99 2.06 2.05 1.96 1.80 1.64 1.50 1.43 1.43 1.54 1.74 1.94 2.11 2.22 2.25 2.18 2.00 1.73 1.50 1.33 1.26 1.30
 21   1.43 1.62 1.82 2.00 2.12 2.15 2.08 1.92 1.70 1.50 1.37 1.34 1.44 1.64 1.87 2.08 2.22 2.26 2.18 1.96 1.68 1.40 1.20 1.09
 22   1.10 1.24 1.48 1.77 2.04 2.22 2.28 2.19 1.96 1.69 1.40 1.23 1.17 1.27 1.48 1.77 2.04 2.22 2.28 2.18 1.95 1.60 1.26 0.95
 23   0.82 0.88 1.10 1.46 1.83 2.16 2.38 2.42 2.28 1.97 1.58 1.24 1.05 1.01 1.15 1.44 1.81 2.14 2.36 2.41 2.26 1.95 1.55 1.16
 24   0.88 0.78 0.90 1.21 1.67 2.12 2.52 2.67 2.63 2.38 2.00 1.56 1.16 0.95 0.94 1.13 1.52 1.92 2.32 2.52 2.52 2.28 1.92 1.46
 25   1.02 0.76 0.70 0.88 1.32 1.84 2.34 2.72 2.84 2.74 2.45 1.98 1.51 1.08 0.89 0.92 1.18 1.60 2.05 2.43 2.59 2.56 2.26 1.78
 26   1.28 0.88 0.66 0.72 1.02 1.54 2.05 2.55 2.84 2.92 2.76 2.39 1.85 1.36 0.98 0.86 0.97 1.30 1.72 2.14 2.48 2.61 2.50 2.14
 27   1.68 1.17 0.82 0.68 0.84 1.24 1.78 2.26 2.72 2.98 3.00 2.74 2.32 1.84 1.34 1.04 0.95 1.10 1.46 1.96 2.38 2.65 2.70 2.55
 28   2.18 1.72 1.28 0.95 0.88 1.02 1.42 1.93 2.39 2.79 3.00 2.95 2.70 2.27 1.82 1.38 1.13 1.08 1.28 1.65 2.09 2.46 2.66 2.68
 29   2.48 2.12 1.70 1.32 1.12 1.11 1.28 1.66 2.08 2.52 2.85 3.00 2.92 2.65 2.26 1.84 1.50 1.28 1.28 1.50 1.82 2.15 2.46 2.66
 30   2.63 2.41 2.11 1.77 1.50 1.33 1.35 1.56 1.88 2.24 2.64 2.89 2.97 2.88 2.62 2.28 1.90 1.62 1.44 1.42 1.62 1.94 2.26 2.50
 31   2.65 2.66 2.50 2.22 1.90 1.66 1.56 1.59 1.76 2.06 2.36 2.65 2.84 2.89 2.80 2.55 2.26 1.95 1.70 1.57 1.56 1.68 1.90 2.15
 ----------------------------------------------------------------------------------------------------------------------------
                                                                                               
 ----------------------------------------------------------------------------------------------------------------------------
 ----------------------------------------------------------------------------------------------------------------------------
                                                          SURVEY OF INDIA
                                                    MARINE GEODESY WING (G&RB)
                                                     HOURLY HEIGHTS IN METRES
  NAME OF PORT:- PARADIP                                                                            MONTH JUNE      YEAR 2017
 ----------------------------------------------------------------------------------------------------------------------------
 DAYS 0000 0001 0002 0003 0004 0005 0006 0007 0008 0009 0010 0011 0012 0013 0014 0015 0016 0017 0018 0019 0020 0021 0022 0023
 ----------------------------------------------------------------------------------------------------------------------------
  1   2.35 2.46 2.46 2.35 2.16 1.93 1.73 1.62 1.60 1.68 1.88 2.12 2.35 2.50 2.54 2.48 2.33 2.12 1.86 1.62 1.48 1.44 1.51 1.68
  2   1.88 2.05 2.17 2.21 2.15 2.02 1.84 1.69 1.59 1.56 1.63 1.78 2.00 2.20 2.34 2.40 2.37 2.22 1.99 1.76 1.55 1.40 1.36 1.43
  3   1.60 1.80 2.00 2.16 2.25 2.26 2.16 2.00 1.84 1.72 1.66 1.67 1.77 1.95 2.14 2.29 2.38 2.38 2.28 2.07 1.83 1.62 1.46 1.39
  4   1.44 1.59 1.80 2.02 2.20 2.30 2.29 2.19 2.02 1.80 1.60 1.50 1.52 1.64 1.83 2.06 2.26 2.37 2.37 2.25 2.03 1.74 1.52 1.38
  5   1.32 1.38 1.56 1.83 2.10 2.32 2.45 2.45 2.30 2.05 1.80 1.59 1.46 1.44 1.56 1.81 2.06 2.28 2.39 2.37 2.24 2.00 1.72 1.42
  6   1.25 1.25 1.39 1.68 2.01 2.37 2.62 2.70 2.58 2.30 2.00 1.68 1.50 1.44 1.51 1.68 1.93 2.20 2.39 2.45 2.39 2.19 1.90 1.59
  7   1.36 1.25 1.29 1.52 1.88 2.24 2.52 2.69 2.70 2.53 2.22 1.90 1.56 1.40 1.38 1.50 1.75 2.04 2.32 2.50 2.50 2.36 2.08 1.74
  8   1.46 1.25 1.20 1.36 1.70 2.05 2.44 2.70 2.78 2.67 2.40 2.08 1.75 1.51 1.40 1.42 1.60 1.88 2.20 2.46 2.58 2.52 2.28 1.94
  9   1.58 1.30 1.17 1.24 1.52 1.89 2.30 2.65 2.86 2.87 2.71 2.37 2.00 1.68 1.44 1.39 1.54 1.79 2.12 2.42 2.60 2.62 2.50 2.20
 10   1.86 1.50 1.28 1.24 1.42 1.77 2.16 2.57 2.87 3.02 2.95 2.68 2.30 1.90 1.61 1.48 1.52 1.71 2.04 2.38 2.66 2.77 2.70 2.48
 11   2.12 1.77 1.47 1.36 1.40 1.63 2.02 2.41 2.82 3.05 3.05 2.89 2.59 2.21 1.78 1.55 1.48 1.58 1.82 2.15 2.45 2.64 2.70 2.58
 12   2.26 1.93 1.60 1.36 1.28 1.40 1.66 2.04 2.40 2.72 2.83 2.77 2.52 2.16 1.78 1.52 1.37 1.37 1.50 1.83 2.16 2.39 2.51 2.50
 13   2.31 1.94 1.61 1.32 1.19 1.27 1.48 1.81 2.12 2.44 2.66 2.71 2.60 2.32 1.96 1.64 1.44 1.38 1.45 1.64 1.92 2.19 2.37 2.42
 14   2.34 2.12 1.84 1.52 1.32 1.28 1.39 1.62 1.96 2.28 2.56 2.70 2.68 2.50 2.17 1.86 1.58 1.40 1.35 1.46 1.68 1.94 2.20 2.35
 15   2.35 2.22 2.00 1.73 1.50 1.36 1.34 1.46 1.70 1.98 2.27 2.52 2.64 2.58 2.34 2.04 1.74 1.48 1.32 1.31 1.46 1.72 2.02 2.25
 16   2.35 2.31 2.14 1.92 1.70 1.48 1.34 1.32 1.46 1.68 1.95 2.19 2.36 2.41 2.32 2.12 1.88 1.62 1.42 1.32 1.32 1.40 1.59 1.81
 17   1.98 2.09 2.09 1.98 1.80 1.59 1.42 1.31 1.28 1.38 1.64 1.92 2.14 2.27 2.30 2.21 2.00 1.76 1.55 1.37 1.26 1.24 1.34 1.55
 18   1.78 1.98 2.10 2.13 2.07 1.92 1.72 1.54 1.39 1.34 1.42 1.62 1.85 2.06 2.22 2.27 2.20 1.98 1.70 1.46 1.28 1.16 1.14 1.24
 19   1.45 1.71 1.95 2.12 2.17 2.11 1.96 1.77 1.56 1.38 1.31 1.35 1.55 1.84 2.14 2.40 2.52 2.50 2.30 1.98 1.68 1.43 1.30 1.29
 20   1.42 1.66 1.96 2.22 2.43 2.53 2.49 2.33 2.10 1.86 1.63 1.52 1.55 1.72 1.98 2.26 2.50 2.62 2.59 2.40 2.08 1.76 1.48 1.28
 21   1.26 1.40 1.65 1.92 2.20 2.42 2.55 2.55 2.40 2.06 1.70 1.42 1.28 1.33 1.53 1.85 2.18 2.42 2.52 2.45 2.23 1.90 1.54 1.22
 22   1.06 1.06 1.29 1.61 2.04 2.44 2.69 2.78 2.71 2.44 2.04 1.65 1.34 1.20 1.26 1.52 1.86 2.23 2.52 2.63 2.55 2.30 1.94 1.52
 23   1.18 1.02 1.05 1.32 1.78 2.24 2.68 2.94 3.00 2.87 2.52 2.09 1.62 1.30 1.20 1.31 1.57 1.95 2.37 2.68 2.78 2.65 2.30 1.89
 24   1.40 1.08 0.96 1.04 1.40 1.83 2.37 2.78 3.04 3.05 2.84 2.46 1.97 1.49 1.22 1.13 1.24 1.58 2.00 2.40 2.68 2.75 2.60 2.24
 25   1.77 1.34 1.06 0.95 1.10 1.45 1.92 2.40 2.80 3.00 2.97 2.68 2.26 1.75 1.34 1.04 1.00 1.21 1.59 2.03 2.40 2.61 2.64 2.46
 26   2.08 1.68 1.26 1.00 0.94 1.12 1.50 2.00 2.46 2.82 2.96 2.90 2.62 2.14 1.70 1.26 1.06 1.06 1.28 1.66 2.08 2.43 2.60 2.60
 27   2.40 2.06 1.70 1.35 1.05 0.94 1.02 1.40 2.00 2.51 2.82 2.91 2.80 2.50 2.07 1.64 1.30 1.16 1.19 1.43 1.80 2.15 2.46 2.60
 28   2.56 2.35 1.98 1.62 1.33 1.20 1.20 1.39 1.80 2.22 2.58 2.78 2.77 2.56 2.24 1.91 1.58 1.30 1.18 1.28 1.54 1.84 2.16 2.38
 29   2.48 2.42 2.22 1.96 1.70 1.47 1.36 1.40 1.62 1.94 2.26 2.55 2.68 2.62 2.42 2.12 1.80 1.54 1.35 1.30 1.40 1.64 1.90 2.14
 30   2.31 2.37 2.31 2.15 1.94 1.75 1.58 1.48 1.48 1.65 1.92 2.20 2.42 2.51 2.46 2.30 2.04 1.78 1.55 1.40 1.36 1.44 1.62 1.84
 ----------------------------------------------------------------------------------------------------------------------------
                                                                                               
 ----------------------------------------------------------------------------------------------------------------------------
 ----------------------------------------------------------------------------------------------------------------------------
                                                          SURVEY OF INDIA
                                                    MARINE GEODESY WING (G&RB)
                                                     HOURLY HEIGHTS IN METRES
  NAME OF PORT:- PARADIP                                                                            MONTH JULY      YEAR 2017
 ----------------------------------------------------------------------------------------------------------------------------
 DAYS 0000 0001 0002 0003 0004 0005 0006 0007 0008 0009 0010 0011 0012 0013 0014 0015 0016 0017 0018 0019 0020 0021 0022 0023
 ----------------------------------------------------------------------------------------------------------------------------
  1   2.04 2.21 2.29 2.26 2.15 1.96 1.74 1.55 1.45 1.50 1.68 1.90 2.10 2.26 2.35 2.35 2.25 2.06 1.82 1.58 1.41 1.36 1.43 1.60
  2   1.85 2.08 2.24 2.32 2.31 2.20 2.03 1.86 1.73 1.66 1.67 1.75 1.88 2.03 2.17 2.25 2.24 2.15 1.98 1.77 1.55 1.40 1.35 1.42
  3   1.60 1.85 2.08 2.26 2.35 2.35 2.25 2.08 1.89 1.74 1.66 1.65 1.71 1.83 1.96 2.08 2.15 2.15 2.07 1.92 1.74 1.55 1.40 1.35
  4   1.41 1.56 1.80 2.05 2.22 2.31 2.32 2.24 2.06 1.84 1.66 1.55 1.52 1.57 1.69 1.84 1.98 2.06 2.08 2.02 1.87 1.68 1.52 1.40
  5   1.35 1.40 1.54 1.76 2.05 2.25 2.34 2.35 2.27 2.09 1.86 1.63 1.52 1.52 1.60 1.76 1.94 2.12 2.21 2.21 2.11 1.91 1.68 1.46
  6   1.35 1.33 1.41 1.62 1.94 2.25 2.46 2.55 2.50 2.33 2.08 1.81 1.58 1.46 1.44 1.54 1.77 2.03 2.22 2.29 2.27 2.15 1.90 1.60
  7   1.40 1.30 1.30 1.44 1.74 2.08 2.39 2.57 2.61 2.48 2.23 1.93 1.62 1.42 1.37 1.44 1.63 1.91 2.15 2.30 2.33 2.24 2.02 1.73
  8   1.46 1.24 1.19 1.30 1.57 1.94 2.32 2.60 2.70 2.65 2.45 2.10 1.75 1.48 1.33 1.32 1.45 1.76 2.10 2.34 2.43 2.38 2.18 1.90
  9   1.57 1.28 1.12 1.14 1.38 1.72 2.14 2.50 2.70 2.74 2.64 2.31 1.86 1.50 1.28 1.22 1.29 1.52 1.86 2.16 2.38 2.46 2.36 2.08
 10   1.74 1.42 1.17 1.08 1.15 1.44 1.84 2.22 2.58 2.73 2.70 2.50 2.13 1.72 1.38 1.19 1.19 1.36 1.67 2.04 2.32 2.44 2.41 2.25
 11   1.94 1.56 1.25 1.05 1.04 1.25 1.62 2.06 2.46 2.71 2.76 2.59 2.28 1.87 1.49 1.23 1.14 1.23 1.47 1.82 2.14 2.39 2.49 2.40
 12   2.15 1.76 1.43 1.18 1.12 1.20 1.49 1.89 2.28 2.59 2.75 2.71 2.50 2.14 1.75 1.41 1.20 1.18 1.37 1.71 2.03 2.31 2.48 2.50
 13   2.36 2.06 1.70 1.40 1.24 1.22 1.37 1.72 2.12 2.46 2.70 2.76 2.64 2.37 2.00 1.62 1.36 1.24 1.30 1.55 1.88 2.19 2.44 2.55
 14   2.52 2.34 2.02 1.67 1.40 1.28 1.34 1.56 1.89 2.23 2.52 2.69 2.69 2.54 2.24 1.90 1.56 1.35 1.28 1.39 1.65 1.99 2.28 2.46
 15   2.51 2.44 2.24 1.95 1.65 1.48 1.43 1.49 1.70 1.99 2.29 2.55 2.66 2.63 2.45 2.15 1.80 1.48 1.30 1.29 1.45 1.75 2.06 2.35
 16   2.50 2.52 2.43 2.24 2.01 1.76 1.58 1.53 1.60 1.83 2.14 2.42 2.60 2.68 2.63 2.45 2.15 1.85 1.60 1.49 1.51 1.65 1.90 2.15
 17   2.38 2.53 2.58 2.53 2.40 2.19 1.98 1.83 1.79 1.85 2.02 2.25 2.50 2.67 2.72 2.66 2.51 2.28 2.02 1.81 1.70 1.71 1.82 2.02
 18   2.28 2.52 2.70 2.80 2.80 2.68 2.46 2.23 2.05 2.00 2.03 2.14 2.29 2.46 2.62 2.72 2.72 2.60 2.37 2.05 1.70 1.52 1.50 1.62
 19   1.88 2.17 2.43 2.65 2.80 2.84 2.75 2.55 2.27 2.02 1.81 1.74 1.80 1.98 2.17 2.34 2.45 2.47 2.36 2.13 1.84 1.58 1.39 1.30
 20   1.35 1.54 1.85 2.15 2.40 2.55 2.60 2.52 2.28 1.97 1.69 1.46 1.36 1.45 1.68 1.95 2.21 2.37 2.43 2.35 2.13 1.82 1.51 1.30
 21   1.20 1.24 1.44 1.80 2.17 2.53 2.75 2.78 2.65 2.37 2.03 1.64 1.35 1.26 1.33 1.57 1.90 2.20 2.43 2.51 2.41 2.15 1.79 1.44
 22   1.16 1.04 1.11 1.38 1.79 2.24 2.61 2.84 2.87 2.70 2.36 1.93 1.53 1.20 1.10 1.22 1.55 1.96 2.30 2.53 2.57 2.44 2.12 1.73
 23   1.34 1.03 0.93 1.06 1.40 1.85 2.33 2.70 2.92 2.90 2.64 2.21 1.79 1.40 1.16 1.14 1.31 1.66 2.02 2.35 2.56 2.59 2.39 2.03
 24   1.62 1.21 0.94 0.87 1.03 1.41 1.93 2.40 2.76 2.89 2.80 2.49 2.07 1.66 1.30 1.12 1.16 1.40 1.77 2.12 2.45 2.63 2.63 2.45
 25   2.05 1.57 1.22 1.02 1.04 1.24 1.63 2.11 2.52 2.83 2.94 2.84 2.48 1.95 1.52 1.21 1.08 1.18 1.48 1.88 2.25 2.55 2.68 2.62
 26   2.40 2.00 1.53 1.20 1.10 1.19 1.46 1.84 2.28 2.65 2.87 2.89 2.71 2.31 1.80 1.38 1.10 1.04 1.20 1.57 1.99 2.37 2.64 2.72
 27   2.60 2.25 1.85 1.49 1.25 1.18 1.30 1.65 2.06 2.46 2.80 2.92 2.83 2.53 2.12 1.71 1.36 1.16 1.16 1.36 1.70 2.12 2.46 2.63
 28   2.61 2.43 2.10 1.75 1.43 1.28 1.30 1.49 1.79 2.16 2.48 2.69 2.73 2.60 2.32 1.97 1.60 1.34 1.21 1.26 1.48 1.84 2.18 2.43
 29   2.53 2.47 2.28 2.01 1.74 1.50 1.39 1.42 1.62 1.92 2.21 2.42 2.52 2.50 2.34 2.06 1.76 1.51 1.32 1.26 1.37 1.63 1.91 2.18
 30   2.35 2.40 2.34 2.19 1.99 1.77 1.59 1.51 1.55 1.74 1.98 2.21 2.37 2.42 2.35 2.18 1.96 1.74 1.54 1.40 1.37 1.48 1.72 1.98
 31   2.20 2.33 2.35 2.27 2.13 1.96 1.80 1.68 1.62 1.66 1.80 1.97 2.15 2.27 2.31 2.26 2.12 1.93 1.73 1.55 1.47 1.51 1.63 1.80
 ----------------------------------------------------------------------------------------------------------------------------
                                                                                               
 ----------------------------------------------------------------------------------------------------------------------------
 ----------------------------------------------------------------------------------------------------------------------------
                                                          SURVEY OF INDIA
                                                    MARINE GEODESY WING (G&RB)
                                                     HOURLY HEIGHTS IN METRES
  NAME OF PORT:- PARADIP                                                                            MONTH AUGUST    YEAR 2017
 ----------------------------------------------------------------------------------------------------------------------------
 DAYS 0000 0001 0002 0003 0004 0005 0006 0007 0008 0009 0010 0011 0012 0013 0014 0015 0016 0017 0018 0019 0020 0021 0022 0023
 ----------------------------------------------------------------------------------------------------------------------------
  1   1.97 2.13 2.24 2.29 2.27 2.18 2.05 1.91 1.79 1.74 1.76 1.84 1.96 2.08 2.18 2.21 2.18 2.09 1.96 1.80 1.67 1.58 1.56 1.62
  2   1.76 1.94 2.11 2.25 2.33 2.34 2.28 2.16 2.02 1.88 1.78 1.74 1.77 1.85 1.96 2.06 2.12 2.11 2.04 1.93 1.79 1.65 1.58 1.57
  3   1.62 1.73 1.90 2.09 2.28 2.40 2.42 2.33 2.15 1.96 1.80 1.68 1.64 1.68 1.79 1.93 2.07 2.18 2.22 2.19 2.08 1.90 1.70 1.54
  4   1.49 1.54 1.68 1.91 2.15 2.35 2.46 2.49 2.42 2.25 2.02 1.79 1.62 1.54 1.58 1.72 1.92 2.10 2.22 2.26 2.21 2.05 1.82 1.57
  5   1.42 1.37 1.43 1.62 1.91 2.22 2.46 2.60 2.59 2.44 2.20 1.90 1.60 1.43 1.42 1.53 1.74 1.98 2.20 2.34 2.36 2.24 1.98 1.69
  6   1.43 1.26 1.26 1.44 1.73 2.06 2.41 2.64 2.72 2.64 2.38 2.05 1.73 1.47 1.35 1.41 1.61 1.91 2.20 2.42 2.50 2.40 2.17 1.84
  7   1.54 1.30 1.20 1.31 1.58 1.95 2.32 2.66 2.81 2.76 2.55 2.18 1.84 1.53 1.33 1.30 1.45 1.73 2.05 2.32 2.49 2.53 2.37 2.04
  8   1.70 1.41 1.24 1.23 1.40 1.72 2.05 2.41 2.71 2.82 2.69 2.40 2.00 1.60 1.33 1.20 1.26 1.50 1.80 2.14 2.45 2.58 2.51 2.26
  9   1.86 1.51 1.27 1.17 1.26 1.52 1.86 2.25 2.64 2.86 2.85 2.63 2.26 1.80 1.40 1.13 1.06 1.21 1.55 1.98 2.34 2.58 2.64 2.50
 10   2.12 1.71 1.34 1.14 1.09 1.25 1.57 1.99 2.41 2.71 2.82 2.72 2.41 1.98 1.50 1.16 1.00 1.03 1.28 1.69 2.11 2.46 2.63 2.59
 11   2.36 1.93 1.55 1.17 1.01 1.05 1.31 1.70 2.15 2.51 2.72 2.71 2.48 2.12 1.67 1.25 0.97 0.94 1.10 1.45 1.89 2.26 2.52 2.59
 12   2.48 2.17 1.77 1.38 1.10 1.01 1.13 1.42 1.84 2.22 2.53 2.66 2.59 2.34 1.92 1.49 1.13 0.94 0.98 1.20 1.57 2.00 2.35 2.52
 13   2.51 2.35 2.05 1.69 1.38 1.19 1.15 1.30 1.63 2.00 2.35 2.55 2.60 2.48 2.20 1.81 1.45 1.17 1.06 1.14 1.37 1.73 2.09 2.35
 14   2.49 2.49 2.35 2.05 1.72 1.46 1.32 1.31 1.45 1.75 2.06 2.33 2.48 2.49 2.36 2.08 1.75 1.42 1.23 1.18 1.28 1.51 1.82 2.12
 15   2.32 2.43 2.42 2.30 2.04 1.74 1.54 1.44 1.43 1.53 1.75 1.99 2.19 2.31 2.33 2.23 2.02 1.75 1.48 1.29 1.22 1.28 1.48 1.77
 16   2.02 2.24 2.36 2.37 2.26 2.08 1.86 1.67 1.52 1.48 1.54 1.70 1.88 2.06 2.19 2.24 2.19 2.03 1.82 1.60 1.42 1.34 1.35 1.45
 17   1.67 1.90 2.14 2.31 2.41 2.40 2.28 2.08 1.85 1.66 1.55 1.53 1.61 1.79 1.99 2.16 2.24 2.24 2.14 1.93 1.70 1.49 1.36 1.33
 18   1.41 1.60 1.88 2.14 2.39 2.54 2.56 2.47 2.26 2.03 1.78 1.57 1.51 1.59 1.78 2.01 2.24 2.42 2.49 2.42 2.19 1.90 1.60 1.35
 19   1.24 1.35 1.63 1.94 2.27 2.59 2.82 2.86 2.75 2.47 2.10 1.76 1.51 1.41 1.49 1.75 2.07 2.39 2.61 2.67 2.56 2.30 1.96 1.59
 20   1.33 1.25 1.34 1.61 1.96 2.40 2.76 2.96 2.97 2.79 2.37 1.92 1.55 1.29 1.22 1.40 1.75 2.15 2.51 2.73 2.78 2.61 2.23 1.79
 21   1.45 1.20 1.13 1.29 1.64 2.08 2.53 2.90 3.05 2.97 2.66 2.20 1.72 1.31 1.11 1.17 1.43 1.81 2.25 2.59 2.80 2.77 2.51 2.11
 22   1.63 1.25 1.06 1.13 1.44 1.85 2.26 2.68 2.97 3.07 2.94 2.59 2.06 1.59 1.18 1.03 1.12 1.45 1.90 2.39 2.72 2.84 2.75 2.48
 23   2.05 1.57 1.25 1.16 1.30 1.60 2.00 2.45 2.83 3.03 3.03 2.80 2.35 1.81 1.39 1.13 1.09 1.29 1.69 2.19 2.62 2.87 2.89 2.72
 24   2.37 1.91 1.53 1.32 1.26 1.43 1.80 2.20 2.62 2.93 3.06 2.95 2.62 2.16 1.69 1.33 1.16 1.23 1.51 1.94 2.38 2.72 2.89 2.85
 25   2.64 2.24 1.86 1.51 1.34 1.36 1.61 1.97 2.36 2.73 2.92 2.94 2.78 2.43 2.02 1.54 1.23 1.14 1.27 1.65 2.10 2.48 2.75 2.84
 26   2.75 2.50 2.15 1.82 1.57 1.48 1.56 1.80 2.13 2.48 2.75 2.88 2.85 2.64 2.25 1.86 1.56 1.38 1.39 1.62 1.94 2.27 2.57 2.76
 27   2.79 2.64 2.36 2.05 1.78 1.64 1.63 1.74 2.00 2.30 2.57 2.74 2.78 2.67 2.43 2.12 1.83 1.60 1.53 1.59 1.78 2.05 2.34 2.58
 28   2.69 2.67 2.52 2.28 2.04 1.82 1.71 1.72 1.86 2.10 2.34 2.52 2.62 2.62 2.52 2.32 2.06 1.80 1.67 1.68 1.79 1.98 2.20 2.41
 29   2.55 2.60 2.55 2.39 2.20 2.02 1.86 1.78 1.80 1.90 2.06 2.24 2.35 2.39 2.35 2.23 2.07 1.90 1.74 1.66 1.66 1.75 1.90 2.07
 30   2.24 2.35 2.39 2.36 2.27 2.14 2.00 1.88 1.82 1.83 1.89 1.99 2.09 2.17 2.21 2.20 2.13 2.02 1.89 1.77 1.69 1.66 1.69 1.78
 31   1.92 2.07 2.19 2.25 2.26 2.22 2.14 2.04 1.93 1.83 1.76 1.75 1.80 1.88 1.97 2.06 2.11 2.10 2.02 1.90 1.77 1.66 1.60 1.61
 ----------------------------------------------------------------------------------------------------------------------------
                                                                                              
 ----------------------------------------------------------------------------------------------------------------------------
 ----------------------------------------------------------------------------------------------------------------------------
                                                          SURVEY OF INDIA
                                                    MARINE GEODESY WING (G&RB)
                                                     HOURLY HEIGHTS IN METRES
  NAME OF PORT:- PARADIP                                                                            MONTH SEPT      YEAR 2017
 ----------------------------------------------------------------------------------------------------------------------------
 DAYS 0000 0001 0002 0003 0004 0005 0006 0007 0008 0009 0010 0011 0012 0013 0014 0015 0016 0017 0018 0019 0020 0021 0022 0023
 ----------------------------------------------------------------------------------------------------------------------------
  1   1.69 1.84 2.00 2.15 2.27 2.34 2.34 2.26 2.10 1.92 1.76 1.66 1.64 1.71 1.84 1.98 2.10 2.17 2.18 2.10 1.95 1.78 1.63 1.52
  2   1.50 1.58 1.76 1.99 2.20 2.38 2.47 2.45 2.29 2.08 1.86 1.64 1.51 1.49 1.58 1.76 1.96 2.16 2.27 2.27 2.16 1.96 1.72 1.51
  3
  4
  5
  6
  7   1.72 1.31 1.04 0.97 1.11 1.49 1.97 2.40 2.72 2.84 2.74 2.43 1.95 1.46 1.11 0.95 1.00 1.33 1.76 2.22 2.60 2.79 2.77 2.49
  8   2.10 1.58 1.16 0.97 0.96 1.22 1.64 2.10 2.56 2.80 2.81 2.59 2.15 1.68 1.25 0.99 0.91 1.10 1.49 2.00 2.40 2.67 2.77 2.64
  9   2.25 1.84 1.36 1.05 0.92 1.04 1.38 1.87 2.28 2.66 2.80 2.72 2.40 1.96 1.48 1.10 0.92 0.96 1.25 1.63 2.11 2.47 2.71 2.72
 10   2.51 2.15 1.75 1.36 1.13 1.09 1.29 1.67 2.06 2.42 2.64 2.69 2.53 2.20 1.76 1.38 1.08 0.99 1.11 1.42 1.84 2.24 2.56 2.70
 11   2.67 2.45 2.08 1.70 1.37 1.22 1.27 1.46 1.79 2.12 2.41 2.59 2.59 2.41 2.09 1.72 1.42 1.22 1.17 1.30 1.58 1.93 2.28 2.56
 12   2.66 2.60 2.38 2.05 1.70 1.47 1.35 1.39 1.59 1.85 2.12 2.33 2.46 2.45 2.27 2.00 1.69 1.44 1.28 1.28 1.45 1.71 1.97 2.24
 13   2.43 2.51 2.45 2.27 2.06 1.83 1.62 1.51 1.53 1.64 1.81 2.00 2.18 2.28 2.27 2.16 1.96 1.75 1.54 1.40 1.37 1.46 1.64 1.88
 14   2.12 2.28 2.36 2.35 2.26 2.11 1.92 1.72 1.61 1.57 1.59 1.69 1.85 2.01 2.12 2.16 2.11 2.00 1.84 1.68 1.53 1.47 1.51 1.63
 15   1.80 1.98 2.15 2.29 2.37 2.36 2.25 2.08 1.90 1.73 1.61 1.56 1.59 1.71 1.90 2.08 2.19 2.22 2.17 2.05 1.87 1.68 1.53 1.46
 16   1.52 1.68 1.89 2.13 2.33 2.48 2.52 2.43 2.25 2.00 1.74 1.52 1.43 1.46 1.61 1.84 2.09 2.32 2.43 2.38 2.19 1.94 1.67 1.45
 17   1.35 1.38 1.57 1.85 2.15 2.43 2.62 2.69 2.60 2.36 2.02 1.61 1.34 1.23 1.33 1.59 1.95 2.26 2.50 2.58 2.49 2.23 1.89 1.59
 18   1.31 1.22 1.32 1.59 1.94 2.35 2.66 2.85 2.83 2.61 2.24 1.79 1.43 1.21 1.16 1.34 1.67 2.08 2.44 2.66 2.72 2.54 2.19 1.81
 19   1.45 1.19 1.16 1.33 1.65 2.07 2.47 2.80 2.90 2.80 2.48 2.05 1.56 1.20 1.05 1.11 1.40 1.86 2.33 2.69 2.84 2.76 2.49 2.11
 20   1.65 1.29 1.11 1.15 1.41 1.83 2.28 2.67 2.92 2.93 2.74 2.38 1.89 1.47 1.15 1.08 1.25 1.63 2.09 2.57 2.87 2.95 2.78 2.44
 21   2.01 1.56 1.29 1.19 1.34 1.67 2.09 2.55 2.87 2.98 2.89 2.57 2.12 1.63 1.26 1.09 1.14 1.47 1.88 2.35 2.70 2.92 2.90 2.66
 22   2.19 1.76 1.38 1.18 1.18 1.44 1.81 2.27 2.64 2.86 2.86 2.67 2.29 1.83 1.44 1.18 1.12 1.29 1.67 2.11 2.52 2.81 2.89 2.77
 23   2.42 2.03 1.62 1.35 1.25 1.35 1.65 2.01 2.41 2.71 2.82 2.73 2.45 2.05 1.61 1.34 1.22 1.26 1.52 1.92 2.32 2.62 2.79 2.81
 24   2.62 2.26 1.86 1.54 1.33 1.32 1.51 1.85 2.20 2.51 2.69 2.73 2.58 2.26 1.87 1.57 1.37 1.34 1.45 1.76 2.10 2.46 2.73 2.83
 25   2.74 2.51 2.16 1.82 1.56 1.45 1.51 1.71 1.97 2.29 2.53 2.64 2.58 2.38 2.10 1.77 1.50 1.36 1.41 1.62 1.90 2.21 2.48 2.65
 26   2.69 2.56 2.32 2.07 1.81 1.61 1.55 1.65 1.87 2.13 2.35 2.49 2.54 2.45 2.24 1.95 1.65 1.43 1.36 1.47 1.75 2.04 2.31 2.49
 27   2.59 2.57 2.44 2.24 2.02 1.83 1.71 1.69 1.80 2.00 2.19 2.33 2.40 2.39 2.30 2.13 1.93 1.75 1.63 1.63 1.73 1.90 2.10 2.27
 28   2.41 2.49 2.47 2.36 2.20 2.03 1.89 1.79 1.75 1.80 1.92 2.08 2.22 2.30 2.30 2.20 2.05 1.90 1.80 1.74 1.73 1.77 1.88 2.03
 29   2.18 2.29 2.36 2.36 2.29 2.18 2.06 1.94 1.84 1.79 1.80 1.87 1.98 2.08 2.16 2.21 2.20 2.14 2.04 1.92 1.80 1.72 1.72 1.80
 30   1.95 2.09 2.22 2.32 2.37 2.36 2.29 2.18 2.05 1.91 1.81 1.77 1.80 1.89 2.01 2.12 2.21 2.25 2.22 2.12 1.98 1.82 1.70 1.65
 ----------------------------------------------------------------------------------------------------------------------------
                                                                                               
 ----------------------------------------------------------------------------------------------------------------------------
 ----------------------------------------------------------------------------------------------------------------------------
                                                          SURVEY OF INDIA
                                                    MARINE GEODESY WING (G&RB)
                                                     HOURLY HEIGHTS IN METRES
  NAME OF PORT:- PARADIP                                                                            MONTH OCTOBER   YEAR 2017
 ----------------------------------------------------------------------------------------------------------------------------
 DAYS 0000 0001 0002 0003 0004 0005 0006 0007 0008 0009 0010 0011 0012 0013 0014 0015 0016 0017 0018 0019 0020 0021 0022 0023
 ----------------------------------------------------------------------------------------------------------------------------
  1   1.71 1.85 2.02 2.18 2.34 2.44 2.46 2.38 2.22 2.00 1.79 1.64 1.57 1.63 1.78 1.97 2.17 2.33 2.40 2.34 2.19 2.00 1.77 1.60
  2   1.54 1.59 1.77 2.02 2.27 2.48 2.60 2.59 2.44 2.17 1.91 1.64 1.46 1.42 1.56 1.80 2.05 2.32 2.51 2.55 2.44 2.19 1.87 1.61
  3   1.43 1.38 1.49 1.78 2.12 2.43 2.65 2.74 2.66 2.39 2.04 1.67 1.41 1.31 1.37 1.60 1.95 2.29 2.59 2.73 2.70 2.50 2.12 1.76
  4   1.45 1.32 1.36 1.61 1.96 2.37 2.72 2.91 2.91 2.66 2.29 1.83 1.49 1.28 1.24 1.42 1.76 2.18 2.60 2.86 2.91 2.75 2.39 1.97
  5   1.55 1.27 1.21 1.35 1.70 2.16 2.59 2.87 2.97 2.87 2.57 2.08 1.61 1.26 1.13 1.18 1.47 1.92 2.40 2.78 3.00 2.96 2.70 2.25
  6   1.79 1.34 1.13 1.13 1.38 1.81 2.34 2.75 2.98 3.01 2.80 2.40 1.85 1.40 1.07 1.02 1.19 1.59 2.11 2.61 2.95 3.09 2.96 2.59
  7   2.07 1.60 1.22 1.09 1.17 1.51 1.99 2.44 2.81 2.99 2.93 2.60 2.16 1.61 1.19 1.00 1.04 1.32 1.81 2.31 2.77 3.05 3.07 2.81
  8   2.38 1.86 1.45 1.15 1.07 1.24 1.62 2.08 2.49 2.77 2.86 2.72 2.30 1.86 1.38 1.08 0.96 1.07 1.43 1.91 2.38 2.73 2.93 2.89
  9   2.63 2.17 1.70 1.31 1.10 1.06 1.28 1.68 2.06 2.38 2.59 2.62 2.44 2.09 1.64 1.28 1.04 0.95 1.08 1.41 1.91 2.31 2.61 2.73
 10   2.67 2.41 2.05 1.67 1.36 1.15 1.14 1.36 1.71 2.05 2.31 2.48 2.47 2.28 1.96 1.60 1.27 1.08 1.05 1.25 1.59 2.00 2.35 2.60
 11   2.69 2.65 2.45 2.10 1.73 1.43 1.26 1.26 1.45 1.74 2.00 2.25 2.43 2.45 2.32 2.00 1.65 1.39 1.24 1.26 1.46 1.73 2.02 2.26
 12   2.43 2.49 2.43 2.25 2.01 1.77 1.55 1.42 1.42 1.55 1.76 1.96 2.14 2.24 2.25 2.14 1.97 1.77 1.57 1.44 1.43 1.52 1.73 1.97
 13   2.20 2.37 2.44 2.42 2.33 2.16 1.96 1.75 1.59 1.52 1.54 1.65 1.84 2.04 2.18 2.24 2.22 2.12 1.98 1.81 1.63 1.54 1.57 1.68
 14   1.87 2.07 2.28 2.42 2.48 2.45 2.32 2.11 1.88 1.68 1.56 1.53 1.60 1.77 1.97 2.16 2.31 2.37 2.33 2.17 1.97 1.77 1.62 1.56
 15   1.62 1.81 2.04 2.27 2.47 2.59 2.58 2.45 2.21 1.90 1.62 1.46 1.44 1.53 1.74 2.02 2.29 2.48 2.54 2.48 2.30 2.02 1.73 1.52
 16   1.45 1.52 1.75 2.05 2.36 2.60 2.72 2.69 2.52 2.18 1.79 1.50 1.33 1.32 1.51 1.81 2.17 2.51 2.69 2.70 2.55 2.28 1.92 1.61
 17   1.43 1.37 1.50 1.78 2.17 2.49 2.73 2.82 2.73 2.44 2.07 1.66 1.35 1.23 1.30 1.54 1.94 2.37 2.69 2.86 2.84 2.58 2.24 1.86
 18   1.51 1.34 1.37 1.59 1.92 2.33 2.70 2.89 2.92 2.75 2.37 1.92 1.54 1.29 1.24 1.41 1.79 2.22 2.64 2.95 3.05 2.93 2.58 2.15
 19   1.74 1.46 1.35 1.46 1.77 2.21 2.65 2.95 3.07 2.99 2.68 2.28 1.85 1.48 1.32 1.39 1.70 2.16 2.61 3.02 3.26 3.24 2.97 2.57
 20   2.11 1.76 1.53 1.48 1.68 2.06 2.45 2.78 2.99 3.01 2.78 2.42 1.97 1.59 1.30 1.22 1.38 1.72 2.17 2.62 2.89 2.96 2.81 2.49
 21   2.03 1.62 1.32 1.20 1.27 1.54 1.90 2.28 2.58 2.70 2.61 2.33 1.94 1.52 1.19 1.04 1.13 1.40 1.83 2.29 2.72 2.90 2.87 2.65
 22   2.27 1.88 1.52 1.32 1.29 1.47 1.77 2.11 2.46 2.65 2.68 2.52 2.20 1.82 1.47 1.26 1.25 1.45 1.77 2.15 2.52 2.78 2.89 2.82
 23   2.53 2.14 1.79 1.48 1.36 1.41 1.62 1.94 2.29 2.53 2.62 2.56 2.34 1.97 1.63 1.37 1.29 1.37 1.60 1.95 2.31 2.60 2.77 2.79
 24   2.64 2.30 1.97 1.66 1.48 1.44 1.54 1.79 2.09 2.36 2.50 2.52 2.37 2.12 1.83 1.54 1.36 1.33 1.46 1.74 2.07 2.35 2.57 2.67
 25   2.64 2.45 2.13 1.81 1.60 1.51 1.53 1.66 1.90 2.16 2.35 2.42 2.38 2.22 1.98 1.73 1.52 1.43 1.48 1.65 1.89 2.13 2.38 2.55
 26   2.60 2.52 2.32 2.08 1.84 1.68 1.61 1.64 1.77 1.98 2.18 2.31 2.35 2.28 2.13 1.93 1.72 1.59 1.54 1.59 1.74 2.00 2.27 2.43
 27   2.50 2.48 2.38 2.24 2.06 1.90 1.77 1.72 1.75 1.87 2.05 2.20 2.28 2.30 2.25 2.13 1.98 1.86 1.78 1.76 1.81 1.94 2.09 2.25
 28   2.38 2.46 2.46 2.39 2.27 2.14 2.01 1.89 1.82 1.81 1.86 1.97 2.08 2.19 2.25 2.24 2.17 2.06 1.96 1.88 1.84 1.85 1.91 2.03
 29   2.16 2.28 2.37 2.40 2.37 2.29 2.18 2.04 1.91 1.83 1.80 1.82 1.87 1.96 2.08 2.18 2.24 2.24 2.18 2.07 1.94 1.85 1.82 1.85
 30   1.93 2.05 2.19 2.31 2.40 2.42 2.35 2.21 2.04 1.86 1.71 1.63 1.65 1.76 1.95 2.16 2.33 2.43 2.43 2.34 2.16 1.98 1.82 1.72
 31   1.70 1.80 2.00 2.24 2.44 2.57 2.58 2.49 2.27 2.02 1.75 1.55 1.48 1.53 1.72 2.01 2.28 2.52 2.62 2.58 2.42 2.16 1.88 1.65
 ----------------------------------------------------------------------------------------------------------------------------
                                                                                               
 ----------------------------------------------------------------------------------------------------------------------------
 ----------------------------------------------------------------------------------------------------------------------------
                                                          SURVEY OF INDIA
                                                    MARINE GEODESY WING (G&RB)
                                                     HOURLY HEIGHTS IN METRES
  NAME OF PORT:- PARADIP                                                                            MONTH NOVEMBER  YEAR 2017
 ----------------------------------------------------------------------------------------------------------------------------
 DAYS 0000 0001 0002 0003 0004 0005 0006 0007 0008 0009 0010 0011 0012 0013 0014 0015 0016 0017 0018 0019 0020 0021 0022 0023
 ----------------------------------------------------------------------------------------------------------------------------
  1   1.54 1.55 1.70 2.00 2.31 2.57 2.70 2.69 2.53 2.24 1.88 1.58 1.40 1.37 1.51 1.84 2.21 2.55 2.78 2.85 2.74 2.46 2.10 1.73
  2   1.49 1.41 1.52 1.79 2.16 2.55 2.81 2.88 2.76 2.41 2.00 1.62 1.29 1.18 1.26 1.55 1.99 2.46 2.82 3.02 3.00 2.76 2.37 1.92
  3   1.52 1.29 1.29 1.50 1.90 2.32 2.74 2.94 2.94 2.72 2.32 1.84 1.42 1.16 1.11 1.31 1.70 2.20 2.68 3.00 3.13 3.02 2.70 2.20
  4   1.70 1.34 1.19 1.25 1.54 1.93 2.41 2.80 3.00 2.92 2.61 2.12 1.62 1.20 1.03 1.08 1.39 1.84 2.38 2.85 3.14 3.18 3.00 2.60
  5   2.08 1.55 1.21 1.08 1.22 1.60 2.13 2.58 2.87 2.94 2.76 2.35 1.86 1.37 1.04 0.94 1.10 1.52 2.04 2.61 3.02 3.21 3.15 2.86
  6   2.36 1.81 1.38 1.12 1.12 1.35 1.77 2.27 2.68 2.88 2.86 2.57 2.14 1.65 1.24 0.96 0.95 1.23 1.70 2.20 2.73 3.03 3.13 2.99
  7   2.64 2.16 1.69 1.30 1.14 1.20 1.49 1.93 2.32 2.64 2.77 2.71 2.42 1.98 1.54 1.21 1.05 1.12 1.41 1.85 2.35 2.74 2.98 2.98
  8   2.80 2.48 2.05 1.63 1.30 1.17 1.25 1.55 1.93 2.32 2.55 2.62 2.50 2.24 1.87 1.49 1.25 1.17 1.27 1.56 1.95 2.38 2.68 2.82
  9   2.79 2.62 2.30 1.94 1.58 1.37 1.29 1.38 1.61 1.93 2.22 2.39 2.42 2.30 2.07 1.78 1.51 1.34 1.30 1.40 1.63 1.94 2.25 2.50
 10   2.60 2.57 2.44 2.22 1.94 1.65 1.46 1.38 1.44 1.62 1.86 2.08 2.23 2.29 2.24 2.10 1.88 1.66 1.51 1.46 1.51 1.67 1.90 2.13
 11   2.33 2.44 2.46 2.39 2.22 1.99 1.75 1.54 1.44 1.45 1.56 1.73 1.92 2.08 2.18 2.20 2.14 1.99 1.81 1.67 1.61 1.62 1.70 1.86
 12   2.05 2.22 2.33 2.38 2.34 2.22 2.03 1.83 1.66 1.54 1.50 1.54 1.66 1.82 1.99 2.15 2.24 2.24 2.15 1.98 1.80 1.67 1.62 1.64
 13   1.76 1.95 2.14 2.29 2.37 2.38 2.29 2.10 1.88 1.68 1.51 1.44 1.46 1.60 1.82 2.06 2.26 2.38 2.38 2.28 2.10 1.89 1.68 1.56
 14   1.55 1.66 1.86 2.10 2.32 2.45 2.47 2.36 2.13 1.85 1.60 1.40 1.31 1.39 1.61 1.90 2.18 2.43 2.55 2.53 2.37 2.14 1.86 1.61
 15   1.48 1.47 1.62 1.87 2.14 2.39 2.53 2.53 2.37 2.12 1.80 1.49 1.28 1.28 1.49 1.78 2.13 2.44 2.68 2.74 2.65 2.42 2.10 1.79
 16   1.56 1.48 1.58 1.81 2.10 2.37 2.62 2.73 2.67 2.44 2.07 1.73 1.47 1.33 1.36 1.60 1.94 2.32 2.65 2.87 2.88 2.68 2.32 1.94
 17   1.60 1.38 1.33 1.48 1.79 2.15 2.44 2.64 2.68 2.53 2.18 1.80 1.40 1.17 1.13 1.30 1.64 2.06 2.49 2.78 2.91 2.82 2.53 2.10
 18   1.72 1.42 1.28 1.32 1.54 1.88 2.27 2.54 2.66 2.57 2.30 1.93 1.52 1.24 1.11 1.18 1.45 1.85 2.28 2.59 2.80 2.83 2.63 2.26
 19   1.82 1.45 1.24 1.19 1.37 1.66 2.06 2.41 2.60 2.65 2.50 2.17 1.72 1.35 1.11 1.08 1.26 1.61 2.06 2.50 2.80 2.89 2.78 2.48
 20   2.08 1.66 1.34 1.18 1.22 1.45 1.80 2.15 2.45 2.57 2.49 2.25 1.86 1.47 1.15 1.04 1.11 1.39 1.77 2.14 2.54 2.77 2.82 2.68
 21   2.29 1.82 1.46 1.23 1.16 1.29 1.57 1.93 2.24 2.45 2.50 2.37 2.08 1.67 1.34 1.12 1.09 1.24 1.59 1.99 2.40 2.69 2.79 2.70
 22   2.44 2.06 1.70 1.39 1.25 1.26 1.45 1.75 2.10 2.35 2.47 2.42 2.21 1.90 1.56 1.29 1.17 1.22 1.43 1.76 2.14 2.45 2.64 2.67
 23   2.54 2.25 1.89 1.57 1.36 1.28 1.35 1.55 1.86 2.13 2.32 2.37 2.26 2.01 1.70 1.45 1.27 1.22 1.32 1.57 1.91 2.24 2.50 2.62
 24   2.58 2.41 2.15 1.82 1.54 1.36 1.34 1.46 1.68 1.94 2.16 2.26 2.26 2.14 1.90 1.68 1.48 1.36 1.37 1.49 1.72 2.02 2.28 2.44
 25   2.49 2.43 2.24 1.99 1.73 1.50 1.40 1.42 1.52 1.72 1.94 2.12 2.20 2.20 2.10 1.92 1.71 1.56 1.50 1.52 1.64 1.84 2.05 2.25
 26   2.40 2.45 2.41 2.25 2.03 1.80 1.62 1.53 1.54 1.64 1.80 1.98 2.12 2.19 2.18 2.10 1.96 1.81 1.70 1.66 1.68 1.77 1.92 2.09
 27   2.25 2.36 2.39 2.33 2.17 1.98 1.80 1.66 1.60 1.60 1.66 1.77 1.92 2.07 2.18 2.21 2.15 2.04 1.92 1.78 1.68 1.66 1.71 1.83
 28   2.00 2.19 2.31 2.35 2.31 2.19 2.00 1.81 1.64 1.54 1.51 1.54 1.67 1.86 2.05 2.20 2.28 2.28 2.18 2.03 1.86 1.72 1.65 1.67
 29   1.77 1.95 2.14 2.30 2.38 2.36 2.25 2.04 1.76 1.54 1.38 1.33 1.39 1.58 1.83 2.10 2.30 2.41 2.40 2.28 2.08 1.81 1.59 1.48
 30   1.48 1.64 1.89 2.14 2.33 2.43 2.42 2.28 2.00 1.68 1.40 1.22 1.19 1.33 1.59 1.94 2.28 2.54 2.64 2.59 2.36 2.05 1.71 1.45
 ----------------------------------------------------------------------------------------------------------------------------
                                                                                               
 ----------------------------------------------------------------------------------------------------------------------------
 ----------------------------------------------------------------------------------------------------------------------------
                                                          SURVEY OF INDIA
                                                    MARINE GEODESY WING (G&RB)
                                                     HOURLY HEIGHTS IN METRES
  NAME OF PORT:- PARADIP                                                                            MONTH DECEMBER  YEAR 2017
 ----------------------------------------------------------------------------------------------------------------------------
 DAYS 0000 0001 0002 0003 0004 0005 0006 0007 0008 0009 0010 0011 0012 0013 0014 0015 0016 0017 0018 0019 0020 0021 0022 0023
 ----------------------------------------------------------------------------------------------------------------------------
  1   1.32 1.35 1.53 1.85 2.15 2.43 2.55 2.52 2.29 1.95 1.50 1.17 1.02 1.06 1.33 1.70 2.16 2.51 2.76 2.82 2.67 2.36 1.95 1.55
  2   1.28 1.20 1.31 1.60 1.97 2.37 2.60 2.66 2.55 2.25 1.85 1.42 1.08 0.93 1.00 1.32 1.78 2.29 2.72 2.97 2.99 2.81 2.43 1.94
  3   1.49 1.19 1.12 1.26 1.57 2.02 2.41 2.66 2.72 2.56 2.22 1.70 1.27 0.96 0.88 1.03 1.42 1.94 2.44 2.87 3.06 3.02 2.76 2.31
  4   1.77 1.33 1.08 1.05 1.25 1.65 2.11 2.49 2.73 2.78 2.51 2.07 1.56 1.13 0.88 0.84 1.09 1.53 2.06 2.60 2.94 3.10 2.99 2.64
  5   2.12 1.59 1.20 1.00 1.04 1.29 1.73 2.17 2.53 2.69 2.66 2.37 1.93 1.43 1.02 0.86 0.88 1.16 1.60 2.15 2.65 2.96 3.04 2.88
  6   2.50 2.02 1.49 1.14 0.98 1.04 1.36 1.81 2.21 2.53 2.66 2.56 2.24 1.83 1.38 1.05 0.92 1.02 1.30 1.74 2.26 2.70 2.97 2.94
  7   2.72 2.34 1.84 1.43 1.10 1.00 1.12 1.44 1.84 2.22 2.48 2.57 2.44 2.12 1.73 1.34 1.10 1.03 1.15 1.45 1.87 2.29 2.62 2.82
  8   2.82 2.62 2.25 1.83 1.47 1.22 1.15 1.27 1.52 1.88 2.20 2.41 2.46 2.36 2.10 1.76 1.49 1.32 1.28 1.38 1.68 2.03 2.40 2.70
  9   2.84 2.85 2.71 2.32 1.97 1.68 1.47 1.42 1.55 1.79 2.05 2.26 2.39 2.42 2.32 2.14 1.91 1.68 1.52 1.47 1.58 1.81 2.05 2.31
 10   2.43 2.45 2.38 2.22 1.95 1.66 1.43 1.27 1.22 1.32 1.54 1.78 2.00 2.14 2.18 2.13 2.00 1.81 1.59 1.44 1.39 1.44 1.59 1.86
 11   2.23 2.42 2.50 2.48 2.35 2.15 1.92 1.65 1.49 1.43 1.48 1.62 1.82 2.03 2.23 2.33 2.32 2.23 2.08 1.90 1.75 1.66 1.67 1.76
 12   1.93 2.12 2.28 2.36 2.37 2.28 2.11 1.90 1.68 1.50 1.42 1.44 1.54 1.75 1.96 2.15 2.26 2.29 2.25 2.12 1.90 1.70 1.59 1.56
 13   1.61 1.75 1.95 2.12 2.24 2.27 2.21 2.06 1.85 1.60 1.40 1.31 1.33 1.46 1.72 1.97 2.21 2.39 2.44 2.37 2.20 1.96 1.74 1.55
 14   1.49 1.54 1.68 1.87 2.08 2.24 2.30 2.24 2.05 1.80 1.52 1.33 1.27 1.34 1.55 1.85 2.13 2.41 2.57 2.56 2.42 2.17 1.89 1.64
 15   1.48 1.44 1.54 1.74 2.00 2.23 2.37 2.39 2.28 2.06 1.73 1.45 1.26 1.21 1.32 1.56 1.92 2.27 2.53 2.65 2.63 2.46 2.14 1.82
 16   1.55 1.40 1.38 1.51 1.78 2.05 2.29 2.40 2.37 2.19 1.91 1.58 1.30 1.18 1.20 1.39 1.74 2.08 2.44 2.65 2.70 2.59 2.30 1.95
 17   1.62 1.37 1.26 1.33 1.53 1.81 2.12 2.34 2.42 2.32 2.05 1.72 1.39 1.18 1.11 1.23 1.49 1.89 2.29 2.63 2.80 2.78 2.56 2.24
 18   1.80 1.47 1.29 1.29 1.45 1.73 2.08 2.36 2.48 2.44 2.24 1.91 1.57 1.28 1.13 1.15 1.36 1.71 2.13 2.49 2.77 2.82 2.69 2.41
 19   2.00 1.58 1.32 1.20 1.27 1.53 1.84 2.15 2.36 2.41 2.30 2.05 1.69 1.34 1.10 1.04 1.20 1.51 1.91 2.33 2.63 2.74 2.68 2.44
 20   2.08 1.66 1.33 1.15 1.16 1.33 1.65 1.98 2.25 2.39 2.35 2.16 1.86 1.48 1.15 1.00 1.04 1.29 1.64 2.08 2.45 2.67 2.72 2.58
 21   2.24 1.86 1.48 1.21 1.11 1.17 1.45 1.77 2.10 2.30 2.37 2.27 2.00 1.65 1.29 1.07 1.00 1.13 1.43 1.84 2.22 2.53 2.67 2.62
 22   2.42 2.07 1.71 1.39 1.21 1.17 1.32 1.61 1.91 2.16 2.29 2.28 2.15 1.87 1.56 1.28 1.13 1.15 1.33 1.65 2.03 2.34 2.54 2.60
 23   2.52 2.25 1.91 1.56 1.30 1.20 1.24 1.45 1.72 2.01 2.21 2.31 2.27 2.11 1.84 1.56 1.34 1.27 1.34 1.57 1.88 2.18 2.42 2.56
 24   2.57 2.42 2.16 1.83 1.52 1.33 1.28 1.35 1.57 1.84 2.09 2.24 2.29 2.22 2.01 1.75 1.50 1.35 1.33 1.42 1.64 1.91 2.19 2.40
 25   2.50 2.45 2.23 1.96 1.70 1.45 1.32 1.30 1.41 1.62 1.86 2.06 2.22 2.27 2.20 2.00 1.76 1.57 1.45 1.43 1.51 1.71 1.96 2.19
 26   2.34 2.40 2.33 2.15 1.91 1.66 1.45 1.34 1.33 1.43 1.62 1.87 2.08 2.20 2.22 2.14 2.00 1.82 1.65 1.55 1.52 1.58 1.73 1.94
 27   2.12 2.25 2.30 2.23 2.07 1.88 1.66 1.46 1.32 1.29 1.37 1.54 1.75 1.97 2.12 2.18 2.15 2.04 1.88 1.72 1.58 1.51 1.54 1.65
 28   1.82 2.02 2.18 2.25 2.21 2.06 1.85 1.62 1.42 1.29 1.26 1.33 1.50 1.75 2.00 2.22 2.34 2.35 2.24 2.02 1.81 1.61 1.48 1.47
 29   1.58 1.78 2.00 2.18 2.28 2.27 2.15 1.93 1.66 1.40 1.22 1.17 1.24 1.44 1.73 2.01 2.28 2.42 2.44 2.34 2.11 1.85 1.56 1.39
 30   1.35 1.44 1.62 1.88 2.13 2.29 2.29 2.16 1.91 1.61 1.28 1.08 1.03 1.15 1.42 1.77 2.14 2.45 2.60 2.61 2.45 2.14 1.76 1.44
 31   1.23 1.19 1.30 1.59 1.91 2.20 2.36 2.39 2.25 1.96 1.58 1.23 0.97 0.90 1.04 1.37 1.80 2.23 2.60 2.76 2.74 2.53 2.16 1.76
 ----------------------------------------------------------------------------------------------------------------------------
                                                                                               
 ----------------------------------------------------------------------------------------------------------------------------
 ----------------------------------------------------------------------------------------------------------------------------
