                                                          SURVEY OF INDIA
                                                    MARINE GEODESY WING (G&RB)
                                                     HOURLY HEIGHTS IN METRES
  NAME OF PORT:- PORBANDAR                                                                          MONTH JANUARY   YEAR 2021
 ----------------------------------------------------------------------------------------------------------------------------
 DAYS 0000 0001 0002 0003 0004 0005 0006 0007 0008 0009 0010 0011 0012 0013 0014 0015 0016 0017 0018 0019 0020 0021 0022 0023
 ----------------------------------------------------------------------------------------------------------------------------
  1   3.02 3.06 2.90 2.56 2.22 1.86 1.78 1.83 1.98 2.26 2.58 2.70 2.68 2.46 2.06 1.60 1.10 0.80 0.68 0.78 1.06 1.62 2.21 2.66
  2   2.98 3.09 3.06 2.78 2.40 2.10 1.84 1.72 1.82 2.04 2.34 2.58 2.65 2.56 2.30 1.90 1.40 1.02 0.80 0.76 0.96 1.32 1.82 2.38
  3   2.78 3.02 3.08 2.94 2.64 2.24 1.92 1.72 1.64 1.74 2.04 2.34 2.52 2.56 2.42 2.18 1.80 1.40 1.08 0.90 0.94 1.18 1.52 2.08
  4   2.56 2.86 3.04 3.06 2.86 2.48 2.12 1.84 1.66 1.64 1.80 2.08 2.32 2.48 2.51 2.40 2.12 1.80 1.50 1.26 1.12 1.18 1.44 1.78
  5   2.26 2.64 2.90 3.02 2.96 2.76 2.34 1.96 1.66 1.52 1.51 1.64 1.93 2.20 2.34 2.37 2.30 2.10 1.83 1.58 1.38 1.31 1.38 1.62
  6   1.98 2.38 2.70 2.89 2.95 2.83 2.56 2.16 1.82 1.52 1.38 1.36 1.50 1.76 2.00 2.19 2.30 2.28 2.16 1.97 1.76 1.63 1.59 1.64
  7   1.84 2.15 2.48 2.74 2.88 2.89 2.72 2.44 2.08 1.70 1.42 1.25 1.22 1.36 1.64 1.90 2.12 2.32 2.41 2.36 2.20 2.04 1.92 1.84
  8   1.86 2.00 2.22 2.48 2.70 2.84 2.84 2.66 2.34 1.96 1.58 1.24 1.06 1.01 1.14 1.46 1.78 2.10 2.38 2.52 2.52 2.44 2.28 2.14
  9   2.02 2.00 2.08 2.28 2.52 2.70 2.78 2.74 2.56 2.26 1.82 1.42 1.08 0.88 0.82 1.00 1.36 1.78 2.20 2.50 2.68 2.74 2.64 2.42
 10   2.20 2.07 2.01 2.06 2.22 2.44 2.63 2.74 2.70 2.52 2.20 1.76 1.28 0.90 0.68 0.66 0.88 1.30 1.82 2.28 2.72 2.95 2.98 2.86
 11   2.64 2.36 2.12 2.04 2.08 2.20 2.42 2.65 2.76 2.73 2.52 2.18 1.66 1.16 0.74 0.52 0.50 0.80 1.30 1.90 2.42 2.82 3.02 3.00
 12   2.82 2.54 2.24 1.98 1.84 1.85 2.00 2.30 2.58 2.70 2.68 2.42 2.02 1.52 0.96 0.55 0.36 0.46 0.88 1.40 2.06 2.60 2.98 3.10
 13   3.06 2.86 2.50 2.14 1.90 1.78 1.82 1.99 2.32 2.62 2.75 2.68 2.42 2.00 1.42 0.90 0.54 0.42 0.60 1.04 1.62 2.28 2.80 3.10
 14   3.18 3.06 2.78 2.36 2.02 1.74 1.66 1.74 2.02 2.38 2.67 2.77 2.66 2.36 1.90 1.34 0.82 0.54 0.50 0.76 1.22 1.82 2.44 2.90
 15   3.12 3.10 2.92 2.62 2.18 1.82 1.62 1.60 1.72 2.04 2.38 2.62 2.66 2.52 2.20 1.70 1.18 0.76 0.59 0.64 0.98 1.44 2.05 2.60
 16   2.94 3.06 3.00 2.76 2.34 1.94 1.65 1.48 1.50 1.70 2.08 2.38 2.54 2.54 2.40 2.02 1.56 1.16 0.88 0.80 0.94 1.30 1.80 2.40
 17   2.80 3.02 3.08 2.96 2.62 2.22 1.90 1.62 1.53 1.62 1.86 2.18 2.42 2.54 2.50 2.30 1.92 1.56 1.24 1.09 1.10 1.30 1.66 2.18
 18   2.62 2.88 3.00 2.96 2.70 2.32 1.98 1.68 1.48 1.46 1.58 1.84 2.28 2.60 2.74 2.64 2.23 1.82 1.54 1.34 1.26 1.34 1.58 1.92
 19   2.36 2.70 2.86 2.90 2.78 2.50 2.16 1.82 1.60 1.49 1.50 1.64 1.88 2.08 2.22 2.26 2.20 2.02 1.82 1.66 1.56 1.54 1.66 1.90
 20   2.22 2.51 2.76 2.84 2.78 2.58 2.30 2.00 1.74 1.52 1.44 1.50 1.64 1.84 2.02 2.17 2.22 2.19 2.10 1.98 1.86 1.82 1.86 1.96
 21   2.14 2.40 2.64 2.76 2.76 2.67 2.48 2.20 1.90 1.66 1.50 1.44 1.46 1.56 1.76 1.94 2.08 2.18 2.20 2.16 2.06 1.98 1.94 1.96
 22   2.06 2.22 2.42 2.56 2.62 2.60 2.48 2.26 2.02 1.76 1.56 1.40 1.32 1.36 1.48 1.66 1.84 2.02 2.18 2.28 2.28 2.22 2.16 2.12
 23   2.10 2.14 2.26 2.38 2.50 2.54 2.48 2.34 2.16 1.92 1.68 1.42 1.26 1.18 1.22 1.36 1.56 1.82 2.11 2.30 2.40 2.44 2.40 2.30
 24   2.18 2.13 2.14 2.20 2.30 2.40 2.45 2.42 2.30 2.10 1.86 1.60 1.32 1.16 1.10 1.16 1.36 1.66 2.00 2.30 2.50 2.62 2.63 2.52
 25   2.36 2.22 2.14 2.12 2.18 2.28 2.38 2.44 2.40 2.28 2.06 1.78 1.44 1.18 0.98 0.92 1.04 1.30 1.74 2.08 2.40 2.62 2.68 2.60
 26   2.44 2.26 2.10 1.98 1.96 2.04 2.18 2.30 2.38 2.36 2.18 1.90 1.58 1.18 0.86 0.70 0.71 0.94 1.34 1.78 2.22 2.56 2.76 2.76
 27   2.61 2.38 2.14 1.92 1.82 1.84 1.98 2.19 2.36 2.44 2.40 2.20 1.84 1.40 1.02 0.74 0.62 0.74 1.08 1.52 2.04 2.45 2.82 2.93
 28   2.84 2.60 2.30 2.02 1.84 1.78 1.86 2.04 2.32 2.53 2.57 2.44 2.10 1.73 1.28 0.84 0.60 0.56 0.78 1.16 1.66 2.24 2.68 2.92
 29   2.94 2.80 2.50 2.15 1.86 1.68 1.67 1.82 2.14 2.44 2.62 2.66 2.50 2.10 1.66 1.14 0.76 0.56 0.60 0.92 1.40 2.02 2.58 2.92
 30   3.06 2.98 2.76 2.36 1.96 1.70 1.60 1.66 1.88 2.26 2.57 2.74 2.68 2.42 2.00 1.50 1.00 0.68 0.58 0.76 1.14 1.70 2.32 2.80
 31   3.06 3.10 2.94 2.58 2.12 1.74 1.50 1.44 1.58 1.92 2.33 2.60 2.72 2.66 2.36 1.90 1.40 0.94 0.72 0.74 0.98 1.40 2.00 2.60
 ----------------------------------------------------------------------------------------------------------------------------
                                                                                               
 ----------------------------------------------------------------------------------------------------------------------------
 ----------------------------------------------------------------------------------------------------------------------------
                                                          SURVEY OF INDIA
                                                    MARINE GEODESY WING (G&RB)
                                                     HOURLY HEIGHTS IN METRES
  NAME OF PORT:- PORBANDAR                                                                          MONTH FEBRUARY  YEAR 2021
 ----------------------------------------------------------------------------------------------------------------------------
 DAYS 0000 0001 0002 0003 0004 0005 0006 0007 0008 0009 0010 0011 0012 0013 0014 0015 0016 0017 0018 0019 0020 0021 0022 0023
 ----------------------------------------------------------------------------------------------------------------------------
  1   3.06 3.16 3.06 2.80 2.36 1.84 1.48 1.30 1.33 1.52 1.96 2.34 2.60 2.68 2.54 2.22 1.80 1.34 1.00 0.86 0.94 1.26 1.68 2.28
  2   2.80 3.06 3.08 2.94 2.62 2.10 1.64 1.34 1.19 1.26 1.50 1.92 2.30 2.54 2.60 2.46 2.16 1.80 1.42 1.20 1.12 1.24 1.58 2.04
  3   2.54 2.88 3.06 3.02 2.80 2.40 1.90 1.50 1.22 1.12 1.22 1.48 1.90 2.26 2.48 2.54 2.42 2.20 1.90 1.64 1.48 1.46 1.62 1.88
  4   2.26 2.70 2.97 3.03 2.89 2.60 2.20 1.74 1.38 1.10 1.02 1.12 1.42 1.80 2.10 2.30 2.38 2.34 2.16 1.96 1.80 1.68 1.66 1.78
  5   2.00 2.34 2.62 2.76 2.78 2.66 2.38 1.96 1.56 1.22 1.00 0.94 1.04 1.30 1.63 1.92 2.19 2.34 2.38 2.30 2.16 2.04 1.96 1.94
  6   1.99 2.16 2.40 2.60 2.69 2.68 2.54 2.28 1.94 1.52 1.20 0.98 0.88 0.96 1.20 1.54 1.86 2.16 2.40 2.50 2.48 2.40 2.28 2.16
  7   2.08 2.07 2.14 2.30 2.46 2.56 2.57 2.47 2.26 1.92 1.58 1.24 0.98 0.84 0.90 1.10 1.44 1.86 2.22 2.52 2.72 2.75 2.66 2.50
  8   2.32 2.18 2.10 2.12 2.26 2.40 2.53 2.58 2.52 2.36 2.06 1.70 1.34 0.98 0.82 0.86 1.06 1.42 1.90 2.35 2.70 2.90 2.92 2.80
  9   2.56 2.30 2.10 1.96 1.95 2.06 2.28 2.46 2.57 2.56 2.42 2.08 1.64 1.22 0.88 0.68 0.72 1.00 1.44 2.02 2.50 2.86 3.04 3.00
 10   2.82 2.54 2.22 1.96 1.84 1.84 2.00 2.28 2.52 2.68 2.66 2.48 2.14 1.66 1.18 0.80 0.64 0.74 1.10 1.56 2.18 2.70 3.02 3.12
 11   3.04 2.80 2.41 2.04 1.80 1.68 1.74 1.96 2.30 2.60 2.77 2.72 2.48 2.06 1.60 1.10 0.76 0.68 0.90 1.28 1.84 2.42 2.90 3.14
 12   3.15 2.98 2.64 2.22 1.87 1.64 1.60 1.72 2.02 2.40 2.68 2.78 2.68 2.40 1.96 1.44 1.02 0.78 0.80 1.08 1.54 2.14 2.70 3.04
 13   3.18 3.10 2.84 2.44 2.00 1.68 1.50 1.54 1.74 2.12 2.48 2.74 2.78 2.62 2.28 1.84 1.36 1.04 0.92 1.04 1.40 1.90 2.48 2.95
 14   3.15 3.18 2.98 2.64 2.20 1.78 1.49 1.45 1.55 1.82 2.24 2.56 2.74 2.74 2.50 2.14 1.70 1.30 1.10 1.08 1.30 1.68 2.20 2.74
 15   3.04 3.10 3.02 2.76 2.34 1.90 1.58 1.38 1.39 1.58 1.94 2.32 2.70 2.75 2.62 2.32 1.98 1.65 1.34 1.20 1.30 1.62 2.04 2.49
 16   2.88 3.04 2.98 2.76 2.42 1.98 1.60 1.36 1.30 1.40 1.66 2.04 2.52 2.90 2.90 2.70 2.32 1.82 1.54 1.42 1.44 1.62 1.90 2.32
 17   2.70 2.90 2.92 2.78 2.54 2.16 1.72 1.46 1.34 1.35 1.52 1.80 2.12 2.35 2.46 2.43 2.30 2.10 1.86 1.68 1.62 1.70 1.96 2.24
 18   2.54 2.77 2.85 2.80 2.62 2.30 1.92 1.62 1.42 1.32 1.38 1.58 1.84 2.12 2.30 2.38 2.35 2.24 2.06 1.90 1.82 1.82 1.90 2.10
 19   2.38 2.62 2.72 2.74 2.64 2.42 2.12 1.82 1.59 1.42 1.39 1.48 1.68 1.90 2.10 2.29 2.38 2.37 2.29 2.18 2.10 2.06 2.07 2.16
 20   2.32 2.50 2.62 2.66 2.62 2.46 2.24 2.00 1.74 1.54 1.42 1.38 1.44 1.60 1.82 2.04 2.19 2.29 2.33 2.31 2.28 2.24 2.20 2.18
 21   2.22 2.34 2.46 2.52 2.54 2.48 2.34 2.14 1.93 1.70 1.52 1.40 1.36 1.42 1.56 1.76 1.95 2.16 2.34 2.43 2.45 2.42 2.37 2.31
 22   2.26 2.24 2.28 2.36 2.42 2.44 2.42 2.32 2.14 1.94 1.74 1.54 1.36 1.29 1.33 1.46 1.70 1.98 2.24 2.44 2.58 2.63 2.56 2.44
 23   2.30 2.20 2.14 2.16 2.24 2.34 2.40 2.42 2.36 2.19 1.98 1.72 1.42 1.22 1.16 1.20 1.36 1.70 2.08 2.39 2.68 2.82 2.82 2.70
 24   2.50 2.26 2.11 2.05 2.08 2.18 2.34 2.46 2.52 2.46 2.28 2.00 1.60 1.30 1.08 0.99 1.06 1.34 1.74 2.18 2.58 2.86 2.94 2.86
 25   2.66 2.38 2.12 1.96 1.88 1.90 2.10 2.34 2.50 2.56 2.48 2.26 1.90 1.48 1.12 0.88 0.82 0.98 1.34 1.80 2.36 2.72 2.94 2.96
 26   2.82 2.52 2.14 1.86 1.70 1.68 1.82 2.14 2.44 2.64 2.70 2.56 2.22 1.80 1.36 0.98 0.76 0.78 1.06 1.48 2.06 2.60 2.92 3.06
 27   2.98 2.70 2.30 1.86 1.56 1.44 1.54 1.80 2.20 2.52 2.76 2.78 2.56 2.16 1.66 1.18 0.80 0.68 0.80 1.18 1.70 2.34 2.81 3.08
 28
 ----------------------------------------------------------------------------------------------------------------------------
                                                                                               
 ----------------------------------------------------------------------------------------------------------------------------
 ----------------------------------------------------------------------------------------------------------------------------
                                                          SURVEY OF INDIA
                                                    MARINE GEODESY WING (G&RB)
                                                     HOURLY HEIGHTS IN METRES
  NAME OF PORT:- PORBANDAR                                                                          MONTH MARCH     YEAR 2021
 ----------------------------------------------------------------------------------------------------------------------------
 DAYS 0000 0001 0002 0003 0004 0005 0006 0007 0008 0009 0010 0011 0012 0013 0014 0015 0016 0017 0018 0019 0020 0021 0022 0023
 ----------------------------------------------------------------------------------------------------------------------------
  1
  2
  3
  4
  5
  6
  7
  8
  9
 10
 11
 12
 13
 14
 15
 16
 17
 18
 19
 20
 21
 22
 23
 24
 25
 26
 27
 28
 29
 30
 31
 ----------------------------------------------------------------------------------------------------------------------------
                                                          SURVEY OF INDIA
                                                    MARINE GEODESY WING (G&RB)
                                                     HOURLY HEIGHTS IN METRES
  NAME OF PORT:- PORBANDAR                                                                          MONTH APRIL     YEAR 2021
 ----------------------------------------------------------------------------------------------------------------------------
 DAYS 0000 0001 0002 0003 0004 0005 0006 0007 0008 0009 0010 0011 0012 0013 0014 0015 0016 0017 0018 0019 0020 0021 0022 0023
 ----------------------------------------------------------------------------------------------------------------------------
  1
  2
  3
  4
  5
  6
  7
  8
  9
 10
 11
 12
 13
 14
 15
 16
 17
 18
 19
 20
 21
 22
 23
 24
 25
 26
 27
 28
 29
 30
 ----------------------------------------------------------------------------------------------------------------------------
                                                          SURVEY OF INDIA
                                                    MARINE GEODESY WING (G&RB)
                                                     HOURLY HEIGHTS IN METRES
  NAME OF PORT:- PORBANDAR                                                                          MONTH MAY       YEAR 2021
 ----------------------------------------------------------------------------------------------------------------------------
 DAYS 0000 0001 0002 0003 0004 0005 0006 0007 0008 0009 0010 0011 0012 0013 0014 0015 0016 0017 0018 0019 0020 0021 0022 0023
 ----------------------------------------------------------------------------------------------------------------------------
  1   2.86 2.86 2.66 2.32 1.82 1.28 0.80 0.56 0.55 0.82 1.24 1.84 2.40 2.76 2.98 3.00 2.84 2.54 2.20 1.96 1.82 1.84 2.00 2.30
  2   2.56 2.68 2.67 2.48 2.18 1.78 1.34 0.96 0.76 0.78 1.00 1.46 1.94 2.34 2.66 2.84 2.84 2.70 2.48 2.24 2.04 1.90 1.89 2.00
  3   2.20 2.36 2.46 2.44 2.32 2.10 1.84 1.58 1.36 1.18 1.09 1.20 1.56 1.94 2.30 2.58 2.76 2.78 2.70 2.54 2.34 2.10 1.97 1.93
  4   1.96 2.07 2.18 2.27 2.30 2.26 2.14 1.90 1.64 1.44 1.30 1.27 1.38 1.60 1.92 2.26 2.54 2.70 2.76 2.72 2.56 2.36 2.14 1.96
  5   1.84 1.82 1.88 2.00 2.13 2.24 2.26 2.20 2.06 1.86 1.66 1.50 1.44 1.50 1.70 1.98 2.26 2.52 2.72 2.78 2.72 2.55 2.33 2.06
  6   1.84 1.66 1.58 1.65 1.84 2.04 2.24 2.36 2.36 2.24 2.02 1.80 1.61 1.50 1.51 1.72 2.00 2.28 2.56 2.75 2.82 2.74 2.54 2.24
  7   1.92 1.64 1.48 1.44 1.56 1.82 2.08 2.32 2.48 2.51 2.37 2.16 1.92 1.68 1.58 1.62 1.82 2.10 2.42 2.70 2.86 2.86 2.72 2.46
  8   2.08 1.72 1.44 1.30 1.32 1.52 1.84 2.20 2.46 2.60 2.62 2.46 2.18 1.92 1.72 1.64 1.70 1.90 2.20 2.58 2.79 2.86 2.78 2.56
  9   2.20 1.78 1.40 1.20 1.14 1.26 1.60 2.02 2.37 2.67 2.76 2.66 2.46 2.20 1.92 1.74 1.70 1.80 2.04 2.36 2.63 2.82 2.84 2.68
 10   2.34 1.92 1.54 1.22 1.06 1.14 1.42 1.80 2.24 2.60 2.84 2.92 2.81 2.50 2.22 1.96 1.76 1.74 1.94 2.26 2.60 2.84 2.96 2.92
 11
 12
 13   2.66 2.34 1.92 1.46 1.08 0.88 0.90 1.14 1.54 2.04 2.54 2.84 2.98 2.96 2.76 2.44 2.14 1.93 1.86 1.95 2.14 2.42 2.65 2.78
 14   2.71 2.48 2.10 1.66 1.22 0.96 0.90 1.04 1.34 1.78 2.32 2.70 2.94 3.00 2.90 2.66 2.34 2.10 1.94 1.92 2.04 2.30 2.54 2.72
 15   2.75 2.60 2.26 1.86 1.44 1.08 0.92 0.96 1.18 1.52 2.00 2.46 2.78 2.92 2.90 2.73 2.50 2.24 2.04 1.94 2.00 2.16 2.40 2.65
 16   2.74 2.60 2.26 1.86 1.44 1.08 0.92 0.95 1.18 1.52 2.00 2.46 2.78 2.92 2.92 2.76 2.50 2.24 2.03 1.94 2.00 2.16 2.40 2.62
 17   2.75 2.74 2.62 2.34 2.00 1.57 1.22 1.00 0.94 1.12 1.50 1.96 2.36 2.68 2.86 2.94 2.88 2.72 2.52 2.30 2.12 2.03 2.08 2.28
 18   2.52 2.68 2.70 2.52 2.20 1.83 1.50 1.18 0.97 1.00 1.28 1.67 2.08 2.40 2.68 2.86 2.92 2.84 2.68 2.50 2.30 2.12 2.03 2.06
 19   2.18 2.30 2.36 2.34 2.23 2.06 1.83 1.62 1.45 1.37 1.42 1.56 1.82 2.16 2.46 2.74 2.92 2.96 2.86 2.70 2.53 2.36 2.23 2.16
 20   2.20 2.30 2.40 2.48 2.48 2.40 2.24 2.02 1.80 1.60 1.48 1.47 1.58 1.82 2.10 2.38 2.62 2.76 2.79 2.72 2.58 2.37 2.14 1.96
 21   1.86 1.90 2.04 2.20 2.36 2.50 2.52 2.44 2.26 2.04 1.84 1.70 1.65 1.74 1.96 2.24 2.56 2.82 2.96 2.96 2.84 2.58 2.23 1.94
 22   1.72 1.60 1.62 1.78 2.01 2.24 2.45 2.54 2.48 2.30 2.08 1.86 1.66 1.60 1.70 1.92 2.24 2.60 2.86 3.00 2.96 2.78 2.46 2.04
 23   1.64 1.36 1.21 1.30 1.58 1.94 2.32 2.58 2.69 2.64 2.46 2.16 1.84 1.63 1.56 1.62 1.86 2.22 2.60 2.88 2.97 2.86 2.60 2.18
 24   1.66 1.20 0.94 0.89 1.05 1.40 1.92 2.38 2.68 2.82 2.76 2.56 2.21 1.86 1.64 1.56 1.68 1.92 2.28 2.70 2.96 3.01 2.81 2.42
 25   1.92 1.30 0.85 0.56 0.60 0.88 1.36 2.00 2.48 2.84 2.98 2.92 2.68 2.26 1.90 1.66 1.59 1.74 2.02 2.42 2.82 3.02 2.96 2.70
 26   2.22 1.58 0.96 0.54 0.32 0.42 0.82 1.42 2.10 2.64 3.04 3.12 3.02 2.76 2.32 1.94 1.72 1.66 1.80 2.10 2.56 2.90 3.06 2.94
 27   2.58 2.04 1.40 0.72 0.32 0.22 0.42 0.90 1.56 2.26 2.82 3.18 3.20 3.04 2.73 2.28 1.94 1.70 1.66 1.84 2.16 2.56 2.86 2.98
 28   2.82 2.38 1.82 1.14 0.58 0.26 0.21 0.50 0.98 1.74 2.34 2.84 3.10 3.16 3.00 2.66 2.20 1.86 1.67 1.70 1.88 2.18 2.60 2.84
 29   2.86 2.66 2.28 1.70 1.12 0.64 0.36 0.38 0.66 1.16 1.84 2.44 2.84 3.08 3.08 2.90 2.54 2.18 1.86 1.66 1.70 1.90 2.26 2.58
 30   2.75 2.76 2.56 2.14 1.63 1.16 0.75 0.54 0.56 0.92 1.38 1.97 2.49 2.88 3.06 3.04 2.78 2.48 2.16 1.90 1.76 1.77 1.94 2.20
 31   2.44 2.58 2.57 2.39 2.06 1.64 1.24 0.94 0.78 0.82 1.12 1.52 2.00 2.43 2.75 2.89 2.86 2.64 2.34 2.03 1.79 1.64 1.66 1.78
 ----------------------------------------------------------------------------------------------------------------------------
                                                                                               
 ----------------------------------------------------------------------------------------------------------------------------
 ----------------------------------------------------------------------------------------------------------------------------
                                                          SURVEY OF INDIA
                                                    MARINE GEODESY WING (G&RB)
                                                     HOURLY HEIGHTS IN METRES
  NAME OF PORT:- PORBANDAR                                                                          MONTH JUNE      YEAR 2021
 ----------------------------------------------------------------------------------------------------------------------------
 DAYS 0000 0001 0002 0003 0004 0005 0006 0007 0008 0009 0010 0011 0012 0013 0014 0015 0016 0017 0018 0019 0020 0021 0022 0023
 ----------------------------------------------------------------------------------------------------------------------------
  1   1.97 2.15 2.30 2.30 2.16 1.90 1.60 1.28 1.05 0.94 0.98 1.26 1.62 2.04 2.40 2.66 2.76 2.68 2.48 2.21 1.96 1.74 1.58 1.56
  2   1.66 1.82 1.97 2.08 2.14 2.08 1.93 1.71 1.48 1.28 1.18 1.20 1.38 1.68 2.06 2.38 2.56 2.64 2.59 2.44 2.18 1.90 1.68 1.50
  3   1.44 1.50 1.64 1.82 1.98 2.08 2.07 1.98 1.82 1.63 1.46 1.38 1.40 1.58 1.84 2.16 2.42 2.58 2.64 2.56 2.38 2.14 1.86 1.60
  4   1.42 1.34 1.38 1.56 1.78 1.98 2.12 2.18 2.12 1.96 1.75 1.54 1.34 1.18 1.20 1.45 1.85 2.30 2.56 2.60 2.52 2.34 2.04 1.70
  5   1.42 1.22 1.15 1.22 1.44 1.68 1.96 2.16 2.24 2.22 2.10 1.92 1.72 1.60 1.62 1.76 1.96 2.20 2.40 2.54 2.54 2.38 2.12 1.80
  6   1.42 1.14 0.98 0.98 1.10 1.40 1.76 2.08 2.32 2.42 2.36 2.18 1.96 1.77 1.67 1.68 1.82 2.04 2.27 2.44 2.52 2.45 2.23 1.96
  7   1.64 1.26 1.00 0.90 0.98 1.20 1.56 1.96 2.30 2.50 2.57 2.48 2.24 2.00 1.83 1.76 1.80 1.94 2.18 2.38 2.52 2.54 2.42 2.16
  8   1.78 1.38 1.08 0.88 0.82 0.98 1.36 1.80 2.20 2.48 2.64 2.64 2.45 2.22 2.00 1.86 1.78 1.84 2.04 2.26 2.48 2.58 2.52 2.32
  9   1.98 1.56 1.16 0.88 0.78 0.86 1.14 1.58 2.08 2.46 2.70 2.78 2.70 2.46 2.18 1.98 1.86 1.84 1.94 2.16 2.40 2.56 2.60 2.48
 10   2.18 1.78 1.36 1.00 0.82 0.80 1.00 1.42 1.90 2.38 2.72 2.90 2.90 2.74 2.48 2.22 2.02 1.92 1.94 2.06 2.30 2.58 2.73 2.70
 11   2.44 2.06 1.64 1.24 0.90 0.78 0.88 1.22 1.68 2.22 2.70 2.92 2.98 2.92 2.72 2.44 2.16 1.96 1.92 2.06 2.28 2.56 2.74 2.76
 12   2.60 2.15 1.75 1.40 1.08 0.90 0.88 1.11 1.46 1.96 2.48 2.81 2.98 3.00 2.86 2.60 2.28 2.04 1.90 1.94 2.10 2.32 2.56 2.70
 13   2.66 2.40 2.06 1.64 1.20 0.86 0.77 0.88 1.16 1.60 2.06 2.50 2.78 2.90 2.88 2.66 2.36 2.08 1.86 1.78 1.88 2.06 2.32 2.52
 14   2.56 2.44 2.18 1.80 1.38 1.02 0.77 0.78 0.96 1.32 1.72 2.22 2.56 2.78 2.88 2.79 2.52 2.23 1.98 1.80 1.76 1.88 2.12 2.35
 15   2.46 2.44 2.30 2.04 1.62 1.26 0.98 0.84 0.86 1.02 1.41 1.84 2.30 2.60 2.78 2.80 2.64 2.38 2.12 1.88 1.76 1.78 1.92 2.16
 16   2.36 2.46 2.44 2.30 2.04 1.70 1.40 1.14 1.06 1.14 1.38 1.72 2.16 2.52 2.76 2.84 2.78 2.62 2.36 2.08 1.87 1.76 1.78 1.90
 17   2.08 2.28 2.36 2.34 2.22 2.00 1.70 1.44 1.27 1.20 1.26 1.48 1.82 2.22 2.54 2.76 2.82 2.71 2.47 2.20 1.96 1.74 1.63 1.60
 18   1.67 1.82 2.06 2.20 2.23 2.15 1.96 1.70 1.48 1.32 1.26 1.34 1.56 1.85 2.24 2.54 2.70 2.70 2.60 2.40 2.10 1.82 1.56 1.40
 19   1.40 1.53 1.72 1.94 2.14 2.26 2.26 2.14 1.92 1.72 1.57 1.50 1.54 1.72 2.00 2.36 2.63 2.78 2.81 2.66 2.36 2.00 1.64 1.36
 20   1.18 1.18 1.34 1.56 1.84 2.14 2.34 2.38 2.30 2.10 1.89 1.70 1.61 1.66 1.82 2.10 2.42 2.66 2.78 2.76 2.58 2.24 1.84 1.42
 21   1.10 0.90 0.88 1.10 1.46 1.80 2.18 2.44 2.53 2.46 2.26 2.04 1.81 1.68 1.68 1.84 2.09 2.42 2.64 2.74 2.68 2.42 2.02 1.58
 22   1.08 0.72 0.56 0.64 0.98 1.44 1.96 2.36 2.64 2.74 2.68 2.44 2.14 1.91 1.78 1.76 1.91 2.16 2.46 2.72 2.82 2.70 2.38 1.96
 23   1.38 0.88 0.52 0.40 0.56 0.94 1.50 2.10 2.56 2.88 2.97 2.88 2.62 2.28 2.00 1.84 1.82 1.94 2.20 2.54 2.78 2.84 2.70 2.36
 24   1.84 1.22 0.70 0.34 0.28 0.50 0.94 1.62 2.23 2.70 3.02 3.09 2.96 2.66 2.31 2.00 1.78 1.73 1.86 2.16 2.50 2.74 2.80 2.66
 25   2.30 1.72 1.08 0.58 0.26 0.20 0.42 0.94 1.58 2.24 2.72 3.02 3.04 2.88 2.56 2.16 1.83 1.60 1.60 1.76 2.08 2.46 2.68 2.74
 26   2.58 2.14 1.62 1.00 0.46 0.24 0.26 0.54 1.04 1.76 2.36 2.82 3.02 3.00 2.84 2.46 2.02 1.70 1.52 1.54 1.72 2.10 2.46 2.66
 27   2.68 2.46 2.06 1.56 0.96 0.50 0.30 0.36 0.70 1.24 1.88 2.44 2.82 3.00 2.96 2.74 2.32 1.92 1.64 1.50 1.56 1.80 2.18 2.46
 28   2.62 2.60 2.40 1.98 1.52 1.00 0.68 0.56 0.64 1.04 1.54 2.12 2.60 2.92 3.04 2.92 2.64 2.26 1.90 1.64 1.54 1.62 1.84 2.14
 29   2.40 2.55 2.50 2.28 1.92 1.52 1.16 0.92 0.84 0.96 1.30 1.82 2.30 2.72 2.96 2.98 2.82 2.54 2.18 1.88 1.66 1.58 1.66 1.86
 30   2.14 2.34 2.44 2.42 2.24 1.96 1.66 1.42 1.22 1.19 1.36 1.68 2.06 2.50 2.82 2.96 2.92 2.74 2.44 2.08 1.80 1.60 1.53 1.60
 ----------------------------------------------------------------------------------------------------------------------------
                                                                                               
 ----------------------------------------------------------------------------------------------------------------------------
 ----------------------------------------------------------------------------------------------------------------------------
                                                          SURVEY OF INDIA
                                                    MARINE GEODESY WING (G&RB)
                                                     HOURLY HEIGHTS IN METRES
  NAME OF PORT:- PORBANDAR                                                                          MONTH JULY      YEAR 2021
 ----------------------------------------------------------------------------------------------------------------------------
 DAYS 0000 0001 0002 0003 0004 0005 0006 0007 0008 0009 0010 0011 0012 0013 0014 0015 0016 0017 0018 0019 0020 0021 0022 0023
 ----------------------------------------------------------------------------------------------------------------------------
  1
  2
  3
  4
  5
  6
  7
  8
  9
 10
 11
 12
 13
 14
 15
 16
 17
 18
 19
 20
 21
 22
 23
 24
 25
 26
 27
 28
 29
 30
 31
 ----------------------------------------------------------------------------------------------------------------------------
                                                          SURVEY OF INDIA
                                                    MARINE GEODESY WING (G&RB)
                                                     HOURLY HEIGHTS IN METRES
  NAME OF PORT:- PORBANDAR                                                                          MONTH AUGUST    YEAR 2021
 ----------------------------------------------------------------------------------------------------------------------------
 DAYS 0000 0001 0002 0003 0004 0005 0006 0007 0008 0009 0010 0011 0012 0013 0014 0015 0016 0017 0018 0019 0020 0021 0022 0023
 ----------------------------------------------------------------------------------------------------------------------------
  1
  2
  3
  4
  5
  6
  7
  8
  9
 10
 11
 12
 13
 14
 15
 16   1.05 1.39 1.72 1.98 2.17 2.22 2.15 2.03 1.87 1.72 1.65 1.70 1.86 2.06 2.27 2.44 2.50 2.41 2.19 1.88 1.48 1.12 0.89 0.77
 17   0.81 0.99 1.31 1.63 1.91 2.17 2.31 2.32 2.24 2.13 1.99 1.89 1.86 1.93 2.09 2.26 2.37 2.42 2.37 2.15 1.84 1.55 1.21 0.94
 18   0.76 0.70 0.79 1.19 1.55 1.90 2.23 2.43 2.50 2.47 2.32 2.15 1.99 1.89 1.88 1.98 2.13 2.28 2.37 2.38 2.25 1.98 1.64 1.24
 19   0.89 0.71 0.67 0.81 1.10 1.57 1.99 2.35 2.60 2.71 2.63 2.42 2.19 1.97 1.79 1.73 1.84 2.05 2.25 2.39 2.43 2.33 2.10 1.72
 20   1.28 0.89 0.63 0.58 0.73 1.06 1.56 2.07 2.46 2.75 2.79 2.68 2.43 2.08 1.77 1.60 1.56 1.65 1.90 2.19 2.40 2.48 2.39 2.12
 21   1.68 1.19 0.77 0.47 0.43 0.63 1.07 1.61 2.16 2.59 2.82 2.83 2.64 2.31 1.90 1.58 1.38 1.38 1.55 1.90 2.25 2.49 2.59 2.47
 22   2.11 1.65 1.11 0.66 0.42 0.45 0.74 1.21 1.85 2.38 2.75 2.90 2.83 2.58 2.15 1.74 1.40 1.23 1.30 1.55 1.96 2.34 2.59 2.65
 23   2.45 2.10 1.60 1.09 0.66 0.51 0.65 1.00 1.53 2.17 2.66 2.91 2.95 2.80 2.43 1.94 1.54 1.26 1.16 1.31 1.63 2.08 2.45 2.67
 24   2.67 2.41 2.03 1.54 1.04 0.76 0.71 0.89 1.30 1.91 2.46 2.82 2.98 2.92 2.65 2.24 1.75 1.38 1.16 1.18 1.41 1.81 2.27 2.58
 25   2.72 2.65 2.37 1.97 1.50 1.15 0.97 1.01 1.36 1.79 2.28 2.73 2.98 3.00 2.80 2.45 2.00 1.53 1.23 1.14 1.25 1.53 1.99 2.37
 26   2.61 2.68 2.55 2.26 1.88 1.49 1.26 1.18 1.33 1.66 2.09 2.57 2.87 2.98 2.87 2.59 2.21 1.76 1.40 1.19 1.16 1.34 1.66 2.10
 27   2.41 2.58 2.60 2.43 2.16 1.84 1.60 1.46 1.47 1.66 1.98 2.37 2.72 2.88 2.86 2.66 2.33 1.91 1.53 1.30 1.20 1.25 1.49 1.86
 28   2.18 2.41 2.52 2.49 2.32 2.08 1.85 1.71 1.67 1.74 1.94 2.21 2.55 2.71 2.74 2.65 2.43 2.07 1.70 1.42 1.25 1.21 1.34 1.57
 29   1.88 2.16 2.33 2.40 2.36 2.24 2.07 1.93 1.84 1.85 1.93 2.11 2.35 2.55 2.62 2.59 2.45 2.18 1.88 1.60 1.37 1.26 1.27 1.41
 30   1.62 1.85 2.05 2.20 2.26 2.24 2.16 2.07 1.98 1.94 1.95 2.01 2.17 2.33 2.44 2.45 2.36 2.20 1.98 1.74 1.49 1.33 1.26 1.27
 31   1.35 1.55 1.75 1.92 2.06 2.16 2.20 2.17 2.12 2.06 2.00 1.99 2.03 2.09 2.17 2.24 2.24 2.17 2.03 1.85 1.65 1.46 1.30 1.20
 ----------------------------------------------------------------------------------------------------------------------------
                                                                                               
 ----------------------------------------------------------------------------------------------------------------------------
 ----------------------------------------------------------------------------------------------------------------------------
                                                          SURVEY OF INDIA
                                                    MARINE GEODESY WING (G&RB)
                                                     HOURLY HEIGHTS IN METRES
  NAME OF PORT:- PORBANDAR                                                                          MONTH SEPT      YEAR 2021
 ----------------------------------------------------------------------------------------------------------------------------
 DAYS 0000 0001 0002 0003 0004 0005 0006 0007 0008 0009 0010 0011 0012 0013 0014 0015 0016 0017 0018 0019 0020 0021 0022 0023
 ----------------------------------------------------------------------------------------------------------------------------
  1   1.19 1.27 1.42 1.59 1.79 1.98 2.16 2.27 2.27 2.20 2.11 2.03 1.97 1.95 1.99 2.07 2.12 2.14 2.11 2.01 1.84 1.67 1.49 1.33
  2   1.19 1.13 1.19 1.35 1.60 1.86 2.11 2.32 2.43 2.43 2.33 2.21 2.11 2.02 1.97 1.99 2.07 2.14 2.21 2.24 2.17 2.01 1.79 1.54
  3   1.33 1.15 1.06 1.14 1.36 1.66 1.99 2.28 2.53 2.61 2.57 2.43 2.22 2.03 1.88 1.81 1.85 1.97 2.15 2.29 2.33 2.23 2.00 1.72
  4   1.43 1.17 0.99 0.93 1.07 1.35 1.73 2.15 2.47 2.68 2.73 2.63 2.40 2.11 1.85 1.70 1.68 1.79 2.01 2.22 2.36 2.40 2.29 2.07
  5   1.74 1.36 1.04 0.87 0.84 1.03 1.42 1.88 2.30 2.62 2.78 2.76 2.54 2.20 1.87 1.62 1.51 1.56 1.78 2.08 2.34 2.50 2.53 2.38
  6   2.05 1.64 1.22 0.88 0.73 0.84 1.12 1.56 2.10 2.54 2.80 2.86 2.70 2.38 1.94 1.61 1.39 1.32 1.46 1.80 2.14 2.45 2.62 2.58
  7   2.32 1.94 1.44 1.01 0.74 0.69 0.90 1.28 1.80 2.34 2.70 2.87 2.81 2.52 2.09 1.60 1.27 1.07 1.10 1.40 1.82 2.24 2.57 2.70
  8   2.58 2.22 1.78 1.31 0.90 0.72 0.78 1.10 1.54 2.14 2.64 2.92 2.98 2.78 2.37 1.86 1.40 1.06 0.97 1.16 1.52 2.04 2.49 2.78
  9   2.83 2.63 2.26 1.80 1.30 0.96 0.86 1.00 1.35 1.90 2.50 2.87 3.02 2.92 2.58 2.08 1.50 1.09 0.85 0.87 1.16 1.62 2.22 2.62
 10   2.86 2.84 2.62 2.22 1.74 1.37 1.15 1.12 1.36 1.78 2.28 2.74 2.99 3.00 2.78 2.40 1.82 1.21 0.90 0.79 0.86 1.14 1.76 2.30
 11   2.64 2.78 2.76 2.54 2.14 1.78 1.52 1.37 1.39 1.68 2.08 2.49 2.86 2.98 2.89 2.62 2.15 1.56 1.10 0.83 0.75 0.91 1.30 1.84
 12
 13
 14
 15
 16
 17   1.26 1.11 1.08 1.24 1.54 1.96 2.34 2.64 2.82 2.88 2.75 2.50 2.22 1.96 1.78 1.71 1.80 1.98 2.20 2.42 2.52 2.46 2.26 1.91
 18   1.52 1.20 0.96 0.91 1.10 1.46 1.90 2.36 2.69 2.89 2.90 2.70 2.38 2.02 1.71 1.52 1.47 1.61 1.93 2.26 2.52 2.64 2.56 2.32
 19   1.92 1.48 1.11 0.90 0.89 1.15 1.56 2.06 2.54 2.82 2.96 2.88 2.60 2.20 1.78 1.46 1.30 1.36 1.60 2.02 2.38 2.64 2.74 2.62
 20   2.32 1.90 1.42 1.08 0.93 1.00 1.32 1.80 2.32 2.76 3.00 3.00 2.82 2.46 1.96 1.56 1.28 1.19 1.34 1.68 2.16 2.53 2.80 2.84
 21   2.62 2.25 1.80 1.36 1.07 0.99 1.18 1.54 2.05 2.56 2.86 2.98 2.86 2.50 2.07 1.57 1.22 1.00 1.02 1.32 1.73 2.24 2.57 2.72
 22   2.67 2.42 2.02 1.55 1.17 1.00 1.02 1.32 1.70 2.21 2.63 2.82 2.81 2.54 2.14 1.60 1.17 0.90 0.82 1.01 1.38 1.89 2.33 2.62
 23   2.67 2.56 2.24 1.80 1.41 1.18 1.10 1.28 1.60 2.05 2.49 2.75 2.81 2.64 2.30 1.83 1.42 1.10 0.89 0.91 1.18 1.66 2.11 2.46
 24   2.73 2.75 2.52 2.20 1.86 1.57 1.40 1.43 1.67 1.99 2.40 2.68 2.78 2.68 2.43 2.02 1.60 1.24 0.99 0.93 1.07 1.39 1.90 2.31
 25   2.58 2.73 2.66 2.44 2.12 1.82 1.63 1.56 1.66 1.90 2.24 2.57 2.75 2.75 2.56 2.24 1.83 1.38 1.11 1.00 1.03 1.25 1.63 2.07
 26   2.39 2.58 2.63 2.53 2.30 2.03 1.84 1.73 1.73 1.86 2.10 2.39 2.58 2.63 2.52 2.28 1.96 1.56 1.26 1.07 1.02 1.13 1.37 1.72
 27   2.11 2.33 2.45 2.48 2.37 2.17 1.97 1.83 1.78 1.84 1.98 2.20 2.37 2.46 2.43 2.26 2.00 1.69 1.40 1.17 1.05 1.07 1.23 1.50
 28   1.82 2.08 2.28 2.37 2.37 2.27 2.16 2.04 1.95 1.90 1.95 2.09 2.24 2.36 2.39 2.29 2.12 1.91 1.68 1.44 1.28 1.22 1.27 1.40
 29
 30
 ----------------------------------------------------------------------------------------------------------------------------
                                                                                               
 ----------------------------------------------------------------------------------------------------------------------------
 ----------------------------------------------------------------------------------------------------------------------------
                                                          SURVEY OF INDIA
                                                    MARINE GEODESY WING (G&RB)
                                                     HOURLY HEIGHTS IN METRES
  NAME OF PORT:- PORBANDAR                                                                          MONTH OCTOBER   YEAR 2021
 ----------------------------------------------------------------------------------------------------------------------------
 DAYS 0000 0001 0002 0003 0004 0005 0006 0007 0008 0009 0010 0011 0012 0013 0014 0015 0016 0017 0018 0019 0020 0021 0022 0023
 ----------------------------------------------------------------------------------------------------------------------------
  1
  2
  3
  4
  5
  6
  7
  8
  9
 10
 11
 12
 13
 14
 15
 16   1.44 1.34 1.32 1.48 1.80 2.14 2.48 2.72 2.85 2.83 2.66 2.34 2.00 1.74 1.58 1.52 1.62 1.88 2.15 2.37 2.50 2.49 2.29 2.00
 17   1.70 1.43 1.26 1.28 1.48 1.80 2.20 2.56 2.80 2.87 2.77 2.53 2.13 1.74 1.44 1.26 1.26 1.48 1.82 2.19 2.45 2.60 2.56 2.35
 18   2.02 1.64 1.34 1.22 1.27 1.51 1.85 2.29 2.64 2.83 2.81 2.61 2.26 1.80 1.41 1.13 1.03 1.16 1.48 1.90 2.30 2.57 2.68 2.57
 19   2.31 1.95 1.53 1.27 1.22 1.32 1.62 2.02 2.44 2.71 2.81 2.66 2.34 1.92 1.41 1.05 0.85 0.88 1.12 1.54 2.05 2.43 2.65 2.67
 20   2.50 2.19 1.75 1.44 1.24 1.25 1.47 1.80 2.24 2.59 2.74 2.71 2.47 2.03 1.50 1.05 0.79 0.71 0.88 1.24 1.74 2.24 2.56 2.70
 21   2.63 2.40 2.00 1.60 1.35 1.25 1.34 1.62 2.01 2.40 2.62 2.64 2.42 2.06 1.58 1.06 0.70 0.54 0.60 0.88 1.36 1.94 2.33 2.58
 22   2.66 2.51 2.20 1.80 1.49 1.28 1.27 1.50 1.80 2.16 2.46 2.59 2.58 2.34 1.72 1.22 0.80 0.58 0.54 0.72 1.10 1.67 2.17 2.51
 23   2.66 2.63 2.42 2.08 1.73 1.51 1.43 1.47 1.72 2.10 2.42 2.54 2.53 2.33 1.98 1.48 1.02 0.74 0.63 0.70 1.02 1.48 2.00 2.40
 24   2.64 2.73 2.62 2.38 2.06 1.80 1.64 1.61 1.74 2.08 2.36 2.54 2.55 2.40 2.08 1.64 1.20 0.88 0.76 0.79 1.00 1.40 1.86 2.28
 25   2.58 2.71 2.66 2.48 2.20 1.94 1.80 1.74 1.79 2.00 2.28 2.47 2.53 2.47 2.24 1.85 1.48 1.14 0.92 0.86 0.96 1.22 1.61 2.02
 26   2.34 2.56 2.62 2.53 2.35 2.12 1.93 1.81 1.80 1.90 2.09 2.27 2.36 2.36 2.22 1.97 1.63 1.31 1.07 0.94 0.94 1.10 1.36 1.71
 27   2.08 2.31 2.44 2.48 2.41 2.22 2.03 1.90 1.83 1.82 1.91 2.06 2.18 2.22 2.17 2.03 1.84 1.58 1.30 1.13 1.04 1.05 1.17 1.41
 28   1.72 1.97 2.19 2.35 2.39 2.34 2.21 2.07 1.96 1.88 1.88 1.93 2.03 2.08 2.09 2.04 1.95 1.81 1.62 1.44 1.30 1.23 1.24 1.34
 29   1.57 1.82 2.05 2.26 2.41 2.46 2.43 2.34 2.22 2.09 2.00 1.93 1.92 1.98 2.03 2.07 2.08 2.04 1.93 1.80 1.66 1.54 1.42 1.38
 30   1.45 1.59 1.81 2.04 2.25 2.42 2.52 2.53 2.42 2.25 2.08 1.92 1.77 1.72 1.77 1.85 1.93 2.02 2.06 2.02 1.90 1.76 1.58 1.42
 31   1.35 1.38 1.51 1.74 2.00 2.27 2.52 2.63 2.62 2.49 2.26 2.02 1.79 1.65 1.60 1.65 1.79 2.02 2.18 2.26 2.26 2.15 1.94 1.67
 ----------------------------------------------------------------------------------------------------------------------------
                                                                                               
 ----------------------------------------------------------------------------------------------------------------------------
 ----------------------------------------------------------------------------------------------------------------------------
                                                          SURVEY OF INDIA
                                                    MARINE GEODESY WING (G&RB)
                                                     HOURLY HEIGHTS IN METRES
  NAME OF PORT:- PORBANDAR                                                                          MONTH NOVEMBER  YEAR 2021
 ----------------------------------------------------------------------------------------------------------------------------
 DAYS 0000 0001 0002 0003 0004 0005 0006 0007 0008 0009 0010 0011 0012 0013 0014 0015 0016 0017 0018 0019 0020 0021 0022 0023
 ----------------------------------------------------------------------------------------------------------------------------
  1   1.48 1.38 1.38 1.51 1.79 2.15 2.44 2.68 2.78 2.70 2.48 2.16 1.81 1.54 1.39 1.38 1.54 1.84 2.15 2.38 2.51 2.51 2.34 2.03
  2   1.74 1.50 1.37 1.40 1.58 1.88 2.33 2.64 2.83 2.87 2.71 2.34 1.88 1.48 1.18 1.04 1.14 1.45 1.90 2.30 2.60 2.74 2.67 2.42
  3   2.10 1.72 1.46 1.34 1.41 1.66 2.05 2.52 2.84 2.98 2.89 2.59 2.12 1.56 1.08 0.82 0.80 1.02 1.46 2.04 2.52 2.82 2.94 2.85
  4   2.56 2.12 1.70 1.46 1.38 1.49 1.80 2.31 2.74 2.98 3.04 2.84 2.38 1.80 1.20 0.76 0.54 0.64 1.00 1.58 2.23 2.72 3.07 3.13
  5   2.94 2.61 2.18 1.77 1.55 1.49 1.68 2.05 2.56 2.92 3.10 3.04 2.67 2.15 1.52 0.86 0.46 0.38 0.60 1.04 1.65 2.48 2.94 3.22
  6   3.26 3.04 2.65 2.16 1.83 1.66 1.66 1.90 2.31 2.78 3.06 3.14 2.94 2.52 1.92 1.20 0.65 0.36 0.38 0.70 1.24 2.00 2.66 3.14
  7   3.40 3.33 3.04 2.64 2.22 1.90 1.72 1.80 2.05 2.46 2.86 3.08 3.05 2.80 2.32 1.68 1.03 0.60 0.38 0.47 0.83 1.40 2.14 2.70
  8   3.10 3.29 3.21 2.96 2.58 2.20 1.95 1.82 1.89 2.13 2.53 2.81 2.94 2.86 2.60 2.12 1.53 1.03 0.68 0.55 0.68 1.01 1.52 2.20
  9   2.68 2.98 3.11 3.05 2.78 2.44 2.15 1.93 1.82 1.91 2.14 2.43 2.63 2.72 2.62 2.26 1.90 1.54 1.12 0.83 0.76 0.86 1.15 1.64
 10   2.20 2.56 2.82 2.92 2.86 2.65 2.38 2.13 1.93 1.83 1.86 2.05 2.25 2.38 2.44 2.38 2.21 1.92 1.57 1.25 1.04 0.95 1.02 1.28
 11   1.68 2.10 2.43 2.69 2.80 2.75 2.60 2.37 2.12 1.94 1.84 1.83 1.91 2.08 2.20 2.24 2.22 2.13 1.93 1.71 1.48 1.30 1.21 1.25
 12   1.46 1.78 2.12 2.42 2.64 2.76 2.76 2.63 2.40 2.15 1.92 1.77 1.70 1.75 1.87 2.00 2.13 2.20 2.21 2.11 1.93 1.74 1.52 1.41
 13   1.42 1.54 1.76 2.10 2.39 2.60 2.73 2.72 2.60 2.34 2.08 1.81 1.58 1.50 1.52 1.61 1.79 2.02 2.18 2.27 2.26 2.11 1.88 1.68
 14   1.54 1.48 1.56 1.78 2.07 2.37 2.60 2.73 2.71 2.55 2.28 1.93 1.60 1.37 1.24 1.25 1.44 1.76 2.02 2.24 2.38 2.38 2.20 1.97
 15   1.74 1.54 1.47 1.56 1.78 2.07 2.40 2.62 2.71 2.64 2.44 2.10 1.70 1.37 1.14 1.04 1.14 1.42 1.82 2.16 2.42 2.56 2.51 2.32
 16   2.05 1.77 1.62 1.58 1.66 1.90 2.23 2.50 2.69 2.74 2.60 2.30 1.92 1.50 1.17 0.99 0.99 1.19 1.58 2.02 2.36 2.62 2.70 2.60
 17   2.34 2.04 1.78 1.63 1.62 1.78 2.06 2.38 2.60 2.69 2.66 2.42 1.99 1.56 1.17 0.88 0.78 0.93 1.26 1.73 2.20 2.56 2.74 2.73
 18   2.56 2.27 1.98 1.78 1.70 1.74 1.95 2.20 2.43 2.63 2.80 2.83 2.66 2.22 1.65 1.03 0.86 0.90 1.09 1.58 2.07 2.48 2.77 2.83
 19   2.70 2.45 2.22 1.98 1.81 1.79 1.88 2.10 2.45 2.75 3.00 3.15 3.15 2.90 2.40 1.65 0.89 0.83 1.02 1.39 1.90 2.42 2.76 2.96
 20   3.01 2.84 2.51 2.18 1.95 1.84 1.85 2.02 2.29 2.58 2.74 2.73 2.52 2.15 1.68 1.20 0.87 0.76 0.87 1.14 1.58 2.15 2.63 2.90
 21   3.01 2.94 2.68 2.36 2.09 1.90 1.81 1.92 2.14 2.43 2.64 2.70 2.56 2.28 1.86 1.38 0.95 0.75 0.75 0.94 1.30 1.84 2.37 2.74
 22   2.93 2.98 2.84 2.56 2.24 2.04 1.89 1.89 2.06 2.32 2.55 2.68 2.64 2.42 2.06 1.60 1.22 0.93 0.82 0.90 1.18 1.60 2.12 2.54
 23   2.80 2.94 2.88 2.69 2.39 2.12 1.96 1.88 1.93 2.14 2.38 2.54 2.58 2.48 2.19 1.81 1.43 1.10 0.92 0.90 1.06 1.39 1.81 2.28
 24   2.62 2.82 2.86 2.78 2.55 2.28 2.07 1.92 1.89 2.00 2.20 2.38 2.45 2.42 2.25 1.96 1.62 1.27 1.02 0.94 0.98 1.16 1.48 1.90
 25   2.28 2.54 2.68 2.69 2.55 2.32 2.12 1.94 1.83 1.82 1.95 2.12 2.24 2.28 2.22 2.04 1.77 1.48 1.22 1.06 1.01 1.09 1.34 1.64
 26   2.02 2.34 2.56 2.69 2.66 2.50 2.29 2.10 1.94 1.85 1.87 1.98 2.11 2.18 2.20 2.14 1.99 1.79 1.58 1.36 1.24 1.20 1.27 1.48
 27   1.76 2.12 2.38 2.58 2.68 2.66 2.50 2.32 2.13 1.98 1.87 1.85 1.93 2.04 2.12 2.16 2.15 2.08 1.94 1.77 1.62 1.52 1.47 1.50
 28   1.66 1.94 2.24 2.48 2.66 2.77 2.74 2.59 2.37 2.15 1.97 1.83 1.76 1.81 1.93 2.03 2.15 2.22 2.22 2.12 1.94 1.78 1.66 1.59
 29   1.58 1.72 1.97 2.25 2.49 2.70 2.78 2.70 2.52 2.28 2.00 1.73 1.56 1.50 1.55 1.70 1.92 2.13 2.27 2.32 2.27 2.12 1.90 1.71
 30   1.61 1.62 1.75 1.99 2.31 2.58 2.74 2.80 2.72 2.48 2.12 1.75 1.44 1.22 1.18 1.34 1.60 1.93 2.24 2.49 2.59 2.52 2.34 2.10
 ----------------------------------------------------------------------------------------------------------------------------
                                                                                               
 ----------------------------------------------------------------------------------------------------------------------------
 ----------------------------------------------------------------------------------------------------------------------------
                                                          SURVEY OF INDIA
                                                    MARINE GEODESY WING (G&RB)
                                                     HOURLY HEIGHTS IN METRES
  NAME OF PORT:- PORBANDAR                                                                          MONTH DECEMBER  YEAR 2021
 ----------------------------------------------------------------------------------------------------------------------------
 DAYS 0000 0001 0002 0003 0004 0005 0006 0007 0008 0009 0010 0011 0012 0013 0014 0015 0016 0017 0018 0019 0020 0021 0022 0023
 ----------------------------------------------------------------------------------------------------------------------------
  1   1.85 1.73 1.74 1.88 2.11 2.45 2.72 2.88 2.90 2.74 2.40 1.93 1.51 1.17 0.99 1.03 1.23 1.56 2.04 2.45 2.72 2.84 2.79 2.52
  2   2.24 2.00 1.86 1.85 2.00 2.22 2.58 2.85 3.02 3.00 2.76 2.32 1.75 1.26 0.91 0.75 0.88 1.21 1.77 2.33 2.78 3.09 3.18 3.06
  3   2.79 2.42 2.14 1.96 1.95 2.10 2.38 2.75 3.00 3.08 2.96 2.62 2.09 1.46 0.88 0.54 0.46 0.69 1.13 1.80 2.44 2.89 3.18 3.22
  4   3.06 2.74 2.32 1.96 1.84 1.90 2.10 2.46 2.84 3.06 3.09 2.88 2.48 1.89 1.20 0.66 0.34 0.34 0.66 1.20 1.94 2.58 3.06 3.30
  5   3.28 3.08 2.74 2.30 1.98 1.81 1.84 2.04 2.45 2.80 3.02 2.98 2.72 2.25 1.62 0.98 0.48 0.24 0.33 0.74 1.34 2.06 2.70 3.15
  6   3.35 3.33 3.09 2.66 2.26 1.99 1.82 1.85 2.09 2.49 2.81 2.98 2.92 2.66 2.16 1.52 0.92 0.48 0.30 0.46 0.86 1.46 2.18 2.75
  7   3.12 3.29 3.22 2.96 2.56 2.19 1.92 1.77 1.84 2.11 2.53 2.79 2.89 2.82 2.52 2.06 1.49 0.96 0.62 0.53 0.70 1.05 1.64 2.32
  8   2.76 3.10 3.23 3.12 2.85 2.46 2.14 1.88 1.78 1.83 2.08 2.41 2.61 2.68 2.60 2.36 1.94 1.46 1.08 0.82 0.75 0.90 1.26 1.79
  9   2.34 2.75 3.00 3.08 2.96 2.67 2.31 2.01 1.76 1.66 1.70 1.92 2.16 2.34 2.42 2.38 2.19 1.87 1.49 1.20 1.02 0.98 1.14 1.46
 10   1.92 2.37 2.72 2.94 2.95 2.81 2.54 2.23 1.96 1.72 1.59 1.66 1.85 2.04 2.18 2.26 2.27 2.18 1.98 1.72 1.50 1.38 1.35 1.44
 11   1.70 2.12 2.50 2.76 2.92 2.94 2.79 2.54 2.23 1.96 1.74 1.59 1.59 1.73 1.91 2.06 2.18 2.27 2.26 2.12 1.94 1.78 1.64 1.60
 12   1.70 1.94 2.24 2.54 2.76 2.87 2.86 2.72 2.49 2.19 1.91 1.67 1.53 1.48 1.59 1.80 2.00 2.20 2.35 2.40 2.32 2.17 2.03 1.90
 13   1.84 1.90 2.09 2.32 2.58 2.77 2.86 2.82 2.68 2.42 2.12 1.82 1.57 1.40 1.37 1.53 1.78 2.02 2.28 2.48 2.54 2.49 2.35 2.19
 14   2.02 1.93 1.96 2.12 2.34 2.55 2.70 2.76 2.71 2.54 2.25 1.90 1.57 1.31 1.19 1.19 1.38 1.70 2.04 2.34 2.56 2.63 2.57 2.41
 15   2.23 2.09 2.02 2.03 2.17 2.38 2.58 2.71 2.75 2.64 2.41 2.07 1.72 1.35 1.10 1.02 1.14 1.40 1.82 2.24 2.55 2.75 2.81 2.71
 16   2.53 2.33 2.18 2.09 2.11 2.26 2.46 2.65 2.77 2.74 2.58 2.30 1.92 1.50 1.18 1.00 0.98 1.21 1.60 2.06 2.47 2.76 2.92 2.92
 17   2.76 2.52 2.31 2.13 2.05 2.08 2.26 2.49 2.63 2.69 2.62 2.40 2.06 1.63 1.24 1.00 0.90 1.02 1.36 1.84 2.34 2.70 2.97 3.07
 18   2.98 2.75 2.48 2.27 2.13 2.09 2.20 2.41 2.64 2.76 2.74 2.58 2.29 1.87 1.42 1.08 0.91 0.94 1.17 1.59 2.12 2.56 2.93 3.10
 19   3.09 2.93 2.67 2.37 2.19 2.10 2.12 2.26 2.49 2.70 2.79 2.69 2.44 2.06 1.64 1.23 0.95 0.89 1.05 1.39 1.86 2.40 2.83 3.08
 20   3.16 3.07 2.86 2.55 2.30 2.14 2.09 2.16 2.39 2.62 2.78 2.79 2.63 2.28 1.86 1.39 1.04 0.86 0.88 1.15 1.56 2.11 2.64 3.00
 21   3.14 3.14 3.00 2.69 2.40 2.18 2.04 2.05 2.24 2.48 2.68 2.78 2.71 2.43 2.06 1.62 1.22 0.96 0.88 1.02 1.35 1.84 2.38 2.82
 22   3.08 3.17 3.08 2.84 2.56 2.27 2.05 1.95 2.04 2.26 2.50 2.66 2.70 2.55 2.24 1.84 1.46 1.12 0.95 0.95 1.18 1.59 2.10 2.54
 23   2.88 3.08 3.12 2.94 2.66 2.36 2.13 1.98 1.96 2.09 2.32 2.52 2.64 2.60 2.40 2.09 1.70 1.36 1.12 1.03 1.12 1.42 1.82 2.30
 24   2.72 2.99 3.08 3.01 2.82 2.54 2.24 2.02 1.91 1.94 2.11 2.33 2.49 2.56 2.48 2.28 1.98 1.65 1.36 1.18 1.14 1.31 1.60 1.99
 25   2.44 2.75 2.95 3.01 2.90 2.66 2.35 2.10 1.91 1.81 1.86 2.06 2.23 2.36 2.41 2.34 2.16 1.91 1.63 1.42 1.30 1.32 1.50 1.79
 26   2.15 2.52 2.79 2.95 2.94 2.78 2.52 2.20 1.95 1.78 1.70 1.77 1.95 2.11 2.23 2.29 2.25 2.10 1.90 1.70 1.54 1.45 1.48 1.66
 27   1.93 2.28 2.59 2.80 2.90 2.86 2.65 2.36 2.06 1.77 1.56 1.50 1.57 1.72 1.92 2.10 2.20 2.22 2.16 2.02 1.84 1.70 1.62 1.64
 28   1.82 2.08 2.36 2.61 2.79 2.86 2.77 2.50 2.18 1.83 1.54 1.34 1.28 1.37 1.57 1.81 2.02 2.20 2.31 2.31 2.20 2.06 1.94 1.84
 29   1.82 1.92 2.14 2.41 2.63 2.79 2.82 2.68 2.40 2.04 1.63 1.31 1.08 1.00 1.10 1.35 1.69 1.99 2.25 2.44 2.50 2.41 2.24 2.08
 30   1.92 1.87 1.95 2.14 2.37 2.59 2.71 2.70 2.54 2.22 1.80 1.34 1.00 0.77 0.70 0.83 1.15 1.62 2.04 2.44 2.66 2.73 2.62 2.42
 31   2.20 2.03 1.94 1.99 2.19 2.42 2.61 2.76 2.77 2.58 2.23 1.77 1.26 0.83 0.52 0.49 0.68 1.15 1.70 2.24 2.66 2.94 3.01 2.88
 ----------------------------------------------------------------------------------------------------------------------------
                                                                                               
 ----------------------------------------------------------------------------------------------------------------------------
 ----------------------------------------------------------------------------------------------------------------------------
