                                                          SURVEY OF INDIA
                                                    MARINE GEODESY WING (G&RB)
                                                     HOURLY HEIGHTS IN METRES
  NAME OF PORT:- PORBANDAR                                                                          MONTH JANUARY   YEAR 2019
 ----------------------------------------------------------------------------------------------------------------------------
 DAYS 0000 0001 0002 0003 0004 0005 0006 0007 0008 0009 0010 0011 0012 0013 0014 0015 0016 0017 0018 0019 0020 0021 0022 0023
 ----------------------------------------------------------------------------------------------------------------------------
  1   1.72 1.69 1.79 1.97 2.22 2.43 2.54 2.53 2.38 2.11 1.79 1.40 1.06 0.85 0.80 0.93 1.23 1.63 2.01 2.30 2.44 2.43 2.33 2.14
  2   1.94 1.80 1.75 1.81 1.95 2.16 2.35 2.44 2.41 2.25 1.97 1.60 1.20 0.82 0.67 0.71 0.91 1.26 1.76 2.17 2.46 2.60 2.58 2.44
  3   2.21 1.98 1.81 1.75 1.80 1.96 2.19 2.37 2.46 2.43 2.26 1.88 1.44 1.04 0.72 0.59 0.68 0.99 1.44 1.92 2.37 2.66 2.76 2.69
  4   2.50 2.22 1.95 1.79 1.75 1.80 1.95 2.17 2.37 2.44 2.37 2.15 1.77 1.26 0.86 0.62 0.54 0.68 1.04 1.60 2.14 2.56 2.78 2.81
  5   2.68 2.41 2.12 1.88 1.75 1.73 1.82 2.03 2.28 2.45 2.47 2.31 1.99 1.55 1.07 0.67 0.52 0.57 0.87 1.33 1.89 2.38 2.70 2.83
  6   2.80 2.59 2.28 1.96 1.72 1.61 1.63 1.80 2.07 2.31 2.43 2.40 2.16 1.78 1.32 0.85 0.55 0.47 0.62 1.01 1.52 2.07 2.51 2.74
  7   2.78 2.66 2.38 2.06 1.75 1.54 1.49 1.57 1.83 2.12 2.32 2.40 2.34 2.05 1.62 1.16 0.73 0.55 0.57 0.78 1.19 1.73 2.26 2.62
  8   2.78 2.79 2.64 2.31 1.97 1.69 1.52 1.53 1.69 1.97 2.24 2.41 2.43 2.27 1.92 1.50 1.05 0.74 0.65 0.73 1.02 1.51 2.07 2.49
  9   2.76 2.82 2.72 2.48 2.13 1.80 1.58 1.50 1.56 1.79 2.08 2.31 2.40 2.35 2.15 1.80 1.38 1.01 0.83 0.83 1.01 1.38 1.87 2.35
 10   2.71 2.85 2.82 2.66 2.35 1.97 1.69 1.55 1.54 1.66 1.90 2.17 2.33 2.35 2.23 1.96 1.60 1.26 1.00 0.92 1.00 1.24 1.60 2.08
 11   2.46 2.70 2.79 2.70 2.45 2.07 1.76 1.56 1.47 1.50 1.67 1.93 2.14 2.23 2.19 2.05 1.79 1.47 1.21 1.07 1.06 1.18 1.48 1.90
 12   2.32 2.61 2.76 2.77 2.62 2.30 1.95 1.70 1.55 1.51 1.58 1.75 1.97 2.13 2.19 2.15 2.00 1.77 1.52 1.34 1.28 1.32 1.49 1.78
 13   2.17 2.50 2.70 2.75 2.66 2.43 2.13 1.81 1.59 1.46 1.44 1.51 1.68 1.87 2.02 2.08 2.04 1.92 1.75 1.59 1.47 1.42 1.47 1.63
 14   1.91 2.25 2.48 2.59 2.58 2.45 2.20 1.89 1.60 1.38 1.26 1.27 1.37 1.53 1.72 1.88 1.98 2.01 1.95 1.83 1.71 1.61 1.58 1.65
 15   1.84 2.08 2.31 2.49 2.57 2.53 2.39 2.15 1.83 1.53 1.32 1.20 1.18 1.26 1.43 1.64 1.85 2.03 2.13 2.12 2.02 1.91 1.82 1.77
 16   1.81 1.95 2.14 2.33 2.49 2.55 2.50 2.34 2.07 1.74 1.43 1.18 1.03 1.01 1.12 1.33 1.62 1.89 2.13 2.27 2.29 2.22 2.10 1.98
 17   1.90 1.88 1.96 2.13 2.32 2.46 2.52 2.46 2.27 1.97 1.64 1.31 0.99 0.82 0.80 0.93 1.23 1.60 1.98 2.30 2.47 2.50 2.41 2.24
 18   2.06 1.93 1.89 1.95 2.10 2.28 2.44 2.51 2.46 2.27 1.95 1.56 1.15 0.77 0.60 0.63 0.85 1.32 1.80 2.25 2.60 2.76 2.74 2.56
 19   2.31 2.05 1.87 1.83 1.91 2.09 2.32 2.51 2.59 2.53 2.29 1.90 1.38 0.91 0.56 0.42 0.51 0.84 1.40 2.00 2.49 2.82 2.93 2.85
 20   2.63 2.30 1.99 1.80 1.76 1.84 2.08 2.39 2.62 2.72 2.62 2.32 1.86 1.32 0.73 0.37 0.30 0.46 0.92 1.56 2.20 2.73 3.04 3.09
 21   2.95 2.61 2.20 1.85 1.65 1.63 1.77 2.07 2.45 2.73 2.83 2.69 2.34 1.87 1.24 0.65 0.29 0.23 0.42 0.89 1.57 2.26 2.80 3.11
 22   3.15 3.00 2.63 2.12 1.70 1.48 1.45 1.62 1.99 2.46 2.76 2.86 2.74 2.32 1.74 1.12 0.55 0.23 0.22 0.48 1.04 1.77 2.46 2.92
 23   3.15 3.16 2.95 2.45 1.91 1.45 1.25 1.26 1.49 2.00 2.46 2.74 2.83 2.64 2.16 1.58 0.98 0.49 0.30 0.36 0.75 1.34 2.12 2.68
 24   3.03 3.16 3.03 2.67 2.10 1.57 1.20 1.05 1.13 1.47 2.00 2.40 2.64 2.67 2.48 2.03 1.51 0.97 0.57 0.45 0.59 0.98 1.55 2.23
 25   2.74 3.01 3.03 2.81 2.35 1.80 1.34 0.99 0.91 1.03 1.36 1.82 2.22 2.43 2.45 2.26 1.86 1.40 0.98 0.73 0.67 0.80 1.23 1.76
 26   2.33 2.71 2.87 2.83 2.56 2.07 1.56 1.12 0.83 0.74 0.88 1.22 1.62 1.98 2.20 2.21 2.04 1.76 1.41 1.11 0.93 0.94 1.16 1.50
 27   1.94 2.35 2.60 2.69 2.57 2.29 1.89 1.44 1.05 0.82 0.78 0.92 1.19 1.53 1.85 2.03 2.07 1.99 1.80 1.57 1.38 1.27 1.28 1.44
 28   1.74 2.07 2.33 2.50 2.55 2.43 2.16 1.78 1.42 1.09 0.87 0.83 0.94 1.19 1.50 1.79 2.00 2.10 2.07 1.95 1.80 1.67 1.59 1.58
 29   1.68 1.88 2.11 2.30 2.42 2.44 2.32 2.07 1.77 1.45 1.15 0.97 0.91 0.99 1.22 1.50 1.79 2.03 2.19 2.26 2.24 2.16 2.05 1.93
 30   1.85 1.85 1.95 2.12 2.28 2.37 2.39 2.33 2.13 1.82 1.50 1.21 1.00 0.90 0.95 1.14 1.41 1.72 2.03 2.26 2.37 2.38 2.30 2.13
 31   1.96 1.87 1.85 1.90 2.01 2.15 2.26 2.31 2.27 2.10 1.79 1.47 1.15 0.93 0.85 0.91 1.10 1.44 1.81 2.14 2.39 2.51 2.50 2.37
 ----------------------------------------------------------------------------------------------------------------------------
                                                                                               
 ----------------------------------------------------------------------------------------------------------------------------
 ----------------------------------------------------------------------------------------------------------------------------
                                                          SURVEY OF INDIA
                                                    MARINE GEODESY WING (G&RB)
                                                     HOURLY HEIGHTS IN METRES
  NAME OF PORT:- PORBANDAR                                                                          MONTH FEBRUARY  YEAR 2019
 ----------------------------------------------------------------------------------------------------------------------------
 DAYS 0000 0001 0002 0003 0004 0005 0006 0007 0008 0009 0010 0011 0012 0013 0014 0015 0016 0017 0018 0019 0020 0021 0022 0023
 ----------------------------------------------------------------------------------------------------------------------------
  1   2.18 1.98 1.83 1.76 1.80 1.91 2.06 2.18 2.23 2.19 2.03 1.70 1.33 1.01 0.79 0.74 0.84 1.12 1.51 1.92 2.26 2.49 2.56 2.48
  2   2.28 2.04 1.83 1.67 1.63 1.69 1.85 2.03 2.15 2.19 2.09 1.85 1.51 1.14 0.82 0.66 0.64 0.81 1.20 1.64 2.10 2.44 2.60 2.60
  3   2.46 2.19 1.91 1.69 1.57 1.58 1.72 1.95 2.16 2.28 2.29 2.17 1.86 1.48 1.13 0.82 0.70 0.77 1.07 1.50 2.00 2.44 2.72 2.80
  4   2.71 2.48 2.16 1.88 1.68 1.59 1.65 1.86 2.13 2.34 2.44 2.39 2.16 1.78 1.37 0.97 0.75 0.73 0.88 1.21 1.76 2.29 2.65 2.81
  5   2.79 2.63 2.30 1.94 1.64 1.51 1.52 1.67 1.94 2.23 2.42 2.47 2.35 1.99 1.57 1.14 0.79 0.66 0.72 1.01 1.50 2.04 2.49 2.76
  6   2.83 2.70 2.42 2.07 1.71 1.49 1.41 1.49 1.70 2.01 2.30 2.44 2.41 2.17 1.77 1.35 0.95 0.71 0.68 0.85 1.23 1.76 2.29 2.62
  7   2.77 2.73 2.51 2.15 1.77 1.45 1.28 1.29 1.45 1.76 2.08 2.27 2.29 2.17 1.87 1.42 1.00 0.71 0.62 0.70 1.04 1.50 2.00 2.41
  8   2.63 2.64 2.47 2.16 1.74 1.40 1.17 1.09 1.20 1.47 1.84 2.11 2.23 2.21 2.03 1.68 1.26 0.93 0.77 0.76 0.93 1.33 1.82 2.29
  9   2.56 2.63 2.56 2.31 1.93 1.50 1.19 1.06 1.09 1.26 1.56 1.90 2.13 2.23 2.18 1.93 1.57 1.26 1.01 0.91 1.00 1.26 1.68 2.12
 10   2.46 2.62 2.61 2.45 2.12 1.67 1.33 1.12 1.03 1.09 1.29 1.62 1.92 2.10 2.16 2.07 1.85 1.54 1.27 1.13 1.13 1.30 1.60 1.94
 11   2.31 2.56 2.63 2.55 2.30 1.94 1.56 1.27 1.10 1.06 1.17 1.41 1.70 1.97 2.13 2.14 2.03 1.85 1.63 1.45 1.37 1.41 1.57 1.86
 12   2.22 2.47 2.60 2.60 2.45 2.16 1.80 1.47 1.20 1.09 1.10 1.22 1.45 1.73 1.95 2.07 2.10 2.06 1.93 1.74 1.61 1.58 1.63 1.78
 13   2.04 2.30 2.47 2.53 2.49 2.30 2.01 1.70 1.39 1.14 1.03 1.04 1.16 1.38 1.62 1.85 2.03 2.11 2.08 1.99 1.88 1.79 1.74 1.77
 14   1.89 2.07 2.25 2.37 2.40 2.34 2.18 1.92 1.60 1.31 1.07 0.92 0.89 0.99 1.21 1.48 1.75 1.98 2.13 2.17 2.12 2.02 1.90 1.82
 15   1.80 1.84 1.95 2.11 2.24 2.29 2.26 2.12 1.87 1.56 1.25 0.98 0.77 0.69 0.80 1.07 1.40 1.73 2.05 2.26 2.35 2.32 2.18 2.00
 16   1.86 1.77 1.77 1.87 2.02 2.17 2.27 2.29 2.20 1.98 1.65 1.24 0.85 0.63 0.59 0.71 0.99 1.40 1.87 2.27 2.53 2.64 2.59 2.40
 17   2.16 1.92 1.77 1.73 1.83 2.04 2.27 2.45 2.51 2.41 2.15 1.76 1.26 0.84 0.55 0.47 0.63 0.99 1.53 2.07 2.52 2.79 2.85 2.76
 18   2.45 2.09 1.80 1.61 1.59 1.72 1.98 2.26 2.50 2.61 2.53 2.21 1.71 1.17 0.73 0.42 0.33 0.50 1.00 1.60 2.22 2.70 2.97 2.99
 19   2.82 2.45 1.95 1.57 1.36 1.35 1.52 1.86 2.30 2.59 2.70 2.57 2.22 1.70 1.13 0.60 0.27 0.25 0.48 1.01 1.72 2.40 2.85 3.08
 20   3.04 2.80 2.29 1.76 1.34 1.12 1.17 1.43 1.93 2.46 2.79 2.86 2.72 2.32 1.75 1.10 0.56 0.32 0.37 0.68 1.25 1.99 2.63 3.00
 21   3.07 2.99 2.62 2.08 1.47 1.05 0.88 0.98 1.33 1.91 2.44 2.76 2.82 2.64 2.20 1.62 0.98 0.57 0.41 0.55 0.96 1.60 2.35 2.90
 22   3.12 3.09 2.84 2.36 1.70 1.15 0.82 0.75 0.95 1.41 2.06 2.55 2.77 2.75 2.53 2.09 1.51 1.01 0.71 0.66 0.82 1.27 1.90 2.55
 23   2.93 3.07 2.96 2.64 2.09 1.40 0.92 0.73 0.74 0.97 1.50 2.09 2.49 2.68 2.65 2.43 2.04 1.60 1.19 0.96 0.92 1.09 1.50 2.02
 24   2.53 2.82 2.90 2.80 2.47 1.98 1.39 0.99 0.82 0.84 1.07 1.53 2.05 2.39 2.55 2.55 2.39 2.08 1.74 1.43 1.25 1.23 1.38 1.73
 25   2.14 2.51 2.71 2.74 2.62 2.31 1.87 1.38 1.05 0.91 0.95 1.17 1.57 1.99 2.28 2.42 2.44 2.34 2.12 1.87 1.66 1.54 1.54 1.67
 26   1.94 2.26 2.49 2.58 2.57 2.43 2.14 1.76 1.37 1.12 1.00 1.05 1.27 1.60 1.92 2.15 2.29 2.34 2.30 2.16 2.01 1.90 1.83 1.85
 27   1.98 2.18 2.36 2.47 2.49 2.40 2.22 1.94 1.65 1.36 1.17 1.09 1.12 1.26 1.50 1.77 2.00 2.19 2.29 2.30 2.25 2.15 2.01 1.90
 28   1.88 1.93 2.02 2.13 2.20 2.22 2.18 2.07 1.86 1.63 1.40 1.18 1.05 1.06 1.19 1.42 1.70 1.99 2.25 2.40 2.44 2.40 2.30 2.17
 ----------------------------------------------------------------------------------------------------------------------------
                                                                                               
 ----------------------------------------------------------------------------------------------------------------------------
 ----------------------------------------------------------------------------------------------------------------------------
                                                          SURVEY OF INDIA
                                                    MARINE GEODESY WING (G&RB)
                                                     HOURLY HEIGHTS IN METRES
  NAME OF PORT:- PORBANDAR                                                                          MONTH MARCH     YEAR 2019
 ----------------------------------------------------------------------------------------------------------------------------
 DAYS 0000 0001 0002 0003 0004 0005 0006 0007 0008 0009 0010 0011 0012 0013 0014 0015 0016 0017 0018 0019 0020 0021 0022 0023
 ----------------------------------------------------------------------------------------------------------------------------
  1   2.03 1.92 1.89 1.94 2.03 2.12 2.19 2.19 2.12 1.97 1.74 1.46 1.20 1.07 1.06 1.18 1.43 1.75 2.05 2.29 2.44 2.47 2.40 2.27
  2
  3
  4
  5
  6
  7
  8
  9
 10   2.74 2.79 2.59 2.26 1.81 1.35 1.04 0.92 1.01 1.27 1.71 2.12 2.42 2.53 2.43 2.17 1.83 1.47 1.22 1.13 1.23 1.50 1.91 2.37
 11   2.67 2.76 2.68 2.42 2.02 1.52 1.14 0.90 0.87 1.03 1.39 1.86 2.22 2.42 2.43 2.31 2.03 1.71 1.44 1.27 1.23 1.35 1.66 2.05
 12   2.42 2.62 2.63 2.48 2.17 1.77 1.35 0.98 0.81 0.83 1.05 1.45 1.86 2.17 2.33 2.36 2.28 2.00 1.66 1.46 1.38 1.43 1.62 1.93
 13   2.27 2.47 2.53 2.47 2.26 1.93 1.48 1.15 0.94 0.83 0.86 1.07 1.40 1.76 2.06 2.23 2.25 2.15 1.94 1.72 1.54 1.47 1.51 1.67
 14   1.94 2.19 2.33 2.35 2.26 2.03 1.70 1.38 1.11 0.89 0.79 0.81 0.95 1.25 1.61 1.91 2.09 2.13 2.07 1.96 1.83 1.71 1.62 1.63
 15   1.76 1.95 2.09 2.16 2.17 2.10 1.89 1.61 1.33 1.07 0.85 0.73 0.76 0.99 1.32 1.63 1.91 2.13 2.21 2.19 2.09 1.95 1.80 1.72
 16   1.73 1.81 1.94 2.06 2.12 2.12 2.05 1.89 1.64 1.37 1.12 0.92 0.81 0.82 0.97 1.29 1.66 2.01 2.28 2.41 2.43 2.34 2.16 1.97
 17   1.82 1.75 1.78 1.90 2.05 2.18 2.25 2.25 2.14 1.89 1.59 1.28 1.02 0.87 0.84 0.97 1.35 1.80 2.22 2.53 2.70 2.72 2.59 2.33
 18   2.06 1.80 1.65 1.65 1.79 2.02 2.27 2.43 2.48 2.38 2.15 1.79 1.37 1.01 0.78 0.72 0.86 1.22 1.71 2.22 2.65 2.86 2.84 2.66
 19   2.32 1.91 1.58 1.39 1.38 1.57 1.87 2.26 2.57 2.71 2.58 2.29 1.86 1.35 0.95 0.69 0.65 0.87 1.30 1.86 2.43 2.85 3.03 2.95
 20   2.70 2.21 1.67 1.32 1.15 1.17 1.39 1.89 2.36 2.71 2.83 2.71 2.38 1.87 1.32 0.87 0.60 0.62 0.91 1.40 2.12 2.69 3.05 3.11
 21   2.94 2.59 2.03 1.42 1.00 0.81 0.99 1.35 1.92 2.45 2.83 2.91 2.73 2.34 1.87 1.27 0.83 0.62 0.72 1.11 1.69 2.38 2.89 3.15
 22
 23
 24
 25
 26
 27
 28
 29
 30
 31   2.05 1.90 1.79 1.79 1.87 2.00 2.12 2.19 2.19 2.09 1.91 1.71 1.49 1.31 1.26 1.30 1.43 1.67 2.10 2.42 2.57 2.61 2.56 2.39
 ----------------------------------------------------------------------------------------------------------------------------
                                                                                               
 ----------------------------------------------------------------------------------------------------------------------------
 ----------------------------------------------------------------------------------------------------------------------------
                                                          SURVEY OF INDIA
                                                    MARINE GEODESY WING (G&RB)
                                                     HOURLY HEIGHTS IN METRES
  NAME OF PORT:- PORBANDAR                                                                          MONTH APRIL     YEAR 2019
 ----------------------------------------------------------------------------------------------------------------------------
 DAYS 0000 0001 0002 0003 0004 0005 0006 0007 0008 0009 0010 0011 0012 0013 0014 0015 0016 0017 0018 0019 0020 0021 0022 0023
 ----------------------------------------------------------------------------------------------------------------------------
  1
  2
  3
  4
  5
  6
  7
  8
  9
 10
 11
 12
 13
 14
 15
 16
 17
 18
 19
 20
 21
 22
 23
 24
 25
 26
 27
 28
 29
 30
 ----------------------------------------------------------------------------------------------------------------------------
                                                          SURVEY OF INDIA
                                                    MARINE GEODESY WING (G&RB)
                                                     HOURLY HEIGHTS IN METRES
  NAME OF PORT:- PORBANDAR                                                                          MONTH MAY       YEAR 2019
 ----------------------------------------------------------------------------------------------------------------------------
 DAYS 0000 0001 0002 0003 0004 0005 0006 0007 0008 0009 0010 0011 0012 0013 0014 0015 0016 0017 0018 0019 0020 0021 0022 0023
 ----------------------------------------------------------------------------------------------------------------------------
  1
  2   2.02 1.61 1.35 1.15 1.09 1.19 1.47 1.84 2.16 2.38 2.45 2.33 2.09 1.75 1.50 1.36 1.35 1.51 1.81 2.17 2.46 2.63 2.69 2.55
  3   2.17 1.74 1.37 1.10 0.95 0.97 1.19 1.60 2.06 2.42 2.61 2.60 2.40 2.05 1.71 1.49 1.39 1.44 1.65 2.00 2.36 2.61 2.71 2.65
  4   2.34 1.91 1.46 1.06 0.85 0.79 0.93 1.32 1.86 2.34 2.65 2.73 2.66 2.38 2.01 1.68 1.48 1.42 1.57 1.94 2.33 2.67 2.85 2.79
  5   2.47 2.00 1.56 1.15 0.87 0.74 0.78 1.05 1.77 2.33 2.69 2.84 2.78 2.56 2.20 1.80 1.56 1.47 1.54 1.75 2.09 2.50 2.74 2.77
  6   2.57 2.21 1.76 1.26 0.83 0.61 0.62 0.89 1.37 1.97 2.45 2.74 2.82 2.72 2.45 2.07 1.73 1.53 1.48 1.60 1.88 2.27 2.58 2.70
  7   2.63 2.40 2.02 1.49 0.95 0.58 0.45 0.58 0.96 1.52 2.10 2.55 2.75 2.76 2.61 2.25 1.86 1.58 1.47 1.55 1.78 2.14 2.50 2.68
  8   2.66 2.41 2.04 1.59 1.09 0.70 0.53 0.56 0.77 1.16 1.71 2.22 2.57 2.72 2.70 2.52 2.16 1.82 1.61 1.55 1.62 1.86 2.24 2.48
  9   2.55 2.47 2.24 1.84 1.37 0.94 0.67 0.59 0.66 0.91 1.33 1.82 2.30 2.60 2.69 2.63 2.38 2.06 1.78 1.61 1.58 1.69 1.91 2.15
 10   2.33 2.40 2.31 2.04 1.66 1.25 0.94 0.73 0.64 0.72 0.95 1.37 1.85 2.22 2.48 2.60 2.55 2.33 2.04 1.81 1.63 1.57 1.65 1.85
 11   2.07 2.23 2.29 2.19 1.98 1.68 1.36 1.07 0.86 0.77 0.85 1.11 1.46 1.90 2.27 2.48 2.54 2.50 2.32 2.06 1.83 1.66 1.59 1.63
 12   1.78 1.96 2.10 2.15 2.09 1.92 1.69 1.44 1.21 1.02 0.92 0.96 1.15 1.47 1.87 2.20 2.42 2.50 2.47 2.33 2.06 1.80 1.58 1.46
 13   1.45 1.54 1.70 1.89 2.02 2.06 2.01 1.82 1.58 1.35 1.15 1.03 1.00 1.07 1.32 1.67 2.05 2.33 2.47 2.44 2.25 1.94 1.63 1.35
 14   1.19 1.17 1.26 1.47 1.73 1.96 2.09 2.11 1.98 1.74 1.45 1.17 1.03 1.02 1.14 1.42 1.82 2.21 2.48 2.60 2.54 2.33 1.98 1.54
 15   1.22 1.01 0.95 1.05 1.35 1.72 2.04 2.26 2.35 2.24 2.00 1.67 1.37 1.17 1.11 1.24 1.54 1.95 2.34 2.63 2.72 2.64 2.38 1.92
 16   1.44 1.09 0.89 0.87 1.05 1.43 1.90 2.27 2.53 2.61 2.52 2.25 1.84 1.54 1.37 1.33 1.48 1.82 2.25 2.63 2.86 2.87 2.68 2.31
 17   1.80 1.22 0.85 0.67 0.72 0.98 1.49 2.02 2.48 2.74 2.80 2.64 2.28 1.89 1.52 1.32 1.32 1.47 1.80 2.30 2.64 2.80 2.77 2.49
 18   2.02 1.45 0.93 0.57 0.43 0.59 0.99 1.60 2.18 2.63 2.85 2.85 2.66 2.33 1.88 1.55 1.35 1.35 1.54 1.92 2.35 2.65 2.73 2.58
 19   2.22 1.74 1.13 0.63 0.35 0.32 0.55 1.02 1.65 2.25 2.64 2.81 2.76 2.51 2.14 1.75 1.43 1.30 1.36 1.60 2.00 2.40 2.60 2.57
 20   2.36 1.96 1.40 0.85 0.45 0.28 0.35 0.73 1.24 1.84 2.38 2.71 2.81 2.72 2.43 2.02 1.69 1.47 1.39 1.49 1.77 2.15 2.44 2.55
 21   2.46 2.20 1.80 1.24 0.78 0.47 0.37 0.55 0.93 1.46 2.06 2.52 2.76 2.79 2.64 2.36 1.97 1.68 1.51 1.50 1.63 1.93 2.27 2.45
 22   2.49 2.36 2.05 1.58 1.11 0.76 0.59 0.60 0.81 1.22 1.72 2.25 2.58 2.76 2.81 2.67 2.38 2.08 1.84 1.70 1.68 1.80 2.03 2.29
 23   2.46 2.47 2.34 2.09 1.75 1.34 1.03 0.85 0.85 1.06 1.42 1.90 2.33 2.62 2.76 2.75 2.57 2.31 2.07 1.85 1.72 1.73 1.86 2.07
 24   2.26 2.35 2.32 2.17 1.93 1.64 1.33 1.09 1.00 1.03 1.25 1.63 2.05 2.38 2.59 2.68 2.62 2.46 2.24 2.02 1.84 1.75 1.77 1.89
 25   2.04 2.16 2.23 2.22 2.09 1.86 1.62 1.38 1.21 1.15 1.24 1.46 1.79 2.14 2.40 2.55 2.58 2.50 2.35 2.14 1.94 1.81 1.76 1.78
 26   1.88 1.99 2.06 2.09 2.05 1.93 1.74 1.56 1.40 1.30 1.28 1.36 1.58 1.86 2.14 2.36 2.50 2.52 2.43 2.29 2.11 1.93 1.79 1.71
 27   1.72 1.78 1.87 1.95 2.00 2.00 1.95 1.83 1.69 1.55 1.46 1.45 1.51 1.70 1.95 2.20 2.41 2.52 2.55 2.48 2.34 2.13 1.94 1.77
 28   1.65 1.62 1.66 1.76 1.89 2.00 2.07 2.07 1.98 1.83 1.67 1.57 1.55 1.62 1.78 2.00 2.23 2.38 2.44 2.42 2.33 2.16 1.95 1.71
 29   1.50 1.39 1.41 1.51 1.69 1.89 2.06 2.16 2.17 2.07 1.90 1.74 1.62 1.59 1.68 1.86 2.11 2.34 2.50 2.58 2.54 2.38 2.13 1.79
 30   1.49 1.29 1.21 1.28 1.47 1.75 2.04 2.25 2.33 2.31 2.19 1.99 1.79 1.64 1.59 1.69 1.88 2.14 2.39 2.55 2.58 2.49 2.25 1.90
 31   1.54 1.23 1.06 1.03 1.17 1.48 1.83 2.17 2.41 2.52 2.46 2.27 2.04 1.84 1.68 1.63 1.74 1.98 2.27 2.53 2.66 2.63 2.44 2.09
 ----------------------------------------------------------------------------------------------------------------------------
                                                                                               
 ----------------------------------------------------------------------------------------------------------------------------
 ----------------------------------------------------------------------------------------------------------------------------
                                                          SURVEY OF INDIA
                                                    MARINE GEODESY WING (G&RB)
                                                     HOURLY HEIGHTS IN METRES
  NAME OF PORT:- PORBANDAR                                                                          MONTH JUNE      YEAR 2019
 ----------------------------------------------------------------------------------------------------------------------------
 DAYS 0000 0001 0002 0003 0004 0005 0006 0007 0008 0009 0010 0011 0012 0013 0014 0015 0016 0017 0018 0019 0020 0021 0022 0023
 ----------------------------------------------------------------------------------------------------------------------------
  1   1.68 1.28 0.98 0.83 0.90 1.15 1.55 2.01 2.37 2.60 2.67 2.55 2.30 2.02 1.78 1.64 1.66 1.81 2.09 2.41 2.62 2.70 2.61 2.34
  2   1.95 1.46 1.07 0.81 0.72 0.85 1.25 1.76 2.22 2.59 2.80 2.82 2.68 2.37 2.05 1.80 1.68 1.75 1.97 2.27 2.57 2.75 2.75 2.56
  3   2.20 1.70 1.22 0.82 0.60 0.61 0.86 1.30 1.86 2.34 2.71 2.90 2.88 2.66 2.28 1.91 1.69 1.63 1.73 1.99 2.35 2.64 2.77 2.71
  4   2.40 1.95 1.39 0.89 0.55 0.42 0.55 0.90 1.39 1.98 2.56 2.84 2.90 2.77 2.49 2.10 1.78 1.60 1.59 1.75 2.05 2.41 2.65 2.73
  5   2.60 2.27 1.81 1.27 0.74 0.44 0.42 0.65 1.11 1.72 2.32 2.74 2.95 2.96 2.80 2.43 2.06 1.77 1.61 1.64 1.84 2.20 2.51 2.71
  6   2.71 2.50 2.12 1.66 1.04 0.59 0.43 0.51 0.78 1.24 1.90 2.41 2.77 2.95 2.93 2.68 2.31 1.97 1.68 1.56 1.63 1.84 2.18 2.47
  7   2.59 2.55 2.33 1.92 1.42 0.89 0.58 0.49 0.59 0.89 1.40 1.98 2.48 2.78 2.92 2.87 2.61 2.19 1.87 1.63 1.57 1.70 1.95 2.25
  8   2.45 2.50 2.40 2.14 1.77 1.30 0.92 0.71 0.67 0.81 1.16 1.63 2.12 2.53 2.80 2.90 2.81 2.53 2.16 1.85 1.61 1.55 1.66 1.91
  9   2.16 2.33 2.41 2.35 2.10 1.79 1.49 1.17 0.95 0.89 1.05 1.37 1.75 2.19 2.55 2.79 2.86 2.77 2.45 2.10 1.83 1.61 1.54 1.63
 10   1.81 2.03 2.24 2.35 2.33 2.19 1.95 1.67 1.41 1.23 1.17 1.29 1.55 1.91 2.34 2.68 2.89 2.92 2.81 2.55 2.24 1.93 1.65 1.52
 11   1.54 1.70 1.93 2.18 2.35 2.43 2.43 2.31 2.10 1.86 1.65 1.53 1.58 1.83 2.18 2.55 2.87 3.06 3.08 2.97 2.73 2.36 2.04 1.76
 12   1.56 1.53 1.69 1.98 2.27 2.50 2.67 2.76 2.71 2.54 2.31 2.13 2.03 2.04 2.15 2.36 2.69 3.10 3.27 3.25 3.08 2.79 2.40 1.99
 13   1.69 1.51 1.48 1.62 1.92 2.28 2.67 3.03 3.26 3.29 3.15 2.88 2.60 2.40 2.32 2.36 2.51 2.84 3.33 3.48 3.42 3.19 2.84 2.43
 14   1.94 1.61 1.45 1.42 1.56 1.92 2.39 2.79 3.07 3.20 3.16 2.95 2.67 2.46 2.33 2.29 2.40 2.64 2.96 3.25 3.41 3.38 3.18 2.79
 15   2.26 1.80 1.41 1.22 1.22 1.43 1.82 2.36 2.90 3.12 3.13 3.02 2.75 2.42 2.13 1.97 1.95 2.07 2.32 2.65 2.92 3.04 2.98 2.73
 16   2.31 1.88 1.45 1.09 0.95 1.04 1.40 1.93 2.46 2.95 3.18 3.19 3.03 2.75 2.43 2.15 1.95 1.91 2.05 2.32 2.63 2.87 2.94 2.78
 17   2.40 1.98 1.51 1.06 0.80 0.77 0.98 1.44 2.05 2.61 3.00 3.19 3.17 3.01 2.71 2.39 2.15 2.01 2.05 2.23 2.55 2.83 2.95 2.89
 18   2.65 2.24 1.73 1.27 0.91 0.77 0.90 1.24 1.75 2.31 2.77 3.04 3.11 3.01 2.77 2.39 2.10 1.93 1.90 1.99 2.18 2.44 2.67 2.75
 19   2.64 2.33 1.90 1.43 1.02 0.76 0.75 1.00 1.46 2.00 2.45 2.78 2.97 2.99 2.87 2.56 2.18 1.92 1.79 1.79 1.93 2.20 2.50 2.64
 20   2.63 2.47 2.13 1.72 1.26 0.93 0.79 0.84 1.09 1.50 2.03 2.49 2.76 2.88 2.85 2.67 2.34 2.03 1.83 1.74 1.77 1.95 2.25 2.45
 21   2.51 2.45 2.28 1.98 1.53 1.15 0.95 0.89 0.95 1.20 1.58 2.07 2.43 2.62 2.69 2.62 2.37 2.08 1.85 1.69 1.61 1.68 1.86 2.11
 22
 23
 24
 25
 26   1.45 1.60 1.75 1.89 1.99 2.05 2.03 1.94 1.81 1.69 1.60 1.58 1.64 1.84 2.10 2.32 2.48 2.54 2.49 2.33 2.09 1.83 1.58 1.41
 27   1.33 1.35 1.44 1.61 1.82 1.99 2.11 2.14 2.08 1.95 1.81 1.71 1.68 1.73 1.90 2.13 2.34 2.47 2.51 2.45 2.25 1.98 1.68 1.45
 28
 29
 30
 ----------------------------------------------------------------------------------------------------------------------------
                                                                                               
 ----------------------------------------------------------------------------------------------------------------------------
 ----------------------------------------------------------------------------------------------------------------------------
                                                          SURVEY OF INDIA
                                                    MARINE GEODESY WING (G&RB)
                                                     HOURLY HEIGHTS IN METRES
  NAME OF PORT:- PORBANDAR                                                                          MONTH JULY      YEAR 2019
 ----------------------------------------------------------------------------------------------------------------------------
 DAYS 0000 0001 0002 0003 0004 0005 0006 0007 0008 0009 0010 0011 0012 0013 0014 0015 0016 0017 0018 0019 0020 0021 0022 0023
 ----------------------------------------------------------------------------------------------------------------------------
  1
  2
  3
  4
  5
  6
  7   2.55 2.73 2.67 2.43 2.06 1.56 1.14 0.90 0.83 0.98 1.36 1.86 2.42 2.83 3.08 3.09 2.90 2.56 2.13 1.75 1.47 1.38 1.53 1.82
  8   2.20 2.48 2.60 2.53 2.33 2.04 1.66 1.32 1.12 1.07 1.24 1.58 2.01 2.50 2.86 3.01 2.99 2.79 2.44 2.00 1.64 1.39 1.32 1.44
  9   1.70 2.03 2.30 2.44 2.44 2.32 2.09 1.80 1.54 1.37 1.35 1.46 1.73 2.16 2.57 2.82 2.92 2.87 2.64 2.27 1.84 1.49 1.28 1.22
 10   1.33 1.57 1.86 2.13 2.31 2.37 2.33 2.19 1.97 1.76 1.61 1.57 1.60 1.73 2.02 2.31 2.49 2.56 2.49 2.26 1.89 1.50 1.13 0.91
 11   0.83 0.89 1.13 1.45 1.72 1.93 2.06 2.09 2.01 1.85 1.65 1.49 1.42 1.47 1.65 1.88 2.10 2.26 2.32 2.25 2.04 1.70 1.31 0.97
 12   0.70 0.59 0.65 0.90 1.23 1.56 1.88 2.10 2.17 2.14 1.99 1.80 1.70 1.72 1.83 2.01 2.23 2.42 2.56 2.61 2.54 2.29 1.95 1.56
 13   1.20 0.91 0.85 0.95 1.22 1.57 1.92 2.26 2.49 2.56 2.48 2.30 2.08 1.87 1.75 1.72 1.82 2.04 2.26 2.40 2.43 2.35 2.09 1.67
 14   1.29 0.91 0.65 0.57 0.70 1.06 1.52 1.99 2.35 2.57 2.59 2.47 2.24 1.97 1.74 1.59 1.57 1.69 1.91 2.14 2.29 2.32 2.19 1.91
 15   1.48 1.03 0.67 0.44 0.42 0.63 1.05 1.59 2.06 2.39 2.54 2.52 2.35 2.09 1.87 1.73 1.68 1.74 1.89 2.13 2.35 2.41 2.34 2.08
 16   1.69 1.23 0.82 0.52 0.39 0.50 0.84 1.32 1.82 2.25 2.51 2.60 2.54 2.34 2.03 1.73 1.51 1.43 1.51 1.74 2.01 2.22 2.31 2.24
 17   1.92 1.52 1.07 0.67 0.41 0.40 0.61 0.97 1.50 2.04 2.38 2.56 2.61 2.50 2.27 1.99 1.70 1.50 1.45 1.57 1.86 2.15 2.33 2.33
 18   2.16 1.85 1.41 0.91 0.60 0.46 0.51 0.79 1.24 1.78 2.24 2.54 2.63 2.58 2.39 2.13 1.86 1.62 1.49 1.51 1.67 1.96 2.23 2.34
 19   2.29 2.08 1.76 1.34 0.93 0.70 0.64 0.77 1.08 1.54 2.00 2.38 2.60 2.67 2.55 2.29 2.00 1.73 1.54 1.48 1.56 1.78 2.07 2.25
 20   2.32 2.23 2.01 1.66 1.27 0.94 0.81 0.83 1.02 1.38 1.83 2.23 2.52 2.68 2.70 2.52 2.19 1.86 1.60 1.46 1.47 1.62 1.88 2.17
 21   2.35 2.35 2.21 1.93 1.57 1.20 0.96 0.92 1.01 1.29 1.67 2.13 2.45 2.65 2.71 2.59 2.33 2.01 1.73 1.53 1.43 1.49 1.71 1.97
 22   2.18 2.28 2.27 2.11 1.80 1.47 1.24 1.10 1.08 1.22 1.57 1.97 2.34 2.60 2.72 2.66 2.45 2.16 1.85 1.58 1.43 1.42 1.54 1.72
 23   1.94 2.15 2.22 2.16 1.98 1.74 1.50 1.30 1.23 1.29 1.47 1.78 2.22 2.49 2.61 2.59 2.45 2.20 1.87 1.58 1.36 1.27 1.32 1.45
 24   1.66 1.86 1.98 1.99 1.91 1.76 1.56 1.36 1.27 1.28 1.37 1.59 1.89 2.17 2.37 2.44 2.40 2.25 1.94 1.63 1.39 1.23 1.16 1.21
 25   1.37 1.57 1.76 1.89 1.95 1.91 1.79 1.65 1.53 1.47 1.47 1.56 1.76 2.01 2.25 2.37 2.39 2.30 2.12 1.83 1.55 1.29 1.14 1.13
 26
 27
 28
 29
 30
 31
 ----------------------------------------------------------------------------------------------------------------------------
                                                                                               
 ----------------------------------------------------------------------------------------------------------------------------
 ----------------------------------------------------------------------------------------------------------------------------
                                                          SURVEY OF INDIA
                                                    MARINE GEODESY WING (G&RB)
                                                     HOURLY HEIGHTS IN METRES
  NAME OF PORT:- PORBANDAR                                                                          MONTH AUGUST    YEAR 2019
 ----------------------------------------------------------------------------------------------------------------------------
 DAYS 0000 0001 0002 0003 0004 0005 0006 0007 0008 0009 0010 0011 0012 0013 0014 0015 0016 0017 0018 0019 0020 0021 0022 0023
 ----------------------------------------------------------------------------------------------------------------------------
  1
  2
  3
  4
  5
  6
  7
  8
  9
 10
 11
 12
 13
 14
 15
 16
 17
 18
 19
 20
 21
 22
 23
 24
 25
 26
 27
 28
 29
 30
 31
 ----------------------------------------------------------------------------------------------------------------------------
                                                          SURVEY OF INDIA
                                                    MARINE GEODESY WING (G&RB)
                                                     HOURLY HEIGHTS IN METRES
  NAME OF PORT:- PORBANDAR                                                                          MONTH SEPT      YEAR 2019
 ----------------------------------------------------------------------------------------------------------------------------
 DAYS 0000 0001 0002 0003 0004 0005 0006 0007 0008 0009 0010 0011 0012 0013 0014 0015 0016 0017 0018 0019 0020 0021 0022 0023
 ----------------------------------------------------------------------------------------------------------------------------
  1
  2
  3
  4
  5
  6
  7
  8
  9
 10
 11
 12
 13
 14
 15
 16   2.58 2.40 2.10 1.65 1.25 1.05 1.01 1.16 1.49 1.97 2.40 2.67 2.73 2.57 2.27 1.82 1.34 1.03 0.91 1.01 1.28 1.69 2.15 2.47
 17   2.56 2.49 2.29 1.93 1.51 1.21 1.07 1.14 1.40 1.77 2.23 2.56 2.71 2.64 2.35 1.96 1.52 1.11 0.88 0.89 1.09 1.44 1.90 2.30
 18   2.51 2.54 2.43 2.19 1.80 1.45 1.27 1.23 1.37 1.69 2.11 2.45 2.67 2.71 2.55 2.18 1.67 1.27 1.00 0.89 0.98 1.22 1.63 2.05
 19   2.36 2.49 2.49 2.37 2.07 1.75 1.53 1.42 1.46 1.65 1.97 2.33 2.59 2.67 2.57 2.31 1.94 1.50 1.20 0.97 0.91 1.04 1.39 1.76
 20   2.12 2.35 2.49 2.47 2.34 2.08 1.82 1.67 1.63 1.73 1.93 2.24 2.52 2.66 2.65 2.52 2.23 1.83 1.48 1.23 1.11 1.11 1.27 1.58
 21   1.92 2.18 2.37 2.48 2.49 2.37 2.17 2.02 1.92 1.89 1.96 2.18 2.41 2.59 2.66 2.59 2.41 2.15 1.82 1.51 1.32 1.23 1.26 1.44
 22   1.74 2.03 2.29 2.49 2.60 2.59 2.52 2.40 2.28 2.20 2.19 2.25 2.38 2.54 2.65 2.68 2.61 2.46 2.23 1.95 1.69 1.51 1.42 1.41
 23   1.51 1.75 2.03 2.28 2.49 2.63 2.68 2.65 2.54 2.40 2.28 2.20 2.19 2.25 2.35 2.43 2.47 2.45 2.35 2.17 1.93 1.68 1.47 1.32
 24   1.28 1.37 1.57 1.83 2.14 2.44 2.63 2.72 2.70 2.57 2.38 2.20 2.07 2.01 2.03 2.12 2.27 2.41 2.47 2.43 2.27 2.01 1.70 1.41
 25   1.21 1.10 1.14 1.35 1.69 2.08 2.42 2.68 2.81 2.78 2.60 2.31 2.03 1.81 1.71 1.75 1.91 2.15 2.36 2.49 2.51 2.40 2.10 1.74
 26   1.34 1.06 0.93 0.95 1.18 1.60 2.09 2.56 2.87 2.99 2.89 2.61 2.21 1.87 1.59 1.47 1.55 1.80 2.16 2.52 2.75 2.77 2.59 2.30
 27
 28
 29
 30
 ----------------------------------------------------------------------------------------------------------------------------
                                                                                               
 ----------------------------------------------------------------------------------------------------------------------------
 ----------------------------------------------------------------------------------------------------------------------------
                                                          SURVEY OF INDIA
                                                    MARINE GEODESY WING (G&RB)
                                                     HOURLY HEIGHTS IN METRES
  NAME OF PORT:- PORBANDAR                                                                          MONTH OCTOBER   YEAR 2019
 ----------------------------------------------------------------------------------------------------------------------------
 DAYS 0000 0001 0002 0003 0004 0005 0006 0007 0008 0009 0010 0011 0012 0013 0014 0015 0016 0017 0018 0019 0020 0021 0022 0023
 ----------------------------------------------------------------------------------------------------------------------------
  1
  2
  3
  4
  5
  6
  7
  8
  9
 10   1.83 1.54 1.40 1.39 1.49 1.73 2.08 2.43 2.66 2.76 2.73 2.56 2.27 1.93 1.65 1.51 1.51 1.65 1.93 2.23 2.46 2.58 2.54 2.36
 11   2.07 1.74 1.47 1.35 1.39 1.58 1.88 2.29 2.62 2.79 2.81 2.68 2.40 2.02 1.69 1.46 1.38 1.47 1.74 2.11 2.46 2.67 2.71 2.60
 12   2.34 2.00 1.66 1.46 1.40 1.52 1.80 2.21 2.59 2.85 2.93 2.83 2.56 2.17 1.78 1.45 1.29 1.33 1.55 1.90 2.34 2.67 2.83 2.81
 13   2.61 2.29 1.91 1.59 1.44 1.47 1.69 2.05 2.46 2.80 2.95 2.91 2.69 2.31 1.85 1.41 1.17 1.13 1.28 1.64 2.12 2.53 2.79 2.85
 14   2.71 2.43 2.07 1.69 1.45 1.38 1.52 1.85 2.27 2.63 2.86 2.91 2.74 2.35 1.88 1.40 1.09 0.97 1.05 1.34 1.80 2.33 2.70 2.88
 15   2.85 2.65 2.30 1.88 1.55 1.41 1.44 1.64 2.02 2.48 2.78 2.89 2.81 2.51 2.06 1.53 1.11 0.90 0.90 1.13 1.54 2.07 2.56 2.85
 16   2.95 2.83 2.54 2.15 1.80 1.55 1.48 1.60 1.89 2.30 2.67 2.87 2.85 2.64 2.25 1.74 1.24 0.95 0.85 0.95 1.28 1.80 2.32 2.69
 17   2.90 2.92 2.75 2.44 2.07 1.77 1.62 1.61 1.79 2.12 2.49 2.75 2.82 2.72 2.42 1.97 1.45 1.10 0.90 0.88 1.08 1.48 2.00 2.46
 18   2.78 2.90 2.85 2.65 2.33 1.99 1.77 1.69 1.75 1.97 2.32 2.60 2.73 2.70 2.49 2.13 1.70 1.26 0.98 0.88 0.96 1.22 1.65 2.12
 19   2.51 2.74 2.81 2.75 2.54 2.23 2.00 1.86 1.83 1.93 2.16 2.44 2.63 2.68 2.58 2.35 2.00 1.61 1.27 1.08 1.05 1.19 1.46 1.83
 20   2.26 2.57 2.76 2.85 2.79 2.54 2.31 2.14 2.04 2.03 2.13 2.33 2.52 2.64 2.64 2.52 2.30 2.00 1.66 1.41 1.27 1.23 1.33 1.60
 21   1.94 2.28 2.56 2.75 2.81 2.75 2.61 2.43 2.28 2.17 2.15 2.23 2.37 2.50 2.57 2.56 2.48 2.31 2.06 1.79 1.57 1.44 1.40 1.46
 22   1.65 1.97 2.29 2.56 2.74 2.83 2.81 2.71 2.55 2.36 2.22 2.15 2.16 2.24 2.35 2.44 2.48 2.46 2.36 2.17 1.94 1.71 1.54 1.43
 23
 24
 25
 26
 27
 28
 29
 30
 31   3.08 3.09 2.96 2.69 2.23 1.89 1.69 1.63 1.77 2.08 2.52 2.80 2.87 2.74 2.45 1.96 1.39 0.92 0.67 0.63 0.78 1.25 1.81 2.41
 ----------------------------------------------------------------------------------------------------------------------------
                                                                                               
 ----------------------------------------------------------------------------------------------------------------------------
 ----------------------------------------------------------------------------------------------------------------------------
                                                          SURVEY OF INDIA
                                                    MARINE GEODESY WING (G&RB)
                                                     HOURLY HEIGHTS IN METRES
  NAME OF PORT:- PORBANDAR                                                                          MONTH NOVEMBER  YEAR 2019
 ----------------------------------------------------------------------------------------------------------------------------
 DAYS 0000 0001 0002 0003 0004 0005 0006 0007 0008 0009 0010 0011 0012 0013 0014 0015 0016 0017 0018 0019 0020 0021 0022 0023
 ----------------------------------------------------------------------------------------------------------------------------
  1   2.77 2.95 2.99 2.89 2.56 2.20 1.92 1.76 1.76 1.93 2.23 2.52 2.68 2.72 2.60 2.27 1.86 1.40 1.07 0.91 0.95 1.18 1.57 2.13
  2
  3
  4
  5
  6
  7
  8
  9
 10
 11
 12
 13   2.89 2.67 2.32 1.97 1.74 1.64 1.73 1.97 2.33 2.64 2.80 2.76 2.50 2.10 1.60 1.09 0.75 0.63 0.74 1.11 1.63 2.19 2.64 2.90
 14   2.95 2.81 2.52 2.14 1.85 1.65 1.63 1.79 2.10 2.45 2.70 2.76 2.62 2.25 1.78 1.27 0.87 0.65 0.61 0.83 1.31 1.88 2.43 2.79
 15   3.00 2.97 2.77 2.43 2.08 1.83 1.71 1.75 1.97 2.29 2.57 2.72 2.70 2.47 2.07 1.59 1.07 0.72 0.60 0.70 1.03 1.49 2.07 2.55
 16   2.84 2.96 2.89 2.67 2.30 2.00 1.80 1.73 1.80 2.04 2.36 2.57 2.66 2.56 2.28 1.84 1.38 0.97 0.72 0.65 0.80 1.16 1.62 2.17
 17
 18
 19
 20
 21
 22   1.45 1.49 1.68 1.97 2.36 2.67 2.86 2.94 2.83 2.56 2.19 1.82 1.49 1.31 1.30 1.44 1.73 2.07 2.37 2.55 2.57 2.47 2.23 1.90
 23   1.68 1.57 1.58 1.75 2.07 2.45 2.79 2.98 3.00 2.87 2.56 2.08 1.61 1.26 1.07 1.09 1.35 1.76 2.20 2.57 2.80 2.84 2.69 2.42
 24   2.10 1.81 1.65 1.67 1.83 2.13 2.56 2.88 3.06 3.05 2.84 2.40 1.80 1.30 0.92 0.77 0.88 1.22 1.78 2.33 2.75 3.01 3.04 2.86
 25   2.52 2.15 1.84 1.67 1.68 1.86 2.21 2.65 2.95 3.06 2.97 2.67 2.16 1.53 0.99 0.67 0.60 0.76 1.25 1.90 2.51 2.93 3.17 3.14
 26
 27
 28
 29
 30   2.80 3.00 2.98 2.79 2.44 2.10 1.84 1.71 1.72 1.89 2.17 2.40 2.52 2.49 2.28 1.93 1.49 1.10 0.83 0.73 0.80 1.11 1.56 2.07
 ----------------------------------------------------------------------------------------------------------------------------
                                                                                               
 ----------------------------------------------------------------------------------------------------------------------------
 ----------------------------------------------------------------------------------------------------------------------------
                                                          SURVEY OF INDIA
                                                    MARINE GEODESY WING (G&RB)
                                                     HOURLY HEIGHTS IN METRES
  NAME OF PORT:- PORBANDAR                                                                          MONTH DECEMBER  YEAR 2019
 ----------------------------------------------------------------------------------------------------------------------------
 DAYS 0000 0001 0002 0003 0004 0005 0006 0007 0008 0009 0010 0011 0012 0013 0014 0015 0016 0017 0018 0019 0020 0021 0022 0023
 ----------------------------------------------------------------------------------------------------------------------------
  1   2.49 2.77 2.88 2.82 2.62 2.30 2.02 1.82 1.73 1.78 1.94 2.15 2.30 2.35 2.27 2.08 1.78 1.42 1.14 0.96 0.92 1.05 1.36 1.77
  2   2.21 2.54 2.72 2.75 2.68 2.47 2.19 1.98 1.83 1.77 1.81 1.95 2.11 2.20 2.20 2.13 1.96 1.73 1.47 1.27 1.17 1.18 1.32 1.60
  3   1.98 2.34 2.57 2.69 2.70 2.60 2.41 2.19 2.00 1.87 1.82 1.86 1.96 2.07 2.13 2.14 2.11 2.00 1.83 1.66 1.51 1.46 1.49 1.62
  4
  5
  6
  7
  8
  9
 10
 11
 12
 13
 14   3.04 2.96 2.77 2.41 2.03 1.78 1.68 1.73 1.94 2.28 2.53 2.65 2.57 2.29 1.85 1.34 0.84 0.47 0.38 0.52 0.91 1.42 2.07 2.55
 15   2.85 2.96 2.87 2.60 2.20 1.87 1.67 1.63 1.75 2.00 2.27 2.49 2.56 2.43 2.10 1.65 1.17 0.70 0.46 0.47 0.68 1.06 1.61 2.20
 16   2.61 2.82 2.88 2.76 2.41 2.05 1.75 1.58 1.57 1.72 2.02 2.31 2.48 2.49 2.34 2.00 1.56 1.12 0.77 0.63 0.67 0.89 1.32 1.86
 17   2.33 2.67 2.87 2.86 2.67 2.35 2.02 1.73 1.55 1.56 1.72 1.96 2.21 2.38 2.39 2.25 1.95 1.58 1.25 0.97 0.85 0.91 1.16 1.54
 18   2.06 2.55 2.84 2.94 2.89 2.69 2.35 2.03 1.75 1.59 1.59 1.72 1.95 2.16 2.30 2.35 2.25 2.03 1.74 1.48 1.26 1.15 1.19 1.42
 19   1.78 2.19 2.57 2.83 2.93 2.85 2.63 2.27 1.94 1.62 1.43 1.41 1.53 1.76 2.01 2.22 2.34 2.32 2.18 1.95 1.71 1.49 1.36 1.37
 20   1.55 1.86 2.23 2.58 2.81 2.89 2.81 2.57 2.21 1.84 1.50 1.28 1.22 1.33 1.58 1.87 2.14 2.34 2.40 2.32 2.15 1.95 1.73 1.58
 21   1.55 1.67 1.93 2.28 2.58 2.78 2.85 2.76 2.50 2.13 1.75 1.37 1.12 1.04 1.13 1.37 1.73 2.07 2.33 2.47 2.47 2.36 2.18 1.96
 22   1.79 1.73 1.80 2.01 2.32 2.59 2.76 2.81 2.72 2.44 2.02 1.58 1.18 0.92 0.84 0.97 1.27 1.69 2.09 2.44 2.63 2.67 2.56 2.35
 23   2.10 1.90 1.82 1.85 1.98 2.22 2.51 2.72 2.79 2.68 2.37 1.91 1.40 1.01 0.77 0.72 0.87 1.25 1.77 2.28 2.66 2.87 2.91 2.78
 24   2.50 2.21 2.00 1.89 1.91 2.07 2.33 2.57 2.71 2.74 2.56 2.21 1.73 1.24 0.89 0.72 0.74 0.97 1.38 1.92 2.42 2.75 2.91 2.89
 25   2.71 2.41 2.12 1.92 1.84 1.89 2.10 2.36 2.59 2.69 2.69 2.45 2.06 1.56 1.10 0.78 0.66 0.77 1.06 1.54 2.04 2.55 2.85 2.95
 26   2.89 2.64 2.31 2.03 1.84 1.79 1.88 2.12 2.39 2.62 2.68 2.59 2.32 1.90 1.38 0.94 0.66 0.61 0.77 1.16 1.62 2.19 2.68 2.95
 27   2.98 2.87 2.56 2.22 1.93 1.76 1.73 1.86 2.15 2.41 2.60 2.67 2.59 2.21 1.74 1.20 0.76 0.54 0.55 0.82 1.25 1.78 2.35 2.82
 28   3.03 3.01 2.84 2.49 2.12 1.84 1.68 1.68 1.84 2.17 2.44 2.58 2.57 2.38 2.01 1.52 1.05 0.70 0.60 0.71 1.02 1.48 2.11 2.59
 29   2.86 2.97 2.90 2.61 2.26 1.97 1.74 1.60 1.63 1.90 2.19 2.37 2.44 2.37 2.14 1.74 1.26 0.94 0.74 0.68 0.82 1.20 1.72 2.22
 30
 31
 ----------------------------------------------------------------------------------------------------------------------------
                                                                                               
 ----------------------------------------------------------------------------------------------------------------------------
 ----------------------------------------------------------------------------------------------------------------------------
