                                                          SURVEY OF INDIA
                                                    MARINE GEODESY WING (G&RB)
                                                     HOURLY HEIGHTS IN METRES
  NAME OF PORT:- KANDLA                                                                             MONTH JANUARY   YEAR 2018
 ----------------------------------------------------------------------------------------------------------------------------
 DAYS 0000 0001 0002 0003 0004 0005 0006 0007 0008 0009 0010 0011 0012 0013 0014 0015 0016 0017 0018 0019 0020 0021 0022 0023
 ----------------------------------------------------------------------------------------------------------------------------
  1   6.24 6.86 6.92 6.48 5.48 4.24 3.10 2.16 1.74 2.04 3.30 4.68 5.72 6.32 6.34 5.76 4.50 3.14 1.84 0.80 0.40 0.60 1.90 3.86
  2   5.56 6.58 7.08 7.08 6.58 5.54 4.24 3.04 2.06 1.70 2.00 3.40 4.88 5.96 6.50 6.45 5.65 4.28 2.84 1.54 0.52 0.23 0.66 2.46
  3   4.62 6.02 6.92 7.25 7.10 6.46 5.30 3.98 2.78 1.85 1.65 2.14 3.68 5.18 6.24 6.68 6.42 5.44 4.02 2.64 1.38 0.50 0.30 0.80
  4   3.10 4.98 6.26 7.06 7.30 7.04 6.22 4.94 3.62 2.40 1.54 1.43 2.20 3.86 5.38 6.28 6.58 6.20 5.10 3.74 2.38 1.22 0.44 0.38
  5   1.38 3.52 5.22 6.40 7.10 7.22 6.84 5.88 4.50 3.22 2.10 1.30 1.25 2.36 4.10 5.46 6.26 6.46 6.02 4.90 3.58 2.32 1.26 0.70
  6   0.87 2.00 3.96 5.50 6.52 7.10 7.10 6.60 5.52 4.16 2.92 1.84 1.12 1.26 2.58 4.24 5.50 6.18 6.30 5.82 4.70 3.50 2.32 1.26
  7   0.84 1.18 2.52 4.24 5.60 6.52 6.94 6.82 6.14 4.94 3.70 2.50 1.56 1.20 1.44 2.72 4.22 5.30 5.90 6.02 5.58 4.60 3.52 2.50
  8   1.68 1.34 1.66 2.88 4.36 5.58 6.42 6.76 6.52 5.72 4.56 3.38 2.30 1.48 1.20 1.60 2.84 4.16 5.14 5.72 5.86 5.52 4.66 3.72
  9   2.80 2.12 1.84 2.14 3.16 4.44 5.46 6.16 6.38 6.12 5.24 4.16 3.08 2.14 1.38 1.18 1.60 2.74 3.98 4.90 5.50 5.72 5.52 4.88
 10   4.00 3.20 2.56 2.26 2.40 3.18 4.22 5.16 5.78 6.00 5.76 5.02 4.02 3.04 2.16 1.50 1.30 1.66 2.68 3.86 4.82 5.52 5.82 5.76
 11   5.20 4.42 3.64 2.94 2.48 2.44 2.96 3.84 4.76 5.40 5.70 5.54 4.92 4.06 3.10 2.28 1.60 1.34 1.62 2.52 3.72 4.74 5.52 6.00
 12   6.08 5.66 4.90 4.02 3.22 2.64 2.44 2.76 3.60 4.50 5.18 5.54 5.50 4.98 4.12 3.20 2.30 1.58 1.24 1.46 2.44 3.72 4.88 5.70
 13   6.20 6.24 5.76 4.88 3.94 3.12 2.50 2.30 2.62 3.44 4.38 5.10 5.50 5.46 4.92 4.04 3.04 2.10 1.38 1.12 1.46 2.60 4.00 5.16
 14   6.00 6.42 6.32 5.68 4.68 3.72 2.90 2.30 2.14 2.60 3.52 4.52 5.24 5.62 5.50 4.84 3.80 2.74 1.80 1.12 1.00 1.60 3.10 4.52
 15   5.66 6.34 6.54 6.22 5.40 4.34 3.32 2.52 2.02 2.06 2.80 3.94 4.94 5.67 5.82 5.46 4.54 3.40 2.28 1.38 0.92 1.08 2.22 3.82
 16   5.24 6.20 6.68 6.66 6.16 5.14 4.04 3.04 2.28 1.94 2.28 3.28 4.46 5.36 5.82 5.90 5.50 4.30 3.00 1.82 1.07 1.02 1.60 3.09
 17   4.59 5.76 6.50 6.74 6.47 5.68 4.59 3.50 2.58 1.99 1.98 2.69 3.86 4.93 5.67 5.90 5.70 4.72 3.54 2.36 1.36 0.80 0.92 2.12
 18   3.96 5.36 6.30 6.82 6.80 6.28 5.20 4.04 2.96 2.12 1.80 2.04 3.10 4.44 5.40 5.98 6.00 5.45 4.24 3.00 1.88 1.04 0.91 1.46
 19   3.12 4.76 5.95 6.68 6.85 6.62 5.80 4.60 3.40 2.42 1.74 1.70 2.44 3.76 5.00 5.80 6.10 5.90 4.94 3.72 2.52 1.52 0.88 0.98
 20   2.20 3.94 5.32 6.28 6.84 6.82 6.28 5.22 4.02 2.86 1.98 1.58 1.86 3.02 4.42 5.46 6.06 6.10 5.62 4.50 3.26 2.12 1.28 1.02
 21   1.56 3.08 4.60 5.80 6.58 6.82 6.60 5.82 4.60 3.40 2.38 1.64 1.53 2.16 3.48 4.80 5.66 6.08 5.94 5.16 4.02 2.88 1.86 1.24
 22   1.30 2.32 3.86 5.22 6.25 6.78 6.80 6.30 5.20 4.04 2.90 2.00 1.52 1.66 2.72 4.06 5.18 5.90 6.16 5.82 4.90 3.80 2.72 1.88
 23   1.55 1.80 2.96 4.42 5.60 6.44 6.78 6.58 5.84 4.66 3.50 2.46 1.66 1.39 1.80 3.04 4.32 5.26 5.82 5.86 5.45 4.62 3.60 2.72
 24   2.00 1.80 2.26 3.40 4.68 5.70 6.38 6.56 6.18 5.24 4.12 3.04 2.14 1.48 1.40 2.04 3.28 4.44 5.26 5.76 5.84 5.46 4.62 3.76
 25   2.88 2.30 2.12 2.58 3.64 4.82 5.74 6.30 6.35 5.90 4.94 3.84 2.84 2.00 1.40 1.35 2.04 3.24 4.40 5.20 5.72 5.90 5.62 4.92
 26   4.04 3.20 2.54 2.33 2.60 3.50 4.60 5.50 6.04 6.10 5.66 4.72 3.68 2.68 1.84 1.30 1.25 1.74 2.90 4.08 5.00 5.66 6.00 5.96
 27   5.32 4.44 3.60 2.86 2.42 2.50 3.20 4.24 5.18 5.78 5.94 5.62 4.80 3.80 2.78 1.86 1.18 1.03 1.40 2.58 3.94 5.02 5.90 6.38
 28   6.40 5.86 4.92 3.92 3.04 2.48 2.35 2.78 3.80 4.80 5.52 5.80 5.70 5.02 3.90 2.80 1.76 0.96 0.65 0.98 2.36 3.90 5.22 6.12
 29   6.65 6.66 6.14 5.10 4.00 2.96 2.26 2.05 2.50 3.64 4.80 5.64 6.10 6.00 5.26 4.14 2.92 1.78 0.95 0.65 0.94 2.32 4.14 5.52
 30   6.56 7.00 6.92 6.36 5.30 4.08 2.94 2.08 1.80 2.24 3.52 4.86 5.80 6.30 6.20 5.44 4.18 2.84 1.64 0.68 0.34 0.68 2.44 4.40
 31   5.84 6.76 7.14 7.00 6.36 5.20 3.92 2.74 1.85 1.63 2.20 3.70 5.16 6.14 6.60 6.46 5.60 4.24 2.84 1.60 0.73 0.43 0.75 2.88
 ----------------------------------------------------------------------------------------------------------------------------
                                                                                               
 ----------------------------------------------------------------------------------------------------------------------------
 ----------------------------------------------------------------------------------------------------------------------------
                                                          SURVEY OF INDIA
                                                    MARINE GEODESY WING (G&RB)
                                                     HOURLY HEIGHTS IN METRES
  NAME OF PORT:- KANDLA                                                                             MONTH FEBRUARY  YEAR 2018
 ----------------------------------------------------------------------------------------------------------------------------
 DAYS 0000 0001 0002 0003 0004 0005 0006 0007 0008 0009 0010 0011 0012 0013 0014 0015 0016 0017 0018 0019 0020 0021 0022 0023
 ----------------------------------------------------------------------------------------------------------------------------
  1   4.72 6.20 7.00 7.24 7.02 6.20 4.92 3.64 2.44 1.48 1.41 2.10 3.96 5.40 6.38 6.70 6.44 5.42 4.06 2.66 1.40 0.58 0.48 1.26
  2   3.52 5.30 6.48 7.16 7.30 6.86 5.90 4.52 3.24 2.08 1.20 1.18 2.46 4.24 5.72 6.56 6.76 6.32 5.22 3.84 2.46 1.28 0.46 0.48
  3   1.92 4.04 5.64 6.72 7.24 7.20 6.60 5.46 4.08 2.80 1.68 1.03 1.20 2.70 4.60 5.92 6.59 6.63 6.00 4.80 3.50 2.20 1.10 0.79
  4   1.09 2.62 4.48 5.87 6.78 7.10 6.87 6.08 4.86 3.54 2.36 1.22 0.98 1.52 3.18 4.82 5.94 6.51 6.47 5.78 4.58 3.34 2.19 1.20
  5   1.00 1.69 3.32 4.92 6.11 6.84 6.96 6.54 5.56 4.26 3.00 1.92 1.16 1.10 1.99 3.64 5.06 5.98 6.43 6.28 5.52 4.38 3.27 2.28
  6   1.58 1.47 2.29 3.78 5.15 6.17 6.70 6.69 6.11 5.00 3.77 2.64 1.70 1.15 1.28 2.35 3.84 5.08 5.84 6.18 5.99 5.24 4.27 3.36
  7   2.52 2.03 2.06 2.85 4.08 5.23 6.04 6.41 6.22 5.50 4.40 3.32 2.37 1.62 1.35 1.62 2.72 4.04 5.06 5.72 6.02 5.87 5.22 4.40
  8   3.54 2.88 2.51 2.52 3.11 4.13 5.08 5.75 6.00 5.81 5.11 4.18 3.21 2.40 1.76 1.56 1.91 2.85 4.00 4.92 5.55 5.88 5.84 5.40
  9   4.64 3.94 3.31 2.86 2.77 3.11 3.88 4.71 5.34 5.65 5.54 5.00 4.20 3.36 2.54 1.91 1.65 1.89 2.71 3.80 4.77 5.45 5.89 5.99
 10   5.68 5.06 4.29 3.54 3.01 2.75 2.88 3.48 4.25 4.93 5.34 5.39 5.04 4.31 3.50 2.71 2.08 1.70 1.79 2.49 3.62 4.70 5.53 6.04
 11   6.18 5.94 5.28 4.44 3.62 2.97 2.59 2.64 3.20 4.06 4.80 5.30 5.42 5.21 4.56 3.68 2.80 2.03 1.58 1.62 2.40 3.62 4.80 5.65
 12   6.24 6.35 6.04 5.26 4.31 3.40 2.70 2.28 2.34 2.98 3.94 4.80 5.38 5.56 5.26 4.47 3.48 2.55 1.70 1.27 1.40 2.38 3.76 4.99
 13   5.88 6.39 6.40 5.94 5.00 3.95 3.03 2.32 2.03 2.24 3.12 4.20 5.06 5.56 5.59 5.12 4.12 3.02 2.02 1.26 1.07 1.44 2.80 4.24
 14   5.44 6.22 6.48 6.35 5.60 4.42 3.34 2.38 1.72 1.65 2.22 3.40 4.55 5.32 5.65 5.52 4.72 3.59 2.44 1.48 0.84 0.89 1.77 3.44
 15   4.96 5.92 6.52 6.60 6.09 5.04 3.88 2.80 1.85 1.55 1.76 2.80 4.35 5.42 5.95 5.98 5.48 4.39 3.18 2.04 1.14 0.78 1.14 2.64
 16   4.44 5.68 6.47 6.79 6.54 5.68 4.46 3.28 2.23 1.50 1.45 2.22 3.68 4.94 5.79 6.20 6.02 5.12 3.90 2.65 1.58 0.80 0.78 1.76
 17   3.60 5.15 6.18 6.78 6.78 6.22 5.10 3.90 2.70 1.78 1.35 1.65 2.92 4.40 5.54 6.24 6.40 5.88 4.72 3.48 2.27 1.18 0.83 1.20
 18   2.80 4.56 5.80 6.62 6.90 6.63 5.78 4.48 3.24 2.16 1.38 1.25 2.02 3.58 5.00 5.96 6.44 6.30 5.48 4.24 2.98 1.90 1.15 1.03
 19   1.92 3.72 5.20 6.26 6.86 6.84 6.26 5.10 3.82 2.60 1.68 1.20 1.42 2.72 4.30 5.54 6.30 6.54 6.14 5.11 3.90 2.70 1.74 1.25
 20   1.48 2.86 4.42 5.73 6.58 6.91 6.63 5.78 4.48 3.24 2.14 1.34 1.19 1.82 3.36 4.80 5.84 6.42 6.42 5.86 4.75 3.58 2.50 1.63
 21   1.48 2.15 3.58 5.04 6.09 6.76 6.80 6.26 5.14 3.91 2.74 1.76 1.14 1.24 2.34 3.84 5.13 5.96 6.39 6.22 5.49 4.40 3.32 2.44
 22   1.80 1.83 2.72 4.09 5.35 6.24 6.65 6.45 5.66 4.45 3.29 2.22 1.40 1.08 1.44 2.66 4.09 5.20 5.92 6.24 6.02 5.32 4.30 3.34
 23   2.54 2.09 2.22 3.04 4.26 5.38 6.10 6.35 6.10 5.22 4.12 3.02 2.08 1.38 1.18 1.60 2.84 4.12 5.16 5.82 6.16 6.06 5.44 4.54
 24   3.58 2.87 2.41 2.42 3.09 4.16 5.16 5.84 6.11 5.85 5.06 4.04 3.10 2.13 1.46 1.23 1.56 2.60 3.90 4.96 5.70 6.12 6.15 5.72
 25   4.88 3.99 3.25 2.70 2.50 2.82 3.66 4.62 5.38 5.78 5.71 5.12 4.18 3.18 2.24 1.48 1.10 1.26 2.16 3.46 4.65 5.54 6.19 6.44
 26   6.19 5.45 4.50 3.56 2.82 2.36 2.38 3.04 4.06 4.98 5.59 5.81 5.52 4.74 3.72 2.68 1.74 1.08 1.00 1.57 2.94 4.38 5.50 6.30
 27   6.70 6.62 5.96 4.86 3.77 2.80 2.12 1.95 2.48 3.66 4.79 5.60 6.09 6.18 5.76 4.30 2.88 1.78 0.96 0.71 1.12 2.66 4.34 5.58
 28   6.52 6.90 6.74 6.08 4.92 3.70 2.58 1.76 1.59 2.24 3.60 4.94 5.86 6.25 6.13 5.36 4.12 2.86 1.70 0.82 0.61 1.12 2.90 4.68
 ----------------------------------------------------------------------------------------------------------------------------
                                                                                              
 ----------------------------------------------------------------------------------------------------------------------------
 ----------------------------------------------------------------------------------------------------------------------------
                                                          SURVEY OF INDIA
                                                    MARINE GEODESY WING (G&RB)
                                                     HOURLY HEIGHTS IN METRES
  NAME OF PORT:- KANDLA                                                                             MONTH MARCH     YEAR 2018
 ----------------------------------------------------------------------------------------------------------------------------
 DAYS 0000 0001 0002 0003 0004 0005 0006 0007 0008 0009 0010 0011 0012 0013 0014 0015 0016 0017 0018 0019 0020 0021 0022 0023
 ----------------------------------------------------------------------------------------------------------------------------
  1   6.04 6.80 7.00 6.74 5.92 4.60 3.38 2.20 1.41 1.43 2.28 3.92 5.30 6.21 6.58 6.40 5.48 4.14 2.78 1.58 0.70 0.60 1.36 3.40
  2   5.24 6.38 7.04 7.12 6.66 5.62 4.24 3.00 1.82 1.06 1.12 2.52 4.28 5.68 6.50 6.75 6.40 5.36 4.00 2.62 1.42 0.65 0.68 1.88
  3   4.14 5.70 6.70 7.18 7.08 6.40 5.16 3.78 2.50 1.42 0.93 1.30 2.98 4.74 6.06 6.78 6.86 6.32 5.16 3.80 2.46 1.38 0.68 0.90
  4   2.72 4.70 6.06 6.92 7.16 6.84 5.96 4.60 3.26 2.04 1.08 0.88 1.70 3.52 5.22 6.30 6.80 6.82 6.18 5.00 3.46 2.22 1.26 1.08
  5   1.76 3.56 5.20 6.36 6.92 6.94 6.42 5.26 3.90 2.60 1.50 0.90 1.02 2.24 4.12 5.52 6.40 6.72 6.48 5.60 4.30 3.08 2.00 1.28
  6   1.32 2.44 4.10 5.52 6.44 6.82 6.62 5.80 4.50 3.20 2.06 1.16 0.85 1.34 2.94 4.58 5.72 6.40 6.60 6.40 5.58 4.07 2.70 1.80
  7   1.50 1.90 3.18 4.62 5.74 6.44 6.55 6.14 5.10 3.88 2.72 1.74 1.06 1.04 1.94 3.48 4.82 5.76 6.28 6.30 5.76 4.76 3.74 2.84
  8   2.12 1.94 2.48 3.60 4.80 5.72 6.20 6.16 5.52 4.48 3.42 2.42 1.62 1.25 1.48 2.56 3.88 4.98 5.72 6.05 6.00 5.40 4.50 3.64
  9   2.85 2.26 2.25 2.86 3.84 4.78 5.46 5.78 5.64 4.98 4.06 3.12 2.32 1.72 1.60 1.90 2.68 3.80 4.80 5.50 5.83 5.85 5.50 4.65
 10   3.80 3.08 2.70 2.64 3.04 3.78 4.52 5.04 5.25 5.12 4.60 3.86 3.08 2.44 1.94 1.80 2.10 2.90 3.90 4.74 5.34 5.66 5.68 5.34
 11   4.72 4.06 3.44 2.96 2.72 2.84 3.32 3.96 4.54 4.90 4.98 4.76 4.20 3.54 2.86 2.30 1.98 2.06 2.60 3.50 4.42 5.12 5.64 5.86
 12   5.68 5.14 4.44 3.68 3.04 2.60 2.50 2.80 3.48 4.20 5.00 5.47 5.48 4.80 3.96 3.20 2.48 1.94 1.82 2.20 3.12 4.20 5.12 5.80
 13   6.12 6.02 5.48 4.62 3.74 2.96 2.40 2.20 2.52 3.32 4.26 5.00 5.42 5.42 5.00 4.06 3.16 2.36 1.78 1.68 2.22 3.36 4.54 5.44
 14   6.12 6.32 6.04 5.26 4.28 3.32 2.52 2.02 2.04 2.70 3.80 4.82 5.50 5.76 5.62 4.85 3.90 2.90 2.02 1.46 1.50 2.32 3.76 5.00
 15   5.96 6.47 6.52 5.98 4.96 3.86 2.84 2.06 1.75 2.00 3.08 4.32 5.32 5.94 6.05 5.66 4.64 3.54 2.46 1.62 1.30 1.61 2.90 4.36
 16   5.64 6.43 6.70 6.50 5.68 4.50 3.32 2.08 1.44 1.48 2.30 3.74 4.98 5.92 6.33 6.26 5.50 4.30 3.10 2.06 1.30 1.28 2.04 3.62
 17   5.10 6.20 6.80 6.85 6.35 5.20 3.96 2.78 1.84 1.38 1.66 2.96 4.48 5.64 6.40 6.60 6.20 5.16 3.86 2.64 1.65 1.20 1.43 2.70
 18   4.50 5.86 6.66 6.92 6.66 5.80 4.48 3.22 2.10 1.30 1.22 2.08 3.74 5.16 6.18 6.72 6.64 5.98 4.74 3.48 2.30 1.42 1.18 1.96
 19   3.74 5.26 6.32 6.87 6.90 6.34 5.16 3.84 2.60 1.56 1.03 1.26 2.72 4.44 5.72 6.56 6.84 6.52 5.58 4.30 3.04 2.00 1.37 1.46
 20   2.80 4.52 5.80 6.68 6.95 6.64 5.74 4.36 3.06 1.92 1.10 1.05 1.76 3.48 5.00 6.10 6.74 6.78 6.24 5.14 3.84 2.64 1.68 1.35
 21   1.84 3.44 5.10 6.20 6.80 6.78 6.18 5.00 3.72 2.50 1.44 0.92 1.05 2.30 4.12 5.48 6.38 6.78 6.66 5.98 4.76 3.56 2.46 1.70
 22   1.71 2.60 4.12 5.48 6.34 6.68 6.48 5.60 4.34 3.10 1.96 1.13 0.88 1.30 2.88 4.46 5.64 6.40 6.70 6.42 5.56 4.40 3.24 2.32
 23   1.83 1.92 2.98 4.44 5.54 6.24 6.40 5.96 4.90 3.72 2.56 1.56 0.88 0.85 1.60 3.14 4.54 5.56 6.24 6.46 6.14 5.24 4.16 3.16
 24   2.30 1.94 2.14 3.12 4.32 5.28 5.89 5.92 5.48 4.50 3.40 2.40 1.54 0.95 1.00 1.88 3.32 4.54 5.44 6.04 6.28 6.04 5.32 4.40
 25   3.40 2.64 2.20 2.32 3.00 4.08 5.00 5.52 5.66 5.32 4.48 3.56 2.60 1.80 1.28 1.20 1.84 3.08 4.28 5.24 5.88 6.24 6.19 5.60
 26   4.66 3.72 2.94 2.36 2.20 2.64 3.54 4.45 5.16 5.52 5.44 4.92 4.08 3.18 2.30 1.60 1.29 1.50 2.50 3.80 4.92 5.80 6.38 6.60
 27   6.48 5.80 4.46 3.26 2.40 2.00 2.13 2.92 4.00 4.92 5.52 5.70 5.52 4.84 3.88 2.88 1.98 1.38 1.34 2.04 3.40 4.70 5.72 6.44
 28   6.70 6.46 5.66 4.52 3.38 2.44 1.80 1.82 2.56 3.84 5.00 5.83 6.18 6.08 5.36 4.28 3.16 2.12 1.41 1.23 1.64 3.20 4.78 5.88
 29   6.68 6.88 6.58 5.64 4.40 3.20 2.12 1.40 1.42 2.38 3.80 5.10 6.00 6.40 6.24 5.40 4.20 3.00 1.88 1.09 0.99 1.80 3.56 5.04
 30   6.24 6.88 6.96 6.48 5.40 4.08 2.84 1.76 1.17 1.28 2.60 4.28 5.60 6.40 6.74 6.46 5.52 4.28 3.00 1.88 1.08 1.05 2.12 4.00
 31   5.60 6.58 7.04 6.92 6.24 5.00 3.68 2.40 1.40 1.05 1.50 3.12 4.84 6.04 6.78 6.90 6.49 5.36 4.04 2.76 1.68 1.02 1.16 2.68
 ----------------------------------------------------------------------------------------------------------------------------
                                                                                               
 ----------------------------------------------------------------------------------------------------------------------------
 ----------------------------------------------------------------------------------------------------------------------------
                                                          SURVEY OF INDIA
                                                    MARINE GEODESY WING (G&RB)
                                                     HOURLY HEIGHTS IN METRES
  NAME OF PORT:- KANDLA                                                                             MONTH APRIL     YEAR 2018
 ----------------------------------------------------------------------------------------------------------------------------
 DAYS 0000 0001 0002 0003 0004 0005 0006 0007 0008 0009 0010 0011 0012 0013 0014 0015 0016 0017 0018 0019 0020 0021 0022 0023
 ----------------------------------------------------------------------------------------------------------------------------
  1   4.68 6.00 6.82 7.06 6.68 5.70 4.32 3.04 1.82 1.03 1.02 1.85 3.60 5.25 6.40 6.90 6.86 6.24 5.00 3.76 2.52 1.58 1.30 1.76
  2   3.52 5.16 6.28 6.88 6.86 6.20 4.96 3.60 2.32 1.28 0.85 1.03 2.52 4.34 5.70 6.60 6.90 6.64 5.80 4.52 3.28 2.16 1.36 1.35
  3   2.40 4.12 5.52 6.42 6.75 6.48 5.56 4.20 2.86 1.72 0.95 0.83 1.48 3.28 4.90 6.06 6.72 6.80 6.32 5.20 4.00 2.80 1.88 1.53
  4   1.88 3.28 4.76 5.84 6.50 6.54 5.92 4.68 3.44 2.28 1.25 0.83 1.00 2.36 4.08 5.42 6.32 6.74 6.60 5.92 4.74 3.62 2.60 1.90
  5   1.83 2.48 3.80 5.12 6.05 6.34 6.10 5.20 4.04 2.90 1.90 1.20 1.10 1.68 3.10 4.50 5.68 6.36 6.58 6.24 5.36 4.28 3.20 2.30
  6   1.94 2.20 3.14 4.36 5.34 5.92 6.04 5.60 4.62 3.60 2.56 1.77 1.34 1.46 2.44 3.76 5.04 5.93 6.40 6.44 5.90 5.00 4.02 3.18
  7   2.54 2.32 2.62 3.48 4.52 5.33 5.74 5.70 5.12 4.26 3.34 2.50 1.86 1.65 1.92 2.88 4.08 5.06 5.76 6.14 6.12 5.62 4.80 3.96
  8   3.20 2.75 2.60 2.88 3.64 4.44 5.04 5.32 5.26 4.80 4.08 3.32 2.60 2.12 1.98 2.26 3.10 4.12 5.00 5.68 6.02 6.00 5.60 4.90
  9   4.15 3.44 2.92 2.66 2.80 3.28 4.00 4.64 5.04 5.14 4.90 4.36 3.68 3.04 2.50 2.18 2.30 2.94 3.92 4.80 5.48 5.92 6.02 5.76
 10   5.12 4.40 3.70 3.08 2.64 2.50 2.84 3.48 4.28 4.86 5.18 5.16 4.80 4.20 3.48 2.78 2.26 2.17 2.60 3.52 4.52 5.34 5.94 6.22
 11   6.08 5.48 4.60 3.70 2.94 2.38 2.20 2.48 3.28 4.24 5.04 5.50 5.58 5.26 4.54 3.72 2.88 2.28 2.05 2.32 3.32 4.44 5.40 6.06
 12   6.30 6.15 5.45 4.50 3.48 2.68 2.06 1.98 2.40 3.48 4.60 5.44 5.87 5.90 5.52 4.64 3.64 2.74 2.10 1.95 2.28 3.48 4.76 5.72
 13   6.40 6.53 6.14 5.24 4.14 3.06 2.16 1.54 1.60 2.52 3.90 5.08 5.90 6.24 6.16 5.48 4.40 3.32 2.36 1.73 1.67 2.40 3.88 5.18
 14   6.24 6.70 6.62 5.96 4.82 3.64 2.56 1.68 1.35 1.72 3.08 4.56 5.64 6.36 6.60 6.28 5.34 4.18 3.00 2.04 1.52 1.68 2.92 4.48
 15   5.80 6.62 6.80 6.56 5.55 4.36 3.12 2.04 1.26 1.25 2.16 3.76 5.20 6.24 6.76 6.78 6.24 5.14 3.88 2.68 1.72 1.48 1.96 3.52
 16   5.08 6.20 6.78 6.80 6.16 4.96 3.64 2.40 1.23 0.85 1.12 2.68 4.44 5.72 6.60 6.94 6.72 5.96 4.68 3.40 2.24 1.48 1.54 2.56
 17   4.20 5.70 6.64 6.94 6.60 5.64 4.28 2.92 1.72 0.85 0.75 1.58 3.40 5.04 6.24 6.96 7.04 6.64 5.66 4.32 3.08 2.00 1.45 1.72
 18   3.44 5.12 6.20 6.80 6.78 6.12 4.84 3.52 2.20 1.05 0.62 0.85 2.36 4.20 5.72 6.64 7.10 7.06 6.50 5.40 4.08 2.92 1.92 1.75
 19   2.48 4.16 5.60 6.56 6.82 6.60 5.72 4.36 3.04 1.88 0.95 0.70 1.24 3.00 4.80 6.08 6.94 7.18 7.00 6.28 5.08 3.90 2.76 1.90
 20   1.88 2.90 4.52 5.80 6.56 6.72 6.24 5.12 3.88 2.66 1.58 0.80 0.78 1.68 3.50 5.08 6.20 6.88 7.00 6.68 5.84 4.64 3.48 2.48
 21   1.90 2.00 3.16 4.68 5.76 6.38 6.44 5.84 4.68 3.48 2.38 1.44 0.78 0.88 2.04 3.72 5.16 6.18 6.76 6.88 6.56 5.70 4.52 3.40
 22   2.48 2.05 2.24 3.20 4.40 5.50 6.10 6.12 5.56 4.56 3.48 2.44 1.55 1.08 1.20 2.24 3.76 5.06 6.00 6.62 6.76 6.44 5.58 4.52
 23   3.46 2.56 2.08 2.16 3.00 4.16 5.12 5.68 5.80 5.46 4.64 3.68 2.70 1.92 1.34 1.35 2.08 3.48 4.80 5.74 6.40 6.64 6.42 5.70
 24   4.65 3.65 2.72 2.12 2.00 2.56 3.68 4.72 5.46 5.84 5.78 5.24 4.36 3.44 2.56 1.80 1.60 1.96 3.16 4.52 5.56 6.30 6.70 6.64
 25   6.00 5.00 3.92 2.96 2.22 1.90 2.16 3.20 4.40 5.32 5.92 6.12 5.78 4.96 3.98 2.94 2.08 1.60 1.72 2.68 4.12 5.32 6.20 6.72
 26   6.70 6.20 5.18 4.00 2.86 1.98 1.56 1.72 2.88 4.28 5.40 6.08 6.38 6.18 5.40 4.32 3.20 2.24 1.60 1.65 2.48 3.92 5.28 6.25
 27   6.73 6.74 6.16 5.00 3.80 2.60 1.64 1.25 1.46 2.84 4.40 5.58 6.32 6.62 6.36 5.48 4.28 3.18 2.20 1.52 1.58 2.54 4.12 5.48
 28   6.48 6.90 6.74 6.04 4.76 3.48 2.24 1.30 1.05 1.52 3.16 4.76 5.88 6.60 6.80 6.46 5.48 4.28 3.08 2.08 1.44 1.56 2.80 4.40
 29   5.76 6.54 6.74 6.48 5.48 4.12 2.80 1.64 0.84 0.85 1.92 3.78 5.28 6.33 6.84 6.86 6.34 5.28 4.04 2.84 1.92 1.55 1.90 3.40
 30   5.04 6.08 6.66 6.65 6.02 4.78 3.44 2.20 1.20 0.85 1.08 2.72 4.52 5.84 6.70 7.04 6.84 6.08 4.88 3.68 2.56 1.76 1.65 2.44
 ----------------------------------------------------------------------------------------------------------------------------
                                                                                               
 ----------------------------------------------------------------------------------------------------------------------------
 ----------------------------------------------------------------------------------------------------------------------------
                                                          SURVEY OF INDIA
                                                    MARINE GEODESY WING (G&RB)
                                                     HOURLY HEIGHTS IN METRES
  NAME OF PORT:- KANDLA                                                                             MONTH MAY       YEAR 2018
 ----------------------------------------------------------------------------------------------------------------------------
 DAYS 0000 0001 0002 0003 0004 0005 0006 0007 0008 0009 0010 0011 0012 0013 0014 0015 0016 0017 0018 0019 0020 0021 0022 0023
 ----------------------------------------------------------------------------------------------------------------------------
  1   4.16 5.48 6.32 6.67 6.40 5.40 4.06 2.70 1.50 0.74 0.73 1.55 3.35 5.00 6.20 6.88 6.96 6.54 5.56 4.30 3.14 2.00 1.60 1.86
  2   3.24 4.72 5.80 6.44 6.50 5.86 4.60 3.32 2.10 1.10 0.78 1.10 2.60 4.34 5.60 6.52 6.98 6.86 6.24 5.12 3.92 2.80 2.02 1.87
  3   2.44 3.88 5.16 6.06 6.45 6.28 5.40 4.16 2.92 1.84 1.09 0.98 1.68 3.28 4.80 5.92 6.68 6.90 6.60 5.80 4.60 3.50 2.54 1.95
  4   2.00 3.00 4.32 5.40 6.08 6.20 5.76 4.70 3.50 2.40 1.48 1.10 1.26 2.40 4.02 5.30 6.24 6.76 6.80 6.26 5.24 4.18 3.10 2.30
  5   2.05 2.40 3.40 4.50 5.40 5.92 6.05 5.65 4.40 3.20 2.10 1.40 1.25 1.74 3.08 4.50 5.60 6.32 6.60 6.44 5.76 4.76 3.68 2.80
  6   2.27 2.26 2.80 3.80 4.80 5.48 5.72 5.50 4.74 3.80 2.84 2.08 1.60 1.66 2.40 3.64 4.88 5.76 6.36 6.52 6.20 5.40 4.44 3.56
  7   2.86 2.48 2.52 3.16 4.06 4.88 5.40 5.58 5.28 4.60 3.72 2.92 2.28 1.92 2.00 2.70 3.88 4.98 5.76 6.26 6.34 5.98 5.18 4.32
  8   3.50 2.84 2.48 2.52 3.00 3.84 4.64 5.12 5.32 5.14 4.60 3.90 3.20 2.60 2.20 2.20 2.84 3.88 4.88 5.64 6.10 6.20 5.88 5.20
  9   4.35 3.55 2.84 2.40 2.32 2.74 3.52 4.34 4.92 5.26 5.26 4.92 4.28 3.56 2.84 2.32 2.24 2.68 3.68 4.68 5.48 6.00 6.16 5.92
 10   5.12 4.24 3.40 2.66 2.12 2.01 2.40 3.32 4.28 5.00 5.48 5.58 5.30 4.64 3.80 2.98 2.36 2.15 2.50 3.38 4.42 5.40 6.00 6.16
 11   6.00 5.20 4.28 3.32 2.48 1.88 1.78 2.16 3.24 4.40 5.24 5.78 5.92 5.68 4.92 4.00 3.06 2.36 2.10 2.36 3.40 4.60 5.52 6.12
 12   6.32 6.04 5.16 4.08 3.00 2.14 1.55 1.52 2.12 3.48 4.80 6.00 6.65 6.68 6.00 4.92 3.80 2.78 2.05 1.88 2.32 3.58 4.84 5.76
 13   6.40 6.48 5.92 4.88 3.68 2.56 1.64 1.10 1.24 2.48 4.08 5.28 6.20 6.60 6.52 5.88 4.72 3.64 2.60 1.90 1.85 2.56 4.00 5.26
 14   6.24 6.66 6.48 5.68 4.44 3.20 2.08 1.18 0.93 1.38 3.04 4.68 5.84 6.60 6.90 6.64 5.84 4.64 3.48 2.44 1.72 1.76 2.82 4.40
 15   5.72 6.52 6.74 6.30 5.20 3.88 2.58 1.50 0.76 0.80 1.72 3.64 5.24 6.32 7.00 7.08 6.64 5.76 4.48 3.28 2.24 1.85 2.04 3.40
 16   5.12 6.18 6.78 6.76 6.06 4.80 3.44 2.12 1.05 0.65 0.80 2.40 4.40 5.80 6.76 7.20 7.14 6.60 5.52 4.24 3.04 2.04 1.75 2.24
 17   3.96 5.46 6.44 6.77 6.56 5.60 4.24 2.60 1.25 0.50 0.40 1.08 3.00 4.80 6.12 7.00 7.26 7.10 6.44 5.26 3.98 2.84 1.88 1.85
 18   2.80 4.40 5.76 6.56 6.73 6.28 5.12 3.80 2.44 1.32 0.56 0.58 1.68 3.64 5.28 6.40 7.10 7.26 7.00 6.18 4.96 3.76 2.60 1.91
 19   2.00 3.02 4.68 5.92 6.60 6.66 6.04 4.84 3.56 2.32 1.28 0.65 0.76 2.08 3.98 5.48 6.56 7.16 7.20 6.74 5.85 4.76 3.52 2.50
 20   1.95 2.05 3.26 4.80 5.88 6.44 6.44 5.78 4.60 3.40 2.32 1.45 1.05 1.20 2.44 4.16 5.56 6.52 7.06 7.08 6.70 5.80 4.56 3.40
 21   2.50 2.00 2.12 3.20 4.60 5.64 6.22 6.28 5.72 4.64 3.62 2.60 1.80 1.40 1.52 2.64 4.20 5.48 6.44 6.95 6.98 6.62 5.76 4.58
 22   3.40 2.48 1.94 2.08 3.08 4.36 5.36 5.94 6.10 5.76 4.88 3.94 2.98 2.16 1.64 1.68 2.60 4.00 5.32 6.22 6.80 6.86 6.52 5.60
 23   4.44 3.36 2.48 1.90 1.85 2.60 3.84 4.92 5.62 5.94 5.84 5.24 4.32 3.44 2.58 1.92 1.80 2.36 3.68 5.00 5.96 6.60 6.76 6.48
 24   5.52 4.48 3.40 2.48 1.79 1.66 2.20 3.44 4.64 5.48 5.98 6.08 5.68 4.88 3.92 2.96 2.18 1.88 2.20 3.36 4.64 5.70 6.44 6.60
 25   6.32 5.48 4.40 3.24 2.20 1.55 1.40 1.84 3.22 4.60 5.60 6.22 6.35 6.08 5.20 4.12 3.18 2.35 1.97 2.12 3.18 4.48 5.64 6.34
 26   6.55 6.26 5.38 4.20 3.00 1.98 1.25 1.20 1.90 3.28 4.68 5.70 6.38 6.54 6.16 5.20 4.12 3.12 2.30 1.85 2.00 3.12 4.50 5.56
 27   6.24 6.38 5.96 4.90 3.68 2.48 1.40 0.70 0.72 1.80 3.30 4.80 5.91 6.56 6.64 6.16 5.16 4.00 2.94 2.10 1.82 2.04 3.30 4.68
 28   5.68 6.24 6.25 5.64 4.44 3.20 2.04 1.10 0.78 1.05 2.50 4.20 5.52 6.36 6.78 6.72 6.08 5.00 3.80 2.80 2.04 1.90 2.40 3.76
 29   5.12 6.00 6.34 6.16 5.24 4.04 2.80 1.68 1.00 1.03 1.75 3.38 4.90 5.98 6.72 6.92 6.60 5.72 4.50 3.36 2.35 1.80 1.90 2.90
 30   4.28 5.46 6.20 6.25 5.80 4.60 3.34 2.14 1.20 0.92 1.10 2.46 4.20 5.52 6.42 6.88 6.84 6.30 5.20 4.00 2.90 2.08 1.83 2.20
 31   3.60 4.96 5.86 6.25 6.12 5.30 4.15 2.80 1.72 1.03 0.93 1.52 3.24 4.80 5.92 6.70 6.90 6.64 5.84 4.64 3.52 2.48 1.95 2.00
 ----------------------------------------------------------------------------------------------------------------------------
                                                                                               
 ----------------------------------------------------------------------------------------------------------------------------
 ----------------------------------------------------------------------------------------------------------------------------
                                                          SURVEY OF INDIA
                                                    MARINE GEODESY WING (G&RB)
                                                     HOURLY HEIGHTS IN METRES
  NAME OF PORT:- KANDLA                                                                             MONTH JUNE      YEAR 2018
 ----------------------------------------------------------------------------------------------------------------------------
 DAYS 0000 0001 0002 0003 0004 0005 0006 0007 0008 0009 0010 0011 0012 0013 0014 0015 0016 0017 0018 0019 0020 0021 0022 0023
 ----------------------------------------------------------------------------------------------------------------------------
  1   2.80 4.15 5.27 6.00 6.15 5.78 4.68 3.44 2.24 1.31 0.90 1.04 2.36 3.96 5.32 6.16 6.50 6.50 6.15 5.28 4.16 3.04 2.15 1.95
  2   2.32 3.56 4.76 5.70 6.12 6.04 5.30 4.20 3.00 2.00 1.32 1.18 1.70 3.20 4.60 5.80 6.60 6.90 6.68 6.00 4.84 3.76 2.76 2.10
  3   2.05 2.76 3.94 5.04 5.74 5.95 5.68 4.78 3.68 2.58 1.70 1.25 1.32 2.32 3.80 5.16 6.08 6.68 6.76 6.40 5.48 4.44 3.36 2.50
  4   2.05 2.24 3.20 4.36 5.26 5.78 5.84 5.48 4.44 3.40 2.48 1.80 1.54 1.84 3.00 4.32 5.44 6.28 6.68 6.60 6.08 5.08 4.00 3.12
  5   2.40 2.12 2.52 3.52 4.52 5.28 5.64 5.56 4.99 4.12 3.24 2.44 1.92 1.87 2.38 3.52 4.70 5.68 6.38 6.60 6.40 5.76 4.70 3.68
  6   2.84 2.30 2.25 2.68 3.60 4.56 5.24 5.52 5.44 4.96 4.20 3.42 2.72 2.24 2.17 2.58 3.68 4.80 5.72 6.36 6.52 6.28 5.52 4.52
  7   3.56 2.76 2.28 2.20 2.60 3.56 4.48 5.12 5.50 5.52 5.16 4.48 3.72 3.00 2.48 2.35 2.72 3.68 4.80 5.68 6.24 6.40 6.12 5.40
  8   4.36 3.40 2.64 2.12 2.05 2.48 3.40 4.40 5.16 5.68 5.76 5.52 4.88 4.08 3.20 2.56 2.35 2.60 3.48 4.60 5.52 6.12 6.29 6.08
  9   5.24 4.28 3.32 2.44 1.85 1.73 2.12 3.10 4.30 5.20 5.80 6.00 5.84 5.16 4.24 3.32 2.56 2.25 2.48 3.40 4.56 5.52 6.20 6.35
 10   6.08 5.16 4.08 3.00 2.12 1.48 1.39 1.88 3.24 4.56 5.52 6.20 6.40 6.20 5.40 4.36 3.28 2.42 2.12 2.36 3.36 4.60 5.64 6.28
 11   6.40 6.00 5.00 3.80 2.64 1.62 1.10 1.09 1.78 3.44 4.84 5.88 6.60 6.76 6.38 5.44 4.32 3.20 2.32 1.95 2.16 3.36 4.80 5.84
 12   6.54 6.56 5.96 4.80 3.60 2.36 1.37 0.82 0.90 2.12 4.00 5.40 6.40 6.98 7.00 6.52 5.52 4.24 3.13 2.25 1.95 2.29 3.60 5.50
 13   6.50 6.75 6.52 5.76 4.48 3.16 1.92 0.88 0.60 1.00 2.68 4.52 5.88 6.76 7.18 7.08 6.48 5.40 4.12 3.00 2.12 1.90 2.40 3.92
 14   5.56 6.56 6.76 6.48 5.56 4.20 2.84 1.56 0.75 0.58 1.04 3.08 4.88 6.12 7.00 7.24 7.08 6.40 5.16 3.96 2.80 1.90 1.92 2.64
 15   4.35 5.76 6.52 6.68 6.32 5.24 3.88 2.48 1.28 0.50 0.46 1.44 3.55 5.28 6.40 7.16 7.40 7.15 6.24 4.96 3.68 2.60 1.76 1.72
 16   2.96 4.60 5.88 6.58 6.65 6.16 4.92 3.60 2.20 1.12 0.52 0.60 1.92 3.96 5.56 6.70 7.18 7.24 6.84 5.96 4.72 3.48 2.40 1.64
 17   1.72 3.12 4.76 5.98 6.64 6.64 5.96 4.72 3.36 2.12 1.12 0.65 0.84 2.32 4.24 5.72 6.70 7.20 7.20 6.76 5.80 4.44 3.20 2.16
 18   1.68 1.84 3.28 4.84 5.92 6.48 6.44 5.72 4.52 3.32 2.12 1.20 0.80 1.10 2.64 4.44 5.80 6.72 7.16 7.04 6.48 5.48 4.16 3.00
 19   2.04 1.60 1.88 3.32 4.76 5.72 6.24 6.20 5.52 4.42 3.36 2.32 1.40 1.15 1.52 3.00 4.60 5.84 6.68 7.04 6.88 6.28 5.12 3.92
 20   2.72 1.80 1.56 1.96 3.32 4.68 5.60 6.08 6.06 5.52 4.56 3.60 2.60 1.80 1.48 1.84 3.04 4.58 5.78 6.56 6.86 6.68 5.96 4.84
 21   3.60 2.52 1.65 1.37 1.76 3.00 4.28 5.28 5.84 5.96 5.64 4.86 3.96 3.04 2.26 1.85 1.96 2.92 4.28 5.44 6.24 6.55 6.44 5.76
 22   4.60 3.48 2.44 1.55 1.25 1.52 2.60 3.92 4.96 5.64 5.98 5.88 5.24 4.36 3.42 2.60 2.08 2.10 2.80 4.00 5.16 5.95 6.32 6.25
 23   5.56 4.56 3.44 2.40 1.56 1.12 1.24 2.40 3.84 4.96 5.76 6.20 6.18 5.72 4.80 3.90 3.05 2.35 2.00 2.10 3.00 4.70 5.75 6.18
 24   6.12 5.48 4.44 3.36 2.32 1.55 1.10 1.24 2.48 3.92 5.12 5.92 6.36 6.32 5.80 4.84 3.84 2.92 2.32 2.17 2.64 3.76 4.92 5.72
 25   6.10 6.02 5.32 4.28 3.18 2.12 1.28 1.03 1.40 2.84 4.36 5.52 6.32 6.68 6.60 6.00 5.00 3.92 3.00 2.36 2.22 2.72 3.92 5.04
 26   5.88 6.24 6.04 5.20 4.08 2.96 1.92 1.22 1.10 1.76 3.40 4.84 5.92 6.60 6.78 6.52 5.76 4.60 3.60 2.76 2.20 2.24 3.04 4.25
 27   5.40 6.08 6.20 5.72 4.68 3.52 2.40 1.44 0.98 1.08 2.24 3.96 5.36 6.35 6.88 6.88 6.40 5.52 4.40 3.28 2.40 1.98 2.27 3.32
 28   4.64 5.64 6.12 6.08 5.40 4.20 3.00 1.88 1.08 0.88 1.40 3.00 4.72 5.95 6.72 6.99 6.82 6.12 4.96 3.84 2.84 2.16 2.00 2.60
 29   3.96 5.20 5.96 6.22 5.92 4.96 3.72 2.52 1.52 0.86 0.92 2.12 3.88 5.28 6.28 6.84 6.92 6.56 5.60 4.48 3.40 2.48 1.96 2.12
 30   3.24 4.60 5.60 6.16 6.12 5.48 4.36 3.16 2.04 1.20 0.92 1.40 2.92 4.52 5.80 6.60 6.96 6.84 6.20 5.16 3.96 2.88 2.16 2.10
 ----------------------------------------------------------------------------------------------------------------------------
                                                                                               
 ----------------------------------------------------------------------------------------------------------------------------
 ----------------------------------------------------------------------------------------------------------------------------
                                                          SURVEY OF INDIA
                                                    MARINE GEODESY WING (G&RB)
                                                     HOURLY HEIGHTS IN METRES
  NAME OF PORT:- KANDLA                                                                             MONTH JULY      YEAR 2018
 ----------------------------------------------------------------------------------------------------------------------------
 DAYS 0000 0001 0002 0003 0004 0005 0006 0007 0008 0009 0010 0011 0012 0013 0014 0015 0016 0017 0018 0019 0020 0021 0022 0023
 ----------------------------------------------------------------------------------------------------------------------------
  1   2.60 3.88 5.10 5.92 6.26 6.00 5.08 3.92 2.74 1.76 1.10 1.08 2.12 3.72 5.16 6.20 6.88 6.99 6.60 5.79 4.60 3.48 2.60 2.04
  2   2.12 3.14 4.44 5.48 6.10 6.20 5.72 4.68 3.54 2.48 1.68 1.32 1.60 2.84 4.44 5.68 6.56 6.99 6.84 6.24 5.16 4.04 3.00 2.24
  3   1.98 2.46 3.66 4.88 5.70 6.08 5.94 5.22 4.18 3.10 2.22 1.56 1.51 2.24 3.78 5.16 6.12 6.76 6.88 6.52 5.68 4.58 3.44 2.50
  4   2.00 2.10 2.90 4.12 5.16 5.76 5.90 5.68 4.88 3.92 3.00 2.26 1.86 2.00 2.92 4.28 5.50 6.32 6.80 6.76 6.24 5.16 4.10 3.08
  5   2.28 1.98 2.30 3.24 4.40 5.28 5.80 5.90 5.48 4.62 3.71 2.84 2.20 1.88 2.24 3.32 4.60 5.62 6.36 6.65 6.50 5.80 4.72 3.66
  6   2.60 1.90 1.72 2.20 3.28 4.40 5.20 5.68 5.72 5.36 4.60 3.76 2.96 2.36 2.10 2.40 3.36 4.56 5.60 6.24 6.45 6.24 5.48 4.40
  7   3.28 2.40 1.80 1.65 2.04 3.10 4.20 5.08 5.60 5.76 5.52 4.88 4.10 3.28 2.60 2.24 2.40 3.28 4.48 5.44 6.08 6.25 6.04 5.24
  8   4.12 3.12 2.20 1.56 1.40 1.80 2.96 4.12 5.04 5.64 5.96 5.88 5.28 4.44 3.60 2.80 2.36 2.36 3.12 4.20 5.24 5.92 6.10 5.88
  9   5.00 4.00 2.96 2.00 1.32 1.10 1.48 2.80 4.16 5.16 5.84 6.24 6.20 5.64 4.76 3.80 2.88 2.28 2.25 2.90 4.00 5.08 5.80 6.05
 10   5.88 5.04 4.00 2.84 1.80 1.04 0.90 1.24 2.68 4.20 5.32 6.16 6.60 6.56 5.96 4.88 3.80 2.84 2.24 2.20 2.80 4.00 5.20 6.00
 11   6.28 5.98 5.08 3.96 2.76 1.68 0.80 0.56 1.20 2.80 4.40 5.68 6.52 6.92 6.80 6.16 4.96 3.84 2.80 2.08 1.92 2.62 4.00 5.28
 12   6.10 6.40 6.12 5.08 3.84 2.60 1.40 0.68 0.55 1.12 3.04 4.80 6.00 6.80 7.10 6.92 6.20 4.96 3.80 2.68 1.88 1.76 2.62 4.20
 13   5.60 6.37 6.56 6.12 5.00 3.68 2.28 1.12 0.56 0.50 1.12 3.24 5.04 6.20 7.00 7.20 6.84 5.96 4.75 3.50 2.36 1.56 1.56 2.68
 14   4.52 5.76 6.48 6.60 6.08 4.84 3.48 2.08 0.96 0.48 0.55 1.52 3.72 5.40 6.52 7.20 7.28 6.84 5.80 4.52 3.28 2.10 1.30 1.52
 15   3.16 4.80 6.00 6.68 6.70 6.00 4.72 3.40 2.00 0.88 0.42 0.60 2.04 4.12 5.72 6.80 7.28 7.20 6.68 5.60 4.20 3.00 1.88 1.30
 16   1.68 3.28 4.92 6.04 6.68 6.60 5.72 4.44 3.12 1.84 0.88 0.60 0.88 2.60 4.60 5.92 6.84 7.20 7.04 6.32 5.08 3.80 2.48 1.40
 17   1.10 1.62 3.40 5.00 6.00 6.48 6.32 5.48 4.20 3.00 1.80 0.92 0.68 1.20 2.92 4.80 6.00 6.84 7.12 6.80 5.96 4.72 3.40 2.20
 18   1.20 1.05 1.80 3.44 4.80 5.88 6.28 6.08 5.20 4.08 2.88 1.84 1.12 1.00 1.68 3.28 4.88 6.00 6.76 6.88 6.48 5.48 4.24 3.00
 19   1.80 1.04 1.07 2.00 3.60 5.00 5.87 6.12 5.90 5.04 3.96 2.92 2.08 1.52 1.56 2.48 3.92 5.28 6.22 6.72 6.64 6.00 4.84 3.64
 20   2.50 1.60 1.15 1.28 2.48 3.96 5.12 5.80 6.02 5.88 5.20 4.28 3.40 2.68 2.12 1.95 2.40 3.60 5.00 5.96 6.40 6.32 5.64 4.60
 21   3.40 2.40 1.56 1.15 1.36 2.40 3.80 4.90 5.64 5.90 5.86 5.40 4.64 3.85 3.16 2.56 2.22 2.52 3.38 4.40 5.36 6.00 6.04 5.52
 22   4.68 3.60 2.62 1.80 1.24 1.25 2.08 3.44 4.64 5.48 6.00 6.16 5.92 5.24 4.44 3.56 2.80 2.34 2.40 3.16 4.20 5.12 5.68 5.84
 23   5.50 4.76 3.78 2.78 1.88 1.17 1.20 2.00 3.36 4.60 5.52 6.12 6.32 6.08 5.36 4.44 3.54 2.74 2.25 2.32 3.00 4.04 5.00 5.60
 24   5.76 5.40 4.60 3.60 2.60 1.66 1.08 1.12 2.20 3.60 4.80 5.72 6.32 6.50 6.24 5.52 4.48 3.44 2.60 2.12 2.16 2.94 4.08 5.04
 25   5.68 5.84 5.48 4.60 3.60 2.52 1.60 1.04 1.16 2.20 3.80 5.08 6.00 6.56 6.68 6.24 5.32 4.24 3.25 2.44 2.04 2.24 3.20 4.40
 26   5.40 5.88 5.88 5.32 4.36 3.24 2.20 1.36 1.02 1.40 2.80 4.40 5.60 6.40 6.84 6.72 6.12 5.04 4.00 3.00 2.28 2.05 2.56 3.76
 27   5.00 5.80 6.12 5.90 5.16 4.08 2.88 1.84 1.16 1.03 1.84 3.40 4.80 6.02 6.76 6.92 6.54 5.60 4.48 3.40 2.48 1.96 2.08 3.00
 28   4.34 5.44 6.04 6.15 5.68 4.60 3.40 2.24 1.36 1.00 1.28 2.72 4.40 5.60 6.48 6.92 6.80 6.20 5.08 3.92 2.84 2.08 1.85 2.40
 29   3.80 5.02 5.88 6.28 6.16 5.24 4.08 2.84 1.75 1.09 1.05 1.88 3.52 5.04 6.16 6.88 7.00 6.62 5.70 4.48 3.32 2.36 1.76 1.80
 30   2.94 4.48 5.88 6.50 6.46 5.88 4.76 3.56 2.40 1.44 1.00 1.36 2.68 4.28 5.66 6.56 7.00 6.86 6.20 5.04 3.88 2.80 1.92 1.62
 31   2.24 3.60 4.96 5.84 6.32 6.20 5.40 4.20 3.02 2.00 1.25 1.12 1.92 3.48 5.00 6.08 6.70 6.80 6.40 5.60 4.36 3.20 2.20 1.62
 ----------------------------------------------------------------------------------------------------------------------------
                                                                                              
 ----------------------------------------------------------------------------------------------------------------------------
 ----------------------------------------------------------------------------------------------------------------------------
                                                          SURVEY OF INDIA
                                                    MARINE GEODESY WING (G&RB)
                                                     HOURLY HEIGHTS IN METRES
  NAME OF PORT:- KANDLA                                                                             MONTH AUGUST    YEAR 2018
 ----------------------------------------------------------------------------------------------------------------------------
 DAYS 0000 0001 0002 0003 0004 0005 0006 0007 0008 0009 0010 0011 0012 0013 0014 0015 0016 0017 0018 0019 0020 0021 0022 0023
 ----------------------------------------------------------------------------------------------------------------------------
  1   1.72 2.80 4.28 5.44 6.14 6.30 5.84 4.94 3.80 2.65 1.76 1.32 1.60 2.76 4.28 5.58 6.50 6.92 6.80 6.14 5.00 3.84 2.68 1.84
  2   1.52 2.08 3.46 4.82 5.70 6.24 6.24 5.64 4.60 3.56 2.54 1.78 1.55 2.04 3.40 4.88 5.96 6.66 6.84 6.48 5.60 4.44 3.24 2.28
  3   1.56 1.55 2.36 3.76 5.00 5.76 6.16 6.06 5.32 4.28 3.28 2.40 1.80 1.76 2.52 3.80 5.12 6.10 6.62 6.64 6.08 5.08 4.00 2.84
  4   1.88 1.47 1.64 2.76 4.08 5.12 5.80 6.12 5.92 5.24 4.32 3.40 2.68 2.16 2.16 2.88 4.12 5.28 6.08 6.50 6.40 5.72 4.64 3.56
  5   2.48 1.72 1.42 1.80 2.88 4.16 5.14 5.76 6.04 5.92 5.32 4.52 3.68 2.96 2.48 2.46 3.08 4.16 5.28 5.96 6.28 6.12 5.40 4.40
  6   3.32 2.40 1.72 1.44 1.80 2.88 4.16 5.12 5.80 6.20 6.20 5.76 5.00 4.20 3.40 2.84 2.65 2.96 3.92 4.92 5.72 6.10 6.04 5.50
  7   4.48 3.48 2.52 1.76 1.40 1.56 2.56 3.82 5.05 6.05 6.35 6.16 5.40 4.52 3.60 2.85 2.30 2.18 2.60 3.45 4.50 5.40 5.96 6.02
  8   5.40 4.44 3.40 2.36 1.48 0.98 1.05 2.04 3.55 4.85 5.86 6.50 6.72 6.48 5.76 4.66 3.56 2.68 2.14 2.24 3.08 4.26 5.32 5.96
  9   6.12 5.70 4.68 3.56 2.40 1.36 0.62 0.65 1.64 3.20 4.65 5.96 6.74 6.96 6.68 5.80 4.60 3.48 2.44 1.80 1.82 2.76 4.24 5.40
 10   6.20 6.38 5.92 4.88 3.60 2.28 1.24 0.66 0.66 1.48 3.40 5.08 6.20 6.96 7.12 6.78 5.92 4.66 3.40 2.35 1.60 1.64 2.80 4.40
 11   5.76 6.48 6.64 6.12 4.96 3.60 2.32 1.20 0.56 0.64 1.68 3.80 5.44 6.54 7.16 7.24 6.80 5.80 4.48 3.20 2.00 1.55 1.75 3.04
 12   4.92 6.12 6.65 6.70 6.20 4.92 3.60 2.24 1.08 0.64 0.72 2.12 4.24 5.78 6.78 7.28 7.26 6.64 5.52 4.16 2.88 1.70 1.25 1.64
 13   3.40 5.29 6.40 6.88 6.80 6.04 4.72 3.40 2.04 1.00 0.66 0.88 2.72 4.72 6.08 6.96 7.24 7.08 6.28 5.00 3.68 2.30 1.20 0.95
 14   1.90 3.80 5.40 6.40 6.88 6.68 5.89 4.52 3.14 1.80 1.00 0.88 1.40 3.38 5.16 6.36 7.08 7.18 6.80 5.80 4.40 3.04 1.74 0.98
 15   0.88 1.24 2.94 4.68 5.94 6.62 6.76 6.22 5.08 3.78 2.44 1.40 1.13 2.10 3.74 5.46 6.55 7.00 6.94 6.34 5.06 3.65 2.46 1.37
 16   0.89 1.64 3.00 4.46 5.64 6.32 6.52 6.06 5.00 3.80 2.70 1.68 1.20 1.32 2.48 4.12 5.52 6.45 6.80 6.60 5.80 4.48 3.20 2.04
 17   1.19 0.96 1.40 3.00 4.48 5.52 6.12 6.24 5.76 4.76 3.68 2.68 1.92 1.62 1.88 3.04 4.44 5.56 6.24 6.44 6.00 5.08 4.00 2.80
 18   1.68 1.04 1.00 1.80 3.24 4.56 5.40 5.92 5.96 5.44 4.58 3.64 2.76 2.16 1.95 2.32 3.30 4.46 5.40 5.94 6.02 5.56 4.68 3.60
 19   2.58 1.64 1.16 1.28 2.14 3.46 4.60 5.36 5.83 5.88 5.50 4.80 4.00 3.26 2.64 2.36 2.56 3.28 4.20 5.06 5.54 5.64 5.32 4.54
 20   3.64 2.70 1.90 1.44 1.46 2.16 3.36 4.44 5.24 5.76 5.96 5.76 5.18 4.42 3.64 3.00 2.58 2.52 2.96 3.82 4.64 5.28 5.46 5.32
 21   4.76 3.85 3.00 2.22 1.68 1.55 2.02 3.10 4.24 5.16 5.80 6.14 6.08 5.60 4.84 3.94 3.14 2.56 2.30 2.56 3.32 4.24 5.00 5.40
 22   5.44 5.00 4.20 3.30 2.44 1.72 1.48 1.76 2.80 4.08 5.12 5.86 6.28 6.28 5.80 4.92 3.96 3.08 2.40 2.15 2.40 3.26 4.32 5.14
 23   5.60 5.62 5.12 4.24 3.24 2.28 1.60 1.40 1.80 3.00 4.40 5.44 6.20 6.54 6.44 5.76 4.72 3.72 2.80 2.16 2.05 2.52 3.60 4.72
 24   5.52 5.88 5.72 5.00 4.00 2.92 1.96 1.30 1.28 2.00 3.44 4.84 5.88 6.48 6.60 6.32 5.48 4.40 3.28 2.35 1.84 1.92 2.80 4.12
 25   5.24 5.90 6.05 5.72 4.76 3.60 2.48 1.60 1.18 1.36 2.64 4.14 5.42 6.24 6.74 6.74 6.16 5.10 3.90 2.80 2.00 1.68 2.06 3.36
 26   4.66 5.70 6.24 6.20 5.54 4.40 3.16 2.06 1.20 1.02 1.72 3.36 4.84 5.94 6.68 6.88 6.52 5.60 4.40 3.20 2.20 1.56 1.62 2.68
 27   4.24 5.44 6.16 6.40 6.00 4.92 3.72 2.48 1.48 0.89 1.00 2.56 4.20 5.52 6.35 6.78 6.72 6.00 4.80 3.52 2.40 1.54 1.35 1.94
 28   3.60 5.00 5.96 6.44 6.32 5.52 4.20 2.50 1.00 0.60 0.82 1.76 3.40 4.96 6.04 6.74 6.88 6.40 5.32 4.00 2.70 1.60 1.20 1.46
 29   2.80 4.36 5.56 6.28 6.45 6.08 5.00 3.50 2.20 1.20 0.95 1.26 2.52 4.16 5.48 6.45 6.83 6.68 5.90 4.64 3.36 2.20 1.34 1.10
 30   1.50 2.71 4.80 6.03 6.50 6.47 5.82 4.62 3.42 2.30 1.46 1.25 1.80 3.30 4.90 6.00 6.70 6.82 6.36 5.30 4.04 2.76 1.72 1.16
 31   1.34 2.60 4.18 5.40 6.16 6.42 6.20 5.42 4.28 3.10 2.12 1.50 1.52 2.52 4.12 5.40 6.32 6.70 6.60 5.88 4.64 3.38 2.22 1.40
 ----------------------------------------------------------------------------------------------------------------------------
                                                                                               
 ----------------------------------------------------------------------------------------------------------------------------
 ----------------------------------------------------------------------------------------------------------------------------
                                                          SURVEY OF INDIA
                                                    MARINE GEODESY WING (G&RB)
                                                     HOURLY HEIGHTS IN METRES
  NAME OF PORT:- KANDLA                                                                             MONTH SEPT      YEAR 2018
 ----------------------------------------------------------------------------------------------------------------------------
 DAYS 0000 0001 0002 0003 0004 0005 0006 0007 0008 0009 0010 0011 0012 0013 0014 0015 0016 0017 0018 0019 0020 0021 0022 0023
 ----------------------------------------------------------------------------------------------------------------------------
  1   1.20 1.76 3.16 4.64 5.64 6.30 6.47 6.08 5.10 4.00 2.92 2.00 1.72 1.96 3.16 4.59 5.70 6.46 6.60 6.16 5.12 3.90 2.72 1.50
  2   1.00 1.24 2.32 3.80 5.06 5.86 6.30 6.28 5.70 4.72 3.76 2.86 2.22 2.07 2.54 3.70 4.94 5.95 6.38 6.38 5.80 4.68 3.54 2.52
  3   1.64 1.25 1.50 2.60 3.96 5.06 5.90 6.24 6.12 5.54 4.64 3.76 2.96 2.44 2.34 2.92 4.00 5.08 5.84 6.16 5.96 5.24 4.24 3.20
  4   2.22 1.52 1.24 1.68 2.80 4.10 5.08 5.78 6.20 6.20 5.78 4.98 4.12 3.30 2.70 2.48 2.82 3.70 4.72 5.48 5.86 5.82 5.28 4.38
  5   3.36 2.42 1.70 1.35 1.52 2.48 3.76 4.86 5.66 6.20 6.40 6.20 5.55 4.75 3.92 3.10 2.52 2.36 2.76 3.68 4.72 5.44 5.82 5.76
  6   5.05 4.14 3.12 2.16 1.41 1.15 1.53 2.72 4.12 5.26 6.08 6.58 6.64 6.18 5.28 4.25 3.25 2.44 2.01 2.24 3.24 4.40 5.39 5.96
  7   6.04 5.54 4.56 3.44 2.34 1.40 0.84 0.98 2.20 3.66 5.02 6.10 6.76 6.92 6.56 5.64 4.42 3.26 2.24 1.64 1.72 2.76 4.20 5.44
  8   6.30 6.39 5.92 4.84 3.64 2.44 1.32 0.70 0.78 1.98 3.80 5.36 6.44 6.99 7.05 6.64 5.60 4.24 3.00 1.92 1.32 1.58 2.80 4.50
  9   5.72 6.52 6.67 6.16 5.00 3.50 1.60 0.50 0.29 0.68 2.20 4.16 5.60 6.62 7.14 7.10 6.50 5.28 3.92 2.64 1.56 1.05 1.36 3.08
 10   4.84 6.16 6.84 6.86 6.20 4.92 3.52 2.28 1.20 0.73 1.00 2.52 4.50 6.00 7.00 7.24 6.96 6.08 4.68 3.36 2.00 1.08 1.07 1.92
 11   4.12 5.66 6.60 7.03 6.78 5.91 4.54 3.23 1.94 0.98 0.78 1.54 3.52 5.25 6.44 7.15 7.22 6.68 5.58 4.16 2.78 1.60 0.95 0.90
 12   2.88 4.74 5.97 6.69 6.86 6.39 5.34 4.08 2.88 1.84 1.23 1.44 2.53 4.68 5.95 6.76 6.96 6.53 5.49 4.13 2.78 1.62 0.80 0.76
 13   2.00 3.86 5.35 6.28 6.78 6.68 6.00 4.78 3.61 2.54 1.75 1.48 2.10 3.52 4.98 6.05 6.62 6.61 5.94 4.75 3.48 2.28 1.27 0.79
 14   1.20 2.60 4.26 5.47 6.24 6.59 6.36 5.56 4.45 3.40 2.53 1.92 1.91 2.64 3.94 5.16 6.00 6.36 6.16 5.32 4.22 3.08 2.12 1.35
 15   1.12 1.76 3.12 4.48 5.48 6.10 6.30 6.00 5.20 4.30 3.40 2.67 2.25 2.32 3.00 4.08 5.06 5.70 5.94 5.68 4.92 3.95 2.98 2.06
 16   1.54 1.51 2.20 3.39 4.55 5.36 5.90 6.06 5.80 5.14 4.36 3.59 2.98 2.60 2.59 3.08 3.95 4.78 5.32 5.50 5.28 4.70 3.88 3.00
 17   2.32 1.89 1.84 2.34 3.35 4.36 5.12 5.64 5.88 5.76 5.30 4.62 3.89 3.22 2.66 2.55 3.00 3.86 4.62 5.18 5.38 5.18 4.62 4.05
 18   3.45 2.85 2.28 1.82 1.81 2.33 3.39 4.39 5.16 5.71 5.92 5.77 5.10 4.38 3.62 2.90 2.44 2.40 2.86 3.69 4.49 5.05 5.27 5.09
 19   4.55 3.77 2.97 2.24 1.77 1.78 2.34 3.42 4.42 5.20 5.76 5.95 5.78 5.15 4.30 3.46 2.80 2.36 2.32 2.76 3.56 4.36 4.92 5.16
 20   5.00 4.48 3.72 2.92 2.20 1.72 1.75 2.35 3.45 4.48 5.25 5.80 5.99 5.80 5.15 4.28 3.36 2.60 2.08 2.05 2.56 3.52 4.48 5.12
 21   5.40 5.28 4.68 3.76 2.84 2.00 1.48 1.49 2.22 3.48 4.68 5.60 6.02 6.10 5.84 5.04 4.04 3.04 2.24 1.75 1.85 2.68 3.88 4.85
 22   5.52 5.89 5.90 5.28 3.76 2.50 1.58 1.33 1.56 2.60 3.92 5.02 5.84 6.30 6.30 5.80 4.76 3.64 2.64 1.92 1.73 2.04 3.20 4.42
 23   5.43 5.93 5.94 5.34 4.26 3.20 2.16 1.40 1.23 1.76 3.16 4.56 5.60 6.35 6.56 6.28 5.36 4.20 3.00 1.84 1.20 1.25 2.44 3.92
 24   5.20 6.00 6.25 6.08 5.20 3.96 2.80 1.80 1.16 1.20 2.20 3.84 5.12 6.08 6.60 6.55 5.96 4.76 3.44 2.36 1.48 1.20 1.72 3.20
 25   4.70 5.80 6.40 6.44 5.84 4.68 3.40 2.12 1.25 1.10 1.60 3.04 4.60 5.76 6.52 6.70 6.36 5.36 4.00 2.76 1.64 0.96 1.08 2.32
 26   4.04 5.40 6.24 6.60 6.36 5.40 4.16 2.84 1.80 1.08 1.08 2.20 3.84 5.24 6.24 6.50 6.35 5.60 4.45 3.20 2.00 1.08 0.83 1.44
 27   3.28 4.72 5.84 6.53 6.60 6.08 4.96 3.64 2.40 1.48 1.20 1.48 3.00 4.60 5.80 6.50 6.60 6.24 5.12 3.78 2.44 1.36 0.60 0.64
 28   2.20 3.88 5.28 6.20 6.64 6.48 5.64 4.40 3.12 2.00 1.24 1.18 2.12 3.68 5.12 6.12 6.55 6.44 5.60 4.28 2.98 1.78 0.80 0.62
 29   1.36 3.00 4.56 5.88 6.60 6.66 6.24 5.20 3.96 2.74 1.78 1.30 1.52 2.80 4.36 5.60 6.34 6.50 6.08 4.98 3.64 2.40 1.32 0.60
 30   0.64 1.96 3.64 5.00 6.04 6.58 6.56 5.96 4.84 3.64 2.56 1.76 1.50 2.04 3.36 4.72 5.76 6.32 6.30 5.68 4.48 3.20 2.04 1.16
 ----------------------------------------------------------------------------------------------------------------------------
                                                                                               
 ----------------------------------------------------------------------------------------------------------------------------
 ----------------------------------------------------------------------------------------------------------------------------
                                                          SURVEY OF INDIA
                                                    MARINE GEODESY WING (G&RB)
                                                     HOURLY HEIGHTS IN METRES
  NAME OF PORT:- KANDLA                                                                             MONTH OCTOBER   YEAR 2018
 ----------------------------------------------------------------------------------------------------------------------------
 DAYS 0000 0001 0002 0003 0004 0005 0006 0007 0008 0009 0010 0011 0012 0013 0014 0015 0016 0017 0018 0019 0020 0021 0022 0023
 ----------------------------------------------------------------------------------------------------------------------------
  1   0.86 1.16 2.54 4.00 5.20 6.04 6.46 6.36 5.72 4.64 3.52 2.58 1.92 1.80 2.40 3.64 4.84 5.70 6.12 6.00 5.28 4.20 3.00 2.00
  2   1.24 1.05 1.50 2.78 4.16 5.26 6.00 6.36 6.26 5.64 4.64 3.64 2.76 2.20 2.10 2.60 3.60 4.60 5.40 5.75 5.70 5.18 4.12 3.12
  3   2.18 1.50 1.25 1.60 2.72 4.00 5.04 5.78 6.24 6.26 5.80 5.00 4.04 3.16 2.45 2.16 2.42 3.24 4.26 5.08 5.54 5.60 5.22 4.44
  4   3.50 2.56 1.83 1.45 1.60 2.34 3.56 4.70 5.58 6.16 6.38 6.14 5.46 4.50 3.46 2.64 2.06 2.00 2.58 3.62 4.62 5.36 5.76 5.70
  5   5.08 4.12 3.12 2.22 1.50 1.25 1.68 2.90 4.28 5.36 6.14 6.50 6.46 5.86 4.78 3.60 2.60 1.86 1.55 2.02 3.20 4.46 5.40 5.96
  6   6.02 5.54 4.54 3.42 2.36 1.35 1.00 1.33 2.58 4.14 5.40 6.28 6.78 6.70 6.06 4.88 3.60 2.42 1.50 1.25 1.70 3.20 4.68 5.70
  7   6.38 6.42 5.94 4.84 3.62 2.42 1.48 1.05 1.22 2.64 4.38 5.68 6.58 6.98 6.80 6.06 4.72 3.38 2.16 1.25 1.00 1.32 2.65 4.87
  8   6.11 6.62 6.56 5.89 4.70 3.44 2.24 1.34 1.02 1.61 3.17 4.85 6.28 6.90 7.00 6.60 5.64 4.23 2.88 1.69 0.85 0.92 2.20 3.71
  9   5.40 6.52 6.89 6.64 5.84 4.56 3.26 2.07 1.22 1.05 2.00 3.70 5.31 6.80 7.20 7.08 6.40 5.20 3.74 2.38 1.22 0.65 0.84 2.68
 10   4.84 6.16 6.94 7.10 6.72 5.79 4.42 3.08 1.90 1.10 1.07 2.40 4.24 5.78 6.71 7.08 6.81 5.96 4.50 3.10 1.80 0.80 0.58 1.48
 11   3.74 5.42 6.50 7.04 7.00 6.46 5.30 3.94 2.72 1.70 1.20 1.54 3.08 4.78 6.06 6.78 6.88 6.34 5.16 3.70 2.32 1.20 0.48 0.60
 12   2.40 4.36 5.76 6.62 7.00 6.82 6.08 4.78 3.54 2.38 1.52 1.30 2.02 3.62 5.10 6.14 6.64 6.48 5.62 4.28 2.90 1.70 0.85 0.66
 13   1.30 3.10 4.78 5.90 6.62 6.82 6.44 5.44 4.22 3.02 2.08 1.50 1.52 2.62 4.08 5.32 6.10 6.36 5.98 4.90 3.64 2.42 1.38 0.80
 14   0.82 2.08 3.78 5.12 6.02 6.56 6.56 6.00 4.94 3.80 2.82 2.06 1.75 2.08 3.18 4.42 5.38 5.93 5.98 5.40 4.38 3.22 1.80 0.78
 15   0.80 1.50 2.78 4.18 5.30 6.02 6.36 6.22 5.54 4.58 3.58 2.76 2.21 2.06 2.54 3.54 4.52 5.24 5.60 5.46 4.86 3.96 2.98 2.10
 16   1.54 1.47 2.06 3.10 4.20 5.14 5.92 6.15 5.94 5.26 4.42 3.56 2.88 2.42 2.34 2.76 3.54 4.36 4.98 5.24 5.16 4.70 3.94 3.16
 17   2.42 1.98 1.92 2.34 3.30 4.30 5.12 5.68 5.90 5.78 5.24 4.50 3.76 3.12 2.66 2.46 2.64 3.22 3.94 4.57 4.96 5.07 4.86 4.34
 18   3.64 2.98 2.46 2.16 2.32 2.98 3.86 4.70 5.34 5.74 5.80 5.50 4.88 4.14 3.40 2.78 2.36 2.34 2.74 3.48 4.28 4.86 5.21 5.22
 19   4.84 4.16 3.42 2.72 2.22 2.10 2.52 3.46 4.44 5.22 5.78 6.00 5.81 5.20 4.38 3.52 2.78 2.23 2.06 2.39 3.20 4.06 4.92 5.40
 20   5.50 5.12 4.36 3.48 2.68 2.06 1.88 2.24 3.24 4.38 5.26 5.88 6.08 5.88 5.12 4.18 3.22 2.36 1.72 1.63 2.14 3.28 4.42 5.24
 21   5.72 5.70 5.14 4.18 3.22 2.34 1.74 1.68 2.30 3.52 4.70 5.60 6.14 6.23 5.80 4.84 3.74 2.68 1.82 1.35 1.48 2.48 3.86 5.00
 22   5.84 6.18 5.96 5.12 4.08 3.00 2.12 1.58 1.70 2.66 4.04 5.24 6.06 6.40 6.30 5.56 4.40 3.22 2.14 1.38 1.15 1.76 3.20 4.62
 23   5.74 6.39 6.49 5.98 4.94 3.74 2.62 1.78 1.40 1.84 3.18 4.61 5.70 6.35 6.47 6.02 4.94 3.66 2.50 1.48 0.95 1.08 2.44 4.12
 24   5.48 6.32 6.68 6.46 5.66 4.40 3.18 2.14 1.44 1.45 2.40 3.98 5.30 6.19 6.60 6.42 5.58 4.26 2.90 1.78 0.95 0.80 1.52 3.30
 25   4.98 6.06 6.71 6.81 6.30 5.17 3.92 2.70 1.76 1.35 1.66 2.50 3.55 4.65 5.82 6.52 6.63 6.04 4.84 3.48 2.20 1.16 0.90 2.24
 26   4.18 5.54 6.44 6.87 6.72 6.00 4.72 3.46 2.32 1.50 1.28 2.18 3.80 5.20 6.18 6.64 6.44 5.56 4.18 2.80 1.60 0.70 0.45 1.22
 27   3.18 4.86 6.02 6.76 6.95 6.60 5.68 4.38 3.14 2.12 1.42 1.30 1.80 3.00 4.80 6.25 6.50 6.08 4.98 3.68 2.40 1.20 0.65 0.70
 28   1.96 3.84 5.30 6.31 6.82 6.84 6.32 5.22 3.88 2.74 1.90 1.60 1.90 3.24 4.76 5.80 6.36 6.32 5.60 4.34 3.04 1.88 0.94 0.50
 29   1.00 2.60 4.28 5.60 6.46 6.84 6.70 6.02 4.82 3.68 2.60 1.82 1.60 2.26 3.66 4.94 5.82 6.20 6.00 5.12 4.00 2.79 1.70 0.95
 30   0.80 1.41 2.98 4.54 5.66 6.42 6.72 6.48 5.72 4.62 3.48 2.56 1.92 1.88 2.58 3.82 4.94 5.70 6.02 5.78 4.96 3.88 2.74 1.78
 31   1.06 0.96 1.74 3.22 4.60 5.62 6.28 6.54 6.30 5.54 4.52 3.48 2.66 2.06 1.94 2.54 3.60 4.65 5.40 5.72 5.60 4.92 3.92 2.94
 ----------------------------------------------------------------------------------------------------------------------------
                                                                                               
 ----------------------------------------------------------------------------------------------------------------------------
 ----------------------------------------------------------------------------------------------------------------------------
                                                          SURVEY OF INDIA
                                                    MARINE GEODESY WING (G&RB)
                                                     HOURLY HEIGHTS IN METRES
  NAME OF PORT:- KANDLA                                                                             MONTH NOVEMBER  YEAR 2018
 ----------------------------------------------------------------------------------------------------------------------------
 DAYS 0000 0001 0002 0003 0004 0005 0006 0007 0008 0009 0010 0011 0012 0013 0014 0015 0016 0017 0018 0019 0020 0021 0022 0023
 ----------------------------------------------------------------------------------------------------------------------------
  1   2.00 1.35 1.28 1.92 3.20 4.44 5.40 6.12 6.44 6.32 5.68 4.68 3.68 2.84 2.16 1.91 2.28 3.20 4.24 5.04 5.52 5.62 5.24 4.48
  2   3.50 2.62 1.82 1.52 1.72 2.72 4.00 5.08 5.92 6.38 6.42 6.00 5.08 4.04 3.04 2.15 1.65 1.72 2.56 3.76 4.76 5.46 5.82 5.76
  3   5.08 4.12 3.12 2.28 1.66 1.60 2.24 3.52 4.76 5.72 6.40 6.54 6.24 5.36 4.24 3.08 2.08 1.44 1.40 2.03 3.40 4.75 5.65 6.15
  4   6.14 5.56 4.52 3.40 2.44 1.62 1.35 1.88 3.20 4.56 5.64 6.36 6.60 6.28 5.36 4.12 2.88 1.80 1.08 1.02 1.92 3.52 4.96 6.00
  5   6.50 6.48 5.88 4.72 3.52 2.48 1.60 1.34 1.84 3.28 4.72 5.88 6.56 6.72 6.28 5.24 3.92 2.60 1.48 0.82 0.90 2.12 3.80 5.32
  6   6.32 6.72 6.64 5.92 4.76 3.48 2.38 1.48 1.30 2.04 3.56 5.04 6.15 6.62 6.60 5.96 4.72 3.36 2.08 1.00 0.55 0.96 2.60 4.40
  7   5.80 6.64 6.90 6.60 5.80 4.52 3.28 2.20 1.46 1.45 2.48 4.12 5.48 6.36 6.68 6.44 5.48 4.16 2.76 1.56 0.58 0.40 1.36 3.32
  8   5.12 6.24 6.88 6.96 6.52 5.56 4.24 3.04 2.04 1.44 1.64 2.96 4.56 5.76 6.48 6.58 6.04 4.88 3.48 2.20 1.12 0.45 0.56 2.04
  9   4.16 5.64 6.56 6.96 6.86 6.20 5.04 3.80 2.68 1.75 1.48 2.00 3.52 4.96 5.98 6.48 6.32 5.52 4.20 2.92 1.72 0.75 0.50 1.20
 10   3.12 4.84 6.06 6.80 6.98 6.64 5.80 4.60 3.40 2.38 1.68 1.70 2.65 4.08 5.36 6.12 6.32 5.96 4.88 3.60 2.38 1.36 0.66 0.68
 11   2.00 3.88 5.32 6.28 6.80 6.82 6.32 5.24 4.08 3.00 2.12 1.68 2.00 3.16 4.52 5.52 6.08 6.04 5.40 4.28 3.08 2.00 1.10 0.85
 12   1.36 2.92 4.48 5.68 6.44 6.76 6.56 5.84 4.76 3.64 2.68 2.02 1.88 2.44 3.64 4.78 5.56 5.88 5.68 4.88 3.84 2.76 1.84 1.26
 13   1.24 2.12 3.56 4.92 5.88 6.46 6.58 6.24 5.36 4.32 3.40 2.56 2.06 2.12 2.84 3.92 4.88 5.44 5.58 5.24 4.44 3.48 2.56 1.80
 14   1.50 1.80 2.78 4.04 5.12 5.96 6.40 6.36 5.84 4.92 3.92 3.04 2.40 2.12 2.32 3.08 4.04 4.80 5.24 5.28 4.92 4.16 3.36 2.60
 15   2.02 1.84 2.20 3.12 4.20 5.12 5.76 6.06 5.92 5.32 4.52 3.64 2.92 2.40 2.20 2.48 3.16 3.96 4.60 4.96 5.00 4.76 4.16 3.48
 16   2.80 2.24 1.98 2.24 3.00 4.04 4.92 5.56 5.86 5.76 5.28 4.56 3.76 3.04 2.48 2.12 2.22 2.76 3.56 4.32 4.82 5.08 5.02 4.60
 17   3.92 3.20 2.56 2.16 2.24 2.80 3.72 4.62 5.32 5.72 5.76 5.38 4.72 3.92 3.08 2.36 1.88 1.86 2.26 3.24 4.12 4.88 5.28 5.36
 18   5.02 4.32 3.52 2.78 2.28 2.15 2.60 3.52 4.56 5.32 5.80 5.88 5.56 4.80 3.88 2.92 2.08 1.52 1.48 2.08 3.20 4.28 5.12 5.60
 19   5.68 5.32 4.52 3.60 2.76 2.16 2.00 2.44 3.44 4.60 5.46 5.90 5.94 5.60 4.68 3.64 2.60 1.72 1.16 1.24 2.16 3.52 4.72 5.62
 20   6.08 6.04 5.48 4.52 3.48 2.60 1.96 1.90 2.52 3.72 4.84 5.72 6.16 6.08 5.40 4.32 3.16 2.12 1.28 0.90 1.28 2.64 4.20 5.32
 21   6.12 6.40 6.18 5.36 4.20 3.12 2.28 1.78 1.88 2.88 4.16 5.28 6.04 6.30 6.04 5.08 3.88 2.60 1.56 0.76 0.75 1.74 3.32 4.80
 22   5.84 6.46 6.56 6.09 5.06 3.88 2.78 1.96 1.65 2.06 3.30 4.58 5.50 6.10 6.22 5.73 4.48 3.20 1.92 0.88 0.35 0.60 2.16 4.00
 23   5.40 6.36 6.80 6.68 6.00 4.76 3.56 2.44 1.64 1.52 2.24 3.72 5.00 5.92 6.36 6.16 5.20 3.88 2.52 1.32 0.40 0.15 1.04 2.96
 24   4.80 5.96 6.72 6.92 6.60 5.72 4.44 3.20 2.16 1.48 1.52 2.64 4.20 5.44 6.24 6.46 5.96 4.80 3.48 2.08 0.92 0.16 0.20 1.68
 25   3.80 5.32 6.36 6.96 6.96 6.52 5.52 4.20 3.00 1.98 1.45 1.72 3.04 4.56 5.72 6.36 6.32 5.60 4.32 2.96 1.68 0.64 0.15 0.56
 26   2.40 4.28 5.68 6.60 7.04 6.92 6.32 5.16 3.92 2.76 1.84 1.44 2.00 3.44 4.88 5.88 6.32 6.16 5.28 3.96 2.60 1.44 0.50 0.25
 27   1.08 3.00 4.66 5.88 6.68 6.98 6.78 6.08 4.84 3.64 2.56 1.72 1.50 2.22 3.80 5.06 5.88 6.18 5.88 4.86 3.64 2.40 1.36 0.68
 28   0.70 1.72 3.40 4.92 5.98 6.72 6.88 6.56 5.72 4.48 3.32 2.32 1.64 1.58 2.46 3.80 4.96 5.72 5.98 5.68 4.76 3.68 2.52 1.60
 29   1.00 1.04 2.04 3.60 4.96 5.96 6.58 6.72 6.40 5.52 4.40 3.30 2.36 1.72 1.66 2.40 3.60 4.68 5.40 5.72 5.56 4.84 3.84 2.84
 30   1.95 1.32 1.32 2.12 3.44 4.76 5.72 6.36 6.54 6.26 5.40 4.36 3.26 2.36 1.68 1.50 2.06 3.20 4.32 5.12 5.70 5.90 5.65 4.68
 ----------------------------------------------------------------------------------------------------------------------------
                                                                                               
 ----------------------------------------------------------------------------------------------------------------------------
 ----------------------------------------------------------------------------------------------------------------------------
                                                          SURVEY OF INDIA
                                                    MARINE GEODESY WING (G&RB)
                                                     HOURLY HEIGHTS IN METRES
  NAME OF PORT:- KANDLA                                                                             MONTH DECEMBER  YEAR 2018
 ----------------------------------------------------------------------------------------------------------------------------
 DAYS 0000 0001 0002 0003 0004 0005 0006 0007 0008 0009 0010 0011 0012 0013 0014 0015 0016 0017 0018 0019 0020 0021 0022 0023
 ----------------------------------------------------------------------------------------------------------------------------
  1   3.50 2.52 1.88 1.70 2.10 3.24 4.52 5.50 6.20 6.45 6.24 5.52 4.48 3.40 2.44 1.70 1.40 1.76 2.84 4.00 4.94 5.65 5.88 5.72
  2   5.00 4.10 3.16 2.30 1.86 2.00 2.92 4.16 5.24 6.00 6.35 6.28 5.70 4.64 3.50 2.44 1.60 1.18 1.34 2.40 3.80 4.90 5.70 6.14
  3   6.12 5.48 4.50 3.44 2.58 1.98 1.95 2.68 3.92 5.02 5.88 6.32 6.30 5.70 4.60 3.40 2.32 1.50 1.05 1.28 2.40 3.92 5.16 6.10
  4   6.50 6.40 5.76 4.68 3.58 2.68 2.00 1.95 2.58 3.80 5.00 5.88 6.34 6.26 5.58 4.39 3.16 2.03 1.12 0.75 1.17 2.64 4.31 5.50
  5   6.36 6.72 6.55 5.84 4.69 3.56 2.60 1.94 1.88 2.64 3.96 5.19 6.08 6.40 6.18 5.28 4.06 2.79 1.67 0.84 0.65 1.40 3.16 4.76
  6   5.96 6.68 6.87 6.54 5.72 4.54 3.39 2.44 1.82 1.86 2.83 4.24 5.39 6.10 6.30 5.90 4.82 3.56 2.32 1.26 0.58 0.60 1.94 3.76
  7   5.38 6.40 6.85 6.88 6.40 5.38 4.20 3.08 2.20 1.80 2.09 3.28 4.64 5.64 6.24 6.24 5.58 4.34 3.04 1.92 0.98 0.62 1.12 2.76
  8   4.58 5.86 6.77 7.00 6.82 6.05 4.94 3.82 2.76 2.00 1.82 2.46 3.79 5.01 5.88 6.15 5.92 4.96 3.70 2.44 1.40 0.68 0.64 1.78
  9   3.66 5.16 6.19 6.83 6.91 6.51 5.60 4.40 3.26 2.36 1.78 1.90 2.92 4.26 5.38 6.00 6.02 5.42 4.20 3.05 2.00 1.16 0.80 1.16
 10   2.76 4.40 5.66 6.56 6.92 6.82 6.24 5.12 3.99 2.93 2.13 1.76 2.30 3.48 4.72 5.60 6.04 5.88 5.08 3.98 2.80 1.75 1.05 1.00
 11   1.84 3.48 4.92 6.00 6.70 6.86 6.53 5.68 4.52 3.44 2.52 1.91 1.90 2.72 4.08 5.12 5.76 5.88 5.40 4.40 3.30 2.28 1.50 1.17
 12   1.60 2.90 4.30 5.44 6.26 6.68 6.56 5.94 4.88 3.78 2.80 2.10 1.85 2.26 3.28 4.42 5.22 5.65 5.56 4.90 3.91 2.90 2.00 1.42
 13   1.40 2.10 3.38 4.64 5.58 6.21 6.44 6.14 5.32 4.32 3.32 2.52 1.99 1.96 2.58 3.60 4.54 5.16 5.41 5.18 4.48 3.58 2.64 1.88
 14   1.52 1.70 2.56 3.76 4.80 5.62 6.10 6.12 5.68 4.81 3.82 2.92 2.20 1.81 1.96 2.66 3.60 4.44 4.94 5.10 4.86 4.20 3.36 2.60
 15   1.92 1.70 2.05 2.88 3.94 4.90 5.61 5.95 5.90 5.34 4.44 3.46 2.66 2.04 1.78 2.00 2.70 3.62 4.40 4.90 5.10 4.90 4.42 3.72
 16   2.98 2.44 2.14 2.31 3.01 4.06 4.95 5.58 5.90 5.85 5.32 4.41 3.50 2.70 2.06 1.70 1.75 2.30 3.00 3.70 4.40 5.00 5.25 5.05
 17   4.30 3.46 2.75 2.40 2.39 2.94 3.84 4.79 5.50 5.88 5.82 5.28 4.40 3.49 2.62 1.92 1.51 1.62 2.30 3.32 4.30 5.02 5.53 5.60
 18   5.28 4.53 3.68 2.91 2.42 2.25 2.62 3.56 4.45 5.28 5.85 6.00 5.72 4.60 3.40 2.48 1.70 1.30 1.36 2.14 3.36 4.52 5.40 5.95
 19   6.05 5.60 4.72 3.76 2.92 2.32 2.20 2.60 3.62 4.70 5.46 5.90 5.86 5.28 4.34 3.28 2.22 1.38 0.95 1.08 2.14 3.60 4.86 5.85
 20   6.25 6.14 5.40 4.42 3.46 2.66 2.13 2.02 2.64 3.78 4.82 5.62 6.04 5.92 5.20 4.10 2.90 1.80 0.92 0.65 1.05 2.38 4.08 5.38
 21   6.26 6.68 6.54 5.88 4.74 3.62 2.66 2.00 1.95 2.68 3.94 5.06 5.82 6.11 5.90 4.98 3.78 2.48 1.34 0.50 0.30 1.20 2.92 4.62
 22   5.82 6.59 6.85 6.59 5.79 4.57 3.42 2.43 1.88 1.84 2.78 4.12 5.26 5.98 6.20 5.72 4.70 3.40 2.02 0.90 0.14 0.18 1.44 3.46
 23   5.16 6.26 6.92 7.02 6.60 5.65 4.40 3.22 2.20 1.66 1.78 2.98 4.42 5.56 6.24 6.31 5.66 4.39 3.00 1.64 0.58 0.10 0.35 1.92
 24   4.04 5.52 6.50 7.00 6.99 6.42 5.30 3.98 2.80 1.80 1.37 1.78 3.20 4.68 5.78 6.31 6.22 5.39 4.00 2.60 1.36 0.45 0.20 0.65
 25   2.56 4.42 5.74 6.60 7.01 6.86 6.16 4.90 3.62 2.48 1.52 1.30 2.00 3.52 4.98 5.94 6.32 6.14 5.14 3.82 2.48 1.32 0.35 0.16
 26   1.20 3.20 4.88 6.10 6.86 7.10 6.84 6.02 4.74 3.48 2.35 1.48 1.35 2.16 3.76 5.16 6.02 6.34 6.06 5.02 3.78 2.52 1.42 0.65
 27   0.61 1.66 3.50 5.12 6.18 6.88 7.00 6.62 5.70 4.38 3.14 2.04 1.27 1.25 2.18 3.72 5.04 5.82 6.07 5.79 4.80 3.64 2.46 1.48
 28   0.80 0.84 2.00 3.74 5.16 6.20 6.80 6.84 6.38 5.30 4.08 2.86 1.84 1.18 1.20 2.22 3.70 4.86 5.60 5.88 5.66 4.82 3.79 2.76
 29   1.82 1.29 1.34 2.34 3.80 5.13 6.10 6.62 6.62 6.08 5.00 3.84 2.72 1.80 1.22 1.20 2.12 3.44 4.62 5.36 5.75 5.70 5.12 4.20
 30   3.24 2.40 1.81 1.74 2.40 3.68 4.94 5.86 6.38 6.40 5.86 4.80 3.70 2.68 1.80 1.18 1.16 1.90 3.20 4.40 5.25 5.78 5.89 5.52
 31   4.64 3.71 2.86 2.20 1.98 2.36 3.40 4.56 5.44 5.98 6.08 5.68 4.78 3.78 2.72 1.80 1.14 1.00 1.64 2.88 4.16 5.11 5.80 6.08
 ----------------------------------------------------------------------------------------------------------------------------
                                                                                               
 ----------------------------------------------------------------------------------------------------------------------------
 ----------------------------------------------------------------------------------------------------------------------------
