                                                          SURVEY OF INDIA
                                                    MARINE GEODESY WING (G&RB)
                                                     HOURLY HEIGHTS IN METRES
  NAME OF PORT:- KANDLA                                                                             MONTH JANUARY   YEAR 2017
 ----------------------------------------------------------------------------------------------------------------------------
 DAYS 0000 0001 0002 0003 0004 0005 0006 0007 0008 0009 0010 0011 0012 0013 0014 0015 0016 0017 0018 0019 0020 0021 0022 0023
 ----------------------------------------------------------------------------------------------------------------------------
  1
  2
  3
  4
  5
  6
  7
  8
  9
 10
 11
 12
 13
 14
 15
 16
 17
 18
 19
 20
 21
 22
 23
 24
 25
 26
 27
 28
 29
 30
 31
 ----------------------------------------------------------------------------------------------------------------------------
                                                          SURVEY OF INDIA
                                                    MARINE GEODESY WING (G&RB)
                                                     HOURLY HEIGHTS IN METRES
  NAME OF PORT:- KANDLA                                                                             MONTH FEBRUARY  YEAR 2017
 ----------------------------------------------------------------------------------------------------------------------------
 DAYS 0000 0001 0002 0003 0004 0005 0006 0007 0008 0009 0010 0011 0012 0013 0014 0015 0016 0017 0018 0019 0020 0021 0022 0023
 ----------------------------------------------------------------------------------------------------------------------------
  1
  2
  3
  4
  5
  6
  7
  8
  9
 10
 11
 12
 13
 14
 15
 16
 17
 18
 19
 20
 21
 22
 23
 24
 25
 26
 27
 28
 ----------------------------------------------------------------------------------------------------------------------------
                                                          SURVEY OF INDIA
                                                    MARINE GEODESY WING (G&RB)
                                                     HOURLY HEIGHTS IN METRES
  NAME OF PORT:- KANDLA                                                                             MONTH MARCH     YEAR 2017
 ----------------------------------------------------------------------------------------------------------------------------
 DAYS 0000 0001 0002 0003 0004 0005 0006 0007 0008 0009 0010 0011 0012 0013 0014 0015 0016 0017 0018 0019 0020 0021 0022 0023
 ----------------------------------------------------------------------------------------------------------------------------
  1
  2
  3
  4
  5
  6
  7
  8
  9
 10
 11
 12
 13
 14
 15
 16
 17
 18
 19
 20
 21
 22
 23
 24
 25
 26
 27
 28
 29
 30
 31
 ----------------------------------------------------------------------------------------------------------------------------
                                                          SURVEY OF INDIA
                                                    MARINE GEODESY WING (G&RB)
                                                     HOURLY HEIGHTS IN METRES
  NAME OF PORT:- KANDLA                                                                             MONTH APRIL     YEAR 2017
 ----------------------------------------------------------------------------------------------------------------------------
 DAYS 0000 0001 0002 0003 0004 0005 0006 0007 0008 0009 0010 0011 0012 0013 0014 0015 0016 0017 0018 0019 0020 0021 0022 0023
 ----------------------------------------------------------------------------------------------------------------------------
  1
  2
  3
  4
  5
  6
  7
  8
  9
 10
 11
 12
 13
 14
 15
 16
 17
 18
 19
 20
 21
 22
 23
 24
 25
 26
 27
 28
 29
 30
 ----------------------------------------------------------------------------------------------------------------------------
                                                          SURVEY OF INDIA
                                                    MARINE GEODESY WING (G&RB)
                                                     HOURLY HEIGHTS IN METRES
  NAME OF PORT:- KANDLA                                                                             MONTH MAY       YEAR 2017
 ----------------------------------------------------------------------------------------------------------------------------
 DAYS 0000 0001 0002 0003 0004 0005 0006 0007 0008 0009 0010 0011 0012 0013 0014 0015 0016 0017 0018 0019 0020 0021 0022 0023
 ----------------------------------------------------------------------------------------------------------------------------
  1
  2
  3
  4
  5
  6
  7
  8
  9
 10
 11
 12
 13
 14
 15
 16
 17
 18
 19
 20
 21
 22
 23
 24
 25
 26
 27
 28
 29
 30
 31
 ----------------------------------------------------------------------------------------------------------------------------
                                                          SURVEY OF INDIA
                                                    MARINE GEODESY WING (G&RB)
                                                     HOURLY HEIGHTS IN METRES
  NAME OF PORT:- KANDLA                                                                             MONTH JUNE      YEAR 2017
 ----------------------------------------------------------------------------------------------------------------------------
 DAYS 0000 0001 0002 0003 0004 0005 0006 0007 0008 0009 0010 0011 0012 0013 0014 0015 0016 0017 0018 0019 0020 0021 0022 0023
 ----------------------------------------------------------------------------------------------------------------------------
  1
  2
  3
  4
  5
  6
  7
  8
  9
 10
 11
 12
 13
 14
 15
 16
 17
 18
 19
 20
 21
 22
 23
 24
 25
 26
 27
 28
 29
 30
 ----------------------------------------------------------------------------------------------------------------------------
                                                          SURVEY OF INDIA
                                                    MARINE GEODESY WING (G&RB)
                                                     HOURLY HEIGHTS IN METRES
  NAME OF PORT:- KANDLA                                                                             MONTH JULY      YEAR 2017
 ----------------------------------------------------------------------------------------------------------------------------
 DAYS 0000 0001 0002 0003 0004 0005 0006 0007 0008 0009 0010 0011 0012 0013 0014 0015 0016 0017 0018 0019 0020 0021 0022 0023
 ----------------------------------------------------------------------------------------------------------------------------
  1
  2
  3
  4
  5
  6
  7
  8
  9
 10
 11
 12
 13
 14
 15
 16
 17
 18
 19
 20
 21
 22
 23
 24
 25
 26
 27
 28
 29
 30
 31
 ----------------------------------------------------------------------------------------------------------------------------
                                                          SURVEY OF INDIA
                                                    MARINE GEODESY WING (G&RB)
                                                     HOURLY HEIGHTS IN METRES
  NAME OF PORT:- KANDLA                                                                             MONTH AUGUST    YEAR 2017
 ----------------------------------------------------------------------------------------------------------------------------
 DAYS 0000 0001 0002 0003 0004 0005 0006 0007 0008 0009 0010 0011 0012 0013 0014 0015 0016 0017 0018 0019 0020 0021 0022 0023
 ----------------------------------------------------------------------------------------------------------------------------
  1
  2
  3
  4
  5
  6
  7
  8
  9
 10
 11
 12
 13
 14
 15
 16
 17
 18
 19
 20
 21
 22
 23
 24
 25
 26
 27
 28
 29
 30
 31
 ----------------------------------------------------------------------------------------------------------------------------
                                                          SURVEY OF INDIA
                                                    MARINE GEODESY WING (G&RB)
                                                     HOURLY HEIGHTS IN METRES
  NAME OF PORT:- KANDLA                                                                             MONTH SEPT      YEAR 2017
 ----------------------------------------------------------------------------------------------------------------------------
 DAYS 0000 0001 0002 0003 0004 0005 0006 0007 0008 0009 0010 0011 0012 0013 0014 0015 0016 0017 0018 0019 0020 0021 0022 0023
 ----------------------------------------------------------------------------------------------------------------------------
  1
  2
  3
  4
  5
  6
  7
  8
  9
 10
 11
 12
 13
 14
 15
 16
 17
 18
 19
 20
 21
 22
 23
 24
 25
 26
 27
 28
 29
 30
 ----------------------------------------------------------------------------------------------------------------------------
                                                          SURVEY OF INDIA
                                                    MARINE GEODESY WING (G&RB)
                                                     HOURLY HEIGHTS IN METRES
  NAME OF PORT:- KANDLA                                                                             MONTH OCTOBER   YEAR 2017
 ----------------------------------------------------------------------------------------------------------------------------
 DAYS 0000 0001 0002 0003 0004 0005 0006 0007 0008 0009 0010 0011 0012 0013 0014 0015 0016 0017 0018 0019 0020 0021 0022 0023
 ----------------------------------------------------------------------------------------------------------------------------
  1
  2
  3
  4
  5
  6
  7
  8
  9
 10
 11
 12
 13
 14
 15
 16
 17
 18
 19
 20
 21
 22
 23
 24
 25
 26
 27
 28
 29
 30
 31
 ----------------------------------------------------------------------------------------------------------------------------
                                                          SURVEY OF INDIA
                                                    MARINE GEODESY WING (G&RB)
                                                     HOURLY HEIGHTS IN METRES
  NAME OF PORT:- KANDLA                                                                             MONTH NOVEMBER  YEAR 2017
 ----------------------------------------------------------------------------------------------------------------------------
 DAYS 0000 0001 0002 0003 0004 0005 0006 0007 0008 0009 0010 0011 0012 0013 0014 0015 0016 0017 0018 0019 0020 0021 0022 0023
 ----------------------------------------------------------------------------------------------------------------------------
  1
  2
  3
  4
  5
  6
  7
  8
  9
 10
 11
 12
 13
 14
 15
 16
 17
 18
 19
 20
 21
 22   2.20 3.84 5.16 6.10 6.66 6.66 6.14 5.08 4.00 2.88 2.10 1.80 2.06 3.12 4.44 5.36 5.88 5.84 5.20 4.10 2.92 1.88 1.12 0.98
 23   1.50 2.96 4.44 5.58 6.34 6.66 6.44 5.68 4.56 3.44 2.54 1.92 1.90 2.53 3.68 4.76 5.48 5.78 5.56 4.72 3.66 2.60 1.68 1.30
 24   1.42 2.24 3.64 4.94 5.88 6.46 6.55 6.10 5.18 4.10 3.06 2.30 1.92 2.05 2.92 3.98 4.90 5.46 5.56 5.16 4.32 3.36 2.44 1.76
 25   1.53 1.80 2.82 4.08 5.16 5.94 6.34 6.24 5.64 4.70 3.72 2.86 2.22 2.00 2.30 3.12 4.10 4.86 5.28 5.31 4.90 4.12 3.24 2.46
 26   1.84 1.71 2.08 3.10 4.27 5.16 5.75 6.00 6.00 5.60 4.66 3.62 2.68 2.12 1.96 2.32 3.12 4.02 4.76 5.16 5.22 4.90 4.20 3.44
 27   2.66 2.10 1.93 2.26 3.18 4.30 5.20 5.82 6.09 5.94 5.34 4.49 3.58 2.78 2.16 1.93 2.12 2.84 3.78 4.58 5.10 5.34 5.22 4.70
 28   3.86 3.06 2.40 2.15 2.30 3.04 4.10 5.06 5.76 6.11 6.04 5.50 4.64 3.70 2.80 2.02 1.66 1.78 2.54 3.65 4.63 5.31 5.68 5.63
 29   4.92 4.08 3.36 2.70 2.26 2.18 2.64 3.68 4.78 5.60 6.08 6.20 5.84 4.90 3.72 2.62 1.80 1.40 1.48 2.24 3.52 4.68 5.52 6.03
 30   6.08 5.60 4.68 3.68 2.70 2.16 2.10 2.55 3.76 4.90 5.76 6.22 6.20 5.62 4.56 3.40 2.32 1.44 1.11 1.30 2.20 3.72 5.02 5.94
 ----------------------------------------------------------------------------------------------------------------------------
                                                                                               
 ----------------------------------------------------------------------------------------------------------------------------
 ----------------------------------------------------------------------------------------------------------------------------
                                                          SURVEY OF INDIA
                                                    MARINE GEODESY WING (G&RB)
                                                     HOURLY HEIGHTS IN METRES
  NAME OF PORT:- KANDLA                                                                             MONTH DECEMBER  YEAR 2017
 ----------------------------------------------------------------------------------------------------------------------------
 DAYS 0000 0001 0002 0003 0004 0005 0006 0007 0008 0009 0010 0011 0012 0013 0014 0015 0016 0017 0018 0019 0020 0021 0022 0023
 ----------------------------------------------------------------------------------------------------------------------------
  1   6.44 6.40 5.76 4.68 3.52 2.48 1.88 1.87 2.48 3.80 5.00 5.84 6.28 6.20 5.44 4.24 3.00 1.80 0.90 0.58 1.01 2.42 4.12 5.40
  2   6.36 6.75 6.56 5.80 4.58 3.36 2.30 1.68 1.70 2.56 4.02 5.24 6.08 6.48 6.16 5.22 3.88 2.52 1.34 0.48 0.30 0.98 2.84 4.60
  3   5.88 6.68 6.94 6.64 5.76 4.44 3.20 2.16 1.70 1.86 2.76 4.28 5.56 6.32 6.50 6.08 4.92 3.52 2.12 1.00 0.45 0.50 1.24 3.36
  4   5.16 6.28 6.96 7.05 6.62 5.64 4.32 3.10 2.04 1.66 1.86 3.04 4.62 5.84 6.52 6.56 5.90 4.54 3.12 1.80 0.70 0.22 0.44 1.76
  5   4.00 5.56 6.60 7.16 7.14 6.60 5.56 4.22 3.00 1.96 1.50 1.88 3.28 4.80 6.04 6.56 6.42 5.54 4.16 2.76 1.44 0.48 0.18 0.76
  6   2.60 4.64 6.00 6.92 7.26 7.14 6.50 5.32 4.00 2.80 1.88 1.60 2.32 3.88 5.32 6.30 6.72 6.44 5.44 4.12 2.72 1.48 0.56 0.30
  7   1.20 3.12 4.84 6.08 6.90 7.14 6.84 6.00 4.68 3.48 2.32 1.48 1.26 2.12 3.68 5.08 5.92 6.24 5.86 4.82 3.56 2.20 1.20 0.52
  8   0.56 1.56 3.36 4.96 6.08 6.78 6.97 6.56 5.64 4.53 3.17 2.12 1.42 1.44 2.36 3.88 5.12 5.88 6.16 5.82 4.84 3.64 2.48 1.50
  9   0.88 0.92 1.86 3.52 4.96 6.04 6.68 6.80 6.36 5.36 4.20 3.00 2.04 1.40 1.42 2.32 3.68 4.84 5.58 5.88 5.66 4.88 3.88 2.88
 10   1.96 1.36 1.38 2.20 3.64 5.00 5.96 6.56 6.64 6.16 5.20 4.04 2.92 2.04 1.40 1.36 2.06 3.32 4.48 5.24 5.63 5.58 5.04 4.16
 11   3.24 2.40 1.82 1.68 2.28 3.52 4.72 5.64 6.20 6.32 5.92 5.00 3.94 2.92 2.02 1.38 1.24 1.88 3.04 4.16 5.04 5.56 5.72 5.42
 12   4.64 3.76 2.88 2.16 1.91 2.20 3.18 4.36 5.32 5.92 6.14 5.84 5.00 4.00 2.96 2.04 1.36 1.18 1.62 2.76 4.04 5.00 5.70 6.00
 13   5.84 5.12 4.20 3.28 2.54 2.12 2.28 3.08 4.16 5.12 5.76 6.04 5.81 5.08 4.04 2.92 1.80 1.18 1.02 1.45 2.66 4.08 5.12 5.84
 14   6.16 6.00 5.28 4.32 3.36 2.56 2.10 2.18 2.90 3.96 4.96 5.64 5.94 5.72 4.97 3.86 2.72 1.60 0.91 0.90 1.62 2.96 4.36 5.36
 15   6.04 6.28 6.00 5.16 4.16 3.16 2.40 1.96 2.12 2.92 4.08 5.04 5.64 5.80 5.48 4.56 3.40 2.28 1.30 0.88 1.02 1.92 3.56 4.82
 16   5.80 6.32 6.30 5.80 4.84 3.76 2.78 2.08 1.88 2.26 3.28 4.36 5.24 5.70 5.72 5.16 4.08 2.88 1.70 0.96 0.70 1.20 2.50 4.16
 17   5.40 6.16 6.48 6.32 5.60 4.52 3.44 2.56 1.94 1.92 2.60 3.76 4.80 5.56 5.86 5.68 4.80 3.64 2.44 1.38 0.80 0.86 1.70 3.48
 18   5.00 5.98 6.60 6.72 6.32 5.36 4.20 3.12 2.32 1.90 2.08 3.04 4.24 5.22 5.84 5.94 5.40 4.32 3.08 1.96 1.00 0.66 1.16 2.60
 19   4.40 5.56 6.40 6.81 6.68 6.04 4.88 3.72 2.68 2.00 1.76 2.40 3.56 4.74 5.60 6.00 5.82 4.96 3.80 2.56 1.52 0.84 0.76 1.72
 20   3.56 5.00 6.00 6.68 6.82 6.44 5.52 4.32 3.16 2.24 1.74 1.90 2.84 4.08 5.12 5.82 5.96 5.48 4.36 3.20 2.04 1.18 0.83 1.24
 21   2.72 4.32 5.50 6.36 6.74 6.60 5.90 4.80 3.64 2.68 1.96 1.74 2.32 3.48 4.68 5.54 5.96 5.78 4.96 3.80 2.64 1.64 1.00 1.03
 22   2.00 3.60 4.96 5.96 6.60 6.72 6.32 5.40 4.24 3.18 2.32 1.82 1.92 2.76 4.00 5.06 5.70 5.88 5.42 4.52 3.40 2.32 1.46 1.12
 23   1.52 2.78 4.24 5.44 6.28 6.72 6.62 6.00 4.92 3.84 2.84 2.10 1.79 2.20 3.28 4.44 5.32 5.78 5.75 5.16 4.12 3.08 2.15 1.52
 24   1.44 2.12 3.44 4.80 5.80 6.50 6.72 6.42 5.60 4.52 3.44 2.52 1.92 1.86 2.48 3.56 4.60 5.32 5.66 5.52 4.86 3.92 2.96 2.16
 25   1.66 1.78 2.56 3.84 5.02 5.92 6.48 6.56 6.12 5.20 4.08 3.04 2.20 1.76 1.80 2.52 3.64 4.56 5.22 5.52 5.34 4.72 3.84 2.98
 26   2.22 1.82 1.96 2.76 3.96 5.08 5.86 6.30 6.28 5.76 4.80 3.76 2.82 2.10 1.68 1.80 2.52 3.56 4.48 5.10 5.44 5.38 4.92 4.14
 27   3.22 2.54 2.14 2.20 2.88 4.04 5.08 5.82 6.24 6.18 5.62 4.70 3.68 2.78 2.00 1.54 1.64 2.32 3.40 4.42 5.14 5.58 5.70 5.40
 28   4.60 3.74 2.90 2.44 2.38 2.88 3.88 4.92 5.68 6.10 6.06 5.52 4.60 3.60 2.60 1.80 1.28 1.32 2.08 3.28 4.44 5.30 5.86 6.08
 29   5.80 5.04 4.12 3.24 2.58 2.36 2.72 3.72 4.76 5.56 6.04 6.08 5.60 4.66 3.60 2.52 1.60 1.01 1.03 1.84 3.22 4.48 5.52 6.20
 30   6.44 6.12 5.28 4.16 3.16 2.38 2.06 2.36 3.36 4.52 5.42 5.96 6.06 5.56 4.52 3.36 2.24 1.28 0.64 0.68 1.60 3.20 4.72 5.90
 31   6.60 6.72 6.34 5.40 4.28 3.16 2.28 1.92 2.24 3.32 4.60 5.58 6.18 6.28 5.72 4.60 3.36 2.08 1.02 0.46 0.56 1.60 3.52 5.06
 ----------------------------------------------------------------------------------------------------------------------------
                                                                                               
 ----------------------------------------------------------------------------------------------------------------------------
 ----------------------------------------------------------------------------------------------------------------------------
