                                                          SURVEY OF INDIA
                                                    MARINE GEODESY WING (G&RB)
                                                     HOURLY HEIGHTS IN METRES
  NAME OF PORT:- OKHA                                                                               MONTH JANUARY   YEAR 2015
 ----------------------------------------------------------------------------------------------------------------------------
 DAYS 0000 0001 0002 0003 0004 0005 0006 0007 0008 0009 0010 0011 0012 0013 0014 0015 0016 0017 0018 0019 0020 0021 0022 0023
 ----------------------------------------------------------------------------------------------------------------------------
  1   2.90 2.45 2.07 1.78 1.74 1.92 2.20 2.54 2.82 2.94 2.91 2.70 2.25 1.65 1.07 0.60 0.43 0.62 1.10 1.76 2.44 2.99 3.33 3.45
  2   3.34 2.98 2.48 2.06 1.78 1.74 1.88 2.14 2.49 2.84 3.01 3.00 2.74 2.25 1.62 1.00 0.57 0.45 0.70 1.24 1.96 2.70 3.28 3.60
  3   3.68 3.46 3.03 2.49 1.98 1.63 1.59 1.78 2.10 2.52 2.88 3.06 2.96 2.63 2.10 1.42 0.82 0.42 0.41 0.78 1.42 2.17 2.93 3.48
  4   3.70 3.71 3.40 2.86 2.26 1.72 1.41 1.43 1.68 2.08 2.52 2.87 2.96 2.80 2.40 1.81 1.14 0.57 0.28 0.44 0.97 1.66 2.47 3.18
  5   3.60 3.78 3.69 3.24 2.64 2.03 1.54 1.32 1.45 1.81 2.29 2.77 3.04 3.01 2.75 2.26 1.62 0.96 0.50 0.40 0.74 1.34 2.10 2.86
  6   3.50 3.80 3.87 3.58 3.02 2.38 1.78 1.37 1.34 1.58 2.01 2.51 2.93 3.09 2.98 2.64 2.11 1.45 0.87 0.54 0.60 1.06 1.70 2.48
  7   3.20 3.66 3.84 3.77 3.33 2.72 2.05 1.50 1.24 1.34 1.70 2.18 2.66 2.96 2.98 2.78 2.34 1.73 1.10 0.64 0.52 0.73 1.27 1.96
  8   2.70 3.32 3.65 3.72 3.46 2.94 2.28 1.66 1.24 1.18 1.42 1.82 2.32 2.77 2.95 2.89 2.62 2.14 1.56 1.02 0.70 0.72 1.06 1.62
  9   2.30 3.02 3.48 3.68 3.61 3.20 2.60 1.94 1.42 1.15 1.22 1.56 2.01 2.49 2.81 2.88 2.73 2.40 1.92 1.41 1.04 0.88 1.04 1.48
 10   2.08 2.80 3.36 3.68 3.73 3.46 2.95 2.30 1.70 1.30 1.21 1.39 1.76 2.20 2.64 2.87 2.88 2.74 2.39 1.95 1.50 1.21 1.15 1.37
 11   1.82 2.40 3.02 3.46 3.60 3.54 3.18 2.62 2.02 1.49 1.18 1.17 1.42 1.81 2.26 2.63 2.80 2.81 2.64 2.32 1.93 1.59 1.38 1.41
 12   1.70 2.12 2.68 3.15 3.41 3.46 3.29 2.87 2.30 1.74 1.27 1.08 1.18 1.49 1.88 2.30 2.58 2.75 2.78 2.63 2.34 2.00 1.70 1.57
 13   1.66 1.96 2.36 2.85 3.18 3.33 3.31 3.04 2.59 2.03 1.56 1.19 1.06 1.18 1.48 1.88 2.27 2.59 2.79 2.86 2.78 2.53 2.20 1.93
 14   1.82 1.89 2.13 2.47 2.82 3.08 3.20 3.18 2.93 2.50 1.98 1.50 1.12 0.96 1.08 1.38 1.77 2.20 2.57 2.85 3.00 2.97 2.76 2.46
 15   2.17 1.99 2.02 2.19 2.42 2.68 2.90 3.00 2.98 2.79 2.44 1.96 1.42 1.05 0.86 1.00 1.31 1.74 2.24 2.69 3.00 3.16 3.17 2.94
 16   2.60 2.24 2.03 1.98 2.10 2.30 2.57 2.82 2.94 2.93 2.72 2.33 1.84 1.32 0.93 0.76 0.89 1.27 1.77 2.34 2.86 3.21 3.41 3.39
 17   3.09 2.70 2.32 2.03 1.94 2.04 2.24 2.54 2.82 2.97 2.94 2.74 2.34 1.80 1.25 0.80 0.63 0.79 1.25 1.86 2.56 3.16 3.54 3.70
 18   3.60 3.22 2.75 2.27 1.91 1.82 1.95 2.21 2.56 2.91 3.10 3.08 2.84 2.35 1.72 1.06 0.57 0.44 0.72 1.28 2.02 2.79 3.40 3.76
 19   3.86 3.66 3.24 2.68 2.14 1.73 1.66 1.84 2.19 2.63 3.04 3.22 3.14 2.80 2.22 1.48 0.82 0.36 0.36 0.77 1.47 2.32 3.12 3.70
 20   4.00 4.02 3.69 3.13 2.46 1.86 1.51 1.55 1.84 2.30 2.85 3.25 3.42 3.27 2.84 2.16 1.36 0.64 0.25 0.34 0.92 1.73 2.64 3.44
 21   3.94 4.18 4.09 3.60 2.90 2.20 1.59 1.30 1.42 1.85 2.42 3.05 3.46 3.54 3.32 2.78 2.02 1.20 0.51 0.21 0.48 1.16 2.04 2.96
 22   3.70 4.10 4.22 3.96 3.35 2.57 1.82 1.24 1.06 1.34 1.90 2.55 3.18 3.54 3.52 3.24 2.66 1.88 1.05 0.42 0.27 0.64 1.40 2.30
 23   3.20 3.85 4.14 4.14 3.75 3.06 2.22 1.45 0.94 0.89 1.27 1.88 2.59 3.22 3.52 3.48 3.17 2.57 1.79 1.05 0.54 0.53 0.99 1.73
 24   2.58 3.40 3.87 4.08 3.98 3.48 2.72 1.90 1.19 0.77 0.84 1.28 1.91 2.59 3.15 3.41 3.40 3.08 2.50 1.81 1.15 0.78 0.86 1.34
 25   2.00 2.82 3.52 3.89 3.99 3.77 3.20 2.41 1.67 1.01 0.69 0.82 1.29 1.92 2.60 3.10 3.34 3.32 3.06 2.56 1.94 1.40 1.09 1.20
 26   1.64 2.24 2.96 3.53 3.82 3.83 3.55 2.96 2.26 1.52 0.94 0.72 0.87 1.34 1.93 2.54 2.98 3.20 3.25 3.08 2.68 2.17 1.69 1.42
 27   1.50 1.87 2.36 2.96 3.38 3.56 3.55 3.26 2.76 2.08 1.43 0.92 0.70 0.84 1.26 1.76 2.32 2.77 3.07 3.22 3.14 2.80 2.35 1.92
 28   1.62 1.67 1.93 2.29 2.72 3.04 3.21 3.22 3.00 2.60 2.04 1.43 0.98 0.74 0.83 1.18 1.64 2.18 2.66 3.00 3.22 3.25 3.01 2.64
 29   2.24 1.95 1.84 1.95 2.18 2.50 2.82 3.01 3.04 2.92 2.58 2.11 1.58 1.10 0.80 0.80 1.06 1.48 2.05 2.62 3.06 3.32 3.41 3.24
 30   2.88 2.48 2.12 1.91 1.94 2.09 2.34 2.65 2.86 2.94 2.86 2.60 2.18 1.66 1.16 0.83 0.76 1.08 1.59 2.22 2.84 3.28 3.56 3.62
 31   3.42 3.00 2.54 2.13 1.90 1.92 2.09 2.35 2.66 2.89 3.00 2.95 2.72 2.31 1.75 1.23 0.81 0.84 1.13 1.63 2.32 2.96 3.45 3.73
 ----------------------------------------------------------------------------------------------------------------------------
                                                                                               
 ----------------------------------------------------------------------------------------------------------------------------
 ----------------------------------------------------------------------------------------------------------------------------
                                                          SURVEY OF INDIA
                                                    MARINE GEODESY WING (G&RB)
                                                     HOURLY HEIGHTS IN METRES
  NAME OF PORT:- OKHA                                                                               MONTH FEBRUARY  YEAR 2015
 ----------------------------------------------------------------------------------------------------------------------------
 DAYS 0000 0001 0002 0003 0004 0005 0006 0007 0008 0009 0010 0011 0012 0013 0014 0015 0016 0017 0018 0019 0020 0021 0022 0023
 ----------------------------------------------------------------------------------------------------------------------------
  1   3.81 3.57 3.13 2.60 2.13 1.84 1.82 1.99 2.27 2.62 2.90 3.04 2.99 2.70 2.23 1.64 1.13 0.81 0.83 1.20 1.78 2.48 3.14 3.59
  2   3.80 3.79 3.43 2.91 2.36 1.89 1.66 1.74 2.01 2.37 2.78 3.08 3.14 3.00 2.61 2.05 1.43 0.94 0.72 0.90 1.40 2.05 2.78 3.38
  3   3.74 3.82 3.62 3.13 2.54 1.95 1.53 1.44 1.64 2.02 2.45 2.86 3.09 3.06 2.81 2.32 1.70 1.12 0.72 0.70 1.06 1.64 2.36 3.08
  4   3.56 3.79 3.77 3.38 2.80 2.16 1.63 1.36 1.44 1.76 2.22 2.74 3.09 3.22 3.08 2.68 2.13 1.48 0.95 0.72 0.89 1.39 2.06 2.82
  5   3.42 3.77 3.84 3.59 3.08 2.44 1.83 1.39 1.30 1.55 1.98 2.49 2.93 3.18 3.15 2.91 2.42 1.80 1.18 0.77 0.73 1.09 1.67 2.38
  6   3.12 3.59 3.76 3.66 3.22 2.61 1.96 1.41 1.14 1.26 1.63 2.14 2.73 3.12 3.24 3.10 2.73 2.18 1.57 1.05 0.82 0.96 1.42 2.06
  7   2.82 3.40 3.68 3.69 3.42 2.85 2.19 1.58 1.15 1.07 1.30 1.77 2.34 2.86 3.12 3.10 2.89 2.44 1.86 1.31 0.92 0.86 1.16 1.69
  8   2.36 3.02 3.40 3.54 3.43 2.96 2.35 1.70 1.17 0.86 0.94 1.33 1.85 2.42 2.84 3.00 2.93 2.66 2.18 1.63 1.18 0.98 1.10 1.50
  9   2.00 2.66 3.16 3.43 3.42 3.13 2.60 1.96 1.35 0.95 0.87 1.09 1.55 2.08 2.60 2.90 2.98 2.85 2.52 2.06 1.60 1.32 1.24 1.42
 10   1.82 2.34 2.89 3.22 3.34 3.20 2.79 2.23 1.63 1.12 0.83 0.86 1.18 1.63 2.18 2.60 2.84 2.90 2.75 2.42 2.01 1.65 1.44 1.44
 11   1.70 2.05 2.51 2.94 3.15 3.18 2.97 2.54 1.99 1.43 1.03 0.88 1.00 1.33 1.78 2.27 2.65 2.86 2.93 2.78 2.48 2.14 1.84 1.68
 12   1.72 1.92 2.26 2.66 2.96 3.09 3.07 2.81 2.38 1.82 1.31 0.98 0.87 1.00 1.34 1.78 2.25 2.62 2.86 2.97 2.91 2.66 2.36 2.06
 13   1.88 1.86 2.02 2.26 2.58 2.84 2.94 2.92 2.70 2.33 1.85 1.40 1.03 0.88 0.97 1.29 1.74 2.22 2.62 2.90 3.07 3.07 2.86 2.54
 14   2.20 1.99 1.90 2.00 2.20 2.48 2.74 2.86 2.86 2.71 2.41 1.96 1.52 1.10 0.86 0.91 1.20 1.66 2.16 2.66 3.07 3.31 3.38 3.17
 15   2.78 2.39 2.08 1.92 1.93 2.08 2.32 2.59 2.80 2.88 2.82 2.54 2.07 1.51 0.99 0.72 0.79 1.06 1.55 2.14 2.74 3.20 3.48 3.53
 16   3.29 2.87 2.38 1.95 1.70 1.69 1.89 2.17 2.53 2.84 2.96 2.89 2.59 2.05 1.39 0.82 0.48 0.49 0.88 1.48 2.22 2.92 3.40 3.68
 17   3.68 3.33 2.80 2.19 1.68 1.40 1.45 1.74 2.14 2.62 3.00 3.12 3.01 2.60 1.98 1.26 0.65 0.32 0.42 0.96 1.70 2.50 3.23 3.68
 18   3.84 3.73 3.23 2.57 1.89 1.32 1.08 1.22 1.62 2.18 2.79 3.22 3.32 3.14 2.61 1.88 1.12 0.48 0.20 0.44 1.11 1.92 2.82 3.52
 19   3.88 3.96 3.68 3.06 2.30 1.57 1.02 0.85 1.16 1.74 2.44 3.10 3.48 3.49 3.22 2.60 1.82 1.00 0.36 0.20 0.60 1.38 2.28 3.17
 20   3.76 4.03 3.98 3.50 2.78 1.94 1.17 0.67 0.67 1.11 1.82 2.60 3.30 3.62 3.57 3.22 2.56 1.75 0.96 0.42 0.40 0.90 1.68 2.60
 21   3.42 3.92 4.02 3.85 3.26 2.43 1.58 0.85 0.46 0.64 1.20 2.01 2.82 3.43 3.66 3.59 3.21 2.52 1.70 0.99 0.56 0.68 1.25 2.06
 22   2.96 3.64 3.96 3.98 3.63 2.97 2.10 1.26 0.61 0.36 0.63 1.28 2.10 2.87 3.40 3.62 3.57 3.16 2.48 1.76 1.14 0.88 1.09 1.63
 23   2.33 3.02 3.70 3.94 3.87 3.46 2.76 1.95 1.18 0.60 0.47 0.82 1.44 2.20 2.90 3.36 3.52 3.44 3.02 2.42 1.78 1.30 1.17 1.45
 24   2.00 2.61 3.25 3.62 3.70 3.54 3.05 2.38 1.64 0.96 0.54 0.59 1.03 1.64 2.32 2.91 3.24 3.38 3.32 2.98 2.46 1.96 1.56 1.49
 25   1.74 2.16 2.66 3.10 3.36 3.38 3.20 2.76 2.14 1.50 0.98 0.70 0.72 1.04 1.54 2.14 2.68 3.04 3.24 3.26 3.03 2.64 2.21 1.86
 26   1.70 1.81 2.12 2.49 2.84 3.05 3.10 2.98 2.68 2.21 1.68 1.19 0.88 0.87 1.14 1.55 2.06 2.54 2.92 3.19 3.29 3.16 2.86 2.46
 27   2.07 1.88 1.90 2.04 2.27 2.56 2.75 2.82 2.78 2.61 2.29 1.85 1.41 1.08 0.96 1.11 1.46 1.93 2.44 2.88 3.20 3.36 3.34 3.08
 28   2.66 2.27 1.98 1.86 1.92 2.09 2.33 2.58 2.74 2.80 2.73 2.49 2.10 1.67 1.32 1.10 1.14 1.37 1.74 2.28 2.82 3.18 3.41 3.45
 ----------------------------------------------------------------------------------------------------------------------------
                                                                                               
 ----------------------------------------------------------------------------------------------------------------------------
 ----------------------------------------------------------------------------------------------------------------------------
                                                          SURVEY OF INDIA
                                                    MARINE GEODESY WING (G&RB)
                                                     HOURLY HEIGHTS IN METRES
  NAME OF PORT:- OKHA                                                                               MONTH MARCH     YEAR 2015
 ----------------------------------------------------------------------------------------------------------------------------
 DAYS 0000 0001 0002 0003 0004 0005 0006 0007 0008 0009 0010 0011 0012 0013 0014 0015 0016 0017 0018 0019 0020 0021 0022 0023
 ----------------------------------------------------------------------------------------------------------------------------
  1   3.20 2.78 2.32 1.94 1.76 1.80 1.97 2.20 2.47 2.74 2.89 2.86 2.64 2.24 1.76 1.34 1.09 1.13 1.44 1.98 2.54 3.02 3.37 3.52
  2   3.42 3.06 2.60 2.09 1.70 1.56 1.64 1.90 2.23 2.60 2.86 2.93 2.86 2.57 2.12 1.59 1.14 0.92 1.03 1.42 1.98 2.62 3.15 3.47
  3   3.57 3.42 3.00 2.46 1.93 1.54 1.41 1.55 1.88 2.30 2.72 2.98 3.02 2.85 2.48 1.96 1.40 1.00 0.88 1.14 1.63 2.25 2.90 3.38
  4   3.60 3.59 3.28 2.72 2.13 1.60 1.28 1.30 1.59 2.01 2.49 2.92 3.10 3.04 2.74 2.23 1.64 1.12 0.83 0.92 1.32 1.90 2.59 3.19
  5   3.50 3.56 3.40 2.90 2.26 1.68 1.24 1.11 1.33 1.76 2.28 2.82 3.14 3.19 3.00 2.56 1.96 1.36 0.91 0.80 1.08 1.60 2.24 2.92
  6   3.38 3.58 3.50 3.09 2.48 1.82 1.27 0.98 1.08 1.46 1.97 2.57 3.04 3.23 3.14 2.83 2.26 1.64 1.10 0.84 0.94 1.35 1.92 2.62
  7   3.20 3.50 3.54 3.25 2.69 2.04 1.40 0.95 0.88 1.18 1.70 2.28 2.89 3.23 3.26 3.06 2.60 2.02 1.42 1.02 0.94 1.23 1.75 2.40
  8   3.02 3.44 3.53 3.40 2.87 2.21 1.54 0.98 0.72 0.84 1.31 1.92 2.57 3.04 3.22 3.17 2.86 2.34 1.72 1.20 0.96 1.06 1.48 2.05
  9   2.64 3.17 3.39 3.35 2.96 2.38 1.71 1.09 0.68 0.63 0.94 1.49 2.15 2.78 3.13 3.20 3.04 2.64 2.09 1.54 1.16 1.08 1.32 1.78
 10   2.32 2.92 3.26 3.32 3.10 2.65 2.00 1.32 0.81 0.57 0.72 1.19 1.79 2.46 3.02 3.26 3.25 2.99 2.52 2.00 1.54 1.30 1.37 1.66
 11   2.09 2.66 3.10 3.29 3.26 2.96 2.43 1.80 1.20 0.83 0.76 1.02 1.49 2.13 2.71 3.10 3.26 3.21 2.91 2.46 2.00 1.63 1.50 1.60
 12   1.90 2.32 2.79 3.10 3.16 3.04 2.67 2.16 1.55 1.07 0.80 0.83 1.18 1.65 2.23 2.76 3.08 3.17 3.10 2.82 2.42 2.04 1.76 1.68
 13   1.76 2.04 2.41 2.80 3.02 3.06 2.91 2.54 2.09 1.54 1.13 0.90 0.95 1.28 1.73 2.25 2.72 3.01 3.17 3.16 2.94 2.60 2.25 1.97
 14   1.84 1.89 2.10 2.40 2.72 2.90 2.92 2.79 2.50 2.09 1.63 1.22 1.00 1.02 1.28 1.71 2.22 2.69 3.03 3.24 3.31 3.17 2.88 2.50
 15   2.14 1.94 1.94 2.07 2.29 2.57 2.77 2.85 2.81 2.62 2.26 1.82 1.36 1.03 0.99 1.20 1.59 2.08 2.60 3.02 3.33 3.44 3.34 3.02
 16   2.58 2.15 1.85 1.76 1.85 2.07 2.37 2.65 2.81 2.84 2.73 2.37 1.89 1.37 0.98 0.88 1.07 1.44 1.98 2.56 3.07 3.42 3.58 3.49
 17   3.08 2.56 2.04 1.64 1.48 1.58 1.87 2.23 2.62 2.92 3.02 2.91 2.54 2.00 1.36 0.87 0.68 0.87 1.35 1.96 2.65 3.20 3.56 3.68
 18   3.50 2.98 2.36 1.74 1.25 1.09 1.29 1.71 2.23 2.76 3.12 3.20 3.09 2.64 1.98 1.29 0.77 0.56 0.82 1.38 2.10 2.84 3.44 3.74
 19   3.74 3.40 2.77 2.00 1.30 0.82 0.78 1.14 1.70 2.36 3.02 3.38 3.44 3.22 2.64 1.89 1.14 0.57 0.44 0.82 1.51 2.32 3.12 3.63
 20   3.78 3.71 3.22 2.47 1.66 0.91 0.50 0.61 1.12 1.86 2.66 3.31 3.66 3.66 3.34 2.66 1.88 1.14 0.62 0.64 1.12 1.86 2.71 3.46
 21   3.87 3.93 3.66 3.02 2.18 1.32 0.62 0.33 0.59 1.24 2.08 2.93 3.57 3.85 3.80 3.37 2.64 1.84 1.12 0.72 0.87 1.42 2.20 3.04
 22   3.68 4.01 3.95 3.54 2.80 1.90 1.06 0.42 0.28 0.68 1.40 2.32 3.18 3.74 3.94 3.85 3.36 2.60 1.80 1.14 0.86 1.13 1.70 2.48
 23   3.26 3.80 3.93 3.77 3.24 2.44 1.57 0.80 0.31 0.34 0.83 1.60 2.44 3.25 3.74 3.88 3.75 3.24 2.52 1.80 1.21 1.04 1.35 1.93
 24   2.61 3.28 3.66 3.70 3.46 2.94 2.20 1.39 0.69 0.32 0.43 0.92 1.66 2.48 3.19 3.58 3.70 3.56 3.08 2.40 1.77 1.30 1.22 1.50
 25   2.02 2.61 3.15 3.43 3.42 3.18 2.69 2.01 1.28 0.72 0.48 0.64 1.16 1.82 2.56 3.15 3.46 3.56 3.42 2.98 2.43 1.88 1.50 1.44
 26   1.68 2.09 2.57 2.99 3.18 3.15 2.94 2.52 1.95 1.35 0.90 0.72 0.92 1.35 1.95 2.60 3.08 3.38 3.48 3.36 3.00 2.56 2.10 1.79
 27   1.74 1.90 2.18 2.54 2.86 3.02 3.03 2.88 2.54 2.09 1.63 1.22 1.03 1.16 1.50 1.98 2.50 2.95 3.23 3.36 3.30 3.02 2.63 2.20
 28   1.88 1.74 1.77 1.98 2.24 2.50 2.70 2.76 2.72 2.50 2.16 1.77 1.40 1.18 1.20 1.44 1.83 2.30 2.73 3.06 3.26 3.32 3.13 2.76
 29   2.32 1.95 1.69 1.66 1.80 2.03 2.27 2.49 2.63 2.68 2.60 2.33 1.94 1.56 1.29 1.22 1.38 1.70 2.13 2.58 2.96 3.20 3.28 3.11
 30   2.76 2.30 1.87 1.58 1.46 1.59 1.83 2.14 2.45 2.64 2.73 2.70 2.46 2.08 1.64 1.31 1.20 1.37 1.72 2.16 2.67 3.04 3.27 3.34
 31   3.14 2.72 2.22 1.74 1.42 1.36 1.53 1.84 2.22 2.59 2.82 2.87 2.76 2.47 2.03 1.57 1.25 1.17 1.40 1.80 2.32 2.86 3.21 3.36
 ----------------------------------------------------------------------------------------------------------------------------
                                                                                               
 ----------------------------------------------------------------------------------------------------------------------------
 ----------------------------------------------------------------------------------------------------------------------------
                                                          SURVEY OF INDIA
                                                    MARINE GEODESY WING (G&RB)
                                                     HOURLY HEIGHTS IN METRES
  NAME OF PORT:- OKHA                                                                               MONTH APRIL     YEAR 2015
 ----------------------------------------------------------------------------------------------------------------------------
 DAYS 0000 0001 0002 0003 0004 0005 0006 0007 0008 0009 0010 0011 0012 0013 0014 0015 0016 0017 0018 0019 0020 0021 0022 0023
 ----------------------------------------------------------------------------------------------------------------------------
  1   3.32 3.00 2.50 1.94 1.46 1.22 1.29 1.60 2.01 2.49 2.89 3.07 3.07 2.88 2.43 1.93 1.48 1.18 1.22 1.53 2.00 2.61 3.12 3.41
  2   3.43 3.22 2.77 2.20 1.64 1.22 1.14 1.35 1.78 2.30 2.82 3.17 3.28 3.16 2.76 2.22 1.69 1.28 1.13 1.31 1.76 2.32 2.92 3.34
  3   3.50 3.38 3.00 2.46 1.84 1.29 0.99 1.10 1.50 2.03 2.63 3.12 3.37 3.37 3.10 2.60 2.02 1.47 1.14 1.18 1.56 2.10 2.73 3.23
  4   3.48 3.48 3.18 2.65 1.98 1.31 0.87 0.82 1.14 1.69 2.34 2.96 3.36 3.48 3.36 2.92 2.28 1.68 1.22 1.10 1.32 1.80 2.40 3.00
  5   3.42 3.50 3.35 2.86 2.20 1.50 0.95 0.70 0.88 1.37 2.01 2.74 3.28 3.53 3.50 3.15 2.60 1.98 1.43 1.10 1.18 1.57 2.10 2.70
  6   3.21 3.44 3.38 3.02 2.42 1.70 1.05 0.63 0.64 1.05 1.65 2.37 3.04 3.44 3.57 3.43 3.00 2.38 1.77 1.28 1.14 1.39 1.84 2.40
  7   3.00 3.30 3.34 3.12 2.64 1.98 1.27 0.71 0.49 0.70 1.23 1.90 2.64 3.20 3.46 3.49 3.24 2.74 2.13 1.58 1.25 1.30 1.63 2.10
  8   2.66 3.13 3.31 3.25 2.89 2.32 1.64 1.00 0.58 0.55 0.88 1.48 2.20 2.89 3.32 3.48 3.44 3.10 2.58 2.02 1.58 1.36 1.51 1.86
  9   2.31 2.84 3.16 3.21 3.01 2.60 2.00 1.37 0.84 0.58 0.69 1.12 1.72 2.43 3.02 3.37 3.48 3.38 3.00 2.48 1.99 1.62 1.50 1.69
 10   2.04 2.48 2.91 3.10 3.08 2.86 2.44 1.89 1.33 0.89 0.71 0.94 1.39 1.98 2.63 3.14 3.41 3.49 3.30 2.92 2.46 2.01 1.71 1.67
 11   1.82 2.11 2.48 2.80 2.93 2.88 2.64 2.25 1.75 1.24 0.89 0.82 1.04 1.48 2.06 2.64 3.07 3.32 3.40 3.26 2.90 2.49 2.07 1.76
 12   1.70 1.79 2.02 2.33 2.62 2.80 2.80 2.65 2.34 1.89 1.40 1.02 0.92 1.13 1.53 2.03 2.56 3.00 3.28 3.40 3.30 2.98 2.56 2.10
 13   1.74 1.58 1.64 1.86 2.16 2.48 2.70 2.80 2.70 2.47 2.12 1.66 1.25 1.01 1.09 1.42 1.89 2.44 2.92 3.24 3.42 3.41 3.10 2.64
 14   2.12 1.62 1.38 1.39 1.60 1.90 2.28 2.61 2.81 2.85 2.70 2.33 1.83 1.35 1.03 1.02 1.31 1.77 2.31 2.86 3.27 3.49 3.52 3.20
 15   2.64 2.04 1.50 1.17 1.14 1.38 1.78 2.28 2.76 3.07 3.14 3.01 2.61 2.08 1.51 1.13 1.07 1.34 1.82 2.40 3.02 3.44 3.64 3.60
 16   3.18 2.59 1.90 1.29 0.90 0.92 1.28 1.80 2.42 2.99 3.34 3.42 3.24 2.77 2.14 1.50 1.05 1.00 1.33 1.88 2.54 3.22 3.63 3.76
 17   3.60 3.04 2.33 1.58 0.92 0.58 0.70 1.20 1.88 2.64 3.26 3.56 3.61 3.33 2.73 2.00 1.34 0.91 0.93 1.35 2.01 2.74 3.38 3.72
 18   3.72 3.36 2.74 1.94 1.15 0.48 0.24 0.54 1.19 2.01 2.84 3.48 3.74 3.74 3.35 2.64 1.88 1.22 0.85 1.01 1.57 2.26 3.00 3.57
 19   3.77 3.62 3.14 2.40 1.54 0.72 0.16 0.16 0.60 1.38 2.28 3.10 3.66 3.88 3.82 3.31 2.54 1.80 1.15 0.87 1.23 1.84 2.54 3.23
 20   3.66 3.69 3.42 2.80 1.98 1.10 0.38 0.00 0.22 0.83 1.60 2.48 3.28 3.78 3.92 3.76 3.20 2.44 1.72 1.16 1.02 1.36 1.94 2.60
 21   3.28 3.58 3.53 3.22 2.61 1.82 1.00 0.37 0.09 0.34 0.98 1.84 2.77 3.44 3.82 3.89 3.63 3.04 2.32 1.63 1.17 1.17 1.54 2.09
 22   2.71 3.25 3.44 3.34 3.00 2.40 1.64 0.94 0.44 0.31 0.64 1.30 2.10 2.94 3.52 3.78 3.80 3.47 2.90 2.24 1.64 1.30 1.36 1.73
 23   2.22 2.77 3.16 3.28 3.12 2.74 2.19 1.54 0.95 0.55 0.54 0.90 1.51 2.26 2.98 3.46 3.64 3.63 3.32 2.80 2.20 1.69 1.41 1.50
 24   1.80 2.24 2.66 2.97 3.02 2.90 2.60 2.14 1.59 1.11 0.82 0.85 1.20 1.72 2.38 2.98 3.34 3.50 3.49 3.18 2.70 2.19 1.74 1.51
 25   1.59 1.80 2.12 2.48 2.75 2.82 2.76 2.54 2.18 1.74 1.33 1.09 1.13 1.43 1.88 2.44 2.93 3.25 3.43 3.40 2.97 2.40 1.94 1.66
 26   1.58 1.70 1.93 2.22 2.48 2.64 2.67 2.59 2.42 2.18 1.87 1.52 1.28 1.28 1.50 1.88 2.33 2.79 3.12 3.31 3.35 3.13 2.72 2.28
 27   1.88 1.57 1.50 1.61 1.84 2.14 2.42 2.59 2.66 2.63 2.44 2.14 1.78 1.52 1.44 1.58 1.88 2.26 2.68 3.00 3.23 3.30 3.12 2.74
 28   2.28 1.84 1.50 1.41 1.52 1.76 2.09 2.42 2.67 2.82 2.84 2.67 2.36 2.00 1.69 1.54 1.64 1.92 2.28 2.70 3.05 3.23 3.27 3.10
 29   2.74 2.25 1.78 1.44 1.33 1.46 1.76 2.17 2.56 2.85 3.00 2.99 2.78 2.44 2.04 1.69 1.54 1.64 1.93 2.32 2.78 3.10 3.26 3.22
 30   2.98 2.52 2.00 1.50 1.19 1.17 1.42 1.82 2.30 2.76 3.02 3.12 3.06 2.75 2.33 1.89 1.53 1.48 1.69 2.06 2.56 3.00 3.25 3.30
 ----------------------------------------------------------------------------------------------------------------------------
                                                                                               
 ----------------------------------------------------------------------------------------------------------------------------
 ----------------------------------------------------------------------------------------------------------------------------
                                                          SURVEY OF INDIA
                                                    MARINE GEODESY WING (G&RB)
                                                     HOURLY HEIGHTS IN METRES
  NAME OF PORT:- OKHA                                                                               MONTH MAY       YEAR 2015
 ----------------------------------------------------------------------------------------------------------------------------
 DAYS 0000 0001 0002 0003 0004 0005 0006 0007 0008 0009 0010 0011 0012 0013 0014 0015 0016 0017 0018 0019 0020 0021 0022 0023
 ----------------------------------------------------------------------------------------------------------------------------
  1   3.12 2.70 2.16 1.60 1.15 0.98 1.17 1.58 2.08 2.64 3.06 3.25 3.28 3.08 2.66 2.16 1.71 1.45 1.47 1.76 2.18 2.68 3.09 3.28
  2   3.24 2.94 2.44 1.81 1.23 0.85 0.83 1.15 1.66 2.28 2.90 3.28 3.42 3.36 3.01 2.48 1.93 1.50 1.36 1.52 1.91 2.38 2.89 3.20
  3   3.26 3.08 2.64 2.06 1.38 0.85 0.62 0.82 1.32 1.98 2.68 3.21 3.49 3.56 3.32 2.84 2.25 1.71 1.36 1.36 1.66 2.09 2.60 3.06
  4   3.24 3.18 2.84 2.29 1.60 0.93 0.53 0.55 0.94 1.56 2.29 3.00 3.45 3.64 3.58 3.16 2.60 1.98 1.32 1.30 1.48 1.86 2.36 2.90
  5   3.25 3.29 3.09 2.61 1.98 1.25 0.65 0.43 0.64 1.15 1.86 2.66 3.29 3.64 3.72 3.47 2.98 2.24 1.58 1.35 1.35 1.63 2.06 2.58
  6   3.05 3.24 3.16 2.84 2.28 1.55 0.89 0.44 0.41 0.79 1.38 2.04 2.98 3.49 3.72 3.72 3.35 2.78 2.14 1.58 1.33 1.48 1.84 2.30
  7   2.86 3.15 3.20 3.05 2.59 1.96 1.25 0.69 0.41 0.55 1.06 1.73 2.52 3.22 3.62 3.76 3.62 3.14 2.55 1.94 1.48 1.40 1.62 2.03
  8   2.50 2.96 3.15 3.09 2.80 2.29 1.64 1.02 0.58 0.50 0.78 1.25 1.95 2.70 3.27 3.60 3.68 3.46 2.98 2.40 1.83 1.48 1.44 1.66
  9   2.08 2.52 2.90 3.06 2.97 2.70 2.20 1.61 1.04 0.68 0.62 0.92 1.49 2.18 2.90 3.38 3.61 3.61 3.32 2.84 2.28 1.74 1.43 1.44
 10   1.70 2.04 2.42 2.77 2.88 2.82 2.60 2.17 1.63 1.12 0.80 0.78 1.14 1.64 2.32 2.93 3.37 3.58 3.60 3.31 2.84 2.30 1.80 1.52
 11   1.50 1.68 1.97 2.34 2.66 2.81 2.79 2.62 2.26 1.79 1.32 0.98 0.94 1.22 1.70 2.32 2.88 3.30 3.51 3.52 3.26 2.82 2.28 1.76
 12   1.44 1.34 1.48 1.79 2.16 2.53 2.74 2.82 2.75 2.47 2.05 1.58 1.21 1.08 1.29 1.74 2.26 2.82 3.21 3.44 3.50 3.28 2.82 2.20
 13   1.62 1.18 1.04 1.19 1.53 1.94 2.40 2.76 2.97 2.99 2.76 2.34 1.83 1.39 1.21 1.33 1.70 2.20 2.76 3.20 3.45 3.52 3.28 2.80
 14   2.14 1.52 1.06 0.84 0.94 1.34 1.90 2.44 2.90 3.14 3.22 3.02 2.54 2.00 1.50 1.24 1.34 1.69 2.18 2.74 3.20 3.47 3.50 3.26
 15   2.74 2.00 1.32 0.76 0.56 0.76 1.26 1.90 2.56 3.14 3.40 3.45 3.20 2.67 2.08 1.52 1.23 1.32 1.72 2.22 2.80 3.26 3.47 3.45
 16   3.15 2.50 1.75 1.00 0.45 0.30 0.60 1.23 1.98 2.75 3.28 3.58 3.60 3.28 2.70 2.04 1.48 1.18 1.32 1.74 2.29 2.89 3.33 3.48
 17   3.38 2.92 2.26 1.47 0.74 0.24 0.22 0.68 1.40 2.24 3.04 3.58 3.80 3.78 3.36 2.70 2.04 1.46 1.20 1.40 1.88 2.46 3.08 3.46
 18   3.52 3.30 2.80 2.02 1.23 0.52 0.11 0.26 0.81 1.62 2.52 3.30 3.78 3.98 3.84 3.30 2.62 1.92 1.37 1.21 1.50 2.02 2.62 3.20
 19   3.48 3.44 3.14 2.54 1.77 0.98 0.34 0.08 0.34 1.01 1.87 2.76 3.46 3.85 3.96 3.74 3.14 2.45 1.76 1.30 1.28 1.62 2.15 2.75
 20   3.24 3.46 3.33 2.98 2.36 1.60 0.86 0.32 0.24 0.63 1.33 2.16 3.00 3.61 3.92 3.96 3.61 3.00 2.28 1.66 1.29 1.35 1.70 2.22
 21   2.80 3.19 3.28 3.14 2.76 2.16 1.42 0.77 0.38 0.43 0.88 1.59 2.40 3.15 3.64 3.86 3.81 3.40 2.80 2.11 1.56 1.31 1.44 1.82
 22   2.30 2.80 3.08 3.10 2.90 2.49 1.92 1.28 0.76 0.52 0.68 1.16 1.81 2.57 3.20 3.60 3.74 3.58 3.12 2.52 1.94 1.46 1.33 1.52
 23   1.88 2.37 2.74 2.93 2.92 2.73 2.37 1.86 1.34 0.94 0.82 1.02 1.48 2.10 2.77 3.28 3.55 3.54 3.36 2.94 2.42 1.88 1.49 1.41
 24   1.56 1.88 2.26 2.57 2.76 2.77 2.67 2.38 1.98 1.52 1.18 1.14 1.38 1.78 2.33 2.88 3.25 3.44 3.45 3.20 2.76 2.24 1.76 1.46
 25   1.43 1.60 1.88 2.23 2.54 2.68 2.70 2.60 2.35 1.97 1.63 1.37 1.32 1.50 1.88 2.35 2.82 3.15 3.32 3.30 3.04 2.64 2.14 1.69
 26   1.41 1.36 1.50 1.77 2.13 2.42 2.61 2.69 2.66 2.49 2.16 1.82 1.56 1.50 1.65 1.98 2.37 2.76 3.05 3.22 3.22 2.96 2.55 2.07
 27   1.62 1.34 1.28 1.42 1.68 2.02 2.34 2.59 2.75 2.77 2.59 2.29 1.96 1.67 1.57 1.67 1.96 2.30 2.66 2.96 3.11 3.08 2.88 2.48
 28   1.98 1.52 1.18 1.08 1.24 1.54 1.92 2.33 2.66 2.84 2.87 2.69 2.36 1.99 1.67 1.55 1.64 1.88 2.22 2.60 2.89 3.05 3.03 2.76
 29   2.33 1.78 1.30 0.95 0.88 1.10 1.47 1.96 2.44 2.78 2.94 2.95 2.76 2.40 2.00 1.65 1.50 1.57 1.84 2.22 2.61 2.90 3.00 2.90
 30   2.60 2.10 1.52 1.01 0.74 0.78 1.10 1.56 2.13 2.64 3.00 3.16 3.13 2.83 2.38 1.94 1.61 1.52 1.65 1.96 2.37 2.74 2.94 2.93
 31   2.76 2.36 1.80 1.20 0.74 0.58 0.76 1.22 1.80 2.46 2.98 3.27 3.36 3.19 2.78 2.26 1.82 1.52 1.52 1.76 2.13 2.54 2.92 3.02
 ----------------------------------------------------------------------------------------------------------------------------
                                                                                               
 ----------------------------------------------------------------------------------------------------------------------------
 ----------------------------------------------------------------------------------------------------------------------------
                                                          SURVEY OF INDIA
                                                    MARINE GEODESY WING (G&RB)
                                                     HOURLY HEIGHTS IN METRES
  NAME OF PORT:- OKHA                                                                               MONTH JUNE      YEAR 2015
 ----------------------------------------------------------------------------------------------------------------------------
 DAYS 0000 0001 0002 0003 0004 0005 0006 0007 0008 0009 0010 0011 0012 0013 0014 0015 0016 0017 0018 0019 0020 0021 0022 0023
 ----------------------------------------------------------------------------------------------------------------------------
  1   2.92 2.54 2.00 1.35 0.74 0.44 0.51 0.93 1.53 2.21 2.85 3.27 3.50 3.52 3.20 2.66 2.11 1.64 1.42 1.52 1.86 2.28 2.73 3.05
  2   3.12 2.92 2.50 1.86 1.16 0.61 0.36 0.55 1.09 1.80 2.56 3.17 3.53 3.64 3.50 3.02 2.42 1.86 1.44 1.36 1.58 1.97 2.46 2.92
  3   3.16 3.07 2.73 2.16 1.44 0.76 0.30 0.24 0.62 1.26 2.08 2.88 3.46 3.74 3.76 3.44 2.87 2.22 1.65 1.30 1.37 1.68 2.14 2.65
  4   3.06 3.16 2.97 2.50 1.89 1.20 0.59 0.19 0.26 0.78 1.55 2.36 3.14 3.57 3.76 3.68 3.26 2.62 1.98 1.45 1.23 1.42 1.82 2.32
  5   2.84 3.10 3.10 2.82 2.30 1.64 0.94 0.40 0.22 0.45 1.04 1.81 2.64 3.30 3.68 3.78 3.57 3.06 2.41 1.76 1.28 1.22 1.49 1.93
  6   2.40 2.86 3.06 3.00 2.72 2.20 1.52 0.87 0.42 0.35 0.70 1.34 2.12 2.92 3.48 3.76 3.79 3.48 2.90 2.24 1.62 1.28 1.31 1.62
  7   2.06 2.56 2.94 3.06 2.98 2.70 2.20 1.53 0.94 0.56 0.60 1.03 1.66 2.44 3.16 3.60 3.81 3.75 3.36 2.78 2.10 1.54 1.26 1.34
  8   1.62 2.08 2.56 2.93 3.08 3.05 2.78 2.28 1.78 1.26 0.96 1.00 1.42 2.02 2.78 3.35 3.72 3.88 3.78 3.46 2.88 2.24 1.70 1.47
  9   1.55 1.88 2.29 2.77 3.13 3.32 3.33 3.16 2.78 2.30 1.77 1.44 1.46 1.80 2.33 2.98 3.54 3.84 3.96 3.82 3.40 2.80 2.15 1.56
 10   1.22 1.26 1.55 1.96 2.40 2.78 3.04 3.16 3.10 2.78 2.28 1.81 1.49 1.53 1.84 2.34 2.88 3.38 3.70 3.80 3.64 3.28 2.68 2.03
 11   1.45 1.14 1.12 1.37 1.81 2.32 2.80 3.14 3.30 3.30 3.02 2.54 2.04 1.68 1.61 1.84 2.26 2.70 3.16 3.52 3.64 3.60 3.28 2.72
 12   2.04 1.40 0.98 0.91 1.12 1.64 2.20 2.83 3.26 3.51 3.56 3.32 2.88 2.38 1.93 1.72 1.84 2.20 2.62 3.08 3.41 3.52 3.48 3.14
 13   2.48 1.80 1.19 0.72 0.62 0.98 1.54 2.15 2.76 3.34 3.70 3.74 3.46 2.98 2.41 1.92 1.68 1.78 2.13 2.60 3.12 3.42 3.53 3.40
 14   3.02 2.40 1.76 1.04 0.59 0.58 0.97 1.60 2.33 3.08 3.56 3.80 3.83 3.47 2.92 2.34 1.80 1.60 1.74 2.08 2.58 3.04 3.39 3.46
 15   3.29 2.80 2.16 1.40 0.76 0.39 0.46 0.96 1.68 2.52 3.25 3.69 3.92 3.87 3.46 2.86 2.24 1.72 1.52 1.72 2.15 2.64 3.17 3.44
 16   3.44 3.17 2.70 1.98 1.22 0.60 0.30 0.52 1.13 1.90 2.81 3.48 3.86 4.02 3.86 3.36 2.72 2.10 1.59 1.52 1.79 2.22 2.76 3.22
 17   3.45 3.39 3.08 2.50 1.77 1.03 0.48 0.38 0.72 1.40 2.20 3.06 3.64 3.96 4.04 3.76 3.20 2.52 1.90 1.50 1.50 1.84 2.33 2.89
 18   3.28 3.40 3.26 2.88 2.30 1.56 0.89 0.50 0.56 1.02 1.72 2.56 3.32 3.80 4.04 4.01 3.60 3.00 2.37 1.76 1.48 1.60 1.98 2.48
 19   3.00 3.32 3.37 3.18 2.74 2.10 1.41 0.86 0.61 0.79 1.32 2.04 2.84 3.48 3.90 4.05 3.86 3.38 2.73 2.09 1.60 1.46 1.69 2.10
 20   2.58 3.06 3.29 3.26 3.03 2.56 1.94 1.34 0.92 0.81 1.08 1.62 2.34 3.08 3.63 3.90 3.90 3.62 3.08 2.44 1.88 1.51 1.48 1.74
 21   2.13 2.62 2.98 3.12 3.08 2.82 2.34 1.80 1.35 1.11 1.17 1.48 2.02 2.72 3.38 3.82 4.02 3.92 3.57 2.96 2.36 1.86 1.63 1.71
 22   1.96 2.37 2.77 3.05 3.16 3.09 2.85 2.43 1.98 1.59 1.39 1.47 1.80 2.26 2.86 3.52 3.87 3.92 3.73 3.34 2.68 1.95 1.48 1.30
 23   1.42 1.71 2.09 2.56 2.94 3.08 2.92 2.58 2.22 1.90 1.64 1.52 1.62 1.96 2.48 3.00 3.47 3.71 3.76 3.58 3.20 2.56 2.00 1.63
 24   1.52 1.62 1.83 2.12 2.44 2.75 2.97 2.94 2.66 2.29 2.02 1.86 1.84 1.99 2.24 2.56 2.87 3.14 3.34 3.36 3.20 2.84 2.34 1.87
 25   1.56 1.42 1.55 1.81 2.10 2.39 2.67 2.90 2.96 2.83 2.58 2.29 2.04 1.93 2.04 2.32 2.70 3.04 3.30 3.44 3.42 3.17 2.71 2.21
 26   1.72 1.43 1.34 1.49 1.80 2.21 2.59 2.91 3.14 3.22 3.08 2.79 2.43 2.14 2.03 2.10 2.30 2.60 2.88 3.12 3.22 3.16 2.90 2.48
 27   2.00 1.48 1.18 1.14 1.36 1.70 2.14 2.62 2.98 3.23 3.32 3.19 2.90 2.52 2.18 2.00 2.02 2.20 2.44 2.72 2.97 3.06 2.98 2.74
 28   2.34 1.78 1.29 0.95 0.92 1.17 1.61 2.14 2.66 3.09 3.34 3.42 3.22 2.84 2.41 2.04 1.84 1.88 2.10 2.40 2.74 2.96 3.02 2.90
 29   2.58 2.06 1.50 0.96 0.66 0.72 1.06 1.63 2.28 2.89 3.29 3.50 3.51 3.21 2.76 2.27 1.86 1.70 1.78 2.07 2.44 2.82 3.04 3.06
 30   2.88 2.42 1.86 1.23 0.72 0.50 0.68 1.18 1.82 2.54 3.16 3.54 3.68 3.55 3.08 2.56 2.06 1.67 1.56 1.74 2.07 2.48 2.89 3.08
 ----------------------------------------------------------------------------------------------------------------------------
                                                                                               
 ----------------------------------------------------------------------------------------------------------------------------
 ----------------------------------------------------------------------------------------------------------------------------
                                                          SURVEY OF INDIA
                                                    MARINE GEODESY WING (G&RB)
                                                     HOURLY HEIGHTS IN METRES
  NAME OF PORT:- OKHA                                                                               MONTH JULY      YEAR 2015
 ----------------------------------------------------------------------------------------------------------------------------
 DAYS 0000 0001 0002 0003 0004 0005 0006 0007 0008 0009 0010 0011 0012 0013 0014 0015 0016 0017 0018 0019 0020 0021 0022 0023
 ----------------------------------------------------------------------------------------------------------------------------
  1   3.04 2.73 2.23 1.56 0.91 0.45 0.35 0.68 1.30 2.06 2.85 3.43 3.72 3.77 3.48 2.94 2.35 1.80 1.48 1.52 1.84 2.25 2.74 3.11
  2   3.24 3.08 2.66 2.04 1.30 0.64 0.28 0.40 0.90 1.60 2.43 3.16 3.65 3.85 3.80 3.36 2.73 2.10 1.56 1.33 1.50 1.90 2.38 2.90
  3   3.18 3.21 3.00 2.47 1.76 1.00 0.41 0.20 0.50 1.14 1.90 2.72 3.38 3.77 3.88 3.69 3.14 2.46 1.80 1.32 1.25 1.52 2.00 2.56
  4   3.06 3.28 3.23 2.92 2.35 1.60 0.88 0.36 0.27 0.66 1.38 2.20 3.04 3.62 3.89 3.92 3.58 2.95 2.22 1.57 1.18 1.22 1.59 2.13
  5   2.68 3.12 3.28 3.18 2.84 2.22 1.49 0.83 0.43 0.50 0.97 1.70 2.52 3.28 3.78 3.96 3.88 3.40 2.72 1.98 1.38 1.10 1.23 1.64
  6   2.18 2.78 3.16 3.28 3.18 2.82 2.26 1.57 0.99 0.67 0.78 1.26 1.96 2.76 3.41 3.79 3.90 3.70 3.18 2.47 1.76 1.18 0.96 1.14
  7   1.54 2.14 2.67 3.02 3.15 3.08 2.77 2.22 1.60 1.10 0.82 0.94 1.48 2.14 2.86 3.40 3.74 3.78 3.50 2.96 2.22 1.50 0.95 0.77
  8   0.98 1.46 2.02 2.48 2.83 3.01 3.04 2.86 2.40 1.83 1.33 1.08 1.20 1.63 2.22 2.87 3.36 3.58 3.57 3.30 2.77 2.08 1.40 0.88
  9   0.68 0.84 1.28 1.80 2.34 2.74 2.96 3.00 2.86 2.49 2.00 1.54 1.28 1.34 1.70 2.24 2.76 3.15 3.32 3.32 3.08 2.62 1.94 1.30
 10   0.80 0.61 0.73 1.14 1.68 2.19 2.66 2.97 3.13 3.09 2.75 2.26 1.80 1.52 1.52 1.78 2.18 2.60 2.98 3.18 3.17 2.96 2.56 1.94
 11   1.30 0.78 0.50 0.58 0.95 1.46 2.08 2.64 3.04 3.25 3.26 2.96 2.47 2.00 1.66 1.58 1.74 2.02 2.38 2.76 3.02 3.06 2.92 2.50
 12   1.94 1.30 0.70 0.39 0.46 0.82 1.38 2.03 2.64 3.14 3.40 3.43 3.13 2.64 2.14 1.70 1.54 1.66 1.96 2.31 2.70 2.98 3.05 2.90
 13   2.50 1.94 1.26 0.68 0.36 0.40 0.81 1.44 2.20 2.89 3.36 3.56 3.54 3.20 2.66 2.12 1.67 1.48 1.62 1.92 2.30 2.70 2.98 3.06
 14   2.90 2.50 1.94 1.24 0.66 0.33 0.44 0.93 1.62 2.40 3.08 3.56 3.70 3.64 3.21 2.64 2.04 1.56 1.40 1.58 1.95 2.40 2.82 3.08
 15   3.12 2.88 2.42 1.78 1.10 0.57 0.35 0.60 1.18 1.92 2.70 3.34 3.68 3.75 3.56 3.04 2.43 1.84 1.40 1.34 1.62 2.04 2.54 2.98
 16   3.12 3.04 2.77 2.24 1.56 0.92 0.46 0.44 0.80 1.44 2.20 2.96 3.47 3.73 3.71 3.36 2.76 2.13 1.54 1.22 1.32 1.67 2.18 2.70
 17   3.08 3.16 2.98 2.58 2.00 1.30 0.72 0.43 0.56 1.06 1.74 2.55 3.22 3.59 3.72 3.58 3.06 2.43 1.80 1.32 1.20 1.42 1.84 2.36
 18   2.86 3.08 3.06 2.78 2.32 1.70 1.06 0.58 0.49 0.78 1.36 2.08 2.81 3.34 3.60 3.60 3.30 2.72 2.06 1.48 1.10 1.14 1.44 1.92
 19   2.44 2.84 2.99 2.90 2.58 2.06 1.42 0.91 0.62 0.68 1.08 1.60 2.36 3.00 3.39 3.55 3.40 2.94 2.30 1.68 1.16 0.96 1.08 1.42
 20   2.05 2.51 2.80 2.87 2.73 2.37 1.85 1.31 0.90 0.75 0.94 1.38 1.93 2.62 3.16 3.37 3.36 3.04 2.54 1.90 1.32 0.97 0.98 1.24
 21   1.68 2.18 2.58 2.77 2.75 2.56 2.16 1.64 1.20 0.90 0.89 1.20 1.68 2.26 2.85 3.20 3.32 3.20 2.81 2.26 1.66 1.18 0.94 1.02
 22   1.36 1.75 2.20 2.55 2.69 2.66 2.49 2.14 1.70 1.32 1.11 1.15 1.52 1.98 2.50 2.98 3.24 3.28 3.07 2.60 2.04 1.48 1.06 0.94
 23   1.08 1.42 1.82 2.29 2.57 2.66 2.64 2.45 2.10 1.73 1.40 1.28 1.38 1.71 2.15 2.62 3.00 3.16 3.14 2.84 2.36 1.80 1.29 0.94
 24   0.88 1.09 1.40 1.81 2.22 2.52 2.70 2.73 2.58 2.30 1.98 1.70 1.54 1.66 1.96 2.32 2.66 2.89 2.98 2.92 2.68 2.20 1.70 1.22
 25   0.90 0.90 1.12 1.45 1.85 2.25 2.55 2.75 2.82 2.70 2.46 2.15 1.88 1.76 1.83 2.04 2.32 2.62 2.81 2.85 2.79 2.56 2.10 1.62
 26   1.20 0.93 0.88 1.08 1.40 1.85 2.29 2.68 2.93 3.03 2.94 2.66 2.35 2.06 1.88 1.88 2.04 2.29 2.54 2.70 2.76 2.69 2.48 2.12
 27   1.66 1.24 0.86 0.75 0.96 1.36 1.87 2.36 2.74 3.02 3.12 3.02 2.76 2.44 2.10 1.84 1.73 1.86 2.12 2.41 2.67 2.77 2.72 2.44
 28   2.06 1.60 1.12 0.76 0.66 0.92 1.40 1.96 2.50 3.04 3.30 3.36 3.22 2.84 2.38 1.96 1.73 1.75 1.94 2.19 2.46 2.72 2.86 2.81
 29   2.48 2.02 1.44 0.88 0.51 0.47 0.80 1.38 2.08 2.74 3.20 3.47 3.51 3.24 2.74 2.18 1.72 1.47 1.53 1.81 2.18 2.60 2.90 3.00
 30   2.88 2.48 1.92 1.24 0.64 0.30 0.42 0.92 1.56 2.34 3.00 3.48 3.68 3.63 3.20 2.60 2.02 1.52 1.29 1.48 1.86 2.36 2.81 3.14
 31   3.20 2.98 2.50 1.80 1.04 0.44 0.16 0.41 1.00 1.80 2.60 3.32 3.70 3.78 3.60 3.04 2.36 1.69 1.16 1.06 1.38 1.86 2.44 2.94
 ----------------------------------------------------------------------------------------------------------------------------
                                                                                               
 ----------------------------------------------------------------------------------------------------------------------------
 ----------------------------------------------------------------------------------------------------------------------------
                                                          SURVEY OF INDIA
                                                    MARINE GEODESY WING (G&RB)
                                                     HOURLY HEIGHTS IN METRES
  NAME OF PORT:- OKHA                                                                               MONTH AUGUST    YEAR 2015
 ----------------------------------------------------------------------------------------------------------------------------
 DAYS 0000 0001 0002 0003 0004 0005 0006 0007 0008 0009 0010 0011 0012 0013 0014 0015 0016 0017 0018 0019 0020 0021 0022 0023
 ----------------------------------------------------------------------------------------------------------------------------
  1   3.25 3.20 2.88 2.32 1.58 0.80 0.21 0.09 0.50 1.20 2.02 2.87 3.46 3.74 3.72 3.33 2.67 1.90 1.23 0.83 0.92 1.34 1.92 2.58
  2   3.06 3.28 3.18 2.81 2.16 1.36 0.62 0.13 0.20 0.74 1.50 2.36 3.14 3.62 3.78 3.68 3.12 2.37 1.58 0.90 0.61 0.83 1.36 2.03
  3   2.68 3.16 3.30 3.17 2.73 2.02 1.25 0.56 0.20 0.40 1.00 1.80 2.64 3.35 3.72 3.80 3.55 2.92 2.11 1.28 0.66 0.52 0.83 1.44
  4   2.12 2.78 3.17 3.30 3.20 2.76 2.09 1.37 0.75 0.50 0.75 1.38 2.18 2.91 3.46 3.70 3.70 3.36 2.63 1.82 1.07 0.54 0.48 0.86
  5   1.46 2.10 2.74 3.11 3.22 3.08 2.67 2.04 1.40 0.89 0.74 1.03 1.58 2.28 2.98 3.43 3.62 3.52 3.04 2.34 1.56 0.88 0.44 0.48
  6   0.84 1.40 2.02 2.60 2.97 3.08 3.00 2.66 2.14 1.57 1.14 1.01 1.26 1.76 2.34 2.92 3.32 3.42 3.28 2.84 2.20 1.50 0.86 0.48
  7   0.48 0.82 1.32 1.94 2.50 2.89 3.06 3.08 2.83 2.40 1.94 1.53 1.34 1.50 1.88 2.34 2.80 3.14 3.23 3.09 2.76 2.24 1.62 1.02
  8   0.64 0.58 0.86 1.30 1.84 2.38 2.80 3.08 3.19 3.07 2.72 2.30 1.88 1.68 1.75 2.02 2.35 2.72 2.97 3.06 3.02 2.78 2.34 1.76
  9   1.20 0.76 0.64 0.84 1.23 1.77 2.34 2.82 3.16 3.31 3.24 2.94 2.50 2.06 1.74 1.70 1.86 2.12 2.44 2.71 2.92 2.96 2.79 2.42
 10   1.92 1.34 0.86 0.64 0.76 1.16 1.68 2.30 2.83 3.23 3.46 3.41 3.12 2.64 2.12 1.76 1.62 1.73 1.98 2.30 2.62 2.86 2.91 2.79
 11   2.44 1.92 1.35 0.83 0.56 0.69 1.09 1.65 2.30 2.90 3.32 3.50 3.47 3.13 2.58 2.02 1.56 1.43 1.58 1.89 2.24 2.61 2.89 2.94
 12   2.82 2.42 1.88 1.26 0.74 0.52 0.69 1.17 1.78 2.48 3.08 3.46 3.58 3.47 3.00 2.40 1.82 1.39 1.32 1.56 1.95 2.36 2.77 3.01
 13   2.99 2.76 2.30 1.70 1.08 0.62 0.50 0.80 1.36 2.06 2.78 3.30 3.54 3.56 3.28 2.73 2.08 1.52 1.17 1.24 1.59 2.04 2.52 2.88
 14   3.04 2.98 2.66 2.14 1.50 0.88 0.54 0.61 1.05 1.66 2.38 3.04 3.44 3.60 3.48 3.00 2.39 1.76 1.26 1.10 1.33 1.75 2.23 2.75
 15   3.08 3.14 2.97 2.50 1.90 1.22 0.72 0.54 0.77 1.32 1.96 2.68 3.24 3.54 3.52 3.22 2.66 2.03 1.40 1.04 1.08 1.42 1.91 2.45
 16   2.88 3.13 3.07 2.74 2.22 1.56 0.95 0.61 0.64 1.06 1.66 2.37 3.04 3.43 3.56 3.40 2.90 2.24 1.58 1.08 0.96 1.18 1.62 2.16
 17   2.68 3.05 3.12 2.98 2.56 1.98 1.33 0.85 0.70 0.91 1.41 2.02 2.70 3.22 3.46 3.47 3.11 2.53 1.85 1.24 0.88 0.96 1.32 1.80
 18   2.34 2.84 3.08 3.07 2.79 2.32 1.72 1.18 0.85 0.87 1.24 1.76 2.42 3.05 3.38 3.44 3.26 2.78 2.10 1.44 0.98 0.82 1.05 1.51
 19   2.03 2.60 2.96 3.08 2.99 2.62 2.13 1.60 1.18 1.02 1.20 1.59 2.09 2.70 3.16 3.36 3.32 2.97 2.40 1.78 1.17 0.85 0.90 1.23
 20   1.69 2.26 2.76 3.02 3.06 2.92 2.56 2.07 1.61 1.30 1.26 1.48 1.88 2.40 2.92 3.21 3.26 3.10 2.69 2.14 1.51 1.06 0.87 1.02
 21   1.38 1.88 2.40 2.80 2.99 2.99 2.84 2.48 2.06 1.68 1.45 1.47 1.74 2.14 2.58 2.95 3.10 3.08 2.81 2.38 1.82 1.30 0.94 0.86
 22   1.08 1.48 1.95 2.42 2.76 2.93 2.94 2.80 2.47 2.08 1.76 1.59 1.65 1.88 2.22 2.56 2.84 2.95 2.91 2.64 2.20 1.70 1.22 0.93
 23   0.90 1.14 1.50 1.94 2.38 2.72 2.94 3.01 2.90 2.63 2.30 2.00 1.84 1.85 2.04 2.30 2.58 2.78 2.86 2.82 2.60 2.22 1.77 1.32
 24   1.02 0.98 1.18 1.55 1.95 2.36 2.72 3.00 3.14 3.08 2.80 2.44 2.08 1.84 1.82 1.95 2.14 2.38 2.59 2.70 2.70 2.55 2.20 1.80
 25   1.36 1.00 0.88 1.03 1.35 1.76 2.26 2.70 3.06 3.24 3.22 2.98 2.58 2.16 1.84 1.69 1.77 1.98 2.23 2.50 2.71 2.79 2.69 2.38
 26   1.94 1.43 0.99 0.78 0.86 1.21 1.69 2.28 2.82 3.22 3.45 3.43 3.13 2.68 2.16 1.74 1.54 1.62 1.86 2.18 2.54 2.85 2.94 2.82
 27   2.46 1.94 1.39 0.88 0.61 0.72 1.15 1.76 2.40 3.02 3.46 3.66 3.54 3.08 2.54 1.96 1.49 1.35 1.52 1.88 2.33 2.77 3.08 3.13
 28   2.98 2.54 1.92 1.22 0.67 0.42 0.65 1.25 1.94 2.70 3.30 3.69 3.84 3.57 3.00 2.30 1.64 1.18 1.14 1.44 1.95 2.50 3.05 3.32
 29   3.34 3.08 2.52 1.77 1.02 0.46 0.36 0.74 1.43 2.20 3.02 3.58 3.84 3.84 3.42 2.71 1.98 1.28 0.87 0.97 1.42 2.06 2.72 3.28
 30   3.52 3.42 3.04 2.40 1.58 0.80 0.31 0.37 0.86 1.62 2.44 3.24 3.74 3.90 3.75 3.14 2.34 1.54 0.86 0.58 0.86 1.49 2.20 2.92
 31   3.46 3.62 3.54 3.03 2.29 1.46 0.74 0.37 0.57 1.18 2.00 2.86 3.56 3.89 3.93 3.57 2.82 1.98 1.15 0.54 0.47 0.88 1.58 2.35
 ----------------------------------------------------------------------------------------------------------------------------
                                                                                               
 ----------------------------------------------------------------------------------------------------------------------------
 ----------------------------------------------------------------------------------------------------------------------------
                                                          SURVEY OF INDIA
                                                    MARINE GEODESY WING (G&RB)
                                                     HOURLY HEIGHTS IN METRES
  NAME OF PORT:- OKHA                                                                               MONTH SEPT      YEAR 2015
 ----------------------------------------------------------------------------------------------------------------------------
 DAYS 0000 0001 0002 0003 0004 0005 0006 0007 0008 0009 0010 0011 0012 0013 0014 0015 0016 0017 0018 0019 0020 0021 0022 0023
 ----------------------------------------------------------------------------------------------------------------------------
  1   3.08 3.54 3.66 3.50 2.94 2.14 1.38 0.74 0.51 0.82 1.50 2.30 3.12 3.68 3.90 3.78 3.30 2.52 1.64 0.82 0.30 0.38 0.88 1.62
  2   2.46 3.12 3.49 3.58 3.40 2.82 2.08 1.37 0.83 0.73 1.13 1.78 2.53 3.24 3.70 3.79 3.62 3.02 2.20 1.36 0.63 0.28 0.46 1.03
  3   1.76 2.52 3.15 3.48 3.56 3.34 2.83 2.14 1.52 1.06 1.04 1.40 1.98 2.65 3.26 3.56 3.57 3.35 2.76 2.00 1.22 0.62 0.35 0.56
  4   1.10 1.76 2.44 3.00 3.30 3.39 3.24 2.78 2.20 1.62 1.25 1.24 1.56 2.02 2.60 3.07 3.30 3.30 3.02 2.50 1.84 1.18 0.65 0.46
  5   0.66 1.14 1.69 2.34 2.85 3.14 3.27 3.18 2.82 2.32 1.82 1.49 1.43 1.65 2.01 2.44 2.84 3.01 3.01 2.82 2.45 1.92 1.36 0.88
  6   0.66 0.78 1.14 1.64 2.20 2.72 3.05 3.23 3.22 2.94 2.54 2.09 1.70 1.54 1.64 1.90 2.22 2.54 2.73 2.78 2.72 2.49 2.12 1.62
  7   1.16 0.86 0.83 1.12 1.56 2.08 2.58 2.98 3.24 3.32 3.14 2.76 2.31 1.90 1.62 1.60 1.77 2.01 2.30 2.57 2.74 2.76 2.60 2.28
  8   1.84 1.36 0.99 0.86 1.07 1.45 1.92 2.48 2.94 3.25 3.38 3.26 2.90 2.42 1.94 1.59 1.50 1.64 1.90 2.22 2.56 2.77 2.84 2.74
  9   2.44 1.98 1.48 1.08 0.91 1.03 1.40 1.92 2.49 2.98 3.30 3.42 3.26 2.84 2.32 1.82 1.44 1.36 1.55 1.87 2.27 2.66 2.90 2.96
 10   2.80 2.43 1.94 1.41 1.00 0.86 1.06 1.50 2.06 2.68 3.18 3.45 3.49 3.22 2.72 2.14 1.60 1.28 1.29 1.56 1.96 2.43 2.84 3.06
 11   3.05 2.82 2.36 1.82 1.25 0.87 0.85 1.18 1.70 2.32 2.96 3.34 3.50 3.42 3.02 2.42 1.80 1.32 1.11 1.26 1.66 2.16 2.68 3.04
 12   3.14 3.04 2.69 2.14 1.53 1.01 0.77 0.93 1.37 1.96 2.62 3.16 3.43 3.46 3.17 2.62 1.98 1.39 1.02 1.07 1.42 1.93 2.49 3.00
 13   3.26 3.24 3.00 2.52 1.90 1.33 0.95 0.94 1.28 1.80 2.44 3.06 3.42 3.53 3.38 2.88 2.20 1.58 1.08 0.93 1.20 1.70 2.28 2.87
 14   3.24 3.37 3.28 2.89 2.30 1.67 1.14 0.92 1.10 1.56 2.16 2.84 3.33 3.51 3.49 3.12 2.50 1.83 1.22 0.87 0.98 1.40 1.98 2.60
 15   3.14 3.40 3.42 3.15 2.63 2.00 1.41 1.03 1.03 1.36 1.90 2.57 3.14 3.46 3.52 3.28 2.74 2.06 1.40 0.88 0.77 1.07 1.62 2.26
 16   2.86 3.30 3.44 3.34 2.96 2.38 1.78 1.27 1.06 1.22 1.65 2.20 2.84 3.27 3.43 3.34 2.91 2.32 1.63 1.04 0.71 0.82 1.26 1.82
 17   2.46 3.03 3.30 3.34 3.14 2.67 2.09 1.55 1.19 1.17 1.46 1.91 2.47 2.98 3.26 3.28 3.06 2.56 1.92 1.26 0.81 0.74 1.00 1.50
 18   2.06 2.68 3.10 3.30 3.29 2.98 2.49 1.96 1.50 1.28 1.40 1.74 2.18 2.70 3.05 3.19 3.12 2.80 2.24 1.62 1.07 0.78 0.83 1.22
 19   1.71 2.28 2.77 3.06 3.18 3.10 2.78 2.34 1.85 1.49 1.43 1.61 1.97 2.37 2.76 3.00 3.04 2.90 2.54 1.98 1.40 0.94 0.76 0.89
 20   1.30 1.82 2.34 2.76 3.02 3.11 3.05 2.74 2.32 1.93 1.66 1.65 1.83 2.11 2.47 2.79 2.95 2.95 2.75 2.36 1.88 1.35 0.95 0.85
 21   1.06 1.46 1.90 2.40 2.78 3.05 3.17 3.09 2.82 2.42 2.05 1.79 1.72 1.85 2.08 2.36 2.62 2.77 2.77 2.62 2.30 1.90 1.44 1.08
 22   0.94 1.13 1.48 1.90 2.36 2.76 3.04 3.20 3.16 2.90 2.54 2.16 1.86 1.74 1.80 1.96 2.18 2.44 2.62 2.67 2.60 2.36 1.97 1.56
 23   1.20 1.02 1.08 1.38 1.78 2.26 2.72 3.06 3.28 3.32 3.10 2.72 2.28 1.89 1.66 1.63 1.78 2.02 2.32 2.60 2.77 2.77 2.60 2.24
 24   1.78 1.34 1.02 0.98 1.23 1.63 2.15 2.70 3.12 3.38 3.44 3.22 2.80 2.26 1.76 1.42 1.36 1.55 1.88 2.27 2.66 2.91 2.96 2.78
 25   2.36 1.80 1.27 0.88 0.78 1.06 1.55 2.12 2.74 3.21 3.48 3.50 3.22 2.67 2.05 1.48 1.10 1.09 1.38 1.86 2.40 2.90 3.15 3.17
 26   2.92 2.42 1.78 1.16 0.72 0.67 1.02 1.60 2.26 2.95 3.42 3.61 3.54 3.07 2.38 1.62 0.99 0.72 0.99 1.38 1.99 2.62 3.10 3.40
 27   3.30 2.95 2.40 1.69 1.04 0.67 0.72 1.20 1.80 2.50 3.14 3.52 3.62 3.39 2.76 2.05 1.25 0.70 0.45 0.85 1.42 2.10 2.80 3.25
 28   3.50 3.38 3.00 2.36 1.54 0.90 0.61 0.76 1.32 2.03 2.78 3.36 3.60 3.55 3.15 2.46 1.60 0.90 0.48 0.38 0.80 1.43 2.28 3.08
 29   3.55 3.68 3.56 3.00 2.20 1.40 0.77 0.52 0.83 1.50 2.27 3.04 3.57 3.71 3.55 2.98 2.16 1.24 0.45-0.01 0.14 0.72 1.54 2.44
 30   3.20 3.65 3.72 3.48 2.87 2.08 1.32 0.75 0.66 1.06 1.68 2.43 3.17 3.58 3.60 3.35 2.73 1.86 0.98 0.27-0.04 0.25 0.90 1.80
 ----------------------------------------------------------------------------------------------------------------------------
                                                                                               
 ----------------------------------------------------------------------------------------------------------------------------
 ----------------------------------------------------------------------------------------------------------------------------
                                                          SURVEY OF INDIA
                                                    MARINE GEODESY WING (G&RB)
                                                     HOURLY HEIGHTS IN METRES
  NAME OF PORT:- OKHA                                                                               MONTH OCTOBER   YEAR 2015
 ----------------------------------------------------------------------------------------------------------------------------
 DAYS 0000 0001 0002 0003 0004 0005 0006 0007 0008 0009 0010 0011 0012 0013 0014 0015 0016 0017 0018 0019 0020 0021 0022 0023
 ----------------------------------------------------------------------------------------------------------------------------
  1   2.64 3.38 3.73 3.78 3.50 2.88 2.14 1.42 0.95 0.93 1.33 2.01 2.76 3.35 3.59 3.52 3.14 2.47 1.65 0.86 0.28 0.14 0.52 1.20
  2   2.02 2.86 3.44 3.70 3.70 3.36 2.76 2.10 1.47 1.11 1.19 1.59 2.17 2.80 3.26 3.44 3.33 2.96 2.36 1.62 0.92 0.45 0.41 0.78
  3   1.38 2.18 2.90 3.39 3.63 3.65 3.36 2.84 2.24 1.69 1.38 1.47 1.81 2.28 2.80 3.15 3.25 3.17 2.83 2.32 1.68 1.12 0.76 0.72
  4   1.04 1.57 2.22 2.87 3.29 3.52 3.55 3.30 2.86 2.34 1.88 1.60 1.62 1.86 2.20 2.58 2.89 3.00 2.94 2.69 2.32 1.84 1.36 1.02
  5   0.96 1.21 1.66 2.22 2.78 3.15 3.37 3.43 3.26 2.92 2.46 2.02 1.70 1.64 1.78 2.04 2.37 2.65 2.78 2.80 2.68 2.42 2.06 1.62
  6   1.26 1.15 1.28 1.59 2.05 2.56 2.95 3.22 3.35 3.27 2.98 2.53 2.07 1.68 1.51 1.58 1.82 2.13 2.45 2.65 2.73 2.71 2.56 2.28
  7   1.88 1.50 1.28 1.28 1.52 1.88 2.34 2.76 3.08 3.27 3.29 3.04 2.61 2.12 1.66 1.39 1.38 1.60 1.90 2.26 2.59 2.79 2.85 2.75
  8   2.42 2.03 1.61 1.32 1.26 1.48 1.86 2.30 2.79 3.15 3.33 3.32 3.03 2.56 2.01 1.54 1.30 1.35 1.62 1.98 2.42 2.80 3.02 3.07
  9   2.90 2.54 2.10 1.62 1.33 1.32 1.59 2.00 2.50 3.00 3.31 3.43 3.32 2.94 2.38 1.82 1.38 1.22 1.36 1.71 2.18 2.68 3.07 3.22
 10   3.18 2.90 2.48 1.97 1.52 1.32 1.42 1.76 2.22 2.80 3.25 3.47 3.48 3.22 2.74 2.14 1.56 1.18 1.17 1.50 1.98 2.54 3.04 3.36
 11   3.42 3.27 2.90 2.38 1.84 1.43 1.34 1.56 2.00 2.54 3.11 3.44 3.56 3.42 3.00 2.40 1.78 1.28 1.07 1.25 1.70 2.26 2.88 3.36
 12   3.54 3.52 3.23 2.72 2.14 1.61 1.31 1.39 1.72 2.20 2.80 3.30 3.52 3.46 3.08 2.52 1.86 1.25 0.91 0.99 1.38 1.94 2.62 3.22
 13   3.52 3.60 3.43 2.98 2.40 1.81 1.39 1.30 1.54 1.98 2.54 3.09 3.40 3.43 3.20 2.68 2.02 1.34 0.86 0.76 1.04 1.58 2.24 2.94
 14   3.39 3.57 3.53 3.18 2.62 2.00 1.48 1.20 1.32 1.69 2.18 2.78 3.19 3.30 3.18 2.76 2.16 1.48 0.86 0.58 0.72 1.20 1.83 2.56
 15   3.16 3.47 3.55 3.35 2.86 2.26 1.68 1.26 1.20 1.46 1.88 2.44 2.97 3.21 3.18 2.91 2.38 1.72 1.05 0.60 0.52 0.84 1.42 2.14
 16   2.84 3.32 3.50 3.47 3.12 2.58 2.02 1.50 1.25 1.35 1.70 2.15 2.69 3.06 3.14 3.02 2.62 2.04 1.37 0.82 0.52 0.65 1.12 1.74
 17   2.48 3.09 3.44 3.53 3.38 2.98 2.46 1.93 1.50 1.40 1.58 1.94 2.44 2.89 3.14 3.12 2.86 2.40 1.80 1.20 0.78 0.68 0.95 1.45
 18   2.10 2.80 3.28 3.52 3.57 3.33 2.90 2.37 1.90 1.61 1.62 1.85 2.20 2.64 2.99 3.14 3.06 2.76 2.30 1.74 1.23 0.91 0.93 1.24
 19   1.70 2.33 2.96 3.38 3.58 3.58 3.29 2.86 2.37 1.94 1.72 1.75 1.96 2.27 2.62 2.89 2.97 2.88 2.62 2.20 1.70 1.27 1.04 1.10
 20   1.40 1.86 2.43 2.94 3.28 3.45 3.46 3.20 2.79 2.33 1.94 1.75 1.76 1.94 2.19 2.51 2.75 2.85 2.80 2.59 2.23 1.82 1.42 1.19
 21   1.20 1.47 1.88 2.39 2.88 3.22 3.42 3.45 3.23 2.86 2.43 2.03 1.78 1.73 1.84 2.06 2.36 2.64 2.81 2.86 2.73 2.44 2.06 1.66
 22   1.36 1.29 1.47 1.81 2.26 2.76 3.14 3.39 3.48 3.33 2.96 2.51 2.04 1.68 1.56 1.63 1.85 2.17 2.53 2.82 2.97 2.96 2.72 2.34
 23   1.88 1.48 1.31 1.40 1.72 2.17 2.69 3.14 3.46 3.58 3.46 3.07 2.54 2.00 1.51 1.30 1.37 1.66 2.08 2.57 2.97 3.18 3.21 2.98
 24   2.54 2.00 1.55 1.31 1.39 1.74 2.20 2.76 3.25 3.56 3.66 3.48 3.00 2.34 1.68 1.14 0.94 1.10 1.56 2.13 2.76 3.23 3.46 3.47
 25   3.12 2.60 2.02 1.48 1.20 1.30 1.69 2.24 2.86 3.39 3.66 3.70 3.42 2.83 2.08 1.34 0.78 0.68 1.00 1.58 2.30 3.02 3.51 3.72
 26   3.68 3.24 2.64 1.95 1.35 1.08 1.28 1.76 2.38 3.08 3.60 3.78 3.72 3.22 2.48 1.66 0.90 0.43 0.45 0.94 1.70 2.54 3.30 3.75
 27   3.90 3.76 3.25 2.52 1.76 1.20 1.01 1.31 1.89 2.58 3.28 3.67 3.74 3.52 2.94 2.10 1.24 0.48 0.12 0.34 0.98 1.82 2.74 3.48
 28   3.86 3.98 3.76 3.16 2.40 1.68 1.16 1.08 1.44 2.06 2.78 3.42 3.72 3.67 3.30 2.64 1.80 0.92 0.24 0.04 0.42 1.16 2.05 2.98
 29   3.66 4.00 4.07 3.72 3.06 2.28 1.58 1.12 1.16 1.59 2.21 2.88 3.45 3.63 3.50 3.06 2.36 1.50 0.73 0.20 0.14 0.58 1.34 2.27
 30   3.18 3.74 4.00 3.98 3.56 2.90 2.15 1.52 1.17 1.31 1.72 2.28 2.94 3.40 3.48 3.32 2.86 2.16 1.36 0.68 0.26 0.32 0.80 1.57
 31   2.42 3.22 3.68 3.87 3.80 3.36 2.72 2.03 1.48 1.22 1.40 1.82 2.37 2.92 3.25 3.28 3.10 2.66 2.02 1.32 0.73 0.43 0.56 1.06
 ----------------------------------------------------------------------------------------------------------------------------
                                                                                               
 ----------------------------------------------------------------------------------------------------------------------------
 ----------------------------------------------------------------------------------------------------------------------------
                                                          SURVEY OF INDIA
                                                    MARINE GEODESY WING (G&RB)
                                                     HOURLY HEIGHTS IN METRES
  NAME OF PORT:- OKHA                                                                               MONTH NOVEMBER  YEAR 2015
 ----------------------------------------------------------------------------------------------------------------------------
 DAYS 0000 0001 0002 0003 0004 0005 0006 0007 0008 0009 0010 0011 0012 0013 0014 0015 0016 0017 0018 0019 0020 0021 0022 0023
 ----------------------------------------------------------------------------------------------------------------------------
  1   1.72 2.56 3.22 3.59 3.72 3.62 3.20 2.62 2.03 1.54 1.35 1.51 1.88 2.33 2.77 3.01 3.02 2.84 2.44 1.90 1.32 0.87 0.70 0.87
  2   1.30 1.92 2.62 3.14 3.46 3.58 3.44 3.06 2.53 2.00 1.58 1.42 1.55 1.85 2.20 2.57 2.78 2.81 2.70 2.45 2.04 1.57 1.22 1.04
  3   1.16 1.52 2.02 2.60 3.07 3.36 3.48 3.38 3.05 2.58 2.10 1.72 1.56 1.60 1.80 2.08 2.41 2.64 2.75 2.74 2.57 2.27 1.92 1.57
  4   1.38 1.44 1.70 2.08 2.56 2.98 3.28 3.41 3.37 3.10 2.67 2.20 1.80 1.55 1.52 1.66 1.90 2.21 2.50 2.71 2.78 2.74 2.53 2.24
  5   1.90 1.66 1.59 1.76 2.06 2.46 2.86 3.16 3.30 3.28 3.06 2.68 2.22 1.78 1.47 1.40 1.53 1.80 2.16 2.51 2.77 2.91 2.92 2.74
  6   2.42 2.06 1.79 1.66 1.76 2.04 2.39 2.79 3.10 3.28 3.28 3.06 2.66 2.16 1.68 1.37 1.30 1.46 1.78 2.20 2.64 2.94 3.09 3.09
  7   2.85 2.48 2.09 1.78 1.64 1.76 2.03 2.38 2.80 3.10 3.23 3.20 2.91 2.44 1.88 1.40 1.14 1.16 1.44 1.86 2.37 2.82 3.12 3.21
  8   3.14 2.82 2.39 1.95 1.63 1.56 1.72 2.04 2.46 2.88 3.12 3.16 3.03 2.62 2.08 1.50 1.07 0.92 1.09 1.50 2.04 2.60 3.02 3.24
  9   3.29 3.09 2.68 2.18 1.74 1.48 1.52 1.79 2.15 2.61 2.98 3.12 3.08 2.76 2.24 1.62 1.08 0.76 0.82 1.18 1.70 2.30 2.88 3.24
 10   3.38 3.32 2.98 2.46 1.92 1.53 1.41 1.56 1.88 2.32 2.78 3.08 3.10 2.92 2.46 1.86 1.24 0.78 0.66 0.90 1.39 2.02 2.72 3.25
 11   3.50 3.54 3.29 2.82 2.24 1.76 1.48 1.48 1.74 2.16 2.66 3.06 3.21 3.10 2.72 2.16 1.48 0.90 0.58 0.68 1.12 1.70 2.44 3.11
 12   3.50 3.66 3.56 3.14 2.57 2.00 1.57 1.41 1.57 1.93 2.40 2.89 3.18 3.17 2.92 2.40 1.75 1.08 0.60 0.52 0.80 1.34 2.04 2.82
 13   3.40 3.69 3.74 3.46 2.94 2.32 1.79 1.46 1.48 1.74 2.15 2.64 3.06 3.20 3.06 2.64 2.04 1.36 0.76 0.44 0.54 0.98 1.62 2.40
 14   3.10 3.56 3.74 3.66 3.23 2.66 2.07 1.60 1.40 1.56 1.90 2.36 2.84 3.10 3.08 2.83 2.34 1.72 1.02 0.56 0.46 0.72 1.29 2.03
 15   2.78 3.39 3.69 3.74 3.50 3.00 2.40 1.85 1.47 1.44 1.66 2.04 2.52 2.90 3.03 2.92 2.58 2.06 1.42 0.84 0.50 0.54 0.93 1.53
 16   2.26 2.95 3.40 3.62 3.60 3.26 2.74 2.17 1.68 1.38 1.42 1.69 2.08 2.52 2.82 2.88 2.73 2.36 1.85 1.26 0.80 0.60 0.72 1.16
 17   1.76 2.43 3.04 3.42 3.56 3.46 3.07 2.55 2.03 1.60 1.42 1.52 1.79 2.13 2.52 2.77 2.81 2.66 2.32 1.85 1.36 0.98 0.83 0.98
 18   1.40 1.96 2.62 3.14 3.44 3.54 3.38 3.00 2.50 1.98 1.58 1.42 1.50 1.73 2.06 2.42 2.64 2.72 2.65 2.42 2.03 1.59 1.23 1.06
 19   1.16 1.54 2.04 2.64 3.09 3.38 3.47 3.34 2.97 2.49 1.96 1.58 1.40 1.42 1.64 1.96 2.31 2.59 2.74 2.76 2.59 2.26 1.85 1.45
 20   1.24 1.29 1.59 2.03 2.56 3.02 3.30 3.41 3.34 3.00 2.50 1.98 1.50 1.24 1.22 1.42 1.74 2.16 2.54 2.82 2.93 2.87 2.57 2.16
 21   1.74 1.46 1.44 1.66 2.04 2.50 2.96 3.25 3.38 3.34 3.01 2.50 1.87 1.33 0.99 0.93 1.18 1.58 2.10 2.60 2.96 3.12 3.10 2.80
 22   2.34 1.86 1.52 1.44 1.63 1.99 2.44 2.93 3.26 3.40 3.32 2.93 2.36 1.68 1.08 0.72 0.71 1.02 1.52 2.18 2.82 3.25 3.45 3.45
 23   3.09 2.53 1.98 1.56 1.44 1.62 2.03 2.50 3.01 3.35 3.44 3.30 2.84 2.16 1.42 0.78 0.40 0.46 0.88 1.55 2.34 3.04 3.50 3.68
 24   3.60 3.16 2.58 1.98 1.55 1.44 1.66 2.09 2.62 3.18 3.47 3.52 3.28 2.70 1.96 1.16 0.50 0.18 0.37 0.94 1.72 2.60 3.32 3.74
 25   3.88 3.69 3.20 2.49 1.89 1.43 1.37 1.66 2.12 2.70 3.24 3.51 3.46 3.12 2.48 1.66 0.88 0.28 0.07 0.40 1.12 1.98 2.90 3.58
 26   3.94 4.03 3.74 3.16 2.44 1.78 1.35 1.36 1.70 2.22 2.84 3.32 3.51 3.38 2.90 2.22 1.40 0.63 0.09 0.06 0.52 1.28 2.20 3.08
 27   3.68 3.98 3.98 3.60 2.98 2.24 1.62 1.28 1.39 1.78 2.32 2.91 3.32 3.42 3.22 2.70 2.00 1.20 0.50 0.11 0.24 0.78 1.58 2.50
 28   3.32 3.84 4.07 4.00 3.54 2.84 2.14 1.54 1.27 1.42 1.84 2.40 2.94 3.26 3.28 3.02 2.54 1.84 1.10 0.50 0.23 0.45 1.04 1.82
 29   2.68 3.44 3.82 3.96 3.76 3.27 2.61 1.96 1.45 1.27 1.47 1.88 2.42 2.90 3.14 3.10 2.84 2.36 1.76 1.12 0.65 0.52 0.78 1.36
 30   2.08 2.90 3.50 3.81 3.88 3.60 3.09 2.44 1.85 1.42 1.34 1.54 1.93 2.40 2.83 3.02 2.96 2.72 2.32 1.80 1.26 0.92 0.86 1.14
 ----------------------------------------------------------------------------------------------------------------------------
                                                                                               
 ----------------------------------------------------------------------------------------------------------------------------
 ----------------------------------------------------------------------------------------------------------------------------
                                                          SURVEY OF INDIA
                                                    MARINE GEODESY WING (G&RB)
                                                     HOURLY HEIGHTS IN METRES
  NAME OF PORT:- OKHA                                                                               MONTH DECEMBER  YEAR 2015
 ----------------------------------------------------------------------------------------------------------------------------
 DAYS 0000 0001 0002 0003 0004 0005 0006 0007 0008 0009 0010 0011 0012 0013 0014 0015 0016 0017 0018 0019 0020 0021 0022 0023
 ----------------------------------------------------------------------------------------------------------------------------
  1   1.66 2.36 3.05 3.53 3.76 3.79 3.49 2.96 2.39 1.86 1.50 1.48 1.68 2.02 2.39 2.74 2.90 2.87 2.68 2.32 1.87 1.46 1.20 1.20
  2   1.48 1.93 2.52 3.10 3.47 3.64 3.61 3.28 2.78 2.23 1.74 1.46 1.44 1.62 1.91 2.26 2.56 2.74 2.75 2.63 2.36 2.02 1.68 1.48
  3   1.46 1.68 2.06 2.57 3.03 3.34 3.48 3.43 3.13 2.68 2.17 1.73 1.47 1.42 1.56 1.82 2.14 2.45 2.65 2.72 2.68 2.49 2.22 1.96
  4   1.74 1.71 1.86 2.15 2.55 2.93 3.19 3.32 3.27 2.99 2.60 2.12 1.69 1.42 1.34 1.47 1.72 2.07 2.43 2.71 2.86 2.90 2.77 2.52
  5   2.20 1.95 1.86 1.93 2.16 2.47 2.80 3.04 3.14 3.10 2.85 2.46 2.00 1.56 1.26 1.17 1.32 1.60 2.01 2.44 2.77 2.97 3.02 2.88
  6   2.58 2.27 2.00 1.88 1.93 2.13 2.42 2.74 2.95 3.04 2.98 2.73 2.32 1.82 1.36 1.06 1.01 1.23 1.60 2.10 2.60 2.94 3.13 3.16
  7   2.96 2.61 2.25 1.95 1.81 1.86 2.07 2.39 2.72 2.95 3.00 2.91 2.60 2.14 1.58 1.10 0.86 0.92 1.26 1.74 2.33 2.84 3.16 3.32
  8   3.26 2.99 2.60 2.22 1.89 1.78 1.89 2.14 2.48 2.81 3.00 2.98 2.76 2.33 1.78 1.22 0.82 0.71 0.96 1.43 2.04 2.69 3.17 3.43
  9   3.50 3.29 2.90 2.43 2.00 1.72 1.70 1.90 2.21 2.62 2.94 3.04 2.89 2.56 2.06 1.44 0.92 0.63 0.67 1.08 1.69 2.38 3.02 3.43
 10   3.59 3.55 3.22 2.75 2.23 1.80 1.60 1.70 1.99 2.38 2.79 3.02 3.03 2.80 2.33 1.72 1.08 0.62 0.50 0.76 1.32 2.02 2.76 3.34
 11   3.66 3.72 3.51 3.07 2.53 2.00 1.64 1.60 1.80 2.15 2.61 3.01 3.17 3.05 2.68 2.09 1.40 0.78 0.43 0.49 0.92 1.56 2.36 3.12
 12   3.60 3.83 3.80 3.44 2.88 2.25 1.74 1.48 1.56 1.89 2.33 2.78 3.10 3.13 2.90 2.41 1.76 1.06 0.52 0.32 0.55 1.12 1.87 2.70
 13   3.38 3.76 3.87 3.68 3.20 2.57 1.98 1.52 1.38 1.60 2.00 2.47 2.92 3.10 3.03 2.72 2.18 1.46 0.78 0.35 0.34 0.72 1.36 2.13
 14   2.92 3.49 3.77 3.81 3.48 2.90 2.26 1.70 1.34 1.34 1.63 2.08 2.56 2.94 3.06 2.92 2.54 1.96 1.26 0.70 0.40 0.52 1.00 1.68
 15   2.48 3.20 3.68 3.84 3.74 3.29 2.70 2.07 1.55 1.30 1.42 1.75 2.20 2.67 2.99 3.04 2.88 2.44 1.88 1.25 0.76 0.59 0.78 1.30
 16   2.00 2.78 3.38 3.74 3.85 3.65 3.15 2.52 1.92 1.43 1.27 1.42 1.78 2.22 2.65 2.88 2.90 2.74 2.36 1.82 1.26 0.87 0.75 1.00
 17   1.50 2.16 2.86 3.39 3.66 3.72 3.44 2.93 2.28 1.66 1.20 1.09 1.27 1.62 2.06 2.45 2.68 2.73 2.61 2.30 1.83 1.36 1.01 0.93
 18   1.16 1.64 2.24 2.87 3.29 3.50 3.52 3.20 2.68 2.04 1.46 1.06 0.98 1.15 1.49 1.92 2.33 2.62 2.75 2.73 2.50 2.10 1.66 1.33
 19   1.25 1.46 1.86 2.38 2.93 3.31 3.50 3.50 3.19 2.67 2.05 1.47 1.07 0.95 1.08 1.42 1.86 2.35 2.73 2.97 3.03 2.88 2.53 2.11
 20   1.73 1.57 1.66 2.00 2.42 2.90 3.24 3.40 3.39 3.12 2.63 2.01 1.39 0.92 0.72 0.85 1.23 1.73 2.31 2.80 3.12 3.25 3.16 2.80
 21   2.35 1.91 1.69 1.72 1.96 2.32 2.77 3.11 3.31 3.31 3.05 2.58 1.93 1.27 0.74 0.51 0.64 1.08 1.67 2.35 2.95 3.31 3.47 3.39
 22   2.99 2.49 2.02 1.67 1.61 1.84 2.20 2.62 2.99 3.18 3.15 2.89 2.40 1.73 1.01 0.45 0.22 0.41 0.94 1.65 2.41 3.05 3.45 3.61
 23   3.51 3.05 2.49 1.96 1.58 1.51 1.72 2.08 2.50 2.91 3.11 3.09 2.79 2.25 1.52 0.79 0.25 0.06 0.33 0.93 1.73 2.55 3.18 3.53
 24   3.65 3.46 2.97 2.33 1.76 1.35 1.28 1.55 1.96 2.42 2.84 2.99 2.90 2.55 1.99 1.23 0.53 0.03-0.06 0.33 1.05 1.87 2.73 3.32
 25   3.63 3.69 3.40 2.83 2.17 1.55 1.19 1.23 1.55 2.02 2.52 2.93 3.05 2.92 2.49 1.85 1.07 0.37-0.07 0.00 0.53 1.29 2.19 2.99
 26   3.55 3.81 3.82 3.43 2.78 2.09 1.51 1.21 1.35 1.73 2.23 2.77 3.12 3.18 2.97 2.49 1.83 1.06 0.43 0.13 0.35 0.93 1.71 2.61
 27   3.35 3.79 3.94 3.76 3.25 2.55 1.89 1.35 1.17 1.39 1.82 2.35 2.86 3.14 3.12 2.85 2.33 1.65 0.94 0.43 0.30 0.63 1.25 2.05
 28   2.91 3.53 3.87 3.93 3.63 3.06 2.36 1.70 1.24 1.15 1.42 1.88 2.42 2.88 3.07 2.97 2.65 2.13 1.47 0.89 0.51 0.52 0.90 1.53
 29   2.31 3.08 3.59 3.80 3.75 3.35 2.74 2.07 1.47 1.14 1.23 1.55 2.03 2.55 2.91 2.99 2.85 2.51 2.00 1.43 0.97 0.77 0.89 1.33
 30   1.93 2.69 3.32 3.69 3.78 3.58 3.09 2.47 1.86 1.38 1.17 1.33 1.69 2.14 2.58 2.85 2.90 2.77 2.47 2.03 1.57 1.23 1.09 1.25
 31   1.67 2.25 2.91 3.41 3.65 3.67 3.37 2.85 2.25 1.70 1.32 1.22 1.39 1.73 2.16 2.55 2.77 2.81 2.71 2.45 2.06 1.69 1.40 1.35
 ----------------------------------------------------------------------------------------------------------------------------
                                                                                               
 ----------------------------------------------------------------------------------------------------------------------------
 ----------------------------------------------------------------------------------------------------------------------------
