                                                          SURVEY OF INDIA
                                                    MARINE GEODESY WING (G&RB)
                                                     HOURLY HEIGHTS IN METRES
  NAME OF PORT:- OKHA                                                                               MONTH JANUARY   YEAR 2020
 ----------------------------------------------------------------------------------------------------------------------------
 DAYS 0000 0001 0002 0003 0004 0005 0006 0007 0008 0009 0010 0011 0012 0013 0014 0015 0016 0017 0018 0019 0020 0021 0022 0023
 ----------------------------------------------------------------------------------------------------------------------------
  1   1.55 2.12 2.70 3.18 3.43 3.48 3.29 2.86 2.34 1.85 1.51 1.37 1.46 1.71 2.04 2.36 2.56 2.61 2.51 2.26 1.91 1.58 1.36 1.32
  2   1.50 1.87 2.38 2.89 3.26 3.41 3.36 3.09 2.67 2.17 1.72 1.44 1.34 1.44 1.67 1.99 2.31 2.53 2.62 2.55 2.35 2.06 1.75 1.54
  3   1.52 1.70 2.04 2.47 2.86 3.13 3.22 3.14 2.85 2.43 1.97 1.55 1.30 1.23 1.33 1.58 1.91 2.23 2.48 2.63 2.65 2.51 2.28 2.00
  4   1.79 1.75 1.90 2.20 2.56 2.87 3.05 3.10 2.98 2.69 2.29 1.83 1.43 1.15 1.09 1.22 1.50 1.86 2.23 2.53 2.73 2.80 2.72 2.48
  5   2.17 1.94 1.87 1.97 2.18 2.44 2.69 2.86 2.89 2.79 2.53 2.12 1.65 1.24 0.96 0.91 1.06 1.39 1.86 2.33 2.71 2.93 2.98 2.87
  6   2.60 2.29 2.05 1.96 2.01 2.18 2.43 2.68 2.85 2.89 2.77 2.46 2.02 1.55 1.10 0.82 0.80 1.02 1.43 2.00 2.54 2.95 3.20 3.24
  7   3.06 2.71 2.35 2.08 1.97 2.01 2.19 2.43 2.68 2.84 2.85 2.70 2.34 1.85 1.30 0.84 0.60 0.66 1.00 1.56 2.23 2.80 3.20 3.40
  8   3.38 3.12 2.71 2.27 1.94 1.81 1.89 2.10 2.37 2.65 2.82 2.80 2.57 2.14 1.55 0.94 0.50 0.36 0.54 1.04 1.72 2.44 3.02 3.40
  9   3.54 3.43 3.05 2.56 2.09 1.76 1.68 1.81 2.09 2.43 2.73 2.86 2.78 2.46 1.92 1.25 0.64 0.25 0.22 0.58 1.23 2.02 2.80 3.34
 10   3.64 3.70 3.47 2.95 2.38 1.86 1.61 1.62 1.82 2.15 2.60 2.90 2.94 2.75 2.29 1.65 0.94 0.34 0.12 0.27 0.79 1.48 2.25 3.04
 11   3.56 3.78 3.74 3.35 2.73 2.10 1.63 1.45 1.57 1.90 2.34 2.82 3.09 3.07 2.79 2.27 1.56 0.82 0.28 0.12 0.36 1.02 1.96 2.81
 12   3.44 3.86 4.00 3.81 3.26 2.57 1.91 1.46 1.40 1.66 2.10 2.59 3.08 3.29 3.19 2.81 2.20 1.44 0.74 0.22 0.18 0.58 1.28 2.14
 13   3.06 3.68 4.04 4.09 3.76 3.09 2.36 1.71 1.30 1.31 1.65 2.16 2.69 3.10 3.21 3.05 2.65 2.03 1.27 0.62 0.26 0.30 0.75 1.54
 14   2.44 3.26 3.77 3.98 3.91 3.47 2.77 2.06 1.43 1.11 1.21 1.62 2.16 2.71 3.10 3.20 3.00 2.53 1.93 1.28 0.72 0.48 0.60 1.11
 15   1.84 2.72 3.41 3.84 3.96 3.77 3.22 2.51 1.78 1.20 0.97 1.10 1.50 2.04 2.60 2.98 3.06 2.90 2.52 1.98 1.38 0.91 0.71 0.87
 16   1.36 2.02 2.75 3.36 3.70 3.71 3.44 2.87 2.16 1.46 0.93 0.77 0.96 1.40 1.95 2.47 2.79 2.91 2.83 2.55 2.00 1.35 0.91 0.86
 17   1.12 1.57 2.15 2.80 3.29 3.52 3.49 3.15 2.58 1.90 1.25 0.80 0.67 0.87 1.30 1.82 2.32 2.67 2.87 2.89 2.71 2.32 1.85 1.49
 18   1.32 1.43 1.78 2.28 2.82 3.20 3.38 3.35 3.04 2.51 1.85 1.24 0.78 0.62 0.80 1.20 1.70 2.22 2.63 2.89 2.99 2.91 2.60 2.19
 19   1.82 1.60 1.62 1.85 2.20 2.62 2.96 3.11 3.07 2.80 2.34 1.76 1.15 0.67 0.49 0.61 1.01 1.55 2.13 2.63 2.99 3.19 3.20 2.95
 20   2.54 2.14 1.84 1.76 1.89 2.16 2.51 2.82 2.99 3.00 2.83 2.43 1.87 1.25 0.76 0.49 0.58 0.97 1.54 2.19 2.79 3.24 3.50 3.54
 21   3.30 2.87 2.42 2.04 1.87 1.91 2.11 2.38 2.66 2.87 2.93 2.80 2.44 1.90 1.28 0.76 0.49 0.57 1.00 1.59 2.30 2.91 3.35 3.62
 22   3.65 3.37 2.90 2.38 1.95 1.73 1.77 1.99 2.30 2.62 2.85 2.89 2.73 2.35 1.77 1.13 0.60 0.36 0.51 1.00 1.67 2.40 3.05 3.48
 23   3.68 3.63 3.27 2.76 2.24 1.80 1.59 1.67 1.93 2.29 2.69 2.94 2.95 2.72 2.29 1.67 1.01 0.52 0.35 0.63 1.20 1.92 2.70 3.32
 24   3.70 3.85 3.67 3.22 2.62 2.05 1.64 1.51 1.68 2.03 2.44 2.83 3.03 2.96 2.65 2.15 1.49 0.87 0.47 0.45 0.80 1.44 2.23 2.98
 25   3.54 3.83 3.85 3.53 2.94 2.35 1.80 1.46 1.45 1.71 2.13 2.59 2.94 3.05 2.89 2.49 1.91 1.23 0.69 0.45 0.60 1.13 1.82 2.60
 26   3.28 3.70 3.85 3.72 3.26 2.67 2.06 1.60 1.41 1.56 1.91 2.36 2.83 3.09 3.07 2.82 2.35 1.73 1.10 0.66 0.57 0.89 1.48 2.24
 27   3.00 3.55 3.82 3.82 3.51 2.97 2.34 1.76 1.41 1.38 1.65 2.09 2.60 2.98 3.12 3.01 2.66 2.16 1.53 0.98 0.71 0.83 1.28 1.91
 28   2.66 3.34 3.73 3.86 3.70 3.23 2.63 2.02 1.54 1.31 1.44 1.79 2.24 2.74 3.02 3.05 2.86 2.47 1.91 1.36 0.97 0.87 1.14 1.65
 29   2.30 3.00 3.51 3.75 3.73 3.40 2.88 2.26 1.67 1.28 1.26 1.51 1.90 2.38 2.78 2.97 2.94 2.69 2.27 1.78 1.33 1.07 1.12 1.47
 30   2.00 2.67 3.21 3.53 3.62 3.47 3.02 2.44 1.85 1.38 1.19 1.26 1.58 2.03 2.47 2.78 2.89 2.82 2.57 2.15 1.72 1.40 1.26 1.40
 31   1.80 2.34 2.90 3.30 3.48 3.44 3.14 2.64 2.08 1.54 1.19 1.11 1.28 1.63 2.08 2.49 2.74 2.82 2.73 2.49 2.14 1.80 1.55 1.51
 ----------------------------------------------------------------------------------------------------------------------------
                                                                                               
 ----------------------------------------------------------------------------------------------------------------------------
 ----------------------------------------------------------------------------------------------------------------------------
                                                          SURVEY OF INDIA
                                                    MARINE GEODESY WING (G&RB)
                                                     HOURLY HEIGHTS IN METRES
  NAME OF PORT:- OKHA                                                                               MONTH FEBRUARY  YEAR 2020
 ----------------------------------------------------------------------------------------------------------------------------
 DAYS 0000 0001 0002 0003 0004 0005 0006 0007 0008 0009 0010 0011 0012 0013 0014 0015 0016 0017 0018 0019 0020 0021 0022 0023
 ----------------------------------------------------------------------------------------------------------------------------
  1   1.70 2.06 2.54 2.98 3.24 3.31 3.18 2.82 2.30 1.76 1.33 1.09 1.10 1.33 1.66 2.08 2.46 2.69 2.79 2.72 2.49 2.19 1.92 1.74
  2   1.75 1.97 2.30 2.66 2.98 3.16 3.17 2.99 2.60 2.11 1.62 1.26 1.06 1.10 1.33 1.67 2.07 2.45 2.73 2.87 2.87 2.70 2.45 2.20
  3   2.02 2.01 2.15 2.39 2.65 2.88 3.01 2.99 2.80 2.46 2.05 1.60 1.25 1.05 1.09 1.30 1.64 2.10 2.52 2.85 3.05 3.10 2.99 2.75
  4   2.44 2.19 2.10 2.15 2.30 2.52 2.73 2.85 2.85 2.71 2.42 2.02 1.57 1.17 0.92 0.90 1.12 1.50 2.00 2.50 2.92 3.18 3.27 3.17
  5   2.88 2.53 2.22 2.04 2.03 2.14 2.32 2.53 2.67 2.71 2.61 2.35 1.95 1.47 1.04 0.77 0.75 1.01 1.46 2.04 2.64 3.10 3.39 3.48
  6   3.33 2.95 2.50 2.10 1.88 1.86 2.00 2.22 2.46 2.65 2.72 2.63 2.35 1.92 1.36 0.85 0.55 0.56 0.92 1.48 2.16 2.80 3.29 3.57
  7   3.63 3.38 2.92 2.40 1.94 1.69 1.71 1.91 2.21 2.54 2.78 2.84 2.70 2.34 1.78 1.13 0.60 0.33 0.40 0.87 1.54 2.29 3.00 3.48
  8   3.74 3.72 3.34 2.77 2.18 1.70 1.50 1.60 1.90 2.29 2.69 2.95 2.99 2.78 2.30 1.63 0.92 0.38 0.16 0.37 0.96 1.74 2.60 3.30
  9   3.73 3.86 3.68 3.16 2.48 1.86 1.40 1.28 1.53 1.96 2.46 2.94 3.18 3.12 2.76 2.18 1.44 0.71 0.19 0.11 0.49 1.17 2.04 2.89
 10   3.52 3.87 3.90 3.53 2.89 2.14 1.49 1.10 1.13 1.52 2.04 2.65 3.15 3.34 3.21 2.78 2.12 1.31 0.58 0.14 0.20 0.71 1.48 2.38
 11   3.22 3.77 4.00 3.89 3.37 2.63 1.84 1.18 0.89 1.04 1.53 2.26 2.91 3.36 3.47 3.27 2.76 2.02 1.24 0.60 0.30 0.51 1.10 1.92
 12   2.82 3.61 3.98 4.04 3.76 3.14 2.32 1.54 0.96 0.78 1.07 1.66 2.40 3.04 3.41 3.46 3.24 2.73 2.01 1.28 0.72 0.55 0.82 1.47
 13   2.25 3.12 3.71 3.98 3.95 3.52 2.80 1.96 1.21 0.70 0.65 1.05 1.67 2.38 2.99 3.31 3.37 3.18 2.70 2.07 1.43 1.00 0.92 1.22
 14   1.80 2.54 3.25 3.70 3.86 3.70 3.20 2.45 1.68 0.98 0.59 0.63 1.05 1.67 2.35 2.93 3.24 3.30 3.14 2.74 2.20 1.69 1.35 1.32
 15   1.60 2.10 2.72 3.30 3.62 3.67 3.45 2.92 2.24 1.51 0.88 0.57 0.67 1.10 1.66 2.29 2.79 3.09 3.22 3.16 2.86 2.44 2.00 1.68
 16   1.59 1.77 2.15 2.62 3.06 3.28 3.28 3.08 2.66 2.06 1.41 0.89 0.61 0.69 1.07 1.59 2.16 2.65 2.99 3.18 3.21 3.05 2.72 2.31
 17   1.96 1.82 1.90 2.13 2.47 2.80 2.99 3.02 2.90 2.60 2.12 1.58 1.10 0.81 0.79 1.05 1.49 2.02 2.55 2.98 3.28 3.41 3.32 3.04
 18   2.63 2.24 2.01 1.99 2.11 2.31 2.55 2.76 2.87 2.85 2.66 2.30 1.83 1.33 0.97 0.86 1.03 1.41 1.94 2.50 3.00 3.36 3.56 3.55
 19   3.27 2.85 2.43 2.07 1.93 1.97 2.16 2.41 2.65 2.83 2.87 2.73 2.42 1.94 1.42 0.99 0.79 0.90 1.30 1.84 2.48 3.04 3.45 3.65
 20   3.62 3.32 2.87 2.37 1.96 1.76 1.79 2.01 2.29 2.60 2.83 2.88 2.76 2.41 1.91 1.35 0.90 0.72 0.89 1.36 1.98 2.64 3.21 3.59
 21   3.75 3.62 3.22 2.69 2.14 1.71 1.57 1.67 1.97 2.35 2.70 2.93 2.96 2.75 2.31 1.75 1.18 0.75 0.67 0.97 1.53 2.20 2.90 3.43
 22   3.72 3.75 3.49 3.00 2.40 1.87 1.51 1.47 1.70 2.07 2.52 2.91 3.09 3.03 2.72 2.20 1.60 1.06 0.75 0.79 1.19 1.79 2.52 3.19
 23   3.63 3.78 3.67 3.24 2.63 2.05 1.54 1.31 1.45 1.83 2.29 2.75 3.08 3.18 3.00 2.56 2.00 1.37 0.89 0.72 0.98 1.50 2.18 2.94
 24   3.53 3.82 3.81 3.48 2.90 2.26 1.69 1.31 1.29 1.57 2.00 2.52 3.00 3.22 3.17 2.86 2.31 1.68 1.11 0.79 0.85 1.28 1.89 2.62
 25   3.26 3.66 3.76 3.59 3.10 2.48 1.84 1.35 1.15 1.33 1.73 2.26 2.84 3.20 3.29 3.13 2.70 2.11 1.50 1.04 0.90 1.14 1.66 2.32
 26   3.04 3.55 3.76 3.70 3.34 2.75 2.09 1.50 1.15 1.18 1.49 1.98 2.56 3.06 3.28 3.26 2.97 2.45 1.85 1.33 1.04 1.10 1.48 2.07
 27   2.76 3.35 3.67 3.71 3.46 2.95 2.30 1.66 1.21 1.05 1.24 1.69 2.25 2.83 3.20 3.32 3.20 2.80 2.27 1.73 1.32 1.21 1.45 1.90
 28   2.48 3.10 3.54 3.69 3.59 3.18 2.60 1.95 1.41 1.08 1.10 1.42 1.91 2.49 2.96 3.22 3.24 3.05 2.62 2.11 1.66 1.41 1.48 1.79
 29   2.26 2.82 3.29 3.53 3.55 3.31 2.82 2.20 1.60 1.17 1.01 1.17 1.58 2.10 2.63 3.01 3.18 3.16 2.93 2.54 2.13 1.80 1.65 1.76
 ----------------------------------------------------------------------------------------------------------------------------
                                                                                               
 ----------------------------------------------------------------------------------------------------------------------------
 ----------------------------------------------------------------------------------------------------------------------------
                                                          SURVEY OF INDIA
                                                    MARINE GEODESY WING (G&RB)
                                                     HOURLY HEIGHTS IN METRES
  NAME OF PORT:- OKHA                                                                               MONTH MARCH     YEAR 2020
 ----------------------------------------------------------------------------------------------------------------------------
 DAYS 0000 0001 0002 0003 0004 0005 0006 0007 0008 0009 0010 0011 0012 0013 0014 0015 0016 0017 0018 0019 0020 0021 0022 0023
 ----------------------------------------------------------------------------------------------------------------------------
  1   2.08 2.53 3.00 3.33 3.43 3.33 2.97 2.47 1.89 1.37 1.08 1.08 1.33 1.75 2.27 2.74 3.05 3.19 3.14 2.91 2.55 2.18 1.93 1.86
  2   1.98 2.25 2.62 2.99 3.17 3.18 3.00 2.64 2.16 1.66 1.27 1.08 1.13 1.39 1.81 2.30 2.74 3.03 3.15 3.12 2.96 2.68 2.39 2.16
  3   2.07 2.16 2.40 2.69 2.93 3.05 3.03 2.86 2.54 2.12 1.66 1.30 1.10 1.15 1.40 1.80 2.25 2.64 2.95 3.14 3.20 3.11 2.87 2.57
  4   2.29 2.15 2.20 2.35 2.54 2.74 2.85 2.85 2.72 2.47 2.10 1.68 1.31 1.07 1.07 1.29 1.65 2.10 2.56 2.96 3.27 3.41 3.33 3.08
  5   2.73 2.40 2.19 2.15 2.21 2.35 2.54 2.71 2.81 2.79 2.62 2.30 1.88 1.45 1.13 1.04 1.20 1.55 2.04 2.59 3.08 3.45 3.63 3.58
  6   3.27 2.85 2.43 2.09 1.98 2.04 2.21 2.42 2.63 2.78 2.80 2.64 2.27 1.78 1.28 0.90 0.74 0.89 1.32 1.91 2.58 3.15 3.53 3.68
  7   3.53 3.13 2.63 2.12 1.74 1.61 1.73 2.02 2.40 2.74 2.95 2.97 2.77 2.35 1.76 1.15 0.70 0.54 0.78 1.31 2.02 2.78 3.40 3.77
  8   3.85 3.58 3.07 2.45 1.85 1.47 1.40 1.61 2.02 2.53 2.98 3.22 3.21 2.93 2.36 1.67 1.01 0.53 0.46 0.80 1.45 2.26 3.08 3.67
  9   3.96 3.93 3.51 2.85 2.11 1.47 1.11 1.19 1.58 2.16 2.78 3.28 3.51 3.41 3.00 2.33 1.56 0.85 0.41 0.47 0.96 1.71 2.58 3.40
 10   3.91 4.07 3.87 3.28 2.49 1.69 1.06 0.81 1.05 1.63 2.33 3.04 3.52 3.68 3.52 3.00 2.26 1.43 0.74 0.41 0.62 1.23 2.06 2.95
 11   3.66 4.03 4.05 3.66 2.97 2.10 1.28 0.69 0.57 1.00 1.75 2.55 3.25 3.66 3.70 3.41 2.80 2.00 1.22 0.64 0.51 0.89 1.60 2.45
 12   3.26 3.81 3.98 3.82 3.24 2.41 1.53 0.78 0.33 0.40 0.95 1.77 2.60 3.27 3.58 3.58 3.32 2.69 1.93 1.25 0.78 0.80 1.24 1.91
 13   2.68 3.45 3.83 3.85 3.54 2.88 2.03 1.18 0.50 0.19 0.43 1.05 1.88 2.68 3.29 3.56 3.56 3.28 2.70 2.02 1.42 1.05 1.12 1.52
 14   2.14 2.85 3.40 3.63 3.58 3.18 2.54 1.75 0.98 0.40 0.21 0.48 1.10 1.88 2.65 3.20 3.45 3.46 3.20 2.70 2.14 1.63 1.35 1.39
 15   1.73 2.24 2.80 3.20 3.30 3.17 2.78 2.20 1.52 0.88 0.42 0.32 0.64 1.18 1.86 2.54 2.99 3.25 3.30 3.10 2.70 2.23 1.81 1.55
 16   1.57 1.81 2.18 2.59 2.88 2.97 2.88 2.61 2.17 1.60 1.08 0.70 0.59 0.82 1.27 1.86 2.44 2.88 3.16 3.28 3.20 2.90 2.51 2.15
 17   1.90 1.80 1.91 2.12 2.39 2.63 2.75 2.73 2.56 2.24 1.79 1.33 0.98 0.84 0.98 1.34 1.82 2.33 2.78 3.10 3.28 3.31 3.13 2.78
 18   2.38 2.02 1.83 1.80 1.93 2.15 2.38 2.57 2.67 2.62 2.42 2.10 1.67 1.26 1.02 1.02 1.24 1.63 2.13 2.63 3.06 3.35 3.47 3.33
 19   2.98 2.54 2.13 1.83 1.72 1.77 1.95 2.23 2.52 2.69 2.73 2.63 2.35 1.94 1.50 1.19 1.09 1.25 1.60 2.10 2.67 3.15 3.47 3.57
 20   3.40 3.04 2.56 2.06 1.69 1.57 1.65 1.90 2.24 2.60 2.83 2.85 2.70 2.37 1.95 1.48 1.13 1.01 1.19 1.63 2.22 2.80 3.27 3.54
 21   3.56 3.33 2.86 2.32 1.80 1.48 1.42 1.60 1.97 2.40 2.78 2.99 2.99 2.78 2.36 1.84 1.36 1.04 1.04 1.36 1.86 2.46 3.04 3.44
 22   3.58 3.50 3.11 2.56 1.96 1.48 1.23 1.31 1.65 2.12 2.60 2.99 3.14 3.04 2.70 2.20 1.62 1.17 0.98 1.13 1.55 2.12 2.76 3.26
 23   3.54 3.55 3.29 2.76 2.14 1.53 1.14 1.13 1.42 1.86 2.42 2.90 3.17 3.21 2.99 2.50 1.92 1.35 0.96 0.94 1.27 1.80 2.46 3.08
 24   3.48 3.59 3.45 3.00 2.38 1.73 1.21 0.99 1.15 1.58 2.12 2.71 3.17 3.33 3.23 2.84 2.29 1.68 1.18 0.99 1.17 1.64 2.24 2.91
 25   3.40 3.60 3.54 3.16 2.54 1.86 1.26 0.92 0.95 1.30 1.83 2.48 3.04 3.34 3.36 3.11 2.60 1.98 1.40 1.07 1.12 1.46 1.98 2.64
 26   3.22 3.53 3.55 3.29 2.78 2.06 1.38 0.94 0.83 1.06 1.57 2.20 2.85 3.29 3.47 3.38 2.95 2.36 1.78 1.32 1.17 1.38 1.80 2.36
 27   2.98 3.40 3.51 3.35 2.92 2.26 1.58 1.02 0.73 0.82 1.23 1.82 2.50 3.09 3.41 3.45 3.23 2.74 2.17 1.63 1.31 1.34 1.65 2.12
 28   2.68 3.20 3.41 3.36 3.04 2.50 1.85 1.24 0.80 0.70 0.96 1.45 2.08 2.74 3.22 3.42 3.37 3.05 2.53 1.98 1.55 1.38 1.52 1.89
 29   2.38 2.87 3.17 3.24 3.10 2.69 2.10 1.46 0.95 0.68 0.77 1.14 1.69 2.34 2.91 3.23 3.33 3.23 2.85 2.36 1.89 1.59 1.54 1.73
 30   2.08 2.53 2.94 3.13 3.08 2.81 2.36 1.80 1.24 0.84 0.71 0.93 1.36 1.92 2.54 3.01 3.29 3.36 3.20 2.83 2.40 2.02 1.82 1.84
 31   2.02 2.33 2.69 2.97 3.09 3.01 2.72 2.29 1.76 1.26 0.95 0.91 1.14 1.56 2.10 2.64 3.03 3.28 3.35 3.21 2.91 2.52 2.17 1.97
 ----------------------------------------------------------------------------------------------------------------------------
                                                                                               
 ----------------------------------------------------------------------------------------------------------------------------
 ----------------------------------------------------------------------------------------------------------------------------
                                                          SURVEY OF INDIA
                                                    MARINE GEODESY WING (G&RB)
                                                     HOURLY HEIGHTS IN METRES
  NAME OF PORT:- OKHA                                                                               MONTH APRIL     YEAR 2020
 ----------------------------------------------------------------------------------------------------------------------------
 DAYS 0000 0001 0002 0003 0004 0005 0006 0007 0008 0009 0010 0011 0012 0013 0014 0015 0016 0017 0018 0019 0020 0021 0022 0023
 ----------------------------------------------------------------------------------------------------------------------------
  1   1.97 2.13 2.38 2.63 2.81 2.87 2.77 2.53 2.16 1.69 1.27 1.00 0.98 1.22 1.60 2.09 2.56 2.95 3.23 3.33 3.23 2.96 2.62 2.27
  2   2.04 1.98 2.07 2.24 2.45 2.61 2.68 2.64 2.48 2.20 1.80 1.40 1.11 1.02 1.18 1.51 1.97 2.47 2.90 3.22 3.40 3.40 3.16 2.77
  3   2.36 2.05 1.91 1.93 2.05 2.24 2.47 2.64 2.71 2.65 2.43 2.07 1.65 1.28 1.08 1.12 1.40 1.85 2.37 2.89 3.29 3.52 3.56 3.35
  4   2.92 2.42 1.98 1.71 1.67 1.84 2.10 2.43 2.71 2.85 2.83 2.64 2.26 1.77 1.28 0.97 0.97 1.26 1.74 2.34 2.96 3.42 3.66 3.67
  5   3.36 2.82 2.24 1.71 1.40 1.40 1.64 2.04 2.48 2.85 3.06 3.05 2.82 2.34 1.74 1.19 0.85 0.86 1.22 1.80 2.52 3.20 3.66 3.85
  6   3.78 3.33 2.69 2.00 1.41 1.11 1.23 1.65 2.19 2.78 3.24 3.45 3.40 3.06 2.44 1.74 1.13 0.78 0.86 1.32 2.00 2.76 3.48 3.88
  7   3.98 3.72 3.12 2.34 1.56 0.98 0.79 1.10 1.68 2.37 3.07 3.54 3.72 3.62 3.16 2.44 1.67 1.02 0.71 0.93 1.52 2.26 3.06 3.65
  8   3.94 3.90 3.44 2.69 1.83 1.01 0.48 0.50 0.97 1.72 2.53 3.28 3.73 3.85 3.66 3.08 2.29 1.54 0.94 0.75 1.12 1.78 2.57 3.35
  9   3.84 3.97 3.76 3.13 2.30 1.38 0.62 0.24 0.41 1.02 1.86 2.76 3.48 3.85 3.92 3.63 2.98 2.21 1.48 0.98 0.96 1.40 2.04 2.79
 10   3.48 3.83 3.81 3.45 2.74 1.84 0.95 0.28 0.05 0.35 1.08 2.00 2.87 3.56 3.90 3.91 3.55 2.91 2.16 1.51 1.12 1.20 1.64 2.26
 11   2.92 3.49 3.69 3.57 3.14 2.41 1.54 0.73 0.16 0.08 0.52 1.30 2.16 3.00 3.55 3.80 3.78 3.41 2.77 2.10 1.54 1.29 1.43 1.84
 12   2.38 2.98 3.37 3.45 3.26 2.77 2.08 1.30 0.65 0.28 0.36 0.84 1.53 2.36 3.10 3.56 3.77 3.75 3.40 2.86 2.26 1.78 1.58 1.70
 13   2.04 2.48 2.92 3.19 3.22 3.03 2.61 2.06 1.42 0.89 0.60 0.69 1.13 1.75 2.47 3.09 3.49 3.68 3.65 3.35 2.89 2.40 1.97 1.76
 14   1.82 2.06 2.41 2.73 2.93 2.98 2.84 2.53 2.10 1.61 1.15 0.91 0.97 1.31 1.80 2.41 2.96 3.32 3.51 3.52 3.32 2.96 2.50 2.07
 15   1.82 1.80 1.95 2.18 2.46 2.67 2.75 2.71 2.54 2.25 1.85 1.45 1.16 1.13 1.35 1.76 2.25 2.74 3.14 3.41 3.51 3.39 3.09 2.68
 16   2.24 1.92 1.79 1.83 2.00 2.23 2.48 2.66 2.73 2.69 2.50 2.16 1.78 1.48 1.36 1.49 1.80 2.22 2.67 3.08 3.38 3.54 3.52 3.25
 17   2.82 2.33 1.91 1.69 1.67 1.82 2.08 2.38 2.64 2.81 2.85 2.72 2.41 2.02 1.66 1.47 1.51 1.75 2.15 2.60 3.04 3.38 3.55 3.51
 18   3.20 2.72 2.19 1.74 1.48 1.45 1.64 1.97 2.35 2.70 2.89 2.91 2.75 2.44 2.02 1.63 1.40 1.43 1.72 2.15 2.66 3.10 3.39 3.49
 19   3.36 2.97 2.45 1.89 1.44 1.25 1.37 1.70 2.11 2.56 2.93 3.09 3.07 2.82 2.41 1.94 1.53 1.38 1.51 1.88 2.38 2.88 3.27 3.49
 20   3.47 3.18 2.71 2.12 1.58 1.20 1.15 1.43 1.86 2.40 2.90 3.20 3.29 3.17 2.80 2.28 1.77 1.46 1.43 1.66 2.08 2.61 3.11 3.43
 21   3.49 3.32 2.88 2.29 1.66 1.17 0.98 1.15 1.57 2.10 2.71 3.13 3.35 3.32 3.02 2.50 1.95 1.51 1.35 1.47 1.89 2.42 2.94 3.36
 22   3.52 3.44 3.04 2.48 1.83 1.24 0.92 1.00 1.38 1.92 2.57 3.16 3.50 3.58 3.41 2.96 2.41 1.87 1.49 1.49 1.78 2.23 2.76 3.25
 23   3.53 3.52 3.22 2.71 2.06 1.40 0.92 0.81 1.07 1.62 2.26 2.95 3.44 3.68 3.65 3.30 2.76 2.17 1.68 1.50 1.64 2.04 2.54 3.04
 24   3.40 3.52 3.32 2.88 2.26 1.55 0.98 0.69 0.82 1.28 1.92 2.65 3.29 3.64 3.74 3.55 3.10 2.50 1.94 1.54 1.53 1.82 2.26 2.77
 25   3.22 3.43 3.35 3.02 2.49 1.82 1.16 0.73 0.71 1.05 1.61 2.32 3.04 3.53 3.78 3.77 3.43 2.86 2.27 1.76 1.53 1.68 2.06 2.55
 26   3.04 3.34 3.38 3.18 2.72 2.08 1.40 0.88 0.61 0.75 1.22 1.86 2.61 3.26 3.63 3.76 3.61 3.18 2.62 2.07 1.68 1.61 1.81 2.21
 27   2.70 3.09 3.27 3.20 2.90 2.40 1.76 1.16 0.75 0.65 0.93 1.45 2.12 2.84 3.36 3.64 3.69 3.44 2.97 2.42 1.93 1.65 1.68 1.95
 28   2.33 2.72 3.00 3.07 2.94 2.58 2.07 1.49 0.98 0.71 0.74 1.09 1.64 2.31 2.94 3.37 3.57 3.55 3.26 2.80 2.30 1.89 1.70 1.77
 29   2.04 2.37 2.70 2.91 2.91 2.74 2.40 1.92 1.41 0.99 0.79 0.88 1.24 1.76 2.37 2.92 3.29 3.47 3.46 3.19 2.78 2.32 1.94 1.76
 30   1.80 2.01 2.31 2.58 2.75 2.78 2.63 2.36 1.97 1.52 1.15 0.95 1.04 1.37 1.83 2.40 2.92 3.29 3.47 3.46 3.23 2.85 2.41 2.05
 ----------------------------------------------------------------------------------------------------------------------------
                                                                                              
 ----------------------------------------------------------------------------------------------------------------------------
 ----------------------------------------------------------------------------------------------------------------------------
                                                          SURVEY OF INDIA
                                                    MARINE GEODESY WING (G&RB)
                                                     HOURLY HEIGHTS IN METRES
  NAME OF PORT:- OKHA                                                                               MONTH MAY       YEAR 2020
 ----------------------------------------------------------------------------------------------------------------------------
 DAYS 0000 0001 0002 0003 0004 0005 0006 0007 0008 0009 0010 0011 0012 0013 0014 0015 0016 0017 0018 0019 0020 0021 0022 0023
 ----------------------------------------------------------------------------------------------------------------------------
  1   1.84 1.83 1.97 2.21 2.47 2.65 2.70 2.63 2.43 2.10 1.69 1.30 1.07 1.09 1.36 1.78 2.30 2.81 3.21 3.45 3.49 3.29 2.92 2.44
  2   2.02 1.74 1.67 1.77 1.99 2.28 2.56 2.75 2.81 2.67 2.37 1.97 1.55 1.23 1.14 1.33 1.72 2.24 2.80 3.25 3.53 3.61 3.42 3.01
  3   2.46 1.91 1.50 1.35 1.47 1.75 2.15 2.54 2.85 3.00 2.92 2.64 2.19 1.68 1.26 1.08 1.22 1.62 2.16 2.74 3.21 3.52 3.60 3.37
  4   2.84 2.20 1.58 1.11 0.99 1.17 1.58 2.11 2.64 3.00 3.17 3.12 2.82 2.28 1.70 1.21 1.00 1.15 1.58 2.18 2.85 3.34 3.58 3.58
  5   3.26 2.60 1.87 1.17 0.69 0.62 0.95 1.54 2.18 2.85 3.26 3.43 3.33 2.90 2.26 1.62 1.12 0.94 1.18 1.70 2.34 3.02 3.50 3.66
  6   3.52 3.00 2.25 1.42 0.71 0.27 0.37 0.89 1.62 2.41 3.12 3.53 3.67 3.52 2.98 2.27 1.60 1.09 0.99 1.30 1.91 2.58 3.24 3.61
  7   3.64 3.34 2.71 1.86 1.02 0.30 0.03 0.29 0.95 1.80 2.67 3.40 3.79 3.89 3.62 3.00 2.29 1.60 1.14 1.13 1.54 2.12 2.80 3.39
  8   3.65 3.54 3.12 2.40 1.50 0.67 0.03-0.10 0.32 1.10 2.00 2.91 3.57 3.92 3.95 3.56 2.92 2.20 1.56 1.17 1.27 1.70 2.30 2.94
  9   3.42 3.58 3.41 2.90 2.16 1.30 0.52 0.00 0.04 0.55 1.38 2.29 3.17 3.75 4.03 4.00 3.55 2.90 2.22 1.58 1.27 1.43 1.85 2.40
 10   2.98 3.34 3.38 3.14 2.63 1.90 1.09 0.40 0.03 0.20 0.77 1.57 2.45 3.24 3.74 3.97 3.89 3.43 2.81 2.15 1.62 1.41 1.59 2.01
 11   2.51 2.99 3.23 3.19 2.94 2.46 1.78 1.07 0.51 0.24 0.44 1.02 1.76 2.60 3.27 3.66 3.82 3.71 3.30 2.72 2.15 1.72 1.56 1.73
 12   2.06 2.45 2.84 3.06 3.06 2.82 2.37 1.80 1.21 0.77 0.61 0.84 1.31 1.96 2.69 3.25 3.58 3.71 3.57 3.17 2.66 2.14 1.73 1.59
 13   1.70 1.97 2.30 2.61 2.77 2.75 2.60 2.31 1.88 1.41 1.03 0.90 1.09 1.52 2.09 2.70 3.15 3.45 3.55 3.44 3.09 2.62 2.14 1.78
 14   1.65 1.69 1.90 2.18 2.43 2.59 2.67 2.61 2.37 2.02 1.63 1.32 1.16 1.27 1.61 2.10 2.62 3.03 3.30 3.43 3.37 3.07 2.66 2.20
 15   1.80 1.59 1.57 1.72 1.97 2.24 2.47 2.62 2.65 2.55 2.30 1.95 1.62 1.43 1.47 1.74 2.11 2.54 2.93 3.22 3.37 3.35 3.10 2.68
 16   2.20 1.75 1.47 1.40 1.52 1.77 2.08 2.41 2.63 2.71 2.67 2.48 2.14 1.80 1.57 1.54 1.71 2.03 2.44 2.82 3.12 3.27 3.25 3.00
 17   2.56 2.06 1.60 1.29 1.23 1.40 1.70 2.09 2.47 2.73 2.85 2.82 2.58 2.22 1.85 1.59 1.56 1.75 2.09 2.49 2.88 3.14 3.25 3.17
 18   2.86 2.40 1.87 1.40 1.10 1.08 1.36 1.78 2.27 2.68 2.94 3.03 2.94 2.64 2.26 1.88 1.62 1.62 1.83 2.18 2.60 2.96 3.17 3.20
 19   3.00 2.58 2.04 1.46 1.03 0.90 1.08 1.46 1.97 2.52 2.94 3.16 3.19 2.98 2.58 2.12 1.74 1.57 1.67 1.95 2.35 2.78 3.09 3.21
 20   3.12 2.77 2.24 1.64 1.10 0.78 0.84 1.22 1.77 2.36 2.90 3.25 3.39 3.30 2.94 2.44 1.95 1.62 1.56 1.78 2.15 2.58 2.97 3.20
 21   3.17 2.89 2.42 1.80 1.14 0.68 0.57 0.85 1.38 2.04 2.77 3.23 3.48 3.49 3.22 2.72 2.18 1.70 1.50 1.60 1.92 2.32 2.76 3.07
 22   3.14 2.98 2.53 1.93 1.27 0.72 0.47 0.60 1.09 1.76 2.48 3.10 3.48 3.60 3.48 3.04 2.48 1.91 1.50 1.41 1.63 2.03 2.50 2.91
 23   3.08 3.02 2.71 2.20 1.52 0.86 0.40 0.33 0.68 1.28 2.00 2.77 3.31 3.58 3.60 3.31 2.80 2.22 1.70 1.40 1.46 1.76 2.18 2.63
 24   2.94 2.99 2.79 2.34 1.75 1.08 0.50 0.22 0.36 0.86 1.54 2.33 3.02 3.44 3.62 3.53 3.12 2.52 1.95 1.47 1.33 1.52 1.90 2.34
 25   2.75 2.94 2.87 2.57 2.08 1.44 0.78 0.33 0.24 0.54 1.12 1.84 2.62 3.24 3.56 3.64 3.42 2.92 2.32 1.76 1.39 1.40 1.68 2.07
 26   2.50 2.84 2.93 2.76 2.40 1.88 1.23 0.67 0.35 0.41 0.80 1.40 2.15 2.86 3.38 3.64 3.60 3.24 2.70 2.12 1.63 1.38 1.48 1.80
 27   2.20 2.60 2.86 2.87 2.66 2.26 1.72 1.12 0.64 0.41 0.54 0.99 1.64 2.39 3.05 3.45 3.62 3.54 3.16 2.63 2.07 1.61 1.38 1.48
 28   1.79 2.17 2.54 2.77 2.80 2.63 2.29 1.80 1.25 0.80 0.57 0.73 1.19 1.81 2.51 3.10 3.46 3.59 3.48 3.08 2.56 2.01 1.58 1.39
 29   1.49 1.77 2.13 2.48 2.68 2.72 2.60 2.33 1.89 1.38 0.95 0.72 0.90 1.36 1.98 2.62 3.14 3.46 3.56 3.42 3.02 2.50 1.96 1.56
 30   1.39 1.49 1.74 2.08 2.40 2.59 2.65 2.57 2.35 1.97 1.51 1.11 0.93 1.07 1.46 2.00 2.58 3.08 3.40 3.52 3.40 3.02 2.47 1.90
 31   1.44 1.21 1.29 1.53 1.87 2.23 2.57 2.77 2.79 2.62 2.26 1.82 1.40 1.15 1.17 1.50 1.98 2.53 3.04 3.38 3.51 3.40 2.98 2.40
 ----------------------------------------------------------------------------------------------------------------------------
                                                                                               
 ----------------------------------------------------------------------------------------------------------------------------
 ----------------------------------------------------------------------------------------------------------------------------
                                                          SURVEY OF INDIA
                                                    MARINE GEODESY WING (G&RB)
                                                     HOURLY HEIGHTS IN METRES
  NAME OF PORT:- OKHA                                                                               MONTH JUNE      YEAR 2020
 ----------------------------------------------------------------------------------------------------------------------------
 DAYS 0000 0001 0002 0003 0004 0005 0006 0007 0008 0009 0010 0011 0012 0013 0014 0015 0016 0017 0018 0019 0020 0021 0022 0023
 ----------------------------------------------------------------------------------------------------------------------------
  1   1.76 1.18 0.86 0.93 1.26 1.69 2.19 2.63 2.92 3.03 2.93 2.59 2.12 1.64 1.30 1.28 1.57 2.00 2.54 3.08 3.44 3.56 3.42 3.00
  2   2.34 1.62 1.04 0.69 0.74 1.12 1.66 2.30 2.86 3.23 3.38 3.28 2.88 2.35 1.83 1.46 1.40 1.65 2.09 2.64 3.18 3.52 3.60 3.42
  3   2.88 2.14 1.39 0.72 0.43 0.60 1.08 1.78 2.54 3.20 3.62 3.77 3.66 3.23 2.62 2.06 1.65 1.60 1.87 2.34 2.90 3.42 3.72 3.79
  4   3.50 2.90 2.10 1.30 0.66 0.39 0.62 1.25 2.05 2.90 3.62 4.04 4.16 3.92 3.40 2.76 2.14 1.69 1.64 1.92 2.40 2.92 3.42 3.66
  5   3.58 3.14 2.50 1.67 0.88 0.26 0.12 0.54 1.35 2.24 3.12 3.75 4.11 4.18 3.85 3.30 2.65 2.01 1.61 1.64 2.00 2.50 3.06 3.52
  6   3.68 3.52 2.99 2.27 1.45 0.76 0.31 0.25 0.70 1.53 2.48 3.35 3.92 4.18 4.16 3.80 3.18 2.47 1.83 1.50 1.60 2.00 2.51 3.04
  7   3.40 3.49 3.22 2.72 2.05 1.24 0.57 0.18 0.33 0.93 1.79 2.70 3.49 3.98 4.22 4.14 3.68 3.06 2.38 1.76 1.48 1.66 2.08 2.59
  8   3.10 3.38 3.35 3.06 2.55 1.82 1.07 0.48 0.21 0.46 1.12 1.94 2.82 3.54 3.97 4.10 3.90 3.42 2.79 2.15 1.64 1.48 1.68 2.10
  9   2.60 3.05 3.25 3.18 2.90 2.42 1.73 1.07 0.60 0.50 0.82 1.44 2.22 3.02 3.61 3.96 4.03 3.75 3.23 2.60 2.00 1.59 1.52 1.78
 10   2.17 2.58 2.93 3.10 3.03 2.76 2.30 1.74 1.20 0.85 0.84 1.18 1.78 2.48 3.16 3.66 3.91 3.90 3.59 3.09 2.50 1.96 1.64 1.61
 11   1.82 2.16 2.53 2.81 2.92 2.85 2.62 2.25 1.79 1.35 1.09 1.12 1.46 2.00 2.64 3.18 3.55 3.73 3.67 3.37 2.90 2.35 1.87 1.59
 12   1.60 1.81 2.10 2.41 2.66 2.80 2.79 2.63 2.34 1.97 1.60 1.37 1.43 1.73 2.19 2.73 3.18 3.49 3.63 3.56 3.25 2.80 2.31 1.87
 13   1.62 1.59 1.75 2.00 2.30 2.56 2.74 2.82 2.76 2.51 2.18 1.86 1.68 1.72 2.00 2.40 2.84 3.22 3.47 3.57 3.48 3.18 2.74 2.23
 14   1.80 1.53 1.51 1.69 1.97 2.30 2.60 2.84 2.97 2.95 2.74 2.43 2.12 1.89 1.89 2.09 2.42 2.80 3.14 3.38 3.48 3.40 3.14 2.67
 15   2.12 1.69 1.43 1.39 1.59 1.93 2.32 2.72 3.00 3.15 3.13 2.92 2.61 2.29 2.04 1.98 2.18 2.46 2.79 3.10 3.30 3.35 3.21 2.90
 16   2.42 1.88 1.44 1.19 1.20 1.47 1.88 2.36 2.80 3.11 3.28 3.26 3.01 2.64 2.26 2.00 1.98 2.15 2.43 2.76 3.06 3.24 3.26 3.08
 17   2.70 2.18 1.64 1.24 1.04 1.14 1.50 2.02 2.60 3.09 3.38 3.48 3.34 3.02 2.63 2.26 2.00 2.00 2.20 2.50 2.84 3.13 3.26 3.20
 18   2.90 2.44 1.88 1.35 1.00 0.93 1.20 1.67 2.30 2.94 3.41 3.70 3.76 3.52 3.10 2.65 2.26 2.05 2.12 2.36 2.70 3.03 3.27 3.33
 19   3.18 2.80 2.26 1.69 1.17 0.90 1.01 1.42 2.00 2.70 3.31 3.72 3.90 3.80 3.48 2.98 2.47 2.08 1.94 2.08 2.38 2.73 3.06 3.25
 20   3.23 2.95 2.49 1.89 1.27 0.82 0.72 1.02 1.58 2.28 3.02 3.58 3.90 3.98 3.76 3.32 2.80 2.28 1.95 1.95 2.20 2.56 2.95 3.26
 21   3.35 3.20 2.82 2.26 1.58 0.98 0.64 0.75 1.22 1.89 2.63 3.28 3.78 4.04 4.01 3.63 3.08 2.47 1.98 1.78 1.94 2.28 2.70 3.10
 22   3.32 3.31 3.06 2.56 1.90 1.22 0.68 0.55 0.82 1.39 2.12 2.95 3.58 3.99 4.14 3.94 3.48 2.90 2.28 1.86 1.78 2.03 2.42 2.88
 23   3.25 3.42 3.30 2.95 2.38 1.68 1.02 0.63 0.64 1.02 1.66 2.46 3.26 3.82 4.16 4.16 3.85 3.32 2.70 2.13 1.78 1.84 2.15 2.56
 24   3.00 3.33 3.42 3.24 2.83 2.26 1.56 0.98 0.70 0.80 1.27 1.95 2.76 3.46 3.96 4.23 4.12 3.69 3.10 2.48 1.95 1.71 1.85 2.21
 25   2.66 3.10 3.33 3.35 3.15 2.72 2.13 1.48 0.98 0.77 0.95 1.49 2.18 3.00 3.60 4.00 4.16 3.96 3.50 2.88 2.24 1.78 1.63 1.82
 26   2.18 2.66 3.07 3.28 3.26 3.06 2.64 2.06 1.49 1.07 0.95 1.20 1.72 2.40 3.16 3.71 4.03 4.11 3.83 3.33 2.70 2.09 1.67 1.59
 27   1.82 2.20 2.61 2.99 3.20 3.23 3.07 2.70 2.20 1.66 1.28 1.18 1.42 1.89 2.54 3.22 3.71 3.97 3.98 3.66 3.14 2.50 1.90 1.49
 28   1.43 1.61 1.98 2.42 2.81 3.07 3.17 3.11 2.83 2.36 1.88 1.49 1.36 1.56 2.00 2.60 3.20 3.64 3.84 3.82 3.50 2.98 2.34 1.70
 29   1.29 1.20 1.41 1.79 2.27 2.74 3.09 3.28 3.29 3.05 2.64 2.17 1.77 1.59 1.74 2.13 2.61 3.15 3.53 3.72 3.69 3.40 2.88 2.20
 30   1.56 1.10 0.98 1.18 1.60 2.14 2.67 3.10 3.38 3.47 3.29 2.91 2.43 2.01 1.77 1.85 2.12 2.54 3.02 3.39 3.58 3.56 3.24 2.69
 ----------------------------------------------------------------------------------------------------------------------------
                                                                                               
 ----------------------------------------------------------------------------------------------------------------------------
 ----------------------------------------------------------------------------------------------------------------------------
                                                          SURVEY OF INDIA
                                                    MARINE GEODESY WING (G&RB)
                                                     HOURLY HEIGHTS IN METRES
  NAME OF PORT:- OKHA                                                                               MONTH JULY      YEAR 2020
 ----------------------------------------------------------------------------------------------------------------------------
 DAYS 0000 0001 0002 0003 0004 0005 0006 0007 0008 0009 0010 0011 0012 0013 0014 0015 0016 0017 0018 0019 0020 0021 0022 0023
 ----------------------------------------------------------------------------------------------------------------------------
  1   2.00 1.34 0.83 0.67 0.90 1.38 1.95 2.60 3.10 3.45 3.58 3.44 3.04 2.56 2.12 1.83 1.84 2.08 2.46 2.92 3.28 3.46 3.42 3.10
  2   2.56 1.85 1.13 0.63 0.48 0.75 1.30 2.00 2.73 3.32 3.70 3.85 3.72 3.29 2.75 2.24 1.89 1.85 2.09 2.46 2.89 3.24 3.38 3.30
  3   2.92 2.38 1.67 0.98 0.47 0.36 0.70 1.34 2.09 2.87 3.46 3.83 3.94 3.71 3.26 2.67 2.13 1.75 1.71 1.99 2.39 2.81 3.17 3.32
  4   3.16 2.79 2.21 1.48 0.78 0.30 0.29 0.72 1.42 2.26 3.05 3.60 3.91 3.96 3.66 3.14 2.50 1.90 1.62 1.70 2.02 2.44 2.90 3.21
  5   3.28 3.13 2.67 2.02 1.22 0.55 0.19 0.35 0.89 1.63 2.45 3.22 3.72 3.95 3.91 3.48 2.88 2.30 1.77 1.56 1.70 2.05 2.50 2.94
  6   3.20 3.25 2.96 2.46 1.80 1.05 0.40 0.17 0.45 1.04 1.89 2.70 3.38 3.81 3.98 3.86 3.40 2.77 2.15 1.64 1.45 1.62 2.06 2.60
  7   3.06 3.26 3.22 2.92 2.33 1.64 0.94 0.44 0.41 0.80 1.44 2.30 3.12 3.68 3.98 3.96 3.64 3.16 2.60 2.03 1.58 1.55 1.85 2.28
  8   2.70 3.02 3.17 3.10 2.80 2.18 1.48 0.86 0.51 0.58 1.02 1.66 2.40 3.14 3.58 3.80 3.77 3.42 2.86 2.22 1.70 1.47 1.60 1.91
  9   2.31 2.72 3.08 3.22 3.12 2.75 2.22 1.64 1.15 0.91 1.07 1.50 2.12 2.86 3.47 3.83 3.94 3.72 3.26 2.66 2.05 1.60 1.45 1.64
 10   1.98 2.37 2.74 3.02 3.10 2.99 2.65 2.18 1.67 1.30 1.21 1.42 1.87 2.47 3.10 3.58 3.82 3.80 3.50 3.02 2.44 1.88 1.49 1.45
 11   1.64 1.97 2.36 2.70 2.91 2.95 2.80 2.50 2.08 1.68 1.40 1.38 1.63 2.06 2.60 3.16 3.54 3.70 3.62 3.28 2.76 2.18 1.67 1.40
 12   1.40 1.60 1.90 2.28 2.61 2.82 2.88 2.78 2.54 2.19 1.84 1.62 1.62 1.84 2.23 2.70 3.12 3.39 3.46 3.31 2.97 2.48 1.96 1.52
 13   1.30 1.33 1.53 1.85 2.22 2.54 2.78 2.90 2.86 2.62 2.30 2.00 1.79 1.80 2.04 2.42 2.80 3.08 3.25 3.28 3.12 2.78 2.32 1.80
 14   1.40 1.18 1.20 1.43 1.74 2.13 2.49 2.78 2.94 2.94 2.74 2.44 2.13 1.93 1.90 2.08 2.36 2.66 2.93 3.08 3.10 2.93 2.60 2.14
 15   1.63 1.23 1.03 1.08 1.38 1.78 2.22 2.62 2.94 3.12 3.14 2.93 2.53 2.16 1.94 1.91 2.05 2.31 2.61 2.89 3.06 3.09 2.96 2.60
 16   2.01 1.45 1.06 0.91 1.03 1.41 1.87 2.42 2.86 3.18 3.35 3.29 3.03 2.60 2.20 1.95 1.91 2.04 2.29 2.59 2.88 3.03 3.02 2.81
 17   2.42 1.83 1.28 0.90 0.78 0.99 1.43 1.99 2.62 3.11 3.46 3.59 3.45 3.12 2.65 2.23 1.96 1.94 2.06 2.30 2.58 2.86 3.01 2.94
 18   2.67 2.26 1.68 1.10 0.73 0.66 0.94 1.46 2.10 2.82 3.35 3.70 3.82 3.62 3.22 2.72 2.26 1.97 1.95 2.15 2.47 2.82 3.08 3.16
 19   3.04 2.67 2.14 1.55 0.98 0.64 0.68 1.08 1.70 2.42 3.12 3.58 3.82 3.82 3.50 3.00 2.43 1.93 1.67 1.76 2.07 2.47 2.86 3.10
 20   3.12 2.90 2.48 1.86 1.18 0.64 0.41 0.61 1.20 1.89 2.66 3.34 3.76 3.95 3.78 3.34 2.72 2.12 1.66 1.58 1.84 2.22 2.66 3.06
 21   3.22 3.14 2.80 2.26 1.55 0.90 0.44 0.40 0.78 1.44 2.23 3.04 3.62 3.95 3.98 3.66 3.12 2.46 1.85 1.51 1.58 1.92 2.38 2.88
 22   3.24 3.33 3.15 2.70 2.06 1.32 0.66 0.31 0.44 0.95 1.68 2.53 3.32 3.83 4.06 3.96 3.49 2.84 2.14 1.56 1.34 1.54 1.96 2.48
 23   3.02 3.34 3.35 3.10 2.60 1.91 1.18 0.62 0.42 0.65 1.24 2.00 2.85 3.54 3.98 4.12 3.88 3.34 2.64 1.93 1.40 1.24 1.52 2.02
 24   2.60 3.13 3.40 3.38 3.12 2.59 1.90 1.24 0.74 0.61 0.91 1.51 2.27 3.09 3.68 4.00 4.03 3.68 3.07 2.33 1.65 1.20 1.18 1.52
 25   2.04 2.60 3.08 3.30 3.27 3.02 2.51 1.88 1.28 0.88 0.86 1.20 1.80 2.50 3.26 3.78 4.02 3.93 3.50 2.84 2.09 1.44 1.07 1.15
 26   1.50 2.00 2.60 3.07 3.29 3.30 3.08 2.62 2.06 1.52 1.18 1.20 1.58 2.14 2.80 3.43 3.82 3.95 3.76 3.27 2.55 1.88 1.30 0.99
 27   1.10 1.47 1.97 2.56 3.02 3.29 3.37 3.20 2.82 2.34 1.86 1.56 1.58 1.87 2.34 2.90 3.41 3.70 3.77 3.55 3.09 2.44 1.73 1.14
 28   0.87 0.97 1.36 1.90 2.44 2.88 3.20 3.35 3.30 2.98 2.56 2.13 1.83 1.78 1.99 2.35 2.78 3.19 3.46 3.51 3.33 2.90 2.29 1.65
 29   1.10 0.83 0.89 1.26 1.76 2.31 2.83 3.23 3.47 3.51 3.27 2.86 2.44 2.09 1.94 2.03 2.31 2.66 2.99 3.21 3.30 3.18 2.81 2.24
 30   1.60 1.06 0.69 0.72 1.04 1.54 2.14 2.72 3.18 3.51 3.62 3.44 3.06 2.60 2.17 1.92 1.95 2.15 2.44 2.75 3.01 3.15 3.09 2.78
 31   2.26 1.62 1.02 0.62 0.62 0.94 1.44 2.11 2.76 3.30 3.67 3.82 3.64 3.23 2.72 2.22 1.89 1.85 2.03 2.33 2.68 3.01 3.19 3.12
 ----------------------------------------------------------------------------------------------------------------------------
                                                                                               
 ----------------------------------------------------------------------------------------------------------------------------
 ----------------------------------------------------------------------------------------------------------------------------
                                                          SURVEY OF INDIA
                                                    MARINE GEODESY WING (G&RB)
                                                     HOURLY HEIGHTS IN METRES
  NAME OF PORT:- OKHA                                                                               MONTH AUGUST    YEAR 2020
 ----------------------------------------------------------------------------------------------------------------------------
 DAYS 0000 0001 0002 0003 0004 0005 0006 0007 0008 0009 0010 0011 0012 0013 0014 0015 0016 0017 0018 0019 0020 0021 0022 0023
 ----------------------------------------------------------------------------------------------------------------------------
  1   2.80 2.32 1.70 1.06 0.62 0.55 0.88 1.50 2.23 2.95 3.52 3.88 3.98 3.74 3.26 2.68 2.14 1.78 1.76 1.98 2.34 2.76 3.10 3.26
  2   3.18 2.82 2.28 1.60 0.97 0.59 0.61 1.04 1.67 2.43 3.17 3.71 4.00 4.03 3.69 3.14 2.55 1.97 1.64 1.72 2.03 2.46 2.91 3.24
  3   3.35 3.22 2.80 2.22 1.52 0.90 0.57 0.70 1.22 1.93 2.73 3.45 3.90 4.09 3.99 3.56 2.96 2.32 1.79 1.57 1.74 2.12 2.59 3.07
  4   3.34 3.36 3.12 2.65 1.98 1.30 0.77 0.60 0.87 1.48 2.20 2.96 3.54 3.90 4.00 3.74 3.22 2.56 1.92 1.48 1.44 1.72 2.16 2.66
  5   3.08 3.26 3.18 2.85 2.30 1.60 0.96 0.57 0.60 0.98 1.64 2.40 3.13 3.61 3.83 3.77 3.36 2.76 2.09 1.50 1.22 1.35 1.74 2.23
  6   2.74 3.12 3.22 3.02 2.56 1.97 1.37 0.89 0.69 0.87 1.37 2.06 2.84 3.45 3.82 3.87 3.58 3.06 2.42 1.77 1.33 1.17 1.42 1.88
  7   2.41 2.89 3.15 3.13 2.89 2.45 1.87 1.28 0.87 0.85 1.20 1.78 2.48 3.18 3.62 3.80 3.68 3.30 2.69 2.04 1.51 1.23 1.32 1.67
  8   2.14 2.64 3.02 3.20 3.14 2.88 2.44 1.92 1.47 1.25 1.36 1.74 2.28 2.89 3.44 3.74 3.74 3.46 2.97 2.32 1.72 1.31 1.21 1.40
  9   1.78 2.26 2.71 3.00 3.10 2.96 2.63 2.20 1.74 1.40 1.29 1.48 1.88 2.42 3.00 3.38 3.53 3.44 3.08 2.54 1.93 1.43 1.14 1.16
 10   1.45 1.86 2.32 2.73 2.98 3.05 2.91 2.61 2.24 1.87 1.60 1.56 1.78 2.17 2.66 3.11 3.39 3.44 3.24 2.84 2.32 1.78 1.34 1.14
 11   1.24 1.52 1.90 2.35 2.74 3.00 3.08 2.98 2.72 2.39 2.08 1.89 1.89 2.08 2.40 2.78 3.09 3.25 3.22 2.98 2.58 2.10 1.63 1.29
 12   1.15 1.26 1.55 1.95 2.38 2.74 2.98 3.08 3.03 2.81 2.51 2.22 2.02 2.01 2.18 2.46 2.73 2.94 3.03 2.99 2.78 2.42 1.95 1.50
 13   1.19 1.07 1.19 1.48 1.87 2.28 2.68 2.98 3.13 3.12 2.95 2.68 2.39 2.16 2.08 2.16 2.34 2.55 2.74 2.84 2.81 2.64 2.35 1.98
 14   1.58 1.22 1.03 1.10 1.38 1.80 2.28 2.72 3.08 3.31 3.36 3.18 2.84 2.46 2.16 2.02 2.05 2.20 2.41 2.61 2.77 2.82 2.72 2.46
 15   2.05 1.56 1.13 0.90 0.95 1.25 1.72 2.32 2.88 3.30 3.54 3.58 3.37 2.98 2.52 2.12 1.91 1.92 2.08 2.33 2.58 2.78 2.86 2.75
 16   2.46 2.00 1.46 1.00 0.73 0.79 1.18 1.75 2.40 3.00 3.43 3.64 3.62 3.32 2.84 2.30 1.86 1.65 1.74 1.97 2.28 2.60 2.83 2.89
 17   2.72 2.36 1.82 1.20 0.68 0.47 0.68 1.20 1.86 2.62 3.24 3.64 3.80 3.64 3.18 2.61 2.02 1.57 1.44 1.63 2.00 2.42 2.81 3.03
 18   3.00 2.72 2.23 1.57 0.89 0.41 0.33 0.68 1.28 2.05 2.88 3.48 3.80 3.84 3.52 2.94 2.29 1.69 1.31 1.35 1.69 2.16 2.67 3.09
 19   3.24 3.12 2.74 2.12 1.35 0.68 0.26 0.36 0.85 1.58 2.43 3.20 3.74 3.96 3.82 3.34 2.66 1.95 1.35 1.12 1.31 1.78 2.36 2.96
 20   3.32 3.40 3.18 2.66 1.93 1.14 0.48 0.22 0.44 1.08 1.88 2.78 3.50 3.90 3.97 3.70 3.09 2.29 1.51 0.98 0.92 1.29 1.88 2.54
 21   3.14 3.48 3.52 3.22 2.62 1.82 1.06 0.48 0.36 0.74 1.44 2.27 3.14 3.74 4.04 3.98 3.50 2.75 1.90 1.13 0.72 0.81 1.31 2.00
 22   2.70 3.30 3.58 3.54 3.20 2.58 1.80 1.07 0.60 0.64 1.12 1.82 2.62 3.40 3.89 4.04 3.81 3.22 2.40 1.54 0.86 0.58 0.82 1.42
 23   2.08 2.80 3.38 3.61 3.56 3.21 2.62 1.90 1.28 0.90 1.01 1.48 2.13 2.90 3.56 3.90 3.92 3.56 2.92 2.10 1.28 0.70 0.54 0.86
 24   1.48 2.16 2.85 3.33 3.54 3.52 3.22 2.68 2.10 1.58 1.29 1.41 1.82 2.39 3.03 3.51 3.71 3.64 3.25 2.62 1.85 1.13 0.64 0.59
 25   0.90 1.48 2.12 2.79 3.23 3.46 3.47 3.24 2.85 2.36 1.91 1.67 1.76 2.08 2.56 3.06 3.42 3.56 3.46 3.10 2.54 1.82 1.16 0.69
 26   0.63 0.88 1.38 1.98 2.64 3.12 3.41 3.50 3.38 3.08 2.65 2.20 1.83 1.80 2.04 2.38 2.72 3.00 3.12 3.04 2.78 2.36 1.78 1.18
 27   0.76 0.65 0.84 1.28 1.84 2.40 2.90 3.24 3.42 3.40 3.16 2.78 2.33 2.00 1.89 1.96 2.16 2.42 2.68 2.86 2.89 2.74 2.43 1.95
 28   1.40 0.94 0.68 0.77 1.14 1.62 2.22 2.76 3.18 3.46 3.54 3.35 2.98 2.49 2.03 1.75 1.73 1.90 2.16 2.45 2.70 2.84 2.78 2.52
 29   2.12 1.64 1.12 0.75 0.72 1.00 1.50 2.08 2.68 3.18 3.52 3.64 3.45 3.04 2.50 1.98 1.61 1.55 1.73 2.02 2.35 2.66 2.84 2.84
 30   2.60 2.20 1.66 1.10 0.70 0.65 0.96 1.48 2.10 2.78 3.27 3.56 3.64 3.40 2.92 2.32 1.75 1.42 1.44 1.67 2.02 2.42 2.78 2.94
 31   2.88 2.58 2.11 1.51 0.93 0.59 0.64 1.04 1.60 2.30 2.97 3.43 3.64 3.58 3.21 2.65 2.00 1.45 1.19 1.32 1.67 2.11 2.57 2.94
 ----------------------------------------------------------------------------------------------------------------------------
                                                                                               
 ----------------------------------------------------------------------------------------------------------------------------
 ----------------------------------------------------------------------------------------------------------------------------
                                                          SURVEY OF INDIA
                                                    MARINE GEODESY WING (G&RB)
                                                     HOURLY HEIGHTS IN METRES
  NAME OF PORT:- OKHA                                                                               MONTH SEPT      YEAR 2020
 ----------------------------------------------------------------------------------------------------------------------------
 DAYS 0000 0001 0002 0003 0004 0005 0006 0007 0008 0009 0010 0011 0012 0013 0014 0015 0016 0017 0018 0019 0020 0021 0022 0023
 ----------------------------------------------------------------------------------------------------------------------------
  1   3.05 2.89 2.50 1.92 1.27 0.73 0.54 0.73 1.25 1.90 2.63 3.21 3.57 3.66 3.44 2.92 2.27 1.63 1.15 1.06 1.35 1.79 2.30 2.80
  2   3.10 3.10 2.83 2.34 1.70 1.04 0.60 0.53 0.88 1.46 2.18 2.87 3.36 3.58 3.50 3.11 2.49 1.82 1.20 0.89 1.02 1.40 1.94 2.52
  3   2.96 3.14 3.04 2.66 2.10 1.43 0.86 0.58 0.72 1.18 1.78 2.52 3.14 3.47 3.53 3.27 2.73 2.07 1.41 0.94 0.87 1.16 1.65 2.22
  4   2.76 3.10 3.15 2.93 2.45 1.82 1.20 0.76 0.67 0.98 1.52 2.20 2.88 3.33 3.51 3.38 2.96 2.32 1.65 1.05 0.77 0.91 1.34 1.88
  5   2.48 2.94 3.15 3.10 2.78 2.26 1.66 1.12 0.84 0.97 1.38 1.94 2.60 3.15 3.42 3.42 3.10 2.56 1.88 1.25 0.84 0.81 1.11 1.58
  6   2.18 2.74 3.09 3.20 3.03 2.63 2.09 1.55 1.16 1.08 1.34 1.78 2.36 2.96 3.31 3.40 3.22 2.78 2.18 1.53 0.96 0.75 0.89 1.30
  7   1.83 2.43 2.90 3.15 3.17 2.94 2.51 2.00 1.53 1.27 1.35 1.66 2.09 2.62 3.05 3.27 3.24 2.96 2.49 1.87 1.29 0.92 0.88 1.14
  8   1.56 2.09 2.65 3.03 3.20 3.15 2.88 2.47 2.04 1.69 1.57 1.69 1.97 2.37 2.80 3.10 3.19 3.04 2.69 2.20 1.62 1.14 0.87 0.93
  9   1.24 1.68 2.22 2.67 2.95 3.07 3.01 2.76 2.40 2.03 1.73 1.67 1.82 2.10 2.45 2.77 2.94 2.93 2.75 2.40 1.96 1.49 1.10 0.94
 10   1.04 1.32 1.75 2.27 2.67 2.93 3.05 3.01 2.80 2.50 2.19 1.92 1.85 1.98 2.20 2.44 2.67 2.80 2.75 2.57 2.28 1.88 1.46 1.14
 11   1.00 1.10 1.40 1.83 2.28 2.67 2.98 3.14 3.15 2.98 2.68 2.34 2.08 1.95 1.98 2.13 2.33 2.52 2.65 2.68 2.58 2.35 2.02 1.63
 12   1.28 1.07 1.10 1.32 1.66 2.12 2.58 2.96 3.21 3.29 3.15 2.86 2.49 2.14 1.90 1.83 1.91 2.06 2.25 2.43 2.55 2.55 2.39 2.07
 13   1.66 1.29 1.00 0.93 1.12 1.48 1.95 2.49 2.94 3.28 3.43 3.29 2.96 2.53 2.08 1.75 1.61 1.68 1.88 2.17 2.48 2.65 2.65 2.48
 14   2.13 1.68 1.22 0.87 0.75 0.93 1.34 1.90 2.52 3.09 3.46 3.59 3.40 2.97 2.46 1.95 1.58 1.51 1.66 1.95 2.35 2.72 2.94 2.94
 15   2.72 2.30 1.76 1.20 0.77 0.67 0.96 1.48 2.15 2.86 3.40 3.68 3.70 3.41 2.86 2.22 1.61 1.27 1.31 1.61 2.05 2.54 2.95 3.16
 16   3.09 2.74 2.20 1.52 0.89 0.51 0.55 0.98 1.60 2.40 3.12 3.61 3.85 3.74 3.26 2.55 1.82 1.21 0.98 1.19 1.70 2.28 2.88 3.29
 17   3.43 3.28 2.84 2.14 1.40 0.75 0.46 0.64 1.20 1.93 2.76 3.44 3.84 3.92 3.60 2.93 2.14 1.37 0.82 0.74 1.16 1.82 2.50 3.16
 18   3.54 3.61 3.38 2.78 2.00 1.23 0.63 0.48 0.80 1.47 2.26 3.10 3.67 3.91 3.82 3.28 2.50 1.65 0.89 0.49 0.61 1.18 1.93 2.73
 19   3.36 3.68 3.65 3.30 2.64 1.84 1.11 0.62 0.65 1.12 1.90 2.70 3.42 3.82 3.89 3.58 2.90 2.03 1.15 0.46 0.28 0.61 1.34 2.16
 20   2.92 3.52 3.75 3.68 3.24 2.50 1.76 1.11 0.77 0.96 1.49 2.18 2.95 3.55 3.82 3.74 3.26 2.50 1.60 0.77 0.19 0.20 0.69 1.44
 21   2.25 3.03 3.54 3.72 3.60 3.12 2.44 1.78 1.25 1.05 1.28 1.78 2.40 3.05 3.49 3.61 3.44 2.90 2.14 1.30 0.56 0.18 0.30 0.81
 22   1.52 2.35 3.05 3.46 3.62 3.53 3.10 2.52 1.92 1.43 1.27 1.46 1.88 2.41 2.93 3.25 3.31 3.12 2.64 1.97 1.20 0.58 0.25 0.40
 23   0.90 1.52 2.26 2.88 3.27 3.45 3.41 3.08 2.58 2.08 1.66 1.49 1.58 1.89 2.30 2.70 2.93 2.95 2.76 2.38 1.86 1.24 0.73 0.46
 24   0.55 0.92 1.48 2.14 2.70 3.11 3.35 3.37 3.15 2.77 2.35 1.95 1.71 1.72 1.88 2.14 2.43 2.66 2.75 2.69 2.47 2.11 1.64 1.19
 25   0.88 0.85 1.10 1.52 2.05 2.56 2.99 3.29 3.43 3.33 3.02 2.60 2.17 1.84 1.71 1.77 1.95 2.18 2.42 2.60 2.68 2.60 2.36 1.98
 26   1.54 1.16 0.98 1.08 1.42 1.86 2.36 2.82 3.18 3.40 3.42 3.18 2.78 2.28 1.86 1.60 1.57 1.70 1.95 2.26 2.53 2.69 2.69 2.52
 27   2.18 1.72 1.30 1.03 1.04 1.31 1.74 2.26 2.78 3.19 3.44 3.47 3.20 2.74 2.20 1.70 1.38 1.35 1.53 1.86 2.25 2.62 2.83 2.85
 28   2.66 2.27 1.78 1.31 1.01 1.01 1.31 1.77 2.33 2.90 3.31 3.52 3.48 3.14 2.61 2.02 1.51 1.24 1.30 1.58 1.99 2.47 2.86 3.07
 29   3.04 2.76 2.30 1.74 1.26 1.00 1.10 1.48 2.00 2.61 3.14 3.46 3.55 3.40 2.94 2.34 1.72 1.24 1.11 1.31 1.73 2.24 2.77 3.10
 30   3.21 3.05 2.66 2.09 1.50 1.06 0.93 1.15 1.61 2.20 2.84 3.30 3.50 3.45 3.09 2.53 1.87 1.28 0.95 1.02 1.39 1.92 2.52 2.99
 ----------------------------------------------------------------------------------------------------------------------------
                                                                                               
 ----------------------------------------------------------------------------------------------------------------------------
 ----------------------------------------------------------------------------------------------------------------------------
                                                          SURVEY OF INDIA
                                                    MARINE GEODESY WING (G&RB)
                                                     HOURLY HEIGHTS IN METRES
  NAME OF PORT:- OKHA                                                                               MONTH OCTOBER   YEAR 2020
 ----------------------------------------------------------------------------------------------------------------------------
 DAYS 0000 0001 0002 0003 0004 0005 0006 0007 0008 0009 0010 0011 0012 0013 0014 0015 0016 0017 0018 0019 0020 0021 0022 0023
 ----------------------------------------------------------------------------------------------------------------------------
  1   3.23 3.21 2.92 2.43 1.80 1.25 0.95 1.01 1.40 1.93 2.58 3.14 3.43 3.46 3.22 2.69 2.03 1.38 0.91 0.82 1.10 1.60 2.21 2.82
  2   3.20 3.33 3.20 2.75 2.14 1.53 1.08 0.94 1.20 1.68 2.26 2.88 3.30 3.43 3.28 2.82 2.18 1.49 0.91 0.65 0.83 1.29 1.90 2.57
  3   3.08 3.35 3.33 3.02 2.48 1.87 1.33 1.03 1.15 1.54 2.05 2.67 3.15 3.37 3.33 2.98 2.40 1.70 1.04 0.63 0.66 1.05 1.61 2.30
  4   2.94 3.35 3.48 3.34 2.87 2.27 1.67 1.24 1.14 1.41 1.86 2.40 2.97 3.31 3.37 3.16 2.68 2.04 1.35 0.82 0.61 0.84 1.32 1.94
  5   2.66 3.21 3.50 3.50 3.21 2.70 2.13 1.60 1.33 1.39 1.69 2.14 2.67 3.09 3.27 3.20 2.83 2.28 1.61 1.02 0.67 0.69 1.06 1.58
  6   2.26 2.92 3.32 3.49 3.41 3.04 2.52 2.00 1.59 1.45 1.61 1.96 2.41 2.85 3.12 3.16 2.96 2.53 1.95 1.33 0.86 0.70 0.89 1.31
  7   1.90 2.54 3.06 3.35 3.43 3.25 2.85 2.35 1.90 1.59 1.60 1.82 2.15 2.54 2.86 2.98 2.88 2.56 2.10 1.52 1.01 0.73 0.73 1.02
  8   1.50 2.12 2.68 3.08 3.28 3.27 3.00 2.61 2.19 1.84 1.67 1.72 1.93 2.23 2.55 2.76 2.79 2.64 2.32 1.89 1.39 1.01 0.82 0.88
  9   1.20 1.66 2.22 2.68 3.01 3.19 3.21 2.99 2.62 2.22 1.91 1.76 1.80 1.97 2.20 2.44 2.59 2.60 2.47 2.21 1.84 1.43 1.09 0.93
 10   1.00 1.28 1.68 2.16 2.60 2.94 3.15 3.21 3.05 2.75 2.36 2.01 1.81 1.77 1.87 2.04 2.23 2.39 2.47 2.43 2.27 2.00 1.65 1.31
 11   1.10 1.08 1.24 1.58 2.02 2.47 2.85 3.13 3.25 3.15 2.88 2.52 2.14 1.85 1.70 1.72 1.86 2.07 2.31 2.48 2.55 2.50 2.30 1.98
 12   1.60 1.29 1.15 1.23 1.52 1.95 2.43 2.88 3.22 3.40 3.35 3.07 2.66 2.15 1.74 1.53 1.53 1.68 1.95 2.29 2.58 2.71 2.69 2.48
 13   2.12 1.65 1.25 1.02 1.06 1.37 1.82 2.40 2.92 3.32 3.50 3.42 3.05 2.53 1.94 1.45 1.19 1.27 1.57 1.98 2.42 2.78 2.96 2.90
 14   2.62 2.14 1.58 1.09 0.83 0.90 1.30 1.83 2.49 3.09 3.47 3.58 3.40 2.90 2.23 1.57 1.05 0.88 1.10 1.56 2.13 2.72 3.11 3.26
 15   3.16 2.75 2.14 1.47 0.91 0.68 0.88 1.40 2.04 2.78 3.35 3.64 3.64 3.27 2.59 1.80 1.07 0.59 0.59 1.02 1.67 2.38 3.04 3.43
 16   3.49 3.28 2.74 2.02 1.29 0.74 0.61 1.00 1.61 2.32 3.08 3.56 3.72 3.54 2.98 2.15 1.26 0.53 0.21 0.42 1.03 1.80 2.68 3.34
 17   3.66 3.68 3.38 2.72 1.96 1.24 0.78 0.84 1.28 1.93 2.70 3.38 3.76 3.78 3.42 2.73 1.84 0.96 0.30 0.18 0.58 1.30 2.26 3.16
 18   3.80 4.10 4.06 3.60 2.92 2.15 1.47 1.11 1.26 1.73 2.37 3.12 3.68 3.88 3.74 3.25 2.47 1.53 0.67 0.10 0.14 0.67 1.48 2.42
 19   3.30 3.84 4.03 3.92 3.42 2.70 1.98 1.36 1.13 1.35 1.84 2.48 3.16 3.57 3.65 3.41 2.84 2.03 1.13 0.37 0.03 0.19 0.80 1.65
 20   2.56 3.36 3.82 3.98 3.80 3.29 2.63 1.95 1.43 1.25 1.49 1.95 2.54 3.12 3.40 3.36 3.04 2.45 1.69 0.93 0.30 0.07 0.33 0.96
 21   1.75 2.64 3.33 3.73 3.86 3.68 3.21 2.60 2.01 1.55 1.43 1.63 2.02 2.49 2.92 3.12 3.07 2.78 2.26 1.62 0.93 0.47 0.33 0.56
 22   1.10 1.80 2.58 3.18 3.53 3.64 3.49 3.09 2.57 2.05 1.64 1.51 1.64 1.95 2.31 2.64 2.80 2.78 2.57 2.21 1.70 1.18 0.79 0.65
 23   0.85 1.28 1.87 2.50 3.00 3.35 3.48 3.37 3.04 2.59 2.11 1.72 1.55 1.59 1.76 2.02 2.30 2.49 2.55 2.50 2.29 1.97 1.55 1.18
 24   0.97 1.05 1.38 1.84 2.35 2.81 3.13 3.33 3.35 3.14 2.76 2.31 1.89 1.60 1.53 1.61 1.79 2.05 2.32 2.50 2.57 2.49 2.27 1.94
 25   1.55 1.29 1.24 1.42 1.75 2.18 2.62 2.99 3.25 3.35 3.22 2.88 2.41 1.93 1.55 1.39 1.43 1.61 1.91 2.27 2.54 2.70 2.71 2.53
 26   2.18 1.80 1.49 1.33 1.40 1.70 2.10 2.55 2.95 3.22 3.32 3.19 2.83 2.34 1.79 1.37 1.17 1.22 1.48 1.86 2.30 2.64 2.83 2.83
 27   2.64 2.28 1.87 1.51 1.33 1.45 1.75 2.16 2.65 3.06 3.30 3.34 3.11 2.67 2.12 1.55 1.14 1.02 1.19 1.57 2.06 2.54 2.87 3.03
 28   2.94 2.65 2.22 1.74 1.37 1.27 1.46 1.83 2.28 2.78 3.15 3.31 3.24 2.89 2.34 1.70 1.16 0.86 0.91 1.26 1.76 2.32 2.83 3.12
 29   3.18 3.02 2.62 2.11 1.64 1.35 1.37 1.63 2.05 2.58 3.05 3.30 3.33 3.09 2.57 1.96 1.32 0.86 0.74 0.98 1.49 2.10 2.74 3.16
 30   3.35 3.31 2.99 2.48 1.92 1.49 1.31 1.46 1.84 2.35 2.85 3.20 3.32 3.17 2.74 2.14 1.47 0.91 0.65 0.79 1.23 1.82 2.53 3.10
 31   3.41 3.47 3.24 2.74 2.17 1.62 1.29 1.30 1.59 2.05 2.59 3.05 3.25 3.19 2.84 2.29 1.60 0.96 0.55 0.51 0.91 1.47 2.18 2.88
 ----------------------------------------------------------------------------------------------------------------------------
                                                                                               
 ----------------------------------------------------------------------------------------------------------------------------
 ----------------------------------------------------------------------------------------------------------------------------
                                                          SURVEY OF INDIA
                                                    MARINE GEODESY WING (G&RB)
                                                     HOURLY HEIGHTS IN METRES
  NAME OF PORT:- OKHA                                                                               MONTH NOVEMBER  YEAR 2020
 ----------------------------------------------------------------------------------------------------------------------------
 DAYS 0000 0001 0002 0003 0004 0005 0006 0007 0008 0009 0010 0011 0012 0013 0014 0015 0016 0017 0018 0019 0020 0021 0022 0023
 ----------------------------------------------------------------------------------------------------------------------------
  1   3.35 3.54 3.45 3.03 2.47 1.89 1.44 1.26 1.42 1.80 2.29 2.80 3.13 3.18 2.94 2.44 1.80 1.11 0.58 0.41 0.62 1.12 1.80 2.58
  2   3.18 3.51 3.56 3.30 2.80 2.21 1.66 1.30 1.33 1.60 2.02 2.51 2.93 3.06 2.94 2.56 2.00 1.31 0.71 0.37 0.44 0.83 1.44 2.19
  3   2.92 3.40 3.57 3.49 3.10 2.56 2.00 1.55 1.39 1.55 1.89 2.35 2.79 3.04 3.03 2.77 2.32 1.71 1.07 0.62 0.48 0.70 1.20 1.88
  4   2.64 3.25 3.59 3.67 3.43 2.98 2.44 1.91 1.57 1.56 1.78 2.14 2.55 2.89 3.03 2.90 2.55 2.05 1.44 0.91 0.59 0.61 0.95 1.49
  5   2.20 2.91 3.38 3.60 3.59 3.30 2.82 2.28 1.84 1.61 1.68 1.92 2.28 2.66 2.89 2.91 2.72 2.34 1.83 1.29 0.86 0.67 0.82 1.24
  6   1.82 2.54 3.12 3.50 3.63 3.52 3.14 2.66 2.18 1.82 1.69 1.78 2.03 2.35 2.66 2.81 2.75 2.53 2.18 1.74 1.29 0.95 0.87 1.05
  7   1.44 2.04 2.66 3.13 3.43 3.53 3.39 3.05 2.63 2.21 1.91 1.82 1.90 2.10 2.35 2.57 2.68 2.66 2.49 2.19 1.81 1.43 1.17 1.10
  8   1.28 1.65 2.16 2.71 3.13 3.42 3.52 3.40 3.08 2.68 2.29 1.99 1.85 1.86 2.00 2.23 2.46 2.61 2.64 2.53 2.32 2.01 1.68 1.40
  9   1.28 1.39 1.67 2.12 2.64 3.06 3.38 3.53 3.46 3.20 2.79 2.35 1.96 1.73 1.67 1.77 2.00 2.28 2.52 2.67 2.69 2.57 2.33 1.98
 10   1.60 1.40 1.40 1.62 2.02 2.53 2.98 3.32 3.52 3.50 3.24 2.81 2.30 1.81 1.48 1.41 1.55 1.84 2.23 2.62 2.88 2.98 2.89 2.59
 11   2.16 1.72 1.40 1.34 1.53 1.92 2.44 2.96 3.35 3.55 3.53 3.23 2.69 2.09 1.50 1.13 1.09 1.33 1.73 2.27 2.79 3.10 3.23 3.14
 12   2.76 2.23 1.71 1.35 1.25 1.47 1.91 2.48 3.04 3.44 3.60 3.50 3.08 2.44 1.68 1.06 0.71 0.78 1.18 1.76 2.45 3.04 3.41 3.51
 13   3.34 2.85 2.27 1.70 1.30 1.25 1.53 2.00 2.60 3.20 3.57 3.64 3.37 2.77 2.00 1.20 0.58 0.36 0.61 1.22 2.00 2.80 3.43 3.75
 14   3.76 3.44 2.88 2.20 1.60 1.25 1.30 1.66 2.20 2.86 3.41 3.63 3.56 3.12 2.38 1.54 0.73 0.16 0.13 0.56 1.34 2.23 3.10 3.68
 15   3.97 3.95 3.53 2.89 2.16 1.55 1.25 1.40 1.86 2.45 3.10 3.54 3.65 3.43 2.85 2.05 1.16 0.36-0.11 0.03 0.65 1.51 2.48 3.33
 16   3.86 4.08 3.99 3.46 2.75 2.05 1.48 1.28 1.53 2.02 2.60 3.19 3.53 3.51 3.18 2.54 1.72 0.85 0.12-0.18 0.10 0.80 1.69 2.67
 17   3.46 3.91 4.06 3.88 3.35 2.66 1.98 1.46 1.32 1.59 2.08 2.64 3.17 3.42 3.33 2.94 2.30 1.49 0.69 0.11-0.05 0.30 1.00 1.89
 18   2.84 3.56 3.96 4.06 3.82 3.26 2.59 1.94 1.49 1.41 1.68 2.12 2.65 3.09 3.24 3.11 2.75 2.16 1.42 0.73 0.28 0.23 0.61 1.28
 19   2.14 3.02 3.59 3.90 3.95 3.69 3.17 2.54 1.96 1.57 1.55 1.79 2.18 2.61 2.95 3.06 2.96 2.65 2.16 1.55 0.98 0.61 0.58 0.94
 20   1.55 2.34 3.08 3.58 3.85 3.87 3.58 3.10 2.53 2.00 1.66 1.62 1.80 2.11 2.47 2.76 2.88 2.81 2.57 2.21 1.73 1.27 0.97 0.95
 21   1.24 1.74 2.40 3.02 3.45 3.68 3.68 3.44 3.02 2.50 2.01 1.69 1.62 1.74 1.97 2.25 2.52 2.68 2.71 2.59 2.35 1.98 1.59 1.33
 22   1.26 1.46 1.87 2.40 2.92 3.29 3.52 3.55 3.37 3.01 2.52 2.05 1.68 1.53 1.57 1.76 2.02 2.31 2.55 2.69 2.70 2.57 2.30 1.97
 23   1.67 1.55 1.65 1.95 2.35 2.77 3.12 3.35 3.43 3.32 3.00 2.55 2.04 1.63 1.43 1.42 1.58 1.86 2.18 2.50 2.73 2.84 2.80 2.58
 24   2.26 1.93 1.75 1.78 1.99 2.32 2.68 2.99 3.20 3.29 3.19 2.89 2.41 1.92 1.49 1.23 1.21 1.41 1.75 2.15 2.55 2.83 2.97 2.93
 25   2.65 2.28 1.96 1.77 1.75 1.91 2.22 2.59 2.92 3.13 3.19 3.05 2.71 2.21 1.69 1.26 1.05 1.10 1.38 1.80 2.31 2.74 3.01 3.09
 26   2.98 2.66 2.27 1.92 1.73 1.75 1.94 2.24 2.60 2.90 3.04 3.00 2.75 2.34 1.82 1.31 0.93 0.82 1.02 1.44 2.00 2.56 2.96 3.18
 27   3.20 2.95 2.54 2.11 1.77 1.62 1.70 1.98 2.34 2.69 2.92 2.99 2.87 2.53 1.99 1.39 0.89 0.62 0.69 1.06 1.63 2.26 2.81 3.15
 28   3.28 3.16 2.80 2.34 1.90 1.59 1.55 1.71 2.02 2.41 2.76 2.93 2.89 2.59 2.12 1.49 0.89 0.53 0.49 0.80 1.34 2.00 2.69 3.18
 29   3.43 3.44 3.15 2.69 2.18 1.74 1.53 1.60 1.85 2.22 2.61 2.87 2.93 2.74 2.34 1.76 1.12 0.62 0.41 0.59 1.08 1.74 2.52 3.14
 30   3.54 3.68 3.53 3.10 2.57 2.05 1.68 1.61 1.79 2.12 2.52 2.87 3.03 2.95 2.63 2.12 1.46 0.85 0.47 0.48 0.84 1.42 2.18 2.91
 ----------------------------------------------------------------------------------------------------------------------------
                                                                                               
 ----------------------------------------------------------------------------------------------------------------------------
 ----------------------------------------------------------------------------------------------------------------------------
                                                          SURVEY OF INDIA
                                                    MARINE GEODESY WING (G&RB)
                                                     HOURLY HEIGHTS IN METRES
  NAME OF PORT:- OKHA                                                                               MONTH DECEMBER  YEAR 2020
 ----------------------------------------------------------------------------------------------------------------------------
 DAYS 0000 0001 0002 0003 0004 0005 0006 0007 0008 0009 0010 0011 0012 0013 0014 0015 0016 0017 0018 0019 0020 0021 0022 0023
 ----------------------------------------------------------------------------------------------------------------------------
  1   3.44 3.72 3.73 3.42 2.88 2.29 1.80 1.54 1.58 1.86 2.27 2.68 2.93 2.95 2.73 2.26 1.65 0.99 0.50 0.32 0.54 1.05 1.75 2.55
  2   3.20 3.59 3.72 3.56 3.12 2.55 1.98 1.58 1.49 1.66 1.99 2.41 2.79 2.95 2.86 2.52 2.00 1.35 0.75 0.41 0.44 0.80 1.39 2.15
  3   2.90 3.46 3.77 3.79 3.47 2.95 2.37 1.85 1.57 1.60 1.85 2.22 2.61 2.88 2.93 2.75 2.35 1.78 1.15 0.65 0.46 0.62 1.08 1.72
  4   2.50 3.17 3.59 3.77 3.70 3.33 2.77 2.20 1.76 1.59 1.71 2.01 2.39 2.72 2.89 2.84 2.60 2.17 1.61 1.05 0.68 0.61 0.85 1.34
  5   2.00 2.74 3.30 3.64 3.74 3.55 3.12 2.56 2.05 1.68 1.62 1.80 2.10 2.44 2.72 2.82 2.75 2.50 2.10 1.60 1.14 0.85 0.83 1.12
  6   1.62 2.30 2.95 3.44 3.71 3.75 3.50 3.03 2.48 1.99 1.67 1.63 1.78 2.03 2.35 2.61 2.72 2.65 2.41 2.04 1.60 1.20 0.95 0.95
  7   1.24 1.72 2.35 2.93 3.34 3.55 3.54 3.25 2.77 2.24 1.77 1.49 1.44 1.57 1.83 2.16 2.44 2.59 2.59 2.44 2.15 1.77 1.42 1.18
  8   1.15 1.38 1.80 2.34 2.88 3.25 3.46 3.46 3.18 2.71 2.16 1.66 1.33 1.23 1.35 1.61 1.96 2.29 2.52 2.63 2.58 2.36 2.01 1.64
  9   1.36 1.28 1.44 1.79 2.26 2.78 3.17 3.37 3.37 3.09 2.61 2.02 1.49 1.11 1.00 1.13 1.43 1.87 2.31 2.66 2.86 2.89 2.71 2.35
 10   1.94 1.59 1.44 1.55 1.88 2.33 2.81 3.19 3.39 3.37 3.09 2.60 1.97 1.37 0.92 0.77 0.93 1.34 1.88 2.48 2.95 3.21 3.27 3.09
 11   2.70 2.23 1.82 1.60 1.66 1.93 2.34 2.81 3.19 3.37 3.30 2.98 2.41 1.71 1.07 0.60 0.47 0.70 1.23 1.93 2.65 3.18 3.48 3.53
 12   3.31 2.86 2.36 1.91 1.66 1.70 1.98 2.42 2.92 3.29 3.43 3.31 2.86 2.20 1.44 0.74 0.29 0.27 0.63 1.30 2.14 2.90 3.44 3.74
 13   3.78 3.48 2.94 2.35 1.85 1.59 1.66 1.99 2.44 2.91 3.25 3.32 3.11 2.59 1.86 1.05 0.35-0.04 0.06 0.63 1.43 2.32 3.12 3.64
 14   3.90 3.87 3.50 2.90 2.27 1.75 1.52 1.62 1.97 2.46 2.94 3.23 3.23 2.96 2.38 1.60 0.78 0.13-0.19 0.03 0.69 1.58 2.50 3.29
 15   3.76 3.98 3.90 3.44 2.80 2.15 1.64 1.47 1.64 2.05 2.57 3.05 3.30 3.25 2.91 2.29 1.50 0.71 0.10-0.04 0.28 0.96 1.85 2.75
 16   3.48 3.91 4.03 3.82 3.27 2.59 1.94 1.49 1.39 1.61 2.03 2.54 2.98 3.17 3.04 2.64 2.01 1.26 0.54 0.04 0.00 0.40 1.10 1.98
 17   2.88 3.50 3.86 3.91 3.60 3.04 2.37 1.78 1.39 1.36 1.62 2.06 2.57 2.97 3.09 2.94 2.53 1.93 1.22 0.58 0.23 0.28 0.73 1.44
 18   2.30 3.10 3.62 3.90 3.88 3.51 2.90 2.27 1.70 1.40 1.44 1.70 2.13 2.60 2.93 3.01 2.87 2.48 1.92 1.30 0.77 0.52 0.61 1.07
 19   1.76 2.56 3.24 3.66 3.83 3.74 3.34 2.75 2.12 1.60 1.35 1.43 1.71 2.10 2.50 2.76 2.84 2.73 2.41 1.93 1.41 1.02 0.84 0.98
 20   1.40 2.02 2.72 3.28 3.61 3.70 3.53 3.11 2.55 2.01 1.59 1.41 1.48 1.71 2.04 2.39 2.64 2.74 2.67 2.43 2.09 1.70 1.37 1.23
 21   1.38 1.75 2.28 2.86 3.30 3.55 3.59 3.38 2.97 2.45 1.95 1.58 1.42 1.46 1.66 1.95 2.26 2.52 2.67 2.67 2.52 2.26 1.95 1.68
 22   1.56 1.66 1.99 2.42 2.87 3.21 3.40 3.40 3.18 2.80 2.31 1.83 1.48 1.32 1.35 1.54 1.86 2.20 2.51 2.71 2.79 2.71 2.50 2.24
 23   1.98 1.85 1.93 2.17 2.50 2.85 3.11 3.25 3.23 3.03 2.66 2.20 1.75 1.40 1.20 1.23 1.45 1.80 2.21 2.58 2.84 2.95 2.93 2.74
 24   2.48 2.21 2.05 2.08 2.26 2.51 2.79 3.03 3.15 3.13 2.94 2.58 2.12 1.64 1.26 1.08 1.15 1.43 1.86 2.32 2.74 3.03 3.19 3.18
 25   2.95 2.63 2.35 2.17 2.16 2.29 2.50 2.75 2.97 3.08 3.05 2.83 2.45 1.98 1.49 1.14 1.01 1.13 1.48 1.99 2.54 3.00 3.30 3.43
 26   3.34 3.04 2.67 2.34 2.13 2.11 2.25 2.47 2.72 2.93 3.02 2.94 2.68 2.25 1.73 1.24 0.93 0.88 1.12 1.59 2.21 2.80 3.25 3.51
 27   3.55 3.34 2.96 2.55 2.20 2.02 2.03 2.21 2.47 2.73 2.93 2.97 2.79 2.43 1.92 1.37 0.93 0.73 0.84 1.23 1.84 2.52 3.12 3.51
 28   3.69 3.61 3.28 2.85 2.41 2.06 1.93 2.02 2.25 2.54 2.82 2.98 2.90 2.62 2.15 1.56 1.00 0.61 0.53 0.82 1.39 2.10 2.84 3.37
 29   3.66 3.73 3.49 3.05 2.54 2.07 1.79 1.77 1.95 2.26 2.59 2.84 2.91 2.73 2.34 1.80 1.17 0.66 0.41 0.54 1.01 1.65 2.43 3.10
 30   3.54 3.75 3.69 3.31 2.77 2.22 1.82 1.63 1.73 2.02 2.40 2.74 2.93 2.89 2.62 2.14 1.51 0.90 0.45 0.36 0.66 1.22 1.96 2.75
 31   3.40 3.74 3.81 3.57 3.10 2.50 1.97 1.61 1.57 1.79 2.15 2.56 2.90 3.03 2.90 2.50 1.93 1.25 0.67 0.37 0.45 0.87 1.53 2.34
 ----------------------------------------------------------------------------------------------------------------------------
                                                                                               
 ----------------------------------------------------------------------------------------------------------------------------
 ----------------------------------------------------------------------------------------------------------------------------
