                                                          SURVEY OF INDIA
                                                    MARINE GEODESY WING (G&RB)
                                                     HOURLY HEIGHTS IN METRES
  NAME OF PORT:- OKHA                                                                               MONTH JANUARY   YEAR 2021
 ----------------------------------------------------------------------------------------------------------------------------
 DAYS 0000 0001 0002 0003 0004 0005 0006 0007 0008 0009 0010 0011 0012 0013 0014 0015 0016 0017 0018 0019 0020 0021 0022 0023
 ----------------------------------------------------------------------------------------------------------------------------
  1   3.10 3.63 3.85 3.82 3.43 2.87 2.27 1.78 1.55 1.64 1.97 2.39 2.82 3.08 3.07 2.81 2.32 1.69 1.04  .57  .43  .68 1.21 1.95
  2   2.74 3.45 3.80 3.93 3.71 3.23 2.60 2.00 1.58 1.49 1.69 2.07 2.51 2.89 3.06 2.96 2.65 2.15 1.51  .92  .57  .57  .93 1.52
  3   2.24 3.06 3.59 3.86 3.88 3.52 2.98 2.35 1.77 1.43 1.43 1.67 2.09 2.53 2.87 2.99 2.87 2.55 2.00 1.40  .97  .73  .81 1.21
  4   1.78 2.58 3.26 3.68 3.87 3.78 3.35 2.74 2.10 1.59 1.33 1.41 1.71 2.12 2.55 2.85 2.98 2.91 2.60 2.15 1.64 1.22 1.00 1.10
  5   1.52 2.07 2.76 3.34 3.67 3.77 3.58 3.10 2.50 1.88 1.40 1.19 1.30 1.62 2.05 2.46 2.75 2.89 2.84 2.60 2.20 1.75 1.37 1.21
  6   1.32 1.72 2.25 2.87 3.34 3.59 3.65 3.42 2.94 2.32 1.70 1.23 1.05 1.14 1.46 1.87 2.32 2.67 2.89 2.93 2.78 2.45 2.07 1.73
  7   1.52 1.59 1.90 2.33 2.85 3.25 3.48 3.49 3.23 2.76 2.15 1.56 1.10  .89  .97 1.28 1.71 2.23 2.67 2.97 3.11 3.07 2.79 2.42
  8   2.06 1.81 1.81 2.02 2.32 2.73 3.09 3.31 3.33 3.10 2.67 2.09 1.46  .95  .69  .74 1.07 1.56 2.15 2.69 3.09 3.31 3.33 3.10
  9   2.73 2.33 2.01 1.91 2.03 2.28 2.61 2.95 3.13 3.16 2.97 2.54 1.96 1.35  .80  .51  .55  .91 1.47 2.16 2.80 3.26 3.55 3.59
 10   3.36 2.95 2.49 2.10 1.91 1.99 2.22 2.50 2.84 3.07 3.11 2.93 2.49 1.88 1.22  .66  .34  .43  .87 1.52 2.28 3.00 3.49 3.80
 11   3.82 3.49 3.04 2.52 2.07 1.85 1.92 2.16 2.48 2.86 3.09 3.13 2.91 2.45 1.79 1.08  .51  .17  .30  .82 1.60 2.42 3.16 3.64
 12   3.88 3.86 3.48 2.95 2.34 1.84 1.61 1.72 2.02 2.40 2.81 3.05 3.06 2.82 2.29 1.60  .88  .29  .04  .28  .91 1.73 2.60 3.33
 13   3.76 3.96 3.86 3.40 2.78 2.15 1.67 1.50 1.65 2.00 2.46 2.94 3.16 3.10 2.79 2.21 1.50  .79  .25  .13  .51 1.18 2.03 2.91
 14   3.56 3.92 4.03 3.76 3.20 2.55 1.91 1.47 1.39 1.66 2.10 2.61 3.05 3.21 3.10 2.72 2.14 1.40  .71  .28  .30  .74 1.45 2.31
 15   3.14 3.70 3.95 3.94 3.54 2.95 2.27 1.67 1.31 1.36 1.68 2.14 2.67 3.04 3.13 2.98 2.55 1.96 1.26  .65  .37  .53 1.04 1.76
 16   2.58 3.34 3.74 3.89 3.74 3.24 2.60 1.94 1.40 1.18 1.33 1.70 2.20 2.69 2.98 3.03 2.82 2.37 1.78 1.16  .70  .58  .85 1.38
 17   2.08 2.88 3.46 3.76 3.81 3.52 2.98 2.34 1.73 1.32 1.25 1.48 1.87 2.32 2.75 2.98 2.98 2.78 2.35 1.82 1.31  .99  .98 1.29
 18   1.78 2.50 3.15 3.57 3.74 3.64 3.25 2.68 2.03 1.52 1.20 1.21 1.49 1.88 2.33 2.67 2.81 2.79 2.61 2.25 1.81 1.41 1.19 1.24
 19   1.60 2.12 2.74 3.23 3.48 3.55 3.35 2.93 2.37 1.81 1.40 1.20 1.31 1.60 1.97 2.38 2.68 2.80 2.77 2.60 2.28 1.94 1.65 1.54
 20   1.66 2.00 2.45 2.94 3.25 3.41 3.40 3.10 2.65 2.11 1.62 1.29 1.19 1.30 1.58 1.95 2.33 2.61 2.78 2.81 2.71 2.47 2.20 1.97
 21   1.89 2.00 2.26 2.63 2.98 3.19 3.27 3.17 2.90 2.48 2.00 1.57 1.29 1.20 1.32 1.56 1.92 2.30 2.60 2.84 2.93 2.85 2.65 2.40
 22   2.19 2.09 2.15 2.35 2.58 2.84 3.00 3.03 2.91 2.65 2.29 1.86 1.46 1.19 1.11 1.23 1.49 1.87 2.29 2.65 2.92 3.07 3.04 2.85
 23   2.62 2.39 2.25 2.23 2.32 2.45 2.63 2.77 2.81 2.73 2.52 2.20 1.79 1.40 1.09  .99 1.11 1.40 1.81 2.29 2.74 3.05 3.20 3.20
 24   3.00 2.71 2.41 2.21 2.14 2.19 2.30 2.47 2.63 2.69 2.63 2.44 2.12 1.71 1.32 1.01  .91 1.07 1.42 1.93 2.52 2.97 3.29 3.44
 25   3.38 3.10 2.75 2.40 2.14 2.05 2.09 2.23 2.43 2.62 2.72 2.67 2.43 2.06 1.58 1.12  .82  .76 1.00 1.44 2.04 2.68 3.16 3.45
 26   3.53 3.36 3.02 2.60 2.19 1.93 1.86 1.98 2.19 2.45 2.66 2.71 2.59 2.28 1.72 1.25  .79  .53  .58  .97 1.56 2.28 2.90 3.34
 27   3.57 3.57 3.26 2.80 2.30 1.86 1.66 1.71 1.92 2.21 2.55 2.77 2.79 2.56 2.15 1.57 1.00  .57  .41  .62 1.14 1.84 2.60 3.22
 28   3.60 3.73 3.57 3.13 2.58 2.02 1.63 1.54 1.72 2.04 2.45 2.80 2.97 2.87 2.55 2.01 1.38  .78  .40  .38  .75 1.37 2.16 2.93
 29   3.48 3.77 3.79 3.44 2.90 2.28 1.74 1.44 1.50 1.80 2.21 2.68 3.01 3.09 2.90 2.45 1.83 1.14  .55  .27  .44  .98 1.70 2.55
 30   3.28 3.73 3.89 3.74 3.26 2.60 1.96 1.47 1.30 1.50 1.92 2.43 2.92 3.17 3.15 2.89 2.35 1.66  .96  .46  .34  .67 1.29 2.08
 31   2.92 3.56 3.89 3.93 3.57 2.96 2.24 1.58 1.17 1.17 1.52 2.01 2.58 3.04 3.23 3.13 2.79 2.21 1.50  .85  .48  .52  .96 1.64
 ----------------------------------------------------------------------------------------------------------------------------
                                                                                               
 ----------------------------------------------------------------------------------------------------------------------------
 ----------------------------------------------------------------------------------------------------------------------------
                                                          SURVEY OF INDIA
                                                    MARINE GEODESY WING (G&RB)
                                                     HOURLY HEIGHTS IN METRES
  NAME OF PORT:- OKHA                                                                               MONTH FEBRUARY  YEAR 2021
 ----------------------------------------------------------------------------------------------------------------------------
 DAYS 0000 0001 0002 0003 0004 0005 0006 0007 0008 0009 0010 0011 0012 0013 0014 0015 0016 0017 0018 0019 0020 0021 0022 0023
 ----------------------------------------------------------------------------------------------------------------------------
  1   2.00 2.80 3.45 3.78 3.83 3.52 2.95 2.20 1.51  .98  .83 1.08 2.05 2.70 3.09 3.20 3.07 2.66 2.06 1.41  .87  .63  .80 1.32
  2   2.00 2.80 3.45 3.78 3.83 3.52 2.95 2.20 1.51  .98  .83 1.08 1.56 2.15 2.72 3.08 3.18 3.03 2.63 2.10 1.54 1.13  .97 1.18
  3   1.66 2.32 3.06 3.57 3.79 3.71 3.29 2.66 1.97 1.30  .85  .81 1.10 1.60 2.18 2.73 3.05 3.16 3.07 2.73 2.26 1.80 1.45 1.37
  4   1.57 2.00 2.58 3.18 3.56 3.66 3.50 3.05 2.43 1.80 1.14  .76  .77 1.09 1.57 2.15 2.66 2.96 3.09 3.04 2.79 2.41 2.00 1.70
  5   1.62 1.80 2.14 2.60 3.04 3.29 3.31 3.12 2.69 2.12 1.48  .94  .63  .63  .93 1.41 1.98 2.49 2.87 3.10 3.15 2.98 2.67 2.32
  6   2.00 1.89 1.97 2.22 2.54 2.87 3.07 3.11 2.95 2.61 2.10 1.52 1.02  .67  .61  .86 1.30 1.86 2.43 2.92 3.23 3.38 3.32 3.02
  7   2.68 2.31 2.07 2.01 2.12 2.33 2.62 2.84 2.92 2.87 2.63 2.22 1.68 1.14  .73  .57  .73 1.15 1.73 2.38 2.96 3.36 3.59 3.61
  8   3.34 2.94 2.50 2.13 1.96 2.01 2.19 2.43 2.71 2.89 2.91 2.75 2.38 1.87 1.29  .81  .57  .67 1.09 1.70 2.41 3.06 3.52 3.78
  9   3.78 3.45 3.01 2.48 2.01 1.78 1.80 2.03 2.33 2.67 2.92 2.98 2.81 2.42 1.86 1.22  .69  .43  .55 1.05 1.73 2.49 3.16 3.61
 10   3.85 3.82 3.42 2.88 2.28 1.79 1.59 1.68 1.97 2.37 2.79 3.07 3.12 2.92 2.47 1.83 1.14  .61  .39  .62 1.20 1.94 2.75 3.42
 11   3.78 3.95 3.78 3.30 2.66 2.03 1.58 1.43 1.61 2.01 2.48 2.96 3.21 3.19 2.91 2.40 1.72 1.04  .54  .45  .81 1.45 2.26 3.08
 12   3.64 3.94 3.97 3.62 3.06 2.38 1.76 1.36 1.36 1.66 2.13 2.69 3.13 3.29 3.19 2.82 2.24 1.54  .91  .55  .63 1.10 1.81 2.62
 13   3.36 3.81 3.98 3.83 3.34 2.68 1.98 1.45 1.21 1.36 1.76 2.32 2.86 3.21 3.28 3.10 2.66 2.03 1.38  .87  .68  .94 1.51 2.22
 14   3.04 3.60 3.89 3.91 3.54 2.85 2.26 1.62 1.20 1.17 1.46 1.94 2.52 3.04 3.28 3.25 3.00 2.48 1.85 1.28  .91  .91 1.30 1.90
 15   2.62 3.32 3.71 3.83 3.66 3.17 2.53 1.86 1.32 1.06 1.20 1.58 2.12 2.69 3.08 3.23 3.15 2.81 2.30 1.75 1.28 1.10 1.27 1.72
 16   2.30 3.02 3.52 3.71 3.66 3.30 2.75 2.09 1.50 1.10 1.04 1.30 1.73 2.26 2.78 3.06 3.13 3.00 2.63 2.15 1.69 1.39 1.36 1.61
 17   2.06 2.64 3.20 3.50 3.57 3.38 2.95 2.37 1.76 1.29 1.05 1.10 1.47 1.93 2.48 2.89 3.09 3.09 2.92 2.58 2.16 1.80 1.61 1.68
 18   1.98 2.40 2.92 3.29 3.45 3.37 3.07 2.60 2.06 1.53 1.15 1.05 1.21 1.58 2.05 2.53 2.86 3.01 3.02 2.83 2.53 2.20 1.95 1.84
 19   1.92 2.20 2.60 2.98 3.21 3.27 3.13 2.81 2.38 1.86 1.46 1.19 1.15 1.35 1.69 2.13 2.53 2.84 3.05 3.08 2.94 2.71 2.45 2.24
 20   2.17 2.25 2.44 2.70 2.96 3.08 3.09 2.96 2.66 2.26 1.82 1.47 1.25 1.19 1.36 1.68 2.11 2.50 2.81 3.00 3.08 3.00 2.83 2.61
 21   2.39 2.27 2.29 2.39 2.57 2.75 2.84 2.83 2.70 2.47 2.15 1.80 1.48 1.26 1.20 1.36 1.65 2.05 2.45 2.81 3.08 3.23 3.20 3.02
 22   2.75 2.49 2.32 2.25 2.28 2.39 2.53 2.66 2.71 2.65 2.48 2.23 1.90 1.55 1.27 1.15 1.26 1.55 1.97 2.47 2.92 3.25 3.44 3.45
 23   3.22 2.89 2.55 2.26 2.10 2.09 2.20 2.36 2.55 2.68 2.68 2.55 2.30 1.90 1.49 1.15  .99 1.08 1.43 1.93 2.54 3.07 3.45 3.67
 24   3.66 3.34 2.95 2.51 2.14 1.97 2.00 2.17 2.42 2.67 2.83 2.84 2.67 2.34 1.87 1.38 1.00  .83 1.01 1.46 2.05 2.74 3.30 3.65
 25   3.77 3.59 3.19 2.68 2.15 1.80 1.69 1.84 2.12 2.49 2.80 2.97 2.95 2.70 2.26 1.69 1.13  .73  .66  .96 1.54 2.25 2.98 3.50
 26   3.77 3.78 3.44 2.90 2.28 1.75 1.46 1.51 1.82 2.23 2.67 3.01 3.15 3.03 2.63 2.05 1.40  .81  .51  .64 1.13 1.80 2.60 3.30
 27   3.72 3.86 3.70 3.20 2.56 1.89 1.39 1.23 1.47 1.91 2.40 2.88 3.27 3.36 3.07 2.50 1.82 1.13  .57  .42  .72 1.34 2.12 2.96
 28   3.58 3.89 3.89 3.49 2.85 2.12 1.44 1.00 1.04 1.44 2.00 2.66 3.20 3.43 3.34 2.97 2.36 1.64  .93  .48  .49  .95 1.66 2.50
 ----------------------------------------------------------------------------------------------------------------------------
                                                                                               
 ----------------------------------------------------------------------------------------------------------------------------
 ----------------------------------------------------------------------------------------------------------------------------
                                                          SURVEY OF INDIA
                                                    MARINE GEODESY WING (G&RB)
                                                     HOURLY HEIGHTS IN METRES
  NAME OF PORT:- OKHA                                                                               MONTH MARCH     YEAR 2021
 ----------------------------------------------------------------------------------------------------------------------------
 DAYS 0000 0001 0002 0003 0004 0005 0006 0007 0008 0009 0010 0011 0012 0013 0014 0015 0016 0017 0018 0019 0020 0021 0022 0023
 ----------------------------------------------------------------------------------------------------------------------------
  1   3.30 3.77 3.92 3.74 3.16 2.38 1.61  .97  .69  .89 1.43 2.12 2.86 3.33 3.47 3.34 2.88 2.22 1.48  .86  .57  .77 1.34 2.09
  2   2.92 3.59 3.88 3.86 3.41 2.71 1.90 1.15  .63  .55  .92 1.59 2.35 3.05 3.45 3.52 3.35 2.87 2.19 1.50  .99  .86 1.17 1.76
  3   2.50 3.25 3.73 3.85 3.66 3.12 2.35 1.53  .84  .45  .54 1.02 1.72 2.49 3.13 3.45 3.51 3.33 2.84 2.22 1.62 1.22 1.19 1.54
  4   2.08 2.74 3.36 3.67 3.68 3.38 2.80 2.03 1.28  .68  .40  .58 1.13 1.83 2.55 3.13 3.41 3.47 3.29 2.87 2.34 1.85 1.55 1.56
  5   1.86 2.30 2.86 3.33 3.52 3.48 3.15 2.60 1.92 1.24  .73  .55  .76 1.25 1.84 2.50 3.05 3.33 3.47 3.38 3.05 2.63 2.20 1.91
  6   1.87 2.07 2.40 2.82 3.15 3.30 3.23 2.95 2.50 1.92 1.34  .88  .71  .85 1.23 1.78 2.38 2.88 3.22 3.43 3.44 3.20 2.87 2.50
  7   2.16 2.01 2.07 2.30 2.60 2.90 3.07 3.07 2.90 2.60 2.12 1.64 1.19  .92  .95 1.27 1.72 2.26 2.79 3.20 3.49 3.64 3.52 3.22
  8   2.84 2.40 2.15 2.07 2.17 2.37 2.61 2.80 2.91 2.85 2.65 2.30 1.83 1.35  .99  .88 1.07 1.48 2.03 2.61 3.14 3.51 3.71 3.65
  9   3.34 2.90 2.45 2.06 1.88 1.91 2.10 2.36 2.67 2.89 2.95 2.83 2.50 2.03 1.49 1.06  .87  .97 1.38 1.93 2.57 3.15 3.54 3.74
 10   3.68 3.30 2.83 2.28 1.83 1.62 1.69 1.94 2.31 2.71 2.99 3.07 2.93 2.57 2.05 1.48 1.00  .79  .95 1.43 2.08 2.76 3.37 3.75
 11   3.89 3.72 3.28 2.70 2.07 1.62 1.46 1.62 1.98 2.44 2.91 3.21 3.27 3.09 2.63 2.05 1.43  .95  .80 1.06 1.62 2.30 3.04 3.59
 12   3.88 3.91 3.58 3.01 2.34 1.72 1.31 1.27 1.58 2.05 2.59 3.07 3.30 3.28 2.99 2.46 1.82 1.20  .81  .83 1.26 1.87 2.62 3.33
 13   3.74 3.88 3.74 3.26 2.60 1.94 1.39 1.13 1.29 1.74 2.30 2.90 3.30 3.43 3.32 2.91 2.32 1.67 1.11  .88 1.09 1.62 2.30 3.04
 14   3.59 3.83 3.82 3.46 2.85 2.15 1.50 1.05 1.00 1.34 1.89 2.51 3.11 3.41 3.42 3.22 2.73 2.11 1.48 1.06 1.03 1.38 1.98 2.65
 15   3.34 3.76 3.85 3.60 3.11 2.43 1.75 1.17  .94 1.13 1.60 2.20 2.87 3.35 3.55 3.49 3.14 2.58 1.96 1.44 1.20 1.37 1.80 2.40
 16   3.07 3.54 3.71 3.65 3.26 2.65 1.95 1.32  .93  .93 1.28 1.88 2.54 3.13 3.43 3.49 3.31 2.85 2.28 1.74 1.38 1.37 1.68 2.14
 17   2.70 3.26 3.54 3.54 3.28 2.80 2.16 1.53 1.06  .90 1.10 1.57 2.18 2.85 3.29 3.48 3.48 3.18 2.70 2.20 1.75 1.57 1.71 2.07
 18   2.52 3.05 3.43 3.55 3.45 3.05 2.49 1.87 1.33 1.03 1.06 1.39 1.89 2.50 3.07 3.39 3.52 3.44 3.10 2.65 2.21 1.90 1.85 2.03
 19   2.36 2.78 3.20 3.40 3.40 3.14 2.69 2.12 1.57 1.13  .95 1.10 1.49 2.01 2.60 3.05 3.30 3.39 3.23 2.89 2.48 2.11 1.92 1.94
 20   2.15 2.44 2.81 3.09 3.17 3.09 2.79 2.35 1.83 1.37 1.09 1.05 1.26 1.63 2.13 2.65 3.03 3.25 3.32 3.17 2.87 2.55 2.26 2.09
 21   2.12 2.27 2.50 2.79 2.95 2.97 2.83 2.55 2.17 1.74 1.38 1.17 1.15 1.35 1.71 2.20 2.65 2.99 3.20 3.27 3.15 2.92 2.63 2.36
 22   2.20 2.19 2.27 2.43 2.63 2.76 2.78 2.69 2.48 2.17 1.80 1.47 1.28 1.25 1.44 1.76 2.19 2.64 3.00 3.26 3.40 3.34 3.15 2.88
 23   2.56 2.33 2.23 2.23 2.33 2.50 2.65 2.73 2.69 2.51 2.27 1.97 1.65 1.39 1.28 1.37 1.63 2.03 2.50 2.92 3.27 3.46 3.47 3.26
 24   2.92 2.54 2.20 2.01 1.96 2.06 2.23 2.43 2.60 2.66 2.60 2.37 2.06 1.68 1.34 1.13 1.16 1.44 1.86 2.40 2.93 3.30 3.53 3.55
 25   3.29 2.89 2.41 1.99 1.74 1.72 1.88 2.13 2.45 2.71 2.82 2.77 2.53 2.14 1.66 1.23  .97 1.03 1.36 1.85 2.48 3.06 3.47 3.67
 26   3.62 3.24 2.73 2.18 1.71 1.49 1.58 1.87 2.24 2.66 2.96 3.07 3.00 2.67 2.16 1.57 1.08  .86 1.00 1.45 2.06 2.77 3.36 3.71
 27   3.83 3.60 3.09 2.44 1.82 1.36 1.27 1.52 1.95 2.45 2.97 3.28 3.35 3.16 2.67 2.03 1.37  .88  .74 1.02 1.60 2.31 3.07 3.60
 28   3.86 3.84 3.40 2.74 2.00 1.36  .98 1.08 1.51 2.10 2.82 3.37 3.63 3.61 3.26 2.65 1.93 1.28  .86  .91 1.35 2.04 2.84 3.57
 29   3.96 4.06 3.76 3.12 2.32 1.54  .94  .73 1.03 1.65 2.42 3.18 3.69 3.88 3.79 3.32 2.61 1.87 1.23  .91 1.13 1.68 2.40 3.22
 30   3.83 4.05 3.96 3.46 2.70 1.84 1.06  .54  .52 1.02 1.79 2.64 3.40 3.83 3.95 3.77 3.24 2.51 1.80 1.22 1.07 1.42 2.02 2.73
 31   3.48 3.90 3.99 3.72 3.10 2.25 1.40  .69  .33  .50 1.12 1.98 2.85 3.55 3.91 3.98 3.74 3.15 2.45 1.80 1.34 1.34 1.73 2.31
 ----------------------------------------------------------------------------------------------------------------------------
                                                                                               
 ----------------------------------------------------------------------------------------------------------------------------
 ----------------------------------------------------------------------------------------------------------------------------
                                                          SURVEY OF INDIA
                                                    MARINE GEODESY WING (G&RB)
                                                     HOURLY HEIGHTS IN METRES
  NAME OF PORT:- OKHA                                                                               MONTH APRIL     YEAR 2021
 ----------------------------------------------------------------------------------------------------------------------------
 DAYS 0000 0001 0002 0003 0004 0005 0006 0007 0008 0009 0010 0011 0012 0013 0014 0015 0016 0017 0018 0019 0020 0021 0022 0023
 ----------------------------------------------------------------------------------------------------------------------------
  1   3.00 3.60 3.88 3.84 3.44 2.75 1.92 1.11  .50  .28  .58 1.27 2.10 2.96 3.59 3.90 3.94 3.65 3.09 2.45 1.88 1.55 1.61 1.98
  2   2.48 3.07 3.54 3.69 3.57 3.11 2.44 1.65  .92  .41  .34  .72 1.38 2.18 2.97 3.48 3.76 3.80 3.54 3.09 2.54 2.05 1.74 1.78
  3   2.12 2.53 3.02 3.37 3.47 3.29 2.86 2.28 1.61 1.00  .61  .57  .92 1.49 2.20 2.89 3.35 3.60 3.65 3.46 3.08 2.63 2.20 1.91
  4   1.90 2.09 2.40 2.76 3.02 3.09 3.00 2.71 2.26 1.75 1.21  .86  .79 1.06 1.52 2.12 2.72 3.16 3.45 3.57 3.46 3.18 2.77 2.34
  5   2.02 1.89 1.96 2.15 2.42 2.65 2.79 2.79 2.67 2.38 1.97 1.50 1.12  .95 1.05 1.41 1.88 2.43 2.91 3.26 3.50 3.55 3.32 2.94
  6   2.48 2.07 1.83 1.77 1.88 2.10 2.37 2.60 2.73 2.72 2.57 2.27 1.84 1.39 1.11 1.05 1.28 1.68 2.17 2.70 3.13 3.41 3.51 3.33
  7   2.92 2.46 1.95 1.56 1.42 1.51 1.78 2.10 2.43 2.66 2.75 2.69 2.39 1.96 1.49 1.11  .97 1.13 1.53 2.05 2.66 3.10 3.41 3.51
  8   3.32 2.89 2.33 1.76 1.32 1.16 1.31 1.67 2.11 2.53 2.80 2.89 2.79 2.47 2.00 1.47 1.06  .93 1.15 1.60 2.16 2.79 3.22 3.45
  9   3.47 3.15 2.62 2.00 1.41 1.02  .99 1.29 1.73 2.27 2.74 3.00 3.02 2.85 2.44 1.88 1.33  .95  .93 1.24 1.78 2.40 3.00 3.37
 10   3.47 3.35 2.90 2.27 1.60 1.05  .79  .93 1.37 1.91 2.52 2.95 3.13 3.09 2.79 2.26 1.69 1.17  .93 1.05 1.49 2.03 2.66 3.16
 11   3.40 3.33 3.00 2.41 1.73 1.11  .72  .71 1.06 1.60 2.25 2.84 3.19 3.28 3.12 2.67 2.09 1.53 1.11 1.03 1.33 1.83 2.42 3.00
 12   3.34 3.40 3.19 2.68 2.01 1.33  .80  .62  .83 1.33 1.95 2.65 3.17 3.39 3.37 3.03 2.49 1.90 1.37 1.08 1.20 1.61 2.12 2.74
 13   3.20 3.35 3.25 2.82 2.20 1.51  .90  .57  .62 1.03 1.64 2.37 3.00 3.35 3.47 3.31 2.84 2.26 1.70 1.29 1.23 1.52 1.96 2.49
 14   3.00 3.27 3.25 2.96 2.44 1.76 1.09  .62  .51  .79 1.32 2.00 2.69 3.21 3.44 3.45 3.14 2.61 2.04 1.55 1.31 1.44 1.80 2.26
 15   2.80 3.17 3.25 3.11 2.68 2.09 1.42  .88  .60  .70 1.13 1.70 2.42 3.03 3.41 3.54 3.44 3.03 2.49 1.97 1.60 1.52 1.73 2.08
 16   2.56 2.99 3.18 3.13 2.85 2.32 1.72 1.15  .76  .67  .95 1.45 2.09 2.78 3.27 3.52 3.56 3.30 2.87 2.36 1.92 1.69 1.77 2.02
 17   2.45 2.97 3.55 3.79 3.70 2.85 2.05 1.49 1.05  .80  .87 1.20 1.71 2.35 2.93 3.29 3.46 3.44 3.15 2.71 2.27 1.90 1.76 1.87
 18   2.12 2.44 2.74 2.91 2.87 2.65 2.29 1.81 1.35  .99  .87 1.01 1.37 1.88 2.48 2.96 3.30 3.44 3.34 3.04 2.65 2.27 2.01 1.93
 19   2.02 2.20 2.45 2.68 2.79 2.76 2.57 2.25 1.82 1.41 1.13 1.04 1.18 1.53 2.01 2.49 2.91 3.21 3.36 3.31 3.06 2.74 2.38 2.10
 20   1.98 2.03 2.17 2.37 2.57 2.67 2.66 2.53 2.30 1.98 1.66 1.38 1.29 1.39 1.67 2.08 2.54 2.93 3.23 3.43 3.43 3.25 2.90 2.53
 21   2.20 1.99 1.95 2.06 2.22 2.39 2.51 2.59 2.56 2.41 2.13 1.78 1.47 1.29 1.34 1.57 1.91 2.35 2.80 3.18 3.44 3.49 3.33 2.97
 22   2.50 2.10 1.83 1.75 1.83 2.00 2.27 2.52 2.68 2.73 2.63 2.40 2.02 1.65 1.38 1.31 1.49 1.84 2.29 2.81 3.23 3.52 3.59 3.39
 23   2.94 2.42 1.92 1.58 1.47 1.58 1.87 2.25 2.63 2.89 2.97 2.87 2.54 2.10 1.65 1.29 1.22 1.41 1.82 2.34 2.94 3.38 3.62 3.65
 24   3.31 2.75 2.15 1.57 1.22 1.23 1.51 1.96 2.45 2.91 3.19 3.23 3.05 2.61 2.05 1.51 1.15 1.12 1.42 1.92 2.55 3.16 3.58 3.74
 25   3.60 3.09 2.38 1.66 1.06  .79  .96 1.46 2.04 2.70 3.19 3.43 3.45 3.15 2.59 1.92 1.35  .98 1.05 1.49 2.07 2.77 3.38 3.69
 26   3.70 3.35 2.70 1.91 1.13  .57  .44  .83 1.46 2.22 2.98 3.50 3.73 3.70 3.27 2.63 1.93 1.35 1.06 1.25 1.76 2.41 3.10 3.64
 27   3.83 3.69 3.15 2.36 1.50  .71  .22  .31  .86 1.68 2.55 3.32 3.78 3.95 3.81 3.27 2.57 1.86 1.28 1.11 1.43 1.99 2.66 3.32
 28   3.77 3.78 3.46 2.80 1.94 1.05  .33  .06  .29 1.01 1.95 2.86 3.57 3.96 4.08 3.84 3.22 2.48 1.78 1.27 1.25 1.65 2.23 2.87
 29   3.44 3.68 3.57 3.12 2.38 1.50  .66  .04-0.07  .38 1.15 2.07 2.96 3.62 3.96 4.05 3.71 3.10 2.38 1.71 1.33 1.41 1.81 2.35
 30   2.94 3.40 3.51 3.32 2.83 2.09 1.26  .51  .01  .08  .58 1.35 2.24 3.07 3.63 3.91 3.94 3.60 3.03 2.38 1.80 1.46 1.54 1.92
 ----------------------------------------------------------------------------------------------------------------------------
                                                                                               
 ----------------------------------------------------------------------------------------------------------------------------
 ----------------------------------------------------------------------------------------------------------------------------
                                                          SURVEY OF INDIA
                                                    MARINE GEODESY WING (G&RB)
                                                     HOURLY HEIGHTS IN METRES
  NAME OF PORT:- OKHA                                                                               MONTH MAY       YEAR 2021
 ----------------------------------------------------------------------------------------------------------------------------
 DAYS 0000 0001 0002 0003 0004 0005 0006 0007 0008 0009 0010 0011 0012 0013 0014 0015 0016 0017 0018 0019 0020 0021 0022 0023
 ----------------------------------------------------------------------------------------------------------------------------
  1   2.42 2.95 3.29 3.34 3.12 2.66 2.01 1.28  .64  .25  .31  .83 1.54 2.38 3.14 3.63 3.88 3.90 3.54 3.00 2.40 1.86 1.59 1.66
  2   2.00 2.38 2.82 3.09 3.13 2.97 2.60 2.06 1.44  .87  .55  .62 1.05 1.66 2.39 3.06 3.48 3.75 3.78 3.48 3.03 2.50 2.00 1.72
  3   1.73 1.94 2.23 2.56 2.81 2.91 2.82 2.58 2.18 1.67 1.19  .83  .88 1.22 1.72 2.35 2.93 3.35 3.60 3.65 3.49 3.12 2.62 2.14
  4   1.81 1.74 1.84 2.05 2.31 2.59 2.73 2.77 2.69 2.42 2.02 1.59 1.25 1.16 1.35 1.73 2.24 2.79 3.20 3.49 3.61 3.51 3.18 2.73
  5   2.21 1.82 1.60 1.65 1.84 2.09 2.42 2.68 2.81 2.81 2.65 2.33 1.93 1.57 1.40 1.50 1.77 2.18 2.68 3.10 3.40 3.57 3.50 3.19
  6   2.70 2.15 1.67 1.39 1.40 1.61 1.95 2.35 2.69 2.92 2.99 2.88 2.57 2.17 1.76 1.47 1.49 1.77 2.16 2.64 3.09 3.39 3.53 3.49
  7   3.14 2.59 1.99 1.46 1.17 1.23 1.55 1.97 2.44 2.85 3.09 3.15 3.03 2.67 2.20 1.77 1.49 1.54 1.85 2.24 2.75 3.19 3.44 3.53
  8   3.36 2.93 2.34 1.72 1.21 1.03 1.20 1.62 2.13 2.68 3.08 3.29 3.33 3.10 2.66 2.15 1.73 1.53 1.65 1.98 2.42 2.91 3.29 3.46
  9   3.43 3.09 2.57 1.93 1.32  .95  .93 1.26 1.78 2.38 2.95 3.31 3.45 3.40 3.06 2.58 2.08 1.69 1.59 1.77 2.14 2.62 3.09 3.36
 10   3.43 3.21 2.74 2.15 1.50 1.01  .84 1.04 1.50 2.10 2.77 3.28 3.56 3.65 3.43 2.96 2.43 1.95 1.66 1.70 2.00 2.40 2.89 3.30
 11   3.45 3.34 2.94 2.38 1.72 1.13  .77  .83 1.22 1.80 2.50 3.15 3.56 3.72 3.66 3.27 2.75 2.20 1.76 1.63 1.82 2.17 2.62 3.07
 12   3.31 3.28 3.01 2.49 1.86 1.25  .79  .63  .90 1.45 2.13 2.88 3.43 3.72 3.79 3.54 3.06 2.51 1.98 1.66 1.71 2.02 2.41 2.87
 13   3.21 3.35 3.20 2.77 2.18 1.52  .95  .65  .76 1.21 1.84 2.60 3.24 3.65 3.86 3.77 3.37 2.85 2.29 1.83 1.69 1.87 2.21 2.63
 14   3.03 3.25 3.20 2.94 2.45 1.80 1.20  .78  .71 1.02 1.55 2.21 2.93 3.47 3.81 3.89 3.63 3.17 2.61 2.11 1.79 1.80 2.05 2.39
 15   2.80 3.10 3.19 3.05 2.66 2.11 1.50  .98  .73  .83 1.23 1.82 2.52 3.16 3.58 3.79 3.77 3.43 2.97 2.43 1.97 1.78 1.89 2.17
 16   2.56 2.93 3.09 3.05 2.80 2.40 1.85 1.29  .89  .79  .98 1.43 2.06 2.76 3.27 3.59 3.73 3.59 3.23 2.74 2.23 1.91 1.85 2.01
 17   2.29 2.65 2.94 3.08 3.03 2.74 2.32 1.82 1.40 1.10 1.11 1.38 1.83 2.45 3.10 3.57 3.88 3.95 3.72 3.35 2.90 2.45 2.18 2.11
 18   2.29 2.58 2.85 3.05 3.13 3.04 2.79 2.40 1.96 1.53 1.31 1.34 1.59 2.01 2.54 3.09 3.46 3.68 3.70 3.49 3.12 2.62 2.20 1.91
 19   1.85 2.01 2.23 2.47 2.64 2.71 2.66 2.46 2.16 1.78 1.41 1.19 1.23 1.49 1.89 2.41 2.92 3.33 3.62 3.68 3.49 3.15 2.73 2.32
 20   2.04 1.96 2.05 2.27 2.55 2.79 2.93 2.97 2.85 2.59 2.22 1.83 1.56 1.49 1.67 2.01 2.48 2.96 3.33 3.57 3.64 3.44 3.05 2.52
 21   2.00 1.64 1.50 1.60 1.88 2.20 2.52 2.78 2.92 2.91 2.70 2.34 1.97 1.69 1.61 1.73 2.05 2.49 3.00 3.45 3.73 3.81 3.55 3.13
 22   2.51 1.96 1.49 1.36 1.47 1.77 2.17 2.60 2.93 3.11 3.11 2.86 2.48 2.03 1.65 1.46 1.58 1.94 2.44 3.00 3.46 3.68 3.70 3.40
 23   2.78 2.10 1.49 1.05  .99 1.30 1.78 2.32 2.88 3.26 3.46 3.41 3.05 2.52 2.00 1.55 1.39 1.54 1.94 2.46 3.06 3.48 3.65 3.54
 24   3.08 2.39 1.67  .96  .55  .61 1.04 1.70 2.40 3.07 3.46 3.61 3.53 3.12 2.53 1.93 1.46 1.32 1.55 2.01 2.56 3.14 3.49 3.57
 25   3.32 2.75 2.00 1.17  .50  .16  .37  .98 1.77 2.60 3.28 3.69 3.84 3.68 3.19 2.54 1.92 1.43 1.34 1.68 2.18 2.76 3.28 3.56
 26   3.52 3.12 2.52 1.68  .84  .15-0.09  .27 1.02 1.91 2.80 3.48 3.86 3.98 3.76 3.22 2.55 1.90 1.43 1.41 1.78 2.27 2.86 3.34
 27   3.53 3.38 2.91 2.20 1.33  .52-0.09-0.13  .37 1.20 2.14 3.05 3.68 4.05 4.10 3.75 3.17 2.49 1.85 1.43 1.48 1.83 2.32 2.90
 28   3.32 3.45 3.25 2.73 1.96 1.10  .33-0.15-0.05  .53 1.40 2.34 3.17 3.78 4.09 4.09 3.65 3.06 2.36 1.72 1.37 1.49 1.90 2.40
 29   2.90 3.28 3.35 3.10 2.57 1.85 1.05  .37-0.04  .13  .72 1.54 2.44 3.23 3.73 4.00 3.99 3.55 2.94 2.27 1.68 1.40 1.53 1.92
 30   2.42 2.90 3.17 3.18 2.93 2.47 1.79 1.07  .50  .22  .40  .95 1.73 2.57 3.30 3.75 3.94 3.86 3.44 2.87 2.23 1.71 1.48 1.61
 31   1.94 2.35 2.76 2.99 3.04 2.84 2.43 1.88 1.29  .79  .57  .73 1.22 1.90 2.63 3.25 3.65 3.80 3.69 3.29 2.74 2.14 1.64 1.40
 ----------------------------------------------------------------------------------------------------------------------------
                                                                                               
 ----------------------------------------------------------------------------------------------------------------------------
 ----------------------------------------------------------------------------------------------------------------------------
                                                          SURVEY OF INDIA
                                                    MARINE GEODESY WING (G&RB)
                                                     HOURLY HEIGHTS IN METRES
  NAME OF PORT:- OKHA                                                                               MONTH JUNE      YEAR 2021
 ----------------------------------------------------------------------------------------------------------------------------
 DAYS 0000 0001 0002 0003 0004 0005 0006 0007 0008 0009 0010 0011 0012 0013 0014 0015 0016 0017 0018 0019 0020 0021 0022 0023
 ----------------------------------------------------------------------------------------------------------------------------
  1   1.48 1.78 2.10 2.45 2.68 2.76 2.67 2.41 2.01 1.47  .97  .74  .88 1.34 1.93 2.57 3.09 3.43 3.58 3.48 3.11 2.59 2.04 1.55
  2   1.30 1.35 1.57 1.88 2.25 2.53 2.70 2.70 2.54 2.21 1.80 1.39 1.13 1.17 1.52 2.00 2.54 3.01 3.31 3.47 3.39 3.06 2.57 2.02
  3   1.50 1.22 1.18 1.37 1.69 2.06 2.40 2.65 2.75 2.67 2.43 2.05 1.67 1.40 1.41 1.69 2.06 2.50 2.92 3.20 3.35 3.29 3.01 2.50
  4   1.94 1.42 1.09 1.04 1.24 1.57 2.02 2.42 2.70 2.85 2.84 2.65 2.35 1.96 1.65 1.57 1.72 2.05 2.45 2.84 3.11 3.25 3.20 2.89
  5   2.40 1.80 1.28  .93  .87 1.15 1.54 2.03 2.49 2.84 3.03 3.01 2.78 2.40 2.00 1.71 1.64 1.77 2.05 2.42 2.80 3.06 3.15 3.02
  6   2.64 2.08 1.49 1.02  .70  .77 1.13 1.62 2.15 2.66 3.01 3.18 3.13 2.81 2.40 1.98 1.73 1.65 1.79 2.09 2.45 2.80 3.00 3.01
  7   2.80 2.37 1.81 1.24  .79  .63  .83 1.30 1.87 2.49 2.98 3.25 3.33 3.16 2.78 2.33 1.94 1.71 1.73 1.94 2.25 2.62 2.92 3.04
  8   2.92 2.56 2.08 1.49  .96  .64  .64 1.00 1.56 2.24 2.85 3.27 3.46 3.41 3.10 2.66 2.20 1.80 1.64 1.75 2.04 2.38 2.77 3.00
  9   2.99 2.74 2.30 1.74 1.15  .71  .57  .78 1.28 1.96 2.65 3.18 3.47 3.57 3.42 3.02 2.50 2.03 1.70 1.68 1.89 2.19 2.59 2.91
 10   3.03 2.89 2.55 2.03 1.41  .87  .55  .61 1.03 1.64 2.37 3.05 3.50 3.74 3.74 3.40 2.89 2.37 1.93 1.72 1.81 2.09 2.45 2.82
 11   3.08 3.08 2.86 2.41 1.81 1.23  .77  .61  .84 1.38 2.06 2.80 3.39 3.80 3.89 3.70 3.28 2.75 2.22 1.84 1.78 1.96 2.27 2.68
 12   3.00 3.12 3.00 2.67 2.15 1.54 1.01  .71  .76 1.13 1.69 2.44 3.12 3.60 3.86 3.86 3.56 3.08 2.53 2.05 1.76 1.81 2.05 2.41
 13   2.80 3.08 3.08 2.86 2.44 1.88 1.23  .79  .65  .86 1.30 1.90 2.64 3.28 3.69 3.86 3.70 3.32 2.78 2.23 1.79 1.61 1.77 2.09
 14   2.52 2.85 2.97 2.88 2.61 2.20 1.60 1.03  .67  .65  .97 1.48 2.18 2.86 3.36 3.69 3.77 3.52 3.09 2.54 2.01 1.66 1.61 1.81
 15   2.16 2.54 2.83 2.92 2.78 2.48 2.02 1.48 1.01  .74  .79 1.14 1.69 2.36 3.00 3.45 3.66 3.66 3.35 2.86 2.33 1.84 1.57 1.62
 16   1.88 2.23 2.57 2.80 2.87 2.77 2.46 2.01 1.48 1.10  .96 1.10 1.47 2.00 2.64 3.20 3.60 3.77 3.64 3.25 2.74 2.20 1.75 1.54
 17   1.62 1.87 2.20 2.55 2.77 2.85 2.76 2.49 2.10 1.65 1.27 1.09 1.17 1.69 2.25 2.82 3.25 3.57 3.69 3.56 3.14 2.62 2.05 1.56
 18   1.31 1.41 1.67 2.00 2.35 2.62 2.74 2.73 2.55 2.21 1.78 1.41 1.21 1.29 1.65 2.12 2.68 3.16 3.45 3.55 3.40 2.94 2.35 1.74
 19   1.26 1.08 1.17 1.46 1.85 2.30 2.68 2.90 2.95 2.81 2.49 2.06 1.67 1.45 1.49 1.82 2.25 2.75 3.17 3.44 3.51 3.25 2.80 2.21
 20   1.58 1.02  .76  .90 1.28 1.78 2.30 2.74 3.03 3.15 3.06 2.72 2.28 1.88 1.59 1.60 1.85 2.24 2.71 3.11 3.33 3.36 3.14 2.66
 21   2.00 1.30  .75  .55  .69 1.13 1.70 2.33 2.87 3.21 3.35 3.27 2.89 2.43 1.98 1.66 1.61 1.81 2.17 2.62 3.09 3.29 3.27 2.97
 22   2.42 1.70  .97  .40  .21  .48 1.03 1.72 2.48 3.09 3.49 3.64 3.48 3.04 2.54 2.04 1.68 1.62 1.82 2.19 2.69 3.07 3.29 3.23
 23   2.88 2.25 1.50  .75  .20  .06  .40 1.06 1.86 2.73 3.37 3.74 3.83 3.64 3.21 2.62 2.06 1.64 1.59 1.86 2.25 2.72 3.14 3.31
 24   3.20 2.75 2.10 1.28  .53  .01-0.02  .44 1.18 2.04 2.94 3.56 3.92 4.01 3.73 3.17 2.56 1.97 1.56 1.54 1.84 2.27 2.78 3.17
 25   3.28 3.09 2.62 1.94 1.10  .37-0.11-0.04  .48 1.30 2.20 3.04 3.62 3.97 4.03 3.65 3.08 2.40 1.77 1.37 1.43 1.79 2.28 2.78
 26   3.14 3.22 3.00 2.50 1.78  .96  .24-0.15  .03  .62 1.46 2.36 3.14 3.66 3.93 3.92 3.50 2.88 2.18 1.57 1.23 1.37 1.75 2.26
 27   2.80 3.14 3.16 2.90 2.40 1.70  .92  .28-0.01  .22  .84 1.64 2.50 3.23 3.69 3.89 3.81 3.32 2.66 2.00 1.42 1.18 1.36 1.79
 28   2.30 2.79 3.06 3.06 2.78 2.31 1.67  .98  .45  .27  .54 1.14 1.92 2.73 3.37 3.75 3.89 3.70 3.18 2.54 1.87 1.38 1.25 1.46
 29   1.86 2.34 2.79 3.00 3.00 2.78 2.34 1.78 1.18  .74  .63  .92 1.49 2.20 2.92 3.47 3.79 3.83 3.51 3.02 2.40 1.79 1.35 1.27
 30   1.46 1.83 2.28 2.67 2.89 2.92 2.79 2.45 1.98 1.50 1.15 1.06 1.32 1.82 2.43 3.09 3.53 3.75 3.72 3.42 2.91 2.31 1.75 1.37
 ----------------------------------------------------------------------------------------------------------------------------
                                                                                               
 ----------------------------------------------------------------------------------------------------------------------------
 ----------------------------------------------------------------------------------------------------------------------------
                                                          SURVEY OF INDIA
                                                    MARINE GEODESY WING (G&RB)
                                                     HOURLY HEIGHTS IN METRES
  NAME OF PORT:- OKHA                                                                               MONTH JULY      YEAR 2021
 ----------------------------------------------------------------------------------------------------------------------------
 DAYS 0000 0001 0002 0003 0004 0005 0006 0007 0008 0009 0010 0011 0012 0013 0014 0015 0016 0017 0018 0019 0020 0021 0022 0023
 ----------------------------------------------------------------------------------------------------------------------------
  1   1.29 1.47 1.80 2.20 2.56 2.79 2.87 2.81 2.56 2.20 1.78 1.48 1.46 1.70 2.14 2.66 3.12 3.44 3.58 3.52 3.20 2.71 2.14 1.63
  2   1.30 1.24 1.46 1.78 2.18 2.52 2.78 2.94 2.94 2.74 2.42 2.10 1.86 1.83 2.00 2.32 2.72 3.10 3.35 3.45 3.37 3.09 2.61 2.08
  3   1.58 1.25 1.21 1.40 1.72 2.12 2.49 2.79 3.01 3.05 2.88 2.58 2.30 2.07 1.97 2.05 2.26 2.54 2.89 3.11 3.17 3.08 2.82 2.50
  4   2.20 2.02 2.01 2.10 2.22 2.36 2.54 2.72 2.89 3.08 3.18 3.09 2.84 2.52 2.23 2.08 2.13 2.31 2.55 2.81 3.00 3.08 2.97 2.71
  5   2.32 1.83 1.37 1.06  .99 1.24 1.64 2.18 2.70 3.06 3.29 3.37 3.20 2.87 2.50 2.21 2.05 2.09 2.25 2.48 2.75 2.92 2.95 2.83
  6   2.52 2.08 1.60 1.17  .92  .99 1.34 1.83 2.40 2.92 3.30 3.49 3.49 3.22 2.83 2.43 2.11 2.01 2.08 2.27 2.51 2.77 2.93 2.94
  7   2.74 2.35 1.87 1.35  .94  .84  .97 1.41 2.02 2.67 3.18 3.52 3.65 3.52 3.18 2.74 2.29 1.92 1.86 2.03 2.28 2.58 2.84 2.95
  8   2.87 2.57 2.14 1.60 1.09  .76  .77 1.11 1.65 2.34 2.97 3.40 3.64 3.71 3.46 3.03 2.54 2.11 1.87 1.89 2.08 2.35 2.66 2.89
  9   2.94 2.75 2.35 1.84 1.29  .83  .63  .76 1.21 1.87 2.62 3.23 3.59 3.75 3.66 3.30 2.78 2.27 1.86 1.71 1.85 2.14 2.49 2.83
 10   2.99 2.90 2.62 2.15 1.52  .96  .60  .55  .88 1.45 2.18 2.90 3.40 3.70 3.74 3.48 3.02 2.44 1.96 1.65 1.67 1.90 2.22 2.62
 11   2.89 2.97 2.80 2.40 1.82 1.20  .68  .42  .56 1.04 1.72 2.46 3.14 3.58 3.79 3.68 3.28 2.75 2.16 1.70 1.51 1.67 2.00 2.38
 12   2.79 3.02 2.97 2.71 2.26 1.58  .92  .51  .47  .79 1.38 2.08 2.82 3.36 3.74 3.84 3.56 3.02 2.42 1.86 1.47 1.43 1.67 2.06
 13   2.52 2.88 3.00 2.87 2.53 1.99 1.35  .81  .50  .55  .96 1.54 2.30 3.06 3.54 3.76 3.68 3.35 2.76 2.12 1.56 1.31 1.40 1.72
 14   2.14 2.62 2.91 3.00 2.84 2.45 1.94 1.34  .86  .67  .86 1.35 2.01 2.72 3.36 3.75 3.87 3.66 3.18 2.53 1.88 1.43 1.31 1.51
 15   1.89 2.30 2.74 2.98 3.01 2.84 2.44 1.88 1.38 1.00  .87 1.07 1.56 2.20 2.90 3.40 3.68 3.73 3.41 2.86 2.24 1.65 1.17 1.12
 16   1.45 1.84 2.26 2.67 2.90 2.97 2.84 2.47 1.98 1.47 1.15 1.13 1.37 1.82 2.40 3.03 3.46 3.66 3.62 3.20 2.63 1.97 1.37 1.01
 17   1.00 1.29 1.69 2.18 2.60 2.86 2.95 2.84 2.55 2.14 1.70 1.37 1.31 1.54 1.98 2.52 3.05 3.37 3.52 3.40 2.95 2.33 1.67 1.10
 18    .78  .85 1.18 1.64 2.16 2.60 2.90 3.06 3.05 2.75 2.38 1.98 1.66 1.58 1.77 2.13 2.58 3.02 3.26 3.34 3.16 2.76 2.17 1.53
 19    .94  .62  .65 1.00 1.48 2.06 2.56 2.94 3.16 3.23 3.04 2.69 2.26 1.91 1.75 1.86 2.12 2.47 2.82 3.05 3.11 2.97 2.58 2.02
 20   1.38  .80  .45  .46  .80 1.33 1.96 2.57 3.06 3.35 3.44 3.28 2.91 2.49 2.07 1.82 1.84 2.03 2.34 2.68 2.92 3.03 2.91 2.57
 21   2.06 1.41  .80  .37  .35  .66 1.22 1.91 2.60 3.12 3.50 3.64 3.48 3.08 2.58 2.10 1.78 1.73 1.93 2.22 2.58 2.88 3.00 2.90
 22   2.55 2.01 1.34  .66  .17  .13  .52 1.17 1.95 2.72 3.29 3.63 3.76 3.56 3.10 2.50 1.95 1.56 1.54 1.78 2.15 2.56 2.92 3.06
 23   2.92 2.55 1.95 1.16  .45-0.02  .00  .44 1.16 2.01 2.82 3.43 3.78 3.88 3.56 2.98 2.35 1.75 1.37 1.41 1.71 2.15 2.64 3.02
 24   3.13 2.97 2.54 1.87 1.06  .34-0.07  .06  .60 1.37 2.25 3.05 3.58 3.86 3.82 3.40 2.78 2.08 1.46 1.13 1.28 1.68 2.18 2.71
 25   3.08 3.17 2.95 2.48 1.76  .96  .28-0.05  .20  .84 1.66 2.54 3.26 3.70 3.90 3.76 3.28 2.60 1.87 1.27 1.06 1.31 1.77 2.31
 26   2.84 3.17 3.19 2.97 2.41 1.71  .97  .40  .20  .54 1.20 2.00 2.83 3.45 3.82 3.91 3.62 3.04 2.32 1.63 1.11 1.00 1.32 1.83
 27   2.40 2.94 3.18 3.13 2.88 2.36 1.70 1.04  .59  .52  .91 1.58 2.35 3.10 3.65 3.91 3.89 3.51 2.87 2.17 1.57 1.14 1.18 1.56
 28   2.06 2.59 3.02 3.22 3.18 2.90 2.38 1.81 1.28  .93  .99 1.40 2.02 2.76 3.40 3.80 3.94 3.74 3.28 2.60 1.90 1.34 1.09 1.24
 29   1.60 2.10 2.60 2.96 3.13 3.11 2.82 2.35 1.85 1.40 1.18 1.36 1.77 2.29 2.94 3.44 3.68 3.69 3.39 2.87 2.20 1.57 1.12 1.01
 30   1.25 1.63 2.12 2.59 2.88 3.01 2.97 2.71 2.32 1.89 1.53 1.41 1.58 1.94 2.42 2.95 3.30 3.45 3.36 3.04 2.53 1.94 1.36 1.01
 31    .96 1.22 1.60 2.08 2.50 2.80 2.93 2.93 2.74 2.43 2.08 1.79 1.69 1.84 2.12 2.54 2.92 3.15 3.21 3.09 2.80 2.33 1.80 1.32
 ----------------------------------------------------------------------------------------------------------------------------
                                                                                               
 ----------------------------------------------------------------------------------------------------------------------------
 ----------------------------------------------------------------------------------------------------------------------------
                                                          SURVEY OF INDIA
                                                    MARINE GEODESY WING (G&RB)
                                                     HOURLY HEIGHTS IN METRES
  NAME OF PORT:- OKHA                                                                               MONTH AUGUST    YEAR 2021
 ----------------------------------------------------------------------------------------------------------------------------
 DAYS 0000 0001 0002 0003 0004 0005 0006 0007 0008 0009 0010 0011 0012 0013 0014 0015 0016 0017 0018 0019 0020 0021 0022 0023
 ----------------------------------------------------------------------------------------------------------------------------
  1   1.04 1.04 1.28 1.65 2.10 2.49 2.80 2.94 2.96 2.83 2.56 2.23 2.00 1.92 2.00 2.24 2.54 2.79 2.98 3.00 2.88 2.58 2.16 1.70
  2   1.30 1.05 1.06 1.30 1.65 2.09 2.52 2.86 3.11 3.16 3.02 2.77 2.50 2.24 2.09 2.12 2.27 2.45 2.66 2.78 2.81 2.69 2.46 2.12
  3   1.70 1.30 1.04 1.03 1.24 1.59 2.04 2.49 2.88 3.14 3.27 3.17 2.90 2.57 2.26 2.05 2.00 2.09 2.23 2.42 2.56 2.62 2.56 2.36
  4   2.03 1.63 1.22  .94  .89 1.11 1.50 2.04 2.56 3.00 3.28 3.37 3.21 2.89 2.52 2.15 1.90 1.84 1.94 2.10 2.34 2.52 2.61 2.56
  5   2.31 1.95 1.48 1.06  .80  .82 1.10 1.54 2.13 2.74 3.18 3.46 3.48 3.23 2.83 2.40 2.00 1.78 1.74 1.90 2.14 2.42 2.65 2.72
  6   2.63 2.38 1.87 1.34  .88  .64  .67 1.16 1.75 2.42 3.04 3.42 3.60 3.52 3.18 2.70 2.21 1.78 1.59 1.69 1.95 2.28 2.60 2.81
  7   2.79 2.57 2.17 1.62 1.06  .61  .51  .80 1.35 2.04 2.77 3.30 3.63 3.69 3.45 2.99 2.44 1.91 1.53 1.50 1.72 2.07 2.49 2.84
  8   2.96 2.86 2.56 2.03 1.41  .82  .48  .55  .98 1.63 2.39 3.09 3.54 3.77 3.72 3.32 2.74 2.14 1.60 1.36 1.52 1.88 2.29 2.77
  9   3.07 3.09 2.88 2.40 1.77 1.10  .58  .42  .68 1.26 1.99 2.80 3.41 3.76 3.84 3.58 3.06 2.40 1.76 1.32 1.30 1.60 2.04 2.56
 10   3.04 3.24 3.16 2.81 2.27 1.55  .88  .47  .50  .92 1.58 2.36 3.15 3.66 3.87 3.79 3.34 2.72 2.01 1.38 1.07 1.22 1.65 2.18
 11   2.77 3.19 3.27 3.09 2.69 2.05 1.36  .77  .50  .68 1.22 1.92 2.72 3.38 3.76 3.84 3.60 3.06 2.34 1.62 1.07  .94 1.24 1.76
 12   2.34 2.93 3.24 3.27 3.06 2.59 1.94 1.30  .82  .67  .98 1.57 2.26 3.00 3.52 3.76 3.70 3.30 2.64 1.90 1.20  .79  .83 1.23
 13   1.81 2.44 2.94 3.20 3.18 2.92 2.44 1.84 1.28  .92  .92 1.26 1.83 2.52 3.16 3.52 3.60 3.41 2.86 2.15 1.42  .83  .58  .79
 14   1.30 1.86 2.47 2.92 3.11 3.09 2.85 2.39 1.85 1.38 1.13 1.21 1.60 2.10 2.73 3.23 3.47 3.45 3.12 2.56 1.87 1.17  .65  .54
 15    .82 1.32 1.90 2.47 2.87 3.07 3.11 2.92 2.52 2.06 1.64 1.42 1.46 1.80 2.24 2.74 3.12 3.24 3.18 2.86 2.30 1.64  .99  .54
 16    .45  .74 1.20 1.76 2.32 2.74 3.04 3.14 3.02 2.69 2.30 1.92 1.67 1.70 1.91 2.24 2.64 2.93 3.06 3.00 2.73 2.28 1.68 1.00
 17    .55  .64 1.20 1.76 2.32 2.74 3.04 3.14 3.02 2.69 2.30 1.92 1.67 1.70 1.91 2.24 2.64 2.93 3.06 3.00 2.73 2.28 1.88 1.46
 18   1.10  .75  .55  .61 1.00 1.52 2.14 2.71 3.15 3.46 3.55 3.34 2.94 2.48 2.06 1.82 1.82 1.98 2.23 2.52 2.77 2.88 2.79 2.50
 19   2.00 1.40  .84  .47  .49  .84 1.40 2.06 2.72 3.24 3.58 3.71 3.49 3.05 2.53 2.00 1.65 1.61 1.80 2.08 2.46 2.78 2.94 2.90
 20   2.61 2.10 1.45  .83  .41  .38  .76 1.36 2.10 2.82 3.37 3.68 3.77 3.50 3.00 2.38 1.78 1.40 1.36 1.61 2.00 2.44 2.83 3.01
 21   2.95 2.63 2.06 1.36  .68  .24  .26  .70 1.38 2.17 2.94 3.45 3.72 3.75 3.38 2.80 2.10 1.50 1.14 1.22 1.58 2.06 2.58 2.99
 22   3.17 3.04 2.62 1.98 1.22  .54  .22  .32  .86 1.60 2.44 3.16 3.62 3.82 3.72 3.20 2.53 1.84 1.25  .99 1.18 1.62 2.17 2.76
 23   3.16 3.27 3.05 2.54 1.86 1.10  .54  .29  .56 1.18 1.97 2.82 3.44 3.75 3.82 3.52 2.92 2.18 1.50 1.00  .94 1.28 1.84 2.46
 24   3.04 3.30 3.28 2.99 2.46 1.75 1.05  .59  .54  .95 1.63 2.41 3.15 3.63 3.81 3.71 3.26 2.59 1.86 1.21  .86 1.01 1.48 2.06
 25   2.71 3.19 3.36 3.29 2.92 2.33 1.67 1.11  .81  .93 1.42 2.07 2.81 3.43 3.75 3.78 3.49 2.93 2.23 1.53 1.01  .89 1.17 1.70
 26   2.31 2.89 3.25 3.35 3.23 2.81 2.23 1.65 1.21 1.08 1.35 1.85 2.47 3.14 3.57 3.71 3.60 3.20 2.57 1.87 1.27  .91  .97 1.35
 27   1.87 2.51 3.00 3.27 3.30 3.13 2.71 2.20 1.75 1.44 1.43 1.71 2.16 2.76 3.27 3.54 3.56 3.34 2.87 2.25 1.61 1.14  .98 1.14
 28   1.57 2.09 2.65 3.06 3.25 3.27 3.07 2.67 2.23 1.84 1.65 1.73 2.03 2.45 2.93 3.27 3.39 3.32 3.01 2.53 1.96 1.43 1.07 1.01
 29   1.25 1.69 2.27 2.71 3.05 3.21 3.21 3.01 2.67 2.27 1.99 1.86 1.95 2.21 2.56 2.93 3.13 3.17 3.02 2.71 2.28 1.80 1.38 1.14
 30   1.16 1.42 1.79 2.28 2.67 2.96 3.13 3.13 2.95 2.69 2.38 2.08 2.02 2.09 2.27 2.53 2.78 2.91 2.91 2.76 2.51 2.13 1.69 1.35
 31   1.17 1.20 1.43 1.80 2.22 2.59 2.89 3.09 3.14 3.01 2.78 2.49 2.23 2.07 2.07 2.17 2.33 2.49 2.60 2.62 2.57 2.40 2.12 1.77
 ----------------------------------------------------------------------------------------------------------------------------
                                                                                               
 ----------------------------------------------------------------------------------------------------------------------------
 ----------------------------------------------------------------------------------------------------------------------------
                                                          SURVEY OF INDIA
                                                    MARINE GEODESY WING (G&RB)
                                                     HOURLY HEIGHTS IN METRES
  NAME OF PORT:- OKHA                                                                               MONTH SEPT      YEAR 2021
 ----------------------------------------------------------------------------------------------------------------------------
 DAYS 0000 0001 0002 0003 0004 0005 0006 0007 0008 0009 0010 0011 0012 0013 0014 0015 0016 0017 0018 0019 0020 0021 0022 0023
 ----------------------------------------------------------------------------------------------------------------------------
  1   1.40 1.20 1.19 1.39 1.69 2.06 2.45 2.80 3.07 3.20 3.11 2.85 2.57 2.28 2.07 1.99 2.01 2.15 2.31 2.45 2.53 2.55 2.43 2.17
  2   1.78 1.45 1.18 1.10 1.24 1.52 1.97 2.47 2.90 3.21 3.36 3.30 3.05 2.71 2.35 2.05 1.90 1.93 2.05 2.26 2.49 2.67 2.66 2.49
  3   2.21 1.85 1.48 1.16 1.01 1.16 1.54 2.04 2.59 3.07 3.43 3.55 3.43 3.08 2.64 2.17 1.86 1.74 1.83 2.05 2.34 2.61 2.76 2.77
  4   2.54 2.17 1.73 1.27  .90  .81 1.09 1.57 2.17 2.79 3.29 3.56 3.62 3.41 2.97 2.45 1.96 1.64 1.62 1.84 2.16 2.52 2.81 2.94
  5   2.86 2.60 2.16 1.59 1.07  .75  .79 1.17 1.77 2.45 3.07 3.49 3.67 3.64 3.23 2.66 2.06 1.58 1.37 1.50 1.87 2.29 2.75 3.05
  6   3.10 2.95 2.56 1.97 1.33  .81  .58  .78 1.31 2.01 2.76 3.35 3.66 3.74 3.48 2.95 2.27 1.64 1.24 1.19 1.51 2.00 2.51 3.03
  7   3.25 3.24 2.94 2.39 1.68 1.02  .60  .56  .97 1.59 2.33 3.07 3.57 3.77 3.67 3.17 2.46 1.76 1.16  .87 1.07 1.57 2.17 2.77
  8   3.21 3.37 3.27 2.83 2.17 1.45  .84  .54  .71 1.24 1.95 2.73 3.39 3.74 3.79 3.49 2.83 2.07 1.35  .82  .77 1.16 1.79 2.48
  9   3.09 3.45 3.54 3.30 2.80 2.11 1.42  .89  .71 1.03 1.65 2.38 3.14 3.61 3.80 3.69 3.16 2.43 1.61  .93  .56  .71 1.24 1.97
 10   2.71 3.29 3.58 3.60 3.26 2.68 2.00 1.38  .97 1.03 1.43 2.09 2.81 3.45 3.76 3.78 3.47 2.85 2.04 1.25  .65  .48  .80 1.45
 11   2.16 2.89 3.36 3.58 3.56 3.18 2.64 2.01 1.48 1.20 1.35 1.80 2.36 3.01 3.49 3.66 3.58 3.13 2.44 1.67  .96  .51  .52  .93
 12   1.53 2.27 2.93 3.37 3.56 3.53 3.19 2.66 2.13 1.67 1.50 1.67 2.04 2.54 3.07 3.40 3.47 3.29 2.86 2.21 1.49  .88  .54  .62
 13   1.04 1.61 2.29 2.88 3.28 3.47 3.46 3.17 2.71 2.24 1.85 1.70 1.84 2.15 2.53 2.91 3.13 3.17 3.00 2.63 2.03 1.43  .89  .60
 14    .63 1.06 1.61 2.19 2.71 3.11 3.36 3.42 3.23 2.87 2.45 2.07 1.84 1.89 2.07 2.31 2.60 2.82 2.89 2.79 2.49 2.07 1.53 1.03
 15    .65  .61  .93 1.37 1.93 2.46 2.93 3.26 3.45 3.38 3.07 2.69 2.26 1.96 1.84 1.91 2.09 2.33 2.59 2.76 2.84 2.73 2.39 2.00
 16   1.54 1.13  .91 1.00 1.34 1.84 2.43 2.97 3.37 3.65 3.72 3.47 3.05 2.55 2.11 1.82 1.77 1.91 2.14 2.47 2.77 2.93 2.91 2.69
 17   2.28 1.77 1.27  .95  .93 1.21 1.71 2.33 2.94 3.41 3.71 3.80 3.57 3.10 2.53 1.97 1.60 1.55 1.73 2.05 2.47 2.87 3.09 3.09
 18   2.85 2.42 1.86 1.27  .84  .77 1.07 1.65 2.31 3.00 3.49 3.77 3.79 3.45 2.89 2.23 1.62 1.25 1.28 1.59 2.07 2.60 3.03 3.24
 19   3.20 2.89 2.37 1.72 1.11  .73  .77 1.19 1.82 2.55 3.24 3.65 3.79 3.67 3.20 2.51 1.83 1.26 1.03 1.20 1.66 2.23 2.83 3.23
 20   3.38 3.27 2.86 2.25 1.55  .97  .72  .90 1.45 2.13 2.91 3.47 3.75 3.77 3.50 2.89 2.17 1.48  .98  .91 1.26 1.81 2.45 3.07
 21   3.41 3.49 3.28 2.75 2.07 1.40  .91  .82 1.16 1.79 2.49 3.19 3.59 3.73 3.63 3.13 2.44 1.69 1.04  .72  .91 1.39 2.03 2.71
 22   3.24 3.45 3.42 3.08 2.47 1.78 1.17  .85  .96 1.43 2.03 2.75 3.28 3.51 3.49 3.09 2.50 1.76 1.05  .60  .61 1.02 1.62 2.31
 23   2.95 3.31 3.41 3.26 2.77 2.11 1.51 1.05  .97 1.24 1.79 2.39 3.01 3.37 3.45 3.25 2.75 2.06 1.34  .77  .55  .77 1.29 1.95
 24   2.61 3.15 3.39 3.40 3.11 2.59 1.99 1.47 1.20 1.26 1.66 2.15 2.76 3.22 3.40 3.32 2.97 2.38 1.71 1.10  .62  .61 1.05 1.62
 25   2.26 2.95 3.33 3.48 3.39 2.98 2.44 1.93 1.53 1.42 1.60 1.97 2.47 2.95 3.24 3.28 3.09 2.64 2.05 1.45  .95  .76  .93 1.35
 26   1.93 2.59 3.09 3.39 3.46 3.30 2.90 2.43 1.98 1.69 1.69 1.91 2.25 2.69 3.04 3.17 3.10 2.80 2.35 1.81 1.30  .95  .90 1.13
 27   1.56 2.15 2.73 3.11 3.30 3.33 3.13 2.75 2.35 1.99 1.81 1.84 2.05 2.35 2.71 2.92 2.95 2.81 2.48 2.07 1.61 1.16  .93  .99
 28   1.31 1.75 2.29 2.76 3.08 3.27 3.26 3.05 2.74 2.37 2.09 1.94 1.99 2.15 2.39 2.61 2.77 2.77 2.64 2.39 2.03 1.63 1.33 1.16
 29   1.23 1.47 1.85 2.30 2.74 3.03 3.22 3.22 3.07 2.79 2.48 2.24 2.08 2.05 2.16 2.33 2.53 2.69 2.70 2.56 2.35 2.09 1.79 1.53
 30   1.37 1.38 1.58 1.93 2.31 2.71 3.04 3.27 3.32 3.20 2.95 2.67 2.44 2.26 2.18 2.20 2.31 2.45 2.61 2.71 2.72 2.62 2.40 2.14
 ----------------------------------------------------------------------------------------------------------------------------
                                                                                               
 ----------------------------------------------------------------------------------------------------------------------------
 ----------------------------------------------------------------------------------------------------------------------------
                                                          SURVEY OF INDIA
                                                    MARINE GEODESY WING (G&RB)
                                                     HOURLY HEIGHTS IN METRES
  NAME OF PORT:- OKHA                                                                               MONTH OCTOBER   YEAR 2021
 ----------------------------------------------------------------------------------------------------------------------------
 DAYS 0000 0001 0002 0003 0004 0005 0006 0007 0008 0009 0010 0011 0012 0013 0014 0015 0016 0017 0018 0019 0020 0021 0022 0023
 ----------------------------------------------------------------------------------------------------------------------------
  1   1.82 1.59 1.49 1.57 1.81 2.19 2.59 2.99 3.30 3.50 3.50 3.25 2.91 2.52 2.19 1.98 1.94 2.01 2.19 2.43 2.64 2.77 2.74 2.56
  2   2.26 1.92 1.58 1.37 1.39 1.63 2.02 2.51 2.98 3.35 3.55 3.53 3.25 2.83 2.34 1.91 1.66 1.65 1.82 2.08 2.43 2.73 2.88 2.85
  3   2.63 2.23 1.77 1.34 1.08 1.14 1.47 1.99 2.59 3.13 3.47 3.59 3.47 3.07 2.51 1.93 1.47 1.30 1.44 1.79 2.18 2.63 3.09 3.25
  4   3.05 2.56 2.05 1.47 1.02  .85 1.09 1.56 2.16 2.83 3.32 3.59 3.63 3.31 2.74 2.05 1.43 1.03 1.05 1.39 1.91 2.47 2.98 3.24
  5   3.26 3.02 2.53 1.89 1.27  .88  .87 1.23 1.79 2.49 3.19 3.62 3.75 3.60 3.07 2.33 1.61 1.01  .75  .97 1.53 2.17 2.86 3.34
  6   3.51 3.42 3.03 2.39 1.70 1.09  .77  .91 1.40 2.06 2.82 3.43 3.71 3.69 3.27 2.59 1.79 1.01  .50  .50  .95 1.62 2.40 3.14
  7   3.52 3.64 3.47 2.93 2.21 1.49  .95  .81 1.12 1.69 2.38 3.11 3.57 3.69 3.49 2.87 2.07 1.23  .53  .22  .48 1.11 1.92 2.76
  8   3.41 3.74 3.78 3.46 2.83 2.11 1.45 1.03 1.07 1.48 2.07 2.77 3.41 3.69 3.65 3.23 2.52 1.67  .85  .27  .18  .61 1.33 2.21
  9   3.05 3.63 3.91 3.90 3.47 2.84 2.13 1.53 1.21 1.37 1.82 2.41 3.09 3.55 3.68 3.51 2.99 2.23 1.39  .64  .19  .28  .79 1.59
 10   2.45 3.25 3.71 3.93 3.86 3.41 2.79 2.17 1.66 1.46 1.67 2.08 2.62 3.19 3.48 3.51 3.25 2.72 1.99 1.23  .58  .28  .45 1.01
 11   1.74 2.57 3.27 3.65 3.81 3.73 3.33 2.80 2.25 1.81 1.67 1.85 2.20 2.62 3.05 3.26 3.25 2.97 2.51 1.88 1.22  .71  .51  .69
 12   1.16 1.85 2.49 3.19 3.58 3.74 3.68 3.33 2.89 2.39 1.98 1.84 1.96 2.20 2.52 2.86 3.03 3.02 2.83 2.49 1.99 1.46 1.02  .80
 13    .91 1.29 1.85 2.49 3.00 3.39 3.61 3.61 3.39 3.01 2.56 2.14 1.92 1.92 2.04 2.27 2.55 2.75 2.85 2.82 2.62 2.27 1.84 1.40
 14   1.11 1.09 1.37 1.78 2.30 2.81 3.20 3.49 3.61 3.49 3.17 2.71 2.25 1.90 1.76 1.80 1.97 2.20 2.48 2.70 2.80 2.78 2.56 2.19
 15   1.76 1.38 1.23 1.34 1.66 2.09 2.61 3.08 3.43 3.65 3.62 3.33 2.87 2.33 1.86 1.61 1.59 1.75 2.03 2.40 2.75 2.97 3.02 2.88
 16   2.51 2.05 1.60 1.34 1.33 1.61 2.02 2.55 3.07 3.44 3.64 3.65 3.31 2.80 2.17 1.63 1.34 1.33 1.59 1.98 2.45 2.87 3.12 3.17
 17   3.00 2.59 2.09 1.57 1.25 1.28 1.59 2.05 2.63 3.19 3.51 3.64 3.54 3.11 2.49 1.83 1.27 1.03 1.16 1.57 2.09 2.67 3.09 3.30
 18   3.27 2.97 2.49 1.91 1.39 1.14 1.27 1.69 2.20 2.81 3.27 3.52 3.53 3.27 2.71 2.02 1.35  .89  .82 1.14 1.66 2.30 2.92 3.31
 19   3.43 3.31 2.91 2.31 1.73 1.27 1.15 1.39 1.85 2.44 3.05 3.42 3.52 3.38 2.92 2.26 1.55  .94  .63  .77 1.25 1.88 2.61 3.17
 20   3.45 3.47 3.21 2.69 2.07 1.51 1.17 1.21 1.59 2.09 2.70 3.21 3.45 3.40 3.04 2.45 1.75 1.06  .59  .56  .92 1.53 2.23 2.96
 21   3.40 3.57 3.49 3.08 2.47 1.88 1.39 1.20 1.41 1.85 2.38 2.94 3.28 3.31 3.10 2.60 1.92 1.20  .63  .39  .58 1.11 1.81 2.57
 22   3.19 3.49 3.56 3.33 2.81 2.20 1.65 1.28 1.29 1.61 2.04 2.57 3.01 3.17 3.07 2.71 2.15 1.45  .81  .43  .44  .83 1.45 2.19
 23   2.90 3.37 3.57 3.53 3.14 2.57 2.01 1.55 1.38 1.56 1.93 2.39 2.85 3.11 3.10 2.86 2.39 1.77 1.11  .62  .45  .69 1.23 1.91
 24   2.63 3.23 3.53 3.61 3.39 2.93 2.39 1.91 1.57 1.57 1.81 2.17 2.63 2.96 3.07 2.93 2.55 2.04 1.40  .86  .57  .62 1.00 1.56
 25   2.25 2.90 3.34 3.53 3.50 3.17 2.69 2.19 1.81 1.65 1.74 2.02 2.38 2.77 2.98 2.98 2.76 2.36 1.83 1.29  .88  .73  .89 1.30
 26   1.89 2.55 3.09 3.39 3.51 3.38 3.03 2.57 2.13 1.83 1.76 1.88 2.12 2.44 2.71 2.83 2.76 2.50 2.13 1.65 1.21  .93  .88 1.11
 27   1.50 2.07 2.65 3.07 3.31 3.38 3.21 2.85 2.44 2.07 1.84 1.79 1.90 2.10 2.34 2.55 2.62 2.53 2.32 2.01 1.61 1.27 1.06 1.05
 28   1.29 1.65 2.15 2.63 2.99 3.21 3.28 3.09 2.79 2.44 2.10 1.89 1.83 1.89 2.03 2.23 2.39 2.47 2.46 2.32 2.08 1.77 1.49 1.29
 29   1.27 1.47 1.79 2.23 2.65 2.99 3.22 3.31 3.19 2.94 2.57 2.23 1.98 1.87 1.85 1.95 2.13 2.31 2.45 2.53 2.49 2.33 2.11 1.85
 30   1.58 1.47 1.57 1.81 2.13 2.55 2.92 3.21 3.36 3.32 3.09 2.71 2.31 1.95 1.72 1.65 1.75 1.93 2.20 2.44 2.59 2.64 2.55 2.32
 31   1.99 1.67 1.47 1.46 1.67 1.99 2.43 2.87 3.19 3.37 3.37 3.12 2.70 2.21 1.75 1.48 1.44 1.60 1.90 2.28 2.64 2.86 2.93 2.83
 ----------------------------------------------------------------------------------------------------------------------------
                                                                                               
 ----------------------------------------------------------------------------------------------------------------------------
 ----------------------------------------------------------------------------------------------------------------------------
                                                          SURVEY OF INDIA
                                                    MARINE GEODESY WING (G&RB)
                                                     HOURLY HEIGHTS IN METRES
  NAME OF PORT:- OKHA                                                                               MONTH NOVEMBER  YEAR 2021
 ----------------------------------------------------------------------------------------------------------------------------
 DAYS 0000 0001 0002 0003 0004 0005 0006 0007 0008 0009 0010 0011 0012 0013 0014 0015 0016 0017 0018 0019 0020 0021 0022 0023
 ----------------------------------------------------------------------------------------------------------------------------
  1   2.51 2.12 1.73 1.48 1.48 1.66 2.05 2.57 3.05 3.39 3.53 3.46 3.09 2.54 1.93 1.43 1.17 1.21 1.53 1.97 2.50 2.94 3.18 3.23
  2   3.02 2.57 2.09 1.63 1.35 1.40 1.71 2.17 2.75 3.25 3.53 3.59 3.35 2.81 2.11 1.44  .94  .79 1.07 1.58 2.21 2.84 3.28 3.47
  3   3.43 3.07 2.53 1.93 1.43 1.20 1.35 1.78 2.31 2.95 3.43 3.63 3.55 3.08 2.39 1.63  .93  .53  .60 1.06 1.74 2.51 3.19 3.59
  4   3.76 3.61 3.11 2.45 1.83 1.33 1.20 1.49 1.99 2.61 3.24 3.60 3.63 3.35 2.73 1.92 1.11  .45  .23  .49 1.16 1.99 2.85 3.53
  5   3.88 3.95 3.64 3.06 2.36 1.72 1.32 1.36 1.75 2.29 2.94 3.45 3.67 3.55 3.09 2.36 1.50  .69  .02  .08  .57 1.37 2.31 3.20
  6   3.79 4.08 4.08 3.63 2.99 2.30 1.71 1.40 1.55 1.99 2.57 3.17 3.57 3.62 3.39 2.83 2.07 1.00  .17-0.06  .17  .77 1.67 2.63
  7   3.45 3.97 4.21 4.11 3.61 2.96 2.27 1.73 1.53 1.73 2.15 2.70 3.25 3.52 3.51 3.20 2.60 1.80  .98  .33  .06  .32  .99 1.87
  8   2.79 3.57 3.99 4.16 4.02 3.51 2.87 2.23 1.73 1.60 1.83 2.23 2.75 3.20 3.40 3.33 2.99 2.45 1.71  .98  .42  .26  .56 1.19
  9   2.03 2.91 3.55 3.91 4.05 3.85 3.39 2.79 2.19 1.74 1.63 1.85 2.19 2.61 2.99 3.13 3.08 2.81 2.35 1.75 1.11  .66  .53  .81
 10   1.36 2.10 2.87 3.43 3.76 3.87 3.71 3.29 2.77 2.23 1.81 1.69 1.81 2.07 2.39 2.70 2.86 2.87 2.71 2.37 1.89 1.37  .95  .81
 11   1.01 1.46 2.05 2.71 3.19 3.53 3.69 3.59 3.26 2.79 2.27 1.83 1.64 1.67 1.85 2.11 2.41 2.62 2.74 2.71 2.53 2.20 1.78 1.40
 12   1.16 1.23 1.57 2.03 2.58 3.05 3.39 3.57 3.57 3.25 2.81 2.30 1.84 1.55 1.48 1.58 1.82 2.15 2.47 2.70 2.82 2.78 2.54 2.17
 13   1.77 1.49 1.45 1.65 1.99 2.45 2.91 3.25 3.45 3.51 3.29 2.87 2.31 1.77 1.38 1.25 1.33 1.61 1.99 2.41 2.76 2.95 2.99 2.79
 14   2.41 2.00 1.65 1.51 1.63 1.93 2.35 2.79 3.15 3.35 3.40 3.19 2.75 2.17 1.59 1.16 1.01 1.14 1.50 1.97 2.49 2.89 3.11 3.15
 15   2.92 2.52 2.06 1.67 1.51 1.61 1.91 2.31 2.77 3.11 3.28 3.28 2.99 2.48 1.85 1.25  .87  .82 1.07 1.53 2.13 2.70 3.11 3.29
 16   3.27 2.97 2.48 2.01 1.64 1.52 1.69 2.03 2.45 2.93 3.22 3.33 3.19 2.77 2.17 1.54 1.01  .74  .83 1.25 1.83 2.50 3.07 3.39
 17   3.50 3.33 2.89 2.41 1.93 1.64 1.62 1.85 2.20 2.67 3.07 3.24 3.20 2.88 2.40 1.75 1.13  .71  .61  .91 1.45 2.15 2.84 3.31
 18   3.54 3.55 3.27 2.79 2.25 1.81 1.59 1.69 1.97 2.37 2.84 3.13 3.22 3.04 2.59 2.00 1.33  .81  .57  .72 1.20 1.85 2.62 3.27
 19   3.67 3.81 3.69 3.26 2.73 2.21 1.85 1.79 1.99 2.31 2.75 3.16 3.34 3.25 2.87 2.35 1.70 1.07  .70  .69 1.05 1.65 2.41 3.14
 20   3.63 3.89 3.91 3.56 3.05 2.47 1.99 1.73 1.80 2.07 2.43 2.86 3.13 3.15 2.93 2.48 1.87 1.22  .73  .56  .77 1.27 1.97 2.73
 21   3.37 3.75 3.88 3.66 3.27 2.71 2.17 1.77 1.67 1.89 2.21 2.61 2.98 3.12 3.03 2.70 2.18 1.54  .95  .61  .63  .98 1.58 2.33
 22   3.05 3.57 3.80 3.78 3.48 3.01 2.45 1.97 1.72 1.78 2.03 2.42 2.81 3.05 3.07 2.85 2.36 1.75 1.25  .85  .69  .88 1.35 1.99
 23   2.75 3.37 3.71 3.84 3.69 3.27 2.76 2.24 1.86 1.75 1.89 2.15 2.51 2.84 2.98 2.89 2.61 2.16 1.63 1.13  .80  .80 1.10 1.61
 24   2.30 2.99 3.47 3.74 3.79 3.52 3.09 2.59 2.13 1.85 1.83 1.99 2.27 2.59 2.84 2.90 2.75 2.43 2.01 1.52 1.13  .94 1.00 1.34
 25   1.86 2.51 3.07 3.45 3.64 3.58 3.27 2.83 2.34 1.93 1.74 1.77 1.97 2.24 2.51 2.67 2.67 2.51 2.24 1.86 1.45 1.15 1.03 1.16
 26   1.49 2.03 2.63 3.15 3.47 3.61 3.49 3.16 2.74 2.25 1.89 1.74 1.79 1.96 2.18 2.43 2.59 2.64 2.53 2.26 1.96 1.65 1.37 1.24
 27   1.35 1.69 2.15 2.71 3.13 3.42 3.55 3.44 3.13 2.69 2.25 1.89 1.70 1.70 1.85 2.07 2.33 2.56 2.67 2.65 2.52 2.27 1.97 1.68
 28   1.51 1.57 1.84 2.25 2.71 3.13 3.41 3.53 3.47 3.24 2.83 2.25 1.84 1.61 1.57 1.70 1.95 2.27 2.59 2.79 2.87 2.78 2.54 2.23
 29   1.89 1.67 1.65 1.87 2.21 2.65 3.09 3.39 3.53 3.43 3.11 2.65 2.13 1.65 1.37 1.31 1.48 1.80 2.24 2.65 2.95 3.08 3.03 2.77
 30   2.38 2.01 1.74 1.68 1.87 2.21 2.65 3.09 3.36 3.48 3.36 2.96 2.41 1.79 1.26  .95  .97 1.29 1.76 2.33 2.87 3.20 3.36 3.31
 ----------------------------------------------------------------------------------------------------------------------------
                                                                                               
 ----------------------------------------------------------------------------------------------------------------------------
 ----------------------------------------------------------------------------------------------------------------------------
                                                          SURVEY OF INDIA
                                                    MARINE GEODESY WING (G&RB)
                                                     HOURLY HEIGHTS IN METRES
  NAME OF PORT:- OKHA                                                                               MONTH DECEMBER  YEAR 2021
 ----------------------------------------------------------------------------------------------------------------------------
 DAYS 0000 0001 0002 0003 0004 0005 0006 0007 0008 0009 0010 0011 0012 0013 0014 0015 0016 0017 0018 0019 0020 0021 0022 0023
 ----------------------------------------------------------------------------------------------------------------------------
  1   2.97 2.50 2.07 1.77 1.73 1.95 2.29 2.75 3.19 3.45 3.52 3.31 2.81 2.15 1.47  .94  .69  .85 1.29 1.91 2.63 3.19 3.55 3.69
  2   3.55 3.15 2.65 2.13 1.80 1.76 2.01 2.37 2.87 3.31 3.52 3.49 3.13 2.53 1.81 1.09  .57  .44  .76 1.37 2.19 2.99 3.59 3.93
  3   4.02 3.77 3.31 2.73 2.17 1.85 1.88 2.17 2.59 3.11 3.51 3.65 3.50 3.02 2.33 1.49  .74  .23  .23  .69 1.45 2.34 3.21 3.79
  4   4.10 4.13 3.73 3.17 2.53 1.99 1.70 1.81 2.17 2.63 3.17 3.53 3.58 3.29 2.73 1.96 1.10  .38  .04  .19  .85 1.71 2.67 3.47
  5   4.01 4.24 4.17 3.69 3.07 2.39 1.83 1.62 1.80 2.19 2.70 3.21 3.47 3.43 3.09 2.48 1.66  .83  .16-0.08  .25  .97 1.89 2.83
  6   3.62 4.09 4.27 4.13 3.59 2.93 2.25 1.75 1.58 1.81 2.23 2.75 3.23 3.45 3.39 3.02 2.41 1.61  .80  .21  .05  .44 1.15 2.05
  7   2.97 3.67 4.05 4.19 3.99 3.46 2.78 2.13 1.65 1.56 1.80 2.21 2.71 3.16 3.34 3.24 2.90 2.32 1.57  .87  .37  .30  .68 1.37
  8   2.19 3.07 3.67 4.05 4.15 3.87 3.32 2.68 2.06 1.64 1.57 1.79 2.16 2.60 2.99 3.14 3.09 2.81 2.32 1.70 1.09  .68  .61  .95
  9   1.56 2.37 3.12 3.67 3.95 4.01 3.73 3.21 2.57 1.95 1.53 1.45 1.63 1.97 2.36 2.71 2.89 2.89 2.73 2.34 1.84 1.35  .98  .91
 10   1.19 1.73 2.41 3.09 3.55 3.78 3.80 3.52 3.05 2.45 1.91 1.50 1.39 1.52 1.80 2.16 2.53 2.77 2.85 2.79 2.58 2.19 1.78 1.43
 11   1.30 1.49 1.91 2.47 3.05 3.45 3.65 3.69 3.47 3.03 2.48 1.93 1.51 1.35 1.41 1.67 2.03 2.41 2.73 2.92 2.99 2.86 2.56 2.19
 12   1.86 1.70 1.81 2.13 2.55 3.01 3.33 3.51 3.55 3.37 2.97 2.43 1.88 1.46 1.25 1.29 1.55 1.92 2.38 2.78 3.06 3.19 3.13 2.87
 13   2.50 2.15 1.97 2.01 2.23 2.53 2.89 3.19 3.37 3.41 3.23 2.87 2.35 1.83 1.38 1.16 1.22 1.51 1.95 2.47 2.93 3.23 3.39 3.34
 14   3.05 2.67 2.30 2.08 2.07 2.24 2.51 2.84 3.13 3.26 3.26 3.08 2.72 2.13 1.59 1.16  .98 1.11 1.49 2.01 2.61 3.07 3.37 3.50
 15   3.39 3.07 2.69 2.33 2.09 2.08 2.25 2.50 2.83 3.09 3.20 3.14 2.87 2.42 1.87 1.33  .96  .89 1.13 1.60 2.22 2.85 3.33 3.62
 16   3.67 3.48 3.10 2.66 2.28 2.07 2.09 2.28 2.54 2.88 3.10 3.16 3.02 2.65 2.16 1.59 1.09  .83  .91 1.31 1.89 2.59 3.19 3.57
 17   3.77 3.73 3.41 2.98 2.53 2.11 1.96 2.06 2.31 2.59 2.91 3.05 3.02 2.79 2.35 1.81 1.25  .88  .79 1.04 1.55 2.22 2.93 3.48
 18   3.81 3.91 3.69 3.29 2.79 2.32 2.03 2.00 2.16 2.46 2.80 3.04 3.11 2.97 2.61 2.09 1.51 1.03  .77  .85 1.27 1.85 2.60 3.28
 19   3.75 3.98 3.89 3.53 3.03 2.53 2.13 1.94 2.03 2.27 2.60 2.95 3.13 3.08 2.83 2.41 1.84 1.27  .87  .76 1.04 1.57 2.27 3.03
 20   3.63 3.95 4.04 3.79 3.35 2.81 2.30 1.99 1.94 2.13 2.45 2.83 3.11 3.19 3.03 2.66 2.13 1.55 1.01  .75  .84 1.28 1.91 2.68
 21   3.41 3.87 4.08 4.01 3.61 3.11 2.55 2.09 1.88 1.97 2.25 2.59 2.96 3.14 3.10 2.85 2.44 1.89 1.29  .89  .78 1.04 1.57 2.27
 22   3.07 3.65 3.97 4.06 3.84 3.40 2.85 2.30 1.91 1.83 2.02 2.33 2.73 3.03 3.14 3.02 2.71 2.25 1.67 1.18  .90  .94 1.33 1.91
 23   2.61 3.33 3.77 4.01 3.99 3.65 3.13 2.56 2.06 1.81 1.87 2.11 2.45 2.80 3.00 3.03 2.87 2.53 2.05 1.52 1.13  .98 1.15 1.59
 24   2.18 2.91 3.49 3.86 3.99 3.83 3.43 2.87 2.21 1.87 1.75 1.88 2.15 2.50 2.82 2.98 2.97 2.81 2.46 2.01 1.54 1.23 1.15 1.39
 25   1.83 2.45 3.11 3.59 3.85 3.89 3.63 3.17 2.63 2.07 1.73 1.66 1.82 2.11 2.45 2.74 2.89 2.90 2.75 2.43 2.03 1.63 1.38 1.35
 26   1.60 2.03 2.61 3.19 3.58 3.79 3.77 3.45 2.99 2.42 1.93 1.60 1.56 1.73 2.01 2.34 2.64 2.83 2.88 2.78 2.53 2.18 1.83 1.60
 27   1.58 1.81 2.21 2.73 3.23 3.55 3.69 3.60 3.27 2.77 2.21 1.67 1.38 1.33 1.53 1.85 2.23 2.59 2.83 2.96 2.91 2.66 2.33 2.00
 28   1.74 1.74 1.95 2.28 2.71 3.12 3.39 3.48 3.39 3.03 2.50 1.89 1.39 1.11 1.09 1.32 1.67 2.12 2.56 2.89 3.09 3.13 2.93 2.60
 29   2.25 1.96 1.88 2.03 2.32 2.70 3.07 3.32 3.39 3.27 2.89 2.32 1.71 1.16  .86  .85 1.13 1.55 2.11 2.65 3.09 3.35 3.42 3.23
 30   2.86 2.44 2.10 1.96 2.06 2.31 2.62 2.97 3.19 3.23 3.07 2.67 2.08 1.45  .87  .49  .51  .86 1.41 2.10 2.78 3.25 3.54 3.63
 31   3.37 2.94 2.49 2.09 1.91 2.01 2.25 2.57 2.91 3.15 3.20 2.99 2.57 1.93 1.21  .62  .27  .32  .79 1.49 2.29 3.05 3.54 3.85
 ----------------------------------------------------------------------------------------------------------------------------
                                                                                               
 ----------------------------------------------------------------------------------------------------------------------------
 ----------------------------------------------------------------------------------------------------------------------------
