                                                          SURVEY OF INDIA
                                                    MARINE GEODESY WING (G&RB)
                                                     HOURLY HEIGHTS IN METRES
  NAME OF PORT:- OKHA                                                                               MONTH JANUARY   YEAR 2022
 ----------------------------------------------------------------------------------------------------------------------------
 DAYS 0000 0001 0002 0003 0004 0005 0006 0007 0008 0009 0010 0011 0012 0013 0014 0015 0016 0017 0018 0019 0020 0021 0022 0023
 ----------------------------------------------------------------------------------------------------------------------------
  1   3.89 3.57 3.10 2.55 2.09 1.84 1.92 2.16 2.52 2.93 3.19 3.23 3.00 2.50 1.84 1.06 0.42 0.07 0.22 0.78 1.58 2.47 3.24 3.75
  2   4.05 4.06 3.66 3.10 2.50 1.98 1.75 1.86 2.17 2.59 3.03 3.28 3.30 3.01 2.46 1.70 0.92 0.27-0.02 0.20 0.86 1.71 2.65 3.65
  3   4.10 4.25 4.08 3.60 2.97 2.30 1.80 1.62 1.78 2.13 2.62 3.10 3.36 3.36 3.00 2.43 1.64 0.83 0.20-0.03 0.29 1.01 1.93 2.87
  4   3.65 4.06 4.24 4.04 3.47 2.80 2.13 1.61 1.48 1.70 2.13 2.69 3.18 3.41 3.33 2.94 2.32 1.55 0.77 0.21 0.12 0.56 1.30 2.21
  5   3.11 3.81 4.20 4.30 3.95 3.35 2.63 1.94 1.48 1.41 1.75 2.23 2.78 3.21 3.42 3.31 2.95 2.31 1.54 0.84 0.35 0.37 0.82 1.56
  6   2.43 3.33 3.88 4.15 4.14 3.73 3.09 2.37 1.70 1.30 1.34 1.67 2.17 2.70 3.10 3.26 3.14 2.79 2.23 1.58 0.99 0.64 0.73 1.21
  7   1.93 2.75 3.51 3.95 4.14 4.03 3.56 2.91 2.21 1.61 1.27 1.33 1.60 2.05 2.57 2.93 3.10 3.03 2.76 2.30 1.77 1.30 1.04 1.13
  8   1.53 2.15 2.87 3.49 3.79 3.89 3.68 3.22 2.60 1.94 1.41 1.16 1.23 1.54 1.98 2.44 2.79 2.95 2.96 2.77 2.41 1.97 1.58 1.38
  9   1.47 1.85 2.37 2.98 3.43 3.65 3.68 3.41 2.96 2.37 1.78 1.32 1.10 1.17 1.47 1.88 2.33 2.68 2.90 2.96 2.84 2.56 2.23 1.91
 10   1.71 1.78 2.05 2.45 2.92 3.24 3.40 3.36 3.10 2.71 2.16 1.62 1.23 1.06 1.13 1.40 1.78 2.23 2.60 2.85 3.00 2.98 2.76 2.48
 11   2.18 2.00 2.03 2.24 2.52 2.81 3.04 3.14 3.11 2.90 2.55 2.10 1.62 1.23 1.02 1.08 1.36 1.75 2.21 2.62 2.94 3.13 3.15 2.97
 12   2.66 2.37 2.19 2.15 2.26 2.42 2.64 2.84 2.93 2.90 2.74 2.43 2.01 1.57 1.20 1.01 1.06 1.35 1.76 2.27 2.74 3.10 3.30 3.35
 13   3.14 2.84 2.52 2.27 2.18 2.24 2.38 2.56 2.75 2.85 2.83 2.66 2.36 1.94 1.48 1.10 0.94 1.07 1.42 1.90 2.50 2.98 3.34 3.52
 14   3.51 3.24 2.90 2.54 2.26 2.15 2.20 2.33 2.50 2.68 2.79 2.75 2.53 2.19 1.72 1.28 0.96 0.89 1.09 1.50 2.11 2.73 3.22 3.55
 15   3.69 3.52 3.17 2.76 2.38 2.10 2.02 2.11 2.28 2.51 2.72 2.80 2.73 2.46 2.05 1.54 1.10 0.84 0.88 1.21 1.73 2.39 3.03 3.48
 16   3.76 3.75 3.48 3.05 2.57 2.16 1.94 1.95 2.12 2.38 2.67 2.90 2.94 2.76 2.37 1.88 1.30 0.88 0.73 0.96 1.44 2.04 2.72 3.30
 17   3.70 3.87 3.73 3.30 2.80 2.29 1.94 1.80 1.93 2.18 2.50 2.80 3.00 2.94 2.63 2.17 1.60 1.05 0.71 0.72 1.10 1.64 2.38 3.04
 18   3.57 3.86 3.88 3.59 3.09 2.55 2.04 1.74 1.76 1.99 2.32 2.71 3.00 3.04 2.84 2.46 1.93 1.31 0.82 0.61 0.79 1.27 1.94 2.70
 19   3.33 3.74 3.89 3.76 3.33 2.78 2.20 1.74 1.60 1.67 2.09 2.50 2.89 3.08 3.03 2.74 2.24 1.69 1.07 0.68 0.66 0.98 1.56 2.33
 20   3.07 3.62 3.94 3.95 3.60 3.07 2.46 1.90 1.56 1.56 1.87 2.29 2.72 3.04 3.10 2.91 2.54 2.01 1.40 0.90 0.66 0.82 1.31 1.94
 21   2.71 3.38 3.80 3.98 3.82 3.36 2.73 2.12 1.65 1.45 1.62 1.99 2.45 2.88 3.12 3.11 2.88 2.48 1.94 1.36 0.94 0.85 1.14 1.66
 22   2.35 3.14 3.70 3.98 3.99 3.68 3.10 2.45 1.86 1.43 1.37 1.68 2.11 2.60 2.94 3.06 2.99 2.74 2.30 1.79 1.29 0.98 1.04 1.41
 23   1.99 2.71 3.31 3.68 3.78 3.62 3.16 2.52 1.88 1.33 1.06 1.21 1.61 2.07 2.57 2.90 3.04 2.97 2.70 2.28 1.80 1.40 1.20 1.32
 24   1.73 2.32 2.98 3.50 3.76 3.77 3.48 2.95 2.30 1.66 1.20 1.06 1.24 1.64 2.11 2.60 2.91 3.06 3.04 2.81 2.43 2.02 1.67 1.51
 25   1.66 2.03 2.55 3.11 3.49 3.65 3.57 3.23 2.68 2.02 1.41 0.99 0.92 1.17 1.56 2.05 2.52 2.86 3.04 3.09 2.93 2.61 2.24 1.94
 26   1.82 1.94 2.23 2.64 3.06 3.33 3.44 3.32 2.93 2.39 1.76 1.22 0.85 0.78 1.01 1.41 1.91 2.41 2.81 3.08 3.22 3.10 2.82 2.48
 27   2.14 1.99 2.04 2.26 2.54 2.88 3.11 3.18 3.08 2.73 2.23 1.65 1.11 0.74 0.62 0.81 1.23 1.76 2.34 2.84 3.19 3.40 3.38 3.10
 28   2.72 2.34 2.12 2.07 2.21 2.43 2.72 2.95 3.06 3.00 2.73 2.31 1.74 1.16 0.72 0.52 0.67 1.08 1.66 2.33 2.94 3.40 3.66 3.67
 29   3.37 2.98 2.54 2.17 2.01 2.06 2.28 2.55 2.83 3.01 2.98 2.78 2.35 1.76 1.11 0.60 0.35 0.48 0.96 1.62 2.38 3.07 3.56 3.85
 30   3.86 3.54 3.06 2.53 2.08 1.86 1.91 2.15 2.48 2.83 3.06 3.08 2.89 2.43 1.78 1.09 0.52 0.24 0.42 0.96 1.70 2.55 3.28 3.77
 31   4.05 4.00 3.60 3.03 2.41 1.88 1.66 1.78 2.10 2.53 2.96 3.23 3.26 3.02 2.50 1.80 1.03 0.40 0.12 0.37 1.01 1.83 2.71 3.44
 ----------------------------------------------------------------------------------------------------------------------------
                                                                                                
 ----------------------------------------------------------------------------------------------------------------------------
 ----------------------------------------------------------------------------------------------------------------------------
                                                          SURVEY OF INDIA
                                                    MARINE GEODESY WING (G&RB)
                                                     HOURLY HEIGHTS IN METRES
  NAME OF PORT:- OKHA                                                                               MONTH FEBRUARY  YEAR 2022
 ----------------------------------------------------------------------------------------------------------------------------
 DAYS 0000 0001 0002 0003 0004 0005 0006 0007 0008 0009 0010 0011 0012 0013 0014 0015 0016 0017 0018 0019 0020 0021 0022 0023
 ----------------------------------------------------------------------------------------------------------------------------
  1   3.91 4.12 3.98 3.47 2.79 2.09 1.57 1.41 1.63 2.06 2.58 3.08 3.34 3.34 3.01 2.40 1.63 0.85 0.23 0.09 0.48 1.20 2.08 2.97
  2   3.65 4.03 4.12 3.83 3.25 2.50 1.81 1.33 1.25 1.60 2.10 2.71 3.22 3.43 3.35 2.98 2.35 1.55 0.80 0.31 0.31 0.80 1.58 2.58
  3   3.34 3.91 4.19 4.16 3.71 3.03 2.25 1.57 1.16 1.26 1.66 2.21 2.85 3.29 3.44 3.32 2.92 2.27 1.51 0.84 0.47 0.61 1.16 1.94
  4   2.79 3.58 4.01 4.14 3.94 3.37 2.61 1.88 1.27 1.00 1.18 1.64 2.24 2.86 3.26 3.39 3.26 2.84 2.20 1.53 0.99 0.78 1.02 1.59
  5   2.29 3.11 3.70 3.97 3.96 3.62 3.01 2.29 1.59 1.08 0.95 1.25 1.75 2.32 2.88 3.19 3.26 3.13 2.72 2.20 1.62 1.22 1.14 1.43
  6   1.98 2.65 3.30 3.72 3.84 3.72 3.29 2.65 1.96 1.33 0.96 0.97 1.30 1.78 2.32 2.82 3.09 3.16 3.04 2.72 2.28 1.85 1.58 1.56
  7   1.85 2.30 2.87 3.37 3.60 3.62 3.38 2.91 2.30 1.69 1.19 0.95 1.04 1.38 1.84 2.37 2.77 3.00 3.09 2.99 2.72 2.39 2.07 1.87
  8   1.88 2.12 2.48 2.94 3.27 3.40 3.33 3.05 2.63 2.07 1.53 1.16 1.04 1.16 1.47 1.90 2.36 2.72 2.96 3.09 3.04 2.83 2.54 2.28
  9   2.10 2.12 2.30 2.56 2.86 3.05 3.08 2.97 2.72 2.32 1.87 1.43 1.12 1.00 1.12 1.40 1.81 2.26 2.64 2.93 3.07 3.09 2.94 2.69
 10   2.42 2.20 2.16 2.24 2.38 2.55 2.68 2.70 2.60 2.42 2.12 1.77 1.42 1.14 1.01 1.10 1.38 1.77 2.22 2.63 2.96 3.18 3.24 3.09
 11   2.83 2.54 2.30 2.17 2.15 2.22 2.34 2.47 2.54 2.53 2.42 2.19 1.89 1.53 1.24 1.07 1.12 1.37 1.75 2.24 2.71 3.09 3.33 3.35
 12   3.22 2.94 2.61 2.28 2.08 2.03 2.08 2.21 2.41 2.54 2.58 2.50 2.30 2.02 1.64 1.29 1.07 1.08 1.36 1.80 2.35 2.89 3.28 3.50
 13   3.56 3.36 2.99 2.55 2.16 1.95 1.92 2.05 2.23 2.45 2.61 2.65 2.55 2.30 1.92 1.46 1.09 0.92 1.01 1.38 1.92 2.54 3.10 3.48
 14   3.66 3.56 3.24 2.78 2.31 1.95 1.81 1.88 2.08 2.36 2.67 2.84 2.83 2.62 2.24 1.77 1.27 0.90 0.82 1.06 1.58 2.22 2.85 3.42
 15   3.70 3.76 3.50 3.05 2.50 2.03 1.72 1.68 1.87 2.17 2.54 2.84 2.96 2.88 2.56 2.08 1.50 0.97 0.71 0.82 1.26 1.86 2.59 3.23
 16   3.64 3.83 3.76 3.35 2.78 2.18 1.71 1.54 1.66 1.96 2.34 2.75 3.02 3.05 2.83 2.41 1.82 1.22 0.78 0.66 0.92 1.48 2.18 2.94
 17   3.51 3.80 3.86 3.53 2.98 2.34 1.76 1.40 1.42 1.71 2.15 2.66 3.06 3.24 3.13 2.75 2.19 1.52 0.98 0.66 0.77 1.24 1.90 2.68
 18   3.38 3.81 3.95 3.79 3.27 2.61 1.91 1.40 1.22 1.45 1.90 2.44 2.99 3.31 3.36 3.16 2.69 2.05 1.38 0.88 0.75 1.03 1.58 2.39
 19   3.13 3.70 3.98 3.92 3.50 2.84 2.11 1.47 1.08 1.13 1.50 2.05 2.68 3.18 3.41 3.37 3.06 2.51 1.84 1.24 0.89 0.92 1.34 1.97
 20   2.71 3.44 3.84 3.94 3.71 3.14 2.41 1.70 1.15 0.93 1.14 1.62 2.20 2.87 3.31 3.46 3.37 2.96 2.41 1.82 1.30 1.08 1.27 1.76
 21   2.38 3.13 3.65 3.86 3.81 3.42 2.76 2.01 1.35 0.89 0.86 1.20 1.77 2.40 2.96 3.32 3.42 3.30 2.91 2.35 1.79 1.41 1.33 1.61
 22   2.11 2.71 3.31 3.66 3.72 3.53 3.00 2.31 1.62 1.03 0.73 0.82 1.25 1.83 2.47 3.00 3.30 3.41 3.27 2.90 2.43 2.00 1.72 1.69
 23   1.95 2.37 2.89 3.33 3.53 3.50 3.20 2.68 2.01 1.37 0.86 0.62 0.78 1.21 1.75 2.35 2.84 3.13 3.26 3.19 2.90 2.52 2.16 1.92
 24   1.85 2.05 2.38 2.77 3.07 3.23 3.17 2.87 2.41 1.81 1.23 0.81 0.65 0.78 1.17 1.66 2.24 2.73 3.08 3.29 3.32 3.09 2.77 2.41
 25   2.12 2.02 2.11 2.30 2.57 2.83 2.96 2.93 2.74 2.39 1.89 1.36 0.93 0.68 0.72 1.05 1.49 2.05 2.59 3.01 3.30 3.44 3.32 3.02
 26   2.65 2.30 2.08 2.04 2.14 2.33 2.55 2.73 2.79 2.70 2.46 2.08 1.57 1.06 0.70 0.62 0.83 1.27 1.80 2.42 2.97 3.37 3.58 3.58
 27   3.25 2.79 2.33 1.97 1.82 1.87 2.06 2.30 2.59 2.77 2.77 2.60 2.23 1.73 1.17 0.72 0.52 0.63 1.10 1.72 2.43 3.06 3.49 3.73
 28   3.69 3.32 2.80 2.25 1.81 1.61 1.67 1.92 2.28 2.67 2.94 3.02 2.86 2.46 1.87 1.21 0.70 0.45 0.61 1.13 1.83 2.61 3.29 3.73
 ----------------------------------------------------------------------------------------------------------------------------
                                                                                               
 ----------------------------------------------------------------------------------------------------------------------------
 ----------------------------------------------------------------------------------------------------------------------------
                                                          SURVEY OF INDIA
                                                    MARINE GEODESY WING (G&RB)
                                                     HOURLY HEIGHTS IN METRES
  NAME OF PORT:- OKHA                                                                               MONTH MARCH     YEAR 2022
 ----------------------------------------------------------------------------------------------------------------------------
 DAYS 0000 0001 0002 0003 0004 0005 0006 0007 0008 0009 0010 0011 0012 0013 0014 0015 0016 0017 0018 0019 0020 0021 0022 0023
 ----------------------------------------------------------------------------------------------------------------------------
  1   3.90 3.76 3.30 2.68 2.02 1.52 1.35 1.52 1.88 2.34 2.80 3.10 3.16 2.97 2.49 1.80 1.08 0.53 0.35 0.64 1.27 2.05 2.87 3.53
  2   3.89 3.99 3.66 3.06 2.31 1.64 1.18 1.08 1.38 1.91 2.50 3.01 3.27 3.26 3.02 2.48 1.74 1.00 0.46 0.41 0.84 1.56 2.40 3.21
  3   3.74 3.97 3.89 3.40 2.66 1.88 1.23 0.88 0.98 1.40 2.00 2.66 3.18 3.40 3.32 2.96 2.31 1.55 0.88 0.49 0.62 1.16 1.90 2.74
  4   3.46 3.85 3.96 3.67 3.08 2.29 1.53 0.95 0.74 1.00 1.54 2.22 2.90 3.34 3.46 3.33 2.85 2.17 1.46 0.90 0.70 0.96 1.56 2.30
  5   3.12 3.64 3.86 3.77 3.32 2.61 1.83 1.12 0.69 0.71 1.10 1.71 2.43 3.04 3.36 3.42 3.22 2.70 2.06 1.44 1.04 1.03 1.40 1.98
  6   2.71 3.38 3.70 3.76 3.46 2.90 2.18 1.45 0.88 0.65 0.83 1.34 1.96 2.64 3.14 3.36 3.38 3.08 2.56 1.99 1.50 1.26 1.40 1.80
  7   2.36 3.00 3.45 3.60 3.50 3.10 2.50 1.82 1.21 0.80 0.76 1.08 1.59 2.22 2.84 3.22 3.37 3.31 2.98 2.51 2.02 1.65 1.55 1.74
  8   2.07 2.60 3.07 3.34 3.36 3.18 2.74 2.15 1.54 1.04 0.81 0.89 1.25 1.74 2.32 2.84 3.15 3.28 3.22 2.92 2.52 2.16 1.88 1.84
  9   2.02 2.33 2.74 3.08 3.22 3.18 2.90 2.50 1.98 1.46 1.09 0.95 1.09 1.44 1.92 2.44 2.85 3.12 3.23 3.16 2.89 2.58 2.30 2.08
 10   2.03 2.17 2.39 2.68 2.89 2.95 2.86 2.63 2.28 1.87 1.48 1.22 1.13 1.29 1.61 2.04 2.49 2.82 3.10 3.21 3.17 2.98 2.72 2.44
 11   2.23 2.18 2.24 2.38 2.54 2.67 2.70 2.63 2.46 2.20 1.87 1.55 1.31 1.22 1.34 1.59 1.95 2.34 2.71 3.01 3.22 3.28 3.15 2.92
 12   2.62 2.38 2.24 2.24 2.29 2.38 2.48 2.55 2.54 2.45 2.27 2.02 1.74 1.48 1.35 1.37 1.58 1.90 2.32 2.76 3.12 3.36 3.46 3.34
 13   3.07 2.72 2.40 2.16 2.06 2.10 2.20 2.36 2.51 2.58 2.56 2.44 2.21 1.90 1.57 1.35 1.31 1.49 1.84 2.30 2.81 3.21 3.48 3.57
 14   3.41 3.08 2.67 2.26 1.99 1.89 1.95 2.12 2.36 2.60 2.73 2.71 2.56 2.26 1.86 1.47 1.20 1.16 1.41 1.83 2.38 2.95 3.37 3.58
 15   3.59 3.33 2.91 2.40 1.96 1.71 1.70 1.89 2.18 2.52 2.79 2.91 2.85 2.58 2.19 1.71 1.28 1.05 1.10 1.46 1.98 2.62 3.22 3.59
 16   3.76 3.62 3.22 2.69 2.14 1.72 1.56 1.69 2.00 2.40 2.82 3.08 3.14 2.98 2.58 2.04 1.49 1.06 0.94 1.16 1.65 2.27 2.99 3.51
 17   3.77 3.75 3.41 2.87 2.24 1.67 1.34 1.37 1.68 2.12 2.64 3.09 3.28 3.25 2.94 2.41 1.78 1.21 0.88 0.93 1.34 1.92 2.66 3.34
 18   3.71 3.83 3.64 3.08 2.40 1.73 1.22 1.06 1.31 1.78 2.40 3.00 3.37 3.48 3.33 2.87 2.23 1.56 1.02 0.81 1.07 1.64 2.31 3.08
 19   3.62 3.85 3.79 3.34 2.66 1.92 1.26 0.86 0.94 1.39 2.02 2.72 3.30 3.58 3.59 3.32 2.72 2.03 1.37 0.91 0.93 1.36 2.00 2.75
 20   3.41 3.79 3.84 3.55 2.93 2.14 1.38 0.80 0.61 0.91 1.54 2.26 2.97 3.46 3.67 3.60 3.18 2.54 1.83 1.27 1.01 1.23 1.76 2.40
 21   3.09 3.61 3.77 3.65 3.14 2.40 1.61 0.91 0.46 0.52 0.96 1.67 2.45 3.13 3.52 3.63 3.49 2.99 2.35 1.73 1.27 1.19 1.50 2.03
 22   2.62 3.26 3.59 3.60 3.32 2.75 2.00 1.21 0.58 0.31 0.50 1.07 1.80 2.55 3.19 3.48 3.56 3.35 2.87 2.28 1.75 1.41 1.45 1.77
 23   2.23 2.80 3.26 3.44 3.37 2.99 2.40 1.67 0.96 0.47 0.36 0.69 1.25 1.94 2.65 3.16 3.42 3.49 3.28 2.85 2.35 1.91 1.68 1.74
 24   2.00 2.39 2.85 3.18 3.25 3.11 2.75 2.19 1.54 0.95 0.55 0.52 0.85 1.37 2.02 2.65 3.09 3.41 3.50 3.33 2.96 2.53 2.13 1.90
 25   1.90 2.09 2.38 2.72 2.95 3.02 2.91 2.60 2.15 1.59 1.09 0.73 0.67 0.93 1.39 1.93 2.54 2.97 3.30 3.48 3.40 3.11 2.73 2.31
 26   2.01 1.92 1.99 2.19 2.43 2.67 2.79 2.77 2.60 2.25 1.84 1.35 0.94 0.75 0.85 1.20 1.69 2.23 2.75 3.15 3.43 3.53 3.34 2.98
 27   2.56 2.10 1.86 1.80 1.90 2.10 2.35 2.59 2.71 2.69 2.51 2.16 1.70 1.23 0.91 0.85 1.07 1.49 2.05 2.63 3.13 3.46 3.63 3.48
 28   3.09 2.60 2.09 1.70 1.54 1.61 1.87 2.20 2.56 2.81 2.89 2.78 2.45 1.95 1.41 0.97 0.79 0.95 1.39 1.96 2.63 3.19 3.53 3.67
 29   3.52 3.06 2.48 1.89 1.45 1.24 1.39 1.76 2.20 2.67 2.98 3.07 2.94 2.57 1.99 1.40 0.89 0.71 0.93 1.43 2.10 2.80 3.33 3.63
 30   3.67 3.36 2.80 2.13 1.49 1.03 0.99 1.29 1.80 2.37 2.91 3.21 3.25 3.04 2.55 1.90 1.24 0.77 0.69 1.03 1.64 2.35 3.08 3.56
 31   3.73 3.63 3.15 2.47 1.75 1.12 0.77 0.87 1.31 1.93 2.60 3.12 3.36 3.37 3.06 2.49 1.80 1.17 0.77 0.85 1.31 1.95 2.69 3.35
 ----------------------------------------------------------------------------------------------------------------------------
                                                                                               
 ----------------------------------------------------------------------------------------------------------------------------
 ----------------------------------------------------------------------------------------------------------------------------
                                                          SURVEY OF INDIA
                                                    MARINE GEODESY WING (G&RB)
                                                     HOURLY HEIGHTS IN METRES
  NAME OF PORT:- OKHA                                                                               MONTH APRIL     YEAR 2022
 ----------------------------------------------------------------------------------------------------------------------------
 DAYS 0000 0001 0002 0003 0004 0005 0006 0007 0008 0009 0010 0011 0012 0013 0014 0015 0016 0017 0018 0019 0020 0021 0022 0023
 ----------------------------------------------------------------------------------------------------------------------------
  1   3.67 3.70 3.41 2.83 2.08 1.35 0.80 0.63 0.91 1.47 2.16 2.86 3.32 3.49 3.42 2.99 2.37 1.69 1.13 0.91 1.15 1.69 2.34 3.06
  2   3.56 3.68 3.57 3.10 2.42 1.63 0.95 0.55 0.61 1.08 1.74 2.49 3.16 3.52 3.61 3.41 2.89 2.25 1.63 1.19 1.15 1.49 2.05 2.71
  3   3.31 3.62 3.60 3.29 2.71 1.96 1.23 0.68 0.48 0.75 1.32 2.03 2.78 3.33 3.58 3.58 3.25 2.71 2.08 1.53 1.27 1.41 1.83 2.36
  4   2.97 3.39 3.49 3.35 2.89 2.26 1.54 0.92 0.55 0.59 1.01 1.67 2.40 3.08 3.47 3.61 3.52 3.10 2.56 1.99 1.57 1.48 1.71 2.11
  5   2.59 3.07 3.31 3.28 3.00 2.51 1.87 1.24 0.77 0.61 0.85 1.35 2.00 2.70 3.23 3.49 3.57 3.39 2.93 2.40 1.92 1.66 1.71 1.97
  6   2.34 2.79 3.10 3.19 3.06 2.69 2.18 1.58 1.07 0.77 0.79 1.12 1.62 2.23 2.83 3.23 3.42 3.43 3.17 2.75 2.29 1.93 1.78 1.86
  7   2.10 2.45 2.79 2.98 2.98 2.77 2.43 1.95 1.45 1.05 0.88 0.99 1.35 1.85 2.43 2.92 3.22 3.37 3.33 3.06 2.67 2.29 2.01 1.93
  8   2.04 2.23 2.49 2.71 2.81 2.76 2.58 2.25 1.83 1.42 1.14 1.05 1.21 1.55 2.03 2.52 2.91 3.19 3.33 3.28 3.04 2.71 2.39 2.14
  9   2.04 2.07 2.19 2.36 2.55 2.61 2.56 2.40 2.15 1.83 1.53 1.31 1.20 1.32 1.60 1.99 2.42 2.79 3.07 3.24 3.23 3.07 2.80 2.49
 10   2.22 2.07 2.05 2.09 2.23 2.39 2.51 2.57 2.52 2.38 2.15 1.89 1.63 1.48 1.52 1.69 1.99 2.37 2.77 3.09 3.33 3.41 3.27 2.99
 11   2.64 2.30 2.05 1.93 1.96 2.08 2.29 2.49 2.61 2.64 2.55 2.35 2.06 1.77 1.53 1.45 1.57 1.88 2.29 2.75 3.13 3.39 3.50 3.39
 12   3.06 2.63 2.22 1.91 1.77 1.83 2.01 2.29 2.57 2.75 2.83 2.75 2.52 2.16 1.79 1.47 1.37 1.53 1.87 2.31 2.83 3.28 3.53 3.61
 13   3.38 2.95 2.43 1.95 1.60 1.53 1.73 2.04 2.42 2.78 3.02 3.07 2.90 2.54 2.06 1.59 1.27 1.24 1.50 1.95 2.53 3.09 3.47 3.64
 14   3.59 3.17 2.61 2.01 1.50 1.27 1.39 1.75 2.19 2.71 3.11 3.27 3.25 2.94 2.46 1.88 1.39 1.13 1.21 1.61 2.14 2.79 3.34 3.63
 15   3.69 3.40 2.84 2.18 1.54 1.04 0.96 1.29 1.80 2.39 3.00 3.36 3.48 3.37 2.96 2.36 1.75 1.27 1.09 1.32 1.85 2.46 3.15 3.61
 16   3.78 3.64 3.15 2.44 1.69 1.03 0.71 0.87 1.38 2.06 2.78 3.36 3.67 3.73 3.48 2.93 2.27 1.65 1.22 1.22 1.62 2.20 2.87 3.47
 17   3.78 3.79 3.39 2.73 1.93 1.15 0.59 0.47 0.85 1.53 2.32 3.10 3.63 3.87 3.84 3.41 2.77 2.10 1.50 1.20 1.38 1.87 2.49 3.15
 18   3.60 3.73 3.55 3.01 2.23 1.39 0.66 0.25 0.39 0.96 1.75 2.62 3.36 3.79 3.96 3.80 3.28 2.60 1.94 1.41 1.28 1.59 2.09 2.72
 19   3.31 3.62 3.59 3.23 2.61 1.77 0.96 0.33 0.09 0.41 1.08 1.92 2.77 3.46 3.82 3.93 3.69 3.14 2.48 1.85 1.43 1.43 1.79 2.28
 20   2.86 3.34 3.49 3.34 2.91 2.25 1.46 0.72 0.19 0.12 0.54 1.24 2.07 2.90 3.48 3.78 3.84 3.57 3.04 2.43 1.87 1.57 1.61 1.93
 21   2.35 2.87 3.21 3.29 3.11 2.68 2.05 1.33 0.70 0.29 0.32 0.76 1.40 2.19 2.94 3.44 3.72 3.77 3.51 3.04 2.47 1.99 1.69 1.73
 22   1.98 2.34 2.74 3.01 3.04 2.88 2.53 2.02 1.40 0.87 0.53 0.54 0.91 1.49 2.20 2.85 3.30 3.57 3.64 3.45 3.03 2.56 2.09 1.81
 23   1.80 1.97 2.23 2.56 2.81 2.88 2.82 2.61 2.22 1.73 1.23 0.87 0.79 1.07 1.55 2.13 2.73 3.16 3.47 3.63 3.53 3.21 2.77 2.29
 24   1.94 1.80 1.86 2.05 2.31 2.57 2.73 2.79 2.70 2.44 2.02 1.55 1.16 0.99 1.12 1.50 2.00 2.54 3.01 3.34 3.58 3.57 3.31 2.87
 25   2.36 1.91 1.65 1.63 1.80 2.07 2.38 2.66 2.83 2.84 2.67 2.33 1.89 1.43 1.18 1.19 1.48 1.95 2.47 3.00 3.39 3.63 3.65 3.37
 26   2.85 2.25 1.71 1.35 1.30 1.49 1.86 2.30 2.70 2.95 3.04 2.95 2.61 2.11 1.63 1.27 1.22 1.46 1.90 2.43 3.01 3.41 3.63 3.65
 27   3.28 2.72 2.07 1.47 1.07 1.05 1.35 1.81 2.35 2.85 3.14 3.26 3.13 2.73 2.19 1.63 1.24 1.18 1.45 1.92 2.52 3.08 3.45 3.60
 28   3.49 3.05 2.40 1.69 1.07 0.75 0.86 1.32 1.90 2.53 3.05 3.33 3.38 3.18 2.73 2.13 1.55 1.19 1.21 1.55 2.06 2.67 3.20 3.48
 29   3.51 3.23 2.68 1.96 1.26 0.74 0.60 0.90 1.46 2.14 2.86 3.34 3.57 3.58 3.26 2.70 2.10 1.56 1.28 1.43 1.87 2.40 3.00 3.40
 30   3.54 3.42 3.00 2.35 1.63 0.98 0.57 0.66 1.11 1.80 2.53 3.20 3.56 3.73 3.63 3.18 2.57 1.96 1.50 1.40 1.68 2.14 2.67 3.20
 ----------------------------------------------------------------------------------------------------------------------------
                                                                                               
 ----------------------------------------------------------------------------------------------------------------------------
 ----------------------------------------------------------------------------------------------------------------------------
                                                          SURVEY OF INDIA
                                                    MARINE GEODESY WING (G&RB)
                                                     HOURLY HEIGHTS IN METRES
  NAME OF PORT:- OKHA                                                                               MONTH MAY       YEAR 2022
 ----------------------------------------------------------------------------------------------------------------------------
 DAYS 0000 0001 0002 0003 0004 0005 0006 0007 0008 0009 0010 0011 0012 0013 0014 0015 0016 0017 0018 0019 0020 0021 0022 0023
 ----------------------------------------------------------------------------------------------------------------------------
  1   3.46 3.45 3.17 2.65 1.94 1.23 0.69 0.54 0.82 1.42 2.16 2.90 3.49 3.76 3.78 3.50 2.94 2.34 1.78 1.48 1.58 1.94 2.42 2.95
  2   3.34 3.40 3.24 2.78 2.14 1.42 0.81 0.47 0.60 1.08 1.76 2.50 3.19 3.61 3.79 3.69 3.28 2.70 2.13 1.68 1.54 1.76 2.16 2.64
  3   3.10 3.33 3.28 2.96 2.46 1.78 1.14 0.68 0.56 0.84 1.40 2.14 2.88 3.43 3.73 3.80 3.57 3.10 2.54 2.00 1.65 1.65 1.91 2.31
  4   2.77 3.09 3.15 2.98 2.61 2.06 1.42 0.92 0.62 0.71 1.15 1.74 2.47 3.10 3.54 3.76 3.70 3.36 2.86 2.34 1.87 1.69 1.83 2.11
  5   2.48 2.88 3.06 3.02 2.79 2.36 1.81 1.28 0.90 0.78 1.00 1.45 2.04 2.71 3.24 3.55 3.68 3.52 3.15 2.68 2.19 1.87 1.80 1.96
  6   2.24 2.58 2.84 2.93 2.78 2.48 2.08 1.58 1.15 0.88 0.88 1.17 1.61 2.21 2.82 3.24 3.48 3.54 3.32 2.94 2.49 2.07 1.84 1.83
  7   1.99 2.23 2.48 2.68 2.69 2.56 2.33 1.97 1.55 1.19 0.99 1.03 1.32 1.77 2.30 2.82 3.17 3.38 3.42 3.20 2.86 2.48 2.11 1.89
  8   1.84 1.95 2.14 2.36 2.54 2.60 2.50 2.26 1.95 1.62 1.32 1.15 1.18 1.45 1.84 2.33 2.77 3.08 3.28 3.30 3.11 2.78 2.44 2.04
  9   1.78 1.69 1.80 2.00 2.24 2.46 2.60 2.58 2.41 2.15 1.85 1.55 1.33 1.30 1.50 1.83 2.27 2.71 3.05 3.28 3.33 3.15 2.85 2.41
 10   1.97 1.67 1.55 1.64 1.85 2.12 2.37 2.61 2.66 2.55 2.35 2.07 1.77 1.51 1.42 1.54 1.82 2.20 2.65 3.02 3.28 3.35 3.19 2.84
 11   2.37 1.90 1.56 1.40 1.49 1.71 2.00 2.34 2.61 2.74 2.74 2.58 2.27 1.91 1.60 1.42 1.52 1.83 2.21 2.66 3.03 3.26 3.32 3.10
 12   2.69 2.15 1.63 1.26 1.16 1.34 1.68 2.10 2.53 2.83 2.97 2.95 2.72 2.33 1.89 1.52 1.38 1.55 1.92 2.39 2.88 3.25 3.44 3.38
 13   3.02 2.46 1.83 1.26 0.92 0.95 1.31 1.81 2.39 2.90 3.22 3.35 3.26 2.86 2.36 1.84 1.46 1.40 1.66 2.08 2.63 3.13 3.42 3.49
 14   3.23 2.72 2.03 1.34 0.77 0.57 0.82 1.37 2.03 2.72 3.24 3.50 3.58 3.32 2.82 2.24 1.69 1.35 1.39 1.76 2.25 2.84 3.30 3.51
 15   3.42 3.00 2.35 1.58 0.85 0.35 0.33 0.78 1.45 2.23 2.97 3.45 3.70 3.66 3.28 2.70 2.06 1.52 1.27 1.43 1.86 2.39 2.98 3.36
 16   3.43 3.19 2.65 1.90 1.08 0.37 0.02 0.20 0.83 1.66 2.51 3.23 3.68 3.86 3.75 3.27 2.61 1.98 1.47 1.34 1.62 2.09 2.62 3.15
 17   3.41 3.33 2.94 2.30 1.46 0.61-0.01-0.16 0.24 1.01 1.90 2.80 3.45 3.80 3.94 3.76 3.22 2.56 1.88 1.43 1.39 1.73 2.20 2.75
 18   3.23 3.38 3.22 2.74 2.05 1.20 0.43-0.12-0.12 0.36 1.16 2.05 2.94 3.57 3.91 4.00 3.70 3.14 2.48 1.84 1.44 1.48 1.81 2.28
 19   2.80 3.18 3.26 3.07 2.61 1.94 1.14 0.43 0.01 0.08 0.60 1.37 2.23 3.03 3.57 3.88 3.93 3.60 3.01 2.37 1.78 1.44 1.52 1.85
 20   2.29 2.76 3.05 3.08 2.89 2.47 1.83 1.13 0.52 0.17 0.27 0.76 1.47 2.27 3.03 3.51 3.77 3.80 3.47 2.93 2.30 1.77 1.47 1.52
 21   1.81 2.20 2.63 2.91 2.96 2.80 2.46 1.94 1.33 0.79 0.48 0.54 0.98 1.60 2.30 2.98 3.41 3.66 3.70 3.40 2.90 2.32 1.82 1.50
 22   1.52 1.78 2.10 2.44 2.69 2.82 2.78 2.54 2.18 1.66 1.20 0.86 0.85 1.20 1.74 2.38 2.97 3.38 3.64 3.69 3.46 3.01 2.42 1.90
 23   1.55 1.47 1.66 1.94 2.24 2.56 2.80 2.89 2.84 2.56 2.14 1.67 1.32 1.23 1.45 1.88 2.40 2.93 3.35 3.61 3.69 3.53 3.13 2.56
 24   1.95 1.49 1.30 1.38 1.65 2.01 2.42 2.74 2.93 2.94 2.77 2.40 1.94 1.54 1.36 1.45 1.80 2.25 2.77 3.20 3.47 3.56 3.40 2.98
 25   2.39 1.74 1.22 0.96 1.06 1.38 1.86 2.37 2.80 3.06 3.14 3.00 2.65 2.20 1.78 1.54 1.61 1.92 2.32 2.82 3.24 3.47 3.52 3.30
 26   2.82 2.16 1.52 1.02 0.82 0.99 1.42 1.97 2.56 3.03 3.30 3.38 3.22 2.83 2.34 1.92 1.66 1.70 2.01 2.41 2.90 3.25 3.42 3.38
 27   3.05 2.53 1.89 1.25 0.80 0.69 1.00 1.52 2.16 2.78 3.24 3.46 3.49 3.23 2.80 2.30 1.86 1.64 1.75 2.06 2.48 2.90 3.20 3.29
 28   3.16 2.75 2.15 1.48 0.89 0.55 0.64 1.09 1.70 2.42 3.06 3.45 3.62 3.58 3.19 2.68 2.16 1.74 1.62 1.80 2.15 2.58 2.98 3.20
 29   3.19 2.94 2.46 1.81 1.15 0.66 0.52 0.80 1.35 2.04 2.76 3.31 3.60 3.73 3.56 3.12 2.56 2.06 1.71 1.70 1.96 2.32 2.74 3.06
 30   3.17 3.05 2.68 2.13 1.48 0.90 0.56 0.63 1.07 1.70 2.46 3.12 3.55 3.79 3.78 3.43 2.93 2.36 1.89 1.68 1.80 2.10 2.48 2.86
 31   3.08 3.06 2.83 2.38 1.78 1.16 0.68 0.52 0.78 1.32 2.02 2.77 3.35 3.70 3.82 3.64 3.24 2.68 2.13 1.75 1.66 1.87 2.20 2.61
 ----------------------------------------------------------------------------------------------------------------------------
                                                                                               
 ----------------------------------------------------------------------------------------------------------------------------
 ----------------------------------------------------------------------------------------------------------------------------
                                                          SURVEY OF INDIA
                                                    MARINE GEODESY WING (G&RB)
                                                     HOURLY HEIGHTS IN METRES
  NAME OF PORT:- OKHA                                                                               MONTH JUNE      YEAR 2022
 ----------------------------------------------------------------------------------------------------------------------------
 DAYS 0000 0001 0002 0003 0004 0005 0006 0007 0008 0009 0010 0011 0012 0013 0014 0015 0016 0017 0018 0019 0020 0021 0022 0023
 ----------------------------------------------------------------------------------------------------------------------------
  1   2.94 3.04 2.93 2.56 2.06 1.44 0.87 0.54 0.58 0.98 1.60 2.34 3.00 3.46 3.70 3.75 3.45 2.95 2.40 1.90 1.65 1.72 2.00 2.37
  2   2.72 2.96 2.94 2.70 2.30 1.76 1.16 0.73 0.58 0.80 1.28 1.92 2.65 3.24 3.60 3.77 3.66 3.26 2.74 2.22 1.82 1.72 1.88 2.17
  3   2.51 2.84 2.96 2.84 2.56 2.12 1.58 1.09 0.78 0.80 1.12 1.65 2.33 2.96 3.44 3.72 3.78 3.50 3.06 2.54 2.07 1.78 1.79 2.01
  4   2.29 2.64 2.89 2.94 2.78 2.44 2.00 1.49 1.10 0.88 0.98 1.34 1.90 2.51 3.09 3.50 3.67 3.64 3.33 2.86 2.35 1.94 1.73 1.80
  5   2.03 2.34 2.58 2.77 2.78 2.62 2.34 1.92 1.50 1.18 1.08 1.24 1.60 2.12 2.71 3.20 3.50 3.64 3.51 3.16 2.72 2.25 1.88 1.76
  6   1.83 2.04 2.30 2.57 2.70 2.71 2.55 2.28 1.94 1.58 1.31 1.24 1.42 1.78 2.28 2.82 3.23 3.50 3.60 3.42 3.04 2.58 2.13 1.79
  7   1.66 1.76 1.97 2.24 2.50 2.65 2.69 2.60 2.38 2.08 1.76 1.54 1.47 1.64 1.97 2.44 2.94 3.32 3.58 3.64 3.44 3.06 2.56 2.08
  8   1.65 1.58 1.70 1.93 2.22 2.52 2.76 2.88 2.86 2.67 2.36 2.01 1.75 1.65 1.80 2.11 2.52 2.96 3.31 3.53 3.56 3.34 2.94 2.39
  9   1.86 1.49 1.38 1.50 1.75 2.12 2.50 2.79 2.98 3.01 2.86 2.54 2.19 1.86 1.72 1.83 2.12 2.52 2.96 3.29 3.48 3.46 3.21 2.74
 10   2.12 1.56 1.16 1.06 1.25 1.62 2.10 2.58 2.96 3.18 3.25 3.07 2.71 2.30 1.95 1.79 1.88 2.16 2.55 3.00 3.33 3.47 3.42 3.09
 11   2.53 1.84 1.22 0.84 0.80 1.12 1.60 2.22 2.80 3.26 3.50 3.55 3.28 2.84 2.39 1.98 1.80 1.90 2.20 2.60 3.04 3.36 3.45 3.29
 12   2.85 2.18 1.46 0.85 0.49 0.59 1.04 1.69 2.42 3.08 3.51 3.74 3.73 3.40 2.90 2.36 1.94 1.75 1.92 2.26 2.71 3.15 3.40 3.42
 13   3.14 2.60 1.86 1.10 0.50 0.23 0.48 1.09 1.86 2.68 3.39 3.81 4.02 3.92 3.48 2.93 2.36 1.91 1.77 1.98 2.34 2.82 3.25 3.46
 14   3.38 3.00 2.37 1.58 0.80 0.21 0.10 0.50 1.20 2.10 2.98 3.64 4.04 4.20 4.01 3.50 2.89 2.27 1.82 1.74 2.03 2.45 2.96 3.37
 15   3.52 3.38 2.92 2.22 1.41 0.63 0.11 0.10 0.61 1.40 2.29 3.16 3.79 4.16 4.27 3.98 3.43 2.76 2.12 1.69 1.68 2.04 2.48 3.00
 16   3.38 3.47 3.29 2.82 2.14 1.28 0.52 0.10 0.22 0.77 1.53 2.56 3.28 3.86 4.20 4.26 3.88 3.32 2.60 1.98 1.58 1.66 2.03 2.50
 17   3.03 3.38 3.42 3.20 2.72 2.02 1.22 0.56 0.19 0.32 0.88 1.66 2.56 3.35 3.86 4.14 4.14 3.70 3.10 2.43 1.84 1.52 1.62 1.98
 18   2.47 3.00 3.30 3.34 3.14 2.70 2.05 1.34 0.75 0.43 0.58 1.14 1.89 2.70 3.42 3.89 4.14 4.07 3.64 3.04 2.36 1.78 1.50 1.60
 19   1.97 2.42 2.89 3.18 3.25 3.12 2.75 2.19 1.58 1.06 0.80 0.96 1.44 2.08 2.82 3.47 3.86 4.07 3.92 3.46 2.82 2.19 1.66 1.43
 20   1.55 1.89 2.32 2.75 3.04 3.14 3.07 2.80 2.36 1.84 1.38 1.13 1.26 1.68 2.26 2.96 3.50 3.81 3.92 3.76 3.34 2.73 2.10 1.58
 21   1.35 1.44 1.70 2.09 2.50 2.84 3.04 3.08 2.93 2.58 2.14 1.71 1.50 1.57 1.90 2.38 2.93 3.39 3.66 3.72 3.53 3.13 2.54 1.94
 22   1.44 1.15 1.19 1.47 1.85 2.32 2.72 3.01 3.12 3.05 2.78 2.42 2.04 1.74 1.74 1.98 2.36 2.82 3.22 3.42 3.49 3.34 2.96 2.40
 23   1.80 1.22 0.93 0.94 1.24 1.69 2.21 2.66 3.01 3.22 3.25 3.04 2.65 2.28 1.98 1.92 2.11 2.42 2.78 3.11 3.31 3.35 3.20 2.85
 24   2.29 1.70 1.18 0.88 0.93 1.30 1.78 2.34 2.86 3.22 3.44 3.44 3.19 2.80 2.38 2.07 1.98 2.12 2.36 2.66 2.96 3.14 3.13 2.96
 25   2.59 2.04 1.47 1.00 0.78 0.92 1.34 1.90 2.55 3.12 3.48 3.64 3.60 3.28 2.86 2.42 2.10 1.97 2.10 2.35 2.65 2.94 3.10 3.11
 26   2.84 2.40 1.87 1.31 0.91 0.78 1.03 1.50 2.10 2.80 3.30 3.62 3.74 3.60 3.23 2.77 2.31 2.02 1.94 2.12 2.39 2.69 2.96 3.09
 27   3.00 2.70 2.16 1.60 1.06 0.78 0.83 1.23 1.78 2.48 3.14 3.58 3.86 3.90 3.62 3.20 2.70 2.26 2.04 2.07 2.28 2.56 2.90 3.12
 28   3.14 2.97 2.59 2.06 1.48 1.01 0.79 0.96 1.44 2.08 2.80 3.38 3.75 3.89 3.81 3.48 2.98 2.47 2.05 1.92 2.05 2.32 2.67 3.00
 29   3.16 3.07 2.79 2.36 1.78 1.23 0.86 0.84 1.18 1.73 2.44 3.10 3.58 3.83 3.86 3.63 3.22 2.68 2.18 1.86 1.85 2.06 2.41 2.78
 30   3.02 3.08 2.89 2.52 1.99 1.39 0.91 0.70 0.88 1.33 1.96 2.70 3.31 3.69 3.88 3.80 3.44 2.94 2.39 1.91 1.71 1.87 2.17 2.54
 ----------------------------------------------------------------------------------------------------------------------------
                                                                                               
 ----------------------------------------------------------------------------------------------------------------------------
 ----------------------------------------------------------------------------------------------------------------------------
                                                          SURVEY OF INDIA
                                                    MARINE GEODESY WING (G&RB)
                                                     HOURLY HEIGHTS IN METRES
  NAME OF PORT:- OKHA                                                                               MONTH JULY      YEAR 2022
 ----------------------------------------------------------------------------------------------------------------------------
 DAYS 0000 0001 0002 0003 0004 0005 0006 0007 0008 0009 0010 0011 0012 0013 0014 0015 0016 0017 0018 0019 0020 0021 0022 0023
 ----------------------------------------------------------------------------------------------------------------------------
  1   2.90 3.07 3.00 2.73 2.30 1.69 1.10 0.70 0.68 1.03 1.60 2.25 2.99 3.47 3.79 3.86 3.61 3.15 2.58 2.05 1.74 1.71 1.95 2.30
  2   2.70 2.96 3.03 2.89 2.55 2.00 1.41 0.93 0.70 0.84 1.26 1.83 2.58 3.23 3.66 3.86 3.80 3.41 2.86 2.26 1.75 1.54 1.63 1.94
  3   2.31 2.72 2.94 2.94 2.74 2.34 1.79 1.22 0.83 0.73 1.00 1.44 2.09 2.81 3.37 3.71 3.81 3.62 3.17 2.60 2.02 1.62 1.53 1.71
  4   2.05 2.46 2.81 2.95 2.86 2.62 2.23 1.73 1.26 0.97 0.95 1.30 1.80 2.45 3.12 3.58 3.83 3.77 3.44 2.93 2.32 1.76 1.43 1.44
  5   1.71 2.08 2.44 2.74 2.85 2.76 2.52 2.12 1.67 1.27 1.04 1.16 1.53 2.04 2.68 3.22 3.57 3.69 3.53 3.12 2.54 1.96 1.47 1.24
  6   1.32 1.62 1.98 2.36 2.66 2.79 2.76 2.54 2.22 1.82 1.45 1.26 1.38 1.72 2.19 2.76 3.22 3.51 3.58 3.34 2.89 2.35 1.71 1.22
  7   1.05 1.21 1.52 1.93 2.34 2.64 2.82 2.86 2.71 2.40 2.01 1.63 1.48 1.59 1.90 2.38 2.90 3.26 3.44 3.44 3.15 2.66 2.00 1.40
  8   0.99 0.86 1.03 1.38 1.84 2.32 2.68 2.94 3.04 2.92 2.60 2.20 1.79 1.61 1.70 2.00 2.37 2.76 3.05 3.19 3.14 2.89 2.42 1.74
  9   1.17 0.73 0.57 0.76 1.20 1.70 2.26 2.73 3.04 3.23 3.16 2.85 2.38 2.00 1.78 1.80 2.02 2.30 2.65 2.91 3.02 2.96 2.68 2.19
 10   1.56 0.93 0.47 0.33 0.61 1.12 1.74 2.38 2.92 3.28 3.44 3.33 2.98 2.54 2.07 1.76 1.71 1.90 2.22 2.59 2.88 2.99 2.90 2.59
 11   2.10 1.44 0.80 0.26 0.13 0.40 0.99 1.72 2.48 3.11 3.52 3.70 3.56 3.11 2.61 2.10 1.72 1.65 1.84 2.13 2.52 2.88 3.00 2.89
 12   2.55 1.99 1.26 0.51-0.01-0.13 0.29 0.96 1.80 2.63 3.28 3.70 3.84 3.65 3.16 2.59 1.98 1.56 1.49 1.74 2.10 2.53 2.89 3.04
 13   3.01 2.59 1.97 1.17 0.38-0.15-0.14 0.33 1.07 1.96 2.94 3.55 3.91 4.01 3.73 3.18 2.50 1.86 1.44 1.44 1.78 2.21 2.73 3.15
 14   3.28 3.10 2.63 1.95 1.08 0.31-0.20-0.12 0.45 1.30 2.25 3.18 3.78 4.12 4.13 3.73 3.10 2.25 1.66 1.37 1.46 1.86 2.36 2.96
 15   3.36 3.46 3.22 2.76 2.00 1.13 0.36-0.10 0.01 0.49 1.56 2.52 3.43 4.00 4.28 4.22 3.72 3.00 2.27 1.59 1.29 1.47 1.88 2.38
 16   3.01 3.44 3.54 3.26 2.70 1.86 1.05 0.44 0.13 0.37 1.06 1.86 2.79 3.59 4.05 4.26 4.13 3.59 2.84 2.03 1.38 1.13 1.37 1.86
 17   2.43 3.04 3.39 3.43 3.23 2.76 2.03 1.23 0.61 0.39 0.68 1.34 2.14 3.03 3.70 4.09 4.18 3.87 3.28 2.50 1.69 1.13 0.99 1.26
 18   1.75 2.35 2.92 3.23 3.30 3.11 2.73 2.08 1.43 0.92 0.78 1.07 1.64 2.38 3.18 3.75 4.03 4.02 3.62 3.02 2.26 1.54 1.00 0.92
 19   1.19 1.66 2.22 2.76 3.10 3.21 3.10 2.74 2.21 1.64 1.21 1.15 1.43 1.93 2.61 3.25 3.69 3.83 3.72 3.29 2.69 1.98 1.31 0.86
 20   0.82 1.12 1.58 2.10 2.62 2.93 3.06 3.01 2.75 2.32 1.86 1.53 1.47 1.69 2.10 2.64 3.15 3.42 3.51 3.36 2.98 2.43 1.77 1.17
 21   0.81 0.80 1.08 1.50 2.04 2.52 2.86 3.06 3.10 2.90 2.55 2.20 1.88 1.78 1.95 2.26 2.64 2.98 3.18 3.23 3.10 2.81 2.30 1.73
 22   1.23 0.90 0.84 1.09 1.50 2.02 2.51 2.88 3.17 3.26 3.13 2.83 2.48 2.18 2.00 2.05 2.25 2.50 2.76 2.93 2.96 2.85 2.61 2.18
 23   1.69 1.18 0.86 0.80 1.06 1.46 2.00 2.52 2.95 3.26 3.39 3.27 2.96 2.59 2.22 2.00 1.98 2.10 2.30 2.51 2.66 2.76 2.70 2.47
 24   2.11 1.61 1.14 0.82 0.78 1.04 1.47 2.03 2.55 3.02 3.33 3.44 3.31 2.99 2.57 2.21 1.98 1.95 2.04 2.23 2.46 2.66 2.73 2.66
 25   2.41 2.01 1.52 1.07 0.76 0.77 1.09 1.60 2.21 2.82 3.26 3.49 3.53 3.34 2.96 2.46 2.05 1.83 1.82 1.99 2.23 2.49 2.68 2.75
 26   2.64 2.33 1.88 1.32 0.81 0.64 0.76 1.20 1.78 2.46 3.04 3.43 3.64 3.59 3.26 2.78 2.27 1.87 1.68 1.74 1.97 2.29 2.60 2.79
 27   2.77 2.54 2.15 1.61 1.07 0.66 0.56 0.84 1.36 2.02 2.74 3.26 3.58 3.70 3.50 3.05 2.50 2.00 1.63 1.56 1.76 2.05 2.39 2.70
 28   2.82 2.71 2.40 1.94 1.34 0.80 0.50 0.58 1.01 1.61 2.34 3.03 3.47 3.70 3.65 3.29 2.76 2.18 1.70 1.46 1.55 1.84 2.20 2.60
 29   2.84 2.87 2.66 2.24 1.64 1.03 0.57 0.44 0.70 1.24 1.92 2.67 3.28 3.62 3.71 3.48 2.98 2.40 1.84 1.44 1.41 1.66 2.03 2.47
 30   2.84 3.00 2.90 2.56 2.03 1.39 0.84 0.51 0.58 1.01 1.64 2.39 3.10 3.56 3.79 3.73 3.31 2.72 2.10 1.59 1.37 1.50 1.85 2.30
 31   2.76 3.04 3.09 2.89 2.46 1.86 1.24 0.78 0.61 0.86 1.38 2.06 2.81 3.42 3.76 3.83 3.60 3.08 2.42 1.77 1.35 1.29 1.58 2.02
 ----------------------------------------------------------------------------------------------------------------------------
                                                                                               
 ----------------------------------------------------------------------------------------------------------------------------
 ----------------------------------------------------------------------------------------------------------------------------
                                                          SURVEY OF INDIA
                                                    MARINE GEODESY WING (G&RB)
                                                     HOURLY HEIGHTS IN METRES
  NAME OF PORT:- OKHA                                                                               MONTH AUGUST    YEAR 2022
 ----------------------------------------------------------------------------------------------------------------------------
 DAYS 0000 0001 0002 0003 0004 0005 0006 0007 0008 0009 0010 0011 0012 0013 0014 0015 0016 0017 0018 0019 0020 0021 0022 0023
 ----------------------------------------------------------------------------------------------------------------------------
  1   2.47 2.90 3.10 3.06 2.78 2.30 1.68 1.12 0.78 0.78 1.18 1.75 2.41 3.10 3.55 3.77 3.68 3.25 2.60 1.93 1.36 1.10 1.24 1.62
  2   2.08 2.60 2.96 3.09 3.00 2.62 2.10 1.52 1.04 0.82 0.98 1.42 2.02 2.73 3.28 3.60 3.66 3.42 2.90 2.22 1.54 1.09 1.00 1.26
  3   1.69 2.19 2.67 2.95 3.05 2.91 2.53 2.00 1.48 1.10 1.01 1.28 1.72 2.34 2.98 3.40 3.59 3.55 3.15 2.54 1.84 1.26 0.90 0.90
  4   1.25 1.69 2.20 2.67 2.95 3.02 2.88 2.54 2.08 1.64 1.36 1.37 1.63 2.04 2.59 3.10 3.41 3.52 3.33 2.88 2.23 1.57 1.02 0.76
  5   0.87 1.25 1.70 2.26 2.72 3.00 3.10 3.00 2.67 2.25 1.86 1.64 1.64 1.89 2.25 2.70 3.10 3.30 3.33 3.09 2.60 1.98 1.33 0.86
  6   0.67 0.82 1.19 1.68 2.22 2.70 3.01 3.17 3.16 2.88 2.49 2.12 1.88 1.86 2.04 2.32 2.66 2.98 3.16 3.16 2.90 2.48 1.90 1.28
  7   0.81 0.57 0.69 1.07 1.57 2.16 2.69 3.11 3.35 3.38 3.16 2.80 2.46 2.12 2.01 2.06 2.25 2.52 2.82 3.00 3.01 2.82 2.43 1.90
  8   1.31 0.80 0.51 0.58 0.92 1.44 2.08 2.69 3.16 3.49 3.60 3.37 3.02 2.57 2.17 1.94 1.92 2.09 2.33 2.63 2.86 2.95 2.84 2.52
  9   1.95 1.37 0.75 0.34 0.33 0.71 1.29 2.02 2.70 3.23 3.62 3.79 3.59 3.14 2.64 2.13 1.80 1.76 1.93 2.22 2.59 2.90 3.04 2.91
 10   2.58 2.08 1.36 0.66 0.18 0.15 0.54 1.24 2.02 2.82 3.44 3.79 3.86 3.55 3.03 2.50 1.95 1.63 1.65 1.92 2.31 2.78 3.13 3.26
 11   3.10 2.71 2.12 1.36 0.65 0.20 0.25 0.74 1.50 2.33 3.12 3.69 3.96 3.92 3.52 2.91 2.35 1.78 1.45 1.55 1.90 2.39 2.96 3.35
 12   3.47 3.29 2.83 2.16 1.35 0.63 0.21 0.35 0.93 1.77 2.64 3.43 3.93 4.12 3.99 3.48 2.80 2.20 1.60 1.28 1.44 1.89 2.48 3.15
 13   3.57 3.69 3.48 2.96 2.20 1.35 0.62 0.23 0.45 1.13 2.03 2.95 3.73 4.18 4.29 4.05 3.44 2.68 1.86 1.22 1.03 1.38 1.92 2.60
 14   3.30 3.67 3.72 3.49 2.95 2.16 1.37 0.73 0.48 0.82 1.54 2.43 3.32 3.95 4.23 4.22 3.82 3.14 2.27 1.45 0.88 0.81 1.26 1.90
 15   2.55 3.24 3.54 3.56 3.29 2.76 2.01 1.28 0.74 0.69 1.16 1.88 2.73 3.51 4.00 4.16 3.99 3.45 2.68 1.85 1.08 0.65 0.78 1.30
 16   1.97 2.64 3.18 3.44 3.43 3.16 2.61 1.96 1.35 0.96 1.04 1.54 2.21 2.97 3.57 3.87 3.88 3.56 2.96 2.20 1.43 0.81 0.64 0.93
 17   1.45 2.10 2.77 3.23 3.42 3.40 3.13 2.60 2.06 1.58 1.40 1.56 2.00 2.50 3.10 3.55 3.73 3.66 3.26 2.64 1.92 1.28 0.84 0.82
 18   1.09 1.58 2.18 2.78 3.17 3.34 3.33 3.10 2.68 2.26 1.94 1.79 1.92 2.24 2.71 3.17 3.44 3.51 3.38 3.00 2.46 1.86 1.34 1.06
 19   1.03 1.31 1.75 2.31 2.81 3.16 3.39 3.42 3.24 2.93 2.57 2.26 2.10 2.17 2.43 2.73 3.02 3.18 3.21 3.06 2.78 2.34 1.82 1.38
 20   1.09 1.10 1.35 1.76 2.26 2.71 3.05 3.30 3.36 3.28 3.01 2.69 2.38 2.18 2.17 2.31 2.50 2.72 2.87 2.90 2.83 2.64 2.32 1.95
 21   1.56 1.29 1.21 1.37 1.71 2.15 2.62 3.02 3.30 3.45 3.42 3.21 2.89 2.55 2.30 2.18 2.18 2.30 2.48 2.64 2.76 2.78 2.67 2.44
 22   2.10 1.70 1.38 1.22 1.33 1.62 2.03 2.54 2.99 3.33 3.56 3.58 3.36 3.02 2.62 2.26 2.09 2.08 2.16 2.33 2.56 2.71 2.74 2.66
 23   2.47 2.12 1.70 1.34 1.14 1.22 1.56 2.03 2.57 3.08 3.43 3.63 3.58 3.28 2.88 2.42 2.06 1.85 1.88 2.06 2.31 2.59 2.76 2.78
 24   2.63 2.32 1.90 1.47 1.10 1.01 1.21 1.64 2.19 2.81 3.32 3.60 3.66 3.48 3.10 2.64 2.16 1.82 1.72 1.86 2.13 2.47 2.76 2.92
 25   2.85 2.62 2.22 1.73 1.22 0.89 0.89 1.22 1.74 2.44 3.08 3.53 3.74 3.70 3.37 2.86 2.31 1.82 1.58 1.65 1.91 2.27 2.67 2.98
 26   3.07 2.92 2.53 2.00 1.42 0.95 0.76 0.94 1.42 2.06 2.80 3.40 3.76 3.86 3.65 3.17 2.57 1.99 1.57 1.47 1.74 2.12 2.58 3.02
 27   3.25 3.21 2.94 2.42 1.80 1.20 0.82 0.82 1.18 1.75 2.49 3.20 3.67 3.90 3.84 3.38 2.77 2.13 1.57 1.30 1.45 1.86 2.33 2.86
 28   3.23 3.31 3.14 2.70 2.08 1.42 0.89 0.67 0.87 1.40 2.07 2.83 3.44 3.79 3.84 3.53 2.95 2.26 1.58 1.14 1.13 1.48 1.98 2.56
 29   3.09 3.33 3.32 3.03 2.48 1.80 1.15 0.75 0.74 1.15 1.75 2.49 3.21 3.67 3.83 3.69 3.16 2.46 1.73 1.12 0.84 1.06 1.54 2.14
 30   2.78 3.24 3.38 3.26 2.85 2.24 1.58 1.04 0.78 0.96 1.48 2.10 2.86 3.46 3.74 3.73 3.36 2.71 1.97 1.26 0.78 0.79 1.18 1.75
 31   2.43 3.04 3.38 3.46 3.26 2.76 2.13 1.53 1.10 1.03 1.32 1.84 2.49 3.16 3.57 3.70 3.54 3.02 2.31 1.55 0.91 0.62 0.79 1.28
 ----------------------------------------------------------------------------------------------------------------------------
                                                                                               
 ----------------------------------------------------------------------------------------------------------------------------
 ----------------------------------------------------------------------------------------------------------------------------
                                                          SURVEY OF INDIA
                                                    MARINE GEODESY WING (G&RB)
                                                     HOURLY HEIGHTS IN METRES
  NAME OF PORT:- OKHA                                                                               MONTH SEPT      YEAR 2022
 ----------------------------------------------------------------------------------------------------------------------------
 DAYS 0000 0001 0002 0003 0004 0005 0006 0007 0008 0009 0010 0011 0012 0013 0014 0015 0016 0017 0018 0019 0020 0021 0022 0023
 ----------------------------------------------------------------------------------------------------------------------------
  1   1.90 2.57 3.10 3.35 3.37 3.09 2.59 2.00 1.50 1.20 1.28 1.65 2.14 2.76 3.28 3.52 3.49 3.16 2.57 1.82 1.15 0.67 0.55 0.87
  2   1.49 2.05 2.68 3.12 3.31 3.29 3.03 2.55 2.06 1.65 1.48 1.60 1.93 2.40 2.95 3.29 3.40 3.28 2.87 2.24 1.56 0.98 0.59 0.58
  3   0.97 1.50 2.14 2.73 3.13 3.33 3.33 3.08 2.68 2.26 1.92 1.79 1.89 2.17 2.55 2.94 3.18 3.23 3.07 2.69 2.14 1.55 1.01 0.72
  4   0.78 1.10 1.58 2.19 2.75 3.15 3.43 3.53 3.35 3.00 2.61 2.27 2.07 2.09 2.27 2.52 2.80 2.99 3.05 2.95 2.67 2.24 1.71 1.19
  5   0.87 0.82 1.09 1.53 2.09 2.64 3.08 3.41 3.59 3.53 3.24 2.87 2.46 2.17 2.07 2.12 2.29 2.52 2.74 2.86 2.88 2.73 2.40 1.90
  6   1.40 0.95 0.75 0.92 1.29 1.79 2.37 2.93 3.38 3.67 3.73 3.45 3.04 2.57 2.15 1.89 1.85 2.00 2.25 2.55 2.83 2.95 2.85 2.57
  7   2.09 1.50 0.95 0.59 0.61 0.99 1.54 2.22 2.89 3.38 3.71 3.80 3.53 3.06 2.49 1.94 1.58 1.54 1.75 2.08 2.50 2.87 3.06 3.01
  8   2.70 2.19 1.50 0.85 0.43 0.40 0.81 1.45 2.20 2.95 3.49 3.81 3.85 3.52 2.93 2.26 1.62 1.25 1.27 1.64 2.10 2.65 3.08 3.29
  9   3.23 2.86 2.20 1.43 0.72 0.28 0.37 0.90 1.63 2.45 3.23 3.72 3.95 3.88 3.40 2.67 1.89 1.25 0.96 1.14 1.63 2.19 2.84 3.34
 10   3.55 3.46 2.96 2.24 1.42 0.74 0.37 0.57 1.19 2.00 2.87 3.59 4.00 4.10 3.86 3.19 2.37 1.57 0.95 0.81 1.15 1.77 2.47 3.15
 11   3.60 3.70 3.50 2.94 2.13 1.34 0.71 0.50 0.81 1.51 2.36 3.21 3.83 4.08 4.02 3.52 2.74 1.89 1.11 0.61 0.65 1.14 1.86 2.66
 12   3.32 3.70 3.71 3.28 2.67 1.89 1.21 0.77 0.74 1.18 1.92 2.72 3.46 3.91 4.01 3.73 3.09 2.28 1.40 0.77 0.57 0.81 1.37 2.09
 13   2.86 3.46 3.70 3.69 3.29 2.63 1.91 1.29 0.97 1.12 1.65 2.31 3.06 3.61 3.82 3.75 3.33 2.65 1.83 1.10 0.61 0.58 1.01 1.57
 14   2.25 3.01 3.49 3.75 3.66 3.19 2.51 1.90 1.45 1.28 1.50 1.97 2.53 3.15 3.55 3.66 3.48 2.98 2.26 1.52 0.95 0.66 0.76 1.15
 15   1.77 2.49 3.15 3.57 3.65 3.45 3.01 2.49 1.99 1.64 1.57 1.80 2.18 2.67 3.13 3.35 3.33 3.04 2.56 1.92 1.33 0.90 0.78 1.00
 16   1.46 2.06 2.69 3.15 3.43 3.47 3.29 2.91 2.45 2.05 1.81 1.83 2.06 2.39 2.79 3.07 3.14 3.02 2.71 2.28 1.73 1.26 0.96 0.94
 17   1.20 1.63 2.19 2.73 3.13 3.33 3.37 3.19 2.89 2.53 2.20 2.02 2.03 2.19 2.44 2.73 2.92 2.95 2.84 2.58 2.20 1.80 1.42 1.19
 18   1.16 1.39 1.77 2.28 2.74 3.07 3.28 3.35 3.25 3.02 2.72 2.43 2.22 2.15 2.24 2.39 2.59 2.73 2.74 2.66 2.49 2.24 1.92 1.60
 19   1.37 1.33 1.49 1.79 2.18 2.60 2.95 3.22 3.36 3.33 3.15 2.86 2.54 2.28 2.12 2.10 2.17 2.29 2.41 2.51 2.55 2.51 2.37 2.13
 20   1.84 1.56 1.43 1.47 1.68 2.01 2.42 2.85 3.20 3.45 3.47 3.30 3.01 2.64 2.29 2.05 1.95 1.97 2.09 2.29 2.49 2.62 2.65 2.55
 21   2.32 2.00 1.67 1.43 1.37 1.56 1.89 2.33 2.82 3.23 3.49 3.54 3.34 3.01 2.58 2.15 1.85 1.73 1.83 2.05 2.34 2.63 2.80 2.80
 22   2.65 2.35 1.95 1.55 1.29 1.27 1.54 1.95 2.48 3.03 3.42 3.62 3.59 3.29 2.82 2.31 1.86 1.61 1.61 1.86 2.19 2.59 2.90 3.04
 23   2.97 2.70 2.28 1.80 1.37 1.15 1.24 1.64 2.19 2.83 3.35 3.69 3.78 3.59 3.14 2.55 1.99 1.58 1.45 1.65 2.03 2.47 2.94 3.20
 24   3.26 3.07 2.66 2.11 1.56 1.17 1.09 1.38 1.90 2.56 3.21 3.64 3.83 3.74 3.33 2.73 2.08 1.52 1.24 1.35 1.80 2.31 2.88 3.29
 25   3.46 3.39 3.03 2.48 1.84 1.31 1.03 1.14 1.61 2.20 2.92 3.53 3.84 3.84 3.50 2.90 2.19 1.50 1.07 1.06 1.45 2.01 2.64 3.22
 26   3.51 3.55 3.34 2.81 2.16 1.51 1.07 1.00 1.38 1.96 2.67 3.32 3.76 3.83 3.66 3.10 2.38 1.61 0.99 0.76 1.05 1.60 2.28 3.01
 27   3.51 3.73 3.66 3.24 2.60 1.90 1.36 1.11 1.25 1.73 2.36 3.08 3.61 3.87 3.80 3.35 2.66 1.84 1.10 0.64 0.69 1.17 1.86 2.63
 28   3.31 3.71 3.82 3.62 3.08 2.39 1.76 1.29 1.17 1.52 2.06 2.72 3.38 3.75 3.80 3.52 2.94 2.16 1.35 0.71 0.49 0.76 1.38 2.15
 29   2.95 3.55 3.85 3.86 3.53 2.96 2.30 1.73 1.39 1.45 1.86 2.40 3.01 3.50 3.75 3.61 3.14 2.50 1.69 0.94 0.47 0.38 0.84 1.52
 30   2.38 3.08 3.55 3.76 3.67 3.32 2.77 2.20 1.68 1.45 1.59 2.06 2.62 3.18 3.56 3.59 3.33 2.75 2.04 1.32 0.70 0.40 0.54 1.01
 ----------------------------------------------------------------------------------------------------------------------------
                                                                                               
 ----------------------------------------------------------------------------------------------------------------------------
 ----------------------------------------------------------------------------------------------------------------------------
                                                          SURVEY OF INDIA
                                                    MARINE GEODESY WING (G&RB)
                                                     HOURLY HEIGHTS IN METRES
  NAME OF PORT:- OKHA                                                                               MONTH OCTOBER   YEAR 2022
 ----------------------------------------------------------------------------------------------------------------------------
 DAYS 0000 0001 0002 0003 0004 0005 0006 0007 0008 0009 0010 0011 0012 0013 0014 0015 0016 0017 0018 0019 0020 0021 0022 0023
 ----------------------------------------------------------------------------------------------------------------------------
  1
  2
  3
  4
  5   1.23 0.95 0.81 0.95 1.29 1.77 2.36 2.86 3.25 3.47 3.47 3.15 2.68 2.25 1.79 1.45 1.43 1.66 1.99 2.33 2.63 2.85 2.81 2.38
  6   1.76 1.27 0.92 0.73 0.79 1.17 1.71 2.30 2.89 3.30 3.55 3.55 3.20 2.63 2.01 1.45 1.13 1.12 1.43 1.86 2.37 2.73 3.00 3.05
  7   2.75 2.25 1.61 1.02 0.67 0.63 1.05 1.63 2.33 3.00 3.46 3.67 3.57 3.09 2.41 1.66 1.08 0.77 0.91 1.38 1.95 2.56 3.03 3.28
  8   3.22 2.87 2.37 1.75 1.13 0.61 0.59 1.16 1.88 2.66 3.25 3.59 3.65 3.37 2.77 2.00 1.23 0.65 0.50 0.83 1.42 2.13 2.85 3.33
  9   3.51 3.39 2.93 2.20 1.49 0.92 0.66 0.98 1.55 2.25 3.02 3.53 3.73 3.65 3.15 2.40 1.59 0.91 0.41 0.49 0.99 1.66 2.46 3.16
 10   3.55 3.64 3.40 2.82 2.10 1.42 0.94 0.86 1.34 1.93 2.58 3.29 3.63 3.66 3.37 2.73 1.98 1.20 0.50 0.25 0.54 1.20 2.01 2.85
 11   3.49 3.79 3.78 3.38 2.77 2.05 1.41 1.05 1.18 1.65 2.27 2.99 3.49 3.67 3.55 3.08 2.37 1.51 0.77 0.31 0.35 0.83 1.55 2.40
 12   3.17 3.63 3.83 3.71 3.22 2.55 1.86 1.25 1.07 1.38 1.87 2.45 3.01 3.38 3.41 3.07 2.53 1.87 1.18 0.57 0.32 0.53 1.09 1.85
 13   2.55 3.22 3.55 3.65 3.41 2.89 2.25 1.64 1.30 1.29 1.63 2.09 2.59 3.03 3.19 3.08 2.64 2.07 1.40 0.90 0.54 0.57 0.85 1.30
 14   1.95 2.81 3.32 3.57 3.55 3.19 2.65 2.03 1.59 1.42 1.56 1.86 2.26 2.69 2.96 3.03 2.78 2.37 1.79 1.21 0.71 0.49 0.65 1.07
 15   1.68 2.38 2.91 3.31 3.51 3.39 2.97 2.51 2.07 1.73 1.61 1.75 2.01 2.35 2.67 2.87 2.80 2.55 2.15 1.65 1.15 0.83 0.76 0.99
 16   1.42 2.00 2.59 3.04 3.29 3.38 3.23 2.90 2.53 2.15 1.87 1.76 1.87 2.09 2.38 2.61 2.71 2.61 2.39 2.07 1.68 1.31 1.07 1.03
 17   1.24 1.60 2.12 2.59 2.98 3.22 3.25 3.09 2.86 2.59 2.27 1.98 1.86 1.93 2.09 2.28 2.45 2.54 2.52 2.35 2.02 1.69 1.37 1.23
 18   1.25 1.45 1.75 2.15 2.56 2.91 3.14 3.21 3.17 3.01 2.72 2.38 2.10 1.89 1.84 1.96 2.19 2.42 2.58 2.63 2.52 2.23 1.90 1.57
 19   1.36 1.28 1.42 1.70 2.11 2.55 2.94 3.20 3.29 3.25 3.07 2.73 2.31 1.98 1.74 1.68 1.81 2.07 2.38 2.61 2.72 2.69 2.46 2.09
 20   1.71 1.43 1.30 1.38 1.65 2.06 2.54 2.97 3.25 3.35 3.31 3.11 2.72 2.22 1.83 1.57 1.49 1.66 1.96 2.33 2.64 2.83 2.85 2.64
 21   2.28 1.84 1.52 1.32 1.34 1.60 2.01 2.52 3.00 3.34 3.46 3.41 3.14 2.70 2.16 1.67 1.36 1.30 1.50 1.84 2.28 2.67 2.93 3.00
 22   2.83 2.47 2.03 1.60 1.33 1.29 1.54 1.95 2.50 3.02 3.33 3.46 3.30 2.90 2.33 1.73 1.25 1.05 1.19 1.59 2.09 2.61 3.04 3.24
 23   3.17 2.87 2.39 1.83 1.37 1.16 1.25 1.66 2.17 2.79 3.25 3.46 3.43 3.12 2.52 1.84 1.20 0.82 0.79 1.19 1.77 2.40 2.99 3.38
 24   3.48 3.25 2.80 2.20 1.61 1.21 1.11 1.39 1.89 2.49 3.09 3.44 3.53 3.32 2.76 2.04 1.30 0.75 0.55 0.79 1.35 2.04 2.81 3.35
 25   3.59 3.62 3.29 2.73 2.01 1.37 1.15 1.21 1.55 2.13 2.72 3.31 3.52 3.40 2.91 2.19 1.40 0.67 0.25 0.35 0.91 1.64 2.49 3.23
 26   3.66 3.80 3.64 3.14 2.47 1.82 1.33 1.20 1.49 1.98 2.59 3.17 3.51 3.47 3.14 2.50 1.69 0.85 0.23 0.05 0.40 1.10 1.96 2.85
 27   3.51 3.83 3.86 3.52 2.92 2.22 1.61 1.24 1.29 1.67 2.19 2.79 3.26 3.41 3.24 2.75 2.03 1.18 0.41-0.05 0.00 0.53 1.32 2.22
 28   3.07 3.63 3.86 3.79 3.34 2.72 2.07 1.53 1.31 1.47 1.86 2.36 2.91 3.23 3.25 2.97 2.43 1.65 0.84 0.23 0.03 0.19 0.78 1.57
 29   2.44 3.23 3.65 3.83 3.70 3.23 2.63 2.05 1.58 1.43 1.59 1.97 2.43 2.89 3.14 3.05 2.67 2.17 1.64 1.11 0.53 0.38 0.71 1.30
 30   2.04 2.68 3.21 3.58 3.74 3.60 3.15 2.58 2.05 1.65 1.57 1.76 2.09 2.49 2.85 3.01 2.94 2.64 2.22 1.72 1.21 0.71 0.55 0.82
 31   1.32 1.96 2.64 3.22 3.57 3.74 3.61 3.21 2.71 2.21 1.85 1.73 1.85 2.08 2.39 2.69 2.85 2.83 2.66 2.31 1.78 1.26 0.84 0.69
 ----------------------------------------------------------------------------------------------------------------------------
                                                                                               
 ----------------------------------------------------------------------------------------------------------------------------
 ----------------------------------------------------------------------------------------------------------------------------
                                                          SURVEY OF INDIA
                                                    MARINE GEODESY WING (G&RB)
                                                     HOURLY HEIGHTS IN METRES
  NAME OF PORT:- OKHA                                                                               MONTH NOVEMBER  YEAR 2022
 ----------------------------------------------------------------------------------------------------------------------------
 DAYS 0000 0001 0002 0003 0004 0005 0006 0007 0008 0009 0010 0011 0012 0013 0014 0015 0016 0017 0018 0019 0020 0021 0022 0023
 ----------------------------------------------------------------------------------------------------------------------------
  1   0.88 1.33 1.91 2.55 3.12 3.49 3.66 3.60 3.30 2.85 2.37 1.99 1.77 1.72 1.88 2.14 2.41 2.65 2.77 2.75 2.53 2.15 1.73 1.32
  2   1.03 1.08 1.40 1.87 2.45 2.99 3.38 3.65 3.69 3.46 3.05 2.54 2.05 1.70 1.55 1.63 1.85 2.17 2.50 2.75 2.89 2.82 2.57 2.18
  3   1.73 1.38 1.27 1.42 1.79 2.29 2.85 3.29 3.60 3.71 3.53 3.11 2.56 1.97 1.49 1.29 1.36 1.63 2.03 2.47 2.86 3.09 3.14 2.93
  4   2.49 2.00 1.57 1.35 1.45 1.80 2.28 2.86 3.34 3.65 3.73 3.55 3.09 2.46 1.80 1.29 1.03 1.16 1.55 2.07 2.68 3.15 3.40 3.43
  5   3.19 2.70 2.15 1.66 1.39 1.49 1.86 2.36 2.95 3.43 3.69 3.74 3.47 2.89 2.16 1.44 0.92 0.75 1.01 1.57 2.22 2.89 3.39 3.63
  6   3.62 3.27 2.73 2.11 1.61 1.38 1.51 1.94 2.47 3.07 3.49 3.68 3.57 3.11 2.44 1.67 0.96 0.54 0.59 1.03 1.68 2.45 3.14 3.59
  7   3.80 3.71 3.25 2.61 2.00 1.54 1.40 1.65 2.09 2.65 3.23 3.54 3.56 3.30 2.74 2.00 1.23 0.59 0.35 0.62 1.26 2.03 2.87 3.50
  8   3.84 3.90 3.61 3.05 2.40 1.83 1.48 1.53 1.87 2.33 2.89 3.33 3.49 3.36 2.91 2.25 1.49 0.80 0.37 0.39 0.85 1.57 2.39 3.18
  9   3.69 3.85 3.78 3.41 2.83 2.19 1.69 1.48 1.65 2.03 2.49 2.98 3.30 3.29 3.05 2.53 1.80 1.10 0.53 0.30 0.56 1.13 1.91 2.78
 10   3.49 3.85 3.97 3.74 3.22 2.61 2.01 1.60 1.52 1.79 2.20 2.67 3.07 3.19 3.07 2.70 2.14 1.44 0.81 0.43 0.45 0.85 1.49 2.29
 11   3.09 3.63 3.89 3.89 3.50 2.97 2.37 1.85 1.59 1.66 1.96 2.35 2.77 3.03 3.07 2.81 2.39 1.82 1.16 0.68 0.50 0.66 1.17 1.85
 12   2.63 3.30 3.67 3.83 3.67 3.23 2.68 2.15 1.75 1.62 1.78 2.09 2.49 2.83 2.97 2.87 2.59 2.15 1.57 1.04 0.70 0.66 0.95 1.48
 13   2.15 2.85 3.37 3.64 3.68 3.44 2.99 2.47 2.01 1.74 1.73 1.93 2.22 2.57 2.81 2.85 2.69 2.39 1.97 1.46 1.04 0.85 0.92 1.26
 14   1.78 2.43 3.01 3.41 3.60 3.55 3.24 2.82 2.36 1.99 1.79 1.80 1.98 2.22 2.49 2.66 2.65 2.49 2.22 1.86 1.47 1.17 1.04 1.16
 15   1.48 1.98 2.53 3.00 3.31 3.46 3.39 3.10 2.71 2.29 1.95 1.77 1.77 1.90 2.10 2.32 2.46 2.48 2.38 2.19 1.91 1.59 1.37 1.27
 16   1.37 1.67 2.10 2.59 2.97 3.23 3.36 3.31 3.03 2.62 2.27 1.97 1.81 1.77 1.87 2.05 2.25 2.40 2.48 2.47 2.36 2.15 1.90 1.65
 17   1.50 1.55 1.79 2.13 2.55 2.90 3.15 3.30 3.26 3.02 2.68 2.27 1.92 1.69 1.60 1.68 1.85 2.09 2.33 2.51 2.58 2.53 2.39 2.13
 18   1.85 1.67 1.63 1.81 2.11 2.47 2.81 3.12 3.29 3.23 2.97 2.62 2.22 1.80 1.53 1.43 1.52 1.74 2.07 2.40 2.67 2.82 2.80 2.63
 19   2.30 1.97 1.72 1.64 1.79 2.09 2.47 2.86 3.16 3.32 3.28 2.97 2.50 1.94 1.45 1.18 1.13 1.32 1.71 2.19 2.60 2.93 3.07 3.03
 20   2.75 2.35 1.95 1.71 1.65 1.82 2.14 2.55 3.04 3.40 3.50 3.28 2.76 2.21 1.58 1.09 0.85 0.95 1.35 1.86 2.46 2.97 3.28 3.39
 21   3.26 2.87 2.39 1.95 1.67 1.68 1.92 2.28 2.75 3.21 3.47 3.43 3.05 2.49 1.78 1.14 0.66 0.57 0.89 1.44 2.13 2.83 3.32 3.58
 22   3.62 3.33 2.85 2.31 1.84 1.61 1.71 2.05 2.47 2.97 3.32 3.43 3.23 2.75 2.07 1.33 0.68 0.34 0.43 0.96 1.64 2.46 3.19 3.62
 23   3.80 3.68 3.24 2.65 2.07 1.63 1.51 1.70 2.11 2.60 3.07 3.30 3.25 2.91 2.31 1.55 0.72 0.17 0.03 0.41 1.12 1.96 2.84 3.49
 24   3.88 3.96 3.67 3.12 2.48 1.89 1.53 1.56 1.88 2.31 2.84 3.25 3.37 3.21 2.72 2.00 1.18 0.43-0.03 0.08 0.56 1.35 2.23 3.11
 25   3.70 4.01 4.00 3.62 3.04 2.39 1.83 1.54 1.65 1.99 2.43 2.95 3.28 3.31 2.99 2.42 1.59 0.81 0.18-0.10 0.13 0.71 1.58 2.50
 26   3.38 3.90 4.13 4.04 3.57 2.95 2.29 1.76 1.55 1.73 2.10 2.58 3.07 3.29 3.23 2.89 2.29 1.50 0.70 0.12-0.06 0.25 0.91 1.78
 27   2.72 3.45 3.89 4.06 3.89 3.40 2.78 2.15 1.66 1.51 1.71 2.10 2.58 3.00 3.17 3.08 2.75 2.21 1.49 0.79 0.31 0.20 0.55 1.19
 28   2.02 2.89 3.53 3.89 4.01 3.81 3.33 2.71 2.11 1.65 1.54 1.73 2.07 2.49 2.86 3.01 2.95 2.69 2.22 1.63 1.03 0.61 0.51 0.76
 29   1.36 2.17 2.93 3.50 3.81 3.90 3.65 3.19 2.61 2.05 1.64 1.52 1.65 1.95 2.32 2.66 2.85 2.87 2.71 2.37 1.89 1.36 0.96 0.83
 30   1.07 1.56 2.20 2.89 3.37 3.68 3.78 3.60 3.18 2.62 2.07 1.62 1.45 1.51 1.75 2.08 2.43 2.71 2.85 2.83 2.63 2.25 1.82 1.42
 ----------------------------------------------------------------------------------------------------------------------------
                                                                                               
 ----------------------------------------------------------------------------------------------------------------------------
 ----------------------------------------------------------------------------------------------------------------------------
                                                          SURVEY OF INDIA
                                                    MARINE GEODESY WING (G&RB)
                                                     HOURLY HEIGHTS IN METRES
  NAME OF PORT:- OKHA                                                                               MONTH DECEMBER  YEAR 2022
 ----------------------------------------------------------------------------------------------------------------------------
 DAYS 0000 0001 0002 0003 0004 0005 0006 0007 0008 0009 0010 0011 0012 0013 0014 0015 0016 0017 0018 0019 0020 0021 0022 0023
 ----------------------------------------------------------------------------------------------------------------------------
  1   1.23 1.37 1.75 2.26 2.87 3.33 3.63 3.74 3.59 3.19 2.65 2.09 1.60 1.32 1.30 1.51 1.85 2.27 2.65 2.92 3.04 2.95 2.66 2.26
  2   1.84 1.59 1.62 1.89 2.29 2.78 3.25 3.54 3.66 3.53 3.17 2.60 1.99 1.45 1.11 1.05 1.28 1.69 2.19 2.68 3.06 3.25 3.25 2.97
  3   2.56 2.13 1.81 1.76 1.94 2.29 2.73 3.15 3.41 3.52 3.41 3.05 2.47 1.82 1.23 0.87 0.83 1.13 1.59 2.21 2.81 3.23 3.46 3.45
  4   3.15 2.69 2.25 1.89 1.79 1.96 2.29 2.68 3.07 3.31 3.38 3.24 2.83 2.23 1.55 0.97 0.65 0.71 1.11 1.69 2.42 3.06 3.45 3.66
  5   3.60 3.24 2.76 2.27 1.91 1.81 1.99 2.29 2.67 3.03 3.25 3.24 3.00 2.51 1.85 1.17 0.65 0.44 0.65 1.19 1.89 2.66 3.26 3.61
  6   3.76 3.66 3.18 2.65 2.15 1.81 1.79 1.99 2.29 2.70 3.04 3.19 3.10 2.75 2.20 1.53 0.91 0.49 0.45 0.82 1.44 2.20 2.96 3.49
  7   3.79 3.83 3.54 3.05 2.47 1.97 1.71 1.78 2.05 2.41 2.81 3.08 3.09 2.89 2.43 1.81 1.13 0.60 0.35 0.53 1.06 1.78 2.61 3.30
  8   3.74 3.92 3.79 3.35 2.79 2.23 1.79 1.67 1.83 2.14 2.53 2.91 3.05 2.96 2.63 2.13 1.47 0.87 0.44 0.39 0.75 1.37 2.17 2.97
  9   3.55 3.86 3.92 3.64 3.14 2.54 2.00 1.69 1.68 1.92 2.26 2.66 2.94 2.99 2.81 2.41 1.83 1.17 0.66 0.41 0.56 1.05 1.74 2.57
 10   3.26 3.73 3.94 3.84 3.43 2.88 2.29 1.83 1.65 1.77 2.07 2.45 2.81 2.99 2.93 2.65 2.21 1.61 1.04 0.64 0.57 0.87 1.43 2.16
 11   2.95 3.52 3.84 3.91 3.68 3.21 2.63 2.10 1.75 1.69 1.87 2.17 2.55 2.83 2.91 2.77 2.43 1.95 1.39 0.92 0.67 0.73 1.12 1.69
 12   2.43 3.10 3.53 3.74 3.71 3.35 2.83 2.31 1.85 1.63 1.67 1.92 2.24 2.59 2.78 2.75 2.56 2.22 1.74 1.24 0.87 0.76 0.94 1.35
 13   1.99 2.68 3.21 3.53 3.64 3.47 3.07 2.55 2.05 1.68 1.55 1.67 1.97 2.28 2.57 2.70 2.64 2.43 2.10 1.67 1.25 0.98 0.95 1.20
 14   1.66 2.27 2.87 3.29 3.53 3.57 3.31 2.86 2.33 1.88 1.63 1.61 1.75 1.99 2.29 2.53 2.62 2.56 2.36 2.06 1.68 1.36 1.16 1.20
 15   1.49 1.90 2.48 3.00 3.34 3.52 3.47 3.17 2.72 2.21 1.79 1.59 1.59 1.74 1.99 2.27 2.51 2.65 2.64 2.49 2.23 1.94 1.66 1.51
 16   1.56 1.82 2.21 2.73 3.17 3.46 3.57 3.47 3.15 2.69 2.23 1.83 1.59 1.55 1.71 1.95 2.25 2.51 2.69 2.75 2.69 2.50 2.23 1.99
 17   1.81 1.80 2.01 2.35 2.78 3.15 3.40 3.49 3.36 3.03 2.56 2.05 1.61 1.35 1.33 1.50 1.78 2.15 2.50 2.77 2.93 2.92 2.73 2.46
 18   2.14 1.95 1.93 2.08 2.38 2.77 3.12 3.32 3.38 3.23 2.87 2.37 1.84 1.39 1.12 1.11 1.35 1.73 2.21 2.69 3.02 3.21 3.23 3.03
 19   2.70 2.34 2.09 2.03 2.16 2.40 2.75 3.08 3.25 3.28 3.09 2.70 2.15 1.55 1.07 0.80 0.87 1.21 1.72 2.31 2.88 3.25 3.45 3.45
 20   3.18 2.79 2.37 2.07 1.99 2.12 2.38 2.73 3.05 3.23 3.20 2.93 2.47 1.83 1.20 0.69 0.50 0.67 1.14 1.79 2.51 3.09 3.47 3.67
 21   3.60 3.23 2.77 2.31 1.99 1.93 2.07 2.35 2.72 3.05 3.19 3.10 2.78 2.24 1.53 0.85 0.37 0.27 0.57 1.17 1.96 2.75 3.39 3.76
 22   3.90 3.72 3.28 2.75 2.23 1.89 1.85 2.09 2.41 2.83 3.14 3.24 3.08 2.63 1.99 1.20 0.53 0.10 0.15 0.61 1.38 2.27 3.09 3.68
 23   4.03 4.08 3.78 3.26 2.65 2.11 1.79 1.83 2.11 2.49 2.94 3.23 3.25 3.00 2.48 1.76 0.94 0.28-0.06 0.09 0.72 1.57 2.49 3.33
 24   3.89 4.18 4.14 3.69 3.09 2.44 1.89 1.63 1.77 2.12 2.59 3.07 3.32 3.27 2.97 2.38 1.62 0.80 0.15-0.08 0.21 0.87 1.77 2.71
 25   3.55 4.03 4.23 4.13 3.57 2.91 2.23 1.69 1.51 1.69 2.12 2.63 3.10 3.33 3.27 2.92 2.31 1.53 0.72 0.14-0.03 0.36 1.05 1.93
 26   2.89 3.63 4.04 4.18 3.93 3.37 2.67 2.00 1.49 1.39 1.66 2.11 2.66 3.11 3.29 3.23 2.89 2.32 1.54 0.79 0.27 0.19 0.63 1.70
 27   2.45 3.07 3.69 4.04 4.08 3.78 3.19 2.47 1.82 1.36 1.29 1.56 1.99 2.49 2.94 3.14 3.09 2.79 2.28 1.59 0.94 0.51 0.47 0.85
 28   1.53 2.38 3.17 3.70 3.96 3.96 3.56 2.94 2.21 1.57 1.17 1.14 1.38 1.81 2.29 2.71 2.95 2.97 2.79 2.39 1.81 1.28 0.92 0.89
 29   1.25 1.83 2.54 3.25 3.68 3.88 3.81 3.37 2.75 2.07 1.45 1.06 1.02 1.25 1.65 2.11 2.54 2.81 2.94 2.85 2.57 2.14 1.68 1.30
 30   1.29 1.56 2.03 2.63 3.20 3.54 3.66 3.55 3.17 2.61 1.93 1.31 0.93 0.85 1.07 1.42 1.86 2.31 2.66 2.89 2.91 2.70 2.35 1.96
 31   1.66 1.57 1.74 2.11 2.56 3.00 3.25 3.32 3.22 2.88 2.34 1.73 1.17 0.78 0.67 0.87 1.25 1.73 2.27 2.67 2.99 3.09 2.96 2.67
 ----------------------------------------------------------------------------------------------------------------------------
                                                                                               
 ----------------------------------------------------------------------------------------------------------------------------
 ----------------------------------------------------------------------------------------------------------------------------
